   16     12     50      1  9731   4851 
    0.700      0.400   20000  100      0.000      0.000    100     16 
    0.990 	     0.010 
   2 
    1.0000e+000   0.0000e+000  
  1.0000e+000   0.0000e+000  
  1.0000e+000   0.0000e+000  
  1.0000e+000   0.0000e+000  
  1.0000e+000   0.0000e+000  
  1.0000e+000   0.0000e+000  
  1.0000e+000   0.0000e+000  
  1.0000e+000   0.0000e+000  
  1.9875e+000   0.0000e+000  
  5.7000e+001  -8.0000e+000  
  4.4837e+000   0.0000e+000  
  1.8824e+002   1.7539e+002  
  1.0000e+000   0.0000e+000  
  1.0000e+000   0.0000e+000  
  1.0000e+000   0.0000e+000  
  1.0000e+000   0.0000e+000  
   2.6555e+002   0.0000e+000  
  itr    nh   avger[]   r2avg    mare[] 
100  16 6.264e+001   4.174e-001  1.000e+001 9.637e+002 
100  16 6.257e+001   4.165e-001  1.000e+003 4.787e+002 
   1  4.1740e-001   9.6372e+002   6.7959e+007   6.2638e-001 
  4.2616e+000   3.6256e-001 
   1  4.1652e-001   4.7867e+002   3.3754e+007   6.2569e-001 
  4.3414e+000   3.6335e-001 
