 Normalized SSE per output and pattern 
Itr 	 HN 	 MARE-tr 	 MARE-ts 	 R2tr 	 R2ts 	 SSENtr 	 SSENts	 SSENcomb
100 	 12 	       54.630 	       54.539 	   0.39719 	   0.39676 	    0.078533 	     0.078459 	     0.156992 
200 	 12 	       54.042 	       53.907 	   0.36451 	   0.36429 	    0.080514 	     0.080458 	     0.160972 
300 	 12 	       56.790 	       56.635 	   0.30832 	   0.30824 	    0.092350 	     0.092212 	     0.184562 
400 	 12 	       57.867 	       57.798 	   0.28178 	   0.28208 	    0.094528 	     0.094326 	     0.188854 
500 	 12 	       58.254 	       58.272 	   0.28353 	   0.28365 	    0.094030 	     0.093809 	     0.187840 
600 	 12 	       57.216 	       57.223 	   0.32563 	   0.32589 	    0.088512 	     0.088282 	     0.176794 
700 	 12 	       56.479 	       56.442 	   0.35430 	   0.35457 	    0.084603 	     0.084390 	     0.168993 
800 	 12 	       56.426 	       56.388 	   0.36204 	   0.36233 	    0.083766 	     0.083551 	     0.167317 
900 	 12 	       56.155 	       56.096 	   0.37072 	   0.37109 	    0.082754 	     0.082540 	     0.165295 
1000 	 12 	       43.294 	       42.996 	   0.65038 	   0.65053 	    0.036422 	     0.036338 	     0.072760 
1100 	 12 	       43.335 	       42.882 	   0.68742 	   0.68696 	    0.035995 	     0.035921 	     0.071917 
1200 	 12 	       43.438 	       43.004 	   0.68679 	   0.68622 	    0.036877 	     0.036796 	     0.073674 
1300 	 12 	       43.300 	       42.905 	   0.68771 	   0.68705 	    0.037235 	     0.037150 	     0.074386 
1400 	 12 	       43.158 	       42.783 	   0.68758 	   0.68682 	    0.037266 	     0.037181 	     0.074447 
1500 	 12 	       43.140 	       42.784 	   0.68602 	   0.68518 	    0.037402 	     0.037317 	     0.074719 
1600 	 12 	       43.244 	       42.909 	   0.68235 	   0.68142 	    0.037875 	     0.037789 	     0.075664 
1700 	 12 	       43.391 	       43.069 	   0.67764 	   0.67664 	    0.038479 	     0.038392 	     0.076871 
1800 	 12 	       43.518 	       43.210 	   0.67302 	   0.67196 	    0.039046 	     0.038959 	     0.078005 
1900 	 12 	       43.617 	       43.319 	   0.66882 	   0.66770 	    0.039524 	     0.039437 	     0.078962 
2000 	 12 	       39.217 	       38.946 	   0.75213 	   0.75075 	    0.024363 	     0.024359 	     0.048722 
2100 	 12 	       39.371 	       39.116 	   0.75023 	   0.74894 	    0.025307 	     0.025288 	     0.050596 
2200 	 12 	       39.497 	       39.229 	   0.74860 	   0.74725 	    0.025707 	     0.025690 	     0.051397 
2300 	 12 	       39.588 	       39.304 	   0.74708 	   0.74566 	    0.025955 	     0.025941 	     0.051896 
2400 	 12 	       39.669 	       39.370 	   0.74548 	   0.74402 	    0.026175 	     0.026163 	     0.052339 
2500 	 12 	       39.743 	       39.432 	   0.74390 	   0.74238 	    0.026388 	     0.026377 	     0.052765 
2600 	 12 	       39.807 	       39.489 	   0.74242 	   0.74086 	    0.026590 	     0.026581 	     0.053171 
2700 	 12 	       39.861 	       39.540 	   0.74110 	   0.73950 	    0.026778 	     0.026769 	     0.053546 
2800 	 12 	       39.908 	       39.583 	   0.73992 	   0.73829 	    0.026945 	     0.026937 	     0.053883 
2900 	 12 	       39.948 	       39.621 	   0.73890 	   0.73724 	    0.027093 	     0.027086 	     0.054179 
3000 	 12 	       38.123 	       37.747 	   0.77625 	   0.77454 	    0.020345 	     0.020376 	     0.040721 
3100 	 12 	       38.161 	       37.775 	   0.77603 	   0.77444 	    0.020856 	     0.020872 	     0.041728 
3200 	 12 	       38.231 	       37.852 	   0.77505 	   0.77340 	    0.021180 	     0.021198 	     0.042377 
3300 	 12 	       38.284 	       37.909 	   0.77396 	   0.77227 	    0.021458 	     0.021477 	     0.042934 
3400 	 12 	       38.335 	       37.963 	   0.77281 	   0.77109 	    0.021722 	     0.021741 	     0.043463 
3500 	 12 	       38.386 	       38.016 	   0.77165 	   0.76990 	    0.021982 	     0.022002 	     0.043984 
3600 	 12 	       38.438 	       38.072 	   0.77049 	   0.76872 	    0.022245 	     0.022265 	     0.044510 
3700 	 12 	       38.492 	       38.132 	   0.76934 	   0.76754 	    0.022515 	     0.022534 	     0.045049 
3800 	 12 	       38.550 	       38.196 	   0.76817 	   0.76635 	    0.022794 	     0.022814 	     0.045608 
3900 	 12 	       38.611 	       38.262 	   0.76699 	   0.76514 	    0.023084 	     0.023103 	     0.046187 
4000 	 12 	       37.622 	       37.228 	   0.78761 	   0.78572 	    0.019246 	     0.019290 	     0.038537 
4100 	 12 	       37.644 	       37.236 	   0.78717 	   0.78535 	    0.019692 	     0.019726 	     0.039417 
4200 	 12 	       37.723 	       37.319 	   0.78608 	   0.78420 	    0.020035 	     0.020070 	     0.040105 
4300 	 12 	       37.801 	       37.398 	   0.78499 	   0.78306 	    0.020352 	     0.020388 	     0.040740 
4400 	 12 	       37.874 	       37.475 	   0.78400 	   0.78202 	    0.020646 	     0.020684 	     0.041329 
4500 	 12 	       37.941 	       37.547 	   0.78316 	   0.78114 	    0.020917 	     0.020956 	     0.041872 
4600 	 12 	       38.001 	       37.615 	   0.78253 	   0.78048 	    0.021164 	     0.021204 	     0.042368 
4700 	 12 	       38.051 	       37.672 	   0.78218 	   0.78010 	    0.021384 	     0.021425 	     0.042808 
4800 	 12 	       38.091 	       37.721 	   0.78226 	   0.78016 	    0.021565 	     0.021607 	     0.043173 
4900 	 12 	       38.109 	       37.748 	   0.78309 	   0.78098 	    0.021686 	     0.021728 	     0.043414 
5000 	 12 	       37.405 	       37.035 	   0.79877 	   0.79669 	    0.018886 	     0.018944 	     0.037830 
5100 	 12 	       37.202 	       36.836 	   0.80348 	   0.80146 	    0.019003 	     0.019054 	     0.038057 
5200 	 12 	       36.930 	       36.589 	   0.80817 	   0.80609 	    0.018952 	     0.019005 	     0.037956 
5300 	 12 	       36.724 	       36.381 	   0.81051 	   0.80840 	    0.018677 	     0.018735 	     0.037412 
5400 	 12 	       36.597 	       36.247 	   0.81162 	   0.80951 	    0.018396 	     0.018458 	     0.036854 
5500 	 12 	       36.504 	       36.157 	   0.81211 	   0.80997 	    0.018198 	     0.018262 	     0.036460 
5600 	 12 	       36.416 	       36.077 	   0.81233 	   0.81015 	    0.018052 	     0.018119 	     0.036171 
5700 	 12 	       36.328 	       35.997 	   0.81245 	   0.81020 	    0.017934 	     0.018007 	     0.035941 
5800 	 12 	       36.193 	       35.885 	   0.81274 	   0.81030 	    0.017759 	     0.017846 	     0.035604 
5900 	 12 	       36.131 	       35.846 	   0.81357 	   0.81090 	    0.017311 	     0.017422 	     0.034733 
6000 	 12 	       35.814 	       35.538 	   0.82071 	   0.81806 	    0.015875 	     0.015994 	     0.031869 
6100 	 12 	       35.757 	       35.479 	   0.82202 	   0.81939 	    0.015962 	     0.016079 	     0.032041 
6200 	 12 	       36.081 	       35.800 	   0.82125 	   0.81856 	    0.016504 	     0.016619 	     0.033122 
6300 	 12 	       36.720 	       36.453 	   0.81744 	   0.81465 	    0.017861 	     0.017971 	     0.035832 
6400 	 12 	       36.913 	       36.644 	   0.81644 	   0.81358 	    0.017975 	     0.018088 	     0.036063 
6500 	 12 	       37.027 	       36.744 	   0.81597 	   0.81308 	    0.017976 	     0.018091 	     0.036067 
6600 	 12 	       37.112 	       36.821 	   0.81553 	   0.81260 	    0.017978 	     0.018094 	     0.036072 
6700 	 12 	       37.182 	       36.885 	   0.81505 	   0.81211 	    0.018030 	     0.018146 	     0.036175 
6800 	 12 	       37.252 	       36.950 	   0.81464 	   0.81169 	    0.018122 	     0.018237 	     0.036359 
6900 	 12 	       37.322 	       37.012 	   0.81426 	   0.81128 	    0.018226 	     0.018341 	     0.036566 
7000 	 12 	       37.027 	       36.716 	   0.81933 	   0.81641 	    0.016999 	     0.017118 	     0.034117 
7100 	 12 	       36.972 	       36.665 	   0.81954 	   0.81668 	    0.017195 	     0.017308 	     0.034503 
7200 	 12 	       37.017 	       36.712 	   0.81926 	   0.81637 	    0.017251 	     0.017365 	     0.034615 
7300 	 12 	       37.068 	       36.761 	   0.81891 	   0.81600 	    0.017313 	     0.017428 	     0.034741 
7400 	 12 	       37.119 	       36.813 	   0.81854 	   0.81560 	    0.017377 	     0.017492 	     0.034869 
7500 	 12 	       37.167 	       36.860 	   0.81814 	   0.81518 	    0.017439 	     0.017555 	     0.034994 
7600 	 12 	       37.212 	       36.903 	   0.81773 	   0.81475 	    0.017498 	     0.017614 	     0.035111 
7700 	 12 	       37.253 	       36.941 	   0.81731 	   0.81431 	    0.017552 	     0.017669 	     0.035221 
7800 	 12 	       37.291 	       36.975 	   0.81690 	   0.81389 	    0.017602 	     0.017719 	     0.035321 
7900 	 12 	       37.328 	       37.009 	   0.81650 	   0.81347 	    0.017648 	     0.017765 	     0.035413 
8000 	 12 	       37.063 	       36.731 	   0.82037 	   0.81740 	    0.016679 	     0.016799 	     0.033478 
8100 	 12 	       36.976 	       36.646 	   0.82060 	   0.81771 	    0.016784 	     0.016898 	     0.033682 
8200 	 12 	       36.999 	       36.669 	   0.82032 	   0.81741 	    0.016796 	     0.016911 	     0.033707 
8300 	 12 	       37.024 	       36.694 	   0.82002 	   0.81711 	    0.016817 	     0.016932 	     0.033749 
8400 	 12 	       37.050 	       36.717 	   0.81973 	   0.81680 	    0.016840 	     0.016956 	     0.033796 
8500 	 12 	       37.073 	       36.739 	   0.81945 	   0.81651 	    0.016863 	     0.016980 	     0.033843 
8600 	 12 	       37.095 	       36.760 	   0.81918 	   0.81623 	    0.016885 	     0.017002 	     0.033887 
8700 	 12 	       37.114 	       36.779 	   0.81892 	   0.81596 	    0.016905 	     0.017023 	     0.033928 
8800 	 12 	       37.132 	       36.796 	   0.81867 	   0.81570 	    0.016924 	     0.017041 	     0.033965 
8900 	 12 	       37.148 	       36.811 	   0.81844 	   0.81546 	    0.016940 	     0.017058 	     0.033998 
9000 	 12 	       36.910 	       36.570 	   0.82157 	   0.81865 	    0.016202 	     0.016323 	     0.032525 
9100 	 12 	       36.819 	       36.480 	   0.82189 	   0.81906 	    0.016261 	     0.016376 	     0.032637 
9200 	 12 	       36.823 	       36.487 	   0.82174 	   0.81890 	    0.016260 	     0.016375 	     0.032635 
9300 	 12 	       36.831 	       36.496 	   0.82157 	   0.81871 	    0.016266 	     0.016382 	     0.032648 
9400 	 12 	       36.840 	       36.506 	   0.82140 	   0.81853 	    0.016275 	     0.016392 	     0.032667 
9500 	 12 	       36.849 	       36.516 	   0.82124 	   0.81836 	    0.016286 	     0.016403 	     0.032689 
9600 	 12 	       36.858 	       36.526 	   0.82108 	   0.81819 	    0.016296 	     0.016414 	     0.032709 
9700 	 12 	       36.866 	       36.534 	   0.82093 	   0.81803 	    0.016305 	     0.016423 	     0.032728 
9800 	 12 	       36.873 	       36.542 	   0.82079 	   0.81788 	    0.016313 	     0.016432 	     0.032745 
9900 	 12 	       36.880 	       36.549 	   0.82065 	   0.81774 	    0.016319 	     0.016439 	     0.032758 
10000 	 12 	       36.679 	       36.345 	   0.82315 	   0.82028 	    0.015759 	     0.015880 	     0.031639 
10100 	 12 	       36.600 	       36.269 	   0.82347 	   0.82068 	    0.015794 	     0.015911 	     0.031706 
10200 	 12 	       36.600 	       36.270 	   0.82340 	   0.82059 	    0.015788 	     0.015905 	     0.031693 
10300 	 12 	       36.604 	       36.275 	   0.82330 	   0.82048 	    0.015786 	     0.015905 	     0.031691 
10400 	 12 	       36.609 	       36.281 	   0.82320 	   0.82037 	    0.015788 	     0.015907 	     0.031695 
10500 	 12 	       36.615 	       36.286 	   0.82310 	   0.82026 	    0.015789 	     0.015910 	     0.031699 
10600 	 12 	       36.620 	       36.291 	   0.82301 	   0.82016 	    0.015790 	     0.015911 	     0.031701 
10700 	 12 	       36.626 	       36.296 	   0.82293 	   0.82007 	    0.015789 	     0.015911 	     0.031701 
10800 	 12 	       36.632 	       36.301 	   0.82286 	   0.81998 	    0.015786 	     0.015909 	     0.031695 
10900 	 12 	       36.638 	       36.306 	   0.82280 	   0.81991 	    0.015780 	     0.015904 	     0.031684 
11000 	 12 	       36.476 	       36.142 	   0.82483 	   0.82197 	    0.015342 	     0.015468 	     0.030809 
11100 	 12 	       36.412 	       36.080 	   0.82520 	   0.82239 	    0.015346 	     0.015469 	     0.030815 
11200 	 12 	       36.411 	       36.082 	   0.82529 	   0.82246 	    0.015314 	     0.015439 	     0.030753 
11300 	 12 	       36.413 	       36.087 	   0.82542 	   0.82256 	    0.015279 	     0.015405 	     0.030684 
11400 	 12 	       36.413 	       36.088 	   0.82561 	   0.82272 	    0.015238 	     0.015367 	     0.030606 
11500 	 12 	       36.407 	       36.084 	   0.82586 	   0.82293 	    0.015197 	     0.015329 	     0.030527 
11600 	 12 	       36.395 	       36.072 	   0.82610 	   0.82314 	    0.015164 	     0.015298 	     0.030461 
11700 	 12 	       36.378 	       36.058 	   0.82629 	   0.82331 	    0.015141 	     0.015277 	     0.030417 
11800 	 12 	       36.361 	       36.042 	   0.82643 	   0.82342 	    0.015127 	     0.015265 	     0.030392 
11900 	 12 	       36.345 	       36.026 	   0.82653 	   0.82350 	    0.015121 	     0.015260 	     0.030381 
12000 	 12 	       36.195 	       35.879 	   0.82830 	   0.82528 	    0.014788 	     0.014929 	     0.029717 
12100 	 12 	       36.111 	       35.797 	   0.82872 	   0.82574 	    0.014801 	     0.014939 	     0.029741 
12200 	 12 	       36.089 	       35.777 	   0.82881 	   0.82581 	    0.014795 	     0.014935 	     0.029729 
12300 	 12 	       36.071 	       35.762 	   0.82885 	   0.82583 	    0.014792 	     0.014933 	     0.029726 
12400 	 12 	       36.055 	       35.748 	   0.82889 	   0.82585 	    0.014792 	     0.014934 	     0.029726 
12500 	 12 	       36.039 	       35.735 	   0.82892 	   0.82585 	    0.014792 	     0.014936 	     0.029728 
12600 	 12 	       36.024 	       35.722 	   0.82894 	   0.82585 	    0.014793 	     0.014938 	     0.029731 
12700 	 12 	       36.009 	       35.709 	   0.82896 	   0.82585 	    0.014794 	     0.014940 	     0.029734 
12800 	 12 	       35.994 	       35.696 	   0.82898 	   0.82585 	    0.014795 	     0.014942 	     0.029737 
12900 	 12 	       35.978 	       35.683 	   0.82900 	   0.82585 	    0.014796 	     0.014944 	     0.029740 
13000 	 12 	       35.854 	       35.565 	   0.83044 	   0.82730 	    0.014524 	     0.014674 	     0.029198 
13100 	 12 	       35.766 	       35.488 	   0.83075 	   0.82765 	    0.014538 	     0.014685 	     0.029223 
13200 	 12 	       35.742 	       35.469 	   0.83082 	   0.82769 	    0.014534 	     0.014682 	     0.029217 
13300 	 12 	       35.723 	       35.455 	   0.83085 	   0.82771 	    0.014532 	     0.014681 	     0.029213 
13400 	 12 	       35.705 	       35.442 	   0.83088 	   0.82771 	    0.014531 	     0.014681 	     0.029212 
13500 	 12 	       35.689 	       35.431 	   0.83089 	   0.82771 	    0.014530 	     0.014681 	     0.029212 
13600 	 12 	       35.674 	       35.421 	   0.83091 	   0.82771 	    0.014530 	     0.014682 	     0.029212 
13700 	 12 	       35.661 	       35.412 	   0.83092 	   0.82770 	    0.014529 	     0.014682 	     0.029211 
13800 	 12 	       35.648 	       35.405 	   0.83092 	   0.82769 	    0.014528 	     0.014682 	     0.029210 
13900 	 12 	       35.636 	       35.398 	   0.83092 	   0.82768 	    0.014527 	     0.014682 	     0.029209 
14000 	 12 	       35.536 	       35.304 	   0.83213 	   0.82891 	    0.014296 	     0.014451 	     0.028747 
14100 	 12 	       35.460 	       35.237 	   0.83236 	   0.82917 	    0.014308 	     0.014461 	     0.028768 
14200 	 12 	       35.442 	       35.224 	   0.83238 	   0.82919 	    0.014302 	     0.014456 	     0.028758 
14300 	 12 	       35.428 	       35.214 	   0.83237 	   0.82916 	    0.014297 	     0.014451 	     0.028748 
14400 	 12 	       35.416 	       35.206 	   0.83234 	   0.82912 	    0.014292 	     0.014446 	     0.028739 
14500 	 12 	       35.406 	       35.199 	   0.83228 	   0.82905 	    0.014287 	     0.014442 	     0.028729 
14600 	 12 	       35.397 	       35.193 	   0.83219 	   0.82896 	    0.014283 	     0.014437 	     0.028720 
14700 	 12 	       35.392 	       35.190 	   0.83208 	   0.82884 	    0.014279 	     0.014433 	     0.028712 
14800 	 12 	       35.391 	       35.192 	   0.83193 	   0.82869 	    0.014275 	     0.014430 	     0.028705 
14900 	 12 	       35.395 	       35.199 	   0.83174 	   0.82851 	    0.014274 	     0.014428 	     0.028703 
15000 	 12 	       35.317 	       35.126 	   0.83275 	   0.82956 	    0.014069 	     0.014222 	     0.028291 
15100 	 12 	       35.261 	       35.077 	   0.83278 	   0.82965 	    0.014088 	     0.014237 	     0.028325 
15200 	 12 	       35.276 	       35.090 	   0.83258 	   0.82949 	    0.014096 	     0.014244 	     0.028340 
15300 	 12 	       35.320 	       35.127 	   0.83227 	   0.82923 	    0.014115 	     0.014259 	     0.028375 
15400 	 12 	       35.463 	       35.259 	   0.83146 	   0.82855 	    0.014168 	     0.014303 	     0.028470 
15500 	 12 	       35.747 	       35.538 	   0.83035 	   0.82772 	    0.014191 	     0.014307 	     0.028499 
15600 	 12 	       35.515 	       35.321 	   0.83067 	   0.82810 	    0.014089 	     0.014202 	     0.028291 
15700 	 12 	       35.339 	       35.160 	   0.83097 	   0.82833 	    0.014034 	     0.014153 	     0.028187 
15800 	 12 	       35.239 	       35.065 	   0.83142 	   0.82871 	    0.014008 	     0.014132 	     0.028140 
15900 	 12 	       35.170 	       34.999 	   0.83181 	   0.82905 	    0.013993 	     0.014122 	     0.028114 
16000 	 12 	       35.026 	       34.856 	   0.83321 	   0.83041 	    0.013795 	     0.013928 	     0.027723 
16100 	 12 	       34.928 	       34.761 	   0.83371 	   0.83089 	    0.013798 	     0.013933 	     0.027731 
16200 	 12 	       34.894 	       34.728 	   0.83392 	   0.83107 	    0.013794 	     0.013932 	     0.027726 
16300 	 12 	       34.865 	       34.697 	   0.83409 	   0.83119 	    0.013792 	     0.013934 	     0.027726 
16400 	 12 	       34.833 	       34.662 	   0.83422 	   0.83129 	    0.013795 	     0.013939 	     0.027733 
16500 	 12 	       34.796 	       34.623 	   0.83434 	   0.83137 	    0.013801 	     0.013947 	     0.027748 
16600 	 12 	       34.760 	       34.584 	   0.83444 	   0.83143 	    0.013811 	     0.013960 	     0.027771 
16700 	 12 	       34.727 	       34.549 	   0.83450 	   0.83146 	    0.013824 	     0.013975 	     0.027799 
16800 	 12 	       34.698 	       34.516 	   0.83454 	   0.83147 	    0.013839 	     0.013993 	     0.027832 
16900 	 12 	       34.674 	       34.488 	   0.83455 	   0.83145 	    0.013857 	     0.014012 	     0.027868 
17000 	 12 	       34.580 	       34.389 	   0.83552 	   0.83241 	    0.013709 	     0.013866 	     0.027575 
17100 	 12 	       34.511 	       34.319 	   0.83581 	   0.83271 	    0.013734 	     0.013891 	     0.027625 
17200 	 12 	       34.495 	       34.300 	   0.83582 	   0.83269 	    0.013754 	     0.013913 	     0.027667 
17300 	 12 	       34.482 	       34.283 	   0.83579 	   0.83264 	    0.013776 	     0.013935 	     0.027711 
17400 	 12 	       34.469 	       34.267 	   0.83574 	   0.83258 	    0.013798 	     0.013959 	     0.027757 
17500 	 12 	       34.455 	       34.248 	   0.83568 	   0.83251 	    0.013823 	     0.013984 	     0.027807 
17600 	 12 	       34.437 	       34.227 	   0.83561 	   0.83242 	    0.013849 	     0.014011 	     0.027861 
17700 	 12 	       34.414 	       34.201 	   0.83552 	   0.83232 	    0.013878 	     0.014040 	     0.027918 
17800 	 12 	       34.385 	       34.168 	   0.83543 	   0.83221 	    0.013908 	     0.014071 	     0.027979 
17900 	 12 	       34.350 	       34.129 	   0.83532 	   0.83209 	    0.013939 	     0.014103 	     0.028042 
18000 	 12 	       34.248 	       34.025 	   0.83605 	   0.83282 	    0.013829 	     0.013994 	     0.027823 
18100 	 12 	       34.172 	       33.946 	   0.83631 	   0.83309 	    0.013852 	     0.014017 	     0.027868 
18200 	 12 	       34.133 	       33.907 	   0.83631 	   0.83309 	    0.013865 	     0.014030 	     0.027896 
18300 	 12 	       34.094 	       33.867 	   0.83638 	   0.83317 	    0.013865 	     0.014030 	     0.027896 
18400 	 12 	       34.054 	       33.827 	   0.83654 	   0.83335 	    0.013851 	     0.014015 	     0.027866 
18500 	 12 	       34.012 	       33.786 	   0.83680 	   0.83365 	    0.013822 	     0.013985 	     0.027807 
18600 	 12 	       33.969 	       33.744 	   0.83715 	   0.83403 	    0.013783 	     0.013944 	     0.027727 
18700 	 12 	       33.927 	       33.703 	   0.83752 	   0.83445 	    0.013737 	     0.013896 	     0.027634 
18800 	 12 	       33.891 	       33.666 	   0.83787 	   0.83486 	    0.013692 	     0.013849 	     0.027540 
18900 	 12 	       33.864 	       33.639 	   0.83816 	   0.83519 	    0.013652 	     0.013807 	     0.027459 
19000 	 12 	       33.819 	       33.593 	   0.83884 	   0.83593 	    0.013532 	     0.013685 	     0.027216 
19100 	 12 	       33.776 	       33.549 	   0.83930 	   0.83644 	    0.013505 	     0.013655 	     0.027160 
19200 	 12 	       33.778 	       33.549 	   0.83933 	   0.83651 	    0.013501 	     0.013650 	     0.027151 
19300 	 12 	       33.798 	       33.564 	   0.83922 	   0.83642 	    0.013518 	     0.013665 	     0.027183 
19400 	 12 	       33.837 	       33.597 	   0.83897 	   0.83619 	    0.013561 	     0.013708 	     0.027269 
19500 	 12 	       33.884 	       33.637 	   0.83868 	   0.83591 	    0.013621 	     0.013766 	     0.027387 
19600 	 12 	       33.921 	       33.669 	   0.83846 	   0.83570 	    0.013675 	     0.013821 	     0.027496 
19700 	 12 	       33.945 	       33.685 	   0.83833 	   0.83558 	    0.013716 	     0.013860 	     0.027576 
19800 	 12 	       33.956 	       33.689 	   0.83826 	   0.83554 	    0.013745 	     0.013888 	     0.027633 
19900 	 12 	       33.957 	       33.683 	   0.83823 	   0.83552 	    0.013766 	     0.013908 	     0.027674 
20000 	 12 	       33.931 	       33.651 	   0.83859 	   0.83590 	    0.013683 	     0.013824 	     0.027507 
100 	 13 	       58.267 	       58.399 	   0.41131 	   0.41027 	    0.099335 	     0.099155 	     0.198490 
200 	 13 	       60.054 	       60.323 	   0.44106 	   0.44010 	    0.100753 	     0.100522 	     0.201275 
300 	 13 	       58.981 	       59.122 	   0.44258 	   0.44203 	    0.091750 	     0.091520 	     0.183270 
400 	 13 	       59.140 	       59.349 	   0.44299 	   0.44213 	    0.090273 	     0.090058 	     0.180330 
500 	 13 	       58.906 	       59.081 	   0.44668 	   0.44586 	    0.088556 	     0.088351 	     0.176907 
600 	 13 	       58.831 	       58.958 	   0.45338 	   0.45276 	    0.087605 	     0.087407 	     0.175012 
700 	 13 	       58.628 	       58.739 	   0.46153 	   0.46117 	    0.086612 	     0.086405 	     0.173017 
800 	 13 	       58.205 	       58.296 	   0.46595 	   0.46573 	    0.085281 	     0.085073 	     0.170354 
900 	 13 	       57.713 	       57.827 	   0.47305 	   0.47286 	    0.083534 	     0.083330 	     0.166864 
1000 	 13 	       44.566 	       44.713 	   0.70539 	   0.70419 	    0.036559 	     0.036538 	     0.073097 
1100 	 13 	       44.678 	       44.763 	   0.66664 	   0.66546 	    0.040718 	     0.040682 	     0.081400 
1200 	 13 	       44.717 	       44.794 	   0.65645 	   0.65520 	    0.042084 	     0.042046 	     0.084131 
1300 	 13 	       45.258 	       45.334 	   0.63513 	   0.63397 	    0.045120 	     0.045064 	     0.090184 
1400 	 13 	       45.664 	       45.739 	   0.61682 	   0.61574 	    0.047393 	     0.047320 	     0.094713 
1500 	 13 	       45.850 	       45.931 	   0.60587 	   0.60487 	    0.048549 	     0.048464 	     0.097013 
1600 	 13 	       45.923 	       45.995 	   0.60491 	   0.60392 	    0.048440 	     0.048351 	     0.096791 
1700 	 13 	       45.949 	       45.997 	   0.60778 	   0.60674 	    0.047844 	     0.047757 	     0.095601 
1800 	 13 	       45.911 	       45.926 	   0.61299 	   0.61187 	    0.047093 	     0.047011 	     0.094103 
1900 	 13 	       45.866 	       45.828 	   0.61830 	   0.61709 	    0.046524 	     0.046448 	     0.092972 
2000 	 13 	       40.890 	       40.820 	   0.73054 	   0.72854 	    0.029410 	     0.029442 	     0.058852 
2100 	 13 	       40.534 	       40.391 	   0.73046 	   0.72850 	    0.029310 	     0.029337 	     0.058647 
2200 	 13 	       40.477 	       40.301 	   0.73486 	   0.73285 	    0.029053 	     0.029083 	     0.058136 
2300 	 13 	       40.460 	       40.251 	   0.73773 	   0.73567 	    0.028885 	     0.028920 	     0.057805 
2400 	 13 	       40.498 	       40.270 	   0.73922 	   0.73710 	    0.028844 	     0.028882 	     0.057725 
2500 	 13 	       40.552 	       40.309 	   0.73967 	   0.73749 	    0.028907 	     0.028948 	     0.057854 
2600 	 13 	       40.562 	       40.310 	   0.74013 	   0.73790 	    0.028928 	     0.028972 	     0.057900 
2700 	 13 	       40.517 	       40.268 	   0.74110 	   0.73883 	    0.028833 	     0.028881 	     0.057714 
2800 	 13 	       40.438 	       40.198 	   0.74225 	   0.73995 	    0.028685 	     0.028734 	     0.057419 
2900 	 13 	       40.350 	       40.120 	   0.74332 	   0.74099 	    0.028531 	     0.028582 	     0.057113 
3000 	 13 	       37.623 	       37.419 	   0.78866 	   0.78613 	    0.020604 	     0.020702 	     0.041306 
3100 	 13 	       37.496 	       37.285 	   0.79035 	   0.78771 	    0.020623 	     0.020726 	     0.041348 
3200 	 13 	       37.450 	       37.251 	   0.79090 	   0.78821 	    0.020565 	     0.020672 	     0.041237 
3300 	 13 	       37.397 	       37.207 	   0.79122 	   0.78850 	    0.020495 	     0.020604 	     0.041098 
3400 	 13 	       37.343 	       37.168 	   0.79139 	   0.78865 	    0.020435 	     0.020546 	     0.040981 
3500 	 13 	       37.288 	       37.128 	   0.79146 	   0.78869 	    0.020389 	     0.020500 	     0.040889 
3600 	 13 	       37.231 	       37.082 	   0.79142 	   0.78863 	    0.020354 	     0.020467 	     0.040821 
3700 	 13 	       37.169 	       37.031 	   0.79128 	   0.78847 	    0.020328 	     0.020442 	     0.040771 
3800 	 13 	       37.106 	       36.978 	   0.79112 	   0.78829 	    0.020301 	     0.020417 	     0.040718 
3900 	 13 	       37.057 	       36.938 	   0.79104 	   0.78819 	    0.020251 	     0.020368 	     0.040618 
4000 	 13 	       35.932 	       35.801 	   0.81068 	   0.80786 	    0.016669 	     0.016802 	     0.033471 
4100 	 13 	       35.852 	       35.735 	   0.81308 	   0.81016 	    0.016570 	     0.016708 	     0.033278 
4200 	 13 	       35.840 	       35.721 	   0.81311 	   0.81012 	    0.016468 	     0.016611 	     0.033079 
4300 	 13 	       35.847 	       35.725 	   0.81281 	   0.80976 	    0.016411 	     0.016558 	     0.032969 
4400 	 13 	       35.873 	       35.754 	   0.81238 	   0.80928 	    0.016391 	     0.016542 	     0.032933 
4500 	 13 	       35.905 	       35.794 	   0.81189 	   0.80873 	    0.016399 	     0.016554 	     0.032952 
4600 	 13 	       35.935 	       35.843 	   0.81134 	   0.80810 	    0.016432 	     0.016591 	     0.033023 
4700 	 13 	       35.971 	       35.902 	   0.81068 	   0.80735 	    0.016491 	     0.016655 	     0.033146 
4800 	 13 	       36.018 	       35.972 	   0.80981 	   0.80636 	    0.016586 	     0.016755 	     0.033340 
4900 	 13 	       36.085 	       36.061 	   0.80851 	   0.80492 	    0.016739 	     0.016914 	     0.033653 
5000 	 13 	       35.740 	       35.717 	   0.81872 	   0.81506 	    0.015053 	     0.015243 	     0.030296 
5100 	 13 	       35.925 	       35.908 	   0.81732 	   0.81341 	    0.015426 	     0.015625 	     0.031051 
5200 	 13 	       36.249 	       36.238 	   0.81130 	   0.80714 	    0.016319 	     0.016525 	     0.032844 
5300 	 13 	       36.500 	       36.487 	   0.80389 	   0.79971 	    0.017408 	     0.017609 	     0.035017 
5400 	 13 	       36.620 	       36.613 	   0.79861 	   0.79450 	    0.018180 	     0.018372 	     0.036552 
5500 	 13 	       36.672 	       36.666 	   0.79509 	   0.79106 	    0.018727 	     0.018912 	     0.037639 
5600 	 13 	       36.688 	       36.681 	   0.79275 	   0.78878 	    0.019102 	     0.019283 	     0.038385 
5700 	 13 	       36.694 	       36.692 	   0.79113 	   0.78721 	    0.019365 	     0.019541 	     0.038906 
5800 	 13 	       36.700 	       36.704 	   0.78994 	   0.78608 	    0.019556 	     0.019730 	     0.039286 
5900 	 13 	       36.706 	       36.720 	   0.78905 	   0.78522 	    0.019701 	     0.019873 	     0.039574 
6000 	 13 	       36.213 	       36.221 	   0.80349 	   0.79973 	    0.017618 	     0.017797 	     0.035415 
6100 	 13 	       36.189 	       36.194 	   0.80380 	   0.80007 	    0.017734 	     0.017909 	     0.035643 
6200 	 13 	       36.203 	       36.209 	   0.80321 	   0.79948 	    0.017796 	     0.017972 	     0.035769 
6300 	 13 	       36.218 	       36.226 	   0.80265 	   0.79891 	    0.017859 	     0.018036 	     0.035895 
6400 	 13 	       36.233 	       36.243 	   0.80214 	   0.79840 	    0.017916 	     0.018093 	     0.036009 
6500 	 13 	       36.247 	       36.259 	   0.80170 	   0.79794 	    0.017967 	     0.018145 	     0.036112 
6600 	 13 	       36.260 	       36.276 	   0.80130 	   0.79753 	    0.018013 	     0.018191 	     0.036204 
6700 	 13 	       36.272 	       36.292 	   0.80093 	   0.79716 	    0.018054 	     0.018232 	     0.036287 
6800 	 13 	       36.284 	       36.307 	   0.80060 	   0.79682 	    0.018091 	     0.018270 	     0.036361 
6900 	 13 	       36.294 	       36.321 	   0.80030 	   0.79651 	    0.018124 	     0.018303 	     0.036428 
7000 	 13 	       35.916 	       35.943 	   0.81059 	   0.80685 	    0.016623 	     0.016808 	     0.033431 
7100 	 13 	       35.886 	       35.907 	   0.81099 	   0.80728 	    0.016671 	     0.016852 	     0.033522 
7200 	 13 	       35.899 	       35.921 	   0.81068 	   0.80695 	    0.016692 	     0.016874 	     0.033566 
7300 	 13 	       35.912 	       35.937 	   0.81037 	   0.80662 	    0.016718 	     0.016902 	     0.033620 
7400 	 13 	       35.923 	       35.951 	   0.81009 	   0.80633 	    0.016744 	     0.016929 	     0.033673 
7500 	 13 	       35.933 	       35.964 	   0.80984 	   0.80606 	    0.016769 	     0.016954 	     0.033724 
7600 	 13 	       35.943 	       35.975 	   0.80961 	   0.80581 	    0.016793 	     0.016979 	     0.033772 
7700 	 13 	       35.951 	       35.986 	   0.80940 	   0.80559 	    0.016815 	     0.017001 	     0.033816 
7800 	 13 	       35.958 	       35.995 	   0.80921 	   0.80539 	    0.016836 	     0.017023 	     0.033858 
7900 	 13 	       35.965 	       36.004 	   0.80904 	   0.80520 	    0.016855 	     0.017042 	     0.033897 
8000 	 13 	       35.672 	       35.714 	   0.81650 	   0.81274 	    0.015769 	     0.015959 	     0.031728 
8100 	 13 	       35.636 	       35.677 	   0.81697 	   0.81324 	    0.015792 	     0.015979 	     0.031771 
8200 	 13 	       35.643 	       35.688 	   0.81680 	   0.81305 	    0.015804 	     0.015992 	     0.031796 
8300 	 13 	       35.651 	       35.698 	   0.81662 	   0.81286 	    0.015819 	     0.016008 	     0.031827 
8400 	 13 	       35.658 	       35.707 	   0.81646 	   0.81268 	    0.015835 	     0.016025 	     0.031859 
8500 	 13 	       35.665 	       35.715 	   0.81631 	   0.81251 	    0.015851 	     0.016041 	     0.031891 
8600 	 13 	       35.671 	       35.723 	   0.81617 	   0.81236 	    0.015866 	     0.016057 	     0.031922 
8700 	 13 	       35.676 	       35.730 	   0.81604 	   0.81222 	    0.015880 	     0.016072 	     0.031952 
8800 	 13 	       35.680 	       35.737 	   0.81593 	   0.81210 	    0.015894 	     0.016086 	     0.031980 
8900 	 13 	       35.685 	       35.743 	   0.81582 	   0.81198 	    0.015907 	     0.016100 	     0.032007 
9000 	 13 	       35.449 	       35.510 	   0.82139 	   0.81761 	    0.015097 	     0.015291 	     0.030388 
9100 	 13 	       35.409 	       35.470 	   0.82189 	   0.81816 	    0.015105 	     0.015295 	     0.030400 
9200 	 13 	       35.413 	       35.476 	   0.82179 	   0.81805 	    0.015112 	     0.015303 	     0.030416 
9300 	 13 	       35.418 	       35.482 	   0.82168 	   0.81792 	    0.015122 	     0.015314 	     0.030437 
9400 	 13 	       35.422 	       35.488 	   0.82158 	   0.81781 	    0.015133 	     0.015326 	     0.030459 
9500 	 13 	       35.425 	       35.493 	   0.82149 	   0.81770 	    0.015144 	     0.015337 	     0.030481 
9600 	 13 	       35.428 	       35.497 	   0.82140 	   0.81760 	    0.015155 	     0.015349 	     0.030503 
9700 	 13 	       35.431 	       35.502 	   0.82132 	   0.81751 	    0.015165 	     0.015360 	     0.030525 
9800 	 13 	       35.433 	       35.505 	   0.82124 	   0.81742 	    0.015176 	     0.015371 	     0.030547 
9900 	 13 	       35.435 	       35.509 	   0.82117 	   0.81734 	    0.015186 	     0.015381 	     0.030567 
10000 	 13 	       35.239 	       35.314 	   0.82540 	   0.82164 	    0.014566 	     0.014762 	     0.029328 
10100 	 13 	       35.199 	       35.274 	   0.82591 	   0.82219 	    0.014565 	     0.014757 	     0.029321 
10200 	 13 	       35.200 	       35.277 	   0.82585 	   0.82212 	    0.014570 	     0.014763 	     0.029332 
10300 	 13 	       35.202 	       35.281 	   0.82578 	   0.82204 	    0.014577 	     0.014771 	     0.029347 
10400 	 13 	       35.204 	       35.284 	   0.82572 	   0.82196 	    0.014585 	     0.014779 	     0.029364 
10500 	 13 	       35.206 	       35.287 	   0.82565 	   0.82188 	    0.014594 	     0.014788 	     0.029382 
10600 	 13 	       35.208 	       35.290 	   0.82559 	   0.82181 	    0.014602 	     0.014798 	     0.029400 
10700 	 13 	       35.209 	       35.293 	   0.82553 	   0.82174 	    0.014611 	     0.014807 	     0.029418 
10800 	 13 	       35.210 	       35.296 	   0.82547 	   0.82168 	    0.014620 	     0.014816 	     0.029436 
10900 	 13 	       35.211 	       35.299 	   0.82542 	   0.82161 	    0.014629 	     0.014825 	     0.029454 
11000 	 13 	       35.047 	       35.138 	   0.82870 	   0.82495 	    0.014145 	     0.014342 	     0.028487 
11100 	 13 	       35.009 	       35.098 	   0.82919 	   0.82549 	    0.014138 	     0.014331 	     0.028469 
11200 	 13 	       35.010 	       35.101 	   0.82916 	   0.82545 	    0.014142 	     0.014336 	     0.028478 
11300 	 13 	       35.010 	       35.104 	   0.82911 	   0.82539 	    0.014149 	     0.014343 	     0.028491 
11400 	 13 	       35.011 	       35.106 	   0.82906 	   0.82532 	    0.014156 	     0.014351 	     0.028507 
11500 	 13 	       35.011 	       35.109 	   0.82901 	   0.82526 	    0.014164 	     0.014359 	     0.028524 
11600 	 13 	       35.011 	       35.111 	   0.82895 	   0.82520 	    0.014173 	     0.014368 	     0.028541 
11700 	 13 	       35.012 	       35.113 	   0.82890 	   0.82514 	    0.014182 	     0.014378 	     0.028559 
11800 	 13 	       35.012 	       35.115 	   0.82885 	   0.82508 	    0.014191 	     0.014387 	     0.028578 
11900 	 13 	       35.011 	       35.117 	   0.82880 	   0.82503 	    0.014200 	     0.014397 	     0.028597 
12000 	 13 	       34.872 	       34.983 	   0.83138 	   0.82766 	    0.013817 	     0.014013 	     0.027831 
12100 	 13 	       34.835 	       34.948 	   0.83184 	   0.82818 	    0.013807 	     0.013999 	     0.027806 
12200 	 13 	       34.833 	       34.950 	   0.83183 	   0.82815 	    0.013812 	     0.014004 	     0.027816 
12300 	 13 	       34.831 	       34.952 	   0.83179 	   0.82811 	    0.013819 	     0.014012 	     0.027830 
12400 	 13 	       34.828 	       34.954 	   0.83176 	   0.82806 	    0.013826 	     0.014019 	     0.027845 
12500 	 13 	       34.826 	       34.955 	   0.83172 	   0.82802 	    0.013834 	     0.014027 	     0.027861 
12600 	 13 	       34.823 	       34.956 	   0.83169 	   0.82797 	    0.013842 	     0.014036 	     0.027877 
12700 	 13 	       34.821 	       34.957 	   0.83165 	   0.82793 	    0.013850 	     0.014044 	     0.027893 
12800 	 13 	       34.818 	       34.958 	   0.83162 	   0.82790 	    0.013857 	     0.014052 	     0.027909 
12900 	 13 	       34.815 	       34.959 	   0.83159 	   0.82786 	    0.013865 	     0.014059 	     0.027924 
13000 	 13 	       34.695 	       34.842 	   0.83367 	   0.82999 	    0.013553 	     0.013748 	     0.027301 
13100 	 13 	       34.658 	       34.807 	   0.83412 	   0.83049 	    0.013539 	     0.013729 	     0.027268 
13200 	 13 	       34.655 	       34.807 	   0.83413 	   0.83049 	    0.013541 	     0.013732 	     0.027273 
13300 	 13 	       34.652 	       34.807 	   0.83412 	   0.83047 	    0.013545 	     0.013736 	     0.027281 
13400 	 13 	       34.649 	       34.806 	   0.83410 	   0.83044 	    0.013549 	     0.013741 	     0.027290 
13500 	 13 	       34.646 	       34.805 	   0.83409 	   0.83042 	    0.013554 	     0.013746 	     0.027300 
13600 	 13 	       34.643 	       34.805 	   0.83407 	   0.83039 	    0.013558 	     0.013751 	     0.027309 
13700 	 13 	       34.641 	       34.804 	   0.83406 	   0.83037 	    0.013563 	     0.013756 	     0.027319 
13800 	 13 	       34.638 	       34.804 	   0.83404 	   0.83035 	    0.013568 	     0.013761 	     0.027328 
13900 	 13 	       34.636 	       34.805 	   0.83403 	   0.83033 	    0.013572 	     0.013766 	     0.027338 
14000 	 13 	       34.534 	       34.704 	   0.83571 	   0.83205 	    0.013316 	     0.013510 	     0.026826 
14100 	 13 	       34.501 	       34.673 	   0.83613 	   0.83253 	    0.013299 	     0.013488 	     0.026787 
14200 	 13 	       34.499 	       34.673 	   0.83616 	   0.83254 	    0.013299 	     0.013489 	     0.026788 
14300 	 13 	       34.497 	       34.673 	   0.83616 	   0.83253 	    0.013301 	     0.013491 	     0.026792 
14400 	 13 	       34.495 	       34.673 	   0.83615 	   0.83252 	    0.013303 	     0.013494 	     0.026798 
14500 	 13 	       34.493 	       34.674 	   0.83615 	   0.83251 	    0.013306 	     0.013498 	     0.026804 
14600 	 13 	       34.492 	       34.675 	   0.83614 	   0.83249 	    0.013309 	     0.013501 	     0.026810 
14700 	 13 	       34.490 	       34.675 	   0.83613 	   0.83248 	    0.013312 	     0.013504 	     0.026816 
14800 	 13 	       34.489 	       34.675 	   0.83613 	   0.83246 	    0.013315 	     0.013508 	     0.026823 
14900 	 13 	       34.487 	       34.676 	   0.83612 	   0.83245 	    0.013318 	     0.013511 	     0.026829 
15000 	 13 	       34.402 	       34.593 	   0.83748 	   0.83385 	    0.013107 	     0.013300 	     0.026408 
15100 	 13 	       34.372 	       34.565 	   0.83788 	   0.83430 	    0.013088 	     0.013278 	     0.026366 
15200 	 13 	       34.369 	       34.565 	   0.83791 	   0.83433 	    0.013088 	     0.013277 	     0.026365 
15300 	 13 	       34.367 	       34.565 	   0.83792 	   0.83432 	    0.013089 	     0.013279 	     0.026367 
15400 	 13 	       34.365 	       34.565 	   0.83793 	   0.83432 	    0.013090 	     0.013281 	     0.026371 
15500 	 13 	       34.364 	       34.565 	   0.83793 	   0.83431 	    0.013092 	     0.013283 	     0.026375 
15600 	 13 	       34.362 	       34.566 	   0.83793 	   0.83431 	    0.013094 	     0.013285 	     0.026379 
15700 	 13 	       34.361 	       34.566 	   0.83792 	   0.83430 	    0.013096 	     0.013288 	     0.026384 
15800 	 13 	       34.359 	       34.566 	   0.83792 	   0.83429 	    0.013098 	     0.013290 	     0.026389 
15900 	 13 	       34.358 	       34.566 	   0.83792 	   0.83428 	    0.013101 	     0.013293 	     0.026394 
16000 	 13 	       34.287 	       34.496 	   0.83904 	   0.83543 	    0.012926 	     0.013118 	     0.026045 
16100 	 13 	       34.259 	       34.470 	   0.83941 	   0.83586 	    0.012907 	     0.013095 	     0.026002 
16200 	 13 	       34.256 	       34.470 	   0.83945 	   0.83588 	    0.012905 	     0.013095 	     0.026000 
16300 	 13 	       34.254 	       34.469 	   0.83946 	   0.83589 	    0.012906 	     0.013095 	     0.026001 
16400 	 13 	       34.252 	       34.469 	   0.83947 	   0.83589 	    0.012907 	     0.013097 	     0.026004 
16500 	 13 	       34.251 	       34.468 	   0.83947 	   0.83589 	    0.012908 	     0.013099 	     0.026007 
16600 	 13 	       34.249 	       34.468 	   0.83948 	   0.83588 	    0.012910 	     0.013100 	     0.026010 
16700 	 13 	       34.247 	       34.468 	   0.83948 	   0.83588 	    0.012911 	     0.013102 	     0.026014 
16800 	 13 	       34.245 	       34.467 	   0.83948 	   0.83588 	    0.012913 	     0.013104 	     0.026017 
16900 	 13 	       34.244 	       34.467 	   0.83948 	   0.83587 	    0.012915 	     0.013106 	     0.026021 
17000 	 13 	       34.184 	       34.408 	   0.84040 	   0.83682 	    0.012769 	     0.012961 	     0.025730 
17100 	 13 	       34.160 	       34.384 	   0.84076 	   0.83722 	    0.012750 	     0.012938 	     0.025687 
17200 	 13 	       34.158 	       34.383 	   0.84079 	   0.83725 	    0.012748 	     0.012937 	     0.025685 
17300 	 13 	       34.156 	       34.382 	   0.84081 	   0.83726 	    0.012748 	     0.012937 	     0.025685 
17400 	 13 	       34.154 	       34.381 	   0.84082 	   0.83727 	    0.012749 	     0.012938 	     0.025687 
17500 	 13 	       34.152 	       34.381 	   0.84083 	   0.83727 	    0.012750 	     0.012939 	     0.025689 
17600 	 13 	       34.151 	       34.380 	   0.84084 	   0.83727 	    0.012751 	     0.012941 	     0.025692 
17700 	 13 	       34.149 	       34.379 	   0.84084 	   0.83727 	    0.012752 	     0.012942 	     0.025695 
17800 	 13 	       34.147 	       34.378 	   0.84085 	   0.83727 	    0.012753 	     0.012944 	     0.025698 
17900 	 13 	       34.146 	       34.378 	   0.84085 	   0.83727 	    0.012755 	     0.012946 	     0.025701 
18000 	 13 	       34.095 	       34.329 	   0.84161 	   0.83806 	    0.012633 	     0.012824 	     0.025457 
18100 	 13 	       34.073 	       34.306 	   0.84194 	   0.83843 	    0.012613 	     0.012801 	     0.025414 
18200 	 13 	       34.070 	       34.305 	   0.84198 	   0.83846 	    0.012612 	     0.012800 	     0.025411 
18300 	 13 	       34.068 	       34.303 	   0.84200 	   0.83848 	    0.012611 	     0.012800 	     0.025411 
18400 	 13 	       34.066 	       34.302 	   0.84202 	   0.83848 	    0.012612 	     0.012801 	     0.025413 
18500 	 13 	       34.064 	       34.301 	   0.84203 	   0.83849 	    0.012613 	     0.012802 	     0.025414 
18600 	 13 	       34.062 	       34.300 	   0.84203 	   0.83849 	    0.012614 	     0.012803 	     0.025416 
18700 	 13 	       34.061 	       34.299 	   0.84204 	   0.83849 	    0.012615 	     0.012804 	     0.025419 
18800 	 13 	       34.059 	       34.299 	   0.84205 	   0.83850 	    0.012616 	     0.012805 	     0.025421 
18900 	 13 	       34.057 	       34.298 	   0.84205 	   0.83850 	    0.012617 	     0.012807 	     0.025424 
19000 	 13 	       34.014 	       34.256 	   0.84269 	   0.83916 	    0.012514 	     0.012704 	     0.025218 
19100 	 13 	       33.992 	       34.234 	   0.84300 	   0.83951 	    0.012495 	     0.012682 	     0.025177 
19200 	 13 	       33.989 	       34.232 	   0.84304 	   0.83955 	    0.012493 	     0.012680 	     0.025173 
19300 	 13 	       33.987 	       34.231 	   0.84306 	   0.83956 	    0.012493 	     0.012680 	     0.025173 
19400 	 13 	       33.985 	       34.229 	   0.84308 	   0.83957 	    0.012493 	     0.012681 	     0.025174 
19500 	 13 	       33.983 	       34.228 	   0.84309 	   0.83958 	    0.012493 	     0.012682 	     0.025175 
19600 	 13 	       33.981 	       34.227 	   0.84310 	   0.83958 	    0.012494 	     0.012683 	     0.025177 
19700 	 13 	       33.979 	       34.226 	   0.84311 	   0.83959 	    0.012495 	     0.012684 	     0.025179 
19800 	 13 	       33.978 	       34.225 	   0.84311 	   0.83959 	    0.012496 	     0.012685 	     0.025181 
19900 	 13 	       33.976 	       34.224 	   0.84312 	   0.83959 	    0.012497 	     0.012686 	     0.025183 
20000 	 13 	       33.939 	       34.187 	   0.84366 	   0.84015 	    0.012410 	     0.012599 	     0.025009 
100 	 14 	       56.941 	       56.953 	   0.48180 	   0.48054 	    0.081718 	     0.081513 	     0.163231 
200 	 14 	       57.256 	       57.285 	   0.49825 	   0.49694 	    0.080618 	     0.080431 	     0.161049 
300 	 14 	       56.684 	       56.675 	   0.50927 	   0.50794 	    0.078756 	     0.078583 	     0.157338 
400 	 14 	       56.252 	       56.205 	   0.51323 	   0.51191 	    0.077881 	     0.077712 	     0.155593 
500 	 14 	       56.236 	       56.164 	   0.51232 	   0.51108 	    0.077988 	     0.077814 	     0.155802 
600 	 14 	       56.288 	       56.210 	   0.50901 	   0.50790 	    0.078292 	     0.078110 	     0.156402 
700 	 14 	       56.361 	       56.282 	   0.50479 	   0.50379 	    0.078615 	     0.078424 	     0.157039 
800 	 14 	       56.335 	       56.290 	   0.50246 	   0.50155 	    0.078601 	     0.078401 	     0.157002 
900 	 14 	       56.196 	       56.205 	   0.50158 	   0.50080 	    0.078465 	     0.078256 	     0.156720 
1000 	 14 	       42.324 	       42.599 	   0.69859 	   0.69575 	    0.036705 	     0.036748 	     0.073453 
1100 	 14 	       43.204 	       43.416 	   0.67155 	   0.66880 	    0.040371 	     0.040387 	     0.080759 
1200 	 14 	       43.437 	       43.617 	   0.66296 	   0.66036 	    0.041598 	     0.041597 	     0.083195 
1300 	 14 	       43.470 	       43.628 	   0.65852 	   0.65605 	    0.042162 	     0.042147 	     0.084309 
1400 	 14 	       43.425 	       43.566 	   0.65638 	   0.65400 	    0.042387 	     0.042363 	     0.084749 
1500 	 14 	       43.355 	       43.478 	   0.65547 	   0.65315 	    0.042439 	     0.042408 	     0.084847 
1600 	 14 	       43.294 	       43.408 	   0.65492 	   0.65263 	    0.042460 	     0.042425 	     0.084886 
1700 	 14 	       43.267 	       43.372 	   0.65441 	   0.65214 	    0.042514 	     0.042476 	     0.084990 
1800 	 14 	       43.269 	       43.365 	   0.65395 	   0.65169 	    0.042597 	     0.042556 	     0.085153 
1900 	 14 	       43.290 	       43.378 	   0.65360 	   0.65134 	    0.042693 	     0.042649 	     0.085342 
2000 	 14 	       38.899 	       39.062 	   0.73788 	   0.73484 	    0.028172 	     0.028230 	     0.056402 
2100 	 14 	       38.993 	       39.145 	   0.74383 	   0.74075 	    0.028147 	     0.028203 	     0.056350 
2200 	 14 	       39.019 	       39.162 	   0.74510 	   0.74196 	    0.028250 	     0.028303 	     0.056553 
2300 	 14 	       38.958 	       39.093 	   0.74656 	   0.74334 	    0.028200 	     0.028256 	     0.056456 
2400 	 14 	       38.906 	       39.025 	   0.74749 	   0.74422 	    0.028146 	     0.028203 	     0.056349 
2500 	 14 	       38.894 	       39.005 	   0.74801 	   0.74471 	    0.028152 	     0.028209 	     0.056361 
2600 	 14 	       38.893 	       38.998 	   0.74834 	   0.74500 	    0.028178 	     0.028233 	     0.056411 
2700 	 14 	       38.895 	       38.996 	   0.74864 	   0.74527 	    0.028204 	     0.028259 	     0.056463 
2800 	 14 	       38.900 	       38.997 	   0.74897 	   0.74559 	    0.028224 	     0.028279 	     0.056503 
2900 	 14 	       38.905 	       38.998 	   0.74938 	   0.74597 	    0.028237 	     0.028291 	     0.056528 
3000 	 14 	       36.741 	       36.883 	   0.78903 	   0.78534 	    0.021180 	     0.021295 	     0.042475 
3100 	 14 	       36.791 	       36.912 	   0.79037 	   0.78664 	    0.021180 	     0.021295 	     0.042475 
3200 	 14 	       36.822 	       36.938 	   0.79043 	   0.78665 	    0.021204 	     0.021321 	     0.042525 
3300 	 14 	       36.849 	       36.961 	   0.79051 	   0.78669 	    0.021225 	     0.021343 	     0.042568 
3400 	 14 	       36.879 	       36.990 	   0.79050 	   0.78663 	    0.021261 	     0.021380 	     0.042641 
3500 	 14 	       36.928 	       37.041 	   0.79011 	   0.78620 	    0.021343 	     0.021463 	     0.042807 
3600 	 14 	       37.057 	       37.174 	   0.78821 	   0.78425 	    0.021596 	     0.021717 	     0.043314 
3700 	 14 	       37.267 	       37.388 	   0.78425 	   0.78018 	    0.021966 	     0.022091 	     0.044057 
3800 	 14 	       37.139 	       37.268 	   0.78708 	   0.78297 	    0.021412 	     0.021545 	     0.042958 
3900 	 14 	       36.981 	       37.106 	   0.78950 	   0.78539 	    0.020973 	     0.021110 	     0.042083 
4000 	 14 	       35.790 	       35.947 	   0.81036 	   0.80623 	    0.017231 	     0.017404 	     0.034635 
4100 	 14 	       35.759 	       35.884 	   0.81110 	   0.80702 	    0.017308 	     0.017475 	     0.034783 
4200 	 14 	       35.745 	       35.866 	   0.81149 	   0.80740 	    0.017269 	     0.017437 	     0.034707 
4300 	 14 	       35.738 	       35.856 	   0.81178 	   0.80768 	    0.017249 	     0.017417 	     0.034666 
4400 	 14 	       35.733 	       35.849 	   0.81198 	   0.80789 	    0.017240 	     0.017409 	     0.034649 
4500 	 14 	       35.730 	       35.845 	   0.81214 	   0.80805 	    0.017239 	     0.017407 	     0.034646 
4600 	 14 	       35.728 	       35.841 	   0.81228 	   0.80820 	    0.017240 	     0.017409 	     0.034649 
4700 	 14 	       35.726 	       35.838 	   0.81242 	   0.80833 	    0.017242 	     0.017410 	     0.034652 
4800 	 14 	       35.723 	       35.835 	   0.81255 	   0.80847 	    0.017243 	     0.017411 	     0.034654 
4900 	 14 	       35.720 	       35.831 	   0.81268 	   0.80860 	    0.017243 	     0.017411 	     0.034654 
5000 	 14 	       35.135 	       35.263 	   0.82328 	   0.81924 	    0.015307 	     0.015495 	     0.030803 
5100 	 14 	       35.099 	       35.204 	   0.82396 	   0.81999 	    0.015336 	     0.015518 	     0.030854 
5200 	 14 	       35.086 	       35.187 	   0.82430 	   0.82034 	    0.015298 	     0.015481 	     0.030779 
5300 	 14 	       35.076 	       35.175 	   0.82456 	   0.82060 	    0.015268 	     0.015451 	     0.030719 
5400 	 14 	       35.067 	       35.164 	   0.82478 	   0.82082 	    0.015245 	     0.015427 	     0.030672 
5500 	 14 	       35.060 	       35.154 	   0.82497 	   0.82100 	    0.015225 	     0.015408 	     0.030633 
5600 	 14 	       35.052 	       35.144 	   0.82513 	   0.82117 	    0.015208 	     0.015391 	     0.030599 
5700 	 14 	       35.045 	       35.135 	   0.82529 	   0.82132 	    0.015193 	     0.015377 	     0.030570 
5800 	 14 	       35.038 	       35.127 	   0.82543 	   0.82146 	    0.015180 	     0.015364 	     0.030545 
5900 	 14 	       35.031 	       35.119 	   0.82556 	   0.82159 	    0.015169 	     0.015353 	     0.030521 
6000 	 14 	       34.660 	       34.763 	   0.83173 	   0.82779 	    0.014038 	     0.014235 	     0.028272 
6100 	 14 	       34.603 	       34.689 	   0.83260 	   0.82872 	    0.014005 	     0.014198 	     0.028203 
6200 	 14 	       34.586 	       34.671 	   0.83292 	   0.82905 	    0.013969 	     0.014162 	     0.028131 
6300 	 14 	       34.575 	       34.659 	   0.83314 	   0.82928 	    0.013942 	     0.014135 	     0.028078 
6400 	 14 	       34.566 	       34.651 	   0.83333 	   0.82946 	    0.013922 	     0.014115 	     0.028036 
6500 	 14 	       34.558 	       34.643 	   0.83349 	   0.82962 	    0.013905 	     0.014099 	     0.028004 
6600 	 14 	       34.551 	       34.637 	   0.83363 	   0.82975 	    0.013894 	     0.014088 	     0.027982 
6700 	 14 	       34.545 	       34.633 	   0.83376 	   0.82987 	    0.013889 	     0.014083 	     0.027972 
6800 	 14 	       34.538 	       34.631 	   0.83386 	   0.82997 	    0.013894 	     0.014088 	     0.027982 
6900 	 14 	       34.532 	       34.632 	   0.83395 	   0.83004 	    0.013925 	     0.014119 	     0.028045 
7000 	 14 	       34.281 	       34.405 	   0.83775 	   0.83386 	    0.013335 	     0.013537 	     0.026872 
7100 	 14 	       34.221 	       34.367 	   0.83848 	   0.83462 	    0.013624 	     0.013815 	     0.027439 
7200 	 14 	       34.227 	       34.382 	   0.83870 	   0.83485 	    0.013788 	     0.013974 	     0.027763 
7300 	 14 	       34.224 	       34.378 	   0.83899 	   0.83515 	    0.013805 	     0.013990 	     0.027795 
7400 	 14 	       34.216 	       34.368 	   0.83928 	   0.83543 	    0.013797 	     0.013981 	     0.027777 
7500 	 14 	       34.206 	       34.358 	   0.83954 	   0.83570 	    0.013783 	     0.013967 	     0.027750 
7600 	 14 	       34.196 	       34.347 	   0.83978 	   0.83593 	    0.013768 	     0.013953 	     0.027721 
7700 	 14 	       34.187 	       34.337 	   0.84000 	   0.83615 	    0.013754 	     0.013938 	     0.027692 
7800 	 14 	       34.180 	       34.328 	   0.84020 	   0.83635 	    0.013739 	     0.013924 	     0.027664 
7900 	 14 	       34.174 	       34.319 	   0.84039 	   0.83654 	    0.013725 	     0.013911 	     0.027636 
8000 	 14 	       33.957 	       34.108 	   0.84306 	   0.83923 	    0.013133 	     0.013326 	     0.026459 
8100 	 14 	       33.905 	       34.040 	   0.84405 	   0.84026 	    0.013084 	     0.013274 	     0.026358 
8200 	 14 	       33.886 	       34.017 	   0.84438 	   0.84058 	    0.013053 	     0.013244 	     0.026297 
8300 	 14 	       33.875 	       34.003 	   0.84460 	   0.84081 	    0.013032 	     0.013223 	     0.026255 
8400 	 14 	       33.866 	       33.992 	   0.84478 	   0.84099 	    0.013015 	     0.013206 	     0.026221 
8500 	 14 	       33.858 	       33.982 	   0.84495 	   0.84115 	    0.012999 	     0.013191 	     0.026190 
8600 	 14 	       33.851 	       33.973 	   0.84509 	   0.84129 	    0.012985 	     0.013178 	     0.026163 
8700 	 14 	       33.844 	       33.964 	   0.84523 	   0.84142 	    0.012972 	     0.013165 	     0.026136 
8800 	 14 	       33.838 	       33.954 	   0.84535 	   0.84154 	    0.012959 	     0.013153 	     0.026112 
8900 	 14 	       33.831 	       33.946 	   0.84547 	   0.84166 	    0.012947 	     0.013141 	     0.026088 
9000 	 14 	       33.682 	       33.800 	   0.84728 	   0.84348 	    0.012541 	     0.012741 	     0.025282 
9100 	 14 	       33.631 	       33.735 	   0.84816 	   0.84439 	    0.012493 	     0.012691 	     0.025184 
9200 	 14 	       33.611 	       33.712 	   0.84841 	   0.84465 	    0.012469 	     0.012667 	     0.025136 
9300 	 14 	       33.599 	       33.697 	   0.84858 	   0.84481 	    0.012452 	     0.012650 	     0.025102 
9400 	 14 	       33.590 	       33.684 	   0.84871 	   0.84495 	    0.012438 	     0.012637 	     0.025075 
9500 	 14 	       33.581 	       33.673 	   0.84883 	   0.84506 	    0.012426 	     0.012625 	     0.025051 
9600 	 14 	       33.573 	       33.664 	   0.84893 	   0.84516 	    0.012415 	     0.012614 	     0.025029 
9700 	 14 	       33.566 	       33.654 	   0.84903 	   0.84525 	    0.012405 	     0.012604 	     0.025008 
9800 	 14 	       33.559 	       33.645 	   0.84912 	   0.84534 	    0.012395 	     0.012594 	     0.024989 
9900 	 14 	       33.553 	       33.637 	   0.84920 	   0.84542 	    0.012386 	     0.012585 	     0.024971 
10000 	 14 	       33.447 	       33.535 	   0.85048 	   0.84671 	    0.012101 	     0.012305 	     0.024407 
10100 	 14 	       33.398 	       33.475 	   0.85124 	   0.84750 	    0.012058 	     0.012260 	     0.024319 
10200 	 14 	       33.380 	       33.454 	   0.85144 	   0.84770 	    0.012040 	     0.012242 	     0.024281 
10300 	 14 	       33.370 	       33.442 	   0.85157 	   0.84782 	    0.012027 	     0.012229 	     0.024256 
10400 	 14 	       33.362 	       33.432 	   0.85167 	   0.84792 	    0.012017 	     0.012219 	     0.024235 
10500 	 14 	       33.356 	       33.424 	   0.85175 	   0.84800 	    0.012007 	     0.012210 	     0.024217 
10600 	 14 	       33.351 	       33.418 	   0.85182 	   0.84808 	    0.011999 	     0.012201 	     0.024200 
10700 	 14 	       33.348 	       33.412 	   0.85189 	   0.84814 	    0.011991 	     0.012194 	     0.024186 
10800 	 14 	       33.345 	       33.408 	   0.85195 	   0.84820 	    0.011984 	     0.012187 	     0.024172 
10900 	 14 	       33.343 	       33.405 	   0.85200 	   0.84825 	    0.011978 	     0.012181 	     0.024159 
11000 	 14 	       33.266 	       33.333 	   0.85294 	   0.84919 	    0.011775 	     0.011981 	     0.023756 
11100 	 14 	       33.226 	       33.288 	   0.85360 	   0.84987 	    0.011737 	     0.011942 	     0.023680 
11200 	 14 	       33.214 	       33.275 	   0.85376 	   0.85003 	    0.011724 	     0.011928 	     0.023652 
11300 	 14 	       33.207 	       33.268 	   0.85386 	   0.85013 	    0.011715 	     0.011919 	     0.023634 
11400 	 14 	       33.202 	       33.264 	   0.85394 	   0.85021 	    0.011707 	     0.011912 	     0.023619 
11500 	 14 	       33.199 	       33.261 	   0.85400 	   0.85027 	    0.011700 	     0.011905 	     0.023606 
11600 	 14 	       33.196 	       33.258 	   0.85406 	   0.85033 	    0.011694 	     0.011900 	     0.023594 
11700 	 14 	       33.194 	       33.256 	   0.85412 	   0.85038 	    0.011689 	     0.011894 	     0.023583 
11800 	 14 	       33.192 	       33.255 	   0.85417 	   0.85043 	    0.011683 	     0.011889 	     0.023573 
11900 	 14 	       33.190 	       33.253 	   0.85422 	   0.85048 	    0.011678 	     0.011884 	     0.023563 
12000 	 14 	       33.134 	       33.201 	   0.85494 	   0.85120 	    0.011529 	     0.011737 	     0.023266 
12100 	 14 	       33.099 	       33.162 	   0.85552 	   0.85179 	    0.011495 	     0.011702 	     0.023197 
12200 	 14 	       33.088 	       33.151 	   0.85566 	   0.85193 	    0.011484 	     0.011691 	     0.023175 
12300 	 14 	       33.082 	       33.145 	   0.85574 	   0.85202 	    0.011477 	     0.011684 	     0.023160 
12400 	 14 	       33.078 	       33.141 	   0.85581 	   0.85208 	    0.011471 	     0.011678 	     0.023149 
12500 	 14 	       33.075 	       33.138 	   0.85587 	   0.85214 	    0.011465 	     0.011673 	     0.023138 
12600 	 14 	       33.072 	       33.136 	   0.85593 	   0.85219 	    0.011461 	     0.011668 	     0.023129 
12700 	 14 	       33.070 	       33.133 	   0.85597 	   0.85224 	    0.011456 	     0.011664 	     0.023120 
12800 	 14 	       33.068 	       33.132 	   0.85602 	   0.85228 	    0.011452 	     0.011660 	     0.023112 
12900 	 14 	       33.066 	       33.130 	   0.85606 	   0.85232 	    0.011448 	     0.011656 	     0.023104 
13000 	 14 	       33.024 	       33.092 	   0.85663 	   0.85288 	    0.011335 	     0.011545 	     0.022880 
13100 	 14 	       32.992 	       33.057 	   0.85714 	   0.85340 	    0.011304 	     0.011513 	     0.022817 
13200 	 14 	       32.983 	       33.047 	   0.85726 	   0.85352 	    0.011295 	     0.011504 	     0.022799 
13300 	 14 	       32.977 	       33.042 	   0.85733 	   0.85360 	    0.011289 	     0.011498 	     0.022787 
13400 	 14 	       32.974 	       33.038 	   0.85739 	   0.85365 	    0.011284 	     0.011494 	     0.022778 
13500 	 14 	       32.970 	       33.035 	   0.85744 	   0.85370 	    0.011280 	     0.011490 	     0.022770 
13600 	 14 	       32.968 	       33.032 	   0.85749 	   0.85375 	    0.011276 	     0.011486 	     0.022762 
13700 	 14 	       32.965 	       33.030 	   0.85753 	   0.85379 	    0.011272 	     0.011483 	     0.022755 
13800 	 14 	       32.963 	       33.029 	   0.85757 	   0.85382 	    0.011269 	     0.011480 	     0.022749 
13900 	 14 	       32.962 	       33.027 	   0.85761 	   0.85386 	    0.011266 	     0.011477 	     0.022743 
14000 	 14 	       32.928 	       32.997 	   0.85806 	   0.85431 	    0.011179 	     0.011391 	     0.022570 
14100 	 14 	       32.900 	       32.968 	   0.85851 	   0.85476 	    0.011150 	     0.011362 	     0.022513 
14200 	 14 	       32.892 	       32.959 	   0.85861 	   0.85487 	    0.011143 	     0.011354 	     0.022497 
14300 	 14 	       32.886 	       32.954 	   0.85868 	   0.85493 	    0.011138 	     0.011350 	     0.022488 
14400 	 14 	       32.883 	       32.951 	   0.85873 	   0.85498 	    0.011134 	     0.011346 	     0.022480 
14500 	 14 	       32.880 	       32.948 	   0.85878 	   0.85502 	    0.011131 	     0.011343 	     0.022474 
14600 	 14 	       32.877 	       32.946 	   0.85882 	   0.85506 	    0.011128 	     0.011340 	     0.022468 
14700 	 14 	       32.875 	       32.944 	   0.85885 	   0.85509 	    0.011125 	     0.011337 	     0.022462 
14800 	 14 	       32.873 	       32.942 	   0.85889 	   0.85513 	    0.011122 	     0.011335 	     0.022457 
14900 	 14 	       32.871 	       32.941 	   0.85892 	   0.85515 	    0.011120 	     0.011333 	     0.022453 
15000 	 14 	       32.843 	       32.916 	   0.85929 	   0.85552 	    0.011052 	     0.011266 	     0.022318 
15100 	 14 	       32.820 	       32.892 	   0.85969 	   0.85592 	    0.011026 	     0.011239 	     0.022265 
15200 	 14 	       32.812 	       32.884 	   0.85978 	   0.85601 	    0.011019 	     0.011233 	     0.022252 
15300 	 14 	       32.808 	       32.880 	   0.85983 	   0.85607 	    0.011015 	     0.011229 	     0.022244 
15400 	 14 	       32.804 	       32.876 	   0.85988 	   0.85612 	    0.011012 	     0.011226 	     0.022238 
15500 	 14 	       32.801 	       32.874 	   0.85992 	   0.85615 	    0.011009 	     0.011223 	     0.022233 
15600 	 14 	       32.798 	       32.871 	   0.85995 	   0.85619 	    0.011007 	     0.011221 	     0.022228 
15700 	 14 	       32.796 	       32.869 	   0.85999 	   0.85622 	    0.011005 	     0.011219 	     0.022224 
15800 	 14 	       32.794 	       32.868 	   0.86001 	   0.85624 	    0.011003 	     0.011217 	     0.022219 
15900 	 14 	       32.792 	       32.866 	   0.86004 	   0.85627 	    0.011001 	     0.011215 	     0.022216 
16000 	 14 	       32.769 	       32.846 	   0.86035 	   0.85657 	    0.010946 	     0.011162 	     0.022108 
16100 	 14 	       32.749 	       32.826 	   0.86070 	   0.85693 	    0.010922 	     0.011137 	     0.022059 
16200 	 14 	       32.742 	       32.819 	   0.86078 	   0.85701 	    0.010917 	     0.011131 	     0.022048 
16300 	 14 	       32.738 	       32.815 	   0.86083 	   0.85706 	    0.010913 	     0.011128 	     0.022041 
16400 	 14 	       32.734 	       32.812 	   0.86087 	   0.85710 	    0.010911 	     0.011126 	     0.022036 
16500 	 14 	       32.731 	       32.809 	   0.86091 	   0.85714 	    0.010909 	     0.011123 	     0.022032 
16600 	 14 	       32.728 	       32.807 	   0.86094 	   0.85717 	    0.010907 	     0.011121 	     0.022028 
16700 	 14 	       32.726 	       32.805 	   0.86097 	   0.85719 	    0.010905 	     0.011120 	     0.022024 
16800 	 14 	       32.724 	       32.803 	   0.86099 	   0.85722 	    0.010903 	     0.011118 	     0.022021 
16900 	 14 	       32.722 	       32.801 	   0.86102 	   0.85724 	    0.010901 	     0.011116 	     0.022017 
17000 	 14 	       32.702 	       32.784 	   0.86127 	   0.85750 	    0.010857 	     0.011073 	     0.021931 
17100 	 14 	       32.685 	       32.767 	   0.86159 	   0.85782 	    0.010835 	     0.011050 	     0.021885 
17200 	 14 	       32.679 	       32.760 	   0.86166 	   0.85789 	    0.010830 	     0.011045 	     0.021875 
17300 	 14 	       32.675 	       32.756 	   0.86171 	   0.85794 	    0.010827 	     0.011042 	     0.021870 
17400 	 14 	       32.671 	       32.753 	   0.86174 	   0.85797 	    0.010825 	     0.011040 	     0.021865 
17500 	 14 	       32.668 	       32.750 	   0.86177 	   0.85800 	    0.010823 	     0.011038 	     0.021861 
17600 	 14 	       32.665 	       32.748 	   0.86180 	   0.85803 	    0.010821 	     0.011037 	     0.021858 
17700 	 14 	       32.662 	       32.745 	   0.86183 	   0.85806 	    0.010820 	     0.011035 	     0.021855 
17800 	 14 	       32.660 	       32.743 	   0.86185 	   0.85808 	    0.010818 	     0.011034 	     0.021852 
17900 	 14 	       32.657 	       32.742 	   0.86187 	   0.85810 	    0.010817 	     0.011032 	     0.021849 
18000 	 14 	       32.641 	       32.727 	   0.86209 	   0.85832 	    0.010781 	     0.010997 	     0.021778 
18100 	 14 	       32.626 	       32.713 	   0.86237 	   0.85861 	    0.010760 	     0.010976 	     0.021736 
18200 	 14 	       32.621 	       32.708 	   0.86244 	   0.85867 	    0.010756 	     0.010971 	     0.021727 
18300 	 14 	       32.616 	       32.704 	   0.86248 	   0.85871 	    0.010753 	     0.010969 	     0.021722 
18400 	 14 	       32.613 	       32.701 	   0.86251 	   0.85875 	    0.010752 	     0.010967 	     0.021718 
18500 	 14 	       32.610 	       32.698 	   0.86254 	   0.85877 	    0.010750 	     0.010965 	     0.021715 
18600 	 14 	       32.607 	       32.696 	   0.86256 	   0.85880 	    0.010749 	     0.010964 	     0.021712 
18700 	 14 	       32.604 	       32.693 	   0.86258 	   0.85882 	    0.010747 	     0.010962 	     0.021710 
18800 	 14 	       32.602 	       32.691 	   0.86261 	   0.85884 	    0.010746 	     0.010961 	     0.021707 
18900 	 14 	       32.599 	       32.690 	   0.86263 	   0.85886 	    0.010745 	     0.010960 	     0.021705 
19000 	 14 	       32.585 	       32.677 	   0.86281 	   0.85905 	    0.010715 	     0.010931 	     0.021646 
19100 	 14 	       32.572 	       32.665 	   0.86307 	   0.85931 	    0.010696 	     0.010911 	     0.021607 
19200 	 14 	       32.567 	       32.660 	   0.86313 	   0.85937 	    0.010692 	     0.010907 	     0.021599 
19300 	 14 	       32.563 	       32.656 	   0.86316 	   0.85940 	    0.010690 	     0.010905 	     0.021595 
19400 	 14 	       32.559 	       32.653 	   0.86319 	   0.85943 	    0.010688 	     0.010903 	     0.021591 
19500 	 14 	       32.556 	       32.651 	   0.86321 	   0.85946 	    0.010687 	     0.010902 	     0.021589 
19600 	 14 	       32.553 	       32.648 	   0.86324 	   0.85948 	    0.010686 	     0.010901 	     0.021586 
19700 	 14 	       32.551 	       32.646 	   0.86326 	   0.85950 	    0.010685 	     0.010899 	     0.021584 
19800 	 14 	       32.548 	       32.644 	   0.86328 	   0.85952 	    0.010684 	     0.010898 	     0.021582 
19900 	 14 	       32.546 	       32.642 	   0.86330 	   0.85954 	    0.010683 	     0.010897 	     0.021580 
20000 	 14 	       32.534 	       32.632 	   0.86346 	   0.85971 	    0.010658 	     0.010873 	     0.021531 
100 	 15 	       62.889 	       62.867 	   0.52827 	   0.52792 	    0.091573 	     0.091193 	     0.182766 
200 	 15 	       60.689 	       60.617 	   0.50672 	   0.50618 	    0.087126 	     0.086782 	     0.173908 
300 	 15 	       60.661 	       60.599 	   0.49990 	   0.49920 	    0.086987 	     0.086647 	     0.173634 
400 	 15 	       60.948 	       60.868 	   0.48784 	   0.48720 	    0.087727 	     0.087388 	     0.175115 
500 	 15 	       61.223 	       61.157 	   0.48515 	   0.48446 	    0.087807 	     0.087478 	     0.175285 
600 	 15 	       61.408 	       61.404 	   0.49973 	   0.49895 	    0.086896 	     0.086579 	     0.173475 
700 	 15 	       61.195 	       61.181 	   0.50190 	   0.50104 	    0.086729 	     0.086421 	     0.173151 
800 	 15 	       61.440 	       61.430 	   0.50602 	   0.50509 	    0.087071 	     0.086768 	     0.173839 
900 	 15 	       61.632 	       61.629 	   0.50977 	   0.50881 	    0.087273 	     0.086973 	     0.174245 
1000 	 15 	       47.708 	       47.800 	   0.68226 	   0.67983 	    0.045417 	     0.045351 	     0.090768 
1100 	 15 	       48.134 	       48.214 	   0.68434 	   0.68184 	    0.047672 	     0.047596 	     0.095268 
1200 	 15 	       48.166 	       48.259 	   0.68212 	   0.67961 	    0.048071 	     0.047988 	     0.096059 
1300 	 15 	       48.102 	       48.199 	   0.68104 	   0.67852 	    0.048062 	     0.047977 	     0.096039 
1400 	 15 	       48.033 	       48.136 	   0.67980 	   0.67728 	    0.047967 	     0.047881 	     0.095848 
1500 	 15 	       47.941 	       48.043 	   0.67782 	   0.67530 	    0.047871 	     0.047785 	     0.095656 
1600 	 15 	       47.852 	       47.941 	   0.67493 	   0.67240 	    0.047930 	     0.047844 	     0.095773 
1700 	 15 	       47.885 	       47.966 	   0.66831 	   0.66575 	    0.048571 	     0.048482 	     0.097052 
1800 	 15 	       47.717 	       47.794 	   0.66330 	   0.66074 	    0.048736 	     0.048645 	     0.097381 
1900 	 15 	       47.496 	       47.565 	   0.66167 	   0.65912 	    0.048608 	     0.048516 	     0.097124 
2000 	 15 	       41.519 	       41.660 	   0.73557 	   0.73253 	    0.032739 	     0.032748 	     0.065488 
2100 	 15 	       41.068 	       41.186 	   0.73934 	   0.73630 	    0.032002 	     0.032011 	     0.064014 
2200 	 15 	       40.929 	       41.044 	   0.73819 	   0.73513 	    0.031955 	     0.031964 	     0.063919 
2300 	 15 	       40.858 	       40.974 	   0.73695 	   0.73388 	    0.031990 	     0.031998 	     0.063988 
2400 	 15 	       40.832 	       40.941 	   0.73574 	   0.73267 	    0.032064 	     0.032071 	     0.064135 
2500 	 15 	       40.832 	       40.931 	   0.73464 	   0.73156 	    0.032156 	     0.032163 	     0.064320 
2600 	 15 	       40.845 	       40.945 	   0.73363 	   0.73054 	    0.032263 	     0.032270 	     0.064533 
2700 	 15 	       40.866 	       40.969 	   0.73266 	   0.72956 	    0.032379 	     0.032384 	     0.064763 
2800 	 15 	       40.890 	       40.995 	   0.73171 	   0.72859 	    0.032492 	     0.032497 	     0.064988 
2900 	 15 	       40.912 	       41.019 	   0.73080 	   0.72766 	    0.032597 	     0.032602 	     0.065199 
3000 	 15 	       37.986 	       38.143 	   0.77217 	   0.76876 	    0.024498 	     0.024568 	     0.049065 
3100 	 15 	       37.870 	       38.029 	   0.77575 	   0.77232 	    0.024362 	     0.024431 	     0.048793 
3200 	 15 	       37.864 	       38.022 	   0.77556 	   0.77210 	    0.024366 	     0.024437 	     0.048803 
3300 	 15 	       37.860 	       38.019 	   0.77522 	   0.77172 	    0.024381 	     0.024453 	     0.048834 
3400 	 15 	       37.860 	       38.019 	   0.77484 	   0.77131 	    0.024402 	     0.024475 	     0.048877 
3500 	 15 	       37.862 	       38.024 	   0.77446 	   0.77090 	    0.024425 	     0.024500 	     0.048925 
3600 	 15 	       37.866 	       38.030 	   0.77410 	   0.77051 	    0.024449 	     0.024525 	     0.048975 
3700 	 15 	       37.871 	       38.037 	   0.77377 	   0.77014 	    0.024475 	     0.024552 	     0.049026 
3800 	 15 	       37.877 	       38.045 	   0.77346 	   0.76980 	    0.024500 	     0.024579 	     0.049079 
3900 	 15 	       37.884 	       38.054 	   0.77317 	   0.76947 	    0.024526 	     0.024606 	     0.049131 
4000 	 15 	       36.232 	       36.462 	   0.79722 	   0.79336 	    0.019878 	     0.020005 	     0.039883 
4100 	 15 	       36.187 	       36.405 	   0.79983 	   0.79599 	    0.019886 	     0.020008 	     0.039894 
4200 	 15 	       36.192 	       36.410 	   0.79992 	   0.79604 	    0.019879 	     0.020003 	     0.039883 
4300 	 15 	       36.197 	       36.418 	   0.79986 	   0.79595 	    0.019881 	     0.020008 	     0.039889 
4400 	 15 	       36.203 	       36.426 	   0.79976 	   0.79581 	    0.019890 	     0.020018 	     0.039907 
4500 	 15 	       36.208 	       36.434 	   0.79963 	   0.79565 	    0.019901 	     0.020031 	     0.039932 
4600 	 15 	       36.213 	       36.442 	   0.79951 	   0.79548 	    0.019914 	     0.020046 	     0.039961 
4700 	 15 	       36.218 	       36.450 	   0.79940 	   0.79533 	    0.019929 	     0.020063 	     0.039991 
4800 	 15 	       36.223 	       36.457 	   0.79930 	   0.79520 	    0.019944 	     0.020079 	     0.040023 
4900 	 15 	       36.227 	       36.464 	   0.79923 	   0.79510 	    0.019960 	     0.020097 	     0.040057 
5000 	 15 	       35.228 	       35.500 	   0.81378 	   0.80956 	    0.017154 	     0.017325 	     0.034479 
5100 	 15 	       35.172 	       35.427 	   0.81606 	   0.81189 	    0.017158 	     0.017323 	     0.034481 
5200 	 15 	       35.171 	       35.428 	   0.81639 	   0.81220 	    0.017152 	     0.017319 	     0.034471 
5300 	 15 	       35.179 	       35.436 	   0.81662 	   0.81241 	    0.017161 	     0.017329 	     0.034490 
5400 	 15 	       35.192 	       35.452 	   0.81674 	   0.81251 	    0.017181 	     0.017351 	     0.034532 
5500 	 15 	       35.203 	       35.466 	   0.81676 	   0.81250 	    0.017202 	     0.017374 	     0.034575 
5600 	 15 	       35.208 	       35.475 	   0.81674 	   0.81245 	    0.017214 	     0.017387 	     0.034601 
5700 	 15 	       35.210 	       35.480 	   0.81673 	   0.81241 	    0.017219 	     0.017394 	     0.034613 
5800 	 15 	       35.209 	       35.482 	   0.81672 	   0.81238 	    0.017221 	     0.017398 	     0.034619 
5900 	 15 	       35.208 	       35.483 	   0.81672 	   0.81236 	    0.017222 	     0.017400 	     0.034623 
6000 	 15 	       34.601 	       34.898 	   0.82575 	   0.82133 	    0.015442 	     0.015645 	     0.031086 
6100 	 15 	       34.546 	       34.831 	   0.82762 	   0.82326 	    0.015405 	     0.015601 	     0.031006 
6200 	 15 	       34.535 	       34.820 	   0.82786 	   0.82348 	    0.015389 	     0.015586 	     0.030974 
6300 	 15 	       34.530 	       34.815 	   0.82797 	   0.82357 	    0.015384 	     0.015582 	     0.030965 
6400 	 15 	       34.528 	       34.813 	   0.82803 	   0.82362 	    0.015384 	     0.015583 	     0.030968 
6500 	 15 	       34.526 	       34.812 	   0.82808 	   0.82365 	    0.015389 	     0.015589 	     0.030978 
6600 	 15 	       34.526 	       34.813 	   0.82813 	   0.82368 	    0.015397 	     0.015597 	     0.030994 
6700 	 15 	       34.526 	       34.816 	   0.82820 	   0.82373 	    0.015408 	     0.015609 	     0.031017 
6800 	 15 	       34.527 	       34.821 	   0.82829 	   0.82380 	    0.015422 	     0.015624 	     0.031045 
6900 	 15 	       34.530 	       34.829 	   0.82842 	   0.82391 	    0.015438 	     0.015641 	     0.031079 
7000 	 15 	       34.141 	       34.469 	   0.83448 	   0.82995 	    0.014277 	     0.014497 	     0.028773 
7100 	 15 	       34.105 	       34.426 	   0.83652 	   0.83204 	    0.014247 	     0.014460 	     0.028707 
7200 	 15 	       34.121 	       34.443 	   0.83720 	   0.83272 	    0.014260 	     0.014473 	     0.028732 
7300 	 15 	       34.150 	       34.475 	   0.83755 	   0.83306 	    0.014265 	     0.014479 	     0.028745 
7400 	 15 	       34.177 	       34.506 	   0.83773 	   0.83323 	    0.014261 	     0.014476 	     0.028737 
7500 	 15 	       34.206 	       34.538 	   0.83787 	   0.83335 	    0.014255 	     0.014471 	     0.028726 
7600 	 15 	       34.233 	       34.568 	   0.83799 	   0.83346 	    0.014250 	     0.014467 	     0.028717 
7700 	 15 	       34.253 	       34.592 	   0.83812 	   0.83357 	    0.014246 	     0.014464 	     0.028710 
7800 	 15 	       34.267 	       34.611 	   0.83824 	   0.83367 	    0.014243 	     0.014462 	     0.028705 
7900 	 15 	       34.276 	       34.625 	   0.83836 	   0.83377 	    0.014241 	     0.014461 	     0.028702 
8000 	 15 	       34.016 	       34.381 	   0.84150 	   0.83693 	    0.013495 	     0.013727 	     0.027222 
8100 	 15 	       33.987 	       34.350 	   0.84295 	   0.83840 	    0.013446 	     0.013675 	     0.027121 
8200 	 15 	       33.983 	       34.351 	   0.84316 	   0.83860 	    0.013435 	     0.013664 	     0.027098 
8300 	 15 	       33.983 	       34.355 	   0.84329 	   0.83873 	    0.013431 	     0.013660 	     0.027092 
8400 	 15 	       33.983 	       34.359 	   0.84340 	   0.83883 	    0.013430 	     0.013660 	     0.027090 
8500 	 15 	       33.985 	       34.364 	   0.84349 	   0.83891 	    0.013431 	     0.013661 	     0.027092 
8600 	 15 	       33.987 	       34.370 	   0.84358 	   0.83899 	    0.013433 	     0.013663 	     0.027096 
8700 	 15 	       33.990 	       34.376 	   0.84365 	   0.83906 	    0.013435 	     0.013666 	     0.027100 
8800 	 15 	       33.993 	       34.382 	   0.84372 	   0.83912 	    0.013438 	     0.013668 	     0.027106 
8900 	 15 	       33.996 	       34.389 	   0.84379 	   0.83918 	    0.013441 	     0.013672 	     0.027112 
9000 	 15 	       33.805 	       34.209 	   0.84584 	   0.84124 	    0.012917 	     0.013157 	     0.026074 
9100 	 15 	       33.776 	       34.175 	   0.84702 	   0.84246 	    0.012873 	     0.013109 	     0.025982 
9200 	 15 	       33.772 	       34.175 	   0.84717 	   0.84261 	    0.012865 	     0.013101 	     0.025965 
9300 	 15 	       33.771 	       34.177 	   0.84727 	   0.84270 	    0.012862 	     0.013098 	     0.025960 
9400 	 15 	       33.772 	       34.181 	   0.84734 	   0.84277 	    0.012862 	     0.013098 	     0.025959 
9500 	 15 	       33.774 	       34.185 	   0.84740 	   0.84283 	    0.012862 	     0.013098 	     0.025961 
9600 	 15 	       33.776 	       34.190 	   0.84746 	   0.84289 	    0.012863 	     0.013100 	     0.025963 
9700 	 15 	       33.778 	       34.195 	   0.84751 	   0.84293 	    0.012865 	     0.013102 	     0.025967 
9800 	 15 	       33.780 	       34.199 	   0.84755 	   0.84297 	    0.012867 	     0.013104 	     0.025971 
9900 	 15 	       33.783 	       34.204 	   0.84759 	   0.84302 	    0.012870 	     0.013106 	     0.025976 
10000 	 15 	       33.643 	       34.070 	   0.84904 	   0.84447 	    0.012486 	     0.012728 	     0.025214 
10100 	 15 	       33.615 	       34.035 	   0.85001 	   0.84548 	    0.012446 	     0.012685 	     0.025131 
10200 	 15 	       33.610 	       34.034 	   0.85013 	   0.84560 	    0.012439 	     0.012678 	     0.025117 
10300 	 15 	       33.609 	       34.036 	   0.85020 	   0.84567 	    0.012437 	     0.012676 	     0.025113 
10400 	 15 	       33.609 	       34.038 	   0.85026 	   0.84573 	    0.012437 	     0.012676 	     0.025112 
10500 	 15 	       33.610 	       34.041 	   0.85031 	   0.84578 	    0.012437 	     0.012676 	     0.025114 
10600 	 15 	       33.611 	       34.043 	   0.85035 	   0.84582 	    0.012439 	     0.012678 	     0.025116 
10700 	 15 	       33.612 	       34.046 	   0.85039 	   0.84586 	    0.012441 	     0.012679 	     0.025120 
10800 	 15 	       33.613 	       34.049 	   0.85042 	   0.84589 	    0.012443 	     0.012681 	     0.025124 
10900 	 15 	       33.615 	       34.053 	   0.85045 	   0.84592 	    0.012445 	     0.012684 	     0.025129 
11000 	 15 	       33.512 	       33.959 	   0.85152 	   0.84701 	    0.012156 	     0.012399 	     0.024554 
11100 	 15 	       33.485 	       33.924 	   0.85235 	   0.84786 	    0.012119 	     0.012360 	     0.024479 
11200 	 15 	       33.481 	       33.923 	   0.85244 	   0.84796 	    0.012114 	     0.012355 	     0.024469 
11300 	 15 	       33.479 	       33.923 	   0.85250 	   0.84802 	    0.012113 	     0.012353 	     0.024467 
11400 	 15 	       33.478 	       33.924 	   0.85255 	   0.84806 	    0.012114 	     0.012354 	     0.024468 
11500 	 15 	       33.478 	       33.926 	   0.85259 	   0.84811 	    0.012115 	     0.012355 	     0.024470 
11600 	 15 	       33.478 	       33.927 	   0.85262 	   0.84814 	    0.012117 	     0.012356 	     0.024473 
11700 	 15 	       33.478 	       33.929 	   0.85265 	   0.84817 	    0.012119 	     0.012358 	     0.024477 
11800 	 15 	       33.478 	       33.931 	   0.85268 	   0.84821 	    0.012121 	     0.012360 	     0.024482 
11900 	 15 	       33.479 	       33.933 	   0.85271 	   0.84823 	    0.012124 	     0.012363 	     0.024487 
12000 	 15 	       33.400 	       33.860 	   0.85353 	   0.84907 	    0.011899 	     0.012142 	     0.024041 
12100 	 15 	       33.372 	       33.825 	   0.85424 	   0.84980 	    0.011867 	     0.012107 	     0.023973 
12200 	 15 	       33.367 	       33.823 	   0.85431 	   0.84988 	    0.011863 	     0.012103 	     0.023966 
12300 	 15 	       33.365 	       33.822 	   0.85436 	   0.84993 	    0.011863 	     0.012103 	     0.023966 
12400 	 15 	       33.363 	       33.822 	   0.85440 	   0.84997 	    0.011864 	     0.012103 	     0.023967 
12500 	 15 	       33.362 	       33.822 	   0.85444 	   0.85001 	    0.011866 	     0.012105 	     0.023970 
12600 	 15 	       33.361 	       33.822 	   0.85447 	   0.85004 	    0.011868 	     0.012107 	     0.023974 
12700 	 15 	       33.361 	       33.823 	   0.85450 	   0.85007 	    0.011870 	     0.012109 	     0.023978 
12800 	 15 	       33.360 	       33.824 	   0.85452 	   0.85010 	    0.011872 	     0.012111 	     0.023983 
12900 	 15 	       33.361 	       33.825 	   0.85455 	   0.85012 	    0.011875 	     0.012113 	     0.023988 
13000 	 15 	       33.298 	       33.764 	   0.85521 	   0.85079 	    0.011697 	     0.011938 	     0.023635 
13100 	 15 	       33.272 	       33.730 	   0.85581 	   0.85142 	    0.011667 	     0.011906 	     0.023573 
13200 	 15 	       33.268 	       33.727 	   0.85588 	   0.85149 	    0.011664 	     0.011903 	     0.023567 
13300 	 15 	       33.266 	       33.725 	   0.85592 	   0.85153 	    0.011664 	     0.011903 	     0.023568 
13400 	 15 	       33.264 	       33.725 	   0.85596 	   0.85157 	    0.011666 	     0.011904 	     0.023570 
13500 	 15 	       33.264 	       33.724 	   0.85598 	   0.85160 	    0.011667 	     0.011906 	     0.023573 
13600 	 15 	       33.264 	       33.724 	   0.85601 	   0.85163 	    0.011669 	     0.011907 	     0.023577 
13700 	 15 	       33.264 	       33.724 	   0.85604 	   0.85165 	    0.011671 	     0.011909 	     0.023581 
13800 	 15 	       33.265 	       33.724 	   0.85606 	   0.85167 	    0.011673 	     0.011911 	     0.023585 
13900 	 15 	       33.266 	       33.724 	   0.85608 	   0.85169 	    0.011676 	     0.011914 	     0.023589 
14000 	 15 	       33.216 	       33.675 	   0.85662 	   0.85224 	    0.011531 	     0.011772 	     0.023303 
14100 	 15 	       33.192 	       33.642 	   0.85715 	   0.85280 	    0.011504 	     0.011742 	     0.023245 
14200 	 15 	       33.189 	       33.639 	   0.85721 	   0.85285 	    0.011501 	     0.011740 	     0.023241 
14300 	 15 	       33.188 	       33.638 	   0.85725 	   0.85289 	    0.011501 	     0.011739 	     0.023241 
14400 	 15 	       33.189 	       33.637 	   0.85728 	   0.85292 	    0.011502 	     0.011740 	     0.023242 
14500 	 15 	       33.190 	       33.637 	   0.85731 	   0.85295 	    0.011503 	     0.011741 	     0.023244 
14600 	 15 	       33.192 	       33.637 	   0.85733 	   0.85297 	    0.011504 	     0.011742 	     0.023246 
14700 	 15 	       33.195 	       33.638 	   0.85735 	   0.85300 	    0.011505 	     0.011743 	     0.023249 
14800 	 15 	       33.198 	       33.639 	   0.85738 	   0.85302 	    0.011507 	     0.011745 	     0.023251 
14900 	 15 	       33.203 	       33.640 	   0.85740 	   0.85304 	    0.011508 	     0.011746 	     0.023253 
15000 	 15 	       33.169 	       33.601 	   0.85785 	   0.85349 	    0.011388 	     0.011628 	     0.023016 
15100 	 15 	       33.151 	       33.570 	   0.85832 	   0.85398 	    0.011361 	     0.011600 	     0.022961 
15200 	 15 	       33.154 	       33.566 	   0.85837 	   0.85403 	    0.011358 	     0.011597 	     0.022955 
15300 	 15 	       33.157 	       33.565 	   0.85841 	   0.85406 	    0.011357 	     0.011596 	     0.022953 
15400 	 15 	       33.160 	       33.564 	   0.85843 	   0.85408 	    0.011357 	     0.011596 	     0.022953 
15500 	 15 	       33.162 	       33.563 	   0.85845 	   0.85409 	    0.011358 	     0.011597 	     0.022954 
15600 	 15 	       33.164 	       33.562 	   0.85846 	   0.85410 	    0.011359 	     0.011598 	     0.022957 
15700 	 15 	       33.165 	       33.561 	   0.85847 	   0.85411 	    0.011360 	     0.011600 	     0.022960 
15800 	 15 	       33.165 	       33.561 	   0.85848 	   0.85411 	    0.011362 	     0.011602 	     0.022964 
15900 	 15 	       33.164 	       33.561 	   0.85849 	   0.85412 	    0.011365 	     0.011604 	     0.022969 
16000 	 15 	       33.129 	       33.526 	   0.85887 	   0.85449 	    0.011267 	     0.011508 	     0.022775 
16100 	 15 	       33.102 	       33.494 	   0.85927 	   0.85491 	    0.011244 	     0.011484 	     0.022729 
16200 	 15 	       33.096 	       33.489 	   0.85931 	   0.85495 	    0.011243 	     0.011484 	     0.022727 
16300 	 15 	       33.092 	       33.486 	   0.85934 	   0.85497 	    0.011244 	     0.011485 	     0.022729 
16400 	 15 	       33.088 	       33.483 	   0.85936 	   0.85499 	    0.011246 	     0.011486 	     0.022732 
16500 	 15 	       33.084 	       33.481 	   0.85937 	   0.85500 	    0.011248 	     0.011489 	     0.022736 
16600 	 15 	       33.082 	       33.479 	   0.85939 	   0.85501 	    0.011250 	     0.011491 	     0.022741 
16700 	 15 	       33.079 	       33.478 	   0.85940 	   0.85502 	    0.011252 	     0.011493 	     0.022745 
16800 	 15 	       33.077 	       33.476 	   0.85941 	   0.85502 	    0.011255 	     0.011496 	     0.022750 
16900 	 15 	       33.074 	       33.475 	   0.85942 	   0.85503 	    0.011257 	     0.011498 	     0.022756 
17000 	 15 	       33.042 	       33.443 	   0.85974 	   0.85535 	    0.011174 	     0.011418 	     0.022592 
17100 	 15 	       33.016 	       33.412 	   0.86011 	   0.85573 	    0.011153 	     0.011395 	     0.022549 
17200 	 15 	       33.009 	       33.407 	   0.86015 	   0.85577 	    0.011152 	     0.011394 	     0.022547 
17300 	 15 	       33.004 	       33.403 	   0.86017 	   0.85579 	    0.011153 	     0.011395 	     0.022548 
17400 	 15 	       33.000 	       33.401 	   0.86019 	   0.85581 	    0.011154 	     0.011397 	     0.022551 
17500 	 15 	       32.997 	       33.398 	   0.86021 	   0.85582 	    0.011156 	     0.011399 	     0.022555 
17600 	 15 	       32.994 	       33.396 	   0.86022 	   0.85583 	    0.011158 	     0.011400 	     0.022559 
17700 	 15 	       32.991 	       33.394 	   0.86023 	   0.85584 	    0.011160 	     0.011403 	     0.022563 
17800 	 15 	       32.988 	       33.392 	   0.86024 	   0.85585 	    0.011162 	     0.011405 	     0.022567 
17900 	 15 	       32.986 	       33.390 	   0.86025 	   0.85585 	    0.011164 	     0.011407 	     0.022571 
18000 	 15 	       32.956 	       33.362 	   0.86054 	   0.85614 	    0.011094 	     0.011338 	     0.022431 
18100 	 15 	       32.932 	       33.334 	   0.86086 	   0.85648 	    0.011074 	     0.011317 	     0.022391 
18200 	 15 	       32.925 	       33.328 	   0.86090 	   0.85652 	    0.011073 	     0.011316 	     0.022388 
18300 	 15 	       32.921 	       33.324 	   0.86093 	   0.85654 	    0.011073 	     0.011316 	     0.022389 
18400 	 15 	       32.917 	       33.321 	   0.86095 	   0.85656 	    0.011074 	     0.011317 	     0.022392 
18500 	 15 	       32.914 	       33.319 	   0.86096 	   0.85657 	    0.011075 	     0.011319 	     0.022394 
18600 	 15 	       32.911 	       33.316 	   0.86097 	   0.85658 	    0.011077 	     0.011320 	     0.022397 
18700 	 15 	       32.909 	       33.315 	   0.86098 	   0.85659 	    0.011079 	     0.011322 	     0.022401 
18800 	 15 	       32.907 	       33.313 	   0.86099 	   0.85659 	    0.011080 	     0.011324 	     0.022404 
18900 	 15 	       32.905 	       33.311 	   0.86100 	   0.85660 	    0.011082 	     0.011326 	     0.022408 
19000 	 15 	       32.880 	       33.286 	   0.86126 	   0.85686 	    0.011021 	     0.011266 	     0.022287 
19100 	 15 	       32.857 	       33.260 	   0.86155 	   0.85716 	    0.011002 	     0.011246 	     0.022249 
19200 	 15 	       32.852 	       33.255 	   0.86159 	   0.85720 	    0.011001 	     0.011245 	     0.022246 
19300 	 15 	       32.848 	       33.251 	   0.86162 	   0.85722 	    0.011001 	     0.011246 	     0.022247 
19400 	 15 	       32.844 	       33.248 	   0.86163 	   0.85724 	    0.011002 	     0.011246 	     0.022248 
19500 	 15 	       32.842 	       33.246 	   0.86165 	   0.85725 	    0.011003 	     0.011248 	     0.022251 
19600 	 15 	       32.839 	       33.244 	   0.86166 	   0.85726 	    0.011004 	     0.011249 	     0.022253 
19700 	 15 	       32.837 	       33.242 	   0.86167 	   0.85727 	    0.011006 	     0.011250 	     0.022256 
19800 	 15 	       32.835 	       33.240 	   0.86168 	   0.85728 	    0.011007 	     0.011252 	     0.022259 
19900 	 15 	       32.833 	       33.239 	   0.86169 	   0.85728 	    0.011009 	     0.011253 	     0.022262 
20000 	 15 	       32.812 	       33.217 	   0.86192 	   0.85751 	    0.010955 	     0.011201 	     0.022157 
100 	 16 	       62.638 	       62.569 	   0.41740 	   0.41652 	    0.099036 	     0.098675 	     0.197711 
