  1.9974e+000 -4.3654e-001  1.0080e+000  5.7436e-002  2.9370e-001
 -6.2340e-001 -6.6749e-001  7.2529e-001 -2.9244e-001  1.1108e-001
 -5.3028e-002 -3.2982e-003 -2.9186e-003 -1.6467e-003 -6.7394e-004
 -2.7719e-005
  3.5954e+000
 -2.17716445e-001 -2.17716445e-001  -2.17716445e-001 5.73915618e-002 5.73915618e-002  5.73915618e-002 1.80445750e-001 1.80445750e-001  1.80445750e-001 1.41595523e-002 1.41595523e-002  1.41595523e-002 1.21124719e+000 1.21124719e+000  1.21124719e+000
 -2.58426052e+000 -2.58426052e+000  -2.58426052e+000 -2.24839169e-001 -2.24839169e-001  -2.24839169e-001 4.43888089e-001 4.43888089e-001  4.43888089e-001 -9.60012852e-003 -9.60012852e-003  -9.60012852e-003 6.58720896e-001 6.58720896e-001  6.58720896e-001
 5.32728497e-002 5.32728497e-002  5.32728497e-002 -8.09198287e-003 -8.09198287e-003  -8.09198287e-003 -4.55975734e-003 -4.55975734e-003  -4.55975734e-003 -1.64013031e-003 -1.64013031e-003  -1.64013031e-003 -4.17847738e-004 -4.17847738e-004  -4.17847738e-004
 -7.02076336e-006 -7.02076336e-006  -7.02076336e-006
 2.33473934e+000 2.33473934e+000  2.33473934e+000 -6.77023887e-001 -6.77023887e-001  -6.77023887e-001 4.36718014e-001 4.36718014e-001  4.36718014e-001 -2.61948387e-001 -2.61948387e-001  -2.61948387e-001 2.61209187e+000 2.61209187e+000  2.61209187e+000
 1.72167908e+000 1.72167908e+000  1.72167908e+000 2.41147591e-002 2.41147591e-002  2.41147591e-002 2.51825500e+000 2.51825500e+000  2.51825500e+000 1.22218094e+000 1.22218094e+000  1.22218094e+000 -8.09907406e-001 -8.09907406e-001  -8.09907406e-001
 -2.47123610e-001 -2.47123610e-001  -2.47123610e-001 2.58379383e-002 2.58379383e-002  2.58379383e-002 1.46092393e-002 1.46092393e-002  1.46092393e-002 5.60134168e-003 5.60134168e-003  5.60134168e-003 1.16396418e-003 1.16396418e-003  1.16396418e-003
 -7.85164981e-006 -7.85164981e-006  -7.85164981e-006
 1.15802738e+000 1.15802738e+000  1.15802738e+000 -8.64860287e-001 -8.64860287e-001  -8.64860287e-001 -1.99887454e+000 -1.99887454e+000  -1.99887454e+000 -6.24018152e-001 -6.24018152e-001  -6.24018152e-001 -2.46783213e+000 -2.46783213e+000  -2.46783213e+000
 -1.14361907e+000 -1.14361907e+000  -1.14361907e+000 8.75335685e-002 8.75335685e-002  8.75335685e-002 -1.71889537e+000 -1.71889537e+000  -1.71889537e+000 9.10605769e-002 9.10605769e-002  9.10605769e-002 3.62836710e-001 3.62836710e-001  3.62836710e-001
 -1.87709638e-001 -1.87709638e-001  -1.87709638e-001 5.61360815e-003 5.61360815e-003  5.61360815e-003 2.01543719e-003 2.01543719e-003  2.01543719e-003 4.17370816e-007 4.17370816e-007  4.17370816e-007 -2.04655885e-004 -2.04655885e-004  -2.04655885e-004
 -8.21232036e-006 -8.21232036e-006  -8.21232036e-006
 8.99595572e-001 8.99595572e-001  8.99595572e-001 1.24756802e+000 1.24756802e+000  1.24756802e+000 3.93445782e+000 3.93445782e+000  3.93445782e+000 7.59046262e-001 7.59046262e-001  7.59046262e-001 -5.58320365e-002 -5.58320365e-002  -5.58320365e-002
 2.34245779e+000 2.34245779e+000  2.34245779e+000 -1.59654800e-001 -1.59654800e-001  -1.59654800e-001 1.20391345e+000 1.20391345e+000  1.20391345e+000 -2.63959078e-001 -2.63959078e-001  -2.63959078e-001 -2.38787048e-001 -2.38787048e-001  -2.38787048e-001
 3.22728813e-001 3.22728813e-001  3.22728813e-001 -5.22919486e-002 -5.22919486e-002  -5.22919486e-002 -2.34215667e-002 -2.34215667e-002  -2.34215667e-002 -8.07722228e-003 -8.07722228e-003  -8.07722228e-003 -1.78591649e-003 -1.78591649e-003  -1.78591649e-003
 -1.44731049e-005 -1.44731049e-005  -1.44731049e-005
 -1.01113281e+000 -1.01110977e+000  -1.01109262e+000 -5.66949979e-001 -5.66917152e-001  -5.66868340e-001 -1.02483151e+000 -1.02481626e+000  -1.02477929e+000 2.36883656e-002 2.36455814e-002  2.35527904e-002 -8.16419799e-001 -8.16391402e-001  -8.16347832e-001
 -1.45458632e+000 -1.45459306e+000  -1.45460599e+000 -6.49790871e-001 -6.49780962e-001  -6.49775623e-001 -1.71010513e+000 -1.71017964e+000  -1.71032723e+000 -1.44117988e+000 -1.44117693e+000  -1.44117001e+000 1.60835653e-001 1.60855443e-001  1.60892992e-001
 -7.42395016e-003 -7.44842267e-003  -7.49651252e-003 2.29144466e-002 2.29101401e-002  2.29018167e-002 6.62116825e-003 6.61921802e-003  6.61544912e-003 1.51510422e-003 1.51428705e-003  1.51270815e-003 1.90563716e-004 1.90268891e-004  1.89699712e-004
 -8.64356136e-006 -8.64748233e-006  -8.65431379e-006
 -9.29204556e-001 -9.29204556e-001  -9.29204556e-001 -5.39379581e-001 -5.39379581e-001  -5.39379581e-001 1.82907823e-001 1.82907823e-001  1.82907823e-001 -1.11958294e-001 -1.11958294e-001  -1.11958294e-001 6.36064440e-001 6.36064440e-001  6.36064440e-001
 -1.58468510e+000 -1.58468510e+000  -1.58468510e+000 5.60881807e-001 5.60881807e-001  5.60881807e-001 1.49195282e+000 1.49195282e+000  1.49195282e+000 -3.76335182e-001 -3.76335182e-001  -3.76335182e-001 8.05731197e-001 8.05731197e-001  8.05731197e-001
 6.28416697e-002 6.28416697e-002  6.28416697e-002 1.16644745e-002 1.16644745e-002  1.16644745e-002 4.82532379e-003 4.82532379e-003  4.82532379e-003 1.67566108e-003 1.67566108e-003  1.67566108e-003 3.69039151e-004 3.69039151e-004  3.69039151e-004
 -2.71674700e-006 -2.71674700e-006  -2.71674700e-006
 2.36413228e+000 2.36413228e+000  2.36413228e+000 2.41305819e-001 2.41305819e-001  2.41305819e-001 -4.22931263e-001 -4.22931263e-001  -4.22931263e-001 3.29563321e-001 3.29563321e-001  3.29563321e-001 3.35076228e-001 3.35076228e-001  3.35076228e-001
 1.50484463e+000 1.50484463e+000  1.50484463e+000 -1.17959366e+000 -1.17959366e+000  -1.17959366e+000 -9.01887788e-003 -9.01887788e-003  -9.01887788e-003 5.46265280e-001 5.46265280e-001  5.46265280e-001 -3.86906852e-001 -3.86906852e-001  -3.86906852e-001
 1.42834984e-001 1.42834984e-001  1.42834984e-001 2.97421022e-002 2.97421022e-002  2.97421022e-002 1.06498268e-002 1.06498268e-002  1.06498268e-002 3.22205717e-003 3.22205717e-003  3.22205717e-003 6.78115450e-004 6.78115450e-004  6.78115450e-004
 -5.85965573e-007 -5.85965573e-007  -5.85965573e-007
 -1.64103760e+000 -1.64103760e+000  -1.64103760e+000 -1.89574446e+000 -1.89574446e+000  -1.89574446e+000 -9.56124970e-001 -9.56124970e-001  -9.56124970e-001 -6.05420078e-001 -6.05420078e-001  -6.05420078e-001 2.19854427e+000 2.19854427e+000  2.19854427e+000
 -1.32483003e+000 -1.32483003e+000  -1.32483003e+000 7.37840546e-001 7.37840546e-001  7.37840546e-001 1.27571299e+000 1.27571299e+000  1.27571299e+000 5.75601600e-001 5.75601600e-001  5.75601600e-001 -3.13826573e-001 -3.13826573e-001  -3.13826573e-001
 6.23748778e-004 6.23748778e-004  6.23748778e-004 -2.02369585e-002 -2.02369585e-002  -2.02369585e-002 -7.59110070e-003 -7.59110070e-003  -7.59110070e-003 -2.23191064e-003 -2.23191064e-003  -2.23191064e-003 -4.22778481e-004 -4.22778481e-004  -4.22778481e-004
 3.70995718e-006 3.70995718e-006  3.70995718e-006
 -2.47060169e+000 -2.47060169e+000  -2.47060169e+000 -5.29180672e-002 -5.29180672e-002  -5.29180672e-002 9.78332280e-001 9.78332280e-001  9.78332280e-001 4.80246209e-001 4.80246209e-001  4.80246209e-001 1.29879282e-001 1.29879282e-001  1.29879282e-001
 -1.05721489e+000 -1.05721489e+000  -1.05721489e+000 1.19157623e+000 1.19157623e+000  1.19157623e+000 -1.47644220e-001 -1.47644220e-001  -1.47644220e-001 7.84044721e-001 7.84044721e-001  7.84044721e-001 4.31201357e-001 4.31201357e-001  4.31201357e-001
 -6.10616726e-002 -6.10616726e-002  -6.10616726e-002 6.34209584e-003 6.34209584e-003  6.34209584e-003 2.54930436e-003 2.54930436e-003  2.54930436e-003 7.93110396e-004 7.93110396e-004  7.93110396e-004 1.49702034e-004 1.49702034e-004  1.49702034e-004
 -9.28261804e-006 -9.28261804e-006  -9.28261804e-006
 -3.07019661e+000 -3.07019661e+000  -3.07019661e+000 -2.37824773e+000 -2.37824773e+000  -2.37824773e+000 2.80686725e+000 2.80686725e+000  2.80686725e+000 -1.62401783e+000 -1.62401783e+000  -1.62401783e+000 -1.80029653e+000 -1.80029653e+000  -1.80029653e+000
 5.19320103e-001 5.19320103e-001  5.19320103e-001 9.96604324e-001 9.96604324e-001  9.96604324e-001 -2.38465239e-001 -2.38465239e-001  -2.38465239e-001 2.69786074e+000 2.69786074e+000  2.69786074e+000 -3.84141213e-001 -3.84141213e-001  -3.84141213e-001
 3.02182601e-001 3.02182601e-001  3.02182601e-001 1.01624271e-002 1.01624271e-002  1.01624271e-002 2.60718851e-003 2.60718851e-003  2.60718851e-003 6.28117265e-004 6.28117265e-004  6.28117265e-004 1.19683402e-004 1.19683402e-004  1.19683402e-004
 9.43297947e-007 9.43297947e-007  9.43297947e-007
 -5.50826864e-001 -5.50826864e-001  -5.50826864e-001 -6.84942459e-001 -6.84942459e-001  -6.84942459e-001 3.44018170e+000 3.44018170e+000  3.44018170e+000 4.65369543e-001 4.65369543e-001  4.65369543e-001 -8.88768458e-001 -8.88768458e-001  -8.88768458e-001
 -2.07792191e+000 -2.07792191e+000  -2.07792191e+000 -2.41604679e+000 -2.41604679e+000  -2.41604679e+000 1.46712470e-001 1.46712470e-001  1.46712470e-001 -8.91811665e-001 -8.91811665e-001  -8.91811665e-001 -5.22790574e-002 -5.22790574e-002  -5.22790574e-002
 5.54454892e-002 5.54454892e-002  5.54454892e-002 3.72814066e-002 3.72814066e-002  3.72814066e-002 1.32753520e-002 1.32753520e-002  1.32753520e-002 3.71742464e-003 3.71742464e-003  3.71742464e-003 7.08544229e-004 7.08544229e-004  7.08544229e-004
 1.57610865e-007 1.57610865e-007  1.57610865e-007
 7.59176571e-001 7.59176571e-001  7.59176571e-001 -3.07307910e+000 -3.07307910e+000  -3.07307910e+000 1.89457509e-001 1.89457509e-001  1.89457509e-001 -6.30953491e-001 -6.30953491e-001  -6.30953491e-001 -8.56526473e-001 -8.56526473e-001  -8.56526473e-001
 7.54725303e-001 7.54725303e-001  7.54725303e-001 -7.35301644e-001 -7.35301644e-001  -7.35301644e-001 -2.70976614e+000 -2.70976614e+000  -2.70976614e+000 -1.69854930e-001 -1.69854930e-001  -1.69854930e-001 4.79731740e-001 4.79731740e-001  4.79731740e-001
 5.61289961e-002 5.61289961e-002  5.61289961e-002 -5.12606200e-003 -5.12606200e-003  -5.12606200e-003 -1.85799415e-003 -1.85799415e-003  -1.85799415e-003 -5.20064351e-004 -5.20064351e-004  -5.20064351e-004 -1.04581264e-004 -1.04581264e-004  -1.04581264e-004
 1.31525328e-006 1.31525328e-006  1.31525328e-006
 -5.10379122e-001 -5.10379122e-001  -5.10379122e-001 2.44716104e-001 2.44716104e-001  2.44716104e-001 -1.20681282e+000 -1.20681282e+000  -1.20681282e+000 9.02085114e-002 9.02085114e-002  9.02085114e-002 -2.52058089e-001 -2.52058089e-001  -2.52058089e-001
 -4.83109092e-001 -4.83109092e-001  -4.83109092e-001 7.99131825e-001 7.99131825e-001  7.99131825e-001 -6.83451240e-002 -6.83451240e-002  -6.83451240e-002 1.06318878e+000 1.06318878e+000  1.06318878e+000 7.40388780e-001 7.40388780e-001  7.40388780e-001
 -8.55094280e-002 -8.55094280e-002  -8.55094280e-002 3.35221243e-003 3.35221243e-003  3.35221243e-003 1.21987518e-003 1.21987518e-003  1.21987518e-003 3.58647123e-004 3.58647123e-004  3.58647123e-004 7.42418810e-005 7.42418810e-005  7.42418810e-005
 2.83189668e-007 2.83189668e-007  2.83189668e-007
 -3.90029490e-001 -3.90029490e-001  -3.90029490e-001 4.46484768e-001 4.46484768e-001  4.46484768e-001 -6.04505211e-001 -6.04505211e-001  -6.04505211e-001 -2.26245690e-001 -2.26245690e-001  -2.26245690e-001 2.90975190e-001 2.90975190e-001  2.90975190e-001
 -5.82452296e-001 -5.82452296e-001  -5.82452296e-001 -3.96938662e-002 -3.96938662e-002  -3.96938662e-002 5.95287956e-002 5.95287956e-002  5.95287956e-002 4.23238242e-001 4.23238242e-001  4.23238242e-001 -9.68375354e-002 -9.68375354e-002  -9.68375354e-002
 4.91347815e-001 4.91347815e-001  4.91347815e-001 4.59180275e-002 4.59180275e-002  4.59180275e-002 1.70700784e-002 1.70700784e-002  1.70700784e-002 5.11461769e-003 5.11461769e-003  5.11461769e-003 1.08637123e-003 1.08637123e-003  1.08637123e-003
 -2.87890783e-007 -2.87890783e-007  -2.87890783e-007
 2.14015332e+000 2.14015332e+000  2.14015332e+000 -1.06838025e+000 -1.06838025e+000  -1.06838025e+000 -1.59454327e+000 -1.59454327e+000  -1.59454327e+000 -2.66134559e-001 -2.66134559e-001  -2.66134559e-001 8.85460130e-001 8.85460130e-001  8.85460130e-001
 3.36810541e-001 3.36810541e-001  3.36810541e-001 -2.98156302e+000 -2.98156302e+000  -2.98156302e+000 4.15506565e-001 4.15506565e-001  4.15506565e-001 -9.36437141e-001 -9.36437141e-001  -9.36437141e-001 2.06684914e-001 2.06684914e-001  2.06684914e-001
 1.30627995e-001 1.30627995e-001  1.30627995e-001 -4.44522614e-003 -4.44522614e-003  -4.44522614e-003 -1.28835232e-003 -1.28835232e-003  -1.28835232e-003 -5.57187066e-004 -5.57187066e-004  -5.57187066e-004 -2.06577886e-004 -2.06577886e-004  -2.06577886e-004
 -1.98850479e-006 -1.98850479e-006  -1.98850479e-006
 1.20398023e+000 1.20398023e+000  1.20398023e+000 1.01084073e+000 1.01084073e+000  1.01084073e+000 -1.38866561e-001 -1.38866561e-001  -1.38866561e-001 3.10119397e-001 3.10119397e-001  3.10119397e-001 9.88688861e-001 9.88688861e-001  9.88688861e-001
 1.32458301e-001 1.32458301e-001  1.32458301e-001 8.68409954e-001 8.68409954e-001  8.68409954e-001 8.73816466e-001 8.73816466e-001  8.73816466e-001 -2.50415687e-001 -2.50415687e-001  -2.50415687e-001 -6.66100943e-002 -6.66100943e-002  -6.66100943e-002
 -6.03902674e-002 -6.03902674e-002  -6.03902674e-002 -2.34357248e-002 -2.34357248e-002  -2.34357248e-002 -7.71440302e-003 -7.71440302e-003  -7.71440302e-003 -1.90817628e-003 -1.90817628e-003  -1.90817628e-003 -2.82335891e-004 -2.82335891e-004  -2.82335891e-004
 2.18235941e-006 2.18235941e-006  2.18235941e-006
 -1.52313862e+000 -1.52313862e+000  -1.52313863e+000 1.25290386e+000 1.25290386e+000  1.25290386e+000 1.78420752e+000 1.78420752e+000  1.78420751e+000 -3.52130914e-001 -3.52130914e-001  -3.52130913e-001 1.71498580e+000 1.71498579e+000  1.71498579e+000
 6.79935399e-001 6.79935402e-001  6.79935409e-001 -3.54896394e-001 -3.54896394e-001  -3.54896394e-001 -2.04293750e-001 -2.04293747e-001  -2.04293741e-001 -2.82188051e+000 -2.82188051e+000  -2.82188051e+000 3.16784367e-001 3.16784365e-001  3.16784363e-001
 -5.73529848e-001 -5.73529847e-001  -5.73529845e-001 -4.66963560e-002 -4.66963558e-002  -4.66963553e-002 -1.62115868e-002 -1.62115867e-002  -1.62115865e-002 -4.57162676e-003 -4.57162671e-003  -4.57162661e-003 -9.16464690e-004 -9.16464674e-004  -9.16464636e-004
 -2.89184335e-006 -2.89184328e-006  -2.89184310e-006
 1.59088440e+000 1.59089126e+000  1.59090842e+000 8.18358107e-001 8.18377632e-001  8.18426444e-001 2.03728261e+000 2.03729740e+000  2.03733438e+000 2.52033239e+000 2.52029528e+000  2.52020249e+000 1.56528050e+000 1.56529793e+000  1.56534150e+000
 -2.77717269e-001 -2.77722447e-001  -2.77735392e-001 -2.71466552e-001 -2.71464416e-001  -2.71459076e-001 5.18641062e-002 5.18050660e-002  5.16574656e-002 -1.35368135e-001 -1.35365367e-001  -1.35358445e-001 -2.04715047e-001 -2.04700026e-001  -2.04662474e-001
 -8.71023296e-002 -8.71215665e-002  -8.71696588e-002 -5.59914625e-002 -5.59947921e-002  -5.60031161e-002 -2.09299499e-002 -2.09314576e-002  -2.09352267e-002 -6.21270209e-003 -6.21333370e-003  -6.21491271e-003 -1.21219344e-003 -1.21242113e-003  -1.21299034e-003
 -1.08705654e-005 -1.08732981e-005  -1.08801297e-005
 -1.72247840e+000 -1.72246221e+000  -1.72246221e+000 2.80295637e-001 2.80308940e-001  2.80308940e-001 1.45554356e+000 1.45554402e+000  1.45554402e+000 -2.10918989e+000 -2.10919556e+000  -2.10919556e+000 -3.04941343e-001 -3.04930374e-001  -3.04930374e-001
 1.39437919e+000 1.39437763e+000  1.39437763e+000 1.10576425e+000 1.10577203e+000  1.10577203e+000 -1.54263539e+000 -1.54265086e+000  -1.54265086e+000 -3.00806629e+000 -3.00806610e+000  -3.00806610e+000 -2.41571703e-001 -2.41566933e-001  -2.41566933e-001
 2.32002062e-001 2.31996825e-001  2.31996825e-001 3.28842195e-003 3.28744476e-003  3.28744476e-003 -6.92305308e-004 -6.92747976e-004  -6.92747976e-004 -6.37123099e-004 -6.37308710e-004  -6.37308710e-004 -1.93007124e-004 -1.93074278e-004  -1.93074278e-004
 8.84632249e-007 8.83443875e-007  8.83443875e-007
 7.28243592e-001 7.28243592e-001  7.28243592e-001 2.32124150e+000 2.32124150e+000  2.32124150e+000 1.04892498e+000 1.04892498e+000  1.04892498e+000 6.31362005e-001 6.31362005e-001  6.31362005e-001 -1.45550209e+000 -1.45550209e+000  -1.45550209e+000
 3.70078222e+000 3.70078222e+000  3.70078222e+000 9.82270347e-001 9.82270347e-001  9.82270347e-001 1.47453229e+000 1.47453229e+000  1.47453229e+000 3.61431817e+000 3.61431817e+000  3.61431817e+000 2.98201114e-001 2.98201114e-001  2.98201114e-001
 -5.46873674e-002 -5.46873674e-002  -5.46873674e-002 3.37948921e-003 3.37948921e-003  3.37948921e-003 1.36211510e-003 1.36211510e-003  1.36211510e-003 3.41857654e-004 3.41857654e-004  3.41857654e-004 -1.97333418e-005 -1.97333418e-005  -1.97333418e-005
 -4.19869782e-006 -4.19869782e-006  -4.19869782e-006
 -7.57772440e-001 -7.57772440e-001  -7.57772440e-001 -1.26252973e-001 -1.26252973e-001  -1.26252973e-001 1.40746074e+000 1.40746074e+000  1.40746074e+000 6.98519615e-001 6.98519615e-001  6.98519615e-001 -1.37748759e-001 -1.37748759e-001  -1.37748759e-001
 -1.06042802e+000 -1.06042802e+000  -1.06042802e+000 2.61461876e-001 2.61461876e-001  2.61461876e-001 2.79851541e+000 2.79851541e+000  2.79851541e+000 2.55019837e+000 2.55019837e+000  2.55019837e+000 -1.40213201e-001 -1.40213201e-001  -1.40213201e-001
 -7.68070715e-002 -7.68070715e-002  -7.68070715e-002 -1.14229148e-002 -1.14229148e-002  -1.14229148e-002 -4.53713658e-003 -4.53713658e-003  -4.53713658e-003 -1.52049019e-003 -1.52049019e-003  -1.52049019e-003 -3.42810505e-004 -3.42810505e-004  -3.42810505e-004
 2.79719729e-007 2.79719729e-007  2.79719729e-007
 -1.69724578e+000 -1.69724578e+000  -1.69724578e+000 1.80351247e+000 1.80351247e+000  1.80351247e+000 1.71758264e+000 1.71758264e+000  1.71758264e+000 -1.40195026e-001 -1.40195026e-001  -1.40195026e-001 2.83328917e+000 2.83328917e+000  2.83328917e+000
 2.97511414e-001 2.97511414e-001  2.97511414e-001 -1.22468010e+000 -1.22468010e+000  -1.22468010e+000 2.54645782e+000 2.54645782e+000  2.54645782e+000 -2.50578286e+000 -2.50578286e+000  -2.50578286e+000 4.96636500e-001 4.96636500e-001  4.96636500e-001
 -3.03234321e-001 -3.03234321e-001  -3.03234321e-001 -2.23300280e-002 -2.23300280e-002  -2.23300280e-002 -6.49653243e-003 -6.49653243e-003  -6.49653243e-003 -1.62139554e-003 -1.62139554e-003  -1.62139554e-003 -3.00942315e-004 -3.00942315e-004  -3.00942315e-004
 2.50244998e-007 2.50244998e-007  2.50244998e-007
 2.18485171e+000 2.18485171e+000  2.18485171e+000 8.88197812e-001 8.88197812e-001  8.88197812e-001 1.42678629e+000 1.42678629e+000  1.42678629e+000 6.05826617e-001 6.05826617e-001  6.05826617e-001 6.94731996e-001 6.94731996e-001  6.94731996e-001
 -6.25091396e-001 -6.25091396e-001  -6.25091396e-001 -7.29589569e-001 -7.29589569e-001  -7.29589569e-001 3.60646700e-001 3.60646700e-001  3.60646700e-001 -4.33381879e-001 -4.33381879e-001  -4.33381879e-001 3.65861241e-001 3.65861241e-001  3.65861241e-001
 3.99003887e-001 3.99003887e-001  3.99003887e-001 1.06034583e-002 1.06034583e-002  1.06034583e-002 3.56264218e-003 3.56264218e-003  3.56264218e-003 9.42519295e-004 9.42519295e-004  9.42519295e-004 2.42217298e-004 2.42217298e-004  2.42217298e-004
 -4.41300698e-007 -4.41300698e-007  -4.41300698e-007
 -1.28453791e+000 -1.28453791e+000  -1.28453791e+000 4.88414762e-001 4.88414762e-001  4.88414762e-001 -7.65280688e-001 -7.65280688e-001  -7.65280688e-001 -1.03776421e-002 -1.03776421e-002  -1.03776421e-002 -1.64336079e+000 -1.64336079e+000  -1.64336079e+000
 -4.65996558e-001 -4.65996558e-001  -4.65996558e-001 2.02716012e+000 2.02716012e+000  2.02716012e+000 -1.25671907e+000 -1.25671907e+000  -1.25671907e+000 1.46370380e+000 1.46370380e+000  1.46370380e+000 4.34968676e-001 4.34968676e-001  4.34968676e-001
 -2.21961029e-001 -2.21961029e-001  -2.21961029e-001 -2.31254792e-002 -2.31254792e-002  -2.31254792e-002 -8.22840232e-003 -8.22840232e-003  -8.22840232e-003 -2.25073084e-003 -2.25073084e-003  -2.25073084e-003 -4.26950746e-004 -4.26950746e-004  -4.26950746e-004
 -3.02856485e-006 -3.02856485e-006  -3.02856485e-006
 -1.37033196e-001 -1.37033196e-001  -1.37033196e-001 -1.98731276e+000 -1.98731276e+000  -1.98731276e+000 -3.09920503e+000 -3.09920503e+000  -3.09920503e+000 -1.59469480e+000 -1.59469480e+000  -1.59469480e+000 -4.49632728e-001 -4.49632728e-001  -4.49632728e-001
 -1.56124023e+000 -1.56124023e+000  -1.56124023e+000 3.60417833e-001 3.60417833e-001  3.60417833e-001 -7.34661894e-001 -7.34661894e-001  -7.34661894e-001 2.23952988e+000 2.23952988e+000  2.23952988e+000 7.30978639e-001 7.30978639e-001  7.30978639e-001
 -7.84405999e-002 -7.84405999e-002  -7.84405999e-002 -7.90081600e-003 -7.90081600e-003  -7.90081600e-003 -2.25665725e-003 -2.25665725e-003  -2.25665725e-003 -3.71495755e-004 -3.71495755e-004  -3.71495755e-004 -2.66014773e-005 -2.66014773e-005  -2.66014773e-005
 -1.70241186e-006 -1.70241186e-006  -1.70241186e-006
 6.78258749e-002 6.78258749e-002  6.78258749e-002 1.15533816e+000 1.15533816e+000  1.15533816e+000 -1.68359554e+000 -1.68359554e+000  -1.68359554e+000 1.19887752e+000 1.19887752e+000  1.19887752e+000 -1.39032922e-002 -1.39032922e-002  -1.39032922e-002
 -4.63280309e-001 -4.63280309e-001  -4.63280309e-001 3.61984992e-001 3.61984992e-001  3.61984992e-001 -5.30622759e-001 -5.30622759e-001  -5.30622759e-001 -2.09837087e-001 -2.09837087e-001  -2.09837087e-001 9.16956424e-001 9.16956424e-001  9.16956424e-001
 9.70896274e-002 9.70896274e-002  9.70896274e-002 1.11916670e-002 1.11916670e-002  1.11916670e-002 4.83146565e-003 4.83146565e-003  4.83146565e-003 1.41282770e-003 1.41282770e-003  1.41282770e-003 2.42961732e-004 2.42961732e-004  2.42961732e-004
 -1.79083504e-006 -1.79083504e-006  -1.79083504e-006
 -9.99189107e-001 -9.99189107e-001  -9.99189107e-001 2.37598601e-001 2.37598601e-001  2.37598601e-001 2.21170890e-001 2.21170890e-001  2.21170890e-001 1.26330896e+000 1.26330896e+000  1.26330896e+000 -9.38673095e-001 -9.38673095e-001  -9.38673095e-001
 -1.25655797e+000 -1.25655797e+000  -1.25655797e+000 -1.62273045e+000 -1.62273045e+000  -1.62273045e+000 -2.18267244e+000 -2.18267244e+000  -2.18267244e+000 -1.64523371e+000 -1.64523371e+000  -1.64523371e+000 -5.87564222e-001 -5.87564222e-001  -5.87564222e-001
 3.36260081e-001 3.36260081e-001  3.36260081e-001 9.94410221e-003 9.94410221e-003  9.94410221e-003 3.33060842e-003 3.33060842e-003  3.33060842e-003 6.48412776e-004 6.48412776e-004  6.48412776e-004 8.10444382e-006 8.10444382e-006  8.10444382e-006
 1.18451307e-006 1.18451307e-006  1.18451307e-006
 2.25325681e+000 2.25325681e+000  2.25325681e+000 -1.52105155e-001 -1.52105155e-001  -1.52105155e-001 -1.02416829e+000 -1.02416829e+000  -1.02416829e+000 7.38529501e-001 7.38529501e-001  7.38529501e-001 1.38989948e+000 1.38989948e+000  1.38989948e+000
 -1.46904155e-001 -1.46904155e-001  -1.46904155e-001 9.94882475e-001 9.94882475e-001  9.94882475e-001 4.47740171e-001 4.47740171e-001  4.47740171e-001 1.29526024e+000 1.29526024e+000  1.29526024e+000 -1.68316552e-001 -1.68316552e-001  -1.68316552e-001
 -1.37794119e-001 -1.37794119e-001  -1.37794119e-001 1.72037115e-002 1.72037115e-002  1.72037115e-002 4.60559846e-003 4.60559846e-003  4.60559846e-003 1.01034475e-003 1.01034475e-003  1.01034475e-003 1.54077428e-004 1.54077428e-004  1.54077428e-004
 -3.14539329e-006 -3.14539329e-006  -3.14539329e-006
 9.38108875e-001 9.38108875e-001  9.38108875e-001 -1.02012037e-001 -1.02012037e-001  -1.02012037e-001 1.43060257e+000 1.43060257e+000  1.43060257e+000 2.01141667e-002 2.01141667e-002  2.01141667e-002 -4.02418332e-001 -4.02418332e-001  -4.02418332e-001
 3.75467763e-001 3.75467763e-001  3.75467763e-001 -9.09442195e-002 -9.09442195e-002  -9.09442195e-002 2.14311403e-001 2.14311403e-001  2.14311403e-001 3.50337817e-001 3.50337817e-001  3.50337817e-001 -7.82626255e-001 -7.82626255e-001  -7.82626255e-001
 -5.46288277e-002 -5.46288277e-002  -5.46288277e-002 1.55691290e-002 1.55691290e-002  1.55691290e-002 4.05373601e-003 4.05373601e-003  4.05373601e-003 5.86395318e-004 5.86395318e-004  5.86395318e-004 -9.32948314e-005 -9.32948314e-005  -9.32948314e-005
 -2.72197992e-006 -2.72197992e-006  -2.72197992e-006
 7.95965779e-001 7.95965779e-001  7.95965779e-001 1.09527203e+000 1.09527203e+000  1.09527203e+000 -1.92351427e+000 -1.92351427e+000  -1.92351427e+000 4.85631169e-001 4.85631169e-001  4.85631169e-001 6.35038579e-001 6.35038579e-001  6.35038579e-001
 -1.56704564e+000 -1.56704564e+000  -1.56704564e+000 8.85133582e-002 8.85133582e-002  8.85133582e-002 1.93652003e+000 1.93652003e+000  1.93652003e+000 1.41845685e+000 1.41845685e+000  1.41845685e+000 1.54592968e-001 1.54592968e-001  1.54592968e-001
 7.81903530e-002 7.81903530e-002  7.81903530e-002 7.64410345e-003 7.64410345e-003  7.64410345e-003 2.83787067e-003 2.83787067e-003  2.83787067e-003 8.68428375e-004 8.68428375e-004  8.68428375e-004 1.64229598e-004 1.64229598e-004  1.64229598e-004
 -2.00900828e-007 -2.00900828e-007  -2.00900828e-007
 2.00031362e+000 2.00031362e+000  2.00031362e+000 6.24042494e-001 6.24042494e-001  6.24042494e-001 -7.99020524e-001 -7.99020524e-001  -7.99020524e-001 -7.53453174e-001 -7.53453174e-001  -7.53453174e-001 -7.22123478e-001 -7.22123478e-001  -7.22123478e-001
 1.91895233e+000 1.91895233e+000  1.91895233e+000 -4.40942055e-001 -4.40942055e-001  -4.40942055e-001 -1.51444567e+000 -1.51444567e+000  -1.51444567e+000 -3.86137893e+000 -3.86137893e+000  -3.86137893e+000 -2.13811364e-001 -2.13811364e-001  -2.13811364e-001
 -1.03462241e-001 -1.03462241e-001  -1.03462241e-001 1.27012668e-002 1.27012668e-002  1.27012668e-002 6.75645268e-003 6.75645268e-003  6.75645268e-003 2.29666670e-003 2.29666670e-003  2.29666670e-003 4.38416778e-004 4.38416778e-004  4.38416778e-004
 4.94346414e-007 4.94346414e-007  4.94346414e-007
 1.85090385e+000 1.85090385e+000  1.85090385e+000 5.71589249e-001 5.71589249e-001  5.71589249e-001 1.82416196e-001 1.82416196e-001  1.82416196e-001 -2.94314481e-001 -2.94314481e-001  -2.94314481e-001 1.57862366e+000 1.57862366e+000  1.57862366e+000
 1.02294681e+000 1.02294681e+000  1.02294681e+000 -2.22712211e-001 -2.22712211e-001  -2.22712211e-001 -4.45712127e-001 -4.45712127e-001  -4.45712127e-001 -5.12080821e-001 -5.12080821e-001  -5.12080821e-001 -6.99005290e-001 -6.99005290e-001  -6.99005290e-001
 -1.71847553e-001 -1.71847553e-001  -1.71847553e-001 -1.43112629e-002 -1.43112629e-002  -1.43112629e-002 -5.99741124e-003 -5.99741124e-003  -5.99741124e-003 -1.75459840e-003 -1.75459840e-003  -1.75459840e-003 -3.36618294e-004 -3.36618294e-004  -3.36618294e-004
 -4.16802966e-006 -4.16802966e-006  -4.16802966e-006
 2.21435709e-001 2.21435709e-001  2.21435709e-001 3.80253795e-002 3.80253795e-002  3.80253795e-002 -9.79484983e-001 -9.79484983e-001  -9.79484983e-001 -4.08543484e-001 -4.08543484e-001  -4.08543484e-001 -3.34543163e+000 -3.34543163e+000  -3.34543163e+000
 -1.52138518e+000 -1.52138518e+000  -1.52138518e+000 2.64690363e+000 2.64690363e+000  2.64690363e+000 -8.63708227e-002 -8.63708227e-002  -8.63708227e-002 -5.62098642e-001 -5.62098642e-001  -5.62098642e-001 -5.46240852e-001 -5.46240852e-001  -5.46240852e-001
 1.49297955e-003 1.49297955e-003  1.49297955e-003 -2.54308272e-003 -2.54308272e-003  -2.54308272e-003 -2.04223928e-003 -2.04223928e-003  -2.04223928e-003 -8.84056456e-004 -8.84056456e-004  -8.84056456e-004 -2.25459669e-004 -2.25459669e-004  -2.25459669e-004
 4.64778477e-007 4.64778477e-007  4.64778477e-007
 8.20659604e-001 8.20659604e-001  8.20659604e-001 -9.40517500e-001 -9.40517500e-001  -9.40517500e-001 -1.35313636e+000 -1.35313636e+000  -1.35313636e+000 -2.45678971e-001 -2.45678971e-001  -2.45678971e-001 8.20413305e-001 8.20413305e-001  8.20413305e-001
 1.30066558e+000 1.30066558e+000  1.30066558e+000 -5.29024821e-001 -5.29024821e-001  -5.29024821e-001 -3.95387266e-001 -3.95387266e-001  -3.95387266e-001 2.50168507e-003 2.50168507e-003  2.50168507e-003 -1.08618178e+000 -1.08618178e+000  -1.08618178e+000
 -4.38864665e-001 -4.38864665e-001  -4.38864665e-001 1.58877368e-002 1.58877368e-002  1.58877368e-002 6.32500148e-003 6.32500148e-003  6.32500148e-003 1.96457298e-003 1.96457298e-003  1.96457298e-003 4.38527194e-004 4.38527194e-004  4.38527194e-004
 5.69258698e-007 5.69258698e-007  5.69258698e-007
 9.34563622e-001 9.34563622e-001  9.34563622e-001 -3.16590366e-001 -3.16590366e-001  -3.16590366e-001 -8.70671265e-001 -8.70671265e-001  -8.70671265e-001 6.88053772e-001 6.88053772e-001  6.88053772e-001 -1.60430330e+000 -1.60430330e+000  -1.60430330e+000
 5.50561609e-001 5.50561609e-001  5.50561609e-001 -1.56040291e+000 -1.56040291e+000  -1.56040291e+000 -5.85922829e-001 -5.85922829e-001  -5.85922829e-001 -6.49990295e-001 -6.49990295e-001  -6.49990295e-001 2.89035954e-002 2.89035954e-002  2.89035954e-002
 2.70592273e-001 2.70592273e-001  2.70592273e-001 2.14546000e-003 2.14546000e-003  2.14546000e-003 -3.23147569e-004 -3.23147569e-004  -3.23147569e-004 -5.87488648e-004 -5.87488648e-004  -5.87488648e-004 -2.55971373e-004 -2.55971373e-004  -2.55971373e-004
 -2.03044884e-006 -2.03044884e-006  -2.03044884e-006
 2.60021245e-001 2.60021245e-001  2.60021245e-001 -7.05733183e-001 -7.05733183e-001  -7.05733183e-001 -1.02964775e+000 -1.02964775e+000  -1.02964775e+000 -8.80022769e-001 -8.80022769e-001  -8.80022769e-001 -1.00469965e+000 -1.00469965e+000  -1.00469965e+000
 8.72981334e-001 8.72981334e-001  8.72981334e-001 -5.05365350e-002 -5.05365350e-002  -5.05365350e-002 -2.16259320e-001 -2.16259320e-001  -2.16259320e-001 6.32728516e-002 6.32728516e-002  6.32728516e-002 -3.03075116e-001 -3.03075116e-001  -3.03075116e-001
 -2.13598756e-001 -2.13598756e-001  -2.13598756e-001 -2.24738573e-002 -2.24738573e-002  -2.24738573e-002 -8.43070006e-003 -8.43070006e-003  -8.43070006e-003 -2.55310410e-003 -2.55310410e-003  -2.55310410e-003 -5.61802736e-004 -5.61802736e-004  -5.61802736e-004
 -6.86786400e-006 -6.86786400e-006  -6.86786400e-006
 -2.39578752e+000 -2.39578066e+000  -2.39576351e+000 -8.16832837e-001 -8.16813312e-001  -8.16764500e-001 -2.18127211e+000 -2.18125731e+000  -2.18122033e+000 -1.24395349e+000 -1.24399061e+000  -1.24408340e+000 -1.65445291e+000 -1.65443548e+000  -1.65439190e+000
 -1.38004717e+000 -1.38005234e+000  -1.38006529e+000 -1.90016520e+000 -1.90016307e+000  -1.90015773e+000 -1.05376272e-001 -1.05435312e-001  -1.05582913e-001 -1.86340057e+000 -1.86339780e+000  -1.86339088e+000 3.83511945e-001 3.83526966e-001  3.83564518e-001
 -1.32541362e-001 -1.32560599e-001  -1.32608691e-001 1.91179090e-002 1.91145794e-002  1.91062554e-002 4.67991425e-003 4.67840659e-003  4.67463744e-003 4.39575719e-004 4.38944115e-004  4.37365105e-004 -1.92048509e-004 -1.92276196e-004  -1.92845413e-004
 -5.68701888e-006 -5.68975154e-006  -5.69658318e-006
 -1.76605511e+000 -1.76603892e+000  -1.76603892e+000 6.56215624e-001 6.56228927e-001  6.56228927e-001 1.54912094e+000 1.54912140e+000  1.54912140e+000 1.45264114e+000 1.45263547e+000  1.45263547e+000 3.12934859e+000 3.12935956e+000  3.12935956e+000
 -1.51705859e+000 -1.51706015e+000  -1.51706015e+000 7.93217118e-001 7.93224891e-001  7.93224891e-001 2.75563796e+000 2.75562249e+000  2.75562249e+000 1.80920038e+000 1.80920056e+000  1.80920056e+000 -3.79345524e-001 -3.79340754e-001  -3.79340754e-001
 4.14301441e-002 4.14249075e-002  4.14249075e-002 3.06015130e-002 3.06005358e-002  3.06005358e-002 1.16772475e-002 1.16768048e-002  1.16768048e-002 3.27039768e-003 3.27021207e-003  3.27021207e-003 5.77359311e-004 5.77292158e-004  5.77292158e-004
 8.18070084e-007 8.16881711e-007  8.16881711e-007
 2.20507815e+000 2.20507815e+000  2.20507815e+000 -1.08066401e+000 -1.08066401e+000  -1.08066401e+000 3.84929534e-001 3.84929534e-001  3.84929534e-001 -2.24716606e+000 -2.24716606e+000  -2.24716606e+000 -1.43220209e+000 -1.43220209e+000  -1.43220209e+000
 -3.97674722e-001 -3.97674722e-001  -3.97674722e-001 9.45235514e-001 9.45235514e-001  9.45235514e-001 -6.72117525e-001 -6.72117525e-001  -6.72117525e-001 1.21766414e+000 1.21766414e+000  1.21766414e+000 -6.64533921e-001 -6.64533921e-001  -6.64533921e-001
 4.48590959e-001 4.48590959e-001  4.48590959e-001 2.88369294e-002 2.88369294e-002  2.88369294e-002 7.41370337e-003 7.41370337e-003  7.41370337e-003 1.19492331e-003 1.19492331e-003  1.19492331e-003 1.02406512e-004 1.02406512e-004  1.02406512e-004
 -7.30586241e-006 -7.30586241e-006  -7.30586241e-006
 2.13962656e+000 2.13962656e+000  2.13962656e+000 -1.04878614e+000 -1.04878614e+000  -1.04878614e+000 2.13837802e+000 2.13837802e+000  2.13837802e+000 3.17236073e+000 3.17236073e+000  3.17236073e+000 1.37104491e+000 1.37104491e+000  1.37104491e+000
 -2.62464686e+000 -2.62464686e+000  -2.62464686e+000 -6.17725923e-001 -6.17725923e-001  -6.17725923e-001 1.06129483e+000 1.06129483e+000  1.06129483e+000 8.08892593e-001 8.08892593e-001  8.08892593e-001 1.04051508e+000 1.04051508e+000  1.04051508e+000
 -4.39981823e-001 -4.39981823e-001  -4.39981823e-001 -3.90164492e-002 -3.90164492e-002  -3.90164492e-002 -1.34087916e-002 -1.34087916e-002  -1.34087916e-002 -3.75668877e-003 -3.75668877e-003  -3.75668877e-003 -7.79344480e-004 -7.79344480e-004  -7.79344480e-004
 6.53494450e-006 6.53494450e-006  6.53494450e-006
 1.88092512e+000 1.88092512e+000  1.88092512e+000 1.21767687e+000 1.21767687e+000  1.21767687e+000 9.44963682e-001 9.44963682e-001  9.44963682e-001 -7.02328101e-001 -7.02328101e-001  -7.02328101e-001 4.53437264e-001 4.53437264e-001  4.53437264e-001
 8.91787814e-001 8.91787814e-001  8.91787814e-001 -6.45332634e-001 -6.45332634e-001  -6.45332634e-001 -6.77347254e-001 -6.77347254e-001  -6.77347254e-001 -2.59650495e+000 -2.59650495e+000  -2.59650495e+000 4.45442772e-001 4.45442772e-001  4.45442772e-001
 1.71895177e-001 1.71895177e-001  1.71895177e-001 4.37474770e-003 4.37474770e-003  4.37474770e-003 2.32259022e-004 2.32259022e-004  2.32259022e-004 -6.70068168e-004 -6.70068168e-004  -6.70068168e-004 -2.55150710e-004 -2.55150710e-004  -2.55150710e-004
 -1.30529372e-005 -1.30529372e-005  -1.30529372e-005
 1.96666031e+000 1.96666031e+000  1.96666031e+000 1.02998973e+000 1.02998973e+000  1.02998973e+000 -6.29368364e-001 -6.29368364e-001  -6.29368364e-001 2.34848849e-001 2.34848849e-001  2.34848849e-001 -1.51216393e+000 -1.51216393e+000  -1.51216393e+000
 1.14175739e+000 1.14175739e+000  1.14175739e+000 4.42928333e-001 4.42928333e-001  4.42928333e-001 -7.40617626e-001 -7.40617626e-001  -7.40617626e-001 3.06483115e-001 3.06483115e-001  3.06483115e-001 -1.37712118e-001 -1.37712118e-001  -1.37712118e-001
 1.64240551e-001 1.64240551e-001  1.64240551e-001 -6.48158441e-003 -6.48158441e-003  -6.48158441e-003 -1.59611934e-003 -1.59611934e-003  -1.59611934e-003 -1.37256389e-004 -1.37256389e-004  -1.37256389e-004 -9.03930962e-005 -9.03930962e-005  -9.03930962e-005
 -1.35290404e-005 -1.35290404e-005  -1.35290404e-005
 -1.24772943e+000 -1.24772943e+000  -1.24772944e+000 -1.13534522e+000 -1.13534522e+000  -1.13534522e+000 -1.04578404e+000 -1.04578404e+000  -1.04578405e+000 -1.11549974e+000 -1.11549974e+000  -1.11549974e+000 -2.24857517e-001 -2.24857519e-001  -2.24857526e-001
 2.42137586e+000 2.42137586e+000  2.42137587e+000 -2.80047407e-001 -2.80047407e-001  -2.80047408e-001 -1.21674822e+000 -1.21674822e+000  -1.21674821e+000 -4.09238879e-001 -4.09238879e-001  -4.09238879e-001 -5.54179432e-001 -5.54179433e-001  -5.54179436e-001
 -3.19889181e-001 -3.19889180e-001  -3.19889178e-001 -4.34510039e-002 -4.34510037e-002  -4.34510031e-002 -1.37336924e-002 -1.37336923e-002  -1.37336921e-002 -2.94137268e-003 -2.94137264e-003  -2.94137253e-003 -4.16721247e-004 -4.16721232e-004  -4.16721194e-004
 -1.39795554e-005 -1.39795554e-005  -1.39795552e-005
 -1.92453961e+000 -1.92453961e+000  -1.92453961e+000 1.19101798e-002 1.19101798e-002  1.19101798e-002 -9.99441664e-001 -9.99441664e-001  -9.99441664e-001 -8.02434088e-001 -8.02434088e-001  -8.02434088e-001 9.25879087e-001 9.25879087e-001  9.25879087e-001
 2.47506821e+000 2.47506821e+000  2.47506821e+000 8.38416706e-001 8.38416706e-001  8.38416706e-001 3.04537714e+000 3.04537714e+000  3.04537714e+000 1.37733384e+000 1.37733384e+000  1.37733384e+000 -1.30648050e-001 -1.30648050e-001  -1.30648050e-001
 3.27002576e-002 3.27002576e-002  3.27002576e-002 -2.83426816e-003 -2.83426816e-003  -2.83426816e-003 -1.33744241e-003 -1.33744241e-003  -1.33744241e-003 -4.61133240e-004 -4.61133240e-004  -4.61133240e-004 -1.01354374e-004 -1.01354374e-004  -1.01354374e-004
 -1.14704672e-006 -1.14704672e-006  -1.14704672e-006
 -1.20416576e+000 -1.20416576e+000  -1.20416577e+000 -1.63809767e+000 -1.63809767e+000  -1.63809767e+000 -1.02366988e+000 -1.02366989e+000  -1.02366990e+000 -1.18475058e+000 -1.18475058e+000  -1.18475058e+000 -4.49472160e-001 -4.49472163e-001  -4.49472169e-001
 -9.26804423e-001 -9.26804420e-001  -9.26804412e-001 -1.18242307e+000 -1.18242307e+000  -1.18242307e+000 -8.56362472e-002 -8.56362449e-002  -8.56362391e-002 -1.27849562e+000 -1.27849562e+000  -1.27849562e+000 -5.51623831e-002 -5.51623843e-002  -5.51623872e-002
 -3.79522209e-001 -3.79522208e-001  -3.79522205e-001 -8.80359785e-002 -8.80359783e-002  -8.80359778e-002 -3.33954564e-002 -3.33954563e-002  -3.33954560e-002 -1.05717431e-002 -1.05717431e-002  -1.05717430e-002 -2.47205357e-003 -2.47205356e-003  -2.47205352e-003
 -3.05332503e-005 -3.05332502e-005  -3.05332500e-005
 1.90003999e+000 1.90004685e+000  1.90006401e+000 6.65869307e-002 6.66064555e-002  6.66552676e-002 1.71264207e+000 1.71265686e+000  1.71269385e+000 5.39955063e-001 5.39917946e-001  5.39825154e-001 2.38951821e+000 2.38953564e+000  2.38957921e+000
 5.72816031e-001 5.72810854e-001  5.72797909e-001 8.39452923e-002 8.39474284e-002  8.39527684e-002 3.12143843e-001 3.12084803e-001  3.11937203e-001 1.26907197e+000 1.26907474e+000  1.26908166e+000 -2.07507038e-001 -2.07492017e-001  -2.07454465e-001
 1.36827544e-001 1.36808308e-001  1.36760215e-001 2.45032863e-002 2.44999567e-002  2.44916327e-002 5.44676421e-003 5.44525655e-003  5.44148740e-003 2.60999074e-004 2.60367470e-004  2.58788461e-004 -2.49059991e-004 -2.49287678e-004  -2.49856895e-004
 -1.87246112e-005 -1.87273438e-005  -1.87341755e-005
 2.05105186e+000 2.05106805e+000  2.05106805e+000 3.58623537e-001 3.58636840e-001  3.58636840e-001 4.37505016e-001 4.37505480e-001  4.37505480e-001 1.61859141e-001 1.61853473e-001  1.61853473e-001 -1.84308065e+000 -1.84306968e+000  -1.84306968e+000
 -1.14305605e+000 -1.14305761e+000  -1.14305761e+000 -1.95299824e-001 -1.95292051e-001  -1.95292051e-001 1.46981652e-001 1.46966185e-001  1.46966185e-001 -7.48066396e-001 -7.48066213e-001  -7.48066213e-001 3.96368226e-001 3.96372996e-001  3.96372996e-001
 1.76439129e-001 1.76433893e-001  1.76433893e-001 5.75147538e-002 5.75137766e-002  5.75137766e-002 2.32132129e-002 2.32127702e-002  2.32127702e-002 7.71025476e-003 7.71006915e-003  7.71006915e-003 1.66722135e-003 1.66715419e-003  1.66715419e-003
 3.05646167e-006 3.05527330e-006  3.05527330e-006
 -1.48979552e+000 -1.48978911e+000  -1.48978773e+000 1.66574120e+000 1.66574759e+000  1.66575152e+000 1.72732247e+000 1.72732383e+000  1.72732681e+000 -1.83427329e+000 -1.83427833e+000  -1.83428580e+000 -3.07350464e-001 -3.07345087e-001  -3.07341579e-001
 7.40667592e-001 7.40666610e-001  7.40665568e-001 4.52651564e-002 4.52681442e-002  4.52685741e-002 -1.86038333e+000 -1.86039369e+000  -1.86040557e+000 -1.06538786e+000 -1.06538757e+000  -1.06538702e+000 1.65768528e-001 1.65771465e-001  1.65774488e-001
 -1.41916556e-001 -1.41920001e-001  -1.41923873e-001 -1.97732972e-002 -1.97739192e-002  -1.97745893e-002 -6.07085610e-003 -6.07113783e-003  -6.07144125e-003 -1.54104847e-003 -1.54116655e-003  -1.54129366e-003 -3.26673399e-004 -3.26716055e-004  -3.26761878e-004
 9.72624944e-007 9.71974453e-007  9.71424489e-007
 -1.02033438e-003 -1.00988981e-003  -1.00183317e-003 1.95230862e-003 1.96741665e-003  1.99034878e-003 2.09127218e-003 2.09842763e-003  2.11579839e-003 -5.54226436e-004 -5.74192904e-004  -6.17787276e-004 6.20012519e-004 6.33094241e-004  6.53563867e-004
 2.46740709e-003 2.46428047e-003  2.45820245e-003 2.89315694e-003 2.89762831e-003  2.90013694e-003 3.26979769e-004 2.92342370e-004  2.23000390e-004 1.56317198e-003 1.56455437e-003  1.56780613e-003 -1.47763045e-002 -1.47671198e-002  -1.47494787e-002
 -9.60654058e-003 -9.61791422e-003  -9.64050752e-003 -4.52012514e-003 -4.52212531e-003  -4.52603579e-003 -2.45120477e-003 -2.45211054e-003  -2.45388125e-003 -1.87137390e-003 -1.87175343e-003  -1.87249525e-003 -7.02039680e-004 -7.02176613e-004  -7.02444045e-004
 -1.97887514e-005 -1.97905749e-005  -1.97938082e-005
 -1.22387942e-001 -1.22373269e-001  -1.22362277e-001 6.25727463e-002 6.25937072e-002  6.26249954e-002 -4.42066845e-002 -4.41969097e-002  -4.41732097e-002 2.72904404e-002 2.72630503e-002  2.72035709e-002 6.48530669e-003 6.50344183e-003  6.53136994e-003
 8.63402453e-002 8.63359388e-002  8.63276463e-002 8.03495518e-002 8.03558557e-002  8.03592784e-002 -4.61787829e-003 -4.66554119e-003  -4.76014986e-003 3.82504801e-002 3.82523710e-002  3.82568076e-002 1.51393042e-002 1.51519602e-002  1.51760292e-002
 1.91525027e-002 1.91368479e-002  1.91060222e-002 1.98065003e-002 1.98037458e-002  1.97984105e-002 5.43825427e-003 5.43700688e-003  5.43459100e-003 1.12272753e-003 1.12220486e-003  1.12119276e-003 -3.71262850e-005 -3.73148621e-005  -3.76797211e-005
 -2.13345188e-005 -2.13370305e-005  -2.13414234e-005
 1.93293539e+000 1.93295347e+000  1.93296693e+000 -1.05473506e+000 -1.05470930e+000  -1.05467100e+000 6.65011340e-001 6.65023310e-001  6.65052325e-001 -5.00594209e-001 -5.00627781e-001  -5.00700597e-001 -1.03013414e-001 -1.02991134e-001  -1.02956944e-001
 -1.34725061e+000 -1.34725589e+000  -1.34726605e+000 -1.19853330e+000 -1.19852553e+000  -1.19852134e+000 5.92008528e-002 5.91423922e-002  5.90265692e-002 -7.02961623e-001 -7.02959307e-001  -7.02953875e-001 8.04315559e-002 8.04470839e-002  8.04765499e-002
 -4.23428924e-002 -4.23620949e-002  -4.23998328e-002 -2.69830346e-003 -2.70168260e-003  -2.70821430e-003 -2.99226293e-003 -2.99379318e-003  -2.99675077e-003 -1.81527575e-003 -1.81591694e-003  -1.81715596e-003 -7.80187522e-004 -7.80418857e-004  -7.80865513e-004
 -3.59065711e-005 -3.59096479e-005  -3.59150097e-005
 1.91727896e+000 1.91727896e+000  1.91727896e+000 1.26186833e+000 1.26186833e+000  1.26186833e+000 1.21075520e-001 1.21075520e-001  1.21075520e-001 1.91179104e+000 1.91179104e+000  1.91179104e+000 1.24460517e+000 1.24460517e+000  1.24460517e+000
 -1.23011681e+000 -1.23011681e+000  -1.23011681e+000 -6.41248152e-001 -6.41248152e-001  -6.41248152e-001 -2.43493154e-001 -2.43493154e-001  -2.43493154e-001 1.68448669e+000 1.68448669e+000  1.68448669e+000 -8.74221133e-001 -8.74221133e-001  -8.74221133e-001
 2.86519013e-001 2.86519013e-001  2.86519013e-001 -2.28023812e-003 -2.28023812e-003  -2.28023812e-003 -2.15142604e-003 -2.15142604e-003  -2.15142604e-003 -1.21161347e-003 -1.21161347e-003  -1.21161347e-003 -3.83462791e-004 -3.83462791e-004  -3.83462791e-004
 -2.06931545e-006 -2.06931545e-006  -2.06931545e-006
 1.07621850e+000 1.07621850e+000  1.07621850e+000 -7.09652427e-001 -7.09652427e-001  -7.09652427e-001 4.22887989e-001 4.22887989e-001  4.22887989e-001 -6.61912085e-001 -6.61912085e-001  -6.61912085e-001 -1.27809991e+000 -1.27809991e+000  -1.27809991e+000
 -8.36794261e-001 -8.36794261e-001  -8.36794261e-001 -1.69280028e+000 -1.69280028e+000  -1.69280028e+000 -9.01931246e-001 -9.01931246e-001  -9.01931246e-001 5.13520294e-001 5.13520294e-001  5.13520294e-001 2.26436768e-001 2.26436768e-001  2.26436768e-001
 -1.26798453e-001 -1.26798453e-001  -1.26798453e-001 3.30430398e-002 3.30430398e-002  3.30430398e-002 1.38743544e-002 1.38743544e-002  1.38743544e-002 4.61970364e-003 4.61970364e-003  4.61970364e-003 9.52853377e-004 9.52853377e-004  9.52853377e-004
 -6.82287507e-006 -6.82287507e-006  -6.82287507e-006
 1.14357989e-001 1.14357989e-001  1.14357989e-001 -9.04179381e-001 -9.04179381e-001  -9.04179381e-001 5.95349376e-001 5.95349376e-001  5.95349376e-001 -7.57869302e-001 -7.57869302e-001  -7.57869302e-001 3.24160122e-001 3.24160122e-001  3.24160122e-001
 3.98980670e-001 3.98980670e-001  3.98980670e-001 1.11693674e+000 1.11693674e+000  1.11693674e+000 1.08822423e+000 1.08822423e+000  1.08822423e+000 -1.50722076e+000 -1.50722076e+000  -1.50722076e+000 -1.63729719e-001 -1.63729719e-001  -1.63729719e-001
 -4.65825448e-001 -4.65825448e-001  -4.65825448e-001 3.57042463e-002 3.57042463e-002  3.57042463e-002 1.66089419e-002 1.66089419e-002  1.66089419e-002 5.12835550e-003 5.12835550e-003  5.12835550e-003 9.08275681e-004 9.08275681e-004  9.08275681e-004
 -1.88366577e-005 -1.88366577e-005  -1.88366577e-005
 7.94393048e-002 7.94623514e-002  7.94795001e-002 -4.10379957e-001 -4.10347130e-001  -4.10298319e-001 4.47883202e-001 4.47898456e-001  4.47935430e-001 -5.04052031e-001 -5.04094815e-001  -5.04187606e-001 2.87369127e-001 2.87397524e-001  2.87441093e-001
 6.62130190e-001 6.62123456e-001  6.62110519e-001 4.24753440e-001 4.24763349e-001  4.24768688e-001 9.42283881e-001 9.42209376e-001  9.42061782e-001 -9.26506695e-001 -9.26503743e-001  -9.26496822e-001 9.45212889e-001 9.45232678e-001  9.45270227e-001
 2.39849353e-001 2.39824881e-001  2.39776791e-001 -7.24849864e-002 -7.24892930e-002  -7.24976164e-002 -3.30673495e-002 -3.30692998e-002  -3.30730687e-002 -1.11369350e-002 -1.11377522e-002  -1.11393311e-002 -2.53155849e-003 -2.53185331e-003  -2.53242249e-003
 -1.84725515e-005 -1.84764725e-005  -1.84833040e-005
 -4.49396414e+000 -4.49402488e+000 -4.49415249e+000
 -3.52775635e+000 -3.52776919e+000 -3.52778490e+000
 -4.49729290e+000 -4.49735731e+000 -4.49748004e+000
 3.38868194e+000 3.38864296e+000 3.38855028e+000
 -3.07098135e+000 -3.07103731e+000 -3.07115267e+000
 3.27526614e+000 3.27526402e+000 3.27525995e+000
 -2.01684835e+000 -2.01685692e+000 -2.01685962e+000
 4.50140028e+000 4.50136228e+000 4.50129296e+000
 -2.98431309e+000 -2.98431409e+000 -2.98431645e+000
 -1.66565251e+000 -1.66570520e+000 -1.66580786e+000
 1.46377957e+000 1.46374269e+000 1.46367498e+000
 2.53458597e-001 2.53425190e-001 2.53361344e-001
 1.14789684e-001 1.14756186e-001 1.14691756e-001
 4.81509878e-002 4.81172204e-002 4.80520603e-002
 1.74426024e-002 1.74086624e-002 1.73430799e-002
 3.42091058e-004 3.08070830e-004 2.42306643e-004
