 -1.7392e-001 -1.5409e+000  2.3450e-002 -1.7007e+000  2.0251e+000
 -5.7182e-001 -8.5367e-001 -2.4916e+000 -6.7827e-001 -6.8669e-001
  1.2594e-001  2.7814e+000  4.0057e-002 -1.1554e-001 -7.0168e-002
 -4.7688e-003
  5.4756e-001
 -5.44357013e-001 -5.44310609e-001  -5.44229163e-001 5.41161836e+000 5.41362531e+000  5.41531840e+000 2.30556975e+000 2.30617987e+000  2.30695852e+000 -1.23881013e+000 -1.23665841e+000  -1.23492503e+000 -1.99095623e+000 -1.99058183e+000  -1.98998287e+000
 7.58271723e-001 7.57808371e-001  7.57337288e-001 8.44968692e-001 8.46920630e-001  8.48510003e-001 5.76257900e+000 5.76099043e+000  5.75919757e+000 -6.05536453e+000 -6.05381414e+000  -6.05223631e+000 5.90780187e-001 5.90470684e-001  5.90312704e-001
 -4.26917745e+000 -4.26799516e+000  -4.26744381e+000 -3.86170461e+000 -3.86366477e+000  -3.86515215e+000 -8.54897083e-002 -8.61966133e-002  -8.68452797e-002 -7.64515688e-002 -7.66193433e-002  -7.67684642e-002 -3.70933224e-002 -3.71687266e-002  -3.72351599e-002
 -2.92995052e-003 -2.93977877e-003  -2.94777080e-003
 -2.36197664e-001 -2.36165839e-001  -2.36116011e-001 2.90938773e+000 2.91089485e+000  2.91180271e+000 -8.67125505e-001 -8.66703328e-001  -8.66290253e-001 2.12465671e+000 2.12627724e+000  2.12719192e+000 -4.76363117e-001 -4.76119812e-001  -4.75801517e-001
 8.59147651e-001 8.58810993e-001  8.58560644e-001 4.38180677e+000 4.38327599e+000  4.38411819e+000 7.01563311e+000 7.01448910e+000  7.01350335e+000 -2.37370014e+000 -2.37257395e+000  -2.37173560e+000 -1.00223136e+000 -1.00248677e+000  -1.00259551e+000
 1.27108565e+000 1.27204110e+000  1.27236121e+000 1.59968188e+000 1.59818855e+000  1.59739151e+000 -4.68633248e-001 -4.69157435e-001  -4.69505558e-001 -1.03186989e-001 -1.03312187e-001  -1.03392626e-001 -4.62434290e-002 -4.62997926e-002  -4.63356765e-002
 -3.06854534e-003 -3.07596759e-003  -3.08026039e-003
 6.86354441e-001 6.86354441e-001  6.86354441e-001 -2.88291746e+000 -2.88291746e+000  -2.88291746e+000 7.74978013e-001 7.74978013e-001  7.74978013e-001 -1.06856435e+000 -1.06856435e+000  -1.06856435e+000 6.62227867e-001 6.62227867e-001  6.62227867e-001
 4.32701398e-003 4.32701398e-003  4.32701398e-003 4.65811714e-001 4.65811714e-001  4.65811714e-001 -2.24170777e-001 -2.24170777e-001  -2.24170777e-001 -9.67994252e-001 -9.67994252e-001  -9.67994252e-001 2.10341987e+000 2.10341987e+000  2.10341987e+000
 -1.85060684e-001 -1.85060684e-001  -1.85060684e-001 -2.33752874e+000 -2.33752874e+000  -2.33752874e+000 -5.27560219e-002 -5.27560219e-002  -5.27560219e-002 -2.96580379e-002 -2.96580379e-002  -2.96580379e-002 -8.41772568e-003 -8.41772568e-003  -8.41772568e-003
 -3.94963704e-004 -3.94963704e-004  -3.94963704e-004
 -5.56762804e-001 -5.56762804e-001  -5.56762804e-001 -1.01021789e+000 -1.01021789e+000  -1.01021789e+000 3.68599939e-001 3.68599939e-001  3.68599939e-001 1.82603798e-001 1.82603798e-001  1.82603798e-001 4.71510803e-001 4.71510803e-001  4.71510803e-001
 6.72243332e-001 6.72243332e-001  6.72243332e-001 8.26258422e-002 8.26258422e-002  8.26258422e-002 5.37744291e-002 5.37744291e-002  5.37744291e-002 -7.57084715e-001 -7.57084715e-001  -7.57084715e-001 3.03029647e-001 3.03029647e-001  3.03029647e-001
 -1.90681280e+000 -1.90681280e+000  -1.90681280e+000 -1.87871452e+000 -1.87871452e+000  -1.87871452e+000 5.22416239e-002 5.22416239e-002  5.22416239e-002 1.10206772e-002 1.10206772e-002  1.10206772e-002 3.55266820e-004 3.55266820e-004  3.55266820e-004
 -3.07585863e-004 -3.07585863e-004  -3.07585863e-004
 -4.04005770e-001 -4.03998718e-001  -4.03981088e-001 7.70059658e-002 7.70249360e-002  7.70723615e-002 -2.15630638e+000 -2.15629817e+000  -2.15627764e+000 -1.66641031e+000 -1.66639336e+000  -1.66635101e+000 2.75928312e+000 2.75928487e+000  2.75928922e+000
 -7.84533298e-001 -7.84536699e-001  -7.84545200e-001 -2.29898579e-001 -2.29888570e-001  -2.29863547e-001 -4.30541147e+000 -4.30544549e+000  -4.30553053e+000 -1.50953139e+000 -1.50952540e+000  -1.50951041e+000 8.13136227e-003 8.10548593e-003  8.04079507e-003
 -3.53828302e+000 -3.53826157e+000  -3.53820795e+000 -2.92389180e+000 -2.92390364e+000  -2.92393323e+000 4.85513556e-001 4.85507014e-001  4.85490660e-001 5.73292953e-002 5.73272530e-002  5.73221474e-002 8.86060305e-003 8.85963461e-003  8.85721352e-003
 -2.08002725e-004 -2.08120260e-004  -2.08414095e-004
 -7.48299087e-001 -7.48299480e-001  -7.48300461e-001 -2.10263125e+000 -2.10263273e+000  -2.10263644e+000 -2.11501499e+000 -2.11501601e+000  -2.11501856e+000 2.26611691e-001 2.26610395e-001  2.26607156e-001 -1.62928303e+000 -1.62928314e+000  -1.62928343e+000
 1.55210158e-001 1.55210396e-001  1.55210990e-001 -8.14806828e-001 -8.14807505e-001  -8.14809198e-001 2.34341680e-001 2.34343307e-001  2.34347374e-001 1.89185997e+000 1.89185945e+000  1.89185814e+000 2.81208755e+000 2.81208857e+000  2.81209111e+000
 1.22999397e+000 1.22999330e+000  1.22999163e+000 -2.22883080e+000 -2.22882963e+000  -2.22882671e+000 -1.00332145e-001 -1.00331755e-001  -1.00330782e-001 -6.75260834e-002 -6.75259692e-002  -6.75256839e-002 -2.08490980e-002 -2.08490428e-002  -2.08489048e-002
 -7.81297168e-004 -7.81289463e-004  -7.81270198e-004
 -2.16814655e+000 -2.16809754e+000  -2.16801096e+000 -8.38425435e-001 -8.36330583e-001  -8.34551200e-001 -3.11504821e+000 -3.11441026e+000  -3.11359203e+000 2.31301550e+000 2.31526086e+000  2.31708200e+000 -6.08292549e+000 -6.08253395e+000  -6.08190566e+000
 -9.04922622e-001 -9.05406486e-001  -9.05901257e-001 -5.84921972e+000 -5.84718302e+000  -5.84551382e+000 -4.46347818e+000 -4.46513891e+000  -4.46702468e+000 -1.60085304e-001 -1.58466602e-001  -1.56810253e-001 2.61060026e+000 2.61027616e+000  2.61010642e+000
 -6.07964622e-001 -6.06731095e-001  -6.06148156e-001 5.96427839e+000 5.96223311e+000  5.96066994e+000 -2.81437714e-001 -2.82175804e-001  -2.82857528e-001 -1.43671951e-001 -1.43847137e-001  -1.44003933e-001 -7.21058883e-002 -7.21846260e-002  -7.22544925e-002
 -4.83457750e-003 -4.84483765e-003  -4.85324390e-003
 -1.89643896e+000 -1.89639197e+000  -1.89630948e+000 -9.20040263e-001 -9.17986672e-001  -9.16217825e-001 -2.56243107e+000 -2.56180300e+000  -2.56098863e+000 1.96331240e+000 1.96551424e+000  1.96732816e+000 -3.97017829e+000 -3.96979092e+000  -3.96916368e+000
 -9.62444104e-001 -9.62919615e-001  -9.63412650e-001 3.50140140e+000 3.50339953e+000  3.50506398e+000 6.74680596e-002 6.58400248e-002  6.39752816e-002 -8.69172833e-001 -8.67581184e-001  -8.65928441e-001 -1.67883208e+000 -1.67914331e+000  -1.67929806e+000
 3.01270541e+000 3.01390662e+000  3.01447577e+000 -1.22454317e+000 -1.22654764e+000  -1.22810388e+000 -4.18742865e-001 -4.19466992e-001  -4.20144970e-001 -1.65530841e-001 -1.65702553e-001  -1.65858197e-001 -7.55526336e-002 -7.56297921e-002  -7.56991116e-002
 -4.57803923e-003 -4.58808948e-003  -4.59643289e-003
 -5.15611075e-001 -5.15575188e-001  -5.15511892e-001 -9.28764773e-001 -9.27238220e-001  -9.25962983e-001 4.87800616e-001 4.88263666e-001  4.88850528e-001 2.86046777e-001 2.87684505e-001  2.88991841e-001 8.52582840e-001 8.52865626e-001  8.53314946e-001
 -1.43852916e+000 -1.43888103e+000  -1.43923532e+000 -2.05201935e+000 -2.05053528e+000  -2.04934039e+000 -1.52074616e+000 -1.52195377e+000  -1.52330744e+000 8.01542609e-001 8.02718870e-001  8.03902777e-001 -2.36437454e+000 -2.36461362e+000  -2.36474060e+000
 1.37952051e+000 1.38042281e+000  1.38084063e+000 -2.17125906e+000 -2.17274942e+000  -2.17386635e+000 -4.96351860e-001 -4.96889123e-001  -4.97377208e-001 -1.83618435e-001 -1.83746052e-001  -1.83858462e-001 -7.81420223e-002 -7.81993882e-002  -7.82494852e-002
 -4.16326238e-003 -4.17074433e-003  -4.17677626e-003
 -9.86183985e-001 -9.86149314e-001  -9.86085967e-001 -1.39446745e+000 -1.39305887e+000  -1.39178155e+000 -8.54288659e-002 -8.49919573e-002  -8.44037355e-002 -3.22412597e+000 -3.22261646e+000  -3.22130391e+000 -7.15740652e-001 -7.15469815e-001  -7.15020253e-001
 -3.00710757e-002 -3.03987090e-002  -3.07538183e-002 8.94005954e-001 8.95373624e-001  8.96571502e-001 -5.68744232e-001 -5.69874143e-001  -5.71228227e-001 1.05651970e+001 1.05662920e+001  1.05674780e+001 1.25771645e+000 1.25749927e+000  1.25737202e+000
 -6.75117441e-001 -6.74301347e-001  -6.73884217e-001 1.86842855e+000 1.86705991e+000  1.86594232e+000 3.36084722e-001 3.35587111e-001  3.35098214e-001 -4.23474539e-002 -4.24654946e-002  -4.25781151e-002 -4.59551037e-002 -4.60081445e-002  -4.60583359e-002
 -3.89450462e-003 -3.90140013e-003  -3.90744722e-003
 -6.38609022e-001 -6.38558521e-001  -6.38466376e-001 -2.17104298e+000 -2.16894462e+000  -2.16697921e+000 -1.33360757e+000 -1.33295044e+000  -1.33204443e+000 -1.29407821e+000 -1.29183043e+000  -1.28980882e+000 1.22893615e+000 1.22934766e+000  1.23004383e+000
 -4.65300659e-001 -4.65791094e-001  -4.66338941e-001 1.57218046e+000 1.57421919e+000  1.57606888e+000 -9.39025170e-001 -9.40713302e-001  -9.42783757e-001 -2.39767286e-001 -2.38126543e-001  -2.36292549e-001 -1.59278041e+000 -1.59309345e+000  -1.59326838e+000
 -9.30767060e-001 -9.29566852e-001  -9.28939005e-001 4.83028641e-001 4.80991743e-001  4.79267545e-001 -4.44168340e-002 -4.51594089e-002  -4.59119912e-002 -9.59441670e-002 -9.61200310e-002  -9.62929380e-002 -5.76597923e-002 -5.77387832e-002  -5.78157921e-002
 -3.78683041e-003 -3.79708609e-003  -3.80636517e-003
 -1.05656679e-002 -1.05170048e-002  -1.04243633e-002 1.66519812e+000 1.66710195e+000  1.66907073e+000 -5.18612217e-001 -5.17998033e-001  -5.17089412e-001 -1.37348822e+000 -1.37145292e+000  -1.36942549e+000 1.46584012e+000 1.46623193e+000  1.46692848e+000
 5.38758310e-001 5.38307953e-001  5.37759063e-001 7.67662096e-002 7.86124190e-002  8.04655263e-002 2.55777803e+000 2.55621768e+000  2.55414576e+000 1.19762369e+000 1.19912979e+000  1.20096571e+000 2.59580905e+000 2.59553186e+000  2.59535584e+000
 2.24696212e+000 2.24802087e+000  2.24864926e+000 -1.92338592e+000 -1.92522288e+000  -1.92695000e+000 -8.31649508e-002 -8.38421124e-002  -8.45959335e-002 -9.98823194e-002 -1.00042386e-001  -1.00215617e-001 -5.64740067e-002 -5.65458654e-002  -5.66230259e-002
 -3.63405828e-003 -3.64334620e-003  -3.65264798e-003
 -2.08148438e-001 -2.08107426e-001  -2.08033894e-001 -1.18694461e+000 -1.18517683e+000  -1.18354651e+000 2.00231010e+000 2.00286165e+000  2.00361406e+000 -1.29363088e-001 -1.27467232e-001  -1.25786573e-001 -9.73519705e-001 -9.73174775e-001  -9.72595240e-001
 -9.16616092e-001 -9.17028920e-001  -9.17484336e-001 -2.34025307e+000 -2.33853340e+000  -2.33699499e+000 -2.84665749e+000 -2.84807242e+000  -2.84978187e+000 1.46933431e-001 1.48315243e-001  1.49841582e-001 8.66708034e-001 8.66447834e-001  8.66313982e-001
 -1.47230310e+000 -1.47129166e+000  -1.47078038e+000 -3.86356127e+000 -3.86527907e+000  -3.86670998e+000 -1.02040475e-001 -1.02665634e-001  -1.03290006e-001 -9.09717916e-002 -9.11198021e-002  -9.12630285e-002 -5.00377432e-002 -5.01042179e-002  -5.01679795e-002
 -2.92238826e-003 -2.93102683e-003  -2.93871353e-003
 1.85143399e+000 1.85147629e+000  1.85155889e+000 1.66584659e+000 1.66746081e+000  1.66927079e+000 9.53254196e-001 9.53788520e-001  9.54624453e-001 2.37470894e+000 2.37643235e+000  2.37830001e+000 -1.11631866e+000 -1.11597158e+000  -1.11532950e+000
 5.95084133e-001 5.94697899e-001  5.94192446e-001 -2.22407452e-001 -2.20843379e-001  -2.19136109e-001 1.65370491e+000 1.65236236e+000  1.65046451e+000 -1.31186839e+000 -1.31057602e+000  -1.30888367e+000 2.05716002e+000 2.05693423e+000  2.05678202e+000
 1.72732784e+000 1.72819931e+000  1.72876834e+000 3.37017603e+000 3.36862699e+000  3.36703934e+000 -1.85404208e-003 -2.43080985e-003  -3.12385023e-003 -8.96478405e-002 -8.97838598e-002  -8.99429371e-002 -4.80630958e-002 -4.81241195e-002  -4.81949503e-002
 -2.98425870e-003 -2.99211551e-003  -3.00065848e-003
 -9.81113249e-001 -9.81072112e-001  -9.80996713e-001 -2.26039121e+000 -2.25869718e+000  -2.25710164e+000 -1.20041023e+000 -1.19987898e+000  -1.19914371e+000 -1.30701539e+000 -1.30520086e+000  -1.30355943e+000 1.88179380e+000 1.88212674e+000  1.88269148e+000
 -3.54766353e-001 -3.55162478e-001  -3.55607065e-001 1.79021690e+000 1.79186239e+000  1.79336345e+000 -9.43678267e-001 -9.45043181e-001  -9.46725645e-001 -1.56426661e+000 -1.56294160e+000  -1.56145385e+000 -2.63192363e+000 -2.63217711e+000  -2.63232188e+000
 -6.81659120e-001 -6.80691078e-001  -6.80180061e-001 5.51670321e-001 5.50026876e-001  5.48628247e-001 8.96058126e-002 8.90061947e-002  8.83953290e-002 -8.29989668e-002 -8.31409854e-002  -8.32813980e-002 -5.81328802e-002 -5.81966688e-002  -5.82592096e-002
 -4.45811587e-003 -4.46639573e-003  -4.47393179e-003
 -2.06944533e-001 -2.06905791e-001  -2.06829965e-001 2.49502825e+000 2.49647554e+000  2.49807126e+000 -2.36190234e-001 -2.35713856e-001  -2.34977184e-001 -1.48120537e+000 -1.47966027e+000  -1.47801570e+000 2.07123487e+000 2.07154242e+000  2.07210622e+000
 7.74880681e-001 7.74535510e-001  7.74090739e-001 -2.25732967e-001 -2.24331577e-001  -2.22830038e-001 3.24980969e+000 3.24860749e+000  3.24692744e+000 4.52869333e-002 4.64407813e-002  4.79271990e-002 2.38827309e+000 2.38806493e+000  2.38791917e+000
 3.05089297e+000 3.05168226e+000  3.05219266e+000 -2.70295944e+000 -2.70434954e+000  -2.70574830e+000 4.09056017e-002 4.03890288e-002  3.97781544e-002 -8.77329524e-002 -8.78549221e-002  -8.79953856e-002 -5.65140652e-002 -5.65688030e-002  -5.66313756e-002
 -4.25650381e-003 -4.26355655e-003  -4.27110195e-003
 -4.47790345e-001 -4.47758995e-001  -4.47703079e-001 -1.08172757e+000 -1.08036087e+000  -1.07910423e+000 2.89635237e+000 2.89677849e+000  2.89735862e+000 3.42397780e-002 3.57063248e-002  3.70036039e-002 -7.05687891e-001 -7.05421382e-001  -7.04974124e-001
 -9.49684373e-001 -9.50003544e-001  -9.50354869e-001 -3.02820085e+000 -3.02687075e+000  -3.02568363e+000 -3.42754892e+000 -3.42864141e+000  -3.42995698e+000 -1.09248526e+000 -1.09141682e+000  -1.09023904e+000 3.16420537e-001 3.16220244e-001  3.16119639e-001
 -1.24315280e+000 -1.24237142e+000  -1.24198032e+000 -4.59453125e+000 -4.59585929e+000  -4.59696164e+000 1.92711443e-002 1.87879039e-002  1.83066615e-002 -8.30159061e-002 -8.31303061e-002  -8.32406567e-002 -5.23791363e-002 -5.24305132e-002  -5.24796303e-002
 -3.68131096e-003 -3.68798928e-003  -3.69391238e-003
 1.90676552e+000 1.90679708e+000  1.90686102e+000 2.17119608e+000 2.17233480e+000  2.17374273e+000 1.48692358e+000 1.48731309e+000  1.48796369e+000 2.77877589e+000 2.77998910e+000  2.78144409e+000 -8.26277837e-001 -8.26019694e-001  -8.25520223e-001
 7.37999270e-001 7.37722926e-001  7.37329551e-001 -5.06875184e-001 -5.05773922e-001  -5.04444979e-001 1.73131494e+000 1.73034795e+000  1.72887344e+000 -2.75715924e+000 -2.75623465e+000  -2.75491788e+000 1.48548571e+000 1.48533212e+000  1.48521467e+000
 2.32393032e+000 2.32452280e+000  2.32496335e+000 3.76010445e+000 3.75901989e+000  3.75778575e+000 1.29598670e-001 1.29189394e-001  1.28650365e-001 -7.82269409e-002 -7.83232305e-002  -7.84469542e-002 -4.79408056e-002 -4.79839755e-002  -4.80390617e-002
 -3.59806853e-003 -3.60359759e-003  -3.61024456e-003
 -9.24086367e-001 -9.24086367e-001  -9.24086367e-001 7.52661971e-001 7.52661971e-001  7.52661971e-001 -1.26724032e+000 -1.26724032e+000  -1.26724032e+000 -5.46081131e-001 -5.46081131e-001  -5.46081131e-001 1.02273723e+000 1.02273723e+000  1.02273723e+000
 -1.65215008e-001 -1.65215008e-001  -1.65215008e-001 -1.61091790e+000 -1.61091790e+000  -1.61091790e+000 -9.79036991e-001 -9.79036991e-001  -9.79036991e-001 -1.87616569e+000 -1.87616569e+000  -1.87616569e+000 -3.13879254e+000 -3.13879254e+000  -3.13879254e+000
 6.56286615e-001 6.56286615e-001  6.56286615e-001 -1.21171783e-001 -1.21171783e-001  -1.21171783e-001 2.24281160e-001 2.24281160e-001  2.24281160e-001 6.06970674e-004 6.06970674e-004  6.06970674e-004 -1.32981353e-002 -1.32981353e-002  -1.32981353e-002
 -1.96978617e-003 -1.96978617e-003  -1.96978617e-003
 3.84572178e-001 3.84572178e-001  3.84572178e-001 -1.81530337e+000 -1.81530337e+000  -1.81530337e+000 2.87107827e+000 2.87107827e+000  2.87107827e+000 -5.95319151e-001 -5.95319151e-001  -5.95319151e-001 1.12075319e+000 1.12075319e+000  1.12075319e+000
 -5.40863589e-001 -5.40863589e-001  -5.40863589e-001 1.41218629e+000 1.41218629e+000  1.41218629e+000 -1.57250297e+000 -1.57250297e+000  -1.57250297e+000 -1.02893792e+000 -1.02893792e+000  -1.02893792e+000 1.15685654e+000 1.15685654e+000  1.15685654e+000
 8.20753207e-001 8.20753207e-001  8.20753207e-001 1.88185013e+000 1.88185013e+000  1.88185013e+000 1.92741894e-002 1.92741894e-002  1.92741894e-002 -5.69613920e-002 -5.69613920e-002  -5.69613920e-002 -3.36791850e-002 -3.36791850e-002  -3.36791850e-002
 -2.94741387e-003 -2.94741387e-003  -2.94741387e-003
 -1.47173677e+000 -1.47167708e+000  -1.47157760e+000 -2.81340488e-001 -2.78330658e-001  -2.75591357e-001 -1.40583258e+000 -1.40489012e+000  -1.40360878e+000 -2.73308542e-001 -2.70060147e-001  -2.67187375e-001 8.45496608e-001 8.46085101e-001  8.47071159e-001
 2.05011511e-001 2.04306544e-001  2.03533484e-001 1.31353763e+000 1.31647839e+000  1.31909368e+000 4.98175292e-001 4.95806529e-001  4.93020662e-001 2.16619618e+000 2.16855930e+000  2.17115895e+000 1.89511350e+000 1.89470842e+000  1.89458214e+000
 1.29285728e-001 1.30971295e-001  1.31724177e-001 2.92811063e-001 2.89886335e-001  2.87487513e-001 2.68238923e-001 2.67176359e-001  2.66130152e-001 -4.98706691e-003 -5.23803170e-003  -5.47632880e-003 -2.33630387e-002 -2.34756785e-002  -2.35815498e-002
 -1.69293161e-003 -1.70761375e-003  -1.72045445e-003
 1.71326119e+000 1.71327374e+000  1.71330509e+000 -6.09258783e-001 -6.09225616e-001  -6.09142696e-001 -2.30478138e-001 -2.30470090e-001  -2.30449969e-001 -8.62576721e-001 -8.62565410e-001  -8.62537133e-001 -4.65869055e-001 -4.65863175e-001  -4.65848475e-001
 -6.43437199e-001 -6.43442791e-001  -6.43456768e-001 -1.18734011e+000 -1.18732335e+000  -1.18728144e+000 -1.69819098e+000 -1.69826433e+000  -1.69844772e+000 9.95301109e-001 9.95315816e-001  9.95352582e-001 -1.37577537e+000 -1.37582246e+000  -1.37594018e+000
 -2.37798601e-001 -2.37740066e-001  -2.37593728e-001 9.92322644e-001 9.92290362e-001  9.92209658e-001 -5.69476824e-001 -5.69490738e-001  -5.69525525e-001 -1.27945309e-001 -1.27949262e-001  -1.27959143e-001 -3.97560078e-002 -3.97578688e-002  -3.97625213e-002
 -1.34780766e-003 -1.34799739e-003  -1.34847171e-003
 -2.69368272e+000 -2.69371009e+000 -2.69375999e+000
 -3.82714369e+000 -3.82989494e+000 -3.83265109e+000
 -3.19171453e+000 -3.19204408e+000 -3.19250953e+000
 -4.52901508e+000 -4.52997692e+000 -4.53080020e+000
 -4.24592538e+000 -4.24607321e+000 -4.24632624e+000
 1.35212265e+000 1.35149033e+000 1.35076543e+000
 -3.26306254e+000 -3.26489249e+000 -3.26610324e+000
 4.12064952e+000 4.11754958e+000 4.11481670e+000
 -4.07079986e+000 -4.07152448e+000 -4.07236368e+000
 3.59759302e+000 3.59385603e+000 3.59017058e+000
 -4.88689212e+000 -4.89035581e+000 -4.89392206e+000
 4.78713139e+000 4.78403753e+000 4.78089501e+000
 1.21572902e+000 1.21433856e+000 1.21286940e+000
 3.26350304e-001 3.25256216e-001 3.24186039e-001
 1.28940572e-001 1.27509450e-001 1.26117833e-001
 1.80447415e-002 1.61438590e-002 1.42959071e-002
