   28      5     50      1   225     96 
    0.700      0.400   20000  100      0.000      0.000    100     16 
    0.990 	     0.010 
   2 
    9.7229e-001   0.0000e+000  
  9.7229e-001   0.0000e+000  
  1.0000e+000   0.0000e+000  
  1.0000e+000   0.0000e+000  
  1.0000e+000   0.0000e+000  
  1.0000e+000   0.0000e+000  
  1.0000e+000   0.0000e+000  
  1.0000e+000   0.0000e+000  
  1.0000e+000   0.0000e+000  
  1.0000e+000   0.0000e+000  
  1.9875e+000   0.0000e+000  
  1.9875e+000   0.0000e+000  
  5.4333e+001   2.6667e+000  
  5.4333e+001   2.6667e+000  
  4.3667e+001  -4.6667e+000  
  4.3667e+001  -4.6667e+000  
  4.4837e+000   0.0000e+000  
  4.4837e+000   0.0000e+000  
  4.3183e+000   0.0000e+000  
  4.3183e+000   0.0000e+000  
  1.8799e+002   1.7624e+002  
  1.8803e+002   1.7623e+002  
  1.8805e+002   1.7544e+002  
  1.8805e+002   1.7544e+002  
  1.0000e+000   0.0000e+000  
  1.0000e+000   0.0000e+000  
  1.0000e+000   0.0000e+000  
  1.0000e+000   0.0000e+000  
   2.6556e+002   0.0000e+000  
  itr    nh   avger[]   r2avg    mare[] 
100  16 3.515e+001   9.939e-001  5.963e+000 7.926e-002 
100  16 7.476e+001   5.870e-001  7.289e+002 1.834e+000 
   1  9.9393e-001   7.9261e-002   5.5895e+003   3.5152e-001 
  1.4587e+000   1.0203e+000 
   1  5.8704e-001   1.8337e+000   1.2931e+005   7.4764e-001 
  1.6957e+000   8.1321e-001 
