  8.4216e-001 -6.4671e-001  5.7367e+000 -1.4552e+000  3.5930e+000
  1.4087e+000  1.9492e-001  3.2151e-002 -6.0526e-001  7.9707e-002
  2.4851e-002 -4.3019e-002 -8.1163e-002 -6.0760e-002 -3.1540e-002
 -2.1979e-003
  9.1328e+000
 1.24161669e+000 1.24187147e+000  1.24190602e+000 -7.57851679e+000 -7.57850816e+000  -7.57851768e+000 -9.22497321e+000 -9.22497307e+000  -9.22497306e+000 1.23638195e+000 1.23654262e+000  1.23654988e+000 -5.23690092e+000 -5.23670919e+000  -5.23665205e+000
 2.66715588e+000 2.66735631e+000  2.66739193e+000 -1.96072840e+000 -1.96094998e+000  -1.96092943e+000 2.05507705e+000 2.05506125e+000  2.05502626e+000 -2.72556549e+000 -2.72557141e+000  -2.72557121e+000 -4.05442681e-002 -4.06144071e-002  -4.06037125e-002
 2.42633778e-002 2.42036278e-002  2.42001086e-002 -4.99453445e-002 -4.99795130e-002  -4.99818115e-002 -6.16584214e-002 -6.16705045e-002  -6.16715451e-002 -4.00280437e-002 -4.00341506e-002  -4.00347286e-002 -1.46647295e-002 -1.46665269e-002  -1.46667020e-002
 -1.44391520e-003 -1.44515178e-003  -1.44527204e-003
 -1.63086246e+000 -1.63060626e+000  -1.63056813e+000 3.27998896e-001 3.28028215e-001  3.28070439e-001 3.21249756e+000 3.21249771e+000  3.21249775e+000 8.10358978e+000 8.10376841e+000  8.10382057e+000 -9.95992722e+000 -9.95971628e+000  -9.95961113e+000
 -1.93135684e-002 -1.90932981e-002  -1.90080763e-002 1.57510781e+000 1.57486439e+000  1.57483034e+000 -1.93951631e+000 -1.93953801e+000  -1.93958778e+000 2.26546688e-001 2.26527643e-001  2.26495038e-001 -2.70486732e+000 -2.70494407e+000  -2.70494992e+000
 -5.37838043e-001 -5.37904287e-001  -5.37924040e-001 -3.40035651e-001 -3.40074036e-001  -3.40086875e-001 -1.30878746e-001 -1.30892598e-001  -1.30898062e-001 -5.78161095e-002 -5.78231434e-002  -5.78260388e-002 -1.53318422e-002 -1.53339143e-002  -1.53347762e-002
 -1.34983017e-003 -1.35125506e-003  -1.35184611e-003
 4.51591676e+000 4.51591676e+000  4.51591676e+000 -5.47077755e-001 -5.47077755e-001  -5.47077755e-001 -1.90785644e+000 -1.90785644e+000  -1.90785644e+000 -2.97480370e+000 -2.97480370e+000  -2.97480370e+000 -4.22084601e+000 -4.22084601e+000  -4.22084601e+000
 -9.07517854e-001 -9.07517854e-001  -9.07517854e-001 -1.11306565e+000 -1.11306565e+000  -1.11306565e+000 -2.05635991e-001 -2.05635991e-001  -2.05635991e-001 3.84834523e-001 3.84834523e-001  3.84834523e-001 2.17217471e-001 2.17217471e-001  2.17217471e-001
 2.42873512e-001 2.42873512e-001  2.42873512e-001 1.30914515e-001 1.30914515e-001  1.30914515e-001 4.18193678e-002 4.18193678e-002  4.18193678e-002 1.75613137e-002 1.75613137e-002  1.75613137e-002 3.32754187e-003 3.32754187e-003  3.32754187e-003
 -2.10683485e-006 -2.10683485e-006  -2.10683485e-006
 1.64450882e-001 1.64450882e-001  1.64450882e-001 1.63377911e+000 1.63377911e+000  1.63377911e+000 -3.88818154e+000 -3.88818154e+000  -3.88818154e+000 -1.29525234e-001 -1.29525234e-001  -1.29525234e-001 -2.61915138e+000 -2.61915138e+000  -2.61915138e+000
 -3.10172940e-001 -3.10172940e-001  -3.10172940e-001 6.34926748e-002 6.34926748e-002  6.34926748e-002 -9.97184707e-002 -9.97184707e-002  -9.97184707e-002 1.21777157e-001 1.21777157e-001  1.21777157e-001 1.14317975e-001 1.14317975e-001  1.14317975e-001
 4.57490278e-002 4.57490278e-002  4.57490278e-002 2.15435785e-002 2.15435785e-002  2.15435785e-002 4.75855390e-003 4.75855390e-003  4.75855390e-003 1.35922069e-003 1.35922069e-003  1.35922069e-003 -2.56790039e-004 -2.56790039e-004  -2.56790039e-004
 -1.16107473e-004 -1.16107473e-004  -1.16107473e-004
 -9.60215657e-001 -9.60219908e-001  -9.60230534e-001 2.58078792e-001 2.58054678e-001  2.57994391e-001 2.82748150e+000 2.82748151e+000  2.82748155e+000 1.13085543e-001 1.13070958e-001  1.13034497e-001 1.93035673e+000 1.93039474e+000  1.93048974e+000
 4.93465863e-001 4.93502077e-001  4.93592611e-001 -1.59604176e-001 -1.59547476e-001  -1.59405724e-001 8.01198373e-001 8.01189542e-001  8.01167463e-001 -2.61890421e-001 -2.61882649e-001  -2.61863221e-001 2.95435259e-001 2.95454157e-001  2.95501403e-001
 -3.18945695e-001 -3.18939472e-001  -3.18923914e-001 -2.55009142e-001 -2.55005376e-001  -2.54995961e-001 -1.75548782e-001 -1.75547406e-001  -1.75543968e-001 -1.14741317e-001 -1.14740703e-001  -1.14739167e-001 -5.14497508e-002 -5.14495865e-002  -5.14491758e-002
 -3.36660938e-003 -3.36649895e-003  -3.36622286e-003
 -2.23015236e-001 -2.22677981e-001  -2.22627245e-001 1.17947198e-001 1.17967501e-001  1.17977383e-001 6.36927516e+000 6.36927534e+000  6.36927534e+000 3.00452298e-001 3.00669118e-001  3.00692341e-001 1.55692117e+000 1.55715942e+000  1.55719966e+000
 3.80817319e-001 3.81067959e-001  3.81082284e-001 9.39433749e-001 9.39121218e-001  9.39095606e-001 -7.66271411e-001 -7.66289629e-001  -7.66329273e-001 -3.39477786e-001 -3.39488595e-001  -3.39495873e-001 -1.90992434e-002 -1.91985595e-002  -1.92021234e-002
 3.77580517e-001 3.77499477e-001  3.77488740e-001 2.06608705e-001 2.06562273e-001  2.06555538e-001 6.12251258e-002 6.12086855e-002  6.12059521e-002 2.75999353e-002 2.75916567e-002  2.75902829e-002 4.07336940e-003 4.07093917e-003  4.07054417e-003
 -2.41905339e-004 -2.43576286e-004  -2.43845239e-004
 2.17780966e+000 2.17780966e+000  2.17780966e+000 -1.68900669e+000 -1.68900669e+000  -1.68900669e+000 -8.71401467e-001 -8.71401467e-001  -8.71401467e-001 -2.11342028e+000 -2.11342028e+000  -2.11342028e+000 2.90560534e+000 2.90560534e+000  2.90560534e+000
 9.44810781e-001 9.44810781e-001  9.44810781e-001 -8.03975257e-001 -8.03975257e-001  -8.03975257e-001 -1.43975606e-001 -1.43975606e-001  -1.43975606e-001 -1.80563053e-001 -1.80563053e-001  -1.80563053e-001 -2.78332936e-001 -2.78332936e-001  -2.78332936e-001
 -6.08256804e-002 -6.08256804e-002  -6.08256804e-002 -3.05880639e-002 -3.05880639e-002  -3.05880639e-002 -1.00354101e-002 -1.00354101e-002  -1.00354101e-002 -5.71975452e-003 -5.71975452e-003  -5.71975452e-003 -1.45202301e-003 -1.45202301e-003  -1.45202301e-003
 -5.56503257e-005 -5.56503257e-005  -5.56503257e-005
 2.41023753e+000 2.41057586e+000  2.41062929e+000 -2.96818591e-001 -2.96772476e-001  -2.96698066e-001 4.18817458e+000 4.18817478e+000  4.18817482e+000 -3.91158873e+000 -3.91134795e+000  -3.91126483e+000 -8.70575033e-001 -8.70298774e-001  -8.70163504e-001
 3.12211910e+000 3.12240713e+000  3.12251495e+000 7.01790666e-001 7.01457731e-001  7.01381108e-001 2.09735350e+000 2.09732504e+000  2.09725981e+000 -7.47558932e-001 -7.47587484e-001  -7.47639119e-001 -2.19354330e-001 -2.19459277e-001  -2.19476919e-001
 -3.16953575e-001 -3.17042877e-001  -3.17074271e-001 -2.44405809e-001 -2.44457661e-001  -2.44477948e-001 -1.60480779e-001 -1.60499541e-001  -1.60508078e-001 -1.04264275e-001 -1.04273795e-001  -1.04278274e-001 -4.92716389e-002 -4.92744415e-002  -4.92757672e-002
 -3.28337946e-003 -3.28530616e-003  -3.28621450e-003
 2.22879306e+000 2.22878773e+000  2.22877440e+000 -9.35051722e-001 -9.35101738e-001  -9.35226777e-001 2.94064825e+000 2.94064825e+000  2.94064824e+000 1.01354186e+000 1.01350328e+000  1.01340685e+000 3.94371300e+000 3.94371300e+000  3.94371297e+000
 2.22035034e-001 2.22033850e-001  2.22030888e-001 -5.33818431e-003 -5.26105412e-003  -5.06822863e-003 -1.18303850e+000 -1.18303710e+000  -1.18303358e+000 2.25589578e-002 2.25845027e-002  2.26483650e-002 5.99991980e-001 6.00016551e-001  6.00077980e-001
 -5.33834886e-002 -5.33689796e-002  -5.33327072e-002 -6.83133794e-002 -6.83041775e-002  -6.82811726e-002 -4.03827433e-002 -4.03790410e-002  -4.03697852e-002 -2.20703176e-002 -2.20684590e-002  -2.20638125e-002 -4.85487852e-003 -4.85434124e-003  -4.85299803e-003
 -3.44740799e-004 -3.44374119e-004  -3.43457417e-004
 -3.27347536e+000 -3.27347536e+000  -3.27347535e+000 3.48045481e-001 3.48045571e-001  3.48045795e-001 1.68386764e+000 1.68386764e+000  1.68386765e+000 1.74367913e+000 1.74367916e+000  1.74367924e+000 3.92343938e+000 3.92343938e+000  3.92343938e+000
 -1.52506017e+000 -1.52506017e+000  -1.52506016e+000 -7.20598165e-001 -7.20598191e-001  -7.20598254e-001 -1.02336364e+000 -1.02336364e+000  -1.02336364e+000 -5.69312856e-002 -5.69313165e-002  -5.69313938e-002 -3.82634571e-001 -3.82634613e-001  -3.82634719e-001
 3.68146205e-001 3.68146181e-001  3.68146123e-001 2.33730687e-001 2.33730672e-001  2.33730633e-001 7.65044568e-002 7.65044514e-002  7.65044380e-002 3.34734561e-002 3.34734535e-002  3.34734471e-002 5.29811310e-003 5.29811237e-003  5.29811055e-003
 -3.60447890e-005 -3.60452814e-005  -3.60465124e-005
 3.59593131e+000 3.59593149e+000  3.59592777e+000 -5.44314049e+000 -5.44315535e+000  -5.44319273e+000 4.66694863e+000 4.66694863e+000  4.66694863e+000 -1.40334905e+000 -1.40335945e+000  -1.40338820e+000 6.31860204e+000 6.31860330e+000  6.31860350e+000
 -8.34636144e-003 -8.34538543e-003  -8.34618005e-003 1.40025114e+000 1.40027258e+000  1.40033017e+000 -3.55120364e+000 -3.55120333e+000  -3.55120250e+000 -6.57887315e-001 -6.57879727e-001  -6.57860652e-001 -1.19750518e+000 -1.19749834e+000  -1.19747997e+000
 1.08883535e-002 1.08922689e-002  1.09030708e-002 5.55031815e-002 5.55056908e-002  5.55125417e-002 2.74029434e-002 2.74039648e-002  2.74067209e-002 1.28084633e-002 1.28089759e-002  1.28103595e-002 2.59773688e-004 2.59921676e-004  2.60321654e-004
 -1.59454470e-004 -1.59353538e-004  -1.59080558e-004
 3.81425229e+000 3.81425228e+000  3.81425225e+000 -3.93699198e+000 -3.93699197e+000  -3.93699196e+000 1.13959584e+000 1.13959584e+000  1.13959584e+000 1.32756361e+000 1.32756361e+000  1.32756362e+000 -7.74788269e-001 -7.74788271e-001  -7.74788274e-001
 1.89187211e+000 1.89187211e+000  1.89187209e+000 -4.96290220e-001 -4.96290224e-001  -4.96290235e-001 9.90094139e-002 9.90094131e-002  9.90094109e-002 1.20731222e-001 1.20731217e-001  1.20731204e-001 1.27612891e+000 1.27612892e+000  1.27612893e+000
 1.49305673e-001 1.49305676e-001  1.49305683e-001 2.43208495e-002 2.43208506e-002  2.43208534e-002 -3.18736439e-002 -3.18736435e-002  -3.18736426e-002 -2.78834939e-002 -2.78834936e-002  -2.78834931e-002 -9.55745843e-003 -9.55745835e-003  -9.55745816e-003
 -3.77144405e-004 -3.77144351e-004  -3.77144214e-004
 -1.15313964e+001 -1.15312732e+001  -1.15312616e+001 5.19234669e+000 5.19234033e+000  5.19230914e+000 -4.66973306e+000 -4.66973298e+000  -4.66973296e+000 -1.14270348e+000 -1.14263061e+000  -1.14264258e+000 -5.07736534e+000 -5.07725110e+000  -5.07717333e+000
 7.87308552e-002 7.88487657e-002  7.89144328e-002 4.94415829e+000 4.94407605e+000  4.94415322e+000 -5.18138777e-001 -5.18151249e-001  -5.18180223e-001 5.93596247e-001 5.93596396e-001  5.93604156e-001 -7.01405853e-001 -7.01431474e-001  -7.01403950e-001
 -4.31498301e-001 -4.31525024e-001  -4.31520038e-001 -2.92698935e-001 -2.92714143e-001  -2.92711249e-001 -1.63099539e-001 -1.63104912e-001  -1.63103987e-001 -9.87981992e-002 -9.88009569e-002  -9.88006206e-002 -3.92821942e-002 -3.92830142e-002  -3.92829386e-002
 -2.51865850e-003 -2.51922388e-003  -2.51917485e-003
 -5.16964052e+000 -5.16943270e+000  -5.16940906e+000 6.30170043e+000 6.30169586e+000  6.30165887e+000 -1.61808699e+000 -1.61808687e+000  -1.61808684e+000 7.60949259e+000 7.60961723e+000  7.60960413e+000 3.22328229e+000 3.22345441e+000  3.22353715e+000
 -6.94695680e+000 -6.94677802e+000  -6.94671423e+000 -6.97847698e-001 -6.98004565e-001  -6.97923802e-001 -1.86738040e+000 -1.86739677e+000  -1.86743401e+000 -8.46899185e-001 -8.46899738e-001  -8.46888764e-001 1.96592970e-002 1.96099260e-002  1.96396499e-002
 -3.34307066e-002 -3.34767996e-002  -3.34719625e-002 -7.87643589e-002 -7.87905898e-002  -7.87877397e-002 -8.73455629e-002 -8.73547984e-002  -8.73538767e-002 -6.08533762e-002 -6.08580754e-002  -6.08577311e-002 -3.00791767e-002 -3.00805666e-002  -3.00804863e-002
 -2.09270318e-003 -2.09366053e-003  -2.09360801e-003
 2.16255468e+000 2.16269173e+000  2.16271194e+000 -3.67164176e+000 -3.67163988e+000  -3.67165182e+000 6.08487664e+000 6.08487673e+000  6.08487675e+000 -7.04609662e+000 -7.04600981e+000  -7.04600391e+000 2.62787849e+000 2.62800217e+000  2.62808538e+000
 7.59231864e-001 7.59359259e-001  7.59428614e-001 -9.06258842e+000 -9.06269321e+000  -9.06264768e+000 1.65870288e+000 1.65868771e+000  1.65865220e+000 3.39081724e-001 3.39076856e-001  3.39072718e-001 -6.09193833e-001 -6.09226292e-001  -6.09207863e-001
 -2.72317374e-001 -2.72349379e-001  -2.72351323e-001 -2.04849450e-001 -2.04867867e-001  -2.04869418e-001 -1.22986681e-001 -1.22993279e-001  -1.22994163e-001 -7.36614935e-002 -7.36648665e-002  -7.36654367e-002 -2.95004476e-002 -2.95014463e-002  -2.95016317e-002
 -1.88188069e-003 -1.88256839e-003  -1.88269731e-003
 -9.72334944e-001 -9.72187810e-001  -9.72175190e-001 3.62628750e+000 3.62627021e+000  3.62620866e+000 1.57263430e+000 1.57263439e+000  1.57263441e+000 -3.09666532e+000 -3.09658663e+000  -3.09662248e+000 -2.69323302e+000 -2.69310795e+000  -2.69304424e+000
 -1.19254416e+000 -1.19241460e+000  -1.19236518e+000 3.05034733e+000 3.05025753e+000  3.05037182e+000 4.84705197e-001 4.84693493e-001  4.84666877e-001 -4.93890477e-001 -4.93884053e-001  -4.93859143e-001 -2.92554993e-001 -2.92583104e-001  -2.92543675e-001
 -3.28790199e-001 -3.28819177e-001  -3.28805614e-001 -2.45067837e-001 -2.45084079e-001  -2.45075668e-001 -1.36621012e-001 -1.36626610e-001  -1.36623407e-001 -7.88750180e-002 -7.88778771e-002  -7.88763630e-002 -3.07998084e-002 -3.08006580e-002  -3.08002357e-002
 -1.65438393e-003 -1.65497016e-003  -1.65468367e-003
 3.02718972e+000 3.02740689e+000  3.02740881e+000 -1.20793107e+000 -1.20792820e+000  -1.20794893e+000 -1.96653473e+000 -1.96653459e+000  -1.96653456e+000 -1.69473171e+000 -1.69459451e+000  -1.69460574e+000 1.59835398e+000 1.59852421e+000  1.59857060e+000
 -4.32939322e+000 -4.32921055e+000  -4.32917190e+000 -6.94122726e-001 -6.94307931e-001  -6.94254981e-001 -2.55773377e+000 -2.55774057e+000  -2.55775356e+000 7.55225839e-001 7.55223876e-001  7.55232448e-001 -2.29512348e-001 -2.29572109e-001  -2.29554426e-001
 -4.57481266e-003 -4.62531284e-003  -4.62056896e-003 -2.21579596e-002 -2.21866488e-002  -2.21837185e-002 -6.29326676e-002 -6.29427235e-002  -6.29416681e-002 -5.51219031e-002 -5.51270027e-002  -5.51265592e-002 -3.23043748e-002 -3.23058811e-002  -3.23057684e-002
 -2.37906729e-003 -2.38010471e-003  -2.38002979e-003
 2.97279756e-001 2.97512955e-001  2.97528372e-001 3.30451127e-001 3.30472257e-001  3.30495804e-001 3.73954835e+000 3.73954849e+000  3.73954853e+000 -3.67163379e+000 -3.67147465e+000  -3.67144842e+000 5.43702562e+000 5.43720836e+000  5.43726741e+000
 7.04607217e-001 7.04801525e-001  7.04848735e-001 1.00898917e+000 1.00876686e+000  1.00875240e+000 -1.61808887e+000 -1.61809959e+000  -1.61812216e+000 5.90734888e-001 5.90723290e-001  5.90708438e-001 5.16556730e-001 5.16485460e-001  5.16482577e-001
 1.96767356e-001 1.96708543e-001  1.96698938e-001 5.60080485e-002 5.59742514e-002  5.59680787e-002 -4.90616396e-002 -4.90736838e-002  -4.90763126e-002 -4.93343754e-002 -4.93404785e-002  -4.93418957e-002 -3.06753858e-002 -3.06771841e-002  -3.06776110e-002
 -2.44283614e-003 -2.44407332e-003  -2.44436675e-003
 1.69332542e+000 1.69350126e+000  1.69350396e+000 -2.49915188e+000 -2.49914537e+000  -2.49915164e+000 2.13677666e+000 2.13677677e+000  2.13677679e+000 8.52355352e-001 8.52469218e-001  8.52467819e-001 -1.49215922e+000 -1.49202207e+000  -1.49198541e+000
 -1.94469126e-001 -1.94321980e-001  -1.94291706e-001 7.50426385e-001 7.50270288e-001  7.50296722e-001 -1.71966829e+000 -1.71967373e+000  -1.71968408e+000 -4.50503869e-001 -4.50507307e-001  -4.50505015e-001 3.23017242e-001 3.22966827e-001  3.22975726e-001
 2.43171634e-002 2.42752060e-002  2.42760998e-002 -4.67474905e-002 -4.67713938e-002  -4.67708638e-002 -8.01891041e-002 -8.01975168e-002  -8.01973941e-002 -5.96743252e-002 -5.96785896e-002  -5.96785968e-002 -3.01540825e-002 -3.01553412e-002  -3.01553558e-002
 -2.00574311e-003 -2.00660974e-003  -2.00662133e-003
 -1.41370608e+000 -1.41353364e+000  -1.41352882e+000 8.68348568e-002 8.68490472e-002  8.68625334e-002 -9.14702574e+000 -9.14702563e+000  -9.14702560e+000 5.99653356e+000 5.99665089e+000  5.99666512e+000 -3.45721611e+000 -3.45708059e+000  -3.45704057e+000
 -1.63858454e+000 -1.63843923e+000  -1.63840534e+000 -2.71985213e+000 -2.72001571e+000  -2.72001810e+000 2.58932909e-001 2.58926917e-001  2.58915110e-001 -2.11607884e-001 -2.11615409e-001  -2.11623601e-001 1.97091327e-001 1.97038580e-001  1.97038366e-001
 2.46707534e-002 2.46274957e-002  2.46225655e-002 -2.54372311e-002 -2.54620310e-002  -2.54652095e-002 -6.50004633e-002 -6.50092717e-002  -6.50106526e-002 -5.22548253e-002 -5.22592906e-002  -5.22600590e-002 -2.92630878e-002 -2.92644045e-002  -2.92646403e-002
 -1.99361551e-003 -1.99452161e-003  -1.99468432e-003
 3.63105922e+000 3.63123839e+000  3.63125201e+000 -1.26257377e+000 -1.26257875e+000  -1.26261362e+000 -2.41583313e+000 -2.41583302e+000  -2.41583300e+000 -2.13647030e+000 -2.13636275e+000  -2.13637823e+000 2.11171510e+000 2.11186345e+000  2.11192989e+000
 -4.69332275e+000 -4.69316711e+000  -4.69311361e+000 -1.29586787e+000 -1.29600326e+000  -1.29592753e+000 -2.62433436e+000 -2.62434649e+000  -2.62437357e+000 1.25878778e+000 1.25878787e+000  1.25879890e+000 -7.97230815e-001 -7.97273656e-001  -7.97246625e-001
 -9.84547335e-002 -9.84943879e-002  -9.84883631e-002 -5.27629173e-002 -5.27854444e-002  -5.27818313e-002 -5.55725504e-002 -5.55804581e-002  -5.55791981e-002 -4.53806212e-002 -4.53846454e-002  -4.53841149e-002 -2.64198757e-002 -2.64210665e-002  -2.64209301e-002
 -2.09167158e-003 -2.09249201e-003  -2.09240087e-003
 1.33803442e-001 1.34002162e-001  1.34032592e-001 5.63763348e-001 5.63781142e-001  5.63801572e-001 4.60343175e+000 4.60343187e+000  4.60343190e+000 -4.71918118e+000 -4.71904652e+000  -4.71901525e+000 6.75408490e+000 6.75424848e+000  6.75433056e+000
 1.60214955e+000 1.60231931e+000  1.60238335e+000 8.32393464e-001 8.32212148e-001  8.32203637e-001 -1.44277030e+000 -1.44278728e+000  -1.44282624e+000 1.04821362e+000 1.04820169e+000  1.04818348e+000 1.35980140e-001 1.35923054e-001  1.35924375e-001
 1.52936193e-001 1.52886271e-001  1.52874387e-001 4.48290330e-002 4.48001924e-002  4.47924449e-002 -3.81603351e-002 -3.81707025e-002  -3.81740398e-002 -3.80611037e-002 -3.80663692e-002  -3.80681604e-002 -2.43242429e-002 -2.43257949e-002  -2.43263316e-002
 -2.16588368e-003 -2.16695117e-003  -2.16731958e-003
 1.79262463e+000 1.79275709e+000  1.79277313e+000 -2.68692031e+000 -2.68692123e+000  -2.68693980e+000 2.94565237e+000 2.94565245e+000  2.94565247e+000 8.06360546e-001 8.06441574e-001  8.06437835e-001 -1.19530771e+000 -1.19519632e+000  -1.19513869e+000
 5.73335303e-001 5.73450880e-001  5.73496357e-001 4.43526678e-001 4.43424845e-001  4.43470766e-001 -1.40162993e+000 -1.40164113e+000  -1.40166679e+000 -2.63704298e-001 -2.63705986e-001  -2.63702355e-001 -1.12575843e-001 -1.12607829e-001  -1.12590480e-001
 -5.92593879e-002 -5.92893478e-002  -5.92879547e-002 -8.08962741e-002 -8.09133795e-002  -8.09126641e-002 -7.64104747e-002 -7.64165269e-002  -7.64164009e-002 -5.09635528e-002 -5.09666345e-002  -5.09666552e-002 -2.39331265e-002 -2.39340379e-002  -2.39340576e-002
 -1.66142780e-003 -1.66205547e-003  -1.66207048e-003
 -1.70174487e+000 -1.70161623e+000  -1.70159780e+000 2.07241500e-001 2.07249206e-001  2.07252834e-001 -9.75443791e+000 -9.75443784e+000  -9.75443782e+000 6.55771143e+000 6.55779636e+000  6.55781018e+000 -3.44135443e+000 -3.44124488e+000  -3.44118348e+000
 -1.04941962e+000 -1.04930611e+000  -1.04925656e+000 -3.45603604e+000 -3.45614627e+000  -3.45613274e+000 8.21729212e-001 8.21717393e-001  8.21690103e-001 4.74368533e-003 4.73740456e-003  4.72925624e-003 -2.54079257e-001 -2.54113864e-001  -2.54106755e-001
 -5.88620946e-002 -5.88935155e-002  -5.88986670e-002 -5.69498922e-002 -5.69680053e-002  -5.69714570e-002 -5.93429593e-002 -5.93494560e-002  -5.93510196e-002 -4.26262402e-002 -4.26295475e-002  -4.26304237e-002 -2.29319129e-002 -2.29328895e-002  -2.29331578e-002
 -1.64779996e-003 -1.64847198e-003  -1.64865680e-003
 8.62441294e-001 8.62461695e-001  8.62512697e-001 -6.56498014e-001 -6.56493983e-001  -6.56483907e-001 2.02138989e+000 2.02138989e+000  2.02138989e+000 -1.22975287e+000 -1.22974360e+000  -1.22972043e+000 2.46198229e+000 2.46199839e+000  2.46203863e+000
 1.54795992e+000 1.54796580e+000  1.54798050e+000 -7.02502041e-001 -7.02512406e-001  -7.02538321e-001 9.26842518e-001 9.26826529e-001  9.26786559e-001 1.51777943e-001 1.51774985e-001  1.51767588e-001 -5.75184645e-001 -5.75186074e-001  -5.75189646e-001
 -2.73124545e-001 -2.73128845e-001  -2.73139597e-001 -1.56840899e-001 -1.56843599e-001  -1.56850347e-001 -5.31328788e-002 -5.31339756e-002  -5.31367177e-002 -2.11737768e-002 -2.11743283e-002  -2.11757072e-002 -3.11212786e-003 -3.11228648e-003  -3.11268304e-003
 -2.02603338e-005 -2.03683395e-005  -2.06383538e-005
 -1.12182167e+000 -1.12182672e+000  -1.12183934e+000 3.70781850e-001 3.70748762e-001  3.70666041e-001 3.85872370e+000 3.85872369e+000  3.85872369e+000 1.65092360e-001 1.65072192e-001  1.65021772e-001 1.73128708e+000 1.73131769e+000  1.73139421e+000
 1.22982164e+000 1.22985390e+000  1.22993454e+000 -1.37187541e-001 -1.37121931e-001  -1.36957905e-001 9.44648048e-002 9.44562497e-002  9.44348620e-002 -4.33839478e-002 -4.33749910e-002  -4.33525990e-002 -5.36812079e-001 -5.36789679e-001  -5.36733679e-001
 1.61885758e-001 1.61894036e-001  1.61914731e-001 1.05547604e-001 1.05552561e-001  1.05564954e-001 4.09948746e-002 4.09967160e-002  4.10013194e-002 1.96098761e-002 1.96107434e-002  1.96129116e-002 2.48572229e-003 2.48596403e-003  2.48656839e-003
 -6.01551565e-004 -6.01387625e-004  -6.00977775e-004
 5.40428036e-001 5.40745745e-001  5.40747614e-001 -5.86447242e-001 -5.86421958e-001  -5.86399626e-001 5.67342589e-001 5.67342789e-001  5.67342834e-001 -6.81613077e-001 -6.81399942e-001  -6.81385934e-001 1.05011905e+000 1.05034859e+000  1.05036707e+000
 1.84416127e+000 1.84440998e+000  1.84441949e+000 4.67874584e-001 4.67563474e-001  4.67541415e-001 -9.40686422e-001 -9.40688929e-001  -9.40689297e-001 -2.09409528e+000 -2.09410433e+000  -2.09410721e+000 1.08415716e+000 1.08405575e+000  1.08404696e+000
 4.20548883e-001 4.20470083e-001  4.20464948e-001 1.80238726e-001 1.80193800e-001  1.80190826e-001 -1.68213867e-002 -1.68371975e-002  -1.68383572e-002 -3.64808371e-002 -3.64888179e-002  -3.64894471e-002 -2.16427178e-002 -2.16450672e-002  -2.16452599e-002
 -1.44643165e-003 -1.44804827e-003  -1.44818142e-003
 8.83073808e-001 8.83073751e-001  8.83073609e-001 -2.41615409e-001 -2.41615446e-001  -2.41615539e-001 2.10676009e+000 2.10676009e+000  2.10676009e+000 3.04911419e-001 3.04911420e-001  3.04911421e-001 1.43767427e+000 1.43767428e+000  1.43767428e+000
 -2.80284886e+000 -2.80284886e+000  -2.80284886e+000 3.47669314e-001 3.47669349e-001  3.47669436e-001 -1.89669544e-001 -1.89669543e-001  -1.89669540e-001 1.20377002e+000 1.20377004e+000  1.20377007e+000 2.58426425e-002 2.58426604e-002  2.58427052e-002
 -3.11500955e-001 -3.11500949e-001  -3.11500936e-001 -2.07933932e-001 -2.07933928e-001  -2.07933920e-001 -9.53996750e-002 -9.53996736e-002  -9.53996702e-002 -5.48163989e-002 -5.48163982e-002  -5.48163963e-002 -2.65592810e-002 -2.65592807e-002  -2.65592801e-002
 -1.59592150e-003 -1.59592132e-003  -1.59592088e-003
 -5.62427844e+000 -5.62446112e+000 -5.62447169e+000
 -4.31910535e+000 -4.31910074e+000 -4.31907960e+000
 -6.62288918e+000 -6.62315021e+000 -6.62315081e+000
 -3.21982295e+000 -3.21996424e+000 -3.21995638e+000
 -3.68572657e+000 -3.68579696e+000 -3.68573657e+000
 -4.81053047e+000 -4.81062673e+000 -4.81069400e+000
 6.05840847e+000 6.05835360e+000 6.05838446e+000
 4.58339278e+000 4.58338550e+000 4.58336859e+000
 2.29415946e+000 2.29415836e+000 2.29416434e+000
 3.08205012e+000 3.08202002e+000 3.08203730e+000
 1.18574314e+000 1.18562693e+000 1.18563460e+000
 7.37432713e-001 7.37344444e-001 7.37351828e-001
 2.78783303e-001 2.78706751e-001 2.78712829e-001
 1.29865006e-001 1.29774681e-001 1.29778951e-001
 3.57689116e-002 3.56590035e-002 3.56610774e-002
 2.41081569e-002 2.39791541e-002 2.39790318e-002
