 Normalized SSE per output and pattern 
Itr 	 HN 	 MARE-tr 	 MARE-ts 	 R2tr 	 R2ts 	 SSENtr 	 SSENts	 SSENcomb
100 	 15 	       43.700 	       42.488 	   0.84964 	   0.84920 	    0.014464 	     0.014454 	     0.028918 
200 	 15 	       44.181 	       42.924 	   0.85176 	   0.85094 	    0.014436 	     0.014452 	     0.028887 
300 	 15 	       50.134 	       49.015 	   0.84406 	   0.84350 	    0.018338 	     0.018320 	     0.036658 
400 	 15 	       42.548 	       41.667 	   0.85037 	   0.84981 	    0.013410 	     0.013411 	     0.026821 
500 	 15 	       50.577 	       49.530 	   0.84292 	   0.84221 	    0.016847 	     0.016851 	     0.033698 
600 	 15 	       43.252 	       42.183 	   0.84725 	   0.84681 	    0.014019 	     0.014016 	     0.028035 
700 	 15 	       40.449 	       39.486 	   0.83877 	   0.83853 	    0.013457 	     0.013449 	     0.026906 
800 	 15 	       37.377 	       36.421 	   0.85051 	   0.85026 	    0.012452 	     0.012451 	     0.024903 
900 	 15 	       37.546 	       36.477 	   0.85383 	   0.85348 	    0.012174 	     0.012186 	     0.024360 
1000 	 15 	       33.332 	       32.267 	   0.86392 	   0.86408 	    0.010817 	     0.010792 	     0.021609 
1100 	 15 	       34.842 	       33.950 	   0.85440 	   0.85483 	    0.011629 	     0.011588 	     0.023217 
1200 	 15 	       35.179 	       34.444 	   0.85724 	   0.85779 	    0.011355 	     0.011304 	     0.022659 
1300 	 15 	       35.587 	       34.939 	   0.85665 	   0.85699 	    0.011895 	     0.011866 	     0.023761 
1400 	 15 	       36.241 	       35.617 	   0.85670 	   0.85705 	    0.012334 	     0.012305 	     0.024639 
1500 	 15 	       36.753 	       36.129 	   0.85778 	   0.85818 	    0.012674 	     0.012643 	     0.025317 
1600 	 15 	       37.242 	       36.628 	   0.85971 	   0.86008 	    0.013077 	     0.013048 	     0.026124 
1700 	 15 	       37.767 	       37.145 	   0.86211 	   0.86242 	    0.013495 	     0.013470 	     0.026965 
1800 	 15 	       37.887 	       37.272 	   0.86514 	   0.86539 	    0.013634 	     0.013613 	     0.027247 
1900 	 15 	       37.249 	       36.679 	   0.86855 	   0.86872 	    0.013372 	     0.013355 	     0.026727 
2000 	 15 	       33.665 	       33.101 	   0.87597 	   0.87634 	    0.011456 	     0.011420 	     0.022876 
2100 	 15 	       33.596 	       32.999 	   0.87844 	   0.87884 	    0.011310 	     0.011275 	     0.022585 
2200 	 15 	       33.464 	       32.806 	   0.87941 	   0.87983 	    0.011312 	     0.011277 	     0.022589 
2300 	 15 	       33.339 	       32.631 	   0.87971 	   0.88010 	    0.011299 	     0.011264 	     0.022563 
2400 	 15 	       33.182 	       32.409 	   0.87964 	   0.88002 	    0.011260 	     0.011225 	     0.022485 
2500 	 15 	       32.924 	       32.136 	   0.88023 	   0.88065 	    0.011037 	     0.010998 	     0.022035 
2600 	 15 	       32.757 	       31.976 	   0.88111 	   0.88155 	    0.010847 	     0.010806 	     0.021653 
2700 	 15 	       32.630 	       31.847 	   0.88189 	   0.88233 	    0.010713 	     0.010672 	     0.021386 
2800 	 15 	       32.489 	       31.708 	   0.88269 	   0.88312 	    0.010580 	     0.010540 	     0.021120 
2900 	 15 	       32.292 	       31.527 	   0.88351 	   0.88393 	    0.010437 	     0.010397 	     0.020834 
3000 	 15 	       30.688 	       29.958 	   0.88718 	   0.88771 	    0.009575 	     0.009526 	     0.019101 
3100 	 15 	       30.504 	       29.783 	   0.88905 	   0.88955 	    0.009362 	     0.009315 	     0.018678 
3200 	 15 	       30.256 	       29.545 	   0.88968 	   0.89014 	    0.009261 	     0.009217 	     0.018478 
3300 	 15 	       30.075 	       29.381 	   0.89002 	   0.89045 	    0.009181 	     0.009141 	     0.018322 
3400 	 15 	       29.908 	       29.235 	   0.89029 	   0.89069 	    0.009105 	     0.009066 	     0.018171 
3500 	 15 	       29.750 	       29.097 	   0.89054 	   0.89091 	    0.009029 	     0.008992 	     0.018022 
3600 	 15 	       29.597 	       28.958 	   0.89077 	   0.89112 	    0.008958 	     0.008922 	     0.017880 
3700 	 15 	       29.454 	       28.827 	   0.89096 	   0.89130 	    0.008894 	     0.008859 	     0.017753 
3800 	 15 	       29.329 	       28.710 	   0.89111 	   0.89144 	    0.008839 	     0.008805 	     0.017644 
3900 	 15 	       29.216 	       28.609 	   0.89119 	   0.89152 	    0.008794 	     0.008761 	     0.017555 
4000 	 15 	       28.484 	       27.903 	   0.89263 	   0.89301 	    0.008497 	     0.008458 	     0.016955 
4100 	 15 	       28.338 	       27.767 	   0.89409 	   0.89443 	    0.008368 	     0.008333 	     0.016700 
4200 	 15 	       28.236 	       27.667 	   0.89415 	   0.89447 	    0.008350 	     0.008317 	     0.016667 
4300 	 15 	       28.176 	       27.614 	   0.89406 	   0.89437 	    0.008344 	     0.008312 	     0.016656 
4400 	 15 	       28.132 	       27.577 	   0.89395 	   0.89425 	    0.008340 	     0.008308 	     0.016648 
4500 	 15 	       28.093 	       27.543 	   0.89384 	   0.89414 	    0.008335 	     0.008303 	     0.016638 
4600 	 15 	       28.057 	       27.512 	   0.89374 	   0.89404 	    0.008330 	     0.008298 	     0.016627 
4700 	 15 	       28.021 	       27.481 	   0.89366 	   0.89395 	    0.008323 	     0.008292 	     0.016615 
4800 	 15 	       27.984 	       27.450 	   0.89359 	   0.89388 	    0.008317 	     0.008285 	     0.016602 
4900 	 15 	       27.947 	       27.417 	   0.89352 	   0.89381 	    0.008310 	     0.008279 	     0.016589 
5000 	 15 	       27.557 	       27.036 	   0.89433 	   0.89467 	    0.008160 	     0.008125 	     0.016286 
5100 	 15 	       27.430 	       26.911 	   0.89595 	   0.89622 	    0.008043 	     0.008013 	     0.016056 
5200 	 15 	       27.386 	       26.871 	   0.89598 	   0.89623 	    0.008040 	     0.008012 	     0.016051 
5300 	 15 	       27.362 	       26.852 	   0.89592 	   0.89616 	    0.008043 	     0.008016 	     0.016058 
5400 	 15 	       27.344 	       26.838 	   0.89585 	   0.89608 	    0.008045 	     0.008019 	     0.016064 
5500 	 15 	       27.327 	       26.822 	   0.89579 	   0.89601 	    0.008046 	     0.008021 	     0.016067 
5600 	 15 	       27.311 	       26.808 	   0.89575 	   0.89596 	    0.008046 	     0.008021 	     0.016067 
5700 	 15 	       27.292 	       26.793 	   0.89572 	   0.89592 	    0.008045 	     0.008020 	     0.016065 
5800 	 15 	       27.276 	       26.780 	   0.89570 	   0.89590 	    0.008043 	     0.008019 	     0.016062 
5900 	 15 	       27.261 	       26.767 	   0.89568 	   0.89588 	    0.008041 	     0.008017 	     0.016058 
6000 	 15 	       27.012 	       26.520 	   0.89620 	   0.89642 	    0.007940 	     0.007914 	     0.015855 
6100 	 15 	       26.886 	       26.389 	   0.89795 	   0.89811 	    0.007821 	     0.007800 	     0.015621 
6200 	 15 	       26.876 	       26.375 	   0.89803 	   0.89817 	    0.007816 	     0.007797 	     0.015613 
6300 	 15 	       26.878 	       26.374 	   0.89804 	   0.89818 	    0.007815 	     0.007796 	     0.015612 
6400 	 15 	       26.882 	       26.373 	   0.89806 	   0.89819 	    0.007813 	     0.007795 	     0.015607 
6500 	 15 	       26.887 	       26.374 	   0.89809 	   0.89822 	    0.007809 	     0.007791 	     0.015600 
6600 	 15 	       26.892 	       26.374 	   0.89814 	   0.89826 	    0.007804 	     0.007786 	     0.015590 
6700 	 15 	       26.896 	       26.372 	   0.89820 	   0.89832 	    0.007797 	     0.007780 	     0.015577 
6800 	 15 	       26.899 	       26.369 	   0.89827 	   0.89839 	    0.007789 	     0.007772 	     0.015562 
6900 	 15 	       26.899 	       26.363 	   0.89835 	   0.89847 	    0.007781 	     0.007764 	     0.015544 
7000 	 15 	       26.707 	       26.161 	   0.89880 	   0.89895 	    0.007694 	     0.007675 	     0.015368 
7100 	 15 	       26.572 	       26.015 	   0.90063 	   0.90072 	    0.007568 	     0.007553 	     0.015121 
7200 	 15 	       26.560 	       25.996 	   0.90083 	   0.90091 	    0.007552 	     0.007539 	     0.015092 
7300 	 15 	       26.552 	       25.981 	   0.90100 	   0.90107 	    0.007539 	     0.007526 	     0.015065 
7400 	 15 	       26.543 	       25.967 	   0.90117 	   0.90123 	    0.007525 	     0.007512 	     0.015037 
7500 	 15 	       26.534 	       25.953 	   0.90133 	   0.90139 	    0.007510 	     0.007498 	     0.015009 
7600 	 15 	       26.524 	       25.939 	   0.90150 	   0.90155 	    0.007496 	     0.007484 	     0.014980 
7700 	 15 	       26.513 	       25.924 	   0.90166 	   0.90171 	    0.007482 	     0.007470 	     0.014952 
7800 	 15 	       26.502 	       25.909 	   0.90181 	   0.90186 	    0.007468 	     0.007457 	     0.014925 
7900 	 15 	       26.490 	       25.894 	   0.90196 	   0.90201 	    0.007455 	     0.007444 	     0.014899 
8000 	 15 	       26.309 	       25.706 	   0.90240 	   0.90246 	    0.007375 	     0.007363 	     0.014738 
8100 	 15 	       26.173 	       25.561 	   0.90405 	   0.90407 	    0.007263 	     0.007254 	     0.014516 
8200 	 15 	       26.156 	       25.540 	   0.90425 	   0.90426 	    0.007249 	     0.007241 	     0.014490 
8300 	 15 	       26.142 	       25.524 	   0.90440 	   0.90441 	    0.007238 	     0.007229 	     0.014467 
8400 	 15 	       26.128 	       25.507 	   0.90455 	   0.90456 	    0.007227 	     0.007219 	     0.014446 
8500 	 15 	       26.114 	       25.490 	   0.90468 	   0.90469 	    0.007217 	     0.007209 	     0.014425 
8600 	 15 	       26.101 	       25.474 	   0.90480 	   0.90481 	    0.007207 	     0.007199 	     0.014406 
8700 	 15 	       26.088 	       25.460 	   0.90492 	   0.90493 	    0.007198 	     0.007190 	     0.014388 
8800 	 15 	       26.076 	       25.445 	   0.90503 	   0.90504 	    0.007190 	     0.007181 	     0.014371 
8900 	 15 	       26.064 	       25.431 	   0.90513 	   0.90514 	    0.007181 	     0.007173 	     0.014354 
9000 	 15 	       25.889 	       25.252 	   0.90552 	   0.90555 	    0.007108 	     0.007098 	     0.014207 
9100 	 15 	       25.767 	       25.120 	   0.90690 	   0.90690 	    0.007016 	     0.007008 	     0.014024 
9200 	 15 	       25.751 	       25.099 	   0.90706 	   0.90705 	    0.007005 	     0.006998 	     0.014003 
9300 	 15 	       25.737 	       25.082 	   0.90719 	   0.90718 	    0.006996 	     0.006989 	     0.013985 
9400 	 15 	       25.723 	       25.067 	   0.90731 	   0.90730 	    0.006988 	     0.006980 	     0.013968 
9500 	 15 	       25.711 	       25.053 	   0.90741 	   0.90741 	    0.006979 	     0.006971 	     0.013951 
9600 	 15 	       25.699 	       25.040 	   0.90752 	   0.90752 	    0.006971 	     0.006963 	     0.013934 
9700 	 15 	       25.689 	       25.028 	   0.90761 	   0.90762 	    0.006963 	     0.006955 	     0.013918 
9800 	 15 	       25.679 	       25.016 	   0.90770 	   0.90771 	    0.006955 	     0.006947 	     0.013902 
9900 	 15 	       25.670 	       25.004 	   0.90779 	   0.90780 	    0.006948 	     0.006939 	     0.013887 
10000 	 15 	       25.502 	       24.833 	   0.90817 	   0.90820 	    0.006877 	     0.006867 	     0.013744 
10100 	 15 	       25.397 	       24.720 	   0.90931 	   0.90931 	    0.006799 	     0.006791 	     0.013591 
10200 	 15 	       25.384 	       24.703 	   0.90945 	   0.90944 	    0.006789 	     0.006782 	     0.013571 
10300 	 15 	       25.375 	       24.690 	   0.90955 	   0.90955 	    0.006781 	     0.006773 	     0.013554 
10400 	 15 	       25.366 	       24.678 	   0.90964 	   0.90964 	    0.006773 	     0.006765 	     0.013539 
10500 	 15 	       25.358 	       24.666 	   0.90973 	   0.90973 	    0.006765 	     0.006758 	     0.013523 
10600 	 15 	       25.350 	       24.656 	   0.90981 	   0.90981 	    0.006758 	     0.006750 	     0.013508 
10700 	 15 	       25.342 	       24.645 	   0.90988 	   0.90988 	    0.006751 	     0.006743 	     0.013493 
10800 	 15 	       25.334 	       24.635 	   0.90995 	   0.90996 	    0.006743 	     0.006735 	     0.013479 
10900 	 15 	       25.327 	       24.626 	   0.91002 	   0.91003 	    0.006736 	     0.006728 	     0.013464 
11000 	 15 	       25.168 	       24.463 	   0.91040 	   0.91041 	    0.006671 	     0.006662 	     0.013333 
11100 	 15 	       25.077 	       24.364 	   0.91135 	   0.91134 	    0.006604 	     0.006597 	     0.013202 
11200 	 15 	       25.067 	       24.353 	   0.91146 	   0.91145 	    0.006596 	     0.006589 	     0.013184 
11300 	 15 	       25.060 	       24.343 	   0.91155 	   0.91153 	    0.006588 	     0.006581 	     0.013169 
11400 	 15 	       25.052 	       24.334 	   0.91162 	   0.91160 	    0.006581 	     0.006574 	     0.013155 
11500 	 15 	       25.045 	       24.326 	   0.91169 	   0.91167 	    0.006574 	     0.006568 	     0.013142 
11600 	 15 	       25.038 	       24.318 	   0.91176 	   0.91174 	    0.006568 	     0.006561 	     0.013128 
11700 	 15 	       25.031 	       24.310 	   0.91182 	   0.91180 	    0.006561 	     0.006554 	     0.013115 
11800 	 15 	       25.024 	       24.302 	   0.91188 	   0.91186 	    0.006555 	     0.006548 	     0.013103 
11900 	 15 	       25.017 	       24.294 	   0.91194 	   0.91192 	    0.006548 	     0.006542 	     0.013090 
12000 	 15 	       24.870 	       24.146 	   0.91232 	   0.91230 	    0.006489 	     0.006482 	     0.012972 
12100 	 15 	       24.787 	       24.057 	   0.91313 	   0.91309 	    0.006432 	     0.006426 	     0.012859 
12200 	 15 	       24.778 	       24.046 	   0.91322 	   0.91318 	    0.006424 	     0.006419 	     0.012843 
12300 	 15 	       24.770 	       24.037 	   0.91330 	   0.91325 	    0.006417 	     0.006412 	     0.012830 
12400 	 15 	       24.763 	       24.028 	   0.91336 	   0.91332 	    0.006411 	     0.006406 	     0.012817 
12500 	 15 	       24.752 	       24.019 	   0.91343 	   0.91338 	    0.006405 	     0.006400 	     0.012805 
12600 	 15 	       24.741 	       24.010 	   0.91349 	   0.91344 	    0.006399 	     0.006394 	     0.012793 
12700 	 15 	       24.730 	       24.001 	   0.91354 	   0.91350 	    0.006393 	     0.006388 	     0.012781 
12800 	 15 	       24.720 	       23.992 	   0.91360 	   0.91355 	    0.006387 	     0.006382 	     0.012769 
12900 	 15 	       24.709 	       23.983 	   0.91366 	   0.91361 	    0.006381 	     0.006376 	     0.012758 
13000 	 15 	       24.574 	       23.849 	   0.91404 	   0.91399 	    0.006329 	     0.006324 	     0.012653 
13100 	 15 	       24.494 	       23.768 	   0.91474 	   0.91468 	    0.006279 	     0.006275 	     0.012554 
13200 	 15 	       24.481 	       23.756 	   0.91483 	   0.91476 	    0.006272 	     0.006268 	     0.012540 
13300 	 15 	       24.469 	       23.745 	   0.91490 	   0.91483 	    0.006265 	     0.006262 	     0.012527 
13400 	 15 	       24.458 	       23.734 	   0.91496 	   0.91490 	    0.006259 	     0.006256 	     0.012515 
13500 	 15 	       24.447 	       23.723 	   0.91502 	   0.91496 	    0.006254 	     0.006250 	     0.012504 
13600 	 15 	       24.436 	       23.713 	   0.91508 	   0.91502 	    0.006248 	     0.006245 	     0.012493 
13700 	 15 	       24.425 	       23.704 	   0.91514 	   0.91507 	    0.006243 	     0.006239 	     0.012482 
13800 	 15 	       24.415 	       23.694 	   0.91520 	   0.91513 	    0.006237 	     0.006234 	     0.012471 
13900 	 15 	       24.404 	       23.683 	   0.91525 	   0.91518 	    0.006232 	     0.006229 	     0.012461 
14000 	 15 	       24.286 	       23.563 	   0.91564 	   0.91557 	    0.006186 	     0.006182 	     0.012369 
14100 	 15 	       24.211 	       23.485 	   0.91625 	   0.91617 	    0.006142 	     0.006140 	     0.012282 
14200 	 15 	       24.197 	       23.469 	   0.91634 	   0.91625 	    0.006135 	     0.006133 	     0.012268 
14300 	 15 	       24.185 	       23.456 	   0.91641 	   0.91632 	    0.006129 	     0.006127 	     0.012257 
14400 	 15 	       24.172 	       23.442 	   0.91647 	   0.91638 	    0.006124 	     0.006122 	     0.012246 
14500 	 15 	       24.160 	       23.429 	   0.91653 	   0.91644 	    0.006119 	     0.006117 	     0.012235 
14600 	 15 	       24.149 	       23.417 	   0.91659 	   0.91650 	    0.006114 	     0.006112 	     0.012225 
14700 	 15 	       24.137 	       23.404 	   0.91665 	   0.91656 	    0.006109 	     0.006107 	     0.012215 
14800 	 15 	       24.126 	       23.392 	   0.91670 	   0.91661 	    0.006104 	     0.006102 	     0.012206 
14900 	 15 	       24.116 	       23.382 	   0.91676 	   0.91667 	    0.006099 	     0.006097 	     0.012196 
15000 	 15 	       24.014 	       23.279 	   0.91715 	   0.91705 	    0.006058 	     0.006056 	     0.012114 
15100 	 15 	       23.943 	       23.205 	   0.91768 	   0.91758 	    0.006020 	     0.006019 	     0.012038 
15200 	 15 	       23.930 	       23.191 	   0.91776 	   0.91765 	    0.006014 	     0.006013 	     0.012026 
15300 	 15 	       23.919 	       23.179 	   0.91783 	   0.91772 	    0.006008 	     0.006007 	     0.012016 
15400 	 15 	       23.908 	       23.166 	   0.91789 	   0.91778 	    0.006003 	     0.006003 	     0.012006 
15500 	 15 	       23.898 	       23.154 	   0.91795 	   0.91784 	    0.005998 	     0.005998 	     0.011996 
15600 	 15 	       23.887 	       23.141 	   0.91801 	   0.91790 	    0.005994 	     0.005993 	     0.011987 
15700 	 15 	       23.876 	       23.128 	   0.91807 	   0.91795 	    0.005989 	     0.005989 	     0.011978 
15800 	 15 	       23.865 	       23.116 	   0.91812 	   0.91801 	    0.005985 	     0.005984 	     0.011969 
15900 	 15 	       23.854 	       23.104 	   0.91817 	   0.91806 	    0.005980 	     0.005980 	     0.011961 
16000 	 15 	       23.764 	       23.015 	   0.91856 	   0.91844 	    0.005943 	     0.005943 	     0.011887 
16100 	 15 	       23.699 	       22.946 	   0.91902 	   0.91889 	    0.005910 	     0.005911 	     0.011820 
16200 	 15 	       23.685 	       22.932 	   0.91910 	   0.91896 	    0.005904 	     0.005905 	     0.011809 
16300 	 15 	       23.673 	       22.920 	   0.91916 	   0.91902 	    0.005899 	     0.005901 	     0.011800 
16400 	 15 	       23.662 	       22.909 	   0.91922 	   0.91908 	    0.005895 	     0.005896 	     0.011791 
16500 	 15 	       23.650 	       22.897 	   0.91927 	   0.91913 	    0.005890 	     0.005892 	     0.011783 
16600 	 15 	       23.637 	       22.886 	   0.91932 	   0.91918 	    0.005886 	     0.005888 	     0.011774 
16700 	 15 	       23.624 	       22.876 	   0.91937 	   0.91923 	    0.005882 	     0.005884 	     0.011766 
16800 	 15 	       23.610 	       22.866 	   0.91942 	   0.91928 	    0.005878 	     0.005880 	     0.011759 
16900 	 15 	       23.596 	       22.856 	   0.91947 	   0.91932 	    0.005875 	     0.005877 	     0.011751 
17000 	 15 	       23.518 	       22.782 	   0.91983 	   0.91968 	    0.005841 	     0.005843 	     0.011685 
17100 	 15 	       23.454 	       22.717 	   0.92024 	   0.92008 	    0.005812 	     0.005815 	     0.011626 
17200 	 15 	       23.439 	       22.704 	   0.92030 	   0.92014 	    0.005807 	     0.005810 	     0.011617 
17300 	 15 	       23.426 	       22.691 	   0.92035 	   0.92019 	    0.005803 	     0.005806 	     0.011609 
17400 	 15 	       23.413 	       22.680 	   0.92040 	   0.92023 	    0.005799 	     0.005802 	     0.011601 
17500 	 15 	       23.401 	       22.669 	   0.92044 	   0.92028 	    0.005795 	     0.005799 	     0.011594 
17600 	 15 	       23.389 	       22.658 	   0.92048 	   0.92032 	    0.005792 	     0.005795 	     0.011587 
17700 	 15 	       23.377 	       22.647 	   0.92052 	   0.92036 	    0.005789 	     0.005792 	     0.011581 
17800 	 15 	       23.361 	       22.636 	   0.92056 	   0.92039 	    0.005786 	     0.005789 	     0.011575 
17900 	 15 	       23.346 	       22.625 	   0.92059 	   0.92043 	    0.005783 	     0.005787 	     0.011569 
18000 	 15 	       23.276 	       22.562 	   0.92093 	   0.92076 	    0.005753 	     0.005757 	     0.011511 
18100 	 15 	       23.219 	       22.505 	   0.92128 	   0.92109 	    0.005728 	     0.005732 	     0.011460 
18200 	 15 	       23.203 	       22.493 	   0.92132 	   0.92114 	    0.005724 	     0.005729 	     0.011453 
18300 	 15 	       23.188 	       22.483 	   0.92136 	   0.92117 	    0.005721 	     0.005726 	     0.011447 
18400 	 15 	       23.174 	       22.472 	   0.92139 	   0.92121 	    0.005719 	     0.005724 	     0.011442 
18500 	 15 	       23.159 	       22.462 	   0.92142 	   0.92124 	    0.005716 	     0.005721 	     0.011437 
18600 	 15 	       23.146 	       22.452 	   0.92145 	   0.92127 	    0.005714 	     0.005719 	     0.011433 
18700 	 15 	       23.133 	       22.443 	   0.92148 	   0.92129 	    0.005712 	     0.005717 	     0.011429 
18800 	 15 	       23.121 	       22.436 	   0.92150 	   0.92132 	    0.005710 	     0.005715 	     0.011425 
18900 	 15 	       23.110 	       22.430 	   0.92153 	   0.92135 	    0.005708 	     0.005713 	     0.011421 
19000 	 15 	       23.053 	       22.380 	   0.92184 	   0.92165 	    0.005681 	     0.005687 	     0.011368 
19100 	 15 	       23.002 	       22.332 	   0.92214 	   0.92195 	    0.005659 	     0.005664 	     0.011323 
19200 	 15 	       22.990 	       22.325 	   0.92218 	   0.92198 	    0.005656 	     0.005662 	     0.011317 
19300 	 15 	       22.980 	       22.320 	   0.92221 	   0.92201 	    0.005653 	     0.005659 	     0.011313 
19400 	 15 	       22.971 	       22.315 	   0.92224 	   0.92204 	    0.005651 	     0.005657 	     0.011308 
19500 	 15 	       22.962 	       22.311 	   0.92227 	   0.92207 	    0.005649 	     0.005655 	     0.011304 
19600 	 15 	       22.953 	       22.307 	   0.92229 	   0.92209 	    0.005647 	     0.005653 	     0.011300 
19700 	 15 	       22.945 	       22.303 	   0.92232 	   0.92211 	    0.005645 	     0.005651 	     0.011297 
19800 	 15 	       22.937 	       22.300 	   0.92234 	   0.92213 	    0.005643 	     0.005650 	     0.011293 
19900 	 15 	       22.930 	       22.296 	   0.92236 	   0.92216 	    0.005642 	     0.005648 	     0.011290 
20000 	 15 	       22.883 	       22.254 	   0.92265 	   0.92244 	    0.005617 	     0.005624 	     0.011242 
100 	 16 	       29.010 	       28.584 	   0.89884 	   0.89884 	    0.008497 	     0.008487 	     0.016984 
