  2.2180e+001 -4.5948e+000 -2.8364e+001 -3.1638e+001 -2.9139e+001
 -1.7411e+000 -2.6243e+001  5.1992e+000  1.8083e+001 -1.3211e+001
 -7.8409e+000 -5.9935e-001 -2.6893e+001 -9.4821e+000 -8.8051e+000
 -9.5793e-001
  1.6545e+000
 2.02888841e+001 2.02887186e+001  2.02883052e+001 6.00065092e+000 5.99885697e+000  5.99672395e+000 -1.83414085e+001 -1.83414085e+001  -1.83414085e+001 5.73590453e+000 5.74343475e+000  5.74969413e+000 1.70094009e+000 1.70052584e+000  1.69952368e+000
 3.09489195e+001 3.09489195e+001  3.09489195e+001 3.01704044e+000 3.01614631e+000  3.01396275e+000 -5.29558980e+000 -5.29558979e+000  -5.29558979e+000 -1.09208881e+001 -1.09209028e+001  -1.09209391e+001 7.69332790e+000 7.69419484e+000  7.69624105e+000
 4.43043870e+000 4.43043859e+000  4.43043847e+000 1.89915848e+001 1.89904990e+001  1.89892489e+001 5.81642839e-001 5.81642459e-001  5.81642168e-001 8.14821807e-001 8.14821921e-001  8.14822042e-001 4.32990965e+000 4.32614136e+000  4.32250052e+000
 -9.36867930e-001 -9.38082877e-001  -9.39338439e-001
 4.30821793e+001 4.30821793e+001  4.30821793e+001 -6.53683574e+000 -6.53683574e+000  -6.53683574e+000 5.76909968e+000 5.76909968e+000  5.76909968e+000 4.17906060e-001 4.17906060e-001  4.17906060e-001 -1.67982769e+001 -1.67982769e+001  -1.67982769e+001
 -4.35338461e+000 -4.35338461e+000  -4.35338461e+000 -3.73518702e+000 -3.73518702e+000  -3.73518702e+000 -3.15420587e+000 -3.15420587e+000  -3.15420587e+000 1.77351893e+001 1.77351893e+001  1.77351893e+001 -5.66280467e+000 -5.66280467e+000  -5.66280467e+000
 -7.89402987e+000 -7.89402987e+000  -7.89402987e+000 -1.03700177e+001 -1.03700177e+001  -1.03700177e+001 -5.64551450e+000 -5.64551450e+000  -5.64551450e+000 -5.15255350e+000 -5.15255350e+000  -5.15255350e+000 -6.81736701e+000 -6.81736701e+000  -6.81736701e+000
 -8.10987015e-002 -8.10987015e-002  -8.10987015e-002
 -1.49838780e+001 -1.49838780e+001  -1.49838780e+001 2.01362940e+000 2.01362940e+000  2.01362940e+000 5.72694291e+000 5.72694291e+000  5.72694291e+000 -1.79732857e+001 -1.79732857e+001  -1.79732857e+001 6.59420367e+000 6.59420367e+000  6.59420367e+000
 -8.53645142e+000 -8.53645142e+000  -8.53645142e+000 1.14567776e+001 1.14567776e+001  1.14567776e+001 -2.18601713e+000 -2.18601713e+000  -2.18601713e+000 -4.67875650e+000 -4.67875650e+000  -4.67875650e+000 1.00371109e+001 1.00371109e+001  1.00371109e+001
 -5.25682817e+000 -5.25682817e+000  -5.25682817e+000 8.92138093e+000 8.92138093e+000  8.92138093e+000 -1.94492506e+000 -1.94492506e+000  -1.94492506e+000 1.39993661e+000 1.39993661e+000  1.39993661e+000 1.74776224e-001 1.74776224e-001  1.74776224e-001
 7.20298097e-001 7.20298097e-001  7.20298097e-001
 5.61329566e+000 5.61329566e+000  5.61329566e+000 -7.52811469e+000 -7.52811469e+000  -7.52811469e+000 -1.57391540e+001 -1.57391540e+001  -1.57391540e+001 2.10537082e+000 2.10537082e+000  2.10537082e+000 -2.69322847e-001 -2.69322847e-001  -2.69322847e-001
 -9.71125701e+000 -9.71125701e+000  -9.71125701e+000 -5.16978421e+000 -5.16978421e+000  -5.16978421e+000 -5.26928448e+000 -5.26928448e+000  -5.26928448e+000 1.21305627e+001 1.21305627e+001  1.21305627e+001 -3.93243381e+000 -3.93243381e+000  -3.93243381e+000
 -4.04028327e+000 -4.04028327e+000  -4.04028327e+000 1.82342711e+001 1.82342711e+001  1.82342711e+001 -1.03935023e+001 -1.03935023e+001  -1.03935023e+001 -7.18767563e+000 -7.18767563e+000  -7.18767563e+000 -9.04369834e+000 -9.04369834e+000  -9.04369834e+000
 -9.18664607e-001 -9.18664607e-001  -9.18664607e-001
 -1.42535355e+001 -1.42535355e+001  -1.42535355e+001 -7.65247315e+000 -7.65247315e+000  -7.65247315e+000 2.66886390e+000 2.66886390e+000  2.66886390e+000 -1.42101758e+000 -1.42101758e+000  -1.42101758e+000 4.37800872e+001 4.37800872e+001  4.37800872e+001
 -7.39219389e+000 -7.39219389e+000  -7.39219389e+000 -9.72957820e+000 -9.72957820e+000  -9.72957820e+000 -5.73048421e+000 -5.73048421e+000  -5.73048421e+000 -1.19411646e+001 -1.19411646e+001  -1.19411646e+001 -5.45677287e+000 -5.45677287e+000  -5.45677287e+000
 1.65645057e+000 1.65645057e+000  1.65645057e+000 -1.52168899e+001 -1.52168899e+001  -1.52168899e+001 -3.48247348e+000 -3.48247348e+000  -3.48247348e+000 5.48827597e+000 5.48827597e+000  5.48827597e+000 7.78229368e+000 7.78229368e+000  7.78229368e+000
 -8.13729107e-001 -8.13729107e-001  -8.13729107e-001
 -2.01298873e+000 -2.01298873e+000  -2.01298873e+000 -4.50573430e-001 -4.50573395e-001  -4.50573306e-001 1.31952469e+000 1.31952469e+000  1.31952469e+000 -1.05975892e+001 -1.05975892e+001  -1.05975892e+001 -3.31978497e+001 -3.31978497e+001  -3.31978497e+001
 -2.45570843e+000 -2.45570843e+000  -2.45570843e+000 -1.08364374e+001 -1.08364371e+001  -1.08364362e+001 2.68596886e+000 2.68596886e+000  2.68596886e+000 8.09598057e+000 8.09598114e+000  8.09598256e+000 -8.29410725e+000 -8.29410725e+000  -8.29410725e+000
 -7.38309654e+000 -7.38309654e+000  -7.38309654e+000 -1.23419294e+001 -1.23419294e+001  -1.23419294e+001 -9.73787795e+000 -9.73787795e+000  -9.73787795e+000 -8.66841553e+000 -8.66841553e+000  -8.66841553e+000 -4.58212558e+000 -4.58212531e+000  -4.58212463e+000
 7.35898376e-001 7.35899371e-001  7.35901859e-001
 -1.16003681e+001 -1.16003681e+001  -1.16003681e+001 5.38588528e+000 5.38588528e+000  5.38588528e+000 -1.90862770e+001 -1.90862770e+001  -1.90862770e+001 -7.65225841e+000 -7.65225841e+000  -7.65225841e+000 -3.70341917e+001 -3.70341917e+001  -3.70341917e+001
 8.08371472e-001 8.08371472e-001  8.08371472e-001 -1.34957504e+001 -1.34957504e+001  -1.34957504e+001 1.88193813e+001 1.88193813e+001  1.88193813e+001 6.98870362e+000 6.98870362e+000  6.98870362e+000 -7.79965669e+000 -7.79965669e+000  -7.79965669e+000
 1.03394831e+001 1.03394831e+001  1.03394831e+001 -1.51836909e+001 -1.51836909e+001  -1.51836909e+001 -4.11136690e+000 -4.11136690e+000  -4.11136690e+000 -5.02234139e-001 -5.02234139e-001  -5.02234139e-001 -4.21487991e+000 -4.21487991e+000  -4.21487991e+000
 -3.03189108e-001 -3.03189108e-001  -3.03189108e-001
 -2.10679490e+001 -2.10679490e+001  -2.10679490e+001 5.57015165e+000 5.57015165e+000  5.57015165e+000 2.01138657e+001 2.01138657e+001  2.01138657e+001 -2.63056868e+000 -2.63056868e+000  -2.63056868e+000 2.94762639e+001 2.94762639e+001  2.94762639e+001
 -6.12755030e+000 -6.12755030e+000  -6.12755030e+000 -5.62772880e+000 -5.62772880e+000  -5.62772880e+000 1.64225592e+001 1.64225592e+001  1.64225592e+001 7.63918066e+000 7.63918066e+000  7.63918066e+000 1.48495779e+000 1.48495779e+000  1.48495779e+000
 6.71736264e+000 6.71736264e+000  6.71736264e+000 7.17974204e+000 7.17974204e+000  7.17974204e+000 -2.04663261e+000 -2.04663261e+000  -2.04663261e+000 -1.05655310e+000 -1.05655310e+000  -1.05655310e+000 -1.44452541e+000 -1.44452541e+000  -1.44452541e+000
 -6.41584200e-001 -6.41584200e-001  -6.41584200e-001
 2.79129474e+001 2.79129465e+001  2.79129443e+001 -8.77142941e+000 -8.77143887e+000  -8.77145011e+000 2.71527302e+001 2.71527302e+001  2.71527302e+001 8.82560050e+000 8.82564028e+000  8.82567335e+000 4.91208171e+001 4.91208149e+001  4.91208096e+001
 -8.61782207e+001 -8.61782207e+001  -8.61782207e+001 1.19595728e+001 1.19595682e+001  1.19595569e+001 8.39500134e+000 8.39500134e+000  8.39500134e+000 -1.54037127e+001 -1.54037126e+001  -1.54037123e+001 -1.54305012e+001 -1.54304966e+001  -1.54304858e+001
 -4.61476676e+000 -4.61476676e+000  -4.61476676e+000 -6.20031104e+001 -6.20031162e+001  -6.20031228e+001 1.50332147e+001 1.50332147e+001  1.50332147e+001 6.26272684e+000 6.26272684e+000  6.26272684e+000 2.33733668e+001 2.33733470e+001  2.33733280e+001
 1.01214213e-001 1.01208093e-001  1.01202204e-001
 1.42167461e+001 1.42166706e+001  1.42164819e+001 4.85311907e-002 4.78398250e-002  4.69797842e-002 5.03772738e+000 5.03772738e+000  5.03772738e+000 -1.12476019e+001 -1.12448363e+001  -1.12425619e+001 -5.97083251e+001 -5.97085088e+001  -5.97089557e+001
 1.18829562e-001 1.18829562e-001  1.18829562e-001 -2.97270034e+001 -2.97273999e+001  -2.97283723e+001 1.00052725e+001 1.00052725e+001  1.00052725e+001 9.73484647e+000 9.73484008e+000  9.73482425e+000 -3.63136232e+001 -3.63132402e+001  -3.63123275e+001
 -3.62799755e+000 -3.62799759e+000  -3.62799764e+000 -2.37680368e+000 -2.37722120e+000  -2.37772434e+000 1.47101268e+001 1.47101267e+001  1.47101265e+001 2.19838981e+000 2.19838986e+000  2.19838990e+000 -8.42313459e-001 -8.43726830e-001  -8.45126141e-001
 -2.19605417e+000 -2.19651239e+000  -2.19700003e+000
 -4.74426891e+001 -4.74427815e+001  -4.74430123e+001 1.08910094e+000 1.08792028e+000  1.08656511e+000 1.54265413e+001 1.54265413e+001  1.54265413e+001 2.72987267e+001 2.73038179e+001  2.73080155e+001 4.56205440e+001 4.56202802e+001  4.56196435e+001
 -3.71341985e-001 -3.71341985e-001  -3.71341985e-001 3.41726671e+001 3.41720988e+001  3.41707132e+001 -2.12182604e+001 -2.12182604e+001  -2.12182604e+001 -1.96709358e+001 -1.96709436e+001  -1.96709629e+001 1.93086525e+001 1.93091936e+001  1.93104641e+001
 -3.04577456e+000 -3.04577463e+000  -3.04577471e+000 -4.42360177e+000 -4.42431837e+000  -4.42511589e+000 1.41113898e+001 1.41113896e+001  1.41113894e+001 1.03059830e+000 1.03059837e+000  1.03059845e+000 4.20981312e+000 4.20728947e+000  4.20490390e+000
 5.79384174e-001 5.78574943e-001  5.77761410e-001
 -5.03461728e+001 -5.03462439e+001  -5.03464216e+001 1.29246515e+000 1.29148921e+000  1.29038449e+000 3.54622662e+001 3.54622662e+001  3.54622662e+001 3.29804968e+001 3.29847481e+001  3.29882426e+001 5.20306509e+001 5.20304357e+001  5.20299166e+001
 2.76386446e-001 2.76386446e-001  2.76386446e-001 4.08261187e+001 4.08256553e+001  4.08245261e+001 -2.65500394e+001 -2.65500394e+001  -2.65500394e+001 -2.23541548e+001 -2.23541608e+001  -2.23541755e+001 2.28156077e+001 2.28160456e+001  2.28170715e+001
 -2.47579551e+000 -2.47579557e+000  -2.47579563e+000 5.00331389e+000 5.00272091e+000  5.00206971e+000 1.92154660e+001 1.92154658e+001  1.92154656e+001 2.34198378e+000 2.34198384e+000  2.34198391e+000 5.30570382e+000 5.30360387e+000  5.30163521e+000
 1.07082176e+000 1.07014959e+000  1.06948068e+000
 -2.30392520e+000 -2.30392520e+000  -2.30392520e+000 1.96806236e+000 1.96806236e+000  1.96806236e+000 1.13970396e+001 1.13970396e+001  1.13970396e+001 -1.01334119e+000 -1.01334119e+000  -1.01334119e+000 1.57170061e+000 1.57170061e+000  1.57170061e+000
 -1.02086048e+000 -1.02086048e+000  -1.02086048e+000 5.83309237e-001 5.83309237e-001  5.83309237e-001 -4.83474688e+000 -4.83474688e+000  -4.83474688e+000 -6.28329022e+000 -6.28329022e+000  -6.28329022e+000 -1.44417781e+000 -1.44417781e+000  -1.44417781e+000
 -7.45943474e+000 -7.45943474e+000  -7.45943474e+000 9.04962784e+000 9.04962784e+000  9.04962784e+000 -5.24642668e+000 -5.24642668e+000  -5.24642668e+000 9.23537271e-001 9.23537271e-001  9.23537271e-001 2.64790567e+000 2.64790567e+000  2.64790567e+000
 3.72811256e-001 3.72811256e-001  3.72811256e-001
 2.96783794e+001 2.96783794e+001  2.96783794e+001 -1.14418332e+001 -1.14418332e+001  -1.14418332e+001 9.40498165e+000 9.40498165e+000  9.40498165e+000 -1.54838100e+001 -1.54838100e+001  -1.54838100e+001 -2.92632156e+001 -2.92632156e+001  -2.92632156e+001
 -6.04068300e-001 -6.04068300e-001  -6.04068300e-001 -1.81056844e+001 -1.81056844e+001  -1.81056844e+001 -3.92882483e+000 -3.92882483e+000  -3.92882483e+000 1.67402169e+001 1.67402169e+001  1.67402169e+001 -9.03397391e+000 -9.03397391e+000  -9.03397391e+000
 9.20661090e+000 9.20661090e+000  9.20661090e+000 1.23603470e+001 1.23603470e+001  1.23603470e+001 -5.03588112e+000 -5.03588112e+000  -5.03588112e+000 -6.76709900e+000 -6.76709900e+000  -6.76709900e+000 -1.05285637e+001 -1.05285637e+001  -1.05285637e+001
 -3.56595152e-001 -3.56595152e-001  -3.56595152e-001
 -1.48701891e+000 -1.48701891e+000  -1.48701891e+000 4.41804577e-001 4.41804577e-001  4.41804577e-001 -2.89392154e+001 -2.89392154e+001  -2.89392154e+001 -6.07717761e+000 -6.07717761e+000  -6.07717761e+000 -3.09617801e+000 -3.09617801e+000  -3.09617801e+000
 7.88939238e-001 7.88939238e-001  7.88939238e-001 -5.07467393e+000 -5.07467393e+000  -5.07467393e+000 4.28697952e+000 4.28697952e+000  4.28697952e+000 3.63185862e+000 3.63185862e+000  3.63185862e+000 -1.05085245e+000 -1.05085245e+000  -1.05085245e+000
 -5.18515336e+000 -5.18515336e+000  -5.18515336e+000 -1.42042493e+001 -1.42042493e+001  -1.42042493e+001 -1.20691241e+001 -1.20691241e+001  -1.20691241e+001 -4.08509097e+000 -4.08509097e+000  -4.08509097e+000 -2.37010594e+000 -2.37010594e+000  -2.37010594e+000
 -8.25525451e-001 -8.25525451e-001  -8.25525451e-001
 4.12086996e-001 4.11921572e-001  4.11508092e-001 4.82197594e-001 4.80403684e-001  4.78270756e-001 -2.92750224e+001 -2.92750224e+001  -2.92750224e+001 -6.48831957e+000 -6.48078935e+000  -6.47452997e+000 -4.06226702e+000 -4.06268126e+000  -4.06368343e+000
 5.70864469e-001 5.70864469e-001  5.70864469e-001 -5.41716162e+000 -5.41805541e+000  -5.42023808e+000 4.87719852e+000 4.87719852e+000  4.87719853e+000 3.90380851e+000 3.90379439e+000  3.90375948e+000 -1.25123638e+000 -1.25036944e+000  -1.24832323e+000
 -4.70988823e+000 -4.70988834e+000  -4.70988846e+000 -1.41710168e+001 -1.41721025e+001  -1.41733526e+001 -1.23825855e+001 -1.23825859e+001  -1.23825862e+001 -3.87919171e+000 -3.87919159e+000  -3.87919147e+000 -2.12032728e+000 -2.12409531e+000  -2.12773547e+000
 -7.88043634e-001 -7.89257585e-001  -7.90510660e-001
 -1.26457300e+000 -1.26374846e+000 -1.26168717e+000
 -4.08661525e+000 -4.07468062e+000 -4.06149013e+000
 -6.65288992e-001 -6.65288992e-001 -6.65288992e-001
 3.38013137e+000 3.38696731e+000 3.39221627e+000
 -2.65816671e+000 -2.64812049e+000 -2.64023633e+000
 3.33511933e+000 3.34751906e+000 3.36127436e+000
 -2.75553975e+000 -2.74462277e+000 -2.73455546e+000
 2.68238531e+000 2.68238531e+000 2.68238531e+000
 -2.13926880e+000 -2.13926504e+000 -2.13925583e+000
 2.33224142e+000 2.34332281e+000 2.35383413e+000
 -3.35569637e+000 -3.35569634e+000 -3.35569631e+000
 -1.65406601e+000 -1.64239665e+000 -1.62952417e+000
 -1.24277753e+001 -1.24277752e+001 -1.24277752e+001
 1.50327790e-001 1.50328548e-001 1.50329356e-001
 -1.65278115e+000 -1.64965678e+000 -1.64673675e+000
 -1.47008271e+000 -1.46919007e+000 -1.46827116e+000
