    8      7     50      1  9723   4855 
    0.700      0.400   20000  100      0.000      0.000    100     16 
    0.990 	     0.010 
   2 
    1.9875e+000   0.0000e+000  
  5.7000e+001  -8.0000e+000  
  4.4837e+000   0.0000e+000  
  1.8824e+002   1.7539e+002  
  1.0000e+000   0.0000e+000  
  1.0000e+000   0.0000e+000  
  1.0000e+000   0.0000e+000  
  1.0000e+000   0.0000e+000  
   2.6556e+002   0.0000e+000  
  itr    nh   avger[]   r2avg    mare[] 
100  16 1.167e+002   3.418e-001  1.000e+001 6.732e+002 
100  16 1.236e+002   2.374e-002  1.000e+003 7.613e+002 
   1  3.4183e-001   6.7321e+002   4.7475e+007   1.1668e+000 
  4.5408e+001   7.0283e-001 
   1  2.3744e-002   7.6125e+002   5.3683e+007   1.2363e+000 
  1.9729e+001   1.8851e-001 
