   19     14     50      1  9731   4851 
    0.700      0.400   20000  100      0.000      0.000    100     16 
    0.990 	     0.010 
   2 
    1.0000e+000   0.0000e+000  
  1.0000e+000   0.0000e+000  
  1.0000e+000   0.0000e+000  
  1.0000e+000   0.0000e+000  
  1.0000e+000   0.0000e+000  
  1.0000e+000   0.0000e+000  
  1.0000e+000   0.0000e+000  
  1.0000e+000   0.0000e+000  
  1.0000e+000   0.0000e+000  
  1.0000e+000   0.0000e+000  
  1.0000e+000   0.0000e+000  
  1.9800e+000   0.0000e+000  
  5.7000e+001  -8.0000e+000  
  4.4800e+000   0.0000e+000  
  1.8824e+002   1.7538e+002  
  1.0000e+000   0.0000e+000  
  1.0000e+000   0.0000e+000  
  1.0000e+000   0.0000e+000  
  1.0000e+000   0.0000e+000  
   2.6555e+002   0.0000e+000  
  itr    nh   avger[]   r2avg    mare[] 
100  16 2.826e+001   8.876e-001  1.000e+001 8.603e+001 
100  16 2.784e+001   8.872e-001  9.048e+002 4.302e+001 
   1  8.8757e-001   8.6027e+001   6.0664e+006   2.8261e-001 
 -3.7336e-001   9.8104e-001 
   1  8.8722e-001   4.3020e+001   3.0337e+006   2.7841e-001 
 -4.1939e-001   9.8189e-001 
