  2.1529e+000 -4.8738e-001 -1.6099e+000 -1.8829e-001  3.8973e+000
 -2.9357e+000  7.2840e-001  1.0024e+000  1.3939e-001  3.1708e-001
  3.1287e-003  3.1026e-002 -1.4726e-002 -3.2246e-002 -1.9973e-002
 -1.1821e-003
  7.2430e+000
 3.57926986e+000 3.57925369e+000  3.57921327e+000 -2.63940039e+000 -2.63940967e+000  -2.63943308e+000 -1.56310004e+000 -1.56311055e+000  -1.56313684e+000 8.93878005e-001 8.93875904e-001  8.93870645e-001 -7.76823146e+000 -7.76823499e+000  -7.76824380e+000
 1.41364014e+000 1.41363567e+000  1.41362435e+000 1.22579291e+000 1.22579509e+000  1.22580056e+000 -6.21074082e-001 -6.21084074e-001  -6.21109140e-001 -1.94281552e+000 -1.94282250e+000  -1.94284003e+000 -1.51732757e+000 -1.51733036e+000  -1.51733735e+000
 2.02688632e-001 2.02692729e-001  2.02703011e-001 1.90730453e-001 1.90735042e-001  1.90746556e-001 5.38805497e-002 5.38829585e-002  5.38890023e-002 -3.13814451e-003 -3.13711211e-003  -3.13452225e-003 -8.46003297e-003 -8.45962415e-003  -8.45859868e-003
 -9.79871153e-004 -9.79881381e-004  -9.79907047e-004
 -6.72778349e-001 -6.72788019e-001  -6.72812197e-001 1.17279020e+000 1.17278424e+000  1.17276882e+000 -2.64172519e+000 -2.64173175e+000  -2.64174814e+000 -5.39789713e-002 -5.39805220e-002  -5.39844120e-002 -2.67194969e+000 -2.67195180e+000  -2.67195709e+000
 -1.56676091e-001 -1.56679779e-001  -1.56689388e-001 -1.62372894e+000 -1.62372523e+000  -1.62371595e+000 -1.50676700e+000 -1.50677594e+000  -1.50679849e+000 1.73894101e+000 1.73893574e+000  1.73892239e+000 -2.99676755e-001 -2.99679230e-001  -2.99685474e-001
 -1.62368225e-001 -1.62365107e-001  -1.62357219e-001 -1.80892842e-001 -1.80889362e-001  -1.80880565e-001 -4.82154988e-002 -4.82136726e-002  -4.82090547e-002 -1.53324668e-002 -1.53316838e-002  -1.53297049e-002 -7.66631156e-003 -7.66600207e-003  -7.66522004e-003
 -7.04446803e-004 -7.04454259e-004  -7.04473134e-004
 -2.82299400e+000 -2.82299400e+000  -2.82299400e+000 -4.40983916e+000 -4.40983916e+000  -4.40983916e+000 4.24292239e+000 4.24292239e+000  4.24292239e+000 -1.42623694e+000 -1.42623694e+000  -1.42623694e+000 3.64783612e-001 3.64783612e-001  3.64783612e-001
 -3.01556441e+000 -3.01556441e+000  -3.01556441e+000 -7.37235489e-001 -7.37235489e-001  -7.37235490e-001 6.95289404e-001 6.95289404e-001  6.95289404e-001 -1.56267393e+000 -1.56267393e+000  -1.56267393e+000 -3.74360201e-001 -3.74360201e-001  -3.74360201e-001
 8.17867418e-002 8.17867418e-002  8.17867417e-002 8.91542771e-002 8.91542771e-002  8.91542770e-002 4.59549765e-002 4.59549765e-002  4.59549765e-002 8.15052015e-003 8.15052014e-003  8.15052012e-003 -4.26173541e-005 -4.26173577e-005  -4.26173669e-005
 -7.50485795e-006 -7.50485786e-006  -7.50485763e-006
 -1.07385869e+000 -1.07385869e+000  -1.07385869e+000 8.50895731e-001 8.50895731e-001  8.50895731e-001 1.05447315e+000 1.05447315e+000  1.05447315e+000 -3.90434154e-002 -3.90434154e-002  -3.90434154e-002 2.74966561e-001 2.74966561e-001  2.74966561e-001
 -9.15790436e-001 -9.15790436e-001  -9.15790436e-001 -5.30780301e-001 -5.30780301e-001  -5.30780301e-001 -7.43462581e-002 -7.43462581e-002  -7.43462581e-002 2.00254785e-001 2.00254785e-001  2.00254785e-001 -7.13942643e-002 -7.13942643e-002  -7.13942643e-002
 -3.56932814e-002 -3.56932814e-002  -3.56932814e-002 -3.20427850e-002 -3.20427850e-002  -3.20427850e-002 -8.91856770e-003 -8.91856770e-003  -8.91856770e-003 2.36832639e-004 2.36832639e-004  2.36832639e-004 2.24825730e-004 2.24825730e-004  2.24825730e-004
 3.52488545e-006 3.52488545e-006  3.52488545e-006
 8.67870178e-001 8.67759249e-001  8.67481927e-001 -2.57234275e+000 -2.57240946e+000  -2.57257623e+000 2.36984928e+000 2.36977719e+000  2.36959695e+000 3.76708168e-001 3.76694149e-001  3.76659101e-001 -2.64552411e-001 -2.64576562e-001  -2.64636940e-001
 -1.85394667e+000 -1.85397904e+000  -1.85405995e+000 1.65382974e+000 1.65385350e+000  1.65391291e+000 2.54839291e-001 2.54760758e-001  2.54564426e-001 8.55722911e-001 8.55670382e-001  8.55539061e-001 1.48424926e-001 1.48403783e-001  1.48350926e-001
 -4.41693093e-001 -4.41662794e-001  -4.41587045e-001 -3.93120134e-001 -3.93086260e-001  -3.93001574e-001 -2.35747895e-001 -2.35730113e-001  -2.35685657e-001 -1.06904593e-001 -1.06896973e-001  -1.06877924e-001 -3.98313867e-002 -3.98283715e-002  -3.98208334e-002
 -1.90515094e-003 -1.90522615e-003  -1.90541415e-003
 5.23196550e+000 5.23196562e+000  5.23196589e+000 -1.09069511e+000 -1.09069401e+000  -1.09069377e+000 -3.72190065e+000 -3.72190060e+000  -3.72190046e+000 3.44610143e-001 3.44610168e-001  3.44610169e-001 3.13212158e+000 3.13212160e+000  3.13212160e+000
 -3.11125156e-001 -3.11124306e-001  -3.11124020e-001 -1.45261667e+000 -1.45261669e+000  -1.45261672e+000 8.48417377e-001 8.48417894e-001  8.48418198e-001 2.55947707e-002 2.55952381e-002  2.55955573e-002 1.57244230e-001 1.57244441e-001  1.57244710e-001
 1.85175319e-001 1.85175106e-001  1.85175017e-001 2.09710043e-001 2.09709823e-001  2.09709731e-001 1.13342767e-001 1.13342647e-001  1.13342595e-001 3.51259798e-002 3.51259306e-002  3.51259088e-002 5.40888757e-003 5.40886862e-003  5.40886034e-003
 -6.57266811e-005 -6.57261686e-005  -6.57260066e-005
 -3.94213202e+000 -3.94213202e+000  -3.94213202e+000 3.19408146e+000 3.19408146e+000  3.19408146e+000 -5.11024913e-001 -5.11024913e-001  -5.11024913e-001 -1.42533070e+000 -1.42533070e+000  -1.42533070e+000 3.24995102e+000 3.24995102e+000  3.24995102e+000
 -1.48882494e+000 -1.48882494e+000  -1.48882494e+000 6.19252378e-001 6.19252378e-001  6.19252378e-001 2.81680725e-002 2.81680725e-002  2.81680725e-002 -7.80630417e-001 -7.80630417e-001  -7.80630417e-001 7.61243873e-002 7.61243873e-002  7.61243873e-002
 1.97264046e-001 1.97264046e-001  1.97264046e-001 1.73155481e-001 1.73155481e-001  1.73155481e-001 7.73626117e-002 7.73626117e-002  7.73626117e-002 1.74789424e-002 1.74789424e-002  1.74789424e-002 2.77545976e-003 2.77545976e-003  2.77545976e-003
 7.35489190e-007 7.35489190e-007  7.35489190e-007
 8.08631171e-001 8.08520299e-001  8.08243107e-001 1.28398280e-001 1.28334995e-001  1.28174280e-001 -1.89439371e-002 -1.90161620e-002  -1.91967265e-002 1.75309360e+000 1.75307961e+000  1.75304456e+000 1.53099167e+000 1.53096754e+000  1.53090716e+000
 -1.30632948e+000 -1.30636124e+000  -1.30644248e+000 5.49237030e-001 5.49260396e-001  5.49318819e-001 8.67038317e-002 8.66285854e-002  8.64394805e-002 1.06931212e+000 1.06926035e+000  1.06913008e+000 -6.05554008e-001 -6.05572952e-001  -6.05620574e-001
 -1.01211976e-001 -1.01182432e-001  -1.01108130e-001 -5.36177338e-002 -5.35846711e-002  -5.35015542e-002 -6.74116192e-002 -6.73942816e-002  -6.73506909e-002 -5.32260111e-002 -5.32185833e-002  -5.31999127e-002 -2.81038154e-002 -2.81008750e-002  -2.80934849e-002
 -1.87171187e-003 -1.87178512e-003  -1.87196937e-003
 -5.36372916e-001 -5.36372857e-001  -5.36372709e-001 -9.38033271e-001 -9.38035597e-001  -9.38041412e-001 2.41931276e+000 2.41931295e+000  2.41931340e+000 -2.65469973e+000 -2.65469973e+000  -2.65469973e+000 4.56980850e+000 4.56980850e+000  4.56980850e+000
 -4.39451032e-001 -4.39450790e-001  -4.39450184e-001 1.03266187e+000 1.03266225e+000  1.03266320e+000 5.73947685e-001 5.73944916e-001  5.73937992e-001 -7.52105746e-001 -7.52106036e-001  -7.52106763e-001 7.50222336e-001 7.50220349e-001  7.50215382e-001
 1.67471544e-001 1.67472088e-001  1.67473445e-001 1.79502591e-001 1.79503181e-001  1.79504659e-001 7.64970259e-002 7.64973511e-002  7.64981642e-002 9.51149764e-003 9.51164047e-003  9.51199756e-003 -1.99449758e-003 -1.99444168e-003  -1.99430192e-003
 -8.21953400e-005 -8.21967776e-005  -8.22003717e-005
 2.25642186e+000 2.25642186e+000  2.25642186e+000 7.69834462e-001 7.69834462e-001  7.69834462e-001 -3.77610982e+000 -3.77610982e+000  -3.77610982e+000 7.43108436e-001 7.43108436e-001  7.43108436e-001 6.20414122e-001 6.20414122e-001  6.20414122e-001
 -1.90811625e+000 -1.90811625e+000  -1.90811625e+000 -7.61433453e-001 -7.61433453e-001  -7.61433453e-001 4.70773223e-001 4.70773223e-001  4.70773223e-001 -2.16519112e-001 -2.16519112e-001  -2.16519112e-001 2.37125214e-001 2.37125214e-001  2.37125214e-001
 -1.25513297e-001 -1.25513297e-001  -1.25513297e-001 -1.36139467e-001 -1.36139467e-001  -1.36139467e-001 -5.41279236e-002 -5.41279236e-002  -5.41279236e-002 -1.05851572e-002 -1.05851572e-002  -1.05851572e-002 -1.54872642e-003 -1.54872642e-003  -1.54872642e-003
 -1.62349260e-005 -1.62349260e-005  -1.62349260e-005
 6.85867637e-001 6.85859243e-001  6.85838259e-001 -1.68117970e+000 -1.68118432e+000  -1.68119589e+000 -1.57541569e+000 -1.57542138e+000  -1.57543561e+000 -2.33295368e+000 -2.33295504e+000  -2.33295844e+000 6.59827707e+000 6.59827524e+000  6.59827067e+000
 -4.21745386e+000 -4.21745691e+000  -4.21746452e+000 -4.06477081e+000 -4.06477019e+000  -4.06476865e+000 -1.01261104e-002 -1.01310174e-002  -1.01432851e-002 3.46080470e-001 3.46077028e-001  3.46068423e-001 3.60513390e-001 3.60511771e-001  3.60507722e-001
 1.43425314e-002 1.43446519e-002  1.43499532e-002 9.97450448e-002 9.97474209e-002  9.97533609e-002 5.89014463e-002 5.89026940e-002  5.89058132e-002 2.23010365e-002 2.23015709e-002  2.23029069e-002 3.26530484e-003 3.26551636e-003  3.26604516e-003
 -5.07832170e-005 -5.07883431e-005  -5.08011584e-005
 -7.83639024e+000 -7.83639032e+000  -7.83639053e+000 5.03206614e+000 5.03206337e+000  5.03205639e+000 6.47806772e+000 6.47806736e+000  6.47806645e+000 -2.63163028e+000 -2.63163047e+000  -2.63163096e+000 -1.95280658e+000 -1.95280658e+000  -1.95280658e+000
 -4.10839028e+000 -4.10839171e+000  -4.10839531e+000 3.79928635e+000 3.79929117e+000  3.79930323e+000 3.51734120e-001 3.51726834e-001  3.51708605e-001 -3.07894814e-001 -3.07897449e-001  -3.07904049e-001 4.27289971e-001 4.27287308e-001  4.27280647e-001
 -1.30957294e-001 -1.30955695e-001  -1.30951693e-001 -1.80726873e-001 -1.80725128e-001  -1.80720758e-001 -9.22363638e-002 -9.22354356e-002  -9.22331114e-002 -3.15695557e-002 -3.15691561e-002  -3.15681557e-002 -7.06097402e-003 -7.06081744e-003  -7.06042541e-003
 -1.15405621e-004 -1.15409207e-004  -1.15418191e-004
 -6.65457319e+000 -6.65463185e+000  -6.65477853e+000 -4.47677070e+000 -4.47680514e+000  -4.47689243e+000 -3.40874318e+000 -3.40878147e+000  -3.40887719e+000 -2.60710713e+000 -2.60711475e+000  -2.60713384e+000 -2.11883840e+000 -2.11885117e+000  -2.11888311e+000
 5.63042099e+000 5.63040360e+000  5.63035925e+000 1.43711041e+000 1.43712333e+000  1.43715562e+000 -5.05021780e+000 -5.05025939e+000  -5.05036385e+000 4.28062858e-001 4.28035135e-001  4.27965428e-001 -6.29943743e-001 -6.29954834e-001  -6.29982684e-001
 4.48126009e-002 4.48286293e-002  4.48689079e-002 6.49720721e-002 6.49899977e-002  6.50350283e-002 -1.31401090e-002 -1.31307025e-002  -1.31070699e-002 -3.70469673e-002 -3.70429364e-002  -3.70328114e-002 -2.33572894e-002 -2.33556942e-002  -2.33516878e-002
 -1.34186526e-003 -1.34190487e-003  -1.34200440e-003
 -5.27983529e+000 -5.27989609e+000  -5.28004811e+000 2.10939785e+000 2.10936232e+000  2.10927170e+000 -3.41870080e+000 -3.41874063e+000  -3.41884019e+000 1.83895906e+000 1.83895111e+000  1.83893117e+000 2.76643816e+000 2.76642493e+000  2.76639182e+000
 2.97307367e+000 2.97305527e+000  2.97300796e+000 1.32838310e+000 1.32839818e+000  1.32843589e+000 -3.49416840e-001 -3.49461438e-001  -3.49573645e-001 1.19750000e+000 1.19747054e+000  1.19739629e+000 5.39250922e-001 5.39239317e-001  5.39210116e-001
 -1.94769164e-001 -1.94752229e-001  -1.94709573e-001 -1.63421502e-001 -1.63402567e-001  -1.63354896e-001 -9.45356383e-002 -9.45257047e-002  -9.45006926e-002 -4.86240731e-002 -4.86198165e-002  -4.86091018e-002 -2.19965543e-002 -2.19948700e-002  -2.19906309e-002
 -1.28579067e-003 -1.28583236e-003  -1.28593738e-003
 3.18930388e+000 3.18925414e+000  3.18912980e+000 5.36793190e-001 5.36763706e-001  5.36688359e-001 5.07107299e+000 5.07104019e+000  5.07095821e+000 -7.93307247e+000 -7.93307932e+000  -7.93309648e+000 3.57658789e+000 3.57657708e+000  3.57655001e+000
 3.07797266e+000 3.07795702e+000  3.07791672e+000 -1.36324624e-001 -1.36313637e-001  -1.36286164e-001 6.55040596e-001 6.55004237e-001  6.54912689e-001 1.24629952e-002 1.24394193e-002  1.23799231e-002 8.44797546e-001 8.44787168e-001  8.44761050e-001
 -1.38912199e-001 -1.38898341e-001  -1.38863409e-001 -1.23871733e-001 -1.23856240e-001  -1.23817207e-001 -8.61515955e-002 -8.61434605e-002  -8.61229615e-002 -4.17267253e-002 -4.17232384e-002  -4.17144545e-002 -1.82148581e-002 -1.82134786e-002  -1.82100040e-002
 -9.88915000e-004 -9.88948974e-004  -9.89034644e-004
 -4.43838402e+000 -4.43844284e+000  -4.43858990e+000 2.79623158e+000 2.79619742e+000  2.79611066e+000 4.48538725e+000 4.48534916e+000  4.48525394e+000 1.36700660e+000 1.36699932e+000  1.36698107e+000 4.23684847e+000 4.23683565e+000  4.23680359e+000
 2.80876343e+000 2.80874720e+000  2.80870563e+000 4.27986737e+000 4.27987906e+000  4.27990828e+000 -2.57641260e+000 -2.57645241e+000  -2.57655248e+000 -5.83725338e-001 -5.83752428e-001  -5.83820623e-001 5.19791388e-001 5.19780997e-001  5.19754875e-001
 -1.69175375e-002 -1.69019325e-002  -1.68626765e-002 2.91399703e-002 2.91574348e-002  2.92013500e-002 -2.19233830e-002 -2.19142207e-002  -2.18911788e-002 -2.80814204e-002 -2.80774938e-002  -2.80676213e-002 -1.65824470e-002 -1.65808925e-002  -1.65769847e-002
 -9.89141370e-004 -9.89180229e-004  -9.89277996e-004
 -3.82349597e+000 -3.82358443e+000  -3.82380559e+000 3.50160269e+000 3.50155287e+000  3.50142640e+000 -4.20345095e+000 -4.20350633e+000  -4.20364479e+000 2.31625229e+000 2.31624330e+000  2.31622079e+000 -2.31578153e+000 -2.31580083e+000  -2.31584913e+000
 1.20587753e-001 1.20569959e-001  1.20524057e-001 -3.20741646e+000 -3.20740523e+000  -3.20737716e+000 8.34888077e-001 8.34838204e-001  8.34712759e-001 3.24578480e-001 3.24541184e-001  3.24447288e-001 -1.30532021e+000 -1.30533181e+000  -1.30536101e+000
 3.41656062e-002 3.41866064e-002  3.42394470e-002 4.90713958e-002 4.90949565e-002  4.91542126e-002 -1.21324269e-002 -1.21200761e-002  -1.20890091e-002 -4.01330868e-002 -4.01277925e-002  -4.01144788e-002 -2.34706607e-002 -2.34685620e-002  -2.34632851e-002
 -1.22949642e-003 -1.22955050e-003  -1.22968655e-003
 4.90486043e+000 4.90477223e+000  4.90455171e+000 -3.35625071e+000 -3.35630044e+000  -3.35642655e+000 2.43860524e+000 2.43855018e+000  2.43841254e+000 1.01213949e+000 1.01213072e+000  1.01210877e+000 4.50624435e-001 4.50605186e-001  4.50557026e-001
 -2.64688209e+000 -2.64689924e+000  -2.64694343e+000 8.25987167e-001 8.25997788e-001  8.26024348e-001 -6.90445585e-001 -6.90494558e-001  -6.90617695e-001 -4.16112547e-001 -4.16149477e-001  -4.16242405e-001 -2.84733979e-001 -2.84745295e-001  -2.84773770e-001
 -3.79377180e-002 -3.79169678e-002  -3.78647786e-002 -2.75326267e-002 -2.75093431e-002  -2.74508070e-002 -4.56415159e-002 -4.56293100e-002  -4.55986201e-002 -4.43810838e-002 -4.43758515e-002  -4.43626988e-002 -2.36520189e-002 -2.36499445e-002  -2.36447308e-002
 -1.29109701e-003 -1.29115063e-003  -1.29128548e-003
 5.03372476e+000 5.03364091e+000  5.03343129e+000 -1.48703722e+000 -1.48708427e+000  -1.48720391e+000 -6.01404730e-001 -6.01456566e-001  -6.01586158e-001 -4.77705819e+000 -4.77706591e+000  -4.77708526e+000 -5.08521866e+000 -5.08523697e+000  -5.08528279e+000
 -3.75572042e-001 -3.75586574e-001  -3.75624375e-001 -3.05676228e+000 -3.05675237e+000  -3.05672758e+000 -3.57859503e-001 -3.57904862e-001  -3.58019053e-001 -1.11821032e+000 -1.11824518e+000  -1.11833300e+000 -7.94345871e-001 -7.94355715e-001  -7.94380532e-001
 1.45281979e-001 1.45301346e-001  1.45350116e-001 1.68875585e-001 1.68897327e-001  1.68952052e-001 3.37035350e-002 3.37149289e-002  3.37436109e-002 -2.30780291e-002 -2.30731443e-002  -2.30608514e-002 -1.68711730e-002 -1.68692358e-002  -1.68643614e-002
 -9.81076264e-004 -9.81126775e-004  -9.81253947e-004
 -4.62791583e+000 -4.62799491e+000  -4.62819261e+000 1.69647380e+000 1.69642963e+000  1.69631797e+000 1.16436859e+000 1.16431995e+000  1.16419838e+000 -2.12152851e+000 -2.12153559e+000  -2.12155332e+000 2.11361906e+000 2.11360179e+000  2.11355857e+000
 1.54308882e-001 1.54296056e-001  1.54263088e-001 -2.62669978e+000 -2.62669302e+000  -2.62667611e+000 9.14507707e-001 9.14467808e-001  9.14367572e-001 -2.84822701e-001 -2.84854389e-001  -2.84934026e-001 -5.16924415e-001 -5.16933046e-001  -5.16954752e-001
 -1.63497835e-001 -1.63480207e-001  -1.63435920e-001 -1.62874549e-001 -1.62854744e-001  -1.62805005e-001 -8.60512576e-002 -8.60408786e-002  -8.60148100e-002 -4.55443868e-002 -4.55399371e-002  -4.55287633e-002 -1.98683714e-002 -1.98666061e-002  -1.98621736e-002
 -1.03649925e-003 -1.03654561e-003  -1.03666206e-003
 -5.87452549e+000 -5.87460305e+000  -5.87479696e+000 4.08492278e+000 4.08487651e+000  4.08475919e+000 -4.03464473e+000 -4.03469496e+000  -4.03482055e+000 3.25375567e+000 3.25374621e+000  3.25372251e+000 -7.55629095e-001 -7.55645986e-001  -7.55688248e-001
 3.62887811e-001 3.62866248e-001  3.62811122e-001 -3.85088222e+000 -3.85086400e+000  -3.85081844e+000 1.18779963e+000 1.18774382e+000  1.18760364e+000 4.24442776e-001 4.24405576e-001  4.24312012e-001 -1.30572047e+000 -1.30573496e+000  -1.30577137e+000
 4.09386938e-002 4.09599756e-002  4.10134726e-002 4.31780208e-002 4.32018191e-002  4.32616201e-002 -1.50579280e-002 -1.50454397e-002  -1.50140556e-002 -3.43640501e-002 -3.43586976e-002  -3.43452491e-002 -1.94533016e-002 -1.94511832e-002  -1.94458614e-002
 -1.05383023e-003 -1.05388317e-003  -1.05401628e-003
 4.95091686e+000 4.95083984e+000  4.95064727e+000 -4.57632184e+000 -4.57636787e+000  -4.57648440e+000 4.14984793e+000 4.14979824e+000  4.14967403e+000 1.48959941e+000 1.48959025e+000  1.48956731e+000 2.56091052e+000 2.56089374e+000  2.56085177e+000
 -3.09152233e+000 -3.09154303e+000  -3.09159586e+000 1.19311035e+000 1.19312777e+000  1.19317131e+000 -7.17547395e-001 -7.17601926e-001  -7.17738832e-001 -5.00536619e-001 -5.00573258e-001  -5.00665354e-001 -2.79971555e-002 -2.80112551e-002  -2.80466569e-002
 -4.91564587e-002 -4.91355480e-002  -4.90830123e-002 -5.24986418e-002 -5.24752551e-002  -5.24165187e-002 -5.68094944e-002 -5.67972217e-002  -5.67663952e-002 -3.95684829e-002 -3.95632225e-002  -3.95500122e-002 -1.96283306e-002 -1.96262485e-002  -1.96210203e-002
 -1.12805918e-003 -1.12811141e-003  -1.12824265e-003
 5.12493339e+000 5.12485922e+000  5.12467377e+000 -2.12286131e+000 -2.12290565e+000  -2.12301830e+000 4.09783479e-001 4.09736013e-001  4.09617347e-001 -5.46716078e+000 -5.46716908e+000  -5.46718989e+000 -3.68114671e+000 -3.68116288e+000  -3.68120333e+000
 -4.35587798e-001 -4.35606374e-001  -4.35654134e-001 -3.49805609e+000 -3.49803862e+000  -3.49799494e+000 -2.30223754e-001 -2.30276227e-001  -2.30408122e-001 -1.33198711e+000 -1.33202259e+000  -1.33211191e+000 -6.12951738e-001 -6.12964756e-001  -6.12997487e-001
 1.71160662e-001 1.71180704e-001  1.71231127e-001 1.85847585e-001 1.85870004e-001  1.85926383e-001 3.86022080e-002 3.86139698e-002  3.86435518e-002 -1.48971278e-002 -1.48920859e-002  -1.48794081e-002 -1.21503991e-002 -1.21484030e-002  -1.21433848e-002
 -8.05956243e-004 -8.06006616e-004  -8.06133354e-004
 -6.10794705e+000 -6.10801207e+000  -6.10817461e+000 1.56007979e+000 1.56004097e+000  1.55994309e+000 2.28433675e+000 2.28429530e+000  2.28419168e+000 -2.15596493e+000 -2.15597212e+000  -2.15599010e+000 4.69480410e+000 4.69478993e+000  4.69475447e+000
 1.38263461e-001 1.38247701e-001  1.38207683e-001 -2.74707742e+000 -2.74706443e+000  -2.74703193e+000 1.23291176e+000 1.23286811e+000  1.23275868e+000 -2.96661277e-001 -2.96691365e-001  -2.96766869e-001 -2.50821268e-001 -2.50832278e-001  -2.50859889e-001
 -1.89194970e-001 -1.89177907e-001  -1.89135102e-001 -2.00677132e-001 -2.00658037e-001  -2.00610145e-001 -9.94471411e-002 -9.94371213e-002  -9.94119894e-002 -3.98475114e-002 -3.98432163e-002  -3.98324446e-002 -1.50928246e-002 -1.50911239e-002  -1.50868590e-002
 -8.38121773e-004 -8.38164894e-004  -8.38273069e-004
 -1.24498752e+000 -1.24498792e+000  -1.24498891e+000 -1.04007457e+000 -1.04007977e+000  -1.04009275e+000 1.27105839e+000 1.27105355e+000  1.27104147e+000 -7.44714497e-001 -7.44718999e-001  -7.44730253e-001 4.36334343e+000 4.36334343e+000  4.36334342e+000
 1.56747106e-001 1.56730945e-001  1.56690543e-001 1.39830425e+000 1.39832478e+000  1.39837610e+000 1.20827744e+000 1.20824840e+000  1.20817578e+000 6.48754197e-001 6.48743115e-001  6.48715412e-001 -8.71302799e-003 -8.72320046e-003  -8.74863165e-003
 1.31813413e-001 1.31820476e-001  1.31838132e-001 1.34315280e-001 1.34323020e-001  1.34342369e-001 5.23081347e-002 5.23122165e-002  5.23224210e-002 1.28933419e-002 1.28950882e-002  1.28994540e-002 2.46182186e-003 2.46250574e-003  2.46421542e-003
 -1.25265713e-004 -1.25278968e-004  -1.25312107e-004
 4.69411183e-001 4.69411130e-001  4.69410997e-001 1.35170404e-001 1.35168027e-001  1.35162084e-001 -2.90422929e-001 -2.90422892e-001  -2.90422798e-001 1.28411975e+000 1.28411981e+000  1.28411996e+000 4.29090812e+000 4.29090812e+000  4.29090812e+000
 -2.74649635e+000 -2.74649628e+000  -2.74649609e+000 -9.91651135e-001 -9.91650776e-001  -9.91649878e-001 -4.76752583e-001 -4.76755536e-001  -4.76762920e-001 -8.74412567e-001 -8.74413021e-001  -8.74414156e-001 1.24418201e+000 1.24417995e+000  1.24417481e+000
 -2.55332878e-001 -2.55332285e-001  -2.55330800e-001 -2.63421352e-001 -2.63420710e-001  -2.63419105e-001 -1.17190240e-001 -1.17189887e-001  -1.17189004e-001 -2.12818306e-002 -2.12816766e-002  -2.12812914e-002 -2.90886560e-003 -2.90880543e-003  -2.90865501e-003
 -1.28606540e-004 -1.28608056e-004  -1.28611847e-004
 3.65164013e-001 3.65164033e-001  3.65164085e-001 -7.32843414e-001 -7.32843366e-001  -7.32843246e-001 6.68353646e-001 6.68354007e-001  6.68354911e-001 -2.02850742e+000 -2.02850741e+000  -2.02850738e+000 1.24094841e+000 1.24094841e+000  1.24094841e+000
 -9.20641689e-001 -9.20641310e-001  -9.20640363e-001 -2.90595042e-001 -2.90595240e-001  -2.90595736e-001 1.02238538e+000 1.02238560e+000  1.02238613e+000 -1.26550220e+000 -1.26550185e+000  -1.26550097e+000 -8.23021016e-001 -8.23020955e-001  -8.23020802e-001
 1.05249851e-001 1.05249753e-001  1.05249509e-001 1.31549818e-001 1.31549710e-001  1.31549442e-001 3.81080648e-002 3.81080086e-002  3.81078682e-002 -1.17377523e-002 -1.17377761e-002  -1.17378355e-002 -1.58648114e-002 -1.58648208e-002  -1.58648442e-002
 -1.08373871e-003 -1.08373855e-003  -1.08373814e-003
 2.73765869e+000 2.73754830e+000  2.73727233e+000 1.36799307e+000 1.36793498e+000  1.36778726e+000 -3.28320431e+000 -3.28327191e+000  -3.28344093e+000 1.04361005e+000 1.04360049e+000  1.04357652e+000 -3.48950031e+000 -3.48952444e+000  -3.48958482e+000
 -1.43505825e-001 -1.43521637e-001  -1.43563004e-001 7.04407373e-001 7.04410430e-001  7.04418081e-001 -6.22485507e-001 -6.22531735e-001  -6.22648295e-001 1.59184784e+000 1.59180696e+000  1.59170391e+000 -3.06544256e-002 -3.06631864e-002  -3.06853489e-002
 -4.09841151e-002 -4.09615861e-002  -4.09048224e-002 -1.26983558e-002 -1.26729764e-002  -1.26090678e-002 -1.82684767e-002 -1.82551925e-002  -1.82217353e-002 -3.41734297e-002 -3.41677357e-002  -3.41533994e-002 -1.53351843e-002 -1.53329226e-002  -1.53272295e-002
 -6.32531178e-004 -6.32591255e-004  -6.32742566e-004
 -4.10996214e+000 -4.10990073e+000 -4.10974536e+000
 -5.46400850e+000 -5.46399525e+000 -5.46396106e+000
 -4.16855134e+000 -4.16849764e+000 -4.16836340e+000
 -7.07621499e+000 -7.07621296e+000 -7.07620790e+000
 -3.93380927e+000 -3.93367220e+000 -3.93332767e+000
 -3.95036849e+000 -3.95035815e+000 -3.95033145e+000
 3.67964189e+000 3.67966035e+000 3.67970649e+000
 -4.18093841e+000 -4.18091387e+000 -4.18085227e+000
 -3.29458132e+000 -3.29445840e+000 -3.29414955e+000
 -2.87357135e+000 -2.87356251e+000 -2.87354031e+000
 9.45018823e-001 9.45066453e-001 9.45186417e-001
 9.87519149e-001 9.87574706e-001 9.87714596e-001
 5.34478168e-001 5.34529694e-001 5.34659330e-001
 2.23248680e-001 2.23303469e-001 2.23441214e-001
 8.43663254e-002 8.44294734e-002 8.45881842e-002
 -2.46259196e-003 -2.39128497e-003 -2.21208700e-003
