   16      5     50      1  9731   4851 
    0.700      0.400   20000  100      0.000      0.000    100     16 
    0.990 	     0.010 
   2 
    1.0000e+000   0.0000e+000  
  1.0000e+000   0.0000e+000  
  1.0000e+000   0.0000e+000  
  1.0000e+000   0.0000e+000  
  1.0000e+000   0.0000e+000  
  1.0000e+000   0.0000e+000  
  1.0000e+000   0.0000e+000  
  1.0000e+000   0.0000e+000  
  1.9875e+000   0.0000e+000  
  5.7000e+001  -8.0000e+000  
  4.4837e+000   0.0000e+000  
  1.8824e+002   1.7539e+002  
  1.0000e+000   0.0000e+000  
  1.0000e+000   0.0000e+000  
  1.0000e+000   0.0000e+000  
  1.0000e+000   0.0000e+000  
   2.6555e+002   0.0000e+000  
  itr    nh   avger[]   r2avg    mare[] 
100  16 5.161e+001   2.777e-001  1.000e+001 7.006e+002 
100  16 5.089e+001   2.776e-001  1.000e+003 3.486e+002 
   1  2.7771e-001   7.0064e+002   4.9407e+007   5.1614e-001 
  2.8680e+001   4.7053e-001 
   1  2.7760e-001   3.4859e+002   2.4581e+007   5.0891e-001 
  2.8676e+001   4.7072e-001 
