 -2.2240e+001 -8.3586e+000 -7.7092e+000  6.5658e+000 -1.7919e+001
  1.0229e+001 -4.2470e+001  6.9848e-001 -7.1474e+000  6.9016e+000
 -3.4953e+000 -1.0477e+001 -6.2854e+000 -8.4580e+000 -3.3061e+000
 -6.7542e-001
  1.2920e+001
 5.80421641e+001 5.80436584e+001  5.80439990e+001 -4.53309770e+000 -4.53309769e+000  -4.53309769e+000 -2.55153658e+001 -2.55153658e+001  -2.55153658e+001 1.61376677e+001 1.61381873e+001  1.61384265e+001 9.86914131e+000 9.86920637e+000  9.86927309e+000
 3.49088211e+001 3.49088211e+001  3.49088210e+001 1.57055381e+000 1.57055428e+000  1.57055531e+000 2.35673541e+001 2.35673527e+001  2.35673535e+001 -2.62447887e+000 -2.62429349e+000  -2.62428183e+000 -1.84298139e+000 -1.84298147e+000  -1.84298172e+000
 -3.60670961e+000 -3.60670965e+000  -3.60670958e+000 -8.46059834e+000 -8.46059834e+000  -8.46059834e+000 4.24938714e+000 4.24938711e+000  4.24938712e+000 1.60976427e+001 1.60976427e+001  1.60976427e+001 -4.73351861e-002 -4.73349605e-002  -4.73349487e-002
 -7.85881264e-001 -7.85904185e-001  -7.85900408e-001
 1.54409772e+000 1.54409772e+000  1.54409772e+000 -6.05656764e+000 -6.05656764e+000  -6.05656764e+000 1.20512531e+001 1.20512531e+001  1.20512531e+001 -3.00089140e+001 -3.00089140e+001  -3.00089140e+001 -7.87649710e+000 -7.87649710e+000  -7.87649710e+000
 -3.92698359e+000 -3.92698359e+000  -3.92698359e+000 -1.89531835e+001 -1.89531835e+001  -1.89531835e+001 2.37256803e+001 2.37256803e+001  2.37256803e+001 1.79616250e+001 1.79616250e+001  1.79616250e+001 -1.37550358e+001 -1.37550358e+001  -1.37550358e+001
 1.25762258e+000 1.25762258e+000  1.25762258e+000 -3.79266607e+000 -3.79266607e+000  -3.79266607e+000 -7.51182015e+000 -7.51182015e+000  -7.51182015e+000 -7.47842811e+000 -7.47842811e+000  -7.47842811e+000 8.53049412e+000 8.53049412e+000  8.53049412e+000
 -5.89639079e-001 -5.89639079e-001  -5.89639079e-001
 -2.30679747e+001 -2.30679747e+001  -2.30679747e+001 -9.02528613e+000 -9.02528613e+000  -9.02528613e+000 6.08898700e+000 6.08898700e+000  6.08898700e+000 8.48962334e-002 8.48962334e-002  8.48962334e-002 7.21444788e+000 7.21444788e+000  7.21444788e+000
 -7.80739613e+000 -7.80739613e+000  -7.80739613e+000 -1.17484091e+001 -1.17484091e+001  -1.17484091e+001 -1.85452232e-001 -1.85452232e-001  -1.85452232e-001 -7.83895751e+000 -7.83895751e+000  -7.83895751e+000 3.38937250e+000 3.38937250e+000  3.38937250e+000
 1.30704415e+000 1.30704415e+000  1.30704415e+000 2.25142980e+000 2.25142980e+000  2.25142980e+000 -5.52371710e+000 -5.52371710e+000  -5.52371710e+000 -1.27426152e+000 -1.27426152e+000  -1.27426152e+000 -4.44802937e+000 -4.44802937e+000  -4.44802937e+000
 -3.89194240e-001 -3.89194240e-001  -3.89194240e-001
 -3.06581704e+001 -3.06581704e+001  -3.06581704e+001 -8.45410215e-001 -8.45410215e-001  -8.45410215e-001 1.64522477e+001 1.64522477e+001  1.64522477e+001 -3.04957692e+001 -3.04957692e+001  -3.04957692e+001 -1.84977798e+001 -1.84977798e+001  -1.84977798e+001
 8.33549159e-001 8.33549159e-001  8.33549159e-001 -5.74926635e+000 -5.74926635e+000  -5.74926635e+000 -2.07174657e+001 -2.07174657e+001  -2.07174657e+001 -4.46244218e+000 -4.46244218e+000  -4.46244218e+000 -1.07520638e+001 -1.07520638e+001  -1.07520638e+001
 4.63541707e+000 4.63541707e+000  4.63541707e+000 -5.92389547e-001 -5.92389547e-001  -5.92389547e-001 -7.25404089e-001 -7.25404089e-001  -7.25404089e-001 -9.75796540e-001 -9.75796540e-001  -9.75796540e-001 -9.75465353e-001 -9.75465353e-001  -9.75465353e-001
 -1.89890282e-001 -1.89890282e-001  -1.89890282e-001
 -1.54365078e+001 -1.54365078e+001  -1.54365078e+001 2.40737468e-001 2.40737468e-001  2.40737468e-001 1.68545383e+001 1.68545383e+001  1.68545383e+001 7.44262825e+000 7.44262825e+000  7.44262825e+000 -1.34797810e+001 -1.34797810e+001  -1.34797810e+001
 -1.15487009e+001 -1.15487009e+001  -1.15487009e+001 8.80254028e+000 8.80254028e+000  8.80254028e+000 2.61318796e+000 2.61318796e+000  2.61318796e+000 -9.32493732e+000 -9.32493732e+000  -9.32493732e+000 -1.01754802e+001 -1.01754802e+001  -1.01754802e+001
 1.82708634e+000 1.82708634e+000  1.82708634e+000 5.13923631e-002 5.13923631e-002  5.13923631e-002 -8.84972790e+000 -8.84972790e+000  -8.84972790e+000 -7.04066318e+000 -7.04066318e+000  -7.04066318e+000 -1.79353928e+000 -1.79353928e+000  -1.79353928e+000
 -5.05321943e-001 -5.05321943e-001  -5.05321943e-001
 -7.23181092e+001 -7.23181092e+001  -7.23181092e+001 1.59603917e-001 1.59603920e-001  1.59603927e-001 -2.57992427e+001 -2.57992427e+001  -2.57992427e+001 7.35383791e+001 7.35383791e+001  7.35383791e+001 2.23329054e+000 2.23329073e+000  2.23329122e+000
 3.14145507e+000 3.14145507e+000  3.14145507e+000 -1.41071815e+001 -1.41071810e+001  -1.41071800e+001 -1.95856435e+001 -1.95856435e+001  -1.95856435e+001 -9.51978880e+000 -9.51978880e+000  -9.51978880e+000 1.76490162e+001 1.76490162e+001  1.76490162e+001
 -1.40766184e+001 -1.40766184e+001  -1.40766184e+001 -9.41211708e+000 -9.41211708e+000  -9.41211708e+000 6.55615255e+000 6.55615254e+000  6.55615254e+000 -5.24742060e+000 -5.24742060e+000  -5.24742060e+000 7.04649903e-001 7.04649903e-001  7.04649903e-001
 5.99932011e-001 5.99930273e-001  5.99925927e-001
 5.45539900e+001 5.45539900e+001  5.45539900e+001 4.05308559e+000 4.05308559e+000  4.05308559e+000 -1.01493837e+001 -1.01493837e+001  -1.01493837e+001 -3.13127768e+001 -3.13127768e+001  -3.13127768e+001 -1.08372824e+001 -1.08372824e+001  -1.08372824e+001
 -1.17013822e+001 -1.17013822e+001  -1.17013822e+001 -5.41701667e+000 -5.41701667e+000  -5.41701667e+000 -1.96540212e+001 -1.96540212e+001  -1.96540212e+001 3.09836766e+000 3.09836766e+000  3.09836766e+000 1.65904273e+001 1.65904273e+001  1.65904273e+001
 2.93639042e+000 2.93639042e+000  2.93639042e+000 4.28163064e+000 4.28163064e+000  4.28163064e+000 1.96293076e+000 1.96293076e+000  1.96293076e+000 -3.73507550e+000 -3.73507550e+000  -3.73507550e+000 -6.34967308e+000 -6.34967308e+000  -6.34967308e+000
 7.34271562e-001 7.34271562e-001  7.34271562e-001
 5.23508500e+001 5.23508500e+001  5.23508500e+001 -3.03803200e+000 -3.03803200e+000  -3.03803200e+000 -1.74427287e+001 -1.74427287e+001  -1.74427287e+001 4.84706549e+001 4.84706549e+001  4.84706549e+001 1.92924155e-001 1.92924155e-001  1.92924155e-001
 1.89001457e+001 1.89001457e+001  1.89001457e+001 2.16103988e+001 2.16103988e+001  2.16103988e+001 -1.36580650e+001 -1.36580650e+001  -1.36580650e+001 -2.34780642e+001 -2.34780642e+001  -2.34780642e+001 -1.62428074e+001 -1.62428074e+001  -1.62428074e+001
 -1.85245818e+001 -1.85245818e+001  -1.85245818e+001 7.19460761e+000 7.19460761e+000  7.19460761e+000 -7.23707746e+000 -7.23707746e+000  -7.23707746e+000 -1.69047716e+000 -1.69047716e+000  -1.69047716e+000 2.41684968e+000 2.41684968e+000  2.41684968e+000
 -3.37173850e-001 -3.37173850e-001  -3.37173850e-001
 2.04236929e+002 2.04236937e+002  2.04236939e+002 -4.00084243e+000 -4.00084243e+000  -4.00084243e+000 -1.30293962e+001 -1.30293962e+001  -1.30293962e+001 -1.52165940e+002 -1.52165937e+002  -1.52165936e+002 4.69443713e+001 4.69443718e+001  4.69443723e+001
 1.22655401e+001 1.22655401e+001  1.22655401e+001 6.62986535e+000 6.62986548e+000  6.62986581e+000 -1.13355921e+002 -1.13355921e+002  -1.13355921e+002 -1.12019311e+002 -1.12019310e+002  -1.12019310e+002 2.66151205e+001 2.66151205e+001  2.66151205e+001
 -2.27842386e+001 -2.27842386e+001  -2.27842386e+001 1.79334988e+001 1.79334988e+001  1.79334988e+001 -9.02112540e+000 -9.02112540e+000  -9.02112540e+000 -6.44531483e+001 -6.44531483e+001  -6.44531483e+001 -1.58842044e+001 -1.58842044e+001  -1.58842044e+001
 -1.22747416e-001 -1.22748058e-001  -1.22749339e-001
 4.50183030e-001 4.50682145e-001  4.50676332e-001 1.16511885e+000 1.16511885e+000  1.16511886e+000 -5.62991344e+000 -5.62991344e+000  -5.62991344e+000 4.72888519e-001 4.73068637e-001  4.73127666e-001 -4.86976729e+001 -4.86976484e+001  -4.86976227e+001
 1.55399187e+000 1.55399185e+000  1.55399181e+000 -2.88846944e+001 -2.88846941e+001  -2.88846932e+001 1.18290247e+000 1.18290206e+000  1.18290264e+000 2.99090111e+000 2.99096162e+000  2.99094607e+000 7.57558645e-001 7.57558606e-001  7.57558495e-001
 9.05885354e+000 9.05885353e+000  9.05885358e+000 -2.62685741e-002 -2.62685741e-002  -2.62685741e-002 6.09492703e+000 6.09492702e+000  6.09492703e+000 1.03061058e-001 1.03061060e-001  1.03061060e-001 -8.98430195e-001 -8.98430122e-001  -8.98430142e-001
 -7.17361367e-001 -7.17369316e-001  -7.17366636e-001
 -1.21576653e+001 -1.21565728e+001  -1.21561464e+001 3.93580475e+000 3.93580476e+000  3.93580477e+000 1.39293989e+001 1.39293989e+001  1.39293989e+001 -9.78709360e+000 -9.78672434e+000  -9.78652052e+000 2.78376132e+001 2.78376571e+001  2.78377018e+001
 -4.74662581e+001 -4.74662582e+001  -4.74662582e+001 5.13488189e+001 5.13488195e+001  5.13488210e+001 -4.21006580e+000 -4.21006693e+000  -4.21006679e+000 3.26566336e+000 3.26580131e+000  3.26583952e+000 -1.13766661e+001 -1.13766661e+001  -1.13766663e+001
 -1.14782797e+000 -1.14782801e+000  -1.14782798e+000 4.58216429e-001 4.58216429e-001  4.58216429e-001 -2.72951163e+000 -2.72951166e+000  -2.72951166e+000 3.08972797e+000 3.08972797e+000  3.08972797e+000 -1.76863429e+000 -1.76863412e+000  -1.76863408e+000
 -9.90106073e-001 -9.90124828e-001  -9.90130253e-001
 8.79936422e+000 8.80030188e+000  8.80071863e+000 1.09338427e+001 1.09338427e+001  1.09338427e+001 1.94055584e+001 1.94055584e+001  1.94055584e+001 4.24860400e+000 4.24891792e+000  4.24910114e+000 3.68100211e+001 3.68100576e+001  3.68100947e+001
 -4.38300637e+001 -4.38300637e+001  -4.38300638e+001 5.28868525e+001 5.28868531e+001  5.28868543e+001 7.19928676e+000 7.19928576e+000  7.19928574e+000 -2.94978478e+000 -2.94966568e+000  -2.94962439e+000 -8.33439713e+000 -8.33439716e+000  -8.33439726e+000
 1.16789948e+000 1.16789945e+000  1.16789947e+000 -9.46015348e-001 -9.46015348e-001  -9.46015348e-001 3.71683361e+000 3.71683359e+000  3.71683358e+000 -3.82069317e+000 -3.82069317e+000  -3.82069316e+000 3.09577313e-001 3.09577459e-001  3.09577509e-001
 -1.16719240e+000 -1.16720871e+000  -1.16721480e+000
 1.71859013e+001 1.71859013e+001  1.71859013e+001 2.88518289e+000 2.88518289e+000  2.88518289e+000 1.24239388e+000 1.24239388e+000  1.24239388e+000 1.97662840e+001 1.97662840e+001  1.97662840e+001 5.72287059e-001 5.72287059e-001  5.72287059e-001
 1.17384346e+001 1.17384346e+001  1.17384346e+001 -1.77552877e+001 -1.77552877e+001  -1.77552877e+001 1.10460881e+001 1.10460881e+001  1.10460881e+001 -9.50749724e+000 -9.50749724e+000  -9.50749724e+000 5.19082881e+000 5.19082881e+000  5.19082881e+000
 -6.96893690e-001 -6.96893690e-001  -6.96893690e-001 -6.28990201e+000 -6.28990201e+000  -6.28990201e+000 1.05339539e+001 1.05339539e+001  1.05339539e+001 -1.02178807e+001 -1.02178807e+001  -1.02178807e+001 3.59220788e-001 3.59220788e-001  3.59220788e-001
 -6.36839638e-001 -6.36839638e-001  -6.36839638e-001
 2.26398552e+001 2.26398552e+001  2.26398552e+001 1.93620574e+000 1.93620574e+000  1.93620574e+000 -9.58709986e-001 -9.58709986e-001  -9.58709986e-001 1.69689967e+001 1.69689967e+001  1.69689967e+001 -9.62261510e+000 -9.62261510e+000  -9.62261510e+000
 1.65547982e+001 1.65547982e+001  1.65547982e+001 -2.01930729e+001 -2.01930729e+001  -2.01930729e+001 1.31505814e+001 1.31505814e+001  1.31505814e+001 -1.40486300e+001 -1.40486300e+001  -1.40486300e+001 7.05953860e+000 7.05953860e+000  7.05953860e+000
 4.93697431e+000 4.93697431e+000  4.93697431e+000 -4.97845846e+000 -4.97845846e+000  -4.97845846e+000 -1.56670239e+000 -1.56670239e+000  -1.56670239e+000 -1.30350734e+001 -1.30350734e+001  -1.30350734e+001 3.73909329e+000 3.73909329e+000  3.73909329e+000
 1.43471892e-001 1.43471892e-001  1.43471892e-001
 -3.34878560e+001 -3.34878560e+001  -3.34878560e+001 -1.03422473e+001 -1.03422473e+001  -1.03422473e+001 -4.84155491e+000 -4.84155491e+000  -4.84155491e+000 -1.56397790e+001 -1.56397790e+001  -1.56397790e+001 -1.01422462e+001 -1.01422462e+001  -1.01422462e+001
 -1.27135399e+001 -1.27135399e+001  -1.27135399e+001 -3.36585757e+000 -3.36585757e+000  -3.36585757e+000 -1.71941411e+001 -1.71941411e+001  -1.71941411e+001 5.44116796e+000 5.44116796e+000  5.44116796e+000 -5.73620895e+000 -5.73620895e+000  -5.73620895e+000
 -4.93814335e+000 -4.93814335e+000  -4.93814335e+000 -2.18486485e+000 -2.18486485e+000  -2.18486485e+000 -8.33264299e+000 -8.33264299e+000  -8.33264299e+000 6.76172923e+000 6.76172923e+000  6.76172923e+000 -4.18911063e+000 -4.18911063e+000  -4.18911063e+000
 -2.73202273e-001 -2.73202273e-001  -2.73202273e-001
 -3.35124772e+001 -3.35109828e+001  -3.35106422e+001 -1.02680133e+001 -1.02680133e+001  -1.02680133e+001 -5.18890327e+000 -5.18890327e+000  -5.18890327e+000 -1.53870694e+001 -1.53865498e+001  -1.53863106e+001 -1.18074360e+001 -1.18073708e+001  -1.18073035e+001
 -1.16803305e+001 -1.16803305e+001  -1.16803306e+001 -4.28774474e+000 -4.28774384e+000  -4.28774173e+000 -1.72388888e+001 -1.72388903e+001  -1.72388894e+001 5.40434726e+000 5.40453264e+000  5.40454430e+000 -5.41090360e+000 -5.41090368e+000  -5.41090393e+000
 -5.02170469e+000 -5.02170473e+000  -5.02170466e+000 -2.22009291e+000 -2.22009291e+000  -2.22009291e+000 -1.04768073e+001 -1.04768073e+001  -1.04768073e+001 6.83722216e+000 6.83722217e+000  6.83722217e+000 -4.28810169e+000 -4.28810146e+000  -4.28810145e+000
 -3.59153216e-001 -3.59177875e-001  -3.59178443e-001
 -8.47910176e+000 -8.47955976e+000 -8.47977289e+000
 -3.37874146e+000 -3.37874146e+000 -3.37874147e+000
 -1.45122105e+001 -1.45122105e+001 -1.45122105e+001
 -8.92212958e+000 -8.92278409e+000 -8.92291541e+000
 -6.54885765e-001 -6.55773707e-001 -6.56522026e-001
 -2.47000722e+000 -2.47000720e+000 -2.47000716e+000
 -7.27866787e-001 -7.28905704e-001 -7.29869266e-001
 8.77524015e+000 8.77453801e+000 8.77441607e+000
 -8.15036838e+000 -8.15039190e+000 -8.15039324e+000
 -4.64187950e+000 -4.64189503e+000 -4.64193385e+000
 8.75733444e-001 8.75733399e-001 8.75733483e-001
 1.43386266e+001 1.43386266e+001 1.43386266e+001
 1.40797605e+000 1.40797602e+000 1.40797603e+000
 -1.02647705e+001 -1.02654728e+001 -1.02655947e+001
 -2.97317904e+000 -2.97317911e+000 -2.97317912e+000
 1.21968711e+000 1.21966619e+000 1.21966558e+000
