 -1.9880e+001 -1.1438e+001  1.3383e+001  1.3912e+001 -4.9468e+000
 -5.6780e+000 -1.0969e+001
 -7.3475e+000
 1.08101467e+002 1.08101467e+002  1.08101467e+002 7.59287920e+001 7.59287920e+001  7.59287919e+001 -6.69369568e+000 -6.69369175e+000  -6.69369098e+000 -3.00949086e+000 -3.00949085e+000  -3.00949085e+000 7.12575228e-001 7.12559857e-001  7.12545542e-001
 4.73743030e+000 4.73745062e+000  4.73745917e+000 3.64642055e+001 3.64641276e+001  3.64640679e+001
 1.41654692e+001 1.41654692e+001  1.41654692e+001 1.41571269e+001 1.41571269e+001  1.41571268e+001 -2.61258842e+001 -2.61258788e+001  -2.61258779e+001 -2.28369366e+001 -2.28369366e+001  -2.28369366e+001 -3.25096770e+001 -3.25096979e+001  -3.25097156e+001
 1.26748417e+001 1.26748693e+001  1.26748798e+001 1.08219137e-001 1.08113482e-001  1.08040051e-001
 -6.29339862e+000 -6.29339862e+000  -6.29339862e+000 -8.98861732e+000 -8.98861737e+000  -8.98861744e+000 -2.75703814e+000 -2.75703114e+000  -2.75702980e+000 1.67908863e+000 1.67908864e+000  1.67908864e+000 1.71195486e+001 1.71195213e+001  1.71194961e+001
 -2.37398096e+000 -2.37394480e+000  -2.37392979e+000 1.91670850e+000 1.91656996e+000  1.91646538e+000
 -1.34152234e+001 -1.34152234e+001  -1.34152234e+001 -1.45408240e+001 -1.45408241e+001  -1.45408241e+001 -1.03515979e+001 -1.03515922e+001  -1.03515911e+001 -4.22465860e+000 -4.22465859e+000  -4.22465859e+000 2.35994958e+001 2.35994733e+001  2.35994528e+001
 2.44165019e+000 2.44167984e+000  2.44169207e+000 4.44057341e+000 4.44045982e+000  4.44037458e+000
 -2.45472237e+001 -2.45472237e+001  -2.45472237e+001 -1.67868673e+001 -1.67868673e+001  -1.67868673e+001 -6.57954743e+000 -6.57954743e+000  -6.57954743e+000 -9.49582174e+000 -9.49582174e+000  -9.49582174e+000 6.95078706e+000 6.95078706e+000  6.95078706e+000
 5.07989572e+000 5.07989572e+000  5.07989572e+000 -4.59922938e+000 -4.59922938e+000  -4.59922938e+000
 -6.43784800e-001 -6.43784800e-001  -6.43784800e-001 2.33631804e+000 2.33631804e+000  2.33631804e+000 -5.25744071e+000 -5.25744071e+000  -5.25744071e+000 1.91489197e+000 1.91489197e+000  1.91489197e+000 -9.14014393e+000 -9.14014393e+000  -9.14014393e+000
 -2.23122817e+000 -2.23122817e+000  -2.23122817e+000 -2.05334876e+000 -2.05334876e+000  -2.05334876e+000
 -1.13373770e+000 -1.13373770e+000  -1.13373770e+000 9.18512711e-001 9.18512711e-001  9.18512711e-001 1.33171018e+001 1.33171018e+001  1.33171018e+001 1.19063804e+001 1.19063804e+001  1.19063804e+001 -3.85730389e+000 -3.85730389e+000  -3.85730389e+000
 -5.34906835e+000 -5.34906835e+000  -5.34906835e+000 -4.56628423e+000 -4.56628423e+000  -4.56628423e+000
 -7.99256895e-001 -7.99256893e-001  -7.99256889e-001 1.18788021e+000 1.18788012e+000  1.18788002e+000 1.35110416e+001 1.35110524e+001  1.35110545e+001 1.09506700e+001 1.09506700e+001  1.09506700e+001 -3.82706174e+000 -3.82710417e+000  -3.82714380e+000
 -5.49415092e+000 -5.49409483e+000  -5.49407119e+000 -4.62339917e+000 -4.62361408e+000  -4.62377881e+000
 1.42662790e+001 1.42665972e+001 1.42668316e+001
 -1.29376289e+001 -1.29373107e+001 -1.29370764e+001
 2.75551487e+000 2.75582908e+000 2.75606362e+000
 4.22964189e+000 4.22996009e+000 4.23019540e+000
 -6.77148794e-001 -6.77062373e-001 -6.76940701e-001
 5.97808839e+000 5.97809807e+000 5.97810209e+000
 -3.90818879e+000 -3.90794132e+000 -3.90776209e+000
