 -1.4253e+000 -2.0589e+000 -1.1367e+000  4.9726e-001  1.9755e+000
  3.7812e-001  4.3840e+000  7.8780e-001  1.4931e-001 -1.5202e-001
 -9.9797e-002 -8.4152e-002 -5.9548e-002 -3.9655e-002 -2.1228e-002
 -1.7943e-003
  7.7478e-001
 7.64335695e-001 7.64596355e-001  7.64603353e-001 -4.90645336e+000 -4.90603159e+000  -4.90594860e+000 -9.69968382e+000 -9.69946205e+000  -9.69943906e+000 -4.49609559e+000 -4.49643932e+000  -4.49648823e+000 -2.69273421e+000 -2.69259969e+000  -2.69260346e+000
 -7.30183441e+000 -7.30250155e+000  -7.30252852e+000 -5.10217798e+000 -5.10181201e+000  -5.10175121e+000 -3.65474585e-001 -3.65390632e-001  -3.65322850e-001 9.08401634e-001 9.08543587e-001  9.08535564e-001 7.11662701e-002 7.11196652e-002  7.11146286e-002
 -2.07443289e-001 -2.07538872e-001  -2.07546097e-001 -4.83095647e-002 -4.83168543e-002  -4.83174858e-002 -3.30587316e-002 -3.30632189e-002  -3.30635770e-002 -2.45361574e-002 -2.45399028e-002  -2.45401875e-002 -1.14225374e-002 -1.14229329e-002  -1.14229551e-002
 -1.68204428e-003 -1.68049896e-003  -1.68037271e-003
 2.71385167e+000 2.71410580e+000  2.71409649e+000 2.80831336e+000 2.80873192e+000  2.80880689e+000 6.19631443e+000 6.19653684e+000  6.19656141e+000 2.30783752e+000 2.30749182e+000  2.30743800e+000 9.80520580e-001 9.80652831e-001  9.80643373e-001
 1.74302216e+000 1.74235259e+000  1.74231950e+000 -4.48566478e+000 -4.48529974e+000  -4.48524126e+000 4.49330591e-001 4.49426099e-001  4.49522768e-001 3.37852741e-001 3.38001104e-001  3.38009107e-001 -6.98373614e-002 -6.98854565e-002  -6.98942186e-002
 7.71464265e-002 7.70480030e-002  7.70336763e-002 -1.16587203e-002 -1.16662383e-002  -1.16674407e-002 -1.41105992e-002 -1.41152238e-002  -1.41159253e-002 -1.30163144e-002 -1.30201729e-002  -1.30207405e-002 -1.14383842e-002 -1.14387924e-002  -1.14388464e-002
 -1.58077716e-003 -1.57918706e-003  -1.57894885e-003
 2.02300359e-001 2.02300359e-001  2.02300359e-001 1.43115508e+000 1.43115508e+000  1.43115508e+000 -1.09390833e+000 -1.09390833e+000  -1.09390833e+000 -7.10141252e-001 -7.10141252e-001  -7.10141252e-001 -4.18878920e+000 -4.18878920e+000  -4.18878920e+000
 -4.10410200e+000 -4.10410200e+000  -4.10410200e+000 -2.57291160e+000 -2.57291160e+000  -2.57291160e+000 -1.56649971e-001 -1.56649971e-001  -1.56649971e-001 -7.32162435e-002 -7.32162435e-002  -7.32162435e-002 1.64465031e-001 1.64465031e-001  1.64465031e-001
 1.71331039e-001 1.71331039e-001  1.71331039e-001 1.91471066e-002 1.91471066e-002  1.91471066e-002 7.35101973e-003 7.35101973e-003  7.35101973e-003 5.06101696e-003 5.06101696e-003  5.06101696e-003 1.29149583e-003 1.29149583e-003  1.29149583e-003
 -7.82893855e-005 -7.82893855e-005  -7.82893855e-005
 -4.35200335e-001 -4.35200335e-001  -4.35200335e-001 -6.21374732e-001 -6.21374732e-001  -6.21374732e-001 1.11083749e+000 1.11083749e+000  1.11083749e+000 -6.72917933e-001 -6.72917933e-001  -6.72917933e-001 -1.21323013e+000 -1.21323013e+000  -1.21323013e+000
 3.25464528e+000 3.25464528e+000  3.25464528e+000 1.08853466e+000 1.08853466e+000  1.08853466e+000 -6.85001509e-001 -6.85001509e-001  -6.85001509e-001 6.08614054e-002 6.08614054e-002  6.08614054e-002 -8.74803033e-002 -8.74803033e-002  -8.74803033e-002
 -8.39017766e-002 -8.39017766e-002  -8.39017766e-002 -2.57572502e-002 -2.57572502e-002  -2.57572502e-002 -1.40642359e-002 -1.40642359e-002  -1.40642359e-002 -7.81936093e-003 -7.81936093e-003  -7.81936093e-003 -2.86923745e-003 -2.86923745e-003  -2.86923745e-003
 -1.80913560e-004 -1.80913560e-004  -1.80913560e-004
 5.35100772e-001 5.35086005e-001  5.35049088e-001 -2.93308884e-001 -2.93345651e-001  -2.93437568e-001 2.64583126e-001 2.64579359e-001  2.64569942e-001 5.98379691e-001 5.98461401e-001  5.98665677e-001 1.17593541e+000 1.17593004e+000  1.17591661e+000
 -8.39199702e-001 -8.39193643e-001  -8.39178494e-001 5.92007264e-001 5.91995682e-001  5.91966727e-001 4.43894142e-002 4.43759678e-002  4.43423520e-002 4.66973657e-001 4.66951136e-001  4.66894833e-001 -3.57089680e-001 -3.57083964e-001  -3.57069675e-001
 -1.34848079e-001 -1.34835980e-001  -1.34805735e-001 -1.22602174e-001 -1.22601225e-001  -1.22598854e-001 -7.56211059e-002 -7.56205234e-002  -7.56190671e-002 -4.84191289e-002 -4.84186445e-002  -4.84174335e-002 -2.83376739e-002 -2.83376166e-002  -2.83374734e-002
 -2.72270981e-003 -2.72289774e-003  -2.72336757e-003
 -1.08967020e+000 -1.08932126e+000  -1.08929690e+000 3.82429710e-002 3.88141348e-002  3.89641880e-002 7.02725142e-001 7.03019290e-001  7.03055569e-001 1.01606056e+000 1.01557040e+000  1.01541106e+000 9.95767843e-001 9.95947010e-001  9.95947569e-001
 9.84275530e-002 9.75441630e-002  9.74941349e-002 2.22033637e+000 2.22082612e+000  2.22092697e+000 1.25017750e+000 1.25029716e+000  1.25040938e+000 -3.73810347e-001 -3.73611860e-001  -3.73593018e-001 1.44512193e-001 1.44447989e-001  1.44434117e-001
 4.42371902e-003 4.29180987e-003  4.26686557e-003 -2.83358765e-004 -2.93428790e-004  -2.95461979e-004 -9.81482661e-003 -9.82102574e-003  -9.82223772e-003 -9.11183669e-003 -9.11701075e-003  -9.11800337e-003 -3.29150031e-003 -3.29205056e-003  -3.29215477e-003
 -1.55157996e-004 -1.53030275e-004  -1.52626816e-004
 -1.57873793e+000 -1.57873793e+000  -1.57873793e+000 -2.08437424e+000 -2.08437424e+000  -2.08437424e+000 -2.38155078e+000 -2.38155078e+000  -2.38155078e+000 -1.21890493e+000 -1.21890493e+000  -1.21890493e+000 5.97232159e-001 5.97232159e-001  5.97232159e-001
 -3.08944185e-002 -3.08944185e-002  -3.08944185e-002 4.30433075e+000 4.30433075e+000  4.30433075e+000 -3.81237742e-001 -3.81237742e-001  -3.81237742e-001 3.27503691e-002 3.27503691e-002  3.27503691e-002 -1.82088199e-002 -1.82088199e-002  -1.82088199e-002
 -3.20078721e-002 -3.20078721e-002  -3.20078721e-002 -6.09773027e-003 -6.09773027e-003  -6.09773027e-003 -6.27461983e-003 -6.27461983e-003  -6.27461983e-003 -3.83581032e-003 -3.83581032e-003  -3.83581032e-003 -1.26765697e-003 -1.26765697e-003  -1.26765697e-003
 -1.11328881e-004 -1.11328881e-004  -1.11328881e-004
 1.00225801e+000 1.00259253e+000  1.00258083e+000 -1.77722491e+000 -1.77667037e+000  -1.77656187e+000 -1.64855225e-001 -1.64562548e-001  -1.64529945e-001 -4.48372595e-001 -4.48832176e-001  -4.48915066e-001 4.74165036e-001 4.74339003e-001  4.74326561e-001
 -2.57007877e+000 -2.57095749e+000  -2.57099585e+000 1.59991668e-001 1.60470065e-001  1.60542530e-001 7.62275905e-001 7.62402608e-001  7.62532440e-001 -3.25254531e-001 -3.25059063e-001  -3.25047773e-001 -1.24487180e-001 -1.24550767e-001  -1.24563095e-001
 2.28674033e-002 2.27374682e-002  2.27174588e-002 -9.32979773e-002 -9.33079102e-002  -9.33096006e-002 -7.47608102e-002 -7.47669177e-002  -7.47679006e-002 -5.21470177e-002 -5.21521118e-002  -5.21529045e-002 -2.89792389e-002 -2.89797765e-002  -2.89798490e-002
 -2.31306833e-003 -2.31096752e-003  -2.31063135e-003
 -1.93324959e+000 -1.93324959e+000  -1.93324960e+000 8.04216927e-001 8.04197517e-001  8.04148993e-001 -1.63146214e+000 -1.63146444e+000  -1.63147018e+000 5.17154592e-001 5.17204702e-001  5.17329976e-001 -3.50557618e-001 -3.50557703e-001  -3.50557918e-001
 -1.66792158e+000 -1.66792018e+000  -1.66791671e+000 3.82654861e+000 3.82654854e+000  3.82654839e+000 -2.59236832e-001 -2.59257251e-001  -2.59308299e-001 4.17188599e-001 4.17169206e-001  4.17120726e-001 -1.67573711e-002 -1.67523795e-002  -1.67399005e-002
 -3.41839815e-002 -3.41740737e-002  -3.41493040e-002 -1.07548566e-002 -1.07540625e-002  -1.07520770e-002 -6.03529863e-003 -6.03481832e-003  -6.03361754e-003 -2.58707770e-003 -2.58668209e-003  -2.58569307e-003 -1.74491055e-003 -1.74486719e-003  -1.74475880e-003
 -5.65865251e-004 -5.66023141e-004  -5.66417867e-004
 -8.31339314e-001 -8.31339659e-001  -8.31340523e-001 -9.37276301e-001 -9.37277034e-001  -9.37278867e-001 8.69410141e-001 8.69410139e-001  8.69410134e-001 8.72268021e-001 8.72269042e-001  8.72271596e-001 3.24902210e+000 3.24902202e+000  3.24902180e+000
 4.12820730e+000 4.12820730e+000  4.12820730e+000 3.85018704e+000 3.85018687e+000  3.85018646e+000 4.10290100e-001 4.10290028e-001  4.10289849e-001 3.39796113e-002 3.39795026e-002  3.39792309e-002 -8.95417555e-002 -8.95416489e-002  -8.95413826e-002
 -1.51115653e-001 -1.51115437e-001  -1.51114896e-001 -2.49304287e-002 -2.49304115e-002  -2.49303684e-002 -1.09144436e-002 -1.09144330e-002  -1.09144065e-002 -6.63268050e-003 -6.63267166e-003  -6.63264956e-003 -2.17268166e-003 -2.17268043e-003  -2.17267736e-003
 -1.10263108e-004 -1.10266235e-004  -1.10274053e-004
 1.09574547e-001 1.09576386e-001  1.09576504e-001 -6.83289533e+000 -6.83289812e+000  -6.83291185e+000 -4.33716774e+000 -4.33716688e+000  -4.33716841e+000 -2.24872012e+000 -2.24870771e+000  -2.24867105e+000 3.10338847e+000 3.10338940e+000  3.10338934e+000
 -5.50036743e+000 -5.50037169e+000  -5.50037091e+000 -1.42312652e+000 -1.42312395e+000  -1.42312347e+000 2.36645227e+000 2.36644679e+000  2.36643210e+000 1.57854533e-001 1.57849777e-001  1.57835364e-001 7.52765559e-003 7.52881064e-003  7.53247297e-003
 8.42282687e-002 8.42305375e-002  8.42378201e-002 3.96320353e-003 3.96338805e-003  3.96397163e-003 2.37943308e-003 2.37954410e-003  2.37989713e-003 1.16708806e-003 1.16717914e-003  1.16746994e-003 -9.22269526e-004 -9.22259455e-004  -9.22227561e-004
 -2.80368767e-004 -2.80404787e-004  -2.80520808e-004
 -2.76341742e+000 -2.76341748e+000  -2.76341762e+000 -2.48095251e+000 -2.48095267e+000  -2.48095307e+000 1.10550603e+000 1.10550598e+000  1.10550583e+000 -2.62811916e+000 -2.62811861e+000  -2.62811724e+000 -1.94227424e+000 -1.94227425e+000  -1.94227427e+000
 -3.36451525e+000 -3.36451504e+000  -3.36451450e+000 2.45054781e+000 2.45054760e+000  2.45054708e+000 -1.50391886e+000 -1.50391909e+000  -1.50391969e+000 -1.11305039e+000 -1.11305062e+000  -1.11305119e+000 1.87030618e-001 1.87030678e-001  1.87030827e-001
 2.20043126e-001 2.20043254e-001  2.20043574e-001 1.62209288e-002 1.62209387e-002  1.62209633e-002 -1.90767183e-003 -1.90766571e-003  -1.90765040e-003 -4.50589679e-003 -4.50589163e-003  -4.50587875e-003 -3.97500110e-003 -3.97500040e-003  -3.97499864e-003
 -3.26127419e-004 -3.26129286e-004  -3.26133956e-004
 -1.98511832e+000 -1.98499809e+000  -1.98501484e+000 -9.28238816e+000 -9.28219959e+000  -9.28220633e+000 1.03533303e+000 1.03544047e+000  1.03544746e+000 -8.65320527e-001 -8.65450380e-001  -8.65376098e-001 -4.34611448e+000 -4.34605112e+000  -4.34606011e+000
 1.34361905e+001 1.34358639e+001  1.34358553e+001 4.74157215e+000 4.74174687e+000  4.74176324e+000 -3.97345416e-001 -3.97309318e-001  -3.97289020e-001 -3.73627794e-001 -3.73567682e-001  -3.73596032e-001 4.41467088e-002 4.41263667e-002  4.41303827e-002
 3.21112935e-001 3.21071373e-001  3.21081532e-001 -2.59337444e-002 -2.59369013e-002  -2.59361341e-002 -3.37955679e-002 -3.37975122e-002  -3.37970273e-002 -2.65251229e-002 -2.65267468e-002  -2.65263378e-002 -2.00008839e-002 -2.00010529e-002  -2.00009997e-002
 -1.98170169e-003 -1.98102668e-003  -1.98117865e-003
 -2.55250335e+000 -2.55229466e+000  -2.55230360e+000 6.36217005e+000 6.36250241e+000  6.36253364e+000 -2.48492087e+000 -2.48473952e+000  -2.48472362e+000 4.02820944e+000 4.02795714e+000  4.02799353e+000 5.28092941e+000 5.28103807e+000  5.28102978e+000
 7.59289689e+000 7.59234821e+000  7.59232729e+000 5.09650408e+000 5.09680213e+000  5.09684413e+000 8.34220880e-001 8.34285544e-001  8.34330224e-001 1.76921892e-002 1.78012419e-002  1.77751279e-002 -3.23819854e-002 -3.24182654e-002  -3.24171977e-002
 1.12519629e-001 1.12445297e-001  1.12450231e-001 -5.82535691e-002 -5.82592260e-002  -5.82588859e-002 -4.07832972e-002 -4.07867810e-002  -4.07865503e-002 -2.71254620e-002 -2.71283711e-002  -2.71281702e-002 -1.89514655e-002 -1.89517713e-002  -1.89517400e-002
 -1.95667433e-003 -1.95547080e-003  -1.95553832e-003
 -2.92487102e-001 -2.92352364e-001  -2.92360565e-001 3.92645487e+000 3.92667343e+000  3.92669990e+000 1.32031695e+000 1.32043588e+000  1.32044875e+000 -1.90816049e+000 -1.90832355e+000  -1.90829744e+000 2.00099553e+000 2.00106549e+000  2.00105836e+000
 -3.58372706e+000 -3.58408448e+000  -3.58409974e+000 -4.96718683e+000 -4.96698962e+000  -4.96695375e+000 2.04133306e-001 2.04181277e-001  2.04225144e-001 2.98516532e-001 2.98587772e-001  2.98571629e-001 -1.01343133e-001 -1.01367119e-001  -1.01367417e-001
 1.59154732e-003 1.54256706e-003  1.54415011e-003 -5.54598873e-002 -5.54636201e-002  -5.54635358e-002 -3.95959239e-002 -3.95982205e-002  -3.95981491e-002 -2.60238366e-002 -2.60257533e-002  -2.60256857e-002 -1.53649601e-002 -1.53651607e-002  -1.53651449e-002
 -1.37791551e-003 -1.37712145e-003  -1.37713655e-003
 -3.14493051e+000 -3.14478155e+000  -3.14478930e+000 -5.50613131e-001 -5.50382282e-001  -5.50377991e-001 4.37491457e-001 4.37620364e-001  4.37629245e-001 -2.39965423e+000 -2.39981675e+000  -2.39974516e+000 2.38558027e+000 2.38565790e+000  2.38565144e+000
 2.68713747e+000 2.68674590e+000  2.68673456e+000 2.37169012e+000 2.37190259e+000  2.37193010e+000 -7.23086563e-001 -7.23047023e-001  -7.23031967e-001 -8.68228997e-001 -8.68157479e-001  -8.68192683e-001 1.84748589e-001 1.84724318e-001  1.84729373e-001
 4.71735627e-001 4.71685823e-001  4.71697960e-001 1.92425633e-003 1.92047854e-003  1.92140798e-003 -1.78846964e-002 -1.78870253e-002  -1.78864435e-002 -1.75432441e-002 -1.75451903e-002  -1.75447024e-002 -1.58878375e-002 -1.58880409e-002  -1.58879795e-002
 -1.43725351e-003 -1.43644559e-003  -1.43662945e-003
 -2.62814969e+000 -2.62792716e+000  -2.62794981e+000 3.19242212e+000 3.19275826e+000  3.19272616e+000 -2.52727799e+000 -2.52708710e+000  -2.52708717e+000 -7.95207501e-001 -7.95464906e-001  -7.95380569e-001 -1.74012800e+000 -1.74000946e+000  -1.74001856e+000
 -3.29777449e+000 -3.29836366e+000  -3.29836292e+000 -3.73520005e+000 -3.73489818e+000  -3.73491060e+000 -2.05439235e+000 -2.05434243e+000  -2.05434524e+000 -2.36266887e-002 -2.35071118e-002  -2.35340975e-002 -2.53638345e-001 -2.53676140e-001  -2.53670512e-001
 -1.87802031e-001 -1.87880065e-001  -1.87867031e-001 -1.09689357e-001 -1.09695278e-001  -1.09694279e-001 -7.29104717e-002 -7.29141245e-002  -7.29135027e-002 -4.53773360e-002 -4.53803889e-002  -4.53798676e-002 -2.30955757e-002 -2.30958973e-002  -2.30958333e-002
 -1.85643663e-003 -1.85517400e-003  -1.85537370e-003
 1.69065074e+000 1.69088536e+000  1.69086452e+000 1.32764245e+000 1.32801149e+000  1.32801878e+000 -7.15904513e-001 -7.15700983e-001  -7.15692903e-001 2.89351455e+000 2.89321776e+000  2.89323938e+000 5.55026797e-001 5.55151019e-001  5.55141141e-001
 1.68105130e+000 1.68042935e+000  1.68042053e+000 4.43172509e+000 4.43204843e+000  4.43205200e+000 3.66747774e-001 3.66815039e-001  3.66849310e-001 -2.21492358e-001 -2.21359285e-001  -2.21368537e-001 -1.68371532e-001 -1.68413797e-001  -1.68414424e-001
 -4.82607718e-002 -4.83476124e-002  -4.83463711e-002 -8.80758704e-002 -8.80824838e-002  -8.80824413e-002 -5.91537804e-002 -5.91578540e-002  -5.91578054e-002 -3.78587542e-002 -3.78621554e-002  -3.78621043e-002 -2.13895033e-002 -2.13898620e-002  -2.13898482e-002
 -1.80171808e-003 -1.80031367e-003  -1.80032374e-003
 -2.24340781e-002 -2.22549429e-002  -2.22746620e-002 -4.20756638e+000 -4.20729378e+000  -4.20731686e+000 1.39802547e-001 1.39956982e-001  1.39957614e-001 -3.11335603e+000 -3.11356810e+000  -3.11351049e+000 3.37353577e-001 3.37449114e-001  3.37441297e-001
 -2.23915877e+000 -2.23963519e+000  -2.23963612e+000 -2.80067213e+000 -2.80042876e+000  -2.80043981e+000 -1.17277862e+000 -1.17273635e+000  -1.17273373e+000 -3.16734901e-001 -3.16636608e-001  -3.16654086e-001 -2.37164085e-001 -2.37195045e-001  -2.37191591e-001
 -2.20962119e-001 -2.21025977e-001  -2.21017548e-001 -1.04909411e-001 -1.04914260e-001  -1.04913623e-001 -6.66755798e-002 -6.66785705e-002  -6.66781705e-002 -4.11117503e-002 -4.11142495e-002  -4.11139126e-002 -1.91681949e-002 -1.91684584e-002  -1.91684163e-002
 -1.40465096e-003 -1.40361812e-003  -1.40374645e-003
 -6.29234900e-001 -6.29060799e-001  -6.29081729e-001 1.71706521e+000 1.71733322e+000  1.71731580e+000 3.45979067e+000 3.45994168e+000  3.45994311e+000 -1.08784133e+000 -1.08805376e+000  -1.08801134e+000 -3.71254668e+000 -3.71245372e+000  -3.71246197e+000
 5.26117824e-001 5.25652900e-001  5.25651737e-001 -2.62447564e+000 -2.62423856e+000  -2.62425027e+000 -1.10367988e+000 -1.10363538e+000  -1.10362469e+000 -2.98395573e-001 -2.98297214e-001  -2.98308123e-001 -2.06833842e-001 -2.06864699e-001  -2.06862958e-001
 -8.82591279e-002 -8.83226798e-002  -8.83175757e-002 -7.12578926e-002 -7.12627249e-002  -7.12623564e-002 -5.10397482e-002 -5.10427268e-002  -5.10424883e-002 -3.30757166e-002 -3.30782047e-002  -3.30780004e-002 -1.75895324e-002 -1.75897947e-002  -1.75897668e-002
 -1.50549950e-003 -1.50447165e-003  -1.50454652e-003
 -1.99515867e+000 -1.99497709e+000  -1.99498792e+000 5.33673522e+000 5.33701790e+000  5.33702421e+000 -1.12101880e+000 -1.12086202e+000  -1.12085327e+000 -1.73737059e-001 -1.73948441e-001  -1.73892584e-001 -1.28338488e+000 -1.28328966e+000  -1.28329681e+000
 -3.43496854e+000 -3.43544602e+000  -3.43545665e+000 -6.09781114e+000 -6.09755564e+000  -6.09753271e+000 -2.74015614e+000 -2.74010615e+000  -2.74008362e+000 -3.60851134e-001 -3.60757009e-001  -3.60783347e-001 -1.46164121e-001 -1.46195017e-001  -1.46191883e-001
 -1.38001164e-001 -1.38064669e-001  -1.38056355e-001 -8.20456104e-002 -8.20504351e-002  -8.20498126e-002 -6.32149435e-002 -6.32179171e-002  -6.32175209e-002 -4.26585820e-002 -4.26610662e-002  -4.26607309e-002 -2.08991578e-002 -2.08994186e-002  -2.08993738e-002
 -1.71011304e-003 -1.70908443e-003  -1.70920729e-003
 3.31453877e+000 3.31473499e+000  3.31472644e+000 2.89393616e+000 2.89425917e+000  2.89431461e+000 1.03016743e+000 1.03033958e+000  1.03035849e+000 4.30077185e+000 4.30051187e+000  4.30048936e+000 1.44510138e+000 1.44520345e+000  1.44519534e+000
 2.62996440e+000 2.62944724e+000  2.62942471e+000 3.94331134e+000 3.94359297e+000  3.94363581e+000 2.89606870e-001 2.89678370e-001  2.89747107e-001 -6.06024434e-001 -6.05913712e-001  -6.05917870e-001 -3.94744512e-002 -3.95108437e-002  -3.95155204e-002
 3.63728749e-002 3.62985454e-002  3.62921293e-002 -5.48816125e-002 -5.48872890e-002  -5.48878600e-002 -4.58901300e-002 -4.58936211e-002  -4.58939408e-002 -3.31670755e-002 -3.31699878e-002  -3.31702399e-002 -1.87165098e-002 -1.87168163e-002  -1.87168342e-002
 -1.63756851e-003 -1.63636562e-003  -1.63625165e-003
 1.01874007e+000 1.01887229e+000  1.01886566e+000 -3.65401272e+000 -3.65380103e+000  -3.65377992e+000 1.94259062e+000 1.94270608e+000  1.94271676e+000 -2.73623573e+000 -2.73639678e+000  -2.73637551e+000 1.35980095e+000 1.35986984e+000  1.35986418e+000
 -1.95009678e+000 -1.95044572e+000  -1.95045977e+000 -4.05138543e+000 -4.05119551e+000  -4.05116749e+000 -1.41720802e+000 -1.41716539e+000  -1.41713316e+000 -6.56726886e-001 -6.56656994e-001  -6.56672089e-001 -1.21531710e-001 -1.21554929e-001  -1.21554667e-001
 -1.68175586e-001 -1.68223130e-001  -1.68220777e-001 -7.46095975e-002 -7.46132172e-002  -7.46130643e-002 -5.46287578e-002 -5.46309864e-002  -5.46308775e-002 -3.69304704e-002 -3.69323313e-002  -3.69322344e-002 -1.61711414e-002 -1.61713369e-002  -1.61713200e-002
 -1.19705771e-003 -1.19628781e-003  -1.19631778e-003
 3.33885039e-001 3.34011607e-001  3.34003612e-001 2.99179168e+000 2.99199822e+000  2.99202569e+000 5.65282158e+000 5.65293319e+000  5.65294477e+000 -4.89339097e-001 -4.89500553e-001  -4.89496353e-001 -3.22899109e+000 -3.22892509e+000  -3.22893124e+000
 1.11061330e+000 1.11027728e+000  1.11026297e+000 -3.90875815e+000 -3.90857530e+000  -3.90854802e+000 -1.33956143e+000 -1.33951630e+000  -1.33947500e+000 -6.36118911e-001 -6.36048944e-001  -6.36056657e-001 -8.74495284e-002 -8.74726327e-002  -8.74742940e-002
 -1.90568372e-002 -1.91040377e-002  -1.91054213e-002 -3.67952872e-002 -3.67988880e-002  -3.67990367e-002 -3.70587265e-002 -3.70609417e-002  -3.70610142e-002 -2.79003548e-002 -2.79022032e-002  -2.79022553e-002 -1.43971937e-002 -1.43973878e-002  -1.43973869e-002
 -1.31038152e-003 -1.30961722e-003  -1.30958712e-003
 3.53782509e+000 3.53783472e+000  3.53785878e+000 -1.30807833e+000 -1.30801786e+000  -1.30786667e+000 2.28027666e+000 2.28029110e+000  2.28032719e+000 -5.88691228e-001 -5.88755357e-001  -5.88915680e-001 1.25755064e+000 1.25755094e+000  1.25755170e+000
 1.47466186e-001 1.47446181e-001  1.47396167e-001 -9.47817331e-001 -9.47777033e-001  -9.47676285e-001 -3.15437223e-001 -3.15392365e-001  -3.15280222e-001 -1.07062453e+000 -1.07061693e+000  -1.07059792e+000 1.18504438e-001 1.18498854e-001  1.18484892e-001
 6.48251142e-002 6.48150568e-002  6.47899133e-002 3.07799263e-002 3.07791069e-002  3.07770585e-002 9.65624788e-003 9.65575926e-003  9.65453773e-003 7.61445447e-005 7.57442770e-005  7.47436078e-005 3.14268486e-005 3.13847146e-005  3.12793794e-005
 -2.65102944e-004 -2.64940419e-004  -2.64534105e-004
 -3.78216288e+000 -3.78216242e+000  -3.78216127e+000 3.51831146e+000 3.51829052e+000  3.51823817e+000 8.24118760e-001 8.24115680e-001  8.24107978e-001 3.28548439e+000 3.28554227e+000  3.28568698e+000 2.68902133e+000 2.68902118e+000  2.68902082e+000
 8.13628932e-001 8.13634778e-001  8.13649393e-001 3.25788374e+000 3.25788931e+000  3.25790324e+000 7.58418093e-001 7.58405265e-001  7.58373195e-001 8.21558111e-001 8.21542067e-001  8.21501956e-001 1.04159422e-001 1.04163740e-001  1.04174533e-001
 4.00983645e-002 4.01066238e-002  4.01272722e-002 -1.69828013e-003 -1.69761146e-003  -1.69593979e-003 -1.39874728e-002 -1.39870687e-002  -1.39860585e-002 -1.25418454e-002 -1.25415128e-002  -1.25406815e-002 -5.61600452e-003 -5.61596626e-003  -5.61587063e-003
 -4.17978011e-004 -4.18107351e-004  -4.18430700e-004
 8.03954630e-001 8.04278718e-001  8.04240941e-001 -3.73659549e+000 -3.73610067e+000  -3.73614146e+000 1.63672344e-002 1.66462576e-002  1.66447257e-002 -1.90813413e+000 -1.90853630e+000  -1.90847565e+000 -2.76153138e-001 -2.75979517e-001  -2.75992823e-001
 -8.59184178e-001 -8.60047333e-001  -8.60046775e-001 2.05515062e+000 2.05558292e+000  2.05554012e+000 -1.53926729e+000 -1.53919312e+000  -1.53919463e+000 4.58051493e-001 4.58235895e-001  4.58219521e-001 2.97736682e-003 2.92014727e-003  2.92373745e-003
 3.02443246e-001 3.02325239e-001  3.02335051e-001 -3.80874586e-002 -3.80964289e-002  -3.80957128e-002 -2.45365880e-002 -2.45421198e-002  -2.45416633e-002 -1.44893016e-002 -1.44939232e-002  -1.44935348e-002 -1.56042819e-002 -1.56047710e-002  -1.56047223e-002
 -1.23201894e-003 -1.23011245e-003  -1.23026206e-003
 -2.52338150e+000 -2.52338150e+000  -2.52338149e+000 -6.13875896e-001 -6.13875860e-001  -6.13875770e-001 -4.30614409e+000 -4.30614409e+000  -4.30614409e+000 -1.34603435e-001 -1.34603474e-001  -1.34603572e-001 -6.13303956e-001 -6.13303940e-001  -6.13303900e-001
 -5.55738863e-001 -5.55738879e-001  -5.55738918e-001 3.09895519e+000 3.09895520e+000  3.09895520e+000 2.00961559e+000 2.00961561e+000  2.00961565e+000 -8.30713947e-002 -8.30713871e-002  -8.30713683e-002 -4.56427534e-001 -4.56427536e-001  -4.56427541e-001
 -5.69798956e-001 -5.69798962e-001  -5.69798978e-001 -1.19977450e-001 -1.19977451e-001  -1.19977452e-001 -6.28427394e-002 -6.28427398e-002  -6.28427406e-002 -3.44117735e-002 -3.44117738e-002  -3.44117745e-002 -1.17079716e-002 -1.17079716e-002  -1.17079717e-002
 -1.07409679e-003 -1.07409668e-003  -1.07409640e-003
 -4.14075322e+000 -4.14089118e+000 -4.14098442e+000
 -5.45756108e+000 -5.45766471e+000 -5.45762243e+000
 -2.72561857e+000 -2.72579306e+000 -2.72588515e+000
 6.43027539e+000 6.43019884e+000 6.43020095e+000
 -3.99296688e+000 -3.99344999e+000 -3.99343004e+000
 6.61657988e+000 6.61637126e+000 6.61640045e+000
 -4.09303187e+000 -4.09315096e+000 -4.09306553e+000
 -4.09866219e+000 -4.09870431e+000 -4.09876236e+000
 -1.89260342e+000 -1.89271254e+000 -1.89264976e+000
 5.09834276e-001 5.09665330e-001 5.09658471e-001
 9.03984102e-001 9.03708892e-001 9.03720837e-001
 7.70409773e-002 7.68615640e-002 7.68659658e-002
 4.54287554e-002 4.52302150e-002 4.52373435e-002
 3.67111991e-002 3.64922165e-002 3.65012249e-002
 4.04255484e-003 3.80393035e-003 3.81396181e-003
 -1.42926995e-002 -1.45558147e-002 -1.45442303e-002
