   28      5     50      1   220     99 
    0.700      0.400   20000  100      0.000      0.000    300      5 
    0.990 	     0.010 
   2 
    4.5755e-001   0.0000e+000  
  4.5755e-001   0.0000e+000  
  1.0000e+000   0.0000e+000  
  1.0000e+000   0.0000e+000  
  1.0000e+000   0.0000e+000  
  1.0000e+000   0.0000e+000  
  1.0000e+000   0.0000e+000  
  1.0000e+000   0.0000e+000  
  1.0000e+000   0.0000e+000  
  1.0000e+000   0.0000e+000  
  1.9875e+000   0.0000e+000  
  1.9875e+000   0.0000e+000  
  5.4333e+001   2.6667e+000  
  5.4333e+001   2.6667e+000  
  4.3667e+001  -4.6667e+000  
  4.3667e+001  -4.6667e+000  
  4.4837e+000   0.0000e+000  
  4.4837e+000   0.0000e+000  
  4.3183e+000   0.0000e+000  
  4.3183e+000   0.0000e+000  
  1.8799e+002   1.7624e+002  
  1.8803e+002   1.7623e+002  
  1.8731e+002   1.7562e+002  
  1.8805e+002   1.7544e+002  
  1.0000e+000   0.0000e+000  
  1.0000e+000   0.0000e+000  
  1.0000e+000   0.0000e+000  
  1.0000e+000   0.0000e+000  
   2.9875e+002   0.0000e+000  
  itr    nh   avger[]   r2avg    mare[] 
300  5 7.338e+001   9.087e-001  1.000e+001 6.179e-001 
300  5 6.250e+001   7.974e-001  6.071e+002 6.673e-001 
   1  9.0874e-001   6.1794e-001   5.5152e+004   7.3375e-001 
  4.8353e+000   8.7116e-001 
   1  7.9736e-001   6.6727e-001   5.9555e+004   6.2496e-001 
  3.8335e+000   7.7195e-001 
