  2.6908e+001 -2.5130e-001 -3.5971e+000  5.1521e-001  1.6246e+001
 -1.0565e+001 -2.9559e+001 -1.8022e+001 -1.2077e+001  2.4615e-001
 -1.0519e+001 -1.7177e+000 -4.3067e-001  1.3668e-001 -5.8487e+000
 -5.3678e-001
  3.6413e+000
 -7.11257772e-001 -7.11261453e-001  -7.11270662e-001 -4.71594276e+000 -4.71594133e+000  -4.71594225e+000 -3.58382647e+000 -3.58383102e+000  -3.58384238e+000 -1.16221577e+001 -1.16221577e+001  -1.16221577e+001 -1.68500928e+001 -1.68500928e+001  -1.68500928e+001
 -2.81573856e+001 -2.81573856e+001  -2.81573856e+001 -3.00225550e+000 -3.00225550e+000  -3.00225550e+000 -5.03759628e+000 -5.03759628e+000  -5.03759628e+000 -1.36166350e+000 -1.36166110e+000  -1.36165480e+000 3.31974585e+000 3.31974585e+000  3.31974585e+000
 5.18498364e-001 5.18498364e-001  5.18498364e-001 -1.30152250e+001 -1.30152250e+001  -1.30152250e+001 -5.04053104e+000 -5.04052630e+000  -5.04051401e+000 1.24139819e+001 1.24139825e+001  1.24139843e+001 -3.28549290e+000 -3.28549322e+000  -3.28549344e+000
 3.38351413e-001 3.38340610e-001  3.38340072e-001
 1.37669944e+001 1.37669944e+001  1.37669944e+001 -4.94612775e+000 -4.94612775e+000  -4.94612775e+000 6.90562281e+000 6.90562281e+000  6.90562281e+000 -6.09237392e+000 -6.09237392e+000  -6.09237392e+000 5.10407337e+000 5.10407337e+000  5.10407337e+000
 -4.19883921e+000 -4.19883921e+000  -4.19883921e+000 -9.87142143e+000 -9.87142143e+000  -9.87142143e+000 9.33318359e+000 9.33318359e+000  9.33318359e+000 -1.04964874e+000 -1.04964874e+000  -1.04964874e+000 8.50900538e+000 8.50900538e+000  8.50900538e+000
 1.71339730e+000 1.71339730e+000  1.71339730e+000 2.79992151e+000 2.79992151e+000  2.79992151e+000 -2.14566951e+000 -2.14566951e+000  -2.14566951e+000 2.80801987e-001 2.80801987e-001  2.80801987e-001 9.58980867e-001 9.58980867e-001  9.58980867e-001
 3.64676762e-001 3.64676762e-001  3.64676762e-001
 9.93471972e+000 9.93471972e+000  9.93471972e+000 1.54479217e+001 1.54479217e+001  1.54479217e+001 -1.35355111e+001 -1.35355111e+001  -1.35355111e+001 1.65667281e+000 1.65667281e+000  1.65667281e+000 -2.52352298e+001 -2.52352298e+001  -2.52352298e+001
 9.59287356e-001 9.59287356e-001  9.59287356e-001 -6.60886723e+000 -6.60886723e+000  -6.60886723e+000 7.64631697e+000 7.64631697e+000  7.64631697e+000 3.71209018e+000 3.71209018e+000  3.71209018e+000 -1.40243473e+000 -1.40243473e+000  -1.40243473e+000
 4.07311502e+000 4.07311502e+000  4.07311502e+000 5.96085061e+000 5.96085061e+000  5.96085061e+000 -7.13392000e+000 -7.13392000e+000  -7.13392000e+000 -3.99236481e+000 -3.99236481e+000  -3.99236481e+000 2.74709936e+000 2.74709936e+000  2.74709936e+000
 -9.55306178e-002 -9.55306178e-002  -9.55306178e-002
 9.78735205e+000 9.78735205e+000  9.78735205e+000 -4.97139051e+000 -4.97139051e+000  -4.97139051e+000 1.71130240e+001 1.71130240e+001  1.71130240e+001 -3.84527514e+000 -3.84527514e+000  -3.84527514e+000 3.12311161e+001 3.12311161e+001  3.12311161e+001
 4.99353058e+000 4.99353058e+000  4.99353058e+000 -1.51687734e+001 -1.51687734e+001  -1.51687734e+001 -1.43471762e+001 -1.43471762e+001  -1.43471762e+001 1.12295780e+000 1.12295780e+000  1.12295780e+000 -4.62621874e-001 -4.62621874e-001  -4.62621874e-001
 -9.69253019e+000 -9.69253019e+000  -9.69253019e+000 8.63960548e+000 8.63960548e+000  8.63960548e+000 -1.05590937e+001 -1.05590937e+001  -1.05590937e+001 -5.71467604e+000 -5.71467604e+000  -5.71467604e+000 -3.35966129e+000 -3.35966129e+000  -3.35966129e+000
 -1.65346442e-001 -1.65346442e-001  -1.65346442e-001
 -5.55608133e+000 -5.55608133e+000  -5.55608133e+000 -6.53928438e+000 -6.53928438e+000  -6.53928438e+000 1.12305037e+001 1.12305037e+001  1.12305037e+001 -3.11402638e+000 -3.11402638e+000  -3.11402638e+000 6.32233089e+000 6.32233089e+000  6.32233089e+000
 2.39071060e+001 2.39071060e+001  2.39071060e+001 -1.14800642e+001 -1.14800642e+001  -1.14800642e+001 -1.93416217e+001 -1.93416217e+001  -1.93416217e+001 -1.26413718e+001 -1.26413718e+001  -1.26413718e+001 -2.26127047e+001 -2.26127047e+001  -2.26127047e+001
 -3.42620191e+000 -3.42620191e+000  -3.42620191e+000 -7.85107324e-002 -7.85107324e-002  -7.85107324e-002 8.70397670e+000 8.70397670e+000  8.70397670e+000 -3.37000518e+000 -3.37000518e+000  -3.37000518e+000 -3.07860515e+000 -3.07860515e+000  -3.07860515e+000
 -6.85918881e-001 -6.85918881e-001  -6.85918881e-001
 1.76546716e+001 1.76546716e+001  1.76546716e+001 -6.47915405e+000 -6.47915406e+000  -6.47915408e+000 -2.38976839e+001 -2.38976839e+001  -2.38976839e+001 1.37282723e+000 1.37282723e+000  1.37282723e+000 3.00006731e+001 3.00006731e+001  3.00006731e+001
 -8.74002132e+000 -8.74002132e+000  -8.74002132e+000 -1.06145716e+001 -1.06145716e+001  -1.06145716e+001 8.16054671e+000 8.16054634e+000  8.16054542e+000 -1.38203686e+001 -1.38203686e+001  -1.38203686e+001 -4.91101660e+000 -4.91101660e+000  -4.91101660e+000
 -2.08772862e+000 -2.08773080e+000  -2.08773623e+000 9.15616642e-002 9.15616961e-002  9.15617756e-002 4.70389255e+000 4.70389255e+000  4.70389255e+000 -5.85624744e+000 -5.85624744e+000  -5.85624744e+000 -1.04809282e+000 -1.04809188e+000  -1.04808951e+000
 -8.46194322e-001 -8.46194114e-001  -8.46193595e-001
 -1.78397220e+001 -1.78397220e+001  -1.78397220e+001 8.82027463e+000 8.82027463e+000  8.82027463e+000 1.09683949e+001 1.09683949e+001  1.09683949e+001 1.99721309e+001 1.99721309e+001  1.99721309e+001 -9.86691692e+000 -9.86691692e+000  -9.86691692e+000
 -4.96274824e-001 -4.96274824e-001  -4.96274824e-001 2.51472876e+001 2.51472876e+001  2.51472876e+001 -1.07975066e+001 -1.07975066e+001  -1.07975066e+001 1.17285783e+001 1.17285783e+001  1.17285783e+001 1.54993957e+001 1.54993957e+001  1.54993957e+001
 -3.94881394e+000 -3.94881394e+000  -3.94881394e+000 -6.71198261e+000 -6.71198261e+000  -6.71198261e+000 1.20252084e+001 1.20252084e+001  1.20252084e+001 5.74840807e+000 5.74840807e+000  5.74840807e+000 -3.44043300e-001 -3.44043300e-001  -3.44043300e-001
 1.95318793e-001 1.95318793e-001  1.95318793e-001
 -2.84250425e+001 -2.84250425e+001  -2.84250425e+001 -7.88230234e+000 -7.88230234e+000  -7.88230234e+000 -1.57485902e+001 -1.57485902e+001  -1.57485902e+001 -3.51547381e+000 -3.51547381e+000  -3.51547381e+000 2.46049688e-001 2.46049688e-001  2.46049688e-001
 1.68845568e+001 1.68845568e+001  1.68845568e+001 -1.73445642e+001 -1.73445642e+001  -1.73445642e+001 7.21846191e+000 7.21846191e+000  7.21846191e+000 -7.09922273e+000 -7.09922273e+000  -7.09922273e+000 -2.54955916e+001 -2.54955916e+001  -2.54955916e+001
 -2.57297321e+000 -2.57297321e+000  -2.57297321e+000 5.60412401e+000 5.60412401e+000  5.60412401e+000 -2.34768835e+000 -2.34768835e+000  -2.34768835e+000 -2.21040526e+000 -2.21040526e+000  -2.21040526e+000 -5.11490973e+000 -5.11490973e+000  -5.11490973e+000
 -1.21288768e-001 -1.21288768e-001  -1.21288768e-001
 1.99068706e+000 1.99068706e+000  1.99068706e+000 3.32234779e+000 3.32234778e+000  3.32234776e+000 8.68492240e+000 8.68492240e+000  8.68492240e+000 -1.19335765e+001 -1.19335765e+001  -1.19335765e+001 -7.33816184e+000 -7.33816184e+000  -7.33816184e+000
 -3.71751676e+001 -3.71751676e+001  -3.71751676e+001 3.85838142e+000 3.85838142e+000  3.85838142e+000 -1.09706884e+001 -1.09706888e+001  -1.09706897e+001 7.87606878e-001 7.87606878e-001  7.87606878e-001 1.37113725e+001 1.37113725e+001  1.37113725e+001
 -1.87099050e+000 -1.87099268e+000  -1.87099812e+000 -7.13868747e+000 -7.13868744e+000  -7.13868736e+000 -9.19882261e-001 -9.19882259e-001  -9.19882254e-001 3.31068173e+000 3.31068173e+000  3.31068173e+000 -1.47857353e+000 -1.47857258e+000  -1.47857021e+000
 -2.52861267e-001 -2.52861060e-001  -2.52860541e-001
 -8.71950763e-001 -8.71954444e-001  -8.71963653e-001 4.12366925e+000 4.12367068e+000  4.12366976e+000 8.92578584e+000 8.92578129e+000  8.92576993e+000 6.59339100e+000 6.59339100e+000  6.59339100e+000 1.52494630e+001 1.52494630e+001  1.52494630e+001
 2.94553443e+001 2.94553443e+001  2.94553443e+001 -1.40640754e+001 -1.40640754e+001  -1.40640754e+001 -2.00383404e+001 -2.00383404e+001  -2.00383404e+001 7.32910995e+000 7.32911235e+000  7.32911865e+000 -6.14633349e+000 -6.14633349e+000  -6.14633349e+000
 -6.01648405e+000 -6.01648405e+000  -6.01648405e+000 -4.49521329e+000 -4.49521329e+000  -4.49521329e+000 1.11337544e+001 1.11337591e+001  1.11337714e+001 -1.57973828e+000 -1.57973766e+000  -1.57973588e+000 -2.35123482e+000 -2.35123514e+000  -2.35123536e+000
 -1.62818079e-001 -1.62828882e-001  -1.62829421e-001
 2.57126992e+001 2.57126992e+001  2.57126992e+001 -1.10241591e+001 -1.10241591e+001  -1.10241591e+001 -1.25938211e+001 -1.25938211e+001  -1.25938211e+001 3.49514875e+000 3.49514875e+000  3.49514875e+000 1.26326202e+001 1.26326202e+001  1.26326202e+001
 -4.16400402e+000 -4.16400402e+000  -4.16400402e+000 -2.13929719e+001 -2.13929719e+001  -2.13929719e+001 6.62517539e+000 6.62517539e+000  6.62517539e+000 -2.04261432e+001 -2.04261432e+001  -2.04261432e+001 -9.62566998e+000 -9.62566998e+000  -9.62566998e+000
 -4.96278941e+000 -4.96278941e+000  -4.96278941e+000 9.32012165e+000 9.32012165e+000  9.32012165e+000 -9.66000866e+000 -9.66000866e+000  -9.66000866e+000 -2.22104501e+000 -2.22104501e+000  -2.22104501e+000 -3.58000689e+000 -3.58000689e+000  -3.58000689e+000
 -4.78963947e-001 -4.78963947e-001  -4.78963947e-001
 2.92802191e+001 2.92802191e+001  2.92802190e+001 4.14819399e-001 4.14819404e-001  4.14819393e-001 -2.85559175e+001 -2.85559175e+001  -2.85559176e+001 -1.20542690e+002 -1.20542690e+002  -1.20542690e+002 -5.46288208e+001 -5.46288208e+001  -5.46288208e+001
 -1.42945247e+001 -1.42945247e+001  -1.42945247e+001 -3.12209032e+001 -3.12209032e+001  -3.12209032e+001 3.67493822e+000 3.67493811e+000  3.67493784e+000 -6.41404416e+000 -6.41404415e+000  -6.41404411e+000 2.27308899e+001 2.27308899e+001  2.27308899e+001
 5.70228938e+001 5.70228931e+001  5.70228915e+001 3.39619986e+001 3.39619986e+001  3.39619986e+001 -6.27286970e-001 -6.27286945e-001  -6.27286878e-001 -1.36082396e+001 -1.36082396e+001  -1.36082396e+001 7.21758743e+000 7.21758771e+000  7.21758842e+000
 -9.09255076e-002 -9.09255024e-002  -9.09253493e-002
 1.08138592e+001 1.08138575e+001  1.08138534e+001 1.46381006e+000 1.46381047e+000  1.46380984e+000 -1.33744470e+001 -1.33744490e+001  -1.33744542e+001 1.31336211e+000 1.31336211e+000  1.31336211e+000 2.23461802e+000 2.23461802e+000  2.23461802e+000
 -1.55517962e+001 -1.55517962e+001  -1.55517962e+001 5.37658447e+000 5.37658447e+000  5.37658447e+000 -1.05594697e+001 -1.05594699e+001  -1.05594703e+001 3.24505100e+001 3.24505111e+001  3.24505140e+001 2.11246255e+001 2.11246255e+001  2.11246255e+001
 4.26278550e-001 4.26277596e-001  4.26275211e-001 -1.04980607e+001 -1.04980607e+001  -1.04980607e+001 1.86216643e+001 1.86216665e+001  1.86216721e+001 1.26509686e-001 1.26509981e-001  1.26510805e-001 -2.35306596e+000 -2.35306566e+000  -2.35306470e+000
 -6.33154216e-001 -6.33157643e-001  -6.33156439e-001
 -3.04083011e+001 -3.04083032e+001  -3.04083083e+001 -1.67932680e+000 -1.67932569e+000  -1.67932597e+000 1.77612571e+001 1.77612546e+001  1.77612483e+001 -4.16830732e+000 -4.16830732e+000  -4.16830732e+000 2.92553611e+000 2.92553611e+000  2.92553611e+000
 3.91439022e+001 3.91439022e+001  3.91439022e+001 2.72497184e+001 2.72497184e+001  2.72497184e+001 2.31732232e+001 2.31732230e+001  2.31732223e+001 -5.48102685e+000 -5.48102553e+000  -5.48102202e+000 -2.45911727e+001 -2.45911727e+001  -2.45911727e+001
 -4.00653890e-001 -4.00655426e-001  -4.00659264e-001 7.49669045e+000 7.49669047e+000  7.49669053e+000 -1.25659837e+001 -1.25659811e+001  -1.25659743e+001 -1.20072582e+001 -1.20072578e+001  -1.20072569e+001 6.08239413e+000 6.08239459e+000  6.08239611e+000
 -5.81880606e-001 -5.81888364e-001  -5.81889776e-001
 -2.59338862e+001 -2.59338877e+001  -2.59338916e+001 -1.05065413e+000 -1.05065316e+000  -1.05065327e+000 3.52932108e+001 3.52932089e+001  3.52932041e+001 -1.91722220e+000 -1.91722221e+000  -1.91722220e+000 1.15813641e+000 1.15813641e+000  1.15813641e+000
 4.48869377e+001 4.48869377e+001  4.48869377e+001 3.52439361e+001 3.52439361e+001  3.52439361e+001 3.60270839e+001 3.60270837e+001  3.60270831e+001 -6.09936874e+000 -6.09936773e+000  -6.09936504e+000 -2.86111776e+001 -2.86111776e+001  -2.86111776e+001
 -6.87819783e-001 -6.87821085e-001  -6.87824339e-001 1.13828604e+001 1.13828604e+001  1.13828604e+001 -1.16795789e+001 -1.16795769e+001  -1.16795716e+001 -1.09060474e+001 -1.09060472e+001  -1.09060464e+001 6.80750391e+000 6.80750430e+000  6.80750559e+000
 -8.95905873e-001 -8.95912532e-001  -8.95914143e-001
 1.70506645e+001 1.70506645e+001  1.70506645e+001 1.05178813e+000 1.05178813e+000  1.05178813e+000 2.02824015e+001 2.02824015e+001  2.02824015e+001 9.11114467e+000 9.11114467e+000  9.11114467e+000 4.01802251e+000 4.01802251e+000  4.01802251e+000
 7.18954649e-001 7.18954649e-001  7.18954649e-001 -2.65797121e+000 -2.65797121e+000  -2.65797121e+000 1.39181964e+001 1.39181964e+001  1.39181964e+001 -7.37273475e+000 -7.37273475e+000  -7.37273475e+000 9.03075987e-001 9.03075987e-001  9.03075987e-001
 -3.31244633e+000 -3.31244633e+000  -3.31244633e+000 3.76129862e+000 3.76129862e+000  3.76129862e+000 2.65623666e+000 2.65623666e+000  2.65623666e+000 3.66937723e+000 3.66937723e+000  3.66937723e+000 -1.02403936e+000 -1.02403936e+000  -1.02403936e+000
 -5.40336945e-001 -5.40336945e-001  -5.40336945e-001
 2.12087747e+001 2.12087747e+001  2.12087747e+001 2.10601811e+000 2.10601811e+000  2.10601811e+000 2.15647396e+001 2.15647396e+001  2.15647396e+001 -2.57083125e+000 -2.57083125e+000  -2.57083125e+000 4.48349052e+000 4.48349052e+000  4.48349052e+000
 -3.94848404e+000 -3.94848404e+000  -3.94848404e+000 -3.74252536e+000 -3.74252536e+000  -3.74252536e+000 -7.81961262e+000 -7.81961262e+000  -7.81961262e+000 3.84902656e+000 3.84902656e+000  3.84902656e+000 -4.24239794e+000 -4.24239794e+000  -4.24239794e+000
 -3.89742789e+000 -3.89742789e+000  -3.89742789e+000 1.35348560e+000 1.35348560e+000  1.35348560e+000 4.47531418e+000 4.47531418e+000  4.47531418e+000 2.66676589e+000 2.66676589e+000  2.66676589e+000 -3.63485937e+000 -3.63485937e+000  -3.63485937e+000
 -4.56331353e-001 -4.56331353e-001  -4.56331353e-001
 -5.88269842e+000 -5.88269842e+000  -5.88269842e+000 -3.26459673e+000 -3.26459673e+000  -3.26459673e+000 -1.80625743e+001 -1.80625743e+001  -1.80625743e+001 -4.00266982e+000 -4.00266982e+000  -4.00266982e+000 6.22724676e+000 6.22724676e+000  6.22724676e+000
 -3.63299810e+000 -3.63299810e+000  -3.63299810e+000 -1.25107106e+001 -1.25107106e+001  -1.25107106e+001 -1.50712345e+001 -1.50712345e+001  -1.50712345e+001 -4.42831800e+000 -4.42831800e+000  -4.42831800e+000 5.03008455e-001 5.03008455e-001  5.03008455e-001
 -2.79696522e+000 -2.79696522e+000  -2.79696522e+000 -3.56809732e+000 -3.56809732e+000  -3.56809732e+000 -3.39713743e+000 -3.39713743e+000  -3.39713743e+000 -3.74904265e+000 -3.74904265e+000  -3.74904265e+000 -1.33912393e+000 -1.33912393e+000  -1.33912393e+000
 -1.52844017e-001 -1.52844017e-001  -1.52844017e-001
 -5.25584060e+000 -5.25584428e+000  -5.25585349e+000 -3.14449037e+000 -3.14448894e+000  -3.14448988e+000 -1.84034219e+001 -1.84034264e+001  -1.84034378e+001 -3.98102595e+000 -3.98102595e+000  -3.98102595e+000 6.25421262e+000 6.25421262e+000  6.25421262e+000
 -4.54485216e+000 -4.54485216e+000  -4.54485216e+000 -1.26874587e+001 -1.26874587e+001  -1.26874587e+001 -1.54112027e+001 -1.54112031e+001  -1.54112040e+001 -4.35740019e+000 -4.35739779e+000  -4.35739149e+000 7.75682502e-001 7.75682503e-001  7.75682507e-001
 -2.84342453e+000 -2.84342671e+000  -2.84343214e+000 -3.86046601e+000 -3.86046598e+000  -3.86046590e+000 -3.18054996e+000 -3.18054522e+000  -3.18053293e+000 -3.07720203e+000 -3.07720141e+000  -3.07719963e+000 -1.41179258e+000 -1.41179195e+000  -1.41178980e+000
 2.54869021e-001 2.54858426e-001  2.54858407e-001
 -2.45655449e+000 -2.45654928e+000 -2.45653625e+000
 -4.84730216e+000 -4.84730245e+000 -4.84730226e+000
 -1.59107788e+000 -1.59115146e+000 -1.59116819e+000
 2.34348463e+000 2.34348463e+000 2.34348463e+000
 -2.45978397e+000 -2.45985066e+000 -2.45985016e+000
 -2.48636588e+000 -2.48643617e+000 -2.48644468e+000
 9.73425897e-001 9.73425897e-001 9.73425897e-001
 -7.84111724e-001 -7.84111153e-001 -7.84109723e-001
 5.44846900e-001 5.44852533e-001 5.44867166e-001
 8.41417921e-001 8.41417922e-001 8.41417926e-001
 -2.75135852e+000 -2.75135734e+000 -2.75135441e+000
 1.26918671e+000 1.26919029e+000 1.26919924e+000
 8.95961266e-001 8.95968576e-001 8.95987347e-001
 9.08676230e-001 9.08676939e-001 9.08678968e-001
 1.07301308e+000 1.07301435e+000 1.07301806e+000
 9.11916072e-001 9.11901262e-001 9.11901621e-001
