 -1.2688e+000 -1.5380e+000 -1.9380e-001  1.7469e+000  5.3246e+000
  1.0150e+000  1.4870e+000  2.6760e+000  4.3924e-001 -3.7816e-001
 -2.1607e-001 -1.5194e-001 -1.1444e-001 -1.0313e-001 -7.8080e-002
 -2.7881e-002
  1.0087e-001
 -8.44791214e-001 -8.44602075e-001  -8.44567936e-001 2.57441854e+000 2.57456122e+000  2.57453476e+000 -4.91916563e+000 -4.91916403e+000  -4.91917063e+000 -2.48072504e+000 -2.48073939e+000  -2.48078155e+000 -6.51669450e+000 -6.51662851e+000  -6.51662795e+000
 -5.12224937e-001 -5.12215183e-001  -5.12171664e-001 -5.93102700e+000 -5.93099618e+000  -5.93096654e+000 -8.91890345e+000 -8.91897035e+000  -8.91897117e+000 -4.03450593e-001 -4.03454292e-001  -4.03450041e-001 -1.58042098e+000 -1.58047246e+000  -1.58046999e+000
 -8.60697381e-001 -8.60726295e-001  -8.60725617e-001 -4.32049140e-001 -4.32060167e-001  -4.32059856e-001 -6.03162550e-002 -6.03122964e-002  -6.03124822e-002 -5.48421918e-002 -5.48384148e-002  -5.48385675e-002 -6.21952058e-002 -6.21935591e-002  -6.21935944e-002
 -2.56946036e-002 -2.56933706e-002  -2.56933724e-002
 3.23102772e+000 3.23123941e+000  3.23132994e+000 3.06448734e+000 3.06465076e+000  3.06467615e+000 2.90573400e+000 2.90573932e+000  2.90574205e+000 -3.15445174e+000 -3.15445574e+000  -3.15447204e+000 8.80206907e-001 8.80273256e-001  8.80274732e-001
 -1.88962598e+000 -1.88962590e+000  -1.88960658e+000 -9.88202464e+000 -9.88197455e+000  -9.88189674e+000 2.59830393e-001 2.59763522e-001  2.59762783e-001 -2.27810308e-001 -2.27821487e-001  -2.27835939e-001 2.96129354e-001 2.96068176e-001  2.96046388e-001
 1.31835286e-001 1.31801275e-001  1.31789208e-001 1.79133170e-002 1.79003643e-002  1.78958623e-002 -7.75172123e-002 -7.75125473e-002  -7.75109670e-002 -7.79305431e-002 -7.79260916e-002  -7.79245579e-002 -5.42818051e-002 -5.42798653e-002  -5.42791681e-002
 -2.11743309e-002 -2.11728827e-002  -2.11723464e-002
 2.60460330e+000 2.60460330e+000  2.60460330e+000 1.67834944e-001 1.67834944e-001  1.67834944e-001 -2.55974400e+000 -2.55974400e+000  -2.55974400e+000 1.30445479e+000 1.30445479e+000  1.30445479e+000 -2.43548996e+000 -2.43548996e+000  -2.43548996e+000
 1.26175300e+000 1.26175300e+000  1.26175300e+000 -3.41302703e+000 -3.41302703e+000  -3.41302703e+000 -2.68660946e+000 -2.68660946e+000  -2.68660946e+000 -2.95127035e-001 -2.95127035e-001  -2.95127035e-001 -1.21324009e-001 -1.21324009e-001  -1.21324009e-001
 -5.97065201e-002 -5.97065201e-002  -5.97065201e-002 -2.73500874e-002 -2.73500874e-002  -2.73500874e-002 -5.55734384e-003 -5.55734384e-003  -5.55734384e-003 -3.96237332e-003 -3.96237332e-003  -3.96237332e-003 -3.11332290e-003 -3.11332290e-003  -3.11332290e-003
 -2.00804764e-003 -2.00804764e-003  -2.00804764e-003
 1.73136845e-001 1.73136845e-001  1.73136845e-001 5.80143127e-001 5.80143127e-001  5.80143127e-001 2.47597413e-001 2.47597413e-001  2.47597413e-001 1.27068660e-001 1.27068660e-001  1.27068660e-001 -1.02390421e+000 -1.02390421e+000  -1.02390421e+000
 1.11858577e+000 1.11858577e+000  1.11858577e+000 -6.25527677e-001 -6.25527677e-001  -6.25527677e-001 2.51739175e+000 2.51739175e+000  2.51739175e+000 2.97026247e-001 2.97026247e-001  2.97026247e-001 -4.48244221e-001 -4.48244221e-001  -4.48244221e-001
 -2.35986554e-001 -2.35986554e-001  -2.35986554e-001 -1.06754197e-001 -1.06754197e-001  -1.06754197e-001 2.04617896e-003 2.04617896e-003  2.04617896e-003 3.22228439e-003 3.22228439e-003  3.22228439e-003 -6.35610814e-003 -6.35610814e-003  -6.35610814e-003
 -1.25323322e-003 -1.25323322e-003  -1.25323322e-003
 -7.06996074e-001 -7.06953800e-001  -7.06848116e-001 -7.60113639e-001 -7.60163141e-001  -7.60286896e-001 -1.59235615e+000 -1.59237036e+000  -1.59240590e+000 1.00247937e+000 1.00241860e+000  1.00226668e+000 2.20317827e+000 2.20317893e+000  2.20318056e+000
 4.98844182e-001 4.98905984e-001  4.99060489e-001 -3.79453914e-002 -3.79064128e-002  -3.78089665e-002 -1.07040483e+000 -1.07040520e+000  -1.07040615e+000 -5.93258537e-002 -5.93115272e-002  -5.92757108e-002 -7.80955786e-001 -7.80947661e-001  -7.80927347e-001
 -5.54498356e-001 -5.54494239e-001  -5.54483948e-001 -3.70032986e-001 -3.70031234e-001  -3.70026855e-001 -1.83835093e-001 -1.83835896e-001  -1.83837902e-001 -1.55423299e-001 -1.55424025e-001  -1.55425841e-001 -1.14811469e-001 -1.14811735e-001  -1.14812400e-001
 -4.06024983e-002 -4.06026579e-002  -4.06030569e-002
 -9.03509447e-002 -9.01188032e-002  -9.01155405e-002 4.68499715e-001 4.68705029e-001  4.68714296e-001 4.35053933e+000 4.35054491e+000  4.35054494e+000 2.53673419e-001 2.53676783e-001  2.53676907e-001 2.38454059e+000 2.38462708e+000  2.38462703e+000
 6.15453680e-001 6.15443607e-001  6.15443592e-001 7.74581136e-002 7.74837537e-002  7.74854957e-002 2.57664336e+000 2.57655567e+000  2.57655537e+000 4.69096117e-001 4.69086286e-001  4.69079462e-001 2.03353450e-001 2.03283436e-001  2.03280928e-001
 2.03539019e-001 2.03499946e-001  2.03498239e-001 1.19863100e-001 1.19848137e-001  1.19847403e-001 6.07320585e-003 6.07863673e-003  6.07895129e-003 -3.32344600e-003 -3.31828001e-003  -3.31798677e-003 -5.85787687e-003 -5.85564434e-003  -5.85552494e-003
 -2.46666416e-003 -2.46500766e-003  -2.46492376e-003
 -8.77512667e-001 -8.77512667e-001  -8.77512667e-001 -1.42036662e+000 -1.42036662e+000  -1.42036662e+000 -2.93230045e+000 -2.93230045e+000  -2.93230045e+000 7.58404405e-001 7.58404405e-001  7.58404405e-001 2.90092688e+000 2.90092688e+000  2.90092688e+000
 -1.32706708e-001 -1.32706708e-001  -1.32706708e-001 3.21979501e+000 3.21979501e+000  3.21979501e+000 8.25560017e-001 8.25560017e-001  8.25560017e-001 -3.81031644e-002 -3.81031644e-002  -3.81031644e-002 -5.66027705e-002 -5.66027705e-002  -5.66027705e-002
 -2.78967383e-002 -2.78967383e-002  -2.78967383e-002 -9.71697534e-003 -9.71697534e-003  -9.71697534e-003 -7.45609305e-003 -7.45609305e-003  -7.45609305e-003 -1.04738187e-002 -1.04738187e-002  -1.04738187e-002 -7.94354774e-003 -7.94354774e-003  -7.94354774e-003
 -3.39859951e-003 -3.39859951e-003  -3.39859951e-003
 -1.34390308e+000 -1.34362529e+000  -1.34350791e+000 -1.37959738e+000 -1.37937053e+000  -1.37930743e+000 7.38238083e-002 7.38357533e-002  7.38516815e-002 5.58015361e-001 5.58020949e-001  5.58026631e-001 4.02565460e+000 4.02574194e+000  4.02574404e+000
 8.69654916e-001 8.69644448e-001  8.69643448e-001 1.11755646e-001 1.11820123e-001  1.11918958e-001 4.28125813e-001 4.28037688e-001  4.28036316e-001 -1.47582077e+000 -1.47583936e+000  -1.47586806e+000 -6.30521036e-001 -6.30605368e-001  -6.30643668e-001
 -3.64274401e-001 -3.64321292e-001  -3.64342543e-001 -2.48148602e-001 -2.48166491e-001  -2.48174541e-001 -1.81254850e-001 -1.81248374e-001  -1.81245447e-001 -1.63048207e-001 -1.63042032e-001  -1.63039216e-001 -1.21291969e-001 -1.21289284e-001  -1.21288035e-001
 -4.39811663e-002 -4.39791674e-002  -4.39782275e-002
 -1.27071718e+000 -1.27072062e+000  -1.27072921e+000 1.11411550e+000 1.11404445e+000  1.11386683e+000 -3.57973973e-001 -3.57994550e-001  -3.58045992e-001 2.08287416e+000 2.08281116e+000  2.08265367e+000 1.18638724e+000 1.18638706e+000  1.18638659e+000
 1.28858286e+000 1.28864505e+000  1.28880054e+000 4.09742124e+000 4.09742124e+000  4.09742123e+000 -4.06819206e-001 -4.06819156e-001  -4.06819029e-001 1.28264093e+000 1.28266410e+000  1.28272203e+000 -1.37572792e-001 -1.37550275e-001  -1.37493983e-001
 -1.11776167e-001 -1.11764192e-001  -1.11734253e-001 -5.65313440e-002 -5.65266491e-002  -5.65149120e-002 2.51184179e-003 2.50998802e-003  2.50535360e-003 4.16637838e-004 4.14896640e-004  4.10543644e-004 -5.74513180e-003 -5.74585227e-003  -5.74765346e-003
 -1.87849255e-003 -1.87899627e-003  -1.88025558e-003
 1.31073703e+000 1.31073709e+000  1.31073725e+000 -1.01734279e+000 -1.01734278e+000  -1.01734275e+000 5.97368183e-001 5.97368183e-001  5.97368183e-001 -8.08176255e-002 -8.08176223e-002  -8.08176143e-002 2.88029801e+000 2.88029800e+000  2.88029795e+000
 -5.14773099e-001 -5.14773098e-001  -5.14773098e-001 -2.29816220e-001 -2.29816075e-001  -2.29815714e-001 3.08872429e+000 3.08872429e+000  3.08872429e+000 5.64846945e-001 5.64846850e-001  5.64846612e-001 1.33888721e-001 1.33888647e-001  1.33888462e-001
 9.71944925e-002 9.71944517e-002  9.71943496e-002 4.47930840e-002 4.47930675e-002  4.47930260e-002 -6.47497207e-003 -6.47496579e-003  -6.47495009e-003 -6.58899472e-003 -6.58898887e-003  -6.58897427e-003 -1.57579301e-003 -1.57579061e-003  -1.57578461e-003
 -6.08103043e-004 -6.08101356e-004  -6.08097136e-004
 1.25985957e+000 1.25985976e+000  1.25985720e+000 -4.77090390e+000 -4.77092408e+000  -4.77097721e+000 -3.40163952e+000 -3.40164566e+000  -3.40166107e+000 -7.90759295e-001 -7.90778139e-001  -7.90825292e-001 1.77198940e+000 1.77198980e+000  1.77198966e+000
 -2.14684205e+000 -2.14682348e+000  -2.14677693e+000 3.52562826e+000 3.52562840e+000  3.52562840e+000 -3.80973543e+000 -3.80973588e+000  -3.80973584e+000 -1.35089672e+000 -1.35088983e+000  -1.35087251e+000 2.06819984e-002 2.06883719e-002  2.07052169e-002
 -3.83013676e-002 -3.82979873e-002  -3.82890294e-002 -3.66128917e-002 -3.66115645e-002  -3.66080528e-002 -8.33643226e-003 -8.33695886e-003  -8.33834543e-003 -6.72823515e-003 -6.72872944e-003  -6.73003184e-003 -5.87887308e-003 -5.87907711e-003  -5.87961603e-003
 -1.37629702e-003 -1.37643917e-003  -1.37681597e-003
 -4.17507879e+000 -4.17507874e+000  -4.17507863e+000 7.89530457e-001 7.89530512e-001  7.89530650e-001 2.79618189e+000 2.79618200e+000  2.79618228e+000 1.94319471e+000 1.94319472e+000  1.94319476e+000 2.18400639e+000 2.18400639e+000  2.18400639e+000
 3.28128923e+000 3.28128923e+000  3.28128924e+000 -2.25680777e+000 -2.25680773e+000  -2.25680765e+000 -3.06394127e+000 -3.06394128e+000  -3.06394131e+000 -9.23957660e-001 -9.23957680e-001  -9.23957730e-001 -3.30779614e-002 -3.30780094e-002  -3.30781297e-002
 -3.24534233e-002 -3.24534562e-002  -3.24535385e-002 -2.60411549e-002 -2.60411678e-002  -2.60412001e-002 9.33191182e-004 9.33196063e-004  9.33208264e-004 -2.64333068e-003 -2.64332599e-003  -2.64331426e-003 -7.06442963e-003 -7.06442755e-003  -7.06442233e-003
 -1.57393832e-003 -1.57393673e-003  -1.57393278e-003
 -4.56407468e+000 -4.56395949e+000  -4.56388747e+000 1.18125295e+000 1.18129951e+000  1.18122732e+000 1.76985999e+000 1.76985328e+000  1.76983131e+000 -4.54159804e+000 -4.54163477e+000  -4.54172967e+000 -2.93745251e+000 -2.93741970e+000  -2.93741859e+000
 2.95324866e+000 2.95328355e+000  2.95338020e+000 2.20692740e+000 2.20696303e+000  2.20702878e+000 1.03883274e+001 1.03882944e+001  1.03882937e+001 8.74699475e-001 8.74704503e-001  8.74723718e-001 5.04094863e-001 5.04073221e-001  5.04083674e-001
 1.78657059e-001 1.78644742e-001  1.78649863e-001 3.24405826e-003 3.23945563e-003  3.24167209e-003 -1.38350630e-001 -1.38349065e-001  -1.38350117e-001 -1.29390373e-001 -1.29388860e-001  -1.29389803e-001 -8.71793779e-002 -8.71786938e-002  -8.71790273e-002
 -3.24056692e-002 -3.24051377e-002  -3.24053272e-002
 2.54454290e+000 2.54471397e+000  2.54478047e+000 3.31109905e+000 3.31119340e+000  3.31111386e+000 -1.27123417e+000 -1.27124040e+000  -1.27126468e+000 1.95429203e+000 1.95425363e+000  1.95415244e+000 4.23883969e+000 4.23889423e+000  4.23889525e+000
 2.87260532e+000 2.87264010e+000  2.87274280e+000 4.97572409e+000 4.97576405e+000  4.97582492e+000 8.07236824e+000 8.07231313e+000  8.07231237e+000 6.82034837e-001 6.82038773e-001  6.82059724e-001 1.25501488e-001 1.25463825e-001  1.25477637e-001
 3.32566926e-002 3.32353929e-002  3.32422066e-002 -3.64825221e-002 -3.64905643e-002  -3.64877192e-002 -1.27240175e-001 -1.27237366e-001  -1.27238644e-001 -1.19660119e-001 -1.19657423e-001  -1.19658582e-001 -8.32915231e-002 -8.32903270e-002  -8.32907547e-002
 -3.09108567e-002 -3.09099443e-002  -3.09102025e-002
 5.62434915e+000 5.62447247e+000  5.62454597e+000 -9.94064414e-001 -9.93999248e-001  -9.94041415e-001 4.96102163e-003 4.95763634e-003  4.94350327e-003 -6.86587916e-001 -6.86614582e-001  -6.86684619e-001 9.85788165e-001 9.85823738e-001  9.85824677e-001
 -1.04054412e+001 -1.04054164e+001  -1.04053441e+001 -6.40399762e-001 -6.40363298e-001  -6.40297511e-001 -2.66358729e+000 -2.66362322e+000  -2.66362397e+000 8.79779474e-001 8.79779997e-001  8.79788529e-001 2.92549075e-002 2.92273290e-002  2.92285839e-002
 -1.33395790e-002 -1.33551496e-002  -1.33550236e-002 -5.15261670e-002 -5.15320390e-002  -5.15317965e-002 -9.85112277e-002 -9.85091758e-002  -9.85094427e-002 -9.08260154e-002 -9.08240439e-002  -9.08242510e-002 -6.51178967e-002 -6.51170197e-002  -6.51170497e-002
 -2.28994431e-002 -2.28987739e-002  -2.28987518e-002
 -2.51265329e+000 -2.51252942e+000  -2.51247843e+000 1.65950636e+000 1.65955367e+000  1.65944599e+000 -1.19122132e+000 -1.19123138e+000  -1.19126278e+000 2.06246883e+000 2.06242239e+000  2.06230259e+000 4.45693110e+000 4.45697014e+000  4.45697080e+000
 6.49342899e+000 6.49347274e+000  6.49359342e+000 2.42967287e+000 2.42970350e+000  2.42975210e+000 4.33407588e+000 4.33403636e+000  4.33403572e+000 -2.23819086e-002 -2.23726198e-002  -2.23414389e-002 7.84764792e-001 7.84743787e-001  7.84768613e-001
 4.15156203e-001 4.15144087e-001  4.15156821e-001 1.53990820e-001 1.53986297e-001  1.53991429e-001 -1.16192837e-001 -1.16191320e-001  -1.16193472e-001 -1.12513388e-001 -1.12511920e-001  -1.12513907e-001 -6.65326972e-002 -6.65320298e-002  -6.65328096e-002
 -2.39088504e-002 -2.39083277e-002  -2.39088395e-002
 -1.43302976e+000 -1.43285309e+000  -1.43280544e+000 -1.62858917e+000 -1.62847237e+000  -1.62852449e+000 -1.40539251e-001 -1.40540893e-001  -1.40554510e-001 -5.02179827e-001 -5.02203395e-001  -5.02267973e-001 -4.70472974e+000 -4.70467022e+000  -4.70466907e+000
 -2.44107796e+000 -2.44105864e+000  -2.44099313e+000 9.21140191e-001 9.21174536e-001  9.21217825e-001 -1.39881936e+000 -1.39887937e+000  -1.39887993e+000 -3.61063858e-001 -3.61062693e-001  -3.61047660e-001 -1.10309181e-001 -1.10353258e-001  -1.10345658e-001
 -4.56162369e-002 -4.56409243e-002  -4.56371151e-002 -7.13296715e-002 -7.13390287e-002  -7.13373829e-002 -1.32581650e-001 -1.32578336e-001  -1.32579107e-001 -1.19766663e-001 -1.19763493e-001  -1.19764184e-001 -8.48014232e-002 -8.48000301e-002  -8.48002765e-002
 -3.07816099e-002 -3.07805583e-002  -3.07806994e-002
 7.16144313e-001 7.16332610e-001  7.16389995e-001 -3.19105882e+000 -3.19091145e+000  -3.19090403e+000 -7.11762882e-001 -7.11757585e-001  -7.11754325e-001 -1.40182727e+000 -1.40183111e+000  -1.40184665e+000 8.39586954e-001 8.39649492e-001  8.39650939e-001
 -6.00444617e-001 -6.00444893e-001  -6.00427555e-001 4.93940600e+000 4.93944350e+000  4.93949258e+000 6.18860888e-001 6.18797875e-001  6.18797166e-001 -2.20680314e+000 -2.20681034e+000  -2.20681564e+000 3.79727567e-001 3.79673223e-001  3.79660943e-001
 1.94803665e-001 1.94773425e-001  1.94766569e-001 3.16546098e-002 3.16430915e-002  3.16405643e-002 -1.26918568e-001 -1.26914421e-001  -1.26913555e-001 -1.20108131e-001 -1.20104175e-001  -1.20103325e-001 -8.32062255e-002 -8.32045022e-002  -8.32041063e-002
 -3.09185894e-002 -3.09173021e-002  -3.09169903e-002
 1.05230438e+000 1.05244693e+000  1.05248510e+000 -4.92783484e-001 -4.92683636e-001  -4.92711917e-001 -1.69629612e+000 -1.69629595e+000  -1.69630319e+000 -1.58085727e+000 -1.58087112e+000  -1.58091031e+000 -3.28048639e+000 -3.28043829e+000  -3.28043726e+000
 -1.92867021e+000 -1.92865979e+000  -1.92861988e+000 -1.88815448e+000 -1.88812708e+000  -1.88809295e+000 -4.39962079e+000 -4.39966923e+000  -4.39966963e+000 -6.35240204e-002 -6.35248109e-002  -6.35169980e-002 3.16060102e-001 3.16022830e-001  3.16024775e-001
 1.77040730e-001 1.77019924e-001  1.77020825e-001 4.86430604e-002 4.86351627e-002  4.86356393e-002 -1.10974531e-001 -1.10971719e-001  -1.10972002e-001 -1.01727412e-001 -1.01724724e-001  -1.01724965e-001 -6.57927171e-002 -6.57915400e-002  -6.57916086e-002
 -2.38338552e-002 -2.38329698e-002  -2.38329935e-002
 -9.39610271e-001 -9.39468770e-001  -9.39425467e-001 3.23452187e+000 3.23462971e+000  3.23462818e+000 3.00364630e+000 3.00364951e+000  3.00365003e+000 2.07483342e+000 2.07482843e+000  2.07481150e+000 -3.21633930e+000 -3.21629231e+000  -3.21629115e+000
 1.19755802e+000 1.19755985e+000  1.19757795e+000 -4.32570666e+000 -4.32567825e+000  -4.32564076e+000 -7.48716318e-001 -7.48763613e-001  -7.48764070e-001 -3.97906843e-002 -3.97949573e-002  -3.97960888e-002 2.92128725e-001 2.92088721e-001  2.92081521e-001
 1.71493216e-001 1.71470970e-001  1.71466987e-001 4.14595100e-002 4.14510474e-002  4.14496198e-002 -1.06437912e-001 -1.06434874e-001  -1.06434414e-001 -9.86426034e-002 -9.86397037e-002  -9.86392441e-002 -6.64297167e-002 -6.64284518e-002  -6.64282279e-002
 -2.43382544e-002 -2.43373080e-002  -2.43371249e-002
 -1.11257738e+000 -1.11242792e+000  -1.11237055e+000 -2.45967389e+000 -2.45959211e+000  -2.45966389e+000 1.53305379e+000 1.53304835e+000  1.53302713e+000 -1.56824690e+000 -1.56828083e+000  -1.56837021e+000 -5.06123459e+000 -5.06118684e+000  -5.06118599e+000
 -4.99684185e+000 -4.99681107e+000  -4.99672033e+000 9.41260216e-001 9.41295002e-001  9.41347789e-001 -1.56492559e+000 -1.56497386e+000  -1.56497452e+000 3.88578229e-002 3.88617003e-002  3.88811252e-002 -2.71248178e-001 -2.71280941e-001  -2.71268286e-001
 -1.32191938e-001 -1.32210467e-001  -1.32204185e-001 -1.07100414e-001 -1.07107407e-001  -1.07104786e-001 -1.18933160e-001 -1.18930722e-001  -1.18931895e-001 -1.07777436e-001 -1.07775095e-001  -1.07776161e-001 -7.79618989e-002 -7.79608594e-002  -7.79612545e-002
 -2.79631079e-002 -2.79623145e-002  -2.79625549e-002
 1.48920948e+000 1.48937309e+000  1.48944244e+000 -4.49476417e+000 -4.49464447e+000  -4.49464185e+000 7.04538214e-001 7.04541443e-001  7.04541312e-001 -2.80728598e+000 -2.80729523e+000  -2.80732324e+000 1.73629380e+000 1.73634520e+000  1.73634641e+000
 -2.83679342e+000 -2.83678716e+000  -2.83675669e+000 5.77993470e+000 5.77997333e+000  5.78003321e+000 7.73834410e-001 7.73782522e-001  7.73781662e-001 -2.26205216e+000 -2.26205873e+000  -2.26206470e+000 3.40233410e-001 3.40187928e-001  3.40175763e-001
 1.67754620e-001 1.67729212e-001  1.67722180e-001 2.15026633e-002 2.14929937e-002  2.14904041e-002 -1.11554464e-001 -1.11550994e-001  -1.11550123e-001 -1.07915459e-001 -1.07912144e-001  -1.07911286e-001 -7.57699288e-002 -7.57684803e-002  -7.57680735e-002
 -2.80612330e-002 -2.80601478e-002  -2.80598228e-002
 1.68400737e+000 1.68411825e+000  1.68416596e+000 -1.08295076e+000 -1.08288866e+000  -1.08293385e+000 -3.52132280e-001 -3.52135784e-001  -3.52150086e-001 -2.55293515e+000 -2.55295851e+000  -2.55302019e+000 -2.46787955e+000 -2.46784488e+000  -2.46784418e+000
 -3.94509402e+000 -3.94507288e+000  -3.94501001e+000 -2.14235431e+000 -2.14232705e+000  -2.14228368e+000 -4.65386989e+000 -4.65390492e+000  -4.65390543e+000 4.09783009e-001 4.09784663e-001  4.09795858e-001 1.90597443e-001 1.90572501e-001  1.90578752e-001
 1.04798503e-001 1.04784426e-001  1.04787398e-001 2.14873225e-002 2.14820054e-002  2.14832954e-002 -9.26853626e-002 -9.26835013e-002  -9.26841218e-002 -8.58273784e-002 -8.58255925e-002  -8.58261465e-002 -5.58611613e-002 -5.58603697e-002  -5.58605624e-002
 -1.98960249e-002 -1.98954221e-002  -1.98955282e-002
 -5.57304230e-001 -5.57194529e-001  -5.57141054e-001 3.09371218e+000 3.09378325e+000  3.09376813e+000 4.90875715e+000 4.90875706e+000  4.90875148e+000 1.52579760e+000 1.52578421e+000  1.52574754e+000 -2.43370444e+000 -2.43367101e+000  -2.43367016e+000
 -4.78781294e-001 -4.78769804e-001  -4.78731453e-001 -4.93680450e+000 -4.93677610e+000  -4.93672895e+000 -6.15435483e-001 -6.15469215e-001  -6.15469784e-001 4.36451640e-001 4.36449380e-001  4.36450525e-001 1.63705531e-001 1.63677519e-001  1.63673493e-001
 9.85646603e-002 9.85489663e-002  9.85464491e-002 1.34151089e-002 1.34091569e-002  1.34083073e-002 -8.75875468e-002 -8.75854316e-002  -8.75852176e-002 -8.23609663e-002 -8.23589419e-002  -8.23587094e-002 -5.65769594e-002 -5.65760692e-002  -5.65759332e-002
 -2.04628197e-002 -2.04621483e-002  -2.04620221e-002
 8.99742264e-001 8.99743567e-001  8.99746827e-001 -1.72543784e+000 -1.72543412e+000  -1.72542481e+000 2.04540438e+000 2.04540433e+000  2.04540420e+000 -9.07246318e-001 -9.07246282e-001  -9.07246191e-001 3.92292034e+000 3.92292034e+000  3.92292034e+000
 -2.76290015e+000 -2.76290015e+000  -2.76290017e+000 9.02586190e-002 9.02593291e-002  9.02611043e-002 -1.15506054e-002 -1.15507241e-002  -1.15510207e-002 1.26446521e+000 1.26446259e+000  1.26445604e+000 -6.74453760e-001 -6.74454739e-001  -6.74457188e-001
 -4.72371133e-001 -4.72371798e-001  -4.72373459e-001 -2.35531692e-001 -2.35531977e-001  -2.35532689e-001 7.90422016e-006 8.02573974e-006  8.32953868e-006 3.13535623e-003 3.13546938e-003  3.13575225e-003 -1.29172135e-002 -1.29171675e-002  -1.29170525e-002
 -6.02349963e-003 -6.02346735e-003  -6.02338665e-003
 -1.09127347e+000 -1.09124105e+000  -1.09116000e+000 -2.12086849e-001 -2.12138574e-001  -2.12267889e-001 1.28815770e+000 1.28814112e+000  1.28809966e+000 2.27286581e-001 2.27225613e-001  2.27073192e-001 2.42538591e+000 2.42538579e+000  2.42538549e+000
 -6.07575147e-001 -6.07513076e-001  -6.07357900e-001 1.78043163e+000 1.78046263e+000  1.78054013e+000 2.25649790e+000 2.25649769e+000  2.25649716e+000 -2.65573006e-001 -2.65558519e-001  -2.65522303e-001 1.19200085e-001 1.19211089e-001  1.19238598e-001
 1.89015132e-001 1.89020729e-001  1.89034720e-001 8.85679663e-002 8.85702553e-002  8.85759779e-002 -2.56914803e-002 -2.56924696e-002  -2.56949431e-002 -3.04931891e-002 -3.04940992e-002  -3.04963743e-002 -1.06399110e-002 -1.06402618e-002  -1.06411390e-002
 -7.15352781e-004 -7.15579312e-004  -7.16145638e-004
 -5.84131742e-002 -5.81724833e-002  -5.81478471e-002 -5.68343897e-001 -5.68140079e-001  -5.68134552e-001 -6.19576643e-001 -6.19568637e-001  -6.19562557e-001 -4.26673172e-002 -4.26637868e-002  -4.26632484e-002 7.29064353e-001 7.29151613e-001  7.29153510e-001
 1.48925941e+000 1.48924907e+000  1.48924840e+000 1.33193845e-001 1.33226758e-001  1.33246681e-001 -1.79837155e-001 -1.79924901e-001  -1.79925324e-001 -1.52884235e+000 -1.52884973e+000  -1.52885041e+000 -2.08074531e-001 -2.08146445e-001  -2.08153703e-001
 -1.93580692e-001 -1.93620582e-001  -1.93624330e-001 -1.46793215e-001 -1.46808431e-001  -1.46809797e-001 -6.86098081e-002 -6.86043116e-002  -6.86038331e-002 -5.74555843e-002 -5.74503474e-002  -5.74498771e-002 -5.08684500e-002 -5.08661785e-002  -5.08659617e-002
 -1.98953150e-002 -1.98936238e-002  -1.98934532e-002
 -1.25537261e+000 -1.25537261e+000  -1.25537261e+000 9.93089933e-001 9.93089928e-001  9.93089918e-001 -2.65924163e+000 -2.65924163e+000  -2.65924163e+000 2.99570452e+000 2.99570451e+000  2.99570450e+000 6.99454602e-001 6.99454597e-001  6.99454585e-001
 3.18064568e+000 3.18064568e+000  3.18064569e+000 1.60292148e+000 1.60292147e+000  1.60292147e+000 6.43845434e-001 6.43845438e-001  6.43845446e-001 9.01617250e-001 9.01617251e-001  9.01617256e-001 1.29123099e-001 1.29123100e-001  1.29123103e-001
 9.80806186e-002 9.80806194e-002  9.80806215e-002 3.38700794e-002 3.38700797e-002  3.38700805e-002 -9.09245963e-002 -9.09245964e-002  -9.09245967e-002 -8.44071468e-002 -8.44071469e-002  -8.44071472e-002 -5.41873195e-002 -5.41873195e-002  -5.41873197e-002
 -1.98335945e-002 -1.98335946e-002  -1.98335947e-002
 -5.16698274e+000 -5.16711479e+000 -5.16715971e+000
 -5.65551776e+000 -5.65555234e+000 -5.65551911e+000
 -2.64275171e+000 -2.64296700e+000 -2.64304179e+000
 -5.05745615e+000 -5.05741777e+000 -5.05732018e+000
 -5.69608420e+000 -5.69624059e+000 -5.69620446e+000
 7.64438323e+000 7.64439165e+000 7.64441602e+000
 -4.45422867e+000 -4.45419871e+000 -4.45410936e+000
 9.17198347e+000 9.17182044e+000 9.17185643e+000
 2.99624217e+000 2.99628335e+000 2.99639231e+000
 1.62883256e+000 1.62877634e+000 1.62879750e+000
 8.61714912e-001 8.61649755e-001 8.61669077e-001
 3.55941577e-001 3.55887762e-001 3.55906182e-001
 -1.57956211e-001 -1.57993227e-001 -1.57976225e-001
 -1.43931359e-001 -1.43971143e-001 -1.43953861e-001
 -5.45521006e-002 -5.46027023e-002 -5.45845174e-002
 -3.53247206e-002 -3.53972615e-002 -3.53789327e-002
