  1.4152e+001  7.6098e-001  1.1743e+001 -4.1316e+000 -5.7436e-001
 -2.4643e+001 -5.1711e+000 -1.5970e+000  1.6029e+001 -3.6049e+000
 -3.5134e+000 -5.8140e+000  5.6393e+000 -2.7159e+000 -8.5338e+000
  1.5263e+000
 6.11825008e+000 6.11825008e+000  6.11825008e+000 -1.06212240e+000 -1.06212240e+000  -1.06212240e+000 3.00501255e+001 3.00501255e+001  3.00501255e+001 2.26086645e+000 2.26086642e+000  2.26086641e+000 7.18322529e+000 7.18322529e+000  7.18322529e+000
 8.97195659e+000 8.97195659e+000  8.97195659e+000 9.86127099e+000 9.86127110e+000  9.86127114e+000 -2.06222760e+000 -2.06222759e+000  -2.06222759e+000 2.69214861e+001 2.69214862e+001  2.69214862e+001 -1.45761527e+001 -1.45761527e+001  -1.45761527e+001
 9.83066094e+000 9.83065653e+000  9.83065564e+000 -6.11445293e+000 -6.11445293e+000  -6.11445293e+000 9.76523031e-001 9.76523030e-001  9.76523030e-001 2.30594031e+000 2.30593017e+000  2.30592671e+000 -5.27828258e+000 -5.27828258e+000  -5.27828258e+000
 6.58943692e+000 6.58943692e+000  6.58943692e+000 -2.74771022e+001 -2.74771022e+001  -2.74771022e+001 -3.21076597e+001 -3.21076597e+001  -3.21076597e+001 5.11533223e-001 5.11533223e-001  5.11533223e-001 2.51583323e+001 2.51583323e+001  2.51583323e+001
 -4.75433456e+001 -4.75433456e+001  -4.75433456e+001 -8.34138326e-001 -8.34138326e-001  -8.34138326e-001 -1.40383446e+000 -1.40383446e+000  -1.40383446e+000 7.62275902e+000 7.62275902e+000  7.62275902e+000 1.64674570e+001 1.64674570e+001  1.64674570e+001
 -1.65717657e+001 -1.65717657e+001  -1.65717657e+001 -5.63187054e+000 -5.63187054e+000  -5.63187054e+000 8.06388861e+000 8.06388861e+000  8.06388861e+000 -2.17938134e+000 -2.17938134e+000  -2.17938134e+000 -1.98189675e+000 -1.98189675e+000  -1.98189675e+000
 4.34514887e+000 4.34514887e+000  4.34514887e+000 2.44651485e+001 2.44651485e+001  2.44651485e+001 3.04245552e+000 3.04245552e+000  3.04245552e+000 1.54115817e+001 1.54115817e+001  1.54115817e+001 -5.90441552e+000 -5.90441552e+000  -5.90441552e+000
 -1.59151714e+001 -1.59151714e+001  -1.59151714e+001 9.19597209e+000 9.19597209e+000  9.19597209e+000 -6.45732345e+000 -6.45732345e+000  -6.45732345e+000 1.82278087e+001 1.82278087e+001  1.82278087e+001 -8.57679031e+000 -8.57679031e+000  -8.57679031e+000
 1.45086852e+000 1.45086852e+000  1.45086852e+000 6.75136326e+000 6.75136326e+000  6.75136326e+000 1.55530546e+000 1.55530546e+000  1.55530546e+000 2.06419269e+000 2.06419269e+000  2.06419269e+000 3.05652376e+000 3.05652376e+000  3.05652376e+000
 2.17324110e+001 2.17324110e+001  2.17324110e+001 -2.56552875e+001 -2.56552875e+001  -2.56552875e+001 -1.49793470e+001 -1.49793470e+001  -1.49793470e+001 -1.17211055e+001 -1.17211055e+001  -1.17211055e+001 -1.35154551e+001 -1.35154551e+001  -1.35154551e+001
 7.19213223e+000 7.19213223e+000  7.19213223e+000 -1.39419844e+001 -1.39419844e+001  -1.39419844e+001 8.69204732e+000 8.69204732e+000  8.69204732e+000 -6.64521666e+000 -6.64521666e+000  -6.64521666e+000 -4.21861610e-001 -4.21861610e-001  -4.21861610e-001
 3.66111096e+000 3.66111096e+000  3.66111096e+000 1.48470973e+000 1.48470973e+000  1.48470973e+000 -8.82691429e+000 -8.82691429e+000  -8.82691429e+000 -6.81655560e+000 -6.81655560e+000  -6.81655560e+000 -8.43086541e-001 -8.43086541e-001  -8.43086541e-001
 -1.88857070e+001 -1.88857070e+001  -1.88857070e+001 2.79022907e+001 2.79022907e+001  2.79022907e+001 2.60851860e+001 2.60851860e+001  2.60851860e+001 -1.14265970e+001 -1.14265970e+001  -1.14265970e+001 -1.37414578e+001 -1.37414578e+001  -1.37414578e+001
 2.09968632e+001 2.09968632e+001  2.09968632e+001 -1.34536942e+001 -1.34536942e+001  -1.34536942e+001 4.01449589e+000 4.01449589e+000  4.01449589e+000 -3.44392227e+001 -3.44392227e+001  -3.44392227e+001 7.63832521e-001 7.63832521e-001  7.63832521e-001
 -1.44350772e+000 -1.44350772e+000  -1.44350772e+000 -4.54883884e+000 -4.54883884e+000  -4.54883884e+000 3.94099884e+000 3.94099884e+000  3.94099884e+000 6.89820672e-001 6.89820672e-001  6.89820672e-001 -4.83284693e+000 -4.83284693e+000  -4.83284693e+000
 -1.89336253e+001 -1.89336253e+001  -1.89336253e+001 7.17043621e+000 7.17043621e+000  7.17043621e+000 -1.53803059e+001 -1.53803059e+001  -1.53803059e+001 5.61675182e-002 5.61674859e-002  5.61674764e-002 -8.36456523e-001 -8.36456523e-001  -8.36456523e-001
 5.26431056e+001 5.26431056e+001  5.26431056e+001 -3.92509358e+000 -3.92509347e+000  -3.92509343e+000 -1.44037307e+001 -1.44037307e+001  -1.44037307e+001 7.47826725e+000 7.47826726e+000  7.47826726e+000 -4.99835798e+000 -4.99835798e+000  -4.99835798e+000
 -9.96534149e+000 -9.96534590e+000  -9.96534678e+000 2.26831543e+000 2.26831543e+000  2.26831543e+000 -7.64158902e+000 -7.64158902e+000  -7.64158902e+000 1.40474287e+000 1.40473272e+000  1.40472926e+000 -4.68148230e+000 -4.68148231e+000  -4.68148231e+000
 -5.64301909e+000 -5.64301909e+000  -5.64301909e+000 -7.03292134e+000 -7.03292134e+000  -7.03292134e+000 3.42828247e+001 3.42828247e+001  3.42828247e+001 -1.47674046e+001 -1.47674046e+001  -1.47674046e+001 -1.37724058e+001 -1.37724058e+001  -1.37724058e+001
 -8.89659846e+000 -8.89659846e+000  -8.89659846e+000 6.14252975e+000 6.14252975e+000  6.14252975e+000 3.97175243e+000 3.97175243e+000  3.97175243e+000 -1.74856788e+001 -1.74856788e+001  -1.74856788e+001 2.39297297e+000 2.39297297e+000  2.39297297e+000
 -2.11503165e+001 -2.11503165e+001  -2.11503165e+001 -9.04126219e+000 -9.04126219e+000  -9.04126219e+000 9.82105560e+000 9.82105560e+000  9.82105560e+000 2.50134454e+000 2.50134454e+000  2.50134454e+000 3.43638461e-002 3.43638461e-002  3.43638461e-002
 7.95298502e+000 7.95298502e+000  7.95298502e+000 -5.56398288e+000 -5.56398288e+000  -5.56398288e+000 4.76011942e+000 4.76011942e+000  4.76011942e+000 -1.24973333e+001 -1.24973333e+001  -1.24973333e+001 1.12849269e+001 1.12849269e+001  1.12849269e+001
 -2.95135461e+001 -2.95135461e+001  -2.95135461e+001 -1.43329556e+001 -1.43329556e+001  -1.43329556e+001 2.50872955e+000 2.50872955e+000  2.50872955e+000 7.65433814e+000 7.65433814e+000  7.65433814e+000 1.89387568e+001 1.89387568e+001  1.89387568e+001
 1.32358615e+001 1.32358615e+001  1.32358615e+001 -6.88025601e+000 -6.88025601e+000  -6.88025601e+000 -6.69843330e-001 -6.69843330e-001  -6.69843330e-001 -3.45119623e+000 -3.45119623e+000  -3.45119623e+000 -4.76507518e+000 -4.76507518e+000  -4.76507518e+000
 -1.01529297e+001 -1.01529297e+001  -1.01529297e+001 1.26828204e+001 1.26828204e+001  1.26828204e+001 8.43281581e+000 8.43281581e+000  8.43281581e+000 8.80315724e+000 8.80315724e+000  8.80315724e+000 2.92716982e+001 2.92716982e+001  2.92716982e+001
 -1.14530550e+001 -1.14530550e+001  -1.14530550e+001 1.22229272e+001 1.22229272e+001  1.22229272e+001 -1.01298234e+000 -1.01298234e+000  -1.01298234e+000 -1.30731718e+001 -1.30731718e+001  -1.30731718e+001 -7.55018561e-001 -7.55018561e-001  -7.55018561e-001
 2.29430567e+000 2.29430567e+000  2.29430567e+000 5.82309350e+000 5.82309350e+000  5.82309350e+000 -8.66118931e-001 -8.66118931e-001  -8.66118931e-001 4.84800024e+000 4.84800024e+000  4.84800024e+000 -2.86797031e+000 -2.86797031e+000  -2.86797031e+000
 2.08018846e+001 2.08018846e+001  2.08018846e+001 -1.49537234e+001 -1.49537234e+001  -1.49537234e+001 -4.56724120e+000 -4.56724120e+000  -4.56724120e+000 -9.00342676e+000 -9.00342676e+000  -9.00342676e+000 1.20703420e+001 1.20703420e+001  1.20703420e+001
 -2.37107904e+001 -2.37107904e+001  -2.37107904e+001 -1.51929559e+001 -1.51929559e+001  -1.51929559e+001 1.77863542e+000 1.77863542e+000  1.77863542e+000 1.12333078e+001 1.12333078e+001  1.12333078e+001 -7.35218246e+000 -7.35218246e+000  -7.35218246e+000
 2.17350541e+000 2.17350541e+000  2.17350541e+000 -2.42392860e+000 -2.42392860e+000  -2.42392860e+000 6.91042159e-001 6.91042159e-001  6.91042159e-001 -1.27767101e+000 -1.27767101e+000  -1.27767101e+000 -3.85669948e-001 -3.85669948e-001  -3.85669948e-001
 6.30236486e+000 6.30236486e+000  6.30236486e+000 5.51028794e+000 5.51028794e+000  5.51028794e+000 -3.30167502e+000 -3.30167502e+000  -3.30167502e+000 9.84465036e+000 9.84465036e+000  9.84465036e+000 -2.77075484e+001 -2.77075484e+001  -2.77075484e+001
 -2.51033064e+001 -2.51033064e+001  -2.51033064e+001 -5.85098207e+000 -5.85098207e+000  -5.85098207e+000 5.81768886e+000 5.81768886e+000  5.81768886e+000 -1.01956576e+001 -1.01956576e+001  -1.01956576e+001 5.07690596e-001 5.07690596e-001  5.07690596e-001
 1.25270892e+001 1.25270892e+001  1.25270892e+001 -1.61418013e+000 -1.61418013e+000  -1.61418013e+000 2.90784893e+000 2.90784893e+000  2.90784893e+000 -9.12330725e-001 -9.12330725e-001  -9.12330725e-001 -2.81749645e+000 -2.81749645e+000  -2.81749645e+000
 1.98816641e+001 1.98816641e+001  1.98816641e+001 7.40220541e-001 7.40220541e-001  7.40220541e-001 -1.16851413e+001 -1.16851413e+001  -1.16851413e+001 1.31215301e+001 1.31215301e+001  1.31215301e+001 -1.05388400e+001 -1.05388400e+001  -1.05388400e+001
 2.03985388e+001 2.03985388e+001  2.03985388e+001 1.17639562e+001 1.17639562e+001  1.17639562e+001 4.12306442e+000 4.12306442e+000  4.12306442e+000 2.60762096e+001 2.60762096e+001  2.60762096e+001 -1.50773765e+001 -1.50773765e+001  -1.50773765e+001
 -2.18773681e+000 -2.18773681e+000  -2.18773681e+000 3.80912867e+000 3.80912867e+000  3.80912867e+000 1.46740624e+000 1.46740624e+000  1.46740624e+000 -7.04887295e+000 -7.04887295e+000  -7.04887295e+000 5.60374130e+000 5.60374130e+000  5.60374130e+000
 1.88238408e+001 1.88238408e+001  1.88238408e+001 -2.07161190e+000 -2.07161190e+000  -2.07161190e+000 -5.02753153e+001 -5.02753153e+001  -5.02753153e+001 -1.67973463e+001 -1.67973463e+001  -1.67973463e+001 -1.89668723e+001 -1.89668723e+001  -1.89668723e+001
 2.60684278e+001 2.60684278e+001  2.60684278e+001 2.31948606e+000 2.31948606e+000  2.31948606e+000 9.57288968e+000 9.57288968e+000  9.57288968e+000 1.66373354e+000 1.66373354e+000  1.66373354e+000 -1.38345747e+000 -1.38345747e+000  -1.38345747e+000
 1.14966887e+001 1.14966887e+001  1.14966887e+001 1.57682096e+000 1.57682096e+000  1.57682096e+000 -4.90818529e+000 -4.90818529e+000  -4.90818529e+000 -6.99001568e+000 -6.99001568e+000  -6.99001568e+000 1.67925810e+000 1.67925810e+000  1.67925810e+000
 -7.64670846e+000 -7.64670846e+000  -7.64670846e+000 -2.88608242e+001 -2.88608242e+001  -2.88608242e+001 -3.08344337e+001 -3.08344337e+001  -3.08344337e+001 -8.44797975e+000 -8.44797975e+000  -8.44797975e+000 1.91448919e+001 1.91448919e+001  1.91448919e+001
 -3.85139472e+000 -3.85139472e+000  -3.85139472e+000 2.14864469e+000 2.14864469e+000  2.14864469e+000 -8.17140661e+000 -8.17140661e+000  -8.17140661e+000 -2.20564381e-001 -2.20564381e-001  -2.20564381e-001 1.06778192e+001 1.06778192e+001  1.06778192e+001
 4.11885287e+000 4.11885287e+000  4.11885287e+000 1.90454824e+000 1.90454824e+000  1.90454824e+000 1.23580115e+000 1.23580115e+000  1.23580115e+000 -1.12240899e-001 -1.12240899e-001  -1.12240899e-001 -2.97979280e+000 -2.97979280e+000  -2.97979280e+000
 2.76361116e+001 2.76361116e+001  2.76361116e+001 2.18394708e+001 2.18394708e+001  2.18394708e+001 3.99797855e+000 3.99797855e+000  3.99797855e+000 8.20996298e+000 8.20996294e+000  8.20996293e+000 -3.21588368e+000 -3.21588368e+000  -3.21588368e+000
 -2.40756924e+001 -2.40756924e+001  -2.40756924e+001 3.17367459e+000 3.17367470e+000  3.17367474e+000 1.15308185e+001 1.15308185e+001  1.15308185e+001 -1.76089391e+001 -1.76089391e+001  -1.76089391e+001 -1.97213397e+001 -1.97213397e+001  -1.97213397e+001
 1.47813633e+001 1.47813589e+001  1.47813580e+001 1.93365023e+000 1.93365023e+000  1.93365023e+000 4.14574284e+000 4.14574284e+000  4.14574284e+000 -1.32290520e+000 -1.32291535e+000  -1.32291881e+000 -2.83238133e+000 -2.83238133e+000  -2.83238133e+000
 3.46351489e-001 3.46351489e-001  3.46351489e-001 5.69565311e+000 5.69565311e+000  5.69565311e+000 3.94937458e+001 3.94937458e+001  3.94937458e+001 -4.09401640e+000 -4.09401640e+000  -4.09401640e+000 -1.60519335e+001 -1.60519335e+001  -1.60519335e+001
 2.39152560e+000 2.39152560e+000  2.39152560e+000 -1.44948932e+001 -1.44948932e+001  -1.44948932e+001 -5.76254159e-001 -5.76254159e-001  -5.76254159e-001 2.95171180e+001 2.95171180e+001  2.95171180e+001 2.70000529e+000 2.70000529e+000  2.70000529e+000
 -2.19728492e+001 -2.19728492e+001  -2.19728492e+001 -1.18972878e+001 -1.18972878e+001  -1.18972878e+001 3.28257648e-001 3.28257648e-001  3.28257648e-001 -2.50083716e+000 -2.50083716e+000  -2.50083716e+000 -4.06741492e+000 -4.06741492e+000  -4.06741492e+000
 -2.43728994e+001 -2.43728994e+001  -2.43728994e+001 1.05922173e+002 1.05922173e+002  1.05922173e+002 4.56221365e+001 4.56221365e+001  4.56221365e+001 3.72214165e+001 3.72214165e+001  3.72214165e+001 -3.03162302e+001 -3.03162302e+001  -3.03162302e+001
 -1.14442420e+002 -1.14442420e+002  -1.14442420e+002 -6.99141609e+001 -6.99141609e+001  -6.99141609e+001 7.12787924e+000 7.12787924e+000  7.12787924e+000 -5.64682270e+001 -5.64682270e+001  -5.64682270e+001 -1.82979748e+000 -1.82979748e+000  -1.82979748e+000
 1.41787632e+001 1.41787632e+001  1.41787632e+001 -2.81565977e+000 -2.81565977e+000  -2.81565977e+000 -1.00298845e+001 -1.00298845e+001  -1.00298845e+001 -1.29589206e+001 -1.29589206e+001  -1.29589207e+001 -5.58497963e+000 -5.58497963e+000  -5.58497963e+000
 7.97234371e-001 7.97234371e-001  7.97234371e-001 3.46114302e-002 3.46114302e-002  3.46114302e-002 -1.81737318e+001 -1.81737318e+001  -1.81737318e+001 2.72800380e+000 2.72800379e+000  2.72800378e+000 4.20529292e-002 4.20529293e-002  4.20529293e-002
 -6.67345612e+000 -6.67345612e+000  -6.67345612e+000 -1.31537880e+000 -1.31537876e+000  -1.31537874e+000 9.21810054e-001 9.21810055e-001  9.21810056e-001 1.50133683e+001 1.50133683e+001  1.50133683e+001 -2.73249875e+001 -2.73249875e+001  -2.73249875e+001
 1.06218204e+001 1.06218188e+001  1.06218185e+001 2.45355400e+000 2.45355400e+000  2.45355400e+000 4.68190876e-001 4.68190876e-001  4.68190875e-001 -3.56723400e-001 -3.56726994e-001  -3.56728372e-001 -2.55120758e+000 -2.55120758e+000  -2.55120758e+000
 -3.27356059e+000 -3.27356059e+000  -3.27356059e+000 -1.50958532e+000 -1.50958532e+000  -1.50958532e+000 1.07224166e+001 1.07224166e+001  1.07224166e+001 -6.59619294e-001 -6.59619316e-001  -6.59619322e-001 -7.67328790e+000 -7.67328790e+000  -7.67328790e+000
 2.82751405e+001 2.82751405e+001  2.82751405e+001 3.09561707e+000 3.09561715e+000  3.09561717e+000 -1.71651782e+000 -1.71651782e+000  -1.71651782e+000 -2.91388812e+001 -2.91388812e+001  -2.91388812e+001 -1.62520348e+000 -1.62520348e+000  -1.62520348e+000
 -9.59588477e+000 -9.59588775e+000  -9.59588833e+000 -4.39832902e+000 -4.39832902e+000  -4.39832902e+000 -8.61331289e+000 -8.61331289e+000  -8.61331289e+000 7.99127002e-001 7.99120147e-001  7.99117860e-001 1.12773108e+001 1.12773108e+001  1.12773108e+001
 2.22286600e+000 2.22286600e+000  2.22286600e+000 -8.66542201e-001 -8.66542201e-001  -8.66542201e-001 9.15667330e+000 9.15667330e+000  9.15667330e+000 -9.03455578e-001 -9.03455596e-001  -9.03455601e-001 4.44289608e+000 4.44289608e+000  4.44289608e+000
 3.02470328e+001 3.02470328e+001  3.02470328e+001 -1.61597197e+000 -1.61597191e+000  -1.61597189e+000 3.76854222e+000 3.76854222e+000  3.76854222e+000 -4.03199724e+001 -4.03199724e+001  -4.03199724e+001 -6.86435588e+000 -6.86435588e+000  -6.86435588e+000
 -1.70430981e+001 -1.70431005e+001  -1.70431010e+001 -8.99364952e-001 -8.99364952e-001  -8.99364952e-001 -6.22246554e+000 -6.22246554e+000  -6.22246554e+000 -6.10606776e-001 -6.10612496e-001  -6.10614390e-001 1.26846291e+001 1.26846291e+001  1.26846291e+001
 1.47609720e+001 1.47609720e+001  1.47609720e+001 -8.99369939e-001 -8.99369939e-001  -8.99369939e-001 -4.08643714e+001 -4.08643714e+001  -4.08643714e+001 -2.67727146e+000 -2.67727146e+000  -2.67727146e+000 2.21943106e+001 2.21943106e+001  2.21943106e+001
 -9.42808095e+000 -9.42808095e+000  -9.42808095e+000 -1.75279351e+001 -1.75279351e+001  -1.75279351e+001 1.47007448e+001 1.47007448e+001  1.47007448e+001 -5.69996837e+000 -5.69996837e+000  -5.69996837e+000 -1.31651885e+001 -1.31651885e+001  -1.31651885e+001
 -2.61865469e+001 -2.61865469e+001  -2.61865469e+001 6.16218198e+000 6.16218198e+000  6.16218198e+000 4.43388257e-001 4.43388257e-001  4.43388257e-001 -4.45586756e+000 -4.45586756e+000  -4.45586756e+000 -4.46520577e+000 -4.46520577e+000  -4.46520577e+000
 5.41430194e+000 5.41430194e+000  5.41430194e+000 -3.40558268e-001 -3.40558268e-001  -3.40558268e-001 5.73900344e+001 5.73900344e+001  5.73900344e+001 -2.99579147e+000 -2.99579147e+000  -2.99579147e+000 2.28939529e+000 2.28939529e+000  2.28939529e+000
 -1.25229252e+001 -1.25229252e+001  -1.25229252e+001 5.15164730e+000 5.15164730e+000  5.15164730e+000 -3.18488645e+000 -3.18488645e+000  -3.18488645e+000 -5.17888886e+000 -5.17888886e+000  -5.17888886e+000 7.63550986e-001 7.63550986e-001  7.63550986e-001
 1.94723518e+001 1.94723518e+001  1.94723518e+001 -1.99892682e+000 -1.99892682e+000  -1.99892682e+000 1.40222081e+001 1.40222081e+001  1.40222081e+001 -3.71469896e-001 -3.71469896e-001  -3.71469896e-001 -1.51321753e-001 -1.51321753e-001  -1.51321753e-001
 -2.34234664e-002 -2.34234664e-002  -2.34234664e-002 -2.75351002e-001 -2.75351002e-001  -2.75351002e-001 -1.91496373e+000 -1.91496373e+000  -1.91496373e+000 4.72942324e-001 4.72942324e-001  4.72942324e-001 -1.25246448e+001 -1.25246448e+001  -1.25246448e+001
 -1.71940180e+000 -1.71940180e+000  -1.71940180e+000 1.58328312e+000 1.58328312e+000  1.58328312e+000 -4.41467737e+000 -4.41467737e+000  -4.41467737e+000 1.11270544e+001 1.11270544e+001  1.11270544e+001 3.31918526e+000 3.31918526e+000  3.31918526e+000
 1.67373698e+000 1.67373698e+000  1.67373698e+000 -5.98424408e+000 -5.98424408e+000  -5.98424408e+000 -4.76754217e+000 -4.76754217e+000  -4.76754217e+000 4.66534168e-001 4.66534168e-001  4.66534168e-001 -2.45476677e+000 -2.45476677e+000  -2.45476677e+000
 -1.60419497e-001 -1.60419497e-001  -1.60419497e-001 -1.82064661e-001 -1.82064661e-001  -1.82064661e-001 -2.35237195e+000 -2.35237195e+000  -2.35237195e+000 4.41804240e-001 4.41804207e-001  4.41804198e-001 -1.25355893e+001 -1.25355893e+001  -1.25355893e+001
 -2.34607654e+000 -2.34607654e+000  -2.34607654e+000 1.62043083e+000 1.62043094e+000  1.62043098e+000 -4.31802330e+000 -4.31802330e+000  -4.31802330e+000 1.14394174e+001 1.14394174e+001  1.14394174e+001 2.73893712e+000 2.73893712e+000  2.73893712e+000
 1.96782513e+000 1.96782072e+000  1.96781983e+000 -6.23810042e+000 -6.23810042e+000  -6.23810042e+000 -3.98825253e+000 -3.98825253e+000  -3.98825253e+000 4.24820027e-001 4.24809880e-001  4.24806421e-001 -2.80829474e+000 -2.80829475e+000  -2.80829475e+000
 -2.06374802e+000 -2.06376800e+000 -2.06377481e+000
 -2.97899585e+000 -2.97901583e+000 -2.97902264e+000
 -2.20562481e+000 -2.20564479e+000 -2.20565159e+000
 1.86005375e+000 1.86003378e+000 1.86002698e+000
 -1.65542928e+000 -1.65542928e+000 -1.65542928e+000
 1.76397119e+000 1.76395121e+000 1.76394440e+000
 -1.98663736e+000 -1.98665728e+000 -1.98666407e+000
 -1.92743355e+000 -1.92743355e+000 -1.92743355e+000
 -6.26553931e-001 -6.26573890e-001 -6.26580695e-001
 -1.01731863e+000 -1.01731863e+000 -1.01731863e+000
 1.05144957e+000 1.05143559e+000 1.05142976e+000
 1.28085723e+000 1.28085723e+000 1.28085723e+000
 9.02409472e-001 9.02409471e-001 9.02409471e-001
 2.03613163e+000 2.03612116e+000 2.03611762e+000
 7.06369434e-001 7.06369433e-001 7.06369433e-001
