  1.5913e+000 -1.5580e-001  8.4501e-001  6.1106e-002  1.3749e-001
 -1.8823e-001 -4.2338e-001 -6.4491e-001 -1.8109e-001  9.6900e-001
 -2.8659e-001 -2.3690e-003 -1.5890e-003 -7.1193e-004 -3.0352e-004
 -1.2078e-005
  2.0428e+000
 1.28334335e+000 1.28334335e+000  1.28334335e+000 9.89566927e-001 9.89566927e-001  9.89566927e-001 -1.19003622e-001 -1.19003622e-001  -1.19003622e-001 -3.00065347e-001 -3.00065347e-001  -3.00065347e-001 5.60236924e-001 5.60236924e-001  5.60236924e-001
 2.75247599e-001 2.75247599e-001  2.75247599e-001 1.40887267e-001 1.40887267e-001  1.40887267e-001 -1.76617395e+000 -1.76617395e+000  -1.76617395e+000 -3.54315808e-002 -3.54315808e-002  -3.54315808e-002 6.71434194e-002 6.71434194e-002  6.71434194e-002
 -1.10662632e+000 -1.10662632e+000  -1.10662632e+000 -2.06283721e-002 -2.06283721e-002  -2.06283721e-002 -4.43301295e-003 -4.43301295e-003  -4.43301295e-003 -7.27720304e-004 -7.27720304e-004  -7.27720304e-004 -9.24125435e-005 -9.24125435e-005  -9.24125435e-005
 -2.37585644e-006 -2.37585644e-006  -2.37585644e-006
 1.65491654e+000 1.65491654e+000  1.65491654e+000 1.50047958e+000 1.50047958e+000  1.50047958e+000 -1.43333091e-001 -1.43333091e-001  -1.43333091e-001 1.11823189e-001 1.11823189e-001  1.11823189e-001 1.60429791e+000 1.60429791e+000  1.60429791e+000
 1.09814183e+000 1.09814183e+000  1.09814183e+000 -1.29153983e-001 -1.29153983e-001  -1.29153983e-001 -6.68418033e-001 -6.68418033e-001  -6.68418033e-001 -1.62124347e+000 -1.62124347e+000  -1.62124347e+000 2.91137040e+000 2.91137040e+000  2.91137040e+000
 2.24065434e-001 2.24065434e-001  2.24065434e-001 -8.47627940e-003 -8.47627940e-003  -8.47627940e-003 -2.63153279e-003 -2.63153279e-003  -2.63153279e-003 -6.24546071e-004 -6.24546071e-004  -6.24546071e-004 -1.66174355e-004 -1.66174355e-004  -1.66174355e-004
 -6.08264008e-006 -6.08264008e-006  -6.08264008e-006
 -3.40901047e-002 -3.40901047e-002  -3.40901047e-002 -2.53456115e+000 -2.53456115e+000  -2.53456115e+000 -8.79736915e-001 -8.79736915e-001  -8.79736915e-001 9.82715288e-002 9.82715288e-002  9.82715288e-002 -2.41680190e+000 -2.41680190e+000  -2.41680190e+000
 -2.14837322e+000 -2.14837322e+000  -2.14837322e+000 -9.27924755e-001 -9.27924755e-001  -9.27924755e-001 3.40884786e-001 3.40884786e-001  3.40884786e-001 -1.58144177e-001 -1.58144177e-001  -1.58144177e-001 -1.78255756e+000 -1.78255756e+000  -1.78255756e+000
 1.21593182e+000 1.21593182e+000  1.21593182e+000 4.27259617e-002 4.27259617e-002  4.27259617e-002 8.55736391e-003 8.55736391e-003  8.55736391e-003 1.17522395e-003 1.17522395e-003  1.17522395e-003 -1.78985232e-005 -1.78985232e-005  -1.78985232e-005
 -5.21223227e-006 -5.21223227e-006  -5.21223227e-006
 1.24712241e+000 1.24712241e+000  1.24712241e+000 1.50658611e-001 1.50658611e-001  1.50658611e-001 3.86640675e+000 3.86640675e+000  3.86640675e+000 1.79576196e-001 1.79576196e-001  1.79576196e-001 7.91561371e-001 7.91561371e-001  7.91561371e-001
 2.55447440e-001 2.55447440e-001  2.55447440e-001 7.99961509e-001 7.99961509e-001  7.99961509e-001 2.06838848e+000 2.06838848e+000  2.06838848e+000 3.88101300e-001 3.88101300e-001  3.88101300e-001 1.66873227e+000 1.66873227e+000  1.66873227e+000
 -4.86937038e-001 -4.86937038e-001  -4.86937038e-001 -2.40781995e-002 -2.40781995e-002  -2.40781995e-002 -5.22477454e-003 -5.22477454e-003  -5.22477454e-003 -1.08253324e-003 -1.08253324e-003  -1.08253324e-003 -1.90033383e-004 -1.90033383e-004  -1.90033383e-004
 -5.52138543e-006 -5.52138543e-006  -5.52138543e-006
 -1.68128295e+000 -1.68128265e+000  -1.68128275e+000 -3.83219252e-001 -3.83217523e-001  -3.83218597e-001 -1.36541602e+000 -1.36541512e+000  -1.36541669e+000 -1.81991410e-001 -1.81991914e-001  -1.81989666e-001 -2.13176941e-001 -2.13174731e-001  -2.13177338e-001
 -1.08999978e-001 -1.09003467e-001  -1.09001165e-001 -3.70227798e-001 -3.70227727e-001  -3.70228912e-001 -1.37899791e+000 -1.37899742e+000  -1.37899612e+000 1.13747351e+000 1.13747385e+000  1.13747151e+000 -1.79473953e+000 -1.79473967e+000  -1.79473811e+000
 -2.18587482e-001 -2.18585982e-001  -2.18588899e-001 5.64324076e-003 5.64306582e-003  5.64327860e-003 1.19195007e-003 1.19191619e-003  1.19195795e-003 1.39680337e-004 1.39675316e-004  1.39681510e-004 -1.17538385e-005 -1.17537726e-005  -1.17538508e-005
 -9.38076062e-007 -9.38060437e-007  -9.38076635e-007
 1.50159008e+000 1.50159008e+000  1.50159008e+000 5.72919708e-001 5.72919708e-001  5.72919708e-001 -9.06091751e-001 -9.06091751e-001  -9.06091751e-001 -2.37826392e-001 -2.37826392e-001  -2.37826392e-001 -1.86336206e-001 -1.86336206e-001  -1.86336206e-001
 3.40277067e-001 3.40277067e-001  3.40277067e-001 -2.79054238e-001 -2.79054238e-001  -2.79054238e-001 2.02075032e-001 2.02075032e-001  2.02075032e-001 -4.02996091e-001 -4.02996091e-001  -4.02996091e-001 1.98538318e+000 1.98538318e+000  1.98538318e+000
 7.48444306e-001 7.48444306e-001  7.48444306e-001 -3.80502780e-002 -3.80502780e-002  -3.80502780e-002 -5.95089972e-003 -5.95089972e-003  -5.95089972e-003 -6.88041299e-004 -6.88041299e-004  -6.88041299e-004 -4.68292244e-005 -4.68292244e-005  -4.68292244e-005
 -1.26497520e-007 -1.26497520e-007  -1.26497520e-007
 6.27118789e-001 6.27118789e-001  6.27118789e-001 -9.55851808e-001 -9.55851808e-001  -9.55851808e-001 3.57952690e-002 3.57952690e-002  3.57952690e-002 -8.81811247e-001 -8.81811247e-001  -8.81811247e-001 -3.64972843e-001 -3.64972843e-001  -3.64972843e-001
 5.95594400e-001 5.95594400e-001  5.95594400e-001 -1.55210201e+000 -1.55210201e+000  -1.55210201e+000 1.39119409e-001 1.39119409e-001  1.39119409e-001 -8.47693569e-001 -8.47693569e-001  -8.47693569e-001 -5.25027293e-001 -5.25027293e-001  -5.25027293e-001
 -9.89331779e-001 -9.89331779e-001  -9.89331779e-001 -7.11576355e-003 -7.11576355e-003  -7.11576355e-003 -1.35787305e-003 -1.35787305e-003  -1.35787305e-003 -2.25382565e-004 -2.25382565e-004  -2.25382565e-004 -2.49374060e-005 -2.49374060e-005  -2.49374060e-005
 7.97946610e-008 7.97946610e-008  7.97946610e-008
 -1.21282442e+000 -1.21282442e+000  -1.21282442e+000 -1.57778470e-001 -1.57778470e-001  -1.57778470e-001 1.45366743e-001 1.45366743e-001  1.45366743e-001 -1.99967666e-001 -1.99967666e-001  -1.99967666e-001 2.13505694e+000 2.13505694e+000  2.13505694e+000
 -1.40237681e+000 -1.40237681e+000  -1.40237681e+000 -7.15499603e-001 -7.15499603e-001  -7.15499603e-001 1.51587476e+000 1.51587476e+000  1.51587476e+000 -4.58227530e-001 -4.58227530e-001  -4.58227530e-001 1.06484479e+000 1.06484479e+000  1.06484479e+000
 4.24632383e-001 4.24632383e-001  4.24632383e-001 8.75099318e-003 8.75099318e-003  8.75099318e-003 4.97316719e-005 4.97316719e-005  4.97316719e-005 -1.64199429e-004 -1.64199429e-004  -1.64199429e-004 -1.77240786e-005 -1.77240786e-005  -1.77240786e-005
 -8.00119245e-008 -8.00119245e-008  -8.00119245e-008
 -1.33201037e+000 -1.33201037e+000  -1.33201037e+000 6.15468575e-001 6.15468575e-001  6.15468575e-001 -5.18863281e-001 -5.18863281e-001  -5.18863281e-001 -3.04258166e-002 -3.04258166e-002  -3.04258166e-002 -2.01559072e-001 -2.01559072e-001  -2.01559072e-001
 -9.07222458e-001 -9.07222458e-001  -9.07222458e-001 5.71254347e-001 5.71254347e-001  5.71254347e-001 -8.89719519e-001 -8.89719519e-001  -8.89719519e-001 -3.12954990e-001 -3.12954990e-001  -3.12954990e-001 -4.72775024e-001 -4.72775024e-001  -4.72775024e-001
 1.26473099e+000 1.26473099e+000  1.26473099e+000 -1.57763108e-003 -1.57763108e-003  -1.57763108e-003 -9.88295069e-004 -9.88295069e-004  -9.88295069e-004 -1.87245699e-004 -1.87245699e-004  -1.87245699e-004 8.50210259e-006 8.50210259e-006  8.50210259e-006
 5.53524185e-007 5.53524185e-007  5.53524185e-007
 -5.20272120e-001 -5.20272120e-001  -5.20272120e-001 -1.80402731e-001 -1.80402731e-001  -1.80402731e-001 1.50939050e+000 1.50939050e+000  1.50939050e+000 1.01178131e+000 1.01178131e+000  1.01178131e+000 1.73296792e+000 1.73296792e+000  1.73296792e+000
 2.00795402e+000 2.00795402e+000  2.00795402e+000 8.67152246e-001 8.67152246e-001  8.67152246e-001 7.94551010e-001 7.94551010e-001  7.94551010e-001 1.32838787e+000 1.32838787e+000  1.32838787e+000 1.50109214e+000 1.50109214e+000  1.50109214e+000
 1.03513178e+000 1.03513178e+000  1.03513178e+000 2.14916254e-002 2.14916254e-002  2.14916254e-002 4.20833812e-003 4.20833812e-003  4.20833812e-003 5.85877459e-004 5.85877459e-004  5.85877459e-004 1.65217056e-005 1.65217056e-005  1.65217056e-005
 -1.59554906e-006 -1.59554906e-006  -1.59554906e-006
 1.34365619e+000 1.34365619e+000  1.34365619e+000 1.41027898e+000 1.41027898e+000  1.41027898e+000 -4.07387567e-001 -4.07387567e-001  -4.07387567e-001 4.71548467e-002 4.71548467e-002  4.71548467e-002 9.19508143e-001 9.19508143e-001  9.19508143e-001
 -2.91414684e-001 -2.91414684e-001  -2.91414684e-001 -2.22127369e-002 -2.22127369e-002  -2.22127369e-002 5.75924712e-001 5.75924712e-001  5.75924712e-001 -1.03907634e+000 -1.03907634e+000  -1.03907634e+000 1.03276183e+000 1.03276183e+000  1.03276183e+000
 -2.78331232e-001 -2.78331232e-001  -2.78331232e-001 3.47261134e-002 3.47261134e-002  3.47261134e-002 7.36901040e-003 7.36901040e-003  7.36901040e-003 1.21737098e-003 1.21737098e-003  1.21737098e-003 1.55877631e-004 1.55877631e-004  1.55877631e-004
 1.25461655e-006 1.25461655e-006  1.25461655e-006
 -7.92066008e-001 -7.92066008e-001  -7.92066008e-001 -9.65726155e-002 -9.65726155e-002  -9.65726155e-002 8.51405078e-001 8.51405078e-001  8.51405078e-001 -8.50475354e-001 -8.50475354e-001  -8.50475354e-001 6.27879988e-001 6.27879988e-001  6.27879988e-001
 1.34293304e+000 1.34293304e+000  1.34293304e+000 -8.76831342e-001 -8.76831342e-001  -8.76831342e-001 -8.37536553e-001 -8.37536553e-001  -8.37536553e-001 -1.67755314e+000 -1.67755314e+000  -1.67755314e+000 -1.56151752e+000 -1.56151752e+000  -1.56151752e+000
 -1.26428753e+000 -1.26428753e+000  -1.26428753e+000 6.54314406e-004 6.54314406e-004  6.54314406e-004 6.46478460e-004 6.46478460e-004  6.46478460e-004 2.30970982e-004 2.30970982e-004  2.30970982e-004 5.38898690e-006 5.38898690e-006  5.38898690e-006
 8.89881731e-007 8.89881731e-007  8.89881731e-007
 -8.74245508e-001 -8.74245508e-001  -8.74245508e-001 3.01330683e-001 3.01330683e-001  3.01330683e-001 -5.54413096e-001 -5.54413096e-001  -5.54413096e-001 -1.23577200e-001 -1.23577200e-001  -1.23577200e-001 -1.59642737e-001 -1.59642737e-001  -1.59642737e-001
 -5.17270851e-001 -5.17270851e-001  -5.17270851e-001 5.05874937e-001 5.05874937e-001  5.05874937e-001 -9.38055416e-001 -9.38055416e-001  -9.38055416e-001 -1.08681718e+000 -1.08681718e+000  -1.08681718e+000 1.16514976e+000 1.16514976e+000  1.16514976e+000
 1.79479134e-001 1.79479134e-001  1.79479134e-001 2.52903029e-002 2.52903029e-002  2.52903029e-002 4.20530653e-003 4.20530653e-003  4.20530653e-003 5.23671695e-004 5.23671695e-004  5.23671695e-004 3.17380195e-005 3.17380195e-005  3.17380195e-005
 -6.26917847e-007 -6.26917847e-007  -6.26917847e-007
 -5.76838472e-002 -5.76838472e-002  -5.76838472e-002 -6.85197915e-001 -6.85197915e-001  -6.85197915e-001 -4.84044956e-001 -4.84044956e-001  -4.84044956e-001 3.43993948e-001 3.43993948e-001  3.43993948e-001 -1.75670733e-001 -1.75670733e-001  -1.75670733e-001
 1.13458330e+000 1.13458330e+000  1.13458330e+000 -2.52050487e-001 -2.52050487e-001  -2.52050487e-001 -4.29894778e-001 -4.29894778e-001  -4.29894778e-001 4.37005041e-001 4.37005041e-001  4.37005041e-001 -2.78777059e-001 -2.78777059e-001  -2.78777059e-001
 9.61113111e-001 9.61113111e-001  9.61113111e-001 4.22549557e-002 4.22549557e-002  4.22549557e-002 6.65822468e-003 6.65822468e-003  6.65822468e-003 5.93051458e-004 5.93051458e-004  5.93051458e-004 -5.74359636e-005 -5.74359636e-005  -5.74359636e-005
 -3.46037887e-006 -3.46037887e-006  -3.46037887e-006
 1.96894267e+000 1.96894267e+000  1.96894267e+000 -2.16056858e-001 -2.16056858e-001  -2.16056858e-001 -2.98818310e-001 -2.98818310e-001  -2.98818310e-001 7.34533252e-002 7.34533252e-002  7.34533252e-002 7.79318797e-001 7.79318797e-001  7.79318797e-001
 1.44920604e-001 1.44920604e-001  1.44920604e-001 -2.44812994e-001 -2.44812994e-001  -2.44812994e-001 4.36537967e-001 4.36537967e-001  4.36537967e-001 -5.34162562e-001 -5.34162562e-001  -5.34162562e-001 3.61209250e-001 3.61209250e-001  3.61209250e-001
 -4.54057502e-001 -4.54057502e-001  -4.54057502e-001 -3.80288250e-002 -3.80288250e-002  -3.80288250e-002 -4.56043077e-003 -4.56043077e-003  -4.56043077e-003 -4.42352359e-004 -4.42352359e-004  -4.42352359e-004 -4.32538094e-005 -4.32538094e-005  -4.32538094e-005
 -1.37430852e-006 -1.37430852e-006  -1.37430852e-006
 1.05256572e+000 1.05256572e+000  1.05256572e+000 -3.86940194e-001 -3.86940194e-001  -3.86940194e-001 -3.37521199e-001 -3.37521199e-001  -3.37521199e-001 3.85429278e-001 3.85429278e-001  3.85429278e-001 -1.95740211e-001 -1.95740211e-001  -1.95740211e-001
 6.95623823e-002 6.95623823e-002  6.95623823e-002 9.04825610e-001 9.04825610e-001  9.04825610e-001 2.71302612e-001 2.71302612e-001  2.71302612e-001 5.25274624e-001 5.25274624e-001  5.25274624e-001 -1.32183433e-001 -1.32183433e-001  -1.32183433e-001
 6.70701532e-001 6.70701532e-001  6.70701532e-001 -2.28533557e-002 -2.28533557e-002  -2.28533557e-002 -2.53717305e-003 -2.53717305e-003  -2.53717305e-003 -2.14817157e-004 -2.14817157e-004  -2.14817157e-004 -3.30779410e-005 -3.30779410e-005  -3.30779410e-005
 -1.27311683e-006 -1.27311683e-006  -1.27311683e-006
 -7.96993800e-001 -7.96993805e-001  -7.96993818e-001 -7.14126348e-002 -7.14126365e-002  -7.14126406e-002 1.87081993e+000 1.87081992e+000  1.87081989e+000 -2.66324629e-001 -2.66324626e-001  -2.66324621e-001 1.05179482e+000 1.05179480e+000  1.05179476e+000
 -1.05132590e+000 -1.05132590e+000  -1.05132589e+000 -3.39889617e-001 -3.39889619e-001  -3.39889625e-001 6.99191594e-001 6.99191608e-001  6.99191645e-001 -4.02383841e-001 -4.02383843e-001  -4.02383847e-001 -1.09094408e-001 -1.09094402e-001  -1.09094387e-001
 -1.11059514e+000 -1.11059514e+000  -1.11059514e+000 -5.25535911e-002 -5.25535898e-002  -5.25535866e-002 -9.83342945e-003 -9.83342920e-003  -9.83342858e-003 -1.21578959e-003 -1.21578955e-003  -1.21578946e-003 -7.77873217e-005 -7.77873222e-005  -7.77873232e-005
 -1.17980101e-006 -1.17980107e-006  -1.17980123e-006
 1.91542195e+000 1.91542191e+000  1.91542183e+000 1.32090724e-001 1.32090296e-001  1.32089225e-001 1.39506570e+000 1.39506508e+000  1.39506353e+000 5.91621201e-001 5.91622098e-001  5.91624340e-001 2.15600378e-001 2.15599351e-001  2.15596784e-001
 1.32723499e+000 1.32723591e+000  1.32723821e+000 2.15935886e-001 2.15935414e-001  2.15934234e-001 3.28046724e-001 3.28047228e-001  3.28048490e-001 1.05432197e+000 1.05432103e+000  1.05431869e+000 1.22736171e+000 1.22736233e+000  1.22736387e+000
 1.08696171e+000 1.08696055e+000  1.08695763e+000 5.74738883e-003 5.74747268e-003  5.74768229e-003 1.56989383e-003 1.56991029e-003  1.56995143e-003 4.42479975e-004 4.42482416e-004  4.42488518e-004 7.58527276e-005 7.58526967e-005  7.58526196e-005
 3.01292165e-007 3.01285750e-007  3.01269712e-007
 -1.08589700e+000 -1.08589666e+000  -1.08589666e+000 9.24714390e-001 9.24716549e-001  9.24716549e-001 1.06839359e+000 1.06839512e+000  1.06839512e+000 4.57620112e-001 4.57618709e-001  4.57618709e-001 -1.23692384e+000 -1.23692059e+000  -1.23692059e+000
 2.97723613e-001 2.97719203e-001  2.97719203e-001 6.83307685e-001 6.83308230e-001  6.83308230e-001 -4.71735833e-001 -4.71735866e-001  -4.71735866e-001 2.07915573e+000 2.07915701e+000  2.07915701e+000 9.79900673e-001 9.79899908e-001  9.79899908e-001
 9.81238362e-001 9.81241029e-001  9.81241029e-001 4.52001182e-002 4.51998581e-002  4.51998581e-002 8.60485712e-003 8.60480653e-003  8.60480653e-003 1.14120445e-003 1.14119695e-003  1.14119695e-003 3.31128830e-005 3.31129801e-005  3.31129801e-005
 -1.01118203e-006 -1.01115992e-006  -1.01115992e-006
 5.13404743e-001 5.13404743e-001  5.13404743e-001 1.70743279e+000 1.70743279e+000  1.70743279e+000 1.25822867e+000 1.25822867e+000  1.25822867e+000 7.81592900e-001 7.81592900e-001  7.81592900e-001 1.11080697e-001 1.11080697e-001  1.11080697e-001
 -2.70478168e-001 -2.70478168e-001  -2.70478168e-001 5.66798249e-001 5.66798249e-001  5.66798249e-001 1.36016596e+000 1.36016596e+000  1.36016596e+000 4.18293024e-001 4.18293024e-001  4.18293024e-001 5.36377385e-001 5.36377385e-001  5.36377385e-001
 1.41964260e+000 1.41964260e+000  1.41964260e+000 -1.41594944e-003 -1.41594944e-003  -1.41594944e-003 -3.68183235e-004 -3.68183235e-004  -3.68183235e-004 -1.50639641e-004 -1.50639641e-004  -1.50639641e-004 -5.41792316e-005 -5.41792316e-005  -5.41792316e-005
 -2.27792452e-006 -2.27792452e-006  -2.27792452e-006
 -1.44726315e+000 -1.44726315e+000  -1.44726315e+000 4.35305323e-002 4.35305323e-002  4.35305323e-002 7.00777968e-001 7.00777968e-001  7.00777968e-001 -3.55431129e-002 -3.55431129e-002  -3.55431129e-002 5.60405964e-001 5.60405964e-001  5.60405964e-001
 -4.24188214e-001 -4.24188214e-001  -4.24188214e-001 2.51653008e-002 2.51653008e-002  2.51653008e-002 5.72114019e-001 5.72114019e-001  5.72114019e-001 -5.65601023e-001 -5.65601023e-001  -5.65601023e-001 3.89083576e-001 3.89083576e-001  3.89083576e-001
 2.36705159e-001 2.36705159e-001  2.36705159e-001 -2.61826324e-002 -2.61826324e-002  -2.61826324e-002 -4.34442992e-003 -4.34442992e-003  -4.34442992e-003 -6.14049729e-004 -6.14049729e-004  -6.14049729e-004 -9.26480565e-005 -9.26480565e-005  -9.26480565e-005
 -1.10612696e-006 -1.10612696e-006  -1.10612696e-006
 -1.52943996e+000 -1.52943996e+000  -1.52943996e+000 -4.62536181e-001 -4.62536181e-001  -4.62536181e-001 -5.80903268e-001 -5.80903268e-001  -5.80903268e-001 7.84081922e-001 7.84081922e-001  7.84081922e-001 8.70353170e-001 8.70353170e-001  8.70353170e-001
 -2.88672272e-001 -2.88672272e-001  -2.88672272e-001 5.74411172e-001 5.74411172e-001  5.74411172e-001 4.04908514e-002 4.04908514e-002  4.04908514e-002 -4.67979444e-001 -4.67979444e-001  -4.67979444e-001 -5.15488512e-001 -5.15488512e-001  -5.15488512e-001
 7.57885384e-001 7.57885384e-001  7.57885384e-001 -1.47020913e-002 -1.47020913e-002  -1.47020913e-002 -2.03925449e-003 -2.03925449e-003  -2.03925449e-003 -1.79273926e-004 -1.79273926e-004  -1.79273926e-004 1.48079757e-005 1.48079757e-005  1.48079757e-005
 2.26111325e-007 2.26111325e-007  2.26111325e-007
 2.88408169e+000 2.88408169e+000  2.88408169e+000 1.46684235e-001 1.46684235e-001  1.46684235e-001 7.58702092e-001 7.58702092e-001  7.58702092e-001 -3.19311722e-002 -3.19311722e-002  -3.19311722e-002 -7.79508305e-001 -7.79508305e-001  -7.79508305e-001
 -9.34416359e-001 -9.34416359e-001  -9.34416359e-001 2.59206730e-001 2.59206730e-001  2.59206730e-001 -2.67467317e-001 -2.67467317e-001  -2.67467317e-001 6.46159589e-001 6.46159589e-001  6.46159589e-001 -2.59880745e-001 -2.59880745e-001  -2.59880745e-001
 -6.63418434e-001 -6.63418434e-001  -6.63418434e-001 1.04405134e-002 1.04405134e-002  1.04405134e-002 1.67306017e-003 1.67306017e-003  1.67306017e-003 1.98466486e-004 1.98466486e-004  1.98466486e-004 -1.01237450e-005 -1.01237450e-005  -1.01237450e-005
 -6.77724903e-007 -6.77724903e-007  -6.77724903e-007
 1.36209322e-001 1.36209322e-001  1.36209322e-001 2.79942366e-001 2.79942366e-001  2.79942366e-001 6.02729582e-001 6.02729582e-001  6.02729582e-001 2.13690090e-001 2.13690090e-001  2.13690090e-001 -2.49750701e-001 -2.49750701e-001  -2.49750701e-001
 -1.26812917e+000 -1.26812917e+000  -1.26812917e+000 -1.19615446e-001 -1.19615446e-001  -1.19615446e-001 8.79417674e-001 8.79417674e-001  8.79417674e-001 3.75906291e-001 3.75906291e-001  3.75906291e-001 -8.79878615e-001 -8.79878615e-001  -8.79878615e-001
 6.19286889e-001 6.19286889e-001  6.19286889e-001 3.08028148e-003 3.08028148e-003  3.08028148e-003 7.89014358e-004 7.89014358e-004  7.89014358e-004 7.39046479e-005 7.39046479e-005  7.39046479e-005 -4.22864658e-005 -4.22864658e-005  -4.22864658e-005
 -3.82311178e-007 -3.82311178e-007  -3.82311178e-007
 1.20467692e+000 1.20467692e+000  1.20467692e+000 4.08462621e-001 4.08462621e-001  4.08462621e-001 -1.18787965e+000 -1.18787965e+000  -1.18787965e+000 -3.79474815e-001 -3.79474815e-001  -3.79474815e-001 -1.92336449e-001 -1.92336449e-001  -1.92336449e-001
 -6.32565586e-001 -6.32565586e-001  -6.32565586e-001 -1.55581921e-001 -1.55581921e-001  -1.55581921e-001 -1.34565460e+000 -1.34565460e+000  -1.34565460e+000 3.31830054e-001 3.31830054e-001  3.31830054e-001 -2.97459433e-001 -2.97459433e-001  -2.97459433e-001
 -9.84998741e-001 -9.84998741e-001  -9.84998741e-001 -3.48143229e-002 -3.48143229e-002  -3.48143229e-002 -5.80993095e-003 -5.80993095e-003  -5.80993095e-003 -7.25431272e-004 -7.25431272e-004  -7.25431272e-004 -5.04472225e-005 -5.04472225e-005  -5.04472225e-005
 -7.88329182e-007 -7.88329182e-007  -7.88329182e-007
 8.44048286e-001 8.44048286e-001  8.44048286e-001 1.43046798e-001 1.43046798e-001  1.43046798e-001 9.68488164e-001 9.68488164e-001  9.68488164e-001 -1.26578057e-001 -1.26578057e-001  -1.26578057e-001 2.85543761e-001 2.85543761e-001  2.85543761e-001
 -5.54355261e-001 -5.54355261e-001  -5.54355261e-001 3.99296729e-001 3.99296729e-001  3.99296729e-001 1.95778700e+000 1.95778700e+000  1.95778700e+000 9.89212471e-002 9.89212471e-002  9.89212471e-002 -2.44210395e-001 -2.44210395e-001  -2.44210395e-001
 -6.20418208e-001 -6.20418208e-001  -6.20418208e-001 6.17735065e-003 6.17735065e-003  6.17735065e-003 1.70485680e-003 1.70485680e-003  1.70485680e-003 3.93808496e-004 3.93808496e-004  3.93808496e-004 9.22522703e-005 9.22522703e-005  9.22522703e-005
 2.27264776e-006 2.27264776e-006  2.27264776e-006
 -3.35249944e+000 -3.35249944e+000  -3.35249944e+000 -5.85224519e-001 -5.85224519e-001  -5.85224519e-001 -6.58540729e-001 -6.58540729e-001  -6.58540729e-001 -4.69682733e-001 -4.69682733e-001  -4.69682733e-001 -8.38676440e-001 -8.38676440e-001  -8.38676440e-001
 -5.54008283e-001 -5.54008283e-001  -5.54008283e-001 5.23359213e-001 5.23359213e-001  5.23359213e-001 -1.41670768e+000 -1.41670768e+000  -1.41670768e+000 -1.25772896e+000 -1.25772896e+000  -1.25772896e+000 -2.57931104e+000 -2.57931104e+000  -2.57931104e+000
 -1.39116109e+000 -1.39116109e+000  -1.39116109e+000 -1.23095373e-002 -1.23095373e-002  -1.23095373e-002 -2.03191205e-003 -2.03191205e-003  -2.03191205e-003 -1.17279518e-004 -1.17279518e-004  -1.17279518e-004 3.86409481e-005 3.86409481e-005  3.86409481e-005
 -1.64718072e-007 -1.64718072e-007  -1.64718072e-007
 5.02280345e-001 5.02280345e-001  5.02280345e-001 7.99013306e-001 7.99013306e-001  7.99013306e-001 -9.74522778e-001 -9.74522778e-001  -9.74522778e-001 3.51058621e-001 3.51058621e-001  3.51058621e-001 1.00749417e+000 1.00749417e+000  1.00749417e+000
 1.42840298e+000 1.42840298e+000  1.42840298e+000 5.08476776e-001 5.08476776e-001  5.08476776e-001 -7.10688366e-001 -7.10688366e-001  -7.10688366e-001 1.20380902e-001 1.20380902e-001  1.20380902e-001 4.59247941e-001 4.59247941e-001  4.59247941e-001
 9.74300672e-001 9.74300672e-001  9.74300672e-001 6.37695114e-003 6.37695114e-003  6.37695114e-003 -5.26482358e-004 -5.26482358e-004  -5.26482358e-004 -4.77279056e-004 -4.77279056e-004  -4.77279056e-004 -1.03541808e-004 -1.03541808e-004  -1.03541808e-004
 -6.27696500e-007 -6.27696500e-007  -6.27696500e-007
 6.29777554e-001 6.29777554e-001  6.29777554e-001 3.35045427e-001 3.35045427e-001  3.35045427e-001 2.58061845e-001 2.58061845e-001  2.58061845e-001 -8.58203283e-003 -8.58203283e-003  -8.58203283e-003 -1.28356240e+000 -1.28356240e+000  -1.28356240e+000
 -1.23944438e+000 -1.23944438e+000  -1.23944438e+000 -8.47269829e-001 -8.47269829e-001  -8.47269829e-001 -8.15709646e-001 -8.15709646e-001  -8.15709646e-001 5.39838975e-001 5.39838975e-001  5.39838975e-001 1.47764227e+000 1.47764227e+000  1.47764227e+000
 5.43141192e-001 5.43141192e-001  5.43141192e-001 -4.89955742e-002 -4.89955742e-002  -4.89955742e-002 -9.82218198e-003 -9.82218198e-003  -9.82218198e-003 -1.48272626e-003 -1.48272626e-003  -1.48272626e-003 -1.69540589e-004 -1.69540589e-004  -1.69540589e-004
 -3.28333218e-006 -3.28333218e-006  -3.28333218e-006
 -1.18746128e+000 -1.18746128e+000  -1.18746128e+000 -9.61804033e-001 -9.61804033e-001  -9.61804033e-001 1.13565111e+000 1.13565111e+000  1.13565111e+000 2.00198496e-001 2.00198496e-001  2.00198496e-001 -7.23721924e-001 -7.23721924e-001  -7.23721924e-001
 4.08075527e-001 4.08075527e-001  4.08075527e-001 -2.21313126e-001 -2.21313126e-001  -2.21313126e-001 -5.52570994e-001 -5.52570994e-001  -5.52570994e-001 1.06505874e+000 1.06505874e+000  1.06505874e+000 7.88758351e-001 7.88758351e-001  7.88758351e-001
 3.56291107e-001 3.56291107e-001  3.56291107e-001 4.56488395e-003 4.56488395e-003  4.56488395e-003 8.77667707e-004 8.77667707e-004  8.77667707e-004 2.29044722e-005 2.29044722e-005  2.29044722e-005 -1.00997854e-005 -1.00997854e-005  -1.00997854e-005
 -8.26317358e-007 -8.26317358e-007  -8.26317358e-007
 2.22584969e+000 2.22584969e+000  2.22584969e+000 -1.51372687e-001 -1.51372687e-001  -1.51372687e-001 -2.01332028e+000 -2.01332028e+000  -2.01332028e+000 -5.89485612e-001 -5.89485612e-001  -5.89485612e-001 -4.78202187e-001 -4.78202187e-001  -4.78202187e-001
 -5.01360660e-001 -5.01360660e-001  -5.01360660e-001 -5.23488054e-001 -5.23488054e-001  -5.23488054e-001 3.32025227e-001 3.32025227e-001  3.32025227e-001 -1.21660299e+000 -1.21660299e+000  -1.21660299e+000 -1.58535237e+000 -1.58535237e+000  -1.58535237e+000
 -2.37958027e+000 -2.37958027e+000  -2.37958027e+000 9.82727557e-003 9.82727557e-003  9.82727557e-003 3.27869527e-004 3.27869527e-004  3.27869527e-004 -7.75164268e-005 -7.75164268e-005  -7.75164268e-005 -2.46392813e-005 -2.46392813e-005  -2.46392813e-005
 -1.43762505e-006 -1.43762505e-006  -1.43762505e-006
 1.50438282e+000 1.50438282e+000  1.50438282e+000 2.01724930e-001 2.01724930e-001  2.01724930e-001 7.63056151e-001 7.63056151e-001  7.63056151e-001 3.93782373e-001 3.93782373e-001  3.93782373e-001 1.19606392e-001 1.19606392e-001  1.19606392e-001
 1.58985713e+000 1.58985713e+000  1.58985713e+000 1.28035015e+000 1.28035015e+000  1.28035015e+000 -3.40199122e-002 -3.40199122e-002  -3.40199122e-002 7.72194537e-001 7.72194537e-001  7.72194537e-001 -1.32208729e+000 -1.32208729e+000  -1.32208729e+000
 3.07325326e-001 3.07325326e-001  3.07325326e-001 3.34992747e-002 3.34992747e-002  3.34992747e-002 5.59462495e-003 5.59462495e-003  5.59462495e-003 6.48111729e-004 6.48111729e-004  6.48111729e-004 3.82342329e-005 3.82342329e-005  3.82342329e-005
 6.71787533e-007 6.71787533e-007  6.71787533e-007
 -1.75102623e+000 -1.75102623e+000  -1.75102623e+000 -1.84206073e-001 -1.84206073e-001  -1.84206073e-001 -1.25178773e+000 -1.25178773e+000  -1.25178773e+000 -4.50481061e-001 -4.50481061e-001  -4.50481061e-001 -1.63280522e+000 -1.63280522e+000  -1.63280522e+000
 -1.20974633e+000 -1.20974633e+000  -1.20974633e+000 -9.69601978e-001 -9.69601978e-001  -9.69601978e-001 -2.91246611e+000 -2.91246611e+000  -2.91246611e+000 5.53008612e-001 5.53008612e-001  5.53008612e-001 -4.47763316e-001 -4.47763316e-001  -4.47763316e-001
 -1.05314771e+000 -1.05314771e+000  -1.05314771e+000 1.12089515e-003 1.12089515e-003  1.12089515e-003 -1.42621448e-003 -1.42621448e-003  -1.42621448e-003 -5.49707785e-004 -5.49707785e-004  -5.49707785e-004 -9.07459475e-005 -9.07459475e-005  -9.07459475e-005
 -1.12082213e-006 -1.12082213e-006  -1.12082213e-006
 2.87900990e-001 2.87900990e-001  2.87900990e-001 -1.10080287e+000 -1.10080287e+000  -1.10080287e+000 -5.98144893e-001 -5.98144893e-001  -5.98144893e-001 -1.44742456e-001 -1.44742456e-001  -1.44742456e-001 7.55685013e-002 7.55685013e-002  7.55685013e-002
 2.90576359e-001 2.90576359e-001  2.90576359e-001 -5.64902261e-002 -5.64902261e-002  -5.64902261e-002 1.01832949e+000 1.01832949e+000  1.01832949e+000 -4.30930501e-001 -4.30930501e-001  -4.30930501e-001 -3.70288202e-001 -3.70288202e-001  -3.70288202e-001
 -1.00169244e-001 -1.00169244e-001  -1.00169244e-001 2.15299199e-003 2.15299199e-003  2.15299199e-003 3.98811427e-004 3.98811427e-004  3.98811427e-004 7.78867252e-006 7.78867252e-006  7.78867252e-006 -1.66062407e-005 -1.66062407e-005  -1.66062407e-005
 -8.68311292e-007 -8.68311292e-007  -8.68311292e-007
 -8.53796273e-001 -8.53796273e-001  -8.53796273e-001 -2.04501430e+000 -2.04501430e+000  -2.04501430e+000 -1.30758473e+000 -1.30758473e+000  -1.30758473e+000 -5.23327197e-001 -5.23327197e-001  -5.23327197e-001 -1.92455168e+000 -1.92455168e+000  -1.92455168e+000
 3.53920822e-001 3.53920822e-001  3.53920822e-001 -1.22870383e+000 -1.22870383e+000  -1.22870383e+000 -1.41090337e+000 -1.41090337e+000  -1.41090337e+000 -1.09606238e-001 -1.09606238e-001  -1.09606238e-001 -7.33378633e-001 -7.33378633e-001  -7.33378633e-001
 -5.78793680e-001 -5.78793680e-001  -5.78793680e-001 5.80591234e-003 5.80591234e-003  5.80591234e-003 6.95170482e-004 6.95170482e-004  6.95170482e-004 -2.37642233e-005 -2.37642233e-005  -2.37642233e-005 -2.99219330e-005 -2.99219330e-005  -2.99219330e-005
 -2.02556786e-006 -2.02556786e-006  -2.02556786e-006
 3.88873565e-001 3.88873565e-001  3.88873565e-001 2.41208971e-001 2.41208971e-001  2.41208971e-001 4.47109153e-001 4.47109153e-001  4.47109153e-001 -1.58037320e-002 -1.58037320e-002  -1.58037320e-002 8.51206435e-001 8.51206435e-001  8.51206435e-001
 5.11634335e-001 5.11634335e-001  5.11634335e-001 4.88959943e-001 4.88959943e-001  4.88959943e-001 9.93678485e-001 9.93678485e-001  9.93678485e-001 6.94655594e-001 6.94655594e-001  6.94655594e-001 9.66436048e-001 9.66436048e-001  9.66436048e-001
 -4.88544300e-001 -4.88544300e-001  -4.88544300e-001 2.66237609e-002 2.66237609e-002  2.66237609e-002 3.68376804e-003 3.68376804e-003  3.68376804e-003 3.35989108e-004 3.35989108e-004  3.35989108e-004 6.62392437e-006 6.62392437e-006  6.62392437e-006
 -6.52754141e-008 -6.52754141e-008  -6.52754141e-008
 -9.39720795e-001 -9.39720829e-001  -9.39720915e-001 -1.15062834e+000 -1.15062877e+000  -1.15062984e+000 -2.43856872e+000 -2.43856934e+000  -2.43857089e+000 -4.01864191e-001 -4.01863294e-001  -4.01861051e-001 -1.45575227e+000 -1.45575329e+000  -1.45575586e+000
 -1.27300711e+000 -1.27300619e+000  -1.27300389e+000 -3.31768156e-001 -3.31768628e-001  -3.31769808e-001 3.22606233e-001 3.22606737e-001  3.22607999e-001 -8.43260357e-001 -8.43261292e-001  -8.43263631e-001 -8.31756258e-001 -8.31755640e-001  -8.31754095e-001
 -4.55049891e-001 -4.55051058e-001  -4.55053974e-001 -9.81176736e-002 -9.81175898e-002  -9.81173802e-002 -1.89797470e-002 -1.89797306e-002  -1.89796894e-002 -2.83492982e-003 -2.83492738e-003  -2.83492128e-003 -3.42816924e-004 -3.42816955e-004  -3.42817032e-004
 -3.46626367e-006 -3.46627009e-006  -3.46628612e-006
 -1.05078627e+000 -1.05078593e+000  -1.05078593e+000 5.22665904e-001 5.22668064e-001  5.22668064e-001 2.32129957e+000 2.32130110e+000  2.32130110e+000 1.95276415e-001 1.95275012e-001  1.95275012e-001 1.68318072e+000 1.68318398e+000  1.68318398e+000
 8.13383544e-001 8.13379133e-001  8.13379133e-001 -3.97696009e-001 -3.97695463e-001  -3.97695463e-001 -8.98005903e-001 -8.98005936e-001  -8.98005936e-001 -3.90115560e-001 -3.90114282e-001  -3.90114282e-001 2.97626245e+000 2.97626168e+000  2.97626168e+000
 1.21220531e+000 1.21220798e+000  1.21220798e+000 1.16067171e-002 1.16064570e-002  1.16064570e-002 2.79489527e-003 2.79484468e-003  2.79484468e-003 4.05807873e-004 4.05800374e-004  4.05800374e-004 5.86629548e-005 5.86630519e-005  5.86630519e-005
 -6.35072079e-007 -6.35049975e-007  -6.35049975e-007
 1.58681735e+000 1.58681735e+000  1.58681735e+000 1.29024129e-001 1.29024129e-001  1.29024129e-001 6.76898334e-001 6.76898334e-001  6.76898334e-001 -1.83206259e-002 -1.83206259e-002  -1.83206259e-002 2.84105067e-001 2.84105067e-001  2.84105067e-001
 -1.45825106e+000 -1.45825106e+000  -1.45825106e+000 -3.60417369e-001 -3.60417369e-001  -3.60417369e-001 -5.62688583e-002 -5.62688583e-002  -5.62688583e-002 6.60053882e-001 6.60053882e-001  6.60053882e-001 -5.54828945e-001 -5.54828945e-001  -5.54828945e-001
 4.68796038e-001 4.68796038e-001  4.68796038e-001 7.44433699e-002 7.44433699e-002  7.44433699e-002 1.29036052e-002 1.29036052e-002  1.29036052e-002 1.50646313e-003 1.50646313e-003  1.50646313e-003 4.94456918e-006 4.94456918e-006  4.94456918e-006
 -5.56324364e-006 -5.56324364e-006  -5.56324364e-006
 1.96331715e+000 1.96331715e+000  1.96331715e+000 1.84900224e-001 1.84900224e-001  1.84900224e-001 6.17278735e-001 6.17278735e-001  6.17278735e-001 2.15854034e-001 2.15854034e-001  2.15854034e-001 4.65092665e-001 4.65092665e-001  4.65092665e-001
 1.47579246e+000 1.47579246e+000  1.47579246e+000 -1.73594711e-001 -1.73594711e-001  -1.73594711e-001 -1.74483664e+000 -1.74483664e+000  -1.74483664e+000 1.34745096e+000 1.34745096e+000  1.34745096e+000 1.71409759e+000 1.71409759e+000  1.71409759e+000
 2.26189300e-001 2.26189300e-001  2.26189300e-001 4.42664571e-003 4.42664571e-003  4.42664571e-003 -1.14048808e-004 -1.14048808e-004  -1.14048808e-004 -2.60714119e-004 -2.60714119e-004  -2.60714119e-004 -1.23999044e-004 -1.23999044e-004  -1.23999044e-004
 -2.76126609e-006 -2.76126609e-006  -2.76126609e-006
 1.45158913e+000 1.45158913e+000  1.45158913e+000 -1.56769297e-001 -1.56769297e-001  -1.56769297e-001 5.36789126e-001 5.36789126e-001  5.36789126e-001 -5.64326010e-001 -5.64326010e-001  -5.64326010e-001 8.76295522e-002 8.76295522e-002  8.76295522e-002
 -4.51207970e-001 -4.51207970e-001  -4.51207970e-001 -1.86078500e-001 -1.86078500e-001  -1.86078500e-001 -1.01656246e-001 -1.01656246e-001  -1.01656246e-001 -4.99810876e-001 -4.99810876e-001  -4.99810876e-001 -1.39459147e+000 -1.39459147e+000  -1.39459147e+000
 -1.79086047e+000 -1.79086047e+000  -1.79086047e+000 6.54021575e-002 6.54021575e-002  6.54021575e-002 1.20524698e-002 1.20524698e-002  1.20524698e-002 1.50150640e-003 1.50150640e-003  1.50150640e-003 4.72627897e-005 4.72627897e-005  4.72627897e-005
 1.11639372e-006 1.11639372e-006  1.11639372e-006
 9.53168907e-001 9.53168907e-001  9.53168907e-001 -4.34896662e-001 -4.34896662e-001  -4.34896662e-001 -4.04309018e-001 -4.04309018e-001  -4.04309018e-001 4.71028899e-001 4.71028899e-001  4.71028899e-001 -1.17008563e+000 -1.17008563e+000  -1.17008563e+000
 -8.26488940e-001 -8.26488940e-001  -8.26488940e-001 8.96849317e-001 8.96849317e-001  8.96849317e-001 4.38088224e-001 4.38088224e-001  4.38088224e-001 1.49846307e-001 1.49846307e-001  1.49846307e-001 -2.39375701e-001 -2.39375701e-001  -2.39375701e-001
 1.12979743e+000 1.12979743e+000  1.12979743e+000 -6.31687133e-002 -6.31687133e-002  -6.31687133e-002 -1.17146622e-002 -1.17146622e-002  -1.17146622e-002 -1.61464942e-003 -1.61464942e-003  -1.61464942e-003 -1.60982808e-004 -1.60982808e-004  -1.60982808e-004
 -5.54218080e-006 -5.54218080e-006  -5.54218080e-006
 -1.87517118e+000 -1.87517118e+000  -1.87517120e+000 2.54757344e-001 2.54757342e-001  2.54757338e-001 -3.17418792e-001 -3.17418803e-001  -3.17418830e-001 -3.50058688e-001 -3.50058685e-001  -3.50058680e-001 7.88464806e-002 7.88464646e-002  7.88464246e-002
 7.45065515e-001 7.45065517e-001  7.45065522e-001 -2.73006020e-001 -2.73006023e-001  -2.73006028e-001 3.03426419e-001 3.03426434e-001  3.03426470e-001 -1.03881537e+000 -1.03881537e+000  -1.03881537e+000 -9.18341701e-001 -9.18341694e-001  -9.18341679e-001
 -1.47479083e+000 -1.47479083e+000  -1.47479083e+000 5.93848181e-004 5.93849448e-004  5.93852617e-004 5.17481552e-004 5.17481799e-004  5.17482418e-004 1.76620633e-004 1.76620670e-004  1.76620762e-004 3.86558195e-005 3.86558190e-005  3.86558180e-005
 -3.27855772e-006 -3.27855779e-006  -3.27855795e-006
 2.45451738e-001 2.45451738e-001  2.45451738e-001 -1.28448113e-001 -1.28448113e-001  -1.28448113e-001 5.71848793e-001 5.71848793e-001  5.71848793e-001 5.34059481e-001 5.34059481e-001  5.34059481e-001 6.20378478e-001 6.20378478e-001  6.20378478e-001
 1.60175689e+000 1.60175689e+000  1.60175689e+000 5.62216023e-001 5.62216023e-001  5.62216023e-001 -8.86407356e-001 -8.86407356e-001  -8.86407356e-001 -3.96289305e-001 -3.96289305e-001  -3.96289305e-001 3.08254272e+000 3.08254272e+000  3.08254272e+000
 -9.87222350e-003 -9.87222350e-003  -9.87222350e-003 -6.96047183e-003 -6.96047183e-003  -6.96047183e-003 -1.06611721e-003 -1.06611721e-003  -1.06611721e-003 -9.77729278e-005 -9.77729278e-005  -9.77729278e-005 -3.15701679e-006 -3.15701679e-006  -3.15701679e-006
 -6.01320382e-007 -6.01320382e-007  -6.01320382e-007
 -1.30491854e-001 -1.30491859e-001  -1.30491872e-001 -1.76774336e+000 -1.76774336e+000  -1.76774337e+000 -1.13838615e-001 -1.13838626e-001  -1.13838653e-001 -6.88377464e-001 -6.88377462e-001  -6.88377456e-001 -1.27728443e+000 -1.27728445e+000  -1.27728449e+000
 -2.63349688e+000 -2.63349688e+000  -2.63349688e+000 -3.12451732e-001 -3.12451734e-001  -3.12451740e-001 8.43679201e-001 8.43679216e-001  8.43679252e-001 -1.77449695e+000 -1.77449695e+000  -1.77449695e+000 -5.37000104e-001 -5.37000098e-001  -5.37000083e-001
 -1.97474805e+000 -1.97474805e+000  -1.97474805e+000 1.71004484e-002 1.71004497e-002  1.71004528e-002 3.11634083e-003 3.11634108e-003  3.11634170e-003 -1.65522694e-004 -1.65522657e-004  -1.65522565e-004 -3.55598570e-004 -3.55598570e-004  -3.55598572e-004
 -1.78361658e-005 -1.78361658e-005  -1.78361660e-005
 3.58083384e+000 3.58083381e+000  3.58083372e+000 9.71745829e-001 9.71745401e-001  9.71744330e-001 2.70515307e+000 2.70515245e+000  2.70515091e+000 9.17095796e-001 9.17096693e-001  9.17098936e-001 1.69045722e+000 1.69045619e+000  1.69045363e+000
 2.11463882e+000 2.11463974e+000  2.11464204e+000 8.39004058e-001 8.39003586e-001  8.39002406e-001 -1.81453538e-001 -1.81453033e-001  -1.81451771e-001 6.87343254e-001 6.87342318e-001  6.87339980e-001 1.72949863e+000 1.72949925e+000  1.72950079e+000
 9.06321644e-001 9.06320477e-001  9.06317561e-001 -2.58128088e-002 -2.58127250e-002  -2.58125154e-002 -5.50733676e-003 -5.50732031e-003  -5.50727917e-003 -8.97010989e-004 -8.97008548e-004  -8.97002446e-004 -1.21357187e-004 -1.21357218e-004  -1.21357295e-004
 -2.01621224e-006 -2.01621866e-006  -2.01623470e-006
 -1.39691968e+000 -1.39691934e+000  -1.39691934e+000 1.09909610e-001 1.09911770e-001  1.09911770e-001 -1.63383568e+000 -1.63383415e+000  -1.63383415e+000 -7.14968192e-001 -7.14969596e-001  -7.14969596e-001 -4.73345127e-001 -4.73341874e-001  -4.73341874e-001
 -4.88393675e-001 -4.88398085e-001  -4.88398085e-001 -1.38415118e+000 -1.38415063e+000  -1.38415063e+000 -2.43010908e+000 -2.43010911e+000  -2.43010911e+000 4.41916804e-001 4.41918081e-001  4.41918081e-001 -4.70967681e-001 -4.70968446e-001  -4.70968446e-001
 3.55428951e-001 3.55431618e-001  3.55431618e-001 3.89871188e-003 3.89845183e-003  3.89845183e-003 -1.49010369e-004 -1.49060956e-004  -1.49060956e-004 -5.73616373e-005 -5.73691355e-005  -5.73691355e-005 -1.31688561e-006 -1.31678845e-006  -1.31678845e-006
 -2.77812254e-007 -2.77790150e-007  -2.77790150e-007
 -1.58364830e+000 -1.58364818e+000  -1.58364819e+000 1.91796468e+000 1.91796543e+000  1.91796534e+000 7.83614523e-001 7.83615026e-001  7.83614901e-001 2.08812393e-001 2.08811957e-001  2.08812138e-001 1.07318585e+000 1.07318695e+000  1.07318674e+000
 -1.09647616e-001 -1.09649140e-001  -1.09648955e-001 1.08575374e+000 1.08575389e+000  1.08575380e+000 4.37904812e-001 4.37904841e-001  4.37904943e-001 7.59434791e-001 7.59435178e-001  7.59434990e-001 -6.73671127e-001 -6.73671354e-001  -6.73671230e-001
 -2.83001978e-001 -2.83001106e-001  -2.83001340e-001 -2.33702298e-003 -2.33711041e-003  -2.33709345e-003 -6.37431338e-004 -6.37448333e-004  -6.37445005e-004 -1.22294750e-004 -1.22297269e-004  -1.22296776e-004 -2.68164473e-005 -2.68164146e-005  -2.68164209e-005
 -1.31398123e-006 -1.31397374e-006  -1.31397503e-006
 -6.67369412e-004 -6.67235490e-004  -6.67282041e-004 -1.30926355e-003 -1.30850216e-003  -1.30900718e-003 3.82704869e-004 3.83091132e-004  3.82351664e-004 -1.94579650e-003 -1.94600016e-003  -1.94494394e-003 2.24706033e-003 2.24802133e-003  2.24679570e-003
 2.64864148e-003 2.64710647e-003  2.64818828e-003 -2.21471469e-003 -2.21469420e-003  -2.21525112e-003 -3.17545957e-003 -3.17523015e-003  -3.17461939e-003 -1.98107233e-003 -1.98094265e-003  -1.98204311e-003 -3.50799644e-004 -3.50847741e-004  -3.50114663e-004
 -1.66382028e-003 -1.66317843e-003  -1.66454852e-003 2.32254322e-002 2.32253562e-002  2.32254562e-002 3.24924730e-003 3.24923258e-003  3.24925221e-003 7.68243777e-006 7.68025705e-006  7.68316866e-006 -1.64036906e-004 -1.64036878e-004  -1.64036915e-004
 -9.50815642e-006 -9.50814961e-006  -9.50815723e-006
 -9.04803869e-002 -9.04801953e-002  -9.04802589e-002 4.47861111e-002 4.47872063e-002  4.47865172e-002 -4.02687329e-002 -4.02681661e-002  -4.02691753e-002 3.32662010e-002 3.32658865e-002  3.32673278e-002 8.30489811e-003 8.30629412e-003  8.30462138e-003
 5.55941972e-002 5.55919876e-002  5.55934638e-002 6.17085700e-002 6.17086122e-002  6.17078522e-002 9.96535992e-002 9.96539115e-002  9.96547452e-002 4.33710347e-002 4.33712450e-002  4.33697434e-002 -2.47419653e-002 -2.47420508e-002  -2.47410504e-002
 4.79858369e-002 4.79867823e-002  4.79849128e-002 1.11152550e-002 1.11151445e-002  1.11152810e-002 1.79495963e-003 1.79493823e-003  1.79496502e-003 2.86601185e-005 2.86569477e-005  2.86609214e-005 -1.60533451e-004 -1.60533410e-004  -1.60533460e-004
 -8.73111537e-006 -8.73110550e-006  -8.73111590e-006
 1.43869253e+000 1.43869276e+000  1.43869269e+000 -6.59216040e-001 -6.59214684e-001  -6.59215527e-001 5.72370097e-001 5.72370802e-001  5.72369568e-001 -5.06640151e-001 -5.06640546e-001  -5.06638782e-001 -2.09469432e-001 -2.09467699e-001  -2.09469745e-001
 -9.43977232e-001 -9.43979968e-001  -9.43978161e-001 -8.71550796e-001 -8.71550741e-001  -8.71551671e-001 -1.57525646e+000 -1.57525608e+000  -1.57525506e+000 -6.32997266e-001 -6.32996999e-001  -6.32998838e-001 3.70812705e-001 3.70812594e-001  3.70813818e-001
 -7.38639514e-001 -7.38638338e-001  -7.38640627e-001 -2.67526624e-003 -2.67540342e-003  -2.67523643e-003 -1.74894937e-003 -1.74897594e-003  -1.74894317e-003 -8.36626823e-004 -8.36630760e-004  -8.36625899e-004 -3.69320039e-004 -3.69319987e-004  -3.69320048e-004
 -1.56948483e-005 -1.56948360e-005  -1.56948487e-005
 2.79067757e+000 2.79067757e+000  2.79067757e+000 -6.00389043e-002 -6.00389043e-002  -6.00389043e-002 1.81556109e+000 1.81556109e+000  1.81556109e+000 1.73349700e+000 1.73349700e+000  1.73349700e+000 1.64901829e+000 1.64901829e+000  1.64901829e+000
 3.93985250e-001 3.93985250e-001  3.93985250e-001 -5.14051570e-001 -5.14051570e-001  -5.14051570e-001 -1.93649558e+000 -1.93649558e+000  -1.93649558e+000 2.22517475e+000 2.22517475e+000  2.22517475e+000 2.17426007e+000 2.17426007e+000  2.17426007e+000
 -3.51616166e-001 -3.51616166e-001  -3.51616166e-001 -1.27191025e-002 -1.27191025e-002  -1.27191025e-002 -2.24262608e-003 -2.24262608e-003  -2.24262608e-003 -3.88389331e-004 -3.88389331e-004  -3.88389331e-004 -6.60245639e-005 -6.60245639e-005  -6.60245639e-005
 -2.27031965e-006 -2.27031965e-006  -2.27031965e-006
 8.25484260e-001 8.25484260e-001  8.25484260e-001 1.56772870e+000 1.56772870e+000  1.56772870e+000 -3.56945446e-001 -3.56945446e-001  -3.56945446e-001 -5.92481276e-001 -5.92481276e-001  -5.92481276e-001 -1.32827814e+000 -1.32827814e+000  -1.32827814e+000
 -1.07034483e+000 -1.07034483e+000  -1.07034483e+000 -1.67477692e+000 -1.67477692e+000  -1.67477692e+000 -9.56560561e-001 -9.56560561e-001  -9.56560561e-001 -1.06750605e+000 -1.06750605e+000  -1.06750605e+000 -1.31685557e+000 -1.31685557e+000  -1.31685557e+000
 1.18273270e-001 1.18273270e-001  1.18273270e-001 3.16606291e-002 3.16606291e-002  3.16606291e-002 5.09122598e-003 5.09122598e-003  5.09122598e-003 3.25468385e-004 3.25468385e-004  3.25468385e-004 -8.03972433e-005 -8.03972433e-005  -8.03972433e-005
 -5.61557627e-006 -5.61557627e-006  -5.61557627e-006
 -5.89502454e-001 -5.89502454e-001  -5.89502454e-001 -1.07804843e+000 -1.07804843e+000  -1.07804843e+000 4.72055674e-002 4.72055674e-002  4.72055674e-002 3.57386866e-001 3.57386866e-001  3.57386866e-001 -3.50213924e-002 -3.50213924e-002  -3.50213924e-002
 -7.92511436e-002 -7.92511436e-002  -7.92511436e-002 2.04172027e+000 2.04172027e+000  2.04172027e+000 7.24833670e-001 7.24833670e-001  7.24833670e-001 -4.27889792e-001 -4.27889792e-001  -4.27889792e-001 3.83298192e-001 3.83298192e-001  3.83298192e-001
 3.19028203e-001 3.19028203e-001  3.19028203e-001 7.03460919e-002 7.03460919e-002  7.03460919e-002 1.02505952e-002 1.02505952e-002  1.02505952e-002 1.03571243e-003 1.03571243e-003  1.03571243e-003 -6.55903318e-005 -6.55903318e-005  -6.55903318e-005
 -6.54274803e-006 -6.54274803e-006  -6.54274803e-006
 -5.32868417e-001 -5.32868115e-001  -5.32868213e-001 -6.65185525e-001 -6.65183795e-001  -6.65184870e-001 -8.76235483e-002 -8.76226487e-002  -8.76242215e-002 -1.51375845e+000 -1.51375896e+000  -1.51375671e+000 1.35178018e-001 1.35180228e-001  1.35177621e-001
 2.39603220e-001 2.39599731e-001  2.39602034e-001 -2.09071284e-001 -2.09071212e-001  -2.09072398e-001 9.11933523e-001 9.11934009e-001  9.11935308e-001 -8.53246219e-001 -8.53245879e-001  -8.53248222e-001 1.27728404e-002 1.27726993e-002  1.27742592e-002
 -2.56562954e-001 -2.56561454e-001  -2.56564371e-001 -9.41012671e-002 -9.41014420e-002  -9.41012292e-002 -1.56392014e-002 -1.56392353e-002  -1.56391935e-002 -2.09268680e-003 -2.09269182e-003  -2.09268563e-003 -2.66260504e-004 -2.66260438e-004  -2.66260516e-004
 -5.70154633e-006 -5.70153070e-006  -5.70154690e-006
 -3.64023575e+000 -3.64023460e+000 -3.64023150e+000
 -2.43058337e+000 -2.43058560e+000 -2.43058507e+000
 -3.40530532e+000 -3.40530760e+000 -3.40530499e+000
 3.47781319e+000 3.47781309e+000 3.47781400e+000
 -3.44893738e+000 -3.44893878e+000 -3.44893687e+000
 4.63309728e+000 4.63309653e+000 4.63309903e+000
 -1.79204926e+000 -1.79204922e+000 -1.79204827e+000
 3.27496958e+000 3.27496975e+000 3.27497022e+000
 -3.26659617e+000 -3.26659876e+000 -3.26659675e+000
 3.38726085e+000 3.38725828e+000 3.38726086e+000
 -3.77483217e+000 -3.77483438e+000 -3.77483266e+000
 2.71029478e-001 2.71028147e-001 2.71029580e-001
 5.27203569e-002 5.27190635e-002 5.27206186e-002
 7.81556188e-003 7.81427636e-003 7.81585589e-003
 -9.99716763e-005 -1.01256423e-004 -9.96728315e-005
 -2.17503325e-005 -2.30355216e-005 -2.14508249e-005
