    8      8     50      1  9723   4855 
    0.700      0.400   20000  100      0.000      0.000    100     16 
    0.990 	     0.010 
   2 
    1.9875e+000   0.0000e+000  
  5.7000e+001  -8.0000e+000  
  4.4837e+000   0.0000e+000  
  1.8824e+002   1.7539e+002  
  1.0000e+000   0.0000e+000  
  1.0000e+000   0.0000e+000  
  1.0000e+000   0.0000e+000  
  1.0000e+000   0.0000e+000  
   2.6556e+002   0.0000e+000  
  itr    nh   avger[]   r2avg    mare[] 
100  16 1.161e+002   3.508e-001  1.000e+001 6.814e+002 
100  16 1.270e+002   9.868e-003  1.000e+003 9.146e+002 
   1  3.5083e-001   6.8139e+002   4.8052e+007   1.1611e+000 
  4.5969e+001   7.1861e-001 
   1  9.8684e-003   9.1463e+002   6.4500e+007   1.2703e+000 
  7.2221e+000   1.3065e-001 
