  4.7418e+000  8.3822e+000 -2.1097e-003  9.4165e+000 -6.1514e+000
 -3.1824e+000  8.2737e+000 -1.6941e+001 -8.7184e+000 -3.9404e+000
 -2.6970e+000 -2.8729e+000 -9.9870e-001 -3.1097e+000 -8.1967e-001
 -2.6976e-001
  1.5090e+000
 8.86289597e-002 8.86289604e-002  8.86289608e-002 -2.31454435e+000 -2.31454435e+000  -2.31454435e+000 -5.79398499e+000 -5.79398499e+000  -5.79398499e+000 -5.40070359e+000 -5.40070362e+000  -5.40070364e+000 8.50307659e+000 8.50315736e+000  8.50320806e+000
 1.09585142e+000 1.09583890e+000  1.09583129e+000 2.18295693e+001 2.18295693e+001  2.18295693e+001 -4.95768302e+000 -4.95768307e+000  -4.95768311e+000 2.03130892e+000 2.03130892e+000  2.03130892e+000 6.68741882e+000 6.68741886e+000  6.68741888e+000
 -8.31941442e+000 -8.31941442e+000  -8.31941441e+000 1.99385063e-001 1.99386565e-001  1.99387497e-001 2.06396114e+000 2.06399404e+000  2.06401496e+000 -2.21339528e+000 -2.21339523e+000  -2.21339521e+000 7.37115500e-002 7.37116268e-002  7.37116745e-002
 -2.94201581e-002 -2.94014179e-002  -2.93902467e-002
 3.95399718e+000 3.95399718e+000  3.95399718e+000 4.42780313e+000 4.42780313e+000  4.42780313e+000 -1.08140837e+001 -1.08140837e+001  -1.08140837e+001 2.14328067e+001 2.14328067e+001  2.14328067e+001 1.11082693e+001 1.11082693e+001  1.11082693e+001
 -5.44641965e+000 -5.44641965e+000  -5.44641965e+000 -8.19475102e-001 -8.19475102e-001  -8.19475102e-001 -8.91916326e+000 -8.91916326e+000  -8.91916326e+000 4.16433886e+000 4.16433886e+000  4.16433886e+000 -8.26772988e+000 -8.26772988e+000  -8.26772988e+000
 3.01887638e+000 3.01887638e+000  3.01887638e+000 -2.05584681e+000 -2.05584681e+000  -2.05584681e+000 -7.22310540e+000 -7.22310540e+000  -7.22310540e+000 -3.50289727e+000 -3.50289727e+000  -3.50289727e+000 3.08227675e+000 3.08227675e+000  3.08227675e+000
 -5.77416162e-001 -5.77416162e-001  -5.77416162e-001
 -6.92506747e-001 -6.92506747e-001  -6.92506747e-001 -4.55565898e+000 -4.55565898e+000  -4.55565898e+000 1.47427476e+001 1.47427476e+001  1.47427477e+001 -2.56104797e+000 -2.56104797e+000  -2.56104797e+000 -1.00525169e+001 -1.00525169e+001  -1.00525169e+001
 -6.16434845e+000 -6.16434845e+000  -6.16434845e+000 -4.27452550e+000 -4.27452550e+000  -4.27452550e+000 9.76982795e+000 9.76982794e+000  9.76982793e+000 -8.52030215e-001 -8.52030224e-001  -8.52030247e-001 -1.09525587e+001 -1.09525587e+001  -1.09525587e+001
 1.26468867e+000 1.26468867e+000  1.26468867e+000 -2.76015835e-001 -2.76015658e-001  -2.76015216e-001 2.85235887e+000 2.85235887e+000  2.85235887e+000 9.21595260e-002 9.21595263e-002  9.21595270e-002 -1.67853525e+000 -1.67853525e+000  -1.67853525e+000
 1.41843673e-002 1.41844297e-002  1.41845858e-002
 3.79359819e-001 3.79359819e-001  3.79359819e-001 -7.04230459e+000 -7.04230459e+000  -7.04230459e+000 9.22323772e+000 9.22323772e+000  9.22323772e+000 1.40647937e+001 1.40647937e+001  1.40647937e+001 -4.25411202e+000 -4.25411202e+000  -4.25411202e+000
 -1.75808031e+000 -1.75808031e+000  -1.75808031e+000 -3.15040474e+001 -3.15040474e+001  -3.15040474e+001 -2.79706022e+001 -2.79706022e+001  -2.79706022e+001 -2.20643720e+000 -2.20643720e+000  -2.20643720e+000 1.05173606e+001 1.05173606e+001  1.05173606e+001
 3.60082526e+000 3.60082526e+000  3.60082526e+000 1.36810086e+000 1.36810086e+000  1.36810086e+000 -4.06687802e+000 -4.06687802e+000  -4.06687802e+000 -2.25644760e-001 -2.25644760e-001  -2.25644760e-001 -5.78140223e-001 -5.78140223e-001  -5.78140223e-001
 6.74739281e-003 6.74739281e-003  6.74739281e-003
 2.58070143e+000 2.58070143e+000  2.58070143e+000 1.46485424e+001 1.46485424e+001  1.46485424e+001 -8.56032681e+000 -8.56032681e+000  -8.56032681e+000 -1.45448396e+001 -1.45448396e+001  -1.45448396e+001 -1.26839976e+001 -1.26839976e+001  -1.26839976e+001
 5.48228700e+000 5.48228700e+000  5.48228700e+000 2.22600730e+001 2.22600730e+001  2.22600730e+001 1.63595093e+001 1.63595093e+001  1.63595093e+001 -1.30539707e+001 -1.30539707e+001  -1.30539707e+001 -2.31402677e+000 -2.31402677e+000  -2.31402677e+000
 -1.88072678e+000 -1.88072678e+000  -1.88072678e+000 -2.32274918e+000 -2.32274918e+000  -2.32274918e+000 5.67487571e+000 5.67487571e+000  5.67487571e+000 1.87617857e+000 1.87617857e+000  1.87617857e+000 -2.15180813e+000 -2.15180813e+000  -2.15180813e+000
 1.36313871e-001 1.36313871e-001  1.36313871e-001
 -7.75679693e-001 -7.75679693e-001  -7.75679692e-001 7.93543267e+000 7.93543267e+000  7.93543267e+000 1.93803765e+000 1.93803765e+000  1.93803765e+000 1.60743661e+001 1.60743660e+001  1.60743660e+001 1.17652785e+001 1.17653592e+001  1.17654099e+001
 2.19345409e+001 2.19345284e+001  2.19345208e+001 6.37921113e+000 6.37921113e+000  6.37921113e+000 1.20392130e+000 1.20392125e+000  1.20392121e+000 -9.77708774e+000 -9.77708774e+000  -9.77708774e+000 -5.47044156e+000 -5.47044152e+000  -5.47044150e+000
 -6.54015018e+000 -6.54015017e+000  -6.54015017e+000 1.88492722e+000 1.88492873e+000  1.88492966e+000 2.42309514e+000 2.42312804e+000  2.42314896e+000 2.19778514e+000 2.19778519e+000  2.19778520e+000 -2.89053960e+000 -2.89053952e+000  -2.89053948e+000
 -3.58728661e-001 -3.58709921e-001  -3.58698749e-001
 -4.40288179e-001 -4.40288179e-001  -4.40288179e-001 1.37083224e+001 1.37083224e+001  1.37083224e+001 8.42834397e+000 8.42834397e+000  8.42834397e+000 4.68709582e+000 4.68709582e+000  4.68709582e+000 -2.50543180e+000 -2.50543180e+000  -2.50543180e+000
 -1.34919539e+001 -1.34919539e+001  -1.34919539e+001 9.67208349e+000 9.67208349e+000  9.67208349e+000 -1.61044561e+001 -1.61044561e+001  -1.61044561e+001 5.96892573e+000 5.96892573e+000  5.96892573e+000 -8.15393500e+000 -8.15393500e+000  -8.15393500e+000
 2.27719269e+000 2.27719269e+000  2.27719269e+000 -9.69548604e-001 -9.69548604e-001  -9.69548604e-001 2.65626583e+000 2.65626583e+000  2.65626583e+000 -3.62115068e+000 -3.62115068e+000  -3.62115068e+000 4.20062467e+000 4.20062467e+000  4.20062467e+000
 1.88459753e-001 1.88459753e-001  1.88459753e-001
 5.52649862e+000 5.52649862e+000  5.52649862e+000 -4.95754161e+000 -4.95754161e+000  -4.95754161e+000 -2.15603948e+000 -2.15603948e+000  -2.15603948e+000 7.74198535e+000 7.74198535e+000  7.74198535e+000 5.12464954e+000 5.12464954e+000  5.12464954e+000
 -1.19386226e+001 -1.19386226e+001  -1.19386226e+001 1.45721567e+001 1.45721567e+001  1.45721567e+001 -1.67908354e+001 -1.67908354e+001  -1.67908354e+001 -3.17955750e+000 -3.17955750e+000  -3.17955750e+000 8.92649707e+000 8.92649707e+000  8.92649707e+000
 6.16435558e+000 6.16435558e+000  6.16435558e+000 -5.65444366e+000 -5.65444366e+000  -5.65444366e+000 -6.97025842e+000 -6.97025842e+000  -6.97025842e+000 -1.31248282e+000 -1.31248282e+000  -1.31248282e+000 1.84473062e+000 1.84473062e+000  1.84473062e+000
 3.94023848e-001 3.94023848e-001  3.94023848e-001
 6.56654935e+000 6.56654935e+000  6.56654935e+000 1.36370706e+001 1.36370706e+001  1.36370706e+001 9.51257335e-002 9.51257335e-002  9.51257335e-002 -4.06073635e+001 -4.06073635e+001  -4.06073635e+001 -9.22542714e+000 -9.22542714e+000  -9.22542714e+000
 1.38076098e+001 1.38076098e+001  1.38076098e+001 -1.03633430e+001 -1.03633430e+001  -1.03633430e+001 2.49083197e+001 2.49083197e+001  2.49083197e+001 -8.27976670e+000 -8.27976670e+000  -8.27976670e+000 2.16446349e+000 2.16446349e+000  2.16446349e+000
 -2.95761809e+000 -2.95761809e+000  -2.95761809e+000 6.14849985e+000 6.14849985e+000  6.14849985e+000 -9.23303278e+000 -9.23303278e+000  -9.23303278e+000 -2.12815983e+000 -2.12815983e+000  -2.12815983e+000 -3.48202079e+000 -3.48202079e+000  -3.48202079e+000
 1.21084685e-001 1.21084685e-001  1.21084685e-001
 1.18943726e-001 1.18943726e-001  1.18943726e-001 -2.56433618e+001 -2.56433618e+001  -2.56433618e+001 -1.01451540e+001 -1.01451540e+001  -1.01451540e+001 -1.32414575e+001 -1.32414575e+001  -1.32414575e+001 4.46743665e+000 4.46743665e+000  4.46743665e+000
 -6.47267486e+000 -6.47267486e+000  -6.47267486e+000 -1.13867110e+001 -1.13867110e+001  -1.13867110e+001 3.44537405e+000 3.44537405e+000  3.44537405e+000 1.53917098e+000 1.53917098e+000  1.53917098e+000 3.94584758e+000 3.94584758e+000  3.94584758e+000
 4.79940776e+000 4.79940776e+000  4.79940776e+000 -9.00989594e-001 -9.00989594e-001  -9.00989594e-001 -2.33267989e+000 -2.33267989e+000  -2.33267989e+000 -2.58518987e+000 -2.58518987e+000  -2.58518987e+000 1.41325220e+000 1.41325220e+000  1.41325220e+000
 -3.96088976e-001 -3.96088976e-001  -3.96088976e-001
 -3.69362098e-001 -3.69362098e-001  -3.69362098e-001 1.15621656e+001 1.15621656e+001  1.15621656e+001 1.78099647e-002 1.78099870e-002  1.78100428e-002 4.11134229e+001 4.11134229e+001  4.11134229e+001 -9.77373755e+000 -9.77373755e+000  -9.77373755e+000
 -8.61052779e+000 -8.61052779e+000  -8.61052779e+000 -1.00877864e+001 -1.00877864e+001  -1.00877864e+001 -9.20656240e+000 -9.20656241e+000  -9.20656242e+000 2.64021747e+000 2.64021746e+000  2.64021743e+000 2.74010324e+000 2.74010324e+000  2.74010324e+000
 -7.53001404e+000 -7.53001404e+000  -7.53001404e+000 2.50096704e+000 2.50096722e+000  2.50096766e+000 3.88635952e+000 3.88635952e+000  3.88635952e+000 -1.74908672e+000 -1.74908672e+000  -1.74908672e+000 -2.03802854e+000 -2.03802854e+000  -2.03802854e+000
 -2.26848080e-001 -2.26848017e-001  -2.26847861e-001
 -4.00669639e+000 -4.00669639e+000  -4.00669639e+000 -1.06980399e+001 -1.06980399e+001  -1.06980399e+001 1.07010195e+000 1.07010195e+000  1.07010195e+000 -2.25597830e+000 -2.25597830e+000  -2.25597830e+000 -6.64056146e+000 -6.64056146e+000  -6.64056146e+000
 -1.35716869e+000 -1.35716869e+000  -1.35716869e+000 8.70598337e+000 8.70598337e+000  8.70598337e+000 -3.17387243e+000 -3.17387243e+000  -3.17387243e+000 1.17130745e+000 1.17130745e+000  1.17130745e+000 -8.48207071e+000 -8.48207071e+000  -8.48207071e+000
 1.47107538e+000 1.47107538e+000  1.47107538e+000 -6.09653817e+000 -6.09653817e+000  -6.09653817e+000 8.87146289e+000 8.87146289e+000  8.87146289e+000 5.22468556e+000 5.22468556e+000  5.22468556e+000 -3.00513860e-001 -3.00513860e-001  -3.00513860e-001
 -1.71493259e-001 -1.71493259e-001  -1.71493259e-001
 -1.11244542e+001 -1.11244542e+001  -1.11244542e+001 -3.55725595e+000 -3.55725595e+000  -3.55725595e+000 -8.46701130e+000 -8.46701130e+000  -8.46701130e+000 1.36309164e+000 1.36309164e+000  1.36309164e+000 1.82357962e+000 1.82357962e+000  1.82357962e+000
 1.02704556e+001 1.02704556e+001  1.02704556e+001 -5.65864678e+000 -5.65864678e+000  -5.65864678e+000 1.51479315e+000 1.51479315e+000  1.51479315e+000 -9.92001216e+000 -9.92001216e+000  -9.92001216e+000 1.36453996e+001 1.36453996e+001  1.36453996e+001
 -7.63931430e+000 -7.63931430e+000  -7.63931430e+000 -3.39251965e+000 -3.39251965e+000  -3.39251965e+000 4.01033225e-002 4.01033225e-002  4.01033225e-002 8.04110501e-001 8.04110501e-001  8.04110501e-001 -5.15560584e+000 -5.15560584e+000  -5.15560584e+000
 1.11988282e-001 1.11988282e-001  1.11988282e-001
 -3.82346814e+000 -3.82346814e+000  -3.82346814e+000 -1.66307276e+001 -1.66307276e+001  -1.66307276e+001 2.30329328e+000 2.30329330e+000  2.30329336e+000 1.08059572e+001 1.08059572e+001  1.08059572e+001 6.00984367e+000 6.00984367e+000  6.00984367e+000
 -1.78427823e+000 -1.78427823e+000  -1.78427823e+000 1.17671816e+001 1.17671816e+001  1.17671816e+001 -1.03453474e+001 -1.03453474e+001  -1.03453474e+001 3.07533382e+000 3.07533381e+000  3.07533379e+000 -5.96584292e+000 -5.96584292e+000  -5.96584292e+000
 -4.73948426e+000 -4.73948426e+000  -4.73948426e+000 -1.25354458e+000 -1.25354440e+000  -1.25354396e+000 -1.21355250e+000 -1.21355250e+000  -1.21355249e+000 1.18714654e+000 1.18714654e+000  1.18714654e+000 1.44620349e+000 1.44620349e+000  1.44620349e+000
 -3.65852268e-001 -3.65852205e-001  -3.65852049e-001
 7.74247549e+000 7.74247549e+000  7.74247549e+000 1.68369769e+001 1.68369769e+001  1.68369769e+001 2.56500359e-003 2.56500361e-003  2.56500363e-003 3.84633518e+000 3.84633515e+000  3.84633513e+000 -1.50555473e+001 -1.50554665e+001  -1.50554158e+001
 -2.57818807e+001 -2.57818932e+001  -2.57819008e+001 8.27295114e+000 8.27295114e+000  8.27295114e+000 -1.54796585e+001 -1.54796585e+001  -1.54796586e+001 -8.46773116e+000 -8.46773116e+000  -8.46773116e+000 -6.27594225e+000 -6.27594222e+000  -6.27594219e+000
 2.90571956e+000 2.90571956e+000  2.90571957e+000 -5.52876656e+000 -5.52876506e+000  -5.52876413e+000 -1.30942184e+000 -1.30938894e+000  -1.30936802e+000 -2.10756145e+000 -2.10756140e+000  -2.10756139e+000 5.42399022e-001 5.42399098e-001  5.42399146e-001
 -3.51012048e-001 -3.50993307e-001  -3.50982136e-001
 2.82738809e+000 2.82738809e+000  2.82738809e+000 5.45896093e+000 5.45896093e+000  5.45896093e+000 -2.94173822e+000 -2.94173822e+000  -2.94173822e+000 -1.02959521e+000 -1.02959521e+000  -1.02959521e+000 2.36326876e+000 2.36326876e+000  2.36326876e+000
 2.15374523e+001 2.15374523e+001  2.15374523e+001 -1.25485383e+001 -1.25485383e+001  -1.25485383e+001 1.01068946e+001 1.01068946e+001  1.01068946e+001 -4.52439298e+000 -4.52439298e+000  -4.52439298e+000 7.91224928e+000 7.91224928e+000  7.91224928e+000
 -4.81986187e-001 -4.81986187e-001  -4.81986187e-001 3.69518523e+000 3.69518523e+000  3.69518523e+000 1.82418664e+000 1.82418664e+000  1.82418664e+000 -3.05318430e+000 -3.05318430e+000  -3.05318430e+000 -3.24109782e+000 -3.24109782e+000  -3.24109782e+000
 2.67273627e-001 2.67273627e-001  2.67273627e-001
 9.97577170e+001 9.97577170e+001  9.97577170e+001 -4.98357703e+001 -4.98357703e+001  -4.98357703e+001 -3.82581673e+000 -3.82581672e+000  -3.82581671e+000 -5.38610368e+001 -5.38610368e+001  -5.38610368e+001 -3.08189172e+001 -3.08189167e+001  -3.08189165e+001
 -2.05572240e+001 -2.05572241e+001  -2.05572241e+001 1.79847488e+001 1.79847488e+001  1.79847488e+001 -2.28586260e+001 -2.28586260e+001  -2.28586260e+001 3.24026507e+001 3.24026507e+001  3.24026507e+001 -1.46405763e+001 -1.46405763e+001  -1.46405763e+001
 3.04572618e+000 3.04572618e+000  3.04572618e+000 8.33877786e+000 8.33877792e+000  8.33877805e+000 1.01241597e+001 1.01241598e+001  1.01241599e+001 -4.43123811e+000 -4.43123810e+000  -4.43123810e+000 2.28559160e+000 2.28559160e+000  2.28559160e+000
 -2.01164256e-001 -2.01164138e-001  -2.01164032e-001
 3.35049774e-001 3.35049774e-001  3.35049774e-001 -2.64099865e+000 -2.64099865e+000  -2.64099865e+000 -2.01677936e+000 -2.01677935e+000  -2.01677933e+000 1.64281432e+001 1.64281432e+001  1.64281432e+001 -1.52826242e+000 -1.52823313e+000  -1.52821573e+000
 -4.36306188e-001 -4.36310714e-001  -4.36313287e-001 4.43120822e+000 4.43120822e+000  4.43120822e+000 -1.18522862e+001 -1.18522862e+001  -1.18522862e+001 -9.22130500e-002 -9.22130539e-002  -9.22130638e-002 -8.96518161e-001 -8.96518148e-001  -8.96518140e-001
 8.64427189e-001 8.64427192e-001  8.64427193e-001 -4.26363190e-002 -4.26356969e-002  -4.26351838e-002 3.48880759e+000 3.48881952e+000  3.48882669e+000 4.48706765e+000 4.48706766e+000  4.48706767e+000 -4.22418495e+000 -4.22418492e+000  -4.22418491e+000
 2.75050599e-001 2.75057394e-001  2.75061206e-001
 -4.85681193e-001 -4.85681192e-001  -4.85681192e-001 -1.31099794e+000 -1.31099794e+000  -1.31099794e+000 -5.81194754e+000 -5.81194753e+000  -5.81194749e+000 -1.48586349e+001 -1.48586349e+001  -1.48586349e+001 1.49311462e+000 1.49316971e+000  1.49320469e+000
 1.36334088e+000 1.36333233e+000  1.36332702e+000 -2.14011787e+001 -2.14011787e+001  -2.14011787e+001 2.62940993e+001 2.62940993e+001  2.62940992e+001 1.21522706e+000 1.21522705e+000  1.21522704e+000 2.80711118e+000 2.80711121e+000  2.80711122e+000
 3.35261152e+000 3.35261153e+000  3.35261153e+000 1.33490617e+000 1.33490732e+000  1.33490828e+000 -1.45256035e+000 -1.45253790e+000  -1.45252346e+000 -2.70043887e+000 -2.70043884e+000  -2.70043882e+000 -2.17783032e+000 -2.17783026e+000  -2.17783023e+000
 -2.19982980e-001 -2.19970114e-001  -2.19962190e-001
 1.44330025e+000 1.44330025e+000  1.44330025e+000 -9.56415089e-001 -9.56415089e-001  -9.56415089e-001 4.49941703e-001 4.49941717e-001  4.49941750e-001 -5.26194395e+000 -5.26194397e+000  -5.26194398e+000 2.69202302e+000 2.69206915e+000  2.69209857e+000
 -1.03628554e+000 -1.03629272e+000  -1.03629719e+000 -1.63973907e+001 -1.63973907e+001  -1.63973907e+001 2.69873469e+001 2.69873468e+001  2.69873468e+001 1.41283217e-001 1.41283212e-001  1.41283198e-001 6.24757486e+000 6.24757488e+000  6.24757490e+000
 3.90440620e+000 3.90440620e+000  3.90440620e+000 1.31935363e+000 1.31935459e+000  1.31935540e+000 -5.65597032e-002 -5.65409067e-002  -5.65287530e-002 -4.70822184e+000 -4.70822181e+000  -4.70822180e+000 -2.44338132e+000 -2.44338127e+000  -2.44338124e+000
 -2.02178482e-001 -2.02167696e-001  -2.02161000e-001
 3.25719811e+000 3.25719811e+000  3.25719811e+000 8.44460383e-001 8.44460383e-001  8.44460383e-001 5.37523883e+000 5.37523883e+000  5.37523883e+000 2.61486556e+001 2.61486556e+001  2.61486556e+001 -3.41688716e+000 -3.41688716e+000  -3.41688716e+000
 -1.01781181e+001 -1.01781181e+001  -1.01781181e+001 1.17442316e+001 1.17442316e+001  1.17442316e+001 -7.64899363e+000 -7.64899363e+000  -7.64899363e+000 -7.88007723e+000 -7.88007723e+000  -7.88007723e+000 2.68868059e+000 2.68868059e+000  2.68868059e+000
 -1.59365905e+000 -1.59365905e+000  -1.59365905e+000 -2.46837952e+000 -2.46837952e+000  -2.46837952e+000 5.88917997e+000 5.88917997e+000  5.88917997e+000 -2.73868437e+000 -2.73868437e+000  -2.73868437e+000 -2.17161651e+000 -2.17161651e+000  -2.17161651e+000
 -2.63130943e-001 -2.63130943e-001  -2.63130943e-001
 2.15718052e+000 2.15718052e+000  2.15718052e+000 5.22804896e-001 5.22804896e-001  5.22804896e-001 9.34014716e+000 9.34014716e+000  9.34014716e+000 7.15399398e-001 7.15399398e-001  7.15399398e-001 -1.02302731e-001 -1.02302731e-001  -1.02302731e-001
 -4.55195334e-001 -4.55195334e-001  -4.55195334e-001 1.14594859e+001 1.14594859e+001  1.14594859e+001 -7.75897301e+000 -7.75897301e+000  -7.75897301e+000 1.85546110e+000 1.85546110e+000  1.85546110e+000 2.37694641e+000 2.37694641e+000  2.37694641e+000
 1.16519752e+000 1.16519752e+000  1.16519752e+000 1.15535618e+000 1.15535618e+000  1.15535618e+000 -4.54588770e+000 -4.54588770e+000  -4.54588770e+000 -3.31296013e+000 -3.31296013e+000  -3.31296013e+000 2.64996258e+000 2.64996258e+000  2.64996258e+000
 2.63497108e-001 2.63497108e-001  2.63497108e-001
 5.61951618e-001 5.61951618e-001  5.61951618e-001 1.96967640e+000 1.96967640e+000  1.96967640e+000 -7.97504908e+000 -7.97504908e+000  -7.97504908e+000 -6.92487355e+000 -6.92487355e+000  -6.92487355e+000 -1.92733999e+000 -1.92733999e+000  -1.92733999e+000
 2.06515909e+000 2.06515909e+000  2.06515909e+000 -7.82157341e+000 -7.82157341e+000  -7.82157341e+000 3.43547999e-002 3.43547999e-002  3.43547999e-002 -1.92015638e+000 -1.92015638e+000  -1.92015638e+000 -4.79060988e+000 -4.79060988e+000  -4.79060988e+000
 -1.00614506e+000 -1.00614506e+000  -1.00614506e+000 -9.01367208e-001 -9.01367208e-001  -9.01367208e-001 -7.91306453e-001 -7.91306453e-001  -7.91306453e-001 1.15368931e+000 1.15368931e+000  1.15368931e+000 -8.04193158e-001 -8.04193158e-001  -8.04193158e-001
 -1.84061993e-001 -1.84061993e-001  -1.84061993e-001
 4.25741545e-001 4.25741546e-001  4.25741547e-001 1.95662497e+000 1.95662497e+000  1.95662497e+000 -7.77518019e+000 -7.77518017e+000  -7.77518011e+000 -6.74276755e+000 -6.74276757e+000  -6.74276760e+000 -1.68950804e+000 -1.68942727e+000  -1.68937657e+000
 2.05852483e+000 2.05851231e+000  2.05850470e+000 -7.89054966e+000 -7.89054966e+000  -7.89054966e+000 -3.44499416e-001 -3.44499476e-001  -3.44499525e-001 -1.97201781e+000 -1.97201782e+000  -1.97201784e+000 -4.60455300e+000 -4.60455297e+000  -4.60455295e+000
 -8.81144298e-001 -8.81144291e-001  -8.81144287e-001 -8.72735357e-001 -8.72733678e-001  -8.72732305e-001 -1.25077352e+000 -1.25074062e+000  -1.25071970e+000 9.24355979e-001 9.24356032e-001  9.24356047e-001 -9.26648218e-001 -9.26648140e-001  -9.26648092e-001
 -2.65894861e-001 -2.65876059e-001  -2.65864731e-001
 -2.79426359e+000 -2.79442419e+000 -2.79452164e+000
 -2.19424951e+000 -2.19440961e+000 -2.19450582e+000
 -1.45270118e+000 -1.45270167e+000 -1.45270287e+000
 3.08032016e+000 3.08015957e+000 3.08006212e+000
 -2.33526205e+000 -2.33531224e+000 -2.33534420e+000
 3.66718305e+000 3.66717956e+000 3.66717744e+000
 -6.33663609e-001 -6.33823710e-001 -6.33919919e-001
 8.23315462e-001 8.23315389e-001 8.23315330e-001
 2.25963740e+000 2.25963691e+000 2.25963567e+000
 -1.13012762e+000 -1.13012765e+000 -1.13012767e+000
 -1.76688361e+000 -1.76688362e+000 -1.76688362e+000
 -2.30197190e+000 -2.30197296e+000 -2.30197437e+000
 -1.16580712e+000 -1.16593123e+000 -1.16600512e+000
 -5.03847825e-001 -5.03847929e-001 -5.03847958e-001
 -2.18992991e+000 -2.18992994e+000 -2.18992996e+000
 -7.57078554e-001 -7.57109256e-001 -7.57127705e-001
