  1.5417e+000  6.8113e+000 -7.5633e+000  1.9115e+001 -9.3962e+000
 -6.6130e+000 -8.2866e+000 -5.6176e+001 -2.4347e+000 -2.2759e+000
  2.4327e-001 -4.2330e+000  3.0642e+000 -3.0982e+000 -3.0209e+000
 -5.9826e-001
  6.2222e+000
 9.24741879e+000 9.24766716e+000  9.24750246e+000 3.44580139e+000 3.44580241e+000  3.44580275e+000 2.23776018e+001 2.23780816e+001  2.23781333e+001 2.03885865e+001 2.03885865e+001  2.03885865e+001 -9.01586412e-001 -9.01586412e-001  -9.01586412e-001
 -1.09865792e+001 -1.09864930e+001  -1.09866449e+001 4.20854012e+000 4.20866873e+000  4.20877752e+000 7.09221354e+001 7.09221354e+001  7.09221354e+001 4.02205360e+000 4.02205360e+000  4.02205360e+000 8.22847230e+000 8.22847232e+000  8.22847234e+000
 6.96244470e+000 6.96244470e+000  6.96244470e+000 8.57490274e+000 8.57473477e+000  8.57468326e+000 1.25651062e+001 1.25651062e+001  1.25651062e+001 2.17702805e+000 2.17703253e+000  2.17703384e+000 -5.86991265e+000 -5.86991232e+000  -5.86991333e+000
 -1.97685280e-001 -1.97673473e-001  -1.97673365e-001
 -1.99394204e+001 -1.99394204e+001  -1.99394204e+001 -2.50461876e+001 -2.50461876e+001  -2.50461876e+001 -1.49080457e+001 -1.49080457e+001  -1.49080457e+001 -6.96511485e+000 -6.96511485e+000  -6.96511485e+000 1.90519490e+001 1.90519490e+001  1.90519490e+001
 2.82059099e+001 2.82059099e+001  2.82059099e+001 -5.93161337e-002 -5.93161337e-002  -5.93161337e-002 -5.71980810e+001 -5.71980810e+001  -5.71980810e+001 1.25686834e+001 1.25686834e+001  1.25686834e+001 -8.18069684e+000 -8.18069684e+000  -8.18069684e+000
 2.96504759e+000 2.96504759e+000  2.96504759e+000 -1.03802443e+001 -1.03802443e+001  -1.03802443e+001 -3.32621390e+000 -3.32621390e+000  -3.32621390e+000 2.56478322e-001 2.56478322e-001  2.56478322e-001 9.51226683e-002 9.51226683e-002  9.51226683e-002
 -4.24516860e-001 -4.24516860e-001  -4.24516860e-001
 8.63976634e+000 8.63976634e+000  8.63976634e+000 2.08496826e+001 2.08496827e+001  2.08496827e+001 -3.16671766e+001 -3.16671764e+001  -3.16671760e+001 8.79431617e+000 8.79431617e+000  8.79431617e+000 -2.92156471e+001 -2.92156471e+001  -2.92156471e+001
 -1.00869689e+001 -1.00869689e+001  -1.00869689e+001 -1.17139153e+000 -1.17139153e+000  -1.17139153e+000 -1.87568654e+001 -1.87568654e+001  -1.87568654e+001 2.83250928e+000 2.83250928e+000  2.83250928e+000 1.25325397e+001 1.25325397e+001  1.25325397e+001
 2.83111609e-001 2.83111609e-001  2.83111609e-001 1.10137357e+001 1.10137357e+001  1.10137357e+001 -4.06378784e+000 -4.06378784e+000  -4.06378784e+000 1.14059632e+000 1.14059633e+000  1.14059635e+000 -7.37242297e-001 -7.37242297e-001  -7.37242296e-001
 8.44038700e-002 8.44038800e-002  8.44039049e-002
 -5.22749150e+000 -5.22749150e+000  -5.22749150e+000 2.20919106e+001 2.20919106e+001  2.20919106e+001 -4.09172440e+000 -4.09172440e+000  -4.09172440e+000 -2.10536213e+000 -2.10536213e+000  -2.10536213e+000 -1.91760711e+001 -1.91760711e+001  -1.91760711e+001
 8.05739005e-001 8.05739005e-001  8.05739005e-001 -7.84066582e+000 -7.84066582e+000  -7.84066582e+000 -6.70354444e+000 -6.70354444e+000  -6.70354444e+000 -2.45661136e+000 -2.45661136e+000  -2.45661136e+000 -1.17723456e+001 -1.17723456e+001  -1.17723456e+001
 -4.92070311e+000 -4.92070311e+000  -4.92070311e+000 -1.43960993e+001 -1.43960993e+001  -1.43960993e+001 1.47865982e-001 1.47865982e-001  1.47865982e-001 -1.02030413e+001 -1.02030413e+001  -1.02030413e+001 -5.07744563e-001 -5.07744563e-001  -5.07744563e-001
 -4.39532617e-001 -4.39532617e-001  -4.39532617e-001
 8.34551307e+000 8.34551307e+000  8.34551307e+000 -1.20725718e+001 -1.20725718e+001  -1.20725718e+001 1.80211581e+001 1.80211581e+001  1.80211581e+001 1.12274996e+000 1.12274996e+000  1.12274996e+000 1.59237016e+001 1.59237016e+001  1.59237016e+001
 -1.57205297e+001 -1.57205297e+001  -1.57205297e+001 -7.60216745e+000 -7.60216745e+000  -7.60216745e+000 -4.82917010e+001 -4.82917010e+001  -4.82917010e+001 -1.79741534e+001 -1.79741534e+001  -1.79741534e+001 -2.37294329e+000 -2.37294329e+000  -2.37294329e+000
 -5.83209955e+000 -5.83209955e+000  -5.83209955e+000 8.55603777e-001 8.55603777e-001  8.55603777e-001 -4.42082362e+000 -4.42082362e+000  -4.42082362e+000 1.30774509e+000 1.30774509e+000  1.30774509e+000 2.91721875e+000 2.91721875e+000  2.91721875e+000
 -1.97636316e-002 -1.97636316e-002  -1.97636316e-002
 -7.63514438e+000 -7.63489601e+000  -7.63506071e+000 6.65873296e+000 6.65873398e+000  6.65873432e+000 -1.38295303e+001 -1.38290504e+001  -1.38289987e+001 -2.92257867e+001 -2.92257867e+001  -2.92257867e+001 -1.12703995e+001 -1.12703995e+001  -1.12703995e+001
 1.37968894e+001 1.37969755e+001  1.37968237e+001 -2.29427331e+000 -2.29414471e+000  -2.29403591e+000 2.19823001e+001 2.19823001e+001  2.19823001e+001 -1.65786949e+001 -1.65786949e+001  -1.65786949e+001 -8.01703094e+000 -8.01703091e+000  -8.01703090e+000
 7.55658475e+000 7.55658475e+000  7.55658475e+000 6.87092947e-001 6.86924972e-001  6.86873462e-001 6.63189471e+000 6.63189471e+000  6.63189471e+000 -5.60445823e+000 -5.60445376e+000  -5.60445244e+000 3.07566664e+000 3.07566697e+000  3.07566595e+000
 -4.17411999e-001 -4.17400191e-001  -4.17400084e-001
 1.51339992e+001 1.51339992e+001  1.51339992e+001 3.91442918e+001 3.91442918e+001  3.91442918e+001 -2.05968317e+001 -2.05968317e+001  -2.05968317e+001 6.95740612e+000 6.95740612e+000  6.95740612e+000 -2.02059556e+001 -2.02059556e+001  -2.02059556e+001
 -7.90244762e+000 -7.90244762e+000  -7.90244762e+000 -9.01515027e+000 -9.01515027e+000  -9.01515027e+000 -1.47112907e+001 -1.47112907e+001  -1.47112907e+001 4.83403603e+000 4.83403603e+000  4.83403603e+000 1.35038938e+000 1.35038938e+000  1.35038938e+000
 -1.07263760e+001 -1.07263760e+001  -1.07263760e+001 -1.65279124e+000 -1.65279124e+000  -1.65279124e+000 1.19336476e+001 1.19336476e+001  1.19336476e+001 -2.99149618e-001 -2.99149618e-001  -2.99149618e-001 -2.80845348e+000 -2.80845348e+000  -2.80845348e+000
 1.41309298e-002 1.41309298e-002  1.41309298e-002
 8.02339000e+000 8.02339000e+000  8.02339000e+000 4.15353295e+000 4.15353295e+000  4.15353295e+000 -1.47672930e+001 -1.47672930e+001  -1.47672930e+001 3.44540044e+001 3.44540044e+001  3.44540044e+001 -5.67407922e+000 -5.67407922e+000  -5.67407922e+000
 7.53201713e+000 7.53201713e+000  7.53201713e+000 -3.55617831e+000 -3.55617831e+000  -3.55617831e+000 2.46186576e+001 2.46186576e+001  2.46186576e+001 1.21032725e+001 1.21032725e+001  1.21032725e+001 2.83367869e+000 2.83367869e+000  2.83367869e+000
 2.59020006e+000 2.59020006e+000  2.59020006e+000 -5.30027728e+000 -5.30027728e+000  -5.30027728e+000 6.77337610e+000 6.77337610e+000  6.77337610e+000 -1.43020757e+000 -1.43020757e+000  -1.43020757e+000 6.30223679e-001 6.30223679e-001  6.30223679e-001
 -3.83290126e-002 -3.83290126e-002  -3.83290126e-002
 2.05534908e+001 2.05534908e+001  2.05534908e+001 -1.72524287e+001 -1.72524287e+001  -1.72524287e+001 -2.22446836e+001 -2.22446836e+001  -2.22446836e+001 -3.55376977e+000 -3.55376977e+000  -3.55376977e+000 3.05883463e+001 3.05883463e+001  3.05883463e+001
 -2.48782063e+001 -2.48782063e+001  -2.48782063e+001 3.62912185e+000 3.62912185e+000  3.62912185e+000 -2.97306072e+001 -2.97306072e+001  -2.97306072e+001 -1.24694069e+000 -1.24694069e+000  -1.24694069e+000 1.00778219e+001 1.00778219e+001  1.00778219e+001
 2.52091160e-001 2.52091160e-001  2.52091160e-001 -3.69990449e+000 -3.69990449e+000  -3.69990449e+000 -1.02568894e+000 -1.02568894e+000  -1.02568894e+000 2.73999506e+000 2.73999506e+000  2.73999506e+000 -3.44984917e+000 -3.44984917e+000  -3.44984917e+000
 -4.85782450e-002 -4.85782450e-002  -4.85782450e-002
 -1.14778878e+001 -1.14778878e+001  -1.14778878e+001 -8.12577188e+000 -8.12577188e+000  -8.12577188e+000 1.33531131e+001 1.33531131e+001  1.33531131e+001 -3.76066724e+000 -3.76066724e+000  -3.76066724e+000 4.88368653e+000 4.88368653e+000  4.88368653e+000
 1.44404751e+001 1.44404751e+001  1.44404751e+001 3.67989026e+000 3.67989026e+000  3.67989026e+000 -2.25435726e+001 -2.25435726e+001  -2.25435726e+001 -7.97091769e-001 -7.97091769e-001  -7.97091769e-001 -1.33093199e+001 -1.33093199e+001  -1.33093199e+001
 4.49541673e-001 4.49541673e-001  4.49541673e-001 -1.23480052e+000 -1.23480052e+000  -1.23480052e+000 -6.04333613e+000 -6.04333613e+000  -6.04333613e+000 3.52642431e+000 3.52642431e+000  3.52642431e+000 -2.51232508e-001 -2.51232508e-001  -2.51232508e-001
 -3.23642660e-001 -3.23642660e-001  -3.23642660e-001
 -1.58455812e+001 -1.58455812e+001  -1.58455812e+001 5.48580699e-001 5.48580728e-001  5.48580800e-001 1.19114035e+001 1.19114036e+001  1.19114040e+001 1.16229377e+001 1.16229377e+001  1.16229377e+001 -2.12993714e+000 -2.12993714e+000  -2.12993714e+000
 1.67562694e+001 1.67562694e+001  1.67562694e+001 -5.42788859e+000 -5.42788859e+000  -5.42788859e+000 -2.16119270e+001 -2.16119270e+001  -2.16119270e+001 4.36004855e+000 4.36004855e+000  4.36004855e+000 -4.94461499e+000 -4.94461499e+000  -4.94461499e+000
 8.47388986e-001 8.47388986e-001  8.47388986e-001 -3.32550329e+000 -3.32550329e+000  -3.32550329e+000 -9.50107157e+000 -9.50107157e+000  -9.50107157e+000 -5.48876843e+000 -5.48876842e+000  -5.48876840e+000 -1.57519961e+000 -1.57519961e+000  -1.57519961e+000
 -1.57392426e-001 -1.57392416e-001  -1.57392391e-001
 -7.34458559e+000 -7.34458559e+000  -7.34458559e+000 -1.54374505e+001 -1.54374505e+001  -1.54374505e+001 3.64054448e+001 3.64054448e+001  3.64054448e+001 5.31981789e+000 5.31981789e+000  5.31981789e+000 -9.85159112e+000 -9.85159112e+000  -9.85159112e+000
 -2.67907442e+001 -2.67907442e+001  -2.67907442e+001 1.33511666e+000 1.33511666e+000  1.33511666e+000 -1.71370202e+001 -1.71370202e+001  -1.71370202e+001 -3.68214813e+000 -3.68214813e+000  -3.68214813e+000 1.04441021e+001 1.04441021e+001  1.04441021e+001
 -1.51162937e+000 -1.51162937e+000  -1.51162937e+000 1.01940824e+001 1.01940824e+001  1.01940824e+001 -7.86667493e+000 -7.86667493e+000  -7.86667493e+000 1.23497099e+000 1.23497099e+000  1.23497099e+000 2.76286357e-001 2.76286357e-001  2.76286357e-001
 -2.58711063e-002 -2.58711063e-002  -2.58711063e-002
 -3.17799454e+001 -3.17799454e+001  -3.17799454e+001 -4.06803597e+000 -4.06803597e+000  -4.06803597e+000 6.70863599e+000 6.70863599e+000  6.70863599e+000 1.33640589e+001 1.33640589e+001  1.33640589e+001 -3.92466676e-001 -3.92466676e-001  -3.92466676e-001
 -9.32946987e-001 -9.32946987e-001  -9.32946987e-001 1.00196947e+000 1.00196947e+000  1.00196947e+000 -8.82961119e+000 -8.82961119e+000  -8.82961119e+000 1.70503977e+001 1.70503977e+001  1.70503977e+001 -1.29440290e+000 -1.29440290e+000  -1.29440290e+000
 5.90913139e+000 5.90913139e+000  5.90913139e+000 -7.39566242e+000 -7.39566242e+000  -7.39566242e+000 -1.42056103e+001 -1.42056103e+001  -1.42056103e+001 9.71024302e-001 9.71024302e-001  9.71024302e-001 2.15388086e-001 2.15388086e-001  2.15388086e-001
 -3.26656103e-002 -3.26656103e-002  -3.26656103e-002
 1.31273138e+002 1.31273139e+002  1.31273139e+002 -5.20755021e+001 -5.20755021e+001  -5.20755021e+001 9.06194395e+001 9.06194421e+001  9.06194425e+001 -8.43739944e+001 -8.43739944e+001  -8.43739944e+001 4.59440814e+001 4.59440814e+001  4.59440814e+001
 -9.77442590e+001 -9.77442586e+001  -9.77442594e+001 3.28934210e+000 3.28934278e+000  3.28934335e+000 1.33285712e+001 1.33285712e+001  1.33285712e+001 -1.96647279e+001 -1.96647279e+001  -1.96647279e+001 -3.11626523e+001 -3.11626523e+001  -3.11626523e+001
 -1.31759502e+001 -1.31759502e+001  -1.31759502e+001 -2.55919432e+001 -2.55919441e+001  -2.55919444e+001 -4.97843362e+000 -4.97843362e+000  -4.97843362e+000 8.02766671e+000 8.02766673e+000  8.02766675e+000 -6.18125271e+000 -6.18125271e+000  -6.18125272e+000
 -5.62218957e-002 -5.62218304e-002  -5.62218223e-002
 9.83044764e-002 9.83763973e-002  9.82661206e-002 5.36270577e-001 5.36270937e-001  5.36271021e-001 3.88332012e-001 3.88490041e-001  3.88461221e-001 1.22556655e+001 1.22556655e+001  1.22556655e+001 -1.86755549e+000 -1.86755549e+000  -1.86755549e+000
 -2.14086356e-002 -2.13885590e-002  -2.14739294e-002 -1.55887102e+001 -1.55886633e+001  -1.55886246e+001 -1.88168664e+001 -1.88168664e+001  -1.88168664e+001 -9.63546924e-001 -9.63546924e-001  -9.63546924e-001 -3.55356347e+000 -3.55356346e+000  -3.55356346e+000
 -2.30856212e+001 -2.30856212e+001  -2.30856212e+001 1.81172410e+000 1.81166706e+000  1.81166048e+000 -7.24748776e+000 -7.24748776e+000  -7.24748776e+000 -5.84017668e-001 -5.84016146e-001  -5.84015987e-001 2.75295954e+000 2.75295960e+000  2.75295905e+000
 -4.37976007e-001 -4.37972178e-001  -4.37973465e-001
 2.59399707e-001 2.59596785e-001  2.59556168e-001 -4.29950180e+000 -4.29950105e+000  -4.29950067e+000 1.44360242e+000 1.44395422e+000  1.44405439e+000 -3.01776973e+001 -3.01776973e+001  -3.01776973e+001 3.84941262e+000 3.84941262e+000  3.84941262e+000
 5.02080429e+000 5.02088006e+000  5.02082024e+000 8.07928887e+000 8.07937607e+000  8.07944966e+000 6.84068875e+001 6.84068875e+001  6.84068875e+001 -6.16641246e+000 -6.16641246e+000  -6.16641246e+000 -1.65874897e+000 -1.65874895e+000  -1.65874894e+000
 -1.47242640e+001 -1.47242640e+001  -1.47242640e+001 -2.55114401e+000 -2.55126453e+000  -2.55131573e+000 -1.79290224e+000 -1.79290224e+000  -1.79290224e+000 1.16874810e+000 1.16875132e+000  1.16875268e+000 -1.74130018e+000 -1.74129986e+000  -1.74130030e+000
 -5.25268065e-001 -5.25259309e-001  -5.25257386e-001
 3.23659525e+000 3.23676884e+000  3.23675681e+000 1.98252672e+000 1.98252736e+000  1.98252771e+000 8.75337501e-001 8.75639700e-001  8.75743461e-001 -2.51618750e+001 -2.51618750e+001  -2.51618750e+001 4.70288653e+000 4.70288653e+000  4.70288653e+000
 -1.13282538e-001 -1.13213843e-001  -1.13250535e-001 8.69473503e+000 8.69480792e+000  8.69486938e+000 7.16830847e+001 7.16830847e+001  7.16830847e+001 -5.29886115e+000 -5.29886115e+000  -5.29886115e+000 1.18871598e+001 1.18871598e+001  1.18871598e+001
 -1.51156231e+001 -1.51156231e+001  -1.51156231e+001 -3.33805939e+000 -3.33816218e+000  -3.33821001e+000 -6.46324153e+000 -6.46324153e+000  -6.46324153e+000 5.74034728e-001 5.74037477e-001  5.74038745e-001 -2.16223374e+000 -2.16223344e+000  -2.16223374e+000
 -4.22192215e-001 -4.22184667e-001  -4.22182493e-001
 4.89375203e+000 4.89375203e+000  4.89375203e+000 1.15058980e+001 1.15058980e+001  1.15058980e+001 -2.16357877e+000 -2.16357877e+000  -2.16357877e+000 5.66239665e+000 5.66239665e+000  5.66239665e+000 -1.61515470e+000 -1.61515470e+000  -1.61515470e+000
 -7.93143870e+000 -7.93143870e+000  -7.93143870e+000 -1.72070869e-001 -1.72070869e-001  -1.72070869e-001 -1.68846354e+001 -1.68846354e+001  -1.68846354e+001 4.72746215e-001 4.72746215e-001  4.72746215e-001 2.95158136e+001 2.95158136e+001  2.95158136e+001
 -7.35770674e+000 -7.35770674e+000  -7.35770674e+000 -5.71879407e+000 -5.71879407e+000  -5.71879407e+000 -4.42070511e+000 -4.42070511e+000  -4.42070511e+000 -2.78705666e+000 -2.78705666e+000  -2.78705666e+000 3.87472728e-001 3.87472728e-001  3.87472728e-001
 -5.17434159e-002 -5.17434159e-002  -5.17434159e-002
 5.20417750e+000 5.20417750e+000  5.20417750e+000 1.26919726e+001 1.26919726e+001  1.26919726e+001 -2.20355510e+000 -2.20355510e+000  -2.20355510e+000 3.72910729e+001 3.72910729e+001  3.72910729e+001 -1.93202565e+000 -1.93202565e+000  -1.93202565e+000
 -6.61583230e+000 -6.61583230e+000  -6.61583230e+000 -5.08621939e+000 -5.08621939e+000  -5.08621939e+000 -2.84390288e+001 -2.84390288e+001  -2.84390288e+001 3.98311169e+000 3.98311169e+000  3.98311169e+000 -4.08179923e+000 -4.08179923e+000  -4.08179923e+000
 1.61675406e+001 1.61675406e+001  1.61675406e+001 4.66234948e+000 4.66234948e+000  4.66234948e+000 -6.11367978e+000 -6.11367978e+000  -6.11367978e+000 -1.50147812e+000 -1.50147812e+000  -1.50147812e+000 -3.74912540e+000 -3.74912540e+000  -3.74912540e+000
 -1.82664014e-002 -1.82664014e-002  -1.82664014e-002
 -4.57456109e+000 -4.57456109e+000  -4.57456109e+000 -7.54874299e+000 -7.54874299e+000  -7.54874299e+000 -2.84823990e+000 -2.84823990e+000  -2.84823990e+000 -1.11635063e+001 -1.11635063e+001  -1.11635063e+001 -5.03709565e+000 -5.03709565e+000  -5.03709565e+000
 3.52543240e+000 3.52543240e+000  3.52543240e+000 -3.39390000e+000 -3.39390000e+000  -3.39390000e+000 -6.29539458e+000 -6.29539458e+000  -6.29539458e+000 -2.88977222e+000 -2.88977222e+000  -2.88977222e+000 -1.47687323e+001 -1.47687323e+001  -1.47687323e+001
 -4.61232847e+000 -4.61232847e+000  -4.61232847e+000 -1.60107085e+000 -1.60107085e+000  -1.60107085e+000 5.33428029e+000 5.33428029e+000  5.33428029e+000 -5.43451910e-001 -5.43451910e-001  -5.43451910e-001 -2.72015622e-001 -2.72015622e-001  -2.72015622e-001
 -4.53898137e-001 -4.53898137e-001  -4.53898137e-001
 -4.40805507e+000 -4.40780670e+000  -4.40797139e+000 -7.28570464e+000 -7.28570359e+000  -7.28570318e+000 -2.91276471e+000 -2.91228469e+000  -2.91223266e+000 -1.03694788e+001 -1.03694788e+001  -1.03694788e+001 -5.50280849e+000 -5.50280849e+000  -5.50280849e+000
 3.51523995e+000 3.51532607e+000  3.51517423e+000 -3.49171980e+000 -3.49159119e+000  -3.49148240e+000 -8.04264636e+000 -8.04264636e+000  -8.04264636e+000 -2.57360412e+000 -2.57360412e+000  -2.57360412e+000 -1.22302558e+001 -1.22302557e+001  -1.22302557e+001
 -4.73970411e+000 -4.73970411e+000  -4.73970411e+000 -1.67458602e+000 -1.67475399e+000  -1.67480550e+000 6.10225141e+000 6.10225141e+000  6.10225141e+000 -4.89206811e-001 -4.89202325e-001  -4.89200982e-001 -4.68889790e-001 -4.68889457e-001  -4.68890473e-001
 -4.73186564e-001 -4.73174746e-001  -4.73174614e-001
 -3.36987857e+000 -3.37044384e+000 -3.37058911e+000
 -3.34282011e+000 -3.34345079e+000 -3.34347467e+000
 -2.97793615e+000 -2.97832375e+000 -2.97844886e+000
 -1.26425810e+000 -1.26425810e+000 -1.26425810e+000
 -2.29410146e+000 -2.29410146e+000 -2.29410146e+000
 -3.46572759e+000 -3.46633721e+000 -3.46642209e+000
 -2.46424436e+001 -2.46424489e+001 -2.46424533e+001
 2.87721700e+000 2.87658639e+000 2.87656336e+000
 -1.93452137e+000 -1.93452137e+000 -1.93452137e+000
 -6.58264398e-001 -6.58264433e-001 -6.58264457e-001
 -1.30028866e+000 -1.30028866e+000 -1.30028866e+000
 9.65134108e-001 9.64844426e-001 9.64997592e-001
 -1.68397666e+000 -1.68460726e+000 -1.68463029e+000
 -2.75941515e+000 -2.75941678e+000 -2.75941726e+000
 -2.65686646e+000 -2.65686659e+000 -2.65686620e+000
 -2.57707033e-001 -2.57755662e-001 -2.57753233e-001
