 Normalized SSE per output and pattern 
Itr 	 HN 	 MARE-tr 	 MARE-ts 	 R2tr 	 R2ts 	 SSENtr 	 SSENts	 SSENcomb
100 	 1 	      525.515 	      692.532 	   0.94190 	   0.99594 	    0.048975 	     0.127284 	     0.176259 
200 	 1 	      480.025 	      680.824 	   0.94192 	   0.99796 	    0.010627 	     0.039311 	     0.049938 
300 	 1 	      464.121 	      674.621 	   0.94162 	   0.99851 	    0.004564 	     0.013397 	     0.017961 
400 	 1 	      462.597 	      672.376 	   0.94155 	   0.99860 	    0.003841 	     0.007693 	     0.011535 
500 	 1 	      462.062 	      671.275 	   0.94152 	   0.99863 	    0.003661 	     0.005596 	     0.009258 
600 	 1 	      461.815 	      670.638 	   0.94151 	   0.99864 	    0.003599 	     0.004591 	     0.008190 
700 	 1 	      461.681 	      670.235 	   0.94150 	   0.99864 	    0.003573 	     0.004033 	     0.007606 
800 	 1 	      461.603 	      669.964 	   0.94149 	   0.99864 	    0.003561 	     0.003692 	     0.007254 
900 	 1 	      461.553 	      669.775 	   0.94149 	   0.99864 	    0.003556 	     0.003471 	     0.007027 
1000 	 1 	      461.505 	      669.644 	   0.94148 	   0.99864 	    0.003553 	     0.003320 	     0.006873 
1100 	 1 	      461.769 	      669.622 	   0.94148 	   0.99865 	    0.003552 	     0.003265 	     0.006816 
1200 	 1 	      461.818 	      669.584 	   0.94148 	   0.99865 	    0.003551 	     0.003224 	     0.006775 
1300 	 1 	      461.862 	      669.551 	   0.94148 	   0.99865 	    0.003551 	     0.003189 	     0.006740 
1400 	 1 	      461.904 	      669.522 	   0.94148 	   0.99864 	    0.003550 	     0.003159 	     0.006709 
1500 	 1 	      461.942 	      669.496 	   0.94148 	   0.99864 	    0.003550 	     0.003132 	     0.006682 
1600 	 1 	      461.977 	      669.473 	   0.94148 	   0.99864 	    0.003550 	     0.003108 	     0.006658 
1700 	 1 	      462.010 	      669.452 	   0.94148 	   0.99864 	    0.003550 	     0.003087 	     0.006637 
1800 	 1 	      462.041 	      669.434 	   0.94148 	   0.99864 	    0.003549 	     0.003069 	     0.006618 
1900 	 1 	      462.071 	      669.417 	   0.94148 	   0.99864 	    0.003549 	     0.003052 	     0.006601 
2000 	 1 	      462.105 	      669.403 	   0.94147 	   0.99864 	    0.003549 	     0.003037 	     0.006586 
2100 	 1 	      462.194 	      669.401 	   0.94147 	   0.99864 	    0.003549 	     0.003025 	     0.006574 
2200 	 1 	      462.212 	      669.394 	   0.94147 	   0.99864 	    0.003549 	     0.003017 	     0.006566 
2300 	 1 	      462.229 	      669.386 	   0.94147 	   0.99864 	    0.003549 	     0.003010 	     0.006559 
2400 	 1 	      462.245 	      669.379 	   0.94147 	   0.99864 	    0.003549 	     0.003003 	     0.006552 
2500 	 1 	      462.261 	      669.373 	   0.94147 	   0.99864 	    0.003549 	     0.002997 	     0.006546 
2600 	 1 	      462.277 	      669.366 	   0.94147 	   0.99864 	    0.003549 	     0.002991 	     0.006540 
2700 	 1 	      462.292 	      669.360 	   0.94147 	   0.99864 	    0.003549 	     0.002985 	     0.006534 
2800 	 1 	      462.306 	      669.355 	   0.94147 	   0.99863 	    0.003549 	     0.002980 	     0.006529 
2900 	 1 	      462.321 	      669.350 	   0.94147 	   0.99863 	    0.003549 	     0.002975 	     0.006524 
3000 	 1 	      462.337 	      669.345 	   0.94147 	   0.99863 	    0.003549 	     0.002970 	     0.006519 
3100 	 1 	      462.384 	      669.345 	   0.94147 	   0.99863 	    0.003549 	     0.002965 	     0.006514 
3200 	 1 	      462.395 	      669.342 	   0.94147 	   0.99863 	    0.003549 	     0.002962 	     0.006511 
3300 	 1 	      462.405 	      669.339 	   0.94147 	   0.99863 	    0.003549 	     0.002959 	     0.006508 
3400 	 1 	      462.415 	      669.335 	   0.94147 	   0.99863 	    0.003549 	     0.002956 	     0.006505 
3500 	 1 	      462.425 	      669.333 	   0.94147 	   0.99863 	    0.003549 	     0.002953 	     0.006502 
3600 	 1 	      462.435 	      669.330 	   0.94147 	   0.99863 	    0.003549 	     0.002951 	     0.006499 
3700 	 1 	      462.444 	      669.327 	   0.94147 	   0.99863 	    0.003549 	     0.002948 	     0.006497 
3800 	 1 	      462.453 	      669.324 	   0.94147 	   0.99863 	    0.003549 	     0.002946 	     0.006494 
3900 	 1 	      462.463 	      669.322 	   0.94147 	   0.99863 	    0.003549 	     0.002943 	     0.006492 
4000 	 1 	      462.473 	      669.319 	   0.94148 	   0.99863 	    0.003549 	     0.002941 	     0.006490 
4100 	 1 	      462.503 	      669.320 	   0.94147 	   0.99863 	    0.003549 	     0.002938 	     0.006487 
4200 	 1 	      462.510 	      669.318 	   0.94147 	   0.99863 	    0.003549 	     0.002936 	     0.006485 
4300 	 1 	      462.517 	      669.316 	   0.94148 	   0.99863 	    0.003549 	     0.002935 	     0.006483 
4400 	 1 	      462.524 	      669.314 	   0.94148 	   0.99863 	    0.003549 	     0.002933 	     0.006482 
4500 	 1 	      462.531 	      669.313 	   0.94148 	   0.99862 	    0.003549 	     0.002932 	     0.006480 
4600 	 1 	      462.538 	      669.311 	   0.94148 	   0.99862 	    0.003549 	     0.002930 	     0.006479 
4700 	 1 	      462.545 	      669.309 	   0.94148 	   0.99862 	    0.003549 	     0.002929 	     0.006477 
4800 	 1 	      462.552 	      669.308 	   0.94148 	   0.99862 	    0.003549 	     0.002927 	     0.006476 
4900 	 1 	      462.559 	      669.306 	   0.94148 	   0.99862 	    0.003549 	     0.002926 	     0.006475 
5000 	 1 	      462.566 	      669.305 	   0.94148 	   0.99862 	    0.003549 	     0.002925 	     0.006473 
5100 	 1 	      462.586 	      669.305 	   0.94148 	   0.99862 	    0.003549 	     0.002923 	     0.006471 
5200 	 1 	      462.592 	      669.304 	   0.94148 	   0.99862 	    0.003549 	     0.002922 	     0.006470 
5300 	 1 	      462.597 	      669.303 	   0.94148 	   0.99862 	    0.003549 	     0.002921 	     0.006469 
5400 	 1 	      462.603 	      669.301 	   0.94148 	   0.99862 	    0.003549 	     0.002920 	     0.006468 
5500 	 1 	      462.608 	      669.300 	   0.94148 	   0.99862 	    0.003549 	     0.002919 	     0.006467 
5600 	 1 	      462.614 	      669.299 	   0.94148 	   0.99862 	    0.003549 	     0.002918 	     0.006466 
5700 	 1 	      462.619 	      669.298 	   0.94148 	   0.99862 	    0.003549 	     0.002917 	     0.006465 
5800 	 1 	      462.624 	      669.297 	   0.94148 	   0.99862 	    0.003548 	     0.002916 	     0.006464 
5900 	 1 	      462.629 	      669.296 	   0.94148 	   0.99862 	    0.003548 	     0.002915 	     0.006463 
6000 	 1 	      462.635 	      669.295 	   0.94148 	   0.99862 	    0.003548 	     0.002914 	     0.006462 
6100 	 1 	      462.650 	      669.295 	   0.94148 	   0.99862 	    0.003548 	     0.002913 	     0.006461 
6200 	 1 	      462.654 	      669.294 	   0.94148 	   0.99862 	    0.003548 	     0.002912 	     0.006460 
6300 	 1 	      462.659 	      669.293 	   0.94148 	   0.99862 	    0.003548 	     0.002911 	     0.006460 
6400 	 1 	      462.663 	      669.293 	   0.94148 	   0.99862 	    0.003548 	     0.002910 	     0.006459 
6500 	 1 	      462.667 	      669.292 	   0.94148 	   0.99862 	    0.003548 	     0.002910 	     0.006458 
6600 	 1 	      462.671 	      669.291 	   0.94148 	   0.99862 	    0.003548 	     0.002909 	     0.006457 
6700 	 1 	      462.676 	      669.290 	   0.94148 	   0.99862 	    0.003548 	     0.002908 	     0.006457 
6800 	 1 	      462.680 	      669.289 	   0.94148 	   0.99862 	    0.003548 	     0.002908 	     0.006456 
6900 	 1 	      462.684 	      669.289 	   0.94148 	   0.99861 	    0.003548 	     0.002907 	     0.006455 
7000 	 1 	      462.688 	      669.288 	   0.94148 	   0.99861 	    0.003548 	     0.002906 	     0.006455 
7100 	 1 	      462.700 	      669.288 	   0.94148 	   0.99861 	    0.003548 	     0.002905 	     0.006454 
7200 	 1 	      462.704 	      669.287 	   0.94148 	   0.99861 	    0.003548 	     0.002905 	     0.006453 
7300 	 1 	      462.707 	      669.287 	   0.94148 	   0.99861 	    0.003548 	     0.002904 	     0.006452 
7400 	 1 	      462.711 	      669.286 	   0.94148 	   0.99861 	    0.003548 	     0.002903 	     0.006452 
7500 	 1 	      462.714 	      669.285 	   0.94148 	   0.99861 	    0.003548 	     0.002903 	     0.006451 
7600 	 1 	      462.718 	      669.285 	   0.94148 	   0.99861 	    0.003548 	     0.002902 	     0.006451 
7700 	 1 	      462.721 	      669.284 	   0.94148 	   0.99861 	    0.003548 	     0.002902 	     0.006450 
7800 	 1 	      462.725 	      669.284 	   0.94148 	   0.99861 	    0.003548 	     0.002901 	     0.006450 
7900 	 1 	      462.728 	      669.283 	   0.94148 	   0.99861 	    0.003548 	     0.002901 	     0.006449 
8000 	 1 	      462.732 	      669.282 	   0.94148 	   0.99861 	    0.003548 	     0.002900 	     0.006449 
8100 	 1 	      462.741 	      669.282 	   0.94148 	   0.99861 	    0.003548 	     0.002900 	     0.006448 
8200 	 1 	      462.744 	      669.282 	   0.94148 	   0.99861 	    0.003548 	     0.002899 	     0.006447 
8300 	 1 	      462.747 	      669.281 	   0.94148 	   0.99861 	    0.003548 	     0.002899 	     0.006447 
8400 	 1 	      462.750 	      669.281 	   0.94148 	   0.99861 	    0.003548 	     0.002898 	     0.006447 
8500 	 1 	      462.753 	      669.280 	   0.94148 	   0.99861 	    0.003548 	     0.002898 	     0.006446 
8600 	 1 	      462.756 	      669.280 	   0.94148 	   0.99861 	    0.003548 	     0.002897 	     0.006446 
8700 	 1 	      462.759 	      669.279 	   0.94148 	   0.99861 	    0.003548 	     0.002897 	     0.006445 
8800 	 1 	      462.762 	      669.279 	   0.94148 	   0.99861 	    0.003548 	     0.002896 	     0.006445 
8900 	 1 	      462.765 	      669.278 	   0.94148 	   0.99861 	    0.003548 	     0.002896 	     0.006444 
9000 	 1 	      462.768 	      669.278 	   0.94148 	   0.99861 	    0.003548 	     0.002896 	     0.006444 
9100 	 1 	      462.775 	      669.278 	   0.94148 	   0.99861 	    0.003548 	     0.002895 	     0.006443 
9200 	 1 	      462.778 	      669.278 	   0.94148 	   0.99861 	    0.003548 	     0.002895 	     0.006443 
9300 	 1 	      462.781 	      669.277 	   0.94148 	   0.99861 	    0.003548 	     0.002894 	     0.006443 
9400 	 1 	      462.783 	      669.277 	   0.94148 	   0.99861 	    0.003548 	     0.002894 	     0.006442 
9500 	 1 	      462.786 	      669.276 	   0.94148 	   0.99861 	    0.003548 	     0.002894 	     0.006442 
9600 	 1 	      462.788 	      669.276 	   0.94148 	   0.99861 	    0.003548 	     0.002893 	     0.006442 
9700 	 1 	      462.791 	      669.275 	   0.94148 	   0.99861 	    0.003548 	     0.002893 	     0.006441 
9800 	 1 	      462.793 	      669.275 	   0.94148 	   0.99861 	    0.003548 	     0.002893 	     0.006441 
9900 	 1 	      462.796 	      669.275 	   0.94148 	   0.99861 	    0.003548 	     0.002892 	     0.006441 
10000 	 1 	      462.798 	      669.274 	   0.94148 	   0.99861 	    0.003548 	     0.002892 	     0.006440 
10100 	 1 	      462.805 	      669.274 	   0.94148 	   0.99861 	    0.003548 	     0.002891 	     0.006440 
10200 	 1 	      462.807 	      669.274 	   0.94148 	   0.99861 	    0.003548 	     0.002891 	     0.006439 
10300 	 1 	      462.809 	      669.274 	   0.94148 	   0.99861 	    0.003548 	     0.002891 	     0.006439 
10400 	 1 	      462.812 	      669.273 	   0.94148 	   0.99861 	    0.003548 	     0.002890 	     0.006439 
10500 	 1 	      462.814 	      669.273 	   0.94148 	   0.99861 	    0.003548 	     0.002890 	     0.006438 
10600 	 1 	      462.816 	      669.273 	   0.94148 	   0.99861 	    0.003548 	     0.002890 	     0.006438 
10700 	 1 	      462.818 	      669.272 	   0.94148 	   0.99861 	    0.003548 	     0.002889 	     0.006438 
10800 	 1 	      462.820 	      669.272 	   0.94148 	   0.99861 	    0.003548 	     0.002889 	     0.006438 
10900 	 1 	      462.822 	      669.272 	   0.94148 	   0.99861 	    0.003548 	     0.002889 	     0.006437 
11000 	 1 	      462.825 	      669.271 	   0.94148 	   0.99861 	    0.003548 	     0.002889 	     0.006437 
11100 	 1 	      462.830 	      669.271 	   0.94148 	   0.99861 	    0.003548 	     0.002888 	     0.006436 
11200 	 1 	      462.832 	      669.271 	   0.94148 	   0.99860 	    0.003548 	     0.002888 	     0.006436 
11300 	 1 	      462.834 	      669.271 	   0.94148 	   0.99860 	    0.003548 	     0.002888 	     0.006436 
11400 	 1 	      462.836 	      669.270 	   0.94148 	   0.99860 	    0.003548 	     0.002887 	     0.006436 
11500 	 1 	      462.838 	      669.270 	   0.94148 	   0.99860 	    0.003548 	     0.002887 	     0.006435 
11600 	 1 	      462.840 	      669.270 	   0.94148 	   0.99860 	    0.003548 	     0.002887 	     0.006435 
11700 	 1 	      462.842 	      669.269 	   0.94148 	   0.99860 	    0.003548 	     0.002887 	     0.006435 
11800 	 1 	      462.844 	      669.269 	   0.94148 	   0.99860 	    0.003548 	     0.002886 	     0.006435 
11900 	 1 	      462.846 	      669.269 	   0.94148 	   0.99860 	    0.003548 	     0.002886 	     0.006434 
12000 	 1 	      462.848 	      669.268 	   0.94148 	   0.99860 	    0.003548 	     0.002886 	     0.006434 
12100 	 1 	      462.852 	      669.268 	   0.94148 	   0.99860 	    0.003548 	     0.002886 	     0.006434 
12200 	 1 	      462.854 	      669.268 	   0.94148 	   0.99860 	    0.003548 	     0.002885 	     0.006434 
12300 	 1 	      462.856 	      669.268 	   0.94148 	   0.99860 	    0.003548 	     0.002885 	     0.006433 
12400 	 1 	      462.858 	      669.268 	   0.94148 	   0.99860 	    0.003548 	     0.002885 	     0.006433 
12500 	 1 	      462.859 	      669.267 	   0.94148 	   0.99860 	    0.003548 	     0.002885 	     0.006433 
12600 	 1 	      462.861 	      669.267 	   0.94148 	   0.99860 	    0.003548 	     0.002884 	     0.006433 
12700 	 1 	      462.863 	      669.267 	   0.94148 	   0.99860 	    0.003548 	     0.002884 	     0.006432 
12800 	 1 	      462.865 	      669.267 	   0.94148 	   0.99860 	    0.003548 	     0.002884 	     0.006432 
12900 	 1 	      462.866 	      669.266 	   0.94148 	   0.99860 	    0.003548 	     0.002884 	     0.006432 
13000 	 1 	      462.868 	      669.266 	   0.94148 	   0.99860 	    0.003548 	     0.002884 	     0.006432 
13100 	 1 	      462.872 	      669.266 	   0.94148 	   0.99860 	    0.003548 	     0.002883 	     0.006431 
13200 	 1 	      462.874 	      669.266 	   0.94148 	   0.99860 	    0.003548 	     0.002883 	     0.006431 
13300 	 1 	      462.875 	      669.266 	   0.94148 	   0.99860 	    0.003548 	     0.002883 	     0.006431 
13400 	 1 	      462.877 	      669.265 	   0.94148 	   0.99860 	    0.003548 	     0.002883 	     0.006431 
13500 	 1 	      462.878 	      669.265 	   0.94148 	   0.99860 	    0.003548 	     0.002882 	     0.006431 
13600 	 1 	      462.880 	      669.265 	   0.94148 	   0.99860 	    0.003548 	     0.002882 	     0.006430 
13700 	 1 	      462.881 	      669.265 	   0.94148 	   0.99860 	    0.003548 	     0.002882 	     0.006430 
13800 	 1 	      462.883 	      669.265 	   0.94148 	   0.99860 	    0.003548 	     0.002882 	     0.006430 
13900 	 1 	      462.885 	      669.264 	   0.94148 	   0.99860 	    0.003548 	     0.002882 	     0.006430 
14000 	 1 	      462.886 	      669.264 	   0.94148 	   0.99860 	    0.003548 	     0.002881 	     0.006430 
14100 	 1 	      462.889 	      669.264 	   0.94148 	   0.99860 	    0.003548 	     0.002881 	     0.006429 
14200 	 1 	      462.891 	      669.264 	   0.94148 	   0.99860 	    0.003548 	     0.002881 	     0.006429 
14300 	 1 	      462.893 	      669.264 	   0.94148 	   0.99860 	    0.003548 	     0.002881 	     0.006429 
14400 	 1 	      462.894 	      669.263 	   0.94148 	   0.99860 	    0.003548 	     0.002881 	     0.006429 
14500 	 1 	      462.895 	      669.263 	   0.94148 	   0.99860 	    0.003548 	     0.002880 	     0.006429 
14600 	 1 	      462.897 	      669.263 	   0.94148 	   0.99860 	    0.003548 	     0.002880 	     0.006429 
14700 	 1 	      462.898 	      669.263 	   0.94148 	   0.99860 	    0.003548 	     0.002880 	     0.006428 
14800 	 1 	      462.900 	      669.263 	   0.94148 	   0.99860 	    0.003548 	     0.002880 	     0.006428 
14900 	 1 	      462.901 	      669.262 	   0.94148 	   0.99860 	    0.003548 	     0.002880 	     0.006428 
15000 	 1 	      462.902 	      669.262 	   0.94148 	   0.99860 	    0.003548 	     0.002880 	     0.006428 
15100 	 1 	      462.905 	      669.262 	   0.94148 	   0.99860 	    0.003548 	     0.002879 	     0.006428 
15200 	 1 	      462.907 	      669.262 	   0.94148 	   0.99860 	    0.003548 	     0.002879 	     0.006427 
15300 	 1 	      462.908 	      669.262 	   0.94148 	   0.99860 	    0.003548 	     0.002879 	     0.006427 
15400 	 1 	      462.909 	      669.262 	   0.94148 	   0.99860 	    0.003548 	     0.002879 	     0.006427 
15500 	 1 	      462.911 	      669.261 	   0.94148 	   0.99860 	    0.003548 	     0.002879 	     0.006427 
15600 	 1 	      462.912 	      669.261 	   0.94148 	   0.99860 	    0.003548 	     0.002879 	     0.006427 
15700 	 1 	      462.913 	      669.261 	   0.94148 	   0.99860 	    0.003548 	     0.002878 	     0.006427 
15800 	 1 	      462.915 	      669.261 	   0.94148 	   0.99860 	    0.003548 	     0.002878 	     0.006426 
15900 	 1 	      462.916 	      669.261 	   0.94148 	   0.99860 	    0.003548 	     0.002878 	     0.006426 
16000 	 1 	      462.917 	      669.261 	   0.94148 	   0.99860 	    0.003548 	     0.002878 	     0.006426 
16100 	 1 	      462.920 	      669.261 	   0.94148 	   0.99860 	    0.003548 	     0.002878 	     0.006426 
16200 	 1 	      462.921 	      669.260 	   0.94148 	   0.99860 	    0.003548 	     0.002878 	     0.006426 
16300 	 1 	      462.922 	      669.260 	   0.94148 	   0.99860 	    0.003548 	     0.002877 	     0.006426 
16400 	 1 	      462.923 	      669.260 	   0.94148 	   0.99860 	    0.003548 	     0.002877 	     0.006426 
16500 	 1 	      462.925 	      669.260 	   0.94148 	   0.99860 	    0.003548 	     0.002877 	     0.006425 
16600 	 1 	      462.926 	      669.260 	   0.94148 	   0.99860 	    0.003548 	     0.002877 	     0.006425 
16700 	 1 	      462.927 	      669.260 	   0.94148 	   0.99860 	    0.003548 	     0.002877 	     0.006425 
16800 	 1 	      462.928 	      669.259 	   0.94148 	   0.99860 	    0.003548 	     0.002877 	     0.006425 
16900 	 1 	      462.929 	      669.259 	   0.94148 	   0.99860 	    0.003548 	     0.002877 	     0.006425 
17000 	 1 	      462.930 	      669.259 	   0.94148 	   0.99860 	    0.003548 	     0.002876 	     0.006425 
17100 	 1 	      462.933 	      669.259 	   0.94148 	   0.99860 	    0.003548 	     0.002876 	     0.006424 
17200 	 1 	      462.934 	      669.259 	   0.94148 	   0.99860 	    0.003548 	     0.002876 	     0.006424 
17300 	 1 	      462.935 	      669.259 	   0.94148 	   0.99860 	    0.003548 	     0.002876 	     0.006424 
17400 	 1 	      462.936 	      669.259 	   0.94148 	   0.99860 	    0.003548 	     0.002876 	     0.006424 
17500 	 1 	      462.937 	      669.258 	   0.94148 	   0.99860 	    0.003548 	     0.002876 	     0.006424 
17600 	 1 	      462.938 	      669.258 	   0.94148 	   0.99860 	    0.003548 	     0.002876 	     0.006424 
17700 	 1 	      462.940 	      669.258 	   0.94148 	   0.99860 	    0.003548 	     0.002876 	     0.006424 
17800 	 1 	      462.941 	      669.258 	   0.94148 	   0.99860 	    0.003548 	     0.002875 	     0.006424 
17900 	 1 	      462.942 	      669.258 	   0.94148 	   0.99860 	    0.003548 	     0.002875 	     0.006423 
18000 	 1 	      462.943 	      669.258 	   0.94148 	   0.99860 	    0.003548 	     0.002875 	     0.006423 
18100 	 1 	      462.945 	      669.258 	   0.94148 	   0.99860 	    0.003548 	     0.002875 	     0.006423 
18200 	 1 	      462.946 	      669.258 	   0.94148 	   0.99860 	    0.003548 	     0.002875 	     0.006423 
18300 	 1 	      462.947 	      669.257 	   0.94148 	   0.99860 	    0.003548 	     0.002875 	     0.006423 
18400 	 1 	      462.948 	      669.257 	   0.94148 	   0.99860 	    0.003548 	     0.002875 	     0.006423 
18500 	 1 	      462.949 	      669.257 	   0.94148 	   0.99860 	    0.003548 	     0.002875 	     0.006423 
18600 	 1 	      462.950 	      669.257 	   0.94148 	   0.99860 	    0.003548 	     0.002874 	     0.006423 
18700 	 1 	      462.951 	      669.257 	   0.94148 	   0.99860 	    0.003548 	     0.002874 	     0.006422 
18800 	 1 	      462.952 	      669.257 	   0.94148 	   0.99860 	    0.003548 	     0.002874 	     0.006422 
18900 	 1 	      462.953 	      669.257 	   0.94148 	   0.99860 	    0.003548 	     0.002874 	     0.006422 
19000 	 1 	      462.954 	      669.256 	   0.94148 	   0.99860 	    0.003548 	     0.002874 	     0.006422 
19100 	 1 	      462.956 	      669.256 	   0.94148 	   0.99860 	    0.003548 	     0.002874 	     0.006422 
19200 	 1 	      462.957 	      669.256 	   0.94148 	   0.99860 	    0.003548 	     0.002874 	     0.006422 
19300 	 1 	      462.958 	      669.256 	   0.94148 	   0.99860 	    0.003548 	     0.002874 	     0.006422 
19400 	 1 	      462.959 	      669.256 	   0.94148 	   0.99860 	    0.003548 	     0.002873 	     0.006422 
19500 	 1 	      462.960 	      669.256 	   0.94148 	   0.99860 	    0.003548 	     0.002873 	     0.006422 
19600 	 1 	      462.961 	      669.256 	   0.94148 	   0.99859 	    0.003548 	     0.002873 	     0.006421 
19700 	 1 	      462.962 	      669.256 	   0.94148 	   0.99859 	    0.003548 	     0.002873 	     0.006421 
19800 	 1 	      462.963 	      669.256 	   0.94148 	   0.99859 	    0.003548 	     0.002873 	     0.006421 
19900 	 1 	      462.963 	      669.255 	   0.94148 	   0.99859 	    0.003548 	     0.002873 	     0.006421 
20000 	 1 	      462.964 	      669.255 	   0.94148 	   0.99859 	    0.003548 	     0.002873 	     0.006421 
100 	 2 	      462.407 	      669.199 	   0.94148 	   0.99858 	    0.003550 	     0.002900 	     0.006450 
200 	 2 	      462.395 	      669.195 	   0.94148 	   0.99858 	    0.003550 	     0.002895 	     0.006445 
300 	 2 	      462.382 	      669.192 	   0.94148 	   0.99858 	    0.003550 	     0.002892 	     0.006442 
400 	 2 	      462.369 	      669.190 	   0.94148 	   0.99858 	    0.003550 	     0.002890 	     0.006440 
500 	 2 	      462.356 	      669.189 	   0.94148 	   0.99858 	    0.003550 	     0.002888 	     0.006438 
600 	 2 	      462.344 	      669.188 	   0.94148 	   0.99859 	    0.003550 	     0.002887 	     0.006437 
700 	 2 	      462.332 	      669.188 	   0.94148 	   0.99859 	    0.003550 	     0.002887 	     0.006436 
800 	 2 	      462.321 	      669.187 	   0.94148 	   0.99859 	    0.003550 	     0.002886 	     0.006436 
900 	 2 	      462.311 	      669.187 	   0.94148 	   0.99859 	    0.003550 	     0.002886 	     0.006435 
1000 	 2 	      462.348 	      669.191 	   0.94148 	   0.99859 	    0.003550 	     0.002882 	     0.006431 
1100 	 2 	      462.599 	      669.215 	   0.94148 	   0.99860 	    0.003549 	     0.002866 	     0.006415 
1200 	 2 	      462.603 	      669.215 	   0.94148 	   0.99860 	    0.003549 	     0.002867 	     0.006416 
1300 	 2 	      462.606 	      669.216 	   0.94148 	   0.99860 	    0.003549 	     0.002867 	     0.006416 
1400 	 2 	      462.610 	      669.216 	   0.94148 	   0.99860 	    0.003549 	     0.002868 	     0.006416 
1500 	 2 	      462.614 	      669.216 	   0.94148 	   0.99860 	    0.003549 	     0.002868 	     0.006417 
1600 	 2 	      462.617 	      669.216 	   0.94148 	   0.99860 	    0.003549 	     0.002868 	     0.006417 
1700 	 2 	      462.621 	      669.215 	   0.94148 	   0.99860 	    0.003549 	     0.002868 	     0.006416 
1800 	 2 	      462.624 	      669.215 	   0.94148 	   0.99860 	    0.003549 	     0.002868 	     0.006416 
1900 	 2 	      462.628 	      669.215 	   0.94148 	   0.99860 	    0.003549 	     0.002867 	     0.006416 
2000 	 2 	      462.640 	      669.215 	   0.94148 	   0.99860 	    0.003549 	     0.002867 	     0.006415 
2100 	 2 	      462.722 	      669.223 	   0.94148 	   0.99860 	    0.003549 	     0.002862 	     0.006410 
2200 	 2 	      462.726 	      669.223 	   0.94148 	   0.99860 	    0.003549 	     0.002862 	     0.006410 
2300 	 2 	      462.731 	      669.223 	   0.94148 	   0.99860 	    0.003549 	     0.002862 	     0.006410 
2400 	 2 	      462.735 	      669.222 	   0.94148 	   0.99860 	    0.003549 	     0.002862 	     0.006410 
2500 	 2 	      462.739 	      669.222 	   0.94148 	   0.99860 	    0.003549 	     0.002862 	     0.006410 
2600 	 2 	      462.743 	      669.222 	   0.94148 	   0.99860 	    0.003549 	     0.002862 	     0.006410 
2700 	 2 	      462.747 	      669.222 	   0.94148 	   0.99860 	    0.003549 	     0.002861 	     0.006410 
2800 	 2 	      462.751 	      669.221 	   0.94148 	   0.99860 	    0.003549 	     0.002861 	     0.006410 
2900 	 2 	      462.755 	      669.221 	   0.94148 	   0.99860 	    0.003549 	     0.002861 	     0.006410 
3000 	 2 	      462.762 	      669.221 	   0.94148 	   0.99860 	    0.003548 	     0.002861 	     0.006409 
3100 	 2 	      462.805 	      669.225 	   0.94148 	   0.99860 	    0.003548 	     0.002858 	     0.006407 
3200 	 2 	      462.809 	      669.224 	   0.94148 	   0.99860 	    0.003548 	     0.002858 	     0.006407 
3300 	 2 	      462.812 	      669.224 	   0.94148 	   0.99860 	    0.003548 	     0.002858 	     0.006406 
3400 	 2 	      462.816 	      669.224 	   0.94148 	   0.99860 	    0.003548 	     0.002858 	     0.006406 
3500 	 2 	      462.819 	      669.224 	   0.94148 	   0.99860 	    0.003548 	     0.002858 	     0.006406 
3600 	 2 	      462.822 	      669.224 	   0.94148 	   0.99860 	    0.003548 	     0.002858 	     0.006406 
3700 	 2 	      462.825 	      669.223 	   0.94148 	   0.99860 	    0.003548 	     0.002857 	     0.006406 
3800 	 2 	      462.829 	      669.223 	   0.94148 	   0.99860 	    0.003548 	     0.002857 	     0.006406 
3900 	 2 	      462.832 	      669.223 	   0.94148 	   0.99860 	    0.003548 	     0.002857 	     0.006406 
4000 	 2 	      462.836 	      669.223 	   0.94148 	   0.99860 	    0.003548 	     0.002857 	     0.006405 
4100 	 2 	      462.864 	      669.225 	   0.94148 	   0.99860 	    0.003548 	     0.002855 	     0.006404 
4200 	 2 	      462.866 	      669.225 	   0.94148 	   0.99860 	    0.003548 	     0.002855 	     0.006404 
4300 	 2 	      462.869 	      669.224 	   0.94148 	   0.99860 	    0.003548 	     0.002855 	     0.006403 
4400 	 2 	      462.872 	      669.224 	   0.94148 	   0.99860 	    0.003548 	     0.002855 	     0.006403 
4500 	 2 	      462.874 	      669.224 	   0.94148 	   0.99860 	    0.003548 	     0.002855 	     0.006403 
4600 	 2 	      462.877 	      669.224 	   0.94148 	   0.99860 	    0.003548 	     0.002855 	     0.006403 
4700 	 2 	      462.880 	      669.224 	   0.94148 	   0.99860 	    0.003548 	     0.002855 	     0.006403 
4800 	 2 	      462.882 	      669.223 	   0.94148 	   0.99859 	    0.003548 	     0.002854 	     0.006403 
4900 	 2 	      462.885 	      669.223 	   0.94148 	   0.99859 	    0.003548 	     0.002854 	     0.006403 
5000 	 2 	      462.888 	      669.223 	   0.94148 	   0.99859 	    0.003548 	     0.002854 	     0.006402 
5100 	 2 	      462.907 	      669.224 	   0.94148 	   0.99859 	    0.003548 	     0.002853 	     0.006401 
5200 	 2 	      462.909 	      669.224 	   0.94148 	   0.99859 	    0.003548 	     0.002853 	     0.006401 
5300 	 2 	      462.911 	      669.224 	   0.94148 	   0.99859 	    0.003548 	     0.002853 	     0.006401 
5400 	 2 	      462.913 	      669.224 	   0.94148 	   0.99859 	    0.003548 	     0.002853 	     0.006401 
5500 	 2 	      462.916 	      669.224 	   0.94148 	   0.99859 	    0.003548 	     0.002852 	     0.006401 
5600 	 2 	      462.918 	      669.224 	   0.94148 	   0.99859 	    0.003548 	     0.002852 	     0.006401 
5700 	 2 	      462.920 	      669.223 	   0.94148 	   0.99859 	    0.003548 	     0.002852 	     0.006401 
5800 	 2 	      462.922 	      669.223 	   0.94148 	   0.99859 	    0.003548 	     0.002852 	     0.006400 
5900 	 2 	      462.924 	      669.223 	   0.94148 	   0.99859 	    0.003548 	     0.002852 	     0.006400 
6000 	 2 	      462.927 	      669.223 	   0.94148 	   0.99859 	    0.003548 	     0.002852 	     0.006400 
6100 	 2 	      462.940 	      669.224 	   0.94148 	   0.99859 	    0.003548 	     0.002851 	     0.006399 
6200 	 2 	      462.942 	      669.224 	   0.94148 	   0.99859 	    0.003548 	     0.002851 	     0.006399 
6300 	 2 	      462.944 	      669.224 	   0.94148 	   0.99859 	    0.003548 	     0.002851 	     0.006399 
6400 	 2 	      462.946 	      669.223 	   0.94148 	   0.99859 	    0.003548 	     0.002851 	     0.006399 
6500 	 2 	      462.948 	      669.223 	   0.94148 	   0.99859 	    0.003548 	     0.002851 	     0.006399 
6600 	 2 	      462.950 	      669.223 	   0.94148 	   0.99859 	    0.003548 	     0.002850 	     0.006399 
6700 	 2 	      462.951 	      669.223 	   0.94148 	   0.99859 	    0.003548 	     0.002850 	     0.006399 
6800 	 2 	      462.953 	      669.223 	   0.94148 	   0.99859 	    0.003548 	     0.002850 	     0.006399 
6900 	 2 	      462.955 	      669.223 	   0.94148 	   0.99859 	    0.003548 	     0.002850 	     0.006398 
7000 	 2 	      462.957 	      669.223 	   0.94148 	   0.99859 	    0.003548 	     0.002850 	     0.006398 
7100 	 2 	      462.967 	      669.223 	   0.94148 	   0.99859 	    0.003548 	     0.002849 	     0.006398 
7200 	 2 	      462.969 	      669.223 	   0.94148 	   0.99859 	    0.003548 	     0.002849 	     0.006398 
7300 	 2 	      462.971 	      669.223 	   0.94148 	   0.99859 	    0.003548 	     0.002849 	     0.006397 
7400 	 2 	      462.972 	      669.223 	   0.94148 	   0.99859 	    0.003548 	     0.002849 	     0.006397 
7500 	 2 	      462.974 	      669.223 	   0.94148 	   0.99859 	    0.003548 	     0.002849 	     0.006397 
7600 	 2 	      462.975 	      669.223 	   0.94148 	   0.99859 	    0.003548 	     0.002849 	     0.006397 
7700 	 2 	      462.977 	      669.222 	   0.94148 	   0.99859 	    0.003548 	     0.002849 	     0.006397 
7800 	 2 	      462.978 	      669.222 	   0.94148 	   0.99859 	    0.003548 	     0.002849 	     0.006397 
7900 	 2 	      462.980 	      669.222 	   0.94148 	   0.99859 	    0.003548 	     0.002849 	     0.006397 
8000 	 2 	      462.982 	      669.222 	   0.94148 	   0.99859 	    0.003548 	     0.002849 	     0.006397 
8100 	 2 	      462.990 	      669.223 	   0.94148 	   0.99859 	    0.003548 	     0.002848 	     0.006396 
8200 	 2 	      462.991 	      669.222 	   0.94148 	   0.99859 	    0.003548 	     0.002848 	     0.006396 
8300 	 2 	      462.993 	      669.222 	   0.94148 	   0.99859 	    0.003548 	     0.002848 	     0.006396 
8400 	 2 	      462.994 	      669.222 	   0.94148 	   0.99859 	    0.003548 	     0.002848 	     0.006396 
8500 	 2 	      462.995 	      669.222 	   0.94148 	   0.99859 	    0.003548 	     0.002848 	     0.006396 
8600 	 2 	      462.997 	      669.222 	   0.94148 	   0.99859 	    0.003548 	     0.002848 	     0.006396 
8700 	 2 	      462.998 	      669.222 	   0.94148 	   0.99859 	    0.003548 	     0.002848 	     0.006396 
8800 	 2 	      462.999 	      669.222 	   0.94148 	   0.99859 	    0.003548 	     0.002847 	     0.006396 
8900 	 2 	      463.001 	      669.222 	   0.94148 	   0.99859 	    0.003548 	     0.002847 	     0.006396 
9000 	 2 	      463.002 	      669.222 	   0.94148 	   0.99859 	    0.003548 	     0.002847 	     0.006396 
9100 	 2 	      463.009 	      669.222 	   0.94148 	   0.99859 	    0.003548 	     0.002847 	     0.006395 
9200 	 2 	      463.010 	      669.222 	   0.94148 	   0.99859 	    0.003548 	     0.002847 	     0.006395 
9300 	 2 	      463.011 	      669.222 	   0.94148 	   0.99859 	    0.003548 	     0.002847 	     0.006395 
9400 	 2 	      463.013 	      669.222 	   0.94148 	   0.99859 	    0.003548 	     0.002847 	     0.006395 
9500 	 2 	      463.014 	      669.222 	   0.94148 	   0.99859 	    0.003548 	     0.002847 	     0.006395 
9600 	 2 	      463.015 	      669.221 	   0.94148 	   0.99859 	    0.003548 	     0.002847 	     0.006395 
9700 	 2 	      463.016 	      669.221 	   0.94148 	   0.99859 	    0.003548 	     0.002846 	     0.006395 
9800 	 2 	      463.017 	      669.221 	   0.94148 	   0.99859 	    0.003548 	     0.002846 	     0.006395 
9900 	 2 	      463.018 	      669.221 	   0.94148 	   0.99859 	    0.003548 	     0.002846 	     0.006395 
10000 	 2 	      463.020 	      669.221 	   0.94148 	   0.99859 	    0.003548 	     0.002846 	     0.006394 
10100 	 2 	      463.025 	      669.221 	   0.94148 	   0.99859 	    0.003548 	     0.002846 	     0.006394 
10200 	 2 	      463.026 	      669.221 	   0.94148 	   0.99859 	    0.003548 	     0.002846 	     0.006394 
10300 	 2 	      463.027 	      669.221 	   0.94148 	   0.99859 	    0.003548 	     0.002846 	     0.006394 
10400 	 2 	      463.028 	      669.221 	   0.94148 	   0.99859 	    0.003548 	     0.002846 	     0.006394 
10500 	 2 	      463.030 	      669.221 	   0.94148 	   0.99859 	    0.003548 	     0.002846 	     0.006394 
10600 	 2 	      463.031 	      669.221 	   0.94148 	   0.99859 	    0.003548 	     0.002846 	     0.006394 
10700 	 2 	      463.032 	      669.221 	   0.94148 	   0.99859 	    0.003548 	     0.002845 	     0.006394 
10800 	 2 	      463.033 	      669.221 	   0.94148 	   0.99859 	    0.003548 	     0.002845 	     0.006394 
10900 	 2 	      463.034 	      669.221 	   0.94148 	   0.99859 	    0.003548 	     0.002845 	     0.006394 
11000 	 2 	      463.035 	      669.221 	   0.94148 	   0.99859 	    0.003548 	     0.002845 	     0.006394 
11100 	 2 	      463.039 	      669.221 	   0.94148 	   0.99859 	    0.003548 	     0.002845 	     0.006393 
11200 	 2 	      463.040 	      669.221 	   0.94148 	   0.99859 	    0.003548 	     0.002845 	     0.006393 
11300 	 2 	      463.041 	      669.221 	   0.94148 	   0.99859 	    0.003548 	     0.002845 	     0.006393 
11400 	 2 	      463.042 	      669.221 	   0.94148 	   0.99859 	    0.003548 	     0.002845 	     0.006393 
11500 	 2 	      463.043 	      669.221 	   0.94148 	   0.99859 	    0.003548 	     0.002845 	     0.006393 
11600 	 2 	      463.044 	      669.220 	   0.94148 	   0.99859 	    0.003548 	     0.002845 	     0.006393 
11700 	 2 	      463.045 	      669.220 	   0.94148 	   0.99859 	    0.003548 	     0.002845 	     0.006393 
11800 	 2 	      463.046 	      669.220 	   0.94148 	   0.99859 	    0.003548 	     0.002845 	     0.006393 
11900 	 2 	      463.047 	      669.220 	   0.94148 	   0.99859 	    0.003548 	     0.002845 	     0.006393 
12000 	 2 	      463.048 	      669.220 	   0.94148 	   0.99859 	    0.003548 	     0.002844 	     0.006393 
12100 	 2 	      463.052 	      669.220 	   0.94148 	   0.99859 	    0.003548 	     0.002844 	     0.006392 
12200 	 2 	      463.053 	      669.220 	   0.94148 	   0.99859 	    0.003548 	     0.002844 	     0.006392 
12300 	 2 	      463.054 	      669.220 	   0.94148 	   0.99859 	    0.003548 	     0.002844 	     0.006392 
12400 	 2 	      463.055 	      669.220 	   0.94148 	   0.99859 	    0.003548 	     0.002844 	     0.006392 
12500 	 2 	      463.055 	      669.220 	   0.94148 	   0.99859 	    0.003548 	     0.002844 	     0.006392 
12600 	 2 	      463.056 	      669.220 	   0.94148 	   0.99859 	    0.003548 	     0.002844 	     0.006392 
12700 	 2 	      463.057 	      669.220 	   0.94148 	   0.99859 	    0.003548 	     0.002844 	     0.006392 
12800 	 2 	      463.058 	      669.220 	   0.94148 	   0.99859 	    0.003548 	     0.002844 	     0.006392 
12900 	 2 	      463.059 	      669.220 	   0.94148 	   0.99859 	    0.003548 	     0.002844 	     0.006392 
13000 	 2 	      463.060 	      669.220 	   0.94148 	   0.99859 	    0.003548 	     0.002844 	     0.006392 
13100 	 2 	      463.063 	      669.220 	   0.94148 	   0.99859 	    0.003548 	     0.002844 	     0.006392 
13200 	 2 	      463.064 	      669.220 	   0.94148 	   0.99859 	    0.003548 	     0.002843 	     0.006392 
13300 	 2 	      463.065 	      669.220 	   0.94148 	   0.99859 	    0.003548 	     0.002843 	     0.006392 
13400 	 2 	      463.065 	      669.220 	   0.94148 	   0.99859 	    0.003548 	     0.002843 	     0.006392 
13500 	 2 	      463.066 	      669.220 	   0.94148 	   0.99859 	    0.003548 	     0.002843 	     0.006392 
13600 	 2 	      463.067 	      669.220 	   0.94148 	   0.99859 	    0.003548 	     0.002843 	     0.006392 
13700 	 2 	      463.068 	      669.220 	   0.94148 	   0.99859 	    0.003548 	     0.002843 	     0.006391 
13800 	 2 	      463.068 	      669.219 	   0.94148 	   0.99859 	    0.003548 	     0.002843 	     0.006391 
13900 	 2 	      463.069 	      669.219 	   0.94148 	   0.99859 	    0.003548 	     0.002843 	     0.006391 
14000 	 2 	      463.070 	      669.219 	   0.94148 	   0.99858 	    0.003548 	     0.002843 	     0.006391 
14100 	 2 	      463.073 	      669.219 	   0.94148 	   0.99859 	    0.003548 	     0.002843 	     0.006391 
14200 	 2 	      463.074 	      669.219 	   0.94148 	   0.99858 	    0.003548 	     0.002843 	     0.006391 
14300 	 2 	      463.074 	      669.219 	   0.94148 	   0.99858 	    0.003548 	     0.002843 	     0.006391 
14400 	 2 	      463.075 	      669.219 	   0.94148 	   0.99858 	    0.003548 	     0.002843 	     0.006391 
14500 	 2 	      463.076 	      669.219 	   0.94148 	   0.99858 	    0.003548 	     0.002843 	     0.006391 
14600 	 2 	      463.077 	      669.219 	   0.94148 	   0.99858 	    0.003548 	     0.002843 	     0.006391 
14700 	 2 	      463.077 	      669.219 	   0.94148 	   0.99858 	    0.003548 	     0.002843 	     0.006391 
14800 	 2 	      463.078 	      669.219 	   0.94148 	   0.99858 	    0.003548 	     0.002843 	     0.006391 
14900 	 2 	      463.079 	      669.219 	   0.94148 	   0.99858 	    0.003548 	     0.002843 	     0.006391 
15000 	 2 	      463.079 	      669.219 	   0.94148 	   0.99858 	    0.003548 	     0.002843 	     0.006391 
15100 	 2 	      463.082 	      669.219 	   0.94148 	   0.99858 	    0.003548 	     0.002842 	     0.006391 
15200 	 2 	      463.083 	      669.219 	   0.94148 	   0.99858 	    0.003548 	     0.002842 	     0.006391 
15300 	 2 	      463.083 	      669.219 	   0.94148 	   0.99858 	    0.003548 	     0.002842 	     0.006391 
15400 	 2 	      463.084 	      669.219 	   0.94148 	   0.99858 	    0.003548 	     0.002842 	     0.006390 
15500 	 2 	      463.085 	      669.219 	   0.94148 	   0.99858 	    0.003548 	     0.002842 	     0.006390 
15600 	 2 	      463.085 	      669.219 	   0.94148 	   0.99858 	    0.003548 	     0.002842 	     0.006390 
15700 	 2 	      463.086 	      669.219 	   0.94148 	   0.99858 	    0.003548 	     0.002842 	     0.006390 
15800 	 2 	      463.087 	      669.219 	   0.94148 	   0.99858 	    0.003548 	     0.002842 	     0.006390 
15900 	 2 	      463.087 	      669.219 	   0.94148 	   0.99858 	    0.003548 	     0.002842 	     0.006390 
16000 	 2 	      463.088 	      669.219 	   0.94148 	   0.99858 	    0.003548 	     0.002842 	     0.006390 
16100 	 2 	      463.090 	      669.219 	   0.94148 	   0.99858 	    0.003548 	     0.002842 	     0.006390 
16200 	 2 	      463.091 	      669.219 	   0.94148 	   0.99858 	    0.003548 	     0.002842 	     0.006390 
16300 	 2 	      463.091 	      669.219 	   0.94148 	   0.99858 	    0.003548 	     0.002842 	     0.006390 
16400 	 2 	      463.092 	      669.219 	   0.94148 	   0.99858 	    0.003548 	     0.002842 	     0.006390 
16500 	 2 	      463.093 	      669.219 	   0.94148 	   0.99858 	    0.003548 	     0.002842 	     0.006390 
16600 	 2 	      463.093 	      669.219 	   0.94148 	   0.99858 	    0.003548 	     0.002842 	     0.006390 
16700 	 2 	      463.094 	      669.218 	   0.94148 	   0.99858 	    0.003548 	     0.002842 	     0.006390 
16800 	 2 	      463.094 	      669.218 	   0.94148 	   0.99858 	    0.003548 	     0.002842 	     0.006390 
16900 	 2 	      463.095 	      669.218 	   0.94148 	   0.99858 	    0.003548 	     0.002842 	     0.006390 
17000 	 2 	      463.096 	      669.218 	   0.94148 	   0.99858 	    0.003548 	     0.002842 	     0.006390 
17100 	 2 	      463.097 	      669.218 	   0.94148 	   0.99858 	    0.003548 	     0.002841 	     0.006390 
17200 	 2 	      463.098 	      669.218 	   0.94148 	   0.99858 	    0.003548 	     0.002841 	     0.006390 
17300 	 2 	      463.099 	      669.218 	   0.94148 	   0.99858 	    0.003548 	     0.002841 	     0.006390 
17400 	 2 	      463.099 	      669.218 	   0.94148 	   0.99858 	    0.003548 	     0.002841 	     0.006390 
17500 	 2 	      463.100 	      669.218 	   0.94148 	   0.99858 	    0.003548 	     0.002841 	     0.006390 
17600 	 2 	      463.100 	      669.218 	   0.94148 	   0.99858 	    0.003548 	     0.002841 	     0.006389 
17700 	 2 	      463.101 	      669.218 	   0.94148 	   0.99858 	    0.003548 	     0.002841 	     0.006389 
17800 	 2 	      463.102 	      669.218 	   0.94148 	   0.99858 	    0.003548 	     0.002841 	     0.006389 
17900 	 2 	      463.102 	      669.218 	   0.94148 	   0.99858 	    0.003548 	     0.002841 	     0.006389 
18000 	 2 	      463.103 	      669.218 	   0.94148 	   0.99858 	    0.003548 	     0.002841 	     0.006389 
18100 	 2 	      463.104 	      669.218 	   0.94148 	   0.99858 	    0.003548 	     0.002841 	     0.006389 
18200 	 2 	      463.105 	      669.218 	   0.94148 	   0.99858 	    0.003548 	     0.002841 	     0.006389 
18300 	 2 	      463.106 	      669.218 	   0.94148 	   0.99858 	    0.003548 	     0.002841 	     0.006389 
18400 	 2 	      463.106 	      669.218 	   0.94148 	   0.99858 	    0.003548 	     0.002841 	     0.006389 
18500 	 2 	      463.107 	      669.218 	   0.94148 	   0.99858 	    0.003548 	     0.002841 	     0.006389 
18600 	 2 	      463.107 	      669.218 	   0.94148 	   0.99858 	    0.003548 	     0.002841 	     0.006389 
18700 	 2 	      463.108 	      669.218 	   0.94148 	   0.99858 	    0.003548 	     0.002841 	     0.006389 
18800 	 2 	      463.108 	      669.218 	   0.94148 	   0.99858 	    0.003548 	     0.002841 	     0.006389 
18900 	 2 	      463.109 	      669.218 	   0.94148 	   0.99858 	    0.003548 	     0.002841 	     0.006389 
19000 	 2 	      463.109 	      669.218 	   0.94148 	   0.99858 	    0.003548 	     0.002841 	     0.006389 
19100 	 2 	      463.111 	      669.218 	   0.94148 	   0.99858 	    0.003548 	     0.002841 	     0.006389 
19200 	 2 	      463.111 	      669.218 	   0.94148 	   0.99858 	    0.003548 	     0.002841 	     0.006389 
19300 	 2 	      463.112 	      669.218 	   0.94148 	   0.99858 	    0.003548 	     0.002841 	     0.006389 
19400 	 2 	      463.112 	      669.218 	   0.94148 	   0.99858 	    0.003548 	     0.002841 	     0.006389 
19500 	 2 	      463.113 	      669.218 	   0.94148 	   0.99858 	    0.003548 	     0.002841 	     0.006389 
19600 	 2 	      463.113 	      669.218 	   0.94148 	   0.99858 	    0.003548 	     0.002841 	     0.006389 
19700 	 2 	      463.114 	      669.218 	   0.94148 	   0.99858 	    0.003548 	     0.002841 	     0.006389 
19800 	 2 	      463.114 	      669.218 	   0.94148 	   0.99858 	    0.003548 	     0.002840 	     0.006389 
19900 	 2 	      463.115 	      669.218 	   0.94148 	   0.99858 	    0.003548 	     0.002840 	     0.006389 
20000 	 2 	      463.115 	      669.218 	   0.94148 	   0.99858 	    0.003548 	     0.002840 	     0.006389 
100 	 3 	      462.492 	      669.156 	   0.94148 	   0.99856 	    0.003550 	     0.002872 	     0.006422 
