   13      7     50      1  2019    977 
    0.700      0.400   20000  100      0.000      0.000    100     16 
    0.990 	     0.010 
   2 
    9.3787e-002   0.0000e+000  
  1.0000e+000   0.0000e+000  
  1.0000e+000   0.0000e+000  
  1.0000e+000   0.0000e+000  
  1.0000e+000   0.0000e+000  
  1.9875e+000   0.0000e+000  
  5.7000e+001  -8.0000e+000  
  4.4754e+000   0.0000e+000  
  1.8824e+002   1.7540e+002  
  1.0000e+000   0.0000e+000  
  1.0000e+000   0.0000e+000  
  1.0000e+000   0.0000e+000  
  1.0000e+000   0.0000e+000  
   4.6250e+001   0.0000e+000  
  itr    nh   avger[]   r2avg    mare[] 
100  16 6.297e+001   6.335e-001  1.000e+001 1.139e+001 
100  16 6.825e+001   5.722e-001  8.417e+002 6.589e+000 
   1  6.3351e-001   1.1385e+001   2.4354e+004   6.2967e-001 
  1.0941e+000   6.3420e-001 
   1  5.7220e-001   6.5889e+000   1.4094e+004   6.8254e-001 
  1.2706e+000   6.0230e-001 
