  6.1336e+001  1.9148e+001  9.3950e+000  1.8744e+001  1.2731e+001
 -4.5840e+000 -1.1819e+000 -2.9536e+001 -1.0378e+001 -2.7910e+000
 -1.6630e+001 -7.7135e+000 -5.6916e+000  4.6633e+000  2.4634e+000
  4.2033e+000
 6.05523381e+001 6.05523381e+001  6.05523381e+001 3.21289481e+001 3.21289481e+001  3.21289481e+001 4.97076044e+000 4.97076090e+000  4.97076009e+000 1.04750905e+001 1.04750905e+001  1.04750905e+001 9.74158868e+000 9.74158868e+000  9.74158868e+000
 5.38984867e-001 5.38979441e-001  5.38986907e-001 1.40075691e+001 1.40075691e+001  1.40075691e+001 1.97129672e+001 1.97129672e+001  1.97129672e+001 -6.42798697e+000 -6.42798712e+000  -6.42798692e+000 2.70881247e+001 2.70881247e+001  2.70881247e+001
 -1.82383920e+000 -1.82383799e+000  -1.82383919e+000 -1.30627108e+001 -1.30627108e+001  -1.30627108e+001 -2.85465095e+000 -2.85465095e+000  -2.85465095e+000 7.15380303e+000 7.15380303e+000  7.15380303e+000 -2.95152219e+000 -2.95152219e+000  -2.95152218e+000
 -3.83144570e+001 -3.83144570e+001  -3.83144570e+001 -2.21585542e+001 -2.21585542e+001  -2.21585542e+001 1.05357783e+001 1.05357783e+001  1.05357783e+001 3.49255089e+001 3.49255089e+001  3.49255089e+001 -1.66682663e+001 -1.66682663e+001  -1.66682663e+001
 -6.20784193e-002 -6.20784193e-002  -6.20784193e-002 1.90318923e+000 1.90318923e+000  1.90318923e+000 -6.11649689e+001 -6.11649689e+001  -6.11649689e+001 7.70602276e+000 7.70602276e+000  7.70602276e+000 -1.26134107e+000 -1.26134107e+000  -1.26134107e+000
 -1.23369998e+001 -1.23369998e+001  -1.23369998e+001 -8.91558773e+000 -8.91558773e+000  -8.91558773e+000 2.04496333e+000 2.04496333e+000  2.04496333e+000 7.96823401e+000 7.96823401e+000  7.96823401e+000 -3.34776003e+000 -3.34776003e+000  -3.34776003e+000
 6.12607768e+000 6.12607768e+000  6.12607768e+000 2.44448487e+001 2.44448487e+001  2.44448487e+001 -1.63277979e+001 -1.63277979e+001  -1.63277979e+001 -1.36642525e+001 -1.36642525e+001  -1.36642525e+001 3.19252924e+001 3.19252924e+001  3.19252924e+001
 5.13739994e-001 5.13739994e-001  5.13739994e-001 7.19957634e+000 7.19957634e+000  7.19957634e+000 2.61931357e+001 2.61931357e+001  2.61931357e+001 1.32120901e+001 1.32120901e+001  1.32120901e+001 -1.29843162e+001 -1.29843162e+001  -1.29843162e+001
 2.75980814e+000 2.75980814e+000  2.75980814e+000 1.62473609e+001 1.62473609e+001  1.62473609e+001 2.87509692e-001 2.87509692e-001  2.87509692e-001 -1.22386238e+001 -1.22386238e+001  -1.22386238e+001 3.57034439e+000 3.57034439e+000  3.57034439e+000
 -8.14112558e+000 -8.14112558e+000  -8.14112558e+000 1.86729636e+001 1.86729636e+001  1.86729636e+001 6.39245039e+000 6.39245039e+000  6.39245039e+000 -2.72663192e+001 -2.72663192e+001  -2.72663192e+001 -1.99058773e+001 -1.99058773e+001  -1.99058773e+001
 -9.72294342e+000 -9.72294342e+000  -9.72294342e+000 -2.97811176e+001 -2.97811176e+001  -2.97811176e+001 6.38375797e+000 6.38375797e+000  6.38375797e+000 -2.31475398e+001 -2.31475398e+001  -2.31475398e+001 -1.40326399e+001 -1.40326399e+001  -1.40326399e+001
 -4.57973622e+000 -4.57973622e+000  -4.57973622e+000 4.02029548e+000 4.02029548e+000  4.02029548e+000 -2.48680282e+000 -2.48680282e+000  -2.48680282e+000 -3.51811938e+000 -3.51811938e+000  -3.51811938e+000 3.56039523e+000 3.56039523e+000  3.56039523e+000
 5.50639542e+001 5.50639542e+001  5.50639542e+001 -3.62903458e+001 -3.62903458e+001  -3.62903458e+001 7.30140876e+000 7.30140876e+000  7.30140876e+000 1.39767142e+001 1.39767142e+001  1.39767142e+001 8.55124363e+000 8.55124363e+000  8.55124363e+000
 8.08382950e-001 8.08382950e-001  8.08382950e-001 2.06706400e+000 2.06706400e+000  2.06706400e+000 -3.18486815e+001 -3.18486815e+001  -3.18486815e+001 -6.52034565e+000 -6.52034565e+000  -6.52034565e+000 -8.80891576e+000 -8.80891576e+000  -8.80891576e+000
 -8.55860823e+000 -8.55860823e+000  -8.55860823e+000 -9.32413090e+000 -9.32413090e+000  -9.32413090e+000 -7.20576254e+000 -7.20576254e+000  -7.20576254e+000 6.35716351e+000 6.35716351e+000  6.35716351e+000 1.45871947e+000 1.45871947e+000  1.45871947e+000
 -3.51816966e+001 -3.51816966e+001  -3.51816966e+001 1.15134331e+001 1.15134331e+001  1.15134331e+001 -1.65183516e+001 -1.65183512e+001  -1.65183520e+001 -1.06171193e+001 -1.06171193e+001  -1.06171193e+001 -2.68600684e+000 -2.68600684e+000  -2.68600684e+000
 3.12997485e+000 3.12996942e+000  3.12997689e+000 1.77916847e+001 1.77916847e+001  1.77916847e+001 9.54089610e+000 9.54089609e+000  9.54089610e+000 2.16814682e+001 2.16814681e+001  2.16814683e+001 -9.60752822e+000 -9.60752822e+000  -9.60752822e+000
 1.22849864e+001 1.22849876e+001  1.22849864e+001 -1.33773858e+001 -1.33773858e+001  -1.33773858e+001 -4.06936167e+000 -4.06936167e+000  -4.06936167e+000 1.10434590e+001 1.10434590e+001  1.10434590e+001 -1.53823698e+000 -1.53823698e+000  -1.53823698e+000
 1.14386013e+001 1.14386013e+001  1.14386013e+001 -1.53827806e+001 -1.53827806e+001  -1.53827806e+001 1.38239387e+001 1.38239387e+001  1.38239387e+001 3.00244148e+001 3.00244148e+001  3.00244148e+001 -3.25337756e+001 -3.25337756e+001  -3.25337756e+001
 -4.00112372e+000 -4.00112372e+000  -4.00112372e+000 1.32191688e+001 1.32191688e+001  1.32191688e+001 2.08895990e+001 2.08895990e+001  2.08895990e+001 -6.20723475e+000 -6.20723475e+000  -6.20723475e+000 1.19041700e+001 1.19041700e+001  1.19041700e+001
 -1.46951406e+001 -1.46951406e+001  -1.46951406e+001 4.04391054e+000 4.04391054e+000  4.04391054e+000 1.84589225e+000 1.84589225e+000  1.84589225e+000 -5.20360871e+000 -5.20360871e+000  -5.20360871e+000 -7.56189435e+000 -7.56189435e+000  -7.56189435e+000
 4.54969946e+001 4.54969946e+001  4.54969946e+001 2.56977942e+001 2.56977942e+001  2.56977942e+001 -4.85848096e+000 -4.85848096e+000  -4.85848096e+000 -1.53410043e+001 -1.53410043e+001  -1.53410043e+001 2.67100567e+001 2.67100567e+001  2.67100567e+001
 2.51853863e+000 2.51853863e+000  2.51853863e+000 1.17586340e+001 1.17586340e+001  1.17586340e+001 6.86062740e+000 6.86062740e+000  6.86062740e+000 -9.05633805e+000 -9.05633805e+000  -9.05633805e+000 -7.54962338e+000 -7.54962338e+000  -7.54962338e+000
 -7.08153415e+000 -7.08153415e+000  -7.08153415e+000 -8.88256929e+000 -8.88256929e+000  -8.88256929e+000 -2.85871849e+000 -2.85871849e+000  -2.85871849e+000 4.05174902e+000 4.05174902e+000  4.05174902e+000 1.96003072e+000 1.96003072e+000  1.96003072e+000
 3.81066754e+001 3.81066754e+001  3.81066754e+001 1.05920339e+001 1.05920339e+001  1.05920339e+001 1.62409261e+001 1.62409261e+001  1.62409261e+001 7.42037081e+000 7.42037081e+000  7.42037081e+000 -1.39719241e+001 -1.39719241e+001  -1.39719241e+001
 -6.97654277e+000 -6.97654277e+000  -6.97654277e+000 -1.60114965e+001 -1.60114965e+001  -1.60114965e+001 -6.39936799e+001 -6.39936799e+001  -6.39936799e+001 9.63187407e+000 9.63187407e+000  9.63187407e+000 -1.59216564e+001 -1.59216564e+001  -1.59216564e+001
 -7.21579832e+000 -7.21579832e+000  -7.21579832e+000 4.65125294e+000 4.65125294e+000  4.65125294e+000 2.99551551e+000 2.99551551e+000  2.99551551e+000 -1.64043118e+000 -1.64043118e+000  -1.64043118e+000 8.74378381e+000 8.74378381e+000  8.74378381e+000
 1.91758265e+001 1.91758265e+001  1.91758265e+001 5.31588068e+000 5.31588068e+000  5.31588068e+000 -8.68377403e+000 -8.68377403e+000  -8.68377403e+000 1.10140429e+001 1.10140429e+001  1.10140429e+001 1.71426464e+001 1.71426464e+001  1.71426464e+001
 1.98533251e+000 1.98533251e+000  1.98533251e+000 1.69198995e+001 1.69198995e+001  1.69198995e+001 -7.17444984e+000 -7.17444984e+000  -7.17444984e+000 2.05798237e+000 2.05798237e+000  2.05798237e+000 -5.61155410e-002 -5.61155410e-002  -5.61155410e-002
 1.98674881e-001 1.98674881e-001  1.98674881e-001 -4.78021093e+000 -4.78021093e+000  -4.78021093e+000 -5.19628017e+000 -5.19628017e+000  -5.19628017e+000 5.52912223e+000 5.52912223e+000  5.52912223e+000 1.48210340e+000 1.48210340e+000  1.48210340e+000
 5.23048624e+001 5.23048624e+001  5.23048624e+001 4.55405245e+000 4.55405245e+000  4.55405245e+000 9.36976116e+000 9.36976116e+000  9.36976116e+000 -2.64984540e+001 -2.64984540e+001  -2.64984540e+001 1.53845591e+001 1.53845591e+001  1.53845591e+001
 -5.69144139e+000 -5.69144139e+000  -5.69144139e+000 -3.01231602e+001 -3.01231602e+001  -3.01231602e+001 5.71776750e+000 5.71776750e+000  5.71776750e+000 -3.15290438e+000 -3.15290438e+000  -3.15290438e+000 9.51123557e-001 9.51123557e-001  9.51123557e-001
 -6.39913928e+000 -6.39913928e+000  -6.39913928e+000 -3.71479776e+000 -3.71479776e+000  -3.71479776e+000 -6.43521128e+000 -6.43521128e+000  -6.43521128e+000 2.60115206e+000 2.60115206e+000  2.60115206e+000 -3.06145046e+000 -3.06145046e+000  -3.06145046e+000
 -5.57125814e+001 -5.57125814e+001  -5.57125814e+001 -2.50717011e+001 -2.50717011e+001  -2.50717011e+001 3.99839014e+000 3.99839014e+000  3.99839014e+000 2.30232579e+001 2.30232579e+001  2.30232579e+001 4.25614981e+000 4.25614981e+000  4.25614981e+000
 1.84802956e+000 1.84802956e+000  1.84802956e+000 -1.73428102e+001 -1.73428102e+001  -1.73428102e+001 -1.16699532e+001 -1.16699532e+001  -1.16699532e+001 -3.01326071e+001 -3.01326071e+001  -3.01326071e+001 1.02805418e+001 1.02805418e+001  1.02805418e+001
 -1.63142425e+000 -1.63142425e+000  -1.63142425e+000 1.10250272e+001 1.10250272e+001  1.10250272e+001 3.50342057e+000 3.50342057e+000  3.50342057e+000 -1.06589851e+001 -1.06589851e+001  -1.06589851e+001 2.26584074e+000 2.26584074e+000  2.26584074e+000
 -1.16754761e+001 -1.16754761e+001  -1.16754761e+001 1.21017449e+001 1.21017449e+001  1.21017449e+001 5.89842421e+000 5.89842421e+000  5.89842421e+000 4.04990898e+000 4.04990898e+000  4.04990898e+000 3.07910115e+001 3.07910115e+001  3.07910115e+001
 1.70295576e+000 1.70295576e+000  1.70295576e+000 -1.83144094e+001 -1.83144094e+001  -1.83144094e+001 -1.51033840e+001 -1.51033840e+001  -1.51033840e+001 3.23790276e+001 3.23790276e+001  3.23790276e+001 -1.79935075e+001 -1.79935075e+001  -1.79935075e+001
 1.77371522e+001 1.77371522e+001  1.77371522e+001 7.70997409e+000 7.70997409e+000  7.70997409e+000 6.71770457e+000 6.71770457e+000  6.71770457e+000 -1.29889451e+001 -1.29889451e+001  -1.29889451e+001 3.87089936e+000 3.87089936e+000  3.87089936e+000
 -3.25939012e+001 -3.25939012e+001  -3.25939012e+001 -1.16575587e+002 -1.16575587e+002  -1.16575587e+002 8.56514545e+001 8.56514545e+001  8.56514545e+001 4.65560445e+001 4.65560445e+001  4.65560445e+001 1.21664958e+002 1.21664958e+002  1.21664958e+002
 -2.62387727e+002 -2.62387727e+002  -2.62387727e+002 -1.58375928e+001 -1.58375928e+001  -1.58375928e+001 1.31443767e+002 1.31443767e+002  1.31443767e+002 -3.92259295e+001 -3.92259295e+001  -3.92259295e+001 -1.66316510e+001 -1.66316510e+001  -1.66316510e+001
 -2.99899388e+001 -2.99899388e+001  -2.99899388e+001 1.05535499e+001 1.05535499e+001  1.05535499e+001 -8.30245376e+000 -8.30245376e+000  -8.30245376e+000 -5.64639911e+000 -5.64639911e+000  -5.64639911e+000 -1.32704442e+001 -1.32704442e+001  -1.32704442e+001
 1.62180737e+001 1.62180737e+001  1.62180737e+001 -2.16403898e+000 -2.16403898e+000  -2.16403898e+000 7.38856217e-001 7.38856379e-001  7.38856051e-001 8.63654959e-001 8.63654959e-001  8.63654959e-001 1.65863919e+001 1.65863919e+001  1.65863919e+001
 1.51093854e-001 1.51091941e-001  1.51094951e-001 -4.55383364e+001 -4.55383364e+001  -4.55383364e+001 8.42794335e-001 8.42794334e-001  8.42794337e-001 -2.12484988e-001 -2.12485041e-001  -2.12484963e-001 2.01287788e+000 2.01287788e+000  2.01287788e+000
 -2.76188456e+000 -2.76188413e+000  -2.76188461e+000 3.27533799e-001 3.27533799e-001  3.27533799e-001 -1.30625457e+000 -1.30625457e+000  -1.30625457e+000 -5.79100394e-001 -5.79100394e-001  -5.79100394e-001 -2.87991331e+000 -2.87991331e+000  -2.87991331e+000
 -6.18608922e+001 -6.18608922e+001  -6.18608922e+001 -2.38348425e+001 -2.38348425e+001  -2.38348425e+001 -3.73613937e+000 -3.73613906e+000  -3.73613958e+000 -3.60583243e+000 -3.60583243e+000  -3.60583243e+000 -4.82112217e+001 -4.82112217e+001  -4.82112217e+001
 7.42304277e-001 7.42300611e-001  7.42305497e-001 2.42807001e+001 2.42807001e+001  2.42807001e+001 1.13230704e+000 1.13230703e+000  1.13230704e+000 -1.89786599e+000 -1.89786609e+000  -1.89786596e+000 4.39563350e+000 4.39563350e+000  4.39563350e+000
 1.13866311e+001 1.13866319e+001  1.13866311e+001 -1.56753553e+000 -1.56753553e+000  -1.56753553e+000 2.17147946e+000 2.17147946e+000  2.17147946e+000 1.90900167e+000 1.90900167e+000  1.90900167e+000 -5.84669323e+000 -5.84669323e+000  -5.84669323e+000
 -8.12789972e+001 -8.12789972e+001  -8.12789972e+001 9.81873885e+000 9.81873885e+000  9.81873885e+000 -6.62208454e+000 -6.62208428e+000  -6.62208471e+000 -2.70509255e+001 -2.70509255e+001  -2.70509255e+001 -4.77186817e+001 -4.77186817e+001  -4.77186817e+001
 -1.01082426e+000 -1.01082732e+000  -1.01082329e+000 2.94955536e+001 2.94955536e+001  2.94955536e+001 -2.45370329e+000 -2.45370329e+000  -2.45370328e+000 2.69213371e+000 2.69213363e+000  2.69213373e+000 2.90334289e+000 2.90334289e+000  2.90334289e+000
 1.56759063e+001 1.56759070e+001  1.56759063e+001 1.60517971e+000 1.60517971e+000  1.60517971e+000 2.53120896e+000 2.53120896e+000  2.53120896e+000 -8.17821109e-001 -8.17821109e-001  -8.17821108e-001 -8.53563283e+000 -8.53563283e+000  -8.53563283e+000
 5.23497282e+000 5.23497282e+000  5.23497282e+000 4.84772213e+001 4.84772213e+001  4.84772213e+001 2.27440433e+000 2.27440433e+000  2.27440433e+000 -3.25430099e+001 -3.25430099e+001  -3.25430099e+001 9.87697581e+000 9.87697581e+000  9.87697581e+000
 -3.14697411e+000 -3.14697411e+000  -3.14697411e+000 4.28572831e+000 4.28572831e+000  4.28572831e+000 -1.69153901e+001 -1.69153901e+001  -1.69153901e+001 3.62433692e+000 3.62433692e+000  3.62433692e+000 -1.42098246e+001 -1.42098246e+001  -1.42098246e+001
 -5.09733202e+000 -5.09733202e+000  -5.09733202e+000 2.20631509e-001 2.20631509e-001  2.20631509e-001 -2.56065910e+000 -2.56065910e+000  -2.56065910e+000 -2.75502648e+000 -2.75502648e+000  -2.75502648e+000 1.30082063e+000 1.30082063e+000  1.30082063e+000
 1.16215922e+001 1.16215922e+001  1.16215922e+001 5.30893294e+001 5.30893294e+001  5.30893294e+001 1.15366560e+000 1.15366560e+000  1.15366560e+000 -4.58050411e+000 -4.58050411e+000  -4.58050411e+000 2.03446239e+001 2.03446239e+001  2.03446239e+001
 -1.82823041e+000 -1.82823041e+000  -1.82823041e+000 6.09198958e-002 6.09198958e-002  6.09198958e-002 -7.26197326e+000 -7.26197326e+000  -7.26197326e+000 -4.96097256e-001 -4.96097256e-001  -4.96097256e-001 8.76387266e+000 8.76387266e+000  8.76387266e+000
 2.19158834e-002 2.19158834e-002  2.19158834e-002 2.90547095e+000 2.90547095e+000  2.90547095e+000 -2.53356838e+000 -2.53356838e+000  -2.53356838e+000 -1.25313757e+000 -1.25313757e+000  -1.25313757e+000 -6.12763791e+000 -6.12763791e+000  -6.12763791e+000
 2.83659141e+001 2.83659141e+001  2.83659141e+001 -4.23028019e+001 -4.23028019e+001  -4.23028019e+001 4.76177630e+000 4.76177630e+000  4.76177630e+000 2.74758366e+001 2.74758366e+001  2.74758366e+001 -8.86122031e+000 -8.86122031e+000  -8.86122031e+000
 -1.33980974e+000 -1.33980974e+000  -1.33980974e+000 -3.86759885e+000 -3.86759885e+000  -3.86759885e+000 -8.11516497e+000 -8.11516497e+000  -8.11516497e+000 -9.20887805e+000 -9.20887805e+000  -9.20887805e+000 -2.20207173e+000 -2.20207173e+000  -2.20207173e+000
 -9.63436434e+000 -9.63436434e+000  -9.63436434e+000 -7.14355848e+000 -7.14355848e+000  -7.14355848e+000 -2.53424772e+000 -2.53424772e+000  -2.53424772e+000 4.91283058e+000 4.91283058e+000  4.91283058e+000 3.47590131e+000 3.47590131e+000  3.47590131e+000
 3.01138354e+001 3.01138354e+001  3.01138354e+001 -4.23711007e+001 -4.23711007e+001  -4.23711007e+001 4.82280202e+000 4.82280249e+000  4.82280168e+000 2.82797282e+001 2.82797282e+001  2.82797282e+001 -7.48582872e+000 -7.48582872e+000  -7.48582872e+000
 -1.33306963e+000 -1.33307506e+000  -1.33306759e+000 -4.76167760e+000 -4.76167760e+000  -4.76167760e+000 -8.06490975e+000 -8.06490976e+000  -8.06490975e+000 -9.09712118e+000 -9.09712133e+000  -9.09712113e+000 -2.35106454e+000 -2.35106454e+000  -2.35106454e+000
 -9.82959482e+000 -9.82959361e+000  -9.82959481e+000 -7.01731704e+000 -7.01731704e+000  -7.01731704e+000 -2.58626809e+000 -2.58626809e+000  -2.58626809e+000 4.81779087e+000 4.81779087e+000  4.81779087e+000 3.64109285e+000 3.64109285e+000  3.64109285e+000
 -9.60569059e-001 -9.60574697e-001 -9.60567060e-001
 -1.97429305e+000 -1.97429869e+000 -1.97429105e+000
 -1.61839860e+000 -1.61839890e+000 -1.61839836e+000
 -1.21979916e+000 -1.21980480e+000 -1.21979716e+000
 -8.84816040e-001 -8.84816040e-001 -8.84816040e-001
 3.89669493e+001 3.89669492e+001 3.89669494e+001
 -2.07194646e+000 -2.07195210e+000 -2.07194446e+000
 2.80900821e+000 2.80900821e+000 2.80900821e+000
 1.92318881e+000 1.92318873e+000 1.92318884e+000
 1.51563914e+000 1.51563351e+000 1.51564114e+000
 -9.36272575e-001 -9.36274574e-001 -9.36272912e-001
 -3.24568064e+000 -3.24568064e+000 -3.24568064e+000
 -4.61995601e+000 -4.61995601e+000 -4.61995601e+000
 -2.82684314e+000 -2.82684878e+000 -2.82684114e+000
 7.66557040e-001 7.66557039e-001 7.66557041e-001
