 -4.9692e+000  3.8505e+000  1.1827e+001 -9.8730e+000 -1.7726e+001
 -8.4057e+000 -1.9457e+000  1.8729e+001 -1.1949e+001 -1.2157e+001
 -5.7783e+000 -4.9327e+000 -3.6752e+000 -1.7862e+000 -3.0203e+000
 -6.5589e-001
  1.0807e+001
 2.56016016e+000 2.56016016e+000  2.56016016e+000 7.20360798e-001 7.20360798e-001  7.20360798e-001 -1.77057406e+000 -1.77057406e+000  -1.77057406e+000 1.48449377e+001 1.48449377e+001  1.48449377e+001 1.46383496e+001 1.46382755e+001  1.46376343e+001
 1.66102408e+001 1.66102408e+001  1.66102408e+001 7.34521192e+000 7.34520825e+000  7.34519900e+000 1.71187083e+001 1.71186929e+001  1.71186543e+001 8.54685755e+000 8.54685755e+000  8.54685755e+000 1.03268824e+001 1.03271981e+001  1.03274182e+001
 -1.16238715e+001 -1.16238715e+001  -1.16238715e+001 -5.18625972e+000 -5.18625741e+000  -5.18625732e+000 1.08125508e+001 1.08125651e+001  1.08125749e+001 7.26311836e+000 7.26311856e+000  7.26311848e+000 -5.39210720e+000 -5.39210718e+000  -5.39210718e+000
 6.92010240e-001 6.92187270e-001  6.92204480e-001
 7.12037773e+000 7.12037773e+000  7.12037773e+000 -1.86626520e+001 -1.86626520e+001  -1.86626520e+001 1.15518906e+001 1.15518906e+001  1.15518906e+001 7.86288924e+000 7.86288924e+000  7.86288924e+000 1.05150494e+001 1.05150494e+001  1.05150494e+001
 5.02455449e-001 5.02455449e-001  5.02455449e-001 2.45159111e+001 2.45159111e+001  2.45159111e+001 3.92320061e+001 3.92320061e+001  3.92320061e+001 -2.19163652e+001 -2.19163652e+001  -2.19163652e+001 9.72446531e-001 9.72446531e-001  9.72446531e-001
 -4.99071409e+000 -4.99071409e+000  -4.99071409e+000 -2.17466482e+000 -2.17466482e+000  -2.17466482e+000 1.12566325e+001 1.12566325e+001  1.12566325e+001 -6.84625404e+000 -6.84625404e+000  -6.84625404e+000 7.02994658e+000 7.02994658e+000  7.02994658e+000
 -1.59465629e-001 -1.59465629e-001  -1.59465629e-001
 1.94464194e+001 1.94464194e+001  1.94464194e+001 2.80040273e+001 2.80040273e+001  2.80040273e+001 -2.20595745e+001 -2.20595745e+001  -2.20595745e+001 9.40443147e+000 9.40443147e+000  9.40443147e+000 -3.98345265e+001 -3.98345265e+001  -3.98345265e+001
 -2.85276550e-001 -2.85276550e-001  -2.85276550e-001 -2.82867547e+001 -2.82867547e+001  -2.82867547e+001 1.52142737e+001 1.52142734e+001  1.52142727e+001 -1.30479422e+001 -1.30479422e+001  -1.30479422e+001 -7.50103090e+000 -7.50103090e+000  -7.50103090e+000
 7.69697498e+000 7.69697498e+000  7.69697498e+000 9.87029813e-001 9.87029137e-001  9.87027448e-001 1.74180372e+000 1.74180372e+000  1.74180372e+000 3.69197148e+000 3.69197145e+000  3.69197136e+000 1.10069289e-001 1.10068800e-001  1.10067578e-001
 3.80505579e-001 3.80504882e-001  3.80503139e-001
 -7.81942740e+000 -7.81942740e+000  -7.81942740e+000 1.77234272e+001 1.77234272e+001  1.77234272e+001 1.55695738e+001 1.55695738e+001  1.55695738e+001 -1.77704631e+001 -1.77704631e+001  -1.77704631e+001 -1.71019628e+001 -1.71019628e+001  -1.71019628e+001
 -5.50106292e+001 -5.50106292e+001  -5.50106292e+001 9.20334953e+000 9.20334953e+000  9.20334953e+000 -2.86049417e+001 -2.86049417e+001  -2.86049417e+001 1.12795024e+001 1.12795024e+001  1.12795024e+001 -1.10690419e+001 -1.10690419e+001  -1.10690419e+001
 6.81783825e+000 6.81783825e+000  6.81783825e+000 -3.49933754e+000 -3.49933754e+000  -3.49933754e+000 -1.25803932e+001 -1.25803932e+001  -1.25803932e+001 6.50321656e+000 6.50321656e+000  6.50321656e+000 -6.56232211e+000 -6.56232211e+000  -6.56232211e+000
 -1.53169616e+000 -1.53169616e+000  -1.53169616e+000
 -3.12760909e+001 -3.12760909e+001  -3.12760909e+001 -2.23136367e+001 -2.23136367e+001  -2.23136367e+001 7.14107817e+000 7.14107817e+000  7.14107817e+000 -2.37052429e+001 -2.37052429e+001  -2.37052429e+001 4.29732508e+000 4.29732508e+000  4.29732508e+000
 2.64228714e+001 2.64228714e+001  2.64228714e+001 -1.59537525e+001 -1.59537525e+001  -1.59537525e+001 -2.17332208e+001 -2.17332208e+001  -2.17332208e+001 3.68284371e-001 3.68284371e-001  3.68284371e-001 -6.98108699e+000 -6.98108699e+000  -6.98108699e+000
 -5.36365885e+000 -5.36365885e+000  -5.36365885e+000 2.15603148e+000 2.15603148e+000  2.15603148e+000 -1.54197905e+001 -1.54197905e+001  -1.54197905e+001 -1.29526400e+001 -1.29526400e+001  -1.29526400e+001 7.02333848e-001 7.02333848e-001  7.02333848e-001
 -4.74386522e-001 -4.74386522e-001  -4.74386522e-001
 2.26366503e+001 2.26366503e+001  2.26366503e+001 6.98340983e+000 6.98340983e+000  6.98340983e+000 -3.99285315e+001 -3.99285315e+001  -3.99285315e+001 2.09910931e+001 2.09910931e+001  2.09910931e+001 3.41331409e+000 3.41323999e+000  3.41259887e+000
 1.69771714e+001 1.69771714e+001  1.69771714e+001 -8.95313406e+000 -8.95313772e+000  -8.95314697e+000 -6.97592934e+000 -6.97594474e+000  -6.97598328e+000 -2.83691519e+001 -2.83691519e+001  -2.83691519e+001 -6.61912862e+000 -6.61881297e+000  -6.61859290e+000
 4.89820461e+000 4.89820461e+000  4.89820461e+000 1.48924216e+000 1.48924447e+000  1.48924456e+000 1.48940171e+001 1.48940313e+001  1.48940412e+001 -2.64416347e+000 -2.64416327e+000  -2.64416336e+000 -4.06013019e+000 -4.06013017e+000  -4.06013017e+000
 -2.90203405e-001 -2.90026376e-001  -2.90009165e-001
 -1.10972642e-001 -1.10972642e-001  -1.10972642e-001 6.32828966e+000 6.32828966e+000  6.32828966e+000 4.79295590e+000 4.79295590e+000  4.79295590e+000 6.53691453e+000 6.53691453e+000  6.53691453e+000 -2.44051980e+001 -2.44051980e+001  -2.44051980e+001
 1.51616790e+001 1.51616790e+001  1.51616790e+001 3.07760991e+001 3.07760991e+001  3.07760991e+001 -1.30177597e+001 -1.30177597e+001  -1.30177597e+001 -2.56501995e+001 -2.56501995e+001  -2.56501995e+001 4.86408110e+000 4.86408110e+000  4.86408110e+000
 9.54053014e+000 9.54053014e+000  9.54053014e+000 -4.69816367e+000 -4.69816367e+000  -4.69816367e+000 -1.56782363e+000 -1.56782363e+000  -1.56782363e+000 4.30178752e+000 4.30178752e+000  4.30178752e+000 -6.18316591e-001 -6.18316591e-001  -6.18316591e-001
 -7.71187058e-001 -7.71187058e-001  -7.71187058e-001
 3.20910038e+000 3.20910038e+000  3.20910038e+000 1.43470580e+001 1.43470580e+001  1.43470580e+001 -1.43932732e+001 -1.43932732e+001  -1.43932732e+001 -1.60257501e+001 -1.60257501e+001  -1.60257501e+001 -5.59601782e+000 -5.59601782e+000  -5.59601782e+000
 -1.15657513e+001 -1.15657513e+001  -1.15657513e+001 2.76655894e+001 2.76655894e+001  2.76655894e+001 2.12219625e+001 2.12219625e+001  2.12219625e+001 1.31783542e+001 1.31783542e+001  1.31783542e+001 -4.24604969e+000 -4.24604969e+000  -4.24604969e+000
 1.32668972e+000 1.32668972e+000  1.32668972e+000 -4.86516140e+000 -4.86516140e+000  -4.86516140e+000 -2.15473107e+000 -2.15473107e+000  -2.15473107e+000 1.16090292e+001 1.16090292e+001  1.16090292e+001 1.52258859e+000 1.52258859e+000  1.52258859e+000
 -4.73515862e-001 -4.73515862e-001  -4.73515862e-001
 -2.20572936e+001 -2.20572936e+001  -2.20572936e+001 -3.03207092e+001 -3.03207092e+001  -3.03207092e+001 2.60288707e+001 2.60288707e+001  2.60288707e+001 -1.19655711e+001 -1.19655711e+001  -1.19655711e+001 3.84264063e+001 3.84264063e+001  3.84264063e+001
 -3.53744853e+001 -3.53744853e+001  -3.53744853e+001 -2.43652506e+001 -2.43652506e+001  -2.43652506e+001 3.53866913e+000 3.53866913e+000  3.53866913e+000 -9.54070283e+000 -9.54070283e+000  -9.54070283e+000 -5.22796020e+000 -5.22796020e+000  -5.22796020e+000
 -1.00642836e+000 -1.00642836e+000  -1.00642836e+000 -1.16272491e+000 -1.16272491e+000  -1.16272491e+000 -3.22646809e+000 -3.22646809e+000  -3.22646809e+000 -2.08184026e+000 -2.08184026e+000  -2.08184026e+000 5.26675771e+000 5.26675771e+000  5.26675771e+000
 2.15895189e-001 2.15895189e-001  2.15895189e-001
 -1.44277554e+001 -1.44277554e+001  -1.44277554e+001 3.00488867e+001 3.00488867e+001  3.00488867e+001 4.36636725e+001 4.36636725e+001  4.36636725e+001 5.22181495e+000 5.22181495e+000  5.22181495e+000 9.07178298e+000 9.07178298e+000  9.07178298e+000
 1.64617045e+001 1.64617045e+001  1.64617045e+001 -1.96310209e+001 -1.96310209e+001  -1.96310209e+001 1.67799634e+001 1.67799634e+001  1.67799634e+001 1.24940029e+001 1.24940029e+001  1.24940029e+001 1.30171663e+001 1.30171663e+001  1.30171663e+001
 -1.96027242e+000 -1.96027242e+000  -1.96027242e+000 1.12016550e+000 1.12016550e+000  1.12016550e+000 -2.21026432e-001 -2.21026432e-001  -2.21026432e-001 -8.54525685e+000 -8.54525685e+000  -8.54525685e+000 -5.17353787e+000 -5.17353787e+000  -5.17353787e+000
 -7.00408832e-001 -7.00408832e-001  -7.00408832e-001
 9.86306559e+000 9.86306559e+000  9.86306559e+000 -5.67765088e+000 -5.67765088e+000  -5.67765088e+000 -4.08207745e+000 -4.08207745e+000  -4.08207745e+000 -8.85535806e-001 -8.85535806e-001  -8.85535806e-001 -3.02323592e+001 -3.02323592e+001  -3.02323592e+001
 3.31318196e+000 3.31318196e+000  3.31318196e+000 -2.21194880e+001 -2.21194880e+001  -2.21194880e+001 3.00535976e+001 3.00535973e+001  3.00535965e+001 1.56398228e+001 1.56398228e+001  1.56398228e+001 -1.39325130e+001 -1.39325130e+001  -1.39325130e+001
 -1.27320256e+001 -1.27320256e+001  -1.27320256e+001 -1.94962793e+000 -1.94962861e+000  -1.94963030e+000 -4.15552120e+000 -4.15552120e+000  -4.15552120e+000 2.06981682e+000 2.06981678e+000  2.06981670e+000 2.34203910e+000 2.34203861e+000  2.34203738e+000
 5.32673486e-001 5.32672788e-001  5.32671046e-001
 -8.73946086e+000 -8.73946086e+000  -8.73946086e+000 -1.58169053e+001 -1.58169053e+001  -1.58169053e+001 -5.14941339e+000 -5.14941339e+000  -5.14941339e+000 -1.26576464e+001 -1.26576464e+001  -1.26576464e+001 -1.75059692e+001 -1.75059692e+001  -1.75059692e+001
 -1.67338383e+001 -1.67338383e+001  -1.67338383e+001 1.34511705e+001 1.34511705e+001  1.34511705e+001 -3.03736780e+001 -3.03736780e+001  -3.03736780e+001 7.47821116e+000 7.47821116e+000  7.47821116e+000 -2.10742668e+000 -2.10742668e+000  -2.10742668e+000
 -7.53012926e+000 -7.53012926e+000  -7.53012926e+000 2.34906945e+000 2.34906945e+000  2.34906945e+000 -7.75764335e+000 -7.75764335e+000  -7.75764335e+000 -7.04996054e+000 -7.04996054e+000  -7.04996054e+000 -3.39148034e+000 -3.39148034e+000  -3.39148034e+000
 3.93713995e-001 3.93713995e-001  3.93713995e-001
 1.10492927e+001 1.10492927e+001  1.10492927e+001 1.13384190e+001 1.13384190e+001  1.13384190e+001 -3.07641131e+001 -3.07641131e+001  -3.07641131e+001 -1.59722648e+001 -1.59722648e+001  -1.59722648e+001 -3.17402741e+000 -3.17402741e+000  -3.17402741e+000
 -3.16926925e+001 -3.16926925e+001  -3.16926925e+001 -2.58679410e+001 -2.58679410e+001  -2.58679410e+001 7.30654293e+000 7.30654293e+000  7.30654293e+000 7.14935575e+000 7.14935575e+000  7.14935575e+000 2.52861304e+000 2.52861304e+000  2.52861304e+000
 8.27760192e+000 8.27760192e+000  8.27760192e+000 6.89322916e+000 6.89322916e+000  6.89322916e+000 -2.93101985e+000 -2.93101985e+000  -2.93101985e+000 -7.80806401e+000 -7.80806401e+000  -7.80806401e+000 6.24577663e-001 6.24577663e-001  6.24577663e-001
 -7.55734820e-003 -7.55734820e-003  -7.55734820e-003
 -2.32109503e+001 -2.32109503e+001  -2.32109503e+001 -1.32828957e+002 -1.32828957e+002  -1.32828957e+002 1.38544110e+002 1.38544110e+002  1.38544110e+002 7.21488756e+001 7.21488756e+001  7.21488756e+001 1.03360732e+002 1.03360731e+002  1.03360728e+002
 2.26352852e+002 2.26352852e+002  2.26352852e+002 -4.46723070e+001 -4.46723070e+001  -4.46723071e+001 -7.37113797e+001 -7.37113799e+001  -7.37113803e+001 3.12634765e+001 3.12634765e+001  3.12634765e+001 -9.13754754e+000 -9.13754587e+000  -9.13754470e+000
 1.76058309e+001 1.76058309e+001  1.76058309e+001 5.25530771e+000 5.25530752e+000  5.25530702e+000 -2.84257000e+001 -2.84256999e+001  -2.84256998e+001 -1.60308356e+001 -1.60308356e+001  -1.60308356e+001 -8.69030241e+000 -8.69030255e+000  -8.69030292e+000
 3.56493649e-001 3.56494376e-001  3.56493945e-001
 1.94022607e-001 1.94022607e-001  1.94022607e-001 8.70891754e-002 8.70891754e-002  8.70891754e-002 1.88460577e+000 1.88460577e+000  1.88460577e+000 7.13105529e-001 7.13105529e-001  7.13105529e-001 -2.55710883e+000 -2.55716442e+000  -2.55747170e+000
 9.94472645e-001 9.94472645e-001  9.94472645e-001 9.89543821e+000 9.89543656e+000  9.89543241e+000 6.68176112e+000 6.68175402e+000  6.68173626e+000 -1.21305203e-001 -1.21305203e-001  -1.21305203e-001 -3.88528317e+001 -3.88527161e+001  -3.88526373e+001
 -1.88662172e+000 -1.88662172e+000  -1.88662172e+000 1.61729344e-001 1.61729818e-001  1.61728902e-001 4.54880642e+000 4.54881162e+000  4.54881513e+000 -1.02985633e+000 -1.02985629e+000  -1.02985638e+000 -1.56145352e+000 -1.56145372e+000  -1.56145425e+000
 -1.87921310e-001 -1.87862654e-001  -1.87873072e-001
 7.79184404e+000 7.79184404e+000  7.79184404e+000 -1.35053975e+001 -1.35053975e+001  -1.35053975e+001 1.76111868e+000 1.76111868e+000  1.76111868e+000 3.13845077e-001 3.13845077e-001  3.13845077e-001 6.36624489e+000 6.36623766e+000  6.36591014e+000
 -2.27042168e+000 -2.27042168e+000  -2.27042168e+000 -1.12906418e+001 -1.12906438e+001  -1.12906488e+001 -3.75304712e+001 -3.75304800e+001  -3.75305019e+001 -3.11960418e+000 -3.11960418e+000  -3.11960418e+000 1.96070139e+001 1.96072276e+001  1.96073758e+001
 -2.29340261e+000 -2.29340261e+000  -2.29340261e+000 6.10040024e-001 6.10041229e-001  6.10040382e-001 -1.39867150e+001 -1.39867053e+001  -1.39866987e+001 3.63488290e+000 3.63488303e+000  3.63488296e+000 1.23027383e+000 1.23027349e+000  1.23027263e+000
 8.67593200e-002 8.68871645e-002  8.69180257e-002
 3.23276182e+000 3.23276182e+000  3.23276182e+000 1.31605473e+001 1.31605473e+001  1.31605473e+001 -4.98738066e+000 -4.98738066e+000  -4.98738066e+000 1.87037684e+000 1.87037684e+000  1.87037684e+000 5.36764807e+000 5.36765530e+000  5.36741460e+000
 2.38482180e+000 2.38482180e+000  2.38482180e+000 -2.22790594e+001 -2.22790609e+001  -2.22790648e+001 -4.71461218e+001 -4.71461285e+001  -4.71461453e+001 3.17119293e+000 3.17119293e+000  3.17119293e+000 2.35461638e+001 2.35463424e+001  2.35464660e+001
 1.88695881e+000 1.88695881e+000  1.88695881e+000 -2.15542809e-001 -2.15541772e-001  -2.15542407e-001 -1.87605983e+001 -1.87605902e+001  -1.87605847e+001 -1.52143031e+000 -1.52143020e+000  -1.52143025e+000 -4.52101223e-001 -4.52101510e-001  -4.52102244e-001
 3.49808338e-001 3.49917762e-001  3.49949846e-001
 -1.75488567e+001 -1.75488567e+001  -1.75488567e+001 3.80080799e+001 3.80080799e+001  3.80080799e+001 1.87701238e+001 1.87701238e+001  1.87701238e+001 1.76400971e+000 1.76400971e+000  1.76400971e+000 -2.24418402e+000 -2.24418402e+000  -2.24418402e+000
 6.01543770e+000 6.01543770e+000  6.01543770e+000 -1.67726834e+001 -1.67726834e+001  -1.67726834e+001 4.07525356e-001 4.07525356e-001  4.07525356e-001 -6.35007601e+000 -6.35007601e+000  -6.35007601e+000 4.33594241e+000 4.33594241e+000  4.33594241e+000
 2.06317067e+000 2.06317067e+000  2.06317067e+000 6.64916746e-001 6.64916746e-001  6.64916746e-001 -1.19827207e+001 -1.19827207e+001  -1.19827207e+001 -1.14183525e+001 -1.14183525e+001  -1.14183525e+001 -5.61584248e+000 -5.61584248e+000  -5.61584248e+000
 1.81364268e-001 1.81364268e-001  1.81364268e-001
 6.07627791e+000 6.07627791e+000  6.07627791e+000 3.59399813e+001 3.59399813e+001  3.59399813e+001 -3.97757296e+001 -3.97757296e+001  -3.97757296e+001 -4.23745513e-001 -4.23745513e-001  -4.23745513e-001 -1.62075232e+001 -1.62075232e+001  -1.62075232e+001
 -1.57957723e+000 -1.57957723e+000  -1.57957723e+000 -4.95212819e+000 -4.95212819e+000  -4.95212819e+000 2.70016394e-001 2.70016394e-001  2.70016394e-001 2.07079453e+001 2.07079453e+001  2.07079453e+001 -1.24243020e+001 -1.24243020e+001  -1.24243020e+001
 5.78434095e+000 5.78434095e+000  5.78434095e+000 -8.77096352e+000 -8.77096352e+000  -8.77096352e+000 7.18654817e+000 7.18654817e+000  7.18654817e+000 -1.38861293e+000 -1.38861293e+000  -1.38861293e+000 2.56293778e-001 2.56293778e-001  2.56293778e-001
 -2.21145026e-001 -2.21145026e-001  -2.21145026e-001
 8.02603204e-001 8.02603204e-001  8.02603204e-001 -3.41294545e+001 -3.41294545e+001  -3.41294545e+001 1.57700734e+001 1.57700734e+001  1.57700734e+001 -5.21322714e+000 -5.21322714e+000  -5.21322714e+000 -4.32635848e+000 -4.32635848e+000  -4.32635848e+000
 -8.09554310e+000 -8.09554310e+000  -8.09554310e+000 9.11123759e+000 9.11123759e+000  9.11123759e+000 9.28397653e+000 9.28397653e+000  9.28397653e+000 -1.45086768e+001 -1.45086768e+001  -1.45086768e+001 -2.64327943e+000 -2.64327943e+000  -2.64327943e+000
 -7.64391583e+000 -7.64391583e+000  -7.64391583e+000 1.38495548e-001 1.38495548e-001  1.38495548e-001 -7.88878135e-001 -7.88878135e-001  -7.88878135e-001 5.15528474e+000 5.15528474e+000  5.15528474e+000 7.11171192e-001 7.11171192e-001  7.11171192e-001
 -7.44464314e-001 -7.44464314e-001  -7.44464314e-001
 7.50941598e-001 7.50941598e-001  7.50941598e-001 -3.42522924e+001 -3.42522924e+001  -3.42522924e+001 1.58079747e+001 1.58079747e+001  1.58079747e+001 -5.30517579e+000 -5.30517579e+000  -5.30517579e+000 -4.47712995e+000 -4.47720406e+000  -4.47784517e+000
 -8.10065549e+000 -8.10065549e+000  -8.10065549e+000 9.43753940e+000 9.43753574e+000  9.43752649e+000 1.12653073e+001 1.12652916e+001  1.12652523e+001 -1.46188556e+001 -1.46188556e+001  -1.46188556e+001 -3.52019183e+000 -3.51987618e+000  -3.51965611e+000
 -7.66702701e+000 -7.66702701e+000  -7.66702701e+000 2.50350437e-001 2.50352073e-001  2.50350475e-001 1.39585390e+000 1.39586815e+000  1.39587803e+000 5.31109312e+000 5.31109329e+000  5.31109312e+000 5.36297923e-001 5.36297448e-001  5.36296228e-001
 -3.08787416e-001 -3.08611083e-001  -3.08595616e-001
 -2.71404262e+000 -2.71472800e+000 -2.71472542e+000
 -5.40997213e+000 -5.40997213e+000 -5.40997213e+000
 -4.29838408e+000 -4.29838115e+000 -4.29837383e+000
 6.14196075e+000 6.14127536e+000 6.14127794e+000
 -5.00083393e+000 -5.00158701e+000 -5.00185026e+000
 -6.36096161e+000 -6.36164699e+000 -6.36164441e+000
 -2.95793303e+000 -2.95793179e+000 -2.95792864e+000
 -6.94549630e-001 -6.94290439e-001 -6.93642384e-001
 -3.24772886e+000 -3.24772886e+000 -3.24772886e+000
 -1.35895477e+000 -1.35953758e+000 -1.36000271e+000
 -2.34388815e+000 -2.34388815e+000 -2.34388815e+000
 -9.88699638e+000 -9.88699655e+000 -9.88699638e+000
 -1.87437294e+000 -1.87505360e+000 -1.87505304e+000
 -3.62802124e+000 -3.62870657e+000 -3.62870405e+000
 -2.85264146e+000 -2.85264128e+000 -2.85264082e+000
 -1.02591415e+000 -1.02620713e+000 -1.02623934e+000
