  1.7287e+001  1.1324e+001 -1.1144e+001 -5.2419e+000 -2.1030e+000
 -2.3829e+000  9.1004e+000  1.8540e+000 -1.0248e+001 -6.0697e+000
  3.5440e-001 -3.1095e+000  7.3952e-001  3.4787e-001 -3.2823e-001
 -4.2348e-001
  3.5770e+000
 -2.24718843e+001 -2.24718346e+001  -2.24717106e+001 9.22331545e-001 9.22332709e-001  9.22334123e-001 9.94079678e+000 9.94079695e+000  9.94079738e+000 7.84410446e-001 7.84410447e-001  7.84410447e-001 3.81346149e+000 3.81346149e+000  3.81346148e+000
 -3.51738506e+001 -3.51738303e+001  -3.51738191e+001 -2.77989977e+000 -2.77989162e+000  -2.77987754e+000 1.76135014e+000 1.76136148e+000  1.76138881e+000 1.06171484e+001 1.06171484e+001  1.06171484e+001 1.13901943e+000 1.13899790e+000  1.13894421e+000
 2.18242289e+001 2.18242289e+001  2.18242289e+001 5.37465971e+000 5.37465968e+000  5.37465961e+000 -2.33416087e+000 -2.33413461e+000  -2.33409581e+000 -5.59969329e+000 -5.59961980e+000  -5.59947344e+000 -2.50292568e+000 -2.50295066e+000  -2.50300848e+000
 -2.73309655e-001 -2.73309867e-001  -2.73310242e-001
 -1.04839992e+001 -1.04839992e+001  -1.04839992e+001 -3.89489819e+000 -3.89489819e+000  -3.89489819e+000 1.03831472e+001 1.03831472e+001  1.03831472e+001 2.50199447e+000 2.50199447e+000  2.50199447e+000 1.30081392e+000 1.30081392e+000  1.30081392e+000
 -1.76011965e+001 -1.76011965e+001  -1.76011965e+001 -5.26421320e-001 -5.26421320e-001  -5.26421320e-001 3.14291790e-001 3.14291790e-001  3.14291790e-001 2.15136365e-001 2.15136365e-001  2.15136365e-001 4.95086710e+000 4.95086710e+000  4.95086710e+000
 5.91619474e+000 5.91619474e+000  5.91619474e+000 6.69575639e-001 6.69575639e-001  6.69575639e-001 1.67438016e+000 1.67438016e+000  1.67438016e+000 -5.22278485e-001 -5.22278485e-001  -5.22278485e-001 4.78300474e-001 4.78300474e-001  4.78300474e-001
 -3.36055803e-002 -3.36055803e-002  -3.36055803e-002
 1.87917428e+001 1.87922035e+001  1.87933552e+001 6.45629368e+000 6.45630449e+000  6.45631762e+000 -7.73320199e+000 -7.73320040e+000  -7.73319643e+000 3.75757934e-001 3.75757940e-001  3.75757947e-001 -5.28824514e+000 -5.28824514e+000  -5.28824514e+000
 -1.17296046e+001 -1.17294169e+001  -1.17293127e+001 8.37275754e+000 8.37283315e+000  8.37296396e+000 -3.33644267e+000 -3.33633735e+000  -3.33608366e+000 -3.62169139e+000 -3.62169126e+000  -3.62169122e+000 -6.76281438e+000 -6.76301431e+000  -6.76351287e+000
 5.51308389e+000 5.51308387e+000  5.51308387e+000 -2.00288577e+000 -2.00288605e+000  -2.00288667e+000 -1.25920612e+000 -1.25896209e+000  -1.25860127e+000 9.37235926e-001 9.37918805e-001  9.39278935e-001 -1.47832536e-001 -1.48064484e-001  -1.48601395e-001
 -6.19765769e-001 -6.19767740e-001  -6.19771221e-001
 -1.22279131e+001 -1.22279131e+001  -1.22279131e+001 1.10155064e+001 1.10155064e+001  1.10155064e+001 -8.30817771e+000 -8.30817771e+000  -8.30817771e+000 -2.81714667e+000 -2.81714667e+000  -2.81714667e+000 -4.17034004e+000 -4.17034004e+000  -4.17034004e+000
 9.94133244e+000 9.94133244e+000  9.94133244e+000 9.17723021e+000 9.17723021e+000  9.17723021e+000 -3.14710677e+000 -3.14710677e+000  -3.14710677e+000 -4.67008078e+000 -4.67008078e+000  -4.67008078e+000 -5.24399539e+000 -5.24399539e+000  -5.24399539e+000
 -3.20134474e+000 -3.20134474e+000  -3.20134474e+000 -3.17082845e+000 -3.17082845e+000  -3.17082845e+000 1.64084067e+000 1.64084067e+000  1.64084067e+000 -1.87234690e+000 -1.87234690e+000  -1.87234690e+000 4.03820485e-001 4.03820485e-001  4.03820485e-001
 -3.64295768e-002 -3.64295768e-002  -3.64295768e-002
 1.63817716e+001 1.63817716e+001  1.63817715e+001 -2.38476824e+000 -2.38476824e+000  -2.38476824e+000 2.33304944e+000 2.33304944e+000  2.33304944e+000 -4.49561892e+000 -4.49561892e+000  -4.49561892e+000 6.89545019e+000 6.89545016e+000  6.89545010e+000
 -3.10481723e+000 -3.10481723e+000  -3.10481723e+000 -6.13780998e+000 -6.13780999e+000  -6.13781002e+000 8.33536727e+000 8.33536726e+000  8.33536724e+000 -5.29374015e+000 -5.29374015e+000  -5.29374015e+000 5.44890194e+000 5.44890194e+000  5.44890194e+000
 -1.60767425e+000 -1.60767425e+000  -1.60767425e+000 5.58087297e-001 5.58087298e-001  5.58087302e-001 -1.22554321e-001 -1.22554557e-001  -1.22555150e-001 8.03117717e-001 8.03117241e-001  8.03116051e-001 -1.22857373e+000 -1.22857370e+000  -1.22857361e+000
 -4.96076952e-002 -4.96076933e-002  -4.96076885e-002
 9.40441505e+000 9.40442499e+000  9.40444984e+000 -7.65136177e-001 -7.65131453e-001  -7.65130755e-001 2.66445546e+001 2.66445548e+001  2.66445553e+001 4.03132043e+000 4.03132044e+000  4.03132044e+000 -2.13693727e+000 -2.13693728e+000  -2.13693731e+000
 -3.53451351e-001 -3.53332811e-001  -3.53328508e-001 1.12860826e+000 1.12862739e+000  1.12862865e+000 -1.87456680e+000 -1.87456102e+000  -1.87455426e+000 4.85369492e+000 4.85369500e+000  4.85369500e+000 1.27342852e+001 1.27342797e+001  1.27342671e+001
 1.11237063e+001 1.11237063e+001  1.11237063e+001 -2.81455658e+000 -2.81455660e+000  -2.81455662e+000 -1.10682523e+000 -1.10674266e+000  -1.10673562e+000 -6.50789094e-001 -6.50664364e-001  -6.50630193e-001 -2.33254691e+000 -2.33256580e+000  -2.33257865e+000
 -5.58271222e-002 -5.58276175e-002  -5.58276993e-002
 -5.22104644e+001 -5.22101281e+001  -5.22092876e+001 -3.00240303e+001 -3.00240235e+001  -3.00240150e+001 -1.32628281e+001 -1.32628270e+001  -1.32628242e+001 9.11015169e+000 9.11015170e+000  9.11015170e+000 3.56130946e+000 3.56130944e+000  3.56130940e+000
 3.00803940e+001 3.00805118e+001  3.00805815e+001 -1.71241691e+000 -1.71236462e+000  -1.71226972e+000 5.28327727e+000 5.28335343e+000  5.28353791e+000 9.95602711e+000 9.95602719e+000  9.95602723e+000 -1.35443077e+000 -1.35457582e+000  -1.35493765e+000
 -1.03754965e+001 -1.03754965e+001  -1.03754965e+001 -6.08335750e+000 -6.08335769e+000  -6.08335814e+000 -1.06536327e+001 -1.06534676e+001  -1.06532085e+001 7.44357507e-001 7.44836814e-001  7.45821501e-001 -1.09544677e+000 -1.09561278e+000  -1.09600139e+000
 -4.05970206e-001 -4.05971569e-001  -4.05974088e-001
 1.80056609e+000 1.80088674e+000  1.80168836e+000 -5.20320149e+000 -5.20319398e+000  -5.20318534e+000 1.72362181e+001 1.72362192e+001  1.72362218e+001 -9.39528137e+000 -9.39528136e+000  -9.39528136e+000 -9.58947144e+000 -9.58947146e+000  -9.58947150e+000
 2.30540467e+000 2.30553885e+000  2.30560852e+000 -1.38521490e+001 -1.38520952e+001  -1.38520031e+001 -5.16984931e+000 -5.16977656e+000  -5.16960168e+000 2.73010527e-001 2.73010617e-001  2.73010649e-001 8.34257157e+000 8.34243298e+000  8.34208744e+000
 -1.50614483e+001 -1.50614483e+001  -1.50614483e+001 5.34382356e-001 5.34382168e-001  5.34381736e-001 4.43877959e+000 4.43895228e+000  4.43920254e+000 -1.52608860e+000 -1.52561190e+000  -1.52467283e+000 -5.40674335e-001 -5.40835421e-001  -5.41206857e-001
 -3.42463066e-001 -3.42464450e-001  -3.42466857e-001
 6.41339728e+000 6.41366714e+000  6.41434179e+000 -7.35843577e+000 -7.35842946e+000  -7.35842234e+000 2.03290986e+001 2.03290995e+001  2.03291017e+001 -9.93889156e+000 -9.93889155e+000  -9.93889155e+000 -1.59834747e+001 -1.59834747e+001  -1.59834748e+001
 2.33479302e+000 2.33490702e+000  2.33496480e+000 -2.42128185e+001 -2.42127729e+001  -2.42126951e+001 -2.59913984e+000 -2.59907878e+000  -2.59893211e+000 1.79107465e+000 1.79107473e+000  1.79107476e+000 9.55302309e+000 9.55290663e+000  9.55261627e+000
 -1.54713866e+001 -1.54713866e+001  -1.54713866e+001 -1.00475631e+000 -1.00475647e+000  -1.00475683e+000 6.89272094e+000 6.89286719e+000  6.89307767e+000 -2.68010843e+000 -2.67970671e+000  -2.67891844e+000 -6.19705372e-001 -6.19840841e-001  -6.20152775e-001
 -3.23469236e-001 -3.23470405e-001  -3.23472427e-001
 1.20685840e+001 1.20685840e+001  1.20685840e+001 3.45351990e+000 3.45351990e+000  3.45351990e+000 4.44703134e-001 4.44703134e-001  4.44703134e-001 2.18937130e+000 2.18937130e+000  2.18937130e+000 -7.49531533e+000 -7.49531533e+000  -7.49531533e+000
 -9.63215026e-001 -9.63215026e-001  -9.63215026e-001 -7.73438443e+000 -7.73438443e+000  -7.73438443e+000 5.07898943e+000 5.07898943e+000  5.07898943e+000 -2.44234186e+000 -2.44234186e+000  -2.44234186e+000 1.07823154e+000 1.07823154e+000  1.07823154e+000
 1.65293034e+000 1.65293034e+000  1.65293034e+000 -3.87351929e+000 -3.87351929e+000  -3.87351929e+000 3.74719752e+000 3.74719752e+000  3.74719752e+000 -3.29817699e+000 -3.29817699e+000  -3.29817699e+000 -4.40385806e-002 -4.40385806e-002  -4.40385806e-002
 -1.46033004e-001 -1.46033004e-001  -1.46033004e-001
 1.23419690e+001 1.23419690e+001  1.23419690e+001 3.24170543e+000 3.24170543e+000  3.24170543e+000 -4.17061271e+000 -4.17061271e+000  -4.17061271e+000 -1.54607746e+000 -1.54607746e+000  -1.54607746e+000 -1.27277924e+000 -1.27277924e+000  -1.27277924e+000
 1.99484558e+000 1.99484558e+000  1.99484558e+000 -6.33451510e+000 -6.33451510e+000  -6.33451510e+000 3.49668904e+000 3.49668904e+000  3.49668904e+000 -5.01112136e-001 -5.01112136e-001  -5.01112136e-001 -5.83082273e+000 -5.83082273e+000  -5.83082273e+000
 3.22989669e+000 3.22989669e+000  3.22989669e+000 -1.96199476e+000 -1.96199476e+000  -1.96199476e+000 -1.98484477e-002 -1.98484477e-002  -1.98484477e-002 2.09922424e+000 2.09922424e+000  2.09922424e+000 -5.69672781e-001 -5.69672781e-001  -5.69672781e-001
 -2.47147504e-002 -2.47147504e-002  -2.47147504e-002
 -1.77374711e-001 -1.77374711e-001  -1.77374710e-001 4.40867522e+000 4.40867522e+000  4.40867522e+000 -4.55381992e+000 -4.55381992e+000  -4.55381992e+000 -3.15094267e+000 -3.15094267e+000  -3.15094267e+000 4.34261173e+000 4.34261173e+000  4.34261173e+000
 -2.90509312e+000 -2.90509312e+000  -2.90509312e+000 1.26113542e+001 1.26113542e+001  1.26113542e+001 -5.09072083e+000 -5.09072083e+000  -5.09072083e+000 -2.29161919e+000 -2.29161919e+000  -2.29161919e+000 -1.06283353e+000 -1.06283353e+000  -1.06283353e+000
 -2.98133919e+000 -2.98133919e+000  -2.98133919e+000 2.38574653e+000 2.38574653e+000  2.38574653e+000 -2.12768919e+000 -2.12768919e+000  -2.12768919e+000 4.98536834e-001 4.98536834e-001  4.98536834e-001 -4.36158327e-001 -4.36158327e-001  -4.36158327e-001
 -1.76408822e-001 -1.76408822e-001  -1.76408822e-001
 -1.15380794e+000 -1.15334727e+000  -1.15219560e+000 4.18353354e+000 4.18354435e+000  4.18355748e+000 -5.16156539e+000 -5.16156380e+000  -5.16155983e+000 -4.09569030e+000 -4.09569030e+000  -4.09569029e+000 2.26264953e+000 2.26264950e+000  2.26264943e+000
 -2.55269196e+000 -2.55250428e+000  -2.55240013e+000 1.28697231e+001 1.28697987e+001  1.28699295e+001 -1.63313981e+000 -1.63303450e+000  -1.63278083e+000 -8.35043913e+000 -8.35043900e+000  -8.35043896e+000 -7.42483109e-001 -7.42683040e-001  -7.43181597e-001
 -1.19742295e+000 -1.19742296e+000  -1.19742296e+000 -1.16585940e+000 -1.16585967e+000  -1.16586030e+000 -1.34057964e+000 -1.34033585e+000  -1.33997563e+000 5.68422647e-001 5.69105051e-001  5.70463992e-001 7.72839033e-002 7.70519913e-002  7.65151715e-002
 -3.58646465e-001 -3.58648434e-001  -3.58651910e-001
 -1.11753331e+000 -1.11904967e+000 -1.12105329e+000
 -1.72631083e+000 -1.72631683e+000 -1.72632374e+000
 -2.14976502e+000 -2.15047892e+000 -2.15047639e+000
 -2.26862178e+000 -2.26862178e+000 -2.26862178e+000
 -3.78229475e+000 -3.78229474e+000 -3.78229472e+000
 -9.94725074e-001 -9.97042965e-001 -1.00156431e+000
 -3.77969792e+000 -3.78225434e+000 -3.78687365e+000
 -3.79516016e+000 -3.79518656e+000 -3.79525001e+000
 -2.56827464e+000 -2.56827469e+000 -2.56827470e+000
 1.96266451e+000 1.96184339e+000 1.96157722e+000
 1.24118038e+000 1.24118037e+000 1.24118037e+000
 4.32292537e+000 4.32292530e+000 4.32292516e+000
 -1.35914275e+000 -1.35933925e+000 -1.35962307e+000
 -1.37850231e+000 -1.37919016e+000 -1.38060676e+000
 1.34629082e+000 1.34610146e+000 1.34566058e+000
 9.10460927e-003 8.83810807e-003 8.35394539e-003
