   13     13     50      1  2019    977 
    0.700      0.400   20000  100      0.000      0.000    100     16 
    0.990 	     0.010 
   2 
    9.3787e-002   0.0000e+000  
  1.0000e+000   0.0000e+000  
  1.0000e+000   0.0000e+000  
  1.0000e+000   0.0000e+000  
  1.0000e+000   0.0000e+000  
  1.9875e+000   0.0000e+000  
  5.7000e+001  -8.0000e+000  
  4.4754e+000   0.0000e+000  
  1.8824e+002   1.7540e+002  
  1.0000e+000   0.0000e+000  
  1.0000e+000   0.0000e+000  
  1.0000e+000   0.0000e+000  
  1.0000e+000   0.0000e+000  
   4.6250e+001   0.0000e+000  
  itr    nh   avger[]   r2avg    mare[] 
100  16 6.118e+001   6.282e-001  7.578e+000 1.192e+001 
100  16 7.052e+001   5.302e-001  1.000e+003 7.336e+000 
   1  6.2818e-001   1.1916e+001   2.5489e+004   6.1178e-001 
  1.0412e+000   6.0024e-001 
   1  5.3016e-001   7.3360e+000   1.5692e+004   7.0523e-001 
  1.2002e+000   5.3953e-001 
