 Normalized SSE per output and pattern 
Itr 	 HN 	 MARE-tr 	 MARE-ts 	 R2tr 	 R2ts 	 SSENtr 	 SSENts	 SSENcomb
100 	 13 	       60.246 	       60.530 	   0.39003 	   0.41792 	    0.012769 	     0.012612 	     0.025381 
200 	 13 	       59.778 	       60.762 	   0.42676 	   0.46388 	    0.011948 	     0.011670 	     0.023617 
300 	 13 	       60.245 	       61.677 	   0.46609 	   0.49919 	    0.010816 	     0.010558 	     0.021373 
400 	 13 	       61.236 	       62.998 	   0.49857 	   0.52306 	    0.009696 	     0.009499 	     0.019194 
500 	 13 	       61.637 	       63.704 	   0.52984 	   0.54515 	    0.008509 	     0.008411 	     0.016920 
600 	 13 	       64.681 	       67.194 	   0.55308 	   0.56090 	    0.007400 	     0.007421 	     0.014821 
700 	 13 	       69.140 	       71.805 	   0.56138 	   0.56471 	    0.006877 	     0.006988 	     0.013865 
800 	 13 	       71.712 	       74.294 	   0.56362 	   0.56382 	    0.006707 	     0.006877 	     0.013584 
900 	 13 	       72.419 	       75.042 	   0.56592 	   0.56281 	    0.006628 	     0.006856 	     0.013484 
1000 	 13 	       75.502 	       78.757 	   0.56861 	   0.56005 	    0.006480 	     0.006834 	     0.013314 
1100 	 13 	       73.608 	       77.008 	   0.57307 	   0.56020 	    0.006431 	     0.006841 	     0.013272 
1200 	 13 	       73.237 	       76.682 	   0.57479 	   0.56023 	    0.006408 	     0.006842 	     0.013250 
1300 	 13 	       72.968 	       76.500 	   0.57612 	   0.55992 	    0.006389 	     0.006847 	     0.013236 
1400 	 13 	       72.733 	       76.405 	   0.57728 	   0.55932 	    0.006373 	     0.006856 	     0.013229 
1500 	 13 	       72.520 	       76.354 	   0.57834 	   0.55848 	    0.006358 	     0.006870 	     0.013227 
1600 	 13 	       72.324 	       76.328 	   0.57933 	   0.55747 	    0.006343 	     0.006886 	     0.013229 
1700 	 13 	       72.145 	       76.309 	   0.58027 	   0.55634 	    0.006329 	     0.006903 	     0.013233 
1800 	 13 	       71.976 	       76.299 	   0.58114 	   0.55518 	    0.006316 	     0.006922 	     0.013238 
1900 	 13 	       71.830 	       76.291 	   0.58197 	   0.55404 	    0.006304 	     0.006940 	     0.013244 
2000 	 13 	       73.916 	       78.821 	   0.58307 	   0.55288 	    0.006239 	     0.006937 	     0.013176 
2100 	 13 	       73.252 	       78.181 	   0.58441 	   0.55279 	    0.006233 	     0.006939 	     0.013171 
2200 	 13 	       73.172 	       78.185 	   0.58508 	   0.55198 	    0.006222 	     0.006951 	     0.013173 
2300 	 13 	       73.094 	       78.196 	   0.58568 	   0.55118 	    0.006213 	     0.006964 	     0.013177 
2400 	 13 	       73.014 	       78.194 	   0.58626 	   0.55042 	    0.006204 	     0.006976 	     0.013180 
2500 	 13 	       72.933 	       78.184 	   0.58682 	   0.54970 	    0.006196 	     0.006987 	     0.013183 
2600 	 13 	       72.850 	       78.177 	   0.58738 	   0.54903 	    0.006187 	     0.006998 	     0.013185 
2700 	 13 	       72.772 	       78.176 	   0.58794 	   0.54841 	    0.006179 	     0.007008 	     0.013187 
2800 	 13 	       72.710 	       78.178 	   0.58848 	   0.54785 	    0.006171 	     0.007017 	     0.013188 
2900 	 13 	       72.653 	       78.187 	   0.58901 	   0.54735 	    0.006163 	     0.007025 	     0.013188 
3000 	 13 	       74.035 	       79.820 	   0.58980 	   0.54700 	    0.006125 	     0.007021 	     0.013146 
3100 	 13 	       73.749 	       79.529 	   0.59067 	   0.54740 	    0.006120 	     0.007013 	     0.013133 
3200 	 13 	       73.728 	       79.558 	   0.59112 	   0.54703 	    0.006113 	     0.007019 	     0.013132 
3300 	 13 	       73.701 	       79.589 	   0.59152 	   0.54670 	    0.006107 	     0.007024 	     0.013131 
3400 	 13 	       73.666 	       79.612 	   0.59190 	   0.54644 	    0.006102 	     0.007028 	     0.013130 
3500 	 13 	       73.628 	       79.633 	   0.59227 	   0.54623 	    0.006096 	     0.007031 	     0.013128 
3600 	 13 	       73.589 	       79.653 	   0.59262 	   0.54607 	    0.006091 	     0.007034 	     0.013125 
3700 	 13 	       73.555 	       79.672 	   0.59295 	   0.54594 	    0.006086 	     0.007035 	     0.013122 
3800 	 13 	       73.524 	       79.690 	   0.59328 	   0.54584 	    0.006082 	     0.007037 	     0.013119 
3900 	 13 	       73.496 	       79.709 	   0.59359 	   0.54576 	    0.006077 	     0.007038 	     0.013115 
4000 	 13 	       74.530 	       80.914 	   0.59406 	   0.54577 	    0.006053 	     0.007033 	     0.013086 
4100 	 13 	       74.371 	       80.762 	   0.59459 	   0.54641 	    0.006049 	     0.007021 	     0.013071 
4200 	 13 	       74.351 	       80.768 	   0.59484 	   0.54638 	    0.006046 	     0.007022 	     0.013068 
4300 	 13 	       74.336 	       80.781 	   0.59507 	   0.54633 	    0.006043 	     0.007022 	     0.013065 
4400 	 13 	       74.319 	       80.792 	   0.59528 	   0.54631 	    0.006040 	     0.007022 	     0.013062 
4500 	 13 	       74.302 	       80.803 	   0.59548 	   0.54630 	    0.006037 	     0.007022 	     0.013059 
4600 	 13 	       74.287 	       80.812 	   0.59568 	   0.54630 	    0.006034 	     0.007022 	     0.013056 
4700 	 13 	       74.274 	       80.821 	   0.59586 	   0.54631 	    0.006031 	     0.007022 	     0.013053 
4800 	 13 	       74.264 	       80.830 	   0.59604 	   0.54632 	    0.006029 	     0.007021 	     0.013050 
4900 	 13 	       74.256 	       80.839 	   0.59622 	   0.54635 	    0.006026 	     0.007021 	     0.013047 
5000 	 13 	       75.084 	       81.781 	   0.59651 	   0.54641 	    0.006009 	     0.007017 	     0.013026 
5100 	 13 	       75.002 	       81.702 	   0.59683 	   0.54697 	    0.006007 	     0.007007 	     0.013014 
5200 	 13 	       74.993 	       81.700 	   0.59698 	   0.54702 	    0.006004 	     0.007006 	     0.013011 
5300 	 13 	       74.990 	       81.706 	   0.59712 	   0.54706 	    0.006002 	     0.007005 	     0.013008 
5400 	 13 	       74.987 	       81.714 	   0.59725 	   0.54710 	    0.006000 	     0.007005 	     0.013005 
5500 	 13 	       74.984 	       81.721 	   0.59739 	   0.54714 	    0.005998 	     0.007004 	     0.013002 
5600 	 13 	       74.981 	       81.727 	   0.59752 	   0.54718 	    0.005996 	     0.007003 	     0.012999 
5700 	 13 	       74.979 	       81.734 	   0.59764 	   0.54723 	    0.005995 	     0.007002 	     0.012997 
5800 	 13 	       74.977 	       81.741 	   0.59777 	   0.54728 	    0.005993 	     0.007001 	     0.012994 
5900 	 13 	       74.976 	       81.749 	   0.59789 	   0.54732 	    0.005991 	     0.007000 	     0.012991 
6000 	 13 	       75.656 	       82.519 	   0.59810 	   0.54739 	    0.005978 	     0.006998 	     0.012976 
6100 	 13 	       75.621 	       82.488 	   0.59832 	   0.54781 	    0.005976 	     0.006991 	     0.012967 
6200 	 13 	       75.617 	       82.485 	   0.59843 	   0.54789 	    0.005974 	     0.006989 	     0.012964 
6300 	 13 	       75.618 	       82.489 	   0.59854 	   0.54795 	    0.005973 	     0.006988 	     0.012961 
6400 	 13 	       75.620 	       82.494 	   0.59865 	   0.54800 	    0.005971 	     0.006987 	     0.012958 
6500 	 13 	       75.621 	       82.499 	   0.59876 	   0.54805 	    0.005969 	     0.006986 	     0.012956 
6600 	 13 	       75.623 	       82.503 	   0.59887 	   0.54810 	    0.005968 	     0.006985 	     0.012953 
6700 	 13 	       75.624 	       82.506 	   0.59898 	   0.54815 	    0.005966 	     0.006985 	     0.012951 
6800 	 13 	       75.627 	       82.508 	   0.59909 	   0.54820 	    0.005964 	     0.006984 	     0.012948 
6900 	 13 	       75.629 	       82.510 	   0.59920 	   0.54824 	    0.005963 	     0.006983 	     0.012946 
7000 	 13 	       76.198 	       83.149 	   0.59937 	   0.54829 	    0.005953 	     0.006982 	     0.012935 
7100 	 13 	       76.185 	       83.138 	   0.59955 	   0.54861 	    0.005951 	     0.006976 	     0.012927 
7200 	 13 	       76.183 	       83.131 	   0.59966 	   0.54868 	    0.005949 	     0.006975 	     0.012924 
7300 	 13 	       76.185 	       83.128 	   0.59976 	   0.54873 	    0.005948 	     0.006974 	     0.012922 
7400 	 13 	       76.188 	       83.126 	   0.59987 	   0.54878 	    0.005946 	     0.006973 	     0.012919 
7500 	 13 	       76.190 	       83.124 	   0.59998 	   0.54883 	    0.005944 	     0.006972 	     0.012917 
7600 	 13 	       76.192 	       83.121 	   0.60010 	   0.54887 	    0.005943 	     0.006972 	     0.012914 
7700 	 13 	       76.194 	       83.119 	   0.60021 	   0.54892 	    0.005941 	     0.006971 	     0.012912 
7800 	 13 	       76.196 	       83.116 	   0.60033 	   0.54898 	    0.005939 	     0.006970 	     0.012909 
7900 	 13 	       76.198 	       83.114 	   0.60045 	   0.54904 	    0.005937 	     0.006969 	     0.012906 
8000 	 13 	       76.675 	       83.652 	   0.60060 	   0.54910 	    0.005929 	     0.006968 	     0.012897 
8100 	 13 	       76.673 	       83.655 	   0.60076 	   0.54937 	    0.005927 	     0.006963 	     0.012891 
8200 	 13 	       76.668 	       83.648 	   0.60087 	   0.54947 	    0.005926 	     0.006962 	     0.012887 
8300 	 13 	       76.667 	       83.646 	   0.60098 	   0.54956 	    0.005924 	     0.006960 	     0.012884 
8400 	 13 	       76.665 	       83.646 	   0.60109 	   0.54965 	    0.005922 	     0.006959 	     0.012881 
8500 	 13 	       76.663 	       83.646 	   0.60120 	   0.54975 	    0.005921 	     0.006957 	     0.012878 
8600 	 13 	       76.660 	       83.645 	   0.60131 	   0.54985 	    0.005919 	     0.006955 	     0.012875 
8700 	 13 	       76.656 	       83.645 	   0.60142 	   0.54996 	    0.005918 	     0.006954 	     0.012871 
8800 	 13 	       76.650 	       83.645 	   0.60152 	   0.55008 	    0.005916 	     0.006952 	     0.012868 
8900 	 13 	       76.644 	       83.643 	   0.60163 	   0.55020 	    0.005915 	     0.006950 	     0.012865 
9000 	 13 	       77.039 	       84.094 	   0.60176 	   0.55031 	    0.005908 	     0.006948 	     0.012857 
9100 	 13 	       77.038 	       84.105 	   0.60189 	   0.55058 	    0.005906 	     0.006944 	     0.012851 
9200 	 13 	       77.023 	       84.095 	   0.60199 	   0.55070 	    0.005905 	     0.006942 	     0.012847 
9300 	 13 	       77.012 	       84.089 	   0.60208 	   0.55082 	    0.005904 	     0.006940 	     0.012844 
9400 	 13 	       76.999 	       84.083 	   0.60218 	   0.55093 	    0.005902 	     0.006938 	     0.012841 
9500 	 13 	       76.985 	       84.077 	   0.60227 	   0.55104 	    0.005901 	     0.006937 	     0.012838 
9600 	 13 	       76.971 	       84.071 	   0.60236 	   0.55115 	    0.005900 	     0.006935 	     0.012835 
9700 	 13 	       76.956 	       84.064 	   0.60246 	   0.55125 	    0.005898 	     0.006933 	     0.012832 
9800 	 13 	       76.939 	       84.056 	   0.60255 	   0.55135 	    0.005897 	     0.006932 	     0.012829 
9900 	 13 	       76.920 	       84.047 	   0.60264 	   0.55145 	    0.005896 	     0.006930 	     0.012826 
10000 	 13 	       77.247 	       84.426 	   0.60275 	   0.55154 	    0.005891 	     0.006929 	     0.012820 
10100 	 13 	       77.241 	       84.436 	   0.60287 	   0.55174 	    0.005889 	     0.006926 	     0.012815 
10200 	 13 	       77.216 	       84.419 	   0.60296 	   0.55183 	    0.005888 	     0.006925 	     0.012812 
10300 	 13 	       77.194 	       84.406 	   0.60304 	   0.55191 	    0.005887 	     0.006923 	     0.012810 
10400 	 13 	       77.170 	       84.393 	   0.60313 	   0.55198 	    0.005886 	     0.006922 	     0.012808 
10500 	 13 	       77.145 	       84.378 	   0.60321 	   0.55205 	    0.005884 	     0.006921 	     0.012805 
10600 	 13 	       77.120 	       84.362 	   0.60330 	   0.55212 	    0.005883 	     0.006920 	     0.012803 
10700 	 13 	       77.093 	       84.344 	   0.60339 	   0.55218 	    0.005882 	     0.006919 	     0.012801 
10800 	 13 	       77.065 	       84.325 	   0.60347 	   0.55224 	    0.005881 	     0.006918 	     0.012799 
10900 	 13 	       77.035 	       84.306 	   0.60356 	   0.55230 	    0.005880 	     0.006917 	     0.012797 
11000 	 13 	       77.309 	       84.626 	   0.60366 	   0.55234 	    0.005876 	     0.006917 	     0.012793 
11100 	 13 	       77.298 	       84.631 	   0.60377 	   0.55248 	    0.005874 	     0.006915 	     0.012789 
11200 	 13 	       77.265 	       84.608 	   0.60385 	   0.55253 	    0.005873 	     0.006914 	     0.012787 
11300 	 13 	       77.235 	       84.587 	   0.60393 	   0.55258 	    0.005872 	     0.006913 	     0.012785 
11400 	 13 	       77.204 	       84.566 	   0.60401 	   0.55263 	    0.005871 	     0.006912 	     0.012783 
11500 	 13 	       77.173 	       84.544 	   0.60409 	   0.55267 	    0.005870 	     0.006912 	     0.012781 
11600 	 13 	       77.141 	       84.521 	   0.60417 	   0.55271 	    0.005869 	     0.006911 	     0.012780 
11700 	 13 	       77.110 	       84.498 	   0.60425 	   0.55276 	    0.005868 	     0.006910 	     0.012778 
11800 	 13 	       77.077 	       84.474 	   0.60433 	   0.55279 	    0.005867 	     0.006910 	     0.012776 
11900 	 13 	       77.044 	       84.450 	   0.60441 	   0.55283 	    0.005866 	     0.006909 	     0.012775 
12000 	 13 	       77.282 	       84.727 	   0.60451 	   0.55286 	    0.005862 	     0.006909 	     0.012771 
12100 	 13 	       77.271 	       84.729 	   0.60460 	   0.55297 	    0.005860 	     0.006908 	     0.012768 
12200 	 13 	       77.236 	       84.702 	   0.60468 	   0.55301 	    0.005859 	     0.006907 	     0.012766 
12300 	 13 	       77.204 	       84.678 	   0.60476 	   0.55304 	    0.005858 	     0.006907 	     0.012765 
12400 	 13 	       77.172 	       84.654 	   0.60483 	   0.55307 	    0.005857 	     0.006906 	     0.012764 
12500 	 13 	       77.140 	       84.630 	   0.60491 	   0.55310 	    0.005857 	     0.006906 	     0.012762 
12600 	 13 	       77.108 	       84.605 	   0.60498 	   0.55313 	    0.005856 	     0.006905 	     0.012761 
12700 	 13 	       77.076 	       84.581 	   0.60506 	   0.55316 	    0.005855 	     0.006905 	     0.012759 
12800 	 13 	       77.043 	       84.555 	   0.60513 	   0.55318 	    0.005854 	     0.006904 	     0.012758 
12900 	 13 	       77.010 	       84.530 	   0.60521 	   0.55320 	    0.005853 	     0.006904 	     0.012757 
13000 	 13 	       77.221 	       84.775 	   0.60530 	   0.55320 	    0.005849 	     0.006905 	     0.012754 
13100 	 13 	       77.211 	       84.778 	   0.60539 	   0.55328 	    0.005848 	     0.006904 	     0.012752 
13200 	 13 	       77.176 	       84.753 	   0.60546 	   0.55329 	    0.005847 	     0.006903 	     0.012750 
13300 	 13 	       77.144 	       84.730 	   0.60553 	   0.55331 	    0.005846 	     0.006903 	     0.012749 
13400 	 13 	       77.111 	       84.707 	   0.60560 	   0.55331 	    0.005845 	     0.006903 	     0.012748 
13500 	 13 	       77.079 	       84.684 	   0.60567 	   0.55331 	    0.005844 	     0.006903 	     0.012747 
13600 	 13 	       77.047 	       84.661 	   0.60574 	   0.55331 	    0.005843 	     0.006903 	     0.012747 
13700 	 13 	       77.014 	       84.637 	   0.60582 	   0.55331 	    0.005842 	     0.006903 	     0.012746 
13800 	 13 	       76.981 	       84.613 	   0.60589 	   0.55330 	    0.005842 	     0.006904 	     0.012745 
13900 	 13 	       76.947 	       84.588 	   0.60596 	   0.55328 	    0.005841 	     0.006904 	     0.012745 
14000 	 13 	       77.134 	       84.809 	   0.60604 	   0.55325 	    0.005838 	     0.006905 	     0.012743 
14100 	 13 	       77.124 	       84.811 	   0.60612 	   0.55327 	    0.005836 	     0.006905 	     0.012741 
14200 	 13 	       77.089 	       84.784 	   0.60619 	   0.55325 	    0.005835 	     0.006905 	     0.012741 
14300 	 13 	       77.057 	       84.760 	   0.60626 	   0.55323 	    0.005835 	     0.006906 	     0.012740 
14400 	 13 	       77.026 	       84.736 	   0.60633 	   0.55319 	    0.005834 	     0.006906 	     0.012740 
14500 	 13 	       76.994 	       84.712 	   0.60640 	   0.55315 	    0.005833 	     0.006907 	     0.012740 
14600 	 13 	       76.963 	       84.688 	   0.60646 	   0.55311 	    0.005832 	     0.006908 	     0.012740 
14700 	 13 	       76.932 	       84.663 	   0.60653 	   0.55306 	    0.005831 	     0.006908 	     0.012740 
14800 	 13 	       76.901 	       84.637 	   0.60660 	   0.55301 	    0.005830 	     0.006909 	     0.012740 
14900 	 13 	       76.869 	       84.612 	   0.60666 	   0.55296 	    0.005830 	     0.006910 	     0.012740 
15000 	 13 	       77.041 	       84.809 	   0.60674 	   0.55288 	    0.005827 	     0.006912 	     0.012739 
15100 	 13 	       77.033 	       84.808 	   0.60682 	   0.55287 	    0.005826 	     0.006913 	     0.012738 
15200 	 13 	       77.002 	       84.782 	   0.60688 	   0.55281 	    0.005825 	     0.006914 	     0.012738 
15300 	 13 	       76.973 	       84.759 	   0.60694 	   0.55275 	    0.005824 	     0.006915 	     0.012739 
15400 	 13 	       76.945 	       84.736 	   0.60700 	   0.55268 	    0.005823 	     0.006916 	     0.012739 
15500 	 13 	       76.917 	       84.713 	   0.60707 	   0.55261 	    0.005822 	     0.006917 	     0.012739 
15600 	 13 	       76.890 	       84.690 	   0.60713 	   0.55253 	    0.005822 	     0.006918 	     0.012740 
15700 	 13 	       76.863 	       84.668 	   0.60719 	   0.55246 	    0.005821 	     0.006920 	     0.012740 
15800 	 13 	       76.836 	       84.647 	   0.60725 	   0.55238 	    0.005820 	     0.006921 	     0.012741 
15900 	 13 	       76.810 	       84.626 	   0.60731 	   0.55229 	    0.005819 	     0.006922 	     0.012742 
16000 	 13 	       76.970 	       84.809 	   0.60738 	   0.55220 	    0.005817 	     0.006925 	     0.012742 
16100 	 13 	       76.966 	       84.812 	   0.60745 	   0.55215 	    0.005816 	     0.006926 	     0.012741 
16200 	 13 	       76.940 	       84.791 	   0.60750 	   0.55207 	    0.005815 	     0.006927 	     0.012742 
16300 	 13 	       76.916 	       84.772 	   0.60756 	   0.55199 	    0.005814 	     0.006928 	     0.012743 
16400 	 13 	       76.893 	       84.754 	   0.60761 	   0.55190 	    0.005814 	     0.006930 	     0.012743 
16500 	 13 	       76.869 	       84.737 	   0.60767 	   0.55182 	    0.005813 	     0.006931 	     0.012744 
16600 	 13 	       76.846 	       84.720 	   0.60772 	   0.55173 	    0.005812 	     0.006933 	     0.012745 
16700 	 13 	       76.823 	       84.704 	   0.60778 	   0.55164 	    0.005812 	     0.006934 	     0.012746 
16800 	 13 	       76.801 	       84.688 	   0.60783 	   0.55154 	    0.005811 	     0.006936 	     0.012747 
16900 	 13 	       76.779 	       84.673 	   0.60788 	   0.55145 	    0.005810 	     0.006937 	     0.012748 
17000 	 13 	       76.928 	       84.844 	   0.60794 	   0.55135 	    0.005808 	     0.006940 	     0.012748 
17100 	 13 	       76.927 	       84.851 	   0.60801 	   0.55129 	    0.005807 	     0.006941 	     0.012748 
17200 	 13 	       76.905 	       84.835 	   0.60806 	   0.55120 	    0.005806 	     0.006942 	     0.012749 
17300 	 13 	       76.885 	       84.822 	   0.60811 	   0.55112 	    0.005806 	     0.006944 	     0.012750 
17400 	 13 	       76.865 	       84.809 	   0.60816 	   0.55103 	    0.005805 	     0.006946 	     0.012750 
17500 	 13 	       76.846 	       84.797 	   0.60820 	   0.55094 	    0.005804 	     0.006947 	     0.012751 
17600 	 13 	       76.827 	       84.786 	   0.60825 	   0.55085 	    0.005804 	     0.006949 	     0.012752 
17700 	 13 	       76.809 	       84.775 	   0.60830 	   0.55075 	    0.005803 	     0.006950 	     0.012753 
17800 	 13 	       76.791 	       84.764 	   0.60835 	   0.55066 	    0.005802 	     0.006952 	     0.012754 
17900 	 13 	       76.773 	       84.754 	   0.60839 	   0.55057 	    0.005802 	     0.006953 	     0.012755 
18000 	 13 	       76.912 	       84.914 	   0.60845 	   0.55047 	    0.005800 	     0.006956 	     0.012755 
18100 	 13 	       76.915 	       84.926 	   0.60850 	   0.55041 	    0.005799 	     0.006957 	     0.012756 
18200 	 13 	       76.897 	       84.915 	   0.60855 	   0.55033 	    0.005798 	     0.006958 	     0.012757 
18300 	 13 	       76.881 	       84.906 	   0.60859 	   0.55024 	    0.005798 	     0.006960 	     0.012757 
18400 	 13 	       76.866 	       84.898 	   0.60864 	   0.55016 	    0.005797 	     0.006961 	     0.012758 
18500 	 13 	       76.851 	       84.890 	   0.60868 	   0.55007 	    0.005796 	     0.006963 	     0.012759 
18600 	 13 	       76.837 	       84.883 	   0.60873 	   0.54999 	    0.005796 	     0.006964 	     0.012760 
18700 	 13 	       76.823 	       84.877 	   0.60877 	   0.54990 	    0.005795 	     0.006966 	     0.012761 
18800 	 13 	       76.809 	       84.871 	   0.60881 	   0.54981 	    0.005795 	     0.006967 	     0.012762 
18900 	 13 	       76.796 	       84.865 	   0.60885 	   0.54973 	    0.005794 	     0.006969 	     0.012763 
19000 	 13 	       76.925 	       85.017 	   0.60890 	   0.54963 	    0.005792 	     0.006971 	     0.012763 
19100 	 13 	       76.933 	       85.033 	   0.60895 	   0.54958 	    0.005791 	     0.006972 	     0.012763 
19200 	 13 	       76.920 	       85.027 	   0.60899 	   0.54950 	    0.005791 	     0.006973 	     0.012764 
19300 	 13 	       76.908 	       85.022 	   0.60904 	   0.54942 	    0.005790 	     0.006975 	     0.012765 
19400 	 13 	       76.898 	       85.019 	   0.60908 	   0.54935 	    0.005790 	     0.006976 	     0.012766 
19500 	 13 	       76.888 	       85.015 	   0.60912 	   0.54927 	    0.005789 	     0.006977 	     0.012767 
19600 	 13 	       76.877 	       85.012 	   0.60916 	   0.54919 	    0.005789 	     0.006979 	     0.012767 
19700 	 13 	       76.867 	       85.009 	   0.60920 	   0.54911 	    0.005788 	     0.006980 	     0.012768 
19800 	 13 	       76.858 	       85.006 	   0.60924 	   0.54903 	    0.005788 	     0.006981 	     0.012769 
19900 	 13 	       76.848 	       85.004 	   0.60928 	   0.54895 	    0.005787 	     0.006983 	     0.012770 
20000 	 13 	       76.970 	       85.145 	   0.60932 	   0.54887 	    0.005785 	     0.006985 	     0.012770 
100 	 14 	       66.871 	       74.223 	   0.59635 	   0.54409 	    0.006143 	     0.007124 	     0.013267 
200 	 14 	       67.168 	       74.732 	   0.59644 	   0.54375 	    0.006123 	     0.007124 	     0.013247 
300 	 14 	       67.545 	       75.296 	   0.59677 	   0.54331 	    0.006103 	     0.007127 	     0.013229 
400 	 14 	       67.977 	       75.854 	   0.59718 	   0.54253 	    0.006083 	     0.007139 	     0.013222 
500 	 14 	       68.282 	       76.244 	   0.59778 	   0.54119 	    0.006068 	     0.007162 	     0.013230 
600 	 14 	       68.447 	       76.575 	   0.59843 	   0.54002 	    0.006056 	     0.007183 	     0.013238 
700 	 14 	       68.515 	       76.825 	   0.59915 	   0.53904 	    0.006043 	     0.007199 	     0.013243 
800 	 14 	       68.494 	       76.971 	   0.59999 	   0.53820 	    0.006031 	     0.007213 	     0.013244 
900 	 14 	       68.403 	       77.033 	   0.60091 	   0.53742 	    0.006018 	     0.007226 	     0.013244 
1000 	 14 	       70.410 	       79.542 	   0.60374 	   0.53636 	    0.005935 	     0.007230 	     0.013165 
1100 	 14 	       67.968 	       76.833 	   0.61095 	   0.54229 	    0.005876 	     0.007138 	     0.013014 
1200 	 14 	       67.580 	       76.492 	   0.61191 	   0.54183 	    0.005877 	     0.007147 	     0.013024 
1300 	 14 	       67.364 	       76.323 	   0.61250 	   0.54096 	    0.005878 	     0.007163 	     0.013041 
1400 	 14 	       67.208 	       76.214 	   0.61301 	   0.54008 	    0.005878 	     0.007179 	     0.013057 
1500 	 14 	       67.092 	       76.135 	   0.61348 	   0.53926 	    0.005877 	     0.007194 	     0.013070 
1600 	 14 	       66.992 	       76.075 	   0.61393 	   0.53850 	    0.005875 	     0.007207 	     0.013082 
1700 	 14 	       66.902 	       76.021 	   0.61436 	   0.53778 	    0.005872 	     0.007220 	     0.013093 
1800 	 14 	       66.821 	       75.968 	   0.61477 	   0.53710 	    0.005870 	     0.007233 	     0.013102 
1900 	 14 	       66.744 	       75.913 	   0.61516 	   0.53646 	    0.005867 	     0.007244 	     0.013112 
2000 	 14 	       68.375 	       77.807 	   0.61608 	   0.53582 	    0.005811 	     0.007234 	     0.013045 
2100 	 14 	       67.610 	       76.808 	   0.61728 	   0.53698 	    0.005828 	     0.007227 	     0.013055 
2200 	 14 	       67.542 	       76.727 	   0.61755 	   0.53662 	    0.005830 	     0.007236 	     0.013065 
2300 	 14 	       67.487 	       76.683 	   0.61783 	   0.53633 	    0.005829 	     0.007242 	     0.013070 
2400 	 14 	       67.429 	       76.636 	   0.61814 	   0.53610 	    0.005827 	     0.007247 	     0.013074 
2500 	 14 	       67.367 	       76.586 	   0.61846 	   0.53594 	    0.005825 	     0.007250 	     0.013076 
2600 	 14 	       67.300 	       76.536 	   0.61878 	   0.53586 	    0.005823 	     0.007253 	     0.013076 
2700 	 14 	       67.233 	       76.479 	   0.61912 	   0.53586 	    0.005821 	     0.007254 	     0.013075 
2800 	 14 	       67.159 	       76.417 	   0.61946 	   0.53594 	    0.005818 	     0.007254 	     0.013072 
2900 	 14 	       67.080 	       76.363 	   0.61982 	   0.53609 	    0.005816 	     0.007253 	     0.013069 
3000 	 14 	       68.424 	       77.919 	   0.62057 	   0.53622 	    0.005765 	     0.007231 	     0.012996 
3100 	 14 	       68.102 	       77.519 	   0.62128 	   0.53740 	    0.005771 	     0.007217 	     0.012989 
3200 	 14 	       68.026 	       77.465 	   0.62161 	   0.53759 	    0.005769 	     0.007216 	     0.012985 
3300 	 14 	       67.949 	       77.416 	   0.62194 	   0.53776 	    0.005767 	     0.007214 	     0.012981 
3400 	 14 	       67.868 	       77.365 	   0.62226 	   0.53792 	    0.005765 	     0.007213 	     0.012977 
3500 	 14 	       67.783 	       77.309 	   0.62258 	   0.53804 	    0.005763 	     0.007212 	     0.012974 
3600 	 14 	       67.693 	       77.250 	   0.62290 	   0.53814 	    0.005761 	     0.007211 	     0.012972 
3700 	 14 	       67.600 	       77.191 	   0.62322 	   0.53820 	    0.005759 	     0.007211 	     0.012971 
3800 	 14 	       67.504 	       77.125 	   0.62353 	   0.53824 	    0.005758 	     0.007212 	     0.012970 
3900 	 14 	       67.407 	       77.054 	   0.62384 	   0.53824 	    0.005757 	     0.007214 	     0.012970 
4000 	 14 	       68.536 	       78.389 	   0.62447 	   0.53812 	    0.005712 	     0.007199 	     0.012911 
4100 	 14 	       68.360 	       78.156 	   0.62509 	   0.53890 	    0.005712 	     0.007189 	     0.012901 
4200 	 14 	       68.275 	       78.089 	   0.62539 	   0.53892 	    0.005710 	     0.007190 	     0.012900 
4300 	 14 	       68.189 	       78.019 	   0.62566 	   0.53891 	    0.005709 	     0.007191 	     0.012900 
4400 	 14 	       68.101 	       77.948 	   0.62593 	   0.53888 	    0.005708 	     0.007193 	     0.012901 
4500 	 14 	       68.012 	       77.876 	   0.62620 	   0.53884 	    0.005706 	     0.007195 	     0.012901 
4600 	 14 	       67.924 	       77.803 	   0.62645 	   0.53877 	    0.005705 	     0.007197 	     0.012902 
4700 	 14 	       67.839 	       77.732 	   0.62670 	   0.53870 	    0.005704 	     0.007200 	     0.012904 
4800 	 14 	       67.754 	       77.664 	   0.62695 	   0.53861 	    0.005703 	     0.007202 	     0.012905 
4900 	 14 	       67.672 	       77.597 	   0.62719 	   0.53850 	    0.005702 	     0.007205 	     0.012907 
5000 	 14 	       68.636 	       78.747 	   0.62771 	   0.53827 	    0.005663 	     0.007195 	     0.012858 
5100 	 14 	       68.530 	       78.604 	   0.62825 	   0.53886 	    0.005659 	     0.007187 	     0.012846 
5200 	 14 	       68.459 	       78.554 	   0.62849 	   0.53883 	    0.005657 	     0.007188 	     0.012845 
5300 	 14 	       68.387 	       78.502 	   0.62871 	   0.53878 	    0.005656 	     0.007190 	     0.012845 
5400 	 14 	       68.316 	       78.450 	   0.62892 	   0.53871 	    0.005654 	     0.007192 	     0.012846 
5500 	 14 	       68.245 	       78.398 	   0.62913 	   0.53864 	    0.005653 	     0.007194 	     0.012846 
5600 	 14 	       68.175 	       78.346 	   0.62933 	   0.53855 	    0.005651 	     0.007196 	     0.012847 
5700 	 14 	       68.108 	       78.295 	   0.62952 	   0.53845 	    0.005650 	     0.007198 	     0.012848 
5800 	 14 	       68.042 	       78.245 	   0.62970 	   0.53834 	    0.005649 	     0.007201 	     0.012850 
5900 	 14 	       67.978 	       78.198 	   0.62988 	   0.53822 	    0.005648 	     0.007203 	     0.012851 
6000 	 14 	       68.812 	       79.206 	   0.63032 	   0.53797 	    0.005614 	     0.007196 	     0.012810 
6100 	 14 	       68.752 	       79.128 	   0.63079 	   0.53845 	    0.005609 	     0.007189 	     0.012798 
6200 	 14 	       68.698 	       79.096 	   0.63099 	   0.53842 	    0.005607 	     0.007190 	     0.012796 
6300 	 14 	       68.644 	       79.062 	   0.63116 	   0.53835 	    0.005605 	     0.007192 	     0.012796 
6400 	 14 	       68.591 	       79.028 	   0.63133 	   0.53827 	    0.005603 	     0.007193 	     0.012797 
6500 	 14 	       68.542 	       78.994 	   0.63149 	   0.53818 	    0.005602 	     0.007195 	     0.012797 
6600 	 14 	       68.494 	       78.961 	   0.63164 	   0.53808 	    0.005600 	     0.007197 	     0.012798 
6700 	 14 	       68.447 	       78.928 	   0.63179 	   0.53798 	    0.005599 	     0.007200 	     0.012799 
6800 	 14 	       68.401 	       78.896 	   0.63194 	   0.53786 	    0.005598 	     0.007202 	     0.012800 
6900 	 14 	       68.354 	       78.866 	   0.63208 	   0.53774 	    0.005597 	     0.007204 	     0.012801 
7000 	 14 	       69.097 	       79.755 	   0.63245 	   0.53749 	    0.005569 	     0.007200 	     0.012769 
7100 	 14 	       69.069 	       79.711 	   0.63285 	   0.53786 	    0.005563 	     0.007194 	     0.012757 
7200 	 14 	       69.031 	       79.692 	   0.63300 	   0.53782 	    0.005561 	     0.007195 	     0.012756 
7300 	 14 	       68.993 	       79.672 	   0.63314 	   0.53774 	    0.005560 	     0.007197 	     0.012756 
7400 	 14 	       68.955 	       79.652 	   0.63327 	   0.53765 	    0.005558 	     0.007198 	     0.012757 
7500 	 14 	       68.917 	       79.631 	   0.63340 	   0.53755 	    0.005557 	     0.007200 	     0.012757 
7600 	 14 	       68.879 	       79.610 	   0.63352 	   0.53745 	    0.005556 	     0.007202 	     0.012758 
7700 	 14 	       68.841 	       79.591 	   0.63364 	   0.53734 	    0.005554 	     0.007204 	     0.012759 
7800 	 14 	       68.804 	       79.572 	   0.63376 	   0.53722 	    0.005553 	     0.007207 	     0.012760 
7900 	 14 	       68.767 	       79.553 	   0.63387 	   0.53710 	    0.005552 	     0.007209 	     0.012761 
8000 	 14 	       69.426 	       80.342 	   0.63418 	   0.53686 	    0.005529 	     0.007207 	     0.012736 
8100 	 14 	       69.413 	       80.317 	   0.63451 	   0.53715 	    0.005524 	     0.007202 	     0.012726 
8200 	 14 	       69.383 	       80.307 	   0.63464 	   0.53710 	    0.005522 	     0.007203 	     0.012725 
8300 	 14 	       69.354 	       80.295 	   0.63476 	   0.53702 	    0.005521 	     0.007205 	     0.012725 
8400 	 14 	       69.325 	       80.283 	   0.63486 	   0.53693 	    0.005519 	     0.007206 	     0.012726 
8500 	 14 	       69.296 	       80.271 	   0.63497 	   0.53684 	    0.005518 	     0.007208 	     0.012726 
8600 	 14 	       69.269 	       80.260 	   0.63507 	   0.53674 	    0.005517 	     0.007210 	     0.012727 
8700 	 14 	       69.241 	       80.249 	   0.63517 	   0.53663 	    0.005516 	     0.007212 	     0.012728 
8800 	 14 	       69.214 	       80.238 	   0.63526 	   0.53653 	    0.005515 	     0.007214 	     0.012729 
8900 	 14 	       69.187 	       80.227 	   0.63536 	   0.53642 	    0.005514 	     0.007216 	     0.012730 
9000 	 14 	       69.770 	       80.922 	   0.63562 	   0.53619 	    0.005495 	     0.007216 	     0.012710 
9100 	 14 	       69.770 	       80.910 	   0.63589 	   0.53642 	    0.005490 	     0.007212 	     0.012702 
9200 	 14 	       69.748 	       80.905 	   0.63600 	   0.53638 	    0.005489 	     0.007213 	     0.012701 
9300 	 14 	       69.726 	       80.899 	   0.63610 	   0.53630 	    0.005487 	     0.007214 	     0.012702 
9400 	 14 	       69.704 	       80.892 	   0.63619 	   0.53622 	    0.005486 	     0.007216 	     0.012702 
9500 	 14 	       69.683 	       80.886 	   0.63627 	   0.53614 	    0.005485 	     0.007217 	     0.012702 
9600 	 14 	       69.662 	       80.880 	   0.63636 	   0.53605 	    0.005484 	     0.007219 	     0.012703 
9700 	 14 	       69.641 	       80.874 	   0.63644 	   0.53596 	    0.005483 	     0.007220 	     0.012704 
9800 	 14 	       69.621 	       80.868 	   0.63652 	   0.53587 	    0.005482 	     0.007222 	     0.012704 
9900 	 14 	       69.600 	       80.862 	   0.63660 	   0.53578 	    0.005482 	     0.007224 	     0.012705 
10000 	 14 	       70.122 	       81.477 	   0.63683 	   0.53557 	    0.005465 	     0.007224 	     0.012690 
10100 	 14 	       70.131 	       81.474 	   0.63705 	   0.53576 	    0.005461 	     0.007221 	     0.012683 
10200 	 14 	       70.115 	       81.471 	   0.63714 	   0.53572 	    0.005460 	     0.007222 	     0.012682 
10300 	 14 	       70.098 	       81.468 	   0.63722 	   0.53566 	    0.005459 	     0.007223 	     0.012682 
10400 	 14 	       70.082 	       81.466 	   0.63730 	   0.53559 	    0.005458 	     0.007224 	     0.012683 
10500 	 14 	       70.066 	       81.463 	   0.63737 	   0.53552 	    0.005457 	     0.007226 	     0.012683 
10600 	 14 	       70.051 	       81.460 	   0.63745 	   0.53545 	    0.005456 	     0.007227 	     0.012683 
10700 	 14 	       70.035 	       81.457 	   0.63752 	   0.53537 	    0.005455 	     0.007228 	     0.012684 
10800 	 14 	       70.020 	       81.454 	   0.63759 	   0.53530 	    0.005455 	     0.007230 	     0.012684 
10900 	 14 	       70.005 	       81.452 	   0.63766 	   0.53522 	    0.005454 	     0.007231 	     0.012685 
11000 	 14 	       70.471 	       81.999 	   0.63785 	   0.53504 	    0.005440 	     0.007233 	     0.012673 
11100 	 14 	       70.485 	       82.000 	   0.63803 	   0.53519 	    0.005437 	     0.007230 	     0.012667 
11200 	 14 	       70.471 	       81.998 	   0.63811 	   0.53516 	    0.005436 	     0.007231 	     0.012667 
11300 	 14 	       70.458 	       81.997 	   0.63818 	   0.53511 	    0.005435 	     0.007232 	     0.012667 
11400 	 14 	       70.446 	       81.996 	   0.63825 	   0.53505 	    0.005434 	     0.007233 	     0.012667 
11500 	 14 	       70.434 	       81.994 	   0.63831 	   0.53499 	    0.005433 	     0.007234 	     0.012667 
11600 	 14 	       70.422 	       81.993 	   0.63837 	   0.53494 	    0.005432 	     0.007235 	     0.012667 
11700 	 14 	       70.411 	       81.992 	   0.63843 	   0.53487 	    0.005432 	     0.007236 	     0.012668 
11800 	 14 	       70.400 	       81.991 	   0.63849 	   0.53481 	    0.005431 	     0.007237 	     0.012668 
11900 	 14 	       70.390 	       81.990 	   0.63855 	   0.53475 	    0.005430 	     0.007238 	     0.012669 
12000 	 14 	       70.804 	       82.478 	   0.63871 	   0.53458 	    0.005419 	     0.007240 	     0.012659 
12100 	 14 	       70.822 	       82.483 	   0.63887 	   0.53471 	    0.005416 	     0.007238 	     0.012654 
12200 	 14 	       70.812 	       82.483 	   0.63894 	   0.53469 	    0.005415 	     0.007239 	     0.012654 
12300 	 14 	       70.803 	       82.484 	   0.63900 	   0.53465 	    0.005414 	     0.007240 	     0.012654 
12400 	 14 	       70.794 	       82.485 	   0.63905 	   0.53460 	    0.005413 	     0.007240 	     0.012654 
12500 	 14 	       70.786 	       82.486 	   0.63911 	   0.53456 	    0.005413 	     0.007241 	     0.012654 
12600 	 14 	       70.779 	       82.487 	   0.63916 	   0.53451 	    0.005412 	     0.007242 	     0.012654 
12700 	 14 	       70.772 	       82.488 	   0.63922 	   0.53446 	    0.005411 	     0.007243 	     0.012654 
12800 	 14 	       70.765 	       82.489 	   0.63927 	   0.53441 	    0.005411 	     0.007244 	     0.012655 
12900 	 14 	       70.758 	       82.490 	   0.63932 	   0.53436 	    0.005410 	     0.007245 	     0.012655 
13000 	 14 	       71.127 	       82.924 	   0.63946 	   0.53421 	    0.005400 	     0.007247 	     0.012648 
13100 	 14 	       71.148 	       82.933 	   0.63959 	   0.53432 	    0.005398 	     0.007246 	     0.012643 
13200 	 14 	       71.141 	       82.934 	   0.63965 	   0.53430 	    0.005397 	     0.007246 	     0.012643 
13300 	 14 	       71.134 	       82.934 	   0.63970 	   0.53427 	    0.005396 	     0.007247 	     0.012643 
13400 	 14 	       71.128 	       82.935 	   0.63975 	   0.53423 	    0.005396 	     0.007247 	     0.012643 
13500 	 14 	       71.122 	       82.936 	   0.63980 	   0.53420 	    0.005395 	     0.007248 	     0.012643 
13600 	 14 	       71.116 	       82.937 	   0.63985 	   0.53416 	    0.005395 	     0.007249 	     0.012643 
13700 	 14 	       71.111 	       82.937 	   0.63990 	   0.53412 	    0.005394 	     0.007249 	     0.012643 
13800 	 14 	       71.106 	       82.938 	   0.63994 	   0.53408 	    0.005393 	     0.007250 	     0.012644 
13900 	 14 	       71.100 	       82.938 	   0.63999 	   0.53404 	    0.005393 	     0.007251 	     0.012644 
14000 	 14 	       71.432 	       83.327 	   0.64011 	   0.53390 	    0.005384 	     0.007253 	     0.012638 
14100 	 14 	       71.453 	       83.339 	   0.64022 	   0.53400 	    0.005382 	     0.007252 	     0.012634 
14200 	 14 	       71.447 	       83.339 	   0.64027 	   0.53399 	    0.005382 	     0.007252 	     0.012634 
14300 	 14 	       71.442 	       83.339 	   0.64032 	   0.53396 	    0.005381 	     0.007253 	     0.012634 
14400 	 14 	       71.437 	       83.340 	   0.64036 	   0.53393 	    0.005380 	     0.007253 	     0.012634 
14500 	 14 	       71.432 	       83.341 	   0.64040 	   0.53390 	    0.005380 	     0.007254 	     0.012634 
14600 	 14 	       71.428 	       83.342 	   0.64044 	   0.53387 	    0.005379 	     0.007255 	     0.012634 
14700 	 14 	       71.423 	       83.343 	   0.64049 	   0.53384 	    0.005379 	     0.007255 	     0.012634 
14800 	 14 	       71.419 	       83.344 	   0.64053 	   0.53381 	    0.005378 	     0.007256 	     0.012634 
14900 	 14 	       71.415 	       83.344 	   0.64057 	   0.53378 	    0.005378 	     0.007256 	     0.012634 
15000 	 14 	       71.712 	       83.697 	   0.64067 	   0.53366 	    0.005371 	     0.007259 	     0.012630 
15100 	 14 	       71.734 	       83.712 	   0.64077 	   0.53374 	    0.005369 	     0.007258 	     0.012627 
15200 	 14 	       71.729 	       83.711 	   0.64081 	   0.53373 	    0.005368 	     0.007258 	     0.012626 
15300 	 14 	       71.725 	       83.711 	   0.64085 	   0.53371 	    0.005368 	     0.007258 	     0.012626 
15400 	 14 	       71.721 	       83.712 	   0.64089 	   0.53369 	    0.005367 	     0.007259 	     0.012626 
15500 	 14 	       71.717 	       83.713 	   0.64093 	   0.53367 	    0.005367 	     0.007259 	     0.012626 
15600 	 14 	       71.714 	       83.713 	   0.64097 	   0.53364 	    0.005366 	     0.007260 	     0.012626 
15700 	 14 	       71.711 	       83.714 	   0.64101 	   0.53362 	    0.005366 	     0.007260 	     0.012626 
15800 	 14 	       71.708 	       83.714 	   0.64104 	   0.53359 	    0.005365 	     0.007261 	     0.012626 
15900 	 14 	       71.705 	       83.714 	   0.64108 	   0.53357 	    0.005365 	     0.007261 	     0.012626 
16000 	 14 	       71.973 	       84.031 	   0.64117 	   0.53346 	    0.005359 	     0.007264 	     0.012623 
16100 	 14 	       71.997 	       84.047 	   0.64125 	   0.53353 	    0.005357 	     0.007263 	     0.012620 
16200 	 14 	       71.993 	       84.046 	   0.64130 	   0.53353 	    0.005356 	     0.007263 	     0.012619 
16300 	 14 	       71.990 	       84.046 	   0.64133 	   0.53351 	    0.005356 	     0.007263 	     0.012619 
16400 	 14 	       71.988 	       84.046 	   0.64137 	   0.53350 	    0.005356 	     0.007264 	     0.012619 
16500 	 14 	       71.985 	       84.047 	   0.64140 	   0.53348 	    0.005355 	     0.007264 	     0.012619 
16600 	 14 	       71.983 	       84.047 	   0.64144 	   0.53346 	    0.005355 	     0.007265 	     0.012619 
16700 	 14 	       71.981 	       84.047 	   0.64147 	   0.53344 	    0.005354 	     0.007265 	     0.012619 
16800 	 14 	       71.979 	       84.047 	   0.64150 	   0.53342 	    0.005354 	     0.007265 	     0.012619 
16900 	 14 	       71.976 	       84.047 	   0.64154 	   0.53340 	    0.005353 	     0.007266 	     0.012619 
17000 	 14 	       72.219 	       84.335 	   0.64162 	   0.53330 	    0.005348 	     0.007268 	     0.012616 
17100 	 14 	       72.243 	       84.351 	   0.64169 	   0.53337 	    0.005347 	     0.007267 	     0.012614 
17200 	 14 	       72.239 	       84.350 	   0.64173 	   0.53337 	    0.005346 	     0.007268 	     0.012614 
17300 	 14 	       72.237 	       84.349 	   0.64176 	   0.53336 	    0.005346 	     0.007268 	     0.012613 
17400 	 14 	       72.234 	       84.349 	   0.64179 	   0.53334 	    0.005345 	     0.007268 	     0.012613 
17500 	 14 	       72.232 	       84.349 	   0.64182 	   0.53333 	    0.005345 	     0.007268 	     0.012613 
17600 	 14 	       72.230 	       84.349 	   0.64186 	   0.53331 	    0.005344 	     0.007269 	     0.012613 
17700 	 14 	       72.228 	       84.349 	   0.64189 	   0.53330 	    0.005344 	     0.007269 	     0.012613 
17800 	 14 	       72.226 	       84.349 	   0.64192 	   0.53328 	    0.005344 	     0.007269 	     0.012613 
17900 	 14 	       72.224 	       84.349 	   0.64195 	   0.53327 	    0.005343 	     0.007270 	     0.012613 
18000 	 14 	       72.444 	       84.610 	   0.64202 	   0.53318 	    0.005339 	     0.007272 	     0.012611 
18100 	 14 	       72.467 	       84.628 	   0.64208 	   0.53324 	    0.005337 	     0.007271 	     0.012609 
18200 	 14 	       72.464 	       84.626 	   0.64212 	   0.53324 	    0.005337 	     0.007272 	     0.012608 
18300 	 14 	       72.461 	       84.625 	   0.64215 	   0.53323 	    0.005336 	     0.007272 	     0.012608 
18400 	 14 	       72.459 	       84.625 	   0.64218 	   0.53322 	    0.005336 	     0.007272 	     0.012608 
18500 	 14 	       72.456 	       84.625 	   0.64221 	   0.53321 	    0.005336 	     0.007272 	     0.012608 
18600 	 14 	       72.454 	       84.624 	   0.64224 	   0.53320 	    0.005335 	     0.007273 	     0.012608 
18700 	 14 	       72.452 	       84.624 	   0.64226 	   0.53319 	    0.005335 	     0.007273 	     0.012608 
18800 	 14 	       72.450 	       84.623 	   0.64229 	   0.53318 	    0.005335 	     0.007273 	     0.012608 
18900 	 14 	       72.448 	       84.623 	   0.64232 	   0.53317 	    0.005334 	     0.007273 	     0.012607 
19000 	 14 	       72.647 	       84.861 	   0.64238 	   0.53309 	    0.005330 	     0.007276 	     0.012606 
19100 	 14 	       72.671 	       84.880 	   0.64244 	   0.53314 	    0.005329 	     0.007275 	     0.012604 
19200 	 14 	       72.667 	       84.878 	   0.64247 	   0.53314 	    0.005328 	     0.007275 	     0.012604 
19300 	 14 	       72.664 	       84.877 	   0.64250 	   0.53314 	    0.005328 	     0.007275 	     0.012603 
19400 	 14 	       72.662 	       84.876 	   0.64253 	   0.53313 	    0.005328 	     0.007275 	     0.012603 
19500 	 14 	       72.660 	       84.876 	   0.64255 	   0.53312 	    0.005327 	     0.007276 	     0.012603 
19600 	 14 	       72.657 	       84.876 	   0.64258 	   0.53312 	    0.005327 	     0.007276 	     0.012603 
19700 	 14 	       72.655 	       84.875 	   0.64261 	   0.53311 	    0.005327 	     0.007276 	     0.012603 
19800 	 14 	       72.654 	       84.874 	   0.64263 	   0.53310 	    0.005326 	     0.007276 	     0.012603 
19900 	 14 	       72.652 	       84.874 	   0.64266 	   0.53309 	    0.005326 	     0.007277 	     0.012603 
20000 	 14 	       72.835 	       85.090 	   0.64271 	   0.53302 	    0.005322 	     0.007279 	     0.012601 
100 	 15 	       63.910 	       73.928 	   0.62210 	   0.52625 	    0.005844 	     0.007454 	     0.013298 
200 	 15 	       64.095 	       74.204 	   0.62167 	   0.52683 	    0.005841 	     0.007437 	     0.013279 
300 	 15 	       64.099 	       74.259 	   0.62181 	   0.52679 	    0.005839 	     0.007438 	     0.013277 
400 	 15 	       64.102 	       74.256 	   0.62202 	   0.52677 	    0.005837 	     0.007439 	     0.013276 
500 	 15 	       64.096 	       74.215 	   0.62223 	   0.52678 	    0.005835 	     0.007440 	     0.013275 
600 	 15 	       64.069 	       74.146 	   0.62244 	   0.52684 	    0.005835 	     0.007441 	     0.013276 
700 	 15 	       64.025 	       74.053 	   0.62264 	   0.52697 	    0.005836 	     0.007441 	     0.013277 
800 	 15 	       63.964 	       73.940 	   0.62282 	   0.52723 	    0.005838 	     0.007439 	     0.013278 
900 	 15 	       63.889 	       73.806 	   0.62298 	   0.52770 	    0.005842 	     0.007435 	     0.013277 
1000 	 15 	       64.040 	       73.890 	   0.62616 	   0.52917 	    0.005816 	     0.007415 	     0.013231 
1100 	 15 	       62.358 	       72.577 	   0.63168 	   0.53133 	    0.005815 	     0.007432 	     0.013247 
1200 	 15 	       62.220 	       72.407 	   0.63176 	   0.53100 	    0.005833 	     0.007449 	     0.013282 
1300 	 15 	       62.123 	       72.292 	   0.63170 	   0.53069 	    0.005845 	     0.007461 	     0.013306 
1400 	 15 	       62.030 	       72.192 	   0.63163 	   0.53035 	    0.005855 	     0.007472 	     0.013327 
1500 	 15 	       61.937 	       72.099 	   0.63157 	   0.53000 	    0.005863 	     0.007482 	     0.013345 
1600 	 15 	       61.847 	       72.013 	   0.63152 	   0.52966 	    0.005871 	     0.007492 	     0.013363 
1700 	 15 	       61.759 	       71.934 	   0.63149 	   0.52934 	    0.005878 	     0.007501 	     0.013379 
1800 	 15 	       61.673 	       71.858 	   0.63146 	   0.52906 	    0.005884 	     0.007510 	     0.013394 
1900 	 15 	       61.589 	       71.783 	   0.63143 	   0.52879 	    0.005890 	     0.007518 	     0.013408 
2000 	 15 	       63.091 	       73.657 	   0.63253 	   0.52832 	    0.005802 	     0.007473 	     0.013275 
2100 	 15 	       62.678 	       73.250 	   0.63380 	   0.52917 	    0.005814 	     0.007481 	     0.013294 
2200 	 15 	       62.604 	       73.185 	   0.63392 	   0.52891 	    0.005819 	     0.007489 	     0.013308 
2300 	 15 	       62.538 	       73.126 	   0.63402 	   0.52873 	    0.005822 	     0.007495 	     0.013317 
2400 	 15 	       62.475 	       73.062 	   0.63411 	   0.52858 	    0.005824 	     0.007500 	     0.013324 
2500 	 15 	       62.414 	       72.999 	   0.63419 	   0.52844 	    0.005827 	     0.007505 	     0.013332 
2600 	 15 	       62.356 	       72.939 	   0.63426 	   0.52830 	    0.005829 	     0.007510 	     0.013339 
2700 	 15 	       62.303 	       72.885 	   0.63433 	   0.52816 	    0.005831 	     0.007514 	     0.013345 
2800 	 15 	       62.254 	       72.837 	   0.63440 	   0.52802 	    0.005833 	     0.007518 	     0.013352 
2900 	 15 	       62.207 	       72.795 	   0.63447 	   0.52788 	    0.005835 	     0.007523 	     0.013358 
3000 	 15 	       63.836 	       74.790 	   0.63544 	   0.52752 	    0.005737 	     0.007473 	     0.013210 
3100 	 15 	       63.704 	       74.616 	   0.63680 	   0.52908 	    0.005723 	     0.007452 	     0.013175 
3200 	 15 	       63.665 	       74.585 	   0.63699 	   0.52906 	    0.005722 	     0.007454 	     0.013176 
3300 	 15 	       63.631 	       74.559 	   0.63714 	   0.52901 	    0.005721 	     0.007456 	     0.013177 
3400 	 15 	       63.599 	       74.536 	   0.63728 	   0.52895 	    0.005720 	     0.007458 	     0.013178 
3500 	 15 	       63.571 	       74.514 	   0.63740 	   0.52888 	    0.005719 	     0.007460 	     0.013179 
3600 	 15 	       63.545 	       74.494 	   0.63752 	   0.52882 	    0.005719 	     0.007462 	     0.013181 
3700 	 15 	       63.520 	       74.472 	   0.63763 	   0.52876 	    0.005718 	     0.007464 	     0.013182 
3800 	 15 	       63.496 	       74.450 	   0.63774 	   0.52871 	    0.005718 	     0.007465 	     0.013183 
3900 	 15 	       63.473 	       74.428 	   0.63784 	   0.52866 	    0.005717 	     0.007467 	     0.013184 
4000 	 15 	       64.962 	       76.211 	   0.63873 	   0.52845 	    0.005634 	     0.007428 	     0.013062 
4100 	 15 	       64.926 	       76.130 	   0.63989 	   0.52989 	    0.005616 	     0.007405 	     0.013021 
4200 	 15 	       64.901 	       76.111 	   0.64008 	   0.52995 	    0.005613 	     0.007404 	     0.013018 
4300 	 15 	       64.880 	       76.092 	   0.64023 	   0.52998 	    0.005612 	     0.007404 	     0.013016 
4400 	 15 	       64.861 	       76.074 	   0.64036 	   0.52999 	    0.005610 	     0.007405 	     0.013015 
4500 	 15 	       64.843 	       76.055 	   0.64049 	   0.53000 	    0.005609 	     0.007405 	     0.013014 
4600 	 15 	       64.826 	       76.035 	   0.64060 	   0.53001 	    0.005608 	     0.007405 	     0.013013 
4700 	 15 	       64.809 	       76.013 	   0.64071 	   0.53002 	    0.005607 	     0.007406 	     0.013012 
4800 	 15 	       64.792 	       75.991 	   0.64082 	   0.53004 	    0.005606 	     0.007406 	     0.013012 
4900 	 15 	       64.776 	       75.967 	   0.64092 	   0.53005 	    0.005605 	     0.007406 	     0.013011 
5000 	 15 	       66.066 	       77.494 	   0.64165 	   0.52992 	    0.005540 	     0.007378 	     0.012918 
5100 	 15 	       66.057 	       77.443 	   0.64254 	   0.53108 	    0.005524 	     0.007359 	     0.012884 
5200 	 15 	       66.038 	       77.424 	   0.64270 	   0.53117 	    0.005522 	     0.007358 	     0.012881 
5300 	 15 	       66.022 	       77.405 	   0.64282 	   0.53123 	    0.005521 	     0.007358 	     0.012878 
5400 	 15 	       66.008 	       77.387 	   0.64293 	   0.53127 	    0.005519 	     0.007357 	     0.012877 
5500 	 15 	       65.995 	       77.368 	   0.64304 	   0.53132 	    0.005518 	     0.007357 	     0.012875 
5600 	 15 	       65.981 	       77.349 	   0.64313 	   0.53135 	    0.005517 	     0.007357 	     0.012874 
5700 	 15 	       65.969 	       77.330 	   0.64323 	   0.53139 	    0.005516 	     0.007356 	     0.012873 
5800 	 15 	       65.956 	       77.310 	   0.64332 	   0.53143 	    0.005515 	     0.007356 	     0.012872 
5900 	 15 	       65.944 	       77.291 	   0.64340 	   0.53147 	    0.005515 	     0.007356 	     0.012871 
6000 	 15 	       67.037 	       78.587 	   0.64399 	   0.53137 	    0.005464 	     0.007337 	     0.012801 
6100 	 15 	       67.046 	       78.553 	   0.64464 	   0.53227 	    0.005452 	     0.007323 	     0.012775 
6200 	 15 	       67.032 	       78.533 	   0.64477 	   0.53236 	    0.005451 	     0.007322 	     0.012772 
6300 	 15 	       67.019 	       78.514 	   0.64487 	   0.53242 	    0.005450 	     0.007321 	     0.012770 
6400 	 15 	       67.009 	       78.496 	   0.64496 	   0.53247 	    0.005449 	     0.007320 	     0.012769 
6500 	 15 	       66.998 	       78.480 	   0.64504 	   0.53252 	    0.005448 	     0.007320 	     0.012767 
6600 	 15 	       66.988 	       78.463 	   0.64512 	   0.53257 	    0.005447 	     0.007319 	     0.012766 
6700 	 15 	       66.978 	       78.447 	   0.64520 	   0.53262 	    0.005446 	     0.007319 	     0.012765 
6800 	 15 	       66.968 	       78.431 	   0.64527 	   0.53266 	    0.005445 	     0.007318 	     0.012763 
6900 	 15 	       66.957 	       78.415 	   0.64534 	   0.53270 	    0.005444 	     0.007318 	     0.012762 
7000 	 15 	       67.887 	       79.512 	   0.64582 	   0.53262 	    0.005405 	     0.007306 	     0.012711 
7100 	 15 	       67.903 	       79.491 	   0.64630 	   0.53333 	    0.005396 	     0.007294 	     0.012691 
7200 	 15 	       67.890 	       79.473 	   0.64640 	   0.53340 	    0.005395 	     0.007293 	     0.012688 
7300 	 15 	       67.879 	       79.458 	   0.64648 	   0.53345 	    0.005394 	     0.007293 	     0.012687 
7400 	 15 	       67.870 	       79.443 	   0.64655 	   0.53350 	    0.005393 	     0.007292 	     0.012685 
7500 	 15 	       67.860 	       79.429 	   0.64662 	   0.53354 	    0.005392 	     0.007292 	     0.012684 
7600 	 15 	       67.852 	       79.415 	   0.64669 	   0.53359 	    0.005392 	     0.007291 	     0.012683 
7700 	 15 	       67.843 	       79.401 	   0.64675 	   0.53363 	    0.005391 	     0.007291 	     0.012682 
7800 	 15 	       67.835 	       79.388 	   0.64682 	   0.53367 	    0.005390 	     0.007290 	     0.012680 
7900 	 15 	       67.827 	       79.375 	   0.64688 	   0.53370 	    0.005389 	     0.007290 	     0.012679 
8000 	 15 	       68.616 	       80.305 	   0.64726 	   0.53362 	    0.005359 	     0.007282 	     0.012641 
8100 	 15 	       68.637 	       80.297 	   0.64762 	   0.53417 	    0.005352 	     0.007273 	     0.012626 
8200 	 15 	       68.626 	       80.282 	   0.64771 	   0.53422 	    0.005351 	     0.007273 	     0.012624 
8300 	 15 	       68.616 	       80.270 	   0.64778 	   0.53426 	    0.005350 	     0.007272 	     0.012623 
8400 	 15 	       68.608 	       80.260 	   0.64784 	   0.53430 	    0.005349 	     0.007272 	     0.012621 
8500 	 15 	       68.601 	       80.249 	   0.64790 	   0.53433 	    0.005349 	     0.007272 	     0.012620 
8600 	 15 	       68.594 	       80.239 	   0.64796 	   0.53436 	    0.005348 	     0.007271 	     0.012619 
8700 	 15 	       68.587 	       80.229 	   0.64801 	   0.53439 	    0.005347 	     0.007271 	     0.012618 
8800 	 15 	       68.580 	       80.219 	   0.64807 	   0.53442 	    0.005347 	     0.007271 	     0.012618 
8900 	 15 	       68.573 	       80.210 	   0.64812 	   0.53444 	    0.005346 	     0.007270 	     0.012617 
9000 	 15 	       69.246 	       81.022 	   0.64843 	   0.53435 	    0.005322 	     0.007266 	     0.012588 
9100 	 15 	       69.267 	       81.027 	   0.64871 	   0.53479 	    0.005317 	     0.007259 	     0.012576 
9200 	 15 	       69.256 	       81.016 	   0.64878 	   0.53482 	    0.005316 	     0.007259 	     0.012574 
9300 	 15 	       69.248 	       81.006 	   0.64884 	   0.53484 	    0.005315 	     0.007259 	     0.012574 
9400 	 15 	       69.240 	       80.997 	   0.64890 	   0.53486 	    0.005314 	     0.007258 	     0.012573 
9500 	 15 	       69.233 	       80.988 	   0.64895 	   0.53488 	    0.005314 	     0.007258 	     0.012572 
9600 	 15 	       69.226 	       80.980 	   0.64900 	   0.53490 	    0.005313 	     0.007258 	     0.012571 
9700 	 15 	       69.220 	       80.971 	   0.64905 	   0.53492 	    0.005313 	     0.007258 	     0.012570 
9800 	 15 	       69.213 	       80.963 	   0.64910 	   0.53493 	    0.005312 	     0.007258 	     0.012570 
9900 	 15 	       69.207 	       80.954 	   0.64915 	   0.53494 	    0.005311 	     0.007258 	     0.012569 
10000 	 15 	       69.786 	       81.652 	   0.64940 	   0.53485 	    0.005292 	     0.007256 	     0.012547 
10100 	 15 	       69.808 	       81.659 	   0.64963 	   0.53519 	    0.005288 	     0.007250 	     0.012538 
10200 	 15 	       69.798 	       81.648 	   0.64969 	   0.53522 	    0.005287 	     0.007250 	     0.012537 
10300 	 15 	       69.790 	       81.639 	   0.64974 	   0.53523 	    0.005286 	     0.007250 	     0.012536 
10400 	 15 	       69.783 	       81.630 	   0.64979 	   0.53524 	    0.005286 	     0.007250 	     0.012535 
10500 	 15 	       69.776 	       81.621 	   0.64984 	   0.53524 	    0.005285 	     0.007250 	     0.012535 
10600 	 15 	       69.770 	       81.613 	   0.64988 	   0.53525 	    0.005285 	     0.007250 	     0.012534 
10700 	 15 	       69.764 	       81.605 	   0.64993 	   0.53526 	    0.005284 	     0.007250 	     0.012534 
10800 	 15 	       69.757 	       81.598 	   0.64997 	   0.53526 	    0.005284 	     0.007250 	     0.012533 
10900 	 15 	       69.751 	       81.590 	   0.65002 	   0.53527 	    0.005283 	     0.007250 	     0.012533 
11000 	 15 	       70.255 	       82.193 	   0.65022 	   0.53517 	    0.005267 	     0.007249 	     0.012516 
11100 	 15 	       70.278 	       82.204 	   0.65041 	   0.53545 	    0.005264 	     0.007245 	     0.012508 
11200 	 15 	       70.269 	       82.193 	   0.65046 	   0.53546 	    0.005263 	     0.007244 	     0.012507 
11300 	 15 	       70.261 	       82.185 	   0.65051 	   0.53547 	    0.005262 	     0.007245 	     0.012507 
11400 	 15 	       70.255 	       82.178 	   0.65055 	   0.53547 	    0.005262 	     0.007245 	     0.012506 
11500 	 15 	       70.249 	       82.170 	   0.65059 	   0.53547 	    0.005261 	     0.007245 	     0.012506 
11600 	 15 	       70.244 	       82.163 	   0.65063 	   0.53547 	    0.005261 	     0.007245 	     0.012506 
11700 	 15 	       70.238 	       82.156 	   0.65067 	   0.53547 	    0.005260 	     0.007245 	     0.012505 
11800 	 15 	       70.233 	       82.148 	   0.65071 	   0.53547 	    0.005260 	     0.007245 	     0.012505 
11900 	 15 	       70.228 	       82.141 	   0.65075 	   0.53547 	    0.005259 	     0.007245 	     0.012504 
12000 	 15 	       70.667 	       82.665 	   0.65092 	   0.53537 	    0.005246 	     0.007245 	     0.012492 
12100 	 15 	       70.692 	       82.679 	   0.65108 	   0.53560 	    0.005243 	     0.007242 	     0.012485 
12200 	 15 	       70.684 	       82.669 	   0.65112 	   0.53561 	    0.005243 	     0.007242 	     0.012484 
12300 	 15 	       70.678 	       82.662 	   0.65116 	   0.53561 	    0.005242 	     0.007242 	     0.012484 
12400 	 15 	       70.673 	       82.654 	   0.65120 	   0.53561 	    0.005242 	     0.007242 	     0.012484 
12500 	 15 	       70.669 	       82.647 	   0.65124 	   0.53560 	    0.005241 	     0.007242 	     0.012483 
12600 	 15 	       70.664 	       82.640 	   0.65128 	   0.53560 	    0.005241 	     0.007242 	     0.012483 
12700 	 15 	       70.660 	       82.633 	   0.65132 	   0.53560 	    0.005240 	     0.007242 	     0.012483 
12800 	 15 	       70.656 	       82.627 	   0.65135 	   0.53559 	    0.005240 	     0.007242 	     0.012482 
12900 	 15 	       70.652 	       82.620 	   0.65139 	   0.53559 	    0.005240 	     0.007242 	     0.012482 
13000 	 15 	       71.037 	       83.078 	   0.65153 	   0.53550 	    0.005229 	     0.007244 	     0.012472 
13100 	 15 	       71.064 	       83.094 	   0.65166 	   0.53569 	    0.005226 	     0.007240 	     0.012467 
13200 	 15 	       71.057 	       83.085 	   0.65170 	   0.53569 	    0.005226 	     0.007240 	     0.012466 
13300 	 15 	       71.051 	       83.078 	   0.65174 	   0.53569 	    0.005225 	     0.007241 	     0.012466 
13400 	 15 	       71.046 	       83.071 	   0.65178 	   0.53568 	    0.005225 	     0.007241 	     0.012465 
13500 	 15 	       71.042 	       83.064 	   0.65181 	   0.53568 	    0.005224 	     0.007241 	     0.012465 
13600 	 15 	       71.038 	       83.058 	   0.65184 	   0.53567 	    0.005224 	     0.007241 	     0.012465 
13700 	 15 	       71.034 	       83.052 	   0.65188 	   0.53567 	    0.005223 	     0.007241 	     0.012465 
13800 	 15 	       71.030 	       83.047 	   0.65191 	   0.53566 	    0.005223 	     0.007241 	     0.012464 
13900 	 15 	       71.027 	       83.041 	   0.65194 	   0.53566 	    0.005223 	     0.007241 	     0.012464 
14000 	 15 	       71.365 	       83.445 	   0.65207 	   0.53557 	    0.005214 	     0.007243 	     0.012456 
14100 	 15 	       71.392 	       83.464 	   0.65217 	   0.53573 	    0.005211 	     0.007240 	     0.012452 
14200 	 15 	       71.386 	       83.457 	   0.65221 	   0.53574 	    0.005211 	     0.007240 	     0.012451 
14300 	 15 	       71.381 	       83.452 	   0.65224 	   0.53573 	    0.005210 	     0.007240 	     0.012451 
14400 	 15 	       71.377 	       83.446 	   0.65228 	   0.53572 	    0.005210 	     0.007241 	     0.012451 
14500 	 15 	       71.373 	       83.442 	   0.65231 	   0.53572 	    0.005210 	     0.007241 	     0.012450 
14600 	 15 	       71.369 	       83.437 	   0.65234 	   0.53571 	    0.005209 	     0.007241 	     0.012450 
14700 	 15 	       71.366 	       83.432 	   0.65237 	   0.53571 	    0.005209 	     0.007241 	     0.012450 
14800 	 15 	       71.363 	       83.428 	   0.65240 	   0.53570 	    0.005209 	     0.007241 	     0.012450 
14900 	 15 	       71.360 	       83.424 	   0.65243 	   0.53570 	    0.005208 	     0.007241 	     0.012449 
15000 	 15 	       71.661 	       83.785 	   0.65254 	   0.53561 	    0.005200 	     0.007243 	     0.012443 
15100 	 15 	       71.688 	       83.805 	   0.65263 	   0.53575 	    0.005199 	     0.007241 	     0.012439 
15200 	 15 	       71.683 	       83.798 	   0.65266 	   0.53575 	    0.005198 	     0.007241 	     0.012439 
15300 	 15 	       71.679 	       83.793 	   0.65269 	   0.53575 	    0.005198 	     0.007241 	     0.012439 
15400 	 15 	       71.675 	       83.789 	   0.65272 	   0.53574 	    0.005197 	     0.007241 	     0.012438 
15500 	 15 	       71.672 	       83.784 	   0.65275 	   0.53573 	    0.005197 	     0.007241 	     0.012438 
15600 	 15 	       71.669 	       83.780 	   0.65278 	   0.53573 	    0.005197 	     0.007241 	     0.012438 
15700 	 15 	       71.667 	       83.776 	   0.65281 	   0.53572 	    0.005196 	     0.007241 	     0.012438 
15800 	 15 	       71.664 	       83.772 	   0.65284 	   0.53572 	    0.005196 	     0.007242 	     0.012437 
15900 	 15 	       71.662 	       83.768 	   0.65287 	   0.53571 	    0.005195 	     0.007242 	     0.012437 
16000 	 15 	       71.932 	       84.089 	   0.65295 	   0.53563 	    0.005189 	     0.007244 	     0.012433 
16100 	 15 	       71.960 	       84.111 	   0.65303 	   0.53575 	    0.005187 	     0.007242 	     0.012429 
16200 	 15 	       71.956 	       84.105 	   0.65306 	   0.53575 	    0.005187 	     0.007242 	     0.012429 
16300 	 15 	       71.953 	       84.100 	   0.65309 	   0.53575 	    0.005186 	     0.007242 	     0.012428 
16400 	 15 	       71.950 	       84.096 	   0.65312 	   0.53574 	    0.005186 	     0.007242 	     0.012428 
16500 	 15 	       71.948 	       84.092 	   0.65315 	   0.53574 	    0.005186 	     0.007242 	     0.012428 
16600 	 15 	       71.945 	       84.088 	   0.65317 	   0.53573 	    0.005185 	     0.007242 	     0.012428 
16700 	 15 	       71.943 	       84.085 	   0.65320 	   0.53572 	    0.005185 	     0.007242 	     0.012427 
16800 	 15 	       71.942 	       84.081 	   0.65323 	   0.53572 	    0.005185 	     0.007242 	     0.012427 
16900 	 15 	       71.940 	       84.078 	   0.65325 	   0.53571 	    0.005184 	     0.007243 	     0.012427 
17000 	 15 	       72.182 	       84.367 	   0.65333 	   0.53564 	    0.005179 	     0.007245 	     0.012423 
17100 	 15 	       72.211 	       84.390 	   0.65340 	   0.53574 	    0.005177 	     0.007243 	     0.012420 
17200 	 15 	       72.208 	       84.385 	   0.65343 	   0.53574 	    0.005177 	     0.007243 	     0.012420 
17300 	 15 	       72.205 	       84.381 	   0.65345 	   0.53574 	    0.005177 	     0.007243 	     0.012420 
17400 	 15 	       72.203 	       84.378 	   0.65348 	   0.53573 	    0.005176 	     0.007243 	     0.012420 
17500 	 15 	       72.201 	       84.375 	   0.65350 	   0.53573 	    0.005176 	     0.007243 	     0.012419 
17600 	 15 	       72.199 	       84.373 	   0.65353 	   0.53572 	    0.005176 	     0.007243 	     0.012419 
17700 	 15 	       72.198 	       84.370 	   0.65355 	   0.53572 	    0.005175 	     0.007244 	     0.012419 
17800 	 15 	       72.196 	       84.367 	   0.65358 	   0.53571 	    0.005175 	     0.007244 	     0.012419 
17900 	 15 	       72.194 	       84.365 	   0.65360 	   0.53571 	    0.005175 	     0.007244 	     0.012418 
18000 	 15 	       72.413 	       84.625 	   0.65367 	   0.53564 	    0.005170 	     0.007246 	     0.012416 
18100 	 15 	       72.442 	       84.650 	   0.65373 	   0.53572 	    0.005168 	     0.007244 	     0.012413 
18200 	 15 	       72.439 	       84.645 	   0.65375 	   0.53573 	    0.005168 	     0.007244 	     0.012413 
18300 	 15 	       72.436 	       84.642 	   0.65378 	   0.53572 	    0.005168 	     0.007245 	     0.012412 
18400 	 15 	       72.435 	       84.640 	   0.65380 	   0.53572 	    0.005168 	     0.007245 	     0.012412 
18500 	 15 	       72.434 	       84.637 	   0.65383 	   0.53571 	    0.005167 	     0.007245 	     0.012412 
18600 	 15 	       72.433 	       84.634 	   0.65385 	   0.53571 	    0.005167 	     0.007245 	     0.012412 
18700 	 15 	       72.432 	       84.632 	   0.65387 	   0.53570 	    0.005167 	     0.007245 	     0.012412 
18800 	 15 	       72.431 	       84.630 	   0.65389 	   0.53570 	    0.005166 	     0.007245 	     0.012411 
18900 	 15 	       72.430 	       84.628 	   0.65392 	   0.53569 	    0.005166 	     0.007245 	     0.012411 
19000 	 15 	       72.628 	       84.864 	   0.65397 	   0.53563 	    0.005162 	     0.007247 	     0.012409 
19100 	 15 	       72.658 	       84.889 	   0.65403 	   0.53570 	    0.005161 	     0.007246 	     0.012407 
19200 	 15 	       72.656 	       84.886 	   0.65405 	   0.53571 	    0.005160 	     0.007246 	     0.012406 
19300 	 15 	       72.654 	       84.883 	   0.65407 	   0.53570 	    0.005160 	     0.007246 	     0.012406 
19400 	 15 	       72.653 	       84.881 	   0.65410 	   0.53570 	    0.005160 	     0.007246 	     0.012406 
19500 	 15 	       72.652 	       84.879 	   0.65412 	   0.53570 	    0.005159 	     0.007246 	     0.012406 
19600 	 15 	       72.651 	       84.877 	   0.65414 	   0.53569 	    0.005159 	     0.007246 	     0.012406 
19700 	 15 	       72.651 	       84.875 	   0.65416 	   0.53569 	    0.005159 	     0.007247 	     0.012405 
19800 	 15 	       72.650 	       84.873 	   0.65418 	   0.53568 	    0.005159 	     0.007247 	     0.012405 
19900 	 15 	       72.650 	       84.872 	   0.65420 	   0.53568 	    0.005158 	     0.007247 	     0.012405 
20000 	 15 	       72.829 	       85.087 	   0.65425 	   0.53562 	    0.005155 	     0.007249 	     0.012403 
100 	 16 	       61.178 	       70.523 	   0.62818 	   0.53016 	    0.005902 	     0.007509 	     0.013411 
