    8      6     50      1  9723   4855 
    0.700      0.400   20000  100      0.000      0.000    100     16 
    0.990 	     0.010 
   2 
    1.9875e+000   0.0000e+000  
  5.7000e+001  -8.0000e+000  
  4.4837e+000   0.0000e+000  
  1.8824e+002   1.7539e+002  
  1.0000e+000   0.0000e+000  
  1.0000e+000   0.0000e+000  
  1.0000e+000   0.0000e+000  
  1.0000e+000   0.0000e+000  
   2.6556e+002   0.0000e+000  
  itr    nh   avger[]   r2avg    mare[] 
100  16 1.160e+002   3.371e-001  1.000e+001 6.952e+002 
100  16 1.239e+002   5.555e-003  1.000e+003 8.089e+002 
   1  3.3706e-001   6.9519e+002   4.9024e+007   1.1597e+000 
  4.6449e+001   7.0504e-001 
   1  5.5547e-003   8.0886e+002   5.7040e+007   1.2394e+000 
  1.4523e+001   8.8054e-002 
