 Normalized SSE per output and pattern 
Itr 	 HN 	 MARE-tr 	 MARE-ts 	 R2tr 	 R2ts 	 SSENtr 	 SSENts	 SSENcomb
100 	 13 	       43.397 	       41.951 	   0.87132 	   0.87073 	    0.018390 	     0.018422 	     0.036812 
200 	 13 	       34.865 	       33.626 	   0.89039 	   0.89015 	    0.011404 	     0.011413 	     0.022818 
300 	 13 	       37.507 	       36.452 	   0.88322 	   0.88331 	    0.013494 	     0.013471 	     0.026966 
400 	 13 	       35.687 	       34.734 	   0.87708 	   0.87737 	    0.012910 	     0.012872 	     0.025782 
500 	 13 	       33.299 	       32.278 	   0.87919 	   0.87941 	    0.011898 	     0.011869 	     0.023767 
600 	 13 	       33.474 	       32.299 	   0.87778 	   0.87804 	    0.011971 	     0.011936 	     0.023907 
700 	 13 	       32.292 	       31.191 	   0.87927 	   0.87953 	    0.011218 	     0.011183 	     0.022401 
800 	 13 	       30.639 	       29.578 	   0.88299 	   0.88323 	    0.010314 	     0.010286 	     0.020600 
900 	 13 	       29.428 	       28.430 	   0.88753 	   0.88770 	    0.010139 	     0.010119 	     0.020258 
1000 	 13 	       31.724 	       30.629 	   0.88699 	   0.88731 	    0.011537 	     0.011503 	     0.023039 
1100 	 13 	       31.214 	       30.148 	   0.89443 	   0.89515 	    0.011468 	     0.011400 	     0.022869 
1200 	 13 	       30.335 	       29.250 	   0.89837 	   0.89915 	    0.010621 	     0.010548 	     0.021169 
1300 	 13 	       29.787 	       28.692 	   0.90052 	   0.90127 	    0.010163 	     0.010090 	     0.020252 
1400 	 13 	       29.517 	       28.439 	   0.89999 	   0.90072 	    0.010036 	     0.009963 	     0.019999 
1500 	 13 	       29.558 	       28.518 	   0.89856 	   0.89926 	    0.010027 	     0.009954 	     0.019981 
1600 	 13 	       29.350 	       28.346 	   0.89857 	   0.89925 	    0.009898 	     0.009826 	     0.019724 
1700 	 13 	       29.058 	       28.087 	   0.89967 	   0.90035 	    0.009685 	     0.009613 	     0.019297 
1800 	 13 	       28.931 	       27.989 	   0.90082 	   0.90150 	    0.009514 	     0.009442 	     0.018956 
1900 	 13 	       28.932 	       28.006 	   0.90144 	   0.90210 	    0.009467 	     0.009395 	     0.018862 
2000 	 13 	       30.181 	       29.222 	   0.90202 	   0.90257 	    0.010063 	     0.009998 	     0.020061 
2100 	 13 	       29.511 	       28.594 	   0.90460 	   0.90522 	    0.009624 	     0.009553 	     0.019178 
2200 	 13 	       29.704 	       28.794 	   0.90580 	   0.90635 	    0.009721 	     0.009653 	     0.019374 
2300 	 13 	       29.545 	       28.645 	   0.90762 	   0.90811 	    0.009663 	     0.009599 	     0.019262 
2400 	 13 	       29.364 	       28.456 	   0.90978 	   0.91021 	    0.009530 	     0.009470 	     0.019000 
2500 	 13 	       28.969 	       28.054 	   0.91298 	   0.91336 	    0.009153 	     0.009097 	     0.018251 
2600 	 13 	       28.246 	       27.321 	   0.91685 	   0.91721 	    0.008552 	     0.008500 	     0.017052 
2700 	 13 	       27.624 	       26.708 	   0.91960 	   0.91996 	    0.008083 	     0.008033 	     0.016116 
2800 	 13 	       27.243 	       26.350 	   0.92127 	   0.92166 	    0.007817 	     0.007767 	     0.015584 
2900 	 13 	       26.891 	       26.022 	   0.92278 	   0.92319 	    0.007590 	     0.007538 	     0.015128 
3000 	 13 	       27.324 	       26.458 	   0.92410 	   0.92449 	    0.007655 	     0.007605 	     0.015260 
3100 	 13 	       26.103 	       25.278 	   0.92701 	   0.92748 	    0.007042 	     0.006989 	     0.014031 
3200 	 13 	       25.789 	       24.945 	   0.92812 	   0.92860 	    0.006837 	     0.006783 	     0.013621 
3300 	 13 	       25.502 	       24.635 	   0.92905 	   0.92956 	    0.006660 	     0.006605 	     0.013264 
3400 	 13 	       25.231 	       24.359 	   0.92998 	   0.93051 	    0.006505 	     0.006448 	     0.012953 
3500 	 13 	       24.979 	       24.091 	   0.93092 	   0.93148 	    0.006376 	     0.006318 	     0.012695 
3600 	 13 	       24.758 	       23.831 	   0.93184 	   0.93243 	    0.006273 	     0.006213 	     0.012486 
3700 	 13 	       24.565 	       23.605 	   0.93271 	   0.93332 	    0.006190 	     0.006128 	     0.012318 
3800 	 13 	       24.400 	       23.412 	   0.93348 	   0.93411 	    0.006124 	     0.006062 	     0.012186 
3900 	 13 	       24.253 	       23.247 	   0.93414 	   0.93479 	    0.006075 	     0.006011 	     0.012086 
4000 	 13 	       24.646 	       23.617 	   0.93424 	   0.93488 	    0.006202 	     0.006139 	     0.012341 
4100 	 13 	       23.933 	       22.923 	   0.93596 	   0.93665 	    0.005891 	     0.005826 	     0.011716 
4200 	 13 	       23.782 	       22.780 	   0.93657 	   0.93727 	    0.005841 	     0.005775 	     0.011616 
4300 	 13 	       23.652 	       22.660 	   0.93708 	   0.93779 	    0.005802 	     0.005737 	     0.011539 
4400 	 13 	       23.526 	       22.538 	   0.93760 	   0.93830 	    0.005763 	     0.005698 	     0.011461 
4500 	 13 	       23.397 	       22.414 	   0.93815 	   0.93885 	    0.005721 	     0.005656 	     0.011377 
4600 	 13 	       23.265 	       22.290 	   0.93874 	   0.93943 	    0.005676 	     0.005611 	     0.011287 
4700 	 13 	       23.134 	       22.171 	   0.93935 	   0.94004 	    0.005629 	     0.005565 	     0.011193 
4800 	 13 	       23.003 	       22.053 	   0.93996 	   0.94064 	    0.005581 	     0.005518 	     0.011099 
4900 	 13 	       22.870 	       21.936 	   0.94054 	   0.94121 	    0.005534 	     0.005472 	     0.011006 
5000 	 13 	       22.986 	       22.067 	   0.94106 	   0.94171 	    0.005537 	     0.005476 	     0.011013 
5100 	 13 	       22.423 	       21.531 	   0.94253 	   0.94319 	    0.005284 	     0.005224 	     0.010508 
5200 	 13 	       22.307 	       21.425 	   0.94305 	   0.94371 	    0.005238 	     0.005178 	     0.010416 
5300 	 13 	       22.200 	       21.328 	   0.94349 	   0.94413 	    0.005200 	     0.005141 	     0.010341 
5400 	 13 	       22.096 	       21.232 	   0.94386 	   0.94450 	    0.005166 	     0.005108 	     0.010274 
5500 	 13 	       22.001 	       21.144 	   0.94418 	   0.94482 	    0.005135 	     0.005078 	     0.010213 
5600 	 13 	       21.917 	       21.069 	   0.94445 	   0.94508 	    0.005108 	     0.005051 	     0.010158 
5700 	 13 	       21.840 	       21.002 	   0.94468 	   0.94531 	    0.005084 	     0.005027 	     0.010110 
5800 	 13 	       21.771 	       20.944 	   0.94487 	   0.94549 	    0.005062 	     0.005006 	     0.010068 
5900 	 13 	       21.713 	       20.894 	   0.94503 	   0.94564 	    0.005043 	     0.004988 	     0.010031 
6000 	 13 	       21.817 	       21.000 	   0.94530 	   0.94588 	    0.005043 	     0.004989 	     0.010032 
6100 	 13 	       21.422 	       20.624 	   0.94630 	   0.94689 	    0.004859 	     0.004806 	     0.009665 
6200 	 13 	       21.370 	       20.579 	   0.94648 	   0.94707 	    0.004836 	     0.004783 	     0.009619 
6300 	 13 	       21.331 	       20.549 	   0.94660 	   0.94720 	    0.004820 	     0.004767 	     0.009587 
6400 	 13 	       21.295 	       20.521 	   0.94670 	   0.94729 	    0.004805 	     0.004753 	     0.009559 
6500 	 13 	       21.260 	       20.495 	   0.94679 	   0.94737 	    0.004792 	     0.004740 	     0.009532 
6600 	 13 	       21.226 	       20.468 	   0.94686 	   0.94745 	    0.004780 	     0.004728 	     0.009508 
6700 	 13 	       21.191 	       20.440 	   0.94692 	   0.94751 	    0.004768 	     0.004716 	     0.009484 
6800 	 13 	       21.156 	       20.412 	   0.94698 	   0.94756 	    0.004756 	     0.004705 	     0.009461 
6900 	 13 	       21.121 	       20.383 	   0.94702 	   0.94761 	    0.004745 	     0.004694 	     0.009439 
7000 	 13 	       21.179 	       20.441 	   0.94730 	   0.94787 	    0.004731 	     0.004680 	     0.009411 
7100 	 13 	       20.872 	       20.150 	   0.94819 	   0.94877 	    0.004580 	     0.004530 	     0.009110 
7200 	 13 	       20.824 	       20.107 	   0.94832 	   0.94890 	    0.004560 	     0.004510 	     0.009070 
7300 	 13 	       20.788 	       20.075 	   0.94839 	   0.94898 	    0.004546 	     0.004496 	     0.009041 
7400 	 13 	       20.755 	       20.047 	   0.94845 	   0.94904 	    0.004534 	     0.004483 	     0.009017 
7500 	 13 	       20.724 	       20.020 	   0.94849 	   0.94908 	    0.004523 	     0.004473 	     0.008996 
7600 	 13 	       20.695 	       19.994 	   0.94853 	   0.94912 	    0.004513 	     0.004463 	     0.008976 
7700 	 13 	       20.667 	       19.970 	   0.94856 	   0.94915 	    0.004505 	     0.004454 	     0.008959 
7800 	 13 	       20.641 	       19.947 	   0.94857 	   0.94917 	    0.004497 	     0.004446 	     0.008943 
7900 	 13 	       20.616 	       19.925 	   0.94859 	   0.94919 	    0.004490 	     0.004439 	     0.008929 
8000 	 13 	       20.633 	       19.944 	   0.94888 	   0.94947 	    0.004463 	     0.004414 	     0.008877 
8100 	 13 	       20.411 	       19.734 	   0.94970 	   0.95029 	    0.004338 	     0.004289 	     0.008627 
8200 	 13 	       20.375 	       19.699 	   0.94980 	   0.95039 	    0.004322 	     0.004273 	     0.008595 
8300 	 13 	       20.350 	       19.675 	   0.94984 	   0.95044 	    0.004312 	     0.004262 	     0.008574 
8400 	 13 	       20.327 	       19.655 	   0.94987 	   0.95047 	    0.004304 	     0.004254 	     0.008558 
8500 	 13 	       20.307 	       19.637 	   0.94988 	   0.95049 	    0.004297 	     0.004247 	     0.008545 
8600 	 13 	       20.288 	       19.620 	   0.94989 	   0.95050 	    0.004292 	     0.004242 	     0.008533 
8700 	 13 	       20.271 	       19.604 	   0.94989 	   0.95050 	    0.004287 	     0.004237 	     0.008524 
8800 	 13 	       20.254 	       19.589 	   0.94988 	   0.95050 	    0.004283 	     0.004233 	     0.008516 
8900 	 13 	       20.239 	       19.574 	   0.94987 	   0.95049 	    0.004280 	     0.004229 	     0.008509 
9000 	 13 	       20.229 	       19.565 	   0.95017 	   0.95078 	    0.004246 	     0.004196 	     0.008442 
9100 	 13 	       20.047 	       19.392 	   0.95092 	   0.95153 	    0.004141 	     0.004091 	     0.008232 
9200 	 13 	       20.018 	       19.362 	   0.95099 	   0.95160 	    0.004129 	     0.004080 	     0.008209 
9300 	 13 	       19.997 	       19.343 	   0.95101 	   0.95163 	    0.004122 	     0.004073 	     0.008195 
9400 	 13 	       19.979 	       19.327 	   0.95101 	   0.95164 	    0.004118 	     0.004068 	     0.008186 
9500 	 13 	       19.963 	       19.313 	   0.95101 	   0.95164 	    0.004115 	     0.004065 	     0.008179 
9600 	 13 	       19.949 	       19.301 	   0.95100 	   0.95163 	    0.004112 	     0.004062 	     0.008174 
9700 	 13 	       19.936 	       19.290 	   0.95098 	   0.95161 	    0.004110 	     0.004060 	     0.008170 
9800 	 13 	       19.923 	       19.279 	   0.95096 	   0.95159 	    0.004109 	     0.004058 	     0.008167 
9900 	 13 	       19.911 	       19.270 	   0.95093 	   0.95157 	    0.004108 	     0.004057 	     0.008165 
10000 	 13 	       19.879 	       19.240 	   0.95121 	   0.95184 	    0.004070 	     0.004020 	     0.008090 
10100 	 13 	       19.723 	       19.089 	   0.95192 	   0.95255 	    0.003979 	     0.003930 	     0.007909 
10200 	 13 	       19.697 	       19.065 	   0.95198 	   0.95260 	    0.003970 	     0.003921 	     0.007891 
10300 	 13 	       19.678 	       19.048 	   0.95199 	   0.95262 	    0.003966 	     0.003916 	     0.007882 
10400 	 13 	       19.663 	       19.035 	   0.95199 	   0.95262 	    0.003963 	     0.003913 	     0.007876 
10500 	 13 	       19.648 	       19.022 	   0.95198 	   0.95261 	    0.003961 	     0.003911 	     0.007871 
10600 	 13 	       19.635 	       19.011 	   0.95197 	   0.95260 	    0.003959 	     0.003909 	     0.007868 
10700 	 13 	       19.622 	       19.000 	   0.95195 	   0.95259 	    0.003958 	     0.003908 	     0.007866 
10800 	 13 	       19.609 	       18.990 	   0.95193 	   0.95257 	    0.003957 	     0.003907 	     0.007864 
10900 	 13 	       19.596 	       18.980 	   0.95192 	   0.95256 	    0.003956 	     0.003906 	     0.007862 
11000 	 13 	       19.545 	       18.934 	   0.95218 	   0.95281 	    0.003916 	     0.003866 	     0.007783 
11100 	 13 	       19.406 	       18.798 	   0.95288 	   0.95350 	    0.003834 	     0.003785 	     0.007619 
11200 	 13 	       19.379 	       18.772 	   0.95294 	   0.95357 	    0.003826 	     0.003777 	     0.007602 
11300 	 13 	       19.360 	       18.755 	   0.95296 	   0.95359 	    0.003821 	     0.003772 	     0.007593 
11400 	 13 	       19.342 	       18.740 	   0.95298 	   0.95360 	    0.003818 	     0.003768 	     0.007586 
11500 	 13 	       19.326 	       18.727 	   0.95298 	   0.95361 	    0.003815 	     0.003765 	     0.007580 
11600 	 13 	       19.311 	       18.714 	   0.95299 	   0.95362 	    0.003812 	     0.003763 	     0.007575 
11700 	 13 	       19.296 	       18.702 	   0.95299 	   0.95362 	    0.003810 	     0.003761 	     0.007571 
11800 	 13 	       19.282 	       18.689 	   0.95299 	   0.95362 	    0.003808 	     0.003759 	     0.007567 
11900 	 13 	       19.267 	       18.677 	   0.95299 	   0.95362 	    0.003806 	     0.003757 	     0.007563 
12000 	 13 	       19.205 	       18.619 	   0.95325 	   0.95387 	    0.003765 	     0.003716 	     0.007481 
12100 	 13 	       19.082 	       18.498 	   0.95394 	   0.95455 	    0.003689 	     0.003641 	     0.007331 
12200 	 13 	       19.057 	       18.473 	   0.95401 	   0.95462 	    0.003681 	     0.003633 	     0.007313 
12300 	 13 	       19.037 	       18.453 	   0.95405 	   0.95466 	    0.003675 	     0.003627 	     0.007302 
12400 	 13 	       19.019 	       18.436 	   0.95407 	   0.95469 	    0.003671 	     0.003623 	     0.007294 
12500 	 13 	       19.003 	       18.419 	   0.95409 	   0.95471 	    0.003667 	     0.003619 	     0.007286 
12600 	 13 	       18.990 	       18.405 	   0.95411 	   0.95473 	    0.003664 	     0.003616 	     0.007280 
12700 	 13 	       18.979 	       18.391 	   0.95412 	   0.95474 	    0.003661 	     0.003613 	     0.007274 
12800 	 13 	       18.968 	       18.379 	   0.95413 	   0.95475 	    0.003658 	     0.003610 	     0.007268 
12900 	 13 	       18.957 	       18.368 	   0.95414 	   0.95476 	    0.003656 	     0.003607 	     0.007263 
13000 	 13 	       18.898 	       18.310 	   0.95439 	   0.95501 	    0.003615 	     0.003567 	     0.007183 
13100 	 13 	       18.791 	       18.200 	   0.95507 	   0.95567 	    0.003545 	     0.003498 	     0.007044 
13200 	 13 	       18.772 	       18.178 	   0.95514 	   0.95575 	    0.003537 	     0.003490 	     0.007027 
13300 	 13 	       18.758 	       18.163 	   0.95519 	   0.95579 	    0.003531 	     0.003484 	     0.007015 
13400 	 13 	       18.745 	       18.151 	   0.95522 	   0.95583 	    0.003526 	     0.003479 	     0.007005 
13500 	 13 	       18.734 	       18.139 	   0.95525 	   0.95586 	    0.003522 	     0.003474 	     0.006996 
13600 	 13 	       18.723 	       18.129 	   0.95528 	   0.95588 	    0.003518 	     0.003471 	     0.006989 
13700 	 13 	       18.712 	       18.119 	   0.95530 	   0.95591 	    0.003515 	     0.003467 	     0.006981 
13800 	 13 	       18.702 	       18.110 	   0.95532 	   0.95593 	    0.003511 	     0.003463 	     0.006975 
13900 	 13 	       18.693 	       18.101 	   0.95534 	   0.95595 	    0.003508 	     0.003460 	     0.006968 
14000 	 13 	       18.637 	       18.046 	   0.95559 	   0.95619 	    0.003470 	     0.003422 	     0.006892 
14100 	 13 	       18.538 	       17.943 	   0.95624 	   0.95683 	    0.003405 	     0.003359 	     0.006764 
14200 	 13 	       18.519 	       17.923 	   0.95632 	   0.95690 	    0.003397 	     0.003351 	     0.006748 
14300 	 13 	       18.505 	       17.908 	   0.95636 	   0.95695 	    0.003392 	     0.003346 	     0.006737 
14400 	 13 	       18.493 	       17.895 	   0.95640 	   0.95699 	    0.003387 	     0.003341 	     0.006728 
14500 	 13 	       18.482 	       17.884 	   0.95643 	   0.95702 	    0.003383 	     0.003337 	     0.006720 
14600 	 13 	       18.472 	       17.873 	   0.95646 	   0.95705 	    0.003380 	     0.003333 	     0.006713 
14700 	 13 	       18.462 	       17.863 	   0.95649 	   0.95707 	    0.003376 	     0.003330 	     0.006706 
14800 	 13 	       18.454 	       17.854 	   0.95651 	   0.95710 	    0.003373 	     0.003327 	     0.006700 
14900 	 13 	       18.446 	       17.846 	   0.95653 	   0.95712 	    0.003370 	     0.003324 	     0.006695 
15000 	 13 	       18.393 	       17.794 	   0.95678 	   0.95736 	    0.003335 	     0.003289 	     0.006624 
15100 	 13 	       18.300 	       17.698 	   0.95741 	   0.95797 	    0.003275 	     0.003231 	     0.006507 
15200 	 13 	       18.283 	       17.679 	   0.95748 	   0.95804 	    0.003268 	     0.003224 	     0.006492 
15300 	 13 	       18.271 	       17.666 	   0.95753 	   0.95809 	    0.003263 	     0.003219 	     0.006482 
15400 	 13 	       18.260 	       17.655 	   0.95757 	   0.95813 	    0.003259 	     0.003215 	     0.006474 
15500 	 13 	       18.251 	       17.645 	   0.95761 	   0.95817 	    0.003255 	     0.003211 	     0.006466 
15600 	 13 	       18.243 	       17.636 	   0.95764 	   0.95820 	    0.003252 	     0.003208 	     0.006460 
15700 	 13 	       18.235 	       17.628 	   0.95767 	   0.95823 	    0.003249 	     0.003205 	     0.006453 
15800 	 13 	       18.228 	       17.620 	   0.95770 	   0.95825 	    0.003246 	     0.003202 	     0.006448 
15900 	 13 	       18.221 	       17.612 	   0.95772 	   0.95828 	    0.003243 	     0.003199 	     0.006442 
16000 	 13 	       18.172 	       17.564 	   0.95797 	   0.95852 	    0.003209 	     0.003166 	     0.006375 
16100 	 13 	       18.085 	       17.474 	   0.95857 	   0.95911 	    0.003155 	     0.003112 	     0.006267 
16200 	 13 	       18.069 	       17.457 	   0.95864 	   0.95918 	    0.003148 	     0.003106 	     0.006253 
16300 	 13 	       18.057 	       17.444 	   0.95870 	   0.95923 	    0.003143 	     0.003101 	     0.006243 
16400 	 13 	       18.047 	       17.433 	   0.95874 	   0.95927 	    0.003138 	     0.003096 	     0.006235 
16500 	 13 	       18.037 	       17.423 	   0.95878 	   0.95931 	    0.003134 	     0.003093 	     0.006227 
16600 	 13 	       18.028 	       17.414 	   0.95882 	   0.95935 	    0.003131 	     0.003089 	     0.006220 
16700 	 13 	       18.020 	       17.406 	   0.95885 	   0.95938 	    0.003127 	     0.003086 	     0.006213 
16800 	 13 	       18.012 	       17.397 	   0.95889 	   0.95942 	    0.003124 	     0.003082 	     0.006206 
16900 	 13 	       18.004 	       17.389 	   0.95892 	   0.95945 	    0.003121 	     0.003079 	     0.006200 
17000 	 13 	       17.957 	       17.344 	   0.95916 	   0.95969 	    0.003089 	     0.003048 	     0.006137 
17100 	 13 	       17.873 	       17.259 	   0.95974 	   0.96025 	    0.003038 	     0.002998 	     0.006037 
17200 	 13 	       17.857 	       17.241 	   0.95981 	   0.96032 	    0.003031 	     0.002992 	     0.006023 
17300 	 13 	       17.844 	       17.227 	   0.95987 	   0.96038 	    0.003026 	     0.002986 	     0.006012 
17400 	 13 	       17.833 	       17.215 	   0.95992 	   0.96043 	    0.003022 	     0.002982 	     0.006003 
17500 	 13 	       17.822 	       17.204 	   0.95997 	   0.96047 	    0.003017 	     0.002978 	     0.005995 
17600 	 13 	       17.812 	       17.194 	   0.96001 	   0.96051 	    0.003013 	     0.002974 	     0.005987 
17700 	 13 	       17.803 	       17.184 	   0.96005 	   0.96055 	    0.003010 	     0.002970 	     0.005980 
17800 	 13 	       17.793 	       17.175 	   0.96009 	   0.96059 	    0.003006 	     0.002966 	     0.005972 
17900 	 13 	       17.784 	       17.166 	   0.96012 	   0.96063 	    0.003003 	     0.002963 	     0.005965 
18000 	 13 	       17.738 	       17.121 	   0.96036 	   0.96086 	    0.002974 	     0.002934 	     0.005907 
18100 	 13 	       17.655 	       17.037 	   0.96090 	   0.96139 	    0.002927 	     0.002888 	     0.005815 
18200 	 13 	       17.638 	       17.019 	   0.96098 	   0.96147 	    0.002920 	     0.002882 	     0.005802 
18300 	 13 	       17.623 	       17.005 	   0.96104 	   0.96152 	    0.002915 	     0.002877 	     0.005792 
18400 	 13 	       17.610 	       16.993 	   0.96109 	   0.96158 	    0.002911 	     0.002872 	     0.005783 
18500 	 13 	       17.599 	       16.982 	   0.96113 	   0.96162 	    0.002907 	     0.002868 	     0.005775 
18600 	 13 	       17.587 	       16.971 	   0.96117 	   0.96166 	    0.002903 	     0.002864 	     0.005767 
18700 	 13 	       17.576 	       16.961 	   0.96121 	   0.96171 	    0.002899 	     0.002861 	     0.005760 
18800 	 13 	       17.565 	       16.951 	   0.96125 	   0.96175 	    0.002896 	     0.002857 	     0.005753 
18900 	 13 	       17.554 	       16.941 	   0.96129 	   0.96179 	    0.002892 	     0.002854 	     0.005746 
19000 	 13 	       17.505 	       16.895 	   0.96153 	   0.96202 	    0.002866 	     0.002827 	     0.005693 
19100 	 13 	       17.422 	       16.812 	   0.96203 	   0.96251 	    0.002824 	     0.002786 	     0.005610 
19200 	 13 	       17.401 	       16.794 	   0.96211 	   0.96258 	    0.002817 	     0.002780 	     0.005597 
19300 	 13 	       17.385 	       16.779 	   0.96217 	   0.96264 	    0.002812 	     0.002775 	     0.005587 
19400 	 13 	       17.370 	       16.766 	   0.96222 	   0.96270 	    0.002808 	     0.002770 	     0.005578 
19500 	 13 	       17.356 	       16.754 	   0.96227 	   0.96275 	    0.002804 	     0.002766 	     0.005570 
19600 	 13 	       17.343 	       16.743 	   0.96232 	   0.96280 	    0.002800 	     0.002762 	     0.005562 
19700 	 13 	       17.330 	       16.733 	   0.96237 	   0.96284 	    0.002796 	     0.002758 	     0.005554 
19800 	 13 	       17.318 	       16.723 	   0.96242 	   0.96289 	    0.002792 	     0.002755 	     0.005547 
19900 	 13 	       17.305 	       16.713 	   0.96247 	   0.96294 	    0.002788 	     0.002751 	     0.005539 
20000 	 13 	       17.256 	       16.670 	   0.96270 	   0.96317 	    0.002764 	     0.002727 	     0.005491 
100 	 14 	       27.514 	       26.837 	   0.91962 	   0.91972 	    0.009287 	     0.009267 	     0.018554 
200 	 14 	       27.110 	       26.438 	   0.91915 	   0.91919 	    0.009088 	     0.009073 	     0.018161 
300 	 14 	       26.522 	       25.820 	   0.91946 	   0.91947 	    0.008795 	     0.008782 	     0.017577 
400 	 14 	       25.807 	       25.084 	   0.91990 	   0.91989 	    0.008463 	     0.008452 	     0.016914 
500 	 14 	       25.604 	       24.871 	   0.91961 	   0.91960 	    0.008326 	     0.008316 	     0.016641 
600 	 14 	       25.693 	       24.955 	   0.91909 	   0.91908 	    0.008316 	     0.008307 	     0.016624 
700 	 14 	       25.910 	       25.168 	   0.91856 	   0.91856 	    0.008372 	     0.008364 	     0.016736 
800 	 14 	       26.192 	       25.448 	   0.91816 	   0.91815 	    0.008461 	     0.008454 	     0.016916 
900 	 14 	       26.647 	       25.904 	   0.91796 	   0.91792 	    0.008610 	     0.008607 	     0.017217 
1000 	 14 	       26.652 	       25.901 	   0.92178 	   0.92174 	    0.008190 	     0.008188 	     0.016377 
1100 	 14 	       24.263 	       23.592 	   0.93018 	   0.93038 	    0.007230 	     0.007207 	     0.014438 
1200 	 14 	       23.681 	       23.056 	   0.93049 	   0.93070 	    0.006975 	     0.006951 	     0.013927 
1300 	 14 	       23.207 	       22.615 	   0.93090 	   0.93112 	    0.006726 	     0.006702 	     0.013428 
1400 	 14 	       22.917 	       22.351 	   0.93124 	   0.93147 	    0.006557 	     0.006533 	     0.013090 
1500 	 14 	       22.724 	       22.181 	   0.93157 	   0.93179 	    0.006430 	     0.006406 	     0.012835 
1600 	 14 	       22.567 	       22.046 	   0.93190 	   0.93211 	    0.006321 	     0.006297 	     0.012619 
1700 	 14 	       22.395 	       21.892 	   0.93232 	   0.93252 	    0.006208 	     0.006185 	     0.012393 
1800 	 14 	       22.197 	       21.697 	   0.93283 	   0.93302 	    0.006087 	     0.006065 	     0.012152 
1900 	 14 	       21.993 	       21.483 	   0.93338 	   0.93356 	    0.005963 	     0.005941 	     0.011903 
2000 	 14 	       21.684 	       21.172 	   0.93577 	   0.93595 	    0.005678 	     0.005657 	     0.011336 
2100 	 14 	       20.380 	       19.875 	   0.94056 	   0.94078 	    0.005047 	     0.005023 	     0.010071 
2200 	 14 	       20.228 	       19.715 	   0.94092 	   0.94114 	    0.004984 	     0.004959 	     0.009943 
2300 	 14 	       20.172 	       19.655 	   0.94113 	   0.94136 	    0.004951 	     0.004927 	     0.009878 
2400 	 14 	       20.139 	       19.623 	   0.94132 	   0.94155 	    0.004924 	     0.004900 	     0.009824 
2500 	 14 	       20.119 	       19.606 	   0.94148 	   0.94171 	    0.004901 	     0.004877 	     0.009778 
2600 	 14 	       20.104 	       19.595 	   0.94161 	   0.94184 	    0.004882 	     0.004858 	     0.009740 
2700 	 14 	       20.095 	       19.588 	   0.94172 	   0.94194 	    0.004867 	     0.004842 	     0.009709 
2800 	 14 	       20.087 	       19.583 	   0.94182 	   0.94204 	    0.004853 	     0.004829 	     0.009682 
2900 	 14 	       20.082 	       19.580 	   0.94190 	   0.94212 	    0.004841 	     0.004818 	     0.009659 
3000 	 14 	       20.075 	       19.579 	   0.94337 	   0.94357 	    0.004727 	     0.004704 	     0.009431 
3100 	 14 	       19.459 	       18.986 	   0.94634 	   0.94653 	    0.004400 	     0.004378 	     0.008778 
3200 	 14 	       19.402 	       18.929 	   0.94657 	   0.94677 	    0.004370 	     0.004348 	     0.008718 
3300 	 14 	       19.372 	       18.898 	   0.94671 	   0.94691 	    0.004356 	     0.004334 	     0.008690 
3400 	 14 	       19.349 	       18.872 	   0.94685 	   0.94705 	    0.004344 	     0.004322 	     0.008666 
3500 	 14 	       19.328 	       18.849 	   0.94699 	   0.94719 	    0.004331 	     0.004309 	     0.008640 
3600 	 14 	       19.310 	       18.828 	   0.94714 	   0.94734 	    0.004318 	     0.004296 	     0.008614 
3700 	 14 	       19.295 	       18.810 	   0.94729 	   0.94750 	    0.004306 	     0.004284 	     0.008589 
3800 	 14 	       19.283 	       18.796 	   0.94744 	   0.94764 	    0.004294 	     0.004272 	     0.008566 
3900 	 14 	       19.276 	       18.788 	   0.94757 	   0.94777 	    0.004284 	     0.004263 	     0.008547 
4000 	 14 	       19.268 	       18.784 	   0.94872 	   0.94890 	    0.004196 	     0.004176 	     0.008372 
4100 	 14 	       18.909 	       18.443 	   0.95088 	   0.95104 	    0.003982 	     0.003963 	     0.007946 
4200 	 14 	       18.867 	       18.400 	   0.95103 	   0.95120 	    0.003965 	     0.003946 	     0.007911 
4300 	 14 	       18.847 	       18.379 	   0.95108 	   0.95126 	    0.003961 	     0.003942 	     0.007903 
4400 	 14 	       18.836 	       18.368 	   0.95112 	   0.95130 	    0.003961 	     0.003941 	     0.007901 
4500 	 14 	       18.829 	       18.361 	   0.95115 	   0.95133 	    0.003961 	     0.003941 	     0.007902 
4600 	 14 	       18.825 	       18.356 	   0.95118 	   0.95136 	    0.003962 	     0.003942 	     0.007903 
4700 	 14 	       18.823 	       18.353 	   0.95120 	   0.95138 	    0.003962 	     0.003943 	     0.007905 
4800 	 14 	       18.821 	       18.350 	   0.95123 	   0.95140 	    0.003964 	     0.003944 	     0.007907 
4900 	 14 	       18.821 	       18.348 	   0.95125 	   0.95143 	    0.003965 	     0.003945 	     0.007910 
5000 	 14 	       18.816 	       18.348 	   0.95210 	   0.95226 	    0.003902 	     0.003883 	     0.007785 
5100 	 14 	       18.561 	       18.109 	   0.95382 	   0.95396 	    0.003742 	     0.003725 	     0.007467 
5200 	 14 	       18.518 	       18.064 	   0.95396 	   0.95411 	    0.003728 	     0.003710 	     0.007438 
5300 	 14 	       18.493 	       18.038 	   0.95402 	   0.95417 	    0.003723 	     0.003705 	     0.007428 
5400 	 14 	       18.476 	       18.019 	   0.95406 	   0.95422 	    0.003720 	     0.003702 	     0.007422 
5500 	 14 	       18.462 	       18.003 	   0.95410 	   0.95426 	    0.003718 	     0.003700 	     0.007419 
5600 	 14 	       18.450 	       17.990 	   0.95413 	   0.95429 	    0.003717 	     0.003699 	     0.007416 
5700 	 14 	       18.440 	       17.979 	   0.95416 	   0.95432 	    0.003716 	     0.003698 	     0.007414 
5800 	 14 	       18.432 	       17.969 	   0.95419 	   0.95434 	    0.003715 	     0.003698 	     0.007413 
5900 	 14 	       18.425 	       17.960 	   0.95420 	   0.95436 	    0.003715 	     0.003697 	     0.007413 
6000 	 14 	       18.408 	       17.945 	   0.95488 	   0.95502 	    0.003664 	     0.003647 	     0.007311 
6100 	 14 	       18.199 	       17.747 	   0.95631 	   0.95644 	    0.003534 	     0.003519 	     0.007054 
6200 	 14 	       18.158 	       17.705 	   0.95642 	   0.95656 	    0.003521 	     0.003505 	     0.007026 
6300 	 14 	       18.134 	       17.679 	   0.95647 	   0.95661 	    0.003515 	     0.003500 	     0.007015 
6400 	 14 	       18.116 	       17.660 	   0.95650 	   0.95664 	    0.003512 	     0.003496 	     0.007009 
6500 	 14 	       18.102 	       17.644 	   0.95652 	   0.95666 	    0.003511 	     0.003495 	     0.007005 
6600 	 14 	       18.090 	       17.631 	   0.95653 	   0.95667 	    0.003510 	     0.003494 	     0.007003 
6700 	 14 	       18.080 	       17.620 	   0.95653 	   0.95668 	    0.003509 	     0.003493 	     0.007002 
6800 	 14 	       18.072 	       17.611 	   0.95654 	   0.95668 	    0.003509 	     0.003493 	     0.007003 
6900 	 14 	       18.064 	       17.602 	   0.95653 	   0.95668 	    0.003510 	     0.003494 	     0.007003 
7000 	 14 	       18.039 	       17.578 	   0.95705 	   0.95719 	    0.003468 	     0.003452 	     0.006920 
7100 	 14 	       17.861 	       17.405 	   0.95825 	   0.95838 	    0.003360 	     0.003346 	     0.006706 
7200 	 14 	       17.824 	       17.367 	   0.95834 	   0.95847 	    0.003348 	     0.003334 	     0.006683 
7300 	 14 	       17.804 	       17.345 	   0.95837 	   0.95850 	    0.003344 	     0.003330 	     0.006674 
7400 	 14 	       17.788 	       17.328 	   0.95838 	   0.95851 	    0.003342 	     0.003327 	     0.006670 
7500 	 14 	       17.775 	       17.314 	   0.95838 	   0.95852 	    0.003341 	     0.003326 	     0.006668 
7600 	 14 	       17.763 	       17.301 	   0.95838 	   0.95852 	    0.003341 	     0.003326 	     0.006667 
7700 	 14 	       17.753 	       17.290 	   0.95838 	   0.95851 	    0.003341 	     0.003326 	     0.006667 
7800 	 14 	       17.743 	       17.280 	   0.95837 	   0.95851 	    0.003342 	     0.003326 	     0.006668 
7900 	 14 	       17.735 	       17.270 	   0.95836 	   0.95850 	    0.003342 	     0.003327 	     0.006669 
8000 	 14 	       17.699 	       17.235 	   0.95878 	   0.95891 	    0.003306 	     0.003291 	     0.006597 
8100 	 14 	       17.541 	       17.081 	   0.95980 	   0.95992 	    0.003215 	     0.003201 	     0.006416 
8200 	 14 	       17.507 	       17.045 	   0.95988 	   0.96000 	    0.003204 	     0.003190 	     0.006395 
8300 	 14 	       17.486 	       17.023 	   0.95990 	   0.96003 	    0.003200 	     0.003186 	     0.006387 
8400 	 14 	       17.470 	       17.006 	   0.95991 	   0.96004 	    0.003199 	     0.003184 	     0.006383 
8500 	 14 	       17.456 	       16.991 	   0.95991 	   0.96004 	    0.003198 	     0.003183 	     0.006381 
8600 	 14 	       17.445 	       16.979 	   0.95990 	   0.96004 	    0.003197 	     0.003183 	     0.006380 
8700 	 14 	       17.435 	       16.968 	   0.95990 	   0.96004 	    0.003197 	     0.003183 	     0.006380 
8800 	 14 	       17.426 	       16.958 	   0.95989 	   0.96003 	    0.003198 	     0.003183 	     0.006380 
8900 	 14 	       17.418 	       16.949 	   0.95988 	   0.96002 	    0.003198 	     0.003183 	     0.006381 
9000 	 14 	       17.375 	       16.907 	   0.96024 	   0.96038 	    0.003165 	     0.003150 	     0.006315 
9100 	 14 	       17.234 	       16.768 	   0.96112 	   0.96125 	    0.003086 	     0.003072 	     0.006158 
9200 	 14 	       17.204 	       16.737 	   0.96120 	   0.96133 	    0.003076 	     0.003062 	     0.006139 
9300 	 14 	       17.186 	       16.718 	   0.96123 	   0.96136 	    0.003072 	     0.003058 	     0.006130 
9400 	 14 	       17.172 	       16.703 	   0.96124 	   0.96137 	    0.003070 	     0.003056 	     0.006126 
9500 	 14 	       17.161 	       16.691 	   0.96124 	   0.96138 	    0.003069 	     0.003055 	     0.006124 
9600 	 14 	       17.150 	       16.680 	   0.96125 	   0.96138 	    0.003068 	     0.003054 	     0.006122 
9700 	 14 	       17.141 	       16.670 	   0.96124 	   0.96139 	    0.003068 	     0.003053 	     0.006121 
9800 	 14 	       17.132 	       16.660 	   0.96124 	   0.96139 	    0.003068 	     0.003053 	     0.006121 
9900 	 14 	       17.124 	       16.652 	   0.96124 	   0.96139 	    0.003068 	     0.003053 	     0.006121 
10000 	 14 	       17.080 	       16.608 	   0.96157 	   0.96171 	    0.003036 	     0.003022 	     0.006058 
10100 	 14 	       16.951 	       16.483 	   0.96234 	   0.96247 	    0.002967 	     0.002954 	     0.005921 
10200 	 14 	       16.923 	       16.455 	   0.96242 	   0.96255 	    0.002958 	     0.002944 	     0.005902 
10300 	 14 	       16.907 	       16.437 	   0.96245 	   0.96258 	    0.002954 	     0.002940 	     0.005894 
10400 	 14 	       16.894 	       16.423 	   0.96247 	   0.96260 	    0.002951 	     0.002938 	     0.005889 
10500 	 14 	       16.883 	       16.412 	   0.96248 	   0.96262 	    0.002950 	     0.002936 	     0.005886 
10600 	 14 	       16.873 	       16.401 	   0.96249 	   0.96263 	    0.002949 	     0.002935 	     0.005883 
10700 	 14 	       16.864 	       16.391 	   0.96250 	   0.96264 	    0.002948 	     0.002934 	     0.005882 
10800 	 14 	       16.856 	       16.383 	   0.96251 	   0.96265 	    0.002947 	     0.002933 	     0.005880 
10900 	 14 	       16.848 	       16.376 	   0.96251 	   0.96265 	    0.002947 	     0.002933 	     0.005879 
11000 	 14 	       16.805 	       16.333 	   0.96282 	   0.96295 	    0.002916 	     0.002903 	     0.005819 
11100 	 14 	       16.684 	       16.216 	   0.96350 	   0.96363 	    0.002855 	     0.002842 	     0.005697 
11200 	 14 	       16.659 	       16.191 	   0.96358 	   0.96371 	    0.002846 	     0.002833 	     0.005680 
11300 	 14 	       16.644 	       16.176 	   0.96362 	   0.96375 	    0.002842 	     0.002829 	     0.005671 
11400 	 14 	       16.632 	       16.163 	   0.96364 	   0.96377 	    0.002839 	     0.002826 	     0.005666 
11500 	 14 	       16.622 	       16.153 	   0.96366 	   0.96380 	    0.002837 	     0.002824 	     0.005661 
11600 	 14 	       16.613 	       16.144 	   0.96368 	   0.96381 	    0.002836 	     0.002822 	     0.005658 
11700 	 14 	       16.604 	       16.136 	   0.96369 	   0.96383 	    0.002834 	     0.002821 	     0.005656 
11800 	 14 	       16.596 	       16.128 	   0.96371 	   0.96384 	    0.002833 	     0.002820 	     0.005653 
11900 	 14 	       16.589 	       16.121 	   0.96372 	   0.96386 	    0.002832 	     0.002819 	     0.005651 
12000 	 14 	       16.546 	       16.079 	   0.96400 	   0.96414 	    0.002803 	     0.002790 	     0.005593 
12100 	 14 	       16.433 	       15.968 	   0.96461 	   0.96474 	    0.002748 	     0.002736 	     0.005484 
12200 	 14 	       16.409 	       15.945 	   0.96469 	   0.96482 	    0.002740 	     0.002728 	     0.005468 
12300 	 14 	       16.395 	       15.930 	   0.96474 	   0.96486 	    0.002736 	     0.002723 	     0.005459 
12400 	 14 	       16.384 	       15.918 	   0.96477 	   0.96489 	    0.002733 	     0.002720 	     0.005453 
12500 	 14 	       16.374 	       15.908 	   0.96479 	   0.96492 	    0.002730 	     0.002718 	     0.005448 
12600 	 14 	       16.365 	       15.898 	   0.96481 	   0.96494 	    0.002728 	     0.002716 	     0.005444 
12700 	 14 	       16.357 	       15.890 	   0.96483 	   0.96496 	    0.002726 	     0.002714 	     0.005440 
12800 	 14 	       16.350 	       15.882 	   0.96485 	   0.96498 	    0.002725 	     0.002712 	     0.005437 
12900 	 14 	       16.344 	       15.875 	   0.96487 	   0.96500 	    0.002724 	     0.002711 	     0.005434 
13000 	 14 	       16.304 	       15.835 	   0.96513 	   0.96526 	    0.002696 	     0.002683 	     0.005379 
13100 	 14 	       16.199 	       15.731 	   0.96568 	   0.96580 	    0.002646 	     0.002635 	     0.005281 
13200 	 14 	       16.180 	       15.711 	   0.96576 	   0.96588 	    0.002638 	     0.002627 	     0.005265 
13300 	 14 	       16.169 	       15.698 	   0.96581 	   0.96593 	    0.002634 	     0.002622 	     0.005256 
13400 	 14 	       16.160 	       15.688 	   0.96584 	   0.96596 	    0.002631 	     0.002619 	     0.005250 
13500 	 14 	       16.152 	       15.678 	   0.96587 	   0.96599 	    0.002628 	     0.002617 	     0.005245 
13600 	 14 	       16.145 	       15.670 	   0.96590 	   0.96602 	    0.002626 	     0.002614 	     0.005240 
13700 	 14 	       16.138 	       15.662 	   0.96592 	   0.96604 	    0.002624 	     0.002612 	     0.005236 
13800 	 14 	       16.132 	       15.655 	   0.96595 	   0.96607 	    0.002622 	     0.002610 	     0.005233 
13900 	 14 	       16.127 	       15.648 	   0.96597 	   0.96609 	    0.002621 	     0.002609 	     0.005229 
14000 	 14 	       16.090 	       15.612 	   0.96621 	   0.96633 	    0.002595 	     0.002583 	     0.005178 
14100 	 14 	       15.997 	       15.520 	   0.96670 	   0.96681 	    0.002550 	     0.002539 	     0.005089 
14200 	 14 	       15.981 	       15.503 	   0.96678 	   0.96689 	    0.002543 	     0.002532 	     0.005075 
14300 	 14 	       15.970 	       15.491 	   0.96683 	   0.96694 	    0.002539 	     0.002528 	     0.005066 
14400 	 14 	       15.962 	       15.481 	   0.96686 	   0.96697 	    0.002536 	     0.002525 	     0.005060 
14500 	 14 	       15.955 	       15.472 	   0.96689 	   0.96701 	    0.002533 	     0.002522 	     0.005055 
14600 	 14 	       15.949 	       15.465 	   0.96692 	   0.96703 	    0.002531 	     0.002520 	     0.005051 
14700 	 14 	       15.943 	       15.457 	   0.96695 	   0.96706 	    0.002529 	     0.002518 	     0.005047 
14800 	 14 	       15.938 	       15.451 	   0.96697 	   0.96708 	    0.002527 	     0.002516 	     0.005043 
14900 	 14 	       15.933 	       15.444 	   0.96699 	   0.96711 	    0.002525 	     0.002514 	     0.005040 
15000 	 14 	       15.899 	       15.409 	   0.96721 	   0.96732 	    0.002501 	     0.002491 	     0.004992 
15100 	 14 	       15.814 	       15.325 	   0.96765 	   0.96776 	    0.002462 	     0.002452 	     0.004913 
15200 	 14 	       15.798 	       15.309 	   0.96773 	   0.96783 	    0.002455 	     0.002445 	     0.004900 
15300 	 14 	       15.788 	       15.298 	   0.96777 	   0.96787 	    0.002451 	     0.002441 	     0.004892 
15400 	 14 	       15.780 	       15.289 	   0.96780 	   0.96790 	    0.002448 	     0.002438 	     0.004887 
15500 	 14 	       15.773 	       15.282 	   0.96783 	   0.96793 	    0.002446 	     0.002436 	     0.004882 
15600 	 14 	       15.767 	       15.275 	   0.96786 	   0.96796 	    0.002444 	     0.002434 	     0.004878 
15700 	 14 	       15.761 	       15.268 	   0.96788 	   0.96798 	    0.002442 	     0.002432 	     0.004875 
15800 	 14 	       15.756 	       15.262 	   0.96790 	   0.96800 	    0.002441 	     0.002431 	     0.004872 
15900 	 14 	       15.751 	       15.257 	   0.96792 	   0.96802 	    0.002439 	     0.002429 	     0.004869 
16000 	 14 	       15.719 	       15.226 	   0.96812 	   0.96822 	    0.002417 	     0.002408 	     0.004825 
16100 	 14 	       15.639 	       15.149 	   0.96851 	   0.96861 	    0.002382 	     0.002372 	     0.004754 
16200 	 14 	       15.625 	       15.134 	   0.96858 	   0.96867 	    0.002376 	     0.002367 	     0.004742 
16300 	 14 	       15.616 	       15.124 	   0.96862 	   0.96871 	    0.002372 	     0.002363 	     0.004736 
16400 	 14 	       15.608 	       15.116 	   0.96865 	   0.96874 	    0.002370 	     0.002361 	     0.004731 
16500 	 14 	       15.602 	       15.110 	   0.96867 	   0.96876 	    0.002368 	     0.002359 	     0.004727 
16600 	 14 	       15.596 	       15.104 	   0.96869 	   0.96878 	    0.002366 	     0.002357 	     0.004723 
16700 	 14 	       15.591 	       15.098 	   0.96871 	   0.96880 	    0.002365 	     0.002356 	     0.004720 
16800 	 14 	       15.586 	       15.093 	   0.96873 	   0.96882 	    0.002363 	     0.002354 	     0.004718 
16900 	 14 	       15.582 	       15.089 	   0.96875 	   0.96884 	    0.002362 	     0.002353 	     0.004715 
17000 	 14 	       15.553 	       15.060 	   0.96892 	   0.96902 	    0.002342 	     0.002333 	     0.004675 
17100 	 14 	       15.478 	       14.987 	   0.96928 	   0.96937 	    0.002310 	     0.002301 	     0.004611 
17200 	 14 	       15.466 	       14.974 	   0.96934 	   0.96942 	    0.002305 	     0.002296 	     0.004601 
17300 	 14 	       15.458 	       14.965 	   0.96938 	   0.96946 	    0.002302 	     0.002293 	     0.004595 
17400 	 14 	       15.452 	       14.958 	   0.96940 	   0.96949 	    0.002300 	     0.002291 	     0.004591 
17500 	 14 	       15.447 	       14.953 	   0.96942 	   0.96951 	    0.002298 	     0.002289 	     0.004587 
17600 	 14 	       15.442 	       14.947 	   0.96944 	   0.96953 	    0.002296 	     0.002288 	     0.004584 
17700 	 14 	       15.439 	       14.943 	   0.96946 	   0.96954 	    0.002295 	     0.002287 	     0.004582 
17800 	 14 	       15.436 	       14.940 	   0.96947 	   0.96956 	    0.002294 	     0.002285 	     0.004580 
17900 	 14 	       15.433 	       14.937 	   0.96949 	   0.96957 	    0.002293 	     0.002284 	     0.004577 
18000 	 14 	       15.407 	       14.910 	   0.96965 	   0.96973 	    0.002275 	     0.002266 	     0.004541 
18100 	 14 	       15.338 	       14.843 	   0.96998 	   0.97006 	    0.002245 	     0.002237 	     0.004483 
18200 	 14 	       15.328 	       14.832 	   0.97003 	   0.97011 	    0.002241 	     0.002233 	     0.004474 
18300 	 14 	       15.322 	       14.826 	   0.97006 	   0.97014 	    0.002238 	     0.002230 	     0.004469 
18400 	 14 	       15.318 	       14.821 	   0.97008 	   0.97016 	    0.002237 	     0.002228 	     0.004465 
18500 	 14 	       15.314 	       14.816 	   0.97010 	   0.97018 	    0.002235 	     0.002227 	     0.004462 
18600 	 14 	       15.311 	       14.813 	   0.97012 	   0.97020 	    0.002234 	     0.002226 	     0.004459 
18700 	 14 	       15.309 	       14.810 	   0.97013 	   0.97021 	    0.002233 	     0.002224 	     0.004457 
18800 	 14 	       15.306 	       14.807 	   0.97014 	   0.97023 	    0.002232 	     0.002223 	     0.004455 
18900 	 14 	       15.304 	       14.804 	   0.97016 	   0.97024 	    0.002231 	     0.002223 	     0.004454 
19000 	 14 	       15.280 	       14.778 	   0.97030 	   0.97038 	    0.002214 	     0.002206 	     0.004420 
19100 	 14 	       15.215 	       14.715 	   0.97061 	   0.97068 	    0.002187 	     0.002180 	     0.004367 
19200 	 14 	       15.205 	       14.705 	   0.97065 	   0.97073 	    0.002183 	     0.002176 	     0.004359 
19300 	 14 	       15.200 	       14.699 	   0.97068 	   0.97075 	    0.002181 	     0.002173 	     0.004355 
19400 	 14 	       15.197 	       14.694 	   0.97070 	   0.97078 	    0.002180 	     0.002172 	     0.004351 
19500 	 14 	       15.194 	       14.691 	   0.97072 	   0.97079 	    0.002178 	     0.002170 	     0.004349 
19600 	 14 	       15.191 	       14.688 	   0.97073 	   0.97081 	    0.002177 	     0.002169 	     0.004347 
19700 	 14 	       15.189 	       14.685 	   0.97074 	   0.97082 	    0.002176 	     0.002168 	     0.004345 
19800 	 14 	       15.187 	       14.682 	   0.97076 	   0.97083 	    0.002175 	     0.002167 	     0.004343 
19900 	 14 	       15.186 	       14.680 	   0.97077 	   0.97084 	    0.002175 	     0.002167 	     0.004341 
20000 	 14 	       15.163 	       14.656 	   0.97090 	   0.97098 	    0.002159 	     0.002151 	     0.004311 
100 	 15 	       21.791 	       21.086 	   0.93762 	   0.93752 	    0.005684 	     0.005681 	     0.011365 
200 	 15 	       21.330 	       20.720 	   0.93591 	   0.93573 	    0.005383 	     0.005386 	     0.010769 
300 	 15 	       21.678 	       21.111 	   0.93305 	   0.93279 	    0.005320 	     0.005328 	     0.010647 
400 	 15 	       21.754 	       21.204 	   0.93125 	   0.93096 	    0.005301 	     0.005312 	     0.010612 
500 	 15 	       21.692 	       21.154 	   0.93101 	   0.93073 	    0.005260 	     0.005271 	     0.010531 
600 	 15 	       21.642 	       21.105 	   0.93127 	   0.93101 	    0.005252 	     0.005261 	     0.010512 
700 	 15 	       21.669 	       21.111 	   0.93108 	   0.93084 	    0.005303 	     0.005310 	     0.010613 
800 	 15 	       21.711 	       21.144 	   0.93082 	   0.93060 	    0.005357 	     0.005363 	     0.010719 
900 	 15 	       21.744 	       21.187 	   0.93067 	   0.93046 	    0.005400 	     0.005406 	     0.010807 
1000 	 15 	       21.327 	       20.782 	   0.93526 	   0.93511 	    0.005030 	     0.005032 	     0.010062 
1100 	 15 	       19.810 	       19.330 	   0.94246 	   0.94246 	    0.004558 	     0.004549 	     0.009107 
1200 	 15 	       19.705 	       19.256 	   0.94305 	   0.94307 	    0.004484 	     0.004473 	     0.008957 
1300 	 15 	       19.621 	       19.221 	   0.94355 	   0.94360 	    0.004383 	     0.004371 	     0.008755 
1400 	 15 	       19.607 	       19.228 	   0.94339 	   0.94347 	    0.004345 	     0.004331 	     0.008676 
1500 	 15 	       19.758 	       19.377 	   0.94282 	   0.94290 	    0.004388 	     0.004374 	     0.008761 
1600 	 15 	       19.873 	       19.490 	   0.94244 	   0.94252 	    0.004415 	     0.004401 	     0.008816 
1700 	 15 	       19.915 	       19.539 	   0.94229 	   0.94236 	    0.004416 	     0.004403 	     0.008819 
1800 	 15 	       19.914 	       19.547 	   0.94229 	   0.94235 	    0.004403 	     0.004391 	     0.008793 
1900 	 15 	       19.886 	       19.530 	   0.94237 	   0.94242 	    0.004384 	     0.004372 	     0.008756 
2000 	 15 	       20.035 	       19.686 	   0.94394 	   0.94399 	    0.004349 	     0.004338 	     0.008687 
2100 	 15 	       18.816 	       18.473 	   0.94840 	   0.94850 	    0.004004 	     0.003990 	     0.007993 
2200 	 15 	       18.694 	       18.336 	   0.94881 	   0.94893 	    0.003957 	     0.003941 	     0.007898 
2300 	 15 	       18.603 	       18.232 	   0.94914 	   0.94929 	    0.003916 	     0.003899 	     0.007815 
2400 	 15 	       18.530 	       18.147 	   0.94944 	   0.94960 	    0.003882 	     0.003864 	     0.007745 
2500 	 15 	       18.470 	       18.078 	   0.94969 	   0.94986 	    0.003854 	     0.003835 	     0.007690 
2600 	 15 	       18.420 	       18.019 	   0.94990 	   0.95007 	    0.003832 	     0.003813 	     0.007645 
2700 	 15 	       18.380 	       17.972 	   0.95007 	   0.95025 	    0.003815 	     0.003795 	     0.007610 
2800 	 15 	       18.348 	       17.934 	   0.95021 	   0.95040 	    0.003801 	     0.003782 	     0.007583 
2900 	 15 	       18.322 	       17.902 	   0.95033 	   0.95052 	    0.003791 	     0.003771 	     0.007562 
3000 	 15 	       18.399 	       17.979 	   0.95145 	   0.95163 	    0.003763 	     0.003744 	     0.007507 
3100 	 15 	       17.763 	       17.321 	   0.95398 	   0.95418 	    0.003575 	     0.003554 	     0.007129 
3200 	 15 	       17.714 	       17.259 	   0.95419 	   0.95440 	    0.003555 	     0.003533 	     0.007088 
3300 	 15 	       17.687 	       17.223 	   0.95434 	   0.95456 	    0.003542 	     0.003520 	     0.007062 
3400 	 15 	       17.671 	       17.202 	   0.95445 	   0.95467 	    0.003532 	     0.003511 	     0.007043 
3500 	 15 	       17.661 	       17.189 	   0.95454 	   0.95476 	    0.003525 	     0.003504 	     0.007029 
3600 	 15 	       17.656 	       17.181 	   0.95461 	   0.95484 	    0.003520 	     0.003498 	     0.007018 
3700 	 15 	       17.652 	       17.175 	   0.95467 	   0.95490 	    0.003515 	     0.003493 	     0.007008 
3800 	 15 	       17.651 	       17.172 	   0.95473 	   0.95495 	    0.003511 	     0.003489 	     0.007001 
3900 	 15 	       17.650 	       17.170 	   0.95477 	   0.95500 	    0.003508 	     0.003486 	     0.006994 
4000 	 15 	       17.723 	       17.242 	   0.95562 	   0.95585 	    0.003476 	     0.003455 	     0.006931 
4100 	 15 	       17.313 	       16.803 	   0.95742 	   0.95765 	    0.003343 	     0.003321 	     0.006664 
4200 	 15 	       17.285 	       16.768 	   0.95756 	   0.95780 	    0.003328 	     0.003306 	     0.006634 
4300 	 15 	       17.267 	       16.747 	   0.95765 	   0.95789 	    0.003320 	     0.003298 	     0.006617 
4400 	 15 	       17.255 	       16.738 	   0.95771 	   0.95795 	    0.003315 	     0.003293 	     0.006608 
4500 	 15 	       17.250 	       16.734 	   0.95775 	   0.95799 	    0.003312 	     0.003290 	     0.006602 
4600 	 15 	       17.249 	       16.735 	   0.95777 	   0.95801 	    0.003311 	     0.003289 	     0.006600 
4700 	 15 	       17.252 	       16.739 	   0.95778 	   0.95803 	    0.003311 	     0.003289 	     0.006600 
4800 	 15 	       17.256 	       16.746 	   0.95779 	   0.95803 	    0.003312 	     0.003290 	     0.006601 
4900 	 15 	       17.261 	       16.753 	   0.95779 	   0.95803 	    0.003313 	     0.003291 	     0.006604 
5000 	 15 	       17.330 	       16.822 	   0.95846 	   0.95870 	    0.003287 	     0.003266 	     0.006553 
5100 	 15 	       17.035 	       16.508 	   0.95976 	   0.96000 	    0.003189 	     0.003168 	     0.006357 
5200 	 15 	       17.026 	       16.494 	   0.95983 	   0.96007 	    0.003182 	     0.003161 	     0.006342 
5300 	 15 	       17.022 	       16.488 	   0.95987 	   0.96011 	    0.003179 	     0.003158 	     0.006338 
5400 	 15 	       17.023 	       16.489 	   0.95988 	   0.96012 	    0.003179 	     0.003158 	     0.006338 
5500 	 15 	       17.028 	       16.493 	   0.95989 	   0.96013 	    0.003181 	     0.003159 	     0.006340 
5600 	 15 	       17.033 	       16.499 	   0.95989 	   0.96013 	    0.003182 	     0.003161 	     0.006343 
5700 	 15 	       17.039 	       16.506 	   0.95989 	   0.96013 	    0.003184 	     0.003163 	     0.006347 
5800 	 15 	       17.045 	       16.512 	   0.95989 	   0.96013 	    0.003186 	     0.003165 	     0.006351 
5900 	 15 	       17.050 	       16.518 	   0.95989 	   0.96013 	    0.003188 	     0.003166 	     0.006354 
6000 	 15 	       17.117 	       16.582 	   0.96045 	   0.96069 	    0.003164 	     0.003144 	     0.006308 
6100 	 15 	       16.886 	       16.336 	   0.96146 	   0.96169 	    0.003085 	     0.003065 	     0.006150 
6200 	 15 	       16.876 	       16.323 	   0.96153 	   0.96176 	    0.003077 	     0.003058 	     0.006135 
6300 	 15 	       16.871 	       16.317 	   0.96156 	   0.96179 	    0.003074 	     0.003055 	     0.006129 
6400 	 15 	       16.870 	       16.316 	   0.96158 	   0.96182 	    0.003073 	     0.003053 	     0.006126 
6500 	 15 	       16.870 	       16.316 	   0.96160 	   0.96183 	    0.003072 	     0.003053 	     0.006125 
6600 	 15 	       16.872 	       16.318 	   0.96162 	   0.96185 	    0.003072 	     0.003052 	     0.006125 
6700 	 15 	       16.875 	       16.321 	   0.96163 	   0.96186 	    0.003072 	     0.003052 	     0.006124 
6800 	 15 	       16.877 	       16.323 	   0.96164 	   0.96187 	    0.003072 	     0.003052 	     0.006124 
6900 	 15 	       16.879 	       16.325 	   0.96165 	   0.96189 	    0.003072 	     0.003052 	     0.006124 
7000 	 15 	       16.940 	       16.387 	   0.96215 	   0.96238 	    0.003049 	     0.003030 	     0.006079 
7100 	 15 	       16.752 	       16.190 	   0.96295 	   0.96317 	    0.002981 	     0.002962 	     0.005943 
7200 	 15 	       16.738 	       16.174 	   0.96303 	   0.96324 	    0.002972 	     0.002954 	     0.005926 
7300 	 15 	       16.732 	       16.167 	   0.96307 	   0.96329 	    0.002968 	     0.002949 	     0.005917 
7400 	 15 	       16.728 	       16.163 	   0.96310 	   0.96332 	    0.002965 	     0.002947 	     0.005912 
7500 	 15 	       16.726 	       16.160 	   0.96313 	   0.96334 	    0.002963 	     0.002945 	     0.005908 
7600 	 15 	       16.725 	       16.159 	   0.96315 	   0.96336 	    0.002962 	     0.002943 	     0.005905 
7700 	 15 	       16.724 	       16.158 	   0.96317 	   0.96339 	    0.002960 	     0.002942 	     0.005902 
7800 	 15 	       16.724 	       16.157 	   0.96319 	   0.96341 	    0.002959 	     0.002941 	     0.005900 
7900 	 15 	       16.723 	       16.156 	   0.96321 	   0.96342 	    0.002958 	     0.002939 	     0.005897 
8000 	 15 	       16.775 	       16.208 	   0.96364 	   0.96385 	    0.002936 	     0.002918 	     0.005853 
8100 	 15 	       16.611 	       16.038 	   0.96430 	   0.96451 	    0.002876 	     0.002859 	     0.005735 
8200 	 15 	       16.594 	       16.019 	   0.96438 	   0.96458 	    0.002866 	     0.002850 	     0.005716 
8300 	 15 	       16.584 	       16.008 	   0.96443 	   0.96463 	    0.002861 	     0.002845 	     0.005706 
8400 	 15 	       16.578 	       16.001 	   0.96446 	   0.96466 	    0.002858 	     0.002841 	     0.005699 
8500 	 15 	       16.573 	       15.996 	   0.96449 	   0.96469 	    0.002855 	     0.002838 	     0.005693 
8600 	 15 	       16.570 	       15.992 	   0.96452 	   0.96472 	    0.002853 	     0.002836 	     0.005689 
8700 	 15 	       16.567 	       15.989 	   0.96455 	   0.96475 	    0.002851 	     0.002834 	     0.005685 
8800 	 15 	       16.564 	       15.986 	   0.96457 	   0.96477 	    0.002849 	     0.002832 	     0.005681 
8900 	 15 	       16.561 	       15.983 	   0.96459 	   0.96479 	    0.002847 	     0.002831 	     0.005678 
9000 	 15 	       16.598 	       16.018 	   0.96498 	   0.96517 	    0.002825 	     0.002810 	     0.005635 
9100 	 15 	       16.449 	       15.869 	   0.96554 	   0.96572 	    0.002772 	     0.002757 	     0.005528 
9200 	 15 	       16.429 	       15.848 	   0.96562 	   0.96580 	    0.002762 	     0.002747 	     0.005510 
9300 	 15 	       16.417 	       15.836 	   0.96567 	   0.96585 	    0.002757 	     0.002742 	     0.005499 
9400 	 15 	       16.408 	       15.827 	   0.96571 	   0.96589 	    0.002753 	     0.002738 	     0.005491 
9500 	 15 	       16.401 	       15.821 	   0.96574 	   0.96592 	    0.002750 	     0.002735 	     0.005484 
9600 	 15 	       16.396 	       15.815 	   0.96577 	   0.96595 	    0.002747 	     0.002732 	     0.005479 
9700 	 15 	       16.391 	       15.810 	   0.96580 	   0.96598 	    0.002745 	     0.002729 	     0.005474 
9800 	 15 	       16.386 	       15.806 	   0.96582 	   0.96601 	    0.002742 	     0.002727 	     0.005470 
9900 	 15 	       16.382 	       15.802 	   0.96585 	   0.96603 	    0.002740 	     0.002725 	     0.005465 
10000 	 15 	       16.405 	       15.824 	   0.96619 	   0.96637 	    0.002719 	     0.002705 	     0.005424 
10100 	 15 	       16.272 	       15.690 	   0.96668 	   0.96685 	    0.002670 	     0.002656 	     0.005327 
10200 	 15 	       16.251 	       15.668 	   0.96675 	   0.96693 	    0.002661 	     0.002647 	     0.005308 
10300 	 15 	       16.239 	       15.655 	   0.96681 	   0.96698 	    0.002655 	     0.002642 	     0.005297 
10400 	 15 	       16.229 	       15.646 	   0.96685 	   0.96702 	    0.002651 	     0.002637 	     0.005289 
10500 	 15 	       16.222 	       15.638 	   0.96688 	   0.96705 	    0.002648 	     0.002634 	     0.005282 
10600 	 15 	       16.215 	       15.631 	   0.96691 	   0.96708 	    0.002645 	     0.002631 	     0.005276 
10700 	 15 	       16.210 	       15.625 	   0.96694 	   0.96711 	    0.002642 	     0.002628 	     0.005271 
10800 	 15 	       16.205 	       15.620 	   0.96697 	   0.96714 	    0.002640 	     0.002626 	     0.005266 
10900 	 15 	       16.200 	       15.615 	   0.96700 	   0.96717 	    0.002637 	     0.002624 	     0.005261 
11000 	 15 	       16.211 	       15.626 	   0.96730 	   0.96747 	    0.002617 	     0.002604 	     0.005221 
11100 	 15 	       16.091 	       15.507 	   0.96774 	   0.96789 	    0.002572 	     0.002559 	     0.005131 
11200 	 15 	       16.071 	       15.486 	   0.96781 	   0.96797 	    0.002563 	     0.002551 	     0.005114 
11300 	 15 	       16.059 	       15.474 	   0.96786 	   0.96802 	    0.002558 	     0.002545 	     0.005103 
11400 	 15 	       16.049 	       15.466 	   0.96790 	   0.96806 	    0.002554 	     0.002541 	     0.005094 
11500 	 15 	       16.042 	       15.458 	   0.96794 	   0.96809 	    0.002550 	     0.002537 	     0.005088 
11600 	 15 	       16.036 	       15.453 	   0.96797 	   0.96813 	    0.002547 	     0.002534 	     0.005082 
11700 	 15 	       16.030 	       15.448 	   0.96800 	   0.96816 	    0.002544 	     0.002532 	     0.005076 
11800 	 15 	       16.025 	       15.443 	   0.96803 	   0.96819 	    0.002542 	     0.002529 	     0.005071 
11900 	 15 	       16.020 	       15.439 	   0.96805 	   0.96821 	    0.002540 	     0.002527 	     0.005067 
12000 	 15 	       16.022 	       15.440 	   0.96832 	   0.96848 	    0.002520 	     0.002508 	     0.005027 
12100 	 15 	       15.910 	       15.332 	   0.96871 	   0.96886 	    0.002478 	     0.002467 	     0.004945 
12200 	 15 	       15.891 	       15.313 	   0.96878 	   0.96893 	    0.002470 	     0.002459 	     0.004929 
12300 	 15 	       15.879 	       15.301 	   0.96883 	   0.96898 	    0.002465 	     0.002453 	     0.004919 
12400 	 15 	       15.869 	       15.292 	   0.96887 	   0.96902 	    0.002461 	     0.002449 	     0.004910 
12500 	 15 	       15.861 	       15.285 	   0.96891 	   0.96906 	    0.002458 	     0.002446 	     0.004904 
12600 	 15 	       15.854 	       15.279 	   0.96894 	   0.96909 	    0.002455 	     0.002443 	     0.004898 
12700 	 15 	       15.847 	       15.273 	   0.96897 	   0.96912 	    0.002452 	     0.002440 	     0.004892 
12800 	 15 	       15.842 	       15.269 	   0.96900 	   0.96915 	    0.002450 	     0.002438 	     0.004888 
12900 	 15 	       15.837 	       15.264 	   0.96902 	   0.96917 	    0.002447 	     0.002436 	     0.004883 
13000 	 15 	       15.831 	       15.258 	   0.96927 	   0.96941 	    0.002428 	     0.002417 	     0.004846 
13100 	 15 	       15.728 	       15.157 	   0.96962 	   0.96976 	    0.002390 	     0.002380 	     0.004770 
13200 	 15 	       15.710 	       15.139 	   0.96969 	   0.96982 	    0.002383 	     0.002372 	     0.004755 
13300 	 15 	       15.698 	       15.128 	   0.96973 	   0.96987 	    0.002378 	     0.002367 	     0.004745 
13400 	 15 	       15.688 	       15.119 	   0.96977 	   0.96991 	    0.002374 	     0.002364 	     0.004738 
13500 	 15 	       15.680 	       15.112 	   0.96981 	   0.96994 	    0.002371 	     0.002360 	     0.004731 
13600 	 15 	       15.673 	       15.106 	   0.96984 	   0.96997 	    0.002368 	     0.002358 	     0.004726 
13700 	 15 	       15.667 	       15.100 	   0.96986 	   0.97000 	    0.002366 	     0.002355 	     0.004721 
13800 	 15 	       15.661 	       15.095 	   0.96989 	   0.97003 	    0.002363 	     0.002353 	     0.004716 
13900 	 15 	       15.656 	       15.091 	   0.96992 	   0.97005 	    0.002361 	     0.002351 	     0.004712 
14000 	 15 	       15.645 	       15.079 	   0.97013 	   0.97027 	    0.002343 	     0.002333 	     0.004676 
14100 	 15 	       15.550 	       14.986 	   0.97045 	   0.97058 	    0.002308 	     0.002298 	     0.004607 
14200 	 15 	       15.533 	       14.969 	   0.97052 	   0.97064 	    0.002302 	     0.002292 	     0.004594 
14300 	 15 	       15.521 	       14.958 	   0.97056 	   0.97069 	    0.002297 	     0.002287 	     0.004585 
14400 	 15 	       15.512 	       14.949 	   0.97060 	   0.97072 	    0.002294 	     0.002284 	     0.004578 
14500 	 15 	       15.504 	       14.942 	   0.97063 	   0.97076 	    0.002291 	     0.002281 	     0.004572 
14600 	 15 	       15.497 	       14.936 	   0.97066 	   0.97079 	    0.002288 	     0.002278 	     0.004567 
14700 	 15 	       15.491 	       14.930 	   0.97069 	   0.97081 	    0.002286 	     0.002276 	     0.004562 
14800 	 15 	       15.485 	       14.925 	   0.97071 	   0.97084 	    0.002284 	     0.002274 	     0.004558 
14900 	 15 	       15.479 	       14.920 	   0.97073 	   0.97086 	    0.002282 	     0.002272 	     0.004554 
15000 	 15 	       15.465 	       14.905 	   0.97093 	   0.97105 	    0.002265 	     0.002255 	     0.004520 
15100 	 15 	       15.376 	       14.818 	   0.97122 	   0.97134 	    0.002233 	     0.002224 	     0.004457 
15200 	 15 	       15.360 	       14.802 	   0.97128 	   0.97140 	    0.002227 	     0.002218 	     0.004445 
15300 	 15 	       15.349 	       14.792 	   0.97132 	   0.97144 	    0.002223 	     0.002214 	     0.004437 
15400 	 15 	       15.340 	       14.784 	   0.97136 	   0.97147 	    0.002220 	     0.002211 	     0.004431 
15500 	 15 	       15.332 	       14.777 	   0.97139 	   0.97150 	    0.002217 	     0.002208 	     0.004425 
15600 	 15 	       15.326 	       14.770 	   0.97141 	   0.97153 	    0.002215 	     0.002206 	     0.004421 
15700 	 15 	       15.320 	       14.765 	   0.97144 	   0.97155 	    0.002213 	     0.002204 	     0.004417 
15800 	 15 	       15.314 	       14.760 	   0.97146 	   0.97158 	    0.002211 	     0.002202 	     0.004413 
15900 	 15 	       15.309 	       14.755 	   0.97148 	   0.97160 	    0.002209 	     0.002200 	     0.004409 
16000 	 15 	       15.292 	       14.738 	   0.97166 	   0.97177 	    0.002193 	     0.002184 	     0.004378 
16100 	 15 	       15.210 	       14.658 	   0.97193 	   0.97204 	    0.002164 	     0.002156 	     0.004320 
16200 	 15 	       15.196 	       14.644 	   0.97198 	   0.97209 	    0.002159 	     0.002150 	     0.004309 
16300 	 15 	       15.187 	       14.635 	   0.97202 	   0.97213 	    0.002155 	     0.002147 	     0.004302 
16400 	 15 	       15.179 	       14.627 	   0.97205 	   0.97216 	    0.002153 	     0.002144 	     0.004297 
16500 	 15 	       15.172 	       14.621 	   0.97208 	   0.97218 	    0.002150 	     0.002142 	     0.004292 
16600 	 15 	       15.167 	       14.615 	   0.97210 	   0.97221 	    0.002148 	     0.002140 	     0.004288 
16700 	 15 	       15.161 	       14.610 	   0.97212 	   0.97223 	    0.002146 	     0.002138 	     0.004284 
16800 	 15 	       15.156 	       14.606 	   0.97214 	   0.97225 	    0.002145 	     0.002136 	     0.004281 
16900 	 15 	       15.152 	       14.601 	   0.97217 	   0.97227 	    0.002143 	     0.002135 	     0.004278 
17000 	 15 	       15.134 	       14.582 	   0.97232 	   0.97243 	    0.002128 	     0.002120 	     0.004248 
17100 	 15 	       15.062 	       14.511 	   0.97257 	   0.97267 	    0.002102 	     0.002094 	     0.004196 
17200 	 15 	       15.050 	       14.498 	   0.97262 	   0.97272 	    0.002097 	     0.002089 	     0.004186 
17300 	 15 	       15.041 	       14.489 	   0.97265 	   0.97275 	    0.002094 	     0.002086 	     0.004180 
17400 	 15 	       15.035 	       14.482 	   0.97268 	   0.97278 	    0.002092 	     0.002084 	     0.004175 
17500 	 15 	       15.029 	       14.476 	   0.97271 	   0.97281 	    0.002090 	     0.002082 	     0.004171 
17600 	 15 	       15.023 	       14.471 	   0.97273 	   0.97283 	    0.002088 	     0.002080 	     0.004167 
17700 	 15 	       15.018 	       14.466 	   0.97275 	   0.97285 	    0.002086 	     0.002078 	     0.004164 
17800 	 15 	       15.014 	       14.462 	   0.97277 	   0.97287 	    0.002085 	     0.002077 	     0.004161 
17900 	 15 	       15.010 	       14.458 	   0.97279 	   0.97289 	    0.002083 	     0.002075 	     0.004159 
18000 	 15 	       14.991 	       14.438 	   0.97293 	   0.97303 	    0.002070 	     0.002062 	     0.004131 
18100 	 15 	       14.925 	       14.373 	   0.97315 	   0.97325 	    0.002045 	     0.002038 	     0.004083 
18200 	 15 	       14.914 	       14.361 	   0.97320 	   0.97329 	    0.002041 	     0.002034 	     0.004075 
18300 	 15 	       14.906 	       14.354 	   0.97323 	   0.97332 	    0.002038 	     0.002031 	     0.004069 
18400 	 15 	       14.900 	       14.347 	   0.97326 	   0.97335 	    0.002036 	     0.002029 	     0.004065 
18500 	 15 	       14.895 	       14.342 	   0.97328 	   0.97337 	    0.002034 	     0.002027 	     0.004061 
18600 	 15 	       14.890 	       14.337 	   0.97330 	   0.97339 	    0.002033 	     0.002025 	     0.004058 
18700 	 15 	       14.886 	       14.333 	   0.97332 	   0.97341 	    0.002031 	     0.002024 	     0.004055 
18800 	 15 	       14.882 	       14.329 	   0.97333 	   0.97343 	    0.002030 	     0.002023 	     0.004053 
18900 	 15 	       14.878 	       14.325 	   0.97335 	   0.97344 	    0.002029 	     0.002022 	     0.004051 
19000 	 15 	       14.859 	       14.306 	   0.97348 	   0.97357 	    0.002016 	     0.002009 	     0.004025 
19100 	 15 	       14.797 	       14.246 	   0.97369 	   0.97378 	    0.001994 	     0.001987 	     0.003981 
19200 	 15 	       14.788 	       14.235 	   0.97373 	   0.97382 	    0.001990 	     0.001983 	     0.003974 
19300 	 15 	       14.781 	       14.228 	   0.97376 	   0.97384 	    0.001988 	     0.001981 	     0.003969 
19400 	 15 	       14.775 	       14.222 	   0.97378 	   0.97387 	    0.001986 	     0.001979 	     0.003965 
19500 	 15 	       14.770 	       14.217 	   0.97380 	   0.97389 	    0.001984 	     0.001977 	     0.003962 
19600 	 15 	       14.766 	       14.213 	   0.97382 	   0.97391 	    0.001983 	     0.001976 	     0.003959 
19700 	 15 	       14.762 	       14.209 	   0.97384 	   0.97392 	    0.001982 	     0.001975 	     0.003956 
19800 	 15 	       14.758 	       14.205 	   0.97385 	   0.97394 	    0.001981 	     0.001974 	     0.003954 
19900 	 15 	       14.755 	       14.201 	   0.97387 	   0.97395 	    0.001980 	     0.001973 	     0.003952 
20000 	 15 	       14.735 	       14.182 	   0.97398 	   0.97406 	    0.001968 	     0.001961 	     0.003929 
100 	 16 	       19.945 	       19.542 	   0.94186 	   0.94172 	    0.004256 	     0.004257 	     0.008513 
