   13      5     50      1  2019    977 
    0.700      0.400   20000  100      0.000      0.000    100     16 
    0.990 	     0.010 
   2 
    9.3787e-002   0.0000e+000  
  1.0000e+000   0.0000e+000  
  1.0000e+000   0.0000e+000  
  1.0000e+000   0.0000e+000  
  1.0000e+000   0.0000e+000  
  1.9875e+000   0.0000e+000  
  5.7000e+001  -8.0000e+000  
  4.4754e+000   0.0000e+000  
  1.8824e+002   1.7540e+002  
  1.0000e+000   0.0000e+000  
  1.0000e+000   0.0000e+000  
  1.0000e+000   0.0000e+000  
  1.0000e+000   0.0000e+000  
   4.6250e+001   0.0000e+000  
  itr    nh   avger[]   r2avg    mare[] 
100  16 6.010e+001   6.419e-001  6.875e+000 1.140e+001 
100  16 6.632e+001   5.447e-001  1.000e+003 7.091e+000 
   1  6.4186e-001   1.1400e+001   2.4385e+004   6.0096e-001 
  1.0509e+000   6.1204e-001 
   1  5.4467e-001   7.0909e+000   1.5168e+004   6.6317e-001 
  1.1798e+000   5.4932e-001 
