 -1.7637e+000  5.2323e-001 -1.6566e-001 -2.5887e+000 -1.2083e+000
 -4.4657e+000  1.8628e+000  1.0569e-001  1.3760e+000  3.7445e-001
 -1.1341e-001 -1.4742e-001 -1.0776e-001 -6.9581e-002 -3.6020e-002
 -2.9539e-003
 -2.3135e-001
 4.46748247e+000 4.46898771e+000  4.47127792e+000 8.10786130e+000 8.10826182e+000  8.10909199e+000 -8.46153727e-001 -8.45609882e-001  -8.44401657e-001 -4.90771714e+000 -4.90736150e+000  -4.90667392e+000 6.85626299e-001 6.85871086e-001  6.86206679e-001
 8.99340198e+000 8.99311038e+000  8.99262063e+000 -9.04968982e+000 -9.04886157e+000  -9.04717003e+000 3.67131828e+000 3.67024796e+000  3.66858734e+000 -1.18233657e+000 -1.18324981e+000  -1.18444964e+000 -8.90058945e-001 -8.90476669e-001  -8.91130478e-001
 -1.57973430e-001 -1.58059206e-001  -1.58190525e-001 -9.58717138e-002 -9.58671639e-002  -9.58600041e-002 -6.17796945e-002 -6.17381301e-002  -6.16736024e-002 -3.61171343e-002 -3.60762100e-002  -3.60126522e-002 -2.33384061e-002 -2.33214337e-002  -2.32949182e-002
 -2.47398792e-003 -2.47484002e-003  -2.47587657e-003
 2.12835936e-001 2.13770084e-001  2.14838304e-001 2.57896861e+000 2.57916704e+000  2.57951587e+000 -1.10639246e+000 -1.10609643e+000  -1.10548658e+000 1.39787486e+000 1.39808261e+000  1.39842860e+000 1.43452074e+000 1.43466753e+000  1.43479676e+000
 8.69230275e+000 8.69214946e+000  8.69197207e+000 -3.19161604e+000 -3.19114124e+000  -3.19028037e+000 -4.61123408e-001 -4.61773518e-001  -4.62525412e-001 -2.39545923e+000 -2.39605506e+000  -2.39661268e+000 -4.79624768e-001 -4.79864425e-001  -4.80127613e-001
 -9.18548682e-002 -9.19056112e-002  -9.19609590e-002 -6.49085886e-002 -6.49058965e-002  -6.49027924e-002 -1.24055779e-002 -1.23809286e-002  -1.23531875e-002 4.49760946e-004 4.74015163e-004  5.01310877e-004 -6.13335976e-003 -6.12331418e-003  -6.11189255e-003
 -1.34388036e-003 -1.34440180e-003  -1.34476445e-003
 -1.76892376e+000 -1.76892376e+000  -1.76892376e+000 -9.11729268e-001 -9.11729268e-001  -9.11729268e-001 1.52746288e+000 1.52746288e+000  1.52746288e+000 1.95069151e+000 1.95069151e+000  1.95069151e+000 9.91337437e-001 9.91337437e-001  9.91337437e-001
 -6.21370651e-001 -6.21370651e-001  -6.21370651e-001 -5.32613747e+000 -5.32613747e+000  -5.32613747e+000 2.91848829e-001 2.91848829e-001  2.91848829e-001 5.71142707e-001 5.71142707e-001  5.71142707e-001 3.53532018e-001 3.53532018e-001  3.53532018e-001
 7.09427402e-002 7.09427402e-002  7.09427402e-002 -8.89561922e-004 -8.89561922e-004  -8.89561922e-004 -1.38739094e-002 -1.38739094e-002  -1.38739094e-002 -9.03844503e-003 -9.03844503e-003  -9.03844503e-003 -1.63694588e-003 -1.63694588e-003  -1.63694588e-003
 -2.60732791e-004 -2.60732791e-004  -2.60732791e-004
 -1.15096268e+000 -1.15096268e+000  -1.15096268e+000 -7.62408726e-001 -7.62408726e-001  -7.62408726e-001 -1.40381428e-001 -1.40381428e-001  -1.40381428e-001 2.28935648e-001 2.28935648e-001  2.28935648e-001 -2.13392948e+000 -2.13392948e+000  -2.13392948e+000
 -1.17605552e+000 -1.17605552e+000  -1.17605552e+000 8.55415095e-001 8.55415095e-001  8.55415095e-001 2.59995601e-001 2.59995601e-001  2.59995601e-001 -7.64248297e-001 -7.64248297e-001  -7.64248297e-001 -1.27149720e+000 -1.27149720e+000  -1.27149720e+000
 -3.18646963e-001 -3.18646963e-001  -3.18646963e-001 -1.56400616e-002 -1.56400616e-002  -1.56400616e-002 4.23492107e-002 4.23492107e-002  4.23492107e-002 2.36009010e-002 2.36009010e-002  2.36009010e-002 2.89640514e-003 2.89640514e-003  2.89640514e-003
 -4.44167008e-005 -4.44167008e-005  -4.44167008e-005
 2.21232076e+000 2.21229185e+000  2.21221957e+000 -1.98994067e-001 -1.99022467e-001  -1.99093467e-001 1.52057373e+000 1.52056897e+000  1.52055706e+000 2.27126112e-001 2.27124611e-001  2.27120857e-001 1.20426838e+000 1.20426145e+000  1.20424411e+000
 -4.32469307e+000 -4.32466449e+000  -4.32459304e+000 -4.25003344e+000 -4.25003905e+000  -4.25005307e+000 6.15271617e-001 6.15300768e-001  6.15373644e-001 1.58832865e+000 1.58833455e+000  1.58834930e+000 3.86297664e-001 3.86319463e-001  3.86373959e-001
 5.16864819e-002 5.16899090e-002  5.16984766e-002 -1.90045069e-003 -1.90061413e-003  -1.90102273e-003 -1.27653889e-002 -1.27668917e-002  -1.27706488e-002 -8.77056201e-003 -8.77205263e-003  -8.77577918e-003 -1.08010252e-003 -1.08072049e-003  -1.08226541e-003
 -4.54760600e-005 -4.54379321e-005  -4.53426125e-005
 1.13214917e+000 1.13214380e+000  1.13213037e+000 -2.80329673e+000 -2.80329874e+000  -2.80330378e+000 -2.94722692e+000 -2.94722833e+000  -2.94723185e+000 3.03220359e+000 3.03220250e+000  3.03219977e+000 1.09503349e+000 1.09503067e+000  1.09502360e+000
 1.08604686e+000 1.08604772e+000  1.08604988e+000 2.04979636e+000 2.04979493e+000  2.04979135e+000 2.90910389e-001 2.90915029e-001  2.90926628e-001 5.61168564e-002 5.61216499e-002  5.61336335e-002 8.52903898e-001 8.52906313e-001  8.52912351e-001
 7.01296326e-002 7.01300863e-002  7.01312205e-002 -1.34073550e-002 -1.34073775e-002  -1.34074339e-002 -2.79149023e-002 -2.79151185e-002  -2.79156590e-002 -1.93474380e-002 -1.93476517e-002  -1.93481860e-002 -5.88175323e-003 -5.88184068e-003  -5.88205930e-003
 -2.77387134e-004 -2.77380032e-004  -2.77362274e-004
 1.60308443e+000 1.60466170e+000  1.60707284e+000 -5.63596644e-001 -5.63178834e-001  -5.62312325e-001 -6.31099956e+000 -6.31042871e+000  -6.30915906e+000 2.57041038e+000 2.57078411e+000  2.57150883e+000 -8.38099484e+000 -8.38073621e+000  -8.38037709e+000
 -6.76456305e+000 -6.76486505e+000  -6.76537120e+000 3.00214074e+000 3.00300854e+000  3.00478374e+000 6.38674988e+000 6.38562842e+000  6.38388071e+000 1.04529081e-002 9.49207014e-003  8.21672338e-003 -8.28905435e-002 -8.33275812e-002  -8.40139980e-002
 -1.30754326e-001 -1.30844162e-001  -1.30982296e-001 -1.19193677e-001 -1.19188911e-001  -1.19181379e-001 -7.51553229e-002 -7.51117703e-002  -7.50438534e-002 -4.59462390e-002 -4.59033576e-002  -4.58364626e-002 -2.70829013e-002 -2.70651184e-002  -2.70372156e-002
 -2.95079308e-003 -2.95168774e-003  -2.95278674e-003
 1.90820231e+000 1.90977920e+000  1.91223044e+000 1.97116869e-002 2.01385946e-002  2.10326167e-002 -4.70619763e+000 -4.70562527e+000  -4.70434763e+000 1.92663184e+000 1.92700507e+000  1.92773416e+000 -1.25237399e+000 -1.25211337e+000  -1.25174158e+000
 -3.98299566e+000 -3.98330521e+000  -3.98383690e+000 2.27524434e+000 2.27611163e+000  2.27789609e+000 1.65043324e+000 1.64930860e+000  1.64752464e+000 -1.39010158e+000 -1.39105812e+000  -1.39235290e+000 -4.61864556e-001 -4.62306960e-001  -4.63017670e-001
 -2.36637855e-001 -2.36728397e-001  -2.36870611e-001 -1.31433304e-001 -1.31428505e-001  -1.31420776e-001 -6.61127908e-002 -6.60689428e-002  -6.59991901e-002 -3.93137784e-002 -3.92706019e-002  -3.92018896e-002 -2.69764308e-002 -2.69585253e-002  -2.69298727e-002
 -3.05175771e-003 -3.05266062e-003  -3.05381074e-003
 -1.39027130e+000 -1.38913915e+000  -1.38743467e+000 -3.76139372e+000 -3.76109307e+000  -3.76047227e+000 8.02877072e-002 8.06948180e-002  8.15968714e-002 4.26454574e-001 4.26721039e-001  4.27233159e-001 3.29460328e+000 3.29478591e+000  3.29503124e+000
 7.19653610e-001 7.19432989e-001  7.19064312e-001 -8.14371795e-001 -8.13749934e-001  -8.12485066e-001 -5.27326616e+000 -5.27407051e+000  -5.27530536e+000 -2.64556639e+000 -2.64625162e+000  -2.64713664e+000 -3.54229440e-001 -3.54543289e-001  -3.55029405e-001
 -2.31653977e-001 -2.31718425e-001  -2.31816007e-001 -1.06289799e-001 -1.06286382e-001  -1.06281059e-001 -4.39796223e-002 -4.39484028e-002  -4.39004596e-002 -2.45289141e-002 -2.44981762e-002  -2.44509547e-002 -1.80985801e-002 -1.80858325e-002  -1.80661295e-002
 -2.09304103e-003 -2.09368132e-003  -2.09444599e-003
 -8.10359506e+000 -8.10250456e+000  -8.10077259e+000 1.93278458e+000 1.93308380e+000  1.93371634e+000 7.78413447e-001 7.78817623e-001  7.79725865e-001 -1.16080374e+000 -1.16054245e+000  -1.16002529e+000 -1.57008844e+000 -1.56991179e+000  -1.56965673e+000
 2.38466370e+000 2.38444784e+000  2.38406968e+000 7.20942535e+000 7.21003656e+000  7.21130869e+000 -2.37517159e+000 -2.37594861e+000  -2.37720583e+000 -1.35581150e+000 -1.35646601e+000  -1.35737099e+000 8.44827807e-001 8.44522722e-001  8.44023624e-001
 -9.12381935e-003 -9.18624773e-003  -9.28620677e-003 -1.06327113e-001 -1.06323799e-001  -1.06318360e-001 -1.00952821e-001 -1.00922568e-001  -1.00873522e-001 -6.52619205e-002 -6.52321318e-002  -6.51838210e-002 -2.82290615e-002 -2.82167037e-002  -2.81965534e-002
 -2.33679911e-003 -2.33741350e-003  -2.33821114e-003
 -2.78791501e+000 -2.78623801e+000  -2.78349899e+000 -3.02463583e+000 -3.02416221e+000  -3.02314706e+000 1.91909841e+000 1.91972646e+000  1.92114720e+000 -6.12175583e-001 -6.11772737e-001  -6.10964484e-001 2.15545714e+000 2.15573148e+000  2.15614463e+000
 -2.13109971e+000 -2.13144074e+000  -2.13205724e+000 -1.81865567e+000 -1.81771128e+000  -1.81572439e+000 4.34499256e-001 4.33299615e-001  4.31302324e-001 -8.15738418e-001 -8.16738729e-001  -8.18170520e-001 -3.13603828e-001 -3.14079836e-001  -3.14884502e-001
 -1.86393197e-001 -1.86490101e-001  -1.86650336e-001 -8.82775306e-002 -8.82723911e-002  -8.82637018e-002 -3.07475846e-002 -3.07006684e-002  -3.06222424e-002 -1.65343946e-002 -1.64881931e-002  -1.64109317e-002 -1.43418797e-002 -1.43227114e-002  -1.42904962e-002
 -2.34693187e-003 -2.34788448e-003  -2.34918670e-003
 1.38983469e+000 1.39143648e+000  1.39420444e+000 -1.32343116e+000 -1.32296316e+000  -1.32193683e+000 3.85530899e+000 3.85593077e+000  3.85735813e+000 9.86071528e-001 9.86464714e-001  9.87278501e-001 -1.18025389e+000 -1.17999096e+000  -1.17956567e+000
 1.53780486e+000 1.53747498e+000  1.53685111e+000 3.74994094e+000 3.75086580e+000  3.75285969e+000 1.06204616e+000 1.06089684e+000  1.05887579e+000 1.59996655e+000 1.59902082e+000  1.59756592e+000 4.04610430e-001 4.04152162e-001  4.03334327e-001
 -5.95195793e-002 -5.96125636e-002  -5.97752434e-002 -9.85225315e-002 -9.85175920e-002  -9.85087816e-002 -7.13729601e-002 -7.13279056e-002  -7.12483325e-002 -4.64573697e-002 -4.64129982e-002  -4.63346033e-002 -2.33634211e-002 -2.33450046e-002  -2.33123245e-002
 -2.43396504e-003 -2.43486740e-003  -2.43620512e-003
 2.00603169e+000 2.00744867e+000  2.00975535e+000 7.30886029e-001 7.31291427e-001  7.32161328e-001 -5.71727012e-001 -5.71200959e-001  -5.70012845e-001 -2.57798078e+000 -2.57764326e+000  -2.57696856e+000 1.25761774e+000 1.25785016e+000  1.25819931e+000
 -7.36676162e-001 -7.36971897e-001  -7.37510510e-001 -3.47210748e+000 -3.47131560e+000  -3.46965397e+000 -4.03712260e+000 -4.03813850e+000  -4.03982648e+000 1.41308796e+000 1.41224587e+000  1.41104952e+000 1.22129293e-001 1.21722786e-001  1.21034156e-001
 -8.49420257e-002 -8.50244684e-002  -8.51608357e-002 -7.56149251e-002 -7.56105601e-002  -7.56031843e-002 -4.00055763e-002 -3.99657216e-002  -3.98991282e-002 -2.40638078e-002 -2.40245572e-002  -2.39589452e-002 -1.52764376e-002 -1.52601545e-002  -1.52328001e-002
 -1.96310363e-003 -1.96391755e-003  -1.96503470e-003
 -1.34934245e+000 -1.34791656e+000  -1.34533788e+000 -6.51620990e-001 -6.51187181e-001  -6.50217237e-001 -2.53474650e+000 -2.53417740e+000  -2.53285599e+000 1.48664420e+000 1.48699912e+000  1.48775152e+000 -4.55286908e-001 -4.55053871e-001  -4.54656303e-001
 3.35518108e+000 3.35487722e+000  3.35427775e+000 -6.59573924e-001 -6.58734018e-001  -6.56888049e-001 -1.41857282e+000 -1.41960002e+000  -1.42148836e+000 -1.03331604e+000 -1.03414504e+000  -1.03549233e+000 -8.29568026e-001 -8.29981549e-001  -8.30753922e-001
 -2.80538706e-001 -2.80622137e-001  -2.80775067e-001 -7.64417895e-002 -7.64373552e-002  -7.64290915e-002 -3.83653250e-003 -3.79612184e-003  -3.72146169e-003 1.92515759e-003 1.96495995e-003  2.03852145e-003 -9.65789814e-003 -9.64137155e-003  -9.61071018e-003
 -1.95422914e-003 -1.95502883e-003  -1.95629581e-003
 -2.24215095e+000 -2.24079549e+000  -2.23857634e+000 -2.20312109e+000 -2.20273818e+000  -2.20191680e+000 2.70461100e+000 2.70511984e+000  2.70627175e+000 -3.69611824e-001 -3.69285763e-001  -3.68630617e-001 2.96579510e+000 2.96601635e+000  2.96635004e+000
 -1.52972523e+000 -1.53000068e+000  -1.53049934e+000 -3.57754385e+000 -3.57677887e+000  -3.57516741e+000 1.29166570e+000 1.29069639e+000  1.28907917e+000 -8.91432774e-001 -8.92240742e-001  -8.93400538e-001 -6.81351612e-002 -6.85195791e-002  -6.91705614e-002
 -1.49666177e-001 -1.49744455e-001  -1.49874149e-001 -1.19139521e-001 -1.19135369e-001  -1.19128334e-001 -7.20566482e-002 -7.20187455e-002  -7.19552598e-002 -4.55419137e-002 -4.55045888e-002  -4.54420470e-002 -2.61647296e-002 -2.61492435e-002  -2.61231655e-002
 -2.72611513e-003 -2.72688358e-003  -2.72793625e-003
 2.96045628e+000 2.96171459e+000  2.96396425e+000 -1.07144468e-001 -1.06769515e-001  -1.05936258e-001 5.05129215e+000 5.05179190e+000  5.05294917e+000 1.54326873e+000 1.54358194e+000  1.54424234e+000 -1.30549172e+000 -1.30528526e+000  -1.30493726e+000
 2.92273580e+000 2.92247494e+000  2.92196834e+000 3.23655168e+000 3.23729039e+000  3.23890653e+000 1.90152006e+000 1.90061590e+000  1.89897313e+000 2.12500202e+000 2.12426411e+000  2.12307842e+000 8.27883399e-001 8.27522059e-001  8.26856291e-001
 8.94347889e-003 8.87028392e-003  8.73786714e-003 -1.31624164e-001 -1.31620271e-001  -1.31613104e-001 -1.22554286e-001 -1.22518799e-001  -1.22454042e-001 -8.27539408e-002 -8.27189906e-002  -8.26551925e-002 -3.73532570e-002 -3.73387469e-002  -3.73121546e-002
 -2.82784220e-003 -2.82854609e-003  -2.82964038e-003
 3.54983913e+000 3.55093765e+000  3.55272686e+000 2.54470174e+000 2.54501830e+000  2.54569849e+000 -4.00799393e-001 -4.00392551e-001  -3.99473818e-001 -2.90338888e+000 -2.90312807e+000  -2.90260700e+000 1.74643906e+000 1.74661909e+000  1.74688956e+000
 -8.64793240e-002 -8.67116372e-002  -8.71369670e-002 -5.35468567e+000 -5.35407300e+000  -5.35278766e+000 -4.20769321e+000 -4.20848148e+000  -4.20979249e+000 1.93539913e+000 1.93474806e+000  1.93382429e+000 4.99409294e-001 4.99092596e-001  4.98554596e-001
 -2.86545024e-002 -2.87186158e-002  -2.88248883e-002 -1.12347741e-001 -1.12344349e-001  -1.12338608e-001 -9.11886706e-002 -9.11576981e-002  -9.11058581e-002 -5.99355154e-002 -5.99050115e-002  -5.98539334e-002 -2.97317725e-002 -2.97191182e-002  -2.96978241e-002
 -2.42822372e-003 -2.42885728e-003  -2.42973048e-003
 -5.06846587e-001 -5.05782917e-001  -5.03761251e-001 8.20062180e-001 8.20397504e-001  8.21161737e-001 -2.59889899e+000 -2.59846029e+000  -2.59742906e+000 1.79470909e+000 1.79497889e+000  1.79556618e+000 -3.66544839e-001 -3.66371457e-001  -3.66057626e-001
 4.36285488e+000 4.36262324e+000  4.36214768e+000 -1.83402684e+000 -1.83338510e+000  -1.83194482e+000 -1.06668295e+000 -1.06745165e+000  -1.06893400e+000 -9.29705866e-001 -9.30315815e-001  -9.31371822e-001 -5.99586323e-001 -5.99897812e-001  -6.00507515e-001
 -2.49051083e-001 -2.49113669e-001  -2.49234155e-001 -1.08369959e-001 -1.08366628e-001  -1.08360126e-001 -4.63427126e-002 -4.63123881e-002  -4.62536231e-002 -2.79437751e-002 -2.79139047e-002  -2.78560020e-002 -2.20591453e-002 -2.20467373e-002  -2.20226061e-002
 -2.31273260e-003 -2.31332402e-003  -2.31432919e-003
 2.82347653e-001 2.82347653e-001  2.82347653e-001 2.16731887e+000 2.16731887e+000  2.16731887e+000 8.84930984e-001 8.84930984e-001  8.84930984e-001 -2.49389384e+000 -2.49389384e+000  -2.49389384e+000 -2.75641513e-001 -2.75641513e-001  -2.75641513e-001
 -1.48131355e+000 -1.48131355e+000  -1.48131355e+000 -1.97852561e+000 -1.97852561e+000  -1.97852561e+000 -1.98143066e+000 -1.98143066e+000  -1.98143066e+000 1.14948508e+000 1.14948508e+000  1.14948508e+000 3.75807141e-001 3.75807141e-001  3.75807141e-001
 -1.60232633e-003 -1.60232633e-003  -1.60232632e-003 -1.04617473e-001 -1.04617473e-001  -1.04617473e-001 -9.48649759e-002 -9.48649759e-002  -9.48649759e-002 -6.22997486e-002 -6.22997486e-002  -6.22997486e-002 -3.09233341e-002 -3.09233341e-002  -3.09233341e-002
 -1.72440844e-003 -1.72440844e-003  -1.72440844e-003
 5.75849315e-001 5.75849315e-001  5.75849315e-001 1.87652512e+000 1.87652512e+000  1.87652512e+000 -1.01354806e+000 -1.01354806e+000  -1.01354806e+000 1.77431730e+000 1.77431730e+000  1.77431730e+000 5.75420550e-002 5.75420550e-002  5.75420550e-002
 -2.95473680e-001 -2.95473680e-001  -2.95473680e-001 1.65185579e+000 1.65185579e+000  1.65185579e+000 3.67831762e+000 3.67831762e+000  3.67831762e+000 1.08567781e-001 1.08567781e-001  1.08567781e-001 7.25523959e-001 7.25523959e-001  7.25523959e-001
 7.79347926e-002 7.79347926e-002  7.79347926e-002 -5.59895123e-002 -5.59895123e-002  -5.59895123e-002 -9.11350340e-002 -9.11350340e-002  -9.11350340e-002 -6.61838825e-002 -6.61838825e-002  -6.61838825e-002 -2.27759557e-002 -2.27759557e-002  -2.27759557e-002
 -9.51487088e-004 -9.51487088e-004  -9.51487088e-004
 -1.09534328e+000 -1.09278553e+000  -1.08851133e+000 -5.83226726e-001 -5.82405693e-001  -5.80599470e-001 5.66323329e-001 5.67245998e-001  5.69334749e-001 3.60985064e-001 3.61570742e-001  3.62744855e-001 -3.04271902e-001 -3.03842594e-001  -3.03167161e-001
 -4.58827540e-001 -4.59462791e-001  -4.60706547e-001 2.62244002e+000 2.62382772e+000  2.62675126e+000 -1.36127793e+000 -1.36314528e+000  -1.36635233e+000 2.43564548e+000 2.43418093e+000  2.43207891e+000 -7.32626078e-001 -7.33419077e-001  -7.34839456e-001
 -2.14177696e-001 -2.14334162e-001  -2.14605678e-001 -4.51354511e-002 -4.51272507e-002  -4.51128172e-002 2.26519586e-002 2.27269040e-002  2.28575757e-002 2.32124540e-002 2.32863059e-002  2.34151513e-002 2.82335435e-003 2.85398434e-003  2.90764924e-003
 -1.42297415e-003 -1.42454697e-003  -1.42690463e-003
 -2.39986615e+000 -2.39999985e+000  -2.40033408e+000 -2.21574888e+000 -2.21588732e+000  -2.21623343e+000 -6.53591201e-001 -6.53609466e-001  -6.53655128e-001 -2.93012708e+000 -2.93013148e+000  -2.93014248e+000 -2.92377950e-001 -2.92409233e-001  -2.92487442e-001
 -4.00955077e+000 -4.00940718e+000  -4.00904820e+000 9.58205427e-001 9.58178198e-001  9.58110127e-001 -1.37094185e+000 -1.37080894e+000  -1.37047667e+000 -1.95564239e+000 -1.95562663e+000  -1.95558720e+000 1.05844550e-001 1.05949558e-001  1.06212077e-001
 -4.67374136e-002 -4.67210281e-002  -4.66800643e-002 -2.03816048e-002 -2.03823771e-002  -2.03843081e-002 -5.14805286e-003 -5.15517988e-003  -5.17299743e-003 -3.72800233e-003 -3.73506834e-003  -3.75273336e-003 -4.82885538e-003 -4.83177833e-003  -4.83908571e-003
 -8.25182113e-004 -8.24989285e-004  -8.24507213e-004
 -6.88204992e+000 -6.88254389e+000 -6.88332479e+000
 -4.02306762e+000 -4.02455574e+000 -4.02692787e+000
 -5.89870973e+000 -5.89888301e+000 -5.89927825e+000
 -4.09031260e+000 -4.09046873e+000 -4.09078415e+000
 -6.39065310e+000 -6.39071759e+000 -6.39081353e+000
 3.65640821e+000 3.65480492e+000 3.65210745e+000
 -3.53752160e+000 -3.53815522e+000 -3.53956306e+000
 4.14487208e+000 4.14420367e+000 4.14326388e+000
 4.49118144e+000 4.48978643e+000 4.48709527e+000
 2.47852549e+000 2.47818267e+000 2.47760953e+000
 5.31110943e-001 5.30782853e-001 5.30244181e-001
 -2.12449021e-002 -2.17012561e-002 -2.24581450e-002
 -1.71987463e-001 -1.72606043e-001 -1.73632835e-001
 -1.61433205e-001 -1.62138850e-001 -1.63309672e-001
 -6.47926603e-002 -6.55484404e-002 -6.68026290e-002
 5.29042133e-003 4.45975100e-003 3.08110913e-003
