  9.0575e-001 -1.1954e+000 -1.5036e+000  2.7386e-001 -5.9346e+000
  1.5093e+000 -1.4835e+000 -5.1246e+000 -4.9688e-001 -6.0311e+000
  2.3881e+000 -1.7417e+000 -1.8270e+000 -6.7604e-001  7.2148e-001
 -2.7723e-001
  4.4352e+000
 9.59206665e+000 9.59206665e+000  9.59206665e+000 -1.11706633e+001 -1.11706633e+001  -1.11706633e+001 1.19218893e+001 1.19218894e+001  1.19218895e+001 -2.72237801e+000 -2.72237801e+000  -2.72237801e+000 1.52425557e+001 1.52425677e+001  1.52425827e+001
 6.48864993e+000 6.48864990e+000  6.48864988e+000 -3.44255197e+000 -3.44255197e+000  -3.44255197e+000 -5.12442182e-001 -5.12441802e-001  -5.12441432e-001 -5.96895253e+000 -5.96891431e+000  -5.96887725e+000 -5.77836549e+000 -5.77836549e+000  -5.77836549e+000
 -8.74408291e+000 -8.74408291e+000  -8.74408291e+000 -5.53505965e+000 -5.53505965e+000  -5.53505965e+000 2.80178820e+000 2.80188322e+000  2.80197452e+000 -3.47298887e+000 -3.47298408e+000  -3.47297937e+000 -6.68051324e-001 -6.68022448e-001  -6.67994670e-001
 7.16201683e-002 7.16378170e-002  7.16548243e-002
 1.30968365e+001 1.30968365e+001  1.30968365e+001 -7.09666590e+000 -7.09666590e+000  -7.09666590e+000 -1.20699195e+000 -1.20699195e+000  -1.20699195e+000 9.47974464e+000 9.47974464e+000  9.47974464e+000 -1.90964717e+001 -1.90964717e+001  -1.90964717e+001
 -1.27489058e+001 -1.27489058e+001  -1.27489058e+001 3.40216296e+000 3.40216296e+000  3.40216296e+000 -1.00806533e+001 -1.00806533e+001  -1.00806533e+001 4.39457385e+000 4.39457385e+000  4.39457385e+000 -8.24921726e+000 -8.24921726e+000  -8.24921726e+000
 7.60109936e+000 7.60109936e+000  7.60109936e+000 -2.97311137e+000 -2.97311137e+000  -2.97311137e+000 -1.12134730e+000 -1.12134730e+000  -1.12134730e+000 5.49400202e-001 5.49400202e-001  5.49400202e-001 1.29254973e+000 1.29254973e+000  1.29254973e+000
 -4.03369087e-001 -4.03369087e-001  -4.03369087e-001
 -9.22060311e+000 -9.22060311e+000  -9.22060311e+000 2.36102330e+000 2.36102330e+000  2.36102330e+000 1.28216608e+001 1.28216608e+001  1.28216608e+001 -5.12379379e+000 -5.12379379e+000  -5.12379379e+000 3.49586139e+000 3.49586139e+000  3.49586139e+000
 -7.06352403e+000 -7.06352403e+000  -7.06352403e+000 -1.61381733e+001 -1.61381733e+001  -1.61381733e+001 2.32891892e-001 2.32891966e-001  2.32892149e-001 3.59585070e-001 3.59585070e-001  3.59585070e-001 2.78513290e-001 2.78513290e-001  2.78513290e-001
 1.25152461e+000 1.25152461e+000  1.25152461e+000 7.51672784e+000 7.51672784e+000  7.51672784e+000 -5.37647484e+000 -5.37647484e+000  -5.37647484e+000 -2.05155762e-001 -2.05155759e-001  -2.05155754e-001 -7.06330089e-001 -7.06330087e-001  -7.06330081e-001
 2.09633839e-001 2.09633981e-001  2.09634336e-001
 -5.85639293e+000 -5.85639293e+000  -5.85639293e+000 3.54900178e+000 3.54900178e+000  3.54900178e+000 -1.01931303e-001 -1.01931303e-001  -1.01931303e-001 4.99998653e+000 4.99998653e+000  4.99998653e+000 -1.62715760e+001 -1.62715760e+001  -1.62715760e+001
 -1.83217542e+000 -1.83217542e+000  -1.83217542e+000 7.24896328e+000 7.24896328e+000  7.24896328e+000 -5.88834562e-001 -5.88834562e-001  -5.88834562e-001 4.90501841e-001 4.90501841e-001  4.90501841e-001 -4.20821696e+000 -4.20821696e+000  -4.20821696e+000
 6.93531021e-002 6.93531021e-002  6.93531021e-002 -2.94944680e+000 -2.94944680e+000  -2.94944680e+000 1.42263595e+000 1.42263595e+000  1.42263595e+000 1.15625742e+000 1.15625742e+000  1.15625742e+000 -1.37949848e+000 -1.37949848e+000  -1.37949848e+000
 -6.81604880e-001 -6.81604880e-001  -6.81604880e-001
 -8.16624397e+000 -8.16624397e+000  -8.16624397e+000 6.82479619e+000 6.82479619e+000  6.82479619e+000 -2.55955647e+001 -2.55955647e+001  -2.55955647e+001 -7.35756228e+000 -7.35756228e+000  -7.35756228e+000 9.57101678e+000 9.57101678e+000  9.57101678e+000
 1.06645854e+001 1.06645854e+001  1.06645854e+001 5.81035597e+000 5.81035597e+000  5.81035597e+000 4.92576621e+000 4.92576621e+000  4.92576621e+000 2.12998643e-001 2.12998643e-001  2.12998643e-001 9.89713036e+000 9.89713036e+000  9.89713036e+000
 6.65661046e-001 6.65661046e-001  6.65661046e-001 4.13494127e-001 4.13494127e-001  4.13494127e-001 -2.38790946e-001 -2.38790946e-001  -2.38790946e-001 1.26449879e+000 1.26449879e+000  1.26449879e+000 1.37048720e+000 1.37048720e+000  1.37048720e+000
 3.41684694e-001 3.41684694e-001  3.41684694e-001
 -2.68291946e+001 -2.68291946e+001  -2.68291946e+001 3.79258648e+000 3.79258649e+000  3.79258649e+000 1.16563879e+001 1.16563880e+001  1.16563881e+001 9.12533145e-001 9.12533145e-001  9.12533145e-001 7.75594685e-001 7.75606628e-001  7.75621720e-001
 1.66501332e+001 1.66501332e+001  1.66501332e+001 5.24976106e+000 5.24976106e+000  5.24976106e+000 6.78783775e-002 6.78787574e-002  6.78791272e-002 6.00449051e-001 6.00487266e-001  6.00524324e-001 -9.51795266e+000 -9.51795266e+000  -9.51795266e+000
 2.33493278e+000 2.33493278e+000  2.33493278e+000 -1.62357708e+000 -1.62357708e+000  -1.62357708e+000 2.14624949e-001 2.14719961e-001  2.14811265e-001 -6.69840850e-001 -6.69836061e-001  -6.69831351e-001 7.42898444e-001 7.42927320e-001  7.42955097e-001
 -3.34139162e-001 -3.34121514e-001  -3.34104506e-001
 1.29344855e+001 1.29344855e+001  1.29344855e+001 -7.69434727e+000 -7.69434727e+000  -7.69434727e+000 1.69653039e+001 1.69653039e+001  1.69653039e+001 3.74453064e-001 3.74453064e-001  3.74453064e-001 2.12271572e+001 2.12271572e+001  2.12271572e+001
 1.27250068e+000 1.27250068e+000  1.27250068e+000 -1.84588451e+001 -1.84588451e+001  -1.84588451e+001 -9.12023020e+000 -9.12023020e+000  -9.12023020e+000 -3.50170320e+000 -3.50170320e+000  -3.50170320e+000 -8.44158516e+000 -8.44158516e+000  -8.44158516e+000
 5.16155848e+000 5.16155848e+000  5.16155848e+000 5.44347512e+000 5.44347512e+000  5.44347512e+000 -5.22704764e-001 -5.22704764e-001  -5.22704764e-001 1.53570790e+000 1.53570790e+000  1.53570790e+000 1.37414495e+000 1.37414495e+000  1.37414495e+000
 1.02683339e-001 1.02683339e-001  1.02683339e-001
 -1.58703943e+001 -1.58703943e+001  -1.58703943e+001 -8.37044825e+000 -8.37044825e+000  -8.37044825e+000 1.05712360e-001 1.05712360e-001  1.05712360e-001 -6.68960724e-001 -6.68960724e-001  -6.68960724e-001 2.05687163e+001 2.05687163e+001  2.05687163e+001
 -1.88644481e+001 -1.88644481e+001  -1.88644481e+001 1.95821636e+001 1.95821636e+001  1.95821636e+001 -2.78157307e-001 -2.78157307e-001  -2.78157307e-001 9.71136768e+000 9.71136768e+000  9.71136768e+000 -6.75716452e+000 -6.75716452e+000  -6.75716452e+000
 5.20377790e+000 5.20377790e+000  5.20377790e+000 -3.18421460e+000 -3.18421460e+000  -3.18421460e+000 2.57047671e+000 2.57047671e+000  2.57047671e+000 -1.45311194e+000 -1.45311194e+000  -1.45311194e+000 9.25403749e-001 9.25403749e-001  9.25403749e-001
 6.63462071e-002 6.63462071e-002  6.63462071e-002
 1.59887887e-001 1.59887887e-001  1.59887887e-001 -1.46558113e+001 -1.46558113e+001  -1.46558113e+001 -1.57144317e+001 -1.57144317e+001  -1.57144317e+001 -1.91860128e+001 -1.91860128e+001  -1.91860128e+001 -2.37873092e+001 -2.37873092e+001  -2.37873092e+001
 -1.97217375e+000 -1.97217375e+000  -1.97217375e+000 -8.55772497e+000 -8.55772497e+000  -8.55772497e+000 9.72668368e+000 9.72668368e+000  9.72668368e+000 6.44553664e+000 6.44553664e+000  6.44553664e+000 8.42162274e+000 8.42162274e+000  8.42162274e+000
 -7.43598133e+000 -7.43598133e+000  -7.43598133e+000 -3.70812622e+000 -3.70812622e+000  -3.70812622e+000 -1.79444386e-001 -1.79444386e-001  -1.79444386e-001 4.13302182e+000 4.13302182e+000  4.13302182e+000 2.88096469e+000 2.88096469e+000  2.88096469e+000
 -3.34375803e-002 -3.34375803e-002  -3.34375803e-002
 1.52867136e+001 1.52867136e+001  1.52867136e+001 -4.06486607e+000 -4.06486607e+000  -4.06486607e+000 1.55188028e+001 1.55188028e+001  1.55188028e+001 1.45729828e+001 1.45729828e+001  1.45729828e+001 1.18829288e+000 1.18829288e+000  1.18829288e+000
 5.93506896e+000 5.93506896e+000  5.93506896e+000 6.91575404e+000 6.91575404e+000  6.91575404e+000 -6.66178426e+000 -6.66178426e+000  -6.66178426e+000 -6.83095994e+000 -6.83095994e+000  -6.83095994e+000 1.02689745e+000 1.02689745e+000  1.02689745e+000
 -4.88619370e-001 -4.88619370e-001  -4.88619370e-001 -7.35232223e+000 -7.35232223e+000  -7.35232223e+000 1.13093831e+000 1.13093831e+000  1.13093831e+000 -1.59094655e+000 -1.59094655e+000  -1.59094655e+000 -1.33853106e+000 -1.33853106e+000  -1.33853106e+000
 -9.16604319e-002 -9.16604319e-002  -9.16604319e-002
 8.48039763e+000 8.48039763e+000  8.48039763e+000 1.30488875e+001 1.30488875e+001  1.30488875e+001 -1.75170980e+001 -1.75170980e+001  -1.75170980e+001 5.46127983e+000 5.46127983e+000  5.46127982e+000 -1.64554885e+000 -1.64554885e+000  -1.64554885e+000
 -6.46977805e+000 -6.46977805e+000  -6.46977805e+000 -3.17222043e+000 -3.17222043e+000  -3.17222043e+000 7.34074055e+000 7.34074062e+000  7.34074081e+000 -5.51297047e+000 -5.51297047e+000  -5.51297047e+000 -8.03902453e+000 -8.03902453e+000  -8.03902453e+000
 -2.15269261e+000 -2.15269261e+000  -2.15269261e+000 -3.42747222e+000 -3.42747222e+000  -3.42747222e+000 -3.59753876e-001 -3.59753875e-001  -3.59753875e-001 -3.22635222e+000 -3.22635221e+000  -3.22635221e+000 -1.77746695e+000 -1.77746695e+000  -1.77746695e+000
 2.96949063e-002 2.96950482e-002  2.96954029e-002
 5.59355207e+000 5.59355207e+000  5.59355207e+000 1.27917014e+001 1.27917014e+001  1.27917014e+001 -1.27249791e+001 -1.27249791e+001  -1.27249791e+001 -1.66921665e+000 -1.66921665e+000  -1.66921665e+000 -2.47940295e+001 -2.47940295e+001  -2.47940295e+001
 -3.80760069e-001 -3.80760069e-001  -3.80760069e-001 -3.94579270e+000 -3.94579270e+000  -3.94579270e+000 -7.09840279e+000 -7.09840279e+000  -7.09840279e+000 -1.42301288e+000 -1.42301288e+000  -1.42301288e+000 1.52470506e+001 1.52470506e+001  1.52470506e+001
 -1.77942064e+000 -1.77942064e+000  -1.77942064e+000 1.03248414e+001 1.03248414e+001  1.03248414e+001 -5.36632588e+000 -5.36632588e+000  -5.36632588e+000 5.63533606e-001 5.63533606e-001  5.63533606e-001 -2.89825677e+000 -2.89825677e+000  -2.89825677e+000
 -2.01522543e-001 -2.01522543e-001  -2.01522543e-001
 -6.90365169e+000 -6.90365169e+000  -6.90365169e+000 -6.82799012e+000 -6.82799012e+000  -6.82799012e+000 -4.08825455e+000 -4.08825455e+000  -4.08825455e+000 1.63021622e+000 1.63021622e+000  1.63021622e+000 -3.53129200e+000 -3.53129200e+000  -3.53129200e+000
 -1.29848863e+001 -1.29848863e+001  -1.29848863e+001 -3.80405754e+000 -3.80405754e+000  -3.80405754e+000 3.03341409e-001 3.03341409e-001  3.03341409e-001 9.92013552e+000 9.92013552e+000  9.92013552e+000 1.20148498e+000 1.20148498e+000  1.20148498e+000
 6.23325249e+000 6.23325249e+000  6.23325249e+000 -2.68675509e+000 -2.68675509e+000  -2.68675509e+000 -1.29461868e+000 -1.29461868e+000  -1.29461868e+000 1.24119429e+000 1.24119429e+000  1.24119429e+000 -7.82714238e-001 -7.82714238e-001  -7.82714238e-001
 -3.97032024e-002 -3.97032024e-002  -3.97032024e-002
 1.68903211e+000 1.68903211e+000  1.68903211e+000 4.01696239e+000 4.01696239e+000  4.01696239e+000 8.57621635e+000 8.57621635e+000  8.57621635e+000 1.13607075e+001 1.13607075e+001  1.13607075e+001 1.52171157e+001 1.52171157e+001  1.52171157e+001
 1.95176739e+000 1.95176739e+000  1.95176739e+000 8.43467068e+000 8.43467068e+000  8.43467068e+000 -1.21827655e+000 -1.21827647e+000  -1.21827629e+000 -1.25128749e+000 -1.25128749e+000  -1.25128749e+000 -9.76481263e+000 -9.76481263e+000  -9.76481263e+000
 -1.60834403e+000 -1.60834403e+000  -1.60834403e+000 1.63370239e+000 1.63370239e+000  1.63370239e+000 -3.03694339e+000 -3.03694339e+000  -3.03694339e+000 -4.46615789e+000 -4.46615789e+000  -4.46615788e+000 -5.65010510e-001 -5.65010507e-001  -5.65010501e-001
 -5.51740434e-001 -5.51740292e-001  -5.51739938e-001
 -4.68899418e+000 -4.68899418e+000  -4.68899418e+000 -1.17753713e+000 -1.17753713e+000  -1.17753713e+000 -1.21562475e+001 -1.21562474e+001  -1.21562473e+001 -1.16918766e+001 -1.16918766e+001  -1.16918766e+001 -1.77680649e+001 -1.77680530e+001  -1.77680379e+001
 -2.69798599e+001 -2.69798600e+001  -2.69798600e+001 -1.67859307e+001 -1.67859307e+001  -1.67859307e+001 4.89593998e+000 4.89594036e+000  4.89594073e+000 1.04564898e+001 1.04565280e+001  1.04565650e+001 3.74433180e-001 3.74433181e-001  3.74433182e-001
 -4.21282446e+000 -4.21282446e+000  -4.21282446e+000 -2.27726061e+000 -2.27726061e+000  -2.27726061e+000 -9.58871769e-001 -9.58776757e-001  -9.58685452e-001 6.22554350e-001 6.22559139e-001  6.22563849e-001 3.15870942e-001 3.15899818e-001  3.15927595e-001
 6.31549094e-002 6.31725581e-002  6.31895654e-002
 2.88184000e+000 2.88184000e+000  2.88184000e+000 -7.87056066e+000 -7.87056066e+000  -7.87056066e+000 1.98562346e+000 1.98562346e+000  1.98562346e+000 2.38854120e-001 2.38854120e-001  2.38854120e-001 -3.81081893e+000 -3.81081893e+000  -3.81081893e+000
 2.12987260e+001 2.12987260e+001  2.12987260e+001 6.05917803e+000 6.05917803e+000  6.05917803e+000 -9.70093538e+000 -9.70093538e+000  -9.70093538e+000 -9.71649540e+000 -9.71649540e+000  -9.71649540e+000 1.33022339e+000 1.33022339e+000  1.33022339e+000
 6.66472370e+000 6.66472370e+000  6.66472370e+000 -2.88383763e+000 -2.88383763e+000  -2.88383763e+000 1.48362622e+000 1.48362622e+000  1.48362622e+000 3.13561532e+000 3.13561532e+000  3.13561532e+000 1.58296611e-001 1.58296611e-001  1.58296611e-001
 2.65502593e-002 2.65502593e-002  2.65502593e-002
 9.06454805e+001 9.06454805e+001  9.06454805e+001 -2.29460166e+000 -2.29460166e+000  -2.29460166e+000 -5.45123011e+001 -5.45123011e+001  -5.45123011e+001 -3.89276010e+000 -3.89276010e+000  -3.89276010e+000 2.01681645e+001 2.01681646e+001  2.01681647e+001
 -4.03647669e+001 -4.03647669e+001  -4.03647669e+001 -2.32014328e+001 -2.32014328e+001  -2.32014328e+001 4.10471764e+000 4.10471767e+000  4.10471772e+000 -1.53506325e+001 -1.53506323e+001  -1.53506321e+001 -2.23687739e+000 -2.23687739e+000  -2.23687739e+000
 -2.63289306e+001 -2.63289306e+001  -2.63289306e+001 -3.32208965e+000 -3.32208965e+000  -3.32208965e+000 -2.35164073e+000 -2.35164023e+000  -2.35163974e+000 5.06939265e+000 5.06939268e+000  5.06939271e+000 -7.60637332e+000 -7.60637316e+000  -7.60637301e+000
 -7.00075529e-003 -7.00061906e-003  -7.00042227e-003
 6.25182093e-001 6.25182093e-001  6.25182093e-001 1.27862240e+000 1.27862240e+000  1.27862240e+000 4.31087506e-001 4.31087534e-001  4.31087560e-001 4.47941095e-001 4.47941094e-001  4.47941093e-001 -3.63731376e+001 -3.63731333e+001  -3.63731280e+001
 1.55541207e+000 1.55541206e+000  1.55541205e+000 7.89180661e-001 7.89180661e-001  7.89180661e-001 -1.20330443e+000 -1.20330426e+000  -1.20330405e+000 5.20659004e+000 5.20660383e+000  5.20661672e+000 -7.13278333e+000 -7.13278332e+000  -7.13278332e+000
 -9.52813486e+000 -9.52813486e+000  -9.52813486e+000 1.11565886e+001 1.11565886e+001  1.11565886e+001 -1.15959745e+000 -1.15956318e+000  -1.15953148e+000 -1.72623799e+000 -1.72623626e+000  -1.72623462e+000 2.06276400e+000 2.06277442e+000  2.06278407e+000
 2.03912445e-001 2.03918874e-001  2.03924936e-001
 -1.68922011e+000 -1.68922011e+000  -1.68922011e+000 -8.84719894e-001 -8.84719893e-001  -8.84719892e-001 -1.94408694e+000 -1.94408689e+000  -1.94408684e+000 -2.19352816e+000 -2.19352816e+000  -2.19352816e+000 1.53290453e+001 1.53290534e+001  1.53290636e+001
 -4.47898335e+000 -4.47898337e+000  -4.47898338e+000 -2.24592369e+000 -2.24592369e+000  -2.24592369e+000 5.62143487e-001 5.62143797e-001  5.62144178e-001 -3.49026944e+000 -3.49024349e+000  -3.49021834e+000 1.13460794e+001 1.13460794e+001  1.13460794e+001
 -3.12030998e+000 -3.12030998e+000  -3.12030998e+000 -2.45236940e+001 -2.45236940e+001  -2.45236940e+001 1.33476652e+000 1.33483108e+000  1.33489313e+000 1.25265190e+000 1.25265515e+000  1.25265835e+000 -1.73320063e+000 -1.73318101e+000  -1.73316213e+000
 -6.01267811e-002 -6.01146903e-002  -6.01028845e-002
 9.06411952e-002 9.06411952e-002  9.06411952e-002 2.75157914e-001 2.75157915e-001  2.75157916e-001 -2.77930657e+000 -2.77930652e+000  -2.77930648e+000 -1.86725482e-001 -1.86725482e-001  -1.86725485e-001 2.10411296e+001 2.10411364e+001  2.10411449e+001
 -5.48909701e+000 -5.48909703e+000  -5.48909704e+000 -9.08630495e-001 -9.08630495e-001  -9.08630495e-001 7.50418819e+000 7.50418845e+000  7.50418877e+000 -2.68004177e+000 -2.68002007e+000  -2.67999905e+000 1.23263186e+001 1.23263186e+001  1.23263186e+001
 -3.50885123e+000 -3.50885123e+000  -3.50885123e+000 -3.03285984e+001 -3.03285984e+001  -3.03285984e+001 2.07065237e+000 2.07070635e+000  2.07075824e+000 2.57260453e+000 2.57260725e+000  2.57260992e+000 -2.53824517e+000 -2.53822877e+000  -2.53821298e+000
 1.22535528e-001 1.22545639e-001  1.22555514e-001
 8.05146942e-001 8.05146942e-001  8.05146942e-001 -2.65641541e+000 -2.65641541e+000  -2.65641541e+000 -2.91452289e+000 -2.91452289e+000  -2.91452289e+000 1.54227602e+000 1.54227602e+000  1.54227602e+000 1.85864987e+000 1.85864987e+000  1.85864987e+000
 -9.11710529e+000 -9.11710529e+000  -9.11710529e+000 -1.61444600e+000 -1.61444600e+000  -1.61444600e+000 8.86118818e+000 8.86118818e+000  8.86118818e+000 -9.37316744e-001 -9.37316744e-001  -9.37316744e-001 -6.73321613e+000 -6.73321613e+000  -6.73321613e+000
 1.38879927e+000 1.38879927e+000  1.38879927e+000 1.99971627e+000 1.99971627e+000  1.99971627e+000 -2.73300041e-001 -2.73300041e-001  -2.73300041e-001 1.87742517e+000 1.87742517e+000  1.87742517e+000 -9.36606607e-001 -9.36606607e-001  -9.36606607e-001
 1.13697803e-001 1.13697803e-001  1.13697803e-001
 1.55961002e+000 1.55961002e+000  1.55961002e+000 1.26534036e+000 1.26534036e+000  1.26534036e+000 -1.93615937e+000 -1.93615937e+000  -1.93615937e+000 8.14508216e-001 8.14508216e-001  8.14508216e-001 -2.15529844e-001 -2.15529844e-001  -2.15529844e-001
 6.18044476e+000 6.18044476e+000  6.18044476e+000 1.65424696e+000 1.65424696e+000  1.65424696e+000 3.52190050e+000 3.52190050e+000  3.52190050e+000 5.09330240e+000 5.09330240e+000  5.09330240e+000 3.14183982e+000 3.14183982e+000  3.14183982e+000
 -1.40155647e+000 -1.40155647e+000  -1.40155647e+000 -1.23298806e+001 -1.23298806e+001  -1.23298806e+001 4.64353188e-001 4.64353188e-001  4.64353188e-001 1.55239242e-001 1.55239242e-001  1.55239242e-001 -3.25887820e-001 -3.25887820e-001  -3.25887820e-001
 1.11008238e-001 1.11008238e-001  1.11008238e-001
 -1.42273519e+000 -1.42273519e+000  -1.42273519e+000 -1.96040416e+000 -1.96040416e+000  -1.96040416e+000 1.39771745e+000 1.39771745e+000  1.39771745e+000 -1.40682559e+000 -1.40682559e+000  -1.40682559e+000 -3.99772481e+000 -3.99772481e+000  -3.99772481e+000
 -7.03847876e-001 -7.03847876e-001  -7.03847876e-001 -1.31420023e+000 -1.31420023e+000  -1.31420023e+000 -9.03386194e+000 -9.03386194e+000  -9.03386194e+000 -2.20394845e+000 -2.20394845e+000  -2.20394845e+000 -2.40499613e+000 -2.40499613e+000  -2.40499613e+000
 4.99277108e-001 4.99277108e-001  4.99277108e-001 3.03200448e+000 3.03200448e+000  3.03200448e+000 -1.39220707e+000 -1.39220707e+000  -1.39220707e+000 -1.49763479e+000 -1.49763479e+000  -1.49763479e+000 6.88434052e-001 6.88434052e-001  6.88434052e-001
 -4.56301891e-001 -4.56301891e-001  -4.56301891e-001
 -1.40446748e+000 -1.40446748e+000  -1.40446748e+000 -2.05129968e+000 -2.05129967e+000  -2.05129967e+000 1.45959383e+000 1.45959391e+000  1.45959398e+000 -1.46855679e+000 -1.46855679e+000  -1.46855680e+000 -4.46076636e+000 -4.46075442e+000  -4.46073933e+000
 -5.69781040e-001 -5.69781067e-001  -5.69781092e-001 -1.52592543e+000 -1.52592543e+000  -1.52592543e+000 -9.37249868e+000 -9.37249823e+000  -9.37249767e+000 -2.46333033e+000 -2.46329212e+000  -2.46325506e+000 -2.06378363e+000 -2.06378363e+000  -2.06378362e+000
 3.57035310e-001 3.57035310e-001  3.57035310e-001 3.77076397e+000 3.77076397e+000  3.77076397e+000 -1.31103501e+000 -1.31094000e+000  -1.31084870e+000 -1.24301785e+000 -1.24301305e+000  -1.24300834e+000 4.83217418e-001 4.83246297e-001  4.83274081e-001
 -2.30439416e-001 -2.30421625e-001  -2.30404263e-001
 -3.96415350e+000 -3.96415439e+000 -3.96415660e+000
 -2.41784435e+000 -2.41784524e+000 -2.41784746e+000
 -3.08824214e+000 -3.08834917e+000 -3.08845240e+000
 3.91339030e+000 3.91338941e+000 3.91338720e+000
 -2.17837376e+000 -2.17838044e+000 -2.17839005e+000
 1.55629297e+000 1.55629295e+000 1.55629293e+000
 -2.60206271e+000 -2.60206271e+000 -2.60206271e+000
 -1.19966691e+000 -1.19966729e+000 -1.19966777e+000
 -1.42484310e+000 -1.42489750e+000 -1.42494820e+000
 -4.92679371e-001 -4.92679373e-001 -4.92679375e-001
 -1.35154774e+000 -1.35154774e+000 -1.35154774e+000
 -1.19231389e+000 -1.19231389e+000 -1.19231389e+000
 -3.84660693e+000 -3.84667539e+000 -3.84674180e+000
 -1.94374900e+000 -1.94375153e+000 -1.94375401e+000
 -1.10548199e+000 -1.10552703e+000 -1.10556977e+000
 -7.21448011e-001 -7.21486129e-001 -7.21523278e-001
