 Normalized SSE per output and pattern 
Itr 	 HN 	 MARE-tr 	 MARE-ts 	 R2tr 	 R2ts 	 SSENtr 	 SSENts	 SSENcomb
100 	 13 	       46.333 	       45.135 	   0.84627 	   0.84567 	    0.015294 	     0.015290 	     0.030584 
200 	 13 	       43.727 	       42.477 	   0.84321 	   0.84252 	    0.015123 	     0.015133 	     0.030256 
300 	 13 	       40.633 	       39.461 	   0.84565 	   0.84549 	    0.014121 	     0.014108 	     0.028229 
400 	 13 	       44.656 	       43.342 	   0.84667 	   0.84637 	    0.016673 	     0.016666 	     0.033339 
500 	 13 	       44.048 	       42.906 	   0.84526 	   0.84502 	    0.016289 	     0.016272 	     0.032561 
600 	 13 	       40.086 	       39.076 	   0.84260 	   0.84242 	    0.014484 	     0.014477 	     0.028962 
700 	 13 	       39.787 	       38.721 	   0.84096 	   0.84083 	    0.013961 	     0.013950 	     0.027912 
800 	 13 	       41.259 	       40.224 	   0.83862 	   0.83850 	    0.014601 	     0.014589 	     0.029189 
900 	 13 	       42.879 	       41.734 	   0.83474 	   0.83451 	    0.015296 	     0.015292 	     0.030589 
1000 	 13 	       37.813 	       36.763 	   0.83846 	   0.83873 	    0.013613 	     0.013588 	     0.027201 
1100 	 13 	       37.159 	       36.228 	   0.83502 	   0.83538 	    0.013328 	     0.013301 	     0.026629 
1200 	 13 	       37.224 	       36.255 	   0.83347 	   0.83358 	    0.013583 	     0.013579 	     0.027162 
1300 	 13 	       36.492 	       35.593 	   0.83739 	   0.83716 	    0.013138 	     0.013160 	     0.026298 
1400 	 13 	       35.978 	       35.185 	   0.84232 	   0.84196 	    0.012590 	     0.012622 	     0.025213 
1500 	 13 	       35.889 	       35.185 	   0.84665 	   0.84617 	    0.012231 	     0.012271 	     0.024502 
1600 	 13 	       35.668 	       35.006 	   0.85114 	   0.85053 	    0.011983 	     0.012032 	     0.024015 
1700 	 13 	       35.251 	       34.512 	   0.85569 	   0.85507 	    0.011627 	     0.011677 	     0.023304 
1800 	 13 	       35.217 	       34.448 	   0.85673 	   0.85615 	    0.011516 	     0.011563 	     0.023079 
1900 	 13 	       35.449 	       34.654 	   0.85668 	   0.85610 	    0.011561 	     0.011607 	     0.023168 
2000 	 13 	       34.140 	       33.349 	   0.86234 	   0.86196 	    0.010991 	     0.011023 	     0.022014 
2100 	 13 	       33.561 	       32.837 	   0.86554 	   0.86490 	    0.010721 	     0.010773 	     0.021494 
2200 	 13 	       33.562 	       32.896 	   0.86774 	   0.86704 	    0.010856 	     0.010911 	     0.021767 
2300 	 13 	       33.917 	       33.303 	   0.86934 	   0.86866 	    0.011183 	     0.011236 	     0.022419 
2400 	 13 	       33.938 	       33.409 	   0.86890 	   0.86828 	    0.011065 	     0.011115 	     0.022180 
2500 	 13 	       34.028 	       33.492 	   0.86964 	   0.86904 	    0.010898 	     0.010946 	     0.021844 
2600 	 13 	       33.914 	       33.340 	   0.87112 	   0.87047 	    0.010765 	     0.010817 	     0.021583 
2700 	 13 	       33.669 	       33.100 	   0.87243 	   0.87176 	    0.010623 	     0.010677 	     0.021300 
2800 	 13 	       33.236 	       32.675 	   0.87409 	   0.87344 	    0.010415 	     0.010467 	     0.020882 
2900 	 13 	       32.648 	       32.089 	   0.87611 	   0.87549 	    0.010168 	     0.010216 	     0.020384 
3000 	 13 	       31.372 	       30.812 	   0.87919 	   0.87867 	    0.009584 	     0.009624 	     0.019208 
3100 	 13 	       30.669 	       30.117 	   0.88194 	   0.88132 	    0.009363 	     0.009410 	     0.018773 
3200 	 13 	       30.543 	       30.025 	   0.88139 	   0.88076 	    0.009405 	     0.009452 	     0.018858 
3300 	 13 	       30.386 	       29.924 	   0.87985 	   0.87923 	    0.009540 	     0.009588 	     0.019128 
3400 	 13 	       30.226 	       29.774 	   0.87936 	   0.87873 	    0.009529 	     0.009578 	     0.019107 
3500 	 13 	       30.083 	       29.634 	   0.87970 	   0.87907 	    0.009444 	     0.009492 	     0.018936 
3600 	 13 	       29.884 	       29.447 	   0.88040 	   0.87980 	    0.009379 	     0.009424 	     0.018802 
3700 	 13 	       29.689 	       29.257 	   0.88128 	   0.88071 	    0.009315 	     0.009357 	     0.018672 
3800 	 13 	       29.540 	       29.103 	   0.88191 	   0.88137 	    0.009267 	     0.009306 	     0.018573 
3900 	 13 	       29.431 	       28.986 	   0.88220 	   0.88169 	    0.009253 	     0.009289 	     0.018542 
4000 	 13 	       29.102 	       28.639 	   0.88335 	   0.88292 	    0.009063 	     0.009093 	     0.018157 
4100 	 13 	       28.720 	       28.253 	   0.88525 	   0.88475 	    0.008918 	     0.008954 	     0.017872 
4200 	 13 	       28.563 	       28.102 	   0.88565 	   0.88516 	    0.008912 	     0.008950 	     0.017862 
4300 	 13 	       28.392 	       27.938 	   0.88598 	   0.88550 	    0.008911 	     0.008948 	     0.017859 
4400 	 13 	       28.260 	       27.818 	   0.88618 	   0.88573 	    0.008930 	     0.008966 	     0.017895 
4500 	 13 	       28.186 	       27.739 	   0.88652 	   0.88607 	    0.008944 	     0.008980 	     0.017924 
4600 	 13 	       28.139 	       27.690 	   0.88711 	   0.88668 	    0.008949 	     0.008984 	     0.017933 
4700 	 13 	       28.185 	       27.735 	   0.88738 	   0.88697 	    0.008964 	     0.008998 	     0.017962 
4800 	 13 	       28.216 	       27.769 	   0.88743 	   0.88705 	    0.008976 	     0.009007 	     0.017982 
4900 	 13 	       28.188 	       27.752 	   0.88749 	   0.88713 	    0.008976 	     0.009005 	     0.017981 
5000 	 13 	       27.785 	       27.362 	   0.88953 	   0.88926 	    0.008687 	     0.008709 	     0.017396 
5100 	 13 	       27.658 	       27.245 	   0.89069 	   0.89044 	    0.008618 	     0.008638 	     0.017256 
5200 	 13 	       27.634 	       27.224 	   0.89058 	   0.89036 	    0.008636 	     0.008654 	     0.017290 
5300 	 13 	       27.662 	       27.251 	   0.89028 	   0.89011 	    0.008673 	     0.008688 	     0.017361 
5400 	 13 	       27.722 	       27.310 	   0.88989 	   0.88976 	    0.008726 	     0.008738 	     0.017464 
5500 	 13 	       27.803 	       27.391 	   0.88941 	   0.88931 	    0.008803 	     0.008813 	     0.017616 
5600 	 13 	       27.907 	       27.504 	   0.88872 	   0.88866 	    0.008928 	     0.008936 	     0.017864 
5700 	 13 	       27.977 	       27.577 	   0.88819 	   0.88815 	    0.009050 	     0.009057 	     0.018107 
5800 	 13 	       27.935 	       27.520 	   0.88850 	   0.88846 	    0.009048 	     0.009054 	     0.018101 
5900 	 13 	       27.848 	       27.410 	   0.88920 	   0.88916 	    0.008982 	     0.008987 	     0.017969 
6000 	 13 	       27.462 	       26.995 	   0.89160 	   0.89160 	    0.008647 	     0.008649 	     0.017296 
6100 	 13 	       27.279 	       26.788 	   0.89337 	   0.89336 	    0.008525 	     0.008528 	     0.017052 
6200 	 13 	       27.166 	       26.652 	   0.89404 	   0.89403 	    0.008438 	     0.008441 	     0.016879 
6300 	 13 	       27.071 	       26.535 	   0.89461 	   0.89461 	    0.008355 	     0.008357 	     0.016712 
6400 	 13 	       26.979 	       26.427 	   0.89515 	   0.89516 	    0.008272 	     0.008274 	     0.016546 
6500 	 13 	       26.894 	       26.327 	   0.89566 	   0.89567 	    0.008192 	     0.008193 	     0.016385 
6600 	 13 	       26.816 	       26.239 	   0.89612 	   0.89614 	    0.008120 	     0.008120 	     0.016240 
6700 	 13 	       26.748 	       26.162 	   0.89652 	   0.89654 	    0.008059 	     0.008058 	     0.016117 
6800 	 13 	       26.692 	       26.100 	   0.89684 	   0.89687 	    0.008010 	     0.008009 	     0.016020 
6900 	 13 	       26.645 	       26.048 	   0.89709 	   0.89712 	    0.007973 	     0.007972 	     0.015945 
7000 	 13 	       26.346 	       25.740 	   0.89864 	   0.89871 	    0.007771 	     0.007766 	     0.015536 
7100 	 13 	       26.266 	       25.661 	   0.89945 	   0.89952 	    0.007750 	     0.007745 	     0.015494 
7200 	 13 	       26.239 	       25.633 	   0.89952 	   0.89959 	    0.007742 	     0.007737 	     0.015479 
7300 	 13 	       26.209 	       25.599 	   0.89959 	   0.89967 	    0.007732 	     0.007726 	     0.015458 
7400 	 13 	       26.178 	       25.570 	   0.89966 	   0.89975 	    0.007719 	     0.007713 	     0.015432 
7500 	 13 	       26.146 	       25.538 	   0.89975 	   0.89984 	    0.007705 	     0.007698 	     0.015403 
7600 	 13 	       26.112 	       25.504 	   0.89984 	   0.89994 	    0.007690 	     0.007683 	     0.015373 
7700 	 13 	       26.078 	       25.468 	   0.89993 	   0.90004 	    0.007675 	     0.007667 	     0.015342 
7800 	 13 	       26.043 	       25.429 	   0.90003 	   0.90014 	    0.007659 	     0.007651 	     0.015310 
7900 	 13 	       26.007 	       25.388 	   0.90013 	   0.90024 	    0.007643 	     0.007635 	     0.015278 
8000 	 13 	       25.751 	       25.126 	   0.90142 	   0.90156 	    0.007482 	     0.007471 	     0.014953 
8100 	 13 	       25.672 	       25.039 	   0.90214 	   0.90228 	    0.007466 	     0.007456 	     0.014922 
8200 	 13 	       25.656 	       25.013 	   0.90222 	   0.90236 	    0.007460 	     0.007449 	     0.014909 
8300 	 13 	       25.638 	       24.983 	   0.90232 	   0.90246 	    0.007448 	     0.007438 	     0.014886 
8400 	 13 	       25.619 	       24.951 	   0.90244 	   0.90258 	    0.007434 	     0.007423 	     0.014857 
8500 	 13 	       25.600 	       24.918 	   0.90257 	   0.90271 	    0.007419 	     0.007408 	     0.014826 
8600 	 13 	       25.582 	       24.888 	   0.90269 	   0.90284 	    0.007404 	     0.007392 	     0.014796 
8700 	 13 	       25.566 	       24.860 	   0.90281 	   0.90296 	    0.007390 	     0.007378 	     0.014768 
8800 	 13 	       25.552 	       24.835 	   0.90292 	   0.90308 	    0.007377 	     0.007365 	     0.014742 
8900 	 13 	       25.541 	       24.812 	   0.90303 	   0.90318 	    0.007365 	     0.007354 	     0.014719 
9000 	 13 	       25.350 	       24.612 	   0.90410 	   0.90428 	    0.007234 	     0.007220 	     0.014454 
9100 	 13 	       25.279 	       24.527 	   0.90476 	   0.90493 	    0.007222 	     0.007209 	     0.014431 
9200 	 13 	       25.280 	       24.519 	   0.90483 	   0.90499 	    0.007221 	     0.007208 	     0.014428 
9300 	 13 	       25.278 	       24.507 	   0.90489 	   0.90505 	    0.007217 	     0.007204 	     0.014421 
9400 	 13 	       25.275 	       24.493 	   0.90496 	   0.90512 	    0.007211 	     0.007199 	     0.014410 
9500 	 13 	       25.271 	       24.480 	   0.90503 	   0.90519 	    0.007206 	     0.007193 	     0.014399 
9600 	 13 	       25.267 	       24.468 	   0.90510 	   0.90525 	    0.007200 	     0.007188 	     0.014388 
9700 	 13 	       25.264 	       24.457 	   0.90516 	   0.90532 	    0.007195 	     0.007183 	     0.014377 
9800 	 13 	       25.262 	       24.448 	   0.90522 	   0.90537 	    0.007189 	     0.007178 	     0.014367 
9900 	 13 	       25.262 	       24.440 	   0.90528 	   0.90543 	    0.007185 	     0.007173 	     0.014358 
10000 	 13 	       25.108 	       24.283 	   0.90620 	   0.90637 	    0.007072 	     0.007059 	     0.014131 
10100 	 13 	       25.033 	       24.203 	   0.90676 	   0.90691 	    0.007063 	     0.007052 	     0.014115 
10200 	 13 	       25.041 	       24.207 	   0.90680 	   0.90693 	    0.007065 	     0.007054 	     0.014120 
10300 	 13 	       25.044 	       24.206 	   0.90683 	   0.90696 	    0.007065 	     0.007055 	     0.014120 
10400 	 13 	       25.045 	       24.203 	   0.90687 	   0.90700 	    0.007064 	     0.007053 	     0.014117 
10500 	 13 	       25.045 	       24.199 	   0.90691 	   0.90704 	    0.007061 	     0.007051 	     0.014113 
10600 	 13 	       25.044 	       24.195 	   0.90695 	   0.90707 	    0.007059 	     0.007049 	     0.014108 
10700 	 13 	       25.043 	       24.191 	   0.90699 	   0.90711 	    0.007056 	     0.007046 	     0.014102 
10800 	 13 	       25.043 	       24.186 	   0.90703 	   0.90714 	    0.007053 	     0.007044 	     0.014097 
10900 	 13 	       25.042 	       24.183 	   0.90707 	   0.90718 	    0.007050 	     0.007041 	     0.014091 
11000 	 13 	       24.908 	       24.049 	   0.90789 	   0.90801 	    0.006950 	     0.006939 	     0.013889 
11100 	 13 	       24.830 	       23.966 	   0.90837 	   0.90847 	    0.006939 	     0.006931 	     0.013870 
11200 	 13 	       24.836 	       23.973 	   0.90839 	   0.90848 	    0.006942 	     0.006934 	     0.013875 
11300 	 13 	       24.841 	       23.977 	   0.90841 	   0.90850 	    0.006942 	     0.006935 	     0.013877 
11400 	 13 	       24.843 	       23.979 	   0.90843 	   0.90851 	    0.006942 	     0.006935 	     0.013877 
11500 	 13 	       24.845 	       23.980 	   0.90846 	   0.90853 	    0.006941 	     0.006934 	     0.013875 
11600 	 13 	       24.847 	       23.981 	   0.90848 	   0.90855 	    0.006940 	     0.006934 	     0.013873 
11700 	 13 	       24.849 	       23.983 	   0.90851 	   0.90857 	    0.006938 	     0.006932 	     0.013870 
11800 	 13 	       24.850 	       23.984 	   0.90853 	   0.90859 	    0.006936 	     0.006931 	     0.013868 
11900 	 13 	       24.852 	       23.985 	   0.90856 	   0.90861 	    0.006935 	     0.006930 	     0.013865 
12000 	 13 	       24.734 	       23.868 	   0.90929 	   0.90935 	    0.006845 	     0.006838 	     0.013683 
12100 	 13 	       24.655 	       23.795 	   0.90970 	   0.90974 	    0.006833 	     0.006829 	     0.013662 
12200 	 13 	       24.662 	       23.804 	   0.90971 	   0.90974 	    0.006835 	     0.006831 	     0.013667 
12300 	 13 	       24.668 	       23.810 	   0.90972 	   0.90974 	    0.006836 	     0.006833 	     0.013670 
12400 	 13 	       24.673 	       23.815 	   0.90973 	   0.90975 	    0.006837 	     0.006834 	     0.013672 
12500 	 13 	       24.678 	       23.819 	   0.90973 	   0.90975 	    0.006838 	     0.006835 	     0.013673 
12600 	 13 	       24.682 	       23.822 	   0.90974 	   0.90975 	    0.006838 	     0.006836 	     0.013674 
12700 	 13 	       24.686 	       23.824 	   0.90975 	   0.90975 	    0.006838 	     0.006836 	     0.013674 
12800 	 13 	       24.689 	       23.825 	   0.90976 	   0.90975 	    0.006838 	     0.006837 	     0.013675 
12900 	 13 	       24.693 	       23.827 	   0.90976 	   0.90975 	    0.006838 	     0.006838 	     0.013675 
13000 	 13 	       24.585 	       23.717 	   0.91042 	   0.91042 	    0.006757 	     0.006755 	     0.013512 
13100 	 13 	       24.510 	       23.646 	   0.91076 	   0.91074 	    0.006746 	     0.006746 	     0.013492 
13200 	 13 	       24.516 	       23.652 	   0.91077 	   0.91073 	    0.006748 	     0.006749 	     0.013497 
13300 	 13 	       24.523 	       23.657 	   0.91076 	   0.91072 	    0.006751 	     0.006752 	     0.013503 
13400 	 13 	       24.529 	       23.662 	   0.91075 	   0.91070 	    0.006753 	     0.006755 	     0.013508 
13500 	 13 	       24.535 	       23.666 	   0.91074 	   0.91069 	    0.006755 	     0.006757 	     0.013512 
13600 	 13 	       24.541 	       23.670 	   0.91073 	   0.91067 	    0.006757 	     0.006760 	     0.013517 
13700 	 13 	       24.546 	       23.673 	   0.91073 	   0.91066 	    0.006759 	     0.006762 	     0.013521 
13800 	 13 	       24.551 	       23.676 	   0.91072 	   0.91064 	    0.006761 	     0.006765 	     0.013526 
13900 	 13 	       24.556 	       23.679 	   0.91071 	   0.91062 	    0.006763 	     0.006767 	     0.013530 
14000 	 13 	       24.458 	       23.579 	   0.91130 	   0.91123 	    0.006689 	     0.006692 	     0.013382 
14100 	 13 	       24.388 	       23.517 	   0.91158 	   0.91149 	    0.006680 	     0.006685 	     0.013364 
14200 	 13 	       24.392 	       23.525 	   0.91157 	   0.91147 	    0.006683 	     0.006688 	     0.013371 
14300 	 13 	       24.397 	       23.533 	   0.91156 	   0.91145 	    0.006686 	     0.006692 	     0.013378 
14400 	 13 	       24.401 	       23.541 	   0.91154 	   0.91142 	    0.006689 	     0.006696 	     0.013385 
14500 	 13 	       24.404 	       23.549 	   0.91152 	   0.91140 	    0.006692 	     0.006699 	     0.013391 
14600 	 13 	       24.405 	       23.555 	   0.91151 	   0.91138 	    0.006695 	     0.006702 	     0.013397 
14700 	 13 	       24.407 	       23.563 	   0.91149 	   0.91136 	    0.006698 	     0.006706 	     0.013403 
14800 	 13 	       24.409 	       23.570 	   0.91148 	   0.91134 	    0.006700 	     0.006708 	     0.013409 
14900 	 13 	       24.410 	       23.576 	   0.91147 	   0.91132 	    0.006702 	     0.006711 	     0.013414 
15000 	 13 	       24.318 	       23.489 	   0.91201 	   0.91189 	    0.006634 	     0.006642 	     0.013276 
15100 	 13 	       24.253 	       23.435 	   0.91226 	   0.91211 	    0.006625 	     0.006633 	     0.013258 
15200 	 13 	       24.255 	       23.443 	   0.91225 	   0.91210 	    0.006627 	     0.006636 	     0.013263 
15300 	 13 	       24.257 	       23.449 	   0.91224 	   0.91209 	    0.006629 	     0.006639 	     0.013268 
15400 	 13 	       24.257 	       23.455 	   0.91224 	   0.91208 	    0.006631 	     0.006641 	     0.013273 
15500 	 13 	       24.257 	       23.460 	   0.91223 	   0.91206 	    0.006633 	     0.006643 	     0.013276 
15600 	 13 	       24.256 	       23.464 	   0.91222 	   0.91205 	    0.006634 	     0.006645 	     0.013279 
15700 	 13 	       24.254 	       23.466 	   0.91222 	   0.91205 	    0.006635 	     0.006646 	     0.013281 
15800 	 13 	       24.252 	       23.468 	   0.91221 	   0.91204 	    0.006636 	     0.006647 	     0.013283 
15900 	 13 	       24.249 	       23.468 	   0.91221 	   0.91203 	    0.006637 	     0.006648 	     0.013285 
16000 	 13 	       24.163 	       23.384 	   0.91272 	   0.91256 	    0.006572 	     0.006582 	     0.013155 
16100 	 13 	       24.101 	       23.331 	   0.91294 	   0.91276 	    0.006562 	     0.006573 	     0.013134 
16200 	 13 	       24.097 	       23.331 	   0.91294 	   0.91276 	    0.006562 	     0.006574 	     0.013136 
16300 	 13 	       24.095 	       23.331 	   0.91294 	   0.91275 	    0.006563 	     0.006575 	     0.013139 
16400 	 13 	       24.093 	       23.330 	   0.91293 	   0.91274 	    0.006564 	     0.006576 	     0.013141 
16500 	 13 	       24.091 	       23.328 	   0.91292 	   0.91273 	    0.006565 	     0.006578 	     0.013143 
16600 	 13 	       24.089 	       23.326 	   0.91291 	   0.91272 	    0.006566 	     0.006579 	     0.013145 
16700 	 13 	       24.087 	       23.324 	   0.91291 	   0.91271 	    0.006567 	     0.006580 	     0.013147 
16800 	 13 	       24.084 	       23.321 	   0.91290 	   0.91270 	    0.006568 	     0.006581 	     0.013150 
16900 	 13 	       24.082 	       23.318 	   0.91289 	   0.91269 	    0.006569 	     0.006582 	     0.013152 
17000 	 13 	       24.006 	       23.240 	   0.91335 	   0.91316 	    0.006511 	     0.006523 	     0.013034 
17100 	 13 	       23.951 	       23.189 	   0.91354 	   0.91334 	    0.006502 	     0.006514 	     0.013016 
17200 	 13 	       23.948 	       23.187 	   0.91354 	   0.91334 	    0.006503 	     0.006516 	     0.013018 
17300 	 13 	       23.946 	       23.186 	   0.91353 	   0.91332 	    0.006504 	     0.006517 	     0.013021 
17400 	 13 	       23.944 	       23.184 	   0.91352 	   0.91331 	    0.006505 	     0.006519 	     0.013024 
17500 	 13 	       23.942 	       23.182 	   0.91351 	   0.91330 	    0.006507 	     0.006520 	     0.013027 
17600 	 13 	       23.939 	       23.179 	   0.91350 	   0.91329 	    0.006508 	     0.006522 	     0.013030 
17700 	 13 	       23.937 	       23.176 	   0.91349 	   0.91327 	    0.006509 	     0.006523 	     0.013032 
17800 	 13 	       23.935 	       23.173 	   0.91348 	   0.91326 	    0.006510 	     0.006525 	     0.013035 
17900 	 13 	       23.932 	       23.170 	   0.91347 	   0.91325 	    0.006512 	     0.006526 	     0.013038 
18000 	 13 	       23.865 	       23.101 	   0.91388 	   0.91368 	    0.006459 	     0.006471 	     0.012930 
18100 	 13 	       23.816 	       23.056 	   0.91406 	   0.91385 	    0.006450 	     0.006464 	     0.012914 
18200 	 13 	       23.813 	       23.053 	   0.91406 	   0.91384 	    0.006451 	     0.006465 	     0.012916 
18300 	 13 	       23.812 	       23.050 	   0.91405 	   0.91383 	    0.006452 	     0.006467 	     0.012919 
18400 	 13 	       23.810 	       23.048 	   0.91404 	   0.91382 	    0.006454 	     0.006468 	     0.012922 
18500 	 13 	       23.808 	       23.045 	   0.91403 	   0.91380 	    0.006455 	     0.006470 	     0.012925 
18600 	 13 	       23.807 	       23.042 	   0.91402 	   0.91379 	    0.006456 	     0.006471 	     0.012928 
18700 	 13 	       23.805 	       23.038 	   0.91401 	   0.91378 	    0.006458 	     0.006473 	     0.012931 
18800 	 13 	       23.803 	       23.035 	   0.91400 	   0.91377 	    0.006459 	     0.006474 	     0.012933 
18900 	 13 	       23.801 	       23.032 	   0.91399 	   0.91375 	    0.006460 	     0.006476 	     0.012936 
19000 	 13 	       23.737 	       22.967 	   0.91438 	   0.91416 	    0.006411 	     0.006425 	     0.012837 
19100 	 13 	       23.693 	       22.925 	   0.91454 	   0.91431 	    0.006403 	     0.006419 	     0.012822 
19200 	 13 	       23.690 	       22.921 	   0.91454 	   0.91430 	    0.006404 	     0.006420 	     0.012824 
19300 	 13 	       23.689 	       22.918 	   0.91453 	   0.91429 	    0.006406 	     0.006421 	     0.012827 
19400 	 13 	       23.687 	       22.915 	   0.91453 	   0.91428 	    0.006407 	     0.006423 	     0.012829 
19500 	 13 	       23.685 	       22.912 	   0.91452 	   0.91427 	    0.006408 	     0.006424 	     0.012832 
19600 	 13 	       23.682 	       22.908 	   0.91451 	   0.91426 	    0.006409 	     0.006426 	     0.012835 
19700 	 13 	       23.680 	       22.904 	   0.91450 	   0.91425 	    0.006411 	     0.006427 	     0.012837 
19800 	 13 	       23.678 	       22.900 	   0.91449 	   0.91424 	    0.006412 	     0.006428 	     0.012840 
19900 	 13 	       23.675 	       22.896 	   0.91449 	   0.91423 	    0.006413 	     0.006430 	     0.012843 
20000 	 13 	       23.616 	       22.835 	   0.91485 	   0.91461 	    0.006367 	     0.006383 	     0.012750 
100 	 14 	       34.214 	       33.271 	   0.86788 	   0.86777 	    0.011908 	     0.011905 	     0.023814 
200 	 14 	       33.144 	       32.315 	   0.86994 	   0.86987 	    0.011134 	     0.011132 	     0.022266 
300 	 14 	       33.229 	       32.544 	   0.86654 	   0.86650 	    0.011102 	     0.011098 	     0.022201 
400 	 14 	       32.662 	       32.039 	   0.86668 	   0.86666 	    0.010801 	     0.010795 	     0.021595 
500 	 14 	       31.778 	       31.123 	   0.86876 	   0.86876 	    0.010314 	     0.010310 	     0.020624 
600 	 14 	       31.054 	       30.429 	   0.87052 	   0.87047 	    0.009988 	     0.009987 	     0.019975 
700 	 14 	       30.379 	       29.804 	   0.87184 	   0.87175 	    0.009749 	     0.009753 	     0.019502 
800 	 14 	       30.150 	       29.503 	   0.87280 	   0.87267 	    0.009627 	     0.009635 	     0.019262 
900 	 14 	       30.456 	       29.716 	   0.87148 	   0.87145 	    0.009675 	     0.009673 	     0.019347 
1000 	 14 	       30.455 	       29.729 	   0.87363 	   0.87391 	    0.009589 	     0.009563 	     0.019152 
1100 	 14 	       29.293 	       28.607 	   0.87606 	   0.87614 	    0.009636 	     0.009634 	     0.019270 
1200 	 14 	       29.064 	       28.466 	   0.87809 	   0.87801 	    0.009604 	     0.009618 	     0.019223 
1300 	 14 	       29.005 	       28.423 	   0.87796 	   0.87785 	    0.009573 	     0.009589 	     0.019162 
1400 	 14 	       28.990 	       28.390 	   0.87797 	   0.87786 	    0.009531 	     0.009546 	     0.019077 
1500 	 14 	       29.008 	       28.406 	   0.87762 	   0.87751 	    0.009541 	     0.009557 	     0.019098 
1600 	 14 	       29.066 	       28.468 	   0.87707 	   0.87695 	    0.009571 	     0.009587 	     0.019158 
1700 	 14 	       29.147 	       28.548 	   0.87647 	   0.87634 	    0.009604 	     0.009621 	     0.019225 
1800 	 14 	       29.227 	       28.622 	   0.87588 	   0.87575 	    0.009637 	     0.009653 	     0.019290 
1900 	 14 	       29.301 	       28.686 	   0.87531 	   0.87519 	    0.009668 	     0.009684 	     0.019352 
2000 	 14 	       29.030 	       28.373 	   0.87812 	   0.87817 	    0.009429 	     0.009431 	     0.018859 
2100 	 14 	       28.517 	       27.885 	   0.88145 	   0.88121 	    0.009203 	     0.009232 	     0.018436 
2200 	 14 	       28.491 	       27.884 	   0.88112 	   0.88088 	    0.009244 	     0.009272 	     0.018516 
2300 	 14 	       28.538 	       27.937 	   0.88040 	   0.88018 	    0.009307 	     0.009335 	     0.018643 
2400 	 14 	       28.597 	       28.001 	   0.87965 	   0.87944 	    0.009370 	     0.009397 	     0.018767 
2500 	 14 	       28.643 	       28.060 	   0.87893 	   0.87873 	    0.009429 	     0.009455 	     0.018884 
2600 	 14 	       28.680 	       28.107 	   0.87827 	   0.87809 	    0.009484 	     0.009508 	     0.018992 
2700 	 14 	       28.702 	       28.134 	   0.87768 	   0.87751 	    0.009534 	     0.009558 	     0.019092 
2800 	 14 	       28.708 	       28.147 	   0.87716 	   0.87700 	    0.009581 	     0.009604 	     0.019184 
2900 	 14 	       28.706 	       28.150 	   0.87670 	   0.87655 	    0.009623 	     0.009645 	     0.019268 
3000 	 14 	       28.442 	       27.875 	   0.87837 	   0.87830 	    0.009449 	     0.009464 	     0.018913 
3100 	 14 	       27.893 	       27.315 	   0.88159 	   0.88141 	    0.009202 	     0.009226 	     0.018429 
3200 	 14 	       27.851 	       27.273 	   0.88150 	   0.88133 	    0.009220 	     0.009243 	     0.018464 
3300 	 14 	       27.837 	       27.260 	   0.88126 	   0.88110 	    0.009248 	     0.009270 	     0.018519 
3400 	 14 	       27.833 	       27.260 	   0.88100 	   0.88085 	    0.009276 	     0.009297 	     0.018573 
3500 	 14 	       27.835 	       27.264 	   0.88076 	   0.88062 	    0.009300 	     0.009322 	     0.018622 
3600 	 14 	       27.837 	       27.269 	   0.88055 	   0.88040 	    0.009322 	     0.009343 	     0.018666 
3700 	 14 	       27.839 	       27.274 	   0.88035 	   0.88021 	    0.009342 	     0.009363 	     0.018704 
3800 	 14 	       27.842 	       27.280 	   0.88018 	   0.88004 	    0.009359 	     0.009380 	     0.018739 
3900 	 14 	       27.846 	       27.287 	   0.88003 	   0.87988 	    0.009374 	     0.009395 	     0.018769 
4000 	 14 	       27.635 	       27.067 	   0.88162 	   0.88152 	    0.009170 	     0.009187 	     0.018357 
4100 	 14 	       27.081 	       26.518 	   0.88517 	   0.88502 	    0.008916 	     0.008937 	     0.017852 
4200 	 14 	       27.052 	       26.482 	   0.88533 	   0.88519 	    0.008908 	     0.008928 	     0.017837 
4300 	 14 	       27.045 	       26.470 	   0.88535 	   0.88522 	    0.008910 	     0.008930 	     0.017840 
4400 	 14 	       27.049 	       26.470 	   0.88534 	   0.88521 	    0.008914 	     0.008933 	     0.017848 
4500 	 14 	       27.057 	       26.476 	   0.88532 	   0.88519 	    0.008918 	     0.008937 	     0.017855 
4600 	 14 	       27.067 	       26.483 	   0.88531 	   0.88519 	    0.008921 	     0.008940 	     0.017861 
4700 	 14 	       27.076 	       26.491 	   0.88531 	   0.88519 	    0.008923 	     0.008942 	     0.017865 
4800 	 14 	       27.083 	       26.498 	   0.88531 	   0.88520 	    0.008925 	     0.008943 	     0.017868 
4900 	 14 	       27.089 	       26.504 	   0.88533 	   0.88521 	    0.008925 	     0.008943 	     0.017868 
5000 	 14 	       26.894 	       26.301 	   0.88699 	   0.88690 	    0.008727 	     0.008742 	     0.017469 
5100 	 14 	       26.379 	       25.800 	   0.89034 	   0.89021 	    0.008481 	     0.008499 	     0.016980 
5200 	 14 	       26.355 	       25.773 	   0.89060 	   0.89048 	    0.008462 	     0.008480 	     0.016942 
5300 	 14 	       26.344 	       25.761 	   0.89075 	   0.89064 	    0.008452 	     0.008469 	     0.016922 
5400 	 14 	       26.338 	       25.754 	   0.89086 	   0.89075 	    0.008445 	     0.008462 	     0.016907 
5500 	 14 	       26.333 	       25.751 	   0.89094 	   0.89084 	    0.008440 	     0.008456 	     0.016896 
5600 	 14 	       26.330 	       25.749 	   0.89101 	   0.89092 	    0.008436 	     0.008451 	     0.016887 
5700 	 14 	       26.326 	       25.748 	   0.89107 	   0.89099 	    0.008432 	     0.008447 	     0.016879 
5800 	 14 	       26.322 	       25.747 	   0.89112 	   0.89105 	    0.008429 	     0.008443 	     0.016872 
5900 	 14 	       26.318 	       25.746 	   0.89117 	   0.89110 	    0.008427 	     0.008439 	     0.016866 
6000 	 14 	       26.106 	       25.540 	   0.89272 	   0.89266 	    0.008252 	     0.008263 	     0.016516 
6100 	 14 	       25.688 	       25.135 	   0.89543 	   0.89533 	    0.008040 	     0.008054 	     0.016093 
6200 	 14 	       25.664 	       25.111 	   0.89568 	   0.89559 	    0.008020 	     0.008034 	     0.016054 
6300 	 14 	       25.651 	       25.098 	   0.89581 	   0.89572 	    0.008010 	     0.008023 	     0.016033 
6400 	 14 	       25.641 	       25.090 	   0.89589 	   0.89582 	    0.008004 	     0.008016 	     0.016019 
6500 	 14 	       25.632 	       25.083 	   0.89596 	   0.89589 	    0.007999 	     0.008010 	     0.016009 
6600 	 14 	       25.624 	       25.076 	   0.89601 	   0.89595 	    0.007995 	     0.008006 	     0.016001 
6700 	 14 	       25.616 	       25.070 	   0.89604 	   0.89599 	    0.007992 	     0.008002 	     0.015995 
6800 	 14 	       25.607 	       25.062 	   0.89607 	   0.89603 	    0.007990 	     0.008000 	     0.015990 
6900 	 14 	       25.597 	       25.054 	   0.89609 	   0.89606 	    0.007989 	     0.007998 	     0.015986 
7000 	 14 	       25.401 	       24.860 	   0.89745 	   0.89743 	    0.007838 	     0.007845 	     0.015683 
7100 	 14 	       25.055 	       24.523 	   0.89961 	   0.89954 	    0.007662 	     0.007672 	     0.015334 
7200 	 14 	       25.025 	       24.492 	   0.89985 	   0.89978 	    0.007641 	     0.007652 	     0.015293 
7300 	 14 	       25.007 	       24.474 	   0.89994 	   0.89988 	    0.007633 	     0.007643 	     0.015276 
7400 	 14 	       24.994 	       24.459 	   0.89999 	   0.89993 	    0.007629 	     0.007638 	     0.015267 
7500 	 14 	       24.982 	       24.447 	   0.90002 	   0.89997 	    0.007626 	     0.007635 	     0.015262 
7600 	 14 	       24.972 	       24.436 	   0.90005 	   0.90000 	    0.007624 	     0.007633 	     0.015257 
7700 	 14 	       24.962 	       24.426 	   0.90007 	   0.90002 	    0.007622 	     0.007631 	     0.015253 
7800 	 14 	       24.952 	       24.416 	   0.90009 	   0.90005 	    0.007621 	     0.007628 	     0.015249 
7900 	 14 	       24.943 	       24.406 	   0.90011 	   0.90008 	    0.007619 	     0.007626 	     0.015245 
8000 	 14 	       24.767 	       24.232 	   0.90134 	   0.90130 	    0.007485 	     0.007491 	     0.014976 
8100 	 14 	       24.498 	       23.971 	   0.90304 	   0.90295 	    0.007347 	     0.007358 	     0.014705 
8200 	 14 	       24.475 	       23.947 	   0.90332 	   0.90322 	    0.007323 	     0.007335 	     0.014658 
8300 	 14 	       24.463 	       23.934 	   0.90345 	   0.90336 	    0.007312 	     0.007323 	     0.014635 
8400 	 14 	       24.455 	       23.924 	   0.90352 	   0.90344 	    0.007306 	     0.007317 	     0.014622 
8500 	 14 	       24.447 	       23.916 	   0.90358 	   0.90350 	    0.007301 	     0.007312 	     0.014613 
8600 	 14 	       24.441 	       23.907 	   0.90363 	   0.90355 	    0.007297 	     0.007308 	     0.014605 
8700 	 14 	       24.435 	       23.901 	   0.90368 	   0.90360 	    0.007294 	     0.007304 	     0.014598 
8800 	 14 	       24.429 	       23.894 	   0.90372 	   0.90364 	    0.007290 	     0.007301 	     0.014591 
8900 	 14 	       24.424 	       23.888 	   0.90376 	   0.90369 	    0.007287 	     0.007297 	     0.014584 
9000 	 14 	       24.275 	       23.738 	   0.90488 	   0.90480 	    0.007168 	     0.007178 	     0.014346 
9100 	 14 	       24.068 	       23.532 	   0.90617 	   0.90604 	    0.007067 	     0.007081 	     0.014147 
9200 	 14 	       24.053 	       23.515 	   0.90644 	   0.90630 	    0.007045 	     0.007059 	     0.014104 
9300 	 14 	       24.045 	       23.505 	   0.90660 	   0.90645 	    0.007032 	     0.007046 	     0.014078 
9400 	 14 	       24.041 	       23.498 	   0.90670 	   0.90656 	    0.007023 	     0.007038 	     0.014061 
9500 	 14 	       24.038 	       23.493 	   0.90679 	   0.90665 	    0.007016 	     0.007031 	     0.014047 
9600 	 14 	       24.036 	       23.488 	   0.90686 	   0.90672 	    0.007011 	     0.007025 	     0.014036 
9700 	 14 	       24.035 	       23.484 	   0.90693 	   0.90679 	    0.007006 	     0.007020 	     0.014025 
9800 	 14 	       24.033 	       23.480 	   0.90699 	   0.90686 	    0.007001 	     0.007015 	     0.014016 
9900 	 14 	       24.032 	       23.476 	   0.90705 	   0.90692 	    0.006996 	     0.007011 	     0.014007 
10000 	 14 	       23.906 	       23.347 	   0.90808 	   0.90794 	    0.006890 	     0.006904 	     0.013794 
10100 	 14 	       23.744 	       23.185 	   0.90904 	   0.90885 	    0.006817 	     0.006834 	     0.013652 
10200 	 14 	       23.738 	       23.177 	   0.90924 	   0.90904 	    0.006802 	     0.006820 	     0.013622 
10300 	 14 	       23.735 	       23.171 	   0.90937 	   0.90918 	    0.006791 	     0.006810 	     0.013601 
10400 	 14 	       23.734 	       23.165 	   0.90948 	   0.90928 	    0.006783 	     0.006802 	     0.013585 
10500 	 14 	       23.733 	       23.161 	   0.90957 	   0.90937 	    0.006777 	     0.006795 	     0.013572 
10600 	 14 	       23.733 	       23.156 	   0.90965 	   0.90945 	    0.006771 	     0.006789 	     0.013560 
10700 	 14 	       23.733 	       23.153 	   0.90972 	   0.90953 	    0.006766 	     0.006784 	     0.013549 
10800 	 14 	       23.734 	       23.150 	   0.90979 	   0.90960 	    0.006761 	     0.006779 	     0.013539 
10900 	 14 	       23.735 	       23.147 	   0.90986 	   0.90966 	    0.006756 	     0.006774 	     0.013530 
11000 	 14 	       23.630 	       23.038 	   0.91081 	   0.91061 	    0.006659 	     0.006677 	     0.013337 
11100 	 14 	       23.496 	       22.903 	   0.91155 	   0.91133 	    0.006604 	     0.006624 	     0.013228 
11200 	 14 	       23.494 	       22.899 	   0.91169 	   0.91146 	    0.006594 	     0.006615 	     0.013209 
11300 	 14 	       23.494 	       22.895 	   0.91179 	   0.91155 	    0.006587 	     0.006609 	     0.013196 
11400 	 14 	       23.495 	       22.891 	   0.91187 	   0.91163 	    0.006582 	     0.006603 	     0.013185 
11500 	 14 	       23.496 	       22.888 	   0.91195 	   0.91170 	    0.006577 	     0.006598 	     0.013175 
11600 	 14 	       23.498 	       22.885 	   0.91201 	   0.91177 	    0.006572 	     0.006594 	     0.013166 
11700 	 14 	       23.499 	       22.882 	   0.91208 	   0.91184 	    0.006568 	     0.006590 	     0.013158 
11800 	 14 	       23.500 	       22.878 	   0.91214 	   0.91190 	    0.006564 	     0.006586 	     0.013150 
11900 	 14 	       23.502 	       22.875 	   0.91220 	   0.91196 	    0.006560 	     0.006582 	     0.013142 
12000 	 14 	       23.416 	       22.782 	   0.91308 	   0.91283 	    0.006472 	     0.006493 	     0.012965 
12100 	 14 	       23.302 	       22.666 	   0.91369 	   0.91343 	    0.006427 	     0.006450 	     0.012876 
12200 	 14 	       23.303 	       22.664 	   0.91380 	   0.91353 	    0.006420 	     0.006443 	     0.012863 
12300 	 14 	       23.305 	       22.662 	   0.91388 	   0.91361 	    0.006414 	     0.006438 	     0.012853 
12400 	 14 	       23.307 	       22.660 	   0.91395 	   0.91368 	    0.006410 	     0.006434 	     0.012843 
12500 	 14 	       23.309 	       22.657 	   0.91402 	   0.91375 	    0.006405 	     0.006429 	     0.012834 
12600 	 14 	       23.311 	       22.654 	   0.91409 	   0.91381 	    0.006400 	     0.006424 	     0.012825 
12700 	 14 	       23.313 	       22.651 	   0.91416 	   0.91388 	    0.006396 	     0.006420 	     0.012815 
12800 	 14 	       23.316 	       22.648 	   0.91422 	   0.91395 	    0.006391 	     0.006415 	     0.012806 
12900 	 14 	       23.319 	       22.645 	   0.91429 	   0.91401 	    0.006386 	     0.006411 	     0.012797 
13000 	 14 	       23.250 	       22.570 	   0.91510 	   0.91482 	    0.006305 	     0.006329 	     0.012634 
13100 	 14 	       23.149 	       22.468 	   0.91561 	   0.91532 	    0.006267 	     0.006292 	     0.012559 
13200 	 14 	       23.150 	       22.465 	   0.91572 	   0.91542 	    0.006260 	     0.006285 	     0.012545 
13300 	 14 	       23.152 	       22.463 	   0.91580 	   0.91550 	    0.006254 	     0.006280 	     0.012534 
13400 	 14 	       23.154 	       22.460 	   0.91588 	   0.91558 	    0.006249 	     0.006274 	     0.012523 
13500 	 14 	       23.157 	       22.457 	   0.91595 	   0.91565 	    0.006243 	     0.006269 	     0.012512 
13600 	 14 	       23.159 	       22.454 	   0.91602 	   0.91572 	    0.006238 	     0.006264 	     0.012502 
13700 	 14 	       23.162 	       22.451 	   0.91609 	   0.91579 	    0.006233 	     0.006259 	     0.012491 
13800 	 14 	       23.164 	       22.447 	   0.91616 	   0.91586 	    0.006228 	     0.006253 	     0.012481 
13900 	 14 	       23.167 	       22.443 	   0.91623 	   0.91593 	    0.006222 	     0.006248 	     0.012471 
14000 	 14 	       23.115 	       22.384 	   0.91696 	   0.91666 	    0.006149 	     0.006175 	     0.012324 
14100 	 14 	       23.030 	       22.299 	   0.91740 	   0.91710 	    0.006116 	     0.006142 	     0.012258 
14200 	 14 	       23.027 	       22.294 	   0.91750 	   0.91719 	    0.006109 	     0.006135 	     0.012245 
14300 	 14 	       23.026 	       22.290 	   0.91758 	   0.91727 	    0.006103 	     0.006130 	     0.012233 
14400 	 14 	       23.026 	       22.285 	   0.91766 	   0.91734 	    0.006098 	     0.006124 	     0.012222 
14500 	 14 	       23.026 	       22.281 	   0.91773 	   0.91741 	    0.006092 	     0.006119 	     0.012211 
14600 	 14 	       23.026 	       22.276 	   0.91780 	   0.91748 	    0.006087 	     0.006113 	     0.012200 
14700 	 14 	       23.026 	       22.271 	   0.91786 	   0.91755 	    0.006082 	     0.006108 	     0.012190 
14800 	 14 	       23.027 	       22.266 	   0.91793 	   0.91762 	    0.006077 	     0.006103 	     0.012180 
14900 	 14 	       23.025 	       22.261 	   0.91800 	   0.91768 	    0.006072 	     0.006098 	     0.012170 
15000 	 14 	       22.980 	       22.211 	   0.91865 	   0.91834 	    0.006007 	     0.006032 	     0.012039 
15100 	 14 	       22.906 	       22.137 	   0.91904 	   0.91872 	    0.005978 	     0.006004 	     0.011982 
15200 	 14 	       22.903 	       22.133 	   0.91912 	   0.91881 	    0.005972 	     0.005997 	     0.011969 
15300 	 14 	       22.901 	       22.129 	   0.91920 	   0.91888 	    0.005966 	     0.005992 	     0.011958 
15400 	 14 	       22.900 	       22.126 	   0.91927 	   0.91895 	    0.005961 	     0.005987 	     0.011948 
15500 	 14 	       22.900 	       22.123 	   0.91933 	   0.91901 	    0.005956 	     0.005982 	     0.011938 
15600 	 14 	       22.900 	       22.121 	   0.91940 	   0.91908 	    0.005951 	     0.005977 	     0.011928 
15700 	 14 	       22.900 	       22.118 	   0.91946 	   0.91914 	    0.005946 	     0.005972 	     0.011918 
15800 	 14 	       22.900 	       22.116 	   0.91952 	   0.91920 	    0.005941 	     0.005967 	     0.011909 
15900 	 14 	       22.900 	       22.113 	   0.91958 	   0.91926 	    0.005937 	     0.005963 	     0.011899 
16000 	 14 	       22.867 	       22.076 	   0.92016 	   0.91984 	    0.005880 	     0.005905 	     0.011785 
16100 	 14 	       22.804 	       22.013 	   0.92049 	   0.92018 	    0.005855 	     0.005880 	     0.011734 
16200 	 14 	       22.803 	       22.011 	   0.92057 	   0.92025 	    0.005849 	     0.005874 	     0.011724 
16300 	 14 	       22.804 	       22.010 	   0.92063 	   0.92031 	    0.005844 	     0.005870 	     0.011714 
16400 	 14 	       22.804 	       22.008 	   0.92069 	   0.92037 	    0.005840 	     0.005865 	     0.011705 
16500 	 14 	       22.805 	       22.007 	   0.92075 	   0.92042 	    0.005835 	     0.005861 	     0.011696 
16600 	 14 	       22.806 	       22.006 	   0.92080 	   0.92048 	    0.005831 	     0.005857 	     0.011688 
16700 	 14 	       22.807 	       22.006 	   0.92085 	   0.92053 	    0.005827 	     0.005853 	     0.011680 
16800 	 14 	       22.808 	       22.005 	   0.92090 	   0.92058 	    0.005823 	     0.005849 	     0.011672 
16900 	 14 	       22.809 	       22.004 	   0.92095 	   0.92063 	    0.005819 	     0.005845 	     0.011664 
17000 	 14 	       22.783 	       21.975 	   0.92146 	   0.92113 	    0.005770 	     0.005795 	     0.011565 
17100 	 14 	       22.729 	       21.921 	   0.92175 	   0.92143 	    0.005748 	     0.005773 	     0.011521 
17200 	 14 	       22.730 	       21.921 	   0.92181 	   0.92149 	    0.005743 	     0.005769 	     0.011512 
17300 	 14 	       22.731 	       21.921 	   0.92186 	   0.92154 	    0.005739 	     0.005765 	     0.011504 
17400 	 14 	       22.732 	       21.922 	   0.92191 	   0.92158 	    0.005736 	     0.005761 	     0.011497 
17500 	 14 	       22.733 	       21.922 	   0.92196 	   0.92163 	    0.005732 	     0.005758 	     0.011490 
17600 	 14 	       22.735 	       21.923 	   0.92201 	   0.92167 	    0.005729 	     0.005755 	     0.011483 
17700 	 14 	       22.737 	       21.923 	   0.92205 	   0.92172 	    0.005725 	     0.005751 	     0.011477 
17800 	 14 	       22.738 	       21.924 	   0.92209 	   0.92176 	    0.005722 	     0.005748 	     0.011470 
17900 	 14 	       22.740 	       21.924 	   0.92213 	   0.92180 	    0.005719 	     0.005745 	     0.011464 
18000 	 14 	       22.720 	       21.902 	   0.92258 	   0.92224 	    0.005675 	     0.005701 	     0.011377 
18100 	 14 	       22.672 	       21.855 	   0.92283 	   0.92250 	    0.005656 	     0.005682 	     0.011339 
18200 	 14 	       22.672 	       21.855 	   0.92289 	   0.92255 	    0.005652 	     0.005678 	     0.011331 
18300 	 14 	       22.673 	       21.856 	   0.92293 	   0.92259 	    0.005649 	     0.005675 	     0.011324 
18400 	 14 	       22.674 	       21.857 	   0.92298 	   0.92263 	    0.005646 	     0.005672 	     0.011318 
18500 	 14 	       22.675 	       21.858 	   0.92302 	   0.92267 	    0.005643 	     0.005670 	     0.011312 
18600 	 14 	       22.677 	       21.858 	   0.92306 	   0.92270 	    0.005640 	     0.005667 	     0.011307 
18700 	 14 	       22.678 	       21.859 	   0.92309 	   0.92274 	    0.005637 	     0.005664 	     0.011301 
18800 	 14 	       22.679 	       21.860 	   0.92313 	   0.92277 	    0.005634 	     0.005661 	     0.011295 
18900 	 14 	       22.680 	       21.860 	   0.92317 	   0.92281 	    0.005631 	     0.005659 	     0.011290 
19000 	 14 	       22.663 	       21.843 	   0.92356 	   0.92320 	    0.005593 	     0.005620 	     0.011213 
19100 	 14 	       22.619 	       21.799 	   0.92379 	   0.92342 	    0.005576 	     0.005604 	     0.011180 
19200 	 14 	       22.617 	       21.799 	   0.92383 	   0.92347 	    0.005573 	     0.005601 	     0.011173 
19300 	 14 	       22.616 	       21.798 	   0.92387 	   0.92350 	    0.005570 	     0.005598 	     0.011168 
19400 	 14 	       22.615 	       21.798 	   0.92391 	   0.92354 	    0.005567 	     0.005595 	     0.011162 
19500 	 14 	       22.614 	       21.797 	   0.92395 	   0.92357 	    0.005564 	     0.005593 	     0.011157 
19600 	 14 	       22.613 	       21.797 	   0.92398 	   0.92360 	    0.005562 	     0.005591 	     0.011152 
19700 	 14 	       22.612 	       21.796 	   0.92402 	   0.92363 	    0.005559 	     0.005588 	     0.011147 
19800 	 14 	       22.611 	       21.795 	   0.92405 	   0.92366 	    0.005557 	     0.005586 	     0.011142 
19900 	 14 	       22.609 	       21.794 	   0.92408 	   0.92369 	    0.005554 	     0.005584 	     0.011138 
20000 	 14 	       22.592 	       21.779 	   0.92443 	   0.92403 	    0.005520 	     0.005550 	     0.011070 
100 	 15 	       29.959 	       29.048 	   0.87754 	   0.87767 	    0.010254 	     0.010244 	     0.020497 
200 	 15 	       30.229 	       29.515 	   0.87635 	   0.87637 	    0.010138 	     0.010136 	     0.020274 
300 	 15 	       30.551 	       29.919 	   0.87416 	   0.87417 	    0.010253 	     0.010251 	     0.020504 
400 	 15 	       30.900 	       30.288 	   0.87224 	   0.87224 	    0.010383 	     0.010382 	     0.020765 
500 	 15 	       31.209 	       30.646 	   0.87161 	   0.87150 	    0.010272 	     0.010279 	     0.020551 
600 	 15 	       30.907 	       30.387 	   0.87411 	   0.87399 	    0.009587 	     0.009592 	     0.019179 
700 	 15 	       30.648 	       30.140 	   0.87428 	   0.87417 	    0.009501 	     0.009504 	     0.019006 
800 	 15 	       30.601 	       30.119 	   0.87434 	   0.87423 	    0.009465 	     0.009468 	     0.018933 
900 	 15 	       30.713 	       30.219 	   0.87365 	   0.87354 	    0.009497 	     0.009499 	     0.018997 
1000 	 15 	       29.691 	       29.209 	   0.87898 	   0.87919 	    0.009184 	     0.009164 	     0.018348 
1100 	 15 	       28.862 	       28.356 	   0.88217 	   0.88240 	    0.008977 	     0.008960 	     0.017938 
1200 	 15 	       28.914 	       28.387 	   0.88120 	   0.88131 	    0.009050 	     0.009042 	     0.018092 
1300 	 15 	       28.947 	       28.407 	   0.88079 	   0.88082 	    0.009079 	     0.009077 	     0.018157 
1400 	 15 	       28.916 	       28.371 	   0.88091 	   0.88089 	    0.009071 	     0.009073 	     0.018144 
1500 	 15 	       28.851 	       28.312 	   0.88123 	   0.88119 	    0.009047 	     0.009051 	     0.018098 
1600 	 15 	       28.807 	       28.263 	   0.88147 	   0.88141 	    0.009030 	     0.009035 	     0.018065 
1700 	 15 	       28.794 	       28.240 	   0.88152 	   0.88146 	    0.009029 	     0.009034 	     0.018063 
1800 	 15 	       28.808 	       28.242 	   0.88142 	   0.88137 	    0.009043 	     0.009049 	     0.018092 
1900 	 15 	       28.837 	       28.260 	   0.88120 	   0.88116 	    0.009070 	     0.009075 	     0.018144 
2000 	 15 	       28.448 	       27.864 	   0.88406 	   0.88423 	    0.008805 	     0.008793 	     0.017598 
2100 	 15 	       27.666 	       27.052 	   0.88958 	   0.88949 	    0.008377 	     0.008387 	     0.016764 
2200 	 15 	       27.552 	       26.916 	   0.89010 	   0.89005 	    0.008332 	     0.008339 	     0.016671 
2300 	 15 	       27.502 	       26.848 	   0.89015 	   0.89014 	    0.008326 	     0.008330 	     0.016657 
2400 	 15 	       27.493 	       26.824 	   0.88994 	   0.88997 	    0.008342 	     0.008343 	     0.016684 
2500 	 15 	       27.513 	       26.831 	   0.88959 	   0.88966 	    0.008369 	     0.008367 	     0.016735 
2600 	 15 	       27.554 	       26.860 	   0.88915 	   0.88926 	    0.008402 	     0.008397 	     0.016799 
2700 	 15 	       27.602 	       26.900 	   0.88865 	   0.88880 	    0.008440 	     0.008432 	     0.016872 
2800 	 15 	       27.654 	       26.947 	   0.88812 	   0.88832 	    0.008482 	     0.008469 	     0.016951 
2900 	 15 	       27.710 	       27.000 	   0.88754 	   0.88780 	    0.008525 	     0.008508 	     0.017034 
3000 	 15 	       27.461 	       26.744 	   0.88870 	   0.88908 	    0.008396 	     0.008368 	     0.016764 
3100 	 15 	       26.827 	       26.105 	   0.89335 	   0.89400 	    0.008020 	     0.007970 	     0.015990 
3200 	 15 	       26.811 	       26.098 	   0.89314 	   0.89396 	    0.008035 	     0.007971 	     0.016006 
3300 	 15 	       26.830 	       26.122 	   0.89257 	   0.89348 	    0.008081 	     0.008011 	     0.016092 
3400 	 15 	       26.867 	       26.161 	   0.89191 	   0.89285 	    0.008137 	     0.008064 	     0.016201 
3500 	 15 	       26.910 	       26.204 	   0.89120 	   0.89216 	    0.008198 	     0.008123 	     0.016320 
3600 	 15 	       26.958 	       26.253 	   0.89043 	   0.89140 	    0.008265 	     0.008189 	     0.016454 
3700 	 15 	       27.016 	       26.310 	   0.88945 	   0.89042 	    0.008351 	     0.008275 	     0.016627 
3800 	 15 	       27.114 	       26.408 	   0.88774 	   0.88868 	    0.008508 	     0.008435 	     0.016943 
3900 	 15 	       27.271 	       26.572 	   0.88527 	   0.88609 	    0.008744 	     0.008681 	     0.017425 
4000 	 15 	       27.087 	       26.393 	   0.88626 	   0.88703 	    0.008648 	     0.008588 	     0.017236 
4100 	 15 	       26.501 	       25.803 	   0.89114 	   0.89181 	    0.008242 	     0.008191 	     0.016433 
4200 	 15 	       26.421 	       25.728 	   0.89178 	   0.89247 	    0.008190 	     0.008137 	     0.016327 
4300 	 15 	       26.376 	       25.685 	   0.89209 	   0.89279 	    0.008165 	     0.008112 	     0.016277 
4400 	 15 	       26.344 	       25.656 	   0.89231 	   0.89301 	    0.008148 	     0.008094 	     0.016243 
4500 	 15 	       26.319 	       25.633 	   0.89248 	   0.89319 	    0.008135 	     0.008080 	     0.016215 
4600 	 15 	       26.298 	       25.613 	   0.89263 	   0.89334 	    0.008122 	     0.008067 	     0.016190 
4700 	 15 	       26.279 	       25.595 	   0.89276 	   0.89348 	    0.008111 	     0.008056 	     0.016168 
4800 	 15 	       26.262 	       25.580 	   0.89289 	   0.89361 	    0.008101 	     0.008046 	     0.016147 
4900 	 15 	       26.247 	       25.566 	   0.89300 	   0.89373 	    0.008091 	     0.008036 	     0.016127 
5000 	 15 	       26.035 	       25.356 	   0.89408 	   0.89482 	    0.007983 	     0.007925 	     0.015908 
5100 	 15 	       25.649 	       24.965 	   0.89726 	   0.89788 	    0.007718 	     0.007670 	     0.015388 
5200 	 15 	       25.591 	       24.911 	   0.89774 	   0.89838 	    0.007679 	     0.007629 	     0.015308 
5300 	 15 	       25.559 	       24.881 	   0.89797 	   0.89862 	    0.007660 	     0.007610 	     0.015270 
5400 	 15 	       25.536 	       24.860 	   0.89813 	   0.89878 	    0.007647 	     0.007597 	     0.015244 
5500 	 15 	       25.516 	       24.842 	   0.89826 	   0.89891 	    0.007637 	     0.007586 	     0.015223 
5600 	 15 	       25.500 	       24.827 	   0.89837 	   0.89902 	    0.007627 	     0.007577 	     0.015204 
5700 	 15 	       25.485 	       24.813 	   0.89847 	   0.89913 	    0.007619 	     0.007568 	     0.015187 
5800 	 15 	       25.471 	       24.800 	   0.89856 	   0.89922 	    0.007611 	     0.007560 	     0.015171 
5900 	 15 	       25.458 	       24.788 	   0.89865 	   0.89931 	    0.007604 	     0.007553 	     0.015156 
6000 	 15 	       25.270 	       24.600 	   0.89949 	   0.90015 	    0.007519 	     0.007467 	     0.014986 
6100 	 15 	       24.997 	       24.318 	   0.90178 	   0.90232 	    0.007330 	     0.007288 	     0.014617 
6200 	 15 	       24.950 	       24.274 	   0.90220 	   0.90274 	    0.007296 	     0.007253 	     0.014549 
6300 	 15 	       24.921 	       24.248 	   0.90240 	   0.90295 	    0.007280 	     0.007237 	     0.014517 
6400 	 15 	       24.900 	       24.229 	   0.90253 	   0.90308 	    0.007270 	     0.007227 	     0.014497 
6500 	 15 	       24.883 	       24.213 	   0.90262 	   0.90318 	    0.007262 	     0.007219 	     0.014482 
6600 	 15 	       24.868 	       24.199 	   0.90270 	   0.90326 	    0.007256 	     0.007213 	     0.014469 
6700 	 15 	       24.855 	       24.186 	   0.90277 	   0.90332 	    0.007251 	     0.007208 	     0.014459 
6800 	 15 	       24.843 	       24.176 	   0.90283 	   0.90338 	    0.007246 	     0.007203 	     0.014450 
6900 	 15 	       24.832 	       24.166 	   0.90288 	   0.90343 	    0.007242 	     0.007199 	     0.014442 
7000 	 15 	       24.668 	       24.003 	   0.90355 	   0.90410 	    0.007175 	     0.007132 	     0.014307 
7100 	 15 	       24.456 	       23.785 	   0.90527 	   0.90570 	    0.007034 	     0.007001 	     0.014036 
7200 	 15 	       24.420 	       23.750 	   0.90563 	   0.90606 	    0.007005 	     0.006972 	     0.013977 
7300 	 15 	       24.398 	       23.730 	   0.90581 	   0.90624 	    0.006991 	     0.006957 	     0.013949 
7400 	 15 	       24.382 	       23.716 	   0.90591 	   0.90635 	    0.006983 	     0.006949 	     0.013932 
7500 	 15 	       24.370 	       23.705 	   0.90599 	   0.90643 	    0.006977 	     0.006943 	     0.013921 
7600 	 15 	       24.360 	       23.696 	   0.90605 	   0.90648 	    0.006973 	     0.006939 	     0.013912 
7700 	 15 	       24.351 	       23.688 	   0.90609 	   0.90653 	    0.006970 	     0.006936 	     0.013905 
7800 	 15 	       24.343 	       23.682 	   0.90613 	   0.90657 	    0.006966 	     0.006933 	     0.013899 
7900 	 15 	       24.336 	       23.676 	   0.90617 	   0.90661 	    0.006964 	     0.006930 	     0.013894 
8000 	 15 	       24.192 	       23.534 	   0.90674 	   0.90717 	    0.006908 	     0.006875 	     0.013782 
8100 	 15 	       24.020 	       23.357 	   0.90807 	   0.90838 	    0.006800 	     0.006776 	     0.013576 
8200 	 15 	       23.992 	       23.330 	   0.90839 	   0.90871 	    0.006774 	     0.006749 	     0.013523 
8300 	 15 	       23.973 	       23.313 	   0.90857 	   0.90889 	    0.006760 	     0.006735 	     0.013494 
8400 	 15 	       23.960 	       23.301 	   0.90868 	   0.90900 	    0.006751 	     0.006726 	     0.013477 
8500 	 15 	       23.950 	       23.292 	   0.90876 	   0.90908 	    0.006745 	     0.006720 	     0.013465 
8600 	 15 	       23.941 	       23.284 	   0.90881 	   0.90914 	    0.006741 	     0.006716 	     0.013457 
8700 	 15 	       23.933 	       23.277 	   0.90886 	   0.90918 	    0.006737 	     0.006712 	     0.013449 
8800 	 15 	       23.927 	       23.271 	   0.90890 	   0.90922 	    0.006734 	     0.006709 	     0.013443 
8900 	 15 	       23.921 	       23.265 	   0.90894 	   0.90926 	    0.006732 	     0.006706 	     0.013438 
9000 	 15 	       23.795 	       23.140 	   0.90945 	   0.90977 	    0.006683 	     0.006658 	     0.013341 
9100 	 15 	       23.652 	       22.992 	   0.91049 	   0.91069 	    0.006599 	     0.006583 	     0.013181 
9200 	 15 	       23.629 	       22.969 	   0.91078 	   0.91099 	    0.006575 	     0.006559 	     0.013134 
9300 	 15 	       23.613 	       22.954 	   0.91096 	   0.91117 	    0.006561 	     0.006544 	     0.013106 
9400 	 15 	       23.602 	       22.943 	   0.91108 	   0.91130 	    0.006552 	     0.006535 	     0.013087 
9500 	 15 	       23.592 	       22.934 	   0.91117 	   0.91139 	    0.006545 	     0.006528 	     0.013073 
9600 	 15 	       23.584 	       22.927 	   0.91123 	   0.91146 	    0.006540 	     0.006523 	     0.013063 
9700 	 15 	       23.577 	       22.920 	   0.91129 	   0.91151 	    0.006536 	     0.006518 	     0.013055 
9800 	 15 	       23.571 	       22.914 	   0.91134 	   0.91156 	    0.006533 	     0.006515 	     0.013047 
9900 	 15 	       23.566 	       22.909 	   0.91138 	   0.91160 	    0.006530 	     0.006512 	     0.013041 
10000 	 15 	       23.461 	       22.803 	   0.91187 	   0.91208 	    0.006485 	     0.006468 	     0.012952 
10100 	 15 	       23.343 	       22.677 	   0.91268 	   0.91280 	    0.006419 	     0.006409 	     0.012828 
10200 	 15 	       23.326 	       22.659 	   0.91294 	   0.91305 	    0.006399 	     0.006390 	     0.012789 
10300 	 15 	       23.314 	       22.647 	   0.91310 	   0.91322 	    0.006386 	     0.006376 	     0.012762 
10400 	 15 	       23.305 	       22.638 	   0.91323 	   0.91335 	    0.006376 	     0.006366 	     0.012742 
10500 	 15 	       23.297 	       22.631 	   0.91332 	   0.91344 	    0.006369 	     0.006358 	     0.012727 
10600 	 15 	       23.291 	       22.625 	   0.91340 	   0.91352 	    0.006363 	     0.006352 	     0.012716 
10700 	 15 	       23.286 	       22.619 	   0.91346 	   0.91359 	    0.006358 	     0.006347 	     0.012706 
10800 	 15 	       23.281 	       22.614 	   0.91352 	   0.91364 	    0.006354 	     0.006343 	     0.012697 
10900 	 15 	       23.277 	       22.610 	   0.91357 	   0.91369 	    0.006350 	     0.006340 	     0.012690 
11000 	 15 	       23.190 	       22.521 	   0.91404 	   0.91416 	    0.006308 	     0.006298 	     0.012606 
11100 	 15 	       23.088 	       22.413 	   0.91470 	   0.91473 	    0.006255 	     0.006251 	     0.012507 
11200 	 15 	       23.077 	       22.400 	   0.91491 	   0.91494 	    0.006239 	     0.006235 	     0.012475 
11300 	 15 	       23.068 	       22.391 	   0.91506 	   0.91509 	    0.006227 	     0.006224 	     0.012451 
11400 	 15 	       23.061 	       22.384 	   0.91517 	   0.91521 	    0.006218 	     0.006214 	     0.012433 
11500 	 15 	       23.056 	       22.379 	   0.91527 	   0.91531 	    0.006211 	     0.006207 	     0.012418 
11600 	 15 	       23.051 	       22.375 	   0.91535 	   0.91539 	    0.006205 	     0.006200 	     0.012405 
11700 	 15 	       23.046 	       22.371 	   0.91542 	   0.91546 	    0.006200 	     0.006195 	     0.012395 
11800 	 15 	       23.043 	       22.367 	   0.91548 	   0.91552 	    0.006195 	     0.006190 	     0.012385 
11900 	 15 	       23.039 	       22.364 	   0.91553 	   0.91558 	    0.006191 	     0.006186 	     0.012377 
12000 	 15 	       22.966 	       22.290 	   0.91600 	   0.91603 	    0.006150 	     0.006146 	     0.012296 
12100 	 15 	       22.876 	       22.195 	   0.91654 	   0.91651 	    0.006106 	     0.006107 	     0.012214 
12200 	 15 	       22.867 	       22.185 	   0.91671 	   0.91667 	    0.006093 	     0.006095 	     0.012188 
12300 	 15 	       22.860 	       22.178 	   0.91684 	   0.91680 	    0.006083 	     0.006084 	     0.012168 
12400 	 15 	       22.854 	       22.173 	   0.91695 	   0.91691 	    0.006075 	     0.006076 	     0.012151 
12500 	 15 	       22.849 	       22.168 	   0.91704 	   0.91700 	    0.006068 	     0.006069 	     0.012137 
12600 	 15 	       22.844 	       22.163 	   0.91712 	   0.91708 	    0.006062 	     0.006063 	     0.012125 
12700 	 15 	       22.840 	       22.159 	   0.91719 	   0.91715 	    0.006057 	     0.006057 	     0.012114 
12800 	 15 	       22.835 	       22.155 	   0.91725 	   0.91722 	    0.006052 	     0.006052 	     0.012104 
12900 	 15 	       22.832 	       22.152 	   0.91731 	   0.91728 	    0.006047 	     0.006048 	     0.012095 
13000 	 15 	       22.770 	       22.089 	   0.91776 	   0.91772 	    0.006008 	     0.006009 	     0.012017 
13100 	 15 	       22.689 	       22.004 	   0.91823 	   0.91813 	    0.005971 	     0.005976 	     0.011947 
13200 	 15 	       22.681 	       21.995 	   0.91837 	   0.91827 	    0.005960 	     0.005966 	     0.011926 
13300 	 15 	       22.674 	       21.989 	   0.91848 	   0.91838 	    0.005951 	     0.005957 	     0.011908 
13400 	 15 	       22.668 	       21.983 	   0.91858 	   0.91848 	    0.005944 	     0.005949 	     0.011894 
13500 	 15 	       22.663 	       21.978 	   0.91866 	   0.91856 	    0.005938 	     0.005943 	     0.011881 
13600 	 15 	       22.658 	       21.974 	   0.91874 	   0.91864 	    0.005932 	     0.005937 	     0.011869 
13700 	 15 	       22.653 	       21.969 	   0.91880 	   0.91871 	    0.005927 	     0.005932 	     0.011858 
13800 	 15 	       22.649 	       21.964 	   0.91887 	   0.91877 	    0.005922 	     0.005927 	     0.011849 
13900 	 15 	       22.644 	       21.960 	   0.91892 	   0.91883 	    0.005917 	     0.005922 	     0.011840 
14000 	 15 	       22.593 	       21.907 	   0.91936 	   0.91925 	    0.005880 	     0.005885 	     0.011765 
14100 	 15 	       22.519 	       21.831 	   0.91976 	   0.91961 	    0.005848 	     0.005857 	     0.011705 
14200 	 15 	       22.512 	       21.823 	   0.91988 	   0.91973 	    0.005839 	     0.005848 	     0.011687 
14300 	 15 	       22.506 	       21.817 	   0.91998 	   0.91983 	    0.005831 	     0.005840 	     0.011671 
14400 	 15 	       22.501 	       21.812 	   0.92006 	   0.91991 	    0.005825 	     0.005833 	     0.011658 
14500 	 15 	       22.496 	       21.807 	   0.92014 	   0.91999 	    0.005819 	     0.005827 	     0.011646 
14600 	 15 	       22.492 	       21.802 	   0.92021 	   0.92006 	    0.005814 	     0.005822 	     0.011636 
14700 	 15 	       22.488 	       21.798 	   0.92027 	   0.92012 	    0.005809 	     0.005817 	     0.011626 
14800 	 15 	       22.484 	       21.793 	   0.92033 	   0.92018 	    0.005804 	     0.005812 	     0.011617 
14900 	 15 	       22.480 	       21.789 	   0.92038 	   0.92024 	    0.005800 	     0.005808 	     0.011608 
15000 	 15 	       22.439 	       21.747 	   0.92079 	   0.92064 	    0.005765 	     0.005773 	     0.011538 
15100 	 15 	       22.375 	       21.680 	   0.92114 	   0.92095 	    0.005737 	     0.005749 	     0.011486 
15200 	 15 	       22.369 	       21.673 	   0.92125 	   0.92105 	    0.005730 	     0.005741 	     0.011471 
15300 	 15 	       22.365 	       21.668 	   0.92133 	   0.92113 	    0.005723 	     0.005735 	     0.011457 
15400 	 15 	       22.361 	       21.664 	   0.92140 	   0.92121 	    0.005717 	     0.005729 	     0.011446 
15500 	 15 	       22.357 	       21.660 	   0.92147 	   0.92128 	    0.005712 	     0.005724 	     0.011436 
15600 	 15 	       22.353 	       21.656 	   0.92153 	   0.92134 	    0.005707 	     0.005719 	     0.011426 
15700 	 15 	       22.350 	       21.652 	   0.92159 	   0.92139 	    0.005703 	     0.005714 	     0.011418 
15800 	 15 	       22.347 	       21.648 	   0.92164 	   0.92145 	    0.005699 	     0.005710 	     0.011409 
15900 	 15 	       22.344 	       21.645 	   0.92169 	   0.92149 	    0.005695 	     0.005706 	     0.011402 
16000 	 15 	       22.310 	       21.612 	   0.92207 	   0.92186 	    0.005663 	     0.005674 	     0.011337 
16100 	 15 	       22.253 	       21.552 	   0.92237 	   0.92214 	    0.005639 	     0.005653 	     0.011292 
16200 	 15 	       22.249 	       21.546 	   0.92246 	   0.92223 	    0.005632 	     0.005646 	     0.011279 
16300 	 15 	       22.245 	       21.542 	   0.92253 	   0.92230 	    0.005627 	     0.005641 	     0.011267 
16400 	 15 	       22.242 	       21.538 	   0.92260 	   0.92236 	    0.005622 	     0.005636 	     0.011257 
16500 	 15 	       22.240 	       21.535 	   0.92266 	   0.92242 	    0.005617 	     0.005631 	     0.011248 
16600 	 15 	       22.237 	       21.533 	   0.92271 	   0.92247 	    0.005613 	     0.005627 	     0.011240 
16700 	 15 	       22.235 	       21.530 	   0.92276 	   0.92253 	    0.005609 	     0.005623 	     0.011232 
16800 	 15 	       22.233 	       21.528 	   0.92281 	   0.92257 	    0.005605 	     0.005619 	     0.011225 
16900 	 15 	       22.231 	       21.526 	   0.92285 	   0.92262 	    0.005602 	     0.005616 	     0.011218 
17000 	 15 	       22.204 	       21.501 	   0.92320 	   0.92296 	    0.005572 	     0.005586 	     0.011158 
17100 	 15 	       22.152 	       21.447 	   0.92348 	   0.92321 	    0.005551 	     0.005567 	     0.011118 
17200 	 15 	       22.148 	       21.443 	   0.92355 	   0.92328 	    0.005545 	     0.005561 	     0.011107 
17300 	 15 	       22.145 	       21.439 	   0.92362 	   0.92334 	    0.005540 	     0.005557 	     0.011097 
17400 	 15 	       22.143 	       21.437 	   0.92368 	   0.92340 	    0.005536 	     0.005552 	     0.011088 
17500 	 15 	       22.141 	       21.434 	   0.92373 	   0.92345 	    0.005532 	     0.005548 	     0.011080 
17600 	 15 	       22.139 	       21.432 	   0.92378 	   0.92350 	    0.005528 	     0.005544 	     0.011072 
17700 	 15 	       22.137 	       21.430 	   0.92382 	   0.92355 	    0.005524 	     0.005541 	     0.011065 
17800 	 15 	       22.135 	       21.428 	   0.92387 	   0.92359 	    0.005521 	     0.005537 	     0.011058 
17900 	 15 	       22.133 	       21.427 	   0.92391 	   0.92363 	    0.005517 	     0.005534 	     0.011052 
18000 	 15 	       22.110 	       21.405 	   0.92423 	   0.92394 	    0.005490 	     0.005507 	     0.010997 
18100 	 15 	       22.062 	       21.356 	   0.92447 	   0.92417 	    0.005471 	     0.005490 	     0.010961 
18200 	 15 	       22.058 	       21.351 	   0.92454 	   0.92423 	    0.005466 	     0.005485 	     0.010952 
18300 	 15 	       22.055 	       21.349 	   0.92460 	   0.92429 	    0.005462 	     0.005481 	     0.010943 
18400 	 15 	       22.053 	       21.346 	   0.92465 	   0.92434 	    0.005458 	     0.005477 	     0.010935 
18500 	 15 	       22.050 	       21.344 	   0.92470 	   0.92438 	    0.005454 	     0.005474 	     0.010928 
18600 	 15 	       22.048 	       21.343 	   0.92474 	   0.92443 	    0.005451 	     0.005470 	     0.010921 
18700 	 15 	       22.047 	       21.342 	   0.92478 	   0.92447 	    0.005448 	     0.005467 	     0.010915 
18800 	 15 	       22.045 	       21.340 	   0.92482 	   0.92450 	    0.005445 	     0.005464 	     0.010909 
18900 	 15 	       22.043 	       21.339 	   0.92486 	   0.92454 	    0.005442 	     0.005461 	     0.010903 
19000 	 15 	       22.023 	       21.322 	   0.92515 	   0.92482 	    0.005417 	     0.005437 	     0.010854 
19100 	 15 	       21.979 	       21.278 	   0.92537 	   0.92503 	    0.005401 	     0.005422 	     0.010822 
19200 	 15 	       21.975 	       21.275 	   0.92543 	   0.92508 	    0.005396 	     0.005418 	     0.010814 
19300 	 15 	       21.973 	       21.273 	   0.92548 	   0.92513 	    0.005392 	     0.005414 	     0.010806 
19400 	 15 	       21.970 	       21.272 	   0.92553 	   0.92517 	    0.005389 	     0.005411 	     0.010800 
19500 	 15 	       21.968 	       21.271 	   0.92557 	   0.92521 	    0.005386 	     0.005408 	     0.010793 
19600 	 15 	       21.966 	       21.270 	   0.92560 	   0.92525 	    0.005383 	     0.005405 	     0.010788 
19700 	 15 	       21.965 	       21.269 	   0.92564 	   0.92528 	    0.005380 	     0.005402 	     0.010782 
19800 	 15 	       21.963 	       21.268 	   0.92568 	   0.92532 	    0.005378 	     0.005399 	     0.010777 
19900 	 15 	       21.961 	       21.267 	   0.92571 	   0.92535 	    0.005375 	     0.005397 	     0.010772 
20000 	 15 	       21.946 	       21.253 	   0.92598 	   0.92561 	    0.005352 	     0.005375 	     0.010727 
100 	 16 	       28.708 	       27.845 	   0.88274 	   0.88223 	    0.008755 	     0.008792 	     0.017547 
