  2.2442e+000  6.1330e-001  1.4950e+000 -1.1490e+000  1.7526e-001
  4.3943e-002 -8.4086e-001 -7.2277e-001 -4.5375e-002  1.2895e-001
 -1.1695e-002  1.4528e-003 -2.2571e-003 -1.1400e-003 -4.2966e-004
 -1.8617e-005
  8.8804e+000
 2.08570953e+000 2.08570953e+000  2.08570953e+000 1.24424360e+000 1.24424360e+000  1.24424360e+000 -1.29351161e+000 -1.29351161e+000  -1.29351161e+000 -1.12299485e+000 -1.12299485e+000  -1.12299485e+000 7.92195499e-001 7.92195499e-001  7.92195499e-001
 -1.40149039e+000 -1.40149039e+000  -1.40149039e+000 -1.28083277e+000 -1.28083277e+000  -1.28083277e+000 -8.15265847e-001 -8.15265847e-001  -8.15265847e-001 1.07169010e+000 1.07169010e+000  1.07169010e+000 -1.07783410e-001 -1.07783410e-001  -1.07783410e-001
 2.23530487e-002 2.23530487e-002  2.23530487e-002 1.57093993e-002 1.57093993e-002  1.57093993e-002 6.75384555e-003 6.75384555e-003  6.75384555e-003 4.43310093e-004 4.43310093e-004  4.43310093e-004 -4.91247929e-004 -4.91247929e-004  -4.91247929e-004
 -6.31393586e-006 -6.31393586e-006  -6.31393586e-006
 2.64914659e+000 2.64914659e+000  2.64914659e+000 -1.63171352e+000 -1.63171352e+000  -1.63171352e+000 3.97022786e-001 3.97022786e-001  3.97022786e-001 8.30316227e-001 8.30316227e-001  8.30316227e-001 -5.31591167e-002 -5.31591167e-002  -5.31591167e-002
 2.51865465e+000 2.51865465e+000  2.51865465e+000 4.21192313e-001 4.21192313e-001  4.21192313e-001 1.46906695e-001 1.46906695e-001  1.46906695e-001 -2.59585780e-001 -2.59585780e-001  -2.59585780e-001 -1.30340821e-001 -1.30340821e-001  -1.30340821e-001
 -4.33633799e-002 -4.33633799e-002  -4.33633799e-002 -7.04717705e-002 -7.04717705e-002  -7.04717705e-002 -1.37453214e-002 -1.37453214e-002  -1.37453214e-002 -1.19265234e-003 -1.19265234e-003  -1.19265234e-003 7.00899907e-004 7.00899907e-004  7.00899907e-004
 -2.34259258e-006 -2.34259258e-006  -2.34259258e-006
 1.37827354e+000 1.37827354e+000  1.37827354e+000 1.84919272e+000 1.84919272e+000  1.84919272e+000 -1.30126814e+000 -1.30126814e+000  -1.30126814e+000 -3.28723786e-001 -3.28723786e-001  -3.28723786e-001 -1.34626150e+000 -1.34626150e+000  -1.34626150e+000
 -7.30434223e-001 -7.30434223e-001  -7.30434223e-001 -7.65364154e-001 -7.65364154e-001  -7.65364154e-001 -1.88798975e-001 -1.88798975e-001  -1.88798975e-001 3.22136857e-001 3.22136857e-001  3.22136857e-001 -2.57778060e-001 -2.57778060e-001  -2.57778060e-001
 -4.24458926e-002 -4.24458926e-002  -4.24458926e-002 -9.80465697e-002 -9.80465697e-002  -9.80465697e-002 -1.72928904e-002 -1.72928904e-002  -1.72928904e-002 -2.04539580e-003 -2.04539580e-003  -2.04539580e-003 1.56959641e-004 1.56959641e-004  1.56959641e-004
 -1.05375160e-005 -1.05375160e-005  -1.05375160e-005
 -1.32394644e+000 -1.32394644e+000  -1.32394644e+000 1.37024516e+000 1.37024516e+000  1.37024516e+000 2.75855427e+000 2.75855427e+000  2.75855427e+000 1.46477074e+000 1.46477074e+000  1.46477074e+000 2.20996216e+000 2.20996216e+000  2.20996216e+000
 -1.34155752e+000 -1.34155752e+000  -1.34155752e+000 -1.71015778e-001 -1.71015778e-001  -1.71015778e-001 -9.55094669e-002 -9.55094669e-002  -9.55094669e-002 -8.50438473e-001 -8.50438473e-001  -8.50438473e-001 4.50713502e-001 4.50713502e-001  4.50713502e-001
 5.97086651e-002 5.97086651e-002  5.97086651e-002 2.21109325e-001 2.21109325e-001  2.21109325e-001 2.98978811e-002 2.98978811e-002  2.98978811e-002 1.67684620e-003 1.67684620e-003  1.67684620e-003 -1.38825346e-003 -1.38825346e-003  -1.38825346e-003
 -1.03787730e-005 -1.03787730e-005  -1.03787730e-005
 -1.18758797e+000 -1.18759075e+000  -1.18758992e+000 -2.08259817e+000 -2.08259823e+000  -2.08259819e+000 1.97166221e+000 1.97166357e+000  1.97166697e+000 -2.82945683e+000 -2.82945682e+000  -2.82945683e+000 -1.17355530e+000 -1.17356043e+000  -1.17355791e+000
 9.18932080e-001 9.18930894e-001  9.18932911e-001 8.62935752e-001 8.62933171e-001  8.62933958e-001 1.80366506e-001 1.80366894e-001  1.80366430e-001 -3.48300316e-001 -3.48300279e-001  -3.48297290e-001 1.90193132e-001 1.90195699e-001  1.90192184e-001
 -1.47847713e-002 -1.47849103e-002  -1.47846896e-002 -6.87823738e-002 -6.87828811e-002  -6.87820576e-002 -9.27434442e-003 -9.27442125e-003  -9.27429982e-003 -6.78782561e-004 -6.78783424e-004  -6.78782047e-004 3.40786923e-004 3.40798519e-004  3.40780221e-004
 -1.45432939e-006 -1.45337198e-006  -1.45487053e-006
 -3.50843923e+000 -3.50843923e+000  -3.50843923e+000 -3.20577225e+000 -3.20577225e+000  -3.20577225e+000 1.55568541e+000 1.55568541e+000  1.55568541e+000 -2.37874154e+000 -2.37874154e+000  -2.37874154e+000 7.66832779e-001 7.66832779e-001  7.66832779e-001
 -4.61879212e-001 -4.61879212e-001  -4.61879212e-001 9.59114254e-001 9.59114254e-001  9.59114254e-001 -2.09499890e-002 -2.09499890e-002  -2.09499890e-002 5.96336517e-001 5.96336517e-001  5.96336517e-001 7.68497648e-002 7.68497648e-002  7.68497648e-002
 -6.29765959e-003 -6.29765959e-003  -6.29765959e-003 -1.35284108e-002 -1.35284108e-002  -1.35284108e-002 -2.37529294e-003 -2.37529294e-003  -2.37529294e-003 -2.38244109e-004 -2.38244109e-004  -2.38244109e-004 8.99018351e-005 8.99018351e-005  8.99018351e-005
 -1.18787025e-006 -1.18787025e-006  -1.18787025e-006
 4.33047294e+000 4.33047294e+000  4.33047294e+000 -1.20361925e-001 -1.20361925e-001  -1.20361925e-001 -3.26108249e+000 -3.26108249e+000  -3.26108249e+000 -1.41244538e+000 -1.41244538e+000  -1.41244538e+000 -1.37826978e+000 -1.37826978e+000  -1.37826978e+000
 4.03048218e-001 4.03048218e-001  4.03048218e-001 -4.34746502e-002 -4.34746502e-002  -4.34746502e-002 -3.55467099e-002 -3.55467099e-002  -3.55467099e-002 7.57094729e-002 7.57094729e-002  7.57094729e-002 1.32123476e-002 1.32123476e-002  1.32123476e-002
 -1.22746660e-002 -1.22746660e-002  -1.22746660e-002 -6.40716079e-002 -6.40716079e-002  -6.40716079e-002 -8.98078992e-003 -8.98078992e-003  -8.98078992e-003 -8.02840497e-004 -8.02840497e-004  -8.02840497e-004 3.92247089e-004 3.92247089e-004  3.92247089e-004
 1.76546989e-006 1.76546989e-006  1.76546989e-006
 -2.52770297e+000 -2.52770297e+000  -2.52770297e+000 -3.85370221e+000 -3.85370221e+000  -3.85370221e+000 -3.38470152e+000 -3.38470152e+000  -3.38470152e+000 -1.09589610e+000 -1.09589610e+000  -1.09589610e+000 5.38737372e-001 5.38737372e-001  5.38737372e-001
 1.56255362e+000 1.56255362e+000  1.56255362e+000 6.91404952e-001 6.91404952e-001  6.91404952e-001 1.52152208e-001 1.52152208e-001  1.52152208e-001 2.43855256e-001 2.43855256e-001  2.43855256e-001 -1.02761356e+000 -1.02761356e+000  -1.02761356e+000
 -5.28315381e-003 -5.28315381e-003  -5.28315381e-003 1.39741686e-002 1.39741686e-002  1.39741686e-002 -3.14212564e-004 -3.14212564e-004  -3.14212564e-004 -2.05113597e-004 -2.05113597e-004  -2.05113597e-004 7.74136566e-005 7.74136566e-005  7.74136566e-005
 -6.46013291e-007 -6.46013291e-007  -6.46013291e-007
 -2.27350822e+000 -2.27350822e+000  -2.27350822e+000 -1.95321081e+000 -1.95321081e+000  -1.95321081e+000 3.05794061e+000 3.05794061e+000  3.05794061e+000 -9.72511853e-001 -9.72511853e-001  -9.72511853e-001 1.68479443e+000 1.68479443e+000  1.68479443e+000
 -1.96240413e+000 -1.96240413e+000  -1.96240413e+000 1.28581370e+000 1.28581370e+000  1.28581370e+000 2.49047877e-001 2.49047877e-001  2.49047877e-001 9.01028661e-002 9.01028661e-002  9.01028661e-002 6.08654341e-001 6.08654341e-001  6.08654341e-001
 -1.21286142e-002 -1.21286142e-002  -1.21286142e-002 -5.57529075e-002 -5.57529075e-002  -5.57529075e-002 -7.69559830e-003 -7.69559830e-003  -7.69559830e-003 -5.37568460e-004 -5.37568460e-004  -5.37568460e-004 3.91887228e-004 3.91887228e-004  3.91887228e-004
 9.10611192e-007 9.10611192e-007  9.10611192e-007
 -2.24719246e+000 -2.24719246e+000  -2.24719246e+000 6.56303614e-001 6.56303614e-001  6.56303614e-001 3.14028821e+000 3.14028821e+000  3.14028821e+000 -3.30451542e+000 -3.30451542e+000  -3.30451542e+000 -3.66329691e+000 -3.66329691e+000  -3.66329691e+000
 2.72283208e+000 2.72283208e+000  2.72283208e+000 -2.02022591e-002 -2.02022591e-002  -2.02022591e-002 -1.59016954e-001 -1.59016954e-001  -1.59016954e-001 -3.13556153e-001 -3.13556153e-001  -3.13556153e-001 -5.71800435e-001 -5.71800435e-001  -5.71800435e-001
 7.01970289e-003 7.01970289e-003  7.01970289e-003 5.23202629e-002 5.23202629e-002  5.23202629e-002 6.34538880e-003 6.34538880e-003  6.34538880e-003 5.05993217e-004 5.05993217e-004  5.05993217e-004 -1.52643208e-004 -1.52643208e-004  -1.52643208e-004
 -7.65365316e-007 -7.65365316e-007  -7.65365316e-007
 -6.98038263e-001 -6.98038263e-001  -6.98038263e-001 8.54746941e+000 8.54746941e+000  8.54746941e+000 -2.55751254e+000 -2.55751254e+000  -2.55751254e+000 2.02786247e+000 2.02786247e+000  2.02786247e+000 2.58384582e-001 2.58384582e-001  2.58384582e-001
 3.64056237e+000 3.64056237e+000  3.64056237e+000 9.72514153e-001 9.72514153e-001  9.72514153e-001 9.95890935e-001 9.95890935e-001  9.95890935e-001 -1.30894277e-001 -1.30894277e-001  -1.30894277e-001 -4.58983742e-001 -4.58983742e-001  -4.58983742e-001
 1.95032781e-002 1.95032781e-002  1.95032781e-002 9.19533462e-002 9.19533462e-002  9.19533462e-002 1.20046377e-002 1.20046377e-002  1.20046377e-002 6.27719493e-004 6.27719493e-004  6.27719493e-004 -4.31195799e-004 -4.31195799e-004  -4.31195799e-004
 -3.77107631e-006 -3.77107631e-006  -3.77107631e-006
 -1.57612597e+000 -1.57612597e+000  -1.57612597e+000 1.69461274e+000 1.69461274e+000  1.69461274e+000 2.35358850e-002 2.35358850e-002  2.35358850e-002 1.62232417e+000 1.62232417e+000  1.62232417e+000 -1.26880206e-001 -1.26880206e-001  -1.26880206e-001
 1.08069133e+000 1.08069133e+000  1.08069133e+000 -3.25313381e-001 -3.25313381e-001  -3.25313381e-001 -2.03190936e-001 -2.03190936e-001  -2.03190936e-001 5.30793654e-001 5.30793654e-001  5.30793654e-001 -2.68333032e-002 -2.68333032e-002  -2.68333032e-002
 1.19532281e-002 1.19532281e-002  1.19532281e-002 4.48416247e-002 4.48416247e-002  4.48416247e-002 5.55448225e-003 5.55448225e-003  5.55448225e-003 2.83167272e-004 2.83167272e-004  2.83167272e-004 -3.07563156e-004 -3.07563156e-004  -3.07563156e-004
 -2.48843909e-007 -2.48843909e-007  -2.48843909e-007
 -7.85882268e-001 -7.85882268e-001  -7.85882268e-001 4.55414508e-001 4.55414508e-001  4.55414508e-001 -3.66473858e-001 -3.66473858e-001  -3.66473858e-001 -3.36747912e+000 -3.36747912e+000  -3.36747912e+000 -2.53767059e+000 -2.53767059e+000  -2.53767059e+000
 -1.84827100e+000 -1.84827100e+000  -1.84827100e+000 1.38744460e+000 1.38744460e+000  1.38744460e+000 6.64239756e-001 6.64239756e-001  6.64239756e-001 8.44763424e-001 8.44763424e-001  8.44763424e-001 -1.46603195e-001 -1.46603195e-001  -1.46603195e-001
 -3.86823273e-003 -3.86823273e-003  -3.86823273e-003 4.46100554e-003 4.46100554e-003  4.46100554e-003 1.27359519e-003 1.27359519e-003  1.27359519e-003 2.55264114e-004 2.55264114e-004  2.55264114e-004 -1.35399828e-004 -1.35399828e-004  -1.35399828e-004
 1.32982562e-006 1.32982562e-006  1.32982562e-006
 2.66487319e+000 2.66487319e+000  2.66487319e+000 4.19794409e-001 4.19794409e-001  4.19794409e-001 5.07270106e-001 5.07270106e-001  5.07270106e-001 -1.64586813e-001 -1.64586813e-001  -1.64586813e-001 -1.48224571e+000 -1.48224571e+000  -1.48224571e+000
 -4.01098611e-001 -4.01098611e-001  -4.01098611e-001 -2.64506223e-001 -2.64506223e-001  -2.64506223e-001 -2.51680771e-001 -2.51680771e-001  -2.51680771e-001 1.46585576e-001 1.46585576e-001  1.46585576e-001 -2.84334629e-001 -2.84334629e-001  -2.84334629e-001
 7.54551878e-003 7.54551878e-003  7.54551878e-003 4.24488959e-002 4.24488959e-002  4.24488959e-002 6.81844504e-003 6.81844504e-003  6.81844504e-003 4.57878350e-004 4.57878350e-004  4.57878350e-004 -3.69723002e-004 -3.69723002e-004  -3.69723002e-004
 -2.95063091e-006 -2.95063091e-006  -2.95063091e-006
 2.12872000e+000 2.12872000e+000  2.12872000e+000 -3.72682550e+000 -3.72682550e+000  -3.72682550e+000 -3.04105013e+000 -3.04105013e+000  -3.04105013e+000 9.51600338e-001 9.51600338e-001  9.51600338e-001 1.61000604e-001 1.61000604e-001  1.61000604e-001
 -3.08327116e-003 -3.08327116e-003  -3.08327116e-003 4.46920362e-001 4.46920362e-001  4.46920362e-001 5.56139220e-003 5.56139220e-003  5.56139220e-003 7.83043587e-001 7.83043587e-001  7.83043587e-001 -6.62667177e-002 -6.62667177e-002  -6.62667177e-002
 9.77085083e-004 9.77085083e-004  9.77085083e-004 1.71959415e-002 1.71959415e-002  1.71959415e-002 2.32095978e-003 2.32095978e-003  2.32095978e-003 1.11757150e-004 1.11757150e-004  1.11757150e-004 -6.34225349e-006 -6.34225349e-006  -6.34225349e-006
 -1.08341020e-006 -1.08341020e-006  -1.08341020e-006
 -4.73763306e-001 -4.73763306e-001  -4.73763306e-001 -2.13270513e+000 -2.13270513e+000  -2.13270513e+000 1.18907296e+000 1.18907296e+000  1.18907296e+000 9.32409626e-001 9.32409626e-001  9.32409626e-001 -1.12063380e+000 -1.12063380e+000  -1.12063380e+000
 1.03417656e+000 1.03417656e+000  1.03417656e+000 1.66648359e+000 1.66648359e+000  1.66648359e+000 -9.01966390e-002 -9.01966390e-002  -9.01966390e-002 2.37907843e-001 2.37907843e-001  2.37907843e-001 3.41843171e-002 3.41843171e-002  3.41843171e-002
 -1.18918326e-002 -1.18918326e-002  -1.18918326e-002 -3.82003920e-002 -3.82003920e-002  -3.82003920e-002 -4.94348160e-003 -4.94348160e-003  -4.94348160e-003 -2.14959686e-004 -2.14959686e-004  -2.14959686e-004 2.28822826e-005 2.28822826e-005  2.28822826e-005
 -1.49208001e-007 -1.49208001e-007  -1.49208001e-007
 -9.20436798e-001 -9.20436788e-001  -9.20436761e-001 -1.35925095e+000 -1.35925095e+000  -1.35925095e+000 1.15967553e+000 1.15967553e+000  1.15967553e+000 1.01851775e+000 1.01851775e+000  1.01851775e+000 3.31721881e+000 3.31721882e+000  3.31721883e+000
 -1.87284461e+000 -1.87284461e+000  -1.87284461e+000 -9.50259244e-001 -9.50259242e-001  -9.50259238e-001 -1.10937121e+000 -1.10937121e+000  -1.10937122e+000 -8.95888834e-001 -8.95888829e-001  -8.95888817e-001 9.56065619e-002 9.56065545e-002  9.56065362e-002
 7.15650580e-003 7.15650619e-003  7.15650715e-003 1.31127802e-002 1.31127816e-002  1.31127852e-002 3.78642556e-003 3.78642577e-003  3.78642630e-003 3.62957480e-004 3.62957483e-004  3.62957489e-004 -1.82908691e-004 -1.82908723e-004  -1.82908803e-004
 -1.57976570e-006 -1.57976830e-006  -1.57977480e-006
 3.16313082e+000 3.16313114e+000  3.16313194e+000 -1.61290616e+000 -1.61290614e+000  -1.61290610e+000 -2.40868085e+000 -2.40867949e+000  -2.40867609e+000 1.38863754e+000 1.38863754e+000  1.38863754e+000 3.12598987e+000 3.12599087e+000  3.12599337e+000
 -1.55408068e+000 -1.55407987e+000  -1.55407786e+000 4.71092139e-001 4.71092453e-001  4.71093236e-001 1.26665664e-001 1.26665479e-001  1.26665016e-001 -3.03147731e-001 -3.03146540e-001  -3.03143563e-001 8.20764188e-002 8.20750200e-002  8.20715231e-002
 -7.41127836e-003 -7.41119047e-003  -7.41097075e-003 -4.43526978e-002 -4.43523698e-002  -4.43515498e-002 -6.38673063e-003 -6.38668227e-003  -6.38656137e-003 -3.08905591e-004 -3.08905042e-004  -3.08903672e-004 4.95358914e-004 4.95351626e-004  4.95333408e-004
 3.66827343e-006 3.66767661e-006  3.66618455e-006
 -1.67710606e+000 -1.67710916e+000  -1.67710916e+000 3.23525553e+000 3.23525545e+000  3.23525545e+000 2.69828039e+000 2.69828038e+000  2.69828038e+000 -1.11659818e-001 -1.11659807e-001  -1.11659807e-001 1.30627088e+000 1.30626474e+000  1.30626474e+000
 -4.72871804e+000 -4.72872003e+000  -4.72872003e+000 -6.45546790e-002 -6.45575749e-002  -6.45575749e-002 -8.17830569e-001 -8.17829995e-001  -8.17829995e-001 -1.27998192e+000 -1.27998308e+000  -1.27998308e+000 9.04197114e-001 9.04201088e-001  9.04201088e-001
 -3.24065311e-002 -3.24067583e-002  -3.24067583e-002 -1.49769127e-001 -1.49769964e-001  -1.49769964e-001 -2.13636958e-002 -2.13638212e-002  -2.13638212e-002 -1.69216960e-003 -1.69217102e-003  -1.69217102e-003 6.45428132e-004 6.45447047e-004  6.45447047e-004
 -3.29689242e-006 -3.29533559e-006  -3.29533559e-006
 1.93186229e+000 1.93186229e+000  1.93186229e+000 -2.57595162e+000 -2.57595162e+000  -2.57595162e+000 -3.43021659e-001 -3.43021659e-001  -3.43021659e-001 1.44752672e+000 1.44752672e+000  1.44752672e+000 5.94127953e+000 5.94127953e+000  5.94127953e+000
 6.56050149e-001 6.56050149e-001  6.56050149e-001 -2.11039865e+000 -2.11039865e+000  -2.11039865e+000 2.70419299e+000 2.70419299e+000  2.70419299e+000 -4.69638673e-001 -4.69638673e-001  -4.69638673e-001 -5.74547657e-001 -5.74547657e-001  -5.74547657e-001
 -1.98267982e-002 -1.98267982e-002  -1.98267982e-002 -7.71305213e-002 -7.71305213e-002  -7.71305213e-002 -1.11935375e-002 -1.11935375e-002  -1.11935375e-002 -7.56611360e-004 -7.56611360e-004  -7.56611360e-004 4.33642721e-004 4.33642721e-004  4.33642721e-004
 4.62183898e-007 4.62183898e-007  4.62183898e-007
 1.02861366e+000 1.02861366e+000  1.02861366e+000 2.54355391e-001 2.54355391e-001  2.54355391e-001 3.20038498e-002 3.20038498e-002  3.20038498e-002 -3.81335208e-001 -3.81335208e-001  -3.81335208e-001 -2.22859375e+000 -2.22859375e+000  -2.22859375e+000
 3.29399890e+000 3.29399890e+000  3.29399890e+000 -1.32516459e-001 -1.32516459e-001  -1.32516459e-001 -8.56192268e-002 -8.56192268e-002  -8.56192268e-002 -1.08052491e-001 -1.08052491e-001  -1.08052491e-001 -2.64963038e-001 -2.64963038e-001  -2.64963038e-001
 1.39098961e-003 1.39098961e-003  1.39098961e-003 1.80646708e-002 1.80646708e-002  1.80646708e-002 2.41227003e-003 2.41227003e-003  2.41227003e-003 2.15753967e-004 2.15753967e-004  2.15753967e-004 -4.07986659e-005 -4.07986659e-005  -4.07986659e-005
 -2.31228011e-006 -2.31228011e-006  -2.31228011e-006
 -1.41958039e+000 -1.41958039e+000  -1.41958039e+000 -1.38012156e+000 -1.38012156e+000  -1.38012156e+000 3.28589114e+000 3.28589114e+000  3.28589114e+000 -2.59929630e+000 -2.59929630e+000  -2.59929630e+000 9.56734010e-001 9.56734010e-001  9.56734010e-001
 -2.65537549e+000 -2.65537549e+000  -2.65537549e+000 8.06746065e-001 8.06746065e-001  8.06746065e-001 8.89188962e-001 8.89188962e-001  8.89188962e-001 5.84605065e-001 5.84605065e-001  5.84605065e-001 6.29519468e-001 6.29519468e-001  6.29519468e-001
 1.48068999e-002 1.48068999e-002  1.48068999e-002 4.98756728e-002 4.98756728e-002  4.98756728e-002 6.05906836e-003 6.05906836e-003  6.05906836e-003 2.62976611e-004 2.62976611e-004  2.62976611e-004 -2.72046787e-004 -2.72046787e-004  -2.72046787e-004
 -3.08771453e-006 -3.08771453e-006  -3.08771453e-006
 2.50287417e+000 2.50287417e+000  2.50287417e+000 -3.33730263e+000 -3.33730263e+000  -3.33730263e+000 7.00814767e-001 7.00814767e-001  7.00814767e-001 1.08354565e+000 1.08354565e+000  1.08354565e+000 2.55896410e+000 2.55896410e+000  2.55896410e+000
 1.72291859e+000 1.72291859e+000  1.72291859e+000 8.99322765e-001 8.99322765e-001  8.99322765e-001 4.54597233e-002 4.54597233e-002  4.54597233e-002 -4.94748304e-001 -4.94748304e-001  -4.94748304e-001 -1.92976551e-001 -1.92976551e-001  -1.92976551e-001
 1.26637779e-002 1.26637779e-002  1.26637779e-002 5.13434604e-002 5.13434604e-002  5.13434604e-002 7.23024004e-003 7.23024004e-003  7.23024004e-003 1.42018696e-004 1.42018696e-004  1.42018696e-004 -5.46804267e-004 -5.46804267e-004  -5.46804267e-004
 -2.77487658e-006 -2.77487658e-006  -2.77487658e-006
 3.59507745e+000 3.59507745e+000  3.59507745e+000 1.00556373e+000 1.00556373e+000  1.00556373e+000 -1.69223158e+000 -1.69223158e+000  -1.69223158e+000 2.67831111e+000 2.67831111e+000  2.67831111e+000 3.53445798e+000 3.53445798e+000  3.53445798e+000
 -1.98933412e+000 -1.98933412e+000  -1.98933412e+000 -3.74579297e-001 -3.74579297e-001  -3.74579297e-001 -7.99430043e-001 -7.99430043e-001  -7.99430043e-001 -8.49183220e-001 -8.49183220e-001  -8.49183220e-001 -5.12175353e-001 -5.12175353e-001  -5.12175353e-001
 -9.58938535e-003 -9.58938535e-003  -9.58938535e-003 4.75809730e-003 4.75809730e-003  4.75809730e-003 -2.17050411e-003 -2.17050411e-003  -2.17050411e-003 -2.91387878e-004 -2.91387878e-004  -2.91387878e-004 8.94414960e-005 8.94414960e-005  8.94414960e-005
 -1.11922174e-006 -1.11922174e-006  -1.11922174e-006
 -7.18330543e-001 -7.18330543e-001  -7.18330543e-001 3.21587090e+000 3.21587090e+000  3.21587090e+000 -1.87369878e+000 -1.87369878e+000  -1.87369878e+000 -1.81823618e-001 -1.81823618e-001  -1.81823618e-001 5.54058939e-002 5.54058939e-002  5.54058939e-002
 -9.33090209e-001 -9.33090209e-001  -9.33090209e-001 -1.41945333e-001 -1.41945333e-001  -1.41945333e-001 -4.62462682e-001 -4.62462682e-001  -4.62462682e-001 4.23021338e-001 4.23021338e-001  4.23021338e-001 7.45270307e-001 7.45270307e-001  7.45270307e-001
 -7.00850750e-003 -7.00850750e-003  -7.00850750e-003 -4.64534347e-002 -4.64534347e-002  -4.64534347e-002 -6.42046342e-003 -6.42046342e-003  -6.42046342e-003 -6.20412650e-004 -6.20412650e-004  -6.20412650e-004 1.84889313e-004 1.84889313e-004  1.84889313e-004
 -1.59247025e-006 -1.59247025e-006  -1.59247025e-006
 -9.84052691e-002 -9.84052691e-002  -9.84052691e-002 1.73143560e+000 1.73143560e+000  1.73143560e+000 -1.19425991e+000 -1.19425991e+000  -1.19425991e+000 9.35363679e-001 9.35363679e-001  9.35363679e-001 -1.23572454e+000 -1.23572454e+000  -1.23572454e+000
 -1.98182380e+000 -1.98182380e+000  -1.98182380e+000 -6.23462604e-002 -6.23462604e-002  -6.23462604e-002 1.65228518e-001 1.65228518e-001  1.65228518e-001 7.17955486e-001 7.17955486e-001  7.17955486e-001 5.90637078e-001 5.90637078e-001  5.90637078e-001
 8.23031162e-004 8.23031162e-004  8.23031162e-004 -3.81000113e-002 -3.81000113e-002  -3.81000113e-002 -3.35534419e-003 -3.35534419e-003  -3.35534419e-003 -9.38881875e-005 -9.38881875e-005  -9.38881875e-005 -4.21890870e-005 -4.21890870e-005  -4.21890870e-005
 -1.24813177e-006 -1.24813177e-006  -1.24813177e-006
 -2.68927883e+000 -2.68927883e+000  -2.68927883e+000 4.63280354e+000 4.63280354e+000  4.63280354e+000 1.06168679e+000 1.06168679e+000  1.06168679e+000 2.19885736e+000 2.19885736e+000  2.19885736e+000 -6.66127679e-002 -6.66127679e-002  -6.66127679e-002
 -7.29632784e-001 -7.29632784e-001  -7.29632784e-001 1.11075400e+000 1.11075400e+000  1.11075400e+000 9.16877097e-001 9.16877097e-001  9.16877097e-001 -1.75394599e-001 -1.75394599e-001  -1.75394599e-001 4.64466537e-001 4.64466537e-001  4.64466537e-001
 1.56203985e-002 1.56203985e-002  1.56203985e-002 -3.84825403e-002 -3.84825403e-002  -3.84825403e-002 -1.82487453e-003 -1.82487453e-003  -1.82487453e-003 1.95428591e-004 1.95428591e-004  1.95428591e-004 6.93623460e-005 6.93623460e-005  6.93623460e-005
 2.97329157e-006 2.97329157e-006  2.97329157e-006
 -1.38586382e+000 -1.38586382e+000  -1.38586382e+000 1.62923551e+000 1.62923551e+000  1.62923551e+000 3.14574112e+000 3.14574112e+000  3.14574112e+000 3.96048028e-001 3.96048028e-001  3.96048028e-001 -1.68177725e+000 -1.68177725e+000  -1.68177725e+000
 2.10443866e+000 2.10443866e+000  2.10443866e+000 2.31109484e-001 2.31109484e-001  2.31109484e-001 -2.87330139e-001 -2.87330139e-001  -2.87330139e-001 -6.37026700e-001 -6.37026700e-001  -6.37026700e-001 -2.88440985e-001 -2.88440985e-001  -2.88440985e-001
 -1.06701349e-002 -1.06701349e-002  -1.06701349e-002 -4.78572767e-002 -4.78572767e-002  -4.78572767e-002 -6.40034671e-003 -6.40034671e-003  -6.40034671e-003 -4.74886856e-004 -4.74886856e-004  -4.74886856e-004 1.20914391e-004 1.20914391e-004  1.20914391e-004
 1.13218457e-006 1.13218457e-006  1.13218457e-006
 1.28444157e+000 1.28444157e+000  1.28444157e+000 -2.52582931e-001 -2.52582931e-001  -2.52582931e-001 1.06166251e+000 1.06166251e+000  1.06166251e+000 -8.68852623e-001 -8.68852623e-001  -8.68852623e-001 -1.76585564e+000 -1.76585564e+000  -1.76585564e+000
 -8.47654951e-001 -8.47654951e-001  -8.47654951e-001 1.46954216e+000 1.46954216e+000  1.46954216e+000 9.72755821e-001 9.72755821e-001  9.72755821e-001 7.36213807e-001 7.36213807e-001  7.36213807e-001 -8.04191629e-002 -8.04191629e-002  -8.04191629e-002
 -2.91687821e-002 -2.91687821e-002  -2.91687821e-002 -5.29816124e-002 -5.29816124e-002  -5.29816124e-002 -8.78451769e-003 -8.78451769e-003  -8.78451769e-003 -8.98601592e-004 -8.98601592e-004  -8.98601592e-004 2.14177856e-004 2.14177856e-004  2.14177856e-004
 -3.32474614e-006 -3.32474614e-006  -3.32474614e-006
 2.05374105e+000 2.05374105e+000  2.05374105e+000 -3.58270484e-001 -3.58270484e-001  -3.58270484e-001 1.36867644e-001 1.36867644e-001  1.36867644e-001 -1.83169151e+000 -1.83169151e+000  -1.83169151e+000 -1.67747039e+000 -1.67747039e+000  -1.67747039e+000
 1.31888746e-001 1.31888746e-001  1.31888746e-001 -2.98865255e+000 -2.98865255e+000  -2.98865255e+000 -1.23880509e+000 -1.23880509e+000  -1.23880509e+000 5.41022071e-001 5.41022071e-001  5.41022071e-001 -3.02862803e-001 -3.02862803e-001  -3.02862803e-001
 -7.16788406e-003 -7.16788406e-003  -7.16788406e-003 1.69797372e-002 1.69797372e-002  1.69797372e-002 -2.05051661e-005 -2.05051661e-005  -2.05051661e-005 -1.34133740e-004 -1.34133740e-004  -1.34133740e-004 -7.13614205e-005 -7.13614205e-005  -7.13614205e-005
 -1.75359180e-006 -1.75359180e-006  -1.75359180e-006
 2.39373864e+000 2.39373864e+000  2.39373864e+000 9.69598610e-001 9.69598610e-001  9.69598610e-001 2.85606760e+000 2.85606760e+000  2.85606760e+000 3.27802350e+000 3.27802350e+000  3.27802350e+000 6.67723331e-002 6.67723331e-002  6.67723331e-002
 -1.41932126e+000 -1.41932126e+000  -1.41932126e+000 -1.21049581e+000 -1.21049581e+000  -1.21049581e+000 -5.45176754e-001 -5.45176754e-001  -5.45176754e-001 -4.41085909e-001 -4.41085909e-001  -4.41085909e-001 5.79923230e-001 5.79923230e-001  5.79923230e-001
 3.45114387e-002 3.45114387e-002  3.45114387e-002 1.25714419e-001 1.25714419e-001  1.25714419e-001 1.81557771e-002 1.81557771e-002  1.81557771e-002 1.17702269e-003 1.17702269e-003  1.17702269e-003 -8.07444620e-004 -8.07444620e-004  -8.07444620e-004
 -3.60435811e-006 -3.60435811e-006  -3.60435811e-006
 6.27482523e-001 6.27482523e-001  6.27482523e-001 2.33215393e+000 2.33215393e+000  2.33215393e+000 -2.42534873e+000 -2.42534873e+000  -2.42534873e+000 -7.52771082e-002 -7.52771082e-002  -7.52771082e-002 7.51500432e-001 7.51500432e-001  7.51500432e-001
 3.59385665e-001 3.59385665e-001  3.59385665e-001 -2.92488568e+000 -2.92488568e+000  -2.92488568e+000 -9.57431324e-001 -9.57431324e-001  -9.57431324e-001 3.42743796e-001 3.42743796e-001  3.42743796e-001 -4.36575540e-001 -4.36575540e-001  -4.36575540e-001
 1.79082559e-002 1.79082559e-002  1.79082559e-002 8.12083480e-002 8.12083480e-002  8.12083480e-002 1.22461079e-002 1.22461079e-002  1.22461079e-002 1.10285232e-003 1.10285232e-003  1.10285232e-003 -3.64208621e-004 -3.64208621e-004  -3.64208621e-004
 7.44480320e-007 7.44480320e-007  7.44480320e-007
 1.32199151e+000 1.32199151e+000  1.32199151e+000 -1.85516560e+000 -1.85516560e+000  -1.85516560e+000 3.41917793e-001 3.41917793e-001  3.41917793e-001 -2.20874280e+000 -2.20874280e+000  -2.20874280e+000 -1.69111110e+000 -1.69111110e+000  -1.69111110e+000
 5.32040214e-001 5.32040214e-001  5.32040214e-001 1.40136240e-001 1.40136240e-001  1.40136240e-001 1.14450943e-001 1.14450943e-001  1.14450943e-001 -2.22047284e-001 -2.22047284e-001  -2.22047284e-001 -1.12231696e-001 -1.12231696e-001  -1.12231696e-001
 9.76556114e-003 9.76556114e-003  9.76556114e-003 6.51231585e-002 6.51231585e-002  6.51231585e-002 7.63792962e-003 7.63792962e-003  7.63792962e-003 2.36742557e-004 2.36742557e-004  2.36742557e-004 -2.65081937e-004 -2.65081937e-004  -2.65081937e-004
 -3.90783014e-006 -3.90783014e-006  -3.90783014e-006
 8.20080272e-001 8.20080272e-001  8.20080272e-001 -2.83392160e+000 -2.83392160e+000  -2.83392160e+000 -1.08532168e+000 -1.08532168e+000  -1.08532168e+000 -1.84185920e-001 -1.84185920e-001  -1.84185920e-001 -3.24994798e+000 -3.24994798e+000  -3.24994798e+000
 4.11585130e+000 4.11585130e+000  4.11585130e+000 -2.62481654e+000 -2.62481654e+000  -2.62481654e+000 -1.37709865e+000 -1.37709865e+000  -1.37709865e+000 -6.38099498e-001 -6.38099498e-001  -6.38099498e-001 -1.13740170e-001 -1.13740170e-001  -1.13740170e-001
 -3.63998865e-005 -3.63998865e-005  -3.63998865e-005 5.94020089e-003 5.94020089e-003  5.94020089e-003 -5.24439929e-005 -5.24439929e-005  -5.24439929e-005 -2.65731072e-004 -2.65731072e-004  -2.65731072e-004 1.12360973e-005 1.12360973e-005  1.12360973e-005
 -1.79173314e-006 -1.79173314e-006  -1.79173314e-006
 -1.32761301e+000 -1.32761301e+000  -1.32761301e+000 3.09542027e+000 3.09542027e+000  3.09542027e+000 -1.60578674e+000 -1.60578674e+000  -1.60578674e+000 2.59631653e+000 2.59631653e+000  2.59631653e+000 5.35988523e-001 5.35988523e-001  5.35988523e-001
 9.83559637e-001 9.83559637e-001  9.83559637e-001 -1.23591813e-001 -1.23591813e-001  -1.23591813e-001 -5.49482440e-001 -5.49482440e-001  -5.49482440e-001 -5.41512512e-001 -5.41512512e-001  -5.41512512e-001 7.37712710e-001 7.37712710e-001  7.37712710e-001
 -9.39505331e-003 -9.39505331e-003  -9.39505331e-003 -4.11157490e-002 -4.11157490e-002  -4.11157490e-002 -4.70714953e-003 -4.70714953e-003  -4.70714953e-003 -2.73226836e-004 -2.73226836e-004  -2.73226836e-004 1.96783824e-004 1.96783824e-004  1.96783824e-004
 5.08260619e-007 5.08260619e-007  5.08260619e-007
 -1.65094477e+000 -1.65094477e+000  -1.65094477e+000 -2.26907010e+000 -2.26907010e+000  -2.26907010e+000 2.14752788e+000 2.14752788e+000  2.14752788e+000 -3.04058786e+000 -3.04058786e+000  -3.04058786e+000 -8.31752199e-001 -8.31752199e-001  -8.31752199e-001
 -9.91279269e-001 -9.91279269e-001  -9.91279269e-001 8.91055724e-001 8.91055724e-001  8.91055724e-001 2.16607157e-001 2.16607157e-001  2.16607157e-001 5.41100730e-001 5.41100730e-001  5.41100730e-001 4.40626854e-002 4.40626854e-002  4.40626854e-002
 4.24691210e-003 4.24691210e-003  4.24691210e-003 7.99850928e-003 7.99850928e-003  7.99850928e-003 1.48333180e-003 1.48333180e-003  1.48333180e-003 7.44747973e-005 7.44747973e-005  7.44747973e-005 -1.20710758e-004 -1.20710758e-004  -1.20710758e-004
 -2.32569732e-006 -2.32569732e-006  -2.32569732e-006
 -3.43430948e+000 -3.43430916e+000  -3.43430836e+000 -4.39228732e+000 -4.39228731e+000  -4.39228727e+000 -2.02261840e+000 -2.02261704e+000  -2.02261365e+000 -4.51510669e+000 -4.51510669e+000  -4.51510670e+000 -1.47053023e+000 -1.47052923e+000  -1.47052672e+000
 2.42406001e+000 2.42406081e+000  2.42406282e+000 -5.10781901e-001 -5.10781588e-001  -5.10780804e-001 -5.02488304e-001 -5.02488489e-001  -5.02488952e-001 -3.16800782e-001 -3.16799591e-001  -3.16796614e-001 4.42526719e-001 4.42525320e-001  4.42521823e-001
 -2.19356387e-003 -2.19347598e-003  -2.19325626e-003 -1.07515797e-002 -1.07512517e-002  -1.07504317e-002 -2.07835219e-003 -2.07830383e-003  -2.07818293e-003 -8.46310015e-004 -8.46309467e-004  -8.46308096e-004 -3.27291925e-004 -3.27299212e-004  -3.27317430e-004
 -1.09621248e-005 -1.09627217e-005  -1.09642137e-005
 -1.90371070e+000 -1.90371381e+000  -1.90371381e+000 7.96022484e+000 7.96022477e+000  7.96022477e+000 1.81031169e+000 1.81031169e+000  1.81031169e+000 1.91524979e+000 1.91524980e+000  1.91524980e+000 3.20978959e-001 3.20972818e-001  3.20972818e-001
 9.65812418e-001 9.65810426e-001  9.65810426e-001 -5.79181485e-001 -5.79184381e-001  -5.79184381e-001 -1.63937602e-001 -1.63937028e-001  -1.63937028e-001 7.78394591e-002 7.78383004e-002  7.78383004e-002 -6.89611663e-001 -6.89607690e-001  -6.89607690e-001
 -2.12490495e-002 -2.12492767e-002  -2.12492767e-002 -3.79554428e-002 -3.79562795e-002  -3.79562795e-002 -5.58569620e-003 -5.58582160e-003  -5.58582160e-003 -3.87997023e-004 -3.87998437e-004  -3.87998437e-004 2.26242798e-004 2.26261713e-004  2.26261713e-004
 2.25656848e-006 2.25812531e-006  2.25812531e-006
 2.13525140e+000 2.13525140e+000  2.13525140e+000 1.75568132e+000 1.75568132e+000  1.75568132e+000 -3.13436302e-001 -3.13436302e-001  -3.13436302e-001 -2.57574174e-001 -2.57574174e-001  -2.57574174e-001 3.14490407e+000 3.14490407e+000  3.14490407e+000
 -3.82084907e+000 -3.82084907e+000  -3.82084907e+000 -2.95242873e-001 -2.95242873e-001  -2.95242873e-001 -8.21349209e-001 -8.21349209e-001  -8.21349209e-001 -1.39888529e+000 -1.39888529e+000  -1.39888529e+000 3.79704674e-001 3.79704674e-001  3.79704674e-001
 -1.29407915e-002 -1.29407915e-002  -1.29407915e-002 -6.08862236e-002 -6.08862236e-002  -6.08862236e-002 -8.59497331e-003 -8.59497331e-003  -8.59497331e-003 -7.29336497e-004 -7.29336497e-004  -7.29336497e-004 1.72157819e-004 1.72157819e-004  1.72157819e-004
 -1.63650704e-006 -1.63650704e-006  -1.63650704e-006
 3.73787393e+000 3.73787393e+000  3.73787393e+000 -8.98061619e-001 -8.98061619e-001  -8.98061619e-001 6.97133747e-001 6.97133747e-001  6.97133747e-001 -3.05185679e-001 -3.05185679e-001  -3.05185679e-001 -1.84228650e+000 -1.84228650e+000  -1.84228650e+000
 5.52363934e-001 5.52363934e-001  5.52363934e-001 1.43492576e+000 1.43492576e+000  1.43492576e+000 2.28518212e-001 2.28518212e-001  2.28518212e-001 -3.55278173e-002 -3.55278173e-002  -3.55278173e-002 -4.82058635e-001 -4.82058635e-001  -4.82058635e-001
 2.39910364e-002 2.39910364e-002  2.39910364e-002 1.35384579e-001 1.35384579e-001  1.35384579e-001 1.79283065e-002 1.79283065e-002  1.79283065e-002 1.07036383e-003 1.07036383e-003  1.07036383e-003 -7.63503992e-004 -7.63503992e-004  -7.63503992e-004
 -6.35766151e-006 -6.35766151e-006  -6.35766151e-006
 1.01734895e+000 1.01734895e+000  1.01734895e+000 -8.83487907e-001 -8.83487907e-001  -8.83487907e-001 3.42525929e+000 3.42525929e+000  3.42525929e+000 8.78987338e-001 8.78987338e-001  8.78987338e-001 1.90776460e+000 1.90776460e+000  1.90776460e+000
 -2.46332796e+000 -2.46332796e+000  -2.46332796e+000 3.60199460e-001 3.60199460e-001  3.60199460e-001 2.57022622e-001 2.57022622e-001  2.57022622e-001 1.55901902e-001 1.55901902e-001  1.55901902e-001 2.28262506e-001 2.28262506e-001  2.28262506e-001
 -1.48376209e-002 -1.48376209e-002  -1.48376209e-002 -2.80441161e-002 -2.80441161e-002  -2.80441161e-002 -3.67361617e-003 -3.67361617e-003  -3.67361617e-003 -6.13095403e-004 -6.13095403e-004  -6.13095403e-004 -2.47707875e-004 -2.47707875e-004  -2.47707875e-004
 -3.51890627e-006 -3.51890627e-006  -3.51890627e-006
 1.74838945e+000 1.74838945e+000  1.74838945e+000 -7.59664394e-001 -7.59664394e-001  -7.59664394e-001 6.65563505e-001 6.65563505e-001  6.65563505e-001 9.85749952e-001 9.85749952e-001  9.85749952e-001 -8.90101032e-001 -8.90101032e-001  -8.90101032e-001
 2.39266375e+000 2.39266375e+000  2.39266375e+000 -1.82836669e-001 -1.82836669e-001  -1.82836669e-001 5.32994835e-001 5.32994835e-001  5.32994835e-001 4.94800514e-001 4.94800514e-001  4.94800514e-001 3.75722554e-001 3.75722554e-001  3.75722554e-001
 -2.90452654e-003 -2.90452654e-003  -2.90452654e-003 -4.38094297e-002 -4.38094297e-002  -4.38094297e-002 -5.19596200e-003 -5.19596200e-003  -5.19596200e-003 -4.50026967e-004 -4.50026967e-004  -4.50026967e-004 1.63880302e-004 1.63880302e-004  1.63880302e-004
 -8.61594040e-006 -8.61594040e-006  -8.61594040e-006
 -8.00432602e-002 -8.00432497e-002  -8.00432233e-002 -2.40690654e+000 -2.40690654e+000  -2.40690654e+000 -2.09670187e+000 -2.09670187e+000  -2.09670186e+000 -1.04823336e+000 -1.04823336e+000  -1.04823336e+000 -1.09464890e+000 -1.09464889e+000  -1.09464887e+000
 -8.66184705e-002 -8.66184690e-002  -8.66184653e-002 -1.16016693e+000 -1.16016692e+000  -1.16016692e+000 -3.03061642e-001 -3.03061643e-001  -3.03061645e-001 9.58174395e-001 9.58174399e-001  9.58174412e-001 -1.09541811e-001 -1.09541818e-001  -1.09541837e-001
 1.16021859e-002 1.16021863e-002  1.16021873e-002 4.55802227e-002 4.55802242e-002  4.55802278e-002 3.53946388e-003 3.53946409e-003  3.53946463e-003 1.59727665e-004 1.59727667e-004  1.59727673e-004 9.53679497e-005 9.53679176e-005  9.53678374e-005
 -2.19257524e-006 -2.19257784e-006  -2.19258434e-006
 8.14039943e-001 8.14039943e-001  8.14039943e-001 5.70076671e-001 5.70076671e-001  5.70076671e-001 -1.89435223e+000 -1.89435223e+000  -1.89435223e+000 3.26532500e+000 3.26532500e+000  3.26532500e+000 -1.16324105e+000 -1.16324105e+000  -1.16324105e+000
 1.75795747e-001 1.75795747e-001  1.75795747e-001 1.89620282e+000 1.89620282e+000  1.89620282e+000 2.40477495e-001 2.40477495e-001  2.40477495e-001 -2.54409212e-001 -2.54409212e-001  -2.54409212e-001 3.34792663e-001 3.34792663e-001  3.34792663e-001
 -8.12873714e-003 -8.12873714e-003  -8.12873714e-003 -3.23710688e-002 -3.23710688e-002  -3.23710688e-002 -4.80408542e-003 -4.80408542e-003  -4.80408542e-003 -3.88568200e-004 -3.88568200e-004  -3.88568200e-004 1.99686921e-004 1.99686921e-004  1.99686921e-004
 6.10021470e-007 6.10021470e-007  6.10021470e-007
 -1.18340404e+000 -1.18340403e+000  -1.18340401e+000 -4.19756035e-001 -4.19756035e-001  -4.19756035e-001 5.62522442e-001 5.62522443e-001  5.62522444e-001 3.26050697e-001 3.26050697e-001  3.26050696e-001 -6.83354949e-002 -6.83354871e-002  -6.83354678e-002
 -1.82812890e+000 -1.82812890e+000  -1.82812889e+000 4.68143228e-001 4.68143230e-001  4.68143233e-001 6.25981133e-002 6.25981127e-002  6.25981110e-002 -3.41193319e-001 -3.41193314e-001  -3.41193301e-001 3.75064096e-001 3.75064089e-001  3.75064071e-001
 1.01340308e-002 1.01340312e-002  1.01340321e-002 7.16807620e-002 7.16807634e-002  7.16807670e-002 8.40874266e-003 8.40874288e-003  8.40874341e-003 -6.97328443e-004 -6.97328441e-004  -6.97328435e-004 -1.33528474e-003 -1.33528477e-003  -1.33528485e-003
 -3.32633328e-005 -3.32633354e-005  -3.32633419e-005
 1.06853538e+000 1.06853570e+000  1.06853650e+000 3.08830729e+000 3.08830731e+000  3.08830735e+000 1.44757351e+000 1.44757487e+000  1.44757827e+000 -1.93113973e-001 -1.93113974e-001  -1.93113976e-001 1.14266189e+000 1.14266289e+000  1.14266539e+000
 3.34852489e-002 3.34860541e-002  3.34880671e-002 -1.71416449e+000 -1.71416418e+000  -1.71416340e+000 -7.72884387e-001 -7.72884573e-001  -7.72885036e-001 4.85387059e-001 4.85388250e-001  4.85391227e-001 5.34796547e-001 5.34795149e-001  5.34791652e-001
 -1.88135980e-003 -1.88127191e-003  -1.88105218e-003 -1.37953249e-002 -1.37949969e-002  -1.37941770e-002 -1.78869548e-003 -1.78864712e-003  -1.78852622e-003 -3.40349156e-004 -3.40348608e-004  -3.40347237e-004 8.80694473e-005 8.80621601e-005  8.80439421e-005
 1.44553957e-006 1.44494275e-006  1.44345069e-006
 3.29987697e+000 3.29987387e+000  3.29987387e+000 -2.32819409e+000 -2.32819417e+000  -2.32819417e+000 1.20925245e-001 1.20925244e-001  1.20925244e-001 -2.51288924e+000 -2.51288923e+000  -2.51288923e+000 -1.03143435e+000 -1.03144050e+000  -1.03144050e+000
 1.75874825e+000 1.75874626e+000  1.75874626e+000 3.12936630e-001 3.12933734e-001  3.12933734e-001 -6.20148139e-002 -6.20142398e-002  -6.20142398e-002 -2.08691358e-001 -2.08692517e-001  -2.08692517e-001 -7.64856301e-001 -7.64852327e-001  -7.64852327e-001
 -2.67850010e-002 -2.67852282e-002  -2.67852282e-002 -5.83674267e-002 -5.83682634e-002  -5.83682634e-002 -1.02808767e-002 -1.02810021e-002  -1.02810021e-002 -7.58996808e-004 -7.58998222e-004  -7.58998222e-004 5.66360370e-004 5.66379285e-004  5.66379285e-004
 7.90646407e-007 7.92203238e-007  7.92203238e-007
 -1.66012286e+000 -1.66012396e+000  -1.66012389e+000 -1.54361045e+000 -1.54361048e+000  -1.54361048e+000 1.17147408e+000 1.17147419e+000  1.17147446e+000 -4.47808244e+000 -4.47808244e+000  -4.47808244e+000 2.81536262e+000 2.81536048e+000  2.81536068e+000
 -2.25597191e+000 -2.25597256e+000  -2.25597240e+000 5.76441508e-001 5.76440485e-001  5.76440548e-001 3.14818019e-001 3.14818212e-001  3.14818175e-001 -2.58574241e-001 -2.58574565e-001  -2.58574325e-001 5.02361144e-001 5.02362470e-001  5.02362188e-001
 -5.35871101e-003 -5.35878625e-003  -5.35876854e-003 -3.41641046e-002 -3.41643813e-002  -3.41643152e-002 -4.53596767e-003 -4.53600921e-003  -4.53599946e-003 -4.24114728e-004 -4.24115196e-004  -4.24115086e-004 1.43222277e-004 1.43228542e-004  1.43227073e-004
 -1.25837925e-006 -1.25786338e-006  -1.25798366e-006
 -4.36450509e-003 -4.36573543e-003  -4.36534668e-003 5.43188078e-005 5.42917646e-005  5.43111453e-005 -2.74755585e-004 -2.74117425e-004  -2.72520098e-004 -8.80989355e-004 -8.80985026e-004  -8.80986624e-004 -4.90485336e-004 -4.92751141e-004  -4.91566115e-004
 -3.85151638e-004 -3.85661339e-004  -3.84713655e-004 1.62523979e-005 1.51083432e-005  1.54782811e-005 6.95292464e-004 6.95461283e-004  6.95242940e-004 -1.00512385e-003 -1.00507889e-003  -1.00367414e-003 4.05979348e-003 4.06090527e-003  4.05925305e-003
 -1.69171319e-003 -1.69177309e-003  -1.69166936e-003 3.54903903e-002 3.54901718e-002  3.54905589e-002 2.62802448e-003 2.62799136e-003  2.62804843e-003 -4.88316455e-004 -4.88316827e-004  -4.88316180e-004 -4.05800796e-004 -4.05795797e-004  -4.05804397e-004
 -1.45280819e-005 -1.45276691e-005  -1.45283734e-005
 -1.41422017e-001 -1.41423777e-001  -1.41423246e-001 -1.41776090e-002 -1.41776479e-002  -1.41776215e-002 -9.13759259e-002 -9.13750553e-002  -9.13728761e-002 1.29502136e-001 1.29502142e-001  1.29502140e-001 1.28467307e-002 1.28434787e-002  1.28450955e-002
 4.14954425e-004 4.14206882e-004  4.15499797e-004 4.06440620e-002 4.06424254e-002  4.06429301e-002 3.81674851e-002 3.81677304e-002  3.81674325e-002 1.05296564e-002 1.05296874e-002  1.05316039e-002 -7.97637950e-003 -7.97475868e-003  -7.97701284e-003
 -7.75375308e-003 -7.75384075e-003  -7.75369924e-003 -1.89405384e-002 -1.89408584e-002  -1.89403304e-002 -2.56012598e-003 -2.56017446e-003  -2.56009659e-003 -6.34062223e-004 -6.34062768e-004  -6.34061885e-004 -5.08839859e-004 -5.08832544e-004  -5.08844277e-004
 -1.09217074e-005 -1.09211034e-005  -1.09220644e-005
 2.27554506e+000 2.27554288e+000  2.27554353e+000 1.75796359e-001 1.75796310e-001  1.75796343e-001 1.45490003e+000 1.45490109e+000  1.45490376e+000 -1.99332719e+000 -1.99332718e+000  -1.99332718e+000 -1.54986484e-001 -1.54990509e-001  -1.54988531e-001
 -4.96810741e-002 -4.96820036e-002  -4.96804210e-002 -7.01932627e-001 -7.01934651e-001  -7.01934034e-001 -5.95904966e-001 -5.95904662e-001  -5.95905026e-001 -5.78333333e-002 -5.78333039e-002  -5.78309583e-002 1.21747603e-001 1.21749616e-001  1.21746858e-001
 -1.53480051e-002 -1.53481141e-002  -1.53479409e-002 -5.35169256e-003 -5.35209036e-003  -5.35144407e-003 -3.55793400e-003 -3.55799424e-003  -3.55789895e-003 -1.44683420e-003 -1.44683488e-003  -1.44683380e-003 -5.02937218e-004 -5.02928126e-004  -5.02942486e-004
 -2.41027361e-005 -2.41019854e-005  -2.41031614e-005
 2.19971271e+000 2.19971271e+000  2.19971271e+000 2.97989053e+000 2.97989053e+000  2.97989053e+000 1.14679553e+000 1.14679553e+000  1.14679553e+000 -1.37517652e+000 -1.37517652e+000  -1.37517652e+000 1.81852026e-001 1.81852026e-001  1.81852026e-001
 -1.62837519e+000 -1.62837519e+000  -1.62837519e+000 1.02921031e-001 1.02921031e-001  1.02921031e-001 -4.11981638e-001 -4.11981638e-001  -4.11981638e-001 -1.08767641e+000 -1.08767641e+000  -1.08767641e+000 -4.40463852e-002 -4.40463852e-002  -4.40463852e-002
 -4.13806270e-002 -4.13806270e-002  -4.13806270e-002 -1.00550747e-001 -1.00550747e-001  -1.00550747e-001 -1.76459723e-002 -1.76459723e-002  -1.76459723e-002 -1.74633292e-003 -1.74633292e-003  -1.74633292e-003 1.10256958e-003 1.10256958e-003  1.10256958e-003
 -5.27819578e-006 -5.27819578e-006  -5.27819578e-006
 1.62774121e+000 1.62774121e+000  1.62774121e+000 1.06114675e+000 1.06114675e+000  1.06114675e+000 1.35927408e+000 1.35927408e+000  1.35927408e+000 -4.75935918e-001 -4.75935918e-001  -4.75935918e-001 -3.23577310e-001 -3.23577310e-001  -3.23577310e-001
 1.22128637e+000 1.22128637e+000  1.22128637e+000 -7.14145433e-001 -7.14145433e-001  -7.14145433e-001 -6.58531270e-001 -6.58531270e-001  -6.58531270e-001 1.09008913e+000 1.09008913e+000  1.09008913e+000 8.62116986e-001 8.62116986e-001  8.62116986e-001
 4.54713824e-003 4.54713824e-003  4.54713824e-003 -5.47867184e-002 -5.47867184e-002  -5.47867184e-002 -9.99367143e-003 -9.99367143e-003  -9.99367143e-003 -1.18044937e-003 -1.18044937e-003  -1.18044937e-003 2.90017111e-004 2.90017111e-004  2.90017111e-004
 -9.94718262e-006 -9.94718262e-006  -9.94718262e-006
 -1.86124993e-001 -1.86124993e-001  -1.86124993e-001 -1.65428877e+000 -1.65428877e+000  -1.65428877e+000 4.78486253e-004 4.78486253e-004  4.78486253e-004 1.46223485e-002 1.46223485e-002  1.46223485e-002 4.02905133e-001 4.02905133e-001  4.02905133e-001
 2.78913263e-001 2.78913263e-001  2.78913263e-001 5.47330127e-001 5.47330127e-001  5.47330127e-001 1.47187717e+000 1.47187717e+000  1.47187717e+000 5.68899563e-001 5.68899563e-001  5.68899563e-001 -2.49381969e-002 -2.49381969e-002  -2.49381969e-002
 2.20197048e-002 2.20197048e-002  2.20197048e-002 1.02098775e-001 1.02098775e-001  1.02098775e-001 1.48298361e-002 1.48298361e-002  1.48298361e-002 7.02148891e-004 7.02148891e-004  7.02148891e-004 -9.94825881e-004 -9.94825881e-004  -9.94825881e-004
 -9.47027949e-006 -9.47027949e-006  -9.47027949e-006
 -1.59519620e-002 -1.59547379e-002  -1.59539120e-002 -1.59584757e+000 -1.59584764e+000  -1.59584759e+000 8.51919873e-002 8.51933453e-002  8.51967447e-002 -7.25684305e-002 -7.25684207e-002  -7.25684241e-002 2.62781302e-001 2.62776170e-001  2.62778691e-001
 9.22801636e-002 9.22789782e-002  9.22809949e-002 -8.69190359e-001 -8.69192940e-001  -8.69192153e-001 -1.17366535e+000 -1.17366496e+000  -1.17366543e+000 -6.35809905e-001 -6.35809868e-001  -6.35806879e-001 -6.48128061e-001 -6.48125494e-001  -6.48129009e-001
 -3.71854599e-003 -3.71868497e-003  -3.71846428e-003 5.27567009e-002 5.27561936e-002  5.27570171e-002 9.14897808e-003 9.14890124e-003  9.14902267e-003 4.27958985e-004 4.27958121e-004  4.27959498e-004 -1.07861574e-003 -1.07860414e-003  -1.07862244e-003
 -6.33148892e-006 -6.33053152e-006  -6.33203007e-006
 -3.93258730e+000 -3.93258400e+000 -3.93259029e+000
 -2.51626861e+000 -2.51626191e+000 -2.51626193e+000
 -4.13852895e+000 -4.13852444e+000 -4.13852999e+000
 4.30620404e+000 4.30620405e+000 4.30620404e+000
 -4.21030961e+000 -4.21030735e+000 -4.21031320e+000
 -2.43915443e+000 -2.43915569e+000 -2.43916121e+000
 -2.87216932e+000 -2.87216820e+000 -2.87216848e+000
 2.04564288e+000 2.04564308e+000 2.04564285e+000
 -2.61240934e+000 -2.61240945e+000 -2.61241093e+000
 2.58272485e+000 2.58272539e+000 2.58272082e+000
 -1.35566540e-001 -1.35564657e-001 -1.35567818e-001
 -5.06391658e-001 -5.06389997e-001 -5.06393117e-001
 -7.45292311e-002 -7.45272320e-002 -7.45304645e-002
 -8.42068994e-004 -8.40012744e-004 -8.43263816e-004
 1.12333289e-002 1.12353926e-002 1.12321369e-002
 9.22691232e-004 9.24754704e-004 9.21496104e-004
