  5.9296e+000 -2.2969e+000  1.4379e+000 -3.7042e+001 -2.2412e+000
 -9.1121e+000  6.3843e+000 -3.9989e+001 -1.4202e+001 -1.5181e+000
  1.8717e+001 -4.6987e+001  2.1977e+000 -1.1776e+000 -3.3129e+000
 -9.9102e-001
  2.5003e+000
 8.82055077e+000 8.82055077e+000  8.82055078e+000 1.22041947e+001 1.22041947e+001  1.22041947e+001 -2.01432028e+001 -2.01432028e+001  -2.01432028e+001 1.62636191e+001 1.62636264e+001  1.62636447e+001 -2.05098085e+000 -2.05148169e+000  -2.05272610e+000
 1.48046503e+001 1.48049606e+001  1.48057232e+001 3.13895977e+000 3.13895962e+000  3.13895940e+000 9.59812616e+000 9.59836889e+000  9.59897528e+000 -1.25461575e+001 -1.25461575e+001  -1.25461575e+001 1.87628984e+000 1.87628788e+000  1.87628579e+000
 2.32635771e+001 2.32637611e+001  2.32642153e+001 3.39368961e+000 3.39430072e+000  3.39459870e+000 7.16849862e+000 7.16842178e+000  7.16837131e+000 6.12647960e+000 6.12606898e+000  6.12551484e+000 -2.14296076e+000 -2.14296079e+000  -2.14296084e+000
 -7.43042065e-002 -7.43455708e-002  -7.44036348e-002
 1.56241616e+001 1.56241616e+001  1.56241616e+001 -5.66819806e+000 -5.66819806e+000  -5.66819806e+000 -2.78746936e-001 -2.78746936e-001  -2.78746936e-001 -7.21071354e+000 -7.21071354e+000  -7.21071354e+000 -1.44241433e+001 -1.44241433e+001  -1.44241433e+001
 -2.33451763e+001 -2.33451763e+001  -2.33451763e+001 2.91052952e+000 2.91052952e+000  2.91052952e+000 -5.38510861e+000 -5.38510861e+000  -5.38510861e+000 -1.44171443e+001 -1.44171443e+001  -1.44171443e+001 8.24694418e+000 8.24694418e+000  8.24694418e+000
 -6.96864395e+000 -6.96864395e+000  -6.96864395e+000 -1.42774574e+001 -1.42774574e+001  -1.42774574e+001 -7.56421208e+000 -7.56421208e+000  -7.56421208e+000 1.75402728e+000 1.75402728e+000  1.75402728e+000 -2.25005804e-001 -2.25005804e-001  -2.25005804e-001
 -3.89631125e-001 -3.89631125e-001  -3.89631125e-001
 -9.36494887e+000 -9.36494887e+000  -9.36494887e+000 8.28548543e-001 8.28548543e-001  8.28548543e-001 8.79301897e-001 8.79301897e-001  8.79301897e-001 -9.93286669e+000 -9.93286669e+000  -9.93286669e+000 2.52463819e+001 2.52463819e+001  2.52463819e+001
 3.01211151e+001 3.01211151e+001  3.01211151e+001 3.81642432e+000 3.81642432e+000  3.81642432e+000 -1.14466240e+001 -1.14466240e+001  -1.14466240e+001 1.73726967e+001 1.73726967e+001  1.73726967e+001 9.90798666e+000 9.90798666e+000  9.90798666e+000
 6.27918059e+000 6.27918059e+000  6.27918059e+000 -1.15703373e+001 -1.15703373e+001  -1.15703373e+001 -3.59366274e+000 -3.59366274e+000  -3.59366274e+000 -6.19583354e-001 -6.19583354e-001  -6.19583354e-001 -1.75815478e+000 -1.75815478e+000  -1.75815478e+000
 -1.65622034e-001 -1.65622034e-001  -1.65622034e-001
 8.95679403e+000 8.95679403e+000  8.95679403e+000 -1.06586953e+001 -1.06586953e+001  -1.06586953e+001 6.40863924e+000 6.40863924e+000  6.40863924e+000 -1.31763043e+000 -1.31763043e+000  -1.31763043e+000 -6.62851162e+000 -6.62851162e+000  -6.62851162e+000
 -1.72941320e+001 -1.72941320e+001  -1.72941320e+001 2.70935189e+000 2.70935189e+000  2.70935189e+000 -2.22823471e+000 -2.22823471e+000  -2.22823471e+000 1.46895726e+001 1.46895726e+001  1.46895726e+001 1.14351913e+001 1.14351913e+001  1.14351913e+001
 -1.50483567e+001 -1.50483567e+001  -1.50483567e+001 -1.04653755e+001 -1.04653755e+001  -1.04653755e+001 -6.20921211e+000 -6.20921211e+000  -6.20921211e+000 -3.23606424e+000 -3.23606424e+000  -3.23606424e+000 6.91036437e+000 6.91036437e+000  6.91036437e+000
 -2.82500003e-001 -2.82500003e-001  -2.82500003e-001
 -1.43870589e+001 -1.43870589e+001  -1.43870589e+001 -1.20934716e+001 -1.20934716e+001  -1.20934716e+001 1.97724214e+001 1.97724214e+001  1.97724214e+001 -9.21821056e+000 -9.21821056e+000  -9.21821056e+000 2.88171985e+001 2.88171985e+001  2.88171985e+001
 2.85746108e+001 2.85746108e+001  2.85746108e+001 3.72416425e+000 3.72416425e+000  3.72416425e+000 -1.19984665e+001 -1.19984665e+001  -1.19984665e+001 -3.08234895e+000 -3.08234895e+000  -3.08234895e+000 -1.01212510e+001 -1.01212510e+001  -1.01212510e+001
 2.72707136e+001 2.72707136e+001  2.72707136e+001 9.21090589e-001 9.21090589e-001  9.21090589e-001 7.11795510e+000 7.11795510e+000  7.11795510e+000 -2.79501647e+000 -2.79501647e+000  -2.79501647e+000 -8.87427687e-001 -8.87427687e-001  -8.87427687e-001
 -3.45466684e-001 -3.45466684e-001  -3.45466684e-001
 -1.51390903e+001 -1.51390903e+001  -1.51390903e+001 2.47688715e+001 2.47688711e+001  2.47688700e+001 -2.22590913e+001 -2.22590913e+001  -2.22590913e+001 -1.20896283e+001 -1.20896283e+001  -1.20896283e+001 -2.05832707e+001 -2.05832696e+001  -2.05832670e+001
 -5.23594290e+001 -5.23594290e+001  -5.23594290e+001 3.26451243e+000 3.26451243e+000  3.26451243e+000 -1.44094642e+001 -1.44094642e+001  -1.44094642e+001 -1.94188223e+000 -1.94188223e+000  -1.94188223e+000 -1.40446946e+001 -1.40446946e+001  -1.40446946e+001
 1.17816763e+000 1.17816763e+000  1.17816763e+000 -1.56688794e+001 -1.56688794e+001  -1.56688794e+001 -1.63922584e+001 -1.63922584e+001  -1.63922584e+001 -5.27455218e+000 -5.27455218e+000  -5.27455217e+000 -7.15559783e+000 -7.15559783e+000  -7.15559783e+000
 -4.65883010e-001 -4.65882905e-001  -4.65882643e-001
 1.05857916e+001 1.05857916e+001  1.05857916e+001 -1.85951900e+001 -1.85951900e+001  -1.85951900e+001 1.85758863e+001 1.85758863e+001  1.85758863e+001 -1.58015740e+001 -1.58015740e+001  -1.58015740e+001 -6.60631482e+000 -6.60631482e+000  -6.60631482e+000
 1.02563076e+001 1.02563076e+001  1.02563076e+001 -9.57944118e+000 -9.57944118e+000  -9.57944118e+000 -9.81826404e+000 -9.81826404e+000  -9.81826404e+000 -1.37019742e+001 -1.37019742e+001  -1.37019742e+001 -1.10277571e+001 -1.10277571e+001  -1.10277571e+001
 -1.85829669e+001 -1.85829669e+001  -1.85829669e+001 -6.45203978e+000 -6.45203978e+000  -6.45203978e+000 2.16094672e+001 2.16094672e+001  2.16094672e+001 4.34658084e-001 4.34658084e-001  4.34658084e-001 9.90617404e-001 9.90617404e-001  9.90617404e-001
 7.16812476e-002 7.16812476e-002  7.16812476e-002
 -1.71791276e+001 -1.71791276e+001  -1.71791276e+001 2.73381929e+001 2.73381929e+001  2.73381929e+001 -1.98407434e+001 -1.98407434e+001  -1.98407434e+001 3.30981498e+001 3.30981498e+001  3.30981498e+001 1.89431092e+001 1.89431092e+001  1.89431092e+001
 -6.60956974e+000 -6.60956974e+000  -6.60956974e+000 7.15086113e+000 7.15086113e+000  7.15086113e+000 -2.70610878e+000 -2.70610878e+000  -2.70610878e+000 -1.22592759e+001 -1.22592759e+001  -1.22592759e+001 -1.03809979e+001 -1.03809979e+001  -1.03809979e+001
 -5.09986827e-001 -5.09986827e-001  -5.09986827e-001 2.62355640e+001 2.62355640e+001  2.62355640e+001 -3.43840505e+000 -3.43840505e+000  -3.43840505e+000 -2.40716061e+000 -2.40716061e+000  -2.40716061e+000 6.40986891e-001 6.40986891e-001  6.40986891e-001
 -3.31876999e-001 -3.31876999e-001  -3.31876999e-001
 -2.59575789e+001 -2.59575789e+001  -2.59575789e+001 8.39010004e+000 8.39009992e+000  8.39009960e+000 -6.00679322e+001 -6.00679322e+001  -6.00679322e+001 -4.83553516e+001 -4.83553516e+001  -4.83553515e+001 2.34660822e+001 2.34660799e+001  2.34660741e+001
 8.07015657e+001 8.07015673e+001  8.07015713e+001 5.66272901e+001 5.66272901e+001  5.66272901e+001 -4.74749191e+000 -4.74749062e+000  -4.74748742e+000 -7.18579633e+001 -7.18579633e+001  -7.18579633e+001 -1.35422698e+001 -1.35422698e+001  -1.35422698e+001
 -2.85111091e+001 -2.85111081e+001  -2.85111057e+001 3.00584274e+000 3.00584596e+000  3.00584754e+000 1.85638431e+001 1.85638427e+001  1.85638425e+001 -1.48757583e+000 -1.48757800e+000  -1.48758092e+000 3.63371539e+000 3.63371539e+000  3.63371539e+000
 7.43036064e-002 7.43034193e-002  7.43031910e-002
 3.00798756e+000 3.00798756e+000  3.00798756e+000 1.45422468e+001 1.45422466e+001  1.45422461e+001 9.87641168e+000 9.87641168e+000  9.87641168e+000 -4.45666794e+000 -4.45666463e+000  -4.45665637e+000 -4.40057227e+001 -4.40059453e+001  -4.40064991e+001
 -3.23654673e+001 -3.23653281e+001  -3.23649850e+001 -5.92977643e-001 -5.92977703e-001  -5.92977800e-001 -5.84006906e+001 -5.84005823e+001  -5.84003119e+001 4.79585431e+000 4.79585431e+000  4.79585431e+000 -5.82552838e+000 -5.82552914e+000  -5.82553001e+000
 2.67597812e+001 2.67598630e+001  2.67600655e+001 -2.21577064e+000 -2.21554637e+000  -2.21543977e+000 -8.20090889e-001 -8.20119652e-001  -8.20139266e-001 -1.57893027e+000 -1.57909559e+000  -1.57933448e+000 -1.80831113e+000 -1.80831114e+000  -1.80831116e+000
 -7.91869403e-001 -7.91886091e-001  -7.91911070e-001
 -2.64117911e+001 -2.64117911e+001  -2.64117911e+001 -2.12034327e+001 -2.12034330e+001  -2.12034338e+001 -5.51475664e+000 -5.51475664e+000  -5.51475664e+000 3.13115404e+001 3.13115445e+001  3.13115546e+001 3.02058750e+001 3.02055576e+001  3.02047691e+001
 1.19112211e+001 1.19114052e+001  1.19118569e+001 -4.66763719e-001 -4.66763812e-001  -4.66763944e-001 5.35422610e+001 5.35424152e+001  5.35428004e+001 1.15105956e+001 1.15105956e+001  1.15105956e+001 -1.62423215e+000 -1.62423343e+000  -1.62423472e+000
 -4.30759333e+001 -4.30758164e+001  -4.30755280e+001 4.37965772e+001 4.37969913e+001  4.37971919e+001 -1.05556997e+001 -1.05557514e+001  -1.05557844e+001 -8.30594817e-001 -8.30856695e-001  -8.31190701e-001 -2.52813963e+000 -2.52813965e+000  -2.52813967e+000
 -7.53234635e-001 -7.53260785e-001  -7.53295378e-001
 -2.05551379e+001 -2.05551379e+001  -2.05551379e+001 -1.84010700e+001 -1.84010702e+001  -1.84010708e+001 6.28075621e+000 6.28075621e+000  6.28075621e+000 3.02045878e+001 3.02045909e+001  3.02045987e+001 5.73457132e+001 5.73454544e+001  5.73448118e+001
 3.51630354e+001 3.51631813e+001  3.51635386e+001 2.52891623e+000 2.52891615e+000  2.52891605e+000 6.38654947e+001 6.38656204e+001  6.38659344e+001 1.62044536e+001 1.62044536e+001  1.62044536e+001 4.11145183e+000 4.11145078e+000  4.11144973e+000
 -4.71998977e+001 -4.71998024e+001  -4.71995674e+001 5.22630639e+001 5.22634101e+001  5.22635772e+001 -1.22362474e+001 -1.22362905e+001  -1.22363177e+001 -1.23374485e+000 -1.23395866e+000  -1.23422499e+000 -1.28379365e+000 -1.28379367e+000  -1.28379369e+000
 -5.75108719e-001 -5.75130016e-001  -5.75157513e-001
 1.03193906e+001 1.03193906e+001  1.03193906e+001 -6.70381296e-001 -6.70381296e-001  -6.70381296e-001 6.57633257e+000 6.57633257e+000  6.57633257e+000 -1.76867008e+001 -1.76867008e+001  -1.76867008e+001 2.80595322e+001 2.80595322e+001  2.80595322e+001
 6.37149581e+001 6.37149581e+001  6.37149581e+001 5.19024202e+000 5.19024202e+000  5.19024202e+000 -4.09539252e+000 -4.09539252e+000  -4.09539252e+000 -4.55083988e+000 -4.55083988e+000  -4.55083988e+000 1.02430928e+001 1.02430928e+001  1.02430928e+001
 -1.10913034e+001 -1.10913034e+001  -1.10913034e+001 -6.81152962e+000 -6.81152962e+000  -6.81152962e+000 3.08415551e+000 3.08415551e+000  3.08415551e+000 2.41384111e-001 2.41384111e-001  2.41384111e-001 -1.86822027e+000 -1.86822027e+000  -1.86822027e+000
 1.60225080e-002 1.60225080e-002  1.60225080e-002
 1.42851081e+001 1.42851081e+001  1.42851081e+001 1.00189502e+001 1.00189502e+001  1.00189502e+001 2.70612859e+001 2.70612859e+001  2.70612859e+001 -1.88719820e+001 -1.88719820e+001  -1.88719820e+001 2.53607446e+001 2.53607446e+001  2.53607446e+001
 -4.14618333e+001 -4.14618333e+001  -4.14618333e+001 3.75527918e+000 3.75527918e+000  3.75527918e+000 -1.96224404e+001 -1.96224404e+001  -1.96224404e+001 7.39631856e+000 7.39631856e+000  7.39631856e+000 1.52679520e-001 1.52679520e-001  1.52679520e-001
 3.45214518e+001 3.45214518e+001  3.45214518e+001 -1.79556074e+001 -1.79556074e+001  -1.79556074e+001 -3.88926852e+000 -3.88926852e+000  -3.88926852e+000 -3.55621364e+000 -3.55621364e+000  -3.55621364e+000 5.00089032e+000 5.00089032e+000  5.00089032e+000
 -2.15494508e-001 -2.15494508e-001  -2.15494508e-001
 -1.06556898e+001 -1.06556898e+001  -1.06556898e+001 -9.50035467e+000 -9.50035467e+000  -9.50035467e+000 -1.52112521e+001 -1.52112521e+001  -1.52112521e+001 -7.86779584e-001 -7.86779584e-001  -7.86779584e-001 -2.42291269e+001 -2.42291269e+001  -2.42291269e+001
 -1.53466460e+001 -1.53466460e+001  -1.53466460e+001 6.70333414e-001 6.70333414e-001  6.70333414e-001 -1.05089866e+001 -1.05089866e+001  -1.05089866e+001 -8.16866638e+000 -8.16866638e+000  -8.16866638e+000 -6.94983837e+000 -6.94983837e+000  -6.94983837e+000
 -3.46097895e+000 -3.46097895e+000  -3.46097895e+000 -1.41852429e+001 -1.41852429e+001  -1.41852429e+001 -4.57447270e+000 -4.57447270e+000  -4.57447270e+000 -1.02657611e-001 -1.02657611e-001  -1.02657611e-001 -3.87894219e+000 -3.87894219e+000  -3.87894219e+000
 -7.80840055e-001 -7.80840055e-001  -7.80840055e-001
 -8.68667530e+000 -8.68667530e+000  -8.68667530e+000 -8.84409159e+000 -8.84409201e+000  -8.84409307e+000 -1.52009668e+001 -1.52009668e+001  -1.52009668e+001 -1.63922102e+000 -1.63921370e+000  -1.63919540e+000 -2.50463405e+001 -2.50468403e+001  -2.50480821e+001
 -1.57219531e+001 -1.57216429e+001  -1.57208802e+001 8.47354876e-001 8.47354730e-001  8.47354507e-001 -1.09303788e+001 -1.09301360e+001  -1.09295296e+001 -8.30405020e+000 -8.30405020e+000  -8.30405020e+000 -7.17322474e+000 -7.17322670e+000  -7.17322879e+000
 -2.57749802e+000 -2.57731407e+000  -2.57685988e+000 -1.51669293e+001 -1.51663181e+001  -1.51660202e+001 7.51616136e+000 7.51608452e+000  7.51603405e+000 -1.92564130e-001 -1.92974747e-001  -1.93528878e-001 -3.52189295e+000 -3.52189298e+000  -3.52189303e+000
 -6.71413762e-001 -6.71455021e-001  -6.71512823e-001
 3.60708975e+000 3.60708975e+000 3.60708975e+000
 7.19323795e-001 7.19323099e-001 7.19321359e-001
 -1.72697890e+000 -1.72697890e+000 -1.72697890e+000
 1.36715329e+000 1.37057421e+000 1.37536052e+000
 -4.06772077e+000 -4.06559674e+000 -4.06405073e+000
 2.27602204e+000 2.27840537e+000 2.28060342e+000
 -4.06018004e+000 -4.05676964e+000 -4.05200960e+000
 1.99910802e+000 2.00121018e+000 2.00269983e+000
 1.08939662e+000 1.08939662e+000 1.08939662e+000
 -1.83400430e+000 -1.83400324e+000 -1.83400209e+000
 1.51069337e+000 1.51191759e+000 1.51497434e+000
 1.31377794e+000 1.31461167e+000 1.31496341e+000
 -5.70521676e-001 -5.67245821e-001 -5.62553275e-001
 -2.54059098e+000 -2.53734274e+000 -2.53279170e+000
 -1.37843231e+000 -1.37843229e+000 -1.37843225e+000
 -2.36621198e-001 -2.36431664e-001 -2.36160534e-001
