    8      5     50      1  9723   4855 
    0.700      0.400   20000  100      0.000      0.000    100     16 
    0.990 	     0.010 
   2 
    1.9875e+000   0.0000e+000  
  5.7000e+001  -8.0000e+000  
  4.4837e+000   0.0000e+000  
  1.8824e+002   1.7539e+002  
  1.0000e+000   0.0000e+000  
  1.0000e+000   0.0000e+000  
  1.0000e+000   0.0000e+000  
  1.0000e+000   0.0000e+000  
   2.6556e+002   0.0000e+000  
  itr    nh   avger[]   r2avg    mare[] 
100  16 1.194e+002   3.361e-001  1.000e+001 7.029e+002 
100  16 1.256e+002   2.603e-002  1.000e+003 8.774e+002 
   1  3.3609e-001   7.0289e+002   4.9567e+007   1.1938e+000 
  4.9354e+001   6.9812e-001 
   1  2.6030e-002   8.7737e+002   6.1872e+007   1.2559e+000 
  1.4851e+001   2.1942e-001 
