   16     15     50      1  9731   4851 
    0.700      0.400   20000  100      0.000      0.000    100     16 
    0.990 	     0.010 
   2 
    1.0000e+000   0.0000e+000  
  1.0000e+000   0.0000e+000  
  1.0000e+000   0.0000e+000  
  1.0000e+000   0.0000e+000  
  1.0000e+000   0.0000e+000  
  1.0000e+000   0.0000e+000  
  1.0000e+000   0.0000e+000  
  1.0000e+000   0.0000e+000  
  1.9875e+000   0.0000e+000  
  5.7000e+001  -8.0000e+000  
  4.4837e+000   0.0000e+000  
  1.8824e+002   1.7539e+002  
  1.0000e+000   0.0000e+000  
  1.0000e+000   0.0000e+000  
  1.0000e+000   0.0000e+000  
  1.0000e+000   0.0000e+000  
   2.6555e+002   0.0000e+000  
  itr    nh   avger[]   r2avg    mare[] 
100  16 6.406e+001   2.898e-001  1.000e+001 1.214e+003 
100  16 6.373e+001   2.891e-001  7.184e+002 6.038e+002 
   1  2.8984e-001   1.2138e+003   8.5594e+007   6.4062e-001 
  1.2089e+001   2.1176e-001 
   1  2.8911e-001   6.0375e+002   4.2575e+007   6.3731e-001 
  1.2080e+001   2.1136e-001 
