 -4.2023e+000 -2.7740e+000  9.1117e-001 -8.3233e+000 -9.8612e+000
 -6.9629e+000 -2.0737e+000  2.8605e+000 -2.3447e+001 -4.1917e-001
 -8.9544e+000 -1.3106e+001  9.0095e+000 -1.3282e+001 -2.6232e+000
 -7.0279e-001
  1.4861e+000
 -1.53783733e+000 -1.53980866e+000  -1.54235819e+000 -4.09172124e-001 -4.09178294e-001  -4.09187398e-001 1.02049777e+001 1.02049276e+001  1.02048162e+001 1.41763695e+001 1.41778944e+001  1.41802822e+001 -1.89784188e+000 -1.89785445e+000  -1.89786789e+000
 1.77002123e+000 1.76821640e+000  1.76571689e+000 5.97299795e+000 5.97305030e+000  5.97313182e+000 -4.94822971e+000 -4.94822971e+000  -4.94822971e+000 -4.61066546e-001 -4.61516632e-001  -4.62555619e-001 -6.84012034e+000 -6.84012833e+000  -6.84014141e+000
 1.20649328e+001 1.20624515e+001  1.20586511e+001 4.41909568e+000 4.42021153e+000  4.42249060e+000 2.39732014e+000 2.39727956e+000  2.39718021e+000 4.11281298e+000 4.11322086e+000  4.11365085e+000 5.94645456e+000 5.94512569e+000  5.94323640e+000
 2.46603944e-001 2.45904795e-001  2.44872399e-001
 3.88876775e+000 3.88876775e+000  3.88876775e+000 -2.13738900e-001 -2.13738900e-001  -2.13738900e-001 -1.03764953e+000 -1.03764953e+000  -1.03764953e+000 -5.19300346e+000 -5.19300346e+000  -5.19300346e+000 -1.42153791e+000 -1.42153791e+000  -1.42153791e+000
 1.32971698e+000 1.32971698e+000  1.32971698e+000 -6.15545415e-001 -6.15545415e-001  -6.15545415e-001 2.41081594e+000 2.41081594e+000  2.41081594e+000 -1.36540165e+001 -1.36540165e+001  -1.36540165e+001 3.82762757e+000 3.82762757e+000  3.82762757e+000
 -7.08738605e+000 -7.08738605e+000  -7.08738605e+000 -4.23038146e+000 -4.23038146e+000  -4.23038146e+000 -1.45957360e+000 -1.45957360e+000  -1.45957360e+000 -5.67687319e+000 -5.67687319e+000  -5.67687319e+000 -7.24409053e+000 -7.24409053e+000  -7.24409053e+000
 -2.16663161e-001 -2.16663161e-001  -2.16663161e-001
 2.31087902e+000 2.31087902e+000  2.31087902e+000 4.86138001e-001 4.86138001e-001  4.86138001e-001 1.24751749e+000 1.24751749e+000  1.24751749e+000 -2.39170720e+000 -2.39170720e+000  -2.39170720e+000 1.97300674e+000 1.97300674e+000  1.97300674e+000
 -5.73723266e+000 -5.73723266e+000  -5.73723266e+000 -4.50727568e+000 -4.50727568e+000  -4.50727568e+000 -2.57078917e+000 -2.57078917e+000  -2.57078917e+000 1.46622058e+001 1.46622058e+001  1.46622058e+001 -4.83138918e+000 -4.83138918e+000  -4.83138918e+000
 -1.27981647e+000 -1.27981647e+000  -1.27981647e+000 -5.58529901e+000 -5.58529901e+000  -5.58529901e+000 -2.16582743e+000 -2.16582743e+000  -2.16582743e+000 1.96521165e+000 1.96521165e+000  1.96521165e+000 -7.18825512e+000 -7.18825512e+000  -7.18825512e+000
 -2.51784017e-001 -2.51784017e-001  -2.51784017e-001
 3.44743055e+000 3.44743055e+000  3.44743055e+000 -5.70102027e-001 -5.70102027e-001  -5.70102027e-001 -6.62834333e+000 -6.62834333e+000  -6.62834333e+000 -1.34293978e+001 -1.34293978e+001  -1.34293978e+001 -2.02718156e+000 -2.02718156e+000  -2.02718156e+000
 -1.05563830e+000 -1.05563830e+000  -1.05563830e+000 -5.64399680e+000 -5.64399680e+000  -5.64399680e+000 -6.54251063e-001 -6.54251063e-001  -6.54251063e-001 -7.01492528e+000 -7.01492528e+000  -7.01492528e+000 -8.12024294e-001 -8.12024294e-001  -8.12024294e-001
 -1.22549273e+001 -1.22549273e+001  -1.22549273e+001 -4.55135388e+000 -4.55135388e+000  -4.55135388e+000 2.41179247e-001 2.41179247e-001  2.41179247e-001 -6.03097217e-001 -6.03097217e-001  -6.03097217e-001 6.98146011e+000 6.98146011e+000  6.98146011e+000
 1.12447574e-002 1.12447574e-002  1.12447574e-002
 -1.07570144e+000 -1.07570144e+000  -1.07570144e+000 -8.39029192e-002 -8.39029192e-002  -8.39029192e-002 9.82397799e-001 9.82397799e-001  9.82397799e-001 -6.60716813e+000 -6.60716813e+000  -6.60716813e+000 -4.88575395e+000 -4.88575395e+000  -4.88575395e+000
 -2.04232745e+000 -2.04232745e+000  -2.04232745e+000 -4.03671644e+000 -4.03671644e+000  -4.03671644e+000 -4.14967024e+000 -4.14967024e+000  -4.14967024e+000 -7.30571090e+000 -7.30571090e+000  -7.30571090e+000 -2.91017557e+000 -2.91017557e+000  -2.91017557e+000
 -2.58301366e+000 -2.58301366e+000  -2.58301366e+000 -4.51537578e+000 -4.51537578e+000  -4.51537578e+000 1.41437982e+001 1.41437982e+001  1.41437982e+001 -8.59891474e+000 -8.59891474e+000  -8.59891474e+000 -6.31427422e+000 -6.31427422e+000  -6.31427422e+000
 1.04352454e-001 1.04352454e-001  1.04352454e-001
 -8.61343332e+000 -8.61343332e+000  -8.61343332e+000 -4.43161967e+000 -4.43161967e+000  -4.43161967e+000 -7.50395300e+000 -7.50395300e+000  -7.50395300e+000 -7.26187787e+000 -7.26187787e+000  -7.26187787e+000 -3.41584298e+000 -3.41584294e+000  -3.41584283e+000
 -9.70662963e+000 -9.70662730e+000  -9.70662146e+000 -1.31567537e+000 -1.31567568e+000  -1.31567645e+000 1.32281044e+001 1.32281043e+001  1.32281040e+001 -1.11308295e+001 -1.11308292e+001  -1.11308283e+001 5.37455626e+000 5.37456067e+000  5.37457170e+000
 -7.57113028e+000 -7.57112849e+000  -7.57112402e+000 -2.01680113e+000 -2.01680113e+000  -2.01680113e+000 9.09701487e-004 9.09701493e-004  9.09701508e-004 -1.16959229e+000 -1.16959235e+000  -1.16959249e+000 6.33045620e+000 6.33045621e+000  6.33045623e+000
 -5.17553863e-001 -5.17553451e-001  -5.17552422e-001
 -4.24037085e+000 -4.24037085e+000  -4.24037085e+000 7.09681832e-001 7.09681832e-001  7.09681832e-001 3.60216812e+000 3.60216812e+000  3.60216812e+000 9.87643787e+000 9.87643787e+000  9.87643787e+000 -9.28698777e-001 -9.28698777e-001  -9.28698777e-001
 5.76914330e+000 5.76914330e+000  5.76914330e+000 4.88410550e+000 4.88410550e+000  4.88410550e+000 -3.81842931e+000 -3.81842931e+000  -3.81842931e+000 -7.84604817e+000 -7.84604817e+000  -7.84604817e+000 2.84167921e+000 2.84167921e+000  2.84167921e+000
 8.46976488e+000 8.46976488e+000  8.46976488e+000 -2.73096248e+000 -2.73096248e+000  -2.73096248e+000 -2.33365188e+000 -2.33365188e+000  -2.33365188e+000 -7.22171924e+000 -7.22171924e+000  -7.22171924e+000 -2.14429729e+000 -2.14429729e+000  -2.14429729e+000
 -5.47984484e-001 -5.47984484e-001  -5.47984484e-001
 -6.65933363e+000 -6.65933363e+000  -6.65933363e+000 -3.38843537e+000 -3.38843537e+000  -3.38843537e+000 -7.52937580e+000 -7.52937580e+000  -7.52937580e+000 -3.74637381e+000 -3.74637381e+000  -3.74637381e+000 2.27725435e+000 2.27725435e+000  2.27725435e+000
 1.13314244e+001 1.13314244e+001  1.13314244e+001 -7.43784922e+000 -7.43784922e+000  -7.43784922e+000 1.06244958e+001 1.06244958e+001  1.06244958e+001 1.44333354e+001 1.44333354e+001  1.44333354e+001 -8.35552285e+000 -8.35552285e+000  -8.35552285e+000
 -2.68153896e+000 -2.68153896e+000  -2.68153896e+000 -2.06723116e+000 -2.06723116e+000  -2.06723116e+000 -1.88211308e+000 -1.88211308e+000  -1.88211308e+000 -3.48608432e+000 -3.48608432e+000  -3.48608432e+000 -1.45275709e+000 -1.45275709e+000  -1.45275709e+000
 -7.06341720e-001 -7.06341720e-001  -7.06341720e-001
 -1.19713096e+001 -1.19713201e+001  -1.19713335e+001 -1.36767908e+001 -1.36767908e+001  -1.36767909e+001 -1.08726525e+001 -1.08726528e+001  -1.08726534e+001 3.82735485e+001 3.82735566e+001  3.82735692e+001 6.09372089e+000 6.09372084e+000  6.09372080e+000
 4.06837104e+001 4.06837016e+001  4.06836901e+001 -8.50372356e+000 -8.50372337e+000  -8.50372317e+000 -5.65158882e-001 -5.65158919e-001  -5.65159014e-001 1.88226199e+000 1.88225973e+000  1.88225451e+000 -1.77500926e+001 -1.77500913e+001  -1.77500881e+001
 5.13671080e+001 5.13670954e+001  5.13670767e+001 -2.92035018e+001 -2.92034959e+001  -2.92034839e+001 -1.13375378e+001 -1.13375380e+001  -1.13375386e+001 3.76750512e+000 3.76750726e+000  3.76750949e+000 1.76786331e+001 1.76786260e+001  1.76786161e+001
 1.17011532e-001 1.17007962e-001  1.17002816e-001
 -6.31927781e+000 -6.32003021e+000  -6.32103290e+000 -1.76075887e+000 -1.76076128e+000  -1.76076498e+000 2.69572335e+000 2.69570161e+000  2.69565230e+000 -9.95903641e-001 -9.95299870e-001  -9.94316431e-001 -3.49615723e+000 -3.49616190e+000  -3.49616695e+000
 -7.53319190e+000 -7.53388811e+000  -7.53488554e+000 2.27551650e+000 2.27553705e+000  2.27557021e+000 7.82584720e+000 7.82584714e+000  7.82584699e+000 -1.62382591e+001 -1.62384503e+001  -1.62388967e+001 1.34914826e-001 1.34913569e-001  1.34912978e-001
 2.92957443e+000 2.92859787e+000  2.92704377e+000 -1.19204773e+001 -1.19200123e+001  -1.19190382e+001 5.59876884e+000 5.59875061e+000  5.59870581e+000 6.07705235e+000 6.07720539e+000  6.07737023e+000 7.39934145e+000 7.39882585e+000  7.39806591e+000
 -8.97286890e-001 -8.97560290e-001  -8.97979613e-001
 5.20731028e+000 5.20600307e+000  5.20434983e+000 -1.81103293e+000 -1.81103694e+000  -1.81104269e+000 -8.44409634e+000 -8.44412578e+000  -8.44419006e+000 -2.61131017e+000 -2.61032771e+000  -2.60883859e+000 6.96974601e+000 6.96973760e+000  6.96972879e+000
 2.90155234e+000 2.90036843e+000  2.89877486e+000 7.01520216e-001 7.01553759e-001  7.01604116e-001 -1.87069527e+001 -1.87069527e+001  -1.87069530e+001 3.02485370e+001 3.02482488e+001  3.02475868e+001 -1.52857826e+000 -1.52858026e+000  -1.52858057e+000
 -6.34021608e-001 -6.35624517e-001  -6.38000513e-001 1.48607136e+001 1.48614144e+001  1.48628199e+001 -1.75823211e+001 -1.75823439e+001  -1.75823995e+001 9.11541327e+000 9.11568703e+000  9.11597111e+000 -2.50353824e+000 -2.50440771e+000  -2.50560870e+000
 -6.30037075e-001 -6.30491862e-001  -6.31143144e-001
 4.37509273e+000 4.37400909e+000  4.37265039e+000 1.13876145e+000 1.13875814e+000  1.13875347e+000 -1.14802513e+001 -1.14802746e+001  -1.14803248e+001 1.18435513e+000 1.18516050e+000  1.18636522e+000 1.23444005e+001 1.23443935e+001  1.23443862e+001
 -1.22752482e+000 -1.22850267e+000  -1.22980477e+000 1.67523718e+000 1.67526468e+000  1.67530542e+000 -2.25191663e+001 -2.25191664e+001  -2.25191666e+001 3.38301582e+001 3.38299225e+001  3.38293821e+001 -2.24852145e+000 -2.24852299e+000  -2.24852291e+000
 1.39074656e+000 1.38943083e+000  1.38750571e+000 1.90622619e+001 1.90628305e+001  1.90639622e+001 -1.42985274e+001 -1.42985450e+001  -1.42985879e+001 2.14234818e+001 2.14237097e+001  2.14239449e+001 3.90438637e+000 3.90366929e+000  3.90269004e+000
 -1.55107065e-002 -1.58850157e-002  -1.64146168e-002
 -4.07162710e+000 -4.07162710e+000  -4.07162710e+000 1.23619435e+000 1.23619435e+000  1.23619435e+000 -5.20417634e+000 -5.20417634e+000  -5.20417634e+000 -2.02578110e-001 -2.02578110e-001  -2.02578110e-001 1.28264118e+000 1.28264118e+000  1.28264118e+000
 -7.23355224e+000 -7.23355224e+000  -7.23355224e+000 -2.43132531e+000 -2.43132531e+000  -2.43132531e+000 -3.80368838e+000 -3.80368838e+000  -3.80368838e+000 -9.35310108e+000 -9.35310108e+000  -9.35310108e+000 -3.46790612e+000 -3.46790612e+000  -3.46790612e+000
 -1.80863740e+000 -1.80863740e+000  -1.80863740e+000 -2.83800860e+000 -2.83800860e+000  -2.83800860e+000 5.83107217e+000 5.83107217e+000  5.83107217e+000 1.28823466e+001 1.28823466e+001  1.28823466e+001 7.09835798e+000 7.09835798e+000  7.09835798e+000
 1.09685384e+000 1.09685384e+000  1.09685384e+000
 -5.05900742e+000 -5.05900742e+000  -5.05900742e+000 2.06905238e+000 2.06905238e+000  2.06905238e+000 -7.24499851e-002 -7.24499851e-002  -7.24499851e-002 2.65165610e+000 2.65165610e+000  2.65165610e+000 -3.96770785e-001 -3.96770785e-001  -3.96770785e-001
 -1.29083304e+001 -1.29083304e+001  -1.29083304e+001 -1.10852129e+000 -1.10852129e+000  -1.10852129e+000 -2.21859603e+000 -2.21859603e+000  -2.21859603e+000 -1.37779425e+001 -1.37779425e+001  -1.37779425e+001 -3.16479184e+000 -3.16479184e+000  -3.16479184e+000
 -2.40356815e+000 -2.40356815e+000  -2.40356815e+000 -7.03232765e+000 -7.03232765e+000  -7.03232765e+000 1.03450008e+001 1.03450008e+001  1.03450008e+001 -2.95946538e+000 -2.95946538e+000  -2.95946538e+000 1.50978473e+000 1.50978473e+000  1.50978473e+000
 -2.82612937e-001 -2.82612937e-001  -2.82612937e-001
 1.83429648e+000 1.83429648e+000  1.83429648e+000 -3.04773202e+000 -3.04773202e+000  -3.04773202e+000 1.15444748e+001 1.15444748e+001  1.15444748e+001 -6.30033983e+000 -6.30033983e+000  -6.30033983e+000 -6.43204486e+000 -6.43204486e+000  -6.43204486e+000
 4.93777083e+000 4.93777083e+000  4.93777083e+000 -6.04478192e-001 -6.04478192e-001  -6.04478192e-001 2.76137682e+000 2.76137682e+000  2.76137682e+000 -4.39788413e+000 -4.39788413e+000  -4.39788413e+000 2.03842163e+000 2.03842163e+000  2.03842163e+000
 -2.64570565e+000 -2.64570565e+000  -2.64570565e+000 -4.28896587e+000 -4.28896587e+000  -4.28896587e+000 -2.00997839e+000 -2.00997839e+000  -2.00997839e+000 -1.26949270e+001 -1.26949270e+001  -1.26949270e+001 -5.63378832e+000 -5.63378832e+000  -5.63378832e+000
 -1.18160321e+000 -1.18160321e+000  -1.18160321e+000
 1.64200604e+000 1.64003472e+000  1.63748519e+000 -4.55216775e+000 -4.55217392e+000  -4.55218302e+000 -5.13054133e+000 -5.13059138e+000  -5.13070279e+000 -6.65676414e+000 -6.65523922e+000  -6.65285148e+000 -6.68322566e+000 -6.68323818e+000  -6.68325151e+000
 5.95774461e+000 5.95594211e+000  5.95344844e+000 -6.39072945e-001 -6.39020906e-001  -6.38940158e-001 3.28929610e+000 3.28929597e+000  3.28929566e+000 -4.63849653e+000 -4.63894626e+000  -4.63998433e+000 1.87952594e+000 1.87952236e+000  1.87952032e+000
 -2.69643976e+000 -2.69891934e+000  -2.70271524e+000 -4.31242169e+000 -4.31130583e+000  -4.30902676e+000 -2.55045684e+000 -2.55049741e+000  -2.55059676e+000 -1.35765137e+001 -1.35761059e+001  -1.35756760e+001 -5.71115897e+000 -5.71248783e+000  -5.71437710e+000
 -8.04422057e-001 -8.05120794e-001  -8.06152161e-001
 -1.69448742e+000 -1.69270767e+000 -1.69053082e+000
 -8.95797474e+000 -8.95797405e+000 -8.95797303e+000
 -4.78111941e-001 -4.77997005e-001 -4.77738486e-001
 2.39347819e+000 2.39420126e+000 2.39533843e+000
 -8.67396692e+000 -8.67396547e+000 -8.67396394e+000
 -1.45271563e+000 -1.45082960e+000 -1.44831423e+000
 2.00399003e+000 2.00992803e+000 2.01884250e+000
 7.49113287e-001 7.49113108e-001 7.49112659e-001
 -2.67231149e+000 -2.66757668e+000 -2.66166232e+000
 -2.66330224e+000 -2.66330163e+000 -2.66330272e+000
 -4.21662975e+000 -4.21134365e+000 -4.20344434e+000
 2.63237543e+000 2.63709095e+000 2.64312493e+000
 -3.42368833e+000 -3.42367635e+000 -3.42364700e+000
 1.04319671e+000 1.04362682e+000 1.04406992e+000
 -1.20088689e+000 -1.19651019e+000 -1.18986296e+000
 -1.17161664e+000 -1.17093940e+000 -1.16993758e+000
