   28     10     50      1   220     99 
    0.700      0.400   20000  100      0.000      0.000    100     16 
    0.990 	     0.010 
   2 
    4.5755e-001   0.0000e+000  
  4.5755e-001   0.0000e+000  
  1.0000e+000   0.0000e+000  
  1.0000e+000   0.0000e+000  
  1.0000e+000   0.0000e+000  
  1.0000e+000   0.0000e+000  
  1.0000e+000   0.0000e+000  
  1.0000e+000   0.0000e+000  
  1.0000e+000   0.0000e+000  
  1.0000e+000   0.0000e+000  
  1.9875e+000   0.0000e+000  
  1.9875e+000   0.0000e+000  
  5.4333e+001   2.6667e+000  
  5.4333e+001   2.6667e+000  
  4.3667e+001  -4.6667e+000  
  4.3667e+001  -4.6667e+000  
  4.4837e+000   0.0000e+000  
  4.4837e+000   0.0000e+000  
  4.3183e+000   0.0000e+000  
  4.3183e+000   0.0000e+000  
  1.8799e+002   1.7624e+002  
  1.8803e+002   1.7623e+002  
  1.8731e+002   1.7562e+002  
  1.8805e+002   1.7544e+002  
  1.0000e+000   0.0000e+000  
  1.0000e+000   0.0000e+000  
  1.0000e+000   0.0000e+000  
  1.0000e+000   0.0000e+000  
   2.9875e+002   0.0000e+000  
  itr    nh   avger[]   r2avg    mare[] 
100  16 3.120e+001   9.935e-001  4.865e+000 5.534e-002 
100  16 1.100e+002   4.216e-001  1.000e+003 2.565e+000 
   1  9.9349e-001   5.5339e-002   4.9391e+003   3.1200e-001 
 -1.2414e-001   9.6517e-001 
   1  4.2161e-001   2.5655e+000   2.2897e+005   1.1000e+000 
  4.9178e+000   7.1722e-001 
