  1.6912e+001  4.5941e+000 -4.2370e+000  1.7978e+000  4.7428e+000
 -1.8690e+001 -5.5303e+000 -8.1955e-001 -3.9611e+000
 -1.1480e-001
 -2.43427345e+001 -2.43427345e+001  -2.43427346e+001 7.46081224e-001 7.46081125e-001  7.46078498e-001 6.56995644e+000 6.56995642e+000  6.56995631e+000 -2.81486639e+001 -2.81486645e+001  -2.81486744e+001 2.79661473e+000 2.79661473e+000  2.79661473e+000
 3.48285263e+000 3.48285272e+000  3.48285280e+000 1.14326959e+001 1.14326959e+001  1.14326959e+001 1.08400523e+001 1.08400523e+001  1.08400523e+001 9.73512721e-001 9.73512496e-001  9.73509817e-001
 -9.40111052e+000 -9.40111052e+000  -9.40111052e+000 -1.74617980e+000 -1.74617980e+000  -1.74617980e+000 6.84250657e+000 6.84250657e+000  6.84250657e+000 -7.28267053e+000 -7.28267053e+000  -7.28267053e+000 4.27937877e+000 4.27937877e+000  4.27937877e+000
 1.90216948e-002 1.90216948e-002  1.90216948e-002 3.09945582e+000 3.09945582e+000  3.09945582e+000 3.18793488e+000 3.18793488e+000  3.18793488e+000 -2.40899338e+000 -2.40899338e+000  -2.40899338e+000
 2.06510572e+001 2.06510571e+001  2.06510564e+001 6.44620291e+000 6.44620199e+000  6.44617760e+000 -4.93345919e+000 -4.93345938e+000  -4.93346032e+000 -3.71732905e+000 -3.71733498e+000  -3.71742690e+000 1.11400939e+000 1.11400939e+000  1.11400939e+000
 -1.16470427e+001 -1.16470419e+001  -1.16470411e+001 -4.77844729e+000 -4.77844729e+000  -4.77844730e+000 -2.00486288e-002 -2.00486270e-002  -2.00485806e-002 -3.05957693e+000 -3.05957902e+000  -3.05960389e+000
 -9.97528225e+000 -9.97528225e+000  -9.97528225e+000 3.90259032e+000 3.90259032e+000  3.90259032e+000 -3.79707533e+000 -3.79707533e+000  -3.79707533e+000 2.20474386e+000 2.20474386e+000  2.20474386e+000 1.23546535e+001 1.23546535e+001  1.23546535e+001
 -1.08730865e+001 -1.08730865e+001  -1.08730865e+001 1.75774708e+000 1.75774708e+000  1.75774708e+000 1.05324482e+000 1.05324482e+000  1.05324482e+000 -1.76635264e+000 -1.76635264e+000  -1.76635264e+000
 1.27030069e+001 1.27030069e+001  1.27030069e+001 -2.22186490e+000 -2.22186490e+000  -2.22186490e+000 3.83810530e+000 3.83810530e+000  3.83810530e+000 7.55150357e-001 7.55150357e-001  7.55150357e-001 -7.22776226e+000 -7.22776226e+000  -7.22776226e+000
 -2.47639221e+000 -2.47639221e+000  -2.47639221e+000 -4.32687499e+000 -4.32687499e+000  -4.32687499e+000 -2.39366040e+000 -2.39366040e+000  -2.39366040e+000 -6.38003535e-002 -6.38003535e-002  -6.38003535e-002
 4.76019957e+000 4.76019957e+000  4.76019957e+000 5.93996918e-001 5.93996918e-001  5.93996918e-001 7.20917187e+000 7.20917187e+000  7.20917187e+000 -3.01437753e+000 -3.01437753e+000  -3.01437753e+000 5.50646545e+000 5.50646545e+000  5.50646545e+000
 -4.73963774e+000 -4.73963774e+000  -4.73963774e+000 -8.25712827e+000 -8.25712827e+000  -8.25712827e+000 -4.04874832e+000 -4.04874832e+000  -4.04874832e+000 -7.01420163e-001 -7.01420163e-001  -7.01420163e-001
 -4.62615435e+001 -4.62615435e+001  -4.62615440e+001 -1.69231483e+001 -1.69231489e+001  -1.69231639e+001 -2.20932477e+001 -2.20932478e+001  -2.20932484e+001 1.25283972e+001 1.25283935e+001  1.25283369e+001 -2.94573203e+001 -2.94573203e+001  -2.94573203e+001
 2.39295731e+000 2.39295784e+000  2.39295830e+000 1.27072606e+001 1.27072606e+001  1.27072606e+001 -2.93009997e+000 -2.93009997e+000  -2.93009995e+000 1.63566312e+000 1.63566181e+000  1.63564651e+000
 -1.95118486e+000 -1.95118491e+000  -1.95118538e+000 -4.95434421e+000 -4.95434483e+000  -4.95436094e+000 1.37487633e+001 1.37487631e+001  1.37487625e+001 -8.33419425e-001 -8.33423566e-001  -8.33484252e-001 6.65651158e-001 6.65651158e-001  6.65651156e-001
 2.26158084e+001 2.26158090e+001  2.26158095e+001 -5.92520468e+000 -5.92520468e+000  -5.92520469e+000 -6.86248429e+000 -6.86248429e+000  -6.86248426e+000 2.81401544e+000 2.81401397e+000  2.81399755e+000
 1.64863984e+000 1.64863980e+000  1.64863941e+000 -8.69961948e+000 -8.69962000e+000  -8.69963329e+000 1.40305720e+001 1.40305719e+001  1.40305714e+001 -3.85129352e-001 -3.85132841e-001  -3.85182922e-001 3.01543924e+000 3.01543924e+000  3.01543924e+000
 2.71566565e+001 2.71566570e+001  2.71566574e+001 -7.01253594e+000 -7.01253594e+000  -7.01253595e+000 -9.45456712e+000 -9.45456712e+000  -9.45456709e+000 3.32465637e+000 3.32465513e+000  3.32464158e+000
 1.12936136e+001 1.12936136e+001  1.12936136e+001 -1.46768407e+000 -1.46768407e+000  -1.46768407e+000 -1.72153241e+000 -1.72153241e+000  -1.72153241e+000 1.79382221e+000 1.79382221e+000  1.79382221e+000 7.18884774e+000 7.18884774e+000  7.18884774e+000
 -4.92714055e+000 -4.92714055e+000  -4.92714055e+000 -2.39614992e+000 -2.39614992e+000  -2.39614992e+000 -2.23029035e+000 -2.23029035e+000  -2.23029035e+000 -1.24101539e+000 -1.24101539e+000  -1.24101539e+000
 1.23468293e+001 1.23468293e+001  1.23468293e+001 1.30640200e+000 1.30640200e+000  1.30640200e+000 -2.21127665e+000 -2.21127665e+000  -2.21127665e+000 2.33215790e+000 2.33215790e+000  2.33215790e+000 4.13445655e+000 4.13445655e+000  4.13445655e+000
 -4.64560846e+000 -4.64560846e+000  -4.64560846e+000 -1.81675445e+000 -1.81675445e+000  -1.81675445e+000 -2.37641094e+000 -2.37641094e+000  -2.37641094e+000 -9.35035748e-001 -9.35035748e-001  -9.35035748e-001
 -1.11421970e-001 -1.11421970e-001  -1.11421970e-001 4.20133624e+000 4.20133624e+000  4.20133624e+000 -1.46016021e-001 -1.46016021e-001  -1.46016021e-001 -2.31621406e+000 -2.31621406e+000  -2.31621406e+000 -2.68079747e+000 -2.68079747e+000  -2.68079747e+000
 -7.48200041e+000 -7.48200041e+000  -7.48200041e+000 -1.47321346e+000 -1.47321346e+000  -1.47321346e+000 1.66747586e+000 1.66747586e+000  1.66747586e+000 -1.37219088e+000 -1.37219088e+000  -1.37219088e+000
 -1.64700529e-002 -1.64701276e-002  -1.64708429e-002 4.28727638e+000 4.28727546e+000  4.28725107e+000 -5.46568763e-001 -5.46568952e-001  -5.46569893e-001 -2.23353236e+000 -2.23353829e+000  -2.23363020e+000 -2.00130450e+000 -2.00130450e+000  -2.00130450e+000
 -7.94177199e+000 -7.94177115e+000  -7.94177040e+000 -1.66145737e+000 -1.66145737e+000  -1.66145738e+000 1.57876123e+000 1.57876123e+000  1.57876128e+000 -1.34148792e+000 -1.34149000e+000  -1.34151488e+000
 -1.19019830e+000 -1.19018169e+000 -1.18992210e+000
 -2.10992079e+000 -2.10992034e+000 -2.10990820e+000
 -1.30593766e+000 -1.30593751e+000 -1.30593679e+000
 -1.43282900e+000 -1.43282135e+000 -1.43270648e+000
 -1.26837452e+000 -1.26837452e+000 -1.26837452e+000
 2.36488551e+000 2.36488588e+000 2.36488619e+000
 -1.97164932e+000 -1.97164932e+000 -1.97164931e+000
 2.58008708e+000 2.58008709e+000 2.58008710e+000
 -3.62869479e+000 -3.62869419e+000 -3.62868715e+000
