  1.0701e-001  1.3604e-001  4.6957e-003  2.3687e-002  2.6458e+000
 -1.0776e+000  4.2445e+000
  1.8410e+000
 -1.17166871e+000 -1.17156515e+000  -1.17106695e+000 -9.86271415e-001 -9.86221461e-001  -9.86038739e-001 -4.01607929e+000 -4.01588832e+000  -4.01503875e+000 -4.67691405e-001 -4.67657944e-001  -4.67542529e-001 -4.36456356e+000 -4.36446734e+000  -4.36398630e+000
 -4.66565281e+000 -4.66578245e+000  -4.66622145e+000 -4.82948509e+000 -4.82945290e+000  -4.82943580e+000
 -4.57183398e-001 -4.57137368e-001  -4.56926856e-001 -5.65340249e-001 -5.65311412e-001  -5.65234278e-001 1.38142384e+000 1.38151703e+000  1.38187773e+000 9.23260325e-001 9.23280572e-001  9.23329918e-001 4.98600402e+000 4.98604474e+000  4.98624833e+000
 1.47505634e+000 1.47497703e+000  1.47478966e+000 -6.34317284e+000 -6.34314147e+000  -6.34312848e+000
 -4.23245110e-001 -4.23245110e-001  -4.23245110e-001 -6.63490128e-001 -6.63490128e-001  -6.63490128e-001 -1.37916139e+000 -1.37916139e+000  -1.37916139e+000 -1.78870957e-001 -1.78870957e-001  -1.78870957e-001 -2.15663502e-001 -2.15663502e-001  -2.15663502e-001
 -4.15375436e+000 -4.15375436e+000  -4.15375436e+000 -2.93000776e+000 -2.93000776e+000  -2.93000776e+000
 6.63236765e-001 6.63236765e-001  6.63236765e-001 2.01647444e-001 2.01647444e-001  2.01647444e-001 8.32274693e-001 8.32274693e-001  8.32274693e-001 1.01070806e-001 1.01070806e-001  1.01070806e-001 -2.36522358e-001 -2.36522358e-001  -2.36522358e-001
 2.00263357e+000 2.00263357e+000  2.00263357e+000 -2.27184194e+000 -2.27184194e+000  -2.27184194e+000
 1.98164214e-001 1.98478608e-001  2.00050574e-001 9.17121862e-001 9.17230955e-001  9.17776423e-001 1.98367476e-002 2.03788264e-002  2.30892203e-002 -6.49830818e-001 -6.49761071e-001  -6.49412338e-001 2.06796788e+000 2.06827774e+000  2.06982703e+000
 2.73193137e-001 2.72918460e-001  2.71545074e-001 1.80492364e+000 1.80493005e+000  1.80496206e+000
 -3.03018924e-001 -3.03014013e-001  -3.03014013e-001 3.05940164e-001 3.05956926e-001  3.05956926e-001 -7.78092454e-001 -7.78066137e-001  -7.78066137e-001 5.50584873e-001 5.50597845e-001  5.50597845e-001 1.90019676e+000 1.90019677e+000  1.90019677e+000
 -2.51242762e+000 -2.51247991e+000  -2.51247991e+000 6.46357192e-001 6.46393156e-001  6.46393156e-001
 1.42964898e-001 1.42964898e-001  1.42964901e-001 -1.19149698e+000 -1.19149698e+000  -1.19149698e+000 6.49124551e-001 6.49124551e-001  6.49124554e-001 -2.26727769e-001 -2.26727769e-001  -2.26727768e-001 2.41214741e-001 2.41214741e-001  2.41214741e-001
 -5.74815983e-003 -5.74816049e-003  -5.74816379e-003 4.52785988e+000 4.52785988e+000  4.52785988e+000
 4.95894147e-001 4.95904524e-001  4.95931860e-001 7.76904808e-001 7.76927895e-001  7.76959519e-001 -1.46772533e-002 -1.46460009e-002  -1.46213224e-002 -3.48629368e-001 -3.48612896e-001  -3.48595396e-001 2.67069552e+000 2.67069620e+000  2.67069953e+000
 -4.34217959e-001 -4.34276623e-001  -4.34308502e-001 1.28584777e+000 1.28588694e+000  1.28590294e+000
 1.12565483e+000 1.12596375e+000  1.12750839e+000 -2.88415862e-002 -2.87388174e-002  -2.82249734e-002 -7.44977462e-002 -7.39606025e-002  -7.12748842e-002 5.30903702e-002 5.31566170e-002  5.34878509e-002 1.15051932e+000 1.15082852e+000  1.15237448e+000
 -1.01709585e+000 -1.01736416e+000  -1.01870567e+000 3.21582570e+000 3.21582891e+000  3.21584492e+000
 -1.21246233e+000 -1.21246233e+000  -1.21246233e+000 -2.87342307e-001 -2.87342307e-001  -2.87342307e-001 4.67379126e-001 4.67379126e-001  4.67379126e-001 5.15079979e-001 5.15079979e-001  5.15079979e-001 9.91858641e-001 9.91858641e-001  9.91858641e-001
 -1.31795311e-001 -1.31795311e-001  -1.31795311e-001 3.19752017e+000 3.19752017e+000  3.19752017e+000
 8.06652414e-001 8.06744923e-001  8.07207341e-001 -3.37951926e-002 -3.37643380e-002  -3.36105081e-002 -2.47335514e+000 -2.47319419e+000  -2.47239017e+000 -6.33678634e-001 -6.33658733e-001  -6.33559571e-001 4.52308544e+000 4.52317800e+000  4.52364082e+000
 -1.56070874e+000 -1.56078934e+000  -1.56119095e+000 -1.15860950e+000 -1.15860835e+000  -1.15860356e+000
 1.16473583e+000 1.16473609e+000  1.16473735e+000 4.12852256e-001 4.12852563e-001  4.12854094e-001 -1.96127395e+000 -1.96127377e+000  -1.96127290e+000 -4.64772998e-001 -4.64772842e-001  -4.64772059e-001 1.66127737e+000 1.66127738e+000  1.66127741e+000
 -8.86441529e-001 -8.86441786e-001  -8.86443071e-001 -6.51014981e-001 -6.51014952e-001  -6.51014811e-001
 -5.46260674e+000 -5.46238433e+000  -5.46128150e+000 -2.85462610e+000 -2.85454372e+000  -2.85416318e+000 -4.91169552e+000 -4.91130492e+000  -4.90940115e+000 -8.54996545e-001 -8.54942975e-001  -8.54699399e-001 -5.13992302e+000 -5.13970517e+000  -5.13861594e+000
 7.55617308e+000 7.55596095e+000  7.55499812e+000 -8.42924841e-001 -8.42907141e-001  -8.42885929e-001
 -1.68120354e+000 -1.68102185e+000  -1.68012779e+000 -1.18605886e-001 -1.18533741e-001  -1.18222217e-001 4.13086929e-001 4.13410428e-001  4.14950668e-001 3.30745219e-001 3.30792636e-001  3.30991643e-001 3.00904875e-001 3.01080841e-001  3.01960640e-001
 5.86078996e+000 5.86060295e+000  5.85982136e+000 4.36362136e+000 4.36364629e+000  4.36366540e+000
 4.74288558e-001 4.74451081e-001  4.75251168e-001 -1.04637064e+000 -1.04630693e+000  -1.04603114e+000 4.60192251e+000 4.60221227e+000  4.60359389e+000 -5.04688230e-001 -5.04646284e-001  -5.04469657e-001 5.56181123e+000 5.56196935e+000  5.56275990e+000
 -1.42375047e+000 -1.42391688e+000  -1.42461551e+000 -1.76562786e+000 -1.76560634e+000  -1.76559051e+000
 1.51282835e+000 1.51301086e+000  1.51390728e+000 1.19089175e+000 1.19096439e+000  1.19127270e+000 3.99721788e+000 3.99754480e+000  3.99909320e+000 2.62931113e-001 2.62979102e-001  2.63176550e-001 1.69268951e+000 1.69286680e+000  1.69375323e+000
 1.29101264e+000 1.29082194e+000  1.29003975e+000 -2.32666397e+000 -2.32663714e+000  -2.32662080e+000
 -2.53781789e-001 -2.53561135e-001  -2.52464915e-001 -1.46050138e+000 -1.46042247e+000  -1.46005196e+000 -4.04908930e-001 -4.04521312e-001  -4.02620983e-001 -7.38022260e-001 -7.37970658e-001  -7.37731263e-001 -2.65283385e+000 -2.65261591e+000  -2.65152627e+000
 -1.93882821e-001 -1.94089003e-001  -1.95044879e-001 -6.04714430e-001 -6.04699706e-001  -6.04677694e-001
 3.27706069e-001 3.27891711e-001  3.28809105e-001 -6.69824579e-001 -6.69754772e-001  -6.69442670e-001 -1.15636748e-001 -1.15307637e-001  -1.13720066e-001 2.69218985e-002 2.69679093e-002  2.71693802e-002 -3.82863579e-001 -3.82681726e-001  -3.81772480e-001
 -1.06662662e-002 -1.08493624e-002  -1.16496312e-002 9.83195279e-001 9.83214924e-001  9.83233912e-001
 4.05831411e-001 4.06005049e-001  4.06866923e-001 4.62841094e-001 4.62902981e-001  4.63190865e-001 1.09435091e-001 1.09741390e-001  1.11239050e-001 -7.48823636e-001 -7.48782918e-001  -7.48596008e-001 -1.07437181e+000 -1.07419982e+000  -1.07333989e+000
 -2.01103532e+000 -2.01119895e+000  -2.01194987e+000 -1.02396329e+000 -1.02395058e+000  -1.02393329e+000
 4.55310962e-002 4.56609861e-002  4.63045287e-002 -6.72970018e-001 -6.72922890e-001  -6.72707413e-001 2.56618306e-001 2.56848158e-001  2.57965760e-001 -4.42490978e-002 -4.42179260e-002  -4.40776727e-002 -1.83536261e+000 -1.83523441e+000  -1.83459341e+000
 1.90959369e-001 1.90834530e-001  1.90273243e-001 -2.40500183e-001 -2.40488522e-001  -2.40473480e-001
 -2.13559848e-001 -2.13376456e-001  -2.12469667e-001 -4.27137401e-001 -4.27067671e-001  -4.26753754e-001 -7.55189499e-001 -7.54866316e-001  -7.53304925e-001 -5.64803264e-001 -5.64757460e-001  -5.64555317e-001 -2.17699862e+000 -2.17682034e+000  -2.17592894e+000
 4.09779705e-001 4.09599731e-001  4.08808204e-001 -4.22552716e-001 -4.22533931e-001  -4.22514519e-001
 4.31657130e-001 4.31796410e-001  4.32477954e-001 4.64843867e-001 4.64902071e-001  4.65142371e-001 -5.01986617e-001 -5.01737188e-001  -5.00569674e-001 2.65647769e-001 2.65686489e-001  2.65840837e-001 5.24689427e-001 5.24822278e-001  5.25486504e-001
 4.80009084e-001 4.79858337e-001  4.79262813e-001 1.39444465e+000 1.39446954e+000  1.39448512e+000
 5.28893703e-001 5.29022678e-001  5.29657633e-001 1.80062583e+000 1.80067633e+000  1.80089492e+000 -1.43612129e-001 -1.43382702e-001  -1.42288742e-001 -5.56444611e-001 -5.56411094e-001  -5.56269717e-001 9.70219030e-002 9.71468354e-002  9.77714761e-002
 -1.82482228e+000 -1.82495420e+000  -1.82550812e+000 -4.25444421e-001 -4.25427111e-001  -4.25413232e-001
 1.21031096e-001 1.21110912e-001  1.21500527e-001 5.12590456e-001 5.12624364e-001  5.12761593e-001 1.32787283e-003 1.47139554e-003  2.13828221e-003 2.06108416e-001 2.06131207e-001  2.06220156e-001 -7.96013672e-001 -7.95937943e-001  -7.95559317e-001
 6.02927603e-001 6.02839279e-001  6.02498448e-001 3.99569024e-001 3.99585159e-001  3.99596514e-001
 5.76525697e-001 5.76530831e-001  5.76556499e-001 2.26178171e+000 2.26178792e+000  2.26181898e+000 -4.98071534e-001 -4.98067981e-001  -4.98050217e-001 -6.79501256e-001 -6.79498082e-001  -6.79482211e-001 2.97722707e+000 2.97722721e+000  2.97722793e+000
 -4.31480671e-001 -4.31485871e-001  -4.31511874e-001 2.39769094e+000 2.39769151e+000  2.39769438e+000
 -7.65468174e-001 -7.65463263e-001  -7.65463263e-001 2.74906591e-001 2.74923353e-001  2.74923353e-001 -2.42678903e-001 -2.42652587e-001  -2.42652586e-001 1.53301472e+000 1.53302769e+000  1.53302769e+000 1.97288743e+000 1.97288744e+000  1.97288744e+000
 3.40596531e-001 3.40544242e-001  3.40544242e-001 2.93867031e+000 2.93870628e+000  2.93870628e+000
 6.91542393e-002 6.93725540e-002  7.04641274e-002 -4.46325047e-001 -4.46231300e-001  -4.45762565e-001 3.49466730e-001 3.49860490e-001  3.51829286e-001 -7.80105761e-001 -7.80064273e-001  -7.79856832e-001 -2.97893537e-001 -2.97659665e-001  -2.96490300e-001
 -9.66191105e-001 -9.66394728e-001  -9.67412842e-001 1.05013470e+000 1.05013697e+000  1.05014830e+000
 3.27441123e-001 3.27532069e-001  3.27986796e-001 -1.85959632e+000 -1.85958719e+000  -1.85954151e+000 5.11013628e-001 5.11158395e-001  5.11882231e-001 -1.40861146e-001 -1.40836062e-001  -1.40710640e-001 -1.54662125e-001 -1.54586283e-001  -1.54207075e-001
 -8.70068753e-001 -8.70134607e-001  -8.70463880e-001 9.40142603e-001 9.40146166e-001  9.40163983e-001
 -2.33915029e+000 -2.33931109e+000 -2.34010406e+000
 -1.57309737e+000 -1.57321378e+000 -1.57370564e+000
 -2.55968852e+000 -2.56000156e+000 -2.56148513e+000
 -1.73635958e+000 -1.73643608e+000 -1.73664592e+000
 -2.87830906e+000 -2.87929124e+000 -2.88398180e+000
 4.97489394e+000 4.97387524e+000 4.96886833e+000
 -3.54759942e+000 -3.54868502e+000 -3.55397169e+000
