  7.3170e+000 -2.5891e+000 -2.1242e+000 -1.0521e+001 -1.0997e+001
 -1.0061e+001 -1.7563e+001 -3.3631e+000 -1.2132e+001  9.4145e+000
 -1.3547e+001 -1.9148e+000 -1.4717e+001 -3.5514e+000 -3.3987e+000
 -6.5229e-001
  1.5370e+000
 1.45762500e+001 1.45768415e+001  1.45773463e+001 -2.45193319e+001 -2.45191159e+001  -2.45189449e+001 -3.72901506e+000 -3.72901506e+000  -3.72901505e+000 8.35468711e+000 8.35452026e+000  8.35436172e+000 2.11081108e+000 2.11081108e+000  2.11081108e+000
 1.49645072e+001 1.49645072e+001  1.49645072e+001 -5.29348040e+000 -5.29348040e+000  -5.29348040e+000 8.12270749e+000 8.12270749e+000  8.12270749e+000 7.47429597e-002 7.47429536e-002  7.47429439e-002 4.61256916e+000 4.61256928e+000  4.61256938e+000
 -1.56280189e+001 -1.56280163e+001  -1.56280101e+001 -9.19485852e+000 -9.19485852e+000  -9.19485852e+000 -1.11002280e+000 -1.11019150e+000  -1.11032623e+000 2.27814889e+000 2.27841487e+000  2.27868081e+000 -2.32187619e+000 -2.32166599e+000  -2.32146570e+000
 -3.34091722e-001 -3.34056006e-001  -3.34020848e-001
 -8.30918723e+000 -8.30918723e+000  -8.30918723e+000 1.06023225e+001 1.06023225e+001  1.06023225e+001 -6.85958246e+000 -6.85958246e+000  -6.85958246e+000 -5.27788337e+000 -5.27788337e+000  -5.27788337e+000 -5.15384338e+000 -5.15384338e+000  -5.15384338e+000
 -1.77971525e+001 -1.77971525e+001  -1.77971525e+001 -1.28999874e+001 -1.28999874e+001  -1.28999874e+001 -7.87838255e+000 -7.87838255e+000  -7.87838255e+000 3.15563125e+000 3.15563125e+000  3.15563125e+000 1.37883307e+001 1.37883307e+001  1.37883307e+001
 1.88888418e+001 1.88888418e+001  1.88888418e+001 4.46871257e+000 4.46871257e+000  4.46871257e+000 -1.26073084e+001 -1.26073084e+001  -1.26073084e+001 -2.56739279e+000 -2.56739279e+000  -2.56739279e+000 -7.29034934e-001 -7.29034934e-001  -7.29034934e-001
 -5.24428681e-001 -5.24428681e-001  -5.24428681e-001
 3.97566870e+000 3.97566870e+000  3.97566870e+000 7.52747252e+000 7.52747252e+000  7.52747252e+000 -1.95683092e+000 -1.95683092e+000  -1.95683092e+000 -2.54420113e+000 -2.54420113e+000  -2.54420113e+000 -2.56245394e+000 -2.56245394e+000  -2.56245394e+000
 1.45444897e+001 1.45444897e+001  1.45444897e+001 -3.73055128e-001 -3.73055128e-001  -3.73055128e-001 4.86918703e+000 4.86918703e+000  4.86918703e+000 -7.58225009e+000 -7.58225009e+000  -7.58225009e+000 1.58641228e+001 1.58641228e+001  1.58641228e+001
 1.52883188e+001 1.52883188e+001  1.52883188e+001 -1.06887424e+000 -1.06887424e+000  -1.06887424e+000 1.39442139e+001 1.39442139e+001  1.39442139e+001 3.47744421e+000 3.47744421e+000  3.47744421e+000 1.37847282e+000 1.37847282e+000  1.37847282e+000
 -5.40496858e-002 -5.40496858e-002  -5.40496858e-002
 -2.51619810e+001 -2.51619810e+001  -2.51619810e+001 1.02275582e+001 1.02275582e+001  1.02275582e+001 1.75763034e+000 1.75763034e+000  1.75763034e+000 -1.45390354e+001 -1.45390354e+001  -1.45390354e+001 -1.25059525e+001 -1.25059525e+001  -1.25059525e+001
 -1.75903287e+001 -1.75903287e+001  -1.75903287e+001 7.63912711e+000 7.63912711e+000  7.63912711e+000 4.10701670e+000 4.10701670e+000  4.10701670e+000 1.19133397e+001 1.19133397e+001  1.19133397e+001 -3.96020609e-001 -3.96020609e-001  -3.96020609e-001
 2.07725633e+001 2.07725633e+001  2.07725633e+001 2.29972731e+000 2.29972731e+000  2.29972731e+000 3.62390550e-001 3.62390550e-001  3.62390550e-001 1.58294979e+000 1.58294979e+000  1.58294979e+000 -2.13607040e+000 -2.13607040e+000  -2.13607040e+000
 -2.97732211e-001 -2.97732211e-001  -2.97732211e-001
 -4.08352784e+000 -4.08352784e+000  -4.08352784e+000 -1.16195745e+001 -1.16195745e+001  -1.16195745e+001 1.86990072e+001 1.86990072e+001  1.86990072e+001 -5.08697955e+000 -5.08697955e+000  -5.08697955e+000 -1.37565498e+000 -1.37565498e+000  -1.37565498e+000
 -1.20074305e+001 -1.20074305e+001  -1.20074305e+001 -9.08542013e+000 -9.08542013e+000  -9.08542013e+000 2.24061424e+000 2.24061424e+000  2.24061424e+000 -1.31829104e+001 -1.31829104e+001  -1.31829104e+001 -1.64172820e+001 -1.64172820e+001  -1.64172820e+001
 -2.56896496e+001 -2.56896496e+001  -2.56896496e+001 -3.14219773e+000 -3.14219773e+000  -3.14219773e+000 -6.56118448e+000 -6.56118448e+000  -6.56118448e+000 -2.91073024e+000 -2.91073024e+000  -2.91073024e+000 -6.28904396e-001 -6.28904396e-001  -6.28904396e-001
 -2.84780345e-001 -2.84780345e-001  -2.84780345e-001
 1.00026175e+001 1.00026175e+001  1.00026175e+001 -6.10727248e+000 -6.10727248e+000  -6.10727248e+000 -4.36908617e+000 -4.36908617e+000  -4.36908617e+000 -2.55033691e+000 -2.55033736e+000  -2.55033850e+000 5.26720568e-001 5.26720568e-001  5.26720568e-001
 -3.78208840e+000 -3.78208841e+000  -3.78208841e+000 -1.49815019e+001 -1.49815016e+001  -1.49815007e+001 -1.37974956e+001 -1.37974956e+001  -1.37974956e+001 -2.95224890e+000 -2.95224890e+000  -2.95224890e+000 -6.48730347e+000 -6.48730347e+000  -6.48730347e+000
 -1.95633996e+001 -1.95633996e+001  -1.95633996e+001 -1.79067443e-001 -1.79067437e-001  -1.79067423e-001 -1.18796414e+001 -1.18796415e+001  -1.18796418e+001 -3.80396552e+000 -3.80396547e+000  -3.80396535e+000 -6.49669487e-001 -6.49669001e-001  -6.49667785e-001
 -9.46464672e-002 -9.46464477e-002  -9.46463990e-002
 1.43785336e+001 1.43785336e+001  1.43785336e+001 1.11295275e+001 1.11295275e+001  1.11295275e+001 -6.65909317e+000 -6.65909317e+000  -6.65909317e+000 9.23994303e+000 9.23994303e+000  9.23994303e+000 5.94209066e+000 5.94209066e+000  5.94209066e+000
 8.25363154e+000 8.25363154e+000  8.25363154e+000 1.68150334e+001 1.68150334e+001  1.68150334e+001 -5.65265640e+000 -5.65265640e+000  -5.65265640e+000 -5.74701850e+000 -5.74701850e+000  -5.74701850e+000 -3.82125028e+000 -3.82125028e+000  -3.82125028e+000
 -6.48408897e+000 -6.48408897e+000  -6.48408897e+000 4.09383892e+000 4.09383892e+000  4.09383892e+000 1.36244408e+000 1.36244408e+000  1.36244408e+000 -3.09028090e+000 -3.09028090e+000  -3.09028090e+000 8.05509328e-001 8.05509328e-001  8.05509328e-001
 5.02602839e-001 5.02602839e-001  5.02602839e-001
 -7.64323124e+000 -7.64323124e+000  -7.64323124e+000 4.26548489e+000 4.26548489e+000  4.26548489e+000 5.15689562e+000 5.15689562e+000  5.15689562e+000 -6.15724019e+000 -6.15724019e+000  -6.15724019e+000 -3.91642641e+000 -3.91642641e+000  -3.91642641e+000
 -2.94329970e+000 -2.94329970e+000  -2.94329970e+000 -4.41781375e+000 -4.41781375e+000  -4.41781375e+000 1.64874416e+001 1.64874416e+001  1.64874416e+001 -7.89195978e+000 -7.89195978e+000  -7.89195978e+000 -1.03348952e+001 -1.03348952e+001  -1.03348952e+001
 -1.70766851e+001 -1.70766851e+001  -1.70766851e+001 9.19570656e-001 9.19570656e-001  9.19570656e-001 -6.40712081e+000 -6.40712081e+000  -6.40712081e+000 -3.72120175e+000 -3.72120175e+000  -3.72120175e+000 -1.64969473e+000 -1.64969473e+000  -1.64969473e+000
 -2.42591608e-001 -2.42591608e-001  -2.42591608e-001
 3.78077901e+000 3.78077901e+000  3.78077901e+000 -1.79070300e+001 -1.79070300e+001  -1.79070300e+001 -5.66899612e+000 -5.66899612e+000  -5.66899612e+000 3.77570886e+000 3.77570841e+000  3.77570727e+000 -1.80769508e+000 -1.80769508e+000  -1.80769508e+000
 -2.20720231e+001 -2.20720231e+001  -2.20720231e+001 -5.39929908e-001 -5.39929579e-001  -5.39928754e-001 8.33757151e+000 8.33757151e+000  8.33757151e+000 -1.21880256e+001 -1.21880256e+001  -1.21880256e+001 -5.35287162e+000 -5.35287162e+000  -5.35287162e+000
 -9.44731150e+000 -9.44731150e+000  -9.44731150e+000 2.95148083e+000 2.95148083e+000  2.95148085e+000 -6.43099770e+000 -6.43099781e+000  -6.43099808e+000 -2.29095726e+000 -2.29095721e+000  -2.29095709e+000 -1.65699374e+000 -1.65699325e+000  -1.65699203e+000
 -9.32851316e-001 -9.32851297e-001  -9.32851248e-001
 -4.93192384e+000 -4.93133230e+000  -4.93082756e+000 1.25075551e+001 1.25077712e+001  1.25079421e+001 1.09647135e+001 1.09647135e+001  1.09647135e+001 -4.81221738e+000 -4.81238424e+000  -4.81254278e+000 -8.14757910e+000 -8.14757910e+000  -8.14757910e+000
 1.24333825e+001 1.24333825e+001  1.24333825e+001 -5.51841877e+000 -5.51841877e+000  -5.51841877e+000 -9.02392328e+000 -9.02392328e+000  -9.02392328e+000 9.31995874e+000 9.31995874e+000  9.31995873e+000 1.08553294e+001 1.08553295e+001  1.08553296e+001
 1.31022269e+001 1.31022296e+001  1.31022357e+001 -4.92611285e+000 -4.92611285e+000  -4.92611285e+000 -5.18263991e+000 -5.18280862e+000  -5.18294334e+000 -4.21880549e+000 -4.21853951e+000  -4.21827357e+000 1.88892476e+000 1.88913496e+000  1.88933525e+000
 -1.26921499e-001 -1.26885783e-001  -1.26850625e-001
 6.32427735e+000 6.32427735e+000  6.32427735e+000 2.44573787e+000 2.44573787e+000  2.44573787e+000 -8.59632444e+000 -8.59632444e+000  -8.59632444e+000 -1.15401324e+001 -1.15401324e+001  -1.15401324e+001 -3.22504081e+000 -3.22504081e+000  -3.22504081e+000
 -3.92696144e+000 -3.92696144e+000  -3.92696144e+000 -1.22613640e+001 -1.22613640e+001  -1.22613640e+001 -7.43228334e+000 -7.43228334e+000  -7.43228334e+000 -1.15714710e+001 -1.15714710e+001  -1.15714710e+001 1.53268689e+000 1.53268689e+000  1.53268689e+000
 -1.61675680e+001 -1.61675680e+001  -1.61675680e+001 -7.48087114e-001 -7.48087114e-001  -7.48087114e-001 -4.87547094e+000 -4.87547094e+000  -4.87547094e+000 1.47593619e+000 1.47593619e+000  1.47593619e+000 -4.51350429e+000 -4.51350429e+000  -4.51350429e+000
 -2.73534571e-002 -2.73534571e-002  -2.73534571e-002
 3.26587040e+001 3.26587071e+001  3.26587098e+001 -3.04338186e+001 -3.04338175e+001  -3.04338166e+001 -3.63629692e+001 -3.63629692e+001  -3.63629692e+001 1.88766288e+001 1.88766278e+001  1.88766266e+001 1.44026216e+001 1.44026216e+001  1.44026216e+001
 3.64543363e+001 3.64543363e+001  3.64543363e+001 1.03597548e+002 1.03597549e+002  1.03597549e+002 1.99347502e+001 1.99347502e+001  1.99347502e+001 -3.51897482e+001 -3.51897482e+001  -3.51897482e+001 1.05377451e+001 1.05377451e+001  1.05377451e+001
 9.02539078e+000 9.02539080e+000  9.02539083e+000 3.49460963e-002 3.49460980e-002  3.49461023e-002 3.53914377e+001 3.53914367e+001  3.53914359e+001 9.91188171e-001 9.91189596e-001  9.91191044e-001 1.00456432e+001 1.00456445e+001  1.00456459e+001
 -1.06733504e-001 -1.06733308e-001  -1.06733107e-001
 -3.34983406e-001 -3.34765193e-001  -3.34579332e-001 -3.40348922e+001 -3.40348133e+001  -3.40347521e+001 -1.29675637e+000 -1.29675637e+000  -1.29675637e+000 5.49179828e-002 5.48559284e-002  5.47962741e-002 4.95205703e-001 4.95205703e-001  4.95205703e-001
 -2.61407610e-001 -2.61407611e-001  -2.61407613e-001 -1.27147932e+000 -1.27147918e+000  -1.27147882e+000 1.20853289e+001 1.20853289e+001  1.20853289e+001 -1.88908391e+000 -1.88908391e+000  -1.88908391e+000 1.41383021e+001 1.41383021e+001  1.41383022e+001
 -5.10020942e+000 -5.10020825e+000  -5.10020546e+000 -1.34646096e+000 -1.34646096e+000  -1.34646095e+000 -4.76453171e+000 -4.76459379e+000  -4.76464299e+000 -4.89096891e+000 -4.89087003e+000  -4.89077018e+000 1.02747091e+000 1.02754910e+000  1.02762448e+000
 -3.82266857e-001 -3.82253586e-001  -3.82240395e-001
 -1.40135697e+001 -1.40131697e+001  -1.40128318e+001 2.50808523e+001 2.50809987e+001  2.50811140e+001 7.51066439e+000 7.51066439e+000  7.51066439e+000 3.82319912e+000 3.82308623e+000  3.82297969e+000 1.61939385e-001 1.61939385e-001  1.61939385e-001
 1.41660983e+001 1.41660983e+001  1.41660983e+001 4.85590330e+000 4.85590353e+000  4.85590411e+000 -2.08972894e+001 -2.08972894e+001  -2.08972894e+001 1.59571281e+001 1.59571281e+001  1.59571281e+001 -1.91685288e+001 -1.91685287e+001  -1.91685286e+001
 2.61315055e+001 2.61315070e+001  2.61315105e+001 -2.55693481e+000 -2.55693481e+000  -2.55693480e+000 1.84611039e+001 1.84609897e+001  1.84608991e+001 7.04486382e+000 7.04504314e+000  7.04522038e+000 1.78820399e+000 1.78834612e+000  1.78848050e+000
 -4.70778596e-001 -4.70754506e-001  -4.70731056e-001
 -1.96746228e+001 -1.96742891e+001  -1.96740080e+001 3.34489046e+001 3.34490269e+001  3.34491229e+001 6.91820123e+000 6.91820123e+000  6.91820124e+000 5.75945252e-001 5.75851092e-001  5.75762600e-001 5.45358808e+000 5.45358808e+000  5.45358808e+000
 1.26469859e+001 1.26469859e+001  1.26469859e+001 5.69266134e+000 5.69266154e+000  5.69266203e+000 -3.67076055e+001 -3.67076055e+001  -3.67076055e+001 1.69750402e+001 1.69750402e+001  1.69750402e+001 -2.65907071e+001 -2.65907070e+001  -2.65907070e+001
 3.71749803e+001 3.71749815e+001  3.71749843e+001 -4.18868197e-001 -4.18868193e-001  -4.18868185e-001 1.88752016e+001 1.88751062e+001  1.88750308e+001 8.16524119e+000 8.16539071e+000  8.16553783e+000 2.57378512e+000 2.57390366e+000  2.57401525e+000
 -2.84044678e-001 -2.84024592e-001  -2.84005128e-001
 -2.66452974e+000 -2.66452974e+000  -2.66452974e+000 -3.36574551e-001 -3.36574551e-001  -3.36574551e-001 7.41205571e-001 7.41205571e-001  7.41205571e-001 -1.37510634e+000 -1.37510634e+000  -1.37510634e+000 4.54643752e+000 4.54643752e+000  4.54643752e+000
 -1.19097727e+000 -1.19097727e+000  -1.19097727e+000 -1.81670357e+000 -1.81670357e+000  -1.81670357e+000 -1.57619071e+001 -1.57619071e+001  -1.57619071e+001 -5.51731374e-001 -5.51731374e-001  -5.51731374e-001 2.76563945e+000 2.76563945e+000  2.76563945e+000
 1.54552948e+001 1.54552948e+001  1.54552948e+001 1.47055140e+000 1.47055140e+000  1.47055140e+000 -9.80426940e+000 -9.80426940e+000  -9.80426940e+000 -8.63953357e-001 -8.63953357e-001  -8.63953357e-001 -5.22621328e-001 -5.22621328e-001  -5.22621328e-001
 -3.26937826e-002 -3.26937826e-002  -3.26937826e-002
 -6.38236604e-001 -6.38236604e-001  -6.38236604e-001 1.65565829e+001 1.65565829e+001  1.65565829e+001 -4.72358116e+000 -4.72358116e+000  -4.72358116e+000 -1.36966048e+001 -1.36966048e+001  -1.36966048e+001 4.73563540e+000 4.73563540e+000  4.73563540e+000
 -1.33707563e+001 -1.33707563e+001  -1.33707563e+001 -3.99245541e+000 -3.99245541e+000  -3.99245541e+000 -1.54391276e+001 -1.54391276e+001  -1.54391276e+001 -7.23234606e+000 -7.23234606e+000  -7.23234606e+000 -8.69349575e+000 -8.69349575e+000  -8.69349575e+000
 -3.82176168e+000 -3.82176168e+000  -3.82176168e+000 3.63556857e+000 3.63556857e+000  3.63556857e+000 -2.40425273e+000 -2.40425273e+000  -2.40425273e+000 -1.56630008e+000 -1.56630008e+000  -1.56630008e+000 -3.38875520e-001 -3.38875520e-001  -3.38875520e-001
 1.26180504e-001 1.26180504e-001  1.26180504e-001
 4.27144965e+000 4.27144965e+000  4.27144965e+000 -9.32913749e+000 -9.32913749e+000  -9.32913749e+000 6.30557063e-001 6.30557063e-001  6.30557063e-001 1.42110953e+000 1.42110953e+000  1.42110953e+000 -1.10175940e+001 -1.10175940e+001  -1.10175940e+001
 7.51092852e-001 7.51092852e-001  7.51092852e-001 -5.86359231e+000 -5.86359231e+000  -5.86359231e+000 1.14912377e+001 1.14912377e+001  1.14912377e+001 -2.75982062e+000 -2.75982062e+000  -2.75982062e+000 6.42096899e+000 6.42096899e+000  6.42096899e+000
 -1.14162357e+001 -1.14162357e+001  -1.14162357e+001 -3.98998612e+000 -3.98998612e+000  -3.98998612e+000 -1.98654084e+000 -1.98654084e+000  -1.98654084e+000 -1.14192514e+000 -1.14192514e+000  -1.14192514e+000 -1.84716821e+000 -1.84716821e+000  -1.84716821e+000
 -5.68970308e-001 -5.68970308e-001  -5.68970308e-001
 4.49391387e+000 4.49450541e+000  4.49501015e+000 -9.51774664e+000 -9.51753058e+000  -9.51735961e+000 4.15469352e-001 4.15469357e-001  4.15469362e-001 1.47561512e+000 1.47544781e+000  1.47528813e+000 -1.10057428e+001 -1.10057428e+001  -1.10057428e+001
 7.21486373e-001 7.21486371e-001  7.21486366e-001 -6.13311712e+000 -6.13311679e+000  -6.13311597e+000 1.21424028e+001 1.21424028e+001  1.21424028e+001 -3.30700231e+000 -3.30700232e+000  -3.30700233e+000 7.16806597e+000 7.16806609e+000  7.16806619e+000
 -1.20665194e+001 -1.20665168e+001  -1.20665106e+001 -3.83885298e+000 -3.83885297e+000  -3.83885296e+000 -2.29404559e+000 -2.29421440e+000  -2.29434940e+000 -1.46164798e+000 -1.46138195e+000  -1.46111589e+000 -1.57290821e+000 -1.57269752e+000  -1.57249602e+000
 -6.11642687e-001 -6.11606951e-001  -6.11571744e-001
 -2.63199689e+000 -2.63282446e+000 -2.63369202e+000
 -9.95290408e-001 -9.95610814e-001 -9.95875047e-001
 -3.67640191e+000 -3.67754386e+000 -3.67866273e+000
 2.05222558e+000 2.05213667e+000 2.05205120e+000
 3.93819867e+000 3.93819867e+000 3.93819867e+000
 1.53561856e+000 1.53447661e+000 1.53335773e+000
 -2.41918894e+000 -2.41918910e+000 -2.41918950e+000
 1.38267156e+000 1.38267156e+000 1.38267156e+000
 2.54938999e+000 2.54824804e+000 2.54712917e+000
 -1.19912350e+000 -1.20026534e+000 -1.20138414e+000
 -1.48474132e+000 -1.48588062e+000 -1.48699309e+000
 -1.45356094e+000 -1.45356095e+000 -1.45356095e+000
 1.19149592e+000 1.19132780e+000 1.19119659e+000
 -1.02629194e+000 -1.02702210e+000 -1.02769848e+000
 -2.25066973e+000 -2.25077265e+000 -2.25087088e+000
 -3.91454789e-001 -3.91554792e-001 -3.91653335e-001
