  2.9333e+000  1.1838e+000 -1.6913e+000 -7.9226e+000 -5.4802e+000
  1.1932e+000 -4.1413e+000 -4.4130e-001 -2.3051e+000 -4.5385e+000
 -7.7525e-001 -3.3199e+000  3.1042e+000 -1.0467e+000  3.4989e-001
 -2.8940e-001
  5.6694e+000
 2.95199489e+000 2.95199529e+000  2.95199560e+000 6.49437846e-001 6.49438199e-001  6.49438467e-001 8.96777276e+000 8.96777595e+000  8.96777835e+000 -2.03102867e-001 -2.03102760e-001  -2.03102670e-001 -8.49317809e+000 -8.49317777e+000  -8.49317751e+000
 1.36090772e+001 1.36090772e+001  1.36090772e+001 -1.73434167e+001 -1.73434167e+001  -1.73434167e+001 -5.07354369e+000 -5.07355824e+000  -5.07357338e+000 1.25498514e+000 1.25498514e+000  1.25498514e+000 -1.48045494e+000 -1.48053035e+000  -1.48059219e+000
 -8.31054171e+000 -8.31054169e+000  -8.31054167e+000 6.79907062e-001 6.79913297e-001  6.79914773e-001 -1.86043951e+000 -1.86043951e+000  -1.86043951e+000 1.95980060e+000 1.95986272e+000  1.95991310e+000 1.04161718e-001 1.04165269e-001  1.04167552e-001
 5.87605745e-002 5.87779739e-002  5.87916120e-002
 -2.22773936e+000 -2.22773936e+000  -2.22773936e+000 -1.35550287e+001 -1.35550287e+001  -1.35550287e+001 4.79230262e+000 4.79230262e+000  4.79230262e+000 -4.47929005e+000 -4.47929005e+000  -4.47929005e+000 -7.04196843e+000 -7.04196843e+000  -7.04196843e+000
 1.26598449e+000 1.26598449e+000  1.26598449e+000 -1.96917886e+001 -1.96917886e+001  -1.96917886e+001 -2.01534843e+001 -2.01534843e+001  -2.01534843e+001 4.24257277e+000 4.24257277e+000  4.24257277e+000 -1.01746267e+001 -1.01746267e+001  -1.01746267e+001
 3.32519691e+000 3.32519691e+000  3.32519691e+000 6.24532558e-001 6.24532558e-001  6.24532558e-001 4.14555540e+000 4.14555540e+000  4.14555540e+000 -6.77603478e+000 -6.77603478e+000  -6.77603478e+000 2.33604669e+000 2.33604669e+000  2.33604669e+000
 -2.50956627e-001 -2.50956627e-001  -2.50956627e-001
 2.14487401e+000 2.14487353e+000  2.14487233e+000 7.23932116e+000 7.23932116e+000  7.23932116e+000 -4.65017634e+000 -4.65017634e+000  -4.65017634e+000 -1.58654715e-002 -1.58654716e-002  -1.58654717e-002 6.82587812e-001 6.82587812e-001  6.82587812e-001
 -6.38983620e+000 -6.38983620e+000  -6.38983620e+000 1.67308524e+001 1.67308524e+001  1.67308523e+001 1.81367732e+001 1.81367732e+001  1.81367732e+001 -1.63411958e-001 -1.63411958e-001  -1.63411958e-001 -2.88081288e+000 -2.88081288e+000  -2.88081288e+000
 -7.28452083e+000 -7.28452083e+000  -7.28452083e+000 -4.98748386e+000 -4.98748386e+000  -4.98748386e+000 1.06529190e+001 1.06529188e+001  1.06529184e+001 3.02316830e+000 3.02316767e+000  3.02316609e+000 -3.57036928e+000 -3.57036928e+000  -3.57036928e+000
 3.92272410e-002 3.92270718e-002  3.92266486e-002
 -1.41619652e+000 -1.41619652e+000  -1.41619652e+000 1.25499811e+001 1.25499811e+001  1.25499811e+001 -7.89316784e+000 -7.89316784e+000  -7.89316784e+000 -1.60939758e+000 -1.60939758e+000  -1.60939758e+000 6.70966059e+000 6.70966059e+000  6.70966059e+000
 -1.36522281e-001 -1.36522281e-001  -1.36522281e-001 -3.30364991e+000 -3.30364991e+000  -3.30364991e+000 4.75060969e+000 4.75060969e+000  4.75060969e+000 -8.91582678e+000 -8.91582678e+000  -8.91582678e+000 3.47269618e+000 3.47269618e+000  3.47269618e+000
 2.44504000e+000 2.44504000e+000  2.44504000e+000 -1.35031292e+000 -1.35031292e+000  -1.35031292e+000 -7.97848663e+000 -7.97848663e+000  -7.97848663e+000 -3.79322664e+000 -3.79322664e+000  -3.79322664e+000 -1.08929918e+000 -1.08929918e+000  -1.08929918e+000
 -2.87991431e-001 -2.87991431e-001  -2.87991431e-001
 3.52172133e+000 3.52172133e+000  3.52172133e+000 -4.78753101e+000 -4.78753101e+000  -4.78753101e+000 -2.69793614e+000 -2.69793614e+000  -2.69793614e+000 -5.02648968e+000 -5.02648968e+000  -5.02648968e+000 1.69346123e+000 1.69346123e+000  1.69346123e+000
 -9.80459542e+000 -9.80459542e+000  -9.80459542e+000 1.63745652e+001 1.63745652e+001  1.63745652e+001 -1.21287890e-001 -1.21287890e-001  -1.21287890e-001 -3.23477198e-001 -3.23477198e-001  -3.23477198e-001 7.64757634e+000 7.64757634e+000  7.64757634e+000
 1.07588661e+001 1.07588661e+001  1.07588661e+001 9.27875558e-001 9.27875558e-001  9.27875558e-001 -2.91150695e+000 -2.91150695e+000  -2.91150695e+000 3.70169001e+000 3.70169001e+000  3.70169001e+000 2.38692241e+000 2.38692241e+000  2.38692241e+000
 -4.13559264e-002 -4.13559264e-002  -4.13559264e-002
 -2.16870209e+000 -2.16870170e+000  -2.16870138e+000 1.48857761e-002 1.48861292e-002  1.48863976e-002 -4.84581495e+000 -4.84581175e+000  -4.84580935e+000 -3.66259424e+000 -3.66259414e+000  -3.66259405e+000 4.91825427e+000 4.91825459e+000  4.91825485e+000
 3.33677665e+000 3.33677665e+000  3.33677666e+000 2.05686407e+001 2.05686407e+001  2.05686407e+001 2.67273207e+001 2.67273061e+001  2.67272910e+001 2.00439926e+000 2.00439926e+000  2.00439926e+000 1.31990853e+001 1.31990099e+001  1.31989480e+001
 2.35056839e+000 2.35056842e+000  2.35056843e+000 -5.48743761e-001 -5.48737526e-001  -5.48736050e-001 -7.13871341e+000 -7.13871341e+000  -7.13871341e+000 -4.77886975e+000 -4.77880763e+000  -4.77875725e+000 -1.68765731e+000 -1.68765376e+000  -1.68765148e+000
 -6.34169299e-001 -6.34151900e-001  -6.34138262e-001
 3.42360209e+000 3.42360209e+000  3.42360209e+000 6.71066107e+000 6.71066107e+000  6.71066107e+000 1.54297364e+000 1.54297364e+000  1.54297364e+000 -7.39529712e-001 -7.39529712e-001  -7.39529712e-001 -1.81789053e+000 -1.81789053e+000  -1.81789053e+000
 -7.48609723e+000 -7.48609723e+000  -7.48609723e+000 -3.29151976e+000 -3.29151976e+000  -3.29151976e+000 -1.60510143e+001 -1.60510143e+001  -1.60510143e+001 -3.02242214e+000 -3.02242214e+000  -3.02242214e+000 -2.75428482e+000 -2.75428482e+000  -2.75428482e+000
 9.74323624e+000 9.74323624e+000  9.74323624e+000 2.05940348e-002 2.05940348e-002  2.05940348e-002 -1.85471620e+000 -1.85471620e+000  -1.85471620e+000 2.71185737e+000 2.71185737e+000  2.71185737e+000 2.51112245e+000 2.51112245e+000  2.51112245e+000
 8.91289994e-002 8.91289994e-002  8.91289994e-002
 -2.44565078e+000 -2.44565078e+000  -2.44565078e+000 2.05096882e+000 2.05096882e+000  2.05096882e+000 -3.32692604e+000 -3.32692604e+000  -3.32692604e+000 4.24764392e+000 4.24764392e+000  4.24764392e+000 -2.62085044e+000 -2.62085044e+000  -2.62085044e+000
 4.68588976e+000 4.68588976e+000  4.68588976e+000 -1.81513363e+000 -1.81513363e+000  -1.81513363e+000 4.31634649e+000 4.31634649e+000  4.31634649e+000 1.07712695e+001 1.07712695e+001  1.07712695e+001 -8.29127847e+000 -8.29127847e+000  -8.29127847e+000
 1.08478016e+000 1.08478016e+000  1.08478016e+000 -2.53740166e+000 -2.53740166e+000  -2.53740166e+000 4.56299749e+000 4.56299749e+000  4.56299749e+000 -2.69733072e+000 -2.69733072e+000  -2.69733072e+000 -2.41990184e+000 -2.41990184e+000  -2.41990184e+000
 2.90334747e-001 2.90334747e-001  2.90334747e-001
 3.69564206e+000 3.69564206e+000  3.69564206e+000 -4.06180414e+000 -4.06180414e+000  -4.06180414e+000 1.20414247e+001 1.20414247e+001  1.20414247e+001 -5.96619214e+000 -5.96619214e+000  -5.96619214e+000 -5.81438071e+000 -5.81438071e+000  -5.81438071e+000
 1.09358494e+001 1.09358494e+001  1.09358494e+001 1.01492639e+000 1.01492639e+000  1.01492639e+000 -1.66811947e+001 -1.66811947e+001  -1.66811947e+001 -1.36405507e+001 -1.36405507e+001  -1.36405507e+001 7.05404081e-001 7.05404081e-001  7.05404081e-001
 -5.67852462e+000 -5.67852462e+000  -5.67852462e+000 3.87064712e+000 3.87064712e+000  3.87064712e+000 -8.12771875e+000 -8.12771875e+000  -8.12771875e+000 -7.19923750e-002 -7.19923750e-002  -7.19923750e-002 -3.15317900e-001 -3.15317900e-001  -3.15317900e-001
 6.01277390e-002 6.01277390e-002  6.01277390e-002
 -6.12435121e+000 -6.12435121e+000  -6.12435121e+000 -1.13685137e+001 -1.13685137e+001  -1.13685137e+001 3.07862249e-001 3.07862249e-001  3.07862249e-001 -9.92274972e-001 -9.92274972e-001  -9.92274972e-001 -1.12357299e+001 -1.12357299e+001  -1.12357299e+001
 -8.98535167e+000 -8.98535167e+000  -8.98535167e+000 2.30972061e+000 2.30972061e+000  2.30972061e+000 -1.38764575e+001 -1.38764575e+001  -1.38764575e+001 9.23504614e+000 9.23504614e+000  9.23504614e+000 -3.37681877e+000 -3.37681877e+000  -3.37681877e+000
 7.05769953e+000 7.05769953e+000  7.05769953e+000 -4.76434056e+000 -4.76434056e+000  -4.76434056e+000 9.06839620e+000 9.06839620e+000  9.06839620e+000 2.77140675e+000 2.77140675e+000  2.77140675e+000 6.37650093e-001 6.37650093e-001  6.37650093e-001
 9.65500080e-002 9.65500080e-002  9.65500080e-002
 1.64792806e+000 1.64792758e+000  1.64792638e+000 2.58082015e+000 2.58082015e+000  2.58082015e+000 5.33443611e-002 5.33443611e-002  5.33443611e-002 -8.36572265e+000 -8.36572265e+000  -8.36572265e+000 6.59558436e+000 6.59558436e+000  6.59558436e+000
 -8.40463035e+000 -8.40463035e+000  -8.40463035e+000 -1.78169978e+001 -1.78169978e+001  -1.78169979e+001 1.03416234e+001 1.03416234e+001  1.03416234e+001 -3.10150393e+000 -3.10150393e+000  -3.10150393e+000 -6.75669121e+000 -6.75669121e+000  -6.75669121e+000
 -3.27656495e+000 -3.27656495e+000  -3.27656496e+000 -1.01622163e+000 -1.01622163e+000  -1.01622163e+000 5.85613847e+000 5.85613830e+000  5.85613785e+000 1.99675431e+000 1.99675368e+000  1.99675209e+000 -1.69355626e+000 -1.69355626e+000  -1.69355626e+000
 -9.68248959e-002 -9.68250651e-002  -9.68254883e-002
 7.25597092e+000 7.25597092e+000  7.25597092e+000 6.54937275e+000 6.54937275e+000  6.54937275e+000 -6.80343291e+000 -6.80343291e+000  -6.80343291e+000 4.66558575e+000 4.66558575e+000  4.66558575e+000 4.11706329e+000 4.11706329e+000  4.11706329e+000
 5.12358408e+000 5.12358408e+000  5.12358408e+000 -7.47073561e+000 -7.47073561e+000  -7.47073561e+000 3.56520719e+000 3.56520719e+000  3.56520719e+000 -5.27820640e+000 -5.27820640e+000  -5.27820640e+000 4.80257731e+000 4.80257731e+000  4.80257731e+000
 -1.03471543e+001 -1.03471543e+001  -1.03471543e+001 8.69984855e-001 8.69984855e-001  8.69984855e-001 -3.18342493e-001 -3.18342493e-001  -3.18342493e-001 -1.81642810e+000 -1.81642810e+000  -1.81642810e+000 3.13512314e+000 3.13512314e+000  3.13512314e+000
 -2.87463467e-001 -2.87463467e-001  -2.87463467e-001
 -7.16885537e+000 -7.16885537e+000  -7.16885537e+000 -2.76634412e+000 -2.76634412e+000  -2.76634412e+000 -1.50887691e+000 -1.50887691e+000  -1.50887691e+000 -4.83365369e+000 -4.83365369e+000  -4.83365369e+000 5.98825601e+000 5.98825601e+000  5.98825601e+000
 -1.06298194e+001 -1.06298194e+001  -1.06298194e+001 3.34015458e+000 3.34015458e+000  3.34015458e+000 -3.72361321e-001 -3.72361321e-001  -3.72361321e-001 -3.12761947e+000 -3.12761947e+000  -3.12761947e+000 5.77975526e+000 5.77975526e+000  5.77975526e+000
 -4.01022727e+000 -4.01022727e+000  -4.01022727e+000 -6.67015358e+000 -6.67015358e+000  -6.67015358e+000 -2.26364948e+000 -2.26364948e+000  -2.26364948e+000 -3.00623074e+000 -3.00623074e+000  -3.00623074e+000 1.94869319e-001 1.94869319e-001  1.94869319e-001
 -1.69524317e-002 -1.69524317e-002  -1.69524317e-002
 -4.50913629e+000 -4.50913676e+000  -4.50913796e+000 -5.16139047e-001 -5.16139047e-001  -5.16139047e-001 -6.52756248e+000 -6.52756248e+000  -6.52756248e+000 -3.99450245e+000 -3.99450245e+000  -3.99450245e+000 -1.61250796e+000 -1.61250796e+000  -1.61250796e+000
 1.60070971e+000 1.60070971e+000  1.60070971e+000 3.67556179e-001 3.67556162e-001  3.67556119e-001 4.75753858e+000 4.75753858e+000  4.75753858e+000 4.93678348e+000 4.93678348e+000  4.93678348e+000 -3.23506274e+000 -3.23506274e+000  -3.23506274e+000
 1.73982184e+000 1.73982184e+000  1.73982184e+000 -4.61275970e-001 -4.61275971e-001  -4.61275972e-001 5.00267527e+000 5.00267510e+000  5.00267465e+000 -3.28620891e+000 -3.28620954e+000  -3.28621112e+000 -2.96289322e+000 -2.96289322e+000  -2.96289322e+000
 -3.86681055e-001 -3.86681224e-001  -3.86681648e-001
 3.32209303e+000 3.32209342e+000  3.32209374e+000 4.62172849e+000 4.62172884e+000  4.62172911e+000 5.99477290e-001 5.99480484e-001  5.99482886e-001 -2.86819248e+000 -2.86819237e+000  -2.86819228e+000 1.15935537e+000 1.15935569e+000  1.15935596e+000
 2.03361430e+000 2.03361430e+000  2.03361430e+000 -5.68690873e+000 -5.68690873e+000  -5.68690873e+000 -1.29272357e+001 -1.29272502e+001  -1.29272654e+001 -1.24112027e+001 -1.24112027e+001  -1.24112027e+001 -1.19518876e+001 -1.19519630e+001  -1.19520249e+001
 -5.39962169e+000 -5.39962166e+000  -5.39962165e+000 4.00045821e+000 4.00046445e+000  4.00046592e+000 -2.03455289e+000 -2.03455289e+000  -2.03455289e+000 3.65912220e+000 3.65918433e+000  3.65923470e+000 -6.61986197e-001 -6.61982647e-001  -6.61980364e-001
 -6.97368293e-002 -6.97194299e-002  -6.97057918e-002
 6.59791241e+000 6.59791241e+000  6.59791241e+000 -1.50803650e+000 -1.50803650e+000  -1.50803650e+000 5.01341048e+000 5.01341048e+000  5.01341048e+000 -3.83976278e+000 -3.83976278e+000  -3.83976278e+000 -5.29943863e+000 -5.29943863e+000  -5.29943863e+000
 -4.32821288e+000 -4.32821288e+000  -4.32821288e+000 -1.08692399e+000 -1.08692399e+000  -1.08692399e+000 6.60108290e+000 6.60108290e+000  6.60108290e+000 4.52673775e+000 4.52673775e+000  4.52673775e+000 1.27939626e+001 1.27939626e+001  1.27939626e+001
 4.59384027e+000 4.59384027e+000  4.59384027e+000 -7.64466384e+000 -7.64466384e+000  -7.64466384e+000 -9.20081069e-001 -9.20081069e-001  -9.20081069e-001 -2.25751581e+000 -2.25751581e+000  -2.25751581e+000 3.79234178e+000 3.79234178e+000  3.79234178e+000
 -2.58982845e-002 -2.58982845e-002  -2.58982845e-002
 -1.47541315e+001 -1.47541316e+001  -1.47541320e+001 1.58649371e+001 1.58649371e+001  1.58649371e+001 -1.26229066e+001 -1.26229066e+001  -1.26229066e+001 7.64831747e+000 7.64831747e+000  7.64831747e+000 7.46482582e+001 7.46482582e+001  7.46482582e+001
 -3.13255146e+001 -3.13255146e+001  -3.13255146e+001 2.51511322e+001 2.51511322e+001  2.51511322e+001 1.25698766e+000 1.25698758e+000  1.25698750e+000 -4.68360155e+001 -4.68360155e+001  -4.68360155e+001 -1.58583018e+001 -1.58583022e+001  -1.58583025e+001
 -2.60091339e+000 -2.60091339e+000  -2.60091340e+000 -5.10661216e+000 -5.10661213e+000  -5.10661212e+000 1.50699182e+001 1.50699181e+001  1.50699180e+001 -8.06554498e-001 -8.06554358e-001  -8.06554567e-001 -2.36502840e-001 -2.36502821e-001  -2.36502809e-001
 -8.67794255e-002 -8.67793841e-002  -8.67794389e-002
 2.69575946e-001 2.69575882e-001  2.69575474e-001 -8.17655381e-002 -8.17654127e-002  -8.17653260e-002 -5.64357311e-001 -5.64356177e-001  -5.64355403e-001 3.63586849e-001 3.63586888e-001  3.63586919e-001 -2.76431299e-001 -2.76431183e-001  -2.76431095e-001
 2.53207679e+000 2.53207679e+000  2.53207679e+000 3.42215663e+000 3.42215662e+000  3.42215660e+000 2.19727198e+001 2.19727145e+001  2.19727092e+001 6.70833176e-001 6.70833177e-001  6.70833177e-001 -8.88912781e-002 -8.89183787e-002  -8.89393491e-002
 -9.78107903e-001 -9.78107895e-001  -9.78107890e-001 -2.11713965e+000 -2.11713763e+000  -2.11713779e+000 8.92738145e+000 8.92738137e+000  8.92738118e+000 -1.00520636e+000 -1.00518437e+000  -1.00516816e+000 7.46274720e-001 7.46275956e-001  7.46276612e-001
 -1.46172050e-001 -1.46165917e-001  -1.46161610e-001
 -1.25053353e+000 -1.25053360e+000  -1.25053423e+000 -4.74665033e-002 -4.74662605e-002  -4.74660709e-002 7.97897519e-001 7.97899716e-001  7.97901415e-001 5.85724383e+000 5.85724391e+000  5.85724397e+000 4.54398755e-001 4.54398977e-001  4.54399159e-001
 -5.07310334e+000 -5.07310334e+000  -5.07310333e+000 -7.07837384e+000 -7.07837385e+000  -7.07837388e+000 -1.06002421e+001 -1.06002519e+001  -1.06002622e+001 -1.71225800e+000 -1.71225800e+000  -1.71225800e+000 2.16276518e+000 2.16271370e+000  2.16267110e+000
 1.89975881e+000 1.89975882e+000  1.89975884e+000 4.94745018e+000 4.94745471e+000  4.94745645e+000 -2.32221883e+001 -2.32221884e+001  -2.32221887e+001 9.93412070e-001 9.93454102e-001  9.93487886e-001 -2.29541227e+000 -2.29540980e+000  -2.29540809e+000
 -5.31062448e-002 -5.30944333e-002  -5.30851911e-002
 -4.31934424e-001 -4.31934488e-001  -4.31935027e-001 1.46874148e+000 1.46874168e+000  1.46874184e+000 5.15474490e-001 5.15476335e-001  5.15477776e-001 6.82049206e+000 6.82049212e+000  6.82049217e+000 1.39230974e+000 1.39230992e+000  1.39231008e+000
 -1.46592054e+000 -1.46592054e+000  -1.46592054e+000 -1.07686536e+001 -1.07686536e+001  -1.07686537e+001 -1.22682369e+001 -1.22682452e+001  -1.22682537e+001 -2.27779735e-001 -2.27779735e-001  -2.27779734e-001 3.33784756e+000 3.33780444e+000  3.33776864e+000
 2.06063653e+000 2.06063654e+000  2.06063655e+000 9.28118768e+000 9.28119156e+000  9.28119323e+000 -2.92082532e+001 -2.92082533e+001  -2.92082536e+001 2.85971981e+000 2.85975504e+000  2.85978348e+000 -3.58897303e+000 -3.58897095e+000  -3.58896948e+000
 -2.31332120e-002 -2.31233028e-002  -2.31154936e-002
 1.10718836e+000 1.10718836e+000  1.10718836e+000 1.45900988e+000 1.45900988e+000  1.45900988e+000 -2.29469982e+000 -2.29469982e+000  -2.29469982e+000 -5.67926515e+000 -5.67926515e+000  -5.67926515e+000 -2.28016306e+000 -2.28016306e+000  -2.28016306e+000
 3.68350825e+000 3.68350825e+000  3.68350825e+000 -8.72960114e+000 -8.72960114e+000  -8.72960114e+000 -2.68484962e+000 -2.68484962e+000  -2.68484962e+000 -5.40308469e-001 -5.40308469e-001  -5.40308469e-001 -2.27773171e+000 -2.27773171e+000  -2.27773171e+000
 -2.00852935e-001 -2.00852935e-001  -2.00852935e-001 3.98344898e+000 3.98344898e+000  3.98344898e+000 -5.21396939e+000 -5.21396939e+000  -5.21396939e+000 1.76941302e+000 1.76941302e+000  1.76941302e+000 -2.49477748e+000 -2.49477748e+000  -2.49477748e+000
 -9.62765415e-002 -9.62765415e-002  -9.62765415e-002
 1.52881801e+000 1.52881801e+000  1.52881801e+000 6.06461404e-001 6.06461404e-001  6.06461404e-001 -1.95423185e+000 -1.95423185e+000  -1.95423185e+000 -1.66589571e+000 -1.66589571e+000  -1.66589571e+000 -1.58087634e+000 -1.58087634e+000  -1.58087634e+000
 2.92493920e+000 2.92493920e+000  2.92493920e+000 -3.35168210e+000 -3.35168210e+000  -3.35168210e+000 -1.95340576e+000 -1.95340576e+000  -1.95340576e+000 -5.57608224e-001 -5.57608224e-001  -5.57608224e-001 -3.63350106e-001 -3.63350106e-001  -3.63350106e-001
 5.70384401e-001 5.70384401e-001  5.70384401e-001 2.33913264e+000 2.33913264e+000  2.33913264e+000 1.14045927e+000 1.14045927e+000  1.14045927e+000 1.34391152e+000 1.34391152e+000  1.34391152e+000 9.71216219e-001 9.71216219e-001  9.71216219e-001
 -4.82987915e-002 -4.82987915e-002  -4.82987915e-002
 1.20012860e+000 1.20012860e+000  1.20012860e+000 2.21234873e-001 2.21234873e-001  2.21234873e-001 1.51176694e+000 1.51176694e+000  1.51176694e+000 -1.89194137e+000 -1.89194137e+000  -1.89194137e+000 -1.15068807e+000 -1.15068807e+000  -1.15068807e+000
 -3.93951519e+000 -3.93951519e+000  -3.93951519e+000 2.26610805e+000 2.26610805e+000  2.26610805e+000 1.12090104e+000 1.12090104e+000  1.12090104e+000 -1.23667248e+000 -1.23667248e+000  -1.23667248e+000 -1.85883013e-001 -1.85883013e-001  -1.85883013e-001
 3.74062400e-001 3.74062400e-001  3.74062400e-001 -5.00123911e+000 -5.00123911e+000  -5.00123911e+000 2.71440156e+000 2.71440156e+000  2.71440156e+000 -2.51657279e+000 -2.51657279e+000  -2.51657279e+000 7.48842447e-001 7.48842447e-001  7.48842447e-001
 -1.66137893e-001 -1.66137893e-001  -1.66137893e-001
 1.23041053e+000 1.23041045e+000  1.23040957e+000 -6.07967002e-002 -6.07963471e-002  -6.07960787e-002 1.42352668e+000 1.42352988e+000  1.42353228e+000 -1.89163867e+000 -1.89163856e+000  -1.89163847e+000 -1.19446679e+000 -1.19446647e+000  -1.19446621e+000
 -3.84374401e+000 -3.84374401e+000  -3.84374400e+000 2.90065592e+000 2.90065590e+000  2.90065586e+000 1.41317759e+000 1.41316304e+000  1.41314790e+000 -1.17597475e+000 -1.17597475e+000  -1.17597475e+000 -1.56225219e-001 -1.56300635e-001  -1.56362476e-001
 1.90446560e-001 1.90446581e-001  1.90446597e-001 -5.42682410e+000 -5.42681787e+000  -5.42681639e+000 3.40714987e+000 3.40714969e+000  3.40714925e+000 -2.48135427e+000 -2.48129278e+000  -2.48124399e+000 9.42181181e-001 9.42184731e-001  9.42187015e-001
 -1.71602943e-001 -1.71585713e-001  -1.71572498e-001
 -2.79019350e+000 -2.79037909e+000 -2.79052394e+000
 -2.75382735e+000 -2.75401147e+000 -2.75415264e+000
 -2.66406062e+000 -2.66424534e+000 -2.66438988e+000
 -2.80870974e+000 -2.80870977e+000 -2.80870981e+000
 -3.78884384e+000 -3.78884225e+000 -3.78883813e+000
 -1.53972418e+000 -1.53991011e+000 -1.54005556e+000
 -9.23824850e-001 -9.23824832e-001 -9.23824785e-001
 2.68394794e+000 2.68376927e+000 2.68363383e+000
 -4.58023459e+000 -4.58023459e+000 -4.58023459e+000
 2.99552028e+000 2.99549035e+000 2.99546571e+000
 -2.23567959e+000 -2.23567960e+000 -2.23567961e+000
 -1.18495217e+000 -1.18513322e+000 -1.18527887e+000
 -1.23223920e+000 -1.23223768e+000 -1.23223389e+000
 -1.51538597e+000 -1.51544569e+000 -1.51549347e+000
 -1.52907150e+000 -1.52907385e+000 -1.52907535e+000
 -5.28299507e-001 -5.28341838e-001 -5.28374289e-001
