    8      9     50      1  9723   4855 
    0.700      0.400   20000  100      0.000      0.000    100     16 
    0.990 	     0.010 
   2 
    1.9875e+000   0.0000e+000  
  5.7000e+001  -8.0000e+000  
  4.4837e+000   0.0000e+000  
  1.8824e+002   1.7539e+002  
  1.0000e+000   0.0000e+000  
  1.0000e+000   0.0000e+000  
  1.0000e+000   0.0000e+000  
  1.0000e+000   0.0000e+000  
   2.6556e+002   0.0000e+000  
  itr    nh   avger[]   r2avg    mare[] 
100  16 1.162e+002   3.325e-001  1.000e+001 7.039e+002 
100  16 1.346e+002   6.678e-004  1.000e+003 9.120e+002 
   1  3.3248e-001   7.0392e+002   4.9641e+007   1.1624e+000 
  4.7889e+001   6.9856e-001 
   1  6.6781e-004   9.1196e+002   6.4312e+007   1.3465e+000 
  1.6358e+001   3.2555e-002 
