 -3.4632e+000  1.6218e+001  3.2425e+001 -3.4976e+001 -1.7320e+001
 -1.8440e+001  5.1809e+000 -1.3306e+001 -4.4921e+000 -1.8232e+001
 -8.6857e+000 -7.3457e+000 -4.7877e+000 -7.3926e+000  9.6538e+000
  7.3022e-001
 -1.1462e+001
 2.82801208e+001 2.82801208e+001  2.82801208e+001 2.76424638e+001 2.76424638e+001  2.76424638e+001 -4.28689174e-001 -4.28689174e-001  -4.28689174e-001 1.70196529e+001 1.70196529e+001  1.70196529e+001 9.42343662e+000 9.42343662e+000  9.42343662e+000
 3.03845370e+001 3.03845370e+001  3.03845370e+001 1.06268683e+001 1.06268683e+001  1.06268683e+001 -1.32698446e+001 -1.32698446e+001  -1.32698446e+001 4.08599838e+001 4.08599838e+001  4.08599838e+001 -1.00879973e+001 -1.00879973e+001  -1.00879973e+001
 7.76082919e+001 7.76082919e+001  7.76082919e+001 7.52315188e+001 7.52315188e+001  7.52315188e+001 3.50824150e+001 3.50824150e+001  3.50824150e+001 3.25024015e-001 3.25024015e-001  3.25024015e-001 -5.85607574e+000 -5.85607574e+000  -5.85607574e+000
 5.56704837e-001 5.56704837e-001  5.56704837e-001
 -6.78786046e+000 -6.78786046e+000  -6.78786046e+000 1.12723394e+001 1.12723394e+001  1.12723394e+001 3.68724907e+000 3.68724907e+000  3.68724908e+000 3.61632116e+001 3.61632116e+001  3.61632116e+001 2.60100164e+001 2.60100176e+001  2.60100192e+001
 6.38902483e+000 6.38902483e+000  6.38902483e+000 -2.52041934e+000 -2.52041938e+000  -2.52041944e+000 -8.34003744e+000 -8.34003744e+000  -8.34003744e+000 -2.13252987e+000 -2.13252968e+000  -2.13252938e+000 1.61900563e+001 1.61900563e+001  1.61900563e+001
 -6.47152377e+000 -6.47152377e+000  -6.47152377e+000 3.42301276e+000 3.42301276e+000  3.42301276e+000 4.80673509e+000 4.80670317e+000  4.80665583e+000 1.46631585e+001 1.46631471e+001  1.46631314e+001 6.54737218e+000 6.54737211e+000  6.54737200e+000
 -6.05850637e+000 -6.05854810e+000  -6.05861311e+000
 -6.17810994e+000 -6.17810994e+000  -6.17810994e+000 -2.34017844e+001 -2.34017844e+001  -2.34017844e+001 -4.40434334e+001 -4.40434334e+001  -4.40434334e+001 1.45539908e+001 1.45539908e+001  1.45539908e+001 3.92918495e+000 3.92918597e+000  3.92918727e+000
 4.01050336e+000 4.01050336e+000  4.01050336e+000 -3.69282660e+000 -3.69282663e+000  -3.69282668e+000 8.55315518e+000 8.55315518e+000  8.55315518e+000 -1.90140448e+000 -1.90140432e+000  -1.90140408e+000 1.05304583e+001 1.05304583e+001  1.05304583e+001
 5.76462266e-001 5.76462266e-001  5.76462266e-001 -4.83803552e+000 -4.83803552e+000  -4.83803552e+000 -4.91482385e+000 -4.91485016e+000  -4.91488951e+000 1.90653834e+000 1.90652895e+000  1.90651585e+000 -1.04721471e+001 -1.04721472e+001  -1.04721473e+001
 -4.62383337e-001 -4.62417751e-001  -4.62471790e-001
 -6.73797134e+000 -6.73797134e+000  -6.73797134e+000 -2.94636715e+001 -2.94636715e+001  -2.94636715e+001 -3.93454465e+001 -3.93454465e+001  -3.93454465e+001 1.88544358e+001 1.88544358e+001  1.88544358e+001 3.53586229e+000 3.53586305e+000  3.53586402e+000
 5.95093140e+000 5.95093140e+000  5.95093140e+000 -7.08958312e+000 -7.08958315e+000  -7.08958318e+000 1.28375418e+001 1.28375418e+001  1.28375418e+001 -3.34012073e+000 -3.34012062e+000  -3.34012044e+000 1.20664158e+001 1.20664158e+001  1.20664158e+001
 -2.44385451e-001 -2.44385451e-001  -2.44385451e-001 -1.54762881e+000 -1.54762881e+000  -1.54762881e+000 -5.19026149e+000 -5.19028113e+000  -5.19031050e+000 5.01338052e+000 5.01337351e+000  5.01336374e+000 -1.20393354e+001 -1.20393355e+001  -1.20393355e+001
 -9.40236916e-001 -9.40262608e-001  -9.40302936e-001
 -5.36698561e+000 -5.36698561e+000  -5.36698561e+000 1.11090530e+001 1.11090530e+001  1.11090530e+001 2.02456227e+001 2.02456227e+001  2.02456227e+001 -1.60374634e+001 -1.60374634e+001  -1.60374634e+001 -1.32422858e+001 -1.32422858e+001  -1.32422858e+001
 -6.53261078e+000 -6.53261078e+000  -6.53261078e+000 -6.31704098e+000 -6.31704098e+000  -6.31704098e+000 -6.13965952e+000 -6.13965952e+000  -6.13965952e+000 -9.20576217e+000 -9.20576217e+000  -9.20576217e+000 -9.23160193e+000 -9.23160193e+000  -9.23160193e+000
 -1.83238523e+001 -1.83238523e+001  -1.83238523e+001 1.11066810e+001 1.11066810e+001  1.11066810e+001 1.20601514e+001 1.20601514e+001  1.20601514e+001 4.68942008e+000 4.68942008e+000  4.68942008e+000 3.17504309e+000 3.17504309e+000  3.17504309e+000
 -5.45346575e-001 -5.45346575e-001  -5.45346575e-001
 7.97272560e+000 7.97272560e+000  7.97272560e+000 -1.81277503e+001 -1.81277503e+001  -1.81277503e+001 2.31833335e+001 2.31833335e+001  2.31833335e+001 -1.70098660e+000 -1.70098660e+000  -1.70098660e+000 -2.92783189e+000 -2.92783189e+000  -2.92783189e+000
 -7.60117414e+000 -7.60117414e+000  -7.60117414e+000 -2.34241522e+000 -2.34241522e+000  -2.34241522e+000 8.88307445e-001 8.88307445e-001  8.88307445e-001 -7.38625714e+000 -7.38625714e+000  -7.38625714e+000 -1.69283429e+000 -1.69283429e+000  -1.69283429e+000
 1.90712884e+001 1.90712884e+001  1.90712884e+001 -8.74444995e+000 -8.74444995e+000  -8.74444995e+000 -1.79292357e+001 -1.79292357e+001  -1.79292357e+001 -2.48431983e+000 -2.48431983e+000  -2.48431983e+000 3.59770668e+000 3.59770668e+000  3.59770668e+000
 3.74302797e-001 3.74302797e-001  3.74302797e-001
 -2.30930017e+000 -2.30930017e+000  -2.30930017e+000 2.07897618e+001 2.07897618e+001  2.07897618e+001 -7.58082795e+000 -7.58082794e+000  -7.58082793e+000 -2.78737055e+001 -2.78737055e+001  -2.78737055e+001 -9.03279169e+000 -9.03278980e+000  -9.03278737e+000
 -1.23995249e+001 -1.23995249e+001  -1.23995249e+001 1.14725367e+001 1.14725366e+001  1.14725365e+001 -1.32040833e+001 -1.32040833e+001  -1.32040833e+001 -1.21662972e+000 -1.21662942e+000  -1.21662897e+000 -1.34868081e+001 -1.34868081e+001  -1.34868081e+001
 -1.01618904e+001 -1.01618904e+001  -1.01618904e+001 -8.39341633e+000 -8.39341633e+000  -8.39341633e+000 4.50247987e+000 4.50243093e+000  4.50235766e+000 -8.24705609e+000 -8.24707355e+000  -8.24709793e+000 6.51468859e+000 6.51468849e+000  6.51468832e+000
 1.38803744e+000 1.38797342e+000  1.38787281e+000
 4.66666667e-001 4.66666667e-001  4.66666667e-001 5.33333333e-001 5.33333333e-001  5.33333333e-001 6.00000000e-001 6.00000000e-001  6.00000000e-001 6.66666667e-001 6.66666667e-001  6.66666667e-001 7.33333333e-001 7.33333333e-001  7.33333333e-001
 8.00000000e-001 8.00000000e-001  8.00000000e-001 8.66666667e-001 8.66666667e-001  8.66666667e-001 9.33333333e-001 9.33333333e-001  9.33333333e-001 1.00000000e+000 1.00000000e+000  1.00000000e+000 0.00000000e+000 0.00000000e+000  0.00000000e+000
 0.00000000e+000 0.00000000e+000  0.00000000e+000 0.00000000e+000 0.00000000e+000  0.00000000e+000 0.00000000e+000 0.00000000e+000  0.00000000e+000 0.00000000e+000 0.00000000e+000  0.00000000e+000 0.00000000e+000 0.00000000e+000  0.00000000e+000
 0.00000000e+000 0.00000000e+000  0.00000000e+000
 -9.48045231e+000 -9.48045231e+000 -9.48045231e+000
 -3.41092665e+000 -3.41117668e+000 -3.41155784e+000
 -7.19201523e+000 -7.19201523e+000 -7.19201524e+000
 1.82942021e+000 1.82942021e+000 1.82942021e+000
 -2.62404993e+000 -2.62405066e+000 -2.62405158e+000
 1.36426192e+001 1.36426192e+001 1.36426192e+001
 6.08067574e+000 6.08042573e+000 6.08004458e+000
 8.45488450e+000 8.45488450e+000 8.45488450e+000
 -1.50585557e+001 -1.50585558e+001 -1.50585558e+001
 -2.42922226e+000 -2.42922226e+000 -2.42922227e+000
 6.54886334e+000 6.54886334e+000 6.54886334e+000
 7.50000425e+000 7.50000425e+000 7.50000425e+000
 1.69855367e+000 1.69852043e+000 1.69847084e+000
 1.59599367e+000 1.59598220e+000 1.59596626e+000
 9.05277130e+000 9.05252128e+000 9.05214014e+000
 3.52653028e+000 3.52651057e+000 3.52647951e+000
