 Normalized SSE per output and pattern 
Itr 	 HN 	 MARE-tr 	 MARE-ts 	 R2tr 	 R2ts 	 SSENtr 	 SSENts	 SSENcomb
100 	 12 	       40.680 	       39.525 	   0.86966 	   0.86885 	    0.014887 	     0.014942 	     0.029829 
200 	 12 	       38.265 	       37.047 	   0.88249 	   0.88180 	    0.013818 	     0.013849 	     0.027667 
300 	 12 	       32.839 	       31.634 	   0.89456 	   0.89405 	    0.010848 	     0.010865 	     0.021712 
400 	 12 	       29.731 	       28.395 	   0.89361 	   0.89366 	    0.008630 	     0.008612 	     0.017242 
500 	 12 	       34.646 	       33.190 	   0.88844 	   0.88881 	    0.010600 	     0.010557 	     0.021157 
600 	 12 	       32.664 	       31.335 	   0.88183 	   0.88197 	    0.010889 	     0.010863 	     0.021752 
700 	 12 	       33.856 	       32.664 	   0.87716 	   0.87710 	    0.011707 	     0.011696 	     0.023403 
800 	 12 	       35.791 	       34.579 	   0.87918 	   0.87916 	    0.012121 	     0.012111 	     0.024232 
900 	 12 	       35.082 	       33.838 	   0.88747 	   0.88746 	    0.011714 	     0.011709 	     0.023423 
1000 	 12 	       31.345 	       30.097 	   0.89819 	   0.89822 	    0.009650 	     0.009643 	     0.019294 
1100 	 12 	       27.402 	       26.278 	   0.90741 	   0.90753 	    0.007982 	     0.007966 	     0.015948 
1200 	 12 	       26.899 	       25.830 	   0.90865 	   0.90864 	    0.007672 	     0.007665 	     0.015338 
1300 	 12 	       26.268 	       25.180 	   0.91321 	   0.91313 	    0.007148 	     0.007147 	     0.014295 
1400 	 12 	       25.090 	       24.013 	   0.91900 	   0.91897 	    0.006437 	     0.006432 	     0.012869 
1500 	 12 	       24.162 	       23.163 	   0.92145 	   0.92146 	    0.006076 	     0.006068 	     0.012144 
1600 	 12 	       23.684 	       22.737 	   0.92289 	   0.92291 	    0.005866 	     0.005858 	     0.011724 
1700 	 12 	       23.370 	       22.460 	   0.92421 	   0.92423 	    0.005707 	     0.005699 	     0.011406 
1800 	 12 	       23.104 	       22.256 	   0.92567 	   0.92569 	    0.005555 	     0.005546 	     0.011101 
1900 	 12 	       22.929 	       22.143 	   0.92724 	   0.92726 	    0.005409 	     0.005401 	     0.010811 
2000 	 12 	       23.003 	       22.233 	   0.92958 	   0.92958 	    0.005369 	     0.005364 	     0.010733 
2100 	 12 	       22.714 	       21.981 	   0.93486 	   0.93486 	    0.005046 	     0.005041 	     0.010087 
2200 	 12 	       22.505 	       21.778 	   0.93613 	   0.93614 	    0.004911 	     0.004906 	     0.009817 
2300 	 12 	       22.275 	       21.548 	   0.93707 	   0.93707 	    0.004792 	     0.004786 	     0.009578 
2400 	 12 	       22.076 	       21.350 	   0.93763 	   0.93764 	    0.004713 	     0.004707 	     0.009419 
2500 	 12 	       21.887 	       21.185 	   0.93799 	   0.93799 	    0.004664 	     0.004658 	     0.009322 
2600 	 12 	       21.696 	       21.017 	   0.93843 	   0.93841 	    0.004617 	     0.004612 	     0.009229 
2700 	 12 	       21.499 	       20.828 	   0.93912 	   0.93910 	    0.004553 	     0.004549 	     0.009102 
2800 	 12 	       21.295 	       20.617 	   0.94005 	   0.94002 	    0.004469 	     0.004466 	     0.008935 
2900 	 12 	       21.101 	       20.415 	   0.94105 	   0.94101 	    0.004377 	     0.004374 	     0.008752 
3000 	 12 	       21.111 	       20.437 	   0.94239 	   0.94234 	    0.004362 	     0.004361 	     0.008723 
3100 	 12 	       20.962 	       20.313 	   0.94531 	   0.94528 	    0.004216 	     0.004213 	     0.008429 
3200 	 12 	       20.975 	       20.335 	   0.94589 	   0.94587 	    0.004204 	     0.004200 	     0.008403 
3300 	 12 	       21.005 	       20.366 	   0.94639 	   0.94638 	    0.004194 	     0.004189 	     0.008383 
3400 	 12 	       21.050 	       20.400 	   0.94684 	   0.94684 	    0.004188 	     0.004183 	     0.008371 
3500 	 12 	       21.096 	       20.432 	   0.94723 	   0.94724 	    0.004187 	     0.004181 	     0.008368 
3600 	 12 	       21.135 	       20.458 	   0.94757 	   0.94759 	    0.004190 	     0.004184 	     0.008374 
3700 	 12 	       21.163 	       20.466 	   0.94786 	   0.94788 	    0.004197 	     0.004191 	     0.008389 
3800 	 12 	       21.183 	       20.461 	   0.94809 	   0.94812 	    0.004209 	     0.004202 	     0.008411 
3900 	 12 	       21.204 	       20.448 	   0.94828 	   0.94831 	    0.004223 	     0.004216 	     0.008439 
4000 	 12 	       21.486 	       20.691 	   0.94890 	   0.94893 	    0.004335 	     0.004328 	     0.008663 
4100 	 12 	       21.391 	       20.581 	   0.95040 	   0.95045 	    0.004275 	     0.004266 	     0.008541 
4200 	 12 	       21.459 	       20.630 	   0.95055 	   0.95061 	    0.004292 	     0.004283 	     0.008575 
4300 	 12 	       21.505 	       20.651 	   0.95067 	   0.95073 	    0.004295 	     0.004286 	     0.008581 
4400 	 12 	       21.545 	       20.662 	   0.95078 	   0.95085 	    0.004289 	     0.004280 	     0.008569 
4500 	 12 	       21.566 	       20.657 	   0.95090 	   0.95097 	    0.004274 	     0.004265 	     0.008539 
4600 	 12 	       21.567 	       20.632 	   0.95101 	   0.95108 	    0.004251 	     0.004241 	     0.008492 
4700 	 12 	       21.535 	       20.588 	   0.95113 	   0.95120 	    0.004220 	     0.004210 	     0.008431 
4800 	 12 	       21.469 	       20.523 	   0.95127 	   0.95134 	    0.004182 	     0.004173 	     0.008355 
4900 	 12 	       21.379 	       20.437 	   0.95142 	   0.95149 	    0.004138 	     0.004128 	     0.008266 
5000 	 12 	       21.483 	       20.543 	   0.95203 	   0.95210 	    0.004162 	     0.004153 	     0.008315 
5100 	 12 	       21.108 	       20.164 	   0.95303 	   0.95311 	    0.004022 	     0.004012 	     0.008035 
5200 	 12 	       20.947 	       20.002 	   0.95334 	   0.95343 	    0.003943 	     0.003933 	     0.007876 
5300 	 12 	       20.757 	       19.815 	   0.95368 	   0.95377 	    0.003858 	     0.003846 	     0.007704 
5400 	 12 	       20.566 	       19.626 	   0.95402 	   0.95411 	    0.003777 	     0.003765 	     0.007542 
5500 	 12 	       20.392 	       19.452 	   0.95431 	   0.95441 	    0.003709 	     0.003697 	     0.007406 
5600 	 12 	       20.248 	       19.302 	   0.95457 	   0.95467 	    0.003655 	     0.003642 	     0.007297 
5700 	 12 	       20.132 	       19.178 	   0.95479 	   0.95491 	    0.003612 	     0.003598 	     0.007210 
5800 	 12 	       20.039 	       19.076 	   0.95499 	   0.95512 	    0.003577 	     0.003563 	     0.007139 
5900 	 12 	       19.960 	       18.988 	   0.95518 	   0.95531 	    0.003548 	     0.003533 	     0.007081 
6000 	 12 	       20.066 	       19.085 	   0.95572 	   0.95585 	    0.003570 	     0.003557 	     0.007127 
6100 	 12 	       19.783 	       18.799 	   0.95641 	   0.95655 	    0.003477 	     0.003462 	     0.006938 
6200 	 12 	       19.741 	       18.752 	   0.95655 	   0.95670 	    0.003455 	     0.003440 	     0.006895 
6300 	 12 	       19.710 	       18.721 	   0.95666 	   0.95682 	    0.003440 	     0.003425 	     0.006865 
6400 	 12 	       19.689 	       18.706 	   0.95674 	   0.95690 	    0.003430 	     0.003415 	     0.006845 
6500 	 12 	       19.667 	       18.692 	   0.95679 	   0.95695 	    0.003424 	     0.003408 	     0.006832 
6600 	 12 	       19.647 	       18.678 	   0.95683 	   0.95699 	    0.003418 	     0.003402 	     0.006820 
6700 	 12 	       19.629 	       18.663 	   0.95689 	   0.95705 	    0.003412 	     0.003396 	     0.006808 
6800 	 12 	       19.614 	       18.654 	   0.95696 	   0.95712 	    0.003407 	     0.003391 	     0.006798 
6900 	 12 	       19.598 	       18.644 	   0.95704 	   0.95720 	    0.003402 	     0.003386 	     0.006789 
7000 	 12 	       19.709 	       18.769 	   0.95741 	   0.95757 	    0.003435 	     0.003421 	     0.006856 
7100 	 12 	       19.484 	       18.565 	   0.95789 	   0.95806 	    0.003373 	     0.003357 	     0.006730 
7200 	 12 	       19.455 	       18.550 	   0.95795 	   0.95812 	    0.003370 	     0.003354 	     0.006724 
7300 	 12 	       19.422 	       18.531 	   0.95801 	   0.95818 	    0.003367 	     0.003351 	     0.006718 
7400 	 12 	       19.388 	       18.505 	   0.95810 	   0.95828 	    0.003361 	     0.003345 	     0.006706 
7500 	 12 	       19.342 	       18.468 	   0.95824 	   0.95842 	    0.003350 	     0.003334 	     0.006684 
7600 	 12 	       19.286 	       18.413 	   0.95845 	   0.95863 	    0.003332 	     0.003315 	     0.006646 
7700 	 12 	       19.220 	       18.342 	   0.95873 	   0.95892 	    0.003304 	     0.003286 	     0.006590 
7800 	 12 	       19.148 	       18.264 	   0.95905 	   0.95924 	    0.003271 	     0.003253 	     0.006524 
7900 	 12 	       19.091 	       18.198 	   0.95934 	   0.95954 	    0.003243 	     0.003224 	     0.006467 
8000 	 12 	       19.121 	       18.228 	   0.95979 	   0.95999 	    0.003246 	     0.003227 	     0.006472 
8100 	 12 	       18.965 	       18.075 	   0.96040 	   0.96062 	    0.003184 	     0.003164 	     0.006348 
8200 	 12 	       18.959 	       18.080 	   0.96054 	   0.96077 	    0.003182 	     0.003161 	     0.006343 
8300 	 12 	       18.953 	       18.084 	   0.96064 	   0.96088 	    0.003184 	     0.003163 	     0.006347 
8400 	 12 	       18.947 	       18.088 	   0.96071 	   0.96095 	    0.003189 	     0.003167 	     0.006356 
8500 	 12 	       18.942 	       18.091 	   0.96076 	   0.96100 	    0.003195 	     0.003173 	     0.006368 
8600 	 12 	       18.938 	       18.093 	   0.96079 	   0.96103 	    0.003201 	     0.003179 	     0.006380 
8700 	 12 	       18.935 	       18.095 	   0.96081 	   0.96105 	    0.003208 	     0.003186 	     0.006394 
8800 	 12 	       18.932 	       18.095 	   0.96082 	   0.96107 	    0.003215 	     0.003192 	     0.006407 
8900 	 12 	       18.928 	       18.096 	   0.96083 	   0.96108 	    0.003221 	     0.003198 	     0.006419 
9000 	 12 	       18.962 	       18.132 	   0.96101 	   0.96125 	    0.003240 	     0.003218 	     0.006459 
9100 	 12 	       18.854 	       18.022 	   0.96136 	   0.96161 	    0.003201 	     0.003179 	     0.006380 
9200 	 12 	       18.857 	       18.029 	   0.96139 	   0.96165 	    0.003205 	     0.003182 	     0.006387 
9300 	 12 	       18.858 	       18.032 	   0.96141 	   0.96167 	    0.003209 	     0.003185 	     0.006394 
9400 	 12 	       18.856 	       18.033 	   0.96142 	   0.96169 	    0.003212 	     0.003188 	     0.006400 
9500 	 12 	       18.854 	       18.032 	   0.96144 	   0.96170 	    0.003215 	     0.003191 	     0.006405 
9600 	 12 	       18.852 	       18.031 	   0.96145 	   0.96172 	    0.003216 	     0.003192 	     0.006409 
9700 	 12 	       18.849 	       18.030 	   0.96147 	   0.96174 	    0.003218 	     0.003193 	     0.006411 
9800 	 12 	       18.846 	       18.028 	   0.96148 	   0.96176 	    0.003219 	     0.003194 	     0.006413 
9900 	 12 	       18.842 	       18.024 	   0.96150 	   0.96178 	    0.003219 	     0.003194 	     0.006414 
10000 	 12 	       18.854 	       18.035 	   0.96167 	   0.96194 	    0.003227 	     0.003203 	     0.006430 
10100 	 12 	       18.759 	       17.935 	   0.96200 	   0.96228 	    0.003186 	     0.003161 	     0.006348 
10200 	 12 	       18.758 	       17.933 	   0.96206 	   0.96234 	    0.003183 	     0.003158 	     0.006342 
10300 	 12 	       18.754 	       17.929 	   0.96210 	   0.96238 	    0.003182 	     0.003156 	     0.006338 
10400 	 12 	       18.749 	       17.924 	   0.96212 	   0.96242 	    0.003180 	     0.003154 	     0.006335 
10500 	 12 	       18.744 	       17.918 	   0.96215 	   0.96244 	    0.003179 	     0.003153 	     0.006332 
10600 	 12 	       18.738 	       17.911 	   0.96217 	   0.96247 	    0.003177 	     0.003151 	     0.006329 
10700 	 12 	       18.732 	       17.905 	   0.96219 	   0.96249 	    0.003176 	     0.003150 	     0.006326 
10800 	 12 	       18.726 	       17.898 	   0.96221 	   0.96251 	    0.003175 	     0.003148 	     0.006323 
10900 	 12 	       18.719 	       17.890 	   0.96223 	   0.96253 	    0.003173 	     0.003146 	     0.006320 
11000 	 12 	       18.712 	       17.882 	   0.96238 	   0.96267 	    0.003174 	     0.003148 	     0.006321 
11100 	 12 	       18.625 	       17.791 	   0.96268 	   0.96298 	    0.003134 	     0.003107 	     0.006242 
11200 	 12 	       18.616 	       17.779 	   0.96274 	   0.96305 	    0.003128 	     0.003101 	     0.006230 
11300 	 12 	       18.605 	       17.767 	   0.96278 	   0.96309 	    0.003124 	     0.003097 	     0.006222 
11400 	 12 	       18.593 	       17.754 	   0.96280 	   0.96312 	    0.003121 	     0.003094 	     0.006215 
11500 	 12 	       18.577 	       17.741 	   0.96282 	   0.96314 	    0.003118 	     0.003090 	     0.006208 
11600 	 12 	       18.560 	       17.728 	   0.96283 	   0.96315 	    0.003115 	     0.003087 	     0.006202 
11700 	 12 	       18.543 	       17.715 	   0.96284 	   0.96316 	    0.003112 	     0.003084 	     0.006196 
11800 	 12 	       18.526 	       17.701 	   0.96285 	   0.96318 	    0.003109 	     0.003081 	     0.006190 
11900 	 12 	       18.508 	       17.686 	   0.96286 	   0.96318 	    0.003106 	     0.003078 	     0.006183 
12000 	 12 	       18.479 	       17.659 	   0.96298 	   0.96330 	    0.003100 	     0.003072 	     0.006172 
12100 	 12 	       18.390 	       17.567 	   0.96326 	   0.96359 	    0.003061 	     0.003033 	     0.006094 
12200 	 12 	       18.368 	       17.545 	   0.96332 	   0.96365 	    0.003053 	     0.003025 	     0.006078 
12300 	 12 	       18.346 	       17.525 	   0.96334 	   0.96367 	    0.003047 	     0.003019 	     0.006066 
12400 	 12 	       18.324 	       17.504 	   0.96335 	   0.96369 	    0.003042 	     0.003013 	     0.006056 
12500 	 12 	       18.303 	       17.483 	   0.96336 	   0.96369 	    0.003038 	     0.003009 	     0.006046 
12600 	 12 	       18.282 	       17.463 	   0.96336 	   0.96370 	    0.003033 	     0.003004 	     0.006038 
12700 	 12 	       18.261 	       17.442 	   0.96335 	   0.96369 	    0.003029 	     0.003000 	     0.006029 
12800 	 12 	       18.241 	       17.421 	   0.96335 	   0.96369 	    0.003025 	     0.002996 	     0.006021 
12900 	 12 	       18.223 	       17.402 	   0.96334 	   0.96368 	    0.003021 	     0.002992 	     0.006014 
13000 	 12 	       18.182 	       17.361 	   0.96344 	   0.96378 	    0.003012 	     0.002983 	     0.005994 
13100 	 12 	       18.099 	       17.274 	   0.96370 	   0.96404 	    0.002976 	     0.002946 	     0.005922 
13200 	 12 	       18.075 	       17.248 	   0.96373 	   0.96408 	    0.002968 	     0.002938 	     0.005906 
13300 	 12 	       18.052 	       17.226 	   0.96373 	   0.96409 	    0.002963 	     0.002933 	     0.005896 
13400 	 12 	       18.030 	       17.205 	   0.96373 	   0.96408 	    0.002959 	     0.002929 	     0.005887 
13500 	 12 	       18.009 	       17.185 	   0.96371 	   0.96407 	    0.002955 	     0.002925 	     0.005880 
13600 	 12 	       17.989 	       17.166 	   0.96369 	   0.96405 	    0.002952 	     0.002922 	     0.005875 
13700 	 12 	       17.970 	       17.149 	   0.96367 	   0.96403 	    0.002950 	     0.002919 	     0.005869 
13800 	 12 	       17.951 	       17.133 	   0.96364 	   0.96400 	    0.002948 	     0.002917 	     0.005865 
13900 	 12 	       17.933 	       17.117 	   0.96361 	   0.96397 	    0.002946 	     0.002915 	     0.005861 
14000 	 12 	       17.889 	       17.075 	   0.96369 	   0.96405 	    0.002935 	     0.002904 	     0.005839 
14100 	 12 	       17.809 	       16.992 	   0.96392 	   0.96429 	    0.002903 	     0.002872 	     0.005775 
14200 	 12 	       17.783 	       16.966 	   0.96393 	   0.96430 	    0.002897 	     0.002866 	     0.005762 
14300 	 12 	       17.760 	       16.945 	   0.96391 	   0.96429 	    0.002894 	     0.002862 	     0.005756 
14400 	 12 	       17.739 	       16.925 	   0.96388 	   0.96426 	    0.002892 	     0.002860 	     0.005751 
14500 	 12 	       17.719 	       16.907 	   0.96384 	   0.96422 	    0.002890 	     0.002858 	     0.005749 
14600 	 12 	       17.701 	       16.889 	   0.96380 	   0.96418 	    0.002889 	     0.002857 	     0.005746 
14700 	 12 	       17.683 	       16.873 	   0.96375 	   0.96413 	    0.002889 	     0.002856 	     0.005745 
14800 	 12 	       17.667 	       16.858 	   0.96370 	   0.96408 	    0.002888 	     0.002856 	     0.005744 
14900 	 12 	       17.651 	       16.842 	   0.96364 	   0.96403 	    0.002888 	     0.002856 	     0.005744 
15000 	 12 	       17.608 	       16.802 	   0.96370 	   0.96409 	    0.002877 	     0.002845 	     0.005723 
15100 	 12 	       17.529 	       16.722 	   0.96392 	   0.96431 	    0.002848 	     0.002816 	     0.005664 
15200 	 12 	       17.505 	       16.698 	   0.96391 	   0.96430 	    0.002844 	     0.002811 	     0.005656 
15300 	 12 	       17.486 	       16.680 	   0.96386 	   0.96426 	    0.002843 	     0.002810 	     0.005653 
15400 	 12 	       17.470 	       16.666 	   0.96381 	   0.96421 	    0.002843 	     0.002810 	     0.005653 
15500 	 12 	       17.456 	       16.653 	   0.96375 	   0.96415 	    0.002844 	     0.002810 	     0.005654 
15600 	 12 	       17.444 	       16.642 	   0.96369 	   0.96409 	    0.002845 	     0.002811 	     0.005656 
15700 	 12 	       17.432 	       16.633 	   0.96363 	   0.96403 	    0.002846 	     0.002813 	     0.005659 
15800 	 12 	       17.422 	       16.624 	   0.96356 	   0.96396 	    0.002848 	     0.002814 	     0.005662 
15900 	 12 	       17.413 	       16.616 	   0.96349 	   0.96389 	    0.002850 	     0.002816 	     0.005666 
16000 	 12 	       17.375 	       16.581 	   0.96354 	   0.96394 	    0.002840 	     0.002807 	     0.005647 
16100 	 12 	       17.306 	       16.510 	   0.96374 	   0.96415 	    0.002814 	     0.002780 	     0.005594 
16200 	 12 	       17.290 	       16.496 	   0.96373 	   0.96414 	    0.002812 	     0.002778 	     0.005590 
16300 	 12 	       17.280 	       16.488 	   0.96369 	   0.96410 	    0.002812 	     0.002778 	     0.005591 
16400 	 12 	       17.273 	       16.481 	   0.96364 	   0.96405 	    0.002814 	     0.002780 	     0.005594 
16500 	 12 	       17.267 	       16.476 	   0.96359 	   0.96400 	    0.002816 	     0.002782 	     0.005598 
16600 	 12 	       17.263 	       16.473 	   0.96354 	   0.96395 	    0.002818 	     0.002784 	     0.005603 
16700 	 12 	       17.260 	       16.471 	   0.96350 	   0.96391 	    0.002821 	     0.002787 	     0.005608 
16800 	 12 	       17.259 	       16.470 	   0.96345 	   0.96386 	    0.002824 	     0.002790 	     0.005613 
16900 	 12 	       17.260 	       16.471 	   0.96341 	   0.96382 	    0.002826 	     0.002793 	     0.005619 
17000 	 12 	       17.232 	       16.444 	   0.96347 	   0.96388 	    0.002818 	     0.002784 	     0.005602 
17100 	 12 	       17.175 	       16.383 	   0.96371 	   0.96412 	    0.002793 	     0.002759 	     0.005552 
17200 	 12 	       17.171 	       16.379 	   0.96372 	   0.96413 	    0.002792 	     0.002758 	     0.005550 
17300 	 12 	       17.173 	       16.381 	   0.96370 	   0.96412 	    0.002794 	     0.002759 	     0.005553 
17400 	 12 	       17.176 	       16.384 	   0.96368 	   0.96409 	    0.002796 	     0.002762 	     0.005558 
17500 	 12 	       17.182 	       16.390 	   0.96365 	   0.96406 	    0.002799 	     0.002765 	     0.005564 
17600 	 12 	       17.188 	       16.396 	   0.96361 	   0.96403 	    0.002803 	     0.002768 	     0.005571 
17700 	 12 	       17.196 	       16.404 	   0.96358 	   0.96400 	    0.002807 	     0.002772 	     0.005579 
17800 	 12 	       17.204 	       16.412 	   0.96354 	   0.96396 	    0.002811 	     0.002776 	     0.005587 
17900 	 12 	       17.214 	       16.421 	   0.96351 	   0.96393 	    0.002815 	     0.002781 	     0.005596 
18000 	 12 	       17.195 	       16.401 	   0.96357 	   0.96399 	    0.002808 	     0.002773 	     0.005581 
18100 	 12 	       17.148 	       16.348 	   0.96380 	   0.96423 	    0.002785 	     0.002750 	     0.005535 
18200 	 12 	       17.152 	       16.348 	   0.96382 	   0.96425 	    0.002785 	     0.002750 	     0.005535 
18300 	 12 	       17.159 	       16.354 	   0.96381 	   0.96424 	    0.002787 	     0.002752 	     0.005539 
18400 	 12 	       17.169 	       16.361 	   0.96380 	   0.96423 	    0.002790 	     0.002755 	     0.005546 
18500 	 12 	       17.179 	       16.370 	   0.96378 	   0.96421 	    0.002794 	     0.002759 	     0.005552 
18600 	 12 	       17.190 	       16.379 	   0.96376 	   0.96420 	    0.002797 	     0.002762 	     0.005559 
18700 	 12 	       17.201 	       16.388 	   0.96375 	   0.96419 	    0.002801 	     0.002765 	     0.005566 
18800 	 12 	       17.213 	       16.397 	   0.96374 	   0.96418 	    0.002804 	     0.002768 	     0.005572 
18900 	 12 	       17.224 	       16.407 	   0.96374 	   0.96418 	    0.002807 	     0.002771 	     0.005578 
19000 	 12 	       17.206 	       16.389 	   0.96383 	   0.96427 	    0.002798 	     0.002762 	     0.005561 
19100 	 12 	       17.163 	       16.340 	   0.96409 	   0.96453 	    0.002775 	     0.002738 	     0.005513 
19200 	 12 	       17.166 	       16.341 	   0.96413 	   0.96458 	    0.002773 	     0.002737 	     0.005510 
19300 	 12 	       17.172 	       16.346 	   0.96415 	   0.96460 	    0.002774 	     0.002737 	     0.005511 
19400 	 12 	       17.179 	       16.351 	   0.96416 	   0.96461 	    0.002775 	     0.002738 	     0.005514 
19500 	 12 	       17.185 	       16.356 	   0.96416 	   0.96461 	    0.002777 	     0.002740 	     0.005517 
19600 	 12 	       17.189 	       16.360 	   0.96416 	   0.96461 	    0.002779 	     0.002742 	     0.005520 
19700 	 12 	       17.192 	       16.364 	   0.96415 	   0.96461 	    0.002780 	     0.002743 	     0.005523 
19800 	 12 	       17.195 	       16.369 	   0.96415 	   0.96461 	    0.002782 	     0.002744 	     0.005526 
19900 	 12 	       17.198 	       16.374 	   0.96415 	   0.96461 	    0.002783 	     0.002745 	     0.005528 
20000 	 12 	       17.172 	       16.351 	   0.96424 	   0.96469 	    0.002773 	     0.002736 	     0.005509 
100 	 13 	       21.377 	       20.724 	   0.93501 	   0.93486 	    0.004953 	     0.004957 	     0.009911 
200 	 13 	       22.975 	       22.261 	   0.93395 	   0.93377 	    0.005707 	     0.005717 	     0.011423 
300 	 13 	       23.965 	       23.310 	   0.93188 	   0.93170 	    0.006169 	     0.006181 	     0.012350 
400 	 13 	       23.972 	       23.420 	   0.93292 	   0.93274 	    0.006150 	     0.006163 	     0.012314 
500 	 13 	       23.544 	       23.008 	   0.93521 	   0.93503 	    0.005943 	     0.005956 	     0.011899 
600 	 13 	       23.602 	       23.042 	   0.93618 	   0.93599 	    0.005916 	     0.005931 	     0.011848 
700 	 13 	       24.087 	       23.466 	   0.93607 	   0.93587 	    0.006069 	     0.006086 	     0.012155 
800 	 13 	       24.614 	       23.922 	   0.93559 	   0.93539 	    0.006307 	     0.006325 	     0.012632 
900 	 13 	       25.152 	       24.429 	   0.93512 	   0.93493 	    0.006583 	     0.006600 	     0.013182 
1000 	 13 	       24.905 	       24.179 	   0.93742 	   0.93728 	    0.006643 	     0.006658 	     0.013301 
1100 	 13 	       21.440 	       20.725 	   0.94501 	   0.94505 	    0.005234 	     0.005229 	     0.010464 
1200 	 13 	       21.738 	       21.019 	   0.94455 	   0.94462 	    0.005448 	     0.005440 	     0.010888 
1300 	 13 	       22.040 	       21.303 	   0.94384 	   0.94392 	    0.005623 	     0.005613 	     0.011236 
1400 	 13 	       22.351 	       21.604 	   0.94314 	   0.94322 	    0.005780 	     0.005770 	     0.011550 
1500 	 13 	       22.740 	       21.997 	   0.94236 	   0.94244 	    0.005958 	     0.005948 	     0.011907 
1600 	 13 	       23.044 	       22.314 	   0.94162 	   0.94167 	    0.006102 	     0.006092 	     0.012194 
1700 	 13 	       23.115 	       22.397 	   0.94102 	   0.94106 	    0.006147 	     0.006139 	     0.012286 
1800 	 13 	       23.016 	       22.305 	   0.94062 	   0.94063 	    0.006107 	     0.006101 	     0.012208 
1900 	 13 	       22.905 	       22.200 	   0.94038 	   0.94037 	    0.006050 	     0.006046 	     0.012096 
2000 	 13 	       22.958 	       22.254 	   0.94174 	   0.94171 	    0.006088 	     0.006087 	     0.012174 
2100 	 13 	       21.542 	       20.816 	   0.94547 	   0.94553 	    0.005425 	     0.005417 	     0.010842 
2200 	 13 	       21.508 	       20.753 	   0.94576 	   0.94584 	    0.005390 	     0.005380 	     0.010769 
2300 	 13 	       21.522 	       20.744 	   0.94587 	   0.94597 	    0.005379 	     0.005367 	     0.010746 
2400 	 13 	       21.536 	       20.737 	   0.94592 	   0.94603 	    0.005376 	     0.005364 	     0.010739 
2500 	 13 	       21.533 	       20.717 	   0.94593 	   0.94606 	    0.005373 	     0.005360 	     0.010732 
2600 	 13 	       21.504 	       20.677 	   0.94593 	   0.94606 	    0.005366 	     0.005352 	     0.010718 
2700 	 13 	       21.453 	       20.618 	   0.94590 	   0.94605 	    0.005355 	     0.005341 	     0.010697 
2800 	 13 	       21.389 	       20.546 	   0.94586 	   0.94601 	    0.005343 	     0.005329 	     0.010672 
2900 	 13 	       21.315 	       20.471 	   0.94579 	   0.94596 	    0.005333 	     0.005318 	     0.010650 
3000 	 13 	       21.412 	       20.558 	   0.94719 	   0.94735 	    0.005363 	     0.005349 	     0.010712 
3100 	 13 	       20.293 	       19.437 	   0.94925 	   0.94947 	    0.004895 	     0.004876 	     0.009771 
3200 	 13 	       20.147 	       19.294 	   0.94937 	   0.94961 	    0.004849 	     0.004829 	     0.009678 
3300 	 13 	       20.065 	       19.212 	   0.94936 	   0.94961 	    0.004830 	     0.004808 	     0.009638 
3400 	 13 	       20.013 	       19.159 	   0.94932 	   0.94959 	    0.004821 	     0.004799 	     0.009620 
3500 	 13 	       19.974 	       19.120 	   0.94929 	   0.94956 	    0.004816 	     0.004793 	     0.009608 
3600 	 13 	       19.933 	       19.077 	   0.94928 	   0.94955 	    0.004808 	     0.004785 	     0.009594 
3700 	 13 	       19.879 	       19.020 	   0.94929 	   0.94957 	    0.004796 	     0.004772 	     0.009568 
3800 	 13 	       19.803 	       18.942 	   0.94933 	   0.94961 	    0.004775 	     0.004752 	     0.009526 
3900 	 13 	       19.708 	       18.847 	   0.94941 	   0.94968 	    0.004746 	     0.004723 	     0.009470 
4000 	 13 	       19.685 	       18.824 	   0.95083 	   0.95109 	    0.004688 	     0.004667 	     0.009355 
4100 	 13 	       18.915 	       18.071 	   0.95271 	   0.95300 	    0.004298 	     0.004275 	     0.008573 
4200 	 13 	       18.762 	       17.932 	   0.95318 	   0.95348 	    0.004221 	     0.004197 	     0.008418 
4300 	 13 	       18.666 	       17.855 	   0.95363 	   0.95393 	    0.004159 	     0.004135 	     0.008294 
4400 	 13 	       18.613 	       17.829 	   0.95417 	   0.95447 	    0.004095 	     0.004071 	     0.008166 
4500 	 13 	       18.579 	       17.825 	   0.95486 	   0.95516 	    0.004017 	     0.003993 	     0.008010 
4600 	 13 	       18.534 	       17.813 	   0.95556 	   0.95588 	    0.003939 	     0.003913 	     0.007852 
4700 	 13 	       18.485 	       17.790 	   0.95606 	   0.95639 	    0.003885 	     0.003859 	     0.007744 
4800 	 13 	       18.448 	       17.772 	   0.95633 	   0.95667 	    0.003858 	     0.003831 	     0.007690 
4900 	 13 	       18.428 	       17.765 	   0.95645 	   0.95680 	    0.003849 	     0.003821 	     0.007670 
5000 	 13 	       18.418 	       17.766 	   0.95749 	   0.95784 	    0.003796 	     0.003769 	     0.007565 
5100 	 13 	       18.028 	       17.392 	   0.95896 	   0.95934 	    0.003574 	     0.003545 	     0.007119 
5200 	 13 	       17.969 	       17.343 	   0.95927 	   0.95965 	    0.003539 	     0.003510 	     0.007049 
5300 	 13 	       17.939 	       17.319 	   0.95944 	   0.95982 	    0.003522 	     0.003492 	     0.007014 
5400 	 13 	       17.919 	       17.305 	   0.95955 	   0.95994 	    0.003512 	     0.003482 	     0.006994 
5500 	 13 	       17.902 	       17.295 	   0.95963 	   0.96002 	    0.003507 	     0.003476 	     0.006983 
5600 	 13 	       17.887 	       17.287 	   0.95969 	   0.96008 	    0.003503 	     0.003473 	     0.006976 
5700 	 13 	       17.872 	       17.278 	   0.95974 	   0.96013 	    0.003501 	     0.003470 	     0.006971 
5800 	 13 	       17.856 	       17.269 	   0.95978 	   0.96018 	    0.003500 	     0.003469 	     0.006968 
5900 	 13 	       17.842 	       17.259 	   0.95981 	   0.96021 	    0.003499 	     0.003467 	     0.006966 
6000 	 13 	       17.784 	       17.205 	   0.96068 	   0.96108 	    0.003437 	     0.003406 	     0.006843 
6100 	 13 	       17.519 	       16.947 	   0.96169 	   0.96212 	    0.003289 	     0.003257 	     0.006546 
6200 	 13 	       17.479 	       16.907 	   0.96190 	   0.96233 	    0.003266 	     0.003233 	     0.006499 
6300 	 13 	       17.460 	       16.885 	   0.96203 	   0.96246 	    0.003252 	     0.003219 	     0.006471 
6400 	 13 	       17.447 	       16.869 	   0.96212 	   0.96256 	    0.003242 	     0.003209 	     0.006451 
6500 	 13 	       17.436 	       16.855 	   0.96220 	   0.96264 	    0.003234 	     0.003201 	     0.006436 
6600 	 13 	       17.425 	       16.840 	   0.96227 	   0.96271 	    0.003228 	     0.003195 	     0.006423 
6700 	 13 	       17.415 	       16.825 	   0.96233 	   0.96277 	    0.003222 	     0.003189 	     0.006411 
6800 	 13 	       17.404 	       16.807 	   0.96238 	   0.96283 	    0.003217 	     0.003183 	     0.006401 
6900 	 13 	       17.391 	       16.787 	   0.96243 	   0.96289 	    0.003213 	     0.003179 	     0.006392 
7000 	 13 	       17.329 	       16.719 	   0.96314 	   0.96359 	    0.003154 	     0.003120 	     0.006274 
7100 	 13 	       17.136 	       16.523 	   0.96388 	   0.96434 	    0.003055 	     0.003020 	     0.006075 
7200 	 13 	       17.104 	       16.482 	   0.96405 	   0.96452 	    0.003039 	     0.003004 	     0.006042 
7300 	 13 	       17.082 	       16.453 	   0.96415 	   0.96463 	    0.003030 	     0.002994 	     0.006024 
7400 	 13 	       17.066 	       16.428 	   0.96423 	   0.96471 	    0.003024 	     0.002988 	     0.006012 
7500 	 13 	       17.051 	       16.406 	   0.96429 	   0.96477 	    0.003021 	     0.002985 	     0.006006 
7600 	 13 	       17.039 	       16.386 	   0.96433 	   0.96482 	    0.003019 	     0.002983 	     0.006002 
7700 	 13 	       17.029 	       16.370 	   0.96436 	   0.96486 	    0.003019 	     0.002982 	     0.006001 
7800 	 13 	       17.021 	       16.358 	   0.96439 	   0.96489 	    0.003019 	     0.002983 	     0.006002 
7900 	 13 	       17.015 	       16.347 	   0.96440 	   0.96490 	    0.003021 	     0.002984 	     0.006005 
8000 	 13 	       16.960 	       16.293 	   0.96493 	   0.96543 	    0.002973 	     0.002936 	     0.005910 
8100 	 13 	       16.815 	       16.147 	   0.96550 	   0.96602 	    0.002902 	     0.002865 	     0.005767 
8200 	 13 	       16.799 	       16.130 	   0.96560 	   0.96612 	    0.002895 	     0.002858 	     0.005753 
8300 	 13 	       16.792 	       16.121 	   0.96565 	   0.96617 	    0.002894 	     0.002855 	     0.005749 
8400 	 13 	       16.788 	       16.115 	   0.96567 	   0.96619 	    0.002894 	     0.002855 	     0.005749 
8500 	 13 	       16.785 	       16.110 	   0.96568 	   0.96621 	    0.002895 	     0.002856 	     0.005751 
8600 	 13 	       16.783 	       16.106 	   0.96569 	   0.96622 	    0.002897 	     0.002858 	     0.005754 
8700 	 13 	       16.782 	       16.101 	   0.96569 	   0.96622 	    0.002898 	     0.002859 	     0.005757 
8800 	 13 	       16.781 	       16.096 	   0.96569 	   0.96623 	    0.002899 	     0.002860 	     0.005759 
8900 	 13 	       16.780 	       16.092 	   0.96569 	   0.96623 	    0.002900 	     0.002861 	     0.005761 
9000 	 13 	       16.730 	       16.042 	   0.96610 	   0.96664 	    0.002855 	     0.002816 	     0.005671 
9100 	 13 	       16.600 	       15.912 	   0.96663 	   0.96718 	    0.002791 	     0.002751 	     0.005542 
9200 	 13 	       16.589 	       15.897 	   0.96671 	   0.96726 	    0.002782 	     0.002743 	     0.005525 
9300 	 13 	       16.586 	       15.889 	   0.96676 	   0.96731 	    0.002778 	     0.002738 	     0.005516 
9400 	 13 	       16.585 	       15.884 	   0.96679 	   0.96734 	    0.002775 	     0.002735 	     0.005509 
9500 	 13 	       16.585 	       15.881 	   0.96681 	   0.96736 	    0.002772 	     0.002732 	     0.005504 
9600 	 13 	       16.586 	       15.879 	   0.96683 	   0.96739 	    0.002770 	     0.002729 	     0.005499 
9700 	 13 	       16.588 	       15.878 	   0.96685 	   0.96741 	    0.002767 	     0.002727 	     0.005495 
9800 	 13 	       16.589 	       15.877 	   0.96687 	   0.96743 	    0.002766 	     0.002725 	     0.005491 
9900 	 13 	       16.591 	       15.876 	   0.96689 	   0.96744 	    0.002764 	     0.002723 	     0.005487 
10000 	 13 	       16.541 	       15.828 	   0.96724 	   0.96779 	    0.002721 	     0.002681 	     0.005402 
10100 	 13 	       16.424 	       15.713 	   0.96773 	   0.96829 	    0.002662 	     0.002622 	     0.005284 
10200 	 13 	       16.414 	       15.700 	   0.96781 	   0.96837 	    0.002654 	     0.002614 	     0.005268 
10300 	 13 	       16.409 	       15.693 	   0.96786 	   0.96842 	    0.002649 	     0.002609 	     0.005258 
10400 	 13 	       16.406 	       15.688 	   0.96790 	   0.96846 	    0.002646 	     0.002606 	     0.005252 
10500 	 13 	       16.402 	       15.684 	   0.96793 	   0.96849 	    0.002643 	     0.002603 	     0.005246 
10600 	 13 	       16.397 	       15.681 	   0.96795 	   0.96851 	    0.002641 	     0.002601 	     0.005241 
10700 	 13 	       16.393 	       15.678 	   0.96798 	   0.96854 	    0.002639 	     0.002598 	     0.005237 
10800 	 13 	       16.388 	       15.674 	   0.96800 	   0.96856 	    0.002637 	     0.002596 	     0.005233 
10900 	 13 	       16.383 	       15.670 	   0.96802 	   0.96858 	    0.002635 	     0.002594 	     0.005229 
11000 	 13 	       16.325 	       15.616 	   0.96831 	   0.96887 	    0.002595 	     0.002555 	     0.005150 
11100 	 13 	       16.214 	       15.509 	   0.96876 	   0.96932 	    0.002542 	     0.002502 	     0.005044 
11200 	 13 	       16.197 	       15.493 	   0.96885 	   0.96940 	    0.002534 	     0.002494 	     0.005028 
11300 	 13 	       16.185 	       15.482 	   0.96890 	   0.96945 	    0.002528 	     0.002488 	     0.005017 
11400 	 13 	       16.173 	       15.471 	   0.96894 	   0.96950 	    0.002524 	     0.002484 	     0.005008 
11500 	 13 	       16.162 	       15.461 	   0.96897 	   0.96953 	    0.002520 	     0.002480 	     0.005000 
11600 	 13 	       16.150 	       15.450 	   0.96901 	   0.96957 	    0.002516 	     0.002476 	     0.004992 
11700 	 13 	       16.138 	       15.439 	   0.96904 	   0.96960 	    0.002512 	     0.002472 	     0.004984 
11800 	 13 	       16.125 	       15.427 	   0.96908 	   0.96964 	    0.002508 	     0.002468 	     0.004976 
11900 	 13 	       16.113 	       15.414 	   0.96911 	   0.96967 	    0.002504 	     0.002464 	     0.004968 
12000 	 13 	       16.047 	       15.350 	   0.96937 	   0.96993 	    0.002467 	     0.002427 	     0.004893 
12100 	 13 	       15.939 	       15.247 	   0.96978 	   0.97033 	    0.002419 	     0.002379 	     0.004798 
12200 	 13 	       15.919 	       15.227 	   0.96986 	   0.97042 	    0.002410 	     0.002371 	     0.004781 
12300 	 13 	       15.904 	       15.212 	   0.96992 	   0.97048 	    0.002404 	     0.002365 	     0.004769 
12400 	 13 	       15.891 	       15.199 	   0.96997 	   0.97052 	    0.002400 	     0.002360 	     0.004759 
12500 	 13 	       15.879 	       15.188 	   0.97002 	   0.97057 	    0.002395 	     0.002356 	     0.004751 
12600 	 13 	       15.869 	       15.179 	   0.97006 	   0.97061 	    0.002392 	     0.002352 	     0.004743 
12700 	 13 	       15.861 	       15.171 	   0.97010 	   0.97065 	    0.002388 	     0.002348 	     0.004736 
12800 	 13 	       15.853 	       15.163 	   0.97013 	   0.97068 	    0.002385 	     0.002345 	     0.004729 
12900 	 13 	       15.846 	       15.156 	   0.97016 	   0.97071 	    0.002381 	     0.002342 	     0.004723 
13000 	 13 	       15.788 	       15.100 	   0.97038 	   0.97092 	    0.002348 	     0.002308 	     0.004656 
13100 	 13 	       15.701 	       15.014 	   0.97073 	   0.97127 	    0.002308 	     0.002269 	     0.004576 
13200 	 13 	       15.689 	       14.999 	   0.97080 	   0.97133 	    0.002301 	     0.002262 	     0.004563 
13300 	 13 	       15.681 	       14.990 	   0.97084 	   0.97138 	    0.002297 	     0.002258 	     0.004555 
13400 	 13 	       15.675 	       14.983 	   0.97088 	   0.97141 	    0.002294 	     0.002255 	     0.004548 
13500 	 13 	       15.671 	       14.977 	   0.97091 	   0.97144 	    0.002291 	     0.002252 	     0.004543 
13600 	 13 	       15.667 	       14.972 	   0.97093 	   0.97147 	    0.002288 	     0.002249 	     0.004538 
13700 	 13 	       15.663 	       14.967 	   0.97096 	   0.97149 	    0.002286 	     0.002247 	     0.004533 
13800 	 13 	       15.660 	       14.963 	   0.97098 	   0.97151 	    0.002284 	     0.002245 	     0.004529 
13900 	 13 	       15.657 	       14.960 	   0.97100 	   0.97153 	    0.002282 	     0.002243 	     0.004526 
14000 	 13 	       15.607 	       14.909 	   0.97117 	   0.97170 	    0.002253 	     0.002214 	     0.004467 
14100 	 13 	       15.533 	       14.837 	   0.97147 	   0.97199 	    0.002220 	     0.002182 	     0.004402 
14200 	 13 	       15.523 	       14.826 	   0.97152 	   0.97204 	    0.002215 	     0.002177 	     0.004392 
14300 	 13 	       15.518 	       14.819 	   0.97155 	   0.97207 	    0.002212 	     0.002174 	     0.004387 
14400 	 13 	       15.513 	       14.813 	   0.97157 	   0.97209 	    0.002210 	     0.002172 	     0.004383 
14500 	 13 	       15.510 	       14.809 	   0.97159 	   0.97211 	    0.002209 	     0.002171 	     0.004380 
14600 	 13 	       15.506 	       14.805 	   0.97161 	   0.97213 	    0.002207 	     0.002170 	     0.004377 
14700 	 13 	       15.503 	       14.801 	   0.97162 	   0.97214 	    0.002206 	     0.002169 	     0.004375 
14800 	 13 	       15.500 	       14.798 	   0.97164 	   0.97215 	    0.002205 	     0.002168 	     0.004373 
14900 	 13 	       15.497 	       14.795 	   0.97165 	   0.97216 	    0.002204 	     0.002167 	     0.004371 
15000 	 13 	       15.448 	       14.747 	   0.97180 	   0.97231 	    0.002178 	     0.002141 	     0.004318 
15100 	 13 	       15.382 	       14.683 	   0.97205 	   0.97255 	    0.002151 	     0.002114 	     0.004265 
15200 	 13 	       15.374 	       14.674 	   0.97209 	   0.97259 	    0.002147 	     0.002111 	     0.004258 
15300 	 13 	       15.369 	       14.668 	   0.97212 	   0.97262 	    0.002145 	     0.002109 	     0.004254 
15400 	 13 	       15.365 	       14.663 	   0.97213 	   0.97263 	    0.002144 	     0.002108 	     0.004252 
15500 	 13 	       15.361 	       14.660 	   0.97215 	   0.97264 	    0.002143 	     0.002107 	     0.004250 
15600 	 13 	       15.358 	       14.657 	   0.97216 	   0.97265 	    0.002143 	     0.002106 	     0.004249 
15700 	 13 	       15.355 	       14.654 	   0.97216 	   0.97266 	    0.002142 	     0.002106 	     0.004248 
15800 	 13 	       15.352 	       14.652 	   0.97217 	   0.97267 	    0.002142 	     0.002105 	     0.004247 
15900 	 13 	       15.350 	       14.650 	   0.97218 	   0.97267 	    0.002141 	     0.002105 	     0.004247 
16000 	 13 	       15.305 	       14.606 	   0.97231 	   0.97280 	    0.002117 	     0.002081 	     0.004199 
16100 	 13 	       15.247 	       14.549 	   0.97253 	   0.97302 	    0.002094 	     0.002059 	     0.004153 
16200 	 13 	       15.241 	       14.542 	   0.97257 	   0.97305 	    0.002092 	     0.002056 	     0.004148 
16300 	 13 	       15.237 	       14.537 	   0.97259 	   0.97307 	    0.002090 	     0.002055 	     0.004146 
16400 	 13 	       15.234 	       14.533 	   0.97260 	   0.97308 	    0.002090 	     0.002054 	     0.004144 
16500 	 13 	       15.232 	       14.530 	   0.97261 	   0.97309 	    0.002089 	     0.002054 	     0.004143 
16600 	 13 	       15.231 	       14.527 	   0.97262 	   0.97309 	    0.002089 	     0.002054 	     0.004142 
16700 	 13 	       15.229 	       14.525 	   0.97262 	   0.97310 	    0.002088 	     0.002053 	     0.004142 
16800 	 13 	       15.228 	       14.523 	   0.97263 	   0.97310 	    0.002088 	     0.002053 	     0.004141 
16900 	 13 	       15.227 	       14.521 	   0.97263 	   0.97311 	    0.002088 	     0.002053 	     0.004141 
17000 	 13 	       15.187 	       14.481 	   0.97275 	   0.97322 	    0.002066 	     0.002031 	     0.004098 
17100 	 13 	       15.134 	       14.430 	   0.97295 	   0.97341 	    0.002046 	     0.002012 	     0.004058 
17200 	 13 	       15.129 	       14.423 	   0.97298 	   0.97344 	    0.002044 	     0.002010 	     0.004054 
17300 	 13 	       15.126 	       14.418 	   0.97300 	   0.97346 	    0.002043 	     0.002009 	     0.004052 
17400 	 13 	       15.124 	       14.415 	   0.97301 	   0.97347 	    0.002042 	     0.002008 	     0.004050 
17500 	 13 	       15.122 	       14.412 	   0.97302 	   0.97348 	    0.002042 	     0.002008 	     0.004049 
17600 	 13 	       15.121 	       14.410 	   0.97302 	   0.97348 	    0.002041 	     0.002007 	     0.004049 
17700 	 13 	       15.120 	       14.408 	   0.97303 	   0.97349 	    0.002041 	     0.002007 	     0.004049 
17800 	 13 	       15.118 	       14.407 	   0.97303 	   0.97349 	    0.002041 	     0.002007 	     0.004048 
17900 	 13 	       15.118 	       14.405 	   0.97304 	   0.97349 	    0.002041 	     0.002007 	     0.004048 
18000 	 13 	       15.080 	       14.368 	   0.97314 	   0.97360 	    0.002021 	     0.001987 	     0.004008 
18100 	 13 	       15.032 	       14.321 	   0.97333 	   0.97378 	    0.002003 	     0.001970 	     0.003974 
18200 	 13 	       15.028 	       14.315 	   0.97336 	   0.97380 	    0.002001 	     0.001968 	     0.003970 
18300 	 13 	       15.026 	       14.312 	   0.97337 	   0.97382 	    0.002000 	     0.001967 	     0.003967 
18400 	 13 	       15.024 	       14.309 	   0.97338 	   0.97383 	    0.001999 	     0.001967 	     0.003966 
18500 	 13 	       15.023 	       14.307 	   0.97339 	   0.97384 	    0.001999 	     0.001966 	     0.003965 
18600 	 13 	       15.022 	       14.306 	   0.97340 	   0.97384 	    0.001999 	     0.001966 	     0.003964 
18700 	 13 	       15.022 	       14.304 	   0.97340 	   0.97385 	    0.001998 	     0.001966 	     0.003964 
18800 	 13 	       15.021 	       14.303 	   0.97341 	   0.97385 	    0.001998 	     0.001965 	     0.003964 
18900 	 13 	       15.021 	       14.302 	   0.97341 	   0.97386 	    0.001998 	     0.001965 	     0.003963 
19000 	 13 	       14.986 	       14.267 	   0.97352 	   0.97396 	    0.001980 	     0.001947 	     0.003927 
19100 	 13 	       14.941 	       14.223 	   0.97369 	   0.97412 	    0.001964 	     0.001932 	     0.003896 
19200 	 13 	       14.938 	       14.218 	   0.97371 	   0.97415 	    0.001962 	     0.001930 	     0.003892 
19300 	 13 	       14.936 	       14.215 	   0.97373 	   0.97416 	    0.001961 	     0.001929 	     0.003890 
19400 	 13 	       14.936 	       14.213 	   0.97374 	   0.97417 	    0.001960 	     0.001928 	     0.003889 
19500 	 13 	       14.935 	       14.212 	   0.97375 	   0.97418 	    0.001960 	     0.001928 	     0.003888 
19600 	 13 	       14.935 	       14.210 	   0.97376 	   0.97419 	    0.001959 	     0.001928 	     0.003887 
19700 	 13 	       14.935 	       14.210 	   0.97376 	   0.97419 	    0.001959 	     0.001927 	     0.003886 
19800 	 13 	       14.935 	       14.209 	   0.97377 	   0.97420 	    0.001959 	     0.001927 	     0.003886 
19900 	 13 	       14.935 	       14.208 	   0.97377 	   0.97420 	    0.001959 	     0.001927 	     0.003885 
20000 	 13 	       14.902 	       14.176 	   0.97387 	   0.97430 	    0.001942 	     0.001911 	     0.003853 
100 	 14 	       23.488 	       22.751 	   0.93997 	   0.94008 	    0.006592 	     0.006583 	     0.013175 
200 	 14 	       24.767 	       23.991 	   0.93985 	   0.93997 	    0.006938 	     0.006927 	     0.013865 
300 	 14 	       25.866 	       25.015 	   0.94104 	   0.94121 	    0.007249 	     0.007234 	     0.014484 
400 	 14 	       27.120 	       26.222 	   0.93956 	   0.93974 	    0.007850 	     0.007830 	     0.015680 
500 	 14 	       27.888 	       26.970 	   0.93718 	   0.93735 	    0.008403 	     0.008382 	     0.016785 
600 	 14 	       27.934 	       27.005 	   0.93572 	   0.93588 	    0.008677 	     0.008656 	     0.017334 
700 	 14 	       27.713 	       26.779 	   0.93472 	   0.93487 	    0.008813 	     0.008793 	     0.017606 
800 	 14 	       27.420 	       26.480 	   0.93356 	   0.93369 	    0.008791 	     0.008771 	     0.017563 
900 	 14 	       27.370 	       26.423 	   0.93254 	   0.93265 	    0.008772 	     0.008753 	     0.017525 
1000 	 14 	       26.119 	       25.191 	   0.93493 	   0.93501 	    0.008251 	     0.008236 	     0.016487 
1100 	 14 	       21.735 	       20.846 	   0.94191 	   0.94227 	    0.006085 	     0.006051 	     0.012136 
1200 	 14 	       21.487 	       20.614 	   0.94178 	   0.94214 	    0.005966 	     0.005932 	     0.011897 
1300 	 14 	       21.404 	       20.540 	   0.94166 	   0.94203 	    0.005921 	     0.005887 	     0.011808 
1400 	 14 	       21.394 	       20.536 	   0.94150 	   0.94187 	    0.005920 	     0.005885 	     0.011805 
1500 	 14 	       21.424 	       20.569 	   0.94128 	   0.94165 	    0.005946 	     0.005911 	     0.011858 
1600 	 14 	       21.481 	       20.626 	   0.94102 	   0.94140 	    0.005989 	     0.005954 	     0.011944 
1700 	 14 	       21.552 	       20.697 	   0.94075 	   0.94113 	    0.006041 	     0.006006 	     0.012047 
1800 	 14 	       21.634 	       20.787 	   0.94046 	   0.94084 	    0.006096 	     0.006061 	     0.012157 
1900 	 14 	       21.730 	       20.893 	   0.94015 	   0.94052 	    0.006150 	     0.006115 	     0.012264 
2000 	 14 	       21.746 	       20.949 	   0.94199 	   0.94230 	    0.006095 	     0.006065 	     0.012160 
2100 	 14 	       20.552 	       19.779 	   0.94394 	   0.94432 	    0.005506 	     0.005471 	     0.010977 
2200 	 14 	       20.764 	       19.975 	   0.94342 	   0.94380 	    0.005558 	     0.005522 	     0.011080 
2300 	 14 	       20.846 	       20.044 	   0.94330 	   0.94370 	    0.005559 	     0.005522 	     0.011081 
2400 	 14 	       20.858 	       20.039 	   0.94342 	   0.94383 	    0.005538 	     0.005499 	     0.011037 
2500 	 14 	       20.842 	       20.008 	   0.94366 	   0.94409 	    0.005513 	     0.005471 	     0.010984 
2600 	 14 	       20.819 	       19.976 	   0.94398 	   0.94442 	    0.005490 	     0.005447 	     0.010937 
2700 	 14 	       20.799 	       19.947 	   0.94429 	   0.94474 	    0.005473 	     0.005429 	     0.010902 
2800 	 14 	       20.784 	       19.926 	   0.94457 	   0.94503 	    0.005464 	     0.005420 	     0.010884 
2900 	 14 	       20.778 	       19.915 	   0.94478 	   0.94525 	    0.005464 	     0.005419 	     0.010884 
3000 	 14 	       21.064 	       20.206 	   0.94703 	   0.94746 	    0.005451 	     0.005410 	     0.010861 
3100 	 14 	       20.231 	       19.366 	   0.94957 	   0.95005 	    0.005059 	     0.005015 	     0.010074 
3200 	 14 	       20.234 	       19.362 	   0.94975 	   0.95022 	    0.005074 	     0.005029 	     0.010102 
3300 	 14 	       20.258 	       19.384 	   0.94975 	   0.95022 	    0.005109 	     0.005064 	     0.010173 
3400 	 14 	       20.302 	       19.427 	   0.94964 	   0.95011 	    0.005156 	     0.005111 	     0.010267 
3500 	 14 	       20.358 	       19.483 	   0.94946 	   0.94993 	    0.005210 	     0.005165 	     0.010375 
3600 	 14 	       20.420 	       19.547 	   0.94922 	   0.94968 	    0.005269 	     0.005224 	     0.010493 
3700 	 14 	       20.485 	       19.615 	   0.94893 	   0.94940 	    0.005331 	     0.005286 	     0.010617 
3800 	 14 	       20.551 	       19.686 	   0.94861 	   0.94908 	    0.005395 	     0.005350 	     0.010746 
3900 	 14 	       20.619 	       19.756 	   0.94827 	   0.94873 	    0.005460 	     0.005415 	     0.010875 
4000 	 14 	       20.843 	       19.993 	   0.94986 	   0.95029 	    0.005446 	     0.005403 	     0.010849 
4100 	 14 	       20.281 	       19.440 	   0.95163 	   0.95208 	    0.005174 	     0.005130 	     0.010305 
4200 	 14 	       20.322 	       19.483 	   0.95148 	   0.95193 	    0.005218 	     0.005174 	     0.010392 
4300 	 14 	       20.359 	       19.522 	   0.95133 	   0.95177 	    0.005257 	     0.005214 	     0.010471 
4400 	 14 	       20.391 	       19.557 	   0.95119 	   0.95163 	    0.005292 	     0.005248 	     0.010540 
4500 	 14 	       20.415 	       19.584 	   0.95108 	   0.95152 	    0.005321 	     0.005277 	     0.010598 
4600 	 14 	       20.429 	       19.599 	   0.95101 	   0.95144 	    0.005344 	     0.005301 	     0.010644 
4700 	 14 	       20.431 	       19.602 	   0.95099 	   0.95142 	    0.005360 	     0.005317 	     0.010677 
4800 	 14 	       20.418 	       19.586 	   0.95105 	   0.95147 	    0.005367 	     0.005325 	     0.010692 
4900 	 14 	       20.381 	       19.546 	   0.95120 	   0.95162 	    0.005364 	     0.005322 	     0.010686 
5000 	 14 	       20.377 	       19.546 	   0.95298 	   0.95337 	    0.005250 	     0.005211 	     0.010461 
5100 	 14 	       19.804 	       18.981 	   0.95504 	   0.95544 	    0.004949 	     0.004910 	     0.009858 
5200 	 14 	       19.724 	       18.897 	   0.95535 	   0.95574 	    0.004929 	     0.004890 	     0.009819 
5300 	 14 	       19.681 	       18.849 	   0.95549 	   0.95587 	    0.004924 	     0.004886 	     0.009810 
5400 	 14 	       19.668 	       18.834 	   0.95552 	   0.95591 	    0.004931 	     0.004894 	     0.009825 
5500 	 14 	       19.677 	       18.838 	   0.95550 	   0.95588 	    0.004946 	     0.004909 	     0.009855 
5600 	 14 	       19.698 	       18.855 	   0.95545 	   0.95583 	    0.004966 	     0.004928 	     0.009894 
5700 	 14 	       19.727 	       18.883 	   0.95537 	   0.95575 	    0.004988 	     0.004950 	     0.009939 
5800 	 14 	       19.762 	       18.920 	   0.95529 	   0.95566 	    0.005011 	     0.004973 	     0.009984 
5900 	 14 	       19.800 	       18.964 	   0.95521 	   0.95557 	    0.005034 	     0.004996 	     0.010029 
6000 	 14 	       19.858 	       19.033 	   0.95628 	   0.95663 	    0.004959 	     0.004923 	     0.009883 
6100 	 14 	       19.498 	       18.684 	   0.95765 	   0.95801 	    0.004737 	     0.004700 	     0.009437 
6200 	 14 	       19.500 	       18.694 	   0.95774 	   0.95809 	    0.004731 	     0.004695 	     0.009426 
6300 	 14 	       19.516 	       18.717 	   0.95776 	   0.95811 	    0.004734 	     0.004697 	     0.009431 
6400 	 14 	       19.535 	       18.745 	   0.95776 	   0.95811 	    0.004739 	     0.004703 	     0.009442 
6500 	 14 	       19.558 	       18.776 	   0.95776 	   0.95810 	    0.004745 	     0.004708 	     0.009453 
6600 	 14 	       19.581 	       18.807 	   0.95776 	   0.95810 	    0.004749 	     0.004713 	     0.009462 
6700 	 14 	       19.605 	       18.837 	   0.95776 	   0.95810 	    0.004751 	     0.004715 	     0.009467 
6800 	 14 	       19.626 	       18.864 	   0.95778 	   0.95811 	    0.004752 	     0.004715 	     0.009467 
6900 	 14 	       19.644 	       18.889 	   0.95780 	   0.95814 	    0.004749 	     0.004713 	     0.009462 
7000 	 14 	       19.612 	       18.868 	   0.95885 	   0.95917 	    0.004637 	     0.004603 	     0.009240 
7100 	 14 	       19.264 	       18.528 	   0.96007 	   0.96040 	    0.004427 	     0.004392 	     0.008819 
7200 	 14 	       19.247 	       18.517 	   0.96020 	   0.96053 	    0.004409 	     0.004375 	     0.008784 
7300 	 14 	       19.241 	       18.516 	   0.96027 	   0.96060 	    0.004398 	     0.004364 	     0.008762 
7400 	 14 	       19.238 	       18.518 	   0.96032 	   0.96064 	    0.004390 	     0.004355 	     0.008745 
7500 	 14 	       19.237 	       18.522 	   0.96036 	   0.96068 	    0.004382 	     0.004347 	     0.008729 
7600 	 14 	       19.235 	       18.524 	   0.96039 	   0.96071 	    0.004374 	     0.004339 	     0.008713 
7700 	 14 	       19.230 	       18.525 	   0.96042 	   0.96074 	    0.004365 	     0.004331 	     0.008696 
7800 	 14 	       19.223 	       18.522 	   0.96045 	   0.96077 	    0.004355 	     0.004321 	     0.008676 
7900 	 14 	       19.212 	       18.517 	   0.96048 	   0.96079 	    0.004344 	     0.004310 	     0.008655 
8000 	 14 	       19.113 	       18.426 	   0.96136 	   0.96166 	    0.004225 	     0.004192 	     0.008417 
8100 	 14 	       18.771 	       18.091 	   0.96237 	   0.96268 	    0.004036 	     0.004003 	     0.008039 
8200 	 14 	       18.729 	       18.054 	   0.96246 	   0.96278 	    0.004012 	     0.003980 	     0.007992 
8300 	 14 	       18.692 	       18.023 	   0.96251 	   0.96282 	    0.003993 	     0.003960 	     0.007953 
8400 	 14 	       18.655 	       17.993 	   0.96254 	   0.96285 	    0.003975 	     0.003942 	     0.007917 
8500 	 14 	       18.619 	       17.963 	   0.96256 	   0.96287 	    0.003958 	     0.003925 	     0.007883 
8600 	 14 	       18.584 	       17.934 	   0.96257 	   0.96288 	    0.003942 	     0.003909 	     0.007851 
8700 	 14 	       18.550 	       17.906 	   0.96258 	   0.96289 	    0.003926 	     0.003894 	     0.007821 
8800 	 14 	       18.519 	       17.879 	   0.96258 	   0.96289 	    0.003912 	     0.003880 	     0.007792 
8900 	 14 	       18.489 	       17.855 	   0.96258 	   0.96289 	    0.003899 	     0.003867 	     0.007766 
9000 	 14 	       18.360 	       17.736 	   0.96331 	   0.96362 	    0.003787 	     0.003755 	     0.007542 
9100 	 14 	       18.049 	       17.434 	   0.96417 	   0.96448 	    0.003626 	     0.003595 	     0.007221 
9200 	 14 	       18.004 	       17.393 	   0.96423 	   0.96454 	    0.003606 	     0.003575 	     0.007181 
9300 	 14 	       17.968 	       17.363 	   0.96425 	   0.96456 	    0.003592 	     0.003561 	     0.007153 
9400 	 14 	       17.938 	       17.339 	   0.96426 	   0.96457 	    0.003581 	     0.003550 	     0.007131 
9500 	 14 	       17.913 	       17.318 	   0.96426 	   0.96457 	    0.003572 	     0.003540 	     0.007112 
9600 	 14 	       17.890 	       17.300 	   0.96426 	   0.96457 	    0.003563 	     0.003532 	     0.007095 
9700 	 14 	       17.869 	       17.284 	   0.96426 	   0.96457 	    0.003555 	     0.003524 	     0.007078 
9800 	 14 	       17.849 	       17.269 	   0.96426 	   0.96457 	    0.003547 	     0.003516 	     0.007062 
9900 	 14 	       17.829 	       17.254 	   0.96426 	   0.96458 	    0.003538 	     0.003507 	     0.007045 
10000 	 14 	       17.700 	       17.133 	   0.96491 	   0.96522 	    0.003436 	     0.003405 	     0.006841 
10100 	 14 	       17.434 	       16.877 	   0.96566 	   0.96597 	    0.003303 	     0.003273 	     0.006576 
10200 	 14 	       17.398 	       16.847 	   0.96572 	   0.96604 	    0.003287 	     0.003257 	     0.006544 
10300 	 14 	       17.369 	       16.824 	   0.96575 	   0.96606 	    0.003275 	     0.003245 	     0.006519 
10400 	 14 	       17.345 	       16.805 	   0.96577 	   0.96608 	    0.003264 	     0.003234 	     0.006499 
10500 	 14 	       17.322 	       16.787 	   0.96579 	   0.96610 	    0.003254 	     0.003224 	     0.006479 
10600 	 14 	       17.300 	       16.771 	   0.96581 	   0.96612 	    0.003245 	     0.003215 	     0.006460 
10700 	 14 	       17.279 	       16.756 	   0.96582 	   0.96613 	    0.003235 	     0.003205 	     0.006440 
10800 	 14 	       17.258 	       16.740 	   0.96584 	   0.96615 	    0.003225 	     0.003195 	     0.006421 
10900 	 14 	       17.236 	       16.724 	   0.96586 	   0.96617 	    0.003215 	     0.003185 	     0.006401 
11000 	 14 	       17.097 	       16.592 	   0.96644 	   0.96674 	    0.003120 	     0.003091 	     0.006211 
11100 	 14 	       16.871 	       16.374 	   0.96710 	   0.96741 	    0.003010 	     0.002981 	     0.005991 
11200 	 14 	       16.837 	       16.348 	   0.96717 	   0.96747 	    0.002994 	     0.002966 	     0.005960 
11300 	 14 	       16.808 	       16.326 	   0.96720 	   0.96751 	    0.002982 	     0.002954 	     0.005936 
11400 	 14 	       16.782 	       16.306 	   0.96723 	   0.96753 	    0.002971 	     0.002943 	     0.005914 
11500 	 14 	       16.758 	       16.288 	   0.96725 	   0.96756 	    0.002961 	     0.002933 	     0.005894 
11600 	 14 	       16.733 	       16.270 	   0.96727 	   0.96758 	    0.002951 	     0.002923 	     0.005874 
11700 	 14 	       16.709 	       16.252 	   0.96729 	   0.96760 	    0.002941 	     0.002913 	     0.005854 
11800 	 14 	       16.685 	       16.235 	   0.96731 	   0.96762 	    0.002931 	     0.002903 	     0.005834 
11900 	 14 	       16.662 	       16.219 	   0.96734 	   0.96764 	    0.002921 	     0.002893 	     0.005815 
12000 	 14 	       16.522 	       16.087 	   0.96784 	   0.96814 	    0.002838 	     0.002810 	     0.005648 
12100 	 14 	       16.331 	       15.904 	   0.96841 	   0.96871 	    0.002749 	     0.002722 	     0.005471 
12200 	 14 	       16.297 	       15.880 	   0.96847 	   0.96877 	    0.002735 	     0.002708 	     0.005443 
12300 	 14 	       16.269 	       15.860 	   0.96850 	   0.96880 	    0.002725 	     0.002698 	     0.005422 
12400 	 14 	       16.243 	       15.843 	   0.96853 	   0.96883 	    0.002715 	     0.002688 	     0.005403 
12500 	 14 	       16.219 	       15.828 	   0.96855 	   0.96885 	    0.002706 	     0.002680 	     0.005386 
12600 	 14 	       16.196 	       15.814 	   0.96857 	   0.96886 	    0.002698 	     0.002671 	     0.005369 
12700 	 14 	       16.174 	       15.801 	   0.96859 	   0.96888 	    0.002690 	     0.002663 	     0.005353 
12800 	 14 	       16.153 	       15.787 	   0.96860 	   0.96890 	    0.002682 	     0.002656 	     0.005337 
12900 	 14 	       16.132 	       15.775 	   0.96862 	   0.96891 	    0.002674 	     0.002648 	     0.005322 
13000 	 14 	       16.005 	       15.657 	   0.96905 	   0.96934 	    0.002603 	     0.002578 	     0.005182 
13100 	 14 	       15.852 	       15.513 	   0.96954 	   0.96982 	    0.002535 	     0.002510 	     0.005044 
13200 	 14 	       15.822 	       15.494 	   0.96960 	   0.96988 	    0.002523 	     0.002499 	     0.005022 
13300 	 14 	       15.798 	       15.481 	   0.96963 	   0.96990 	    0.002515 	     0.002491 	     0.005006 
13400 	 14 	       15.777 	       15.470 	   0.96965 	   0.96992 	    0.002508 	     0.002484 	     0.004992 
13500 	 14 	       15.756 	       15.459 	   0.96966 	   0.96993 	    0.002502 	     0.002478 	     0.004979 
13600 	 14 	       15.737 	       15.449 	   0.96967 	   0.96994 	    0.002496 	     0.002472 	     0.004968 
13700 	 14 	       15.718 	       15.439 	   0.96968 	   0.96995 	    0.002490 	     0.002467 	     0.004957 
13800 	 14 	       15.700 	       15.425 	   0.96969 	   0.96996 	    0.002485 	     0.002462 	     0.004947 
13900 	 14 	       15.683 	       15.410 	   0.96970 	   0.96996 	    0.002480 	     0.002457 	     0.004937 
14000 	 14 	       15.577 	       15.307 	   0.97008 	   0.97033 	    0.002421 	     0.002399 	     0.004820 
14100 	 14 	       15.458 	       15.193 	   0.97049 	   0.97075 	    0.002368 	     0.002346 	     0.004714 
14200 	 14 	       15.435 	       15.173 	   0.97054 	   0.97079 	    0.002360 	     0.002338 	     0.004697 
14300 	 14 	       15.418 	       15.158 	   0.97056 	   0.97081 	    0.002354 	     0.002332 	     0.004686 
14400 	 14 	       15.402 	       15.144 	   0.97058 	   0.97082 	    0.002349 	     0.002327 	     0.004676 
14500 	 14 	       15.387 	       15.130 	   0.97059 	   0.97083 	    0.002345 	     0.002323 	     0.004668 
14600 	 14 	       15.373 	       15.117 	   0.97059 	   0.97084 	    0.002341 	     0.002320 	     0.004661 
14700 	 14 	       15.358 	       15.105 	   0.97060 	   0.97084 	    0.002337 	     0.002316 	     0.004654 
14800 	 14 	       15.344 	       15.092 	   0.97060 	   0.97084 	    0.002334 	     0.002313 	     0.004647 
14900 	 14 	       15.330 	       15.080 	   0.97061 	   0.97084 	    0.002331 	     0.002310 	     0.004641 
15000 	 14 	       15.236 	       14.990 	   0.97095 	   0.97118 	    0.002281 	     0.002261 	     0.004542 
15100 	 14 	       15.139 	       14.896 	   0.97131 	   0.97154 	    0.002240 	     0.002220 	     0.004459 
15200 	 14 	       15.118 	       14.876 	   0.97135 	   0.97158 	    0.002233 	     0.002213 	     0.004446 
15300 	 14 	       15.101 	       14.861 	   0.97137 	   0.97160 	    0.002228 	     0.002209 	     0.004437 
15400 	 14 	       15.086 	       14.848 	   0.97139 	   0.97161 	    0.002225 	     0.002205 	     0.004430 
15500 	 14 	       15.071 	       14.835 	   0.97140 	   0.97162 	    0.002221 	     0.002202 	     0.004423 
15600 	 14 	       15.057 	       14.823 	   0.97141 	   0.97163 	    0.002218 	     0.002199 	     0.004417 
15700 	 14 	       15.043 	       14.811 	   0.97142 	   0.97164 	    0.002216 	     0.002196 	     0.004412 
15800 	 14 	       15.030 	       14.799 	   0.97143 	   0.97165 	    0.002213 	     0.002194 	     0.004406 
15900 	 14 	       15.017 	       14.788 	   0.97143 	   0.97165 	    0.002210 	     0.002191 	     0.004401 
16000 	 14 	       14.933 	       14.707 	   0.97175 	   0.97197 	    0.002167 	     0.002148 	     0.004315 
16100 	 14 	       14.853 	       14.629 	   0.97207 	   0.97229 	    0.002134 	     0.002115 	     0.004249 
16200 	 14 	       14.834 	       14.611 	   0.97212 	   0.97233 	    0.002128 	     0.002109 	     0.004237 
16300 	 14 	       14.819 	       14.596 	   0.97215 	   0.97236 	    0.002124 	     0.002105 	     0.004229 
16400 	 14 	       14.806 	       14.583 	   0.97217 	   0.97238 	    0.002120 	     0.002102 	     0.004222 
16500 	 14 	       14.793 	       14.571 	   0.97218 	   0.97240 	    0.002117 	     0.002099 	     0.004216 
16600 	 14 	       14.781 	       14.558 	   0.97220 	   0.97241 	    0.002114 	     0.002096 	     0.004210 
16700 	 14 	       14.769 	       14.546 	   0.97222 	   0.97243 	    0.002112 	     0.002093 	     0.004205 
16800 	 14 	       14.758 	       14.535 	   0.97223 	   0.97244 	    0.002109 	     0.002091 	     0.004199 
16900 	 14 	       14.748 	       14.523 	   0.97225 	   0.97245 	    0.002106 	     0.002088 	     0.004194 
17000 	 14 	       14.674 	       14.450 	   0.97255 	   0.97275 	    0.002069 	     0.002051 	     0.004119 
17100 	 14 	       14.608 	       14.383 	   0.97283 	   0.97304 	    0.002041 	     0.002024 	     0.004065 
17200 	 14 	       14.591 	       14.366 	   0.97288 	   0.97308 	    0.002036 	     0.002018 	     0.004055 
17300 	 14 	       14.577 	       14.352 	   0.97291 	   0.97311 	    0.002032 	     0.002015 	     0.004047 
17400 	 14 	       14.565 	       14.340 	   0.97294 	   0.97314 	    0.002029 	     0.002012 	     0.004041 
17500 	 14 	       14.553 	       14.328 	   0.97296 	   0.97316 	    0.002026 	     0.002009 	     0.004035 
17600 	 14 	       14.542 	       14.317 	   0.97298 	   0.97318 	    0.002024 	     0.002006 	     0.004030 
17700 	 14 	       14.531 	       14.306 	   0.97300 	   0.97320 	    0.002021 	     0.002004 	     0.004025 
17800 	 14 	       14.521 	       14.295 	   0.97301 	   0.97321 	    0.002019 	     0.002001 	     0.004020 
17900 	 14 	       14.511 	       14.285 	   0.97303 	   0.97323 	    0.002016 	     0.001999 	     0.004015 
18000 	 14 	       14.447 	       14.220 	   0.97332 	   0.97351 	    0.001984 	     0.001967 	     0.003950 
18100 	 14 	       14.392 	       14.163 	   0.97357 	   0.97376 	    0.001961 	     0.001944 	     0.003906 
18200 	 14 	       14.378 	       14.149 	   0.97361 	   0.97380 	    0.001957 	     0.001940 	     0.003897 
18300 	 14 	       14.366 	       14.136 	   0.97364 	   0.97383 	    0.001954 	     0.001937 	     0.003890 
18400 	 14 	       14.356 	       14.125 	   0.97367 	   0.97386 	    0.001951 	     0.001934 	     0.003885 
18500 	 14 	       14.346 	       14.115 	   0.97369 	   0.97388 	    0.001948 	     0.001932 	     0.003880 
18600 	 14 	       14.336 	       14.105 	   0.97371 	   0.97390 	    0.001946 	     0.001929 	     0.003875 
18700 	 14 	       14.327 	       14.095 	   0.97373 	   0.97392 	    0.001944 	     0.001927 	     0.003871 
18800 	 14 	       14.319 	       14.085 	   0.97375 	   0.97393 	    0.001942 	     0.001925 	     0.003867 
18900 	 14 	       14.311 	       14.076 	   0.97376 	   0.97395 	    0.001940 	     0.001923 	     0.003863 
19000 	 14 	       14.261 	       14.026 	   0.97403 	   0.97421 	    0.001912 	     0.001896 	     0.003808 
19100 	 14 	       14.215 	       13.979 	   0.97425 	   0.97443 	    0.001894 	     0.001878 	     0.003771 
19200 	 14 	       14.204 	       13.967 	   0.97429 	   0.97447 	    0.001890 	     0.001874 	     0.003764 
19300 	 14 	       14.194 	       13.958 	   0.97432 	   0.97450 	    0.001887 	     0.001871 	     0.003758 
19400 	 14 	       14.186 	       13.949 	   0.97434 	   0.97452 	    0.001885 	     0.001869 	     0.003754 
19500 	 14 	       14.178 	       13.941 	   0.97436 	   0.97454 	    0.001883 	     0.001867 	     0.003750 
19600 	 14 	       14.171 	       13.933 	   0.97438 	   0.97456 	    0.001881 	     0.001865 	     0.003746 
19700 	 14 	       14.164 	       13.926 	   0.97439 	   0.97457 	    0.001879 	     0.001864 	     0.003743 
19800 	 14 	       14.158 	       13.919 	   0.97441 	   0.97459 	    0.001878 	     0.001862 	     0.003740 
19900 	 14 	       14.152 	       13.912 	   0.97443 	   0.97460 	    0.001876 	     0.001861 	     0.003737 
20000 	 14 	       14.112 	       13.872 	   0.97467 	   0.97484 	    0.001852 	     0.001837 	     0.003689 
100 	 15 	       21.951 	       21.637 	   0.93424 	   0.93415 	    0.006224 	     0.006223 	     0.012447 
200 	 15 	       22.471 	       22.030 	   0.93107 	   0.93104 	    0.006493 	     0.006488 	     0.012981 
300 	 15 	       22.920 	       22.365 	   0.92865 	   0.92868 	    0.006724 	     0.006715 	     0.013439 
400 	 15 	       23.051 	       22.402 	   0.92687 	   0.92693 	    0.006923 	     0.006912 	     0.013835 
500 	 15 	       23.624 	       22.903 	   0.92430 	   0.92437 	    0.007357 	     0.007344 	     0.014701 
600 	 15 	       24.402 	       23.637 	   0.92282 	   0.92290 	    0.007788 	     0.007774 	     0.015561 
700 	 15 	       24.585 	       23.780 	   0.92409 	   0.92418 	    0.007721 	     0.007707 	     0.015428 
800 	 15 	       24.682 	       23.831 	   0.92553 	   0.92563 	    0.007592 	     0.007577 	     0.015169 
900 	 15 	       24.788 	       23.919 	   0.92626 	   0.92638 	    0.007561 	     0.007546 	     0.015107 
1000 	 15 	       24.248 	       23.398 	   0.92923 	   0.92927 	    0.007421 	     0.007413 	     0.014834 
1100 	 15 	       20.775 	       19.904 	   0.93809 	   0.93832 	    0.005755 	     0.005733 	     0.011488 
1200 	 15 	       20.340 	       19.463 	   0.93868 	   0.93890 	    0.005615 	     0.005593 	     0.011208 
1300 	 15 	       20.067 	       19.190 	   0.93890 	   0.93911 	    0.005551 	     0.005529 	     0.011080 
1400 	 15 	       19.863 	       18.989 	   0.93900 	   0.93920 	    0.005514 	     0.005493 	     0.011007 
1500 	 15 	       19.704 	       18.833 	   0.93905 	   0.93925 	    0.005492 	     0.005471 	     0.010964 
1600 	 15 	       19.595 	       18.727 	   0.93907 	   0.93926 	    0.005484 	     0.005464 	     0.010948 
1700 	 15 	       19.537 	       18.672 	   0.93903 	   0.93922 	    0.005493 	     0.005473 	     0.010966 
1800 	 15 	       19.520 	       18.660 	   0.93893 	   0.93911 	    0.005516 	     0.005496 	     0.011012 
1900 	 15 	       19.508 	       18.657 	   0.93880 	   0.93898 	    0.005538 	     0.005518 	     0.011055 
2000 	 15 	       19.536 	       18.700 	   0.94081 	   0.94094 	    0.005494 	     0.005478 	     0.010973 
2100 	 15 	       18.373 	       17.528 	   0.94545 	   0.94569 	    0.004807 	     0.004785 	     0.009592 
2200 	 15 	       18.296 	       17.455 	   0.94565 	   0.94588 	    0.004793 	     0.004770 	     0.009563 
2300 	 15 	       18.256 	       17.420 	   0.94566 	   0.94589 	    0.004792 	     0.004770 	     0.009562 
2400 	 15 	       18.227 	       17.398 	   0.94567 	   0.94589 	    0.004793 	     0.004771 	     0.009564 
2500 	 15 	       18.206 	       17.382 	   0.94568 	   0.94590 	    0.004794 	     0.004772 	     0.009566 
2600 	 15 	       18.189 	       17.369 	   0.94572 	   0.94593 	    0.004795 	     0.004773 	     0.009568 
2700 	 15 	       18.175 	       17.358 	   0.94576 	   0.94597 	    0.004797 	     0.004774 	     0.009571 
2800 	 15 	       18.164 	       17.349 	   0.94580 	   0.94602 	    0.004798 	     0.004776 	     0.009574 
2900 	 15 	       18.154 	       17.342 	   0.94585 	   0.94606 	    0.004800 	     0.004778 	     0.009578 
3000 	 15 	       18.242 	       17.431 	   0.94756 	   0.94775 	    0.004764 	     0.004744 	     0.009508 
3100 	 15 	       17.573 	       16.745 	   0.95112 	   0.95137 	    0.004325 	     0.004301 	     0.008625 
3200 	 15 	       17.533 	       16.701 	   0.95139 	   0.95163 	    0.004311 	     0.004287 	     0.008598 
3300 	 15 	       17.519 	       16.685 	   0.95151 	   0.95175 	    0.004309 	     0.004285 	     0.008594 
3400 	 15 	       17.512 	       16.677 	   0.95161 	   0.95184 	    0.004309 	     0.004285 	     0.008594 
3500 	 15 	       17.507 	       16.670 	   0.95168 	   0.95191 	    0.004310 	     0.004286 	     0.008596 
3600 	 15 	       17.503 	       16.665 	   0.95174 	   0.95197 	    0.004311 	     0.004288 	     0.008599 
3700 	 15 	       17.500 	       16.660 	   0.95179 	   0.95202 	    0.004313 	     0.004289 	     0.008602 
3800 	 15 	       17.496 	       16.656 	   0.95183 	   0.95207 	    0.004314 	     0.004290 	     0.008605 
3900 	 15 	       17.492 	       16.651 	   0.95187 	   0.95210 	    0.004316 	     0.004291 	     0.008607 
4000 	 15 	       17.584 	       16.742 	   0.95323 	   0.95344 	    0.004274 	     0.004252 	     0.008526 
4100 	 15 	       17.109 	       16.263 	   0.95594 	   0.95620 	    0.003964 	     0.003939 	     0.007903 
4200 	 15 	       17.068 	       16.223 	   0.95615 	   0.95640 	    0.003949 	     0.003924 	     0.007873 
4300 	 15 	       17.047 	       16.204 	   0.95625 	   0.95651 	    0.003942 	     0.003917 	     0.007859 
4400 	 15 	       17.031 	       16.191 	   0.95633 	   0.95658 	    0.003937 	     0.003912 	     0.007850 
4500 	 15 	       17.018 	       16.180 	   0.95639 	   0.95664 	    0.003934 	     0.003909 	     0.007843 
4600 	 15 	       17.007 	       16.171 	   0.95644 	   0.95669 	    0.003931 	     0.003906 	     0.007836 
4700 	 15 	       16.997 	       16.162 	   0.95648 	   0.95673 	    0.003928 	     0.003903 	     0.007831 
4800 	 15 	       16.987 	       16.154 	   0.95651 	   0.95676 	    0.003925 	     0.003900 	     0.007826 
4900 	 15 	       16.978 	       16.146 	   0.95654 	   0.95679 	    0.003923 	     0.003898 	     0.007820 
5000 	 15 	       17.037 	       16.205 	   0.95762 	   0.95786 	    0.003876 	     0.003852 	     0.007727 
5100 	 15 	       16.691 	       15.858 	   0.95972 	   0.95999 	    0.003647 	     0.003621 	     0.007267 
5200 	 15 	       16.648 	       15.816 	   0.95988 	   0.96015 	    0.003631 	     0.003605 	     0.007236 
5300 	 15 	       16.622 	       15.791 	   0.95998 	   0.96025 	    0.003622 	     0.003596 	     0.007218 
5400 	 15 	       16.602 	       15.773 	   0.96005 	   0.96032 	    0.003615 	     0.003589 	     0.007204 
5500 	 15 	       16.585 	       15.759 	   0.96011 	   0.96037 	    0.003610 	     0.003584 	     0.007193 
5600 	 15 	       16.571 	       15.747 	   0.96016 	   0.96042 	    0.003605 	     0.003579 	     0.007184 
5700 	 15 	       16.558 	       15.738 	   0.96020 	   0.96046 	    0.003601 	     0.003575 	     0.007176 
5800 	 15 	       16.545 	       15.729 	   0.96023 	   0.96050 	    0.003597 	     0.003571 	     0.007168 
5900 	 15 	       16.534 	       15.721 	   0.96026 	   0.96053 	    0.003594 	     0.003568 	     0.007161 
6000 	 15 	       16.570 	       15.757 	   0.96112 	   0.96138 	    0.003546 	     0.003521 	     0.007066 
6100 	 15 	       16.303 	       15.495 	   0.96277 	   0.96305 	    0.003371 	     0.003344 	     0.006715 
6200 	 15 	       16.265 	       15.463 	   0.96291 	   0.96319 	    0.003357 	     0.003331 	     0.006688 
6300 	 15 	       16.240 	       15.443 	   0.96299 	   0.96327 	    0.003349 	     0.003323 	     0.006672 
6400 	 15 	       16.221 	       15.430 	   0.96306 	   0.96333 	    0.003343 	     0.003317 	     0.006660 
6500 	 15 	       16.206 	       15.421 	   0.96311 	   0.96339 	    0.003338 	     0.003312 	     0.006650 
6600 	 15 	       16.193 	       15.413 	   0.96316 	   0.96343 	    0.003334 	     0.003308 	     0.006642 
6700 	 15 	       16.181 	       15.406 	   0.96320 	   0.96347 	    0.003330 	     0.003304 	     0.006634 
6800 	 15 	       16.170 	       15.399 	   0.96323 	   0.96351 	    0.003326 	     0.003300 	     0.006626 
6900 	 15 	       16.160 	       15.393 	   0.96327 	   0.96355 	    0.003322 	     0.003296 	     0.006618 
7000 	 15 	       16.175 	       15.409 	   0.96396 	   0.96423 	    0.003275 	     0.003249 	     0.006524 
7100 	 15 	       15.967 	       15.205 	   0.96528 	   0.96557 	    0.003136 	     0.003110 	     0.006246 
7200 	 15 	       15.937 	       15.179 	   0.96540 	   0.96569 	    0.003124 	     0.003097 	     0.006221 
7300 	 15 	       15.915 	       15.162 	   0.96548 	   0.96577 	    0.003116 	     0.003089 	     0.006205 
7400 	 15 	       15.898 	       15.149 	   0.96555 	   0.96583 	    0.003109 	     0.003083 	     0.006192 
7500 	 15 	       15.884 	       15.139 	   0.96561 	   0.96589 	    0.003104 	     0.003077 	     0.006180 
7600 	 15 	       15.871 	       15.130 	   0.96566 	   0.96594 	    0.003098 	     0.003071 	     0.006170 
7700 	 15 	       15.858 	       15.122 	   0.96571 	   0.96599 	    0.003093 	     0.003066 	     0.006159 
7800 	 15 	       15.847 	       15.113 	   0.96576 	   0.96604 	    0.003088 	     0.003061 	     0.006149 
7900 	 15 	       15.835 	       15.104 	   0.96580 	   0.96608 	    0.003083 	     0.003056 	     0.006139 
8000 	 15 	       15.827 	       15.099 	   0.96637 	   0.96665 	    0.003036 	     0.003009 	     0.006045 
8100 	 15 	       15.653 	       14.929 	   0.96743 	   0.96772 	    0.002922 	     0.002895 	     0.005818 
8200 	 15 	       15.624 	       14.903 	   0.96755 	   0.96784 	    0.002909 	     0.002883 	     0.005792 
8300 	 15 	       15.602 	       14.884 	   0.96763 	   0.96792 	    0.002900 	     0.002873 	     0.005773 
8400 	 15 	       15.583 	       14.869 	   0.96770 	   0.96799 	    0.002892 	     0.002865 	     0.005757 
8500 	 15 	       15.567 	       14.856 	   0.96776 	   0.96805 	    0.002885 	     0.002858 	     0.005744 
8600 	 15 	       15.552 	       14.844 	   0.96782 	   0.96811 	    0.002879 	     0.002852 	     0.005731 
8700 	 15 	       15.539 	       14.833 	   0.96787 	   0.96816 	    0.002873 	     0.002846 	     0.005719 
8800 	 15 	       15.526 	       14.823 	   0.96792 	   0.96821 	    0.002867 	     0.002840 	     0.005707 
8900 	 15 	       15.514 	       14.813 	   0.96797 	   0.96825 	    0.002862 	     0.002835 	     0.005697 
9000 	 15 	       15.492 	       14.793 	   0.96843 	   0.96870 	    0.002817 	     0.002790 	     0.005607 
9100 	 15 	       15.341 	       14.647 	   0.96928 	   0.96956 	    0.002723 	     0.002697 	     0.005420 
9200 	 15 	       15.316 	       14.624 	   0.96938 	   0.96966 	    0.002711 	     0.002685 	     0.005395 
9300 	 15 	       15.295 	       14.606 	   0.96945 	   0.96973 	    0.002702 	     0.002676 	     0.005378 
9400 	 15 	       15.279 	       14.592 	   0.96951 	   0.96979 	    0.002695 	     0.002668 	     0.005363 
9500 	 15 	       15.265 	       14.580 	   0.96956 	   0.96984 	    0.002688 	     0.002662 	     0.005351 
9600 	 15 	       15.252 	       14.570 	   0.96960 	   0.96988 	    0.002683 	     0.002657 	     0.005340 
9700 	 15 	       15.240 	       14.561 	   0.96964 	   0.96992 	    0.002678 	     0.002652 	     0.005330 
9800 	 15 	       15.230 	       14.554 	   0.96968 	   0.96996 	    0.002673 	     0.002647 	     0.005321 
9900 	 15 	       15.220 	       14.547 	   0.96971 	   0.96999 	    0.002669 	     0.002643 	     0.005313 
10000 	 15 	       15.189 	       14.521 	   0.97007 	   0.97035 	    0.002628 	     0.002602 	     0.005230 
10100 	 15 	       15.057 	       14.395 	   0.97075 	   0.97103 	    0.002550 	     0.002525 	     0.005075 
10200 	 15 	       15.035 	       14.376 	   0.97083 	   0.97111 	    0.002540 	     0.002514 	     0.005054 
10300 	 15 	       15.018 	       14.361 	   0.97089 	   0.97117 	    0.002532 	     0.002507 	     0.005039 
10400 	 15 	       15.003 	       14.350 	   0.97093 	   0.97121 	    0.002526 	     0.002500 	     0.005026 
10500 	 15 	       14.991 	       14.340 	   0.97097 	   0.97125 	    0.002521 	     0.002495 	     0.005016 
10600 	 15 	       14.980 	       14.331 	   0.97100 	   0.97128 	    0.002516 	     0.002491 	     0.005007 
10700 	 15 	       14.969 	       14.324 	   0.97103 	   0.97130 	    0.002512 	     0.002487 	     0.004999 
10800 	 15 	       14.959 	       14.317 	   0.97105 	   0.97132 	    0.002509 	     0.002484 	     0.004992 
10900 	 15 	       14.950 	       14.311 	   0.97107 	   0.97134 	    0.002506 	     0.002480 	     0.004986 
11000 	 15 	       14.909 	       14.276 	   0.97136 	   0.97163 	    0.002466 	     0.002442 	     0.004908 
11100 	 15 	       14.796 	       14.166 	   0.97192 	   0.97219 	    0.002402 	     0.002377 	     0.004778 
11200 	 15 	       14.775 	       14.148 	   0.97199 	   0.97226 	    0.002392 	     0.002368 	     0.004760 
11300 	 15 	       14.759 	       14.135 	   0.97203 	   0.97230 	    0.002386 	     0.002361 	     0.004747 
11400 	 15 	       14.746 	       14.124 	   0.97207 	   0.97234 	    0.002381 	     0.002356 	     0.004737 
11500 	 15 	       14.734 	       14.115 	   0.97209 	   0.97236 	    0.002376 	     0.002352 	     0.004728 
11600 	 15 	       14.724 	       14.107 	   0.97212 	   0.97238 	    0.002373 	     0.002348 	     0.004721 
11700 	 15 	       14.714 	       14.100 	   0.97213 	   0.97240 	    0.002369 	     0.002345 	     0.004714 
11800 	 15 	       14.705 	       14.094 	   0.97215 	   0.97242 	    0.002367 	     0.002342 	     0.004709 
11900 	 15 	       14.696 	       14.088 	   0.97216 	   0.97243 	    0.002364 	     0.002340 	     0.004704 
12000 	 15 	       14.649 	       14.047 	   0.97241 	   0.97267 	    0.002327 	     0.002303 	     0.004630 
12100 	 15 	       14.548 	       13.949 	   0.97288 	   0.97315 	    0.002272 	     0.002248 	     0.004520 
12200 	 15 	       14.529 	       13.933 	   0.97294 	   0.97320 	    0.002264 	     0.002240 	     0.004504 
12300 	 15 	       14.514 	       13.920 	   0.97297 	   0.97324 	    0.002259 	     0.002235 	     0.004493 
12400 	 15 	       14.501 	       13.910 	   0.97300 	   0.97326 	    0.002254 	     0.002231 	     0.004485 
12500 	 15 	       14.490 	       13.902 	   0.97302 	   0.97328 	    0.002251 	     0.002227 	     0.004478 
12600 	 15 	       14.480 	       13.894 	   0.97304 	   0.97330 	    0.002248 	     0.002224 	     0.004472 
12700 	 15 	       14.471 	       13.888 	   0.97305 	   0.97332 	    0.002245 	     0.002221 	     0.004467 
12800 	 15 	       14.462 	       13.882 	   0.97306 	   0.97333 	    0.002243 	     0.002219 	     0.004462 
12900 	 15 	       14.454 	       13.876 	   0.97308 	   0.97334 	    0.002241 	     0.002217 	     0.004458 
13000 	 15 	       14.404 	       13.832 	   0.97328 	   0.97354 	    0.002207 	     0.002183 	     0.004390 
13100 	 15 	       14.313 	       13.744 	   0.97369 	   0.97395 	    0.002159 	     0.002136 	     0.004295 
13200 	 15 	       14.297 	       13.729 	   0.97374 	   0.97400 	    0.002153 	     0.002129 	     0.004282 
13300 	 15 	       14.283 	       13.718 	   0.97377 	   0.97403 	    0.002148 	     0.002125 	     0.004273 
13400 	 15 	       14.273 	       13.709 	   0.97379 	   0.97405 	    0.002144 	     0.002121 	     0.004266 
13500 	 15 	       14.263 	       13.702 	   0.97381 	   0.97407 	    0.002141 	     0.002118 	     0.004260 
13600 	 15 	       14.255 	       13.695 	   0.97383 	   0.97408 	    0.002139 	     0.002116 	     0.004255 
13700 	 15 	       14.247 	       13.690 	   0.97384 	   0.97409 	    0.002137 	     0.002114 	     0.004250 
13800 	 15 	       14.240 	       13.685 	   0.97385 	   0.97410 	    0.002135 	     0.002112 	     0.004247 
13900 	 15 	       14.234 	       13.680 	   0.97385 	   0.97411 	    0.002133 	     0.002110 	     0.004243 
14000 	 15 	       14.185 	       13.636 	   0.97404 	   0.97429 	    0.002102 	     0.002079 	     0.004181 
14100 	 15 	       14.106 	       13.559 	   0.97439 	   0.97465 	    0.002061 	     0.002039 	     0.004100 
14200 	 15 	       14.092 	       13.546 	   0.97444 	   0.97469 	    0.002055 	     0.002033 	     0.004088 
14300 	 15 	       14.081 	       13.537 	   0.97446 	   0.97472 	    0.002051 	     0.002029 	     0.004080 
14400 	 15 	       14.072 	       13.529 	   0.97448 	   0.97474 	    0.002048 	     0.002026 	     0.004074 
14500 	 15 	       14.064 	       13.523 	   0.97450 	   0.97475 	    0.002046 	     0.002023 	     0.004069 
14600 	 15 	       14.056 	       13.517 	   0.97451 	   0.97477 	    0.002044 	     0.002021 	     0.004065 
14700 	 15 	       14.050 	       13.513 	   0.97452 	   0.97478 	    0.002042 	     0.002020 	     0.004061 
14800 	 15 	       14.044 	       13.508 	   0.97453 	   0.97478 	    0.002040 	     0.002018 	     0.004058 
14900 	 15 	       14.038 	       13.505 	   0.97454 	   0.97479 	    0.002039 	     0.002017 	     0.004055 
15000 	 15 	       13.990 	       13.460 	   0.97470 	   0.97495 	    0.002010 	     0.001988 	     0.003998 
15100 	 15 	       13.920 	       13.391 	   0.97502 	   0.97527 	    0.001975 	     0.001953 	     0.003928 
15200 	 15 	       13.908 	       13.379 	   0.97506 	   0.97531 	    0.001970 	     0.001948 	     0.003918 
15300 	 15 	       13.898 	       13.371 	   0.97508 	   0.97533 	    0.001967 	     0.001945 	     0.003911 
15400 	 15 	       13.890 	       13.364 	   0.97510 	   0.97535 	    0.001964 	     0.001942 	     0.003906 
15500 	 15 	       13.883 	       13.359 	   0.97511 	   0.97536 	    0.001962 	     0.001940 	     0.003902 
15600 	 15 	       13.876 	       13.354 	   0.97513 	   0.97538 	    0.001960 	     0.001938 	     0.003898 
15700 	 15 	       13.871 	       13.349 	   0.97513 	   0.97539 	    0.001958 	     0.001937 	     0.003895 
15800 	 15 	       13.866 	       13.345 	   0.97514 	   0.97539 	    0.001957 	     0.001935 	     0.003892 
15900 	 15 	       13.861 	       13.341 	   0.97515 	   0.97540 	    0.001956 	     0.001934 	     0.003890 
16000 	 15 	       13.814 	       13.297 	   0.97529 	   0.97554 	    0.001930 	     0.001908 	     0.003838 
16100 	 15 	       13.752 	       13.234 	   0.97558 	   0.97583 	    0.001899 	     0.001878 	     0.003777 
16200 	 15 	       13.741 	       13.225 	   0.97562 	   0.97587 	    0.001895 	     0.001874 	     0.003768 
16300 	 15 	       13.732 	       13.217 	   0.97564 	   0.97589 	    0.001892 	     0.001871 	     0.003763 
16400 	 15 	       13.725 	       13.212 	   0.97566 	   0.97591 	    0.001890 	     0.001868 	     0.003758 
16500 	 15 	       13.719 	       13.207 	   0.97567 	   0.97592 	    0.001888 	     0.001866 	     0.003754 
16600 	 15 	       13.714 	       13.202 	   0.97568 	   0.97593 	    0.001886 	     0.001865 	     0.003751 
16700 	 15 	       13.709 	       13.198 	   0.97569 	   0.97594 	    0.001885 	     0.001863 	     0.003748 
16800 	 15 	       13.705 	       13.195 	   0.97570 	   0.97595 	    0.001883 	     0.001862 	     0.003746 
16900 	 15 	       13.701 	       13.192 	   0.97571 	   0.97596 	    0.001882 	     0.001861 	     0.003743 
17000 	 15 	       13.655 	       13.147 	   0.97584 	   0.97609 	    0.001859 	     0.001837 	     0.003696 
17100 	 15 	       13.601 	       13.093 	   0.97610 	   0.97634 	    0.001832 	     0.001811 	     0.003644 
17200 	 15 	       13.591 	       13.084 	   0.97613 	   0.97638 	    0.001829 	     0.001808 	     0.003636 
17300 	 15 	       13.584 	       13.077 	   0.97616 	   0.97640 	    0.001826 	     0.001805 	     0.003631 
17400 	 15 	       13.578 	       13.071 	   0.97617 	   0.97642 	    0.001824 	     0.001803 	     0.003627 
17500 	 15 	       13.572 	       13.067 	   0.97619 	   0.97643 	    0.001822 	     0.001801 	     0.003624 
17600 	 15 	       13.567 	       13.062 	   0.97620 	   0.97644 	    0.001821 	     0.001800 	     0.003621 
17700 	 15 	       13.563 	       13.058 	   0.97621 	   0.97645 	    0.001819 	     0.001799 	     0.003618 
17800 	 15 	       13.559 	       13.055 	   0.97622 	   0.97646 	    0.001818 	     0.001797 	     0.003616 
17900 	 15 	       13.555 	       13.051 	   0.97623 	   0.97647 	    0.001817 	     0.001796 	     0.003613 
18000 	 15 	       13.510 	       13.008 	   0.97635 	   0.97659 	    0.001796 	     0.001775 	     0.003571 
18100 	 15 	       13.463 	       12.959 	   0.97658 	   0.97682 	    0.001773 	     0.001753 	     0.003526 
18200 	 15 	       13.454 	       12.951 	   0.97662 	   0.97686 	    0.001770 	     0.001749 	     0.003519 
18300 	 15 	       13.447 	       12.945 	   0.97664 	   0.97688 	    0.001768 	     0.001747 	     0.003515 
18400 	 15 	       13.442 	       12.939 	   0.97665 	   0.97690 	    0.001766 	     0.001745 	     0.003511 
18500 	 15 	       13.437 	       12.934 	   0.97667 	   0.97691 	    0.001764 	     0.001744 	     0.003508 
18600 	 15 	       13.432 	       12.930 	   0.97668 	   0.97692 	    0.001763 	     0.001742 	     0.003505 
18700 	 15 	       13.428 	       12.926 	   0.97669 	   0.97693 	    0.001762 	     0.001741 	     0.003503 
18800 	 15 	       13.424 	       12.923 	   0.97670 	   0.97694 	    0.001761 	     0.001740 	     0.003501 
18900 	 15 	       13.420 	       12.920 	   0.97671 	   0.97695 	    0.001760 	     0.001739 	     0.003498 
19000 	 15 	       13.378 	       12.879 	   0.97682 	   0.97706 	    0.001741 	     0.001720 	     0.003461 
19100 	 15 	       13.337 	       12.837 	   0.97703 	   0.97727 	    0.001721 	     0.001701 	     0.003422 
19200 	 15 	       13.329 	       12.829 	   0.97707 	   0.97731 	    0.001718 	     0.001698 	     0.003416 
19300 	 15 	       13.323 	       12.824 	   0.97709 	   0.97733 	    0.001716 	     0.001696 	     0.003411 
19400 	 15 	       13.318 	       12.819 	   0.97710 	   0.97734 	    0.001714 	     0.001694 	     0.003408 
19500 	 15 	       13.313 	       12.814 	   0.97712 	   0.97736 	    0.001713 	     0.001693 	     0.003405 
19600 	 15 	       13.309 	       12.811 	   0.97713 	   0.97737 	    0.001712 	     0.001691 	     0.003403 
19700 	 15 	       13.305 	       12.807 	   0.97714 	   0.97738 	    0.001710 	     0.001690 	     0.003401 
19800 	 15 	       13.302 	       12.804 	   0.97715 	   0.97739 	    0.001709 	     0.001689 	     0.003399 
19900 	 15 	       13.298 	       12.801 	   0.97716 	   0.97740 	    0.001709 	     0.001688 	     0.003397 
20000 	 15 	       13.260 	       12.764 	   0.97726 	   0.97750 	    0.001692 	     0.001672 	     0.003363 
100 	 16 	       21.060 	       20.594 	   0.93134 	   0.93128 	    0.006635 	     0.006631 	     0.013267 
