   28      6     50      1   220     99 
    0.700      0.400   20000  100      0.000      0.000    100     16 
    0.990 	     0.010 
   2 
    4.5755e-001   0.0000e+000  
  4.5755e-001   0.0000e+000  
  1.0000e+000   0.0000e+000  
  1.0000e+000   0.0000e+000  
  1.0000e+000   0.0000e+000  
  1.0000e+000   0.0000e+000  
  1.0000e+000   0.0000e+000  
  1.0000e+000   0.0000e+000  
  1.0000e+000   0.0000e+000  
  1.0000e+000   0.0000e+000  
  1.9875e+000   0.0000e+000  
  1.9875e+000   0.0000e+000  
  5.4333e+001   2.6667e+000  
  5.4333e+001   2.6667e+000  
  4.3667e+001  -4.6667e+000  
  4.3667e+001  -4.6667e+000  
  4.4837e+000   0.0000e+000  
  4.4837e+000   0.0000e+000  
  4.3183e+000   0.0000e+000  
  4.3183e+000   0.0000e+000  
  1.8799e+002   1.7624e+002  
  1.8803e+002   1.7623e+002  
  1.8731e+002   1.7562e+002  
  1.8805e+002   1.7544e+002  
  1.0000e+000   0.0000e+000  
  1.0000e+000   0.0000e+000  
  1.0000e+000   0.0000e+000  
  1.0000e+000   0.0000e+000  
   2.9875e+002   0.0000e+000  
  itr    nh   avger[]   r2avg    mare[] 
100  16 2.875e+001   9.896e-001  4.490e+000 7.199e-002 
100  16 9.186e+001   7.092e-001  1.000e+003 1.004e+000 
   1  9.8960e-001   7.1992e-002   6.4254e+003   2.8747e-001 
 -9.4239e-002   9.8000e-001 
   1  7.0921e-001   1.0043e+000   8.9631e+004   9.1856e-001 
  7.8723e-001   8.2268e-001 
