   24      5     50      1  9731   4851 
    0.700      0.400   20000  100      0.000      0.000    100     16 
    0.990 	     0.010 
   2 
    1.0000e+000   0.0000e+000  
  1.0000e+000   0.0000e+000  
  1.0000e+000   0.0000e+000  
  1.0000e+000   0.0000e+000  
  1.0000e+000   0.0000e+000  
  1.0000e+000   0.0000e+000  
  1.0000e+000   0.0000e+000  
  1.0000e+000   0.0000e+000  
  1.0000e+000   0.0000e+000  
  1.0000e+000   0.0000e+000  
  1.0000e+000   0.0000e+000  
  1.0000e+000   0.0000e+000  
  1.0000e+000   0.0000e+000  
  1.0000e+000   0.0000e+000  
  1.0000e+000   0.0000e+000  
  1.0000e+000   0.0000e+000  
  1.9800e+000   0.0000e+000  
  5.7000e+001  -8.0000e+000  
  4.4800e+000   0.0000e+000  
  1.8824e+002   1.7538e+002  
  1.0000e+000   0.0000e+000  
  1.0000e+000   0.0000e+000  
  1.0000e+000   0.0000e+000  
  1.0000e+000   0.0000e+000  
   2.6555e+002   0.0000e+000  
  itr    nh   avger[]   r2avg    mare[] 
100  16 2.128e+001   9.572e-001  1.000e+001 3.842e+001 
100  16 2.055e+001   9.572e-001  1.000e+003 1.909e+001 
   1  9.5718e-001   3.8416e+001   2.7089e+006   2.1280e-001 
  7.0120e+000   1.0016e+000 
   1  9.5725e-001   1.9095e+001   1.3465e+006   2.0550e-001 
  6.9967e+000   1.0022e+000 
