 -8.4702e+000 -3.0398e+000 -1.5434e+001 -3.0518e+000  5.7572e+000
 -4.8984e+001  3.8177e+001  4.8326e+000 -8.2029e+000 -1.2321e+001
 -3.9313e+000 -8.0721e+000 -8.0378e+000  1.1848e+000 -3.6127e-001
 -5.4271e-001
  2.5262e+001
 1.57976107e+001 1.57977146e+001  1.57978016e+001 2.18099781e+001 2.18133086e+001  2.18165026e+001 1.09972474e+001 1.09972423e+001  1.09972290e+001 -1.53705767e+001 -1.53705751e+001  -1.53705735e+001 -1.47501320e+001 -1.47501320e+001  -1.47501320e+001
 -1.89972587e+001 -1.89972786e+001  -1.89972911e+001 3.83325774e+001 3.83325774e+001  3.83325774e+001 2.56360539e+001 2.56360540e+001  2.56360541e+001 1.16044826e+001 1.16045902e+001  1.16046935e+001 -1.36611106e+001 -1.36611106e+001  -1.36611106e+001
 -9.81093869e-001 -9.81093869e-001  -9.81093869e-001 5.59844845e+000 5.60053710e+000  5.60251005e+000 4.96846078e-001 4.97196555e-001  4.97516120e-001 1.72879459e-001 1.72881374e-001  1.72883149e-001 -2.11840749e+000 -2.11840472e+000  -2.11840208e+000
 -1.18389127e-002 -1.17702964e-002  -1.17047255e-002
 1.55167393e+001 1.55167393e+001  1.55167393e+001 -3.68448562e+001 -3.68448562e+001  -3.68448562e+001 -1.68837518e+001 -1.68837518e+001  -1.68837518e+001 2.96126566e+001 2.96126566e+001  2.96126566e+001 1.11802085e+001 1.11802085e+001  1.11802085e+001
 -3.62926354e+001 -3.62926354e+001  -3.62926354e+001 2.26426504e+001 2.26426504e+001  2.26426504e+001 6.08246691e+000 6.08246691e+000  6.08246691e+000 -1.07536487e+001 -1.07536487e+001  -1.07536487e+001 -3.01833272e+000 -3.01833272e+000  -3.01833272e+000
 -6.95313151e+000 -6.95313151e+000  -6.95313151e+000 -1.54734922e+001 -1.54734922e+001  -1.54734922e+001 4.57639244e-002 4.57639244e-002  4.57639244e-002 2.15085800e+000 2.15085800e+000  2.15085800e+000 5.60211666e+000 5.60211666e+000  5.60211666e+000
 -7.12514515e-001 -7.12514515e-001  -7.12514515e-001
 -2.73317890e+001 -2.73317890e+001  -2.73317890e+001 2.54666931e+001 2.54666931e+001  2.54666931e+001 -2.45720044e+000 -2.45720044e+000  -2.45720044e+000 4.52641252e-002 4.52594636e-002  4.52478096e-002 -1.89563987e+001 -1.89563989e+001  -1.89563994e+001
 -8.90001216e-001 -8.90001162e-001  -8.90001027e-001 2.43350265e+001 2.43350253e+001  2.43350222e+001 6.05614975e+000 6.05614940e+000  6.05614852e+000 5.50146126e+000 5.50146126e+000  5.50146126e+000 -1.03296355e+001 -1.03296355e+001  -1.03296355e+001
 -3.32050837e+000 -3.32050837e+000  -3.32050837e+000 -8.33966134e-001 -8.33966134e-001  -8.33966134e-001 -6.21377692e+000 -6.21377692e+000  -6.21377692e+000 7.95320259e-001 7.95320205e-001  7.95320069e-001 -4.25484884e+000 -4.25484886e+000  -4.25484889e+000
 1.10376367e-002 1.10365545e-002  1.10338488e-002
 -2.58372971e+001 -2.58372971e+001  -2.58372971e+001 -3.28492436e+001 -3.28492436e+001  -3.28492436e+001 1.70933728e+001 1.70933728e+001  1.70933728e+001 9.06293093e+000 9.06293093e+000  9.06293093e+000 1.30005363e+001 1.30005363e+001  1.30005363e+001
 1.20697557e+001 1.20697557e+001  1.20697557e+001 -2.15880353e+001 -2.15880353e+001  -2.15880353e+001 -1.36067995e+001 -1.36067995e+001  -1.36067995e+001 -8.53255239e+000 -8.53255239e+000  -8.53255239e+000 -8.14441044e+000 -8.14441044e+000  -8.14441044e+000
 1.14686328e+001 1.14686328e+001  1.14686328e+001 -1.09086125e+001 -1.09086125e+001  -1.09086125e+001 -8.73523854e-001 -8.73523854e-001  -8.73523854e-001 6.84911470e+000 6.84911470e+000  6.84911470e+000 2.22624354e+000 2.22624354e+000  2.22624354e+000
 -1.66151081e-002 -1.66151081e-002  -1.66151081e-002
 6.75019205e+000 6.75019205e+000  6.75019205e+000 1.73578768e+001 1.73578768e+001  1.73578768e+001 -2.89108212e+001 -2.89108212e+001  -2.89108212e+001 -2.79574374e+001 -2.79574374e+001  -2.79574374e+001 1.38079020e+001 1.38079020e+001  1.38079020e+001
 -1.60022205e+001 -1.60022205e+001  -1.60022205e+001 -2.41430552e+001 -2.41430552e+001  -2.41430552e+001 -1.87964889e+001 -1.87964889e+001  -1.87964889e+001 -9.62825756e+000 -9.62825756e+000  -9.62825756e+000 1.99833541e+001 1.99833541e+001  1.99833541e+001
 -4.29375022e+000 -4.29375022e+000  -4.29375022e+000 1.10149561e+001 1.10149561e+001  1.10149561e+001 -4.18755149e+000 -4.18755149e+000  -4.18755149e+000 -8.92216383e+000 -8.92216383e+000  -8.92216383e+000 -1.91652567e+000 -1.91652567e+000  -1.91652567e+000
 -1.74534150e-001 -1.74534150e-001  -1.74534150e-001
 -8.58831180e+000 -8.58820786e+000  -8.58812087e+000 -1.92088960e+001 -1.92055655e+001  -1.92023715e+001 -6.25843059e-001 -6.25848176e-001  -6.25861528e-001 1.21433722e+001 1.21433739e+001  1.21433755e+001 -1.51370806e+001 -1.51370806e+001  -1.51370806e+001
 3.15238843e+001 3.15238644e+001  3.15238519e+001 1.76253405e+001 1.76253405e+001  1.76253405e+001 1.30299646e+000 1.30299657e+000  1.30299668e+000 1.48109461e+000 1.48120222e+000  1.48130548e+000 5.95659132e+000 5.95659132e+000  5.95659132e+000
 -1.39688558e+001 -1.39688558e+001  -1.39688558e+001 6.15262201e+000 6.15471066e+000  6.15668361e+000 5.48058291e-001 5.48408768e-001  5.48728333e-001 6.63607312e+000 6.63607503e+000  6.63607681e+000 2.00222916e+000 2.00223192e+000  2.00223457e+000
 -1.00919750e+000 -1.00912888e+000  -1.00906331e+000
 1.94979805e+001 1.94979805e+001  1.94979805e+001 -1.62446297e+001 -1.62446297e+001  -1.62446297e+001 2.48042774e+001 2.48042774e+001  2.48042774e+001 -1.61230502e+001 -1.61230502e+001  -1.61230502e+001 -4.86199800e+000 -4.86199800e+000  -4.86199800e+000
 -4.65397369e+000 -4.65397369e+000  -4.65397369e+000 1.25070213e+001 1.25070213e+001  1.25070213e+001 -2.10643595e+001 -2.10643595e+001  -2.10643595e+001 -8.68066111e+000 -8.68066111e+000  -8.68066111e+000 -5.99020142e+000 -5.99020142e+000  -5.99020142e+000
 1.64875374e+001 1.64875374e+001  1.64875374e+001 4.43094858e-001 4.43094858e-001  4.43094858e-001 -4.21308734e+000 -4.21308734e+000  -4.21308734e+000 6.01524059e-001 6.01524059e-001  6.01524059e-001 -6.31816984e+000 -6.31816984e+000  -6.31816984e+000
 -4.54738397e-002 -4.54738397e-002  -4.54738397e-002
 -8.12862312e+000 -8.12862312e+000  -8.12862312e+000 -1.58204937e+001 -1.58204937e+001  -1.58204937e+001 1.38904143e+001 1.38904143e+001  1.38904143e+001 -5.83452451e+000 -5.83452451e+000  -5.83452451e+000 5.69242151e+000 5.69242151e+000  5.69242151e+000
 -8.83054238e+000 -8.83054238e+000  -8.83054238e+000 6.27651724e+000 6.27651724e+000  6.27651724e+000 1.75610358e+001 1.75610358e+001  1.75610358e+001 -5.04081465e+000 -5.04081465e+000  -5.04081465e+000 7.57353458e-001 7.57353458e-001  7.57353458e-001
 1.61631578e+001 1.61631578e+001  1.61631578e+001 -1.82061218e+000 -1.82061218e+000  -1.82061218e+000 -3.37065071e+000 -3.37065071e+000  -3.37065071e+000 9.89023744e-001 9.89023744e-001  9.89023744e-001 -4.68800738e+000 -4.68800738e+000  -4.68800738e+000
 6.92288723e-001 6.92288723e-001  6.92288723e-001
 2.42342402e-001 2.42342402e-001  2.42342402e-001 1.94767612e+001 1.94767612e+001  1.94767612e+001 -2.88744110e+001 -2.88744110e+001  -2.88744110e+001 1.07916867e+001 1.07916867e+001  1.07916867e+001 7.23028720e+000 7.23028720e+000  7.23028720e+000
 -4.78225095e+001 -4.78225095e+001  -4.78225095e+001 1.06606334e+001 1.06606334e+001  1.06606334e+001 2.42240389e+001 2.42240389e+001  2.42240389e+001 1.22041778e+000 1.22041778e+000  1.22041778e+000 -4.68688383e+000 -4.68688383e+000  -4.68688383e+000
 -1.21670390e+001 -1.21670390e+001  -1.21670390e+001 -7.39781047e+000 -7.39781047e+000  -7.39781047e+000 1.02763213e+000 1.02763213e+000  1.02763213e+000 -3.76432890e+000 -3.76432890e+000  -3.76432890e+000 5.78013600e+000 5.78013600e+000  5.78013600e+000
 -1.04055444e-001 -1.04055444e-001  -1.04055444e-001
 1.06555057e+001 1.06555057e+001  1.06555057e+001 1.67030109e+001 1.67030109e+001  1.67030109e+001 2.66487599e+001 2.66487599e+001  2.66487599e+001 -2.17923020e+001 -2.17923020e+001  -2.17923020e+001 -3.46277699e+000 -3.46277699e+000  -3.46277699e+000
 -1.57404728e+001 -1.57404728e+001  -1.57404728e+001 5.79875729e+000 5.79875729e+000  5.79875729e+000 -7.20348733e+000 -7.20348733e+000  -7.20348733e+000 1.47100274e+001 1.47100274e+001  1.47100274e+001 -4.48058132e+000 -4.48058132e+000  -4.48058132e+000
 2.80029771e+000 2.80029771e+000  2.80029771e+000 -3.16784164e+000 -3.16784164e+000  -3.16784164e+000 -4.50952991e+000 -4.50952991e+000  -4.50952991e+000 -9.19139279e+000 -9.19139279e+000  -9.19139279e+000 5.52729319e-001 5.52729319e-001  5.52729319e-001
 -4.15498873e-001 -4.15498873e-001  -4.15498873e-001
 -2.49483839e+001 -2.49483839e+001  -2.49483839e+001 3.01843601e+001 3.01843601e+001  3.01843601e+001 -2.72059250e+001 -2.72059250e+001  -2.72059250e+001 2.57216732e+001 2.57216685e+001  2.57216568e+001 -6.38599780e+000 -6.38599801e+000  -6.38599853e+000
 -7.35669727e+000 -7.35669722e+000  -7.35669709e+000 5.04808882e-003 5.04684017e-003  5.04371855e-003 5.61209572e+000 5.61209537e+000  5.61209449e+000 -5.25126135e+000 -5.25126135e+000  -5.25126135e+000 -7.41831199e+000 -7.41831199e+000  -7.41831199e+000
 -1.49943972e+001 -1.49943972e+001  -1.49943972e+001 -1.19849607e+001 -1.19849607e+001  -1.19849607e+001 -9.86171001e-001 -9.86171002e-001  -9.86171003e-001 9.60038114e+000 9.60038109e+000  9.60038095e+000 2.38720575e+000 2.38720574e+000  2.38720570e+000
 3.16226465e-001 3.16225383e-001  3.16222677e-001
 -3.49315905e+000 -3.49315905e+000  -3.49315905e+000 -1.97288126e+001 -1.97288126e+001  -1.97288126e+001 -2.82986161e+001 -2.82986161e+001  -2.82986161e+001 -8.93525095e+000 -8.93525095e+000  -8.93525095e+000 2.18649852e+001 2.18649852e+001  2.18649852e+001
 -6.49536701e+000 -6.49536701e+000  -6.49536701e+000 -1.32941539e+001 -1.32941539e+001  -1.32941539e+001 -1.50609380e+001 -1.50609380e+001  -1.50609380e+001 -1.02473175e+001 -1.02473175e+001  -1.02473175e+001 6.91898702e-001 6.91898702e-001  6.91898702e-001
 1.59944799e+000 1.59944799e+000  1.59944799e+000 7.17284185e+000 7.17284185e+000  7.17284185e+000 7.71506274e-001 7.71506274e-001  7.71506274e-001 -3.82527178e+000 -3.82527178e+000  -3.82527178e+000 -1.77544816e-001 -1.77544816e-001  -1.77544816e-001
 -3.38754585e-001 -3.38754585e-001  -3.38754585e-001
 -1.36999955e+001 -1.36999955e+001  -1.36999955e+001 -6.22956912e+000 -6.22956912e+000  -6.22956912e+000 -4.21473397e+000 -4.21473397e+000  -4.21473397e+000 3.86266417e+001 3.86266417e+001  3.86266417e+001 5.87101305e+000 5.87101305e+000  5.87101305e+000
 -2.71744040e+000 -2.71744040e+000  -2.71744040e+000 -1.24560757e+001 -1.24560757e+001  -1.24560757e+001 -1.20354257e+001 -1.20354257e+001  -1.20354257e+001 9.26950035e+000 9.26950035e+000  9.26950035e+000 6.75603793e+000 6.75603793e+000  6.75603793e+000
 -1.82164369e+001 -1.82164369e+001  -1.82164369e+001 3.27432363e+000 3.27432363e+000  3.27432363e+000 7.17842426e-001 7.17842426e-001  7.17842426e-001 2.70838471e+000 2.70838471e+000  2.70838471e+000 6.35301900e+000 6.35301900e+000  6.35301900e+000
 1.14582261e-001 1.14582261e-001  1.14582261e-001
 -1.19617076e+001 -1.19617071e+001  -1.19617066e+001 1.64265933e+002 1.64265951e+002  1.64265968e+002 2.77141447e+000 2.77141444e+000  2.77141437e+000 -5.87960758e+001 -5.87960772e+001  -5.87960807e+001 4.79523008e+001 4.79523007e+001  4.79523006e+001
 5.89216003e+001 5.89216002e+001  5.89216002e+001 1.73841075e+001 1.73841072e+001  1.73841062e+001 2.33811675e+001 2.33811674e+001  2.33811671e+001 -4.01402861e+001 -4.01402855e+001  -4.01402850e+001 7.59735937e+000 7.59735937e+000  7.59735937e+000
 -8.41513057e-001 -8.41513057e-001  -8.41513057e-001 2.72395576e+001 2.72395686e+001  2.72395790e+001 -3.48354388e+000 -3.48354202e+000  -3.48354034e+000 -1.64370861e+001 -1.64370861e+001  -1.64370862e+001 4.96470315e+000 4.96470316e+000  4.96470316e+000
 -1.07232569e-001 -1.07232531e-001  -1.07232994e-001
 -2.09427308e+001 -2.09426926e+001  -2.09426609e+001 3.87023937e-001 3.88255687e-001  3.89440091e-001 -8.72578223e-001 -8.72580531e-001  -8.72586509e-001 -2.07159349e-001 -2.07160738e-001  -2.07165161e-001 5.27616204e-001 5.27616113e-001  5.27615886e-001
 -1.39826259e+001 -1.39826332e+001  -1.39826376e+001 1.88190204e+001 1.88190199e+001  1.88190185e+001 -2.69878652e+001 -2.69878653e+001  -2.69878656e+001 9.27961220e-001 9.28000915e-001  9.28038952e-001 -1.57822889e+000 -1.57822889e+000  -1.57822889e+000
 -1.11058521e+001 -1.11058521e+001  -1.11058521e+001 -3.63436117e-001 -3.62664515e-001  -3.61935016e-001 7.71532764e-001 7.71662371e-001  7.71780865e-001 -9.67585623e-001 -9.67584938e-001  -9.67584337e-001 1.92404568e+000 1.92404669e+000  1.92404765e+000
 -4.11471513e-001 -4.11446624e-001  -4.11423527e-001
 1.75964577e+001 1.75965279e+001  1.75965863e+001 6.91094303e-001 6.93347358e-001  6.95496090e-001 1.80978358e+001 1.80978331e+001  1.80978260e+001 -8.20435757e-002 -8.20457555e-002  -8.20529548e-002 -8.83200914e-001 -8.83201064e-001  -8.83201439e-001
 4.25958158e+001 4.25958023e+001  4.25957940e+001 -5.41350446e+001 -5.41350455e+001  -5.41350477e+001 -7.97555104e+000 -7.97555122e+000  -7.97555177e+000 1.82228527e+000 1.82235828e+000  1.82242828e+000 1.07408174e+001 1.07408174e+001  1.07408174e+001
 5.30590315e+000 5.30590315e+000  5.30590315e+000 -6.80487569e-002 -6.66343106e-002  -6.53034841e-002 4.31470154e+000 4.31493826e+000  4.31515221e+000 -2.65457488e+000 -2.65457363e+000  -2.65457253e+000 -3.28021475e+000 -3.28021288e+000  -3.28021110e+000
 -4.62638856e-001 -4.62593171e-001  -4.62550893e-001
 3.53620154e+001 3.53620741e+001  3.53621227e+001 1.35270664e-001 1.37152451e-001  1.38943393e-001 2.68293345e+001 2.68293325e+001  2.68293271e+001 -2.48364469e-001 -2.48366338e-001  -2.48372472e-001 -1.98207087e+000 -1.98207099e+000  -1.98207131e+000
 5.41651546e+001 5.41651434e+001  5.41651364e+001 -5.05139387e+001 -5.05139394e+001  -5.05139413e+001 -1.34120560e+000 -1.34120575e+000  -1.34120622e+000 1.89064088e+000 1.89070192e+000  1.89076043e+000 1.67074885e+001 1.67074885e+001  1.67074885e+001
 6.79776543e+000 6.79776543e+000  6.79776543e+000 -2.70490718e-001 -2.69308888e-001  -2.68198554e-001 5.16550563e+000 5.16570323e+000  5.16588123e+000 -3.62396125e+000 -3.62396020e+000  -3.62395929e+000 -1.88903712e+000 -1.88903556e+000  -1.88903406e+000
 -2.78472500e-001 -2.78434343e-001  -2.78399109e-001
 1.81264876e+001 1.81264876e+001  1.81264876e+001 -6.45273747e-001 -6.45273747e-001  -6.45273747e-001 4.41769533e+000 4.41769533e+000  4.41769533e+000 9.52151937e-001 9.52151937e-001  9.52151937e-001 1.40664859e+000 1.40664859e+000  1.40664859e+000
 -5.15577580e+000 -5.15577580e+000  -5.15577580e+000 1.41071348e+001 1.41071348e+001  1.41071348e+001 1.36522179e+001 1.36522179e+001  1.36522179e+001 -3.50635228e+000 -3.50635228e+000  -3.50635228e+000 -1.49118162e+001 -1.49118162e+001  -1.49118162e+001
 -1.40020743e-001 -1.40020743e-001  -1.40020743e-001 -2.95058924e+000 -2.95058924e+000  -2.95058924e+000 -1.36127669e+000 -1.36127669e+000  -1.36127669e+000 4.19034583e+000 4.19034583e+000  4.19034583e+000 6.39810192e-001 6.39810192e-001  6.39810192e-001
 1.54474782e-001 1.54474782e-001  1.54474782e-001
 1.20083890e+001 1.20083890e+001  1.20083890e+001 -1.01782481e+000 -1.01782481e+000  -1.01782481e+000 2.37485020e+000 2.37485020e+000  2.37485020e+000 -1.19465379e+000 -1.19465379e+000  -1.19465379e+000 1.57382887e+000 1.57382887e+000  1.57382887e+000
 -1.02186851e+001 -1.02186851e+001  -1.02186851e+001 3.88196182e+001 3.88196182e+001  3.88196182e+001 6.34238520e+000 6.34238520e+000  6.34238520e+000 -2.85285747e+000 -2.85285747e+000  -2.85285747e+000 2.64501348e+001 2.64501348e+001  2.64501348e+001
 -2.05684340e-001 -2.05684340e-001  -2.05684340e-001 -2.91538772e+000 -2.91538772e+000  -2.91538772e+000 -4.14537309e+000 -4.14537309e+000  -4.14537309e+000 -7.50905059e+000 -7.50905059e+000  -7.50905059e+000 4.40649290e+000 4.40649290e+000  4.40649290e+000
 -5.71268602e-002 -5.71268602e-002  -5.71268602e-002
 -2.23396114e+001 -2.23396114e+001  -2.23396114e+001 -1.67808033e+000 -1.67808033e+000  -1.67808033e+000 -1.33539459e+001 -1.33539459e+001  -1.33539459e+001 -2.13633794e+000 -2.13633794e+000  -2.13633794e+000 7.54745596e-001 7.54745596e-001  7.54745596e-001
 -2.13979275e+001 -2.13979275e+001  -2.13979275e+001 -7.11591938e+000 -7.11591938e+000  -7.11591938e+000 -7.37307026e+000 -7.37307026e+000  -7.37307026e+000 -2.82306457e+000 -2.82306457e+000  -2.82306457e+000 -1.18111067e+001 -1.18111067e+001  -1.18111067e+001
 -1.83203867e+000 -1.83203867e+000  -1.83203867e+000 -2.35793249e+000 -2.35793249e+000  -2.35793249e+000 -2.62606896e+000 -2.62606896e+000  -2.62606896e+000 1.90526165e+000 1.90526165e+000  1.90526165e+000 -2.79037217e+000 -2.79037217e+000  -2.79037217e+000
 -7.20874370e-001 -7.20874370e-001  -7.20874370e-001
 -2.28502821e+001 -2.28501782e+001  -2.28500912e+001 -1.62358538e+000 -1.62025488e+000  -1.61706084e+000 -1.34597045e+001 -1.34597096e+001  -1.34597230e+001 -2.04301383e+000 -2.04301682e+000  -2.04302688e+000 7.77462611e-001 7.77462400e-001  7.77461872e-001
 -2.30641416e+001 -2.30641614e+001  -2.30641737e+001 -6.23166974e+000 -6.23167098e+000  -6.23167411e+000 -7.25015068e+000 -7.25015092e+000  -7.25015169e+000 -2.62624045e+000 -2.62613284e+000  -2.62602958e+000 -1.48973469e+001 -1.48973469e+001  -1.48973469e+001
 -1.90210738e+000 -1.90210738e+000  -1.90210738e+000 -2.37875685e+000 -2.37666820e+000  -2.37469525e+000 -2.59952352e+000 -2.59917305e+000  -2.59885348e+000 2.45945170e+000 2.45945356e+000  2.45945520e+000 -2.71735273e+000 -2.71734998e+000  -2.71734737e+000
 -2.80938600e-001 -2.80871066e-001  -2.80808201e-001
 -4.20322307e-001 -4.20834448e-001 -4.21243952e-001
 -1.32169324e+001 -1.32173335e+001 -1.32177102e+001
 -2.00910269e+000 -2.01017143e+000 -2.01119504e+000
 -1.15336788e+001 -1.15336724e+001 -1.15336563e+001
 -1.29803818e+001 -1.29803818e+001 -1.29803817e+001
 2.55726846e+000 2.55726062e+000 2.55725577e+000
 -8.48503538e-001 -8.49564599e-001 -8.50568746e-001
 -4.54321937e-001 -4.55386454e-001 -4.56399577e-001
 -1.12315572e+001 -1.12326133e+001 -1.12336197e+001
 -5.58859451e-001 -5.58859451e-001 -5.58859451e-001
 -1.09020189e+001 -1.09020189e+001 -1.09020189e+001
 -1.06216012e+001 -1.06224069e+001 -1.06231782e+001
 -1.14612019e+001 -1.14612334e+001 -1.14612621e+001
 -8.58872052e-001 -8.59928661e-001 -8.60925188e-001
 -8.22660069e-001 -8.22663422e-001 -8.22666612e-001
 -8.93147180e-001 -8.93228920e-001 -8.93304588e-001
