 -3.1941e-001 -4.8032e-001 -2.4174e-001 -1.0289e+000 -3.4575e-001
 -4.2896e-001 -1.4518e+000 -3.1145e-001  6.8883e-001 -1.6468e+000
  6.4563e-001 -1.2427e+000 -4.0353e-001 -2.0305e+000 -1.5235e-001
 -1.1482e-002
 -9.2022e-001
 -1.18168607e-001 -1.18159951e-001  -1.18153492e-001 1.80592069e-001 1.80605902e-001  1.80615137e-001 1.48828157e-001 1.48889667e-001  1.48899863e-001 2.55673509e+000 2.55681326e+000  2.55683013e+000 -2.35908712e+000 -2.35884727e+000  -2.35884798e+000
 2.10078364e-001 2.10076220e-001  2.10075687e-001 2.85821474e-001 2.85913220e-001  2.85900782e-001 7.57735394e-001 7.57657766e-001  7.57651053e-001 -3.39013653e+000 -3.39013241e+000  -3.39012735e+000 8.58285509e-001 8.58301927e-001  8.58299554e-001
 -4.33543379e+000 -4.33534588e+000  -4.33532286e+000 5.57260084e+000 5.57260531e+000  5.57261694e+000 -2.32242746e+000 -2.32225505e+000  -2.32225169e+000 -5.66369737e+000 -5.66380847e+000  -5.66381593e+000 -3.72828068e-002 -3.72835133e-002  -3.72835752e-002
 -3.43636266e-003 -3.43997961e-003  -3.44027671e-003
 -3.24848640e-001 -3.24842882e-001  -3.24843668e-001 -4.18465788e-001 -4.18456838e-001  -4.18459813e-001 6.71013043e-001 6.71066211e-001  6.71055553e-001 1.04276118e+000 1.04282854e+000  1.04281840e+000 1.96819085e+000 1.96842079e+000  1.96839531e+000
 7.32480133e-002 7.32462132e-002  7.32465391e-002 3.58419474e+000 3.58426992e+000  3.58421608e+000 1.07465656e+000 1.07458443e+000  1.07459149e+000 -2.72893607e-001 -2.72899063e-001  -2.72917948e-001 2.77040828e+000 2.77042226e+000  2.77041378e+000
 2.20662617e+000 2.20670732e+000  2.20671342e+000 7.74575657e+000 7.74577691e+000  7.74582822e+000 -8.01356416e-001 -8.01188941e-001  -8.01197902e-001 3.27017972e+000 3.27007044e+000  3.27006755e+000 1.68362926e-002 1.68356378e-002  1.68357051e-002
 -5.05389484e-003 -5.05720807e-003  -5.05674586e-003
 2.05819392e-001 2.05819392e-001  2.05819392e-001 -4.77195221e-002 -4.77195221e-002  -4.77195221e-002 -1.23165308e-001 -1.23165308e-001  -1.23165308e-001 -2.80466660e-001 -2.80466660e-001  -2.80466660e-001 3.06678477e-001 3.06678477e-001  3.06678477e-001
 -2.49976587e-001 -2.49976587e-001  -2.49976587e-001 -1.18988495e+000 -1.18988495e+000  -1.18988495e+000 -2.23572693e-001 -2.23572693e-001  -2.23572693e-001 -7.93559171e-001 -7.93559171e-001  -7.93559171e-001 -1.55312730e+000 -1.55312730e+000  -1.55312730e+000
 -3.06798124e+000 -3.06798124e+000  -3.06798124e+000 -2.72218439e-001 -2.72218439e-001  -2.72218439e-001 -3.23644899e+000 -3.23644899e+000  -3.23644899e+000 -4.25822637e+000 -4.25822637e+000  -4.25822637e+000 -1.99223437e-002 -1.99223437e-002  -1.99223437e-002
 -2.41037929e-003 -2.41037929e-003  -2.41037929e-003
 5.83204428e-002 5.83204428e-002  5.83204428e-002 1.60751408e-001 1.60751408e-001  1.60751408e-001 5.37905242e-003 5.37905242e-003  5.37905242e-003 3.14854967e-001 3.14854967e-001  3.14854967e-001 1.12957748e-001 1.12957748e-001  1.12957748e-001
 2.74377023e-001 2.74377023e-001  2.74377023e-001 -6.77797693e-001 -6.77797693e-001  -6.77797693e-001 3.63320547e-001 3.63320547e-001  3.63320547e-001 1.44579984e-001 1.44579984e-001  1.44579984e-001 6.22653891e-001 6.22653891e-001  6.22653891e-001
 4.98933351e-001 4.98933351e-001  4.98933351e-001 1.08458337e+000 1.08458337e+000  1.08458337e+000 1.64413729e+000 1.64413729e+000  1.64413729e+000 1.91912929e+000 1.91912929e+000  1.91912929e+000 -7.72992088e-003 -7.72992088e-003  -7.72992088e-003
 -6.99326175e-004 -6.99326175e-004  -6.99326175e-004
 2.74796425e-001 2.74801384e-001  2.74813783e-001 4.24024097e-001 4.24028908e-001  4.24040936e-001 2.77223144e-002 2.77252396e-002  2.77325526e-002 6.06370747e-001 6.06373736e-001  6.06381209e-001 -1.53038058e+000 -1.53038865e+000  -1.53040881e+000
 -3.55998673e-001 -3.55998820e-001  -3.55999187e-001 -1.70782104e+000 -1.70784377e+000  -1.70790058e+000 -4.82225058e-001 -4.82224696e-001  -4.82223790e-001 -2.26338014e+000 -2.26338675e+000  -2.26340326e+000 -1.31894269e-001 -1.31898210e-001  -1.31908064e-001
 -8.68826973e-001 -8.68814161e-001  -8.68782130e-001 -4.85885030e+000 -4.85882703e+000  -4.85876884e+000 -7.94427388e-001 -7.94427025e-001  -7.94426117e-001 -1.89826353e+000 -1.89827010e+000  -1.89828651e+000 -2.44517749e-001 -2.44517754e-001  -2.44517766e-001
 -1.52035754e-002 -1.52035562e-002  -1.52035080e-002
 -3.98217808e-001 -3.98209750e-001  -3.98209575e-001 -6.37903714e-001 -6.37890282e-001  -6.37890046e-001 -7.90523277e-001 -7.90447307e-001  -7.90446252e-001 -1.63736031e+000 -1.63726601e+000  -1.63726513e+000 1.35887709e+000 1.35919389e+000  1.35919620e+000
 -2.18872974e-001 -2.18875530e-001  -2.18875572e-001 1.21795929e+000 1.21808534e+000  1.21808239e+000 2.58989051e-002 2.57995992e-002  2.57977923e-002 2.30633860e+000 2.30634221e+000  2.30634432e+000 -2.04655141e+000 -2.04652854e+000  -2.04652846e+000
 1.15907041e+000 1.15917644e+000  1.15918268e+000 1.98483286e+000 1.98483276e+000  1.98483312e+000 -4.17535176e-001 -4.17308395e-001  -4.17303988e-001 -4.77607550e-001 -4.77749843e-001  -4.77750010e-001 3.94744078e-002 3.94735048e-002  3.94734891e-002
 -1.76321808e-003 -1.76784555e-003  -1.76791039e-003
 -4.41584512e-001 -4.41584512e-001  -4.41584512e-001 -6.39572378e-001 -6.39572378e-001  -6.39572378e-001 3.62634904e-001 3.62634904e-001  3.62634904e-001 -5.91318440e-001 -5.91318440e-001  -5.91318440e-001 -3.87160030e-001 -3.87160030e-001  -3.87160030e-001
 -5.17844143e-001 -5.17844143e-001  -5.17844143e-001 -1.48657747e+000 -1.48657747e+000  -1.48657747e+000 -6.63580077e-001 -6.63580077e-001  -6.63580077e-001 7.64593577e-001 7.64593577e-001  7.64593577e-001 -7.60303058e-001 -7.60303058e-001  -7.60303058e-001
 6.86934984e-001 6.86934984e-001  6.86934984e-001 -1.16183493e-001 -1.16183493e-001  -1.16183493e-001 9.41283751e-001 9.41283751e-001  9.41283751e-001 -1.49204674e+000 -1.49204674e+000  -1.49204674e+000 -3.64417879e-002 -3.64417879e-002  -3.64417879e-002
 -2.17235191e-003 -2.17235191e-003  -2.17235191e-003
 -9.22260005e-001 -9.22251795e-001  -9.22251239e-001 -2.21885974e-001 -2.21871981e-001  -2.21870341e-001 -1.00020216e+000 -1.00012934e+000  -1.00013615e+000 -1.47761351e-001 -1.47665691e-001  -1.47661404e-001 -2.01148351e-001 -2.00844468e-001  -2.00874458e-001
 -3.19767348e-001 -3.19769896e-001  -3.19769919e-001 -5.71185983e-001 -5.71083978e-001  -5.71147042e-001 -3.04061966e-001 -3.04159557e-001  -3.04157076e-001 1.59610218e+000 1.59609927e+000  1.59608509e+000 -1.39701053e+000 -1.39699182e+000  -1.39700215e+000
 8.24251386e-001 8.24361178e-001  8.24376814e-001 -6.42470560e-001 -6.42447439e-001  -6.42389030e-001 1.60303043e+000 1.60324966e+000  1.60323518e+000 -1.41070932e+000 -1.41085352e+000  -1.41085845e+000 -2.27161951e-001 -2.27162831e-001  -2.27162790e-001
 -1.72106526e-002 -1.72151251e-002  -1.72148023e-002
 1.28617495e+000 1.28617983e+000  1.28619201e+000 5.20329822e-001 5.20334101e-001  5.20344798e-001 1.21580248e+000 1.21580880e+000  1.21582460e+000 8.36654304e-004 8.38307667e-004  8.42441076e-004 4.70953974e-001 4.70959159e-001  4.70972122e-001
 -2.24575938e-001 -2.24576103e-001  -2.24576513e-001 -7.11278598e-001 -7.11275651e-001  -7.11268285e-001 -4.32342426e-001 -4.32344018e-001  -4.32347996e-001 -4.54080537e-001 -4.54079782e-001  -4.54077894e-001 -1.35287023e+000 -1.35287001e+000  -1.35286946e+000
 -2.63281095e-001 -2.63271536e-001  -2.63247638e-001 -5.37683668e-001 -5.37683765e-001  -5.37684009e-001 -1.49640784e+000 -1.49639985e+000  -1.49637988e+000 -3.22408169e+000 -3.22408668e+000  -3.22409916e+000 -1.38494594e-002 -1.38494918e-002  -1.38495728e-002
 -1.58150788e-003 -1.58166328e-003  -1.58205179e-003
 -5.57944382e-001 -5.57944450e-001  -5.57944620e-001 -7.22739974e-001 -7.22740003e-001  -7.22740076e-001 -1.28431101e-001 -1.28431348e-001  -1.28431965e-001 -9.29868609e-001 -9.29868637e-001  -9.29868706e-001 -2.24775036e-001 -2.24775368e-001  -2.24776197e-001
 1.13501015e-001 1.13501025e-001  1.13501050e-001 2.60782883e-002 2.60766631e-002  2.60725999e-002 3.94730505e-001 3.94730744e-001  3.94731341e-001 5.01942150e-001 5.01941305e-001  5.01939193e-001 7.05723183e-001 7.05723189e-001  7.05723203e-001
 1.36897871e+000 1.36897820e+000  1.36897694e+000 -7.99096716e-001 -7.99096564e-001  -7.99096184e-001 6.91827997e-001 6.91827925e-001  6.91827746e-001 1.89418200e+000 1.89418233e+000  1.89418316e+000 -4.73719080e-004 -4.73714162e-004  -4.73701867e-004
 -3.46984904e-004 -3.46965265e-004  -3.46916169e-004
 -7.52698277e-001 -7.52696774e-001  -7.52693123e-001 -4.42327550e-001 -4.42326198e-001  -4.42322992e-001 -7.22412760e-001 -7.22410464e-001  -7.22405722e-001 -1.16015598e+000 -1.16015499e+000  -1.16015374e+000 -1.10305607e+000 -1.10305284e+000  -1.10304894e+000
 -7.22626229e-001 -7.22626292e-001  -7.22626415e-001 -2.41260400e+000 -2.41260245e+000  -2.41260023e+000 -6.75486901e-001 -6.75487904e-001  -6.75489109e-001 -1.51422446e-001 -1.51422194e-001  -1.51421602e-001 -1.35824593e-001 -1.35824406e-001  -1.35824240e-001
 -1.84363606e+000 -1.84363263e+000  -1.84362542e+000 -4.28741883e+000 -4.28741886e+000  -4.28741893e+000 -9.03274072e-001 -9.03270478e-001  -9.03264467e-001 -3.61800676e+000 -3.61800901e+000  -3.61801277e+000 -9.33246907e-002 -9.33247052e-002  -9.33247296e-002
 -5.92078097e-004 -5.92149265e-004  -5.92266411e-004
 -3.30326371e-001 -3.30326272e-001  -3.30326024e-001 4.00426173e-002 4.00428321e-002  4.00433694e-002 -6.63354715e-001 -6.63354461e-001  -6.63353824e-001 8.22857187e-003 8.22911917e-003  8.23048741e-003 -3.11992525e+000 -3.11992517e+000  -3.11992495e+000
 -2.35489880e-001 -2.35489894e-001  -2.35489929e-001 -1.63047879e+000 -1.63047877e+000  -1.63047872e+000 -3.74405704e-001 -3.74405890e-001  -3.74406355e-001 1.44345807e+000 1.44345827e+000  1.44345877e+000 3.15168583e-001 3.15168607e-001  3.15168668e-001
 4.91515459e+000 4.91515490e+000  4.91515567e+000 1.28832786e+000 1.28832766e+000  1.28832715e+000 -6.67440441e-001 -6.67440425e-001  -6.67440386e-001 -1.95305569e+000 -1.95305576e+000  -1.95305594e+000 2.40751669e-003 2.40751551e-003  2.40751255e-003
 -5.14020709e-004 -5.14028608e-004  -5.14048355e-004
 -2.34732342e+000 -2.34731748e+000  -2.34731010e+000 -2.10987973e+000 -2.10987202e+000  -2.10986525e+000 -2.74603185e+000 -2.74600225e+000  -2.74599893e+000 -2.78479813e+000 -2.78476185e+000  -2.78475904e+000 -2.92534650e+000 -2.92523382e+000  -2.92524762e+000
 -1.06497750e+000 -1.06497853e+000  -1.06497870e+000 3.14331412e+000 3.14334532e+000  3.14330428e+000 -3.76102925e-001 -3.76139373e-001  -3.76138272e-001 -3.71211602e+000 -3.71211974e+000  -3.71213162e+000 1.30902153e+000 1.30902737e+000  1.30902059e+000
 -1.22022932e+000 -1.22018223e+000  -1.22016136e+000 1.63196346e+000 1.63197948e+000  1.63201977e+000 -5.68478069e+000 -5.68469611e+000  -5.68469516e+000 7.42681612e+000 7.42675890e+000  7.42674892e+000 -1.77176331e-001 -1.77176667e-001  -1.77176668e-001
 -1.28134017e-002 -1.28150928e-002  -1.28150158e-002
 4.11148586e-001 4.11156918e-001  4.11165253e-001 -1.80317010e-001 -1.80305457e-001  -1.80297440e-001 1.37518309e+000 1.37523269e+000  1.37523852e+000 -1.68082332e+000 -1.68076253e+000  -1.68075752e+000 7.25561442e-001 7.25755009e-001  7.25744730e-001
 5.21903626e-002 5.21886653e-002  5.21883949e-002 3.47236533e+000 3.47243036e+000  3.47239389e+000 2.09810029e-001 2.09748055e-001  2.09747356e-001 1.96946861e-001 1.96945149e-001  1.96936552e-001 1.99203001e+000 1.99204182e+000  1.99203561e+000
 -5.17769795e-002 -5.17023982e-002  -5.16779306e-002 1.03556629e+000 1.03558078e+000  1.03561736e+000 -7.33281526e-001 -7.33139252e-001  -7.33135611e-001 5.93532110e+000 5.93522775e+000  5.93521688e+000 -1.83891477e-001 -1.83892046e-001  -1.83892067e-001
 -1.14730739e-002 -1.14759631e-002  -1.14759869e-002
 -8.78163162e-001 -8.78157581e-001  -8.78151753e-001 -1.81546278e+000 -1.81545503e+000  -1.81544923e+000 4.62219068e-001 4.62250777e-001  4.62253199e-001 -3.47510052e+000 -3.47506042e+000  -3.47505574e+000 1.28163775e+000 1.28176034e+000  1.28174548e+000
 -1.29205969e+000 -1.29206079e+000  -1.29206096e+000 8.64557458e-001 8.64593980e-001  8.64555862e-001 -1.30142365e+000 -1.30146359e+000  -1.30146316e+000 3.41973930e+000 3.41973631e+000  3.41972602e+000 -2.92272759e+000 -2.92272062e+000  -2.92272644e+000
 2.74126224e+000 2.74131251e+000  2.74133287e+000 5.14317443e-001 5.14332093e-001  5.14368963e-001 1.34665494e+000 1.34674691e+000  1.34674793e+000 -5.96930003e+000 -5.96936132e+000  -5.96936986e+000 -1.67464683e-001 -1.67465049e-001  -1.67465053e-001
 -9.68077857e-003 -9.68263147e-003  -9.68258283e-003
 -2.70340987e-001 -2.70333229e-001  -2.70322785e-001 -4.57549412e-001 -4.57539164e-001  -4.57528491e-001 -5.76245034e-002 -5.75863894e-002  -5.75757704e-002 -1.06365186e+000 -1.06360605e+000  -1.06359682e+000 5.57857517e-001 5.57997423e-001  5.57993187e-001
 -2.58331263e-003 -2.58462098e-003  -2.58504597e-003 2.86187339e+000 2.86192012e+000  2.86189436e+000 3.22667711e-001 3.22622320e-001  3.22619324e-001 7.61207805e-001 7.61207168e-001  7.61202483e-001 -1.20769401e+000 -1.20768556e+000  -1.20769002e+000
 1.49214396e+000 1.49220146e+000  1.49222918e+000 -5.08515125e-002 -5.08408267e-002  -5.08138405e-002 -1.22071156e+000 -1.22060740e+000  -1.22059917e+000 2.75105495e+000 2.75098626e+000  2.75097393e+000 -1.42628892e-001 -1.42629313e-001  -1.42629360e-001
 -9.12921825e-003 -9.13135514e-003  -9.13154044e-003
 -2.93364413e-001 -2.93356807e-001  -2.93351426e-001 -5.14952616e-001 -5.14941371e-001  -5.14936024e-001 1.87055849e-001 1.87108385e-001  1.87110774e-001 -6.71494612e-001 -6.71429482e-001  -6.71427009e-001 -8.59490420e-001 -8.59278286e-001  -8.59287115e-001
 -5.24094886e-001 -5.24096688e-001  -5.24096856e-001 -3.69244563e+000 -3.69237142e+000  -3.69240306e+000 -6.25503860e-001 -6.25570893e-001  -6.25570207e-001 3.64423635e-001 3.64422357e-001  3.64414450e-001 1.10043122e-001 1.10056294e-001  1.10050229e-001
 -4.56470352e-001 -4.56394686e-001  -4.56382247e-001 -2.42317901e+000 -2.42316699e+000  -2.42313654e+000 6.28593133e-001 6.28745205e-001  6.28741310e-001 2.75765879e-001 2.75666052e-001  2.75659243e-001 -1.69708650e-001 -1.69709260e-001  -1.69709254e-001
 -1.41354981e-002 -1.41386018e-002  -1.41385068e-002
 6.46969426e-002 6.47033198e-002  6.47049596e-002 2.24950388e-001 2.24960776e-001  2.24962863e-001 -1.79746842e-001 -1.79693881e-001  -1.79696762e-001 3.43142601e-001 3.43210392e-001  3.43211644e-001 -3.01149452e-001 -3.00928903e-001  -3.00943176e-001
 3.61319184e-001 3.61317347e-001  3.61317303e-001 -7.73436694e-001 -7.73360795e-001  -7.73398881e-001 4.48445446e-001 4.48375597e-001  4.48377508e-001 1.45267696e+000 1.45267532e+000  1.45266629e+000 1.94339759e-001 1.94353342e-001  1.94346390e-001
 8.64571490e-001 8.64648252e-001  8.64654752e-001 -3.50490933e+000 -3.50489578e+000  -3.50486149e+000 -3.22676931e-002 -3.21107988e-002  -3.21215034e-002 2.53032043e+000 2.53021726e+000  2.53021402e+000 -1.56228494e-001 -1.56229123e-001  -1.56229091e-001
 -1.35118666e-002 -1.35150699e-002  -1.35148382e-002
 3.12463234e-002 3.12518364e-002  3.12546089e-002 -1.35153426e-001 -1.35145163e-001  -1.35142890e-001 3.62963531e-001 3.63004804e-001  3.63003850e-001 5.61025304e-001 5.61076496e-001  5.61074981e-001 8.22861961e-001 8.23032691e-001  8.23024104e-001
 -7.57464477e-001 -7.57465887e-001  -7.57465910e-001 4.76086101e-001 4.76145162e-001  4.76117438e-001 -1.03440506e+000 -1.03445859e+000  -1.03445654e+000 -9.10793393e-001 -9.10795089e-001  -9.10803132e-001 -1.73178518e+000 -1.73177471e+000  -1.73178003e+000
 -6.47383728e-001 -6.47324343e-001  -6.47318601e-001 -1.10969324e-002 -1.10865658e-002  -1.10603152e-002 -8.94782667e-001 -8.94660842e-001  -8.94666448e-001 -1.77108285e+000 -1.77116283e+000  -1.77116672e+000 -1.34157724e-001 -1.34158209e-001  -1.34158187e-001
 -1.18726363e-002 -1.18751049e-002  -1.18749334e-002
 -1.09529445e-001 -1.09524725e-001  -1.09523668e-001 5.09566745e-002 5.09641748e-002  5.09649877e-002 1.81729203e-002 1.82121564e-002  1.82086433e-002 5.60478226e-001 5.60527971e-001  5.60525988e-001 -1.16156755e-001 -1.15991472e-001  -1.16003087e-001
 4.08317720e-001 4.08316369e-001  4.08316407e-001 -8.48536884e-003 -8.42945570e-003  -8.46078287e-003 5.70634182e-001 5.70582281e-001  5.70585110e-001 7.43328195e-001 7.43326030e-001  7.43316907e-001 1.38530535e+000 1.38531534e+000  1.38530960e+000
 1.50141754e+000 1.50147426e+000  1.50147681e+000 5.16351300e+000 5.16352418e+000  5.16355248e+000 4.01822048e+000 4.01833789e+000  4.01832882e+000 3.03868039e+000 3.03860301e+000  3.03860084e+000 -1.33811028e-001 -1.33811496e-001  -1.33811459e-001
 -1.21909520e-002 -1.21933292e-002  -1.21930837e-002
 -1.74967166e-001 -1.74959717e-001  -1.74952040e-001 -2.68201861e-001 -2.68191400e-001  -2.68183522e-001 1.04618104e-001 1.04661892e-001  1.04667843e-001 -2.19305989e-001 -2.19251882e-001  -2.19245342e-001 -3.61831471e-001 -3.61661965e-001  -3.61671033e-001
 -4.87218957e-001 -4.87220462e-001  -4.87220743e-001 -4.60203554e+000 -4.60197865e+000  -4.60201077e+000 -7.55734715e-001 -7.55789142e-001  -7.55790126e-001 -4.50001475e-001 -4.50002985e-001  -4.50010542e-001 -5.34571756e-001 -5.34561307e-001  -5.34566489e-001
 -1.28086594e+000 -1.28080055e+000  -1.28077895e+000 -2.63871373e+000 -2.63870160e+000  -2.63867093e+000 2.07807309e+000 2.07819764e+000  2.07820069e+000 2.62404867e-003 2.54227514e-003  2.53272598e-003 -1.35243036e-001 -1.35243535e-001  -1.35243553e-001
 -1.01948774e-002 -1.01974137e-002  -1.01974494e-002
 1.91088703e-001 1.91094601e-001  1.91097595e-001 5.59173491e-001 5.59182858e-001  5.59186649e-001 -4.63667297e-001 -4.63623088e-001  -4.63623724e-001 9.20079463e-001 9.20136754e-001  9.20141753e-001 1.95226755e-001 1.95406333e-001  1.95390499e-001
 4.62813832e-001 4.62812287e-001  4.62812162e-001 -1.11628816e+000 -1.11622931e+000  -1.11626938e+000 4.00657822e-001 4.00600020e-001  4.00600565e-001 7.09680141e-001 7.09678188e-001  7.09669245e-001 -6.43943725e-001 -6.43932790e-001  -6.43939065e-001
 1.42686582e-001 1.42753176e-001  1.42767318e-001 -4.22330931e+000 -4.22329530e+000  -4.22325992e+000 9.87076232e-001 9.87206490e-001  9.87201048e-001 2.53664384e+000 2.53655810e+000  2.53655302e+000 -1.18099266e-001 -1.18099788e-001  -1.18099774e-001
 -9.39263303e-003 -9.39528728e-003  -9.39515228e-003
 1.51715627e-001 1.51720722e-001  1.51725518e-001 1.17244595e-001 1.17251674e-001  1.17256114e-001 2.33614687e-001 2.33645616e-001  2.33647837e-001 1.07732939e+000 1.07736756e+000  1.07736960e+000 1.52504651e+000 1.52516854e+000  1.52515960e+000
 -7.93728837e-001 -7.93729894e-001  -7.93730011e-001 3.96057785e-001 3.96097186e-001  3.96069207e-001 -1.24012752e+000 -1.24016651e+000  -1.24016597e+000 -1.84915976e+000 -1.84916177e+000  -1.84916955e+000 -2.79310800e+000 -2.79310065e+000  -2.79310500e+000
 -1.36061933e+000 -1.36057235e+000  -1.36055784e+000 1.29746072e-001 1.29756488e-001  1.29782767e-001 1.45757892e-001 1.45847940e-001  1.45849371e-001 -2.59194492e+000 -2.59200403e+000  -2.59201042e+000 -9.42074689e-002 -9.42078259e-002  -9.42078268e-002
 -7.57197652e-003 -7.57378725e-003  -7.57373969e-003
 -9.46651951e-003 -9.46231614e-003  -9.45944720e-003 3.14656027e-001 3.14662250e-001  3.14665050e-001 -1.74277553e-001 -1.74248912e-001  -1.74249567e-001 1.04753563e+000 1.04757218e+000  1.04757369e+000 4.31960319e-001 4.32076227e-001  4.32063886e-001
 4.69626518e-001 4.69625527e-001  4.69625478e-001 -2.03822338e-001 -2.03786475e-001  -2.03818503e-001 4.99364032e-001 4.99326879e-001  4.99328284e-001 -6.32424808e-002 -6.32450209e-002  -6.32540106e-002 6.28022111e-001 6.28028917e-001  6.28024083e-001
 9.63712884e-001 9.63756865e-001  9.63767795e-001 5.84545726e+000 5.84546860e+000  5.84549718e+000 5.55877345e+000 5.55885855e+000  5.55885608e+000 2.69632861e+000 2.69627241e+000  2.69626795e+000 -9.38178957e-002 -9.38182325e-002  -9.38182167e-002
 -7.92966884e-003 -7.93137692e-003  -7.93124612e-003
 -6.63975159e-001 -6.63975099e-001  -6.63974948e-001 -8.70902047e-001 -8.70901961e-001  -8.70901748e-001 -7.37631825e-001 -7.37631468e-001  -7.37630574e-001 -7.03298618e-001 -7.03298276e-001  -7.03297422e-001 6.41615271e-001 6.41615864e-001  6.41617346e-001
 -1.09975145e+000 -1.09975147e+000  -1.09975150e+000 -3.81067597e-001 -3.81069125e-001  -3.81072945e-001 -1.05830021e+000 -1.05830086e+000  -1.05830249e+000 -1.36925568e+000 -1.36925484e+000  -1.36925276e+000 -2.30079346e+000 -2.30079345e+000  -2.30079341e+000
 -2.23381060e+000 -2.23380813e+000  -2.23380196e+000 -3.96928244e-001 -3.96928067e-001  -3.96927624e-001 -1.33875100e+000 -1.33874938e+000  -1.33874533e+000 -5.36927355e+000 -5.36927360e+000  -5.36927373e+000 5.40754922e-002 5.40754870e-002  5.40754739e-002
 4.30052561e-003 4.30050480e-003  4.30045279e-003
 8.53657955e-001 8.53663169e-001  8.53676203e-001 1.44360855e+000 1.44361389e+000  1.44362724e+000 1.95159585e-001 1.95165152e-001  1.95179070e-001 1.21852354e+000 1.21852966e+000  1.21854496e+000 3.02010542e-001 3.02005780e-001  3.01993873e-001
 9.81765724e-001 9.81765529e-001  9.81765042e-001 -1.26185475e+000 -1.26186440e+000  -1.26188851e+000 4.88798766e-001 4.88797412e-001  4.88794027e-001 2.23039016e-002 2.23003354e-002  2.22914198e-002 -1.11723675e+000 -1.11723742e+000  -1.11723910e+000
 1.98444315e+000 1.98445904e+000  1.98449876e+000 -1.08761230e+000 -1.08760097e+000  -1.08757265e+000 5.12680308e+000 5.12681118e+000  5.12683144e+000 3.68366420e+000 3.68365753e+000  3.68364083e+000 -7.19289229e-002 -7.19289525e-002  -7.19290264e-002
 -1.82733074e-003 -1.82747565e-003  -1.82783792e-003
 -1.05733804e+000 -1.05733029e+000  -1.05733090e+000 -5.87023653e-001 -5.87010833e-001  -5.87012129e-001 -7.89251601e-001 -7.89178633e-001  -7.89185083e-001 -1.44733732e-001 -1.44642908e-001  -1.44650711e-001 -9.96272744e-001 -9.95959840e-001  -9.95967277e-001
 -8.33765879e-001 -8.33768373e-001  -8.33768259e-001 1.11994173e+000 1.12005623e+000  1.12002439e+000 -6.53126489e-001 -6.53223428e-001  -6.53219319e-001 3.01846906e+000 3.01846878e+000  3.01846119e+000 -3.54398104e-001 -3.54378512e-001  -3.54386646e-001
 3.41470403e-003 3.51519753e-003  3.50758829e-003 9.83365583e-002 9.83482246e-002  9.83779965e-002 -2.41743642e+000 -2.41721900e+000  -2.41723801e+000 -1.00047463e+000 -1.00061677e+000  -1.00061654e+000 -1.07866411e-001 -1.07867284e-001  -1.07867224e-001
 -7.07556964e-003 -7.08001208e-003  -7.07961433e-003
 4.72192044e-001 4.72192044e-001  4.72192044e-001 -6.39932963e-001 -6.39932963e-001  -6.39932964e-001 1.16041886e+000 1.16041886e+000  1.16041887e+000 -1.73427892e+000 -1.73427892e+000  -1.73427893e+000 -2.17837135e-001 -2.17837132e-001  -2.17837126e-001
 1.76874463e-001 1.76874463e-001  1.76874463e-001 -1.10596077e+000 -1.10596077e+000  -1.10596076e+000 4.79878727e-001 4.79878727e-001  4.79878726e-001 -4.57149036e-001 -4.57149029e-001  -4.57149011e-001 1.27015498e+000 1.27015498e+000  1.27015498e+000
 1.68926575e+000 1.68926575e+000  1.68926574e+000 -1.10820317e+000 -1.10820317e+000  -1.10820316e+000 -1.11584150e+000 -1.11584150e+000  -1.11584149e+000 -6.26721686e-001 -6.26721678e-001  -6.26721659e-001 -1.15765288e-001 -1.15765288e-001  -1.15765288e-001
 -1.45367707e-002 -1.45367707e-002  -1.45367708e-002
 -1.36851911e+000 -1.36853182e+000 -1.36854881e+000
 -1.53064126e+000 -1.53065475e+000 -1.53066622e+000
 -1.95878670e+000 -1.95883715e+000 -1.95885602e+000
 -3.32959695e+000 -3.32962911e+000 -3.32963356e+000
 -2.97728365e+000 -2.97748534e+000 -2.97747868e+000
 1.22006225e-001 1.21982636e-001 1.21978541e-001
 -3.65042013e+000 -3.65079547e+000 -3.65076712e+000
 1.23702792e+000 1.23692125e+000 1.23692027e+000
 -2.35888032e+000 -2.35928912e+000 -2.35925158e+000
 -3.76045855e+000 -3.76046361e+000 -3.76046086e+000
 -2.86669683e+000 -2.86707428e+000 -2.86705507e+000
 3.45427735e+000 3.45386853e+000 3.45390876e+000
 -2.32760460e+000 -2.32775553e+000 -2.32776115e+000
 5.63568288e+000 5.63528918e+000 5.63530000e+000
 1.31335846e-002 1.30459269e-002 1.30423796e-002
 4.36515869e-002 4.34505200e-002 4.34489300e-002
