  1.9039e+001 -2.4164e+000  2.8055e+001 -1.9997e+001 -3.9773e+000
  3.3800e+000 -6.8060e+000  3.2462e+000 -8.8724e+000 -9.1211e+000
 -2.3985e+000 -2.9235e+000 -9.6900e-001 -1.5511e+000 -6.9239e-001
  1.9497e+000
 1.17977741e+001 1.17977741e+001  1.17977741e+001 -1.61042014e+000 -1.61041899e+000  -1.61041811e+000 -1.80255042e+001 -1.80255042e+001  -1.80255042e+001 1.19671453e+001 1.19671453e+001  1.19671453e+001 2.81365392e+000 2.81365392e+000  2.81365392e+000
 3.53971364e+001 3.53971364e+001  3.53971364e+001 1.55874353e+001 1.55874353e+001  1.55874353e+001 1.32245605e+000 1.32245605e+000  1.32245605e+000 5.36565675e+000 5.36565675e+000  5.36565675e+000 -1.01539867e+001 -1.01539867e+001  -1.01539867e+001
 -1.11439293e+000 -1.11437742e+000  -1.11436497e+000 4.42800121e+000 4.42800118e+000  4.42800117e+000 8.02305671e+000 8.02305714e+000  8.02305751e+000 5.33024730e+000 5.33024476e+000  5.33024193e+000 4.75842847e+000 4.75842847e+000  4.75842847e+000
 1.39760260e-001 1.39760260e-001  1.39760260e-001 3.11716135e+000 3.11716135e+000  3.11716135e+000 -9.48145118e-001 -9.48145118e-001  -9.48145118e-001 -7.35515785e+000 -7.35515785e+000  -7.35515785e+000 -1.30511446e+000 -1.30511446e+000  -1.30511446e+000
 -3.63306453e+001 -3.63306453e+001  -3.63306453e+001 4.88412960e+000 4.88412960e+000  4.88412960e+000 9.64215417e+000 9.64215417e+000  9.64215417e+000 -1.25272916e+001 -1.25272916e+001  -1.25272916e+001 7.81438841e+000 7.81438841e+000  7.81438841e+000
 -4.53399898e+000 -4.53399898e+000  -4.53399898e+000 -3.86204409e+000 -3.86204409e+000  -3.86204409e+000 -3.55278906e+000 -3.55278906e+000  -3.55278906e+000 -5.62327639e+000 -5.62327639e+000  -5.62327639e+000 -3.62470842e+000 -3.62470842e+000  -3.62470842e+000
 2.62079851e+001 2.62079851e+001  2.62079851e+001 -7.70504702e+000 -7.70504702e+000  -7.70504702e+000 3.25302528e+001 3.25302528e+001  3.25302528e+001 1.51408470e+001 1.51408470e+001  1.51408470e+001 1.06888691e+000 1.06888691e+000  1.06888691e+000
 -1.71425110e+001 -1.71425110e+001  -1.71425110e+001 -1.65155510e+001 -1.65155510e+001  -1.65155510e+001 6.47307567e+000 6.47307567e+000  6.47307567e+000 -1.25533680e+001 -1.25533680e+001  -1.25533680e+001 -1.14774677e+001 -1.14774677e+001  -1.14774677e+001
 -3.38484533e-001 -3.38484533e-001  -3.38484533e-001 -7.17406450e+000 -7.17406450e+000  -7.17406450e+000 -9.89558909e+000 -9.89558909e+000  -9.89558909e+000 -3.26423546e-001 -3.26423546e-001  -3.26423546e-001 -6.09291146e+000 -6.09291146e+000  -6.09291146e+000
 9.77648873e+000 9.77648873e+000  9.77648873e+000 -6.68501373e-002 -6.68501373e-002  -6.68501373e-002 -2.57071746e+001 -2.57071746e+001  -2.57071746e+001 9.03978015e+000 9.03978015e+000  9.03978015e+000 2.15440973e+000 2.15440973e+000  2.15440973e+000
 -1.04600258e+001 -1.04600258e+001  -1.04600258e+001 7.11477109e-001 7.11477109e-001  7.11477109e-001 -5.28729917e+000 -5.28729917e+000  -5.28729917e+000 4.40415604e+000 4.40415604e+000  4.40415604e+000 -1.20389571e+001 -1.20389571e+001  -1.20389571e+001
 -3.15292442e-001 -3.15292442e-001  -3.15292442e-001 7.94783907e+000 7.94783907e+000  7.94783907e+000 6.26407336e+000 6.26407336e+000  6.26407336e+000 -9.42252673e-001 -9.42252673e-001  -9.42252673e-001 1.67681017e+000 1.67681017e+000  1.67681017e+000
 -2.22789326e+001 -2.22789326e+001  -2.22789326e+001 1.17206912e+000 1.17206912e+000  1.17206912e+000 4.08300514e+001 4.08300514e+001  4.08300514e+001 -5.16626389e+001 -5.16626389e+001  -5.16626389e+001 -1.04578126e+001 -1.04578126e+001  -1.04578126e+001
 3.02921866e+001 3.02921866e+001  3.02921866e+001 -1.39201431e+001 -1.39201431e+001  -1.39201431e+001 -9.54506749e+000 -9.54506749e+000  -9.54506749e+000 4.17223023e+000 4.17223023e+000  4.17223023e+000 1.20855096e+001 1.20855096e+001  1.20855096e+001
 4.05162363e+000 4.05162363e+000  4.05162363e+000 -4.66740889e+000 -4.66740889e+000  -4.66740889e+000 -3.18482437e-001 -3.18482437e-001  -3.18482437e-001 -8.99040280e-001 -8.99040280e-001  -8.99040280e-001 1.98565413e+000 1.98565413e+000  1.98565413e+000
 -1.76995556e+001 -1.76995556e+001  -1.76995556e+001 1.17824416e+001 1.17824427e+001  1.17824436e+001 -5.92918048e+001 -5.92918048e+001  -5.92918048e+001 5.24138475e+001 5.24138475e+001  5.24138475e+001 -1.70491046e+000 -1.70491046e+000  -1.70491046e+000
 -3.28813648e+001 -3.28813648e+001  -3.28813648e+001 -1.48811174e+000 -1.48811174e+000  -1.48811174e+000 -1.52219790e+001 -1.52219790e+001  -1.52219790e+001 -1.24952032e+001 -1.24952032e+001  -1.24952032e+001 1.36353194e+001 1.36353194e+001  1.36353194e+001
 2.03290837e+000 2.03292388e+000  2.03293634e+000 -9.64815110e+000 -9.64815112e+000  -9.64815114e+000 -4.24213625e+000 -4.24213582e+000  -4.24213544e+000 -5.57863456e+000 -5.57863709e+000  -5.57863992e+000 7.52080942e+000 7.52080943e+000  7.52080943e+000
 -3.46673846e+001 -3.46673846e+001  -3.46673846e+001 -1.67618929e+001 -1.67618929e+001  -1.67618929e+001 4.74527116e+001 4.74527116e+001  4.74527116e+001 -2.03164084e+001 -2.03164084e+001  -2.03164084e+001 -1.61392830e+000 -1.61392830e+000  -1.61392830e+000
 4.08934732e+000 4.08934732e+000  4.08934732e+000 -5.20859800e+000 -5.20859800e+000  -5.20859800e+000 1.15302559e+001 1.15302559e+001  1.15302559e+001 -4.45767186e+000 -4.45767186e+000  -4.45767186e+000 -6.99232522e+000 -6.99232522e+000  -6.99232522e+000
 4.37834848e+000 4.37834848e+000  4.37834848e+000 -5.13617517e+000 -5.13617517e+000  -5.13617517e+000 -1.94720822e+000 -1.94720822e+000  -1.94720822e+000 1.19134556e-001 1.19134556e-001  1.19134556e-001 -1.54065305e+000 -1.54065305e+000  -1.54065305e+000
 7.39464249e+000 7.39464249e+000  7.39464249e+000 9.14523067e+000 9.14523067e+000  9.14523067e+000 8.69039791e+000 8.69039791e+000  8.69039791e+000 -9.07444643e+000 -9.07444643e+000  -9.07444643e+000 1.31081701e+000 1.31081701e+000  1.31081701e+000
 4.29752320e+001 4.29752320e+001  4.29752320e+001 -1.51460390e+001 -1.51460390e+001  -1.51460390e+001 1.02269817e+001 1.02269817e+001  1.02269817e+001 -4.11513425e+000 -4.11513425e+000  -4.11513425e+000 -5.24876088e+000 -5.24876088e+000  -5.24876088e+000
 2.05913574e+000 2.05913574e+000  2.05913574e+000 -1.30443059e+000 -1.30443059e+000  -1.30443059e+000 1.32722289e+000 1.32722289e+000  1.32722289e+000 -6.07602577e-001 -6.07602577e-001  -6.07602577e-001 2.71977628e+000 2.71977628e+000  2.71977628e+000
 3.53435759e+001 3.53435759e+001  3.53435759e+001 1.50365112e+000 1.50365112e+000  1.50365112e+000 2.56081736e+001 2.56081736e+001  2.56081736e+001 -1.46168721e+001 -1.46168721e+001  -1.46168721e+001 -6.11379630e-001 -6.11379630e-001  -6.11379630e-001
 -5.10556379e+000 -5.10556379e+000  -5.10556379e+000 -2.70580191e+000 -2.70580191e+000  -2.70580191e+000 1.89241232e+001 1.89241232e+001  1.89241232e+001 -1.31128656e+001 -1.31128656e+001  -1.31128656e+001 4.06521475e+000 4.06521475e+000  4.06521475e+000
 -2.16241535e+000 -2.16241535e+000  -2.16241535e+000 2.95079603e+000 2.95079603e+000  2.95079603e+000 -3.51855586e+000 -3.51855586e+000  -3.51855586e+000 -3.89741979e-001 -3.89741979e-001  -3.89741979e-001 -2.88047063e+000 -2.88047063e+000  -2.88047063e+000
 2.60495352e+001 2.60495352e+001  2.60495352e+001 -7.42716213e+000 -7.42716213e+000  -7.42716213e+000 4.30692146e+001 4.30692146e+001  4.30692146e+001 -1.77143025e+001 -1.77143025e+001  -1.77143025e+001 -4.31924858e+000 -4.31924858e+000  -4.31924858e+000
 2.18183167e+001 2.18183167e+001  2.18183167e+001 -1.13013779e+001 -1.13013779e+001  -1.13013779e+001 -1.04655181e+001 -1.04655181e+001  -1.04655181e+001 9.33587717e+000 9.33587717e+000  9.33587717e+000 -1.67023945e+001 -1.67023945e+001  -1.67023945e+001
 -6.92253003e+000 -6.92253003e+000  -6.92253003e+000 5.53167969e+000 5.53167969e+000  5.53167969e+000 1.77821020e+000 1.77821020e+000  1.77821020e+000 1.98481518e+000 1.98481518e+000  1.98481518e+000 -1.65059449e-001 -1.65059449e-001  -1.65059449e-001
 -6.44660041e+000 -6.44660041e+000  -6.44660041e+000 1.02887096e+001 1.02887096e+001  1.02887096e+001 -1.28861570e+001 -1.28861570e+001  -1.28861570e+001 -6.06488291e+000 -6.06488291e+000  -6.06488291e+000 6.83317569e-001 6.83317569e-001  6.83317569e-001
 -1.43612664e+000 -1.43612664e+000  -1.43612664e+000 1.58900971e+001 1.58900971e+001  1.58900971e+001 -8.88619507e+000 -8.88619507e+000  -8.88619507e+000 1.77347352e+001 1.77347352e+001  1.77347352e+001 -1.09555582e+000 -1.09555582e+000  -1.09555582e+000
 -3.19159648e+000 -3.19159648e+000  -3.19159648e+000 -4.55062944e+000 -4.55062944e+000  -4.55062944e+000 5.70461967e+000 5.70461967e+000  5.70461967e+000 1.71878314e+000 1.71878314e+000  1.71878314e+000 -4.61451424e+000 -4.61451424e+000  -4.61451424e+000
 1.59786472e+001 1.59786472e+001  1.59786472e+001 -1.32438544e+001 -1.32438544e+001  -1.32438544e+001 -2.35124197e+001 -2.35124197e+001  -2.35124197e+001 -6.97589781e+000 -6.97589781e+000  -6.97589781e+000 1.12084310e+000 1.12084310e+000  1.12084310e+000
 -2.77036999e+001 -2.77036999e+001  -2.77036999e+001 1.07071794e+001 1.07071794e+001  1.07071794e+001 -3.50234946e+000 -3.50234946e+000  -3.50234946e+000 -4.02835403e+000 -4.02835403e+000  -4.02835403e+000 -1.43201111e+000 -1.43201111e+000  -1.43201111e+000
 1.55560401e+000 1.55560401e+000  1.55560401e+000 8.82923337e+000 8.82923337e+000  8.82923337e+000 1.41811705e+000 1.41811705e+000  1.41811705e+000 2.92500641e-001 2.92500641e-001  2.92500641e-001 -2.33661544e+000 -2.33661544e+000  -2.33661544e+000
 1.79228591e+001 1.79228591e+001  1.79228591e+001 2.57794338e+001 2.57794338e+001  2.57794338e+001 -9.78720293e+001 -9.78720293e+001  -9.78720293e+001 2.71968066e+000 2.71968066e+000  2.71968066e+000 8.88377865e+000 8.88377865e+000  8.88377865e+000
 -3.96002209e+001 -3.96002209e+001  -3.96002209e+001 -3.54847400e-001 -3.54847400e-001  -3.54847400e-001 -5.01799272e-002 -5.01799272e-002  -5.01799272e-002 -3.66678261e+000 -3.66678261e+000  -3.66678261e+000 1.50254636e+000 1.50254636e+000  1.50254636e+000
 -9.72308546e-001 -9.72308546e-001  -9.72308546e-001 -2.96727028e+000 -2.96727028e+000  -2.96727028e+000 3.91385961e+000 3.91385961e+000  3.91385961e+000 -6.90950445e+000 -6.90950445e+000  -6.90950445e+000 -9.71250438e-001 -9.71250438e-001  -9.71250438e-001
 -2.40241430e+001 -2.40241430e+001  -2.40241430e+001 -8.43188020e+000 -8.43188020e+000  -8.43188020e+000 2.20985710e+001 2.20985710e+001  2.20985710e+001 1.02600821e-001 1.02600821e-001  1.02600821e-001 -1.51353914e+000 -1.51353914e+000  -1.51353914e+000
 -1.96745865e+001 -1.96745865e+001  -1.96745865e+001 1.12709959e+001 1.12709959e+001  1.12709959e+001 4.32253910e+000 4.32253910e+000  4.32253910e+000 -9.01241908e-001 -9.01241908e-001  -9.01241908e-001 7.77277077e+000 7.77277077e+000  7.77277077e+000
 1.10391630e+000 1.10391630e+000  1.10391630e+000 -9.97814649e+000 -9.97814649e+000  -9.97814649e+000 -5.55894080e+000 -5.55894080e+000  -5.55894080e+000 -1.88033222e+000 -1.88033222e+000  -1.88033222e+000 -8.34521119e+000 -8.34521119e+000  -8.34521119e+000
 3.56136956e+001 3.56136956e+001  3.56136956e+001 -1.01566849e+001 -1.01566838e+001  -1.01566829e+001 4.35310628e+000 4.35310628e+000  4.35310628e+000 -1.77661768e+001 -1.77661768e+001  -1.77661768e+001 -1.54861300e+001 -1.54861300e+001  -1.54861300e+001
 1.04319882e+001 1.04319882e+001  1.04319882e+001 -2.34342134e+001 -2.34342134e+001  -2.34342134e+001 -2.19536149e+000 -2.19536149e+000  -2.19536149e+000 -2.22365283e+001 -2.22365283e+001  -2.22365283e+001 -1.84361538e+001 -1.84361538e+001  -1.84361538e+001
 3.15392358e+000 3.15393909e+000  3.15395155e+000 3.88770511e-001 3.88770489e-001  3.88770472e-001 -4.78830407e+000 -4.78830364e+000  -4.78830326e+000 1.46466475e+000 1.46466221e+000  1.46465938e+000 -4.45294921e-001 -4.45294919e-001  -4.45294917e-001
 1.44897377e+001 1.44897377e+001  1.44897377e+001 1.39968508e+001 1.39968508e+001  1.39968508e+001 2.79433315e+000 2.79433315e+000  2.79433315e+000 -4.57476038e+000 -4.57476038e+000  -4.57476038e+000 1.19705383e+001 1.19705383e+001  1.19705383e+001
 1.09987391e+001 1.09987391e+001  1.09987391e+001 2.91056534e+000 2.91056534e+000  2.91056534e+000 4.78141617e-001 4.78141617e-001  4.78141617e-001 1.19991536e+001 1.19991536e+001  1.19991536e+001 -3.10713040e+000 -3.10713040e+000  -3.10713040e+000
 -6.50838514e+000 -6.50838514e+000  -6.50838514e+000 6.26169878e+000 6.26169878e+000  6.26169878e+000 1.08675143e+001 1.08675143e+001  1.08675143e+001 -2.04507812e+000 -2.04507812e+000  -2.04507812e+000 7.49377899e+000 7.49377899e+000  7.49377899e+000
 -5.11005447e+001 -5.11005447e+001  -5.11005447e+001 -2.73256030e+000 -2.73256030e+000  -2.73256029e+000 1.37328188e+002 1.37328188e+002  1.37328188e+002 5.53560995e+001 5.53560995e+001  5.53560995e+001 -7.02275963e-002 -7.02275963e-002  -7.02275963e-002
 5.33741946e+001 5.33741946e+001  5.33741946e+001 1.32768668e+002 1.32768668e+002  1.32768668e+002 -2.87365530e+001 -2.87365530e+001  -2.87365530e+001 -8.60908317e+000 -8.60908317e+000  -8.60908317e+000 1.52795145e+001 1.52795145e+001  1.52795145e+001
 5.53211862e+000 5.53211870e+000  5.53211876e+000 -8.99648727e-003 -8.99648739e-003  -8.99648748e-003 -7.13279844e+000 -7.13279844e+000  -7.13279844e+000 -2.11136316e+000 -2.11136317e+000  -2.11136319e+000 -8.64603271e+000 -8.64603271e+000  -8.64603271e+000
 1.13632491e+000 1.13632491e+000  1.13632491e+000 -1.75215022e+000 -1.75214981e+000  -1.75214946e+000 1.42218307e+001 1.42218307e+001  1.42218307e+001 -1.75393095e+000 -1.75393095e+000  -1.75393095e+000 -6.09003715e-001 -6.09003715e-001  -6.09003715e-001
 -4.65357665e+001 -4.65357665e+001  -4.65357665e+001 6.70675174e-001 6.70675174e-001  6.70675174e-001 -9.14331464e+000 -9.14331464e+000  -9.14331464e+000 -7.70500860e+000 -7.70500860e+000  -7.70500860e+000 -8.14971992e-001 -8.14971992e-001  -8.14971992e-001
 -8.62744972e-001 -8.62739473e-001  -8.62734496e-001 -1.71217022e+000 -1.71217023e+000  -1.71217023e+000 5.98887478e-001 5.98887629e-001  5.98887779e-001 6.69123570e+000 6.69123480e+000  6.69123368e+000 5.17089627e+000 5.17089627e+000  5.17089627e+000
 -3.12760478e+000 -3.12760478e+000  -3.12760478e+000 -1.26667335e+000 -1.26667257e+000  -1.26667199e+000 -5.20757055e+001 -5.20757055e+001  -5.20757055e+001 7.67628814e+000 7.67628814e+000  7.67628814e+000 -1.82816938e+000 -1.82816938e+000  -1.82816938e+000
 2.63373702e+001 2.63373702e+001  2.63373702e+001 -6.26856626e-001 -6.26856626e-001  -6.26856626e-001 -1.42515183e+001 -1.42515183e+001  -1.42515183e+001 9.29494247e+000 9.29494247e+000  9.29494247e+000 -6.00900502e-001 -6.00900502e-001  -6.00900502e-001
 -5.22394764e-002 -5.22290001e-002  -5.22207793e-002 4.90429700e-001 4.90429685e-001  4.90429674e-001 -1.94560216e+000 -1.94560187e+000  -1.94560163e+000 -3.05790542e+000 -3.05790713e+000  -3.05790900e+000 -1.15906381e+000 -1.15906381e+000  -1.15906381e+000
 1.40031047e+000 1.40031047e+000  1.40031047e+000 -1.12105814e+000 -1.12105749e+000  -1.12105701e+000 -3.62939791e+001 -3.62939791e+001  -3.62939791e+001 -1.26129800e+001 -1.26129800e+001  -1.26129800e+001 2.77665207e+000 2.77665207e+000  2.77665207e+000
 3.35931636e+001 3.35931636e+001  3.35931636e+001 5.20342478e-001 5.20342478e-001  5.20342478e-001 -1.34301702e+001 -1.34301702e+001  -1.34301702e+001 1.69054550e+001 1.69054550e+001  1.69054550e+001 -8.75492617e-001 -8.75492617e-001  -8.75492617e-001
 6.18483597e-001 6.18492338e-001  6.18499138e-001 -1.75319838e+000 -1.75319839e+000  -1.75319840e+000 -2.15294514e+000 -2.15294490e+000  -2.15294469e+000 -4.12331531e+000 -4.12331674e+000  -4.12331828e+000 1.16075802e+000 1.16075803e+000  1.16075803e+000
 1.12495294e+001 1.12495294e+001  1.12495294e+001 -1.93724308e+000 -1.93724308e+000  -1.93724308e+000 3.05584843e+001 3.05584843e+001  3.05584843e+001 -3.04350227e+001 -3.04350227e+001  -3.04350227e+001 3.07753623e+000 3.07753623e+000  3.07753623e+000
 6.25303364e+000 6.25303364e+000  6.25303364e+000 7.09680241e-001 7.09680241e-001  7.09680241e-001 -2.85778183e+000 -2.85778183e+000  -2.85778183e+000 1.02029118e+001 1.02029118e+001  1.02029118e+001 -4.32427176e+000 -4.32427176e+000  -4.32427176e+000
 5.38436057e-001 5.38436057e-001  5.38436057e-001 -6.56729287e+000 -6.56729287e+000  -6.56729287e+000 -1.86652098e+000 -1.86652098e+000  -1.86652098e+000 -2.85408891e+000 -2.85408891e+000  -2.85408891e+000 2.43108058e+000 2.43108058e+000  2.43108058e+000
 1.14447661e+001 1.14447661e+001  1.14447661e+001 -2.47409103e+000 -2.47409103e+000  -2.47409103e+000 3.92552198e+001 3.92552198e+001  3.92552198e+001 -3.68521464e+001 -3.68521464e+001  -3.68521464e+001 2.87554162e+000 2.87554162e+000  2.87554162e+000
 2.23083095e+000 2.23083095e+000  2.23083095e+000 -3.25374967e+000 -3.25374967e+000  -3.25374967e+000 1.47435309e+001 1.47435309e+001  1.47435309e+001 -3.62315205e+000 -3.62315205e+000  -3.62315205e+000 -2.82022065e+000 -2.82022065e+000  -2.82022065e+000
 -2.00586734e-001 -2.00586734e-001  -2.00586734e-001 8.33042012e-001 8.33042012e-001  8.33042012e-001 3.39686598e+000 3.39686598e+000  3.39686598e+000 8.58454481e-001 8.58454481e-001  8.58454481e-001 3.02824330e+000 3.02824330e+000  3.02824330e+000
 1.47772520e+000 1.47772520e+000  1.47772520e+000 -2.05228749e-001 -2.05228749e-001  -2.05228749e-001 -2.09813953e+001 -2.09813953e+001  -2.09813953e+001 2.23158534e+001 2.23158534e+001  2.23158534e+001 -5.74820091e+000 -5.74820091e+000  -5.74820091e+000
 -2.90717229e+000 -2.90717229e+000  -2.90717229e+000 -3.20783459e+000 -3.20783459e+000  -3.20783459e+000 -4.74070194e+000 -4.74070194e+000  -4.74070194e+000 -1.19071443e+001 -1.19071443e+001  -1.19071443e+001 -3.39354294e+000 -3.39354294e+000  -3.39354294e+000
 -1.32086415e+000 -1.32086415e+000  -1.32086415e+000 1.11352648e+000 1.11352648e+000  1.11352648e+000 -5.95932379e-001 -5.95932379e-001  -5.95932379e-001 -3.79034105e-001 -3.79034105e-001  -3.79034105e-001 -3.61114580e+000 -3.61114580e+000  -3.61114580e+000
 1.56294599e+000 1.56294599e+000  1.56294599e+000 -3.46794947e-001 -3.46793795e-001  -3.46792914e-001 -1.99852618e+001 -1.99852618e+001  -1.99852618e+001 2.23066962e+001 2.23066962e+001  2.23066962e+001 -5.68761084e+000 -5.68761084e+000  -5.68761084e+000
 -3.82055153e+000 -3.82055153e+000  -3.82055153e+000 -3.50074808e+000 -3.50074808e+000  -3.50074808e+000 -4.53972793e+000 -4.53972793e+000  -4.53972793e+000 -5.81123196e+000 -5.81123196e+000  -5.81123196e+000 -3.23247806e+000 -3.23247806e+000  -3.23247806e+000
 -1.26753043e+000 -1.26751492e+000  -1.26750246e+000 1.29304717e+000 1.29304715e+000  1.29304713e+000 -4.14143135e-001 -4.14142707e-001  -4.14142334e-001 -8.60770560e-002 -8.60795908e-002  -8.60824172e-002 -3.14490520e+000 -3.14490520e+000  -3.14490520e+000
 -2.89450679e+000 -2.89453171e+000 -2.89455152e+000
 -6.12285933e+000 -6.12285952e+000 -6.12285966e+000
 -1.26800059e+000 -1.26800059e+000 -1.26800059e+000
 2.81967251e+000 2.81964759e+000 2.81962778e+000
 5.99147133e+000 5.99147133e+000 5.99147133e+000
 -1.75138517e+000 -1.75141010e+000 -1.75142991e+000
 -2.37630459e+000 -2.37630459e+000 -2.37630459e+000
 -1.18384407e+000 -1.18384407e+000 -1.18384407e+000
 -2.96731506e-001 -2.96731506e-001 -2.96731506e-001
 2.96552425e+000 2.96552425e+000 2.96552425e+000
 -2.61365986e+000 -2.61367503e+000 -2.61368687e+000
 2.00144887e+000 2.00144885e+000 2.00144885e+000
 -2.00681284e+000 -2.00681306e+000 -2.00681324e+000
 1.38859364e+000 1.38859165e+000 1.38858936e+000
 -1.56841607e+000 -1.56844099e+000 -1.56846080e+000
