  1.7476e-001  1.1946e-001  2.2586e-001  7.4030e-003  3.0706e-001
 -2.4511e-001  6.1640e-001 -5.1932e-001  1.2859e+000 -5.2936e-001
  3.2209e-001
 -1.12040991e+000 -1.12043385e+000  -1.12048747e+000 -8.32919365e-001 -8.32936672e-001  -8.32974992e-001 -1.54827601e+000 -1.54831162e+000  -1.54839234e+000 -4.81640479e-001 -4.81649333e-001  -4.81668760e-001 -1.94808716e+000 -1.94813163e+000  -1.94823383e+000
 -6.85322715e-004 -6.73223553e-004  -6.45802679e-004 -2.13972359e+000 -2.13976690e+000  -2.13987165e+000 7.85296121e-001 7.85320408e-001  7.85375655e-001 -2.89434824e+000 -2.89438121e+000  -2.89446251e+000 1.83964840e+000 1.83969496e+000  1.83980246e+000
 3.99608269e-001 3.99588575e-001  3.99554472e-001 3.06343931e-001 3.06329428e-001  3.06305154e-001 6.62819419e-001 6.62790884e-001  6.62739723e-001 1.46765577e-001 1.46758098e-001  1.46745964e-001 8.97255308e-001 8.97220676e-001  8.97155844e-001
 -6.05809002e-002 -6.05715058e-002  -6.05548690e-002 1.00534532e+000 1.00531467e+000  1.00524661e+000 3.94524650e-001 3.94543124e-001  3.94576056e-001 1.74735133e-001 1.74714658e-001  1.74666165e-001 1.73733068e+000 1.73736510e+000  1.73742951e+000
 -5.15063330e-001 -5.15063327e-001  -5.15063318e-001 -4.15221512e-001 -4.15221509e-001  -4.15221502e-001 -7.68529867e-001 -7.68529863e-001  -7.68529851e-001 -2.90256753e-001 -2.90256751e-001  -2.90256747e-001 -9.02016221e-001 -9.02016216e-001  -9.02016202e-001
 2.07479951e-001 2.07479948e-001  2.07479942e-001 -6.91540245e-001 -6.91540239e-001  -6.91540222e-001 1.62948534e-001 1.62948530e-001  1.62948518e-001 -1.23920968e+000 -1.23920967e+000  -1.23920965e+000 -4.18084802e-001 -4.18084808e-001  -4.18084822e-001
 -1.86421360e-001 -1.86421360e-001  -1.86421360e-001 -6.06962441e-002 -6.06962441e-002  -6.06962441e-002 -1.44842742e-001 -1.44842742e-001  -1.44842742e-001 1.07561987e-001 1.07561987e-001  1.07561987e-001 -1.89417067e-002 -1.89417067e-002  -1.89417067e-002
 6.05148855e-001 6.05148855e-001  6.05148855e-001 3.48268404e-001 3.48268404e-001  3.48268404e-001 8.11500029e-001 8.11500029e-001  8.11500029e-001 2.41238706e-001 2.41238706e-001  2.41238706e-001 5.12477599e-001 5.12477599e-001  5.12477599e-001
 -1.17864154e-001 -1.18041614e-001  -1.18485265e-001 -2.57688553e-001 -2.57821298e-001  -2.58153160e-001 -7.49739556e-002 -7.52279402e-002  -7.58629015e-002 -4.28656579e-001 -4.28726445e-001  -4.28901108e-001 -1.37729535e-001 -1.38043133e-001  -1.38827126e-001
 -6.20715293e-001 -6.20627088e-001  -6.20406573e-001 -6.53305479e-001 -6.53650032e-001  -6.54511414e-001 -6.52491515e-001 -6.52312736e-001  -6.51865791e-001 -3.83877009e-001 -3.84164089e-001  -3.84881790e-001 -1.40801676e+000 -1.40762080e+000  -1.40663092e+000
 4.66246951e-001 4.66218459e-001  4.66218562e-001 4.42150646e-001 4.42128087e-001  4.42128168e-001 5.93081998e-001 5.93044009e-001  5.93044135e-001 3.57769953e-001 3.57757591e-001  3.57757630e-001 8.22750699e-001 8.22709744e-001  8.22709873e-001
 1.20901017e-001 1.20913923e-001  1.20913904e-001 1.61541567e+000 1.61539953e+000  1.61539957e+000 -5.19077185e-002 -5.18827327e-002  -5.18827441e-002 1.97435143e+000 1.97434635e+000  1.97434634e+000 7.04165073e-002 7.04572289e-002  7.04571176e-002
 -2.07207176e-001 -2.07207176e-001  -2.07207176e-001 -1.99109105e-001 -1.99109105e-001  -1.99109105e-001 -2.85881015e-001 -2.85881015e-001  -2.85881015e-001 -2.57861559e-001 -2.57861559e-001  -2.57861559e-001 -3.11543619e-001 -3.11543619e-001  -3.11543619e-001
 -3.77057153e-001 -3.77057153e-001  -3.77057153e-001 -6.71329870e-002 -6.71329870e-002  -6.71329870e-002 -7.56799777e-001 -7.56799777e-001  -7.56799777e-001 4.26372853e-001 4.26372853e-001  4.26372853e-001 -2.67553978e-001 -2.67553978e-001  -2.67553978e-001
 -6.07954112e-002 -6.09971833e-002  -6.14302813e-002 5.77174223e-002 5.75653202e-002  5.72415418e-002 -2.68831812e-002 -2.71697667e-002  -2.77911302e-002 1.01721585e-001 1.01641020e-001  1.01470549e-001 9.07381757e-002 9.03899422e-002  8.96218764e-002
 -2.15595637e-001 -2.15495851e-001  -2.15278668e-001 6.72325354e-001 6.71971033e-001  6.71125630e-001 -3.16947547e-001 -3.16746157e-001  -3.16305161e-001 1.39123299e+000 1.39094288e+000  1.39023033e+000 1.44225458e-001 1.44654887e-001  1.45626545e-001
 1.78201824e-001 1.78197644e-001  1.78187194e-001 -1.44312837e-002 -1.44344847e-002  -1.44424873e-002 2.36158342e-001 2.36152953e-001  2.36139481e-001 -2.31617557e-001 -2.31619219e-001  -2.31623374e-001 2.52364487e-001 2.52358168e-001  2.52342370e-001
 -2.90201419e-001 -2.90200093e-001  -2.90196780e-001 1.32841290e-001 1.32834918e-001  1.32818987e-001 -6.31429367e-001 -6.31426992e-001  -6.31421054e-001 4.39443144e-001 4.39441083e-001  4.39435930e-001 -1.15166675e+000 -1.15165950e+000  -1.15164138e+000
 3.94745665e-001 3.94745665e-001  3.94745665e-001 3.71222718e-001 3.71222718e-001  3.71222718e-001 5.10287150e-001 5.10287150e-001  5.10287150e-001 3.46662481e-001 3.46662481e-001  3.46662481e-001 6.34068989e-001 6.34068989e-001  6.34068989e-001
 2.90799145e-001 2.90799145e-001  2.90799145e-001 8.09863488e-001 8.09863488e-001  8.09863488e-001 2.65410247e-001 2.65410247e-001  2.65410247e-001 1.02258290e+000 1.02258290e+000  1.02258290e+000 2.96878225e-001 2.96878225e-001  2.96878225e-001
 -3.93423373e-002 -3.93555046e-002  -3.93884230e-002 -9.80361589e-002 -9.80460662e-002  -9.80708345e-002 -4.76960365e-003 -4.78838063e-003  -4.83532311e-003 -2.29295908e-001 -2.29301170e-001  -2.29314325e-001 -1.98894096e-003 -2.01204792e-003  -2.06981532e-003
 -6.58211530e-001 -6.58204846e-001  -6.58188136e-001 -1.37280730e-001 -1.37306144e-001  -1.37369682e-001 -1.03129859e+000 -1.03128488e+000  -1.03125062e+000 1.22995833e-001 1.22973074e-001  1.22916177e-001 -9.15607819e-001 -9.15577140e-001  -9.15500441e-001
 1.78560335e-001 1.78555227e-001  1.78543536e-001 2.31578994e-001 2.31574958e-001  2.31565721e-001 2.00301359e-001 2.00294832e-001  2.00279948e-001 3.42975959e-001 3.42973841e-001  3.42969015e-001 1.75018215e-001 1.75010579e-001  1.74993036e-001
 3.13388188e-001 3.13389816e-001  3.13393397e-001 7.86735465e-002 7.86645978e-002  7.86428358e-002 4.44505380e-001 4.44508033e-001  4.44513722e-001 5.80970481e-001 5.80969396e-001  5.80966876e-001 8.28187342e-001 8.28195305e-001  8.28213673e-001
 -1.20765800e+000 -1.20776428e+000  -1.20799640e+000 -1.06192136e+000 -1.06200134e+000  -1.06217467e+000 -1.47250192e+000 -1.47265299e+000  -1.47298589e+000 -7.88528451e-001 -7.88570721e-001  -7.88661822e-001 -1.75805049e+000 -1.75823438e+000  -1.75864585e+000
 -2.06716429e-001 -2.06664113e-001  -2.06548529e-001 -2.01535948e+000 -2.01554779e+000  -2.01599955e+000 3.31872589e-001 3.31978058e-001  3.32212305e-001 -2.06258240e+000 -2.06273552e+000  -2.06311232e+000 1.17370666e+000 1.17393239e+000  1.17444872e+000
 1.68523842e-002 1.67344501e-002  1.64911581e-002 9.53950580e-002 9.53058458e-002  9.51236246e-002 1.56395681e-002 1.54729428e-002  1.51250970e-002 1.96207597e-001 1.96160265e-001  1.96064295e-001 3.19622909e-002 3.17609304e-002  3.13316066e-002
 3.08638840e-001 3.08696547e-001  3.08817485e-001 2.37401206e-001 2.37199662e-001  2.36724994e-001 4.84929601e-001 4.85045658e-001  4.85290657e-001 4.13975893e-001 4.13813839e-001  4.13417880e-001 9.94664802e-001 9.94911814e-001  9.95455700e-001
 -9.62982157e-002 -9.63976894e-002  -9.65996388e-002 -2.22207926e-001 -2.22283304e-001  -2.22434747e-001 -1.76739434e-002 -1.78141042e-002  -1.81021991e-002 -4.34418278e-001 -4.34458329e-001  -4.34538183e-001 5.66530558e-002 5.64841454e-002  5.61290361e-002
 -7.06364198e-001 -7.06315713e-001  -7.06215652e-001 1.30376273e-001 1.30209061e-001  1.29817501e-001 -8.64316516e-001 -8.64219019e-001  -8.64016209e-001 3.88504855e-001 3.88370688e-001  3.88043589e-001 -7.35587050e-001 -7.35379344e-001  -7.34926851e-001
 3.79911417e-001 3.79800435e-001  3.79562334e-001 3.69400733e-001 3.69316691e-001  3.69137743e-001 4.87582790e-001 4.87426142e-001  4.87086989e-001 3.55832215e-001 3.55787539e-001  3.55692921e-001 5.69694704e-001 5.69505036e-001  5.69087429e-001
 2.49866387e-001 2.49920975e-001  2.50039635e-001 6.07319049e-001 6.07125293e-001  6.06663191e-001 3.02157411e-001 3.02267679e-001  3.02508882e-001 9.21135738e-001 9.20975603e-001  9.20582271e-001 8.69156178e-001 8.69394865e-001  8.69935353e-001
 -5.47549107e-001 -5.47712306e-001  -5.48065344e-001 -5.96469369e-001 -5.96592876e-001  -5.96858128e-001 -5.64670002e-001 -5.64900706e-001  -5.65404194e-001 -6.62025215e-001 -6.62090943e-001  -6.62231423e-001 -5.91291961e-001 -5.91571549e-001  -5.92191529e-001
 -5.62022269e-001 -5.61941286e-001  -5.61763703e-001 -6.52976417e-001 -6.53261767e-001  -6.53944012e-001 -4.42003876e-001 -4.41839602e-001  -4.41477056e-001 -1.01458162e+000 -1.01482333e+000  -1.01541783e+000 -2.67099870e-001 -2.66744176e-001  -2.65933466e-001
 1.33339826e-001 1.33179224e-001  1.32828400e-001 1.62711521e-001 1.62590092e-001  1.62326649e-001 1.70239259e-001 1.70011940e-001  1.69511211e-001 2.19094858e-001 2.19030269e-001  2.18890781e-001 2.19266486e-001 2.18990623e-001  2.18373807e-001
 4.02333831e-001 4.02413670e-001  4.02590327e-001 3.93821331e-001 3.93538864e-001  3.92861403e-001 4.25039498e-001 4.25201527e-001  4.25562207e-001 4.68252082e-001 4.68012606e-001  4.67422941e-001 4.39736852e-001 4.40087755e-001  4.40892602e-001
 -3.80783062e-001 -3.80940486e-001  -3.81276982e-001 -4.70722347e-001 -4.70841700e-001  -4.71094904e-001 -3.51691376e-001 -3.51913473e-001  -3.52392636e-001 -6.04977246e-001 -6.05040867e-001  -6.05175165e-001 -3.28908832e-001 -3.29177448e-001  -3.29766973e-001
 -6.28934146e-001 -6.28856070e-001  -6.28686706e-001 -3.45180162e-001 -3.45452973e-001  -3.46102682e-001 -6.26044972e-001 -6.25886562e-001  -6.25540519e-001 -5.56546792e-001 -5.56778286e-001  -5.57346861e-001 -8.56433775e-001 -8.56090503e-001  -8.55313856e-001
 9.58945640e-002 9.57554324e-002  9.54426565e-002 1.40914607e-001 1.40809572e-001  1.40574736e-001 9.70340861e-002 9.68367205e-002  9.63900391e-002 2.42435841e-001 2.42379986e-001  2.42255552e-001 9.86390250e-002 9.83987704e-002  9.78485115e-002
 4.78092609e-001 4.78162213e-001  4.78320358e-001 1.66973168e-001 1.66724202e-001  1.66121639e-001 5.61458119e-001 5.61599805e-001  5.61923319e-001 8.33458759e-002 8.31315024e-002  8.26018086e-002 5.67211687e-001 5.67520214e-001  5.68241449e-001
 -5.96674029e-001 -5.96819027e-001  -5.97134228e-001 -6.06155503e-001 -6.06265073e-001  -6.06501552e-001 -6.56016182e-001 -6.56221232e-001  -6.56670803e-001 -6.38499474e-001 -6.38557568e-001  -6.38682288e-001 -7.03960886e-001 -7.04209751e-001  -7.04763939e-001
 -5.82786710e-001 -5.82715656e-001  -5.82559429e-001 -6.84598659e-001 -6.84854480e-001  -6.85467246e-001 -5.15795692e-001 -5.15652495e-001  -5.15335927e-001 -5.14394363e-001 -5.14601995e-001  -5.15112654e-001 -2.13179579e-001 -2.12869759e-001  -2.12162781e-001
 1.74035404e-001 1.73894047e-001  1.73582489e-001 2.47221039e-001 2.47114366e-001  2.46880804e-001 1.52633873e-001 1.52433615e-001  1.51988738e-001 3.37070510e-001 3.37013999e-001  3.36890866e-001 1.69588799e-001 1.69345272e-001  1.68796574e-001
 4.66201464e-001 4.66270892e-001  4.66425530e-001 4.54089350e-001 4.53837838e-001  4.53232750e-001 3.81451871e-001 3.81591870e-001  3.81905228e-001 1.13839499e+000 1.13819073e+000  1.13768753e+000 4.53344568e-001 4.53647550e-001  4.54345237e-001
 -3.61373217e-001 -3.61515377e-001  -3.61819431e-001 -4.26309059e-001 -4.26416713e-001  -4.26645197e-001 -3.58801649e-001 -3.59002192e-001  -3.59435096e-001 -5.55096501e-001 -5.55153676e-001  -5.55274342e-001 -3.37798457e-001 -3.38041243e-001  -3.38574418e-001
 -6.82391291e-001 -6.82321759e-001  -6.82171168e-001 -2.32179599e-001 -2.32427541e-001  -2.33018317e-001 -7.92908043e-001 -7.92767969e-001  -7.92462754e-001 1.97943883e-001 1.97743201e-001  1.97250637e-001 -9.95024904e-001 -9.94721754e-001  -9.94037238e-001
 1.69787152e-001 1.69672930e-001  1.69411272e-001 2.49227045e-001 2.49141080e-001  2.48945088e-001 1.22597522e-001 1.22435162e-001  1.22061122e-001 3.70709852e-001 3.70664380e-001  3.70561066e-001 1.00838636e-001 1.00640284e-001  1.00178749e-001
 5.16940915e-001 5.16997322e-001  5.17127523e-001 2.81937980e-001 2.81729685e-001  2.81222481e-001 4.76897002e-001 4.77011023e-001  4.77275144e-001 8.21066977e-001 8.20895932e-001  8.20472574e-001 5.33310231e-001 5.33558561e-001  5.34145241e-001
 -2.10753480e-001 -2.10756114e-001  -2.10762700e-001 -2.60179358e-001 -2.60180682e-001  -2.60183993e-001 -2.50611651e-001 -2.50616289e-001  -2.50627883e-001 -3.68194989e-001 -3.68195062e-001  -3.68195244e-001 -2.79437242e-001 -2.79444056e-001  -2.79461092e-001
 -6.08904162e-001 -6.08904703e-001  -6.08906056e-001 -1.39416340e-001 -1.39426195e-001  -1.39450834e-001 -1.17905602e+000 -1.17905935e+000  -1.17906767e+000 1.11799252e+000 1.11800544e+000  1.11803773e+000 -1.70280930e+000 -1.70282051e+000  -1.70284852e+000
 4.75412639e-001 4.75408825e-001  4.75399288e-001 5.58607219e-001 5.58604239e-001  5.58596787e-001 4.93781913e-001 4.93777003e-001  4.93764728e-001 5.84465141e-001 5.84463555e-001  5.84459589e-001 6.04404871e-001 6.04399115e-001  6.04384726e-001
 2.74959734e-001 2.74961016e-001  2.74964222e-001 1.09720121e+000 1.09719563e+000  1.09718170e+000 4.06039068e-001 4.06041330e-001  4.06046987e-001 1.85865407e+000 1.85865355e+000  1.85865225e+000 1.31113177e+000 1.31113829e+000  1.31115458e+000
 -4.40182233e-001 -4.40182251e-001  -4.40182294e-001 -4.33023133e-001 -4.33023054e-001  -4.33022858e-001 -5.27171502e-001 -5.27171581e-001  -5.27171780e-001 -5.30025358e-001 -5.30025275e-001  -5.30025070e-001 -5.17947927e-001 -5.17948012e-001  -5.17948224e-001
 -1.07026952e+000 -1.07026957e+000  -1.07026970e+000 -5.42547944e-003 -5.42504237e-003  -5.42394972e-003 -1.20382850e+000 -1.20382860e+000  -1.20382886e+000 1.28007584e-001 1.28007004e-001  1.28005553e-001 -1.02036954e+000 -1.02037021e+000  -1.02037190e+000
 4.86241393e-001 4.86041907e-001  4.85614524e-001 3.19150146e-001 3.18999069e-001  3.18677855e-001 7.45089345e-001 7.44806998e-001  7.44196229e-001 2.43527286e-001 2.43446636e-001  2.43275952e-001 8.54637298e-001 8.54295400e-001  8.53543174e-001
 8.45181165e-001 8.45281585e-001  8.45500353e-001 2.90115648e-001 2.89769946e-001  2.88946091e-001 8.92803464e-001 8.93008398e-001  8.93458257e-001 -6.80990686e-001 -6.81294666e-001  -6.82041918e-001 2.43368241e-001 2.43810280e-001  2.44813462e-001
 -1.21615625e+000 -1.21592264e+000 -1.21543515e+000
 -9.95408661e-001 -9.95201589e-001 -9.94772700e-001
 -1.54632613e+000 -1.54604218e+000 -1.54545580e+000
 -5.95895068e-001 -5.95720809e-001 -5.95359656e-001
 -1.79641469e+000 -1.79609093e+000 -1.79543757e+000
 5.64937927e-001 5.65192142e-001 5.65737529e-001
 -1.80563359e+000 -1.80521911e+000 -1.80440405e+000
 1.08568877e+000 1.08596863e+000 1.08657657e+000
 -2.28225588e+000 -2.28154575e+000 -2.28001078e+000
 2.13634700e+000 2.13675257e+000 2.13758514e+000
