 -2.5462e+001 -1.2256e+001 -1.1866e+001 -4.7705e+000 -4.9604e+001
 -8.4240e+000 -1.4664e+001  3.7566e+000 -4.9983e+001  4.0579e-003
  1.4767e+001 -1.1772e+000  5.8277e+000  3.5033e+000 -6.7961e-003
  2.2312e+001
 3.60189885e+001 3.60162105e+001  3.60138167e+001 -7.10967680e+000 -7.11027321e+000  -7.11077827e+000 -2.68297608e+001 -2.68297608e+001  -2.68297608e+001 9.36149229e+000 9.36109298e+000  9.36074757e+000 9.69867919e+000 9.69867919e+000  9.69867919e+000
 5.28166446e+000 5.28053626e+000  5.27956196e+000 -6.28690728e+000 -6.28690820e+000  -6.28693692e+000 4.41269113e+000 4.41269113e+000  4.41269113e+000 6.27782675e+000 6.27782675e+000  6.27782663e+000 3.88234761e+000 3.88317176e+000  3.88364705e+000
 5.97394246e+000 5.97394239e+000  5.97394186e+000 3.84160506e-001 3.84159776e-001  3.84159166e-001 8.10186093e+000 8.10186072e+000  8.10185926e+000 -3.19270559e+000 -3.19346340e+000  -3.19381198e+000 3.44417410e+000 3.44338110e+000  3.44272324e+000
 -3.40929001e+001 -3.40929001e+001  -3.40929001e+001 -1.56281933e+001 -1.56281933e+001  -1.56281933e+001 1.15635325e+001 1.15635325e+001  1.15635325e+001 -2.60673475e+000 -2.60673475e+000  -2.60673475e+000 -1.10930856e+001 -1.10930856e+001  -1.10930856e+001
 -9.99318369e+000 -9.99318369e+000  -9.99318369e+000 -1.43606595e+001 -1.43606595e+001  -1.43606595e+001 -2.47608685e+001 -2.47608685e+001  -2.47608685e+001 -2.59034723e+001 -2.59034723e+001  -2.59034723e+001 -1.47300666e+000 -1.47300666e+000  -1.47300666e+000
 3.81437490e+000 3.81437490e+000  3.81437490e+000 -3.05439037e+000 -3.05439037e+000  -3.05439037e+000 -7.79453906e+000 -7.79453906e+000  -7.79453906e+000 8.69543500e+000 8.69543500e+000  8.69543500e+000 -2.90021769e-001 -2.90021769e-001  -2.90021769e-001
 -1.40675800e+001 -1.40675800e+001  -1.40675800e+001 -1.67352004e+001 -1.67352004e+001  -1.67352004e+001 7.30751195e+000 7.30751195e+000  7.30751195e+000 -6.93587611e+000 -6.93587611e+000  -6.93587611e+000 -3.34228307e+000 -3.34228307e+000  -3.34228307e+000
 -7.71071369e+000 -7.71071369e+000  -7.71071369e+000 3.61115785e+000 3.61115785e+000  3.61115785e+000 -2.79028038e+001 -2.79028038e+001  -2.79028038e+001 -1.35835395e+001 -1.35835395e+001  -1.35835395e+001 -5.98432885e+000 -5.98432885e+000  -5.98432885e+000
 2.43571077e+001 2.43571077e+001  2.43571077e+001 7.33757516e+000 7.33757516e+000  7.33757516e+000 -2.14216442e+000 -2.14216442e+000  -2.14216442e+000 -5.44427301e+000 -5.44427301e+000  -5.44427301e+000 -2.75669210e+000 -2.75669210e+000  -2.75669210e+000
 -6.30938615e+001 -6.30938615e+001  -6.30938615e+001 -1.13590455e+001 -1.13590455e+001  -1.13590455e+001 1.51430653e+001 1.51430653e+001  1.51430653e+001 -7.22696861e+000 -7.22696861e+000  -7.22696861e+000 -2.92652846e+001 -2.92652846e+001  -2.92652846e+001
 -3.07306918e+000 -3.07306918e+000  -3.07306918e+000 -5.37204838e+000 -5.37204838e+000  -5.37204838e+000 -2.25050803e+001 -2.25050803e+001  -2.25050803e+001 -6.68585170e+000 -6.68585170e+000  -6.68585170e+000 -1.16784621e+000 -1.16784621e+000  -1.16784621e+000
 2.92284238e+000 2.92284238e+000  2.92284238e+000 -2.59117481e+000 -2.59117481e+000  -2.59117481e+000 -3.52749298e+000 -3.52749298e+000  -3.52749298e+000 6.94801884e+000 6.94801884e+000  6.94801884e+000 -5.23948436e+000 -5.23948436e+000  -5.23948436e+000
 -2.42048472e+001 -2.42048472e+001  -2.42048472e+001 -1.20182763e+001 -1.20182763e+001  -1.20182763e+001 1.59663119e+001 1.59663119e+001  1.59663119e+001 -1.60264527e+000 -1.60264527e+000  -1.60264527e+000 -9.48154033e+000 -9.48154033e+000  -9.48154033e+000
 -7.99246420e+000 -7.99246420e+000  -7.99246420e+000 1.23641012e+001 1.23641012e+001  1.23641012e+001 -2.44712703e+001 -2.44712703e+001  -2.44712703e+001 -1.47040239e+001 -1.47040239e+001  -1.47040239e+001 -9.09654597e+000 -9.09654597e+000  -9.09654597e+000
 -2.21526478e+001 -2.21526478e+001  -2.21526478e+001 -4.04690179e+000 -4.04690179e+000  -4.04690179e+000 -7.90449484e+000 -7.90449484e+000  -7.90449484e+000 1.35318003e+001 1.35318003e+001  1.35318003e+001 -4.75266649e+000 -4.75266649e+000  -4.75266649e+000
 3.66367936e+001 3.66367936e+001  3.66367936e+001 3.89743676e+001 3.89743676e+001  3.89743676e+001 -2.27357061e+001 -2.27357061e+001  -2.27357061e+001 1.42176367e-001 1.42176367e-001  1.42176367e-001 -1.64635101e+001 -1.64635101e+001  -1.64635101e+001
 5.19131833e+000 5.19131833e+000  5.19131833e+000 -5.27758430e+001 -5.27758430e+001  -5.27758430e+001 6.13516539e+001 6.13516539e+001  6.13516539e+001 1.13693971e+001 1.13693971e+001  1.13693971e+001 -1.39166749e+001 -1.39166749e+001  -1.39166749e+001
 -1.99081862e+001 -1.99081862e+001  -1.99081862e+001 -2.90126681e+000 -2.90126681e+000  -2.90126681e+000 -5.01492350e+000 -5.01492350e+000  -5.01492350e+000 -1.48999195e+001 -1.48999195e+001  -1.48999195e+001 5.78643513e+000 5.78643513e+000  5.78643513e+000
 3.08297735e+001 3.08297735e+001  3.08297735e+001 3.86273357e+000 3.86273357e+000  3.86273357e+000 -1.24959202e+001 -1.24959202e+001  -1.24959202e+001 4.37141579e-001 4.37141579e-001  4.37141579e-001 -4.37689205e+000 -4.37689205e+000  -4.37689205e+000
 1.09067426e+001 1.09067426e+001  1.09067426e+001 3.31218536e+001 3.31218536e+001  3.31218536e+001 4.37138752e+001 4.37138752e+001  4.37138752e+001 -1.77558471e+001 -1.77558471e+001  -1.77558471e+001 2.56332509e+001 2.56332509e+001  2.56332509e+001
 2.26890057e+001 2.26890057e+001  2.26890057e+001 1.07451645e+000 1.07451645e+000  1.07451645e+000 2.48166979e+001 2.48166979e+001  2.48166979e+001 -3.20452105e+000 -3.20452105e+000  -3.20452105e+000 5.14132956e+000 5.14132956e+000  5.14132956e+000
 7.94590847e+001 7.94590847e+001  7.94590847e+001 -2.25430274e+001 -2.25430274e+001  -2.25430274e+001 -2.01220420e+001 -2.01220420e+001  -2.01220420e+001 1.30618886e+001 1.30618886e+001  1.30618886e+001 7.42053943e+001 7.42053943e+001  7.42053943e+001
 -1.63139510e+001 -1.63139510e+001  -1.63139510e+001 1.69861302e+001 1.69861302e+001  1.69861302e+001 -6.59200949e+001 -6.59200949e+001  -6.59200949e+001 -3.61522412e+000 -3.61522412e+000  -3.61522412e+000 9.39151287e+000 9.39151287e+000  9.39151287e+000
 1.30053111e+001 1.30053111e+001  1.30053111e+001 -5.47574335e+000 -5.47574335e+000  -5.47574335e+000 3.58315470e+000 3.58315470e+000  3.58315470e+000 -6.82139621e+000 -6.82139621e+000  -6.82139621e+000 8.81724835e+000 8.81724835e+000  8.81724835e+000
 2.28101881e+002 2.28101866e+002  2.28101853e+002 -8.44151031e+001 -8.44151062e+001  -8.44151089e+001 -6.73323897e+000 -6.73323897e+000  -6.73323897e+000 4.52746472e+000 4.52746261e+000  4.52746078e+000 1.23124557e+002 1.23124557e+002  1.23124557e+002
 -2.70274143e+002 -2.70274149e+002  -2.70274154e+002 6.40296824e+001 6.40296823e+001  6.40296822e+001 -9.85835671e+001 -9.85835671e+001  -9.85835671e+001 -8.13290606e+000 -8.13290606e+000  -8.13290606e+000 -3.50080637e+001 -3.50080593e+001  -3.50080568e+001
 -3.98303510e+000 -3.98303510e+000  -3.98303511e+000 -2.84878123e+001 -2.84878123e+001  -2.84878123e+001 -2.33437015e+001 -2.33437015e+001  -2.33437015e+001 6.61277453e+000 6.61277052e+000  6.61276868e+000 8.55785383e+000 8.55784964e+000  8.55784617e+000
 8.67860998e-001 8.66875765e-001  8.65909236e-001 5.69069017e+000 5.69047866e+000  5.69027489e+000 -4.38683365e+000 -4.38683365e+000  -4.38683365e+000 5.09560733e-001 5.09419109e-001  5.09279651e-001 -3.33921108e+001 -3.33921108e+001  -3.33921108e+001
 -7.93767370e-001 -7.94167503e-001  -7.94560755e-001 -7.19376897e+001 -7.19376901e+001  -7.19377016e+001 6.26300874e+000 6.26300874e+000  6.26300874e+000 -4.78578927e+001 -4.78578927e+001  -4.78578928e+001 -1.74645491e+001 -1.74642570e+001  -1.74640665e+001
 1.95561328e-001 1.95561302e-001  1.95561066e-001 -1.56905195e+000 -1.56905221e+000  -1.56905246e+000 -4.03458464e+001 -4.03458465e+001  -4.03458471e+001 -2.13938252e+001 -2.13940937e+001  -2.13942334e+001 -2.34376567e+000 -2.34404688e+000  -2.34431187e+000
 -2.42583528e+000 -2.42770972e+000  -2.42927467e+000 1.05900957e+001 1.05896932e+001  1.05893629e+001 1.97271307e+001 1.97271307e+001  1.97271307e+001 -2.62608985e+000 -2.62635929e+000  -2.62658510e+000 3.66234631e+001 3.66234631e+001  3.66234631e+001
 3.14861308e+000 3.14785180e+000  3.14721471e+000 4.07600754e+001 4.07600748e+001  4.07600559e+001 7.54856255e-001 7.54856255e-001  7.54856255e-001 6.83263015e+001 6.83263015e+001  6.83263014e+001 2.90141066e+000 2.90196689e+000  2.90227949e+000
 -2.41959251e+001 -2.41959251e+001  -2.41959255e+001 -3.06805156e+000 -3.06805205e+000  -3.06805245e+000 3.47511069e+000 3.47511055e+000  3.47510964e+000 4.67178815e+000 4.67127665e+000  4.67104729e+000 -3.89614755e+000 -3.89668267e+000  -3.89711358e+000
 2.21781762e+000 2.21625354e+000  2.21496332e+000 6.31001219e-001 6.30665410e-001  6.30392970e-001 2.58187028e+001 2.58187028e+001  2.58187028e+001 2.52025527e+000 2.52003044e+000  2.51984427e+000 4.32229222e+001 4.32229222e+001  4.32229222e+001
 -3.76931022e+000 -3.76994545e+000  -3.77047075e+000 3.84511291e+001 3.84511286e+001  3.84511129e+001 -1.17087476e+001 -1.17087476e+001  -1.17087476e+001 8.43171652e+001 8.43171652e+001  8.43171652e+001 6.66506872e+000 6.66553290e+000  6.66579122e+000
 -2.13776241e+001 -2.13776242e+001  -2.13776244e+001 2.98382610e-001 2.98382199e-001  2.98381871e-001 -4.41294077e+000 -4.41294088e+000  -4.41294162e+000 4.37089582e+000 4.37046897e+000  4.37027939e+000 -7.47350845e+000 -7.47395497e+000  -7.47431051e+000
 -2.77020868e+000 -2.77020868e+000  -2.77020868e+000 -1.98237204e+001 -1.98237204e+001  -1.98237204e+001 -1.55451696e-001 -1.55451696e-001  -1.55451696e-001 2.42674889e+000 2.42674889e+000  2.42674889e+000 -2.34134134e+000 -2.34134134e+000  -2.34134134e+000
 -1.11177347e+001 -1.11177347e+001  -1.11177347e+001 -1.11526923e+001 -1.11526923e+001  -1.11526923e+001 -1.23347080e+001 -1.23347080e+001  -1.23347080e+001 1.19034475e+001 1.19034475e+001  1.19034475e+001 7.37291806e+000 7.37291806e+000  7.37291806e+000
 1.11363770e+001 1.11363770e+001  1.11363770e+001 5.32636592e+000 5.32636592e+000  5.32636592e+000 -1.88031384e+001 -1.88031384e+001  -1.88031384e+001 -3.16682338e+000 -3.16682338e+000  -3.16682338e+000 -1.89452960e+000 -1.89452960e+000  -1.89452960e+000
 -3.86048459e+000 -3.86048459e+000  -3.86048459e+000 -2.05646946e+001 -2.05646946e+001  -2.05646946e+001 -8.31609750e-001 -8.31609750e-001  -8.31609750e-001 4.30305749e+000 4.30305749e+000  4.30305749e+000 -3.75064440e+001 -3.75064440e+001  -3.75064440e+001
 -1.02508330e+001 -1.02508330e+001  -1.02508330e+001 -2.70864343e+001 -2.70864343e+001  -2.70864343e+001 -1.31320706e+001 -1.31320706e+001  -1.31320706e+001 -3.88144331e+001 -3.88144331e+001  -3.88144331e+001 -2.43328347e+000 -2.43328347e+000  -2.43328347e+000
 1.36364270e+001 1.36364270e+001  1.36364270e+001 1.02972054e+000 1.02972054e+000  1.02972054e+000 7.35299550e+000 7.35299550e+000  7.35299550e+000 3.42896040e+000 3.42896040e+000  3.42896040e+000 -5.43158371e+000 -5.43158371e+000  -5.43158371e+000
 -1.25832794e+001 -1.25832794e+001  -1.25832794e+001 1.03315154e+001 1.03315154e+001  1.03315154e+001 -5.18723515e+000 -5.18723515e+000  -5.18723515e+000 -7.39434793e+000 -7.39434793e+000  -7.39434793e+000 -1.16350770e+001 -1.16350770e+001  -1.16350770e+001
 7.00538884e+000 7.00538884e+000  7.00538884e+000 4.21259506e+000 4.21259506e+000  4.21259506e+000 1.75624060e+001 1.75624060e+001  1.75624060e+001 -1.63513455e+001 -1.63513455e+001  -1.63513455e+001 -3.55598578e+000 -3.55598578e+000  -3.55598578e+000
 -3.74014259e+000 -3.74014259e+000  -3.74014259e+000 -4.97602050e+000 -4.97602050e+000  -4.97602050e+000 9.12832808e+000 9.12832808e+000  9.12832808e+000 1.10753298e+000 1.10753298e+000  1.10753298e+000 4.29853861e+000 4.29853861e+000  4.29853861e+000
 -1.25937269e+001 -1.25965049e+001  -1.25988987e+001 1.02616713e+001 1.02610749e+001  1.02605698e+001 -5.63647692e+000 -5.63647692e+000  -5.63647692e+000 -7.44455189e+000 -7.44495120e+000  -7.44529661e+000 -1.24666039e+001 -1.24666039e+001  -1.24666039e+001
 6.97347343e+000 6.97234523e+000  6.97137094e+000 4.32818600e+000 4.32818509e+000  4.32815637e+000 1.77425699e+001 1.77425699e+001  1.77425699e+001 -1.77231793e+001 -1.77231793e+001  -1.77231794e+001 -3.50645287e+000 -3.50562873e+000  -3.50515344e+000
 -3.33622226e+000 -3.33622233e+000  -3.33622286e+000 -5.17754763e+000 -5.17754836e+000  -5.17754896e+000 8.85675883e+000 8.85675863e+000  8.85675716e+000 1.06416500e+000 1.06340719e+000  1.06305861e+000 4.36064876e+000 4.35985576e+000  4.35919791e+000
 -1.19560733e+001 -1.19557486e+001 -1.19554665e+001
 -2.09067067e+000 -2.09010903e+000 -2.08962128e+000
 -2.08102003e+001 -2.08102003e+001 -2.08102003e+001
 -7.76568447e+000 -7.76563050e+000 -7.76558377e+000
 -2.57908223e+000 -2.57908223e+000 -2.57908223e+000
 -1.03243830e+001 -1.03233636e+001 -1.03224979e+001
 -5.56240079e-001 -5.55101118e-001 -5.54243492e-001
 -6.05315587e+000 -6.05201408e+000 -6.05104241e+000
 -9.31733548e-001 -9.30592879e-001 -9.29680055e-001
 2.95423098e+000 2.95472191e+000 2.95492863e+000
 -2.91094575e+000 -2.91094573e+000 -2.91094555e+000
 -3.40511827e+000 -3.40511806e+000 -3.40511788e+000
 -5.94547301e-001 -5.93405853e-001 -5.92436671e-001
 -2.88017309e+000 -2.87975851e+000 -2.87961538e+000
 -2.79989223e+000 -2.79927241e+000 -2.79871192e+000
