   22     14     50      1   225     96 
    0.700      0.400   20000  100      0.000      0.000    100     16 
    0.990 	     0.010 
   2 
    4.5755e-001   0.0000e+000  
  4.5755e-001   0.0000e+000  
  1.0000e+000   0.0000e+000  
  1.0000e+000   0.0000e+000  
  1.9875e+000   0.0000e+000  
  1.9875e+000   0.0000e+000  
  5.4333e+001   2.6667e+000  
  5.4333e+001   2.6667e+000  
  4.3667e+001  -4.6667e+000  
  4.3667e+001  -4.6667e+000  
  4.4837e+000   0.0000e+000  
  4.4837e+000   0.0000e+000  
  4.3183e+000   0.0000e+000  
  4.3183e+000   0.0000e+000  
  1.8799e+002   1.7624e+002  
  1.8803e+002   1.7623e+002  
  1.8731e+002   1.7562e+002  
  1.8805e+002   1.7544e+002  
  1.0000e+000   0.0000e+000  
  1.0000e+000   0.0000e+000  
  1.0000e+000   0.0000e+000  
  1.0000e+000   0.0000e+000  
   2.9875e+002   0.0000e+000  
  itr    nh   avger[]   r2avg    mare[] 
100  16 7.297e+001   9.735e-001  1.000e+001 5.990e-001 
100  16 1.085e+002   6.483e-001  5.857e+002 1.834e+000 
   1  9.7353e-001   5.9897e-001   5.3459e+004   7.2971e-001 
  7.0184e+000   1.0902e+000 
   1  6.4828e-001   1.8336e+000   1.6366e+005   1.0847e+000 
  1.3056e+001   9.4916e-001 
