 Normalized SSE per output and pattern 
Itr 	 HN 	 MARE-tr 	 MARE-ts 	 R2tr 	 R2ts 	 SSENtr 	 SSENts	 SSENcomb
100 	 14 	      250.553 	      249.493 	   0.73066 	   0.65943 	    0.036768 	     0.043016 	     0.079783 
200 	 14 	      211.296 	      204.750 	   0.76296 	   0.66472 	    0.028979 	     0.037564 	     0.066543 
300 	 14 	      199.122 	      192.646 	   0.77311 	   0.66522 	    0.026751 	     0.036153 	     0.062904 
400 	 14 	      190.263 	      185.925 	   0.78340 	   0.66725 	    0.024984 	     0.035068 	     0.060052 
500 	 14 	      181.548 	      180.408 	   0.80022 	   0.66988 	    0.022503 	     0.033759 	     0.056262 
600 	 14 	      173.092 	      175.352 	   0.81986 	   0.67147 	    0.019656 	     0.032273 	     0.051930 
700 	 14 	      166.741 	      171.212 	   0.83551 	   0.67106 	    0.017404 	     0.030954 	     0.048358 
800 	 14 	      161.293 	      167.415 	   0.84522 	   0.66977 	    0.015906 	     0.029967 	     0.045873 
900 	 14 	      155.381 	      162.976 	   0.85186 	   0.66933 	    0.014790 	     0.029149 	     0.043939 
1000 	 14 	      109.014 	      117.273 	   0.88440 	   0.67857 	    0.007319 	     0.019489 	     0.026808 
1100 	 14 	       84.392 	       91.566 	   0.90559 	   0.68348 	    0.005206 	     0.017539 	     0.022744 
1200 	 14 	       82.408 	       89.451 	   0.90888 	   0.68482 	    0.004949 	     0.017248 	     0.022197 
1300 	 14 	       81.032 	       88.287 	   0.91131 	   0.68594 	    0.004769 	     0.017030 	     0.021799 
1400 	 14 	       79.860 	       87.480 	   0.91338 	   0.68696 	    0.004622 	     0.016856 	     0.021478 
1500 	 14 	       78.829 	       86.879 	   0.91525 	   0.68795 	    0.004494 	     0.016710 	     0.021203 
1600 	 14 	       77.887 	       86.405 	   0.91699 	   0.68893 	    0.004378 	     0.016579 	     0.020958 
1700 	 14 	       77.066 	       86.005 	   0.91864 	   0.68991 	    0.004272 	     0.016459 	     0.020731 
1800 	 14 	       76.289 	       85.651 	   0.92024 	   0.69089 	    0.004171 	     0.016345 	     0.020516 
1900 	 14 	       75.536 	       85.326 	   0.92180 	   0.69185 	    0.004074 	     0.016234 	     0.020309 
2000 	 14 	       66.300 	       75.373 	   0.92837 	   0.69274 	    0.003026 	     0.014325 	     0.017351 
2100 	 14 	       61.195 	       70.543 	   0.93327 	   0.69264 	    0.002710 	     0.014061 	     0.016771 
2200 	 14 	       60.819 	       70.591 	   0.93463 	   0.69325 	    0.002649 	     0.014002 	     0.016651 
2300 	 14 	       60.667 	       70.822 	   0.93577 	   0.69380 	    0.002602 	     0.013953 	     0.016555 
2400 	 14 	       60.578 	       71.074 	   0.93680 	   0.69433 	    0.002560 	     0.013909 	     0.016469 
2500 	 14 	       60.498 	       71.326 	   0.93777 	   0.69484 	    0.002521 	     0.013868 	     0.016389 
2600 	 14 	       60.426 	       71.586 	   0.93869 	   0.69532 	    0.002484 	     0.013830 	     0.016314 
2700 	 14 	       60.360 	       71.846 	   0.93957 	   0.69579 	    0.002449 	     0.013793 	     0.016242 
2800 	 14 	       60.291 	       72.097 	   0.94043 	   0.69623 	    0.002416 	     0.013757 	     0.016173 
2900 	 14 	       60.213 	       72.336 	   0.94125 	   0.69665 	    0.002383 	     0.013723 	     0.016106 
3000 	 14 	       56.832 	       68.926 	   0.94354 	   0.69672 	    0.002083 	     0.013017 	     0.015099 
3100 	 14 	       55.155 	       67.532 	   0.94536 	   0.69630 	    0.001991 	     0.012964 	     0.014955 
3200 	 14 	       55.112 	       67.787 	   0.94606 	   0.69649 	    0.001966 	     0.012950 	     0.014915 
3300 	 14 	       55.133 	       68.074 	   0.94669 	   0.69665 	    0.001944 	     0.012936 	     0.014880 
3400 	 14 	       55.164 	       68.351 	   0.94727 	   0.69682 	    0.001924 	     0.012922 	     0.014846 
3500 	 14 	       55.191 	       68.612 	   0.94783 	   0.69698 	    0.001905 	     0.012908 	     0.014813 
3600 	 14 	       55.215 	       68.857 	   0.94836 	   0.69715 	    0.001887 	     0.012894 	     0.014781 
3700 	 14 	       55.231 	       69.087 	   0.94888 	   0.69731 	    0.001869 	     0.012881 	     0.014750 
3800 	 14 	       55.239 	       69.304 	   0.94938 	   0.69748 	    0.001852 	     0.012867 	     0.014719 
3900 	 14 	       55.239 	       69.508 	   0.94987 	   0.69764 	    0.001835 	     0.012854 	     0.014689 
4000 	 14 	       53.514 	       67.785 	   0.95094 	   0.69756 	    0.001711 	     0.012502 	     0.014212 
4100 	 14 	       52.715 	       67.131 	   0.95184 	   0.69719 	    0.001671 	     0.012490 	     0.014160 
4200 	 14 	       52.701 	       67.313 	   0.95226 	   0.69725 	    0.001657 	     0.012485 	     0.014142 
4300 	 14 	       52.711 	       67.504 	   0.95265 	   0.69728 	    0.001644 	     0.012481 	     0.014125 
4400 	 14 	       52.731 	       67.684 	   0.95303 	   0.69732 	    0.001632 	     0.012476 	     0.014108 
4500 	 14 	       52.754 	       67.852 	   0.95339 	   0.69736 	    0.001620 	     0.012472 	     0.014092 
4600 	 14 	       52.774 	       68.009 	   0.95373 	   0.69741 	    0.001609 	     0.012467 	     0.014076 
4700 	 14 	       52.789 	       68.161 	   0.95408 	   0.69746 	    0.001598 	     0.012462 	     0.014060 
4800 	 14 	       52.799 	       68.303 	   0.95441 	   0.69751 	    0.001587 	     0.012456 	     0.014044 
4900 	 14 	       52.805 	       68.436 	   0.95474 	   0.69757 	    0.001577 	     0.012451 	     0.014028 
5000 	 14 	       51.744 	       67.389 	   0.95535 	   0.69746 	    0.001513 	     0.012245 	     0.013758 
5100 	 14 	       51.250 	       67.002 	   0.95588 	   0.69715 	    0.001490 	     0.012244 	     0.013735 
5200 	 14 	       51.244 	       67.120 	   0.95617 	   0.69714 	    0.001481 	     0.012244 	     0.013725 
5300 	 14 	       51.252 	       67.242 	   0.95644 	   0.69712 	    0.001472 	     0.012244 	     0.013716 
5400 	 14 	       51.263 	       67.357 	   0.95671 	   0.69709 	    0.001464 	     0.012244 	     0.013708 
5500 	 14 	       51.273 	       67.463 	   0.95697 	   0.69707 	    0.001456 	     0.012243 	     0.013699 
5600 	 14 	       51.281 	       67.562 	   0.95722 	   0.69705 	    0.001448 	     0.012243 	     0.013691 
5700 	 14 	       51.286 	       67.653 	   0.95747 	   0.69703 	    0.001440 	     0.012243 	     0.013683 
5800 	 14 	       51.289 	       67.737 	   0.95772 	   0.69701 	    0.001432 	     0.012242 	     0.013675 
5900 	 14 	       51.289 	       67.815 	   0.95796 	   0.69699 	    0.001425 	     0.012242 	     0.013667 
6000 	 14 	       50.594 	       67.101 	   0.95836 	   0.69685 	    0.001387 	     0.012110 	     0.013496 
6100 	 14 	       50.262 	       66.832 	   0.95871 	   0.69657 	    0.001372 	     0.012113 	     0.013485 
6200 	 14 	       50.251 	       66.899 	   0.95894 	   0.69652 	    0.001365 	     0.012115 	     0.013480 
6300 	 14 	       50.254 	       66.971 	   0.95915 	   0.69645 	    0.001359 	     0.012118 	     0.013477 
6400 	 14 	       50.262 	       67.039 	   0.95935 	   0.69638 	    0.001352 	     0.012121 	     0.013473 
6500 	 14 	       50.271 	       67.101 	   0.95955 	   0.69630 	    0.001346 	     0.012124 	     0.013470 
6600 	 14 	       50.278 	       67.158 	   0.95975 	   0.69622 	    0.001340 	     0.012127 	     0.013467 
6700 	 14 	       50.284 	       67.213 	   0.95994 	   0.69615 	    0.001333 	     0.012130 	     0.013463 
6800 	 14 	       50.289 	       67.263 	   0.96014 	   0.69607 	    0.001327 	     0.012133 	     0.013460 
6900 	 14 	       50.292 	       67.308 	   0.96033 	   0.69599 	    0.001321 	     0.012136 	     0.013458 
7000 	 14 	       49.797 	       66.797 	   0.96062 	   0.69582 	    0.001297 	     0.012046 	     0.013343 
7100 	 14 	       49.560 	       66.593 	   0.96088 	   0.69555 	    0.001286 	     0.012052 	     0.013338 
7200 	 14 	       49.555 	       66.631 	   0.96106 	   0.69546 	    0.001281 	     0.012056 	     0.013337 
7300 	 14 	       49.558 	       66.674 	   0.96122 	   0.69535 	    0.001275 	     0.012061 	     0.013336 
7400 	 14 	       49.565 	       66.714 	   0.96139 	   0.69524 	    0.001270 	     0.012066 	     0.013336 
7500 	 14 	       49.575 	       66.750 	   0.96155 	   0.69512 	    0.001265 	     0.012071 	     0.013336 
7600 	 14 	       49.584 	       66.782 	   0.96172 	   0.69500 	    0.001260 	     0.012077 	     0.013337 
7700 	 14 	       49.592 	       66.816 	   0.96188 	   0.69489 	    0.001255 	     0.012082 	     0.013337 
7800 	 14 	       49.599 	       66.846 	   0.96204 	   0.69477 	    0.001250 	     0.012087 	     0.013337 
7900 	 14 	       49.605 	       66.873 	   0.96219 	   0.69465 	    0.001245 	     0.012093 	     0.013337 
8000 	 14 	       49.247 	       66.470 	   0.96241 	   0.69446 	    0.001228 	     0.012029 	     0.013257 
8100 	 14 	       49.073 	       66.297 	   0.96262 	   0.69420 	    0.001220 	     0.012036 	     0.013255 
8200 	 14 	       49.073 	       66.321 	   0.96276 	   0.69407 	    0.001215 	     0.012042 	     0.013257 
8300 	 14 	       49.078 	       66.347 	   0.96290 	   0.69394 	    0.001211 	     0.012048 	     0.013258 
8400 	 14 	       49.086 	       66.372 	   0.96304 	   0.69380 	    0.001206 	     0.012054 	     0.013261 
8500 	 14 	       49.094 	       66.393 	   0.96318 	   0.69366 	    0.001202 	     0.012061 	     0.013263 
8600 	 14 	       49.101 	       66.411 	   0.96332 	   0.69352 	    0.001198 	     0.012067 	     0.013265 
8700 	 14 	       49.110 	       66.427 	   0.96345 	   0.69338 	    0.001193 	     0.012074 	     0.013267 
8800 	 14 	       49.118 	       66.440 	   0.96359 	   0.69324 	    0.001189 	     0.012080 	     0.013269 
8900 	 14 	       49.127 	       66.451 	   0.96372 	   0.69310 	    0.001185 	     0.012087 	     0.013272 
9000 	 14 	       48.862 	       66.129 	   0.96389 	   0.69290 	    0.001172 	     0.012041 	     0.013213 
9100 	 14 	       48.732 	       65.982 	   0.96406 	   0.69265 	    0.001166 	     0.012048 	     0.013214 
9200 	 14 	       48.736 	       65.990 	   0.96418 	   0.69251 	    0.001162 	     0.012054 	     0.013216 
9300 	 14 	       48.745 	       66.002 	   0.96431 	   0.69236 	    0.001158 	     0.012061 	     0.013219 
9400 	 14 	       48.755 	       66.012 	   0.96443 	   0.69222 	    0.001154 	     0.012068 	     0.013222 
9500 	 14 	       48.766 	       66.021 	   0.96454 	   0.69207 	    0.001151 	     0.012075 	     0.013226 
9600 	 14 	       48.776 	       66.027 	   0.96466 	   0.69192 	    0.001147 	     0.012082 	     0.013229 
9700 	 14 	       48.788 	       66.034 	   0.96478 	   0.69177 	    0.001143 	     0.012089 	     0.013232 
9800 	 14 	       48.801 	       66.043 	   0.96489 	   0.69162 	    0.001140 	     0.012096 	     0.013235 
9900 	 14 	       48.813 	       66.050 	   0.96501 	   0.69147 	    0.001136 	     0.012103 	     0.013239 
10000 	 14 	       48.629 	       65.796 	   0.96515 	   0.69127 	    0.001126 	     0.012068 	     0.013194 
10100 	 14 	       48.538 	       65.670 	   0.96529 	   0.69104 	    0.001121 	     0.012075 	     0.013196 
10200 	 14 	       48.546 	       65.674 	   0.96540 	   0.69090 	    0.001118 	     0.012082 	     0.013199 
10300 	 14 	       48.558 	       65.682 	   0.96550 	   0.69075 	    0.001114 	     0.012088 	     0.013203 
10400 	 14 	       48.571 	       65.689 	   0.96561 	   0.69060 	    0.001111 	     0.012095 	     0.013206 
10500 	 14 	       48.584 	       65.695 	   0.96571 	   0.69046 	    0.001108 	     0.012102 	     0.013210 
10600 	 14 	       48.596 	       65.700 	   0.96581 	   0.69031 	    0.001105 	     0.012109 	     0.013214 
10700 	 14 	       48.609 	       65.703 	   0.96591 	   0.69016 	    0.001101 	     0.012116 	     0.013217 
10800 	 14 	       48.621 	       65.706 	   0.96601 	   0.69001 	    0.001098 	     0.012123 	     0.013221 
10900 	 14 	       48.632 	       65.711 	   0.96611 	   0.68987 	    0.001095 	     0.012130 	     0.013225 
11000 	 14 	       48.493 	       65.507 	   0.96624 	   0.68968 	    0.001087 	     0.012103 	     0.013190 
11100 	 14 	       48.421 	       65.405 	   0.96635 	   0.68946 	    0.001083 	     0.012109 	     0.013192 
11200 	 14 	       48.427 	       65.412 	   0.96645 	   0.68933 	    0.001080 	     0.012116 	     0.013196 
11300 	 14 	       48.435 	       65.424 	   0.96654 	   0.68919 	    0.001077 	     0.012122 	     0.013199 
11400 	 14 	       48.445 	       65.438 	   0.96663 	   0.68905 	    0.001074 	     0.012129 	     0.013203 
11500 	 14 	       48.454 	       65.450 	   0.96672 	   0.68891 	    0.001071 	     0.012135 	     0.013207 
11600 	 14 	       48.464 	       65.462 	   0.96681 	   0.68877 	    0.001068 	     0.012142 	     0.013210 
11700 	 14 	       48.473 	       65.473 	   0.96690 	   0.68863 	    0.001066 	     0.012148 	     0.013214 
11800 	 14 	       48.481 	       65.483 	   0.96699 	   0.68849 	    0.001063 	     0.012155 	     0.013218 
11900 	 14 	       48.489 	       65.492 	   0.96708 	   0.68835 	    0.001060 	     0.012161 	     0.013221 
12000 	 14 	       48.374 	       65.325 	   0.96719 	   0.68818 	    0.001054 	     0.012140 	     0.013194 
12100 	 14 	       48.312 	       65.236 	   0.96729 	   0.68798 	    0.001050 	     0.012146 	     0.013196 
12200 	 14 	       48.315 	       65.243 	   0.96737 	   0.68785 	    0.001047 	     0.012152 	     0.013199 
12300 	 14 	       48.321 	       65.253 	   0.96745 	   0.68773 	    0.001045 	     0.012158 	     0.013202 
12400 	 14 	       48.327 	       65.264 	   0.96753 	   0.68760 	    0.001042 	     0.012164 	     0.013206 
12500 	 14 	       48.333 	       65.273 	   0.96762 	   0.68747 	    0.001040 	     0.012170 	     0.013209 
12600 	 14 	       48.339 	       65.282 	   0.96770 	   0.68734 	    0.001037 	     0.012176 	     0.013213 
12700 	 14 	       48.344 	       65.290 	   0.96778 	   0.68721 	    0.001035 	     0.012181 	     0.013216 
12800 	 14 	       48.349 	       65.298 	   0.96785 	   0.68708 	    0.001032 	     0.012187 	     0.013219 
12900 	 14 	       48.354 	       65.305 	   0.96793 	   0.68696 	    0.001030 	     0.012193 	     0.013223 
13000 	 14 	       48.257 	       65.165 	   0.96802 	   0.68680 	    0.001025 	     0.012176 	     0.013201 
13100 	 14 	       48.203 	       65.087 	   0.96811 	   0.68663 	    0.001021 	     0.012181 	     0.013202 
13200 	 14 	       48.203 	       65.092 	   0.96819 	   0.68651 	    0.001019 	     0.012186 	     0.013205 
13300 	 14 	       48.205 	       65.100 	   0.96826 	   0.68639 	    0.001017 	     0.012192 	     0.013208 
13400 	 14 	       48.208 	       65.108 	   0.96833 	   0.68628 	    0.001014 	     0.012197 	     0.013211 
13500 	 14 	       48.211 	       65.116 	   0.96841 	   0.68616 	    0.001012 	     0.012202 	     0.013214 
13600 	 14 	       48.214 	       65.123 	   0.96848 	   0.68605 	    0.001010 	     0.012208 	     0.013217 
13700 	 14 	       48.216 	       65.130 	   0.96855 	   0.68593 	    0.001007 	     0.012213 	     0.013220 
13800 	 14 	       48.219 	       65.136 	   0.96862 	   0.68582 	    0.001005 	     0.012218 	     0.013223 
13900 	 14 	       48.221 	       65.142 	   0.96869 	   0.68570 	    0.001003 	     0.012223 	     0.013226 
14000 	 14 	       48.140 	       65.024 	   0.96877 	   0.68556 	    0.000999 	     0.012209 	     0.013208 
14100 	 14 	       48.090 	       64.956 	   0.96885 	   0.68541 	    0.000996 	     0.012213 	     0.013209 
14200 	 14 	       48.088 	       64.959 	   0.96892 	   0.68531 	    0.000994 	     0.012218 	     0.013212 
14300 	 14 	       48.088 	       64.966 	   0.96898 	   0.68520 	    0.000992 	     0.012223 	     0.013214 
14400 	 14 	       48.088 	       64.973 	   0.96905 	   0.68510 	    0.000990 	     0.012227 	     0.013217 
14500 	 14 	       48.088 	       64.980 	   0.96912 	   0.68500 	    0.000988 	     0.012232 	     0.013220 
14600 	 14 	       48.088 	       64.986 	   0.96918 	   0.68489 	    0.000985 	     0.012237 	     0.013222 
14700 	 14 	       48.088 	       64.992 	   0.96924 	   0.68479 	    0.000983 	     0.012241 	     0.013225 
14800 	 14 	       48.087 	       64.997 	   0.96931 	   0.68469 	    0.000981 	     0.012246 	     0.013227 
14900 	 14 	       48.086 	       65.003 	   0.96937 	   0.68459 	    0.000979 	     0.012250 	     0.013230 
15000 	 14 	       48.014 	       64.902 	   0.96944 	   0.68447 	    0.000976 	     0.012238 	     0.013214 
15100 	 14 	       47.969 	       64.842 	   0.96951 	   0.68433 	    0.000973 	     0.012242 	     0.013215 
15200 	 14 	       47.964 	       64.845 	   0.96957 	   0.68424 	    0.000971 	     0.012246 	     0.013217 
15300 	 14 	       47.962 	       64.851 	   0.96963 	   0.68415 	    0.000969 	     0.012250 	     0.013219 
15400 	 14 	       47.961 	       64.857 	   0.96969 	   0.68406 	    0.000968 	     0.012254 	     0.013222 
15500 	 14 	       47.959 	       64.863 	   0.96975 	   0.68397 	    0.000966 	     0.012258 	     0.013224 
15600 	 14 	       47.958 	       64.869 	   0.96981 	   0.68388 	    0.000964 	     0.012262 	     0.013226 
15700 	 14 	       47.956 	       64.875 	   0.96987 	   0.68379 	    0.000962 	     0.012266 	     0.013228 
15800 	 14 	       47.954 	       64.880 	   0.96993 	   0.68370 	    0.000960 	     0.012270 	     0.013230 
15900 	 14 	       47.951 	       64.885 	   0.96998 	   0.68362 	    0.000958 	     0.012274 	     0.013232 
16000 	 14 	       47.891 	       64.799 	   0.97005 	   0.68351 	    0.000955 	     0.012264 	     0.013219 
16100 	 14 	       47.850 	       64.746 	   0.97011 	   0.68339 	    0.000953 	     0.012267 	     0.013220 
16200 	 14 	       47.845 	       64.748 	   0.97017 	   0.68331 	    0.000951 	     0.012270 	     0.013221 
16300 	 14 	       47.841 	       64.754 	   0.97022 	   0.68323 	    0.000950 	     0.012274 	     0.013223 
16400 	 14 	       47.838 	       64.762 	   0.97027 	   0.68315 	    0.000948 	     0.012277 	     0.013225 
16500 	 14 	       47.834 	       64.771 	   0.97033 	   0.68308 	    0.000946 	     0.012281 	     0.013227 
16600 	 14 	       47.831 	       64.780 	   0.97038 	   0.68300 	    0.000944 	     0.012284 	     0.013229 
16700 	 14 	       47.827 	       64.788 	   0.97043 	   0.68292 	    0.000943 	     0.012288 	     0.013231 
16800 	 14 	       47.823 	       64.797 	   0.97049 	   0.68284 	    0.000941 	     0.012291 	     0.013232 
16900 	 14 	       47.821 	       64.805 	   0.97054 	   0.68277 	    0.000939 	     0.012295 	     0.013234 
17000 	 14 	       47.766 	       64.735 	   0.97060 	   0.68267 	    0.000937 	     0.012286 	     0.013223 
17100 	 14 	       47.729 	       64.692 	   0.97065 	   0.68257 	    0.000935 	     0.012288 	     0.013223 
17200 	 14 	       47.724 	       64.698 	   0.97070 	   0.68250 	    0.000933 	     0.012291 	     0.013224 
17300 	 14 	       47.721 	       64.706 	   0.97075 	   0.68243 	    0.000932 	     0.012294 	     0.013226 
17400 	 14 	       47.718 	       64.715 	   0.97080 	   0.68236 	    0.000930 	     0.012297 	     0.013227 
17500 	 14 	       47.715 	       64.723 	   0.97085 	   0.68229 	    0.000929 	     0.012300 	     0.013229 
17600 	 14 	       47.711 	       64.731 	   0.97090 	   0.68223 	    0.000927 	     0.012303 	     0.013230 
17700 	 14 	       47.708 	       64.739 	   0.97094 	   0.68216 	    0.000925 	     0.012306 	     0.013232 
17800 	 14 	       47.707 	       64.747 	   0.97099 	   0.68209 	    0.000924 	     0.012309 	     0.013233 
17900 	 14 	       47.707 	       64.755 	   0.97104 	   0.68203 	    0.000922 	     0.012312 	     0.013235 
18000 	 14 	       47.660 	       64.695 	   0.97109 	   0.68194 	    0.000920 	     0.012304 	     0.013224 
18100 	 14 	       47.627 	       64.657 	   0.97114 	   0.68185 	    0.000918 	     0.012306 	     0.013224 
18200 	 14 	       47.626 	       64.662 	   0.97119 	   0.68179 	    0.000917 	     0.012309 	     0.013226 
18300 	 14 	       47.626 	       64.670 	   0.97123 	   0.68173 	    0.000915 	     0.012311 	     0.013227 
18400 	 14 	       47.627 	       64.678 	   0.97128 	   0.68167 	    0.000914 	     0.012314 	     0.013228 
18500 	 14 	       47.627 	       64.686 	   0.97132 	   0.68161 	    0.000913 	     0.012317 	     0.013229 
18600 	 14 	       47.628 	       64.694 	   0.97137 	   0.68155 	    0.000911 	     0.012319 	     0.013231 
18700 	 14 	       47.628 	       64.702 	   0.97141 	   0.68149 	    0.000910 	     0.012322 	     0.013232 
18800 	 14 	       47.628 	       64.710 	   0.97145 	   0.68144 	    0.000908 	     0.012324 	     0.013233 
18900 	 14 	       47.628 	       64.718 	   0.97150 	   0.68138 	    0.000907 	     0.012327 	     0.013234 
19000 	 14 	       47.587 	       64.665 	   0.97154 	   0.68131 	    0.000905 	     0.012320 	     0.013225 
19100 	 14 	       47.558 	       64.631 	   0.97159 	   0.68123 	    0.000903 	     0.012322 	     0.013225 
19200 	 14 	       47.556 	       64.636 	   0.97163 	   0.68117 	    0.000902 	     0.012324 	     0.013226 
19300 	 14 	       47.555 	       64.644 	   0.97167 	   0.68112 	    0.000901 	     0.012326 	     0.013227 
19400 	 14 	       47.554 	       64.651 	   0.97171 	   0.68107 	    0.000899 	     0.012328 	     0.013228 
19500 	 14 	       47.553 	       64.659 	   0.97175 	   0.68102 	    0.000898 	     0.012331 	     0.013229 
19600 	 14 	       47.551 	       64.667 	   0.97179 	   0.68097 	    0.000897 	     0.012333 	     0.013230 
19700 	 14 	       47.550 	       64.675 	   0.97183 	   0.68091 	    0.000896 	     0.012335 	     0.013231 
19800 	 14 	       47.548 	       64.682 	   0.97187 	   0.68086 	    0.000894 	     0.012338 	     0.013232 
19900 	 14 	       47.547 	       64.689 	   0.97191 	   0.68081 	    0.000893 	     0.012340 	     0.013233 
20000 	 14 	       47.509 	       64.644 	   0.97196 	   0.68075 	    0.000891 	     0.012334 	     0.013225 
100 	 15 	      104.762 	      126.623 	   0.94542 	   0.67997 	    0.006139 	     0.021881 	     0.028020 
200 	 15 	      102.368 	      126.117 	   0.94549 	   0.68098 	    0.005970 	     0.021704 	     0.027674 
300 	 15 	       99.543 	      125.073 	   0.94623 	   0.68003 	    0.005731 	     0.021479 	     0.027210 
400 	 15 	       96.944 	      124.079 	   0.94725 	   0.67822 	    0.005485 	     0.021261 	     0.026746 
500 	 15 	       94.556 	      123.108 	   0.94840 	   0.67597 	    0.005249 	     0.021066 	     0.026315 
600 	 15 	       92.304 	      122.198 	   0.94957 	   0.67347 	    0.005027 	     0.020896 	     0.025923 
700 	 15 	       90.194 	      121.398 	   0.95073 	   0.67085 	    0.004817 	     0.020747 	     0.025564 
800 	 15 	       88.202 	      120.738 	   0.95188 	   0.66817 	    0.004619 	     0.020613 	     0.025231 
900 	 15 	       86.305 	      120.132 	   0.95301 	   0.66548 	    0.004429 	     0.020490 	     0.024919 
1000 	 15 	       60.792 	       94.189 	   0.96507 	   0.66406 	    0.001647 	     0.015270 	     0.016917 
1100 	 15 	       56.805 	       88.050 	   0.96910 	   0.66839 	    0.001448 	     0.014890 	     0.016339 
1200 	 15 	       56.436 	       87.517 	   0.96982 	   0.66830 	    0.001427 	     0.014893 	     0.016320 
1300 	 15 	       56.263 	       87.418 	   0.97033 	   0.66795 	    0.001412 	     0.014910 	     0.016322 
1400 	 15 	       56.153 	       87.457 	   0.97076 	   0.66749 	    0.001400 	     0.014931 	     0.016331 
1500 	 15 	       56.081 	       87.551 	   0.97113 	   0.66698 	    0.001388 	     0.014954 	     0.016343 
1600 	 15 	       56.021 	       87.672 	   0.97147 	   0.66645 	    0.001378 	     0.014978 	     0.016356 
1700 	 15 	       55.972 	       87.803 	   0.97178 	   0.66593 	    0.001368 	     0.015001 	     0.016368 
1800 	 15 	       55.932 	       87.934 	   0.97207 	   0.66543 	    0.001358 	     0.015022 	     0.016380 
1900 	 15 	       55.884 	       88.061 	   0.97235 	   0.66493 	    0.001348 	     0.015042 	     0.016389 
2000 	 15 	       50.914 	       82.724 	   0.97432 	   0.66437 	    0.001001 	     0.014073 	     0.015074 
2100 	 15 	       49.607 	       80.886 	   0.97550 	   0.66563 	    0.000951 	     0.013988 	     0.014939 
2200 	 15 	       49.477 	       80.683 	   0.97583 	   0.66525 	    0.000941 	     0.014014 	     0.014955 
2300 	 15 	       49.423 	       80.598 	   0.97608 	   0.66492 	    0.000933 	     0.014035 	     0.014967 
2400 	 15 	       49.393 	       80.551 	   0.97631 	   0.66464 	    0.000925 	     0.014051 	     0.014977 
2500 	 15 	       49.383 	       80.523 	   0.97651 	   0.66438 	    0.000919 	     0.014065 	     0.014984 
2600 	 15 	       49.385 	       80.507 	   0.97670 	   0.66413 	    0.000912 	     0.014077 	     0.014990 
2700 	 15 	       49.393 	       80.498 	   0.97688 	   0.66389 	    0.000906 	     0.014088 	     0.014995 
2800 	 15 	       49.402 	       80.494 	   0.97705 	   0.66366 	    0.000901 	     0.014098 	     0.014999 
2900 	 15 	       49.410 	       80.493 	   0.97722 	   0.66344 	    0.000895 	     0.014107 	     0.015002 
3000 	 15 	       47.600 	       78.284 	   0.97792 	   0.66311 	    0.000792 	     0.013742 	     0.014534 
3100 	 15 	       46.990 	       77.342 	   0.97845 	   0.66350 	    0.000769 	     0.013705 	     0.014475 
3200 	 15 	       46.962 	       77.219 	   0.97862 	   0.66322 	    0.000763 	     0.013720 	     0.014483 
3300 	 15 	       46.960 	       77.142 	   0.97877 	   0.66297 	    0.000759 	     0.013731 	     0.014490 
3400 	 15 	       46.969 	       77.086 	   0.97890 	   0.66277 	    0.000754 	     0.013741 	     0.014495 
3500 	 15 	       46.981 	       77.042 	   0.97903 	   0.66259 	    0.000750 	     0.013748 	     0.014498 
3600 	 15 	       46.997 	       77.005 	   0.97914 	   0.66243 	    0.000746 	     0.013755 	     0.014501 
3700 	 15 	       47.014 	       76.974 	   0.97925 	   0.66228 	    0.000742 	     0.013761 	     0.014503 
3800 	 15 	       47.029 	       76.947 	   0.97936 	   0.66213 	    0.000738 	     0.013766 	     0.014505 
3900 	 15 	       47.044 	       76.924 	   0.97947 	   0.66199 	    0.000735 	     0.013771 	     0.014506 
4000 	 15 	       46.152 	       75.733 	   0.97981 	   0.66177 	    0.000692 	     0.013588 	     0.014280 
4100 	 15 	       45.787 	       75.174 	   0.98009 	   0.66193 	    0.000680 	     0.013567 	     0.014247 
4200 	 15 	       45.779 	       75.100 	   0.98020 	   0.66174 	    0.000676 	     0.013575 	     0.014251 
4300 	 15 	       45.784 	       75.045 	   0.98029 	   0.66157 	    0.000673 	     0.013582 	     0.014255 
4400 	 15 	       45.793 	       75.000 	   0.98038 	   0.66143 	    0.000670 	     0.013588 	     0.014258 
4500 	 15 	       45.805 	       74.963 	   0.98046 	   0.66131 	    0.000667 	     0.013592 	     0.014259 
4600 	 15 	       45.817 	       74.929 	   0.98054 	   0.66119 	    0.000665 	     0.013596 	     0.014261 
4700 	 15 	       45.829 	       74.900 	   0.98062 	   0.66109 	    0.000662 	     0.013600 	     0.014262 
4800 	 15 	       45.841 	       74.874 	   0.98069 	   0.66099 	    0.000659 	     0.013603 	     0.014263 
4900 	 15 	       45.851 	       74.849 	   0.98076 	   0.66090 	    0.000657 	     0.013606 	     0.014263 
5000 	 15 	       45.309 	       74.123 	   0.98096 	   0.66074 	    0.000635 	     0.013498 	     0.014134 
5100 	 15 	       45.056 	       73.749 	   0.98113 	   0.66082 	    0.000628 	     0.013485 	     0.014113 
5200 	 15 	       45.050 	       73.699 	   0.98120 	   0.66070 	    0.000626 	     0.013490 	     0.014116 
5300 	 15 	       45.052 	       73.658 	   0.98127 	   0.66058 	    0.000623 	     0.013494 	     0.014118 
5400 	 15 	       45.057 	       73.623 	   0.98133 	   0.66048 	    0.000621 	     0.013498 	     0.014119 
5500 	 15 	       45.063 	       73.593 	   0.98139 	   0.66040 	    0.000619 	     0.013501 	     0.014120 
5600 	 15 	       45.069 	       73.565 	   0.98145 	   0.66032 	    0.000617 	     0.013504 	     0.014121 
5700 	 15 	       45.075 	       73.540 	   0.98150 	   0.66025 	    0.000616 	     0.013506 	     0.014121 
5800 	 15 	       45.080 	       73.517 	   0.98156 	   0.66018 	    0.000614 	     0.013508 	     0.014122 
5900 	 15 	       45.085 	       73.495 	   0.98161 	   0.66012 	    0.000612 	     0.013510 	     0.014122 
6000 	 15 	       44.719 	       73.017 	   0.98173 	   0.66000 	    0.000600 	     0.013439 	     0.014039 
6100 	 15 	       44.537 	       72.764 	   0.98185 	   0.66005 	    0.000595 	     0.013430 	     0.014025 
6200 	 15 	       44.531 	       72.734 	   0.98190 	   0.65997 	    0.000593 	     0.013433 	     0.014026 
6300 	 15 	       44.531 	       72.709 	   0.98195 	   0.65989 	    0.000591 	     0.013436 	     0.014028 
6400 	 15 	       44.531 	       72.688 	   0.98200 	   0.65982 	    0.000590 	     0.013439 	     0.014028 
6500 	 15 	       44.533 	       72.670 	   0.98204 	   0.65976 	    0.000588 	     0.013441 	     0.014029 
6600 	 15 	       44.534 	       72.653 	   0.98209 	   0.65971 	    0.000587 	     0.013442 	     0.014029 
6700 	 15 	       44.537 	       72.638 	   0.98213 	   0.65966 	    0.000585 	     0.013444 	     0.014029 
6800 	 15 	       44.539 	       72.625 	   0.98217 	   0.65962 	    0.000584 	     0.013445 	     0.014029 
6900 	 15 	       44.541 	       72.613 	   0.98221 	   0.65958 	    0.000583 	     0.013447 	     0.014029 
7000 	 15 	       44.294 	       72.273 	   0.98230 	   0.65949 	    0.000575 	     0.013397 	     0.013972 
7100 	 15 	       44.161 	       72.084 	   0.98238 	   0.65953 	    0.000571 	     0.013390 	     0.013962 
7200 	 15 	       44.157 	       72.061 	   0.98242 	   0.65947 	    0.000570 	     0.013392 	     0.013962 
7300 	 15 	       44.156 	       72.043 	   0.98246 	   0.65942 	    0.000569 	     0.013394 	     0.013963 
7400 	 15 	       44.156 	       72.026 	   0.98250 	   0.65937 	    0.000568 	     0.013396 	     0.013963 
7500 	 15 	       44.156 	       72.011 	   0.98253 	   0.65933 	    0.000567 	     0.013397 	     0.013963 
7600 	 15 	       44.156 	       71.997 	   0.98257 	   0.65930 	    0.000565 	     0.013398 	     0.013963 
7700 	 15 	       44.156 	       71.985 	   0.98260 	   0.65926 	    0.000564 	     0.013399 	     0.013963 
7800 	 15 	       44.156 	       71.974 	   0.98263 	   0.65923 	    0.000563 	     0.013400 	     0.013963 
7900 	 15 	       44.156 	       71.963 	   0.98267 	   0.65921 	    0.000562 	     0.013401 	     0.013963 
8000 	 15 	       43.975 	       71.707 	   0.98273 	   0.65914 	    0.000557 	     0.013364 	     0.013921 
8100 	 15 	       43.871 	       71.560 	   0.98279 	   0.65918 	    0.000554 	     0.013358 	     0.013913 
8200 	 15 	       43.867 	       71.543 	   0.98283 	   0.65914 	    0.000553 	     0.013360 	     0.013913 
8300 	 15 	       43.865 	       71.528 	   0.98286 	   0.65910 	    0.000552 	     0.013361 	     0.013913 
8400 	 15 	       43.863 	       71.515 	   0.98289 	   0.65907 	    0.000551 	     0.013362 	     0.013913 
8500 	 15 	       43.862 	       71.502 	   0.98292 	   0.65905 	    0.000550 	     0.013363 	     0.013913 
8600 	 15 	       43.860 	       71.491 	   0.98295 	   0.65902 	    0.000549 	     0.013363 	     0.013913 
8700 	 15 	       43.859 	       71.480 	   0.98297 	   0.65900 	    0.000548 	     0.013364 	     0.013912 
8800 	 15 	       43.858 	       71.471 	   0.98300 	   0.65898 	    0.000548 	     0.013364 	     0.013912 
8900 	 15 	       43.857 	       71.462 	   0.98303 	   0.65897 	    0.000547 	     0.013365 	     0.013911 
9000 	 15 	       43.722 	       71.263 	   0.98308 	   0.65892 	    0.000543 	     0.013336 	     0.013879 
9100 	 15 	       43.640 	       71.145 	   0.98313 	   0.65895 	    0.000541 	     0.013332 	     0.013873 
9200 	 15 	       43.636 	       71.131 	   0.98315 	   0.65893 	    0.000540 	     0.013332 	     0.013873 
9300 	 15 	       43.634 	       71.119 	   0.98318 	   0.65891 	    0.000539 	     0.013333 	     0.013873 
9400 	 15 	       43.632 	       71.109 	   0.98321 	   0.65889 	    0.000539 	     0.013334 	     0.013872 
9500 	 15 	       43.630 	       71.099 	   0.98323 	   0.65887 	    0.000538 	     0.013334 	     0.013872 
9600 	 15 	       43.628 	       71.089 	   0.98325 	   0.65886 	    0.000537 	     0.013335 	     0.013871 
9700 	 15 	       43.627 	       71.081 	   0.98328 	   0.65884 	    0.000536 	     0.013335 	     0.013871 
9800 	 15 	       43.625 	       71.073 	   0.98330 	   0.65883 	    0.000535 	     0.013335 	     0.013870 
9900 	 15 	       43.623 	       71.065 	   0.98333 	   0.65883 	    0.000535 	     0.013335 	     0.013870 
10000 	 15 	       43.513 	       70.910 	   0.98337 	   0.65879 	    0.000532 	     0.013312 	     0.013844 
10100 	 15 	       43.445 	       70.813 	   0.98341 	   0.65882 	    0.000530 	     0.013309 	     0.013839 
10200 	 15 	       43.440 	       70.802 	   0.98343 	   0.65881 	    0.000530 	     0.013309 	     0.013838 
10300 	 15 	       43.438 	       70.793 	   0.98345 	   0.65880 	    0.000529 	     0.013309 	     0.013838 
10400 	 15 	       43.437 	       70.784 	   0.98347 	   0.65879 	    0.000528 	     0.013309 	     0.013838 
10500 	 15 	       43.436 	       70.775 	   0.98349 	   0.65878 	    0.000528 	     0.013310 	     0.013837 
10600 	 15 	       43.434 	       70.768 	   0.98351 	   0.65877 	    0.000527 	     0.013310 	     0.013836 
10700 	 15 	       43.433 	       70.760 	   0.98353 	   0.65877 	    0.000526 	     0.013310 	     0.013836 
10800 	 15 	       43.432 	       70.753 	   0.98355 	   0.65876 	    0.000526 	     0.013309 	     0.013835 
10900 	 15 	       43.430 	       70.747 	   0.98357 	   0.65876 	    0.000525 	     0.013309 	     0.013834 
11000 	 15 	       43.345 	       70.621 	   0.98361 	   0.65874 	    0.000523 	     0.013291 	     0.013814 
11100 	 15 	       43.289 	       70.540 	   0.98364 	   0.65877 	    0.000522 	     0.013288 	     0.013809 
11200 	 15 	       43.285 	       70.532 	   0.98366 	   0.65876 	    0.000521 	     0.013288 	     0.013808 
11300 	 15 	       43.282 	       70.525 	   0.98368 	   0.65875 	    0.000520 	     0.013288 	     0.013808 
11400 	 15 	       43.280 	       70.518 	   0.98370 	   0.65875 	    0.000520 	     0.013288 	     0.013807 
11500 	 15 	       43.278 	       70.511 	   0.98372 	   0.65875 	    0.000519 	     0.013288 	     0.013807 
11600 	 15 	       43.276 	       70.505 	   0.98374 	   0.65874 	    0.000518 	     0.013287 	     0.013806 
11700 	 15 	       43.274 	       70.499 	   0.98375 	   0.65874 	    0.000518 	     0.013287 	     0.013805 
11800 	 15 	       43.272 	       70.493 	   0.98377 	   0.65875 	    0.000517 	     0.013287 	     0.013804 
11900 	 15 	       43.270 	       70.487 	   0.98379 	   0.65875 	    0.000517 	     0.013287 	     0.013803 
12000 	 15 	       43.202 	       70.385 	   0.98382 	   0.65873 	    0.000515 	     0.013271 	     0.013786 
12100 	 15 	       43.157 	       70.320 	   0.98385 	   0.65876 	    0.000514 	     0.013268 	     0.013782 
12200 	 15 	       43.153 	       70.313 	   0.98386 	   0.65876 	    0.000513 	     0.013268 	     0.013781 
12300 	 15 	       43.150 	       70.308 	   0.98388 	   0.65876 	    0.000513 	     0.013268 	     0.013781 
12400 	 15 	       43.147 	       70.302 	   0.98390 	   0.65876 	    0.000512 	     0.013268 	     0.013780 
12500 	 15 	       43.145 	       70.297 	   0.98391 	   0.65876 	    0.000512 	     0.013267 	     0.013779 
12600 	 15 	       43.142 	       70.292 	   0.98393 	   0.65876 	    0.000511 	     0.013267 	     0.013779 
12700 	 15 	       43.139 	       70.287 	   0.98395 	   0.65877 	    0.000511 	     0.013267 	     0.013778 
12800 	 15 	       43.136 	       70.282 	   0.98396 	   0.65877 	    0.000510 	     0.013266 	     0.013777 
12900 	 15 	       43.134 	       70.278 	   0.98398 	   0.65878 	    0.000510 	     0.013266 	     0.013776 
13000 	 15 	       43.077 	       70.195 	   0.98400 	   0.65877 	    0.000508 	     0.013253 	     0.013761 
13100 	 15 	       43.037 	       70.139 	   0.98403 	   0.65880 	    0.000508 	     0.013250 	     0.013758 
13200 	 15 	       43.032 	       70.133 	   0.98404 	   0.65880 	    0.000507 	     0.013250 	     0.013757 
13300 	 15 	       43.029 	       70.128 	   0.98406 	   0.65880 	    0.000507 	     0.013250 	     0.013756 
13400 	 15 	       43.026 	       70.125 	   0.98407 	   0.65881 	    0.000506 	     0.013249 	     0.013755 
13500 	 15 	       43.022 	       70.121 	   0.98409 	   0.65881 	    0.000506 	     0.013249 	     0.013754 
13600 	 15 	       43.019 	       70.118 	   0.98410 	   0.65882 	    0.000505 	     0.013248 	     0.013754 
13700 	 15 	       43.016 	       70.116 	   0.98411 	   0.65882 	    0.000505 	     0.013248 	     0.013753 
13800 	 15 	       43.013 	       70.113 	   0.98413 	   0.65883 	    0.000504 	     0.013247 	     0.013752 
13900 	 15 	       43.009 	       70.111 	   0.98414 	   0.65884 	    0.000504 	     0.013247 	     0.013751 
14000 	 15 	       42.960 	       70.043 	   0.98416 	   0.65884 	    0.000503 	     0.013236 	     0.013738 
14100 	 15 	       42.925 	       69.996 	   0.98419 	   0.65886 	    0.000502 	     0.013233 	     0.013735 
14200 	 15 	       42.920 	       69.992 	   0.98420 	   0.65887 	    0.000501 	     0.013233 	     0.013734 
14300 	 15 	       42.916 	       69.990 	   0.98421 	   0.65888 	    0.000501 	     0.013232 	     0.013733 
14400 	 15 	       42.912 	       69.987 	   0.98423 	   0.65888 	    0.000501 	     0.013232 	     0.013732 
14500 	 15 	       42.909 	       69.985 	   0.98424 	   0.65889 	    0.000500 	     0.013231 	     0.013732 
14600 	 15 	       42.905 	       69.983 	   0.98425 	   0.65890 	    0.000500 	     0.013231 	     0.013731 
14700 	 15 	       42.901 	       69.981 	   0.98427 	   0.65891 	    0.000499 	     0.013230 	     0.013730 
14800 	 15 	       42.898 	       69.979 	   0.98428 	   0.65892 	    0.000499 	     0.013230 	     0.013729 
14900 	 15 	       42.894 	       69.977 	   0.98429 	   0.65893 	    0.000498 	     0.013229 	     0.013728 
15000 	 15 	       42.852 	       69.918 	   0.98431 	   0.65893 	    0.000498 	     0.013219 	     0.013717 
15100 	 15 	       42.820 	       69.877 	   0.98433 	   0.65895 	    0.000497 	     0.013217 	     0.013714 
15200 	 15 	       42.815 	       69.874 	   0.98434 	   0.65896 	    0.000496 	     0.013216 	     0.013713 
15300 	 15 	       42.811 	       69.871 	   0.98436 	   0.65897 	    0.000496 	     0.013216 	     0.013712 
15400 	 15 	       42.807 	       69.869 	   0.98437 	   0.65898 	    0.000496 	     0.013215 	     0.013711 
15500 	 15 	       42.803 	       69.867 	   0.98438 	   0.65899 	    0.000495 	     0.013215 	     0.013710 
15600 	 15 	       42.799 	       69.865 	   0.98439 	   0.65900 	    0.000495 	     0.013214 	     0.013709 
15700 	 15 	       42.795 	       69.863 	   0.98440 	   0.65901 	    0.000495 	     0.013214 	     0.013708 
15800 	 15 	       42.792 	       69.862 	   0.98442 	   0.65902 	    0.000494 	     0.013213 	     0.013707 
15900 	 15 	       42.788 	       69.860 	   0.98443 	   0.65903 	    0.000494 	     0.013212 	     0.013706 
16000 	 15 	       42.751 	       69.809 	   0.98445 	   0.65904 	    0.000493 	     0.013204 	     0.013697 
16100 	 15 	       42.722 	       69.772 	   0.98446 	   0.65906 	    0.000492 	     0.013202 	     0.013694 
16200 	 15 	       42.717 	       69.769 	   0.98447 	   0.65907 	    0.000492 	     0.013201 	     0.013693 
16300 	 15 	       42.713 	       69.767 	   0.98449 	   0.65908 	    0.000492 	     0.013200 	     0.013692 
16400 	 15 	       42.708 	       69.765 	   0.98450 	   0.65909 	    0.000491 	     0.013200 	     0.013691 
16500 	 15 	       42.704 	       69.764 	   0.98451 	   0.65910 	    0.000491 	     0.013199 	     0.013690 
16600 	 15 	       42.700 	       69.762 	   0.98452 	   0.65912 	    0.000491 	     0.013199 	     0.013689 
16700 	 15 	       42.696 	       69.760 	   0.98453 	   0.65913 	    0.000490 	     0.013198 	     0.013688 
16800 	 15 	       42.692 	       69.759 	   0.98454 	   0.65914 	    0.000490 	     0.013197 	     0.013687 
16900 	 15 	       42.687 	       69.757 	   0.98455 	   0.65915 	    0.000489 	     0.013197 	     0.013686 
17000 	 15 	       42.655 	       69.712 	   0.98457 	   0.65916 	    0.000489 	     0.013189 	     0.013678 
17100 	 15 	       42.628 	       69.680 	   0.98458 	   0.65918 	    0.000488 	     0.013187 	     0.013675 
17200 	 15 	       42.623 	       69.677 	   0.98459 	   0.65920 	    0.000488 	     0.013186 	     0.013674 
17300 	 15 	       42.618 	       69.675 	   0.98460 	   0.65921 	    0.000488 	     0.013186 	     0.013673 
17400 	 15 	       42.614 	       69.673 	   0.98461 	   0.65922 	    0.000487 	     0.013185 	     0.013672 
17500 	 15 	       42.609 	       69.672 	   0.98462 	   0.65923 	    0.000487 	     0.013184 	     0.013671 
17600 	 15 	       42.605 	       69.670 	   0.98464 	   0.65924 	    0.000487 	     0.013184 	     0.013670 
17700 	 15 	       42.601 	       69.669 	   0.98465 	   0.65926 	    0.000486 	     0.013183 	     0.013669 
17800 	 15 	       42.596 	       69.667 	   0.98466 	   0.65927 	    0.000486 	     0.013182 	     0.013668 
17900 	 15 	       42.592 	       69.666 	   0.98467 	   0.65928 	    0.000486 	     0.013182 	     0.013667 
18000 	 15 	       42.563 	       69.627 	   0.98468 	   0.65929 	    0.000485 	     0.013175 	     0.013660 
18100 	 15 	       42.539 	       69.597 	   0.98469 	   0.65932 	    0.000485 	     0.013173 	     0.013657 
18200 	 15 	       42.534 	       69.594 	   0.98470 	   0.65933 	    0.000484 	     0.013172 	     0.013656 
18300 	 15 	       42.530 	       69.593 	   0.98471 	   0.65934 	    0.000484 	     0.013171 	     0.013655 
18400 	 15 	       42.525 	       69.591 	   0.98472 	   0.65935 	    0.000484 	     0.013171 	     0.013654 
18500 	 15 	       42.521 	       69.590 	   0.98473 	   0.65937 	    0.000483 	     0.013170 	     0.013653 
18600 	 15 	       42.517 	       69.588 	   0.98474 	   0.65938 	    0.000483 	     0.013169 	     0.013652 
18700 	 15 	       42.513 	       69.587 	   0.98475 	   0.65939 	    0.000483 	     0.013169 	     0.013651 
18800 	 15 	       42.508 	       69.586 	   0.98476 	   0.65941 	    0.000482 	     0.013168 	     0.013650 
18900 	 15 	       42.504 	       69.584 	   0.98477 	   0.65942 	    0.000482 	     0.013167 	     0.013649 
19000 	 15 	       42.478 	       69.549 	   0.98478 	   0.65943 	    0.000481 	     0.013161 	     0.013643 
19100 	 15 	       42.455 	       69.522 	   0.98480 	   0.65945 	    0.000481 	     0.013159 	     0.013640 
19200 	 15 	       42.450 	       69.520 	   0.98481 	   0.65947 	    0.000481 	     0.013158 	     0.013639 
19300 	 15 	       42.446 	       69.519 	   0.98482 	   0.65948 	    0.000480 	     0.013158 	     0.013638 
19400 	 15 	       42.442 	       69.517 	   0.98483 	   0.65949 	    0.000480 	     0.013157 	     0.013637 
19500 	 15 	       42.437 	       69.516 	   0.98483 	   0.65951 	    0.000480 	     0.013156 	     0.013636 
19600 	 15 	       42.433 	       69.515 	   0.98484 	   0.65952 	    0.000480 	     0.013156 	     0.013635 
19700 	 15 	       42.428 	       69.515 	   0.98485 	   0.65954 	    0.000479 	     0.013155 	     0.013634 
19800 	 15 	       42.424 	       69.515 	   0.98486 	   0.65955 	    0.000479 	     0.013154 	     0.013633 
19900 	 15 	       42.420 	       69.516 	   0.98487 	   0.65957 	    0.000479 	     0.013153 	     0.013632 
20000 	 15 	       42.396 	       69.487 	   0.98488 	   0.65957 	    0.000478 	     0.013148 	     0.013626 
100 	 16 	       72.971 	      108.467 	   0.97353 	   0.64828 	    0.002662 	     0.019100 	     0.021762 
