 -4.6085e-002 -7.4001e-001  1.3864e-001 -9.3839e-001  5.4440e-001
 -4.6414e-001 -4.4505e-002 -1.3370e+000  3.4048e-001 -1.5873e+000
 -1.0527e+000 -8.3801e-001  1.4517e+000  2.1002e+000 -1.3950e-001
 -8.5972e-003
  3.4967e-001
 6.15982704e-001 6.16136258e-001  6.16541322e-001 2.87699196e+000 2.87846310e+000  2.88247194e+000 3.87105266e-001 3.87280314e-001  3.87736766e-001 2.06420962e+000 2.06631945e+000  2.07191851e+000 -2.92853643e-001 -2.91361462e-001  -2.87504001e-001
 1.08210360e-001 1.08111494e-001  1.07850119e-001 2.31590173e+000 2.31771312e+000  2.32265210e+000 1.40431007e+000 1.40386468e+000  1.40269368e+000 -3.72555898e+000 -3.72442517e+000  -3.72141564e+000 5.03894944e+000 5.03756278e+000  5.03393476e+000
 -4.95677751e+000 -4.95515189e+000  -4.95083284e+000 2.78131304e-001 2.77832690e-001  2.77050636e-001 -1.46110967e+000 -1.46078808e+000  -1.45991702e+000 -1.16302876e+000 -1.16573500e+000  -1.17279117e+000 -5.51072817e-002 -5.52321328e-002  -5.55663577e-002
 -5.40398197e-003 -5.39920309e-003  -5.38716217e-003
 -1.06409855e-002 -1.05636979e-002  -1.03522585e-002 7.66676907e-001 7.67442706e-001  7.69641964e-001 1.96108051e-001 1.96196404e-001  1.96433487e-001 1.43757957e+000 1.43868528e+000  1.44172869e+000 1.49064433e+000 1.49145031e+000  1.49357452e+000
 3.84560787e-001 3.84509082e-001  3.84367595e-001 2.28994630e+000 2.29089303e+000  2.29361301e+000 2.34204427e+000 2.34182480e+000  2.34122663e+000 3.06835718e+000 3.06895419e+000  3.07059726e+000 5.65923406e+000 5.65852436e+000  5.65661128e+000
 -2.23251448e+000 -2.23164971e+000  -2.22926838e+000 6.56854564e-001 6.56697477e-001  6.56274202e-001 1.92310529e+000 1.92327179e+000  1.92374577e+000 2.70102874e+000 2.69959172e+000  2.69574916e+000 -6.80476330e-002 -6.81129673e-002  -6.82953138e-002
 -3.73475312e-003 -3.73210417e-003  -3.72540119e-003
 -1.16036547e-001 -1.16036547e-001  -1.16036547e-001 -8.59409163e-001 -8.59409163e-001  -8.59409163e-001 1.59425459e-001 1.59425459e-001  1.59425459e-001 -6.85426736e-001 -6.85426736e-001  -6.85426736e-001 6.46798043e-001 6.46798043e-001  6.46798043e-001
 -1.08812623e-001 -1.08812623e-001  -1.08812623e-001 -4.38648596e-001 -4.38648596e-001  -4.38648596e-001 -2.08621938e-001 -2.08621938e-001  -2.08621938e-001 -3.35659804e+000 -3.35659804e+000  -3.35659804e+000 -1.22106592e+000 -1.22106592e+000  -1.22106592e+000
 -3.13741442e-001 -3.13741442e-001  -3.13741442e-001 -1.31292039e+000 -1.31292039e+000  -1.31292039e+000 -3.99084653e-001 -3.99084653e-001  -3.99084653e-001 -1.42682102e+000 -1.42682102e+000  -1.42682102e+000 -9.05931568e-003 -9.05931568e-003  -9.05931568e-003
 -4.02769969e-004 -4.02769969e-004  -4.02769969e-004
 -8.05799654e-001 -8.05799654e-001  -8.05799654e-001 -7.28477054e-001 -7.28477054e-001  -7.28477054e-001 -7.78140768e-001 -7.78140768e-001  -7.78140768e-001 1.58944790e-001 1.58944790e-001  1.58944790e-001 -3.36222773e-001 -3.36222773e-001  -3.36222773e-001
 7.21873200e-001 7.21873200e-001  7.21873200e-001 -3.75468693e-001 -3.75468693e-001  -3.75468693e-001 6.88310906e-001 6.88310906e-001  6.88310906e-001 3.67697591e-001 3.67697591e-001  3.67697591e-001 -3.53725110e-001 -3.53725110e-001  -3.53725110e-001
 1.17650544e-001 1.17650544e-001  1.17650544e-001 -2.10502585e-001 -2.10502585e-001  -2.10502585e-001 -1.81584853e+000 -1.81584853e+000  -1.81584853e+000 -7.44100869e-001 -7.44100869e-001  -7.44100869e-001 -4.82705109e-003 -4.82705109e-003  -4.82705109e-003
 -3.26357741e-004 -3.26357741e-004  -3.26357741e-004
 2.31284759e-001 2.31281669e-001  2.31273944e-001 -5.71805233e-001 -5.71813449e-001  -5.71833989e-001 1.17916632e-001 1.17912853e-001  1.17903404e-001 -1.44874292e+000 -1.44875262e+000  -1.44877685e+000 2.29573840e+000 2.29573740e+000  2.29573491e+000
 -5.95493777e-001 -5.95493284e-001  -5.95492052e-001 2.25227899e+000 2.25227057e+000  2.25224952e+000 -4.96349487e-001 -4.96335905e-001  -4.96301950e-001 -1.01575022e+000 -1.01575767e+000  -1.01577627e+000 -2.02053762e+000 -2.02052506e+000  -2.02049367e+000
 -2.07973231e+000 -2.07973184e+000  -2.07973067e+000 -1.64371388e+000 -1.64371355e+000  -1.64371274e+000 -3.60567199e+000 -3.60567369e+000  -3.60567791e+000 -1.05627295e+000 -1.05626867e+000  -1.05625797e+000 -4.75023131e-003 -4.74978003e-003  -4.74865181e-003
 -7.01040778e-004 -7.01057006e-004  -7.01097576e-004
 -8.63015258e-001 -8.63014817e-001  -8.63013715e-001 -9.25989787e-001 -9.25981953e-001  -9.25962367e-001 -8.89079758e-001 -8.89079445e-001  -8.89078664e-001 -3.54471902e-001 -3.54463160e-001  -3.54441304e-001 -5.14318593e-001 -5.14311457e-001  -5.14293617e-001
 4.81001111e-001 4.81000724e-001  4.80999755e-001 -3.47607711e-001 -3.47596544e-001  -3.47568627e-001 5.48509856e-001 5.48508858e-001  5.48506364e-001 -1.84262668e+000 -1.84262037e+000  -1.84260458e+000 -6.44144875e-001 -6.44146719e-001  -6.44151329e-001
 7.93124156e-001 7.93131953e-001  7.93151447e-001 -2.63777072e-001 -2.63777987e-001  -2.63780276e-001 1.82832992e+000 1.82833141e+000  1.82833513e+000 -1.04890724e+000 -1.04891652e+000  -1.04893973e+000 -4.07478801e-002 -4.07484499e-002  -4.07498742e-002
 -1.06568259e-003 -1.06565269e-003  -1.06557792e-003
 -1.67563741e+000 -1.67547809e+000  -1.67505778e+000 1.11627319e+000 1.11779941e+000  1.12195926e+000 -3.44380439e+000 -3.44362275e+000  -3.44314907e+000 1.69452061e+000 1.69671428e+000  1.70253595e+000 -5.53179275e+000 -5.53024120e+000  -5.52623021e+000
 -4.21218480e-001 -4.21321281e-001  -4.21593062e-001 -4.63495660e+000 -4.63307793e+000  -4.62795427e+000 -1.52393195e+000 -1.52439296e+000  -1.52560531e+000 -1.01816362e+000 -1.01698766e+000  -1.01386574e+000 -3.22877231e+000 -3.23021793e+000  -3.23399982e+000
 9.11743068e-001 9.13433197e-001  9.17923777e-001 3.59735012e+000 3.59703881e+000  3.59622357e+000 -1.38278311e+000 -1.38244874e+000  -1.38154303e+000 4.04229768e+000 4.03947987e+000  4.03213308e+000 -1.43162109e-001 -1.43291875e-001  -1.43639275e-001
 -8.25454544e-003 -8.24959634e-003  -8.23712611e-003
 -9.29841070e-001 -9.29681153e-001  -9.29259920e-001 1.06889414e+000 1.07041594e+000  1.07455551e+000 -2.37080915e+000 -2.37062680e+000  -2.37015187e+000 1.01032057e+000 1.01250934e+000  1.01830971e+000 -3.58845241e+000 -3.58690840e+000  -3.58291982e+000
 -6.14156870e-002 -6.15183065e-002  -6.17892388e-002 1.74641379e+000 1.74828594e+000  1.75338186e+000 -7.16570180e-001 -7.17034275e-001  -7.18252746e-001 5.52768162e-001 5.53940702e-001  5.57049188e-001 -6.08702957e-001 -6.10151264e-001  -6.13935371e-001
 5.00809364e-001 5.02492527e-001  5.06958588e-001 -9.48586950e-001 -9.48897643e-001  -9.49710334e-001 2.12550764e+000 2.12584144e+000  2.12674388e+000 9.20774958e-001 9.17965869e-001  9.10649004e-001 -1.37395326e-001 -1.37524755e-001  -1.37870695e-001
 -7.65569959e-003 -7.65078223e-003  -7.63839397e-003
 -5.45674107e-002 -5.44509973e-002  -5.41437744e-002 2.76134360e-001 2.77249607e-001  2.80290741e-001 2.19067180e-001 2.19199932e-001  2.19546210e-001 -7.78876570e-001 -7.77280682e-001  -7.73042937e-001 -2.51148528e-001 -2.50019245e-001  -2.47098950e-001
 -1.15350899e+000 -1.15358377e+000  -1.15378160e+000 -2.28460760e+000 -2.28323364e+000  -2.27948493e+000 -2.17423472e+000 -2.17457346e+000  -2.17546426e+000 -4.19089080e-001 -4.18228560e-001  -4.15943500e-001 -2.06201741e+000 -2.06306250e+000  -2.06579857e+000
 2.30036431e+000 2.30159295e+000  2.30485949e+000 -1.26184283e-001 -1.26409434e-001  -1.26999462e-001 1.22180115e+000 1.22204425e+000  1.22270328e+000 -1.89324872e+000 -1.89529298e+000  -1.90062574e+000 -1.37189893e-001 -1.37284369e-001  -1.37537451e-001
 -6.91692780e-003 -6.91329827e-003  -6.90415282e-003
 -5.81222732e-001 -5.81106117e-001  -5.80800282e-001 -1.00693552e+000 -1.00582074e+000  -1.00281037e+000 -6.95710593e-001 -6.95577803e-001  -6.95233113e-001 -1.12481727e+000 -1.12322294e+000  -1.11901807e+000 -1.20039031e+000 -1.19926729e+000  -1.19637398e+000
 9.19720278e-002 9.18972973e-002  9.17008791e-002 -8.63092920e-001 -8.61719937e-001  -8.58010358e-001 2.93033732e-001 2.92694434e-001  2.91807354e-001 4.45053989e-001 4.45912073e-001  4.48175411e-001 -1.45396490e+000 -1.45501267e+000  -1.45774102e+000
 9.35664283e+000 9.35786895e+000  9.36110640e+000 3.41772193e+000 3.41749681e+000  3.41691002e+000 4.04569845e-001 4.04813298e-001  4.05467226e-001 1.43044520e+000 1.42840610e+000  1.42311219e+000 -1.07871327e-001 -1.07965757e-001  -1.08216749e-001
 -7.44853455e-003 -7.44494626e-003  -7.43591230e-003
 -6.29550224e-001 -6.29368880e-001  -6.28894622e-001 -1.57856365e+000 -1.57684102e+000  -1.57220783e+000 -1.15905106e-001 -1.15698672e-001  -1.15164002e-001 -1.46335960e+000 -1.46089388e+000  -1.45440938e+000 7.22442637e-001 7.24173109e-001  7.28624623e-001
 -5.23138324e-001 -5.23253944e-001  -5.23557015e-001 3.28740710e-001 3.30860365e-001  3.36564602e-001 -8.28276651e-001 -8.28805233e-001  -8.30183455e-001 1.53572212e+000 1.53704672e+000  1.54053089e+000 6.62870289e-001 6.61241051e-001  6.57008724e-001
 -1.25362823e+000 -1.25173453e+000  -1.24674861e+000 3.18367514e-001 3.18019031e-001  3.17112771e-001 -9.15184812e-001 -9.14807848e-001  -9.13799227e-001 -2.39895133e-001 -2.43045844e-001  -2.51209364e-001 -1.22725328e-001 -1.22871318e-001  -1.23258099e-001
 -6.77854599e-003 -6.77303086e-003  -6.75915056e-003
 1.40441511e-001 1.40623391e-001  1.41095870e-001 -2.70938079e-001 -2.69209601e-001  -2.64610530e-001 1.99307170e-001 1.99514058e-001  2.00047089e-001 -1.04082878e-003 1.42883811e-003  7.87539839e-003 9.76817140e-001 9.78543033e-001  9.82964392e-001
 2.73002832e-001 2.72887032e-001  2.72585604e-001 5.02803477e-001 5.04929294e-001  5.10588467e-001 1.63603484e+000 1.63550445e+000  1.63413017e+000 -1.62009216e+000 -1.61876732e+000  -1.61530831e+000 1.45125500e+000 1.44962043e+000  1.44539855e+000
 1.14097872e+000 1.14287334e+000  1.14782399e+000 -4.55813337e-001 -4.56162364e-001  -4.57064751e-001 1.25818112e+000 1.25855958e+000  1.25956204e+000 -1.59825891e+000 -1.60140953e+000  -1.60953002e+000 -1.23208682e-001 -1.23355006e-001  -1.23739366e-001
 -6.78001848e-003 -6.77455154e-003  -6.76080554e-003
 -2.51714756e-001 -2.51562125e-001  -2.51162779e-001 -7.96686357e-001 -7.95245719e-001  -7.91366414e-001 3.56884106e-001 3.57057978e-001  3.57508459e-001 -1.82071582e-001 -1.80010078e-001  -1.74584089e-001 5.84693400e-001 5.86138486e-001  5.89857763e-001
 -6.65406269e-001 -6.65502974e-001  -6.65756657e-001 -3.52961975e-001 -3.51189668e-001  -3.46414474e-001 -1.71710696e+000 -1.71755385e+000  -1.71871932e+000 -3.59295333e+000 -3.59184420e+000  -3.58892454e+000 -2.77165793e+000 -2.77302205e+000  -2.77656772e+000
 -5.70070753e-001 -5.68490688e-001  -5.64326557e-001 6.00448298e-001 6.00157433e-001  5.99400468e-001 -1.43784686e+000 -1.43753181e+000  -1.43668789e+000 -3.62831891e+000 -3.63095001e+000  -3.63777157e+000 -1.03466618e-001 -1.03588632e-001  -1.03912209e-001
 -5.78695591e-003 -5.78234019e-003  -5.77072226e-003
 3.73227684e-001 3.73397757e-001  3.73837120e-001 4.44716904e-001 4.46330034e-001  4.50584453e-001 6.24824779e-001 6.25018047e-001  6.25513824e-001 9.68355870e-001 9.70653965e-001  9.76616425e-001 2.98195220e-001 2.99794571e-001  3.03877977e-001
 5.18414396e-001 5.18306647e-001  5.18027761e-001 -5.42960230e-001 -5.40976419e-001  -5.35742063e-001 9.94701574e-001 9.94204164e-001  9.92922126e-001 2.16935686e+000 2.17059093e+000  2.17379326e+000 1.41257201e+000 1.41105079e+000  1.40713972e+000
 -7.83497162e-001 -7.81736553e-001  -7.77164299e-001 1.71601446e+000 1.71569052e+000  1.71485688e+000 5.79656351e-001 5.80009265e-001  5.80936469e-001 1.71809699e+000 1.71517388e+000  1.70767157e+000 -9.21346584e-002 -9.22709094e-002  -9.26263306e-002
 -5.72208008e-003 -5.71701966e-003  -5.70430588e-003
 -9.59604973e-001 -9.59457858e-001  -9.59073254e-001 -1.88068698e+000 -1.87928890e+000  -1.87553089e+000 -6.15716455e-001 -6.15549089e-001  -6.15115720e-001 -2.14001126e+000 -2.13801027e+000  -2.13275016e+000 7.00496423e-001 7.01900484e-001  7.05511481e-001
 -6.23754918e-001 -6.23848750e-001  -6.24094610e-001 -1.11821649e-001 -1.10100984e-001  -1.05473370e-001 -7.96235662e-001 -7.96664192e-001  -7.97781192e-001 2.19022519e+000 2.19130022e+000  2.19412673e+000 6.61837096e-001 6.60515147e-001  6.57082155e-001
 -2.80391604e+000 -2.80237856e+000  -2.79833238e+000 -5.20548932e-001 -5.20831747e-001  -5.21566989e-001 -6.08472808e-001 -6.08166819e-001  -6.07348569e-001 -8.14976617e-001 -8.17532944e-001  -8.24154477e-001 -1.28991999e-001 -1.29110492e-001  -1.29424269e-001
 -8.51524044e-003 -8.51076438e-003  -8.49949980e-003
 -8.39319340e-003 -8.24577950e-003  -7.86435961e-003 -2.78359214e-001 -2.76957357e-001  -2.73251335e-001 -2.76674326e-001 -2.76506814e-001  -2.76076577e-001 -3.88213187e-001 -3.86212309e-001  -3.81012711e-001 9.15005358e-001 9.16400181e-001  9.19964511e-001
 2.47919120e-001 2.47825300e-001  2.47582107e-001 -3.86819734e-002 -3.69579541e-002  -3.23981503e-002 2.11077263e+000 2.11034292e+000  2.10923364e+000 -1.94038999e+000 -1.93931736e+000  -1.93652931e+000 1.42935236e+000 1.42802709e+000  1.42461575e+000
 -4.09169086e-002 -3.93821527e-002  -3.53901076e-002 -1.73988826e+000 -1.74017104e+000  -1.74089961e+000 1.82877768e+000 1.82908476e+000  1.82989328e+000 -2.80247168e+000 -2.80502146e+000  -2.81157272e+000 -1.29271995e-001 -1.29390606e-001  -1.29700576e-001
 -8.49508934e-003 -8.49068461e-003  -8.47961578e-003
 -4.79324722e-001 -4.79206213e-001  -4.78896176e-001 -9.20558102e-001 -9.19442933e-001  -9.16439933e-001 -3.17516294e-002 -3.16166619e-002  -3.12670054e-002 -6.06566301e-001 -6.04970918e-001  -6.00771625e-001 5.43801399e-001 5.44918814e-001  5.47794883e-001
 -8.30114571e-001 -8.30189429e-001  -8.30385807e-001 -9.40685955e-001 -9.39313898e-001  -9.35617007e-001 -1.96206813e+000 -1.96241572e+000  -1.96332206e+000 -4.03740251e+000 -4.03654336e+000  -4.03428179e+000 -3.68185568e+000 -3.68291201e+000  -3.68565770e+000
 -1.97999533e+000 -1.97877330e+000  -1.97555252e+000 -3.09471824e-001 -3.09696727e-001  -3.10282066e-001 -1.07090785e+000 -1.07066402e+000  -1.07001085e+000 -4.82477402e+000 -4.82680845e+000  -4.83208333e+000 -1.12888572e-001 -1.12982995e-001  -1.13233413e-001
 -7.80576950e-003 -7.80219502e-003  -7.79319793e-003
 2.68479635e-001 2.68612886e-001  2.68955180e-001 5.24206310e-001 5.25469928e-001  5.28772239e-001 2.55942418e-001 2.56093649e-001  2.56479878e-001 6.76920711e-001 6.78717074e-001  6.83348419e-001 1.45808044e-001 1.47053461e-001  1.50221974e-001
 4.83911049e-001 4.83826826e-001  4.83610119e-001 -1.15809849e+000 -1.15654461e+000  -1.15248222e+000 1.10394381e+000 1.10355376e+000  1.10255375e+000 2.64080709e+000 2.64177160e+000  2.64425863e+000 1.12682808e+000 1.12563824e+000  1.12259378e+000
 -2.22263458e+000 -2.22125929e+000  -2.21771068e+000 7.86302011e-001 7.86049062e-001  7.85401316e-001 1.14723345e+000 1.14750990e+000  1.14823009e+000 1.38273848e+000 1.38045848e+000  1.37463271e+000 -9.52712034e-002 -9.53777848e-002  -9.56538025e-002
 -7.37165722e-003 -7.36772862e-003  -7.35786655e-003
 -9.90186308e-001 -9.90186308e-001  -9.90186308e-001 1.29944427e-001 1.29944427e-001  1.29944427e-001 -1.27322491e+000 -1.27322491e+000  -1.27322491e+000 -1.01876838e+000 -1.01876838e+000  -1.01876838e+000 -1.15578548e-001 -1.15578548e-001  -1.15578548e-001
 -8.03501530e-001 -8.03501530e-001  -8.03501530e-001 -1.80267167e+000 -1.80267167e+000  -1.80267167e+000 -3.10576271e-001 -3.10576271e-001  -3.10576271e-001 -1.97188854e-001 -1.97188854e-001  -1.97188854e-001 -1.25547728e+000 -1.25547728e+000  -1.25547728e+000
 -2.38057535e+000 -2.38057535e+000  -2.38057535e+000 -2.74100434e+000 -2.74100434e+000  -2.74100434e+000 1.94278094e+000 1.94278094e+000  1.94278094e+000 -6.72479894e-001 -6.72479894e-001  -6.72479894e-001 -7.05969681e-002 -7.05969681e-002  -7.05969681e-002
 -5.17378890e-003 -5.17378890e-003  -5.17378890e-003
 7.02474409e-001 7.02474409e-001  7.02474409e-001 -1.05467849e+000 -1.05467849e+000  -1.05467849e+000 4.41554354e-001 4.41554354e-001  4.41554354e-001 -8.41205885e-001 -8.41205885e-001  -8.41205885e-001 -9.50984526e-002 -9.50984526e-002  -9.50984526e-002
 8.19673261e-002 8.19673261e-002  8.19673261e-002 1.14493428e+000 1.14493428e+000  1.14493428e+000 -1.20419346e+000 -1.20419346e+000  -1.20419346e+000 1.43279260e+000 1.43279260e+000  1.43279260e+000 -1.38537142e+000 -1.38537142e+000  -1.38537142e+000
 -9.64023279e-001 -9.64023279e-001  -9.64023279e-001 -6.18950352e-001 -6.18950352e-001  -6.18950352e-001 2.00159539e-001 2.00159539e-001  2.00159539e-001 6.04830998e-001 6.04830998e-001  6.04830998e-001 -1.74509394e-002 -1.74509394e-002  -1.74509394e-002
 -4.33602715e-003 -4.33602715e-003  -4.33602715e-003
 -6.47012282e-001 -6.46728266e-001  -6.45987740e-001 -7.19842897e-001 -7.17280009e-001  -7.10396327e-001 -4.34868003e-001 -4.34541953e-001  -4.33699720e-001 4.46128555e-001 4.49771119e-001  4.59344590e-001 8.06193080e-001 8.08711977e-001  8.15192046e-001
 -1.96045083e-001 -1.96216498e-001  -1.96665487e-001 8.49596019e-001 8.52736071e-001  8.61177122e-001 -1.31379231e+000 -1.31465478e+000  -1.31689378e+000 -8.16434421e-002 -7.96611338e-002  -7.44534736e-002 1.12193563e+000 1.11949858e+000  1.11317367e+000
 1.97701464e+000 1.97975882e+000  1.98698639e+000 4.38388578e-001 4.37882628e-001  4.36566621e-001 2.00750276e-001 2.01305578e-001  2.02790418e-001 1.17899517e+000 1.17439554e+000  1.16247819e+000 1.88529958e-002 1.86377778e-002  1.80679241e-002
 -3.98321989e-003 -3.97506635e-003  -3.95454763e-003
 8.45500943e-001 8.45477129e-001  8.45417597e-001 6.72452094e-001 6.72361251e-001  6.72134143e-001 1.44984240e+000 1.44981285e+000  1.44973898e+000 3.94107622e-002 3.93076576e-002  3.90498961e-002 2.46024136e-001 2.45990764e-001  2.45907335e-001
 1.39781412e-002 1.39836072e-002  1.39972723e-002 2.27933074e-001 2.27833854e-001  2.27585804e-001 7.24165213e-001 7.24268893e-001  7.24528093e-001 6.31706459e-003 6.23543948e-003  6.03137668e-003 -1.09185332e+000 -1.09175519e+000  -1.09150985e+000
 7.98754662e-001 7.98727420e-001  7.98659315e-001 1.13850975e+000 1.13851536e+000  1.13852938e+000 5.44743319e-001 5.44728913e-001  5.44692896e-001 1.04841092e+000 1.04848506e+000  1.04867041e+000 -1.61228295e-001 -1.61222586e-001  -1.61208316e-001
 -8.30411210e-004 -8.30649434e-004  -8.31244995e-004
 -1.50292992e+000 -1.50310891e+000 -1.50357733e+000
 -3.19174924e+000 -3.19268917e+000 -3.19526476e+000
 -2.61958502e+000 -2.61970057e+000 -2.61999996e+000
 -3.20369843e+000 -3.20620481e+000 -3.21292153e+000
 -4.11610277e+000 -4.11681748e+000 -4.11865210e+000
 3.13563786e-001 3.12944898e-001 3.11324217e-001
 -4.04338667e+000 -4.04434126e+000 -4.04694418e+000
 3.16896492e+000 3.16872993e+000 3.16811522e+000
 -5.23224202e+000 -5.23264053e+000 -5.23368904e+000
 2.98511898e+000 2.98166902e+000 2.97246818e+000
 -3.15686957e+000 -3.15801927e+000 -3.16104356e+000
 3.68275686e+000 3.67843279e+000 3.66697083e+000
 -3.09333410e+000 -3.09761783e+000 -3.10896035e+000
 4.17817114e+000 4.17549284e+000 4.16825389e+000
 2.42866984e-001 2.41662606e-001 2.38471067e-001
 1.34714481e-003 -8.10983426e-004 -6.52837305e-003
