  4.2152e-001  2.5747e-001  6.1569e-001  4.9913e-002  1.0309e+000
 -2.0206e-001  1.5609e+000 -3.8694e-001
  5.8367e-001
 -1.57060238e+000 -1.57058440e+000  -1.57041815e+000 -1.13787390e+000 -1.13785833e+000  -1.13773337e+000 -2.15239708e+000 -2.15237181e+000  -2.15216140e+000 -6.88392222e-001 -6.88382479e-001  -6.88324137e-001 -2.45227415e+000 -2.45221576e+000  -2.45193337e+000
 -1.67585795e-001 -1.67595629e-001  -1.67637280e-001 -3.03417985e+000 -3.03403338e+000  -3.03361989e+000 1.50300994e+000 1.50298776e+000  1.50272206e+000
 2.25313548e-001 2.25184522e-001  2.25264236e-001 1.50936302e-001 1.50846521e-001  1.50907394e-001 3.67792554e-001 3.67637735e-001  3.67738975e-001 3.37414592e-002 3.37081175e-002  3.37374634e-002 2.62416402e-001 2.62293926e-001  2.62440136e-001
 3.23914718e-002 3.24053613e-002  3.23834958e-002 -5.90221560e-001 -5.90190718e-001  -5.89956743e-001 2.19968109e-001 2.20197606e-001  2.20074176e-001
 -4.64484312e-001 -4.64484312e-001  -4.64484312e-001 -4.34126604e-001 -4.34126604e-001  -4.34126604e-001 -6.00157993e-001 -6.00157993e-001  -6.00157993e-001 -3.33058502e-001 -3.33058502e-001  -3.33058502e-001 -8.92563979e-001 -8.92563979e-001  -8.92563979e-001
 2.74087248e-002 2.74087248e-002  2.74087248e-002 -1.20365468e+000 -1.20365468e+000  -1.20365468e+000 -1.69108509e-001 -1.69108509e-001  -1.69108509e-001
 4.23799654e-002 4.23799654e-002  4.23799654e-002 9.78350508e-002 9.78350508e-002  9.78350508e-002 2.63052282e-001 2.63052282e-001  2.63052282e-001 1.74662206e-001 1.74662206e-001  1.74662206e-001 1.13974320e-001 1.13974320e-001  1.13974320e-001
 3.65459583e-001 3.65459583e-001  3.65459583e-001 -4.00020741e-001 -4.00020741e-001  -4.00020741e-001 1.16553585e+000 1.16553585e+000  1.16553585e+000
 1.36800357e-002 1.37455307e-002  1.39092680e-002 -1.56174382e-001 -1.56123075e-001  -1.55994805e-001 -1.35499199e-001 -1.35411844e-001  -1.35193456e-001 -4.31611706e-001 -4.31585005e-001  -4.31518253e-001 -1.39208804e-001 -1.39050303e-001  -1.38654050e-001
 -5.90141849e-001 -5.90163750e-001  -5.90218501e-001 -1.11751347e-001 -1.11473319e-001  -1.10778250e-001 -1.06952886e+000 -1.06963396e+000  -1.06989671e+000
 6.71630198e-001 6.71632529e-001  6.71638356e-001 5.32686559e-001 5.32688357e-001  5.32692850e-001 1.12496983e+000 1.12497221e+000  1.12497815e+000 4.01048600e-001 4.01049503e-001  4.01051762e-001 1.52152548e+000 1.52152655e+000  1.52152922e+000
 1.97045688e-001 1.97045249e-001  1.97044152e-001 1.74810167e+000 1.74810188e+000  1.74810239e+000 7.03373222e-002 7.03362779e-002  7.03336673e-002
 -1.32847050e-001 -1.33075991e-001  -1.33076558e-001 -1.61122451e-001 -1.61284861e-001  -1.61285336e-001 -1.07456930e-001 -1.07734857e-001  -1.07735638e-001 -2.27305308e-001 -2.27369487e-001  -2.27369744e-001 1.97677018e-001 1.97419383e-001  1.97418322e-001
 -4.12071680e-001 -4.12039435e-001  -4.12039257e-001 8.33100576e-001 8.33010953e-001  8.33009864e-001 -2.41314565e-001 -2.40918039e-001  -2.40917667e-001
 9.23473882e-002 9.24149870e-002  9.25839841e-002 5.74843313e-002 5.75372464e-002  5.76695342e-002 4.33488121e-001 4.33577541e-001  4.33801091e-001 2.14334305e-002 2.14609319e-002  2.15296855e-002 1.00361393e+000 1.00377308e+000  1.00417094e+000
 -9.40392382e-002 -9.40615063e-002  -9.41171764e-002 1.30994201e+000 1.31021980e+000  1.31091430e+000 4.31373343e-001 4.31267346e-001  4.31002354e-001
 2.43118917e-001 2.42890203e-001  2.42890203e-001 8.66770182e-002 8.65147981e-002  8.65147983e-002 1.48577841e-001 1.48300226e-001  1.48300227e-001 -1.51578003e-001 -1.51642079e-001  -1.51642078e-001 1.85035273e-001 1.84778063e-001  1.84778063e-001
 -3.57096696e-001 -3.57064523e-001  -3.57064523e-001 6.62755759e-001 6.62666571e-001  6.62666572e-001 -1.00568507e+000 -1.00528869e+000  -1.00528869e+000
 5.87973336e-001 5.87973336e-001  5.87973336e-001 5.00384246e-001 5.00384246e-001  5.00384246e-001 7.87283021e-001 7.87283021e-001  7.87283021e-001 4.17790853e-001 4.17790853e-001  4.17790853e-001 9.95038595e-001 9.95038595e-001  9.95038595e-001
 3.07841613e-001 3.07841613e-001  3.07841613e-001 1.21680607e+000 1.21680607e+000  1.21680607e+000 1.12037970e-001 1.12037970e-001  1.12037969e-001
 2.67880282e-003 2.55789780e-003  2.46277272e-003 -7.01849002e-002 -7.02703850e-002  -7.03371805e-002 1.85829198e-004 3.82542512e-005  -7.92584468e-005 -2.22588068e-001 -2.22621881e-001  -2.22648381e-001 1.15987712e-001 1.15858186e-001  1.15767318e-001
 -5.05020785e-001 -5.05003405e-001  -5.04989092e-001 5.39023752e-001 5.38981291e-001  5.38955912e-001 -3.86130448e-001 -3.85924756e-001  -3.85769512e-001
 -8.52810143e-002 -8.52980284e-002  -8.52945332e-002 5.08095445e-002 5.07975366e-002  5.08001652e-002 -1.18214159e-001 -1.18234908e-001  -1.18230910e-001 2.63009233e-001 2.63004581e-001  2.63005846e-001 9.92213906e-002 9.92019101e-002  9.92049745e-002
 4.86177174e-001 4.86179491e-001  4.86178806e-001 3.06201351e-001 3.06194993e-001  3.06197047e-001 7.80759895e-001 7.80790779e-001  7.80788214e-001
 -1.67667131e+000 -1.67670228e+000  -1.67654362e+000 -1.34603877e+000 -1.34605765e+000  -1.34593740e+000 -2.07971877e+000 -2.07975095e+000  -2.07954482e+000 -9.05584967e-001 -9.05588062e-001  -9.05529656e-001 -2.15550178e+000 -2.15548538e+000  -2.15517889e+000
 -1.59685269e-001 -1.59689502e-001  -1.59733297e-001 -2.21244437e+000 -2.21229554e+000  -2.21183141e+000 1.18086281e+000 1.18092599e+000  1.18067476e+000
 -9.35693699e-002 -9.36190584e-002  -9.35071873e-002 1.86141689e-002 1.85822791e-002  1.86700077e-002 -1.06864613e-001 -1.06919779e-001  -1.06771125e-001 1.57144128e-001 1.57136022e-001  1.57181899e-001 5.11299826e-002 5.11310117e-002  5.13990925e-002
 4.02172670e-001 4.02170976e-001  4.02133530e-001 2.27384197e-001 2.27535065e-001  2.28004299e-001 1.07092396e+000 1.07101755e+000  1.07084236e+000
 1.89106464e-001 1.89015271e-001  1.89067265e-001 -2.11066853e-002 -2.11690527e-002  -2.11263912e-002 3.51030323e-001 3.50923070e-001  3.50994777e-001 -3.39195031e-001 -3.39216613e-001  -3.39192129e-001 4.99214922e-001 4.99153057e-001  4.99313257e-001
 -6.47676453e-001 -6.47669437e-001  -6.47691283e-001 6.86071717e-001 6.86152716e-001  6.86464390e-001 -8.32059610e-001 -8.31897456e-001  -8.31977290e-001
 3.43037620e-001 3.42947727e-001  3.43002971e-001 3.52689660e-001 3.52628184e-001  3.52673075e-001 4.17460588e-001 4.17354728e-001  4.17429918e-001 3.58727145e-001 3.58705852e-001  3.58731056e-001 6.47948103e-001 6.47886194e-001  6.48046282e-001
 4.02087056e-001 4.02094018e-001  4.02072040e-001 8.92205021e-001 8.92284063e-001  8.92590845e-001 7.71850175e-001 7.72010372e-001  7.71925644e-001
 -5.17053492e-001 -5.17157730e-001  -5.17049644e-001 -5.56907740e-001 -5.56978421e-001  -5.56893629e-001 -5.26439546e-001 -5.26561294e-001  -5.26418158e-001 -6.44975039e-001 -6.44998648e-001  -6.44954382e-001 -8.05080084e-001 -8.05142958e-001  -8.04885527e-001
 -6.11623494e-001 -6.11617143e-001  -6.11653128e-001 -9.96787904e-001 -9.96664391e-001  -9.96211842e-001 -1.51882562e-001 -1.51694593e-001  -1.51863616e-001
 1.67225568e-001 1.67111094e-001  1.67194480e-001 1.71053200e-001 1.70975181e-001  1.71042257e-001 2.43510045e-001 2.43375618e-001  2.43488137e-001 1.99756239e-001 1.99729586e-001  1.99766493e-001 1.60844540e-001 1.60769773e-001  1.60998471e-001
 3.51694568e-001 3.51702726e-001  3.51671133e-001 4.96095425e-001 4.96209460e-001  4.96638662e-001 5.85054051e-001 5.85258837e-001  5.85130309e-001
 -8.65736638e-002 -8.66881150e-002  -8.65973322e-002 -2.65312543e-001 -2.65390754e-001  -2.65318952e-001 3.03134970e-002 3.01790487e-002  3.03004246e-002 -5.25587853e-001 -5.25614815e-001  -5.25576625e-001 -1.45853500e-001 -1.45931048e-001  -1.45701046e-001
 -7.66547106e-001 -7.66538571e-001  -7.66570254e-001 -8.95305336e-002 -8.94235619e-002  -8.90091546e-002 -9.53248641e-001 -9.53044603e-001  -9.53187720e-001
 -2.53689336e-002 -2.54749687e-002  -2.53801949e-002 4.38417987e-002 4.37694701e-002  4.38438878e-002 -5.03049312e-002 -5.04295974e-002  -5.03044608e-002 1.76319496e-001 1.76294696e-001  1.76333514e-001 -2.20469842e-001 -2.20541598e-001  -2.20316289e-001
 4.87353705e-001 4.87361359e-001  4.87329872e-001 -1.17659656e-001 -1.17556321e-001  -1.17157656e-001 7.26825829e-001 7.27015898e-001  7.26867403e-001
 -6.09420590e-001 -6.09502507e-001  -6.09418149e-001 -5.75667708e-001 -5.75723237e-001  -5.75656972e-001 -6.44306789e-001 -6.44402462e-001  -6.44290673e-001 -5.89630261e-001 -5.89648789e-001  -5.89614103e-001 -5.46485220e-001 -5.46534363e-001  -5.46332046e-001
 -5.57764497e-001 -5.57759533e-001  -5.57787797e-001 -5.40127606e-001 -5.40029849e-001  -5.39672702e-001 1.63640296e-001 1.63788061e-001  1.63656359e-001
 1.65884931e-001 1.65790446e-001  1.65843814e-001 2.38847906e-001 2.38783359e-001  2.38827383e-001 2.08487514e-001 2.08376260e-001  2.08449619e-001 3.40439504e-001 3.40417225e-001  3.40442655e-001 5.21082758e-001 5.21018900e-001  5.21184919e-001
 4.89888007e-001 4.89895212e-001  4.89872489e-001 1.15535009e+000 1.15543580e+000  1.15576299e+000 8.96214183e-001 8.96382564e-001  8.96301653e-001
 -3.41257097e-002 -3.42241711e-002  -3.41563747e-002 -1.84240767e-001 -1.84308251e-001  -1.84254284e-001 1.02370586e-001 1.02254653e-001  1.02345896e-001 -4.27409209e-001 -4.27432749e-001  -4.27403644e-001 3.75493037e-001 3.75423547e-001  3.75602889e-001
 -7.57824948e-001 -7.57817078e-001  -7.57841566e-001 7.39189781e-001 7.39272299e-001  7.39601021e-001 -8.59746343e-001 -8.59571599e-001  -8.59678835e-001
 1.22569038e-002 1.21727419e-002  1.22425375e-002 1.37061980e-001 1.37004442e-001  1.37059336e-001 -3.52685172e-002 -3.53677340e-002  -3.52756671e-002 3.26593829e-001 3.26573905e-001  3.26602592e-001 2.15342714e-001 2.15283379e-001  2.15450154e-001
 6.13112895e-001 6.13119345e-001  6.13096052e-001 5.98199721e-001 5.98274877e-001  5.98572032e-001 9.71675412e-001 9.71825929e-001  9.71716615e-001
 7.08785985e-004 7.08785985e-004  7.08785985e-004 -8.43977132e-002 -8.43977132e-002  -8.43977132e-002 8.37328064e-002 8.37328064e-002  8.37328064e-002 -2.38419891e-001 -2.38419891e-001  -2.38419891e-001 9.91133617e-001 9.91133617e-001  9.91133617e-001
 -5.08061778e-001 -5.08061778e-001  -5.08061778e-001 1.56713840e+000 1.56713840e+000  1.56713840e+000 -7.09654499e-001 -7.09654499e-001  -7.09654499e-001
 3.63908927e-001 3.63908927e-001  3.63908927e-001 4.34653044e-001 4.34653044e-001  4.34653044e-001 4.41492505e-001 4.41492505e-001  4.41492505e-001 5.23056250e-001 5.23056250e-001  5.23056250e-001 8.81153407e-001 8.81153407e-001  8.81153407e-001
 4.29643853e-001 4.29643853e-001  4.29643853e-001 1.42744664e+000 1.42744664e+000  1.42744664e+000 7.72266069e-001 7.72266069e-001  7.72266069e-001
 6.37552911e-002 6.37552911e-002  6.37552911e-002 -1.59600065e-001 -1.59600065e-001  -1.59600065e-001 2.69188906e-001 2.69188906e-001  2.69188906e-001 -5.30384617e-001 -5.30384617e-001  -5.30384617e-001 7.60684095e-002 7.60684095e-002  7.60684095e-002
 -7.89221199e-001 -7.89221199e-001  -7.89221199e-001 -1.45171640e-001 -1.45171640e-001  -1.45171640e-001 -4.74325123e-001 -4.74325123e-001  -4.74325123e-001
 2.93632877e-001 2.93471762e-001  2.93640759e-001 2.23936347e-001 2.23827042e-001  2.23959330e-001 3.16460559e-001 3.16272365e-001  3.16495915e-001 2.46400109e-001 2.46363535e-001  2.46432289e-001 -8.01822822e-002 -8.02803477e-002  -7.98824843e-002
 3.80309928e-001 3.80319833e-001  3.80264163e-001 -3.24646634e-002 -3.22760543e-002  -3.15815614e-002 -4.51635526e-001 -4.51345145e-001  -4.51610138e-001
 -1.46516975e+000 -1.46493993e+000 -1.46502736e+000
 -1.14843559e+000 -1.14827198e+000 -1.14838527e+000
 -1.72946992e+000 -1.72919302e+000 -1.72925194e+000
 -5.85748395e-001 -5.85661524e-001 -5.85793394e-001
 -1.65579085e+000 -1.65546308e+000 -1.65560489e+000
 2.93352283e-001 2.93382400e-001 2.93107507e-001
 -2.33249928e+000 -2.33210876e+000 -2.33264345e+000
 2.46872419e+000 2.46866616e+000 2.46776928e+000
