   22     14     50      1   416      0 
    0.700      0.400   20000  100      0.000      0.000   8000     14 
    0.990 	     0.010 
   2 
    4.5755e-001   0.0000e+000  
  4.5755e-001   0.0000e+000  
  1.0000e+000   0.0000e+000  
  1.0000e+000   0.0000e+000  
  1.9875e+000   0.0000e+000  
  1.9875e+000   0.0000e+000  
  5.4333e+001   2.6667e+000  
  5.4333e+001   2.6667e+000  
  4.3667e+001  -4.6667e+000  
  4.3667e+001  -4.6667e+000  
  4.4837e+000   0.0000e+000  
  4.4837e+000   0.0000e+000  
  4.3183e+000   0.0000e+000  
  4.3183e+000   0.0000e+000  
  1.8799e+002   1.7624e+002  
  1.8803e+002   1.7623e+002  
  1.8731e+002   1.7562e+002  
  1.8805e+002   1.7544e+002  
  1.0000e+000   0.0000e+000  
  1.0000e+000   0.0000e+000  
  1.0000e+000   0.0000e+000  
  1.0000e+000   0.0000e+000  
   2.9875e+002   0.0000e+000  
  itr    nh   avger[]   r2avg    mare[] 
8000  14 4.911e+001   9.464e-001  8.880e+000 7.057e-001 
8000  14 0.000e+000   0.000e+000  0.000e+000 0.000e+000 
   1  9.4637e-001   7.0569e-001   6.2984e+004   4.9113e-001 
  1.4340e+000   9.6972e-001 
   1  0.0000e+000   0.0000e+000   0.0000e+000   0.0000e+000 
  0.0000e+000   0.0000e+000 
