  4.3272e-001 -4.5113e-002  3.3085e-001 -2.5827e-001  2.9636e-001
 -6.1292e-001 -2.4436e-003 -1.3710e+000 -5.7457e-001 -1.6446e+000
  5.7583e-001 -1.6195e+000 -1.7448e+000 -3.2692e+000
  3.9012e-001
 2.78933760e+000 2.78984717e+000  2.79012376e+000 4.92713239e-001 4.92757081e-001  4.92780603e-001 2.01046942e+000 2.01068043e+000  2.01079763e+000 -1.67276962e-001 -1.67243877e-001  -1.67224590e-001 2.27117282e+000 2.27148987e+000  2.27169379e+000
 2.06740952e-001 2.06797450e-001  2.06832444e-001 2.50974821e+000 2.51000060e+000  2.51019863e+000 6.55927092e-001 6.55766454e-001  6.55623223e-001 2.33285498e+000 2.33357697e+000  2.33423412e+000 4.13880327e+000 4.13785526e+000  4.13706269e+000
 -2.53302675e+000 -2.53292820e+000  -2.53279779e+000 3.98416048e-001 3.98691987e-001  3.98855506e-001 -6.12384464e+000 -6.12302152e+000  -6.12244788e+000 -3.09685134e+000 -3.09704969e+000  -3.09734172e+000
 2.25837763e-001 2.26266968e-001  2.26501215e-001 3.61625190e-001 3.61662121e-001  3.61682117e-001 8.76157377e-001 8.76335121e-001  8.76434530e-001 1.10493046e-001 1.10520916e-001  1.10537321e-001 1.43335359e+000 1.43362065e+000  1.43379348e+000
 2.89900538e-001 2.89948131e-001  2.89977891e-001 1.37950343e+000 1.37971600e+000  1.37988307e+000 1.65817394e+000 1.65803860e+000  1.65791685e+000 8.23467356e-001 8.24075406e-001  8.24629082e-001 3.03850187e+000 3.03770338e+000  3.03703364e+000
 -7.49646611e-001 -7.49563597e-001  -7.49453418e-001 1.16975461e+000 1.16998706e+000  1.17012632e+000 8.80485608e-001 8.81179048e-001  8.81667435e-001 1.62591254e+000 1.62574545e+000  1.62549859e+000
 4.54188155e-001 4.54188271e-001  4.54190890e-001 -4.24093117e-001 -4.24093101e-001  -4.24092731e-001 4.13879528e-001 4.13879590e-001  4.13880984e-001 -7.50748100e-001 -7.50748085e-001  -7.50747759e-001 5.81880022e-001 5.81880117e-001  5.81882240e-001
 -5.14361839e-001 -5.14361814e-001  -5.14361236e-001 -3.53173954e-001 -3.53173927e-001  -3.53173331e-001 3.51053513e-001 3.51053414e-001  3.51051193e-001 -1.23333187e+000 -1.23333184e+000  -1.23333122e+000 4.72828067e-001 4.72827863e-001  4.72823281e-001
 2.43792077e-002 2.43792389e-002  2.43799412e-002 -6.66093696e-001 -6.66093560e-001  -6.66090511e-001 -3.18738998e+000 -3.18738952e+000  -3.18737912e+000 -3.35864188e+000 -3.35864196e+000  -3.35864376e+000
 -6.93312955e-001 -6.93312955e-001  -6.93312955e-001 -5.40800021e-001 -5.40800021e-001  -5.40800021e-001 -7.26210846e-001 -7.26210846e-001  -7.26210846e-001 -1.96462354e-001 -1.96462354e-001  -1.96462354e-001 -5.41360294e-001 -5.41360294e-001  -5.41360294e-001
 4.17179946e-001 4.17179946e-001  4.17179946e-001 -2.20081516e-001 -2.20081516e-001  -2.20081516e-001 1.43945408e+000 1.43945408e+000  1.43945408e+000 6.12580292e-001 6.12580292e-001  6.12580292e-001 2.62225170e-001 2.62225170e-001  2.62225170e-001
 8.89786816e-001 8.89786816e-001  8.89786816e-001 9.77086505e-001 9.77086505e-001  9.77086505e-001 1.20828112e+000 1.20828112e+000  1.20828112e+000 1.46979133e+000 1.46979133e+000  1.46979133e+000
 -7.64391563e-001 -7.64391164e-001  -7.64382188e-001 -1.03409291e+000 -1.03409287e+000  -1.03409211e+000 -7.79229477e-001 -7.79229308e-001  -7.79225506e-001 -1.18532318e+000 -1.18532315e+000  -1.18532253e+000 -4.30266007e-001 -4.30265713e-001  -4.30259094e-001
 -1.05109297e+000 -1.05109292e+000  -1.05109178e+000 -3.05099897e-001 -3.05099611e-001  -3.05093173e-001 -2.23593689e+000 -2.23593710e+000  -2.23594174e+000 1.91683253e-001 1.91684203e-001  1.91705574e-001 -4.89255014e+000 -4.89255128e+000  -4.89257703e+000
 -2.10411167e-001 -2.10410978e-001  -2.10406742e-001 -3.42111367e+000 -3.42111343e+000  -3.42110814e+000 -5.91930705e+000 -5.91930623e+000  -5.91928765e+000 -1.03129246e+001 -1.03129250e+001  -1.03129345e+001
 1.04236962e-001 1.04237668e-001  1.04253547e-001 3.12444048e-002 3.12444647e-002  3.12458128e-002 3.37449060e-001 3.37449359e-001  3.37456086e-001 4.33726360e-001 4.33726409e-001  4.33727513e-001 7.36408374e-001 7.36408895e-001  7.36420604e-001
 -2.82137672e-001 -2.82137583e-001  -2.82135578e-001 1.09114659e+000 1.09114709e+000  1.09115848e+000 2.85111909e-002 2.85108259e-002  2.85026141e-002 1.36586671e+000 1.36586839e+000  1.36590620e+000 -1.68813117e+000 -1.68813319e+000  -1.68817874e+000
 -2.80662777e-001 -2.80662444e-001  -2.80654948e-001 -1.18186056e+000 -1.18186014e+000  -1.18185078e+000 -3.39184632e+000 -3.39184486e+000  -3.39181200e+000 -2.38276770e+000 -2.38276845e+000  -2.38278523e+000
 -9.69676275e-001 -9.69153863e-001  -9.68891036e-001 -9.59326904e-001 -9.59281952e-001  -9.59259513e-001 -2.85824389e+000 -2.85802756e+000  -2.85791604e+000 -1.64563952e-001 -1.64530034e-001  -1.64511619e-001 -4.30716163e+000 -4.30683669e+000  -4.30664283e+000
 1.66223316e-001 1.66281229e-001  1.66314630e-001 -5.70176400e+000 -5.70150549e+000  -5.70131808e+000 -1.04469513e+000 -1.04485964e+000  -1.04499625e+000 -7.95090716e+000 -7.95016803e+000  -7.94954691e+000 -9.61398329e-001 -9.62369202e-001  -9.63120591e-001
 -4.42193618e+000 -4.42183542e+000  -4.42171182e+000 1.86120534e+000 1.86148822e+000  1.86164449e+000 -5.25432407e-001 -5.24588851e-001  -5.24040838e-001 5.08140049e+000 5.08119780e+000  5.08092091e+000
 9.58633552e-001 9.59140932e-001  9.59373342e-001 4.93884779e-001 4.93928438e-001  4.93948292e-001 4.11846839e-001 4.12056936e-001  4.12155568e-001 3.92254884e-001 3.92287821e-001  3.92304116e-001 -1.57112447e-002 -1.53957748e-002  -1.52243437e-002
 2.63006698e-001 2.63062929e-001  2.63092482e-001 -2.35083957e-001 -2.34833118e-001  -2.34667500e-001 -1.10289336e+000 -1.10305293e+000  -1.10317379e+000 -1.56792859e+000 -1.56721173e+000  -1.56666291e+000 -3.72961916e+000 -3.73056105e+000  -3.73122526e+000
 -2.23619214e+000 -2.23609457e+000  -2.23598532e+000 1.77339898e+000 1.77367367e+000  1.77381196e+000 2.24341986e+000 2.24423867e+000  2.24472362e+000 4.52316579e+000 4.52296963e+000  4.52272486e+000
 -2.48626129e+000 -2.48587591e+000  -2.48565011e+000 -2.49213665e+000 -2.49210349e+000  -2.49208425e+000 -1.96298382e+000 -1.96282422e+000  -1.96272847e+000 -2.32806347e+000 -2.32803844e+000  -2.32802265e+000 -1.12982988e+000 -1.12959001e+000  -1.12942347e+000
 -1.63948982e+000 -1.63944708e+000  -1.63941844e+000 -1.26636252e-001 -1.26445223e-001  -1.26283935e-001 -2.39026531e+000 -2.39038696e+000  -2.39050415e+000 9.12495783e-001 9.13042463e-001  9.13577286e-001 -2.29503465e+000 -2.29575234e+000  -2.29639850e+000
 -1.19784498e-001 -1.19709761e-001  -1.19603453e-001 -2.49780243e+000 -2.49759369e+000  -2.49745976e+000 5.83069792e+000 5.83132084e+000  5.83179060e+000 -2.80029499e+000 -2.80044549e+000  -2.80068362e+000
 -3.68759411e+000 -3.68726831e+000  -3.68706681e+000 -1.89571504e+000 -1.89568701e+000  -1.89566982e+000 -3.28886568e+000 -3.28873074e+000  -3.28864528e+000 -1.45838774e+000 -1.45836658e+000  -1.45835248e+000 -3.52586104e+000 -3.52565820e+000  -3.52550959e+000
 -5.95317394e-001 -5.95281251e-001  -5.95255677e-001 -2.63088576e+000 -2.63072416e+000  -2.63058031e+000 -7.67751216e-002 -7.68780688e-002  -7.69826871e-002 9.47332333e-001 9.47794947e-001  9.48271872e-001 1.34575262e+000 1.34514541e+000  1.34456896e+000
 2.49738079e+000 2.49744411e+000  2.49753894e+000 3.51609862e-001 3.51786367e-001  3.51905972e-001 7.20102437e+000 7.20155124e+000  7.20197073e+000 5.93541480e+000 5.93528725e+000  5.93507484e+000
 -8.10136975e-001 -8.09635007e-001  -8.09354709e-001 -4.46192554e-001 -4.46149363e-001  -4.46125466e-001 2.69413169e-001 2.69621045e-001  2.69739924e-001 -5.74075132e-001 -5.74042536e-001  -5.74022931e-001 8.11909558e-001 8.12221926e-001  8.12428651e-001
 -6.96557333e-001 -6.96501668e-001  -6.96466104e-001 1.03771965e+000 1.03796833e+000  1.03816849e+000 -7.60289280e-001 -7.60447610e-001  -7.60593113e-001 2.08642004e+000 2.08713150e+000  2.08779516e+000 -7.10642807e-001 -7.11576977e-001  -7.12378969e-001
 3.63556713e-001 3.63653885e-001  3.63785826e-001 -7.74843510e-001 -7.74571642e-001  -7.74405319e-001 -1.68057654e+000 -1.67976545e+000  -1.67918209e+000 1.84145635e+000 1.84126074e+000  1.84096520e+000
 -2.14155840e-001 -2.13727360e-001  -2.13475185e-001 -1.22607484e-001 -1.22570616e-001  -1.22549102e-001 3.35161769e-002 3.36936271e-002  3.38005964e-002 1.20147841e-002 1.20426114e-002  1.20602649e-002 2.47359286e-001 2.47625992e-001  2.47811973e-001
 1.00105363e-001 1.00152889e-001  1.00184909e-001 4.63069068e-001 4.63281465e-001  4.63461407e-001 7.07522976e-001 7.07387702e-001  7.07256722e-001 4.11695162e-001 4.12302998e-001  4.12899529e-001 1.72283244e-001 1.71485260e-001  1.70764020e-001
 -1.24592481e+000 -1.24584170e+000  -1.24572305e+000 3.37379343e-001 3.37611447e-001  3.37761221e-001 1.52147790e+000 1.52217054e+000  1.52269582e+000 7.96365498e-001 7.96198143e-001  7.95932374e-001
 5.36521878e-001 5.36949837e-001  5.37184770e-001 -8.39177414e-001 -8.39140592e-001  -8.39120577e-001 -7.00514446e-002 -6.98742198e-002  -6.97746086e-002 -1.20245861e+000 -1.20243082e+000  -1.20241440e+000 -1.94373558e-001 -1.94107267e-001  -1.93934017e-001
 -9.71229964e-001 -9.71182510e-001  -9.71152727e-001 -5.35659989e-001 -5.35448008e-001  -5.35280123e-001 1.59336278e-001 1.59201333e-001  1.59079464e-001 -4.51251339e-001 -4.50644927e-001  -4.50088139e-001 -1.15593432e-001 -1.16389700e-001  -1.17062175e-001
 1.68798032e+000 1.68806312e+000  1.68817376e+000 -1.04615211e+000 -1.04592034e+000  -1.04578109e+000 -1.15410618e+000 -1.15341478e+000  -1.15292632e+000 -1.88338970e+000 -1.88355635e+000  -1.88380416e+000
 1.77236493e-002 1.80682656e-002  1.82985486e-002 -2.11874624e-002 -2.11578124e-002  -2.11381808e-002 -6.99082782e-002 -6.97655480e-002  -6.96678955e-002 1.48806927e-001 1.48829314e-001  1.48845420e-001 -4.94893744e-002 -4.92747263e-002  -4.91049125e-002
 3.07814884e-001 3.07853126e-001  3.07882342e-001 -6.08233204e-003 -5.91122751e-003  -5.74677328e-003 1.36893160e+000 1.36882255e+000  1.36870304e+000 1.44654595e-001 1.45144675e-001  1.45690007e-001 1.47999149e+000 1.47934842e+000  1.47868949e+000
 1.89684208e-001 1.89751397e-001  1.89859801e-001 1.17434608e+000 1.17453281e+000  1.17466943e+000 -1.84502674e-001 -1.83945039e-001  -1.83465880e-001 3.36931203e-001 3.36795768e-001  3.36552972e-001
 -8.64358922e-001 -8.63948927e-001  -8.63717135e-001 -4.34160403e-001 -4.34125127e-001  -4.34105370e-001 -1.89804630e-001 -1.89634841e-001  -1.89536544e-001 -4.04502888e-001 -4.04476264e-001  -4.04460058e-001 2.22117771e-001 2.22372921e-001  2.22543869e-001
 -7.27040682e-001 -7.26995215e-001  -7.26965815e-001 6.30969732e-001 6.31172879e-001  6.31338450e-001 -1.13638710e+000 -1.13651644e+000  -1.13663673e+000 2.28693517e+000 2.28751640e+000  2.28806543e+000 -8.02686829e-001 -8.03449971e-001  -8.04113294e-001
 1.45446814e+000 1.45454754e+000  1.45465667e+000 -1.15121868e+000 -1.15099663e+000  -1.15085914e+000 -2.97595928e+000 -2.97529675e+000  -2.97481454e+000 1.10018731e+000 1.10002745e+000  1.09978301e+000
 -1.29875818e-001 -1.29558470e-001  -1.29362335e-001 -6.35152716e-002 -6.34879665e-002  -6.34712322e-002 -5.39095963e-001 -5.38964533e-001  -5.38881335e-001 2.48861865e-001 2.48882477e-001  2.48896208e-001 -5.82539142e-001 -5.82341562e-001  -5.82196913e-001
 1.45555068e-001 1.45590274e-001  1.45615180e-001 -2.32191195e-001 -2.32033793e-001  -2.31893846e-001 5.29318471e-001 5.29218195e-001  5.29116320e-001 1.30108952e-003 1.75167781e-003  2.21561755e-003 8.78961781e-002 8.73047371e-002  8.67437894e-002
 -7.89573023e-001 -7.89511354e-001  -7.89419076e-001 -1.72885438e-002 -1.71166172e-002  -1.70001193e-002 7.49522839e-001 7.50036033e-001  7.50444603e-001 -5.09895129e-001 -5.10019361e-001  -5.10226060e-001
 8.38698722e-001 8.39036401e-001  8.39222430e-001 -8.92834696e-001 -8.92805642e-001  -8.92789804e-001 -5.80022617e-001 -5.79882779e-001  -5.79803922e-001 -1.16998641e+000 -1.16996448e+000  -1.16995149e+000 -1.00045863e+000 -1.00024851e+000  -1.00011133e+000
 -1.09533295e+000 -1.09529551e+000  -1.09527195e+000 -1.30773249e+000 -1.30756521e+000  -1.30743218e+000 -1.35965143e-001 -1.36071625e-001  -1.36168062e-001 -8.98580756e-001 -8.98102223e-001  -8.97660921e-001 -2.39514107e-001 -2.40142437e-001  -2.40675147e-001
 3.09676729e+000 3.09683263e+000  3.09692028e+000 -1.62709628e+000 -1.62691341e+000  -1.62680325e+000 -2.37779378e+000 -2.37724824e+000  -2.37686182e+000 -3.79003590e+000 -3.79016741e+000  -3.79036372e+000
 2.15782714e-001 2.16012646e-001  2.16185626e-001 8.78543507e-002 8.78741326e-002  8.78888740e-002 -5.45999818e-001 -5.45904579e-001  -5.45831238e-001 3.93493131e-001 3.93508072e-001  3.93520166e-001 -8.02478597e-001 -8.02335281e-001  -8.02207733e-001
 3.42635014e-001 3.42660544e-001  3.42682481e-001 -6.89775681e-001 -6.89661323e-001  -6.89537748e-001 1.10269091e+000 1.10261797e+000  1.10252822e+000 -2.75775396e-001 -2.75447562e-001  -2.75037732e-001 1.39936232e+000 1.39893237e+000  1.39843730e+000
 1.06459349e+000 1.06463856e+000  1.06472001e+000 7.89166289e-001 7.89290922e-001  7.89393489e-001 -1.30604030e+000 -1.30566783e+000  -1.30530809e+000 -1.27782962e+000 -1.27792057e+000  -1.27810298e+000
 4.04137019e-001 4.04137019e-001  4.04137019e-001 -1.21207309e+000 -1.21207309e+000  -1.21207309e+000 -1.35188339e+000 -1.35188339e+000  -1.35188339e+000 -1.31700674e+000 -1.31700674e+000  -1.31700674e+000 -1.26912182e+000 -1.26912182e+000  -1.26912182e+000
 -1.14396444e+000 -1.14396444e+000  -1.14396444e+000 -9.15030916e-001 -9.15030916e-001  -9.15030916e-001 -1.49202611e+000 -1.49202611e+000  -1.49202611e+000 1.23661075e-001 1.23661075e-001  1.23661075e-001 -6.07305525e-001 -6.07305525e-001  -6.07305525e-001
 1.65479730e+000 1.65479730e+000  1.65479730e+000 -2.60579931e+000 -2.60579931e+000  -2.60579931e+000 -2.72674526e+000 -2.72674526e+000  -2.72674526e+000 -5.90333632e+000 -5.90333632e+000  -5.90333632e+000
 1.13541434e-001 1.13541434e-001  1.13541434e-001 1.88048356e+000 1.88048356e+000  1.88048356e+000 8.33869996e-001 8.33869996e-001  8.33869996e-001 2.10401564e+000 2.10401564e+000  2.10401564e+000 -8.06523411e-002 -8.06523411e-002  -8.06523411e-002
 7.74533165e-001 7.74533165e-001  7.74533165e-001 -6.16721341e-001 -6.16721341e-001  -6.16721341e-001 -9.10707871e-001 -9.10707871e-001  -9.10707871e-001 -1.89271331e+000 -1.89271331e+000  -1.89271331e+000 -2.21851763e+000 -2.21851763e+000  -2.21851763e+000
 5.65854103e-001 5.65854103e-001  5.65854103e-001 2.21374018e-001 2.21374018e-001  2.21374018e-001 -3.26149179e-001 -3.26149179e-001  -3.26149179e-001 4.80131166e-001 4.80131166e-001  4.80131166e-001
 4.29703644e-001 4.29703644e-001  4.29703645e-001 -3.32699127e-001 -3.32699127e-001  -3.32699127e-001 6.40061515e-001 6.40061515e-001  6.40061515e-001 -6.58768092e-001 -6.58768092e-001  -6.58768092e-001 9.39969172e-001 9.39969172e-001  9.39969172e-001
 -5.99511357e-001 -5.99511357e-001  -5.99511357e-001 1.18371365e+000 1.18371365e+000  1.18371365e+000 -2.43257469e-001 -2.43257469e-001  -2.43257470e-001 5.53703028e-001 5.53703028e-001  5.53703029e-001 -1.61990254e-001 -1.61990254e-001  -1.61990255e-001
 -3.38703753e-001 -3.38703753e-001  -3.38703753e-001 -4.73494137e-001 -4.73494137e-001  -4.73494137e-001 6.66286621e-001 6.66286621e-001  6.66286621e-001 1.26403375e-001 1.26403375e-001  1.26403374e-001
 -2.94081841e-001 -2.93357469e-001  -2.92962442e-001 -3.67951749e-001 -3.67889421e-001  -3.67855722e-001 5.51832775e-001 5.52132751e-001  5.52300317e-001 -6.05189687e-001 -6.05142650e-001  -6.05115000e-001 1.13755443e+000 1.13800515e+000  1.13829650e+000
 -1.02218167e-001 -1.02137845e-001  -1.02087690e-001 7.64207178e-001 7.64565938e-001  7.64847840e-001 1.43563148e-001 1.43334750e-001  1.43129584e-001 9.77475161e-001 9.78501396e-001  9.79435944e-001 -2.58426167e-001 -2.59773785e-001  -2.60903647e-001
 -7.13034481e-001 -7.12894379e-001  -7.12708508e-001 -1.18633786e-001 -1.18241477e-001  -1.18006879e-001 8.70481235e-001 8.71651517e-001  8.72474295e-001 1.47725848e-001 1.47443870e-001  1.47027512e-001
 -2.99191368e+000 -2.99222742e+000 -2.99238545e+000
 -2.38878076e+000 -2.38880737e+000 -2.38882169e+000
 -2.30349428e+000 -2.30363993e+000 -2.30371921e+000
 -2.40564814e+000 -2.40566798e+000 -2.40567962e+000
 -2.50651023e+000 -2.50672288e+000 -2.50685817e+000
 -1.11358821e+000 -1.11366457e+000 -1.11371194e+000
 -2.63386920e+000 -2.63402248e+000 -2.63414531e+000
 1.70992899e+000 1.70977902e+000 1.70963844e+000
 -3.98093123e+000 -3.98127781e+000 -3.98169806e+000
 4.89656396e+000 4.89618205e+000 4.89579258e+000
 -2.66344698e+000 -2.66350183e+000 -2.66357762e+000
 -1.39664819e+000 -1.39704149e+000 -1.39725869e+000
 -4.40293908e+000 -4.40329887e+000 -4.40355391e+000
 3.37998846e+000 3.37870091e+000 3.37788522e+000
