 Normalized SSE per output and pattern 
Itr 	 HN 	 MARE-tr 	 MARE-ts 	 R2tr 	 R2ts 	 SSENtr 	 SSENts	 SSENcomb
100 	 8 	       59.765 	        0.000 	   0.47391 	   0.00000 	    0.010803 	    -1.#IND00 	    -1.#IND00 
200 	 8 	       60.476 	        0.000 	   0.53674 	   0.00000 	    0.008326 	    -1.#IND00 	    -1.#IND00 
300 	 8 	       63.883 	        0.000 	   0.55672 	   0.00000 	    0.007329 	    -1.#IND00 	    -1.#IND00 
400 	 8 	       64.808 	        0.000 	   0.56232 	   0.00000 	    0.007137 	    -1.#IND00 	    -1.#IND00 
500 	 8 	       65.159 	        0.000 	   0.56544 	   0.00000 	    0.007040 	    -1.#IND00 	    -1.#IND00 
600 	 8 	       65.492 	        0.000 	   0.56791 	   0.00000 	    0.006955 	    -1.#IND00 	    -1.#IND00 
700 	 8 	       65.799 	        0.000 	   0.57009 	   0.00000 	    0.006877 	    -1.#IND00 	    -1.#IND00 
800 	 8 	       66.057 	        0.000 	   0.57216 	   0.00000 	    0.006807 	    -1.#IND00 	    -1.#IND00 
900 	 8 	       66.173 	        0.000 	   0.57417 	   0.00000 	    0.006749 	    -1.#IND00 	    -1.#IND00 
1000 	 8 	       72.014 	        0.000 	   0.57714 	   0.00000 	    0.006524 	    -1.#IND00 	    -1.#IND00 
1100 	 8 	       71.347 	        0.000 	   0.57869 	   0.00000 	    0.006524 	    -1.#IND00 	    -1.#IND00 
1200 	 8 	       71.254 	        0.000 	   0.57936 	   0.00000 	    0.006516 	    -1.#IND00 	    -1.#IND00 
1300 	 8 	       71.175 	        0.000 	   0.58000 	   0.00000 	    0.006508 	    -1.#IND00 	    -1.#IND00 
1400 	 8 	       71.102 	        0.000 	   0.58065 	   0.00000 	    0.006500 	    -1.#IND00 	    -1.#IND00 
1500 	 8 	       71.043 	        0.000 	   0.58134 	   0.00000 	    0.006491 	    -1.#IND00 	    -1.#IND00 
1600 	 8 	       70.998 	        0.000 	   0.58216 	   0.00000 	    0.006481 	    -1.#IND00 	    -1.#IND00 
1700 	 8 	       70.976 	        0.000 	   0.58324 	   0.00000 	    0.006466 	    -1.#IND00 	    -1.#IND00 
1800 	 8 	       71.003 	        0.000 	   0.58501 	   0.00000 	    0.006439 	    -1.#IND00 	    -1.#IND00 
1900 	 8 	       71.045 	        0.000 	   0.58704 	   0.00000 	    0.006404 	    -1.#IND00 	    -1.#IND00 
2000 	 8 	       74.158 	        0.000 	   0.58851 	   0.00000 	    0.006316 	    -1.#IND00 	    -1.#IND00 
2100 	 8 	       73.918 	        0.000 	   0.58933 	   0.00000 	    0.006311 	    -1.#IND00 	    -1.#IND00 
2200 	 8 	       73.890 	        0.000 	   0.58970 	   0.00000 	    0.006306 	    -1.#IND00 	    -1.#IND00 
2300 	 8 	       73.857 	        0.000 	   0.58997 	   0.00000 	    0.006302 	    -1.#IND00 	    -1.#IND00 
2400 	 8 	       73.819 	        0.000 	   0.59018 	   0.00000 	    0.006299 	    -1.#IND00 	    -1.#IND00 
2500 	 8 	       73.781 	        0.000 	   0.59037 	   0.00000 	    0.006297 	    -1.#IND00 	    -1.#IND00 
2600 	 8 	       73.747 	        0.000 	   0.59052 	   0.00000 	    0.006295 	    -1.#IND00 	    -1.#IND00 
2700 	 8 	       73.713 	        0.000 	   0.59067 	   0.00000 	    0.006293 	    -1.#IND00 	    -1.#IND00 
2800 	 8 	       73.682 	        0.000 	   0.59079 	   0.00000 	    0.006291 	    -1.#IND00 	    -1.#IND00 
2900 	 8 	       73.652 	        0.000 	   0.59091 	   0.00000 	    0.006290 	    -1.#IND00 	    -1.#IND00 
3000 	 8 	       75.430 	        0.000 	   0.59122 	   0.00000 	    0.006257 	    -1.#IND00 	    -1.#IND00 
3100 	 8 	       75.318 	        0.000 	   0.59141 	   0.00000 	    0.006257 	    -1.#IND00 	    -1.#IND00 
3200 	 8 	       75.280 	        0.000 	   0.59151 	   0.00000 	    0.006256 	    -1.#IND00 	    -1.#IND00 
3300 	 8 	       75.249 	        0.000 	   0.59159 	   0.00000 	    0.006255 	    -1.#IND00 	    -1.#IND00 
3400 	 8 	       75.222 	        0.000 	   0.59168 	   0.00000 	    0.006254 	    -1.#IND00 	    -1.#IND00 
3500 	 8 	       75.197 	        0.000 	   0.59176 	   0.00000 	    0.006253 	    -1.#IND00 	    -1.#IND00 
3600 	 8 	       75.177 	        0.000 	   0.59184 	   0.00000 	    0.006252 	    -1.#IND00 	    -1.#IND00 
3700 	 8 	       75.157 	        0.000 	   0.59191 	   0.00000 	    0.006251 	    -1.#IND00 	    -1.#IND00 
3800 	 8 	       75.137 	        0.000 	   0.59199 	   0.00000 	    0.006250 	    -1.#IND00 	    -1.#IND00 
3900 	 8 	       75.117 	        0.000 	   0.59206 	   0.00000 	    0.006249 	    -1.#IND00 	    -1.#IND00 
4000 	 8 	       76.345 	        0.000 	   0.59225 	   0.00000 	    0.006229 	    -1.#IND00 	    -1.#IND00 
4100 	 8 	       76.278 	        0.000 	   0.59235 	   0.00000 	    0.006228 	    -1.#IND00 	    -1.#IND00 
4200 	 8 	       76.249 	        0.000 	   0.59242 	   0.00000 	    0.006227 	    -1.#IND00 	    -1.#IND00 
4300 	 8 	       76.224 	        0.000 	   0.59249 	   0.00000 	    0.006227 	    -1.#IND00 	    -1.#IND00 
4400 	 8 	       76.202 	        0.000 	   0.59255 	   0.00000 	    0.006226 	    -1.#IND00 	    -1.#IND00 
4500 	 8 	       76.182 	        0.000 	   0.59261 	   0.00000 	    0.006225 	    -1.#IND00 	    -1.#IND00 
4600 	 8 	       76.164 	        0.000 	   0.59267 	   0.00000 	    0.006224 	    -1.#IND00 	    -1.#IND00 
4700 	 8 	       76.147 	        0.000 	   0.59273 	   0.00000 	    0.006223 	    -1.#IND00 	    -1.#IND00 
4800 	 8 	       76.131 	        0.000 	   0.59280 	   0.00000 	    0.006223 	    -1.#IND00 	    -1.#IND00 
4900 	 8 	       76.115 	        0.000 	   0.59286 	   0.00000 	    0.006222 	    -1.#IND00 	    -1.#IND00 
5000 	 8 	       77.005 	        0.000 	   0.59300 	   0.00000 	    0.006208 	    -1.#IND00 	    -1.#IND00 
5100 	 8 	       76.961 	        0.000 	   0.59309 	   0.00000 	    0.006207 	    -1.#IND00 	    -1.#IND00 
5200 	 8 	       76.942 	        0.000 	   0.59315 	   0.00000 	    0.006207 	    -1.#IND00 	    -1.#IND00 
5300 	 8 	       76.926 	        0.000 	   0.59321 	   0.00000 	    0.006206 	    -1.#IND00 	    -1.#IND00 
5400 	 8 	       76.910 	        0.000 	   0.59327 	   0.00000 	    0.006205 	    -1.#IND00 	    -1.#IND00 
5500 	 8 	       76.897 	        0.000 	   0.59334 	   0.00000 	    0.006204 	    -1.#IND00 	    -1.#IND00 
5600 	 8 	       76.883 	        0.000 	   0.59340 	   0.00000 	    0.006203 	    -1.#IND00 	    -1.#IND00 
5700 	 8 	       76.871 	        0.000 	   0.59346 	   0.00000 	    0.006203 	    -1.#IND00 	    -1.#IND00 
5800 	 8 	       76.860 	        0.000 	   0.59352 	   0.00000 	    0.006202 	    -1.#IND00 	    -1.#IND00 
5900 	 8 	       76.848 	        0.000 	   0.59359 	   0.00000 	    0.006201 	    -1.#IND00 	    -1.#IND00 
6000 	 8 	       77.522 	        0.000 	   0.59370 	   0.00000 	    0.006192 	    -1.#IND00 	    -1.#IND00 
6100 	 8 	       77.490 	        0.000 	   0.59378 	   0.00000 	    0.006191 	    -1.#IND00 	    -1.#IND00 
6200 	 8 	       77.477 	        0.000 	   0.59384 	   0.00000 	    0.006190 	    -1.#IND00 	    -1.#IND00 
6300 	 8 	       77.465 	        0.000 	   0.59390 	   0.00000 	    0.006189 	    -1.#IND00 	    -1.#IND00 
6400 	 8 	       77.453 	        0.000 	   0.59396 	   0.00000 	    0.006189 	    -1.#IND00 	    -1.#IND00 
6500 	 8 	       77.442 	        0.000 	   0.59401 	   0.00000 	    0.006188 	    -1.#IND00 	    -1.#IND00 
6600 	 8 	       77.431 	        0.000 	   0.59406 	   0.00000 	    0.006187 	    -1.#IND00 	    -1.#IND00 
6700 	 8 	       77.422 	        0.000 	   0.59412 	   0.00000 	    0.006187 	    -1.#IND00 	    -1.#IND00 
6800 	 8 	       77.413 	        0.000 	   0.59417 	   0.00000 	    0.006186 	    -1.#IND00 	    -1.#IND00 
6900 	 8 	       77.405 	        0.000 	   0.59422 	   0.00000 	    0.006185 	    -1.#IND00 	    -1.#IND00 
7000 	 8 	       77.932 	        0.000 	   0.59431 	   0.00000 	    0.006178 	    -1.#IND00 	    -1.#IND00 
7100 	 8 	       77.907 	        0.000 	   0.59437 	   0.00000 	    0.006178 	    -1.#IND00 	    -1.#IND00 
7200 	 8 	       77.898 	        0.000 	   0.59442 	   0.00000 	    0.006177 	    -1.#IND00 	    -1.#IND00 
7300 	 8 	       77.891 	        0.000 	   0.59446 	   0.00000 	    0.006177 	    -1.#IND00 	    -1.#IND00 
7400 	 8 	       77.885 	        0.000 	   0.59451 	   0.00000 	    0.006176 	    -1.#IND00 	    -1.#IND00 
7500 	 8 	       77.879 	        0.000 	   0.59455 	   0.00000 	    0.006175 	    -1.#IND00 	    -1.#IND00 
7600 	 8 	       77.875 	        0.000 	   0.59459 	   0.00000 	    0.006175 	    -1.#IND00 	    -1.#IND00 
7700 	 8 	       77.870 	        0.000 	   0.59463 	   0.00000 	    0.006174 	    -1.#IND00 	    -1.#IND00 
7800 	 8 	       77.866 	        0.000 	   0.59467 	   0.00000 	    0.006174 	    -1.#IND00 	    -1.#IND00 
7900 	 8 	       77.862 	        0.000 	   0.59471 	   0.00000 	    0.006173 	    -1.#IND00 	    -1.#IND00 
8000 	 8 	       78.286 	        0.000 	   0.59478 	   0.00000 	    0.006168 	    -1.#IND00 	    -1.#IND00 
8100 	 8 	       78.266 	        0.000 	   0.59483 	   0.00000 	    0.006168 	    -1.#IND00 	    -1.#IND00 
8200 	 8 	       78.258 	        0.000 	   0.59487 	   0.00000 	    0.006167 	    -1.#IND00 	    -1.#IND00 
8300 	 8 	       78.253 	        0.000 	   0.59490 	   0.00000 	    0.006167 	    -1.#IND00 	    -1.#IND00 
8400 	 8 	       78.249 	        0.000 	   0.59494 	   0.00000 	    0.006166 	    -1.#IND00 	    -1.#IND00 
8500 	 8 	       78.246 	        0.000 	   0.59497 	   0.00000 	    0.006166 	    -1.#IND00 	    -1.#IND00 
8600 	 8 	       78.243 	        0.000 	   0.59501 	   0.00000 	    0.006165 	    -1.#IND00 	    -1.#IND00 
8700 	 8 	       78.240 	        0.000 	   0.59504 	   0.00000 	    0.006165 	    -1.#IND00 	    -1.#IND00 
8800 	 8 	       78.236 	        0.000 	   0.59507 	   0.00000 	    0.006165 	    -1.#IND00 	    -1.#IND00 
8900 	 8 	       78.233 	        0.000 	   0.59511 	   0.00000 	    0.006164 	    -1.#IND00 	    -1.#IND00 
9000 	 8 	       78.584 	        0.000 	   0.59516 	   0.00000 	    0.006160 	    -1.#IND00 	    -1.#IND00 
9100 	 8 	       78.567 	        0.000 	   0.59520 	   0.00000 	    0.006159 	    -1.#IND00 	    -1.#IND00 
9200 	 8 	       78.561 	        0.000 	   0.59523 	   0.00000 	    0.006159 	    -1.#IND00 	    -1.#IND00 
9300 	 8 	       78.556 	        0.000 	   0.59526 	   0.00000 	    0.006159 	    -1.#IND00 	    -1.#IND00 
9400 	 8 	       78.552 	        0.000 	   0.59529 	   0.00000 	    0.006158 	    -1.#IND00 	    -1.#IND00 
9500 	 8 	       78.548 	        0.000 	   0.59532 	   0.00000 	    0.006158 	    -1.#IND00 	    -1.#IND00 
9600 	 8 	       78.543 	        0.000 	   0.59535 	   0.00000 	    0.006158 	    -1.#IND00 	    -1.#IND00 
9700 	 8 	       78.539 	        0.000 	   0.59537 	   0.00000 	    0.006157 	    -1.#IND00 	    -1.#IND00 
9800 	 8 	       78.535 	        0.000 	   0.59540 	   0.00000 	    0.006157 	    -1.#IND00 	    -1.#IND00 
9900 	 8 	       78.531 	        0.000 	   0.59543 	   0.00000 	    0.006157 	    -1.#IND00 	    -1.#IND00 
10000 	 8 	       78.827 	        0.000 	   0.59547 	   0.00000 	    0.006153 	    -1.#IND00 	    -1.#IND00 
10100 	 8 	       78.811 	        0.000 	   0.59551 	   0.00000 	    0.006153 	    -1.#IND00 	    -1.#IND00 
10200 	 8 	       78.803 	        0.000 	   0.59553 	   0.00000 	    0.006152 	    -1.#IND00 	    -1.#IND00 
10300 	 8 	       78.798 	        0.000 	   0.59556 	   0.00000 	    0.006152 	    -1.#IND00 	    -1.#IND00 
10400 	 8 	       78.793 	        0.000 	   0.59558 	   0.00000 	    0.006152 	    -1.#IND00 	    -1.#IND00 
10500 	 8 	       78.788 	        0.000 	   0.59560 	   0.00000 	    0.006151 	    -1.#IND00 	    -1.#IND00 
10600 	 8 	       78.783 	        0.000 	   0.59563 	   0.00000 	    0.006151 	    -1.#IND00 	    -1.#IND00 
10700 	 8 	       78.778 	        0.000 	   0.59565 	   0.00000 	    0.006151 	    -1.#IND00 	    -1.#IND00 
10800 	 8 	       78.773 	        0.000 	   0.59568 	   0.00000 	    0.006151 	    -1.#IND00 	    -1.#IND00 
10900 	 8 	       78.768 	        0.000 	   0.59570 	   0.00000 	    0.006150 	    -1.#IND00 	    -1.#IND00 
11000 	 8 	       79.022 	        0.000 	   0.59573 	   0.00000 	    0.006147 	    -1.#IND00 	    -1.#IND00 
11100 	 8 	       79.007 	        0.000 	   0.59576 	   0.00000 	    0.006147 	    -1.#IND00 	    -1.#IND00 
11200 	 8 	       78.999 	        0.000 	   0.59579 	   0.00000 	    0.006147 	    -1.#IND00 	    -1.#IND00 
11300 	 8 	       78.993 	        0.000 	   0.59581 	   0.00000 	    0.006147 	    -1.#IND00 	    -1.#IND00 
11400 	 8 	       78.988 	        0.000 	   0.59583 	   0.00000 	    0.006146 	    -1.#IND00 	    -1.#IND00 
11500 	 8 	       78.982 	        0.000 	   0.59585 	   0.00000 	    0.006146 	    -1.#IND00 	    -1.#IND00 
11600 	 8 	       78.977 	        0.000 	   0.59587 	   0.00000 	    0.006146 	    -1.#IND00 	    -1.#IND00 
11700 	 8 	       78.972 	        0.000 	   0.59589 	   0.00000 	    0.006145 	    -1.#IND00 	    -1.#IND00 
11800 	 8 	       78.967 	        0.000 	   0.59591 	   0.00000 	    0.006145 	    -1.#IND00 	    -1.#IND00 
11900 	 8 	       78.961 	        0.000 	   0.59593 	   0.00000 	    0.006145 	    -1.#IND00 	    -1.#IND00 
12000 	 8 	       79.183 	        0.000 	   0.59596 	   0.00000 	    0.006143 	    -1.#IND00 	    -1.#IND00 
12100 	 8 	       79.169 	        0.000 	   0.59599 	   0.00000 	    0.006142 	    -1.#IND00 	    -1.#IND00 
12200 	 8 	       79.161 	        0.000 	   0.59601 	   0.00000 	    0.006142 	    -1.#IND00 	    -1.#IND00 
12300 	 8 	       79.155 	        0.000 	   0.59602 	   0.00000 	    0.006142 	    -1.#IND00 	    -1.#IND00 
12400 	 8 	       79.150 	        0.000 	   0.59604 	   0.00000 	    0.006141 	    -1.#IND00 	    -1.#IND00 
12500 	 8 	       79.144 	        0.000 	   0.59606 	   0.00000 	    0.006141 	    -1.#IND00 	    -1.#IND00 
12600 	 8 	       79.139 	        0.000 	   0.59608 	   0.00000 	    0.006141 	    -1.#IND00 	    -1.#IND00 
12700 	 8 	       79.134 	        0.000 	   0.59610 	   0.00000 	    0.006141 	    -1.#IND00 	    -1.#IND00 
12800 	 8 	       79.128 	        0.000 	   0.59612 	   0.00000 	    0.006141 	    -1.#IND00 	    -1.#IND00 
12900 	 8 	       79.123 	        0.000 	   0.59613 	   0.00000 	    0.006140 	    -1.#IND00 	    -1.#IND00 
13000 	 8 	       79.319 	        0.000 	   0.59616 	   0.00000 	    0.006138 	    -1.#IND00 	    -1.#IND00 
13100 	 8 	       79.307 	        0.000 	   0.59618 	   0.00000 	    0.006138 	    -1.#IND00 	    -1.#IND00 
13200 	 8 	       79.300 	        0.000 	   0.59620 	   0.00000 	    0.006138 	    -1.#IND00 	    -1.#IND00 
13300 	 8 	       79.294 	        0.000 	   0.59622 	   0.00000 	    0.006137 	    -1.#IND00 	    -1.#IND00 
13400 	 8 	       79.288 	        0.000 	   0.59623 	   0.00000 	    0.006137 	    -1.#IND00 	    -1.#IND00 
13500 	 8 	       79.283 	        0.000 	   0.59625 	   0.00000 	    0.006137 	    -1.#IND00 	    -1.#IND00 
13600 	 8 	       79.278 	        0.000 	   0.59627 	   0.00000 	    0.006137 	    -1.#IND00 	    -1.#IND00 
13700 	 8 	       79.273 	        0.000 	   0.59628 	   0.00000 	    0.006137 	    -1.#IND00 	    -1.#IND00 
13800 	 8 	       79.268 	        0.000 	   0.59630 	   0.00000 	    0.006136 	    -1.#IND00 	    -1.#IND00 
13900 	 8 	       79.263 	        0.000 	   0.59632 	   0.00000 	    0.006136 	    -1.#IND00 	    -1.#IND00 
14000 	 8 	       79.438 	        0.000 	   0.59634 	   0.00000 	    0.006134 	    -1.#IND00 	    -1.#IND00 
14100 	 8 	       79.427 	        0.000 	   0.59636 	   0.00000 	    0.006134 	    -1.#IND00 	    -1.#IND00 
14200 	 8 	       79.420 	        0.000 	   0.59637 	   0.00000 	    0.006134 	    -1.#IND00 	    -1.#IND00 
14300 	 8 	       79.414 	        0.000 	   0.59639 	   0.00000 	    0.006134 	    -1.#IND00 	    -1.#IND00 
14400 	 8 	       79.408 	        0.000 	   0.59641 	   0.00000 	    0.006133 	    -1.#IND00 	    -1.#IND00 
14500 	 8 	       79.403 	        0.000 	   0.59642 	   0.00000 	    0.006133 	    -1.#IND00 	    -1.#IND00 
14600 	 8 	       79.398 	        0.000 	   0.59644 	   0.00000 	    0.006133 	    -1.#IND00 	    -1.#IND00 
14700 	 8 	       79.393 	        0.000 	   0.59645 	   0.00000 	    0.006133 	    -1.#IND00 	    -1.#IND00 
14800 	 8 	       79.388 	        0.000 	   0.59647 	   0.00000 	    0.006133 	    -1.#IND00 	    -1.#IND00 
14900 	 8 	       79.382 	        0.000 	   0.59648 	   0.00000 	    0.006133 	    -1.#IND00 	    -1.#IND00 
15000 	 8 	       79.540 	        0.000 	   0.59650 	   0.00000 	    0.006131 	    -1.#IND00 	    -1.#IND00 
15100 	 8 	       79.530 	        0.000 	   0.59652 	   0.00000 	    0.006131 	    -1.#IND00 	    -1.#IND00 
15200 	 8 	       79.523 	        0.000 	   0.59653 	   0.00000 	    0.006130 	    -1.#IND00 	    -1.#IND00 
15300 	 8 	       79.517 	        0.000 	   0.59655 	   0.00000 	    0.006130 	    -1.#IND00 	    -1.#IND00 
15400 	 8 	       79.511 	        0.000 	   0.59656 	   0.00000 	    0.006130 	    -1.#IND00 	    -1.#IND00 
15500 	 8 	       79.506 	        0.000 	   0.59658 	   0.00000 	    0.006130 	    -1.#IND00 	    -1.#IND00 
15600 	 8 	       79.501 	        0.000 	   0.59659 	   0.00000 	    0.006130 	    -1.#IND00 	    -1.#IND00 
15700 	 8 	       79.495 	        0.000 	   0.59660 	   0.00000 	    0.006130 	    -1.#IND00 	    -1.#IND00 
15800 	 8 	       79.490 	        0.000 	   0.59662 	   0.00000 	    0.006129 	    -1.#IND00 	    -1.#IND00 
15900 	 8 	       79.485 	        0.000 	   0.59663 	   0.00000 	    0.006129 	    -1.#IND00 	    -1.#IND00 
16000 	 8 	       79.628 	        0.000 	   0.59665 	   0.00000 	    0.006128 	    -1.#IND00 	    -1.#IND00 
16100 	 8 	       79.619 	        0.000 	   0.59667 	   0.00000 	    0.006128 	    -1.#IND00 	    -1.#IND00 
16200 	 8 	       79.612 	        0.000 	   0.59668 	   0.00000 	    0.006127 	    -1.#IND00 	    -1.#IND00 
16300 	 8 	       79.606 	        0.000 	   0.59669 	   0.00000 	    0.006127 	    -1.#IND00 	    -1.#IND00 
16400 	 8 	       79.600 	        0.000 	   0.59671 	   0.00000 	    0.006127 	    -1.#IND00 	    -1.#IND00 
16500 	 8 	       79.595 	        0.000 	   0.59672 	   0.00000 	    0.006127 	    -1.#IND00 	    -1.#IND00 
16600 	 8 	       79.590 	        0.000 	   0.59673 	   0.00000 	    0.006127 	    -1.#IND00 	    -1.#IND00 
16700 	 8 	       79.584 	        0.000 	   0.59674 	   0.00000 	    0.006127 	    -1.#IND00 	    -1.#IND00 
16800 	 8 	       79.579 	        0.000 	   0.59676 	   0.00000 	    0.006126 	    -1.#IND00 	    -1.#IND00 
16900 	 8 	       79.574 	        0.000 	   0.59677 	   0.00000 	    0.006126 	    -1.#IND00 	    -1.#IND00 
17000 	 8 	       79.705 	        0.000 	   0.59678 	   0.00000 	    0.006125 	    -1.#IND00 	    -1.#IND00 
17100 	 8 	       79.696 	        0.000 	   0.59680 	   0.00000 	    0.006125 	    -1.#IND00 	    -1.#IND00 
17200 	 8 	       79.690 	        0.000 	   0.59681 	   0.00000 	    0.006125 	    -1.#IND00 	    -1.#IND00 
17300 	 8 	       79.684 	        0.000 	   0.59682 	   0.00000 	    0.006124 	    -1.#IND00 	    -1.#IND00 
17400 	 8 	       79.679 	        0.000 	   0.59683 	   0.00000 	    0.006124 	    -1.#IND00 	    -1.#IND00 
17500 	 8 	       79.673 	        0.000 	   0.59685 	   0.00000 	    0.006124 	    -1.#IND00 	    -1.#IND00 
17600 	 8 	       79.668 	        0.000 	   0.59686 	   0.00000 	    0.006124 	    -1.#IND00 	    -1.#IND00 
17700 	 8 	       79.663 	        0.000 	   0.59687 	   0.00000 	    0.006124 	    -1.#IND00 	    -1.#IND00 
17800 	 8 	       79.658 	        0.000 	   0.59688 	   0.00000 	    0.006124 	    -1.#IND00 	    -1.#IND00 
17900 	 8 	       79.653 	        0.000 	   0.59689 	   0.00000 	    0.006123 	    -1.#IND00 	    -1.#IND00 
18000 	 8 	       79.774 	        0.000 	   0.59691 	   0.00000 	    0.006122 	    -1.#IND00 	    -1.#IND00 
18100 	 8 	       79.767 	        0.000 	   0.59692 	   0.00000 	    0.006122 	    -1.#IND00 	    -1.#IND00 
18200 	 8 	       79.760 	        0.000 	   0.59693 	   0.00000 	    0.006122 	    -1.#IND00 	    -1.#IND00 
18300 	 8 	       79.755 	        0.000 	   0.59694 	   0.00000 	    0.006122 	    -1.#IND00 	    -1.#IND00 
18400 	 8 	       79.750 	        0.000 	   0.59695 	   0.00000 	    0.006122 	    -1.#IND00 	    -1.#IND00 
18500 	 8 	       79.745 	        0.000 	   0.59696 	   0.00000 	    0.006122 	    -1.#IND00 	    -1.#IND00 
18600 	 8 	       79.740 	        0.000 	   0.59697 	   0.00000 	    0.006121 	    -1.#IND00 	    -1.#IND00 
18700 	 8 	       79.736 	        0.000 	   0.59698 	   0.00000 	    0.006121 	    -1.#IND00 	    -1.#IND00 
18800 	 8 	       79.731 	        0.000 	   0.59699 	   0.00000 	    0.006121 	    -1.#IND00 	    -1.#IND00 
18900 	 8 	       79.726 	        0.000 	   0.59700 	   0.00000 	    0.006121 	    -1.#IND00 	    -1.#IND00 
19000 	 8 	       79.838 	        0.000 	   0.59702 	   0.00000 	    0.006120 	    -1.#IND00 	    -1.#IND00 
19100 	 8 	       79.832 	        0.000 	   0.59703 	   0.00000 	    0.006120 	    -1.#IND00 	    -1.#IND00 
19200 	 8 	       79.826 	        0.000 	   0.59704 	   0.00000 	    0.006120 	    -1.#IND00 	    -1.#IND00 
19300 	 8 	       79.820 	        0.000 	   0.59705 	   0.00000 	    0.006119 	    -1.#IND00 	    -1.#IND00 
19400 	 8 	       79.816 	        0.000 	   0.59706 	   0.00000 	    0.006119 	    -1.#IND00 	    -1.#IND00 
19500 	 8 	       79.811 	        0.000 	   0.59707 	   0.00000 	    0.006119 	    -1.#IND00 	    -1.#IND00 
19600 	 8 	       79.806 	        0.000 	   0.59708 	   0.00000 	    0.006119 	    -1.#IND00 	    -1.#IND00 
19700 	 8 	       79.802 	        0.000 	   0.59709 	   0.00000 	    0.006119 	    -1.#IND00 	    -1.#IND00 
19800 	 8 	       79.798 	        0.000 	   0.59710 	   0.00000 	    0.006119 	    -1.#IND00 	    -1.#IND00 
19900 	 8 	       79.793 	        0.000 	   0.59711 	   0.00000 	    0.006119 	    -1.#IND00 	    -1.#IND00 
20000 	 8 	       79.897 	        0.000 	   0.59712 	   0.00000 	    0.006118 	    -1.#IND00 	    -1.#IND00 
100 	 9 	       65.184 	        0.000 	   0.59004 	   0.00000 	    0.006515 	    -1.#IND00 	    -1.#IND00 
200 	 9 	       65.384 	        0.000 	   0.59044 	   0.00000 	    0.006494 	    -1.#IND00 	    -1.#IND00 
300 	 9 	       65.674 	        0.000 	   0.59073 	   0.00000 	    0.006475 	    -1.#IND00 	    -1.#IND00 
400 	 9 	       65.909 	        0.000 	   0.59111 	   0.00000 	    0.006458 	    -1.#IND00 	    -1.#IND00 
500 	 9 	       66.070 	        0.000 	   0.59153 	   0.00000 	    0.006444 	    -1.#IND00 	    -1.#IND00 
600 	 9 	       66.182 	        0.000 	   0.59194 	   0.00000 	    0.006433 	    -1.#IND00 	    -1.#IND00 
700 	 9 	       66.248 	        0.000 	   0.59231 	   0.00000 	    0.006425 	    -1.#IND00 	    -1.#IND00 
800 	 9 	       66.283 	        0.000 	   0.59265 	   0.00000 	    0.006418 	    -1.#IND00 	    -1.#IND00 
900 	 9 	       66.296 	        0.000 	   0.59295 	   0.00000 	    0.006412 	    -1.#IND00 	    -1.#IND00 
1000 	 9 	       71.419 	        0.000 	   0.59452 	   0.00000 	    0.006243 	    -1.#IND00 	    -1.#IND00 
1100 	 9 	       69.570 	        0.000 	   0.59727 	   0.00000 	    0.006266 	    -1.#IND00 	    -1.#IND00 
1200 	 9 	       69.426 	        0.000 	   0.59741 	   0.00000 	    0.006272 	    -1.#IND00 	    -1.#IND00 
1300 	 9 	       69.337 	        0.000 	   0.59751 	   0.00000 	    0.006274 	    -1.#IND00 	    -1.#IND00 
1400 	 9 	       69.270 	        0.000 	   0.59760 	   0.00000 	    0.006276 	    -1.#IND00 	    -1.#IND00 
1500 	 9 	       69.213 	        0.000 	   0.59768 	   0.00000 	    0.006277 	    -1.#IND00 	    -1.#IND00 
1600 	 9 	       69.164 	        0.000 	   0.59777 	   0.00000 	    0.006278 	    -1.#IND00 	    -1.#IND00 
1700 	 9 	       69.122 	        0.000 	   0.59785 	   0.00000 	    0.006278 	    -1.#IND00 	    -1.#IND00 
1800 	 9 	       69.085 	        0.000 	   0.59793 	   0.00000 	    0.006279 	    -1.#IND00 	    -1.#IND00 
1900 	 9 	       69.050 	        0.000 	   0.59801 	   0.00000 	    0.006279 	    -1.#IND00 	    -1.#IND00 
2000 	 9 	       71.870 	        0.000 	   0.59863 	   0.00000 	    0.006198 	    -1.#IND00 	    -1.#IND00 
2100 	 9 	       71.668 	        0.000 	   0.59905 	   0.00000 	    0.006202 	    -1.#IND00 	    -1.#IND00 
2200 	 9 	       71.650 	        0.000 	   0.59914 	   0.00000 	    0.006202 	    -1.#IND00 	    -1.#IND00 
2300 	 9 	       71.636 	        0.000 	   0.59922 	   0.00000 	    0.006201 	    -1.#IND00 	    -1.#IND00 
2400 	 9 	       71.624 	        0.000 	   0.59930 	   0.00000 	    0.006200 	    -1.#IND00 	    -1.#IND00 
2500 	 9 	       71.612 	        0.000 	   0.59937 	   0.00000 	    0.006200 	    -1.#IND00 	    -1.#IND00 
2600 	 9 	       71.601 	        0.000 	   0.59944 	   0.00000 	    0.006199 	    -1.#IND00 	    -1.#IND00 
2700 	 9 	       71.590 	        0.000 	   0.59951 	   0.00000 	    0.006198 	    -1.#IND00 	    -1.#IND00 
2800 	 9 	       71.579 	        0.000 	   0.59957 	   0.00000 	    0.006198 	    -1.#IND00 	    -1.#IND00 
2900 	 9 	       71.569 	        0.000 	   0.59963 	   0.00000 	    0.006197 	    -1.#IND00 	    -1.#IND00 
3000 	 9 	       73.435 	        0.000 	   0.59994 	   0.00000 	    0.006153 	    -1.#IND00 	    -1.#IND00 
3100 	 9 	       73.378 	        0.000 	   0.60016 	   0.00000 	    0.006151 	    -1.#IND00 	    -1.#IND00 
3200 	 9 	       73.372 	        0.000 	   0.60023 	   0.00000 	    0.006150 	    -1.#IND00 	    -1.#IND00 
3300 	 9 	       73.368 	        0.000 	   0.60030 	   0.00000 	    0.006149 	    -1.#IND00 	    -1.#IND00 
3400 	 9 	       73.364 	        0.000 	   0.60036 	   0.00000 	    0.006149 	    -1.#IND00 	    -1.#IND00 
3500 	 9 	       73.360 	        0.000 	   0.60041 	   0.00000 	    0.006148 	    -1.#IND00 	    -1.#IND00 
3600 	 9 	       73.356 	        0.000 	   0.60047 	   0.00000 	    0.006147 	    -1.#IND00 	    -1.#IND00 
3700 	 9 	       73.352 	        0.000 	   0.60052 	   0.00000 	    0.006146 	    -1.#IND00 	    -1.#IND00 
3800 	 9 	       73.349 	        0.000 	   0.60057 	   0.00000 	    0.006146 	    -1.#IND00 	    -1.#IND00 
3900 	 9 	       73.345 	        0.000 	   0.60062 	   0.00000 	    0.006145 	    -1.#IND00 	    -1.#IND00 
4000 	 9 	       74.636 	        0.000 	   0.60079 	   0.00000 	    0.006119 	    -1.#IND00 	    -1.#IND00 
4100 	 9 	       74.596 	        0.000 	   0.60094 	   0.00000 	    0.006117 	    -1.#IND00 	    -1.#IND00 
4200 	 9 	       74.592 	        0.000 	   0.60099 	   0.00000 	    0.006116 	    -1.#IND00 	    -1.#IND00 
4300 	 9 	       74.588 	        0.000 	   0.60104 	   0.00000 	    0.006116 	    -1.#IND00 	    -1.#IND00 
4400 	 9 	       74.585 	        0.000 	   0.60109 	   0.00000 	    0.006115 	    -1.#IND00 	    -1.#IND00 
4500 	 9 	       74.583 	        0.000 	   0.60113 	   0.00000 	    0.006114 	    -1.#IND00 	    -1.#IND00 
4600 	 9 	       74.581 	        0.000 	   0.60117 	   0.00000 	    0.006114 	    -1.#IND00 	    -1.#IND00 
4700 	 9 	       74.580 	        0.000 	   0.60121 	   0.00000 	    0.006113 	    -1.#IND00 	    -1.#IND00 
4800 	 9 	       74.578 	        0.000 	   0.60125 	   0.00000 	    0.006113 	    -1.#IND00 	    -1.#IND00 
4900 	 9 	       74.577 	        0.000 	   0.60129 	   0.00000 	    0.006112 	    -1.#IND00 	    -1.#IND00 
5000 	 9 	       75.506 	        0.000 	   0.60139 	   0.00000 	    0.006096 	    -1.#IND00 	    -1.#IND00 
5100 	 9 	       75.474 	        0.000 	   0.60150 	   0.00000 	    0.006094 	    -1.#IND00 	    -1.#IND00 
5200 	 9 	       75.471 	        0.000 	   0.60154 	   0.00000 	    0.006093 	    -1.#IND00 	    -1.#IND00 
5300 	 9 	       75.469 	        0.000 	   0.60158 	   0.00000 	    0.006093 	    -1.#IND00 	    -1.#IND00 
5400 	 9 	       75.467 	        0.000 	   0.60161 	   0.00000 	    0.006092 	    -1.#IND00 	    -1.#IND00 
5500 	 9 	       75.466 	        0.000 	   0.60165 	   0.00000 	    0.006092 	    -1.#IND00 	    -1.#IND00 
5600 	 9 	       75.464 	        0.000 	   0.60168 	   0.00000 	    0.006091 	    -1.#IND00 	    -1.#IND00 
5700 	 9 	       75.463 	        0.000 	   0.60171 	   0.00000 	    0.006091 	    -1.#IND00 	    -1.#IND00 
5800 	 9 	       75.461 	        0.000 	   0.60175 	   0.00000 	    0.006090 	    -1.#IND00 	    -1.#IND00 
5900 	 9 	       75.460 	        0.000 	   0.60178 	   0.00000 	    0.006090 	    -1.#IND00 	    -1.#IND00 
6000 	 9 	       76.151 	        0.000 	   0.60184 	   0.00000 	    0.006079 	    -1.#IND00 	    -1.#IND00 
6100 	 9 	       76.124 	        0.000 	   0.60192 	   0.00000 	    0.006078 	    -1.#IND00 	    -1.#IND00 
6200 	 9 	       76.121 	        0.000 	   0.60195 	   0.00000 	    0.006077 	    -1.#IND00 	    -1.#IND00 
6300 	 9 	       76.118 	        0.000 	   0.60198 	   0.00000 	    0.006077 	    -1.#IND00 	    -1.#IND00 
6400 	 9 	       76.117 	        0.000 	   0.60201 	   0.00000 	    0.006076 	    -1.#IND00 	    -1.#IND00 
6500 	 9 	       76.115 	        0.000 	   0.60204 	   0.00000 	    0.006076 	    -1.#IND00 	    -1.#IND00 
6600 	 9 	       76.113 	        0.000 	   0.60207 	   0.00000 	    0.006076 	    -1.#IND00 	    -1.#IND00 
6700 	 9 	       76.112 	        0.000 	   0.60210 	   0.00000 	    0.006075 	    -1.#IND00 	    -1.#IND00 
6800 	 9 	       76.110 	        0.000 	   0.60212 	   0.00000 	    0.006075 	    -1.#IND00 	    -1.#IND00 
6900 	 9 	       76.109 	        0.000 	   0.60215 	   0.00000 	    0.006074 	    -1.#IND00 	    -1.#IND00 
7000 	 9 	       76.639 	        0.000 	   0.60219 	   0.00000 	    0.006067 	    -1.#IND00 	    -1.#IND00 
7100 	 9 	       76.617 	        0.000 	   0.60225 	   0.00000 	    0.006066 	    -1.#IND00 	    -1.#IND00 
7200 	 9 	       76.613 	        0.000 	   0.60228 	   0.00000 	    0.006065 	    -1.#IND00 	    -1.#IND00 
7300 	 9 	       76.611 	        0.000 	   0.60230 	   0.00000 	    0.006065 	    -1.#IND00 	    -1.#IND00 
7400 	 9 	       76.609 	        0.000 	   0.60233 	   0.00000 	    0.006065 	    -1.#IND00 	    -1.#IND00 
7500 	 9 	       76.608 	        0.000 	   0.60235 	   0.00000 	    0.006064 	    -1.#IND00 	    -1.#IND00 
7600 	 9 	       76.606 	        0.000 	   0.60237 	   0.00000 	    0.006064 	    -1.#IND00 	    -1.#IND00 
7700 	 9 	       76.604 	        0.000 	   0.60240 	   0.00000 	    0.006064 	    -1.#IND00 	    -1.#IND00 
7800 	 9 	       76.603 	        0.000 	   0.60242 	   0.00000 	    0.006063 	    -1.#IND00 	    -1.#IND00 
7900 	 9 	       76.601 	        0.000 	   0.60244 	   0.00000 	    0.006063 	    -1.#IND00 	    -1.#IND00 
8000 	 9 	       77.022 	        0.000 	   0.60247 	   0.00000 	    0.006057 	    -1.#IND00 	    -1.#IND00 
8100 	 9 	       77.004 	        0.000 	   0.60252 	   0.00000 	    0.006057 	    -1.#IND00 	    -1.#IND00 
8200 	 9 	       77.001 	        0.000 	   0.60254 	   0.00000 	    0.006056 	    -1.#IND00 	    -1.#IND00 
8300 	 9 	       76.999 	        0.000 	   0.60256 	   0.00000 	    0.006056 	    -1.#IND00 	    -1.#IND00 
8400 	 9 	       76.997 	        0.000 	   0.60259 	   0.00000 	    0.006056 	    -1.#IND00 	    -1.#IND00 
8500 	 9 	       76.995 	        0.000 	   0.60261 	   0.00000 	    0.006055 	    -1.#IND00 	    -1.#IND00 
8600 	 9 	       76.994 	        0.000 	   0.60262 	   0.00000 	    0.006055 	    -1.#IND00 	    -1.#IND00 
8700 	 9 	       76.992 	        0.000 	   0.60264 	   0.00000 	    0.006055 	    -1.#IND00 	    -1.#IND00 
8800 	 9 	       76.991 	        0.000 	   0.60266 	   0.00000 	    0.006055 	    -1.#IND00 	    -1.#IND00 
8900 	 9 	       76.989 	        0.000 	   0.60268 	   0.00000 	    0.006054 	    -1.#IND00 	    -1.#IND00 
9000 	 9 	       77.333 	        0.000 	   0.60271 	   0.00000 	    0.006050 	    -1.#IND00 	    -1.#IND00 
9100 	 9 	       77.318 	        0.000 	   0.60275 	   0.00000 	    0.006049 	    -1.#IND00 	    -1.#IND00 
9200 	 9 	       77.315 	        0.000 	   0.60276 	   0.00000 	    0.006049 	    -1.#IND00 	    -1.#IND00 
9300 	 9 	       77.313 	        0.000 	   0.60278 	   0.00000 	    0.006049 	    -1.#IND00 	    -1.#IND00 
9400 	 9 	       77.312 	        0.000 	   0.60280 	   0.00000 	    0.006049 	    -1.#IND00 	    -1.#IND00 
9500 	 9 	       77.310 	        0.000 	   0.60282 	   0.00000 	    0.006048 	    -1.#IND00 	    -1.#IND00 
9600 	 9 	       77.309 	        0.000 	   0.60284 	   0.00000 	    0.006048 	    -1.#IND00 	    -1.#IND00 
9700 	 9 	       77.307 	        0.000 	   0.60285 	   0.00000 	    0.006048 	    -1.#IND00 	    -1.#IND00 
9800 	 9 	       77.306 	        0.000 	   0.60287 	   0.00000 	    0.006048 	    -1.#IND00 	    -1.#IND00 
9900 	 9 	       77.305 	        0.000 	   0.60289 	   0.00000 	    0.006047 	    -1.#IND00 	    -1.#IND00 
10000 	 9 	       77.592 	        0.000 	   0.60290 	   0.00000 	    0.006044 	    -1.#IND00 	    -1.#IND00 
10100 	 9 	       77.580 	        0.000 	   0.60294 	   0.00000 	    0.006043 	    -1.#IND00 	    -1.#IND00 
10200 	 9 	       77.577 	        0.000 	   0.60295 	   0.00000 	    0.006043 	    -1.#IND00 	    -1.#IND00 
10300 	 9 	       77.576 	        0.000 	   0.60297 	   0.00000 	    0.006043 	    -1.#IND00 	    -1.#IND00 
10400 	 9 	       77.575 	        0.000 	   0.60298 	   0.00000 	    0.006043 	    -1.#IND00 	    -1.#IND00 
10500 	 9 	       77.573 	        0.000 	   0.60300 	   0.00000 	    0.006042 	    -1.#IND00 	    -1.#IND00 
10600 	 9 	       77.572 	        0.000 	   0.60302 	   0.00000 	    0.006042 	    -1.#IND00 	    -1.#IND00 
10700 	 9 	       77.571 	        0.000 	   0.60303 	   0.00000 	    0.006042 	    -1.#IND00 	    -1.#IND00 
10800 	 9 	       77.570 	        0.000 	   0.60305 	   0.00000 	    0.006042 	    -1.#IND00 	    -1.#IND00 
10900 	 9 	       77.569 	        0.000 	   0.60306 	   0.00000 	    0.006042 	    -1.#IND00 	    -1.#IND00 
11000 	 9 	       77.813 	        0.000 	   0.60307 	   0.00000 	    0.006039 	    -1.#IND00 	    -1.#IND00 
11100 	 9 	       77.803 	        0.000 	   0.60310 	   0.00000 	    0.006038 	    -1.#IND00 	    -1.#IND00 
11200 	 9 	       77.801 	        0.000 	   0.60312 	   0.00000 	    0.006038 	    -1.#IND00 	    -1.#IND00 
11300 	 9 	       77.800 	        0.000 	   0.60313 	   0.00000 	    0.006038 	    -1.#IND00 	    -1.#IND00 
11400 	 9 	       77.799 	        0.000 	   0.60315 	   0.00000 	    0.006038 	    -1.#IND00 	    -1.#IND00 
11500 	 9 	       77.798 	        0.000 	   0.60316 	   0.00000 	    0.006038 	    -1.#IND00 	    -1.#IND00 
11600 	 9 	       77.797 	        0.000 	   0.60317 	   0.00000 	    0.006037 	    -1.#IND00 	    -1.#IND00 
11700 	 9 	       77.796 	        0.000 	   0.60319 	   0.00000 	    0.006037 	    -1.#IND00 	    -1.#IND00 
11800 	 9 	       77.795 	        0.000 	   0.60320 	   0.00000 	    0.006037 	    -1.#IND00 	    -1.#IND00 
11900 	 9 	       77.794 	        0.000 	   0.60321 	   0.00000 	    0.006037 	    -1.#IND00 	    -1.#IND00 
12000 	 9 	       78.006 	        0.000 	   0.60323 	   0.00000 	    0.006034 	    -1.#IND00 	    -1.#IND00 
12100 	 9 	       77.998 	        0.000 	   0.60325 	   0.00000 	    0.006034 	    -1.#IND00 	    -1.#IND00 
12200 	 9 	       77.996 	        0.000 	   0.60326 	   0.00000 	    0.006034 	    -1.#IND00 	    -1.#IND00 
12300 	 9 	       77.995 	        0.000 	   0.60328 	   0.00000 	    0.006034 	    -1.#IND00 	    -1.#IND00 
12400 	 9 	       77.994 	        0.000 	   0.60329 	   0.00000 	    0.006034 	    -1.#IND00 	    -1.#IND00 
12500 	 9 	       77.993 	        0.000 	   0.60330 	   0.00000 	    0.006033 	    -1.#IND00 	    -1.#IND00 
12600 	 9 	       77.992 	        0.000 	   0.60331 	   0.00000 	    0.006033 	    -1.#IND00 	    -1.#IND00 
12700 	 9 	       77.991 	        0.000 	   0.60333 	   0.00000 	    0.006033 	    -1.#IND00 	    -1.#IND00 
12800 	 9 	       77.991 	        0.000 	   0.60334 	   0.00000 	    0.006033 	    -1.#IND00 	    -1.#IND00 
12900 	 9 	       77.990 	        0.000 	   0.60335 	   0.00000 	    0.006033 	    -1.#IND00 	    -1.#IND00 
13000 	 9 	       78.177 	        0.000 	   0.60336 	   0.00000 	    0.006031 	    -1.#IND00 	    -1.#IND00 
13100 	 9 	       78.170 	        0.000 	   0.60338 	   0.00000 	    0.006030 	    -1.#IND00 	    -1.#IND00 
13200 	 9 	       78.168 	        0.000 	   0.60339 	   0.00000 	    0.006030 	    -1.#IND00 	    -1.#IND00 
13300 	 9 	       78.167 	        0.000 	   0.60341 	   0.00000 	    0.006030 	    -1.#IND00 	    -1.#IND00 
13400 	 9 	       78.166 	        0.000 	   0.60342 	   0.00000 	    0.006030 	    -1.#IND00 	    -1.#IND00 
13500 	 9 	       78.165 	        0.000 	   0.60343 	   0.00000 	    0.006030 	    -1.#IND00 	    -1.#IND00 
13600 	 9 	       78.165 	        0.000 	   0.60344 	   0.00000 	    0.006030 	    -1.#IND00 	    -1.#IND00 
13700 	 9 	       78.164 	        0.000 	   0.60345 	   0.00000 	    0.006029 	    -1.#IND00 	    -1.#IND00 
13800 	 9 	       78.163 	        0.000 	   0.60346 	   0.00000 	    0.006029 	    -1.#IND00 	    -1.#IND00 
13900 	 9 	       78.162 	        0.000 	   0.60347 	   0.00000 	    0.006029 	    -1.#IND00 	    -1.#IND00 
14000 	 9 	       78.329 	        0.000 	   0.60348 	   0.00000 	    0.006027 	    -1.#IND00 	    -1.#IND00 
14100 	 9 	       78.324 	        0.000 	   0.60350 	   0.00000 	    0.006027 	    -1.#IND00 	    -1.#IND00 
14200 	 9 	       78.322 	        0.000 	   0.60351 	   0.00000 	    0.006027 	    -1.#IND00 	    -1.#IND00 
14300 	 9 	       78.321 	        0.000 	   0.60352 	   0.00000 	    0.006027 	    -1.#IND00 	    -1.#IND00 
14400 	 9 	       78.320 	        0.000 	   0.60353 	   0.00000 	    0.006027 	    -1.#IND00 	    -1.#IND00 
14500 	 9 	       78.319 	        0.000 	   0.60354 	   0.00000 	    0.006026 	    -1.#IND00 	    -1.#IND00 
14600 	 9 	       78.319 	        0.000 	   0.60355 	   0.00000 	    0.006026 	    -1.#IND00 	    -1.#IND00 
14700 	 9 	       78.318 	        0.000 	   0.60356 	   0.00000 	    0.006026 	    -1.#IND00 	    -1.#IND00 
14800 	 9 	       78.317 	        0.000 	   0.60358 	   0.00000 	    0.006026 	    -1.#IND00 	    -1.#IND00 
14900 	 9 	       78.316 	        0.000 	   0.60359 	   0.00000 	    0.006026 	    -1.#IND00 	    -1.#IND00 
15000 	 9 	       78.466 	        0.000 	   0.60359 	   0.00000 	    0.006024 	    -1.#IND00 	    -1.#IND00 
15100 	 9 	       78.462 	        0.000 	   0.60361 	   0.00000 	    0.006024 	    -1.#IND00 	    -1.#IND00 
15200 	 9 	       78.460 	        0.000 	   0.60362 	   0.00000 	    0.006024 	    -1.#IND00 	    -1.#IND00 
15300 	 9 	       78.459 	        0.000 	   0.60363 	   0.00000 	    0.006024 	    -1.#IND00 	    -1.#IND00 
15400 	 9 	       78.458 	        0.000 	   0.60364 	   0.00000 	    0.006024 	    -1.#IND00 	    -1.#IND00 
15500 	 9 	       78.458 	        0.000 	   0.60365 	   0.00000 	    0.006024 	    -1.#IND00 	    -1.#IND00 
15600 	 9 	       78.457 	        0.000 	   0.60366 	   0.00000 	    0.006023 	    -1.#IND00 	    -1.#IND00 
15700 	 9 	       78.456 	        0.000 	   0.60367 	   0.00000 	    0.006023 	    -1.#IND00 	    -1.#IND00 
15800 	 9 	       78.455 	        0.000 	   0.60368 	   0.00000 	    0.006023 	    -1.#IND00 	    -1.#IND00 
15900 	 9 	       78.455 	        0.000 	   0.60369 	   0.00000 	    0.006023 	    -1.#IND00 	    -1.#IND00 
16000 	 9 	       78.590 	        0.000 	   0.60370 	   0.00000 	    0.006022 	    -1.#IND00 	    -1.#IND00 
16100 	 9 	       78.587 	        0.000 	   0.60371 	   0.00000 	    0.006022 	    -1.#IND00 	    -1.#IND00 
16200 	 9 	       78.586 	        0.000 	   0.60372 	   0.00000 	    0.006021 	    -1.#IND00 	    -1.#IND00 
16300 	 9 	       78.585 	        0.000 	   0.60373 	   0.00000 	    0.006021 	    -1.#IND00 	    -1.#IND00 
16400 	 9 	       78.584 	        0.000 	   0.60374 	   0.00000 	    0.006021 	    -1.#IND00 	    -1.#IND00 
16500 	 9 	       78.583 	        0.000 	   0.60375 	   0.00000 	    0.006021 	    -1.#IND00 	    -1.#IND00 
16600 	 9 	       78.583 	        0.000 	   0.60376 	   0.00000 	    0.006021 	    -1.#IND00 	    -1.#IND00 
16700 	 9 	       78.582 	        0.000 	   0.60377 	   0.00000 	    0.006021 	    -1.#IND00 	    -1.#IND00 
16800 	 9 	       78.582 	        0.000 	   0.60378 	   0.00000 	    0.006021 	    -1.#IND00 	    -1.#IND00 
16900 	 9 	       78.581 	        0.000 	   0.60378 	   0.00000 	    0.006020 	    -1.#IND00 	    -1.#IND00 
17000 	 9 	       78.704 	        0.000 	   0.60379 	   0.00000 	    0.006019 	    -1.#IND00 	    -1.#IND00 
17100 	 9 	       78.702 	        0.000 	   0.60380 	   0.00000 	    0.006019 	    -1.#IND00 	    -1.#IND00 
17200 	 9 	       78.701 	        0.000 	   0.60381 	   0.00000 	    0.006019 	    -1.#IND00 	    -1.#IND00 
17300 	 9 	       78.700 	        0.000 	   0.60382 	   0.00000 	    0.006019 	    -1.#IND00 	    -1.#IND00 
17400 	 9 	       78.700 	        0.000 	   0.60383 	   0.00000 	    0.006019 	    -1.#IND00 	    -1.#IND00 
17500 	 9 	       78.699 	        0.000 	   0.60384 	   0.00000 	    0.006019 	    -1.#IND00 	    -1.#IND00 
17600 	 9 	       78.698 	        0.000 	   0.60385 	   0.00000 	    0.006018 	    -1.#IND00 	    -1.#IND00 
17700 	 9 	       78.698 	        0.000 	   0.60386 	   0.00000 	    0.006018 	    -1.#IND00 	    -1.#IND00 
17800 	 9 	       78.697 	        0.000 	   0.60387 	   0.00000 	    0.006018 	    -1.#IND00 	    -1.#IND00 
17900 	 9 	       78.697 	        0.000 	   0.60387 	   0.00000 	    0.006018 	    -1.#IND00 	    -1.#IND00 
18000 	 9 	       78.809 	        0.000 	   0.60388 	   0.00000 	    0.006017 	    -1.#IND00 	    -1.#IND00 
18100 	 9 	       78.808 	        0.000 	   0.60389 	   0.00000 	    0.006017 	    -1.#IND00 	    -1.#IND00 
18200 	 9 	       78.807 	        0.000 	   0.60390 	   0.00000 	    0.006017 	    -1.#IND00 	    -1.#IND00 
18300 	 9 	       78.806 	        0.000 	   0.60391 	   0.00000 	    0.006017 	    -1.#IND00 	    -1.#IND00 
18400 	 9 	       78.806 	        0.000 	   0.60392 	   0.00000 	    0.006017 	    -1.#IND00 	    -1.#IND00 
18500 	 9 	       78.805 	        0.000 	   0.60393 	   0.00000 	    0.006016 	    -1.#IND00 	    -1.#IND00 
18600 	 9 	       78.804 	        0.000 	   0.60393 	   0.00000 	    0.006016 	    -1.#IND00 	    -1.#IND00 
18700 	 9 	       78.804 	        0.000 	   0.60394 	   0.00000 	    0.006016 	    -1.#IND00 	    -1.#IND00 
18800 	 9 	       78.803 	        0.000 	   0.60395 	   0.00000 	    0.006016 	    -1.#IND00 	    -1.#IND00 
18900 	 9 	       78.803 	        0.000 	   0.60396 	   0.00000 	    0.006016 	    -1.#IND00 	    -1.#IND00 
19000 	 9 	       78.906 	        0.000 	   0.60396 	   0.00000 	    0.006015 	    -1.#IND00 	    -1.#IND00 
19100 	 9 	       78.906 	        0.000 	   0.60398 	   0.00000 	    0.006015 	    -1.#IND00 	    -1.#IND00 
19200 	 9 	       78.905 	        0.000 	   0.60398 	   0.00000 	    0.006015 	    -1.#IND00 	    -1.#IND00 
19300 	 9 	       78.904 	        0.000 	   0.60399 	   0.00000 	    0.006015 	    -1.#IND00 	    -1.#IND00 
19400 	 9 	       78.903 	        0.000 	   0.60400 	   0.00000 	    0.006015 	    -1.#IND00 	    -1.#IND00 
19500 	 9 	       78.903 	        0.000 	   0.60401 	   0.00000 	    0.006014 	    -1.#IND00 	    -1.#IND00 
19600 	 9 	       78.902 	        0.000 	   0.60401 	   0.00000 	    0.006014 	    -1.#IND00 	    -1.#IND00 
19700 	 9 	       78.902 	        0.000 	   0.60402 	   0.00000 	    0.006014 	    -1.#IND00 	    -1.#IND00 
19800 	 9 	       78.901 	        0.000 	   0.60403 	   0.00000 	    0.006014 	    -1.#IND00 	    -1.#IND00 
19900 	 9 	       78.900 	        0.000 	   0.60404 	   0.00000 	    0.006014 	    -1.#IND00 	    -1.#IND00 
