  1.3084e+001  4.8140e+000 -7.4890e+000  2.3445e+000 -5.0865e+000
 -2.9744e+000  1.4831e+000 -7.3404e-001 -2.5669e+000
  1.7596e+000
 -1.64993312e+001 -1.64993313e+001  -1.64993316e+001 2.46715893e+000 2.46715884e+000  2.46715826e+000 1.05377069e+001 1.05377069e+001  1.05377069e+001 2.39686836e+000 2.39686611e+000  2.39686029e+000 5.54674728e+000 5.54674725e+000  5.54674716e+000
 -2.62117167e+001 -2.62117183e+001  -2.62117252e+001 -2.56637111e-001 -2.56637460e-001  -2.56639599e-001 9.56623703e+000 9.56623703e+000  9.56623704e+000 -7.59197493e+000 -7.59197523e+000  -7.59197636e+000
 -7.16826584e+000 -7.16826584e+000  -7.16826584e+000 -7.23353993e-001 -7.23353993e-001  -7.23353993e-001 1.02822076e+001 1.02822076e+001  1.02822076e+001 -1.70036277e+000 -1.70036277e+000  -1.70036277e+000 2.50379087e+000 2.50379087e+000  2.50379087e+000
 -4.41379666e+000 -4.41379666e+000  -4.41379666e+000 1.73871862e+000 1.73871862e+000  1.73871862e+000 7.23502092e+000 7.23502092e+000  7.23502092e+000 -3.48043330e+000 -3.48043330e+000  -3.48043330e+000
 1.35723440e+001 1.35723431e+001  1.35723402e+001 7.76423325e+000 7.76423241e+000  7.76422700e+000 -1.17031671e+001 -1.17031672e+001  -1.17031672e+001 3.92195539e+000 3.92193448e+000  3.92188052e+000 -4.01986925e-001 -4.01987210e-001  -4.01988012e-001
 -2.96430676e+000 -2.96432245e+000  -2.96438582e+000 -6.76044925e-001 -6.76048162e-001  -6.76068022e-001 3.63753112e-001 3.63753119e-001  3.63753179e-001 1.37980068e+000 1.37979796e+000  1.37978744e+000
 -1.18633433e+000 -1.18633433e+000  -1.18633433e+000 -3.22918407e+000 -3.22918407e+000  -3.22918407e+000 -2.15046447e+000 -2.15046447e+000  -2.15046447e+000 3.42776388e-001 3.42776388e-001  3.42776388e-001 4.82673959e-002 4.82673959e-002  4.82673959e-002
 -3.73384188e+000 -3.73384188e+000  -3.73384188e+000 2.91807221e+000 2.91807221e+000  2.91807221e+000 1.23560586e+000 1.23560586e+000  1.23560586e+000 -2.08080181e+000 -2.08080181e+000  -2.08080181e+000
 6.31253156e+000 6.31253156e+000  6.31253156e+000 2.10818682e+000 2.10818682e+000  2.10818682e+000 4.02242355e+000 4.02242355e+000  4.02242355e+000 -1.40785523e+000 -1.40785523e+000  -1.40785523e+000 -6.16835637e+000 -6.16835637e+000  -6.16835637e+000
 1.53880186e+000 1.53880186e+000  1.53880186e+000 -5.31746026e-001 -5.31746026e-001  -5.31746026e-001 -3.87182968e+000 -3.87182968e+000  -3.87182968e+000 -2.64087627e+000 -2.64087627e+000  -2.64087627e+000
 4.55139836e+000 4.55139836e+000  4.55139836e+000 5.87266231e+000 5.87266231e+000  5.87266231e+000 8.19681996e+000 8.19681996e+000  8.19681996e+000 -2.23981605e+000 -2.23981605e+000  -2.23981605e+000 -2.17239069e+000 -2.17239069e+000  -2.17239069e+000
 2.10424528e-001 2.10424528e-001  2.10424528e-001 -6.77138820e-001 -6.77138820e-001  -6.77138820e-001 -6.92342603e-001 -6.92342603e-001  -6.92342603e-001 -2.19179749e+000 -2.19179749e+000  -2.19179749e+000
 -3.29997229e+001 -3.29997235e+001  -3.29997253e+001 -2.81751751e+001 -2.81751756e+001  -2.81751789e+001 -9.29328885e+000 -9.29328889e+000  -9.29328891e+000 -4.05791860e+000 -4.05793177e+000  -4.05796498e+000 1.21492545e+000 1.21492527e+000  1.21492477e+000
 1.52967946e+001 1.52967847e+001  1.52967457e+001 -3.06961778e+000 -3.06961982e+000  -3.06963204e+000 -1.09803027e+001 -1.09803027e+001  -1.09803027e+001 1.96020056e+000 1.96019885e+000  1.96019237e+000
 -2.47472554e-001 -2.47473224e-001  -2.47475117e-001 -5.25180998e-001 -5.25181597e-001  -5.25185166e-001 1.40002594e+001 1.40002593e+001  1.40002593e+001 -3.37732409e+000 -3.37733914e+000  -3.37737476e+000 1.43107589e+000 1.43107569e+000  1.43107516e+000
 1.96693895e+000 1.96692769e+000  1.96688585e+000 -2.17852647e+000 -2.17852879e+000  -2.17854190e+000 -2.57260199e+000 -2.57260198e+000  -2.57260194e+000 -6.31000727e-001 -6.31002684e-001  -6.31009626e-001
 3.68916333e+000 3.68916276e+000  3.68916120e+000 -1.61925473e+000 -1.61925523e+000  -1.61925818e+000 1.52806818e+001 1.52806818e+001  1.52806818e+001 -8.24489744e+000 -8.24491025e+000  -8.24493965e+000 3.36941897e+000 3.36941880e+000  3.36941836e+000
 3.04411902e+000 3.04410943e+000  3.04407491e+000 -4.80195884e+000 -4.80196081e+000  -4.80197163e+000 -6.86968948e+000 -6.86968948e+000  -6.86968945e+000 2.66622339e-001 2.66620674e-001  2.66614945e-001
 7.97192020e+000 7.97192020e+000  7.97192020e+000 2.29744921e+000 2.29744921e+000  2.29744921e+000 -3.00867997e+000 -3.00867997e+000  -3.00867997e+000 -4.65894817e+000 -4.65894817e+000  -4.65894817e+000 4.32313841e+000 4.32313841e+000  4.32313841e+000
 1.74786117e+000 1.74786117e+000  1.74786117e+000 -3.93784660e-001 -3.93784660e-001  -3.93784660e-001 -2.33591325e+000 -2.33591325e+000  -2.33591325e+000 -1.41593315e+000 -1.41593315e+000  -1.41593315e+000
 1.46768270e+001 1.46768270e+001  1.46768270e+001 7.44930315e-001 7.44930315e-001  7.44930315e-001 -5.06270453e-001 -5.06270453e-001  -5.06270453e-001 -5.60165591e-001 -5.60165591e-001  -5.60165591e-001 -1.31479406e+000 -1.31479406e+000  -1.31479406e+000
 1.02524777e+000 1.02524777e+000  1.02524777e+000 -3.45640803e-001 -3.45640803e-001  -3.45640803e-001 -4.49123793e+000 -4.49123793e+000  -4.49123793e+000 3.00769400e+000 3.00769400e+000  3.00769400e+000
 -1.96037604e+000 -1.96037604e+000  -1.96037604e+000 1.92640283e+000 1.92640283e+000  1.92640283e+000 -2.82925707e+000 -2.82925707e+000  -2.82925707e+000 4.14786147e+000 4.14786147e+000  4.14786147e+000 -4.52378599e+000 -4.52378599e+000  -4.52378599e+000
 -3.71041236e+000 -3.71041236e+000  -3.71041236e+000 1.44279682e+000 1.44279682e+000  1.44279682e+000 2.57353444e+000 2.57353444e+000  2.57353444e+000 -2.61014375e+000 -2.61014375e+000  -2.61014375e+000
 -1.85606081e+000 -1.85606175e+000  -1.85606461e+000 1.87485589e+000 1.87485505e+000  1.87484964e+000 -3.21996518e+000 -3.21996523e+000  -3.21996527e+000 4.26179737e+000 4.26177646e+000  4.26172250e+000 -4.60633258e+000 -4.60633287e+000  -4.60633367e+000
 -3.75510854e+000 -3.75512424e+000  -3.75518760e+000 1.54047786e+000 1.54047463e+000  1.54045477e+000 2.58134716e+000 2.58134717e+000  2.58134723e+000 -2.32349449e+000 -2.32349721e+000  -2.32350773e+000
 -1.47758683e+000 -1.47753874e+000 -1.47735110e+000
 -1.39820973e+000 -1.39820912e+000 -1.39820517e+000
 -2.42910388e+000 -2.42910386e+000 -2.42910385e+000
 -1.99175257e+000 -1.99171938e+000 -1.99156253e+000
 -1.66316872e+000 -1.66316855e+000 -1.66316806e+000
 -1.34403217e+000 -1.34400317e+000 -1.34391527e+000
 -4.14055088e+000 -4.14055008e+000 -4.14054516e+000
 2.45800078e+000 2.45800078e+000 2.45800081e+000
 -1.76329473e+000 -1.76329313e+000 -1.76328697e+000
