 Normalized SSE per output and pattern 
Itr 	 HN 	 MARE-tr 	 MARE-ts 	 R2tr 	 R2ts 	 SSENtr 	 SSENts	 SSENcomb
100 	 8 	       53.396 	        0.000 	   0.41196 	   0.00000 	    0.065773 	    -1.#IND00 	    -1.#IND00 
200 	 8 	       53.523 	        0.000 	   0.43143 	   0.00000 	    0.059282 	    -1.#IND00 	    -1.#IND00 
300 	 8 	       52.821 	        0.000 	   0.46416 	   0.00000 	    0.054152 	    -1.#IND00 	    -1.#IND00 
400 	 8 	       51.824 	        0.000 	   0.49607 	   0.00000 	    0.049735 	    -1.#IND00 	    -1.#IND00 
500 	 8 	       52.235 	        0.000 	   0.48677 	   0.00000 	    0.050745 	    -1.#IND00 	    -1.#IND00 
600 	 8 	       55.085 	        0.000 	   0.39100 	   0.00000 	    0.064501 	    -1.#IND00 	    -1.#IND00 
700 	 8 	       56.508 	        0.000 	   0.29777 	   0.00000 	    0.069868 	    -1.#IND00 	    -1.#IND00 
800 	 8 	       53.385 	        0.000 	   0.37269 	   0.00000 	    0.073085 	    -1.#IND00 	    -1.#IND00 
900 	 8 	       55.152 	        0.000 	   0.28892 	   0.00000 	    0.080501 	    -1.#IND00 	    -1.#IND00 
1000 	 8 	       44.706 	        0.000 	   0.67771 	   0.00000 	    0.028460 	    -1.#IND00 	    -1.#IND00 
1100 	 8 	       44.785 	        0.000 	   0.68544 	   0.00000 	    0.032471 	    -1.#IND00 	    -1.#IND00 
1200 	 8 	       44.865 	        0.000 	   0.70564 	   0.00000 	    0.033255 	    -1.#IND00 	    -1.#IND00 
1300 	 8 	       43.991 	        0.000 	   0.72880 	   0.00000 	    0.028887 	    -1.#IND00 	    -1.#IND00 
1400 	 8 	       43.539 	        0.000 	   0.73901 	   0.00000 	    0.029757 	    -1.#IND00 	    -1.#IND00 
1500 	 8 	       43.068 	        0.000 	   0.74192 	   0.00000 	    0.028907 	    -1.#IND00 	    -1.#IND00 
1600 	 8 	       42.332 	        0.000 	   0.74913 	   0.00000 	    0.026319 	    -1.#IND00 	    -1.#IND00 
1700 	 8 	       42.138 	        0.000 	   0.75191 	   0.00000 	    0.025557 	    -1.#IND00 	    -1.#IND00 
1800 	 8 	       42.057 	        0.000 	   0.75355 	   0.00000 	    0.024816 	    -1.#IND00 	    -1.#IND00 
1900 	 8 	       41.705 	        0.000 	   0.75580 	   0.00000 	    0.024492 	    -1.#IND00 	    -1.#IND00 
2000 	 8 	       39.979 	        0.000 	   0.78828 	   0.00000 	    0.017678 	    -1.#IND00 	    -1.#IND00 
2100 	 8 	       39.796 	        0.000 	   0.79770 	   0.00000 	    0.018760 	    -1.#IND00 	    -1.#IND00 
2200 	 8 	       39.580 	        0.000 	   0.79960 	   0.00000 	    0.018741 	    -1.#IND00 	    -1.#IND00 
2300 	 8 	       39.468 	        0.000 	   0.80078 	   0.00000 	    0.018726 	    -1.#IND00 	    -1.#IND00 
2400 	 8 	       39.575 	        0.000 	   0.79980 	   0.00000 	    0.019354 	    -1.#IND00 	    -1.#IND00 
2500 	 8 	       39.756 	        0.000 	   0.79750 	   0.00000 	    0.019910 	    -1.#IND00 	    -1.#IND00 
2600 	 8 	       39.955 	        0.000 	   0.79450 	   0.00000 	    0.020570 	    -1.#IND00 	    -1.#IND00 
2700 	 8 	       40.025 	        0.000 	   0.79240 	   0.00000 	    0.020930 	    -1.#IND00 	    -1.#IND00 
2800 	 8 	       40.046 	        0.000 	   0.79155 	   0.00000 	    0.021036 	    -1.#IND00 	    -1.#IND00 
2900 	 8 	       40.298 	        0.000 	   0.79040 	   0.00000 	    0.020831 	    -1.#IND00 	    -1.#IND00 
3000 	 8 	       39.103 	        0.000 	   0.80390 	   0.00000 	    0.017427 	    -1.#IND00 	    -1.#IND00 
3100 	 8 	       38.997 	        0.000 	   0.80483 	   0.00000 	    0.017626 	    -1.#IND00 	    -1.#IND00 
3200 	 8 	       39.010 	        0.000 	   0.80337 	   0.00000 	    0.018141 	    -1.#IND00 	    -1.#IND00 
3300 	 8 	       39.140 	        0.000 	   0.80139 	   0.00000 	    0.018545 	    -1.#IND00 	    -1.#IND00 
3400 	 8 	       39.233 	        0.000 	   0.80021 	   0.00000 	    0.018784 	    -1.#IND00 	    -1.#IND00 
3500 	 8 	       39.253 	        0.000 	   0.80023 	   0.00000 	    0.018774 	    -1.#IND00 	    -1.#IND00 
3600 	 8 	       39.184 	        0.000 	   0.80241 	   0.00000 	    0.018293 	    -1.#IND00 	    -1.#IND00 
3700 	 8 	       39.158 	        0.000 	   0.80413 	   0.00000 	    0.017995 	    -1.#IND00 	    -1.#IND00 
3800 	 8 	       39.153 	        0.000 	   0.80514 	   0.00000 	    0.017877 	    -1.#IND00 	    -1.#IND00 
3900 	 8 	       39.161 	        0.000 	   0.80722 	   0.00000 	    0.017753 	    -1.#IND00 	    -1.#IND00 
4000 	 8 	       38.531 	        0.000 	   0.81678 	   0.00000 	    0.016093 	    -1.#IND00 	    -1.#IND00 
4100 	 8 	       38.470 	        0.000 	   0.81931 	   0.00000 	    0.015979 	    -1.#IND00 	    -1.#IND00 
4200 	 8 	       38.472 	        0.000 	   0.81985 	   0.00000 	    0.015942 	    -1.#IND00 	    -1.#IND00 
4300 	 8 	       38.471 	        0.000 	   0.82023 	   0.00000 	    0.015924 	    -1.#IND00 	    -1.#IND00 
4400 	 8 	       38.467 	        0.000 	   0.82054 	   0.00000 	    0.015911 	    -1.#IND00 	    -1.#IND00 
4500 	 8 	       38.458 	        0.000 	   0.82082 	   0.00000 	    0.015899 	    -1.#IND00 	    -1.#IND00 
4600 	 8 	       38.448 	        0.000 	   0.82108 	   0.00000 	    0.015887 	    -1.#IND00 	    -1.#IND00 
4700 	 8 	       38.436 	        0.000 	   0.82131 	   0.00000 	    0.015874 	    -1.#IND00 	    -1.#IND00 
4800 	 8 	       38.422 	        0.000 	   0.82153 	   0.00000 	    0.015862 	    -1.#IND00 	    -1.#IND00 
4900 	 8 	       38.407 	        0.000 	   0.82174 	   0.00000 	    0.015850 	    -1.#IND00 	    -1.#IND00 
5000 	 8 	       38.127 	        0.000 	   0.82445 	   0.00000 	    0.014993 	    -1.#IND00 	    -1.#IND00 
5100 	 8 	       38.063 	        0.000 	   0.82605 	   0.00000 	    0.014918 	    -1.#IND00 	    -1.#IND00 
5200 	 8 	       38.058 	        0.000 	   0.82631 	   0.00000 	    0.014893 	    -1.#IND00 	    -1.#IND00 
5300 	 8 	       38.051 	        0.000 	   0.82647 	   0.00000 	    0.014880 	    -1.#IND00 	    -1.#IND00 
5400 	 8 	       38.043 	        0.000 	   0.82659 	   0.00000 	    0.014870 	    -1.#IND00 	    -1.#IND00 
5500 	 8 	       38.034 	        0.000 	   0.82671 	   0.00000 	    0.014862 	    -1.#IND00 	    -1.#IND00 
5600 	 8 	       38.024 	        0.000 	   0.82682 	   0.00000 	    0.014854 	    -1.#IND00 	    -1.#IND00 
5700 	 8 	       38.014 	        0.000 	   0.82692 	   0.00000 	    0.014847 	    -1.#IND00 	    -1.#IND00 
5800 	 8 	       38.003 	        0.000 	   0.82702 	   0.00000 	    0.014840 	    -1.#IND00 	    -1.#IND00 
5900 	 8 	       37.992 	        0.000 	   0.82712 	   0.00000 	    0.014833 	    -1.#IND00 	    -1.#IND00 
6000 	 8 	       37.860 	        0.000 	   0.82849 	   0.00000 	    0.014355 	    -1.#IND00 	    -1.#IND00 
6100 	 8 	       37.797 	        0.000 	   0.82976 	   0.00000 	    0.014289 	    -1.#IND00 	    -1.#IND00 
6200 	 8 	       37.796 	        0.000 	   0.82994 	   0.00000 	    0.014272 	    -1.#IND00 	    -1.#IND00 
6300 	 8 	       37.793 	        0.000 	   0.83003 	   0.00000 	    0.014265 	    -1.#IND00 	    -1.#IND00 
6400 	 8 	       37.788 	        0.000 	   0.83011 	   0.00000 	    0.014260 	    -1.#IND00 	    -1.#IND00 
6500 	 8 	       37.783 	        0.000 	   0.83018 	   0.00000 	    0.014256 	    -1.#IND00 	    -1.#IND00 
6600 	 8 	       37.777 	        0.000 	   0.83024 	   0.00000 	    0.014252 	    -1.#IND00 	    -1.#IND00 
6700 	 8 	       37.770 	        0.000 	   0.83030 	   0.00000 	    0.014248 	    -1.#IND00 	    -1.#IND00 
6800 	 8 	       37.762 	        0.000 	   0.83036 	   0.00000 	    0.014244 	    -1.#IND00 	    -1.#IND00 
6900 	 8 	       37.755 	        0.000 	   0.83042 	   0.00000 	    0.014240 	    -1.#IND00 	    -1.#IND00 
7000 	 8 	       37.700 	        0.000 	   0.83125 	   0.00000 	    0.013943 	    -1.#IND00 	    -1.#IND00 
7100 	 8 	       37.654 	        0.000 	   0.83229 	   0.00000 	    0.013886 	    -1.#IND00 	    -1.#IND00 
7200 	 8 	       37.653 	        0.000 	   0.83245 	   0.00000 	    0.013874 	    -1.#IND00 	    -1.#IND00 
7300 	 8 	       37.651 	        0.000 	   0.83253 	   0.00000 	    0.013868 	    -1.#IND00 	    -1.#IND00 
7400 	 8 	       37.646 	        0.000 	   0.83260 	   0.00000 	    0.013865 	    -1.#IND00 	    -1.#IND00 
7500 	 8 	       37.639 	        0.000 	   0.83267 	   0.00000 	    0.013861 	    -1.#IND00 	    -1.#IND00 
7600 	 8 	       37.631 	        0.000 	   0.83274 	   0.00000 	    0.013857 	    -1.#IND00 	    -1.#IND00 
7700 	 8 	       37.622 	        0.000 	   0.83281 	   0.00000 	    0.013852 	    -1.#IND00 	    -1.#IND00 
7800 	 8 	       37.611 	        0.000 	   0.83289 	   0.00000 	    0.013848 	    -1.#IND00 	    -1.#IND00 
7900 	 8 	       37.600 	        0.000 	   0.83297 	   0.00000 	    0.013842 	    -1.#IND00 	    -1.#IND00 
8000 	 8 	       37.582 	        0.000 	   0.83358 	   0.00000 	    0.013639 	    -1.#IND00 	    -1.#IND00 
8100 	 8 	       37.542 	        0.000 	   0.83452 	   0.00000 	    0.013583 	    -1.#IND00 	    -1.#IND00 
8200 	 8 	       37.532 	        0.000 	   0.83470 	   0.00000 	    0.013570 	    -1.#IND00 	    -1.#IND00 
8300 	 8 	       37.522 	        0.000 	   0.83480 	   0.00000 	    0.013565 	    -1.#IND00 	    -1.#IND00 
8400 	 8 	       37.515 	        0.000 	   0.83486 	   0.00000 	    0.013561 	    -1.#IND00 	    -1.#IND00 
8500 	 8 	       37.509 	        0.000 	   0.83490 	   0.00000 	    0.013560 	    -1.#IND00 	    -1.#IND00 
8600 	 8 	       37.503 	        0.000 	   0.83493 	   0.00000 	    0.013558 	    -1.#IND00 	    -1.#IND00 
8700 	 8 	       37.496 	        0.000 	   0.83495 	   0.00000 	    0.013557 	    -1.#IND00 	    -1.#IND00 
8800 	 8 	       37.490 	        0.000 	   0.83497 	   0.00000 	    0.013556 	    -1.#IND00 	    -1.#IND00 
8900 	 8 	       37.485 	        0.000 	   0.83499 	   0.00000 	    0.013556 	    -1.#IND00 	    -1.#IND00 
9000 	 8 	       37.484 	        0.000 	   0.83538 	   0.00000 	    0.013412 	    -1.#IND00 	    -1.#IND00 
9100 	 8 	       37.448 	        0.000 	   0.83613 	   0.00000 	    0.013366 	    -1.#IND00 	    -1.#IND00 
9200 	 8 	       37.448 	        0.000 	   0.83620 	   0.00000 	    0.013362 	    -1.#IND00 	    -1.#IND00 
9300 	 8 	       37.449 	        0.000 	   0.83622 	   0.00000 	    0.013362 	    -1.#IND00 	    -1.#IND00 
9400 	 8 	       37.450 	        0.000 	   0.83623 	   0.00000 	    0.013363 	    -1.#IND00 	    -1.#IND00 
9500 	 8 	       37.449 	        0.000 	   0.83623 	   0.00000 	    0.013363 	    -1.#IND00 	    -1.#IND00 
9600 	 8 	       37.448 	        0.000 	   0.83624 	   0.00000 	    0.013363 	    -1.#IND00 	    -1.#IND00 
9700 	 8 	       37.446 	        0.000 	   0.83625 	   0.00000 	    0.013362 	    -1.#IND00 	    -1.#IND00 
9800 	 8 	       37.443 	        0.000 	   0.83625 	   0.00000 	    0.013361 	    -1.#IND00 	    -1.#IND00 
9900 	 8 	       37.439 	        0.000 	   0.83626 	   0.00000 	    0.013359 	    -1.#IND00 	    -1.#IND00 
10000 	 8 	       37.446 	        0.000 	   0.83658 	   0.00000 	    0.013244 	    -1.#IND00 	    -1.#IND00 
10100 	 8 	       37.417 	        0.000 	   0.83719 	   0.00000 	    0.013204 	    -1.#IND00 	    -1.#IND00 
10200 	 8 	       37.420 	        0.000 	   0.83725 	   0.00000 	    0.013199 	    -1.#IND00 	    -1.#IND00 
10300 	 8 	       37.422 	        0.000 	   0.83728 	   0.00000 	    0.013197 	    -1.#IND00 	    -1.#IND00 
10400 	 8 	       37.422 	        0.000 	   0.83730 	   0.00000 	    0.013196 	    -1.#IND00 	    -1.#IND00 
10500 	 8 	       37.420 	        0.000 	   0.83731 	   0.00000 	    0.013195 	    -1.#IND00 	    -1.#IND00 
10600 	 8 	       37.417 	        0.000 	   0.83732 	   0.00000 	    0.013194 	    -1.#IND00 	    -1.#IND00 
10700 	 8 	       37.414 	        0.000 	   0.83733 	   0.00000 	    0.013192 	    -1.#IND00 	    -1.#IND00 
10800 	 8 	       37.410 	        0.000 	   0.83734 	   0.00000 	    0.013190 	    -1.#IND00 	    -1.#IND00 
10900 	 8 	       37.405 	        0.000 	   0.83735 	   0.00000 	    0.013188 	    -1.#IND00 	    -1.#IND00 
11000 	 8 	       37.413 	        0.000 	   0.83761 	   0.00000 	    0.013098 	    -1.#IND00 	    -1.#IND00 
11100 	 8 	       37.391 	        0.000 	   0.83811 	   0.00000 	    0.013064 	    -1.#IND00 	    -1.#IND00 
11200 	 8 	       37.394 	        0.000 	   0.83816 	   0.00000 	    0.013060 	    -1.#IND00 	    -1.#IND00 
11300 	 8 	       37.395 	        0.000 	   0.83819 	   0.00000 	    0.013058 	    -1.#IND00 	    -1.#IND00 
11400 	 8 	       37.393 	        0.000 	   0.83821 	   0.00000 	    0.013057 	    -1.#IND00 	    -1.#IND00 
11500 	 8 	       37.389 	        0.000 	   0.83823 	   0.00000 	    0.013056 	    -1.#IND00 	    -1.#IND00 
11600 	 8 	       37.384 	        0.000 	   0.83824 	   0.00000 	    0.013054 	    -1.#IND00 	    -1.#IND00 
11700 	 8 	       37.378 	        0.000 	   0.83825 	   0.00000 	    0.013052 	    -1.#IND00 	    -1.#IND00 
11800 	 8 	       37.372 	        0.000 	   0.83826 	   0.00000 	    0.013050 	    -1.#IND00 	    -1.#IND00 
11900 	 8 	       37.365 	        0.000 	   0.83827 	   0.00000 	    0.013048 	    -1.#IND00 	    -1.#IND00 
12000 	 8 	       37.373 	        0.000 	   0.83849 	   0.00000 	    0.012976 	    -1.#IND00 	    -1.#IND00 
12100 	 8 	       37.357 	        0.000 	   0.83891 	   0.00000 	    0.012947 	    -1.#IND00 	    -1.#IND00 
12200 	 8 	       37.358 	        0.000 	   0.83896 	   0.00000 	    0.012943 	    -1.#IND00 	    -1.#IND00 
12300 	 8 	       37.355 	        0.000 	   0.83899 	   0.00000 	    0.012941 	    -1.#IND00 	    -1.#IND00 
12400 	 8 	       37.350 	        0.000 	   0.83902 	   0.00000 	    0.012939 	    -1.#IND00 	    -1.#IND00 
12500 	 8 	       37.344 	        0.000 	   0.83904 	   0.00000 	    0.012937 	    -1.#IND00 	    -1.#IND00 
12600 	 8 	       37.336 	        0.000 	   0.83906 	   0.00000 	    0.012934 	    -1.#IND00 	    -1.#IND00 
12700 	 8 	       37.328 	        0.000 	   0.83908 	   0.00000 	    0.012932 	    -1.#IND00 	    -1.#IND00 
12800 	 8 	       37.319 	        0.000 	   0.83910 	   0.00000 	    0.012930 	    -1.#IND00 	    -1.#IND00 
12900 	 8 	       37.309 	        0.000 	   0.83911 	   0.00000 	    0.012927 	    -1.#IND00 	    -1.#IND00 
13000 	 8 	       37.316 	        0.000 	   0.83931 	   0.00000 	    0.012868 	    -1.#IND00 	    -1.#IND00 
13100 	 8 	       37.302 	        0.000 	   0.83966 	   0.00000 	    0.012842 	    -1.#IND00 	    -1.#IND00 
13200 	 8 	       37.302 	        0.000 	   0.83972 	   0.00000 	    0.012838 	    -1.#IND00 	    -1.#IND00 
13300 	 8 	       37.298 	        0.000 	   0.83976 	   0.00000 	    0.012835 	    -1.#IND00 	    -1.#IND00 
13400 	 8 	       37.293 	        0.000 	   0.83980 	   0.00000 	    0.012831 	    -1.#IND00 	    -1.#IND00 
13500 	 8 	       37.286 	        0.000 	   0.83984 	   0.00000 	    0.012828 	    -1.#IND00 	    -1.#IND00 
13600 	 8 	       37.277 	        0.000 	   0.83988 	   0.00000 	    0.012824 	    -1.#IND00 	    -1.#IND00 
13700 	 8 	       37.267 	        0.000 	   0.83992 	   0.00000 	    0.012821 	    -1.#IND00 	    -1.#IND00 
13800 	 8 	       37.256 	        0.000 	   0.83996 	   0.00000 	    0.012817 	    -1.#IND00 	    -1.#IND00 
13900 	 8 	       37.244 	        0.000 	   0.84000 	   0.00000 	    0.012812 	    -1.#IND00 	    -1.#IND00 
14000 	 8 	       37.248 	        0.000 	   0.84020 	   0.00000 	    0.012758 	    -1.#IND00 	    -1.#IND00 
14100 	 8 	       37.234 	        0.000 	   0.84054 	   0.00000 	    0.012731 	    -1.#IND00 	    -1.#IND00 
14200 	 8 	       37.231 	        0.000 	   0.84064 	   0.00000 	    0.012722 	    -1.#IND00 	    -1.#IND00 
14300 	 8 	       37.224 	        0.000 	   0.84075 	   0.00000 	    0.012709 	    -1.#IND00 	    -1.#IND00 
14400 	 8 	       37.213 	        0.000 	   0.84089 	   0.00000 	    0.012692 	    -1.#IND00 	    -1.#IND00 
14500 	 8 	       37.198 	        0.000 	   0.84103 	   0.00000 	    0.012669 	    -1.#IND00 	    -1.#IND00 
14600 	 8 	       37.194 	        0.000 	   0.84115 	   0.00000 	    0.012649 	    -1.#IND00 	    -1.#IND00 
14700 	 8 	       37.209 	        0.000 	   0.84121 	   0.00000 	    0.012641 	    -1.#IND00 	    -1.#IND00 
14800 	 8 	       37.236 	        0.000 	   0.84125 	   0.00000 	    0.012642 	    -1.#IND00 	    -1.#IND00 
14900 	 8 	       37.266 	        0.000 	   0.84130 	   0.00000 	    0.012649 	    -1.#IND00 	    -1.#IND00 
15000 	 8 	       37.309 	        0.000 	   0.84148 	   0.00000 	    0.012618 	    -1.#IND00 	    -1.#IND00 
15100 	 8 	       37.337 	        0.000 	   0.84175 	   0.00000 	    0.012615 	    -1.#IND00 	    -1.#IND00 
15200 	 8 	       37.366 	        0.000 	   0.84182 	   0.00000 	    0.012625 	    -1.#IND00 	    -1.#IND00 
15300 	 8 	       37.385 	        0.000 	   0.84188 	   0.00000 	    0.012635 	    -1.#IND00 	    -1.#IND00 
15400 	 8 	       37.397 	        0.000 	   0.84194 	   0.00000 	    0.012643 	    -1.#IND00 	    -1.#IND00 
15500 	 8 	       37.404 	        0.000 	   0.84201 	   0.00000 	    0.012650 	    -1.#IND00 	    -1.#IND00 
15600 	 8 	       37.406 	        0.000 	   0.84206 	   0.00000 	    0.012656 	    -1.#IND00 	    -1.#IND00 
15700 	 8 	       37.404 	        0.000 	   0.84212 	   0.00000 	    0.012661 	    -1.#IND00 	    -1.#IND00 
15800 	 8 	       37.398 	        0.000 	   0.84218 	   0.00000 	    0.012666 	    -1.#IND00 	    -1.#IND00 
15900 	 8 	       37.390 	        0.000 	   0.84224 	   0.00000 	    0.012671 	    -1.#IND00 	    -1.#IND00 
16000 	 8 	       37.392 	        0.000 	   0.84242 	   0.00000 	    0.012632 	    -1.#IND00 	    -1.#IND00 
16100 	 8 	       37.381 	        0.000 	   0.84266 	   0.00000 	    0.012620 	    -1.#IND00 	    -1.#IND00 
16200 	 8 	       37.372 	        0.000 	   0.84274 	   0.00000 	    0.012620 	    -1.#IND00 	    -1.#IND00 
16300 	 8 	       37.359 	        0.000 	   0.84282 	   0.00000 	    0.012621 	    -1.#IND00 	    -1.#IND00 
16400 	 8 	       37.344 	        0.000 	   0.84289 	   0.00000 	    0.012622 	    -1.#IND00 	    -1.#IND00 
16500 	 8 	       37.328 	        0.000 	   0.84296 	   0.00000 	    0.012623 	    -1.#IND00 	    -1.#IND00 
16600 	 8 	       37.311 	        0.000 	   0.84302 	   0.00000 	    0.012624 	    -1.#IND00 	    -1.#IND00 
16700 	 8 	       37.293 	        0.000 	   0.84308 	   0.00000 	    0.012626 	    -1.#IND00 	    -1.#IND00 
16800 	 8 	       37.274 	        0.000 	   0.84314 	   0.00000 	    0.012627 	    -1.#IND00 	    -1.#IND00 
16900 	 8 	       37.256 	        0.000 	   0.84320 	   0.00000 	    0.012628 	    -1.#IND00 	    -1.#IND00 
17000 	 8 	       37.246 	        0.000 	   0.84338 	   0.00000 	    0.012586 	    -1.#IND00 	    -1.#IND00 
17100 	 8 	       37.225 	        0.000 	   0.84360 	   0.00000 	    0.012571 	    -1.#IND00 	    -1.#IND00 
17200 	 8 	       37.209 	        0.000 	   0.84367 	   0.00000 	    0.012570 	    -1.#IND00 	    -1.#IND00 
17300 	 8 	       37.190 	        0.000 	   0.84374 	   0.00000 	    0.012570 	    -1.#IND00 	    -1.#IND00 
17400 	 8 	       37.172 	        0.000 	   0.84380 	   0.00000 	    0.012571 	    -1.#IND00 	    -1.#IND00 
17500 	 8 	       37.153 	        0.000 	   0.84385 	   0.00000 	    0.012572 	    -1.#IND00 	    -1.#IND00 
17600 	 8 	       37.135 	        0.000 	   0.84391 	   0.00000 	    0.012573 	    -1.#IND00 	    -1.#IND00 
17700 	 8 	       37.117 	        0.000 	   0.84396 	   0.00000 	    0.012575 	    -1.#IND00 	    -1.#IND00 
17800 	 8 	       37.100 	        0.000 	   0.84401 	   0.00000 	    0.012576 	    -1.#IND00 	    -1.#IND00 
17900 	 8 	       37.084 	        0.000 	   0.84406 	   0.00000 	    0.012577 	    -1.#IND00 	    -1.#IND00 
18000 	 8 	       37.076 	        0.000 	   0.84422 	   0.00000 	    0.012534 	    -1.#IND00 	    -1.#IND00 
18100 	 8 	       37.062 	        0.000 	   0.84441 	   0.00000 	    0.012519 	    -1.#IND00 	    -1.#IND00 
18200 	 8 	       37.058 	        0.000 	   0.84446 	   0.00000 	    0.012518 	    -1.#IND00 	    -1.#IND00 
18300 	 8 	       37.057 	        0.000 	   0.84451 	   0.00000 	    0.012520 	    -1.#IND00 	    -1.#IND00 
18400 	 8 	       37.060 	        0.000 	   0.84454 	   0.00000 	    0.012522 	    -1.#IND00 	    -1.#IND00 
18500 	 8 	       37.061 	        0.000 	   0.84457 	   0.00000 	    0.012526 	    -1.#IND00 	    -1.#IND00 
18600 	 8 	       37.060 	        0.000 	   0.84459 	   0.00000 	    0.012532 	    -1.#IND00 	    -1.#IND00 
18700 	 8 	       37.057 	        0.000 	   0.84461 	   0.00000 	    0.012538 	    -1.#IND00 	    -1.#IND00 
18800 	 8 	       37.053 	        0.000 	   0.84463 	   0.00000 	    0.012546 	    -1.#IND00 	    -1.#IND00 
18900 	 8 	       37.048 	        0.000 	   0.84464 	   0.00000 	    0.012554 	    -1.#IND00 	    -1.#IND00 
19000 	 8 	       37.044 	        0.000 	   0.84476 	   0.00000 	    0.012517 	    -1.#IND00 	    -1.#IND00 
19100 	 8 	       37.036 	        0.000 	   0.84490 	   0.00000 	    0.012513 	    -1.#IND00 	    -1.#IND00 
19200 	 8 	       37.033 	        0.000 	   0.84492 	   0.00000 	    0.012522 	    -1.#IND00 	    -1.#IND00 
19300 	 8 	       37.029 	        0.000 	   0.84492 	   0.00000 	    0.012535 	    -1.#IND00 	    -1.#IND00 
19400 	 8 	       37.023 	        0.000 	   0.84491 	   0.00000 	    0.012549 	    -1.#IND00 	    -1.#IND00 
19500 	 8 	       37.015 	        0.000 	   0.84489 	   0.00000 	    0.012565 	    -1.#IND00 	    -1.#IND00 
19600 	 8 	       37.005 	        0.000 	   0.84486 	   0.00000 	    0.012582 	    -1.#IND00 	    -1.#IND00 
19700 	 8 	       36.993 	        0.000 	   0.84484 	   0.00000 	    0.012600 	    -1.#IND00 	    -1.#IND00 
19800 	 8 	       36.979 	        0.000 	   0.84480 	   0.00000 	    0.012619 	    -1.#IND00 	    -1.#IND00 
19900 	 8 	       36.963 	        0.000 	   0.84476 	   0.00000 	    0.012638 	    -1.#IND00 	    -1.#IND00 
20000 	 8 	       36.939 	        0.000 	   0.84488 	   0.00000 	    0.012600 	    -1.#IND00 	    -1.#IND00 
100 	 9 	       54.114 	        0.000 	   0.45780 	   0.00000 	    0.078799 	    -1.#IND00 	    -1.#IND00 
200 	 9 	       53.177 	        0.000 	   0.45368 	   0.00000 	    0.076419 	    -1.#IND00 	    -1.#IND00 
300 	 9 	       50.837 	        0.000 	   0.52430 	   0.00000 	    0.067690 	    -1.#IND00 	    -1.#IND00 
400 	 9 	       50.045 	        0.000 	   0.55400 	   0.00000 	    0.064456 	    -1.#IND00 	    -1.#IND00 
500 	 9 	       50.025 	        0.000 	   0.56510 	   0.00000 	    0.064450 	    -1.#IND00 	    -1.#IND00 
600 	 9 	       50.083 	        0.000 	   0.57021 	   0.00000 	    0.064635 	    -1.#IND00 	    -1.#IND00 
700 	 9 	       50.085 	        0.000 	   0.57189 	   0.00000 	    0.064934 	    -1.#IND00 	    -1.#IND00 
800 	 9 	       50.390 	        0.000 	   0.58280 	   0.00000 	    0.065708 	    -1.#IND00 	    -1.#IND00 
900 	 9 	       50.722 	        0.000 	   0.58597 	   0.00000 	    0.065926 	    -1.#IND00 	    -1.#IND00 
1000 	 9 	       40.100 	        0.000 	   0.77308 	   0.00000 	    0.027137 	    -1.#IND00 	    -1.#IND00 
1100 	 9 	       39.532 	        0.000 	   0.77699 	   0.00000 	    0.026180 	    -1.#IND00 	    -1.#IND00 
1200 	 9 	       39.529 	        0.000 	   0.77701 	   0.00000 	    0.026118 	    -1.#IND00 	    -1.#IND00 
1300 	 9 	       39.542 	        0.000 	   0.77735 	   0.00000 	    0.026046 	    -1.#IND00 	    -1.#IND00 
1400 	 9 	       39.548 	        0.000 	   0.77791 	   0.00000 	    0.025958 	    -1.#IND00 	    -1.#IND00 
1500 	 9 	       39.551 	        0.000 	   0.77852 	   0.00000 	    0.025868 	    -1.#IND00 	    -1.#IND00 
1600 	 9 	       39.558 	        0.000 	   0.77907 	   0.00000 	    0.025784 	    -1.#IND00 	    -1.#IND00 
1700 	 9 	       39.575 	        0.000 	   0.77949 	   0.00000 	    0.025712 	    -1.#IND00 	    -1.#IND00 
1800 	 9 	       39.586 	        0.000 	   0.77986 	   0.00000 	    0.025654 	    -1.#IND00 	    -1.#IND00 
1900 	 9 	       39.594 	        0.000 	   0.78020 	   0.00000 	    0.025608 	    -1.#IND00 	    -1.#IND00 
2000 	 9 	       36.792 	        0.000 	   0.81607 	   0.00000 	    0.016677 	    -1.#IND00 	    -1.#IND00 
2100 	 9 	       36.536 	        0.000 	   0.81886 	   0.00000 	    0.016570 	    -1.#IND00 	    -1.#IND00 
2200 	 9 	       36.512 	        0.000 	   0.81962 	   0.00000 	    0.016492 	    -1.#IND00 	    -1.#IND00 
2300 	 9 	       36.496 	        0.000 	   0.82023 	   0.00000 	    0.016421 	    -1.#IND00 	    -1.#IND00 
2400 	 9 	       36.483 	        0.000 	   0.82078 	   0.00000 	    0.016351 	    -1.#IND00 	    -1.#IND00 
2500 	 9 	       36.473 	        0.000 	   0.82127 	   0.00000 	    0.016286 	    -1.#IND00 	    -1.#IND00 
2600 	 9 	       36.465 	        0.000 	   0.82168 	   0.00000 	    0.016230 	    -1.#IND00 	    -1.#IND00 
2700 	 9 	       36.458 	        0.000 	   0.82201 	   0.00000 	    0.016185 	    -1.#IND00 	    -1.#IND00 
2800 	 9 	       36.454 	        0.000 	   0.82229 	   0.00000 	    0.016146 	    -1.#IND00 	    -1.#IND00 
2900 	 9 	       36.449 	        0.000 	   0.82255 	   0.00000 	    0.016112 	    -1.#IND00 	    -1.#IND00 
3000 	 9 	       35.719 	        0.000 	   0.83135 	   0.00000 	    0.013557 	    -1.#IND00 	    -1.#IND00 
3100 	 9 	       35.546 	        0.000 	   0.83289 	   0.00000 	    0.013494 	    -1.#IND00 	    -1.#IND00 
3200 	 9 	       35.488 	        0.000 	   0.83333 	   0.00000 	    0.013466 	    -1.#IND00 	    -1.#IND00 
3300 	 9 	       35.395 	        0.000 	   0.83371 	   0.00000 	    0.013465 	    -1.#IND00 	    -1.#IND00 
3400 	 9 	       35.157 	        0.000 	   0.83544 	   0.00000 	    0.013578 	    -1.#IND00 	    -1.#IND00 
3500 	 9 	       35.173 	        0.000 	   0.83753 	   0.00000 	    0.013886 	    -1.#IND00 	    -1.#IND00 
3600 	 9 	       35.194 	        0.000 	   0.83786 	   0.00000 	    0.013899 	    -1.#IND00 	    -1.#IND00 
3700 	 9 	       35.210 	        0.000 	   0.83764 	   0.00000 	    0.013942 	    -1.#IND00 	    -1.#IND00 
3800 	 9 	       35.243 	        0.000 	   0.83717 	   0.00000 	    0.014007 	    -1.#IND00 	    -1.#IND00 
3900 	 9 	       35.299 	        0.000 	   0.83650 	   0.00000 	    0.014048 	    -1.#IND00 	    -1.#IND00 
4000 	 9 	       35.138 	        0.000 	   0.83868 	   0.00000 	    0.013014 	    -1.#IND00 	    -1.#IND00 
4100 	 9 	       35.022 	        0.000 	   0.84064 	   0.00000 	    0.012970 	    -1.#IND00 	    -1.#IND00 
4200 	 9 	       35.001 	        0.000 	   0.84100 	   0.00000 	    0.012967 	    -1.#IND00 	    -1.#IND00 
4300 	 9 	       34.984 	        0.000 	   0.84135 	   0.00000 	    0.012958 	    -1.#IND00 	    -1.#IND00 
4400 	 9 	       34.968 	        0.000 	   0.84169 	   0.00000 	    0.012945 	    -1.#IND00 	    -1.#IND00 
4500 	 9 	       34.960 	        0.000 	   0.84196 	   0.00000 	    0.012934 	    -1.#IND00 	    -1.#IND00 
4600 	 9 	       34.955 	        0.000 	   0.84216 	   0.00000 	    0.012926 	    -1.#IND00 	    -1.#IND00 
4700 	 9 	       34.956 	        0.000 	   0.84233 	   0.00000 	    0.012918 	    -1.#IND00 	    -1.#IND00 
4800 	 9 	       34.958 	        0.000 	   0.84247 	   0.00000 	    0.012911 	    -1.#IND00 	    -1.#IND00 
4900 	 9 	       34.957 	        0.000 	   0.84261 	   0.00000 	    0.012902 	    -1.#IND00 	    -1.#IND00 
5000 	 9 	       34.829 	        0.000 	   0.84388 	   0.00000 	    0.012335 	    -1.#IND00 	    -1.#IND00 
5100 	 9 	       34.760 	        0.000 	   0.84531 	   0.00000 	    0.012279 	    -1.#IND00 	    -1.#IND00 
5200 	 9 	       34.741 	        0.000 	   0.84548 	   0.00000 	    0.012266 	    -1.#IND00 	    -1.#IND00 
5300 	 9 	       34.730 	        0.000 	   0.84557 	   0.00000 	    0.012256 	    -1.#IND00 	    -1.#IND00 
5400 	 9 	       34.725 	        0.000 	   0.84563 	   0.00000 	    0.012248 	    -1.#IND00 	    -1.#IND00 
5500 	 9 	       34.725 	        0.000 	   0.84566 	   0.00000 	    0.012242 	    -1.#IND00 	    -1.#IND00 
5600 	 9 	       34.734 	        0.000 	   0.84568 	   0.00000 	    0.012237 	    -1.#IND00 	    -1.#IND00 
5700 	 9 	       34.746 	        0.000 	   0.84569 	   0.00000 	    0.012233 	    -1.#IND00 	    -1.#IND00 
5800 	 9 	       34.761 	        0.000 	   0.84571 	   0.00000 	    0.012231 	    -1.#IND00 	    -1.#IND00 
5900 	 9 	       34.777 	        0.000 	   0.84572 	   0.00000 	    0.012230 	    -1.#IND00 	    -1.#IND00 
6000 	 9 	       34.769 	        0.000 	   0.84630 	   0.00000 	    0.011944 	    -1.#IND00 	    -1.#IND00 
6100 	 9 	       34.719 	        0.000 	   0.84731 	   0.00000 	    0.011909 	    -1.#IND00 	    -1.#IND00 
6200 	 9 	       34.726 	        0.000 	   0.84738 	   0.00000 	    0.011907 	    -1.#IND00 	    -1.#IND00 
6300 	 9 	       34.738 	        0.000 	   0.84741 	   0.00000 	    0.011907 	    -1.#IND00 	    -1.#IND00 
6400 	 9 	       34.751 	        0.000 	   0.84743 	   0.00000 	    0.011908 	    -1.#IND00 	    -1.#IND00 
6500 	 9 	       34.765 	        0.000 	   0.84744 	   0.00000 	    0.011909 	    -1.#IND00 	    -1.#IND00 
6600 	 9 	       34.779 	        0.000 	   0.84745 	   0.00000 	    0.011911 	    -1.#IND00 	    -1.#IND00 
6700 	 9 	       34.792 	        0.000 	   0.84745 	   0.00000 	    0.011913 	    -1.#IND00 	    -1.#IND00 
6800 	 9 	       34.806 	        0.000 	   0.84745 	   0.00000 	    0.011915 	    -1.#IND00 	    -1.#IND00 
6900 	 9 	       34.819 	        0.000 	   0.84745 	   0.00000 	    0.011918 	    -1.#IND00 	    -1.#IND00 
7000 	 9 	       34.829 	        0.000 	   0.84779 	   0.00000 	    0.011750 	    -1.#IND00 	    -1.#IND00 
7100 	 9 	       34.783 	        0.000 	   0.84855 	   0.00000 	    0.011725 	    -1.#IND00 	    -1.#IND00 
7200 	 9 	       34.787 	        0.000 	   0.84859 	   0.00000 	    0.011726 	    -1.#IND00 	    -1.#IND00 
7300 	 9 	       34.794 	        0.000 	   0.84861 	   0.00000 	    0.011728 	    -1.#IND00 	    -1.#IND00 
7400 	 9 	       34.802 	        0.000 	   0.84861 	   0.00000 	    0.011731 	    -1.#IND00 	    -1.#IND00 
7500 	 9 	       34.811 	        0.000 	   0.84861 	   0.00000 	    0.011734 	    -1.#IND00 	    -1.#IND00 
7600 	 9 	       34.819 	        0.000 	   0.84861 	   0.00000 	    0.011738 	    -1.#IND00 	    -1.#IND00 
7700 	 9 	       34.828 	        0.000 	   0.84860 	   0.00000 	    0.011741 	    -1.#IND00 	    -1.#IND00 
7800 	 9 	       34.837 	        0.000 	   0.84859 	   0.00000 	    0.011746 	    -1.#IND00 	    -1.#IND00 
7900 	 9 	       34.846 	        0.000 	   0.84858 	   0.00000 	    0.011751 	    -1.#IND00 	    -1.#IND00 
8000 	 9 	       34.856 	        0.000 	   0.84880 	   0.00000 	    0.011641 	    -1.#IND00 	    -1.#IND00 
8100 	 9 	       34.817 	        0.000 	   0.84940 	   0.00000 	    0.011623 	    -1.#IND00 	    -1.#IND00 
8200 	 9 	       34.819 	        0.000 	   0.84944 	   0.00000 	    0.011626 	    -1.#IND00 	    -1.#IND00 
8300 	 9 	       34.824 	        0.000 	   0.84945 	   0.00000 	    0.011629 	    -1.#IND00 	    -1.#IND00 
8400 	 9 	       34.829 	        0.000 	   0.84945 	   0.00000 	    0.011633 	    -1.#IND00 	    -1.#IND00 
8500 	 9 	       34.835 	        0.000 	   0.84945 	   0.00000 	    0.011638 	    -1.#IND00 	    -1.#IND00 
8600 	 9 	       34.842 	        0.000 	   0.84945 	   0.00000 	    0.011643 	    -1.#IND00 	    -1.#IND00 
8700 	 9 	       34.848 	        0.000 	   0.84945 	   0.00000 	    0.011648 	    -1.#IND00 	    -1.#IND00 
8800 	 9 	       34.855 	        0.000 	   0.84944 	   0.00000 	    0.011653 	    -1.#IND00 	    -1.#IND00 
8900 	 9 	       34.862 	        0.000 	   0.84943 	   0.00000 	    0.011659 	    -1.#IND00 	    -1.#IND00 
9000 	 9 	       34.867 	        0.000 	   0.84960 	   0.00000 	    0.011579 	    -1.#IND00 	    -1.#IND00 
9100 	 9 	       34.837 	        0.000 	   0.85010 	   0.00000 	    0.011565 	    -1.#IND00 	    -1.#IND00 
9200 	 9 	       34.837 	        0.000 	   0.85014 	   0.00000 	    0.011568 	    -1.#IND00 	    -1.#IND00 
9300 	 9 	       34.840 	        0.000 	   0.85016 	   0.00000 	    0.011572 	    -1.#IND00 	    -1.#IND00 
9400 	 9 	       34.843 	        0.000 	   0.85018 	   0.00000 	    0.011577 	    -1.#IND00 	    -1.#IND00 
9500 	 9 	       34.847 	        0.000 	   0.85019 	   0.00000 	    0.011582 	    -1.#IND00 	    -1.#IND00 
9600 	 9 	       34.851 	        0.000 	   0.85020 	   0.00000 	    0.011587 	    -1.#IND00 	    -1.#IND00 
9700 	 9 	       34.855 	        0.000 	   0.85021 	   0.00000 	    0.011592 	    -1.#IND00 	    -1.#IND00 
9800 	 9 	       34.860 	        0.000 	   0.85022 	   0.00000 	    0.011598 	    -1.#IND00 	    -1.#IND00 
9900 	 9 	       34.865 	        0.000 	   0.85023 	   0.00000 	    0.011604 	    -1.#IND00 	    -1.#IND00 
10000 	 9 	       34.865 	        0.000 	   0.85038 	   0.00000 	    0.011537 	    -1.#IND00 	    -1.#IND00 
10100 	 9 	       34.845 	        0.000 	   0.85083 	   0.00000 	    0.011526 	    -1.#IND00 	    -1.#IND00 
10200 	 9 	       34.844 	        0.000 	   0.85090 	   0.00000 	    0.011529 	    -1.#IND00 	    -1.#IND00 
10300 	 9 	       34.845 	        0.000 	   0.85095 	   0.00000 	    0.011532 	    -1.#IND00 	    -1.#IND00 
10400 	 9 	       34.847 	        0.000 	   0.85099 	   0.00000 	    0.011537 	    -1.#IND00 	    -1.#IND00 
10500 	 9 	       34.849 	        0.000 	   0.85103 	   0.00000 	    0.011541 	    -1.#IND00 	    -1.#IND00 
10600 	 9 	       34.852 	        0.000 	   0.85108 	   0.00000 	    0.011546 	    -1.#IND00 	    -1.#IND00 
10700 	 9 	       34.855 	        0.000 	   0.85113 	   0.00000 	    0.011551 	    -1.#IND00 	    -1.#IND00 
10800 	 9 	       34.859 	        0.000 	   0.85119 	   0.00000 	    0.011555 	    -1.#IND00 	    -1.#IND00 
10900 	 9 	       34.862 	        0.000 	   0.85126 	   0.00000 	    0.011558 	    -1.#IND00 	    -1.#IND00 
11000 	 9 	       34.861 	        0.000 	   0.85148 	   0.00000 	    0.011490 	    -1.#IND00 	    -1.#IND00 
11100 	 9 	       34.835 	        0.000 	   0.85196 	   0.00000 	    0.011476 	    -1.#IND00 	    -1.#IND00 
11200 	 9 	       34.832 	        0.000 	   0.85212 	   0.00000 	    0.011473 	    -1.#IND00 	    -1.#IND00 
11300 	 9 	       34.832 	        0.000 	   0.85226 	   0.00000 	    0.011470 	    -1.#IND00 	    -1.#IND00 
11400 	 9 	       34.832 	        0.000 	   0.85239 	   0.00000 	    0.011469 	    -1.#IND00 	    -1.#IND00 
11500 	 9 	       34.832 	        0.000 	   0.85251 	   0.00000 	    0.011469 	    -1.#IND00 	    -1.#IND00 
11600 	 9 	       34.833 	        0.000 	   0.85264 	   0.00000 	    0.011469 	    -1.#IND00 	    -1.#IND00 
11700 	 9 	       34.835 	        0.000 	   0.85277 	   0.00000 	    0.011470 	    -1.#IND00 	    -1.#IND00 
11800 	 9 	       34.838 	        0.000 	   0.85289 	   0.00000 	    0.011471 	    -1.#IND00 	    -1.#IND00 
11900 	 9 	       34.841 	        0.000 	   0.85302 	   0.00000 	    0.011474 	    -1.#IND00 	    -1.#IND00 
12000 	 9 	       34.846 	        0.000 	   0.85324 	   0.00000 	    0.011407 	    -1.#IND00 	    -1.#IND00 
12100 	 9 	       34.826 	        0.000 	   0.85369 	   0.00000 	    0.011401 	    -1.#IND00 	    -1.#IND00 
12200 	 9 	       34.829 	        0.000 	   0.85385 	   0.00000 	    0.011403 	    -1.#IND00 	    -1.#IND00 
12300 	 9 	       34.834 	        0.000 	   0.85399 	   0.00000 	    0.011406 	    -1.#IND00 	    -1.#IND00 
12400 	 9 	       34.840 	        0.000 	   0.85413 	   0.00000 	    0.011409 	    -1.#IND00 	    -1.#IND00 
12500 	 9 	       34.850 	        0.000 	   0.85425 	   0.00000 	    0.011413 	    -1.#IND00 	    -1.#IND00 
12600 	 9 	       34.862 	        0.000 	   0.85437 	   0.00000 	    0.011417 	    -1.#IND00 	    -1.#IND00 
12700 	 9 	       34.876 	        0.000 	   0.85447 	   0.00000 	    0.011422 	    -1.#IND00 	    -1.#IND00 
12800 	 9 	       34.891 	        0.000 	   0.85457 	   0.00000 	    0.011427 	    -1.#IND00 	    -1.#IND00 
12900 	 9 	       34.907 	        0.000 	   0.85466 	   0.00000 	    0.011432 	    -1.#IND00 	    -1.#IND00 
13000 	 9 	       34.921 	        0.000 	   0.85480 	   0.00000 	    0.011367 	    -1.#IND00 	    -1.#IND00 
13100 	 9 	       34.909 	        0.000 	   0.85512 	   0.00000 	    0.011366 	    -1.#IND00 	    -1.#IND00 
13200 	 9 	       34.921 	        0.000 	   0.85522 	   0.00000 	    0.011371 	    -1.#IND00 	    -1.#IND00 
13300 	 9 	       34.933 	        0.000 	   0.85530 	   0.00000 	    0.011377 	    -1.#IND00 	    -1.#IND00 
13400 	 9 	       34.948 	        0.000 	   0.85537 	   0.00000 	    0.011383 	    -1.#IND00 	    -1.#IND00 
13500 	 9 	       34.963 	        0.000 	   0.85543 	   0.00000 	    0.011389 	    -1.#IND00 	    -1.#IND00 
13600 	 9 	       34.978 	        0.000 	   0.85548 	   0.00000 	    0.011395 	    -1.#IND00 	    -1.#IND00 
13700 	 9 	       34.995 	        0.000 	   0.85553 	   0.00000 	    0.011402 	    -1.#IND00 	    -1.#IND00 
13800 	 9 	       35.012 	        0.000 	   0.85557 	   0.00000 	    0.011408 	    -1.#IND00 	    -1.#IND00 
13900 	 9 	       35.030 	        0.000 	   0.85561 	   0.00000 	    0.011415 	    -1.#IND00 	    -1.#IND00 
14000 	 9 	       35.044 	        0.000 	   0.85569 	   0.00000 	    0.011352 	    -1.#IND00 	    -1.#IND00 
14100 	 9 	       35.036 	        0.000 	   0.85592 	   0.00000 	    0.011350 	    -1.#IND00 	    -1.#IND00 
14200 	 9 	       35.047 	        0.000 	   0.85598 	   0.00000 	    0.011356 	    -1.#IND00 	    -1.#IND00 
14300 	 9 	       35.061 	        0.000 	   0.85603 	   0.00000 	    0.011362 	    -1.#IND00 	    -1.#IND00 
14400 	 9 	       35.076 	        0.000 	   0.85607 	   0.00000 	    0.011368 	    -1.#IND00 	    -1.#IND00 
14500 	 9 	       35.091 	        0.000 	   0.85611 	   0.00000 	    0.011374 	    -1.#IND00 	    -1.#IND00 
14600 	 9 	       35.107 	        0.000 	   0.85614 	   0.00000 	    0.011381 	    -1.#IND00 	    -1.#IND00 
14700 	 9 	       35.124 	        0.000 	   0.85617 	   0.00000 	    0.011387 	    -1.#IND00 	    -1.#IND00 
14800 	 9 	       35.141 	        0.000 	   0.85620 	   0.00000 	    0.011394 	    -1.#IND00 	    -1.#IND00 
14900 	 9 	       35.158 	        0.000 	   0.85623 	   0.00000 	    0.011401 	    -1.#IND00 	    -1.#IND00 
15000 	 9 	       35.173 	        0.000 	   0.85628 	   0.00000 	    0.011339 	    -1.#IND00 	    -1.#IND00 
15100 	 9 	       35.166 	        0.000 	   0.85649 	   0.00000 	    0.011337 	    -1.#IND00 	    -1.#IND00 
15200 	 9 	       35.180 	        0.000 	   0.85654 	   0.00000 	    0.011342 	    -1.#IND00 	    -1.#IND00 
15300 	 9 	       35.196 	        0.000 	   0.85659 	   0.00000 	    0.011348 	    -1.#IND00 	    -1.#IND00 
15400 	 9 	       35.214 	        0.000 	   0.85663 	   0.00000 	    0.011354 	    -1.#IND00 	    -1.#IND00 
15500 	 9 	       35.233 	        0.000 	   0.85668 	   0.00000 	    0.011359 	    -1.#IND00 	    -1.#IND00 
15600 	 9 	       35.254 	        0.000 	   0.85673 	   0.00000 	    0.011364 	    -1.#IND00 	    -1.#IND00 
15700 	 9 	       35.274 	        0.000 	   0.85678 	   0.00000 	    0.011369 	    -1.#IND00 	    -1.#IND00 
15800 	 9 	       35.292 	        0.000 	   0.85683 	   0.00000 	    0.011374 	    -1.#IND00 	    -1.#IND00 
15900 	 9 	       35.308 	        0.000 	   0.85687 	   0.00000 	    0.011379 	    -1.#IND00 	    -1.#IND00 
16000 	 9 	       35.318 	        0.000 	   0.85693 	   0.00000 	    0.011318 	    -1.#IND00 	    -1.#IND00 
16100 	 9 	       35.309 	        0.000 	   0.85713 	   0.00000 	    0.011314 	    -1.#IND00 	    -1.#IND00 
16200 	 9 	       35.317 	        0.000 	   0.85719 	   0.00000 	    0.011318 	    -1.#IND00 	    -1.#IND00 
16300 	 9 	       35.325 	        0.000 	   0.85724 	   0.00000 	    0.011322 	    -1.#IND00 	    -1.#IND00 
16400 	 9 	       35.333 	        0.000 	   0.85730 	   0.00000 	    0.011326 	    -1.#IND00 	    -1.#IND00 
16500 	 9 	       35.340 	        0.000 	   0.85737 	   0.00000 	    0.011328 	    -1.#IND00 	    -1.#IND00 
16600 	 9 	       35.346 	        0.000 	   0.85745 	   0.00000 	    0.011330 	    -1.#IND00 	    -1.#IND00 
16700 	 9 	       35.354 	        0.000 	   0.85756 	   0.00000 	    0.011330 	    -1.#IND00 	    -1.#IND00 
16800 	 9 	       35.363 	        0.000 	   0.85770 	   0.00000 	    0.011326 	    -1.#IND00 	    -1.#IND00 
16900 	 9 	       35.375 	        0.000 	   0.85787 	   0.00000 	    0.011319 	    -1.#IND00 	    -1.#IND00 
17000 	 9 	       35.379 	        0.000 	   0.85811 	   0.00000 	    0.011243 	    -1.#IND00 	    -1.#IND00 
17100 	 9 	       35.365 	        0.000 	   0.85872 	   0.00000 	    0.011193 	    -1.#IND00 	    -1.#IND00 
17200 	 9 	       35.351 	        0.000 	   0.86043 	   0.00000 	    0.011003 	    -1.#IND00 	    -1.#IND00 
17300 	 9 	       35.346 	        0.000 	   0.86159 	   0.00000 	    0.010892 	    -1.#IND00 	    -1.#IND00 
17400 	 9 	       35.356 	        0.000 	   0.86217 	   0.00000 	    0.010838 	    -1.#IND00 	    -1.#IND00 
17500 	 9 	       35.347 	        0.000 	   0.86256 	   0.00000 	    0.010801 	    -1.#IND00 	    -1.#IND00 
17600 	 9 	       35.336 	        0.000 	   0.86285 	   0.00000 	    0.010777 	    -1.#IND00 	    -1.#IND00 
17700 	 9 	       35.322 	        0.000 	   0.86307 	   0.00000 	    0.010761 	    -1.#IND00 	    -1.#IND00 
17800 	 9 	       35.304 	        0.000 	   0.86324 	   0.00000 	    0.010752 	    -1.#IND00 	    -1.#IND00 
17900 	 9 	       35.275 	        0.000 	   0.86337 	   0.00000 	    0.010746 	    -1.#IND00 	    -1.#IND00 
18000 	 9 	       35.231 	        0.000 	   0.86350 	   0.00000 	    0.010691 	    -1.#IND00 	    -1.#IND00 
18100 	 9 	       35.166 	        0.000 	   0.86373 	   0.00000 	    0.010676 	    -1.#IND00 	    -1.#IND00 
18200 	 9 	       35.119 	        0.000 	   0.86386 	   0.00000 	    0.010667 	    -1.#IND00 	    -1.#IND00 
18300 	 9 	       35.075 	        0.000 	   0.86395 	   0.00000 	    0.010661 	    -1.#IND00 	    -1.#IND00 
18400 	 9 	       35.035 	        0.000 	   0.86403 	   0.00000 	    0.010657 	    -1.#IND00 	    -1.#IND00 
18500 	 9 	       35.003 	        0.000 	   0.86408 	   0.00000 	    0.010653 	    -1.#IND00 	    -1.#IND00 
18600 	 9 	       34.979 	        0.000 	   0.86414 	   0.00000 	    0.010650 	    -1.#IND00 	    -1.#IND00 
18700 	 9 	       34.960 	        0.000 	   0.86419 	   0.00000 	    0.010647 	    -1.#IND00 	    -1.#IND00 
18800 	 9 	       34.944 	        0.000 	   0.86424 	   0.00000 	    0.010644 	    -1.#IND00 	    -1.#IND00 
18900 	 9 	       34.930 	        0.000 	   0.86428 	   0.00000 	    0.010641 	    -1.#IND00 	    -1.#IND00 
19000 	 9 	       34.913 	        0.000 	   0.86435 	   0.00000 	    0.010590 	    -1.#IND00 	    -1.#IND00 
19100 	 9 	       34.893 	        0.000 	   0.86448 	   0.00000 	    0.010581 	    -1.#IND00 	    -1.#IND00 
19200 	 9 	       34.882 	        0.000 	   0.86452 	   0.00000 	    0.010578 	    -1.#IND00 	    -1.#IND00 
19300 	 9 	       34.872 	        0.000 	   0.86456 	   0.00000 	    0.010575 	    -1.#IND00 	    -1.#IND00 
19400 	 9 	       34.864 	        0.000 	   0.86459 	   0.00000 	    0.010572 	    -1.#IND00 	    -1.#IND00 
19500 	 9 	       34.856 	        0.000 	   0.86462 	   0.00000 	    0.010570 	    -1.#IND00 	    -1.#IND00 
19600 	 9 	       34.849 	        0.000 	   0.86465 	   0.00000 	    0.010567 	    -1.#IND00 	    -1.#IND00 
19700 	 9 	       34.842 	        0.000 	   0.86468 	   0.00000 	    0.010564 	    -1.#IND00 	    -1.#IND00 
19800 	 9 	       34.836 	        0.000 	   0.86471 	   0.00000 	    0.010561 	    -1.#IND00 	    -1.#IND00 
19900 	 9 	       34.831 	        0.000 	   0.86473 	   0.00000 	    0.010558 	    -1.#IND00 	    -1.#IND00 
20000 	 9 	       34.822 	        0.000 	   0.86477 	   0.00000 	    0.010512 	    -1.#IND00 	    -1.#IND00 
100 	 10 	       50.785 	        0.000 	   0.60800 	   0.00000 	    0.066469 	    -1.#IND00 	    -1.#IND00 
200 	 10 	       50.365 	        0.000 	   0.58883 	   0.00000 	    0.067326 	    -1.#IND00 	    -1.#IND00 
300 	 10 	       50.286 	        0.000 	   0.60063 	   0.00000 	    0.066621 	    -1.#IND00 	    -1.#IND00 
400 	 10 	       50.325 	        0.000 	   0.61646 	   0.00000 	    0.065796 	    -1.#IND00 	    -1.#IND00 
500 	 10 	       50.368 	        0.000 	   0.62692 	   0.00000 	    0.065361 	    -1.#IND00 	    -1.#IND00 
600 	 10 	       50.335 	        0.000 	   0.62866 	   0.00000 	    0.065476 	    -1.#IND00 	    -1.#IND00 
700 	 10 	       50.259 	        0.000 	   0.62723 	   0.00000 	    0.065669 	    -1.#IND00 	    -1.#IND00 
800 	 10 	       50.121 	        0.000 	   0.62369 	   0.00000 	    0.065823 	    -1.#IND00 	    -1.#IND00 
900 	 10 	       49.996 	        0.000 	   0.61984 	   0.00000 	    0.065980 	    -1.#IND00 	    -1.#IND00 
1000 	 10 	       40.570 	        0.000 	   0.79452 	   0.00000 	    0.029253 	    -1.#IND00 	    -1.#IND00 
1100 	 10 	       40.475 	        0.000 	   0.79211 	   0.00000 	    0.029574 	    -1.#IND00 	    -1.#IND00 
1200 	 10 	       40.524 	        0.000 	   0.79212 	   0.00000 	    0.029762 	    -1.#IND00 	    -1.#IND00 
1300 	 10 	       40.538 	        0.000 	   0.79194 	   0.00000 	    0.029880 	    -1.#IND00 	    -1.#IND00 
1400 	 10 	       40.537 	        0.000 	   0.79182 	   0.00000 	    0.029949 	    -1.#IND00 	    -1.#IND00 
1500 	 10 	       40.530 	        0.000 	   0.79172 	   0.00000 	    0.029991 	    -1.#IND00 	    -1.#IND00 
1600 	 10 	       40.523 	        0.000 	   0.79162 	   0.00000 	    0.030019 	    -1.#IND00 	    -1.#IND00 
1700 	 10 	       40.515 	        0.000 	   0.79152 	   0.00000 	    0.030039 	    -1.#IND00 	    -1.#IND00 
1800 	 10 	       40.508 	        0.000 	   0.79142 	   0.00000 	    0.030055 	    -1.#IND00 	    -1.#IND00 
1900 	 10 	       40.501 	        0.000 	   0.79130 	   0.00000 	    0.030069 	    -1.#IND00 	    -1.#IND00 
2000 	 10 	       37.714 	        0.000 	   0.82214 	   0.00000 	    0.019979 	    -1.#IND00 	    -1.#IND00 
2100 	 10 	       37.672 	        0.000 	   0.82552 	   0.00000 	    0.020122 	    -1.#IND00 	    -1.#IND00 
2200 	 10 	       37.645 	        0.000 	   0.82611 	   0.00000 	    0.020048 	    -1.#IND00 	    -1.#IND00 
2300 	 10 	       37.623 	        0.000 	   0.82651 	   0.00000 	    0.020006 	    -1.#IND00 	    -1.#IND00 
2400 	 10 	       37.602 	        0.000 	   0.82684 	   0.00000 	    0.019972 	    -1.#IND00 	    -1.#IND00 
2500 	 10 	       37.580 	        0.000 	   0.82713 	   0.00000 	    0.019942 	    -1.#IND00 	    -1.#IND00 
2600 	 10 	       37.556 	        0.000 	   0.82743 	   0.00000 	    0.019911 	    -1.#IND00 	    -1.#IND00 
2700 	 10 	       37.529 	        0.000 	   0.82775 	   0.00000 	    0.019877 	    -1.#IND00 	    -1.#IND00 
2800 	 10 	       37.507 	        0.000 	   0.82803 	   0.00000 	    0.019849 	    -1.#IND00 	    -1.#IND00 
2900 	 10 	       37.492 	        0.000 	   0.82822 	   0.00000 	    0.019834 	    -1.#IND00 	    -1.#IND00 
3000 	 10 	       36.357 	        0.000 	   0.83620 	   0.00000 	    0.016286 	    -1.#IND00 	    -1.#IND00 
3100 	 10 	       36.250 	        0.000 	   0.83903 	   0.00000 	    0.016340 	    -1.#IND00 	    -1.#IND00 
3200 	 10 	       36.231 	        0.000 	   0.83957 	   0.00000 	    0.016280 	    -1.#IND00 	    -1.#IND00 
3300 	 10 	       36.217 	        0.000 	   0.84000 	   0.00000 	    0.016235 	    -1.#IND00 	    -1.#IND00 
3400 	 10 	       36.201 	        0.000 	   0.84037 	   0.00000 	    0.016198 	    -1.#IND00 	    -1.#IND00 
3500 	 10 	       36.186 	        0.000 	   0.84071 	   0.00000 	    0.016167 	    -1.#IND00 	    -1.#IND00 
3600 	 10 	       36.171 	        0.000 	   0.84102 	   0.00000 	    0.016138 	    -1.#IND00 	    -1.#IND00 
3700 	 10 	       36.156 	        0.000 	   0.84130 	   0.00000 	    0.016110 	    -1.#IND00 	    -1.#IND00 
3800 	 10 	       36.141 	        0.000 	   0.84158 	   0.00000 	    0.016083 	    -1.#IND00 	    -1.#IND00 
3900 	 10 	       36.128 	        0.000 	   0.84185 	   0.00000 	    0.016056 	    -1.#IND00 	    -1.#IND00 
4000 	 10 	       35.617 	        0.000 	   0.84509 	   0.00000 	    0.014486 	    -1.#IND00 	    -1.#IND00 
4100 	 10 	       35.496 	        0.000 	   0.84753 	   0.00000 	    0.014431 	    -1.#IND00 	    -1.#IND00 
4200 	 10 	       35.451 	        0.000 	   0.84833 	   0.00000 	    0.014331 	    -1.#IND00 	    -1.#IND00 
4300 	 10 	       35.411 	        0.000 	   0.84899 	   0.00000 	    0.014226 	    -1.#IND00 	    -1.#IND00 
4400 	 10 	       35.373 	        0.000 	   0.84954 	   0.00000 	    0.014123 	    -1.#IND00 	    -1.#IND00 
4500 	 10 	       35.338 	        0.000 	   0.85000 	   0.00000 	    0.014029 	    -1.#IND00 	    -1.#IND00 
4600 	 10 	       35.304 	        0.000 	   0.85036 	   0.00000 	    0.013945 	    -1.#IND00 	    -1.#IND00 
4700 	 10 	       35.276 	        0.000 	   0.85064 	   0.00000 	    0.013875 	    -1.#IND00 	    -1.#IND00 
4800 	 10 	       35.252 	        0.000 	   0.85086 	   0.00000 	    0.013819 	    -1.#IND00 	    -1.#IND00 
4900 	 10 	       35.233 	        0.000 	   0.85102 	   0.00000 	    0.013774 	    -1.#IND00 	    -1.#IND00 
5000 	 10 	       34.974 	        0.000 	   0.85255 	   0.00000 	    0.013000 	    -1.#IND00 	    -1.#IND00 
5100 	 10 	       34.871 	        0.000 	   0.85393 	   0.00000 	    0.012960 	    -1.#IND00 	    -1.#IND00 
5200 	 10 	       34.849 	        0.000 	   0.85416 	   0.00000 	    0.012926 	    -1.#IND00 	    -1.#IND00 
5300 	 10 	       34.837 	        0.000 	   0.85429 	   0.00000 	    0.012899 	    -1.#IND00 	    -1.#IND00 
5400 	 10 	       34.828 	        0.000 	   0.85438 	   0.00000 	    0.012879 	    -1.#IND00 	    -1.#IND00 
5500 	 10 	       34.822 	        0.000 	   0.85444 	   0.00000 	    0.012865 	    -1.#IND00 	    -1.#IND00 
5600 	 10 	       34.817 	        0.000 	   0.85450 	   0.00000 	    0.012856 	    -1.#IND00 	    -1.#IND00 
5700 	 10 	       34.812 	        0.000 	   0.85454 	   0.00000 	    0.012849 	    -1.#IND00 	    -1.#IND00 
5800 	 10 	       34.809 	        0.000 	   0.85458 	   0.00000 	    0.012844 	    -1.#IND00 	    -1.#IND00 
5900 	 10 	       34.805 	        0.000 	   0.85461 	   0.00000 	    0.012840 	    -1.#IND00 	    -1.#IND00 
6000 	 10 	       34.659 	        0.000 	   0.85549 	   0.00000 	    0.012395 	    -1.#IND00 	    -1.#IND00 
6100 	 10 	       34.584 	        0.000 	   0.85639 	   0.00000 	    0.012379 	    -1.#IND00 	    -1.#IND00 
6200 	 10 	       34.571 	        0.000 	   0.85651 	   0.00000 	    0.012371 	    -1.#IND00 	    -1.#IND00 
6300 	 10 	       34.565 	        0.000 	   0.85658 	   0.00000 	    0.012364 	    -1.#IND00 	    -1.#IND00 
6400 	 10 	       34.562 	        0.000 	   0.85663 	   0.00000 	    0.012359 	    -1.#IND00 	    -1.#IND00 
6500 	 10 	       34.559 	        0.000 	   0.85667 	   0.00000 	    0.012355 	    -1.#IND00 	    -1.#IND00 
6600 	 10 	       34.557 	        0.000 	   0.85670 	   0.00000 	    0.012353 	    -1.#IND00 	    -1.#IND00 
6700 	 10 	       34.555 	        0.000 	   0.85673 	   0.00000 	    0.012352 	    -1.#IND00 	    -1.#IND00 
6800 	 10 	       34.553 	        0.000 	   0.85675 	   0.00000 	    0.012351 	    -1.#IND00 	    -1.#IND00 
6900 	 10 	       34.551 	        0.000 	   0.85678 	   0.00000 	    0.012351 	    -1.#IND00 	    -1.#IND00 
7000 	 10 	       34.454 	        0.000 	   0.85736 	   0.00000 	    0.012048 	    -1.#IND00 	    -1.#IND00 
7100 	 10 	       34.398 	        0.000 	   0.85801 	   0.00000 	    0.012031 	    -1.#IND00 	    -1.#IND00 
7200 	 10 	       34.389 	        0.000 	   0.85810 	   0.00000 	    0.012028 	    -1.#IND00 	    -1.#IND00 
7300 	 10 	       34.384 	        0.000 	   0.85815 	   0.00000 	    0.012025 	    -1.#IND00 	    -1.#IND00 
7400 	 10 	       34.382 	        0.000 	   0.85819 	   0.00000 	    0.012022 	    -1.#IND00 	    -1.#IND00 
7500 	 10 	       34.380 	        0.000 	   0.85822 	   0.00000 	    0.012021 	    -1.#IND00 	    -1.#IND00 
7600 	 10 	       34.378 	        0.000 	   0.85824 	   0.00000 	    0.012020 	    -1.#IND00 	    -1.#IND00 
7700 	 10 	       34.377 	        0.000 	   0.85826 	   0.00000 	    0.012020 	    -1.#IND00 	    -1.#IND00 
7800 	 10 	       34.376 	        0.000 	   0.85828 	   0.00000 	    0.012020 	    -1.#IND00 	    -1.#IND00 
7900 	 10 	       34.375 	        0.000 	   0.85829 	   0.00000 	    0.012020 	    -1.#IND00 	    -1.#IND00 
8000 	 10 	       34.305 	        0.000 	   0.85871 	   0.00000 	    0.011796 	    -1.#IND00 	    -1.#IND00 
8100 	 10 	       34.257 	        0.000 	   0.85921 	   0.00000 	    0.011777 	    -1.#IND00 	    -1.#IND00 
8200 	 10 	       34.250 	        0.000 	   0.85927 	   0.00000 	    0.011776 	    -1.#IND00 	    -1.#IND00 
8300 	 10 	       34.247 	        0.000 	   0.85932 	   0.00000 	    0.011774 	    -1.#IND00 	    -1.#IND00 
8400 	 10 	       34.245 	        0.000 	   0.85935 	   0.00000 	    0.011773 	    -1.#IND00 	    -1.#IND00 
8500 	 10 	       34.244 	        0.000 	   0.85937 	   0.00000 	    0.011772 	    -1.#IND00 	    -1.#IND00 
8600 	 10 	       34.243 	        0.000 	   0.85939 	   0.00000 	    0.011772 	    -1.#IND00 	    -1.#IND00 
8700 	 10 	       34.242 	        0.000 	   0.85940 	   0.00000 	    0.011772 	    -1.#IND00 	    -1.#IND00 
8800 	 10 	       34.241 	        0.000 	   0.85942 	   0.00000 	    0.011772 	    -1.#IND00 	    -1.#IND00 
8900 	 10 	       34.240 	        0.000 	   0.85943 	   0.00000 	    0.011772 	    -1.#IND00 	    -1.#IND00 
9000 	 10 	       34.186 	        0.000 	   0.85973 	   0.00000 	    0.011597 	    -1.#IND00 	    -1.#IND00 
9100 	 10 	       34.149 	        0.000 	   0.86014 	   0.00000 	    0.011578 	    -1.#IND00 	    -1.#IND00 
9200 	 10 	       34.143 	        0.000 	   0.86019 	   0.00000 	    0.011577 	    -1.#IND00 	    -1.#IND00 
9300 	 10 	       34.140 	        0.000 	   0.86022 	   0.00000 	    0.011576 	    -1.#IND00 	    -1.#IND00 
9400 	 10 	       34.139 	        0.000 	   0.86024 	   0.00000 	    0.011575 	    -1.#IND00 	    -1.#IND00 
9500 	 10 	       34.137 	        0.000 	   0.86026 	   0.00000 	    0.011575 	    -1.#IND00 	    -1.#IND00 
9600 	 10 	       34.136 	        0.000 	   0.86028 	   0.00000 	    0.011574 	    -1.#IND00 	    -1.#IND00 
9700 	 10 	       34.136 	        0.000 	   0.86029 	   0.00000 	    0.011574 	    -1.#IND00 	    -1.#IND00 
9800 	 10 	       34.135 	        0.000 	   0.86030 	   0.00000 	    0.011575 	    -1.#IND00 	    -1.#IND00 
9900 	 10 	       34.134 	        0.000 	   0.86031 	   0.00000 	    0.011575 	    -1.#IND00 	    -1.#IND00 
10000 	 10 	       34.092 	        0.000 	   0.86054 	   0.00000 	    0.011433 	    -1.#IND00 	    -1.#IND00 
10100 	 10 	       34.062 	        0.000 	   0.86089 	   0.00000 	    0.011413 	    -1.#IND00 	    -1.#IND00 
10200 	 10 	       34.058 	        0.000 	   0.86092 	   0.00000 	    0.011412 	    -1.#IND00 	    -1.#IND00 
10300 	 10 	       34.055 	        0.000 	   0.86095 	   0.00000 	    0.011411 	    -1.#IND00 	    -1.#IND00 
10400 	 10 	       34.054 	        0.000 	   0.86097 	   0.00000 	    0.011411 	    -1.#IND00 	    -1.#IND00 
10500 	 10 	       34.053 	        0.000 	   0.86098 	   0.00000 	    0.011411 	    -1.#IND00 	    -1.#IND00 
10600 	 10 	       34.052 	        0.000 	   0.86100 	   0.00000 	    0.011410 	    -1.#IND00 	    -1.#IND00 
10700 	 10 	       34.051 	        0.000 	   0.86101 	   0.00000 	    0.011410 	    -1.#IND00 	    -1.#IND00 
100 	 11 	       49.976 	        0.000 	   0.55733 	   0.00000 	    0.072758 	    -1.#IND00 	    -1.#IND00 
200 	 11 	       49.902 	        0.000 	   0.53340 	   0.00000 	    0.074598 	    -1.#IND00 	    -1.#IND00 
300 	 11 	       50.251 	        0.000 	   0.51689 	   0.00000 	    0.076649 	    -1.#IND00 	    -1.#IND00 
400 	 11 	       50.531 	        0.000 	   0.51642 	   0.00000 	    0.077256 	    -1.#IND00 	    -1.#IND00 
500 	 11 	       50.570 	        0.000 	   0.52262 	   0.00000 	    0.077105 	    -1.#IND00 	    -1.#IND00 
600 	 11 	       50.585 	        0.000 	   0.52654 	   0.00000 	    0.077093 	    -1.#IND00 	    -1.#IND00 
700 	 11 	       50.595 	        0.000 	   0.52823 	   0.00000 	    0.077143 	    -1.#IND00 	    -1.#IND00 
800 	 11 	       50.507 	        0.000 	   0.52962 	   0.00000 	    0.076991 	    -1.#IND00 	    -1.#IND00 
900 	 11 	       50.405 	        0.000 	   0.53331 	   0.00000 	    0.076673 	    -1.#IND00 	    -1.#IND00 
1000 	 11 	       40.924 	        0.000 	   0.76373 	   0.00000 	    0.034388 	    -1.#IND00 	    -1.#IND00 
1100 	 11 	       40.845 	        0.000 	   0.77845 	   0.00000 	    0.034306 	    -1.#IND00 	    -1.#IND00 
1200 	 11 	       40.811 	        0.000 	   0.77823 	   0.00000 	    0.034404 	    -1.#IND00 	    -1.#IND00 
1300 	 11 	       40.831 	        0.000 	   0.77856 	   0.00000 	    0.034537 	    -1.#IND00 	    -1.#IND00 
1400 	 11 	       40.872 	        0.000 	   0.77880 	   0.00000 	    0.034680 	    -1.#IND00 	    -1.#IND00 
1500 	 11 	       40.917 	        0.000 	   0.77884 	   0.00000 	    0.034808 	    -1.#IND00 	    -1.#IND00 
1600 	 11 	       40.963 	        0.000 	   0.77863 	   0.00000 	    0.034902 	    -1.#IND00 	    -1.#IND00 
1700 	 11 	       41.000 	        0.000 	   0.77807 	   0.00000 	    0.034955 	    -1.#IND00 	    -1.#IND00 
1800 	 11 	       41.020 	        0.000 	   0.77705 	   0.00000 	    0.034963 	    -1.#IND00 	    -1.#IND00 
1900 	 11 	       41.012 	        0.000 	   0.77549 	   0.00000 	    0.034912 	    -1.#IND00 	    -1.#IND00 
2000 	 11 	       38.184 	        0.000 	   0.81018 	   0.00000 	    0.022237 	    -1.#IND00 	    -1.#IND00 
2100 	 11 	       37.939 	        0.000 	   0.81755 	   0.00000 	    0.022322 	    -1.#IND00 	    -1.#IND00 
2200 	 11 	       38.063 	        0.000 	   0.81726 	   0.00000 	    0.022374 	    -1.#IND00 	    -1.#IND00 
2300 	 11 	       38.094 	        0.000 	   0.81746 	   0.00000 	    0.022401 	    -1.#IND00 	    -1.#IND00 
2400 	 11 	       38.097 	        0.000 	   0.81775 	   0.00000 	    0.022402 	    -1.#IND00 	    -1.#IND00 
2500 	 11 	       38.096 	        0.000 	   0.81811 	   0.00000 	    0.022396 	    -1.#IND00 	    -1.#IND00 
2600 	 11 	       38.093 	        0.000 	   0.81850 	   0.00000 	    0.022390 	    -1.#IND00 	    -1.#IND00 
2700 	 11 	       38.090 	        0.000 	   0.81890 	   0.00000 	    0.022386 	    -1.#IND00 	    -1.#IND00 
2800 	 11 	       38.085 	        0.000 	   0.81929 	   0.00000 	    0.022384 	    -1.#IND00 	    -1.#IND00 
2900 	 11 	       38.080 	        0.000 	   0.81967 	   0.00000 	    0.022383 	    -1.#IND00 	    -1.#IND00 
3000 	 11 	       37.002 	        0.000 	   0.82842 	   0.00000 	    0.018027 	    -1.#IND00 	    -1.#IND00 
3100 	 11 	       36.768 	        0.000 	   0.83309 	   0.00000 	    0.017957 	    -1.#IND00 	    -1.#IND00 
3200 	 11 	       36.739 	        0.000 	   0.83381 	   0.00000 	    0.017921 	    -1.#IND00 	    -1.#IND00 
3300 	 11 	       36.711 	        0.000 	   0.83440 	   0.00000 	    0.017876 	    -1.#IND00 	    -1.#IND00 
3400 	 11 	       36.680 	        0.000 	   0.83492 	   0.00000 	    0.017831 	    -1.#IND00 	    -1.#IND00 
3500 	 11 	       36.649 	        0.000 	   0.83542 	   0.00000 	    0.017792 	    -1.#IND00 	    -1.#IND00 
3600 	 11 	       36.612 	        0.000 	   0.83615 	   0.00000 	    0.017758 	    -1.#IND00 	    -1.#IND00 
3700 	 11 	       36.714 	        0.000 	   0.83678 	   0.00000 	    0.017820 	    -1.#IND00 	    -1.#IND00 
3800 	 11 	       36.789 	        0.000 	   0.83736 	   0.00000 	    0.017860 	    -1.#IND00 	    -1.#IND00 
3900 	 11 	       36.820 	        0.000 	   0.83789 	   0.00000 	    0.017869 	    -1.#IND00 	    -1.#IND00 
4000 	 11 	       36.207 	        0.000 	   0.84164 	   0.00000 	    0.015718 	    -1.#IND00 	    -1.#IND00 
4100 	 11 	       35.986 	        0.000 	   0.84533 	   0.00000 	    0.015599 	    -1.#IND00 	    -1.#IND00 
4200 	 11 	       35.944 	        0.000 	   0.84631 	   0.00000 	    0.015512 	    -1.#IND00 	    -1.#IND00 
4300 	 11 	       35.903 	        0.000 	   0.84719 	   0.00000 	    0.015409 	    -1.#IND00 	    -1.#IND00 
4400 	 11 	       35.854 	        0.000 	   0.84806 	   0.00000 	    0.015293 	    -1.#IND00 	    -1.#IND00 
4500 	 11 	       35.793 	        0.000 	   0.84896 	   0.00000 	    0.015165 	    -1.#IND00 	    -1.#IND00 
4600 	 11 	       35.733 	        0.000 	   0.84990 	   0.00000 	    0.015022 	    -1.#IND00 	    -1.#IND00 
4700 	 11 	       35.677 	        0.000 	   0.85090 	   0.00000 	    0.014857 	    -1.#IND00 	    -1.#IND00 
4800 	 11 	       35.616 	        0.000 	   0.85193 	   0.00000 	    0.014673 	    -1.#IND00 	    -1.#IND00 
4900 	 11 	       35.548 	        0.000 	   0.85292 	   0.00000 	    0.014478 	    -1.#IND00 	    -1.#IND00 
5000 	 11 	       35.135 	        0.000 	   0.85550 	   0.00000 	    0.013294 	    -1.#IND00 	    -1.#IND00 
5100 	 11 	       34.921 	        0.000 	   0.85801 	   0.00000 	    0.013093 	    -1.#IND00 	    -1.#IND00 
5200 	 11 	       34.856 	        0.000 	   0.85874 	   0.00000 	    0.012969 	    -1.#IND00 	    -1.#IND00 
5300 	 11 	       34.809 	        0.000 	   0.85926 	   0.00000 	    0.012870 	    -1.#IND00 	    -1.#IND00 
5400 	 11 	       34.774 	        0.000 	   0.85964 	   0.00000 	    0.012794 	    -1.#IND00 	    -1.#IND00 
5500 	 11 	       34.746 	        0.000 	   0.85995 	   0.00000 	    0.012735 	    -1.#IND00 	    -1.#IND00 
5600 	 11 	       34.724 	        0.000 	   0.86020 	   0.00000 	    0.012688 	    -1.#IND00 	    -1.#IND00 
5700 	 11 	       34.705 	        0.000 	   0.86041 	   0.00000 	    0.012652 	    -1.#IND00 	    -1.#IND00 
5800 	 11 	       34.688 	        0.000 	   0.86059 	   0.00000 	    0.012622 	    -1.#IND00 	    -1.#IND00 
5900 	 11 	       34.673 	        0.000 	   0.86074 	   0.00000 	    0.012597 	    -1.#IND00 	    -1.#IND00 
6000 	 11 	       34.443 	        0.000 	   0.86198 	   0.00000 	    0.012026 	    -1.#IND00 	    -1.#IND00 
6100 	 11 	       34.329 	        0.000 	   0.86317 	   0.00000 	    0.011970 	    -1.#IND00 	    -1.#IND00 
6200 	 11 	       34.306 	        0.000 	   0.86337 	   0.00000 	    0.011945 	    -1.#IND00 	    -1.#IND00 
6300 	 11 	       34.291 	        0.000 	   0.86352 	   0.00000 	    0.011925 	    -1.#IND00 	    -1.#IND00 
6400 	 11 	       34.279 	        0.000 	   0.86365 	   0.00000 	    0.011908 	    -1.#IND00 	    -1.#IND00 
6500 	 11 	       34.268 	        0.000 	   0.86377 	   0.00000 	    0.011894 	    -1.#IND00 	    -1.#IND00 
6600 	 11 	       34.256 	        0.000 	   0.86387 	   0.00000 	    0.011883 	    -1.#IND00 	    -1.#IND00 
6700 	 11 	       34.244 	        0.000 	   0.86396 	   0.00000 	    0.011872 	    -1.#IND00 	    -1.#IND00 
6800 	 11 	       34.233 	        0.000 	   0.86405 	   0.00000 	    0.011863 	    -1.#IND00 	    -1.#IND00 
6900 	 11 	       34.222 	        0.000 	   0.86413 	   0.00000 	    0.011854 	    -1.#IND00 	    -1.#IND00 
7000 	 11 	       34.064 	        0.000 	   0.86495 	   0.00000 	    0.011480 	    -1.#IND00 	    -1.#IND00 
7100 	 11 	       33.977 	        0.000 	   0.86576 	   0.00000 	    0.011440 	    -1.#IND00 	    -1.#IND00 
7200 	 11 	       33.957 	        0.000 	   0.86588 	   0.00000 	    0.011426 	    -1.#IND00 	    -1.#IND00 
7300 	 11 	       33.942 	        0.000 	   0.86598 	   0.00000 	    0.011413 	    -1.#IND00 	    -1.#IND00 
7400 	 11 	       33.929 	        0.000 	   0.86606 	   0.00000 	    0.011403 	    -1.#IND00 	    -1.#IND00 
7500 	 11 	       33.919 	        0.000 	   0.86612 	   0.00000 	    0.011394 	    -1.#IND00 	    -1.#IND00 
7600 	 11 	       33.910 	        0.000 	   0.86618 	   0.00000 	    0.011387 	    -1.#IND00 	    -1.#IND00 
7700 	 11 	       33.901 	        0.000 	   0.86624 	   0.00000 	    0.011380 	    -1.#IND00 	    -1.#IND00 
7800 	 11 	       33.893 	        0.000 	   0.86629 	   0.00000 	    0.011374 	    -1.#IND00 	    -1.#IND00 
7900 	 11 	       33.885 	        0.000 	   0.86634 	   0.00000 	    0.011369 	    -1.#IND00 	    -1.#IND00 
8000 	 11 	       33.774 	        0.000 	   0.86693 	   0.00000 	    0.011104 	    -1.#IND00 	    -1.#IND00 
8100 	 11 	       33.706 	        0.000 	   0.86752 	   0.00000 	    0.011072 	    -1.#IND00 	    -1.#IND00 
8200 	 11 	       33.690 	        0.000 	   0.86761 	   0.00000 	    0.011061 	    -1.#IND00 	    -1.#IND00 
8300 	 11 	       33.678 	        0.000 	   0.86768 	   0.00000 	    0.011052 	    -1.#IND00 	    -1.#IND00 
8400 	 11 	       33.667 	        0.000 	   0.86774 	   0.00000 	    0.011045 	    -1.#IND00 	    -1.#IND00 
8500 	 11 	       33.657 	        0.000 	   0.86780 	   0.00000 	    0.011038 	    -1.#IND00 	    -1.#IND00 
8600 	 11 	       33.647 	        0.000 	   0.86786 	   0.00000 	    0.011033 	    -1.#IND00 	    -1.#IND00 
8700 	 11 	       33.637 	        0.000 	   0.86791 	   0.00000 	    0.011028 	    -1.#IND00 	    -1.#IND00 
8800 	 11 	       33.626 	        0.000 	   0.86797 	   0.00000 	    0.011024 	    -1.#IND00 	    -1.#IND00 
8900 	 11 	       33.616 	        0.000 	   0.86802 	   0.00000 	    0.011020 	    -1.#IND00 	    -1.#IND00 
9000 	 11 	       33.530 	        0.000 	   0.86846 	   0.00000 	    0.010821 	    -1.#IND00 	    -1.#IND00 
9100 	 11 	       33.471 	        0.000 	   0.86894 	   0.00000 	    0.010793 	    -1.#IND00 	    -1.#IND00 
9200 	 11 	       33.455 	        0.000 	   0.86901 	   0.00000 	    0.010785 	    -1.#IND00 	    -1.#IND00 
9300 	 11 	       33.443 	        0.000 	   0.86908 	   0.00000 	    0.010777 	    -1.#IND00 	    -1.#IND00 
9400 	 11 	       33.433 	        0.000 	   0.86913 	   0.00000 	    0.010771 	    -1.#IND00 	    -1.#IND00 
9500 	 11 	       33.424 	        0.000 	   0.86917 	   0.00000 	    0.010765 	    -1.#IND00 	    -1.#IND00 
9600 	 11 	       33.415 	        0.000 	   0.86922 	   0.00000 	    0.010760 	    -1.#IND00 	    -1.#IND00 
9700 	 11 	       33.407 	        0.000 	   0.86926 	   0.00000 	    0.010755 	    -1.#IND00 	    -1.#IND00 
9800 	 11 	       33.400 	        0.000 	   0.86929 	   0.00000 	    0.010751 	    -1.#IND00 	    -1.#IND00 
9900 	 11 	       33.393 	        0.000 	   0.86933 	   0.00000 	    0.010747 	    -1.#IND00 	    -1.#IND00 
10000 	 11 	       33.330 	        0.000 	   0.86965 	   0.00000 	    0.010594 	    -1.#IND00 	    -1.#IND00 
10100 	 11 	       33.282 	        0.000 	   0.87004 	   0.00000 	    0.010570 	    -1.#IND00 	    -1.#IND00 
10200 	 11 	       33.269 	        0.000 	   0.87010 	   0.00000 	    0.010562 	    -1.#IND00 	    -1.#IND00 
10300 	 11 	       33.259 	        0.000 	   0.87015 	   0.00000 	    0.010556 	    -1.#IND00 	    -1.#IND00 
10400 	 11 	       33.251 	        0.000 	   0.87020 	   0.00000 	    0.010551 	    -1.#IND00 	    -1.#IND00 
10500 	 11 	       33.242 	        0.000 	   0.87024 	   0.00000 	    0.010546 	    -1.#IND00 	    -1.#IND00 
10600 	 11 	       33.234 	        0.000 	   0.87028 	   0.00000 	    0.010542 	    -1.#IND00 	    -1.#IND00 
10700 	 11 	       33.226 	        0.000 	   0.87032 	   0.00000 	    0.010538 	    -1.#IND00 	    -1.#IND00 
10800 	 11 	       33.218 	        0.000 	   0.87036 	   0.00000 	    0.010534 	    -1.#IND00 	    -1.#IND00 
10900 	 11 	       33.210 	        0.000 	   0.87040 	   0.00000 	    0.010531 	    -1.#IND00 	    -1.#IND00 
11000 	 11 	       33.159 	        0.000 	   0.87065 	   0.00000 	    0.010409 	    -1.#IND00 	    -1.#IND00 
11100 	 11 	       33.116 	        0.000 	   0.87098 	   0.00000 	    0.010387 	    -1.#IND00 	    -1.#IND00 
11200 	 11 	       33.102 	        0.000 	   0.87105 	   0.00000 	    0.010381 	    -1.#IND00 	    -1.#IND00 
11300 	 11 	       33.090 	        0.000 	   0.87110 	   0.00000 	    0.010376 	    -1.#IND00 	    -1.#IND00 
11400 	 11 	       33.080 	        0.000 	   0.87115 	   0.00000 	    0.010371 	    -1.#IND00 	    -1.#IND00 
11500 	 11 	       33.069 	        0.000 	   0.87119 	   0.00000 	    0.010367 	    -1.#IND00 	    -1.#IND00 
11600 	 11 	       33.060 	        0.000 	   0.87124 	   0.00000 	    0.010363 	    -1.#IND00 	    -1.#IND00 
11700 	 11 	       33.050 	        0.000 	   0.87128 	   0.00000 	    0.010360 	    -1.#IND00 	    -1.#IND00 
11800 	 11 	       33.041 	        0.000 	   0.87131 	   0.00000 	    0.010356 	    -1.#IND00 	    -1.#IND00 
11900 	 11 	       33.032 	        0.000 	   0.87135 	   0.00000 	    0.010353 	    -1.#IND00 	    -1.#IND00 
12000 	 11 	       32.988 	        0.000 	   0.87156 	   0.00000 	    0.010254 	    -1.#IND00 	    -1.#IND00 
12100 	 11 	       32.951 	        0.000 	   0.87185 	   0.00000 	    0.010235 	    -1.#IND00 	    -1.#IND00 
12200 	 11 	       32.937 	        0.000 	   0.87191 	   0.00000 	    0.010229 	    -1.#IND00 	    -1.#IND00 
12300 	 11 	       32.925 	        0.000 	   0.87197 	   0.00000 	    0.010223 	    -1.#IND00 	    -1.#IND00 
12400 	 11 	       32.915 	        0.000 	   0.87202 	   0.00000 	    0.010218 	    -1.#IND00 	    -1.#IND00 
12500 	 11 	       32.904 	        0.000 	   0.87209 	   0.00000 	    0.010213 	    -1.#IND00 	    -1.#IND00 
12600 	 11 	       32.894 	        0.000 	   0.87215 	   0.00000 	    0.010208 	    -1.#IND00 	    -1.#IND00 
12700 	 11 	       32.882 	        0.000 	   0.87223 	   0.00000 	    0.010202 	    -1.#IND00 	    -1.#IND00 
12800 	 11 	       32.869 	        0.000 	   0.87233 	   0.00000 	    0.010195 	    -1.#IND00 	    -1.#IND00 
12900 	 11 	       32.855 	        0.000 	   0.87245 	   0.00000 	    0.010186 	    -1.#IND00 	    -1.#IND00 
13000 	 11 	       32.809 	        0.000 	   0.87275 	   0.00000 	    0.010095 	    -1.#IND00 	    -1.#IND00 
13100 	 11 	       32.759 	        0.000 	   0.87325 	   0.00000 	    0.010059 	    -1.#IND00 	    -1.#IND00 
13200 	 11 	       32.717 	        0.000 	   0.87373 	   0.00000 	    0.010023 	    -1.#IND00 	    -1.#IND00 
13300 	 11 	       32.680 	        0.000 	   0.87424 	   0.00000 	    0.009986 	    -1.#IND00 	    -1.#IND00 
13400 	 11 	       32.660 	        0.000 	   0.87457 	   0.00000 	    0.009963 	    -1.#IND00 	    -1.#IND00 
13500 	 11 	       32.649 	        0.000 	   0.87475 	   0.00000 	    0.009951 	    -1.#IND00 	    -1.#IND00 
13600 	 11 	       32.639 	        0.000 	   0.87486 	   0.00000 	    0.009943 	    -1.#IND00 	    -1.#IND00 
13700 	 11 	       32.629 	        0.000 	   0.87494 	   0.00000 	    0.009936 	    -1.#IND00 	    -1.#IND00 
13800 	 11 	       32.618 	        0.000 	   0.87501 	   0.00000 	    0.009930 	    -1.#IND00 	    -1.#IND00 
13900 	 11 	       32.605 	        0.000 	   0.87509 	   0.00000 	    0.009924 	    -1.#IND00 	    -1.#IND00 
14000 	 11 	       32.567 	        0.000 	   0.87522 	   0.00000 	    0.009854 	    -1.#IND00 	    -1.#IND00 
14100 	 11 	       32.534 	        0.000 	   0.87547 	   0.00000 	    0.009835 	    -1.#IND00 	    -1.#IND00 
14200 	 11 	       32.519 	        0.000 	   0.87556 	   0.00000 	    0.009826 	    -1.#IND00 	    -1.#IND00 
14300 	 11 	       32.506 	        0.000 	   0.87564 	   0.00000 	    0.009819 	    -1.#IND00 	    -1.#IND00 
14400 	 11 	       32.494 	        0.000 	   0.87570 	   0.00000 	    0.009812 	    -1.#IND00 	    -1.#IND00 
14500 	 11 	       32.483 	        0.000 	   0.87576 	   0.00000 	    0.009805 	    -1.#IND00 	    -1.#IND00 
14600 	 11 	       32.472 	        0.000 	   0.87582 	   0.00000 	    0.009799 	    -1.#IND00 	    -1.#IND00 
14700 	 11 	       32.462 	        0.000 	   0.87588 	   0.00000 	    0.009793 	    -1.#IND00 	    -1.#IND00 
14800 	 11 	       32.452 	        0.000 	   0.87593 	   0.00000 	    0.009786 	    -1.#IND00 	    -1.#IND00 
14900 	 11 	       32.442 	        0.000 	   0.87598 	   0.00000 	    0.009781 	    -1.#IND00 	    -1.#IND00 
15000 	 11 	       32.413 	        0.000 	   0.87608 	   0.00000 	    0.009722 	    -1.#IND00 	    -1.#IND00 
15100 	 11 	       32.389 	        0.000 	   0.87628 	   0.00000 	    0.009705 	    -1.#IND00 	    -1.#IND00 
15200 	 11 	       32.380 	        0.000 	   0.87635 	   0.00000 	    0.009698 	    -1.#IND00 	    -1.#IND00 
15300 	 11 	       32.371 	        0.000 	   0.87641 	   0.00000 	    0.009692 	    -1.#IND00 	    -1.#IND00 
15400 	 11 	       32.364 	        0.000 	   0.87645 	   0.00000 	    0.009687 	    -1.#IND00 	    -1.#IND00 
15500 	 11 	       32.357 	        0.000 	   0.87650 	   0.00000 	    0.009681 	    -1.#IND00 	    -1.#IND00 
15600 	 11 	       32.350 	        0.000 	   0.87655 	   0.00000 	    0.009676 	    -1.#IND00 	    -1.#IND00 
15700 	 11 	       32.343 	        0.000 	   0.87659 	   0.00000 	    0.009671 	    -1.#IND00 	    -1.#IND00 
15800 	 11 	       32.337 	        0.000 	   0.87663 	   0.00000 	    0.009666 	    -1.#IND00 	    -1.#IND00 
15900 	 11 	       32.331 	        0.000 	   0.87668 	   0.00000 	    0.009661 	    -1.#IND00 	    -1.#IND00 
16000 	 11 	       32.308 	        0.000 	   0.87675 	   0.00000 	    0.009612 	    -1.#IND00 	    -1.#IND00 
16100 	 11 	       32.288 	        0.000 	   0.87693 	   0.00000 	    0.009597 	    -1.#IND00 	    -1.#IND00 
16200 	 11 	       32.281 	        0.000 	   0.87699 	   0.00000 	    0.009591 	    -1.#IND00 	    -1.#IND00 
16300 	 11 	       32.275 	        0.000 	   0.87704 	   0.00000 	    0.009586 	    -1.#IND00 	    -1.#IND00 
16400 	 11 	       32.269 	        0.000 	   0.87708 	   0.00000 	    0.009581 	    -1.#IND00 	    -1.#IND00 
16500 	 11 	       32.263 	        0.000 	   0.87713 	   0.00000 	    0.009576 	    -1.#IND00 	    -1.#IND00 
16600 	 11 	       32.258 	        0.000 	   0.87717 	   0.00000 	    0.009572 	    -1.#IND00 	    -1.#IND00 
16700 	 11 	       32.252 	        0.000 	   0.87721 	   0.00000 	    0.009567 	    -1.#IND00 	    -1.#IND00 
16800 	 11 	       32.247 	        0.000 	   0.87726 	   0.00000 	    0.009562 	    -1.#IND00 	    -1.#IND00 
16900 	 11 	       32.242 	        0.000 	   0.87730 	   0.00000 	    0.009558 	    -1.#IND00 	    -1.#IND00 
17000 	 11 	       32.222 	        0.000 	   0.87737 	   0.00000 	    0.009515 	    -1.#IND00 	    -1.#IND00 
17100 	 11 	       32.205 	        0.000 	   0.87753 	   0.00000 	    0.009502 	    -1.#IND00 	    -1.#IND00 
17200 	 11 	       32.198 	        0.000 	   0.87759 	   0.00000 	    0.009496 	    -1.#IND00 	    -1.#IND00 
17300 	 11 	       32.193 	        0.000 	   0.87764 	   0.00000 	    0.009491 	    -1.#IND00 	    -1.#IND00 
17400 	 11 	       32.188 	        0.000 	   0.87768 	   0.00000 	    0.009486 	    -1.#IND00 	    -1.#IND00 
17500 	 11 	       32.183 	        0.000 	   0.87772 	   0.00000 	    0.009482 	    -1.#IND00 	    -1.#IND00 
17600 	 11 	       32.178 	        0.000 	   0.87776 	   0.00000 	    0.009478 	    -1.#IND00 	    -1.#IND00 
17700 	 11 	       32.172 	        0.000 	   0.87779 	   0.00000 	    0.009474 	    -1.#IND00 	    -1.#IND00 
17800 	 11 	       32.167 	        0.000 	   0.87783 	   0.00000 	    0.009470 	    -1.#IND00 	    -1.#IND00 
17900 	 11 	       32.161 	        0.000 	   0.87787 	   0.00000 	    0.009466 	    -1.#IND00 	    -1.#IND00 
18000 	 11 	       32.144 	        0.000 	   0.87792 	   0.00000 	    0.009430 	    -1.#IND00 	    -1.#IND00 
18100 	 11 	       32.128 	        0.000 	   0.87806 	   0.00000 	    0.009418 	    -1.#IND00 	    -1.#IND00 
18200 	 11 	       32.123 	        0.000 	   0.87810 	   0.00000 	    0.009413 	    -1.#IND00 	    -1.#IND00 
18300 	 11 	       32.118 	        0.000 	   0.87814 	   0.00000 	    0.009409 	    -1.#IND00 	    -1.#IND00 
18400 	 11 	       32.113 	        0.000 	   0.87817 	   0.00000 	    0.009406 	    -1.#IND00 	    -1.#IND00 
18500 	 11 	       32.108 	        0.000 	   0.87820 	   0.00000 	    0.009403 	    -1.#IND00 	    -1.#IND00 
18600 	 11 	       32.104 	        0.000 	   0.87823 	   0.00000 	    0.009399 	    -1.#IND00 	    -1.#IND00 
18700 	 11 	       32.099 	        0.000 	   0.87825 	   0.00000 	    0.009396 	    -1.#IND00 	    -1.#IND00 
18800 	 11 	       32.095 	        0.000 	   0.87828 	   0.00000 	    0.009393 	    -1.#IND00 	    -1.#IND00 
18900 	 11 	       32.090 	        0.000 	   0.87831 	   0.00000 	    0.009390 	    -1.#IND00 	    -1.#IND00 
19000 	 11 	       32.076 	        0.000 	   0.87835 	   0.00000 	    0.009359 	    -1.#IND00 	    -1.#IND00 
19100 	 11 	       32.062 	        0.000 	   0.87847 	   0.00000 	    0.009348 	    -1.#IND00 	    -1.#IND00 
19200 	 11 	       32.057 	        0.000 	   0.87851 	   0.00000 	    0.009344 	    -1.#IND00 	    -1.#IND00 
19300 	 11 	       32.053 	        0.000 	   0.87854 	   0.00000 	    0.009340 	    -1.#IND00 	    -1.#IND00 
19400 	 11 	       32.049 	        0.000 	   0.87857 	   0.00000 	    0.009337 	    -1.#IND00 	    -1.#IND00 
19500 	 11 	       32.045 	        0.000 	   0.87859 	   0.00000 	    0.009335 	    -1.#IND00 	    -1.#IND00 
19600 	 11 	       32.041 	        0.000 	   0.87862 	   0.00000 	    0.009332 	    -1.#IND00 	    -1.#IND00 
19700 	 11 	       32.037 	        0.000 	   0.87865 	   0.00000 	    0.009329 	    -1.#IND00 	    -1.#IND00 
19800 	 11 	       32.032 	        0.000 	   0.87867 	   0.00000 	    0.009326 	    -1.#IND00 	    -1.#IND00 
19900 	 11 	       32.028 	        0.000 	   0.87870 	   0.00000 	    0.009323 	    -1.#IND00 	    -1.#IND00 
20000 	 11 	       32.016 	        0.000 	   0.87873 	   0.00000 	    0.009295 	    -1.#IND00 	    -1.#IND00 
100 	 12 	       51.036 	        0.000 	   0.52607 	   0.00000 	    0.075653 	    -1.#IND00 	    -1.#IND00 
200 	 12 	       52.349 	        0.000 	   0.51499 	   0.00000 	    0.080631 	    -1.#IND00 	    -1.#IND00 
300 	 12 	       52.891 	        0.000 	   0.51236 	   0.00000 	    0.082240 	    -1.#IND00 	    -1.#IND00 
400 	 12 	       53.173 	        0.000 	   0.51951 	   0.00000 	    0.082660 	    -1.#IND00 	    -1.#IND00 
500 	 12 	       52.876 	        0.000 	   0.54039 	   0.00000 	    0.081424 	    -1.#IND00 	    -1.#IND00 
600 	 12 	       52.968 	        0.000 	   0.55171 	   0.00000 	    0.080738 	    -1.#IND00 	    -1.#IND00 
700 	 12 	       52.912 	        0.000 	   0.56545 	   0.00000 	    0.080595 	    -1.#IND00 	    -1.#IND00 
800 	 12 	       52.855 	        0.000 	   0.56756 	   0.00000 	    0.080505 	    -1.#IND00 	    -1.#IND00 
900 	 12 	       52.884 	        0.000 	   0.56805 	   0.00000 	    0.080644 	    -1.#IND00 	    -1.#IND00 
1000 	 12 	       40.318 	        0.000 	   0.81192 	   0.00000 	    0.032018 	    -1.#IND00 	    -1.#IND00 
1100 	 12 	       40.171 	        0.000 	   0.81161 	   0.00000 	    0.032614 	    -1.#IND00 	    -1.#IND00 
1200 	 12 	       40.445 	        0.000 	   0.80487 	   0.00000 	    0.033555 	    -1.#IND00 	    -1.#IND00 
1300 	 12 	       40.580 	        0.000 	   0.80027 	   0.00000 	    0.034028 	    -1.#IND00 	    -1.#IND00 
1400 	 12 	       40.647 	        0.000 	   0.79710 	   0.00000 	    0.034264 	    -1.#IND00 	    -1.#IND00 
1500 	 12 	       40.686 	        0.000 	   0.79471 	   0.00000 	    0.034398 	    -1.#IND00 	    -1.#IND00 
1600 	 12 	       40.711 	        0.000 	   0.79278 	   0.00000 	    0.034488 	    -1.#IND00 	    -1.#IND00 
1700 	 12 	       40.732 	        0.000 	   0.79118 	   0.00000 	    0.034553 	    -1.#IND00 	    -1.#IND00 
1800 	 12 	       40.748 	        0.000 	   0.78988 	   0.00000 	    0.034598 	    -1.#IND00 	    -1.#IND00 
1900 	 12 	       40.761 	        0.000 	   0.78884 	   0.00000 	    0.034622 	    -1.#IND00 	    -1.#IND00 
2000 	 12 	       36.229 	        0.000 	   0.83501 	   0.00000 	    0.020773 	    -1.#IND00 	    -1.#IND00 
2100 	 12 	       36.654 	        0.000 	   0.82701 	   0.00000 	    0.022819 	    -1.#IND00 	    -1.#IND00 
2200 	 12 	       36.703 	        0.000 	   0.82643 	   0.00000 	    0.022993 	    -1.#IND00 	    -1.#IND00 
2300 	 12 	       36.733 	        0.000 	   0.82606 	   0.00000 	    0.023082 	    -1.#IND00 	    -1.#IND00 
2400 	 12 	       36.754 	        0.000 	   0.82569 	   0.00000 	    0.023148 	    -1.#IND00 	    -1.#IND00 
2500 	 12 	       36.772 	        0.000 	   0.82532 	   0.00000 	    0.023200 	    -1.#IND00 	    -1.#IND00 
2600 	 12 	       36.786 	        0.000 	   0.82496 	   0.00000 	    0.023243 	    -1.#IND00 	    -1.#IND00 
2700 	 12 	       36.799 	        0.000 	   0.82463 	   0.00000 	    0.023279 	    -1.#IND00 	    -1.#IND00 
2800 	 12 	       36.810 	        0.000 	   0.82433 	   0.00000 	    0.023310 	    -1.#IND00 	    -1.#IND00 
2900 	 12 	       36.820 	        0.000 	   0.82404 	   0.00000 	    0.023337 	    -1.#IND00 	    -1.#IND00 
3000 	 12 	       34.673 	        0.000 	   0.84383 	   0.00000 	    0.017335 	    -1.#IND00 	    -1.#IND00 
3100 	 12 	       34.827 	        0.000 	   0.84182 	   0.00000 	    0.018094 	    -1.#IND00 	    -1.#IND00 
3200 	 12 	       34.835 	        0.000 	   0.84162 	   0.00000 	    0.018128 	    -1.#IND00 	    -1.#IND00 
3300 	 12 	       34.841 	        0.000 	   0.84143 	   0.00000 	    0.018151 	    -1.#IND00 	    -1.#IND00 
3400 	 12 	       34.846 	        0.000 	   0.84123 	   0.00000 	    0.018170 	    -1.#IND00 	    -1.#IND00 
3500 	 12 	       34.852 	        0.000 	   0.84104 	   0.00000 	    0.018189 	    -1.#IND00 	    -1.#IND00 
3600 	 12 	       34.858 	        0.000 	   0.84085 	   0.00000 	    0.018207 	    -1.#IND00 	    -1.#IND00 
3700 	 12 	       34.864 	        0.000 	   0.84066 	   0.00000 	    0.018223 	    -1.#IND00 	    -1.#IND00 
3800 	 12 	       34.870 	        0.000 	   0.84048 	   0.00000 	    0.018239 	    -1.#IND00 	    -1.#IND00 
3900 	 12 	       34.876 	        0.000 	   0.84031 	   0.00000 	    0.018254 	    -1.#IND00 	    -1.#IND00 
4000 	 12 	       33.776 	        0.000 	   0.84955 	   0.00000 	    0.015383 	    -1.#IND00 	    -1.#IND00 
4100 	 12 	       33.752 	        0.000 	   0.84980 	   0.00000 	    0.015634 	    -1.#IND00 	    -1.#IND00 
4200 	 12 	       33.744 	        0.000 	   0.84981 	   0.00000 	    0.015634 	    -1.#IND00 	    -1.#IND00 
4300 	 12 	       33.741 	        0.000 	   0.84976 	   0.00000 	    0.015639 	    -1.#IND00 	    -1.#IND00 
4400 	 12 	       33.741 	        0.000 	   0.84969 	   0.00000 	    0.015646 	    -1.#IND00 	    -1.#IND00 
4500 	 12 	       33.741 	        0.000 	   0.84962 	   0.00000 	    0.015653 	    -1.#IND00 	    -1.#IND00 
4600 	 12 	       33.740 	        0.000 	   0.84955 	   0.00000 	    0.015660 	    -1.#IND00 	    -1.#IND00 
4700 	 12 	       33.738 	        0.000 	   0.84948 	   0.00000 	    0.015666 	    -1.#IND00 	    -1.#IND00 
4800 	 12 	       33.733 	        0.000 	   0.84943 	   0.00000 	    0.015670 	    -1.#IND00 	    -1.#IND00 
4900 	 12 	       33.721 	        0.000 	   0.84942 	   0.00000 	    0.015672 	    -1.#IND00 	    -1.#IND00 
5000 	 12 	       33.079 	        0.000 	   0.85453 	   0.00000 	    0.014129 	    -1.#IND00 	    -1.#IND00 
5100 	 12 	       32.984 	        0.000 	   0.85550 	   0.00000 	    0.014176 	    -1.#IND00 	    -1.#IND00 
5200 	 12 	       32.951 	        0.000 	   0.85568 	   0.00000 	    0.014160 	    -1.#IND00 	    -1.#IND00 
5300 	 12 	       32.930 	        0.000 	   0.85577 	   0.00000 	    0.014155 	    -1.#IND00 	    -1.#IND00 
5400 	 12 	       32.916 	        0.000 	   0.85582 	   0.00000 	    0.014154 	    -1.#IND00 	    -1.#IND00 
5500 	 12 	       32.907 	        0.000 	   0.85585 	   0.00000 	    0.014155 	    -1.#IND00 	    -1.#IND00 
5600 	 12 	       32.903 	        0.000 	   0.85587 	   0.00000 	    0.014157 	    -1.#IND00 	    -1.#IND00 
5700 	 12 	       32.901 	        0.000 	   0.85588 	   0.00000 	    0.014160 	    -1.#IND00 	    -1.#IND00 
5800 	 12 	       32.901 	        0.000 	   0.85587 	   0.00000 	    0.014163 	    -1.#IND00 	    -1.#IND00 
5900 	 12 	       32.902 	        0.000 	   0.85587 	   0.00000 	    0.014167 	    -1.#IND00 	    -1.#IND00 
6000 	 12 	       32.507 	        0.000 	   0.85889 	   0.00000 	    0.013261 	    -1.#IND00 	    -1.#IND00 
6100 	 12 	       32.422 	        0.000 	   0.85984 	   0.00000 	    0.013243 	    -1.#IND00 	    -1.#IND00 
6200 	 12 	       32.406 	        0.000 	   0.85995 	   0.00000 	    0.013233 	    -1.#IND00 	    -1.#IND00 
6300 	 12 	       32.397 	        0.000 	   0.85998 	   0.00000 	    0.013231 	    -1.#IND00 	    -1.#IND00 
6400 	 12 	       32.390 	        0.000 	   0.85999 	   0.00000 	    0.013231 	    -1.#IND00 	    -1.#IND00 
6500 	 12 	       32.386 	        0.000 	   0.86000 	   0.00000 	    0.013232 	    -1.#IND00 	    -1.#IND00 
6600 	 12 	       32.384 	        0.000 	   0.86000 	   0.00000 	    0.013234 	    -1.#IND00 	    -1.#IND00 
6700 	 12 	       32.382 	        0.000 	   0.85999 	   0.00000 	    0.013235 	    -1.#IND00 	    -1.#IND00 
6800 	 12 	       32.380 	        0.000 	   0.85998 	   0.00000 	    0.013237 	    -1.#IND00 	    -1.#IND00 
6900 	 12 	       32.379 	        0.000 	   0.85997 	   0.00000 	    0.013240 	    -1.#IND00 	    -1.#IND00 
7000 	 12 	       32.124 	        0.000 	   0.86195 	   0.00000 	    0.012655 	    -1.#IND00 	    -1.#IND00 
7100 	 12 	       32.041 	        0.000 	   0.86284 	   0.00000 	    0.012613 	    -1.#IND00 	    -1.#IND00 
7200 	 12 	       32.029 	        0.000 	   0.86292 	   0.00000 	    0.012606 	    -1.#IND00 	    -1.#IND00 
7300 	 12 	       32.022 	        0.000 	   0.86294 	   0.00000 	    0.012605 	    -1.#IND00 	    -1.#IND00 
7400 	 12 	       32.017 	        0.000 	   0.86296 	   0.00000 	    0.012605 	    -1.#IND00 	    -1.#IND00 
7500 	 12 	       32.013 	        0.000 	   0.86297 	   0.00000 	    0.012605 	    -1.#IND00 	    -1.#IND00 
7600 	 12 	       32.011 	        0.000 	   0.86298 	   0.00000 	    0.012606 	    -1.#IND00 	    -1.#IND00 
7700 	 12 	       32.008 	        0.000 	   0.86298 	   0.00000 	    0.012606 	    -1.#IND00 	    -1.#IND00 
7800 	 12 	       32.006 	        0.000 	   0.86298 	   0.00000 	    0.012608 	    -1.#IND00 	    -1.#IND00 
7900 	 12 	       32.005 	        0.000 	   0.86299 	   0.00000 	    0.012609 	    -1.#IND00 	    -1.#IND00 
8000 	 12 	       31.828 	        0.000 	   0.86437 	   0.00000 	    0.012204 	    -1.#IND00 	    -1.#IND00 
8100 	 12 	       31.754 	        0.000 	   0.86518 	   0.00000 	    0.012153 	    -1.#IND00 	    -1.#IND00 
8200 	 12 	       31.746 	        0.000 	   0.86524 	   0.00000 	    0.012148 	    -1.#IND00 	    -1.#IND00 
8300 	 12 	       31.739 	        0.000 	   0.86527 	   0.00000 	    0.012148 	    -1.#IND00 	    -1.#IND00 
8400 	 12 	       31.734 	        0.000 	   0.86530 	   0.00000 	    0.012149 	    -1.#IND00 	    -1.#IND00 
8500 	 12 	       31.729 	        0.000 	   0.86532 	   0.00000 	    0.012149 	    -1.#IND00 	    -1.#IND00 
8600 	 12 	       31.725 	        0.000 	   0.86535 	   0.00000 	    0.012149 	    -1.#IND00 	    -1.#IND00 
8700 	 12 	       31.720 	        0.000 	   0.86539 	   0.00000 	    0.012149 	    -1.#IND00 	    -1.#IND00 
8800 	 12 	       31.715 	        0.000 	   0.86543 	   0.00000 	    0.012149 	    -1.#IND00 	    -1.#IND00 
8900 	 12 	       31.708 	        0.000 	   0.86549 	   0.00000 	    0.012149 	    -1.#IND00 	    -1.#IND00 
9000 	 12 	       31.570 	        0.000 	   0.86657 	   0.00000 	    0.011849 	    -1.#IND00 	    -1.#IND00 
9100 	 12 	       31.495 	        0.000 	   0.86735 	   0.00000 	    0.011795 	    -1.#IND00 	    -1.#IND00 
9200 	 12 	       31.476 	        0.000 	   0.86745 	   0.00000 	    0.011790 	    -1.#IND00 	    -1.#IND00 
9300 	 12 	       31.462 	        0.000 	   0.86751 	   0.00000 	    0.011789 	    -1.#IND00 	    -1.#IND00 
9400 	 12 	       31.453 	        0.000 	   0.86755 	   0.00000 	    0.011789 	    -1.#IND00 	    -1.#IND00 
9500 	 12 	       31.445 	        0.000 	   0.86758 	   0.00000 	    0.011789 	    -1.#IND00 	    -1.#IND00 
9600 	 12 	       31.439 	        0.000 	   0.86760 	   0.00000 	    0.011790 	    -1.#IND00 	    -1.#IND00 
9700 	 12 	       31.433 	        0.000 	   0.86761 	   0.00000 	    0.011792 	    -1.#IND00 	    -1.#IND00 
9800 	 12 	       31.429 	        0.000 	   0.86762 	   0.00000 	    0.011794 	    -1.#IND00 	    -1.#IND00 
9900 	 12 	       31.425 	        0.000 	   0.86762 	   0.00000 	    0.011797 	    -1.#IND00 	    -1.#IND00 
10000 	 12 	       31.326 	        0.000 	   0.86837 	   0.00000 	    0.011569 	    -1.#IND00 	    -1.#IND00 
10100 	 12 	       31.266 	        0.000 	   0.86899 	   0.00000 	    0.011520 	    -1.#IND00 	    -1.#IND00 
10200 	 12 	       31.256 	        0.000 	   0.86902 	   0.00000 	    0.011519 	    -1.#IND00 	    -1.#IND00 
10300 	 12 	       31.250 	        0.000 	   0.86904 	   0.00000 	    0.011521 	    -1.#IND00 	    -1.#IND00 
10400 	 12 	       31.245 	        0.000 	   0.86904 	   0.00000 	    0.011523 	    -1.#IND00 	    -1.#IND00 
10500 	 12 	       31.242 	        0.000 	   0.86905 	   0.00000 	    0.011525 	    -1.#IND00 	    -1.#IND00 
10600 	 12 	       31.240 	        0.000 	   0.86905 	   0.00000 	    0.011527 	    -1.#IND00 	    -1.#IND00 
10700 	 12 	       31.239 	        0.000 	   0.86905 	   0.00000 	    0.011529 	    -1.#IND00 	    -1.#IND00 
10800 	 12 	       31.238 	        0.000 	   0.86905 	   0.00000 	    0.011531 	    -1.#IND00 	    -1.#IND00 
10900 	 12 	       31.237 	        0.000 	   0.86904 	   0.00000 	    0.011534 	    -1.#IND00 	    -1.#IND00 
11000 	 12 	       31.164 	        0.000 	   0.86963 	   0.00000 	    0.011351 	    -1.#IND00 	    -1.#IND00 
11100 	 12 	       31.112 	        0.000 	   0.87017 	   0.00000 	    0.011305 	    -1.#IND00 	    -1.#IND00 
11200 	 12 	       31.103 	        0.000 	   0.87020 	   0.00000 	    0.011304 	    -1.#IND00 	    -1.#IND00 
11300 	 12 	       31.099 	        0.000 	   0.87020 	   0.00000 	    0.011306 	    -1.#IND00 	    -1.#IND00 
11400 	 12 	       31.097 	        0.000 	   0.87020 	   0.00000 	    0.011308 	    -1.#IND00 	    -1.#IND00 
11500 	 12 	       31.095 	        0.000 	   0.87020 	   0.00000 	    0.011310 	    -1.#IND00 	    -1.#IND00 
11600 	 12 	       31.094 	        0.000 	   0.87020 	   0.00000 	    0.011312 	    -1.#IND00 	    -1.#IND00 
11700 	 12 	       31.094 	        0.000 	   0.87019 	   0.00000 	    0.011314 	    -1.#IND00 	    -1.#IND00 
11800 	 12 	       31.093 	        0.000 	   0.87019 	   0.00000 	    0.011317 	    -1.#IND00 	    -1.#IND00 
11900 	 12 	       31.093 	        0.000 	   0.87018 	   0.00000 	    0.011319 	    -1.#IND00 	    -1.#IND00 
12000 	 12 	       31.036 	        0.000 	   0.87066 	   0.00000 	    0.011167 	    -1.#IND00 	    -1.#IND00 
12100 	 12 	       30.993 	        0.000 	   0.87114 	   0.00000 	    0.011123 	    -1.#IND00 	    -1.#IND00 
12200 	 12 	       30.986 	        0.000 	   0.87117 	   0.00000 	    0.011122 	    -1.#IND00 	    -1.#IND00 
12300 	 12 	       30.982 	        0.000 	   0.87117 	   0.00000 	    0.011124 	    -1.#IND00 	    -1.#IND00 
12400 	 12 	       30.981 	        0.000 	   0.87117 	   0.00000 	    0.011126 	    -1.#IND00 	    -1.#IND00 
12500 	 12 	       30.979 	        0.000 	   0.87117 	   0.00000 	    0.011127 	    -1.#IND00 	    -1.#IND00 
12600 	 12 	       30.979 	        0.000 	   0.87116 	   0.00000 	    0.011129 	    -1.#IND00 	    -1.#IND00 
12700 	 12 	       30.978 	        0.000 	   0.87116 	   0.00000 	    0.011131 	    -1.#IND00 	    -1.#IND00 
12800 	 12 	       30.978 	        0.000 	   0.87115 	   0.00000 	    0.011134 	    -1.#IND00 	    -1.#IND00 
12900 	 12 	       30.978 	        0.000 	   0.87115 	   0.00000 	    0.011136 	    -1.#IND00 	    -1.#IND00 
13000 	 12 	       30.934 	        0.000 	   0.87156 	   0.00000 	    0.011005 	    -1.#IND00 	    -1.#IND00 
13100 	 12 	       30.903 	        0.000 	   0.87199 	   0.00000 	    0.010964 	    -1.#IND00 	    -1.#IND00 
13200 	 12 	       30.897 	        0.000 	   0.87202 	   0.00000 	    0.010963 	    -1.#IND00 	    -1.#IND00 
13300 	 12 	       30.895 	        0.000 	   0.87202 	   0.00000 	    0.010964 	    -1.#IND00 	    -1.#IND00 
13400 	 12 	       30.893 	        0.000 	   0.87202 	   0.00000 	    0.010966 	    -1.#IND00 	    -1.#IND00 
13500 	 12 	       30.892 	        0.000 	   0.87202 	   0.00000 	    0.010967 	    -1.#IND00 	    -1.#IND00 
13600 	 12 	       30.892 	        0.000 	   0.87201 	   0.00000 	    0.010969 	    -1.#IND00 	    -1.#IND00 
13700 	 12 	       30.892 	        0.000 	   0.87201 	   0.00000 	    0.010971 	    -1.#IND00 	    -1.#IND00 
13800 	 12 	       30.892 	        0.000 	   0.87201 	   0.00000 	    0.010973 	    -1.#IND00 	    -1.#IND00 
13900 	 12 	       30.892 	        0.000 	   0.87200 	   0.00000 	    0.010975 	    -1.#IND00 	    -1.#IND00 
14000 	 12 	       30.856 	        0.000 	   0.87236 	   0.00000 	    0.010860 	    -1.#IND00 	    -1.#IND00 
14100 	 12 	       30.829 	        0.000 	   0.87276 	   0.00000 	    0.010821 	    -1.#IND00 	    -1.#IND00 
14200 	 12 	       30.822 	        0.000 	   0.87279 	   0.00000 	    0.010819 	    -1.#IND00 	    -1.#IND00 
14300 	 12 	       30.819 	        0.000 	   0.87279 	   0.00000 	    0.010820 	    -1.#IND00 	    -1.#IND00 
14400 	 12 	       30.818 	        0.000 	   0.87279 	   0.00000 	    0.010821 	    -1.#IND00 	    -1.#IND00 
14500 	 12 	       30.816 	        0.000 	   0.87279 	   0.00000 	    0.010823 	    -1.#IND00 	    -1.#IND00 
14600 	 12 	       30.816 	        0.000 	   0.87279 	   0.00000 	    0.010824 	    -1.#IND00 	    -1.#IND00 
14700 	 12 	       30.815 	        0.000 	   0.87279 	   0.00000 	    0.010826 	    -1.#IND00 	    -1.#IND00 
14800 	 12 	       30.815 	        0.000 	   0.87279 	   0.00000 	    0.010827 	    -1.#IND00 	    -1.#IND00 
14900 	 12 	       30.815 	        0.000 	   0.87278 	   0.00000 	    0.010829 	    -1.#IND00 	    -1.#IND00 
15000 	 12 	       30.783 	        0.000 	   0.87310 	   0.00000 	    0.010727 	    -1.#IND00 	    -1.#IND00 
15100 	 12 	       30.758 	        0.000 	   0.87348 	   0.00000 	    0.010690 	    -1.#IND00 	    -1.#IND00 
15200 	 12 	       30.751 	        0.000 	   0.87351 	   0.00000 	    0.010687 	    -1.#IND00 	    -1.#IND00 
15300 	 12 	       30.748 	        0.000 	   0.87351 	   0.00000 	    0.010687 	    -1.#IND00 	    -1.#IND00 
15400 	 12 	       30.746 	        0.000 	   0.87352 	   0.00000 	    0.010688 	    -1.#IND00 	    -1.#IND00 
15500 	 12 	       30.744 	        0.000 	   0.87352 	   0.00000 	    0.010689 	    -1.#IND00 	    -1.#IND00 
15600 	 12 	       30.743 	        0.000 	   0.87352 	   0.00000 	    0.010690 	    -1.#IND00 	    -1.#IND00 
15700 	 12 	       30.742 	        0.000 	   0.87352 	   0.00000 	    0.010691 	    -1.#IND00 	    -1.#IND00 
15800 	 12 	       30.742 	        0.000 	   0.87352 	   0.00000 	    0.010692 	    -1.#IND00 	    -1.#IND00 
15900 	 12 	       30.741 	        0.000 	   0.87352 	   0.00000 	    0.010694 	    -1.#IND00 	    -1.#IND00 
16000 	 12 	       30.713 	        0.000 	   0.87381 	   0.00000 	    0.010602 	    -1.#IND00 	    -1.#IND00 
16100 	 12 	       30.690 	        0.000 	   0.87417 	   0.00000 	    0.010565 	    -1.#IND00 	    -1.#IND00 
16200 	 12 	       30.682 	        0.000 	   0.87420 	   0.00000 	    0.010562 	    -1.#IND00 	    -1.#IND00 
16300 	 12 	       30.678 	        0.000 	   0.87421 	   0.00000 	    0.010562 	    -1.#IND00 	    -1.#IND00 
16400 	 12 	       30.676 	        0.000 	   0.87422 	   0.00000 	    0.010562 	    -1.#IND00 	    -1.#IND00 
16500 	 12 	       30.673 	        0.000 	   0.87423 	   0.00000 	    0.010562 	    -1.#IND00 	    -1.#IND00 
16600 	 12 	       30.672 	        0.000 	   0.87423 	   0.00000 	    0.010563 	    -1.#IND00 	    -1.#IND00 
16700 	 12 	       30.670 	        0.000 	   0.87424 	   0.00000 	    0.010563 	    -1.#IND00 	    -1.#IND00 
16800 	 12 	       30.669 	        0.000 	   0.87424 	   0.00000 	    0.010564 	    -1.#IND00 	    -1.#IND00 
16900 	 12 	       30.668 	        0.000 	   0.87425 	   0.00000 	    0.010565 	    -1.#IND00 	    -1.#IND00 
17000 	 12 	       30.642 	        0.000 	   0.87451 	   0.00000 	    0.010480 	    -1.#IND00 	    -1.#IND00 
17100 	 12 	       30.619 	        0.000 	   0.87486 	   0.00000 	    0.010445 	    -1.#IND00 	    -1.#IND00 
17200 	 12 	       30.611 	        0.000 	   0.87490 	   0.00000 	    0.010440 	    -1.#IND00 	    -1.#IND00 
17300 	 12 	       30.605 	        0.000 	   0.87492 	   0.00000 	    0.010439 	    -1.#IND00 	    -1.#IND00 
17400 	 12 	       30.602 	        0.000 	   0.87493 	   0.00000 	    0.010439 	    -1.#IND00 	    -1.#IND00 
17500 	 12 	       30.599 	        0.000 	   0.87494 	   0.00000 	    0.010438 	    -1.#IND00 	    -1.#IND00 
17600 	 12 	       30.596 	        0.000 	   0.87496 	   0.00000 	    0.010438 	    -1.#IND00 	    -1.#IND00 
17700 	 12 	       30.594 	        0.000 	   0.87497 	   0.00000 	    0.010438 	    -1.#IND00 	    -1.#IND00 
17800 	 12 	       30.592 	        0.000 	   0.87498 	   0.00000 	    0.010437 	    -1.#IND00 	    -1.#IND00 
17900 	 12 	       30.590 	        0.000 	   0.87499 	   0.00000 	    0.010437 	    -1.#IND00 	    -1.#IND00 
18000 	 12 	       30.566 	        0.000 	   0.87524 	   0.00000 	    0.010359 	    -1.#IND00 	    -1.#IND00 
18100 	 12 	       30.543 	        0.000 	   0.87558 	   0.00000 	    0.010324 	    -1.#IND00 	    -1.#IND00 
18200 	 12 	       30.533 	        0.000 	   0.87563 	   0.00000 	    0.010318 	    -1.#IND00 	    -1.#IND00 
18300 	 12 	       30.527 	        0.000 	   0.87566 	   0.00000 	    0.010315 	    -1.#IND00 	    -1.#IND00 
18400 	 12 	       30.522 	        0.000 	   0.87568 	   0.00000 	    0.010313 	    -1.#IND00 	    -1.#IND00 
18500 	 12 	       30.518 	        0.000 	   0.87570 	   0.00000 	    0.010312 	    -1.#IND00 	    -1.#IND00 
18600 	 12 	       30.514 	        0.000 	   0.87572 	   0.00000 	    0.010310 	    -1.#IND00 	    -1.#IND00 
18700 	 12 	       30.510 	        0.000 	   0.87574 	   0.00000 	    0.010309 	    -1.#IND00 	    -1.#IND00 
18800 	 12 	       30.507 	        0.000 	   0.87576 	   0.00000 	    0.010307 	    -1.#IND00 	    -1.#IND00 
18900 	 12 	       30.504 	        0.000 	   0.87578 	   0.00000 	    0.010306 	    -1.#IND00 	    -1.#IND00 
19000 	 12 	       30.481 	        0.000 	   0.87602 	   0.00000 	    0.010233 	    -1.#IND00 	    -1.#IND00 
19100 	 12 	       30.459 	        0.000 	   0.87637 	   0.00000 	    0.010197 	    -1.#IND00 	    -1.#IND00 
19200 	 12 	       30.447 	        0.000 	   0.87644 	   0.00000 	    0.010188 	    -1.#IND00 	    -1.#IND00 
19300 	 12 	       30.438 	        0.000 	   0.87648 	   0.00000 	    0.010183 	    -1.#IND00 	    -1.#IND00 
19400 	 12 	       30.432 	        0.000 	   0.87652 	   0.00000 	    0.010179 	    -1.#IND00 	    -1.#IND00 
19500 	 12 	       30.426 	        0.000 	   0.87655 	   0.00000 	    0.010176 	    -1.#IND00 	    -1.#IND00 
19600 	 12 	       30.421 	        0.000 	   0.87658 	   0.00000 	    0.010172 	    -1.#IND00 	    -1.#IND00 
19700 	 12 	       30.416 	        0.000 	   0.87662 	   0.00000 	    0.010169 	    -1.#IND00 	    -1.#IND00 
19800 	 12 	       30.411 	        0.000 	   0.87665 	   0.00000 	    0.010166 	    -1.#IND00 	    -1.#IND00 
19900 	 12 	       30.407 	        0.000 	   0.87668 	   0.00000 	    0.010162 	    -1.#IND00 	    -1.#IND00 
