 -3.6620e+000 -2.7589e+001  8.3032e+000 -6.3877e+000 -3.4966e+001
 -4.9797e+000  2.7587e+001  1.4918e-001 -3.0248e+001 -2.1040e+000
 -2.1282e+001 -7.4811e+000
  2.1788e+000
 2.57756260e+001 2.57756260e+001  2.57756260e+001 8.09699558e+000 8.09704341e+000  8.09722787e+000 -3.03349051e+001 -3.03349051e+001  -3.03349051e+001 -6.89137253e+000 -6.89137253e+000  -6.89137253e+000 6.15493184e+000 6.15493165e+000  6.15492726e+000
 3.90697921e+000 3.90658825e+000  3.90620644e+000 3.24838263e+000 3.24838263e+000  3.24838263e+000 2.42331789e+001 2.42331789e+001  2.42331789e+001 1.50511675e+001 1.50511604e+001  1.50511528e+001 -1.20891602e+001 -1.20891634e+001  -1.20891637e+001
 1.51674631e+001 1.51674652e+001  1.51674673e+001 1.30393948e+001 1.30353977e+001  1.30311868e+001
 8.57999068e+000 8.57999068e+000  8.57999068e+000 -1.24002934e+001 -1.24002934e+001  -1.24002934e+001 -6.63678137e+000 -6.63678137e+000  -6.63678137e+000 1.03372998e+001 1.03372998e+001  1.03372998e+001 -3.99207501e+001 -3.99207501e+001  -3.99207501e+001
 -6.73501175e+000 -6.73501175e+000  -6.73501175e+000 3.92586890e+001 3.92586890e+001  3.92586890e+001 -5.00877861e+000 -5.00877861e+000  -5.00877861e+000 -5.39160926e+000 -5.39160926e+000  -5.39160926e+000 1.51229755e+001 1.51229755e+001  1.51229755e+001
 1.71658460e-001 1.71658460e-001  1.71658460e-001 -1.33641680e+000 -1.33641680e+000  -1.33641680e+000
 -9.26733399e+000 -9.26733399e+000  -9.26733399e+000 -6.66060254e+000 -6.66060254e+000  -6.66060254e+000 2.07000157e+000 2.07000157e+000  2.07000157e+000 -1.68065376e+000 -1.68065376e+000  -1.68065376e+000 -1.43567980e+001 -1.43567980e+001  -1.43567980e+001
 -1.20543659e+001 -1.20543659e+001  -1.20543659e+001 3.19168925e+001 3.19168925e+001  3.19168925e+001 -5.13949851e+000 -5.13949851e+000  -5.13949851e+000 -6.65478946e-001 -6.65478946e-001  -6.65478946e-001 3.80150626e+000 3.80150626e+000  3.80150626e+000
 -1.07484618e+001 -1.07484618e+001  -1.07484618e+001 -2.90601329e-001 -2.90601329e-001  -2.90601329e-001
 -1.02709969e+001 -1.02709969e+001  -1.02709969e+001 -4.69288923e+000 -4.69288923e+000  -4.69288923e+000 4.26915585e+001 4.26915585e+001  4.26915585e+001 -3.67593971e+000 -3.67593971e+000  -3.67593971e+000 -8.91762932e+000 -8.91762932e+000  -8.91762932e+000
 -2.60605452e+000 -2.60605452e+000  -2.60605452e+000 -2.47831089e+001 -2.47831089e+001  -2.47831089e+001 -1.19458228e+001 -1.19458228e+001  -1.19458228e+001 -2.45712284e+001 -2.45712284e+001  -2.45712284e+001 6.16372757e+000 6.16372757e+000  6.16372757e+000
 -1.45142004e+001 -1.45142004e+001  -1.45142004e+001 -6.10793924e+000 -6.10793924e+000  -6.10793924e+000
 -8.42504132e+000 -8.42504132e+000  -8.42504132e+000 -8.87689855e+000 -8.87689855e+000  -8.87689855e+000 4.67193561e+000 4.67193561e+000  4.67193561e+000 -3.57548741e+000 -3.57548741e+000  -3.57548741e+000 4.66114235e+001 4.66114235e+001  4.66114235e+001
 8.15508442e-001 8.15508442e-001  8.15508442e-001 3.56444717e+001 3.56444717e+001  3.56444717e+001 2.96042518e-001 2.96042518e-001  2.96042518e-001 -5.47012401e+000 -5.47012401e+000  -5.47012401e+000 6.19441226e+000 6.19441226e+000  6.19441226e+000
 -3.19466960e+000 -3.19466960e+000  -3.19466960e+000 4.63791991e+000 4.63791991e+000  4.63791991e+000
 9.07999652e-001 9.07999652e-001  9.07999652e-001 5.56854932e-002 5.56854932e-002  5.56854932e-002 -1.10360400e+001 -1.10360400e+001  -1.10360400e+001 -6.76336345e+000 -6.76336345e+000  -6.76336345e+000 -1.99071684e+001 -1.99071684e+001  -1.99071684e+001
 6.54072556e+000 6.54072556e+000  6.54072556e+000 -2.54095333e+001 -2.54095333e+001  -2.54095333e+001 -3.56594753e+000 -3.56594753e+000  -3.56594753e+000 -9.44360464e+000 -9.44360464e+000  -9.44360464e+000 -1.62835524e+001 -1.62835524e+001  -1.62835524e+001
 -1.61601475e+001 -1.61601475e+001  -1.61601475e+001 -1.60783689e+001 -1.60783689e+001  -1.60783689e+001
 -1.05385718e+001 -1.05385718e+001  -1.05385718e+001 -5.27863127e+000 -5.27863127e+000  -5.27863127e+000 7.98275113e+000 7.98275113e+000  7.98275113e+000 2.85846758e+000 2.85846758e+000  2.85846758e+000 -4.80882614e+000 -4.80882614e+000  -4.80882614e+000
 4.95496569e+000 4.95496569e+000  4.95496569e+000 -3.21645375e+001 -3.21645375e+001  -3.21645375e+001 -7.39874317e-001 -7.39874317e-001  -7.39874317e-001 -1.27832116e+001 -1.27832116e+001  -1.27832116e+001 -5.76385711e+000 -5.76385711e+000  -5.76385711e+000
 1.15567092e+000 1.15567092e+000  1.15567092e+000 -2.71884459e+000 -2.71884459e+000  -2.71884459e+000
 5.95146744e+000 5.95146744e+000  5.95146744e+000 1.78120679e+001 1.78120679e+001  1.78120679e+001 8.54431181e+000 8.54431181e+000  8.54431181e+000 1.69382709e+001 1.69382709e+001  1.69382709e+001 -1.84376556e+001 -1.84376556e+001  -1.84376556e+001
 1.49884079e+001 1.49884079e+001  1.49884079e+001 6.13998531e+001 6.13998531e+001  6.13998531e+001 -8.52612941e+000 -8.52612941e+000  -8.52612941e+000 -8.76789873e-001 -8.76789873e-001  -8.76789873e-001 -1.22174381e+001 -1.22174381e+001  -1.22174381e+001
 2.32646362e+001 2.32646362e+001  2.32646362e+001 7.38502638e+000 7.38502638e+000  7.38502638e+000
 -6.03117425e+000 -6.03117425e+000  -6.03117425e+000 -3.56977758e+001 -3.56977755e+001  -3.56977745e+001 -4.35101665e+001 -4.35101665e+001  -4.35101665e+001 2.87680702e+001 2.87680702e+001  2.87680702e+001 -2.21682651e+001 -2.21682651e+001  -2.21682652e+001
 -1.33098328e+002 -1.33098330e+002  -1.33098332e+002 -2.72361611e+001 -2.72361611e+001  -2.72361611e+001 -5.23264937e+001 -5.23264937e+001  -5.23264937e+001 1.08199849e+002 1.08199849e+002  1.08199849e+002 3.35875435e+001 3.35875435e+001  3.35875435e+001
 5.63853730e+001 5.63853730e+001  5.63853730e+001 2.49731767e+001 2.49731556e+001  2.49731334e+001
 -3.77258170e+000 -3.77258170e+000  -3.77258170e+000 -9.33397334e+000 -9.33395622e+000  -9.33388156e+000 5.91434621e+000 5.91434621e+000  5.91434621e+000 5.95698637e+000 5.95698637e+000  5.95698637e+000 -2.71669853e+001 -2.71669854e+001  -2.71669872e+001
 1.39047321e+000 1.39033451e+000  1.39018131e+000 8.78270376e+000 8.78270376e+000  8.78270376e+000 1.18107254e+000 1.18107254e+000  1.18107254e+000 -5.57443111e-002 -5.57468379e-002  -5.57498780e-002 -3.81358854e+001 -3.81358865e+001  -3.81358866e+001
 -7.68634235e-001 -7.68633472e-001  -7.68632613e-001 -2.00198320e+000 -2.00340154e+000  -2.00509227e+000
 -5.14181161e-002 -5.14181161e-002  -5.14181161e-002 2.50594891e+001 2.50595213e+001  2.50596416e+001 -8.59321712e+000 -8.59321712e+000  -8.59321712e+000 -1.90046493e+001 -1.90046493e+001  -1.90046493e+001 5.53030898e+001 5.53030897e+001  5.53030868e+001
 1.84721127e+000 1.84694746e+000  1.84669656e+000 -4.19555415e+001 -4.19555415e+001  -4.19555415e+001 7.46825720e-002 7.46825720e-002  7.46825720e-002 4.01102915e+000 4.01102435e+000  4.01101938e+000 1.86855346e+001 1.86855324e+001  1.86855322e+001
 9.58931470e-001 9.58932920e-001  9.58934327e-001 -1.08627689e+000 -1.08897380e+000  -1.09173956e+000
 -8.93782868e-001 -8.93782868e-001  -8.93782868e-001 2.70302840e+001 2.70303109e+001  2.70304100e+001 -1.04241232e+000 -1.04241232e+000  -1.04241232e+000 -2.53598554e+001 -2.53598554e+001  -2.53598554e+001 8.01039870e+001 8.01039869e+001  8.01039845e+001
 -2.79952694e+000 -2.79974707e+000  -2.79995434e+000 -3.23632780e+001 -3.23632780e+001  -3.23632780e+001 2.70162849e-001 2.70162849e-001  2.70162849e-001 -3.68053804e+000 -3.68054205e+000  -3.68054615e+000 2.64219943e+001 2.64219925e+001  2.64219923e+001
 5.52253018e-001 5.52254228e-001  5.52255390e-001 4.87707803e-002 4.65204512e-002  4.42360957e-002
 -1.19853676e+001 -1.19853676e+001  -1.19853676e+001 -1.18725660e+001 -1.18725660e+001  -1.18725660e+001 2.25742231e+001 2.25742231e+001  2.25742231e+001 -1.25423370e+001 -1.25423370e+001  -1.25423370e+001 -9.85835339e+000 -9.85835339e+000  -9.85835339e+000
 -1.26768923e+001 -1.26768923e+001  -1.26768923e+001 3.13115134e+001 3.13115134e+001  3.13115134e+001 -2.10093379e+000 -2.10093379e+000  -2.10093379e+000 -1.37473146e+000 -1.37473146e+000  -1.37473146e+000 6.23561597e+000 6.23561597e+000  6.23561597e+000
 -5.36922546e+000 -5.36922546e+000  -5.36922546e+000 -3.15375234e+000 -3.15375234e+000  -3.15375234e+000
 1.09631041e+001 1.09631041e+001  1.09631041e+001 -9.00671188e+000 -9.00671188e+000  -9.00671188e+000 -4.76889049e+000 -4.76889049e+000  -4.76889049e+000 -1.29849160e+000 -1.29849160e+000  -1.29849160e+000 3.99860507e+001 3.99860507e+001  3.99860507e+001
 -2.80999402e+000 -2.80999402e+000  -2.80999402e+000 1.36633591e+001 1.36633591e+001  1.36633591e+001 -1.75334080e+000 -1.75334080e+000  -1.75334080e+000 -5.09771794e+001 -5.09771794e+001  -5.09771794e+001 3.98840392e+000 3.98840392e+000  3.98840392e+000
 -1.15872486e+001 -1.15872486e+001  -1.15872486e+001 3.04275148e+000 3.04275148e+000  3.04275148e+000
 -1.04861234e+000 -1.04861234e+000  -1.04861234e+000 -4.16898813e+000 -4.16898813e+000  -4.16898813e+000 -4.12295018e+000 -4.12295018e+000  -4.12295018e+000 2.16115767e+000 2.16115767e+000  2.16115767e+000 -3.18433184e+001 -3.18433184e+001  -3.18433184e+001
 5.37687841e+000 5.37687841e+000  5.37687841e+000 -8.53680217e+000 -8.53680217e+000  -8.53680217e+000 1.27277412e+000 1.27277412e+000  1.27277412e+000 4.52844477e+000 4.52844477e+000  4.52844477e+000 -6.35400036e+000 -6.35400036e+000  -6.35400036e+000
 -5.57698859e+000 -5.57698859e+000  -5.57698859e+000 -4.35221480e+000 -4.35221480e+000  -4.35221480e+000
 -1.00151825e+000 -1.00151825e+000  -1.00151825e+000 -4.49030513e+000 -4.49025730e+000  -4.49007284e+000 -4.00367006e+000 -4.00367006e+000  -4.00367006e+000 2.61094245e+000 2.61094245e+000  2.61094245e+000 -3.30547454e+001 -3.30547456e+001  -3.30547500e+001
 5.35933397e+000 5.35894301e+000  5.35856120e+000 -8.24810561e+000 -8.24810561e+000  -8.24810561e+000 1.24163779e+000 1.24163779e+000  1.24163779e+000 4.54937677e+000 4.54936965e+000  4.54936208e+000 -6.72396767e+000 -6.72397095e+000  -6.72397122e+000
 -5.58922416e+000 -5.58922201e+000  -5.58921987e+000 -4.39164055e+000 -4.39563757e+000  -4.39984854e+000
 -2.24628404e+000 -2.24278250e+000 -2.23906215e+000
 1.40310548e+000 1.40657125e+000 1.41008665e+000
 -2.90117006e+000 -2.90117006e+000 -2.90117006e+000
 9.58428920e+000 9.58428920e+000 9.58428920e+000
 -1.61105852e+000 -1.60755893e+000 -1.60393281e+000
 -4.95563566e+000 -4.95221493e+000 -4.94857341e+000
 -1.72153091e+000 -1.72153091e+000 -1.72153091e+000
 7.08750772e+000 7.09100926e+000 7.09472960e+000
 -2.61569655e+001 -2.61569653e+001 -2.61569650e+001
 -8.03577981e-001 -8.03573892e-001 -8.03573557e-001
 2.77981023e+001 2.77981024e+001 2.77981025e+001
 -4.58815411e+000 -4.58651970e+000 -4.58486737e+000
