 -9.6945e-002 -5.8621e-001  1.4673e-002 -1.1386e+000 -8.2545e-002
 -9.6289e-001 -1.1790e-001 -1.1741e+000 -3.8758e-001 -3.2546e+000
  1.0632e+000 -2.5947e+000 -1.6948e+000
  6.8238e-002
 2.77005550e+000 2.77039820e+000  2.77074725e+000 8.02216737e-001 8.02301635e-001  8.02391108e-001 2.11601835e+000 2.11622679e+000  2.11643241e+000 1.05873343e+000 1.05903321e+000  1.05939000e+000 2.04143958e+000 2.04161231e+000  2.04179564e+000
 -1.85847079e-001 -1.85864313e-001  -1.85887714e-001 1.56814097e+000 1.56824472e+000  1.56837640e+000 1.54468025e+000 1.54445766e+000  1.54410885e+000 1.60744228e+000 1.60784558e+000  1.60843731e+000 -3.66034585e+000 -3.66046047e+000  -3.66077580e+000
 -3.18112560e+000 -3.18110133e+000  -3.18103303e+000 6.69419512e+000 6.69395317e+000  6.69360798e+000 -5.69539679e+000 -5.69503004e+000  -5.69450416e+000
 1.16338670e+000 1.16367537e+000  1.16397063e+000 1.13105714e+000 1.13112867e+000  1.13120454e+000 1.68423095e+000 1.68440655e+000  1.68458085e+000 1.90097996e+000 1.90123251e+000  1.90153476e+000 1.91083582e+000 1.91098132e+000  1.91113660e+000
 2.71849938e-001 2.71835414e-001  2.71815510e-001 1.60101841e+000 1.60110580e+000  1.60121711e+000 2.11234502e+000 2.11215749e+000  2.11186226e+000 1.30511412e+000 1.30545381e+000  1.30595290e+000 1.71612104e+000 1.71602450e+000  1.71575863e+000
 -6.04671459e-001 -6.04651011e-001  -6.04593331e-001 6.51662546e+000 6.51642161e+000  6.51612902e+000 5.01763913e-001 5.02072921e-001  5.02518598e-001
 1.73450869e-001 1.73450989e-001  1.73453392e-001 -2.98363858e-001 -2.98363810e-001  -2.98362840e-001 4.77819193e-001 4.77819300e-001  4.77821438e-001 -5.20601617e-001 -5.20601452e-001  -5.20598153e-001 4.38881990e-001 4.38882073e-001  4.38883735e-001
 3.68313342e-001 3.68313324e-001  3.68312955e-001 1.75051402e-001 1.75051440e-001  1.75052207e-001 8.13423215e-001 8.13423077e-001  8.13420316e-001 -3.78444392e-001 -3.78444323e-001  -3.78442942e-001 -3.14400008e+000 -3.14400011e+000  -3.14400067e+000
 -1.46904836e-001 -1.46904822e-001  -1.46904527e-001 2.81200621e-001 2.81200445e-001  2.81196928e-001 -2.26859680e+000 -2.26859654e+000  -2.26859131e+000
 -7.70147934e-001 -7.70147934e-001  -7.70147934e-001 -2.70653384e-001 -2.70653384e-001  -2.70653384e-001 -7.78182006e-001 -7.78182006e-001  -7.78182006e-001 4.89318822e-001 4.89318822e-001  4.89318822e-001 -5.22636810e-001 -5.22636810e-001  -5.22636810e-001
 1.24990736e+000 1.24990736e+000  1.24990736e+000 -1.09492820e-001 -1.09492820e-001  -1.09492820e-001 1.18938410e+000 1.18938410e+000  1.18938410e+000 7.87140254e-001 7.87140254e-001  7.87140254e-001 7.35290064e-001 7.35290064e-001  7.35290064e-001
 1.12986998e+000 1.12986998e+000  1.12986998e+000 1.33784864e+000 1.33784864e+000  1.33784864e+000 1.31848107e+000 1.31848107e+000  1.31848107e+000
 -1.23017821e+000 -1.23017764e+000  -1.23016630e+000 -8.28138391e-001 -8.28138246e-001  -8.28135340e-001 -8.27845748e-001 -8.27845415e-001  -8.27838739e-001 -9.57282982e-001 -9.57282402e-001  -9.57270813e-001 -3.61442474e-001 -3.61442176e-001  -3.61436222e-001
 -8.80956322e-001 -8.80956359e-001  -8.80957119e-001 -1.49960020e-001 -1.49959806e-001  -1.49955526e-001 -3.79824974e+000 -3.79825030e+000  -3.79826164e+000 -3.95619557e-001 -3.95618595e-001  -3.95599350e-001 -9.12610680e+000 -9.12610731e+000  -9.12611757e+000
 1.69346973e-001 1.69347084e-001  1.69349305e-001 -7.29098692e+000 -7.29098748e+000  -7.29099869e+000 -5.93481133e+000 -5.93481047e+000  -5.93479339e+000
 -2.15100864e-001 -2.15099860e-001  -2.15079793e-001 3.04828105e-001 3.04828362e-001  3.04833502e-001 -1.15106067e-002 -1.15100161e-002  -1.14982047e-002 -7.22858226e-001 -7.22857201e-001  -7.22836697e-001 4.41407784e-002 4.41413051e-002  4.41518391e-002
 -1.43179280e-001 -1.43179347e-001  -1.43180690e-001 2.20464791e-001 2.20465170e-001  2.20472741e-001 -5.93461522e-001 -5.93462524e-001  -5.93482574e-001 1.59535619e+000 1.59535789e+000  1.59539194e+000 -3.27455980e+000 -3.27456071e+000  -3.27457886e+000
 -6.37662540e-001 -6.37662344e-001  -6.37658415e-001 -1.67221851e+000 -1.67221950e+000  -1.67223934e+000 -3.93863127e+000 -3.93862976e+000  -3.93859954e+000
 -4.23907409e-001 -4.23556808e-001  -4.23225745e-001 6.29602007e-002 6.30470532e-002  6.31321165e-002 -2.08803474e+000 -2.08782144e+000  -2.08762601e+000 9.46011580e-001 9.46318094e-001  9.46656975e-001 -3.57724294e+000 -3.57706625e+000  -3.57689213e+000
 -1.87014544e-001 -1.87032157e-001  -1.87054472e-001 -4.81314468e+000 -4.81303865e+000  -4.81291383e+000 -7.72666885e-001 -7.72894136e-001  -7.73225173e-001 -7.05269616e+000 -7.05228435e+000  -7.05172467e+000 6.70023174e+000 6.70011531e+000  6.69981715e+000
 -5.73550324e+000 -5.73547859e+000  -5.73541391e+000 6.04102327e-001 6.03855163e-001  6.03527120e-001 -9.15232567e-001 -9.14857914e-001  -9.14358228e-001
 1.91290951e+000 1.91324924e+000  1.91354190e+000 1.03606962e+000 1.03615377e+000  1.03622899e+000 1.82002521e+000 1.82023192e+000  1.82040474e+000 1.09852852e+000 1.09882532e+000  1.09912495e+000 9.74579788e-001 9.74750968e-001  9.74904923e-001
 -3.99276336e-001 -3.99293379e-001  -3.99313120e-001 3.02933326e-001 3.03035957e-001  3.03146292e-001 -2.06510362e+000 -2.06532331e+000  -2.06561597e+000 -1.33356216e+000 -1.33316389e+000  -1.33266931e+000 5.07333769e+000 5.07322572e+000  5.07296225e+000
 -2.14849254e+000 -2.14846883e+000  -2.14841167e+000 7.18146872e-001 7.17907788e-001  7.17617720e-001 1.69118370e+000 1.69154610e+000  1.69198794e+000
 -1.88627123e+000 -1.88601150e+000  -1.88572679e+000 -2.29925050e+000 -2.29918614e+000  -2.29911306e+000 -1.52358401e+000 -1.52342604e+000  -1.52325812e+000 -1.82616712e+000 -1.82593975e+000  -1.82564847e+000 -8.58680183e-001 -8.58549248e-001  -8.58399595e-001
 -1.56791309e+000 -1.56792618e+000  -1.56794533e+000 -2.49143670e-001 -2.49064967e-001  -2.48957599e-001 -3.46317792e+000 -3.46334700e+000  -3.46363161e+000 6.02752867e-001 6.03059037e-001  6.03540879e-001 -1.99019480e+000 -1.99028224e+000  -1.99053897e+000
 3.67565313e-001 3.67583838e-001  3.67639497e-001 -9.08920439e-001 -9.09104124e-001  -9.09386026e-001 6.03742054e+000 6.03769899e+000  6.03812840e+000
 -2.59217987e+000 -2.59195994e+000  -2.59170600e+000 -1.59595890e+000 -1.59590440e+000  -1.59583920e+000 -2.65539247e+000 -2.65525872e+000  -2.65510891e+000 -7.22049603e-001 -7.21856968e-001  -7.21597142e-001 -2.65160356e+000 -2.65149268e+000  -2.65135917e+000
 -6.70594098e-002 -6.70704995e-002  -6.70875884e-002 -1.88416324e+000 -1.88409655e+000  -1.88400079e+000 -1.16945487e+000 -1.16959828e+000  -1.16985215e+000 7.41613948e-001 7.41873548e-001  7.42303192e-001 5.32383373e+000 5.32375930e+000  5.32353039e+000
 2.44774941e+000 2.44776518e+000  2.44781481e+000 9.56181801e-001 9.56026067e-001  9.55774587e-001 7.59341262e+000 7.59364870e+000  7.59403177e+000
 -7.58648404e-001 -7.58310569e-001  -7.57957226e-001 -7.80350214e-001 -7.80266511e-001  -7.80175795e-001 9.35972819e-002 9.38027724e-002  9.40112053e-002 -1.04297899e+000 -1.04268337e+000  -1.04232185e+000 4.80988480e-001 4.81158770e-001  4.81344519e-001
 -5.45213015e-001 -5.45230017e-001  -5.45253790e-001 4.54619190e-001 4.54721493e-001  4.54854741e-001 -5.81635800e-001 -5.81855406e-001  -5.82208647e-001 1.86960840e+000 1.87000618e+000  1.87060408e+000 -2.17627049e-001 -2.17740280e-001  -2.18058841e-001
 2.24760471e-001 2.24784455e-001  2.24853524e-001 -2.14072671e+000 -2.14096538e+000  -2.14131527e+000 -2.46191964e+000 -2.46155785e+000  -2.46102486e+000
 -3.69515015e-001 -3.69226208e-001  -3.68908465e-001 1.10367912e-001 1.10439477e-001  1.10521082e-001 -4.62196222e-003 -4.44630521e-003  -4.25880817e-003 1.92020141e-001 1.92272981e-001  1.92598140e-001 1.40853674e-001 1.40999270e-001  1.41166344e-001
 3.03441252e-001 3.03426703e-001  3.03405309e-001 2.77087207e-001 2.77174724e-001  2.77294538e-001 7.02430799e-001 7.02242772e-001  7.01925091e-001 4.76005425e-001 4.76345885e-001  4.76883325e-001 1.09619088e+000 1.09609362e+000  1.09580728e+000
 -5.38211615e-001 -5.38191009e-001  -5.38128915e-001 5.19750964e-001 5.19546693e-001  5.19231972e-001 1.75274507e+000 1.75305472e+000  1.75353413e+000
 3.19429289e-001 3.19717182e-001  3.20013427e-001 -8.06269736e-001 -8.06198410e-001  -8.06122389e-001 -4.64477288e-001 -4.64302174e-001  -4.64127493e-001 -1.19272323e+000 -1.19247136e+000  -1.19216834e+000 -7.22814540e-001 -7.22669431e-001  -7.22513737e-001
 -3.15923898e-001 -3.15938381e-001  -3.15958292e-001 -6.13444646e-001 -6.13357485e-001  -6.13245755e-001 5.31060889e-001 5.30873838e-001  5.30577713e-001 -4.16828120e-002 -4.13439622e-002  -4.08424175e-002 -1.15390265e+000 -1.15399900e+000  -1.15426624e+000
 7.50982465e-001 7.51002872e-001  7.51060797e-001 -2.27774986e+000 -2.27795316e+000  -2.27824641e+000 -8.72905153e-001 -8.72596966e-001  -8.72150260e-001
 -3.66373333e-001 -3.66140116e-001  -3.65849876e-001 4.23006291e-001 4.23064095e-001  4.23138598e-001 -3.59364959e-001 -3.59223149e-001  -3.59051958e-001 8.99937781e-001 9.00142212e-001  9.00439136e-001 -3.49372883e-001 -3.49255275e-001  -3.49102705e-001
 6.94648720e-001 6.94636942e-001  6.94617421e-001 -3.24035276e-001 -3.23964471e-001  -3.23855012e-001 1.34129685e+000 1.34114440e+000  1.34085425e+000 -1.55595271e-001 -1.55319417e-001  -1.54828207e-001 8.23396152e-001 8.23316599e-001  8.23054872e-001
 1.25929719e-001 1.25946580e-001  1.26003319e-001 1.33755358e+000 1.33738813e+000  1.33710077e+000 4.47426176e-001 4.47676995e-001  4.48114741e-001
 -9.97472100e-001 -9.97196065e-001  -9.96903817e-001 -8.70670958e-001 -8.70602566e-001  -8.70527548e-001 -3.84271390e-001 -3.84103494e-001  -3.83931128e-001 -1.16113647e+000 -1.16089491e+000  -1.16059593e+000 -4.07144649e-002 -4.05753230e-002  -4.04217065e-002
 -9.01026062e-001 -9.01039956e-001  -9.01059611e-001 1.49040722e-001 1.49124325e-001  1.49234538e-001 -5.27935167e-001 -5.28114665e-001  -5.28406816e-001 1.89174019e+000 1.89206530e+000  1.89255992e+000 -1.57973465e+000 -1.57982727e+000  -1.58009081e+000
 1.35167174e+000 1.35169136e+000  1.35174850e+000 -2.91772387e+000 -2.91791893e+000  -2.91820829e+000 -4.08959476e+000 -4.08929907e+000  -4.08885829e+000
 -5.20840069e-001 -5.20625851e-001  -5.20378734e-001 2.08202760e-001 2.08255848e-001  2.08319314e-001 -5.61489671e-001 -5.61359391e-001  -5.61213568e-001 3.03320932e-001 3.03508562e-001  3.03761447e-001 -5.64958310e-001 -5.64850302e-001  -5.64720363e-001
 3.65078359e-002 3.64970342e-002  3.64803946e-002 -2.17313474e-001 -2.17248515e-001  -2.17155332e-001 9.06369439e-001 9.06229761e-001  9.05982692e-001 -4.17270686e-002 -4.14742283e-002  -4.10562546e-002 -1.50264370e-001 -1.50336853e-001  -1.50559539e-001
 1.63776232e-001 1.63791591e-001  1.63839883e-001 1.51978614e-001 1.51826929e-001  1.51582163e-001 9.02647435e-001 9.02877380e-001  9.03250232e-001
 3.43087414e-001 3.43314601e-001  3.43549261e-001 -9.05631475e-001 -9.05575191e-001  -9.05514998e-001 -1.05450931e+000 -1.05437113e+000  -1.05423281e+000 -1.38570367e+000 -1.38550490e+000  -1.38526494e+000 -1.51503454e+000 -1.51492003e+000  -1.51479673e+000
 -7.04192053e-001 -7.04203482e-001  -7.04219239e-001 -1.16287642e+000 -1.16280763e+000  -1.16271912e+000 7.04398958e-001 7.04251334e-001  7.04016796e-001 -5.15738026e-001 -5.15470594e-001  -5.15073122e-001 -2.99026126e+000 -2.99033733e+000  -2.99054913e+000
 2.06060213e+000 2.06061824e+000  2.06066414e+000 -3.26475185e+000 -3.26491230e+000  -3.26514450e+000 -2.17171517e+000 -2.17147195e+000  -2.17111822e+000
 -4.40576066e-001 -4.40419804e-001  -4.40201768e-001 5.28687144e-001 5.28725885e-001  5.28781839e-001 -8.73930799e-001 -8.73835806e-001  -8.73707230e-001 1.01097817e+000 1.01111533e+000  1.01133835e+000 -1.02982375e+000 -1.02974492e+000  -1.02963032e+000
 3.93056982e-001 3.93049070e-001  3.93034414e-001 -8.28182040e-001 -8.28134507e-001  -8.28052273e-001 1.43358843e+000 1.43348585e+000  1.43326790e+000 -7.15543552e-001 -7.15358076e-001  -7.14988963e-001 -7.46178706e-001 -7.46232716e-001  -7.46429396e-001
 1.09330188e+000 1.09331333e+000  1.09335596e+000 8.14497118e-001 8.14385911e-001  8.14170081e-001 -7.20444194e-001 -7.20275597e-001  -7.19946813e-001
 -3.32600850e-001 -3.32600850e-001  -3.32600850e-001 -1.61037905e+000 -1.61037905e+000  -1.61037905e+000 -1.30952754e+000 -1.30952754e+000  -1.30952754e+000 -1.51490426e+000 -1.51490426e+000  -1.51490426e+000 -1.29388567e+000 -1.29388567e+000  -1.29388567e+000
 -1.21861087e+000 -1.21861087e+000  -1.21861087e+000 -8.00409137e-001 -8.00409137e-001  -8.00409137e-001 -8.73124783e-001 -8.73124783e-001  -8.73124783e-001 -2.33896661e-001 -2.33896661e-001  -2.33896661e-001 -6.59091642e+000 -6.59091642e+000  -6.59091642e+000
 1.12275344e+000 1.12275344e+000  1.12275344e+000 -3.41836806e+000 -3.41836806e+000  -3.41836806e+000 -2.60665795e+000 -2.60665795e+000  -2.60665795e+000
 1.50434414e-001 1.50434414e-001  1.50434414e-001 1.89275299e+000 1.89275299e+000  1.89275299e+000 4.89101966e-001 4.89101966e-001  4.89101966e-001 1.02157577e+000 1.02157577e+000  1.02157577e+000 -4.26021725e-002 -4.26021725e-002  -4.26021725e-002
 -7.27341083e-001 -7.27341083e-001  -7.27341083e-001 -2.71177067e-001 -2.71177067e-001  -2.71177067e-001 -7.41173586e-001 -7.41173586e-001  -7.41173586e-001 -1.51753699e+000 -1.51753699e+000  -1.51753699e+000 1.59202657e+000 1.59202657e+000  1.59202657e+000
 2.02932794e+000 2.02932794e+000  2.02932794e+000 -8.78831282e-002 -8.78831282e-002  -8.78831282e-002 -8.61151999e-001 -8.61151999e-001  -8.61151999e-001
 6.00631441e-001 6.00631441e-001  6.00631442e-001 -2.18494978e-001 -2.18494978e-001  -2.18494977e-001 6.43171715e-001 6.43171715e-001  6.43171716e-001 -8.53802648e-001 -8.53802648e-001  -8.53802646e-001 4.40920010e-001 4.40920010e-001  4.40920011e-001
 -1.15784954e-001 -1.15784954e-001  -1.15784954e-001 2.90053289e-001 2.90053289e-001  2.90053289e-001 -6.16555068e-001 -6.16555068e-001  -6.16555070e-001 6.99315438e-001 6.99315438e-001  6.99315439e-001 -3.84204202e-002 -3.84204202e-002  -3.84204215e-002
 -5.98807143e-001 -5.98807143e-001  -5.98807143e-001 -5.08057057e-001 -5.08057057e-001  -5.08057058e-001 8.34383489e-001 8.34383489e-001  8.34383489e-001
 -4.02292128e-001 -4.01804941e-001  -4.01307148e-001 -7.43795280e-001 -7.43674576e-001  -7.43546734e-001 4.34928044e-001 4.35224395e-001  4.35518128e-001 -2.01985000e-001 -2.01558785e-001  -2.01049379e-001 1.12968144e+000 1.12992700e+000  1.13018874e+000
 2.76384246e-001 2.76359738e-001  2.76326221e-001 1.00653302e+000 1.00668050e+000  1.00686821e+000 -2.21750984e-001 -2.22067461e-001  -2.22565153e-001 1.01951969e+000 1.02009298e+000  1.02093498e+000 9.37103237e-002 9.35473964e-002  9.30987980e-002
 -8.46785133e-001 -8.46750625e-001  -8.46653342e-001 -6.09128124e-001 -6.09472135e-001  -6.09965197e-001 1.14935194e+000 1.14987341e+000  1.15062448e+000
 -2.76065756e+000 -2.76094045e+000 -2.76117911e+000
 -2.65080369e+000 -2.65085236e+000 -2.65090324e+000
 -1.93320178e+000 -1.93341604e+000 -1.93360430e+000
 -2.93338148e+000 -2.93357749e+000 -2.93380346e+000
 -2.06860085e+000 -2.06874833e+000 -2.06889771e+000
 5.40653968e-001 5.40605536e-001 5.40538958e-001
 -2.08440499e+000 -2.08448398e+000 -2.08458435e+000
 2.93586985e+000 2.93573949e+000 2.93552106e+000
 -3.47183134e+000 -3.47207774e+000 -3.47254034e+000
 3.17512190e+000 3.17441986e+000 3.17361555e+000
 -3.04796074e+000 -3.04797225e+000 -3.04800529e+000
 3.04817401e+000 3.04755403e+000 3.04678293e+000
 -3.93069725e+000 -3.93086890e+000 -3.93113094e+000
