    8      7     50      1 19432      0 
    0.700      0.400   20000  100      0.000      0.000  20000      7 
    0.990 	     0.010 
   2 
    1.9875e+000   0.0000e+000  
  5.7000e+001  -8.0000e+000  
  4.4837e+000   0.0000e+000  
  1.8824e+002   1.7539e+002  
  1.0000e+000   0.0000e+000  
  1.0000e+000   0.0000e+000  
  1.0000e+000   0.0000e+000  
  1.0000e+000   0.0000e+000  
   2.6556e+002   0.0000e+000  
  itr    nh   avger[]   r2avg    mare[] 
20000  7 8.380e+001   3.265e-001  1.000e+001 1.002e+003 
20000  7 0.000e+000   0.000e+000  0.000e+000 0.000e+000 
   1  3.2650e-001   1.0017e+003   7.0636e+007   8.3804e-001 
  5.8366e+001   3.0650e-001 
   1  0.0000e+000   0.0000e+000   0.0000e+000   0.0000e+000 
  0.0000e+000   0.0000e+000 
