  1.9807e-001  1.9674e-001  2.4942e-001  1.4972e-001  2.9372e+000
 -1.0619e+000  4.2764e+000 -1.1864e+000
  1.6336e+000
 -8.63290832e-001 -8.63273541e-001  -8.63175883e-001 -1.41105327e+000 -1.41102882e+000  -1.41088517e+000 -4.14100970e+000 -4.14092175e+000  -4.14044406e+000 -4.40328396e-001 -4.40312081e-001  -4.40218667e-001 -4.79141072e+000 -4.79132259e+000  -4.79088188e+000
 2.09195075e-001 2.09191569e-001  2.09171680e-001 -4.94608902e+000 -4.94609994e+000  -4.94609429e+000 -4.68214107e+000 -4.68218746e+000  -4.68249946e+000
 -8.13532994e-001 -8.13526981e-001  -8.13485713e-001 -1.19644674e+000 -1.19643891e+000  -1.19637836e+000 1.06640498e+000 1.06643768e+000  1.06663915e+000 9.24449043e-001 9.24454644e-001  9.24494486e-001 4.14228745e+000 4.14232461e+000  4.14251040e+000
 -2.35629065e+000 -2.35629187e+000  -2.35630036e+000 -6.39956637e+000 -6.39957774e+000  -6.39957434e+000 1.30544667e+000 1.30543632e+000  1.30530448e+000
 -6.24927982e-001 -6.24927982e-001  -6.24927982e-001 -1.04214249e-001 -1.04214249e-001  -1.04214249e-001 -1.48511820e+000 -1.48511820e+000  -1.48511820e+000 -1.78615544e-001 -1.78615544e-001  -1.78615544e-001 -9.85413597e-002 -9.85413597e-002  -9.85413597e-002
 -1.54910699e-001 -1.54910699e-001  -1.54910699e-001 -3.14489223e+000 -3.14489223e+000  -3.14489223e+000 -4.01578784e+000 -4.01578784e+000  -4.01578784e+000
 5.58156274e-001 5.58156274e-001  5.58156274e-001 3.98457852e-001 3.98457852e-001  3.98457852e-001 9.13782529e-001 9.13782529e-001  9.13782529e-001 -1.49165130e-002 -1.49165130e-002  -1.49165130e-002 3.09263563e-001 3.09263563e-001  3.09263563e-001
 7.29430623e-002 7.29430623e-002  7.29430623e-002 -2.24951861e+000 -2.24951861e+000  -2.24951861e+000 1.87264368e+000 1.87264368e+000  1.87264368e+000
 2.63643873e-001 2.63704493e-001  2.64007589e-001 5.49563833e-001 5.49643868e-001  5.50044041e-001 -3.60873519e-001 -3.60571014e-001  -3.59058487e-001 -6.80075557e-001 -6.80019098e-001  -6.79736804e-001 1.50658056e+000 1.50686473e+000  1.50828562e+000
 -1.30612977e+000 -1.30614131e+000  -1.30619905e+000 2.22835729e+000 2.22835966e+000  2.22837155e+000 -3.78335052e-001 -3.78528895e-001  -3.79498112e-001
 -1.20540065e-001 -1.20542865e-001  -1.20542865e-001 5.54082388e-001 5.54077039e-001  5.54077039e-001 9.06537921e-002 9.06443099e-002  9.06443099e-002 9.64040680e-001 9.64037721e-001  9.64037721e-001 2.68293589e+000 2.68293589e+000  2.68293589e+000
 -1.07569659e-001 -1.07569068e-001  -1.07569068e-001 3.07865136e-001 3.07850080e-001  3.07850080e-001 -2.13124812e+000 -2.13122811e+000  -2.13122811e+000
 1.51651167e-002 1.51651172e-002  1.51651200e-002 -9.87503232e-001 -9.87503232e-001  -9.87503232e-001 5.25250301e-001 5.25250302e-001  5.25250304e-001 -3.97454077e-001 -3.97454077e-001  -3.97454076e-001 4.94423356e-001 4.94423356e-001  4.94423356e-001
 -7.43174625e-001 -7.43174625e-001  -7.43174626e-001 4.47500214e+000 4.47500214e+000  4.47500214e+000 -3.89239340e-002 -3.89239348e-002  -3.89239390e-002
 8.39616976e-001 8.39615980e-001  8.39625003e-001 4.55493076e-001 4.55496875e-001  4.55542612e-001 -3.77050832e-001 -3.77055857e-001  -3.77033571e-001 -2.04064505e-001 -2.04064563e-001  -2.04050059e-001 2.63483050e+000 2.63483095e+000  2.63483325e+000
 -7.82804216e-001 -7.82804566e-001  -7.82809269e-001 1.36022068e+000 1.36020651e+000  1.36021095e+000 -1.23873020e-001 -1.23858556e-001  -1.23886319e-001
 1.56047598e-001 1.56106413e-001  1.56400489e-001 -1.55041769e-001 -1.54970882e-001  -1.54616446e-001 2.17961496e-002 2.20941983e-002  2.35844418e-002 1.36065338e-001 1.36118896e-001  1.36386686e-001 7.85792269e-001 7.86075986e-001  7.87494572e-001
 -1.44482262e+000 -1.44483323e+000  -1.44488625e+000 3.36153192e+000 3.36153341e+000  3.36154086e+000 -1.02717314e+000 -1.02736143e+000  -1.02830288e+000
 -4.66419191e-001 -4.66419191e-001  -4.66419191e-001 2.44847552e-001 2.44847552e-001  2.44847552e-001 1.09762054e+000 1.09762054e+000  1.09762054e+000 5.00024908e-001 5.00024908e-001  5.00024908e-001 1.86701114e+000 1.86701114e+000  1.86701114e+000
 7.32626304e-001 7.32626304e-001  7.32626304e-001 3.00952488e+000 3.00952488e+000  3.00952488e+000 -6.19228609e-001 -6.19228609e-001  -6.19228609e-001
 3.92383506e-001 3.92401099e-001  3.92489136e-001 -4.25075395e-002 -4.24863462e-002  -4.23802385e-002 -2.41481169e+000 -2.41472251e+000  -2.41427638e+000 -1.09626940e+000 -1.09625338e+000  -1.09617321e+000 3.40351776e+000 3.40360269e+000  3.40402738e+000
 -3.57984690e+000 -3.57985008e+000  -3.57986595e+000 -1.48405465e+000 -1.48405428e+000  -1.48405206e+000 -7.84492629e-001 -7.84548893e-001  -7.84830737e-001
 1.85217435e+000 1.85217443e+000  1.85217487e+000 1.26077731e+000 1.26077776e+000  1.26078001e+000 -1.50723942e+000 -1.50723921e+000  -1.50723814e+000 -2.45823884e-001 -2.45823751e-001  -2.45823085e-001 3.90508253e+000 3.90508255e+000  3.90508263e+000
 3.14895992e+000 3.14895987e+000  3.14895965e+000 3.56734938e-001 3.56734959e-001  3.56735065e-001 -1.25152893e+000 -1.25152919e+000  -1.25153051e+000
 -5.50358745e+000 -5.50354604e+000  -5.50333376e+000 -3.29819429e+000 -3.29814090e+000  -3.29786391e+000 -4.48157508e+000 -4.48136633e+000  -4.48030483e+000 -1.35953500e+000 -1.35949668e+000  -1.35929955e+000 -4.54164348e+000 -4.54144369e+000  -4.54044471e+000
 1.43839064e+000 1.43838283e+000  1.43834269e+000 -9.36126608e-001 -9.36130655e-001  -9.36122720e-001 7.57424243e+000 7.57411414e+000  7.57343524e+000
 -1.77075126e+000 -1.77071838e+000  -1.77054578e+000 9.23466539e-002 9.23894837e-002  9.26193346e-002 5.86444675e-001 5.86611111e-001  5.87471131e-001 3.27055716e-001 3.27086201e-001  3.27247314e-001 -7.86874282e-002 -7.85260649e-002  -7.77192336e-002
 3.38088823e-001 3.38082560e-001  3.38049510e-001 4.27774832e+000 4.27774088e+000  4.27774788e+000 5.80625984e+000 5.80616121e+000  5.80560933e+000
 3.51062879e-001 3.51092241e-001  3.51246198e-001 -2.86433444e-001 -2.86396084e-001  -2.86195638e-001 4.02812958e+000 4.02827876e+000  4.02904888e+000 -3.44598689e-001 -3.44571613e-001  -3.44428683e-001 5.13742912e+000 5.13757412e+000  5.13829911e+000
 -3.17928538e+000 -3.17929089e+000  -3.17931998e+000 -1.47110988e+000 -1.47111639e+000  -1.47111055e+000 -1.18602617e+000 -1.18611444e+000  -1.18660684e+000
 1.39986641e+000 1.39989905e+000  1.40007143e+000 1.74193286e+000 1.74197404e+000  1.74219742e+000 3.86542673e+000 3.86559312e+000  3.86645614e+000 4.85972970e-001 4.86002989e-001  4.86162777e-001 2.03533168e+000 2.03549428e+000  2.03630733e+000
 -1.27611920e+000 -1.27612530e+000  -1.27615776e+000 -2.13966663e+000 -2.13967524e+000  -2.13966899e+000 1.36647720e+000 1.36638004e+000  1.36582869e+000
 -5.35126880e-001 -5.35085698e-001  -5.34875769e-001 -1.18554977e+000 -1.18549870e+000  -1.18523567e+000 -6.77845356e-001 -6.77636930e-001  -6.76581194e-001 -6.07640005e-001 -6.07602050e-001  -6.07408032e-001 -3.06710161e+000 -3.06690178e+000  -3.06590260e+000
 -5.25955216e-001 -5.25962822e-001  -5.26001700e-001 -8.34550455e-001 -8.34553254e-001  -8.34545638e-001 -2.50169845e-001 -2.50298330e-001  -2.50969476e-001
 5.13390772e-001 5.13424754e-001  5.13600839e-001 -4.20392610e-001 -4.20350159e-001  -4.20126115e-001 -6.92093631e-002 -6.90369226e-002  -6.81538273e-002 6.71706397e-002 6.72020280e-002  6.73654901e-002 -1.35662751e-001 -1.35495976e-001  -1.34662092e-001
 9.42425302e-001 9.42418981e-001  9.42386075e-001 9.16253194e-001 9.16247881e-001  9.16254496e-001 -5.74771161e-002 -5.75808304e-002  -5.81435044e-002
 4.90328682e-001 4.90360872e-001  4.90525423e-001 4.63959326e-001 4.63998198e-001  4.64199436e-001 2.34003351e-002 2.35639715e-002  2.43943457e-002 -5.85767639e-001 -5.85738088e-001  -5.85586529e-001 -8.88939513e-001 -8.88781823e-001  -8.87993368e-001
 -2.04185121e-002 -2.04243780e-002  -2.04544669e-002 -9.00124101e-001 -9.00126820e-001  -9.00121052e-001 -1.71804182e+000 -1.71814187e+000  -1.71866790e+000
 2.09382633e-001 2.09406568e-001  2.09529611e-001 -5.82945755e-001 -5.82916709e-001  -5.82765043e-001 8.15834796e-001 8.15956447e-001  8.16576106e-001 1.02283004e-001 1.02305071e-001  1.02418966e-001 -1.11037153e+000 -1.11025401e+000  -1.10966640e+000
 1.99551232e+000 1.99550793e+000  1.99548529e+000 -4.49109402e-001 -4.49112078e-001  -4.49107344e-001 2.35797020e-001 2.35723223e-001  2.35330156e-001
 -9.56298263e-001 -9.56264392e-001  -9.56089239e-001 -3.21385952e-001 -3.21341748e-001  -3.21109645e-001 -9.45447385e-001 -9.45276953e-001  -9.44405150e-001 -6.25740749e-001 -6.25709062e-001  -6.25544495e-001 -2.96096914e+000 -2.96080553e+000  -2.95998747e+000
 -8.46336785e-001 -8.46343246e-001  -8.46376772e-001 -6.87018379e-001 -6.87023199e-001  -6.87016099e-001 4.85919516e-001 4.85816028e-001  4.85257118e-001
 2.74139576e-001 2.74164384e-001  2.74296899e-001 5.38434748e-001 5.38468092e-001  5.38650997e-001 -2.93075980e-001 -2.92950846e-001  -2.92296486e-001 9.27449630e-002 9.27683828e-002  9.28944355e-002 5.68779152e-001 5.68901132e-001  5.69511049e-001
 8.31038589e-001 8.31033748e-001  8.31007752e-001 1.33410982e+000 1.33410188e+000  1.33410771e+000 5.37722912e-001 5.37650573e-001  5.37228313e-001
 2.67347690e-001 2.67371072e-001  2.67493637e-001 1.58505835e+000 1.58508841e+000  1.58524951e+000 -7.60139786e-002 -7.58957321e-002  -7.52853403e-002 -5.68613684e-001 -5.68591813e-001  -5.68476478e-001 8.81184470e-002 8.82331131e-002  8.88064536e-002
 -3.65900199e-001 -3.65904637e-001  -3.65928019e-001 -2.62627766e-001 -2.62632856e-001  -2.62627884e-001 -1.37973190e+000 -1.37980197e+000  -1.38019279e+000
 -5.13442721e-002 -5.13301671e-002  -5.12542445e-002 3.96926940e-001 3.96945958e-001  3.97051359e-001 7.93996747e-001 7.94067814e-001  7.94441425e-001 1.75371461e-001 1.75384923e-001  1.75457935e-001 -1.98613404e-001 -1.98543877e-001  -1.98196228e-001
 1.85276931e+000 1.85276654e+000  1.85275152e+000 1.88812439e-001 1.88807396e-001  1.88811207e-001 7.51706431e-001 7.51665866e-001  7.51424457e-001
 -4.29099193e-001 -4.29097450e-001  -4.29088734e-001 2.23281450e+000 2.23282363e+000  2.23286929e+000 2.84621721e-002 2.84664737e-002  2.84879816e-002 -1.06126837e+000 -1.06126567e+000  -1.06125217e+000 3.01207342e+000 3.01207376e+000  3.01207545e+000
 -1.37558357e+000 -1.37558446e+000  -1.37558893e+000 2.52603845e+000 2.52603888e+000  2.52604101e+000 -2.99884532e-001 -2.99889869e-001  -2.99916554e-001
 -2.16834172e-001 -2.16836972e-001  -2.16836972e-001 -2.79960179e-001 -2.79965528e-001  -2.79965528e-001 -3.14626211e-001 -3.14635693e-001  -3.14635693e-001 1.66518812e+000 1.66518516e+000  1.66518516e+000 1.58183982e+000 1.58183982e+000  1.58183982e+000
 -4.86546199e-001 -4.86545608e-001  -4.86545608e-001 2.83552734e+000 2.83551228e+000  2.83551228e+000 2.79130274e-001 2.79150289e-001  2.79150289e-001
 3.76048829e-001 3.76088639e-001  3.76287687e-001 -5.86945310e-001 -5.86889397e-001  -5.86609832e-001 4.37957952e-001 4.38174595e-001  4.39257809e-001 -9.73156706e-001 -9.73134481e-001  -9.73023358e-001 1.16500193e-001 1.16707260e-001  1.17742595e-001
 -1.39670006e-001 -1.39676828e-001  -1.39710939e-001 1.12356725e+000 1.12356788e+000  1.12357101e+000 -1.16585150e+000 -1.16599269e+000  -1.16669862e+000
 5.97696160e-001 5.97715226e-001  5.97810561e-001 -1.05056414e+000 -1.05054914e+000  -1.05047419e+000 3.32097737e-001 3.32179299e-001  3.32587106e-001 5.14268267e-001 5.14299802e-001  5.14457473e-001 2.61705817e-001 2.61782590e-001  2.62166455e-001
 1.62764364e-001 1.62760533e-001  1.62741380e-001 8.73589353e-001 8.73590675e-001  8.73597285e-001 -9.84744323e-001 -9.84791643e-001  -9.85028243e-001
 -2.54125500e+000 -2.54127869e+000 -2.54140309e+000
 -1.61094942e+000 -1.61101828e+000 -1.61138588e+000
 -2.35054365e+000 -2.35072355e+000 -2.35166584e+000
 -1.95020889e+000 -1.95022576e+000 -1.95038257e+000
 -2.99524265e+000 -2.99572310e+000 -2.99820629e+000
 3.16631459e+000 3.16631111e+000 3.16629276e+000
 -3.71994654e+000 -3.72055323e+000 -3.72362755e+000
 5.19102137e+000 5.19045559e+000 5.18757739e+000
