 -3.3698e+000 -2.7250e+001 -7.4387e+000  3.1749e+000 -2.6707e+001
  1.0664e+001  6.9960e+000 -8.0574e+000  1.4686e+001 -2.8525e+001
 -1.5545e+001  4.3077e+000 -5.4929e-001 -7.3668e+000  3.0840e+000
 -8.8425e-001
  2.4485e+001
 7.75947460e+001 7.75947460e+001  7.75947460e+001 2.24565799e+000 2.24565799e+000  2.24565799e+000 6.42121602e+001 6.42121602e+001  6.42121602e+001 -3.62887752e+001 -3.62887752e+001  -3.62887752e+001 9.11015734e+001 9.11015734e+001  9.11015734e+001
 -2.19389304e+001 -2.19389304e+001  -2.19389304e+001 -1.62026361e+001 -1.62026361e+001  -1.62026361e+001 7.09607086e+001 7.09607086e+001  7.09607086e+001 3.62651883e+001 3.62651883e+001  3.62651883e+001 5.99118603e+001 5.99118603e+001  5.99118603e+001
 3.94459112e+001 3.94459112e+001  3.94459112e+001 -1.82641282e+001 -1.82641282e+001  -1.82641282e+001 3.27641799e+001 3.27641799e+001  3.27641799e+001 -8.94203899e+000 -8.94203899e+000  -8.94203899e+000 4.06023795e+000 4.06023795e+000  4.06023795e+000
 5.01289350e-002 5.01289350e-002  5.01289350e-002
 9.40414024e+000 9.40414024e+000  9.40414024e+000 3.64678980e+001 3.64678980e+001  3.64678980e+001 -1.70169914e-001 -1.70169914e-001  -1.70169914e-001 -2.26530983e+000 -2.26530971e+000  -2.26530951e+000 -2.11689284e+001 -2.11689284e+001  -2.11689284e+001
 -2.09124466e+001 -2.09124466e+001  -2.09124466e+001 -2.86793711e+001 -2.86793711e+001  -2.86793712e+001 3.09422782e+000 3.09422782e+000  3.09422782e+000 -3.06975875e+001 -3.06975875e+001  -3.06975875e+001 2.24524352e+001 2.24524352e+001  2.24524352e+001
 -1.23242237e+001 -1.23242237e+001  -1.23242237e+001 -7.17745858e+000 -7.17745858e+000  -7.17745858e+000 -9.26667046e+000 -9.26667045e+000  -9.26667045e+000 -5.52862322e+000 -5.52862322e+000  -5.52862322e+000 -1.03866757e+001 -1.03866756e+001  -1.03866756e+001
 -1.34453393e+000 -1.34453422e+000  -1.34453471e+000
 -5.58660010e+000 -5.58660010e+000  -5.58660010e+000 9.39161265e+000 9.39161265e+000  9.39161265e+000 -5.06866235e+000 -5.06866235e+000  -5.06866235e+000 4.03978387e-001 4.03978487e-001  4.03978652e-001 2.60763481e+001 2.60763481e+001  2.60763481e+001
 6.14287170e+000 6.14287170e+000  6.14287171e+000 -6.39047037e+000 -6.39047038e+000  -6.39047038e+000 -9.82874194e+000 -9.82874194e+000  -9.82874194e+000 -2.54016935e+001 -2.54016935e+001  -2.54016935e+001 1.44897446e+001 1.44897446e+001  1.44897446e+001
 1.32096393e+001 1.32096393e+001  1.32096393e+001 6.82634620e+000 6.82634620e+000  6.82634620e+000 7.49195475e+000 7.49195476e+000  7.49195476e+000 4.94286157e+000 4.94286157e+000  4.94286157e+000 1.83200731e+000 1.83200734e+000  1.83200739e+000
 -6.64571640e-001 -6.64571884e-001  -6.64572287e-001
 -1.67291001e+001 -1.67291001e+001  -1.67291001e+001 1.03843105e+001 1.03843105e+001  1.03843105e+001 6.13292645e-002 6.13292645e-002  6.13292645e-002 6.39899996e+000 6.39900003e+000  6.39900015e+000 2.90090537e+001 2.90090537e+001  2.90090537e+001
 9.68945295e+000 9.68945296e+000  9.68945296e+000 -8.75752484e+000 -8.75752484e+000  -8.75752485e+000 -9.45702093e+000 -9.45702093e+000  -9.45702093e+000 -1.44088916e+001 -1.44088916e+001  -1.44088916e+001 1.53009446e+001 1.53009446e+001  1.53009446e+001
 1.07014765e+001 1.07014765e+001  1.07014765e+001 7.19604506e+000 7.19604506e+000  7.19604506e+000 3.50607121e+000 3.50607121e+000  3.50607122e+000 8.30760318e+000 8.30760318e+000  8.30760318e+000 -8.94005879e-001 -8.94005856e-001  -8.94005820e-001
 -7.14947613e-001 -7.14947795e-001  -7.14948095e-001
 -1.88963546e+001 -1.88963546e+001  -1.88963546e+001 -1.32335689e+001 -1.32335689e+001  -1.32335689e+001 1.00119414e+001 1.00119414e+001  1.00119414e+001 7.43757706e+000 7.43757706e+000  7.43757706e+000 -6.01433097e+000 -6.01433097e+000  -6.01433097e+000
 1.98050935e+001 1.98050935e+001  1.98050935e+001 2.60794629e+000 2.60794629e+000  2.60794629e+000 1.35815193e+001 1.35815193e+001  1.35815193e+001 2.88932701e+001 2.88932701e+001  2.88932701e+001 -1.37951526e+001 -1.37951526e+001  -1.37951526e+001
 -1.11900160e+001 -1.11900160e+001  -1.11900160e+001 9.38136950e+000 9.38136950e+000  9.38136950e+000 -9.73567654e+000 -9.73567654e+000  -9.73567654e+000 5.19788718e+000 5.19788718e+000  5.19788718e+000 -3.10068663e+000 -3.10068663e+000  -3.10068663e+000
 -1.38999622e-001 -1.38999622e-001  -1.38999622e-001
 -2.80987924e+000 -2.80987924e+000  -2.80987924e+000 -5.38060981e+000 -5.38060981e+000  -5.38060981e+000 -9.83886928e+000 -9.83886928e+000  -9.83886928e+000 1.13830850e+000 1.13830850e+000  1.13830850e+000 -2.25225399e+001 -2.25225399e+001  -2.25225399e+001
 -1.46153894e+001 -1.46153894e+001  -1.46153894e+001 8.45763425e-001 8.45763425e-001  8.45763425e-001 -2.35557057e+001 -2.35557057e+001  -2.35557057e+001 1.03501682e+001 1.03501682e+001  1.03501682e+001 -1.38768746e+000 -1.38768746e+000  -1.38768746e+000
 -1.08687450e+001 -1.08687450e+001  -1.08687450e+001 -1.18982609e+001 -1.18982609e+001  -1.18982609e+001 -1.05162498e+000 -1.05162498e+000  -1.05162498e+000 -4.71911926e+000 -4.71911926e+000  -4.71911926e+000 -1.90900211e+000 -1.90900211e+000  -1.90900211e+000
 -6.03644844e-001 -6.03644844e-001  -6.03644844e-001
 2.33694870e+001 2.33694870e+001  2.33694870e+001 -1.60288574e+001 -1.60288574e+001  -1.60288574e+001 -1.51523593e+001 -1.51523593e+001  -1.51523593e+001 -1.20317350e+001 -1.20317348e+001  -1.20317345e+001 -1.05373343e+001 -1.05373343e+001  -1.05373343e+001
 6.39463492e+000 6.39463492e+000  6.39463492e+000 1.07416424e+001 1.07416424e+001  1.07416424e+001 -2.85536231e+000 -2.85536231e+000  -2.85536231e+000 -2.37974510e+001 -2.37974510e+001  -2.37974510e+001 -1.34338423e+001 -1.34338423e+001  -1.34338423e+001
 -4.29451543e-001 -4.29451543e-001  -4.29451544e-001 9.08451678e+000 9.08451678e+000  9.08451678e+000 9.94523767e+000 9.94523768e+000  9.94523768e+000 -7.93364004e+000 -7.93364004e+000  -7.93364004e+000 8.74375694e+000 8.74375700e+000  8.74375709e+000
 -7.31104347e-001 -7.31104801e-001  -7.31105551e-001
 4.66666667e-001 4.66666667e-001  4.66666667e-001 5.33333333e-001 5.33333333e-001  5.33333333e-001 6.00000000e-001 6.00000000e-001  6.00000000e-001 6.66666667e-001 6.66666667e-001  6.66666667e-001 7.33333333e-001 7.33333333e-001  7.33333333e-001
 0.00000000e+000 0.00000000e+000  0.00000000e+000 0.00000000e+000 0.00000000e+000  0.00000000e+000 0.00000000e+000 0.00000000e+000  0.00000000e+000 0.00000000e+000 0.00000000e+000  0.00000000e+000 0.00000000e+000 0.00000000e+000  0.00000000e+000
 0.00000000e+000 0.00000000e+000  0.00000000e+000 0.00000000e+000 0.00000000e+000  0.00000000e+000 0.00000000e+000 0.00000000e+000  0.00000000e+000 0.00000000e+000 0.00000000e+000  0.00000000e+000 0.00000000e+000 0.00000000e+000  0.00000000e+000
 0.00000000e+000 0.00000000e+000  0.00000000e+000
 -2.06510670e+001 -2.06510806e+001 -2.06511028e+001
 -3.38428822e+000 -3.38428822e+000 -3.38428822e+000
 -3.99884171e+000 -3.99884171e+000 -3.99884171e+000
 -2.59657679e+001 -2.59657679e+001 -2.59657679e+001
 -4.24438464e+000 -4.24438464e+000 -4.24438464e+000
 -2.94867351e+000 -2.94868708e+000 -2.94870933e+000
 1.43396677e+000 1.43396676e+000 1.43396675e+000
 2.70584735e+000 2.70584735e+000 2.70584735e+000
 -9.97551569e-001 -9.97551569e-001 -9.97551569e-001
 1.48691192e+000 1.48691192e+000 1.48691192e+000
 2.67204352e+000 2.67204352e+000 2.67204352e+000
 3.63352035e+000 3.63350678e+000 3.63348453e+000
 -2.47309633e+000 -2.47310990e+000 -2.47313215e+000
 1.70195952e+000 1.70195952e+000 1.70195952e+000
 -1.24096636e+000 -1.24097989e+000 -1.24100206e+000
 8.37354770e-001 8.37354205e-001 8.37353271e-001
