 -5.1159e+001  7.9958e+000 -2.0948e+001 -1.7172e+001 -1.7693e+001
  6.5325e+000 -2.3696e+001 -1.7115e+001 -1.7369e+001 -4.2312e+000
  4.6676e+000  3.3829e+000 -3.0538e+000 -1.8860e+000 -1.2088e+000
 -2.2124e+000
 -1.80420665e+001 -1.80420665e+001  -1.80420665e+001 7.32988764e+000 7.32988603e+000  7.32988266e+000 -3.53376630e+001 -3.53376630e+001  -3.53376630e+001 -8.66941340e+000 -8.66941340e+000  -8.66941340e+000 -1.19017752e+000 -1.19018457e+000  -1.19043039e+000
 2.12152307e+001 2.12152068e+001  2.12146540e+001 3.99069857e+001 3.99078664e+001  3.99084271e+001 -2.99070992e+000 -2.99070992e+000  -2.99070992e+000 -4.18312586e+000 -4.18312586e+000  -4.18312578e+000 5.02104305e+000 5.02331936e+000  5.02474310e+000
 -1.29895089e+001 -1.29895085e+001  -1.29895083e+001 -1.75950589e+001 -1.75950589e+001  -1.75950589e+001 -9.54172210e-001 -9.54172323e-001  -9.54172386e-001 -1.26768933e+001 -1.26768933e+001  -1.26768933e+001 6.01760845e+000 6.01791627e+000  6.01805524e+000
 -1.38767419e+000 -1.38767419e+000  -1.38767419e+000 5.80880486e+000 5.80880486e+000  5.80880486e+000 1.37576927e+001 1.37576927e+001  1.37576927e+001 -2.02982101e+001 -2.02982101e+001  -2.02982101e+001 -2.34139764e+001 -2.34139764e+001  -2.34139764e+001
 -2.54134799e+001 -2.54134799e+001  -2.54134799e+001 -6.24272849e+000 -6.24272849e+000  -6.24272849e+000 -1.08287820e+001 -1.08287820e+001  -1.08287820e+001 -1.09684610e+001 -1.09684610e+001  -1.09684610e+001 -4.74285245e+000 -4.74285245e+000  -4.74285245e+000
 5.08338054e+000 5.08338054e+000  5.08338054e+000 -9.85395640e+000 -9.85395640e+000  -9.85395640e+000 -1.62878759e+000 -1.62878759e+000  -1.62878759e+000 -3.14414825e+000 -3.14414825e+000  -3.14414825e+000 -3.50400654e+000 -3.50400654e+000  -3.50400654e+000
 2.16327635e+000 2.16327635e+000  2.16327635e+000 3.78635941e+000 3.78635941e+000  3.78635941e+000 5.66799467e+000 5.66799467e+000  5.66799467e+000 2.27585675e+001 2.27585675e+001  2.27585675e+001 -6.43523106e+000 -6.43523106e+000  -6.43523106e+000
 -2.67936326e+001 -2.67936326e+001  -2.67936326e+001 2.38029188e+001 2.38029188e+001  2.38029188e+001 -1.78047528e+001 -1.78047528e+001  -1.78047528e+001 -3.57196612e+000 -3.57196612e+000  -3.57196612e+000 -4.06836446e+000 -4.06836446e+000  -4.06836446e+000
 -5.58623583e+000 -5.58623583e+000  -5.58623583e+000 5.47470958e+000 5.47470958e+000  5.47470958e+000 -1.30378932e+000 -1.30378932e+000  -1.30378932e+000 9.92152239e+000 9.92152239e+000  9.92152239e+000 6.68930853e-001 6.68930853e-001  6.68930853e-001
 -1.73680140e+001 -1.73680140e+001  -1.73680140e+001 6.61465282e-001 6.61465282e-001  6.61465282e-001 1.66204132e+001 1.66204132e+001  1.66204132e+001 -7.24052651e+000 -7.24052651e+000  -7.24052651e+000 3.97939303e-001 3.97939303e-001  3.97939303e-001
 -1.15031815e+001 -1.15031815e+001  -1.15031815e+001 4.51595320e+001 4.51595320e+001  4.51595320e+001 -3.08476841e+000 -3.08476841e+000  -3.08476841e+000 -1.07354879e+001 -1.07354879e+001  -1.07354879e+001 -3.27682175e+000 -3.27682175e+000  -3.27682175e+000
 -1.17590547e+001 -1.17590547e+001  -1.17590547e+001 3.79654288e+000 3.79654288e+000  3.79654288e+000 3.75957870e+000 3.75957870e+000  3.75957870e+000 -9.45808891e+000 -9.45808891e+000  -9.45808891e+000 -6.31045203e+000 -6.31045203e+000  -6.31045203e+000
 -1.55706744e+001 -1.55706744e+001  -1.55706744e+001 6.34675731e+000 6.34675731e+000  6.34675731e+000 1.96799632e+001 1.96799632e+001  1.96799632e+001 -1.80668904e+001 -1.80668904e+001  -1.80668904e+001 -2.20589663e+001 -2.20589663e+001  -2.20589663e+001
 -2.77043829e+001 -2.77043829e+001  -2.77043829e+001 1.93616475e+000 1.93616475e+000  1.93616475e+000 -1.51398354e+001 -1.51398354e+001  -1.51398354e+001 -1.50275535e+000 -1.50275535e+000  -1.50275535e+000 -4.74287651e+000 -4.74287651e+000  -4.74287651e+000
 -4.84769364e+000 -4.84769364e+000  -4.84769364e+000 -4.58579693e+000 -4.58579693e+000  -4.58579693e+000 -1.60773028e+000 -1.60773028e+000  -1.60773028e+000 1.22597219e+001 1.22597219e+001  1.22597219e+001 1.37160335e+000 1.37160335e+000  1.37160335e+000
 -4.92667272e+000 -4.92667272e+000  -4.92667272e+000 -1.35547348e+001 -1.35547348e+001  -1.35547348e+001 -2.59342422e+001 -2.59342422e+001  -2.59342422e+001 -3.49782045e+001 -3.49782045e+001  -3.49782045e+001 5.13280419e+001 5.13280419e+001  5.13280419e+001
 4.07826568e+001 4.07826568e+001  4.07826568e+001 -5.23302946e+001 -5.23302946e+001  -5.23302946e+001 -1.18876003e+001 -1.18876003e+001  -1.18876003e+001 -1.25324500e+001 -1.25324500e+001  -1.25324500e+001 9.23463772e-002 9.23463772e-002  9.23463772e-002
 3.22228515e+001 3.22228515e+001  3.22228515e+001 8.56691479e+000 8.56691479e+000  8.56691479e+000 -2.97435038e+000 -2.97435038e+000  -2.97435038e+000 1.07933518e+000 1.07933518e+000  1.07933518e+000 -3.22993779e+000 -3.22993779e+000  -3.22993779e+000
 -5.44179135e+000 -5.44179135e+000  -5.44179135e+000 5.47745993e+000 5.47745993e+000  5.47745993e+000 -1.90891829e+001 -1.90891829e+001  -1.90891829e+001 3.89327572e+001 3.89327572e+001  3.89327572e+001 -1.44098783e+001 -1.44098783e+001  -1.44098783e+001
 3.45473100e+001 3.45473100e+001  3.45473100e+001 -7.74551872e+001 -7.74551872e+001  -7.74551872e+001 3.05696738e+001 3.05696738e+001  3.05696738e+001 2.48611329e+001 2.48611329e+001  2.48611329e+001 2.28660346e+000 2.28660346e+000  2.28660346e+000
 3.20394990e+000 3.20394990e+000  3.20394990e+000 1.52954743e+001 1.52954743e+001  1.52954743e+001 2.35327263e-001 2.35327263e-001  2.35327263e-001 1.67231206e+000 1.67231206e+000  1.67231206e+000 3.97511222e+000 3.97511222e+000  3.97511222e+000
 3.07788962e+001 3.07788962e+001  3.07788962e+001 -1.88762877e+000 -1.88762877e+000  -1.88762877e+000 -2.55737858e+001 -2.55737858e+001  -2.55737858e+001 -1.02517721e+000 -1.02517721e+000  -1.02517721e+000 3.46171672e+001 3.46171672e+001  3.46171672e+001
 3.28508173e+001 3.28508173e+001  3.28508173e+001 2.33284539e+000 2.33284539e+000  2.33284539e+000 -4.31890001e+000 -4.31890001e+000  -4.31890001e+000 2.10610055e+001 2.10610055e+001  2.10610055e+001 7.94617534e-001 7.94617534e-001  7.94617534e-001
 -4.42721105e+000 -4.42721105e+000  -4.42721105e+000 2.95709423e+000 2.95709423e+000  2.95709423e+000 -3.31088052e-001 -3.31088052e-001  -3.31088052e-001 -1.95400583e+000 -1.95400583e+000  -1.95400583e+000 -4.53049521e+000 -4.53049521e+000  -4.53049521e+000
 4.60273675e+000 4.60273675e+000  4.60273675e+000 -2.92523391e+000 -2.92523392e+000  -2.92523394e+000 -9.47471189e+000 -9.47471189e+000  -9.47471189e+000 8.54979904e+001 8.54979904e+001  8.54979904e+001 8.24516816e+001 8.24516815e+001  8.24516802e+001
 -3.21964452e+001 -3.21964454e+001  -3.21964483e+001 2.06018401e+002 2.06018406e+002  2.06018409e+002 4.79456562e+001 4.79456562e+001  4.79456562e+001 5.80092188e+001 5.80092188e+001  5.80092188e+001 -2.18335237e+002 -2.18335225e+002  -2.18335217e+002
 -1.01706036e+002 -1.01706036e+002  -1.01706036e+002 2.86464639e+001 2.86464639e+001  2.86464639e+001 -4.09203831e+000 -4.09203831e+000  -4.09203831e+000 -3.08762755e+001 -3.08762755e+001  -3.08762755e+001 -2.52050647e+001 -2.52050630e+001  -2.52050623e+001
 1.34696897e+001 1.34696897e+001  1.34696897e+001 6.17396502e+000 6.17396444e+000  6.17396300e+000 -5.03678105e+000 -5.03678105e+000  -5.03678105e+000 4.72053948e-002 4.72053948e-002  4.72053948e-002 -7.94483340e+001 -7.94483367e+001  -7.94484351e+001
 6.98547560e+001 6.98547470e+001  6.98545259e+001 6.67132871e-002 6.70254304e-002  6.72515957e-002 -1.15557182e+000 -1.15557182e+000  -1.15557182e+000 5.04663662e+001 5.04663662e+001  5.04663662e+001 6.37051734e-001 6.37858532e-001  6.38432443e-001
 -2.56403795e+000 -2.56403782e+000  -2.56403774e+000 -1.21795450e+000 -1.21795450e+000  -1.21795450e+000 -3.63068534e+000 -3.63068538e+000  -3.63068541e+000 6.36078156e-001 6.36078156e-001  6.36078157e-001 9.82728725e+000 9.82739630e+000  9.82745202e+000
 4.23330712e+001 4.23330712e+001  4.23330712e+001 -1.77243665e+001 -1.77243676e+001  -1.77243697e+001 3.52781996e+001 3.52781996e+001  3.52781996e+001 -6.46727866e+000 -6.46727866e+000  -6.46727866e+000 4.40658796e+001 4.40658750e+001  4.40657130e+001
 -4.65972223e+001 -4.65972383e+001  -4.65976025e+001 -7.46281846e+000 -7.46222414e+000  -7.46185724e+000 -5.65446523e+000 -5.65446523e+000  -5.65446523e+000 -2.80156366e+000 -2.80156365e+000  -2.80156360e+000 7.61456762e-001 7.62992978e-001  7.63924990e-001
 -9.01679315e-002 -9.01676920e-002  -9.01675585e-002 -1.03152901e+001 -1.03152901e+001  -1.03152901e+001 -1.76094771e+000 -1.76094778e+000  -1.76094782e+000 3.88926410e+000 3.88926410e+000  3.88926410e+000 -4.56160047e+000 -4.56139271e+000  -4.56130133e+000
 5.09418963e+001 5.09418963e+001  5.09418963e+001 -8.26237538e+000 -8.26237628e+000  -8.26237798e+000 4.54665125e+001 4.54665125e+001  4.54665125e+001 5.58299021e+000 5.58299021e+000  5.58299021e+000 5.50459849e+001 5.50459810e+001  5.50458471e+001
 -5.55018169e+001 -5.55018302e+001  -5.55021314e+001 5.58752000e+000 5.58801594e+000  5.58831853e+000 4.48970454e+000 4.48970454e+000  4.48970454e+000 -8.76829852e+000 -8.76829851e+000  -8.76829847e+000 -1.94981732e+000 -1.94853539e+000  -1.94776659e+000
 -1.82755982e+000 -1.82755962e+000  -1.82755951e+000 -1.12303685e+001 -1.12303685e+001  -1.12303685e+001 -1.31859530e+000 -1.31859537e+000  -1.31859540e+000 1.14673302e+001 1.14673302e+001  1.14673302e+001 -5.89555979e+000 -5.89538641e+000  -5.89531091e+000
 -2.24191805e+000 -2.24191805e+000  -2.24191805e+000 1.64809080e+001 1.64809080e+001  1.64809080e+001 -1.82748652e-001 -1.82748652e-001  -1.82748652e-001 2.89700365e+001 2.89700365e+001  2.89700365e+001 5.57632737e+000 5.57632737e+000  5.57632737e+000
 -7.97900701e+000 -7.97900701e+000  -7.97900701e+000 3.20702676e+001 3.20702676e+001  3.20702676e+001 2.24348703e+001 2.24348703e+001  2.24348703e+001 -2.97345987e+001 -2.97345987e+001  -2.97345987e+001 -7.86331062e+000 -7.86331062e+000  -7.86331062e+000
 -1.06787125e+001 -1.06787125e+001  -1.06787125e+001 6.38294771e+000 6.38294771e+000  6.38294771e+000 -5.36817990e+000 -5.36817990e+000  -5.36817990e+000 -3.13487461e-003 -3.13487461e-003  -3.13487461e-003 -7.38184086e+000 -7.38184086e+000  -7.38184086e+000
 -3.07108670e+001 -3.07108670e+001  -3.07108670e+001 1.87542185e+001 1.87542185e+001  1.87542185e+001 -3.24215102e+000 -3.24215102e+000  -3.24215102e+000 -2.58125012e+001 -2.58125012e+001  -2.58125012e+001 -8.24461115e+000 -8.24461115e+000  -8.24461115e+000
 5.00636345e+000 5.00636345e+000  5.00636345e+000 -2.21612234e+001 -2.21612234e+001  -2.21612234e+001 -2.09342010e+001 -2.09342010e+001  -2.09342010e+001 1.64265191e+001 1.64265191e+001  1.64265191e+001 -2.67009795e+000 -2.67009795e+000  -2.67009795e+000
 1.44768964e+001 1.44768964e+001  1.44768964e+001 -7.28091973e+000 -7.28091973e+000  -7.28091973e+000 7.43342486e+000 7.43342486e+000  7.43342486e+000 2.11525672e+001 2.11525672e+001  2.11525672e+001 8.55791560e+000 8.55791560e+000  8.55791560e+000
 -1.34545589e+001 -1.34545589e+001  -1.34545589e+001 -9.69574107e+000 -9.69574107e+000  -9.69574107e+000 -1.00654715e+001 -1.00654715e+001  -1.00654715e+001 -1.51994534e+001 -1.51994534e+001  -1.51994534e+001 -5.93787015e+000 -5.93787015e+000  -5.93787015e+000
 3.83231115e+000 3.83231115e+000  3.83231115e+000 -1.75985623e+001 -1.75985623e+001  -1.75985623e+001 -1.63579532e+001 -1.63579532e+001  -1.63579532e+001 -2.94372804e+000 -2.94372804e+000  -2.94372804e+000 5.35186983e-001 5.35186983e-001  5.35186983e-001
 7.42506576e-001 7.42506576e-001  7.42506576e-001 9.70156439e-001 9.70156439e-001  9.70156439e-001 -3.14967695e+000 -3.14967695e+000  -3.14967695e+000 -1.06529703e+001 -1.06529703e+001  -1.06529703e+001 -1.10851871e+000 -1.10851871e+000  -1.10851871e+000
 -1.40003392e+001 -1.40003392e+001  -1.40003392e+001 -9.46532302e+000 -9.46532463e+000  -9.46532800e+000 -1.08744613e+001 -1.08744613e+001  -1.08744613e+001 -1.51976810e+001 -1.51976810e+001  -1.51976810e+001 -6.80164410e+000 -6.80165115e+000  -6.80189698e+000
 4.69743232e+000 4.69740835e+000  4.69685559e+000 -1.75330909e+001 -1.75322102e+001  -1.75316495e+001 -1.63094912e+001 -1.63094912e+001  -1.63094912e+001 -2.38130571e+000 -2.38130571e+000  -2.38130562e+000 5.67299308e-001 5.69575614e-001  5.70999355e-001
 7.86998317e-001 7.86998672e-001  7.86998876e-001 1.02664489e+000 1.02664489e+000  1.02664489e+000 -3.38949183e+000 -3.38949195e+000  -3.38949201e+000 -1.08427009e+001 -1.08427009e+001  -1.08427009e+001 -1.07869751e+000 -1.07838970e+000  -1.07825073e+000
 4.18996402e-001 4.18996402e-001 4.18996401e-001
 -5.17707300e+000 -5.17707268e+000 -5.17707203e+000
 -4.60504988e+000 -4.60504988e+000 -4.60504988e+000
 -3.71642381e+000 -3.71642381e+000 -3.71642381e+000
 -2.41633827e+000 -2.41471106e+000 -2.41386119e+000
 -2.60445954e+000 -2.60444738e+000 -2.60408107e+000
 5.53854500e+000 5.53872354e+000 5.53883757e+000
 7.16818363e+000 7.16818363e+000 7.16818363e+000
 4.61453046e-001 4.61453055e-001 4.61453238e-001
 5.61036285e+000 5.61111918e+000 5.61160753e+000
 5.14568777e+000 5.14568784e+000 5.14568787e+000
 1.07570427e+000 1.07570427e+000 1.07570427e+000
 -2.88892413e+000 -2.88892409e+000 -2.88892407e+000
 3.63681307e+000 3.63681307e+000 3.63681307e+000
 8.45472831e-001 8.46556056e-001 8.47365265e-001
