  6.8179e-001 -2.3165e+000 -7.2473e-001  2.3199e+000 -3.2334e+000
 -1.9457e+000  2.6464e+000  3.5925e-002 -5.3578e-002 -1.5002e-001
 -3.6904e-003  3.3487e-002 -3.9757e-002 -4.0046e-002 -2.1053e-002
 -1.1932e-003
  1.6488e+000
 -2.90443254e+000 -2.90443396e+000  -2.90443771e+000 2.23203503e+000 2.23203877e+000  2.23204777e+000 -2.94367187e+000 -2.94367236e+000  -2.94367359e+000 4.06773023e-001 4.06774576e-001  4.06778449e-001 -4.52467889e+000 -4.52467582e+000  -4.52466822e+000
 5.20657543e+000 5.20657027e+000  5.20655762e+000 -3.65190495e+000 -3.65190394e+000  -3.65190144e+000 -4.75578186e+000 -4.75578233e+000  -4.75578352e+000 7.13342571e-001 7.13342993e-001  7.13344039e-001 9.71298331e-001 9.71300710e-001  9.71306472e-001
 -2.98258867e-001 -2.98259459e-001  -2.98260874e-001 -4.35521830e-001 -4.35522693e-001  -4.35524762e-001 -1.97957051e-001 -1.97957445e-001  -1.97958392e-001 -8.17221077e-002 -8.17222825e-002  -8.17227037e-002 -2.40665161e-002 -2.40665680e-002  -2.40666931e-002
 -9.40428544e-004 -9.40441727e-004  -9.40473509e-004
 1.79658495e+000 1.79658410e+000  1.79658147e+000 1.17094547e+000 1.17094722e+000  1.17095072e+000 -1.42268504e+000 -1.42268570e+000  -1.42268736e+000 -1.82407433e+000 -1.82407342e+000  -1.82407116e+000 2.32631466e+000 2.32631644e+000  2.32632077e+000
 -5.80134059e+000 -5.80134378e+000  -5.80135116e+000 -2.73216543e+000 -2.73216487e+000  -2.73216346e+000 3.70500883e+000 3.70500856e+000  3.70500791e+000 -8.97028997e-001 -8.97029013e-001  -8.97029077e-001 5.50840572e-001 5.50841918e-001  5.50844834e-001
 -3.72840175e-001 -3.72840407e-001  -3.72840831e-001 -4.92383578e-001 -4.92383927e-001  -4.92384588e-001 -1.93482760e-001 -1.93482928e-001  -1.93483258e-001 -7.36904580e-002 -7.36905339e-002  -7.36906849e-002 -2.19614342e-002 -2.19614568e-002  -2.19615021e-002
 -7.54839435e-004 -7.54845145e-004  -7.54856569e-004
 -1.86736788e+000 -1.86736788e+000  -1.86736788e+000 -1.67093215e+000 -1.67093215e+000  -1.67093215e+000 -8.09071741e-001 -8.09071741e-001  -8.09071741e-001 6.10321016e-001 6.10321017e-001  6.10321017e-001 -1.78546401e+000 -1.78546401e+000  -1.78546401e+000
 -8.57405074e-001 -8.57405074e-001  -8.57405074e-001 1.25718329e+000 1.25718329e+000  1.25718329e+000 -2.91423581e+000 -2.91423581e+000  -2.91423581e+000 4.03311922e-001 4.03311922e-001  4.03311923e-001 1.42853559e-003 1.42853586e-003  1.42853655e-003
 -2.04186401e-001 -2.04186401e-001  -2.04186401e-001 -2.11579863e-001 -2.11579863e-001  -2.11579863e-001 -5.91152872e-002 -5.91152872e-002  -5.91152873e-002 -1.42413423e-002 -1.42413423e-002  -1.42413424e-002 -2.42074090e-003 -2.42074091e-003  -2.42074093e-003
 -3.33058571e-005 -3.33058589e-005  -3.33058632e-005
 -1.57773827e+000 -1.57773827e+000  -1.57773827e+000 -1.19543748e+000 -1.19543748e+000  -1.19543748e+000 -5.21372506e-001 -5.21372506e-001  -5.21372506e-001 1.76461691e+000 1.76461691e+000  1.76461691e+000 1.09281094e+000 1.09281094e+000  1.09281094e+000
 6.46106329e-001 6.46106329e-001  6.46106329e-001 -1.07892164e+000 -1.07892164e+000  -1.07892164e+000 -3.80881944e-001 -3.80881944e-001  -3.80881944e-001 3.69124545e-001 3.69124545e-001  3.69124545e-001 2.11292804e-001 2.11292804e-001  2.11292804e-001
 -1.37049761e-001 -1.37049761e-001  -1.37049761e-001 -1.72226552e-001 -1.72226552e-001  -1.72226552e-001 -5.47704764e-002 -5.47704764e-002  -5.47704764e-002 -1.47750946e-002 -1.47750946e-002  -1.47750946e-002 -2.52184286e-003 -2.52184286e-003  -2.52184286e-003
 -2.38694312e-005 -2.38694312e-005  -2.38694312e-005
 -1.86255923e-001 -1.86268091e-001  -1.86298511e-001 -2.68175410e-001 -2.68156731e-001  -2.68110036e-001 -2.77272301e+000 -2.77272899e+000  -2.77274396e+000 1.59670989e+000 1.59671971e+000  1.59674427e+000 -2.22984380e+000 -2.22982636e+000  -2.22978274e+000
 -2.54280136e+000 -2.54283480e+000  -2.54291841e+000 -1.58549944e+000 -1.58549558e+000  -1.58548592e+000 -2.96417780e+000 -2.96417923e+000  -2.96418280e+000 8.16975210e-001 8.16975454e-001  8.16976066e-001 -3.36073401e-001 -3.36060059e-001  -3.36026706e-001
 -1.44677150e-001 -1.44679755e-001  -1.44686266e-001 -8.95510102e-002 -8.95549992e-002  -8.95649715e-002 -8.56086179e-002 -8.56104827e-002  -8.56151448e-002 -6.43975939e-002 -6.43984305e-002  -6.44005221e-002 -3.25295430e-002 -3.25297927e-002  -3.25304172e-002
 -1.89808475e-003 -1.89814815e-003  -1.89830665e-003
 6.63326568e-001 6.63327545e-001  6.63327626e-001 -2.55571322e-001 -2.55569677e-001  -2.55569649e-001 -8.96696066e-001 -8.96695959e-001  -8.96695757e-001 6.25272270e-002 6.25272661e-002  6.25272658e-002 1.48016364e+000 1.48016392e+000  1.48016404e+000
 -2.39224018e-001 -2.39225101e-001  -2.39225098e-001 3.38754701e+000 3.38754702e+000  3.38754702e+000 9.65022315e-001 9.65022312e-001  9.65022305e-001 -8.47190488e-001 -8.47190434e-001  -8.47190418e-001 1.33808481e-001 1.33809379e-001  1.33809515e-001
 3.23103159e-002 3.23100037e-002  3.23099520e-002 2.62349686e-002 2.62345443e-002  2.62344786e-002 -9.45215256e-003 -9.45233341e-003  -9.45236097e-003 -5.96053398e-003 -5.96061138e-003  -5.96062288e-003 -1.18519143e-003 -1.18521394e-003  -1.18521723e-003
 -8.40220790e-005 -8.40277908e-005  -8.40286242e-005
 3.06359967e-001 3.06359967e-001  3.06359967e-001 -2.40500150e+000 -2.40500150e+000  -2.40500150e+000 3.04886977e+000 3.04886977e+000  3.04886977e+000 1.01880885e+000 1.01880885e+000  1.01880885e+000 -3.16646528e+000 -3.16646528e+000  -3.16646528e+000
 -4.73642921e-001 -4.73642921e-001  -4.73642921e-001 2.75256798e+000 2.75256798e+000  2.75256798e+000 1.08649603e+000 1.08649603e+000  1.08649603e+000 -1.41705249e-001 -1.41705249e-001  -1.41705249e-001 -6.38029793e-002 -6.38029793e-002  -6.38029793e-002
 7.10792804e-002 7.10792804e-002  7.10792804e-002 7.86564035e-002 7.86564035e-002  7.86564035e-002 2.97487509e-002 2.97487509e-002  2.97487509e-002 9.94570914e-003 9.94570914e-003  9.94570914e-003 1.83615186e-003 1.83615186e-003  1.83615186e-003
 -6.54626490e-006 -6.54626490e-006  -6.54626490e-006
 -1.46663395e+000 -1.46663284e+000  -1.46663243e+000 6.24298408e-001 6.24319452e-001  6.24367979e-001 4.06067288e-001 4.06069835e-001  4.06076137e-001 4.10789944e+000 4.10790984e+000  4.10793573e+000 2.85569981e-001 2.85587638e-001  2.85631191e-001
 -6.37927702e-001 -6.37968354e-001  -6.38067272e-001 -3.13801841e-001 -3.13797992e-001  -3.13788382e-001 1.47624577e+000 1.47624435e+000  1.47624081e+000 4.99955641e-001 4.99955931e-001  4.99956538e-001 -2.18976346e-001 -2.18961804e-001  -2.18927560e-001
 -1.42255661e-001 -1.42260657e-001  -1.42272418e-001 -1.00975531e-001 -1.00982689e-001  -1.00999591e-001 -8.32446995e-002 -8.32478547e-002  -8.32553182e-002 -6.07072124e-002 -6.07085984e-002  -6.07118812e-002 -3.12472397e-002 -3.12476494e-002  -3.12486207e-002
 -1.89330678e-003 -1.89341077e-003  -1.89365730e-003
 2.47718311e+000 2.47717081e+000  2.47714006e+000 -3.86502103e+000 -3.86502175e+000  -3.86502356e+000 -6.55762018e-001 -6.55770444e-001  -6.55791507e-001 -5.16157249e-001 -5.16157783e-001  -5.16159116e-001 -3.34308120e+000 -3.34308113e+000  -3.34308096e+000
 -2.63931946e+000 -2.63931334e+000  -2.63929803e+000 3.46615559e+000 3.46615561e+000  3.46615566e+000 -8.44700354e-001 -8.44700368e-001  -8.44700403e-001 -8.07161724e-001 -8.07161716e-001  -8.07161696e-001 -2.37733078e-001 -2.37733380e-001  -2.37734135e-001
 1.23424624e-001 1.23426703e-001  1.23431901e-001 1.37306195e-001 1.37308940e-001  1.37315803e-001 2.37002019e-002 2.37013115e-002  2.37040854e-002 2.20075630e-003 2.20122822e-003  2.20240802e-003 -4.06071525e-004 -4.05934100e-004  -4.05590536e-004
 -6.54122122e-005 -6.53773330e-005  -6.52901350e-005
 1.43857906e-001 1.43857906e-001  1.43857906e-001 7.41130265e-001 7.41130265e-001  7.41130265e-001 1.16480711e-001 1.16480711e-001  1.16480711e-001 -3.68181531e-001 -3.68181531e-001  -3.68181531e-001 -2.54940114e-001 -2.54940114e-001  -2.54940114e-001
 6.83452391e-001 6.83452391e-001  6.83452391e-001 2.12231473e+000 2.12231473e+000  2.12231473e+000 -7.65972533e-001 -7.65972533e-001  -7.65972533e-001 1.35285556e-001 1.35285556e-001  1.35285556e-001 1.90641525e-001 1.90641525e-001  1.90641525e-001
 -2.24565169e-002 -2.24565169e-002  -2.24565169e-002 -2.09903018e-002 -2.09903018e-002  -2.09903018e-002 -5.76752207e-003 -5.76752207e-003  -5.76752207e-003 -1.90596260e-003 -1.90596260e-003  -1.90596260e-003 -2.25271325e-004 -2.25271325e-004  -2.25271325e-004
 -2.99341031e-005 -2.99341031e-005  -2.99341031e-005
 -9.40595589e-002 -9.40598276e-002  -9.40604995e-002 -8.53316827e-001 -8.53314949e-001  -8.53310256e-001 -7.40284708e-002 -7.40281578e-002  -7.40273755e-002 3.34548201e-001 3.34548927e-001  3.34550743e-001 -1.63875355e+000 -1.63875228e+000  -1.63874909e+000
 -4.15504635e+000 -4.15504932e+000  -4.15505673e+000 6.10847187e+000 6.10847213e+000  6.10847277e+000 8.53935967e-001 8.53935864e-001  8.53935608e-001 2.50247429e-001 2.50247171e-001  2.50246526e-001 -5.41071892e-001 -5.41070906e-001  -5.41068442e-001
 2.31685341e-001 2.31684997e-001  2.31684137e-001 3.04797980e-001 3.04797482e-001  3.04796235e-001 9.19942210e-002 9.19940008e-002  9.19934501e-002 2.38109303e-002 2.38108330e-002  2.38105896e-002 3.95866859e-003 3.95863971e-003  3.95856751e-003
 3.93089690e-005 3.93016366e-005  3.92833057e-005
 -1.15484487e+000 -1.15485357e+000  -1.15487534e+000 2.48547417e+000 2.48547211e+000  2.48546691e+000 -4.91078542e-001 -4.91085136e-001  -4.91101623e-001 1.20582909e+000 1.20582869e+000  1.20582769e+000 -4.32125782e+000 -4.32125820e+000  -4.32125916e+000
 2.80146120e+000 2.80146552e+000  2.80147637e+000 1.77932737e+000 1.77932720e+000  1.77932677e+000 -4.76401174e+000 -4.76401160e+000  -4.76401126e+000 -6.06967082e-001 -6.06967434e-001  -6.06968316e-001 -1.75021448e+000 -1.75021521e+000  -1.75021706e+000
 1.42515152e-001 1.42516911e-001  1.42521319e-001 2.53643775e-001 2.53646109e-001  2.53651961e-001 7.45055151e-002 7.45064627e-002  7.45088379e-002 1.02945977e-002 1.02950013e-002  1.02960131e-002 -1.28326285e-003 -1.28314516e-003  -1.28285013e-003
 -1.94044233e-004 -1.94014325e-004  -1.93939352e-004
 -2.84324359e+000 -2.84324727e+000  -2.84325758e+000 -5.14938632e+000 -5.14937561e+000  -5.14935075e+000 -5.74802193e+000 -5.74802347e+000  -5.74802732e+000 -6.70241980e+000 -6.70241446e+000  -6.70240116e+000 4.10263654e+000 4.10264593e+000  4.10266915e+000
 -2.71367916e+000 -2.71369855e+000  -2.71374574e+000 1.24873976e+000 1.24874185e+000  1.24874707e+000 7.98749255e+000 7.98749177e+000  7.98748981e+000 4.25506385e-001 4.25506427e-001  4.25506475e-001 3.50965260e-003 3.51719981e-003  3.53507430e-003
 -5.08697181e-002 -5.08716219e-002  -5.08760382e-002 -4.68277188e-002 -4.68305295e-002  -4.68370875e-002 -7.26878615e-002 -7.26891352e-002  -7.26921196e-002 -5.66555381e-002 -5.66561033e-002  -5.66574303e-002 -2.65818968e-002 -2.65820646e-002  -2.65824592e-002
 -1.37075082e-003 -1.37079340e-003  -1.37089351e-003
 1.82959485e+000 1.82959303e+000  1.82958678e+000 -3.77098471e-001 -3.77087591e-001  -3.77063341e-001 -7.78706985e-001 -7.78707556e-001  -7.78709031e-001 -1.20194501e+000 -1.20193941e+000  -1.20192550e+000 2.82928270e+000 2.82929226e+000  2.82931576e+000
 8.15902862e-001 8.15881649e-001  8.15830575e-001 1.25119844e-001 1.25121841e-001  1.25126827e-001 5.78151234e+000 5.78151164e+000  5.78150988e+000 -4.22079061e-001 -4.22079208e-001  -4.22079660e-001 -8.01047199e-002 -8.00968498e-002  -8.00786987e-002
 -9.39191272e-002 -9.39213592e-002  -9.39264127e-002 -4.62676258e-002 -4.62708802e-002  -4.62782973e-002 -5.67986713e-002 -5.68001284e-002  -5.68034643e-002 -4.28177176e-002 -4.28183612e-002  -4.28198386e-002 -2.21780121e-002 -2.21782028e-002  -2.21786413e-002
 -1.31545413e-003 -1.31550250e-003  -1.31561370e-003
 3.38541055e+000 3.38540463e+000  3.38538828e+000 -4.63397958e+000 -4.63397029e+000  -4.63394975e+000 2.76593300e+000 2.76592982e+000  2.76592183e+000 -6.14847428e+000 -6.14846995e+000  -6.14845919e+000 1.87074785e+000 1.87075565e+000  1.87077477e+000
 -2.87855705e+000 -2.87857237e+000  -2.87860888e+000 1.94893067e+000 1.94893229e+000  1.94893633e+000 -8.19211110e+000 -8.19211168e+000  -8.19211313e+000 7.49071225e-002 7.49066914e-002  7.49055364e-002 -5.99256578e-002 -5.99193531e-002  -5.99049735e-002
 -4.67000117e-002 -4.67011363e-002  -4.67034702e-002 -1.01134019e-002 -1.01151424e-002  -1.01188415e-002 -2.85132506e-002 -2.85140703e-002  -2.85158412e-002 -2.58858695e-002 -2.58862381e-002  -2.58870405e-002 -1.50188097e-002 -1.50189199e-002  -1.50191605e-002
 -9.85746282e-004 -9.85774214e-004  -9.85835234e-004
 -5.84890447e-001 -5.84894033e-001  -5.84904300e-001 -1.06649212e+000 -1.06648111e+000  -1.06645585e+000 3.91114577e+000 3.91114435e+000  3.91114077e+000 -1.37006809e+000 -1.37006279e+000  -1.37004959e+000 2.56821659e+000 2.56822588e+000  2.56824877e+000
 -4.87045938e+000 -4.87047888e+000  -4.87052612e+000 2.56103453e+000 2.56103641e+000  2.56104109e+000 5.12916767e+000 5.12916701e+000  5.12916536e+000 1.14617696e+000 1.14617706e+000  1.14617726e+000 -1.03392361e+000 -1.03391596e+000  -1.03389799e+000
 3.10774821e-001 3.10772841e-001  3.10768292e-001 4.97416251e-001 4.97413332e-001  4.97406585e-001 1.37488603e-001 1.37487287e-001  1.37484231e-001 2.07440420e-002 2.07434593e-002  2.07421030e-002 -7.12452494e-003 -7.12469788e-003  -7.12510097e-003
 -9.66512079e-004 -9.66555978e-004  -9.66658308e-004
 -8.68726492e-001 -8.68730504e-001  -8.68742353e-001 4.98922885e-001 4.98941281e-001  4.98984125e-001 1.35812556e+000 1.35812454e+000  1.35812192e+000 4.57002403e-001 4.57010583e-001  4.57030957e-001 1.08829495e+000 1.08830964e+000  1.08834590e+000
 2.48976031e-001 2.48946450e-001  2.48874586e-001 -4.60989331e+000 -4.60989023e+000  -4.60988252e+000 2.42802191e+000 2.42802075e+000  2.42801786e+000 -5.43886069e-001 -5.43884030e-001  -5.43879025e-001 2.14926102e-001 2.14938679e-001  2.14968496e-001
 -1.22679803e-001 -1.22683479e-001  -1.22692108e-001 -1.01937526e-001 -1.01942854e-001  -1.01955409e-001 -8.93911552e-002 -8.93935220e-002  -8.93991118e-002 -5.49847864e-002 -5.49858271e-002  -5.49882887e-002 -2.38806349e-002 -2.38809429e-002  -2.38816722e-002
 -1.22161941e-003 -1.22169771e-003  -1.22188312e-003
 3.21495754e-001 3.21491058e-001  3.21477640e-001 1.89984825e-001 1.90003251e-001  1.90046415e-001 -2.29711142e+000 -2.29711287e+000  -2.29711654e+000 1.90324492e+000 1.90325307e+000  1.90327339e+000 -2.09275232e+000 -2.09273759e+000  -2.09270119e+000
 7.33530095e-001 7.33501013e-001  7.33430233e-001 3.51177673e+000 3.51177987e+000  3.51178772e+000 -5.19197840e-001 -5.19199028e-001  -5.19201999e-001 -1.03088771e+000 -1.03088546e+000  -1.03087990e+000 4.95780869e-002 4.95906810e-002  4.96206674e-002
 -7.07022658e-002 -7.07058590e-002  -7.07143241e-002 -3.71439843e-002 -3.71492025e-002  -3.71615412e-002 -5.22040374e-002 -5.22063598e-002  -5.22118641e-002 -4.12796788e-002 -4.12807006e-002  -4.12831257e-002 -2.17452711e-002 -2.17455736e-002  -2.17462922e-002
 -1.38119361e-003 -1.38127053e-003  -1.38145327e-003
 -2.01235333e+000 -2.01235720e+000  -2.01236878e+000 2.00151689e+000 2.00153448e+000  2.00157519e+000 2.63897846e+000 2.63897718e+000  2.63897393e+000 -2.73483292e+000 -2.73482514e+000  -2.73480578e+000 1.71559374e-001 1.71573386e-001  1.71607943e-001
 9.73787756e-001 9.73759893e-001  9.73692404e-001 -5.42273334e-001 -5.42270438e-001  -5.42263209e-001 -9.20734818e-001 -9.20735886e-001  -9.20738556e-001 -1.11586765e+000 -1.11586512e+000  -1.11585887e+000 1.72911495e-001 1.72923675e-001  1.72952436e-001
 -7.75738979e-002 -7.75774434e-002  -7.75857243e-002 -6.05140222e-002 -6.05191562e-002  -6.05311953e-002 -5.99361058e-002 -5.99383846e-002  -5.99437418e-002 -3.76965310e-002 -3.76975320e-002  -3.76998888e-002 -1.74992040e-002 -1.74995002e-002  -1.75001981e-002
 -1.06826766e-003 -1.06834298e-003  -1.06852052e-003
 -5.67327170e-001 -5.67331749e-001  -5.67344358e-001 7.77470007e-001 7.77487121e-001  7.77527899e-001 2.50566706e+000 2.50566569e+000  2.50566225e+000 -1.70030801e+000 -1.70030067e+000  -1.70028238e+000 -5.94683096e-001 -5.94669643e-001  -5.94636300e-001
 3.53853908e+000 3.53851341e+000  3.53845057e+000 1.06220945e+000 1.06221238e+000  1.06221969e+000 -2.93147653e+000 -2.93147766e+000  -2.93148050e+000 -6.72520531e-001 -6.72517793e-001  -6.72511004e-001 6.56550991e-002 6.56666709e-002  6.56945639e-002
 -1.38109795e-001 -1.38113125e-001  -1.38121092e-001 -1.39453159e-001 -1.39457986e-001  -1.39469564e-001 -7.57762565e-002 -7.57784011e-002  -7.57835539e-002 -4.01609892e-002 -4.01619317e-002  -4.01641985e-002 -1.75866827e-002 -1.75869617e-002  -1.75876330e-002
 -1.01840504e-003 -1.01847602e-003  -1.01864685e-003
 -1.05942783e+000 -1.05943516e+000  -1.05945506e+000 1.40735724e+000 1.40737067e+000  1.40740154e+000 1.41592972e+000 1.41592558e+000  1.41591518e+000 -3.37273564e-001 -3.37266666e-001  -3.37249486e-001 2.86609801e+000 2.86611019e+000  2.86614022e+000
 4.93053295e-001 4.93029027e-001  4.92970154e-001 -5.26144713e+000 -5.26144461e+000  -5.26143832e+000 3.31751909e+000 3.31751821e+000  3.31751602e+000 -9.75697972e-001 -9.75697695e-001  -9.75697080e-001 -9.55799103e-002 -9.55701303e-002  -9.55470792e-002
 -1.51050377e-001 -1.51052388e-001  -1.51056930e-001 -1.67476511e-001 -1.67479555e-001  -1.67486502e-001 -1.28462955e-001 -1.28464366e-001  -1.28467610e-001 -7.07932638e-002 -7.07938936e-002  -7.07953473e-002 -2.62227342e-002 -2.62229218e-002  -2.62233555e-002
 -1.02634854e-003 -1.02639615e-003  -1.02650625e-003
 3.48558254e-001 3.48550089e-001  3.48528289e-001 9.19026479e-001 9.19039909e-001  9.19071090e-001 -3.25725912e+000 -3.25726378e+000  -3.25727546e+000 1.34399107e+000 1.34399792e+000  1.34401498e+000 -1.25384478e+000 -1.25383259e+000  -1.25380246e+000
 9.37843720e-001 9.37820141e-001  9.37762783e-001 4.71800800e+000 4.71801058e+000  4.71801703e+000 -5.54890076e-001 -5.54890989e-001  -5.54893271e-001 -1.57917175e+000 -1.57917120e+000  -1.57916990e+000 -3.01551862e-001 -3.01542087e-001  -3.01518889e-001
 -8.56952088e-002 -8.56971099e-002  -8.57014352e-002 -8.60358426e-002 -8.60387396e-002  -8.60453986e-002 -8.16533817e-002 -8.16547327e-002  -8.16578614e-002 -5.34788977e-002 -5.34795021e-002  -5.34809063e-002 -2.34833868e-002 -2.34835670e-002  -2.34839863e-002
 -1.22284068e-003 -1.22288642e-003  -1.22299289e-003
 -2.36650254e+000 -2.36651015e+000  -2.36653089e+000 3.06284233e+000 3.06285508e+000  3.06288402e+000 2.88526471e+000 2.88525997e+000  2.88524809e+000 -4.08361164e+000 -4.08360505e+000  -4.08358864e+000 1.51823746e+000 1.51824914e+000  1.51827791e+000
 1.19587412e+000 1.19585134e+000  1.19579634e+000 1.00232554e-001 1.00234918e-001  1.00240821e-001 -8.78402869e-001 -8.78403664e-001  -8.78405652e-001 -1.65859640e+000 -1.65859559e+000  -1.65859367e+000 -1.71131783e-001 -1.71122259e-001  -1.71099966e-001
 -9.37268818e-002 -9.37287290e-002  -9.37328222e-002 -1.12676687e-001 -1.12679498e-001  -1.12685809e-001 -9.28009673e-002 -9.28022774e-002  -9.28052470e-002 -5.08874630e-002 -5.08880483e-002  -5.08893804e-002 -1.92163855e-002 -1.92165598e-002  -1.92169575e-002
 -8.94916236e-004 -8.94960514e-004  -8.95061529e-004
 -5.91233175e-001 -5.91241188e-001  -5.91262013e-001 1.37794001e+000 1.37795159e+000  1.37797918e+000 2.46300652e+000 2.46300195e+000  2.46299050e+000 -2.64563697e+000 -2.64563121e+000  -2.64561684e+000 4.17011374e-001 4.17021832e-001  4.17047777e-001
 3.86116718e+000 3.86114802e+000  3.86110104e+000 1.87101233e+000 1.87101461e+000  1.87102032e+000 -3.18820826e+000 -3.18820909e+000  -3.18821118e+000 -1.04166955e+000 -1.04166857e+000  -1.04166617e+000 -2.83035502e-001 -2.83027148e-001  -2.83006971e-001
 -1.55503198e-001 -1.55504710e-001  -1.55508247e-001 -1.92919562e-001 -1.92921887e-001  -1.92927365e-001 -1.04771443e-001 -1.04772536e-001  -1.04775128e-001 -5.08200050e-002 -5.08204951e-002  -5.08216595e-002 -1.83759872e-002 -1.83761335e-002  -1.83764814e-002
 -8.02539387e-004 -8.02576560e-004  -8.02664988e-004
 -1.68661629e-001 -1.68663910e-001  -1.68669613e-001 8.27600767e-001 8.27594882e-001  8.27580168e-001 -1.17262563e+000 -1.17262853e+000  -1.17263579e+000 -1.68342677e+000 -1.68342709e+000  -1.68342788e+000 5.52956667e-001 5.52955116e-001  5.52951238e-001
 -1.00114108e+000 -1.00114077e+000  -1.00114000e+000 2.16322465e-001 2.16322142e-001  2.16321332e-001 -1.49351530e-001 -1.49351281e-001  -1.49350660e-001 8.56239677e-001 8.56235689e-001  8.56225718e-001 1.94194729e-001 1.94191937e-001  1.94184956e-001
 1.08443365e-002 1.08460864e-002  1.08504610e-002 -7.10267843e-003 -7.10030187e-003  -7.09436046e-003 -1.38308712e-002 -1.38298973e-002  -1.38274627e-002 -1.14369655e-002 -1.14365522e-002  -1.14355189e-002 -4.94572019e-003 -4.94559942e-003  -4.94529750e-003
 -1.27109360e-004 -1.27078420e-004  -1.27001070e-004
 7.80053447e-001 7.80040997e-001  7.80009872e-001 -1.80549411e+000 -1.80549484e+000  -1.80549668e+000 2.35584208e-001 2.35575671e-001  2.35554331e-001 2.07731150e+000 2.07731095e+000  2.07730960e+000 -1.77459172e-001 -1.77459231e-001  -1.77459379e-001
 -9.70123540e-001 -9.70117417e-001  -9.70102109e-001 4.70019024e+000 4.70019024e+000  4.70019024e+000 -4.28972495e-002 -4.28972357e-002  -4.28972012e-002 -2.27373334e+000 -2.27373336e+000  -2.27373341e+000 -1.53208844e+000 -1.53208885e+000  -1.53208986e+000
 -4.27844786e-002 -4.27823558e-002  -4.27770486e-002 -8.47380428e-002 -8.47352404e-002  -8.47282342e-002 -8.00304735e-002 -8.00293404e-002  -8.00265075e-002 -3.92221708e-002 -3.92216890e-002  -3.92204844e-002 -9.25838639e-003 -9.25824612e-003  -9.25789544e-003
 -9.42686737e-005 -9.42330779e-005  -9.41440884e-005
 -6.68004052e-001 -6.68003903e-001  -6.68003528e-001 -3.20035881e+000 -3.20035881e+000  -3.20035879e+000 -1.19645024e+000 -1.19645005e+000  -1.19644959e+000 1.09341031e+000 1.09341048e+000  1.09341092e+000 -5.82252316e-001 -5.82251936e-001  -5.82250987e-001
 -1.44304148e+000 -1.44304149e+000  -1.44304152e+000 7.11151623e-002 7.11152871e-002  7.11155991e-002 -2.19804010e+000 -2.19804018e+000  -2.19804037e+000 6.27265832e-001 6.27266137e-001  6.27266898e-001 8.76022944e-001 8.76023455e-001  8.76024731e-001
 1.19823972e-001 1.19823794e-001  1.19823350e-001 2.33707878e-001 2.33707632e-001  2.33707015e-001 3.72778915e-002 3.72777933e-002  3.72775478e-002 -8.04466015e-003 -8.04470157e-003  -8.04480513e-003 -1.14067951e-002 -1.14068072e-002  -1.14068374e-002
 -1.24252562e-003 -1.24252866e-003  -1.24253624e-003
 1.00958554e+000 1.00958893e+000  1.00959505e+000 1.44870581e+000 1.44873275e+000  1.44879601e+000 1.74180343e+000 1.74180881e+000  1.74182219e+000 1.44927120e+000 1.44928175e+000  1.44930802e+000 -3.42121117e+000 -3.42119221e+000  -3.42114540e+000
 4.76476446e-001 4.76435496e-001  4.76335834e-001 -8.55144848e-002 -8.55104172e-002  -8.55002603e-002 1.85478645e+000 1.85478483e+000  1.85478078e+000 6.18307303e-001 6.18311306e-001  6.18321197e-001 1.95802868e-001 1.95819796e-001  1.95860007e-001
 -1.29171383e-001 -1.29177995e-001  -1.29193797e-001 -1.26526795e-001 -1.26536141e-001  -1.26558510e-001 -8.72856644e-003 -8.73262089e-003  -8.74233245e-003 -1.70862234e-003 -1.71039006e-003  -1.71462738e-003 -6.26768087e-003 -6.26820209e-003  -6.26945216e-003
 -5.24749439e-004 -5.24882050e-004  -5.25200132e-004
 -4.80975058e+000 -4.80974679e+000 -4.80973674e+000
 -3.98452504e+000 -3.98455369e+000 -3.98462289e+000
 -3.25372732e+000 -3.25375928e+000 -3.25383501e+000
 -7.63269746e+000 -7.63269880e+000 -7.63270215e+000
 -4.32582601e+000 -4.32582388e+000 -4.32581452e+000
 6.54306074e+000 6.54305412e+000 6.54303803e+000
 -3.72762048e+000 -3.72764104e+000 -3.72768823e+000
 4.79926780e+000 4.79923530e+000 4.79915825e+000
 -3.58775745e+000 -3.58775673e+000 -3.58775488e+000
 -2.20955605e+000 -2.20956503e+000 -2.20958600e+000
 8.25734259e-001 8.25730324e-001 8.25721750e-001
 1.04447461e+000 1.04446942e+000 1.04445789e+000
 4.48260012e-001 4.48253593e-001 4.48238991e-001
 1.82452920e-001 1.82445151e-001 1.82427364e-001
 5.11511674e-002 5.11418647e-002 5.11204787e-002
 1.28371545e-002 1.28263501e-002 1.28014230e-002
