 Normalized SSE per output and pattern 
Itr 	 HN 	 MARE-tr 	 MARE-ts 	 R2tr 	 R2ts 	 SSENtr 	 SSENts	 SSENcomb
100 	 12 	        6.341 	        0.000 	   0.99638 	   0.00000 	    0.000260 	    -1.#IND00 	    -1.#IND00 
200 	 12 	        4.729 	        0.000 	   0.99848 	   0.00000 	    0.000111 	    -1.#IND00 	    -1.#IND00 
300 	 12 	        4.015 	        0.000 	   0.99904 	   0.00000 	    0.000072 	    -1.#IND00 	    -1.#IND00 
400 	 12 	        3.627 	        0.000 	   0.99927 	   0.00000 	    0.000054 	    -1.#IND00 	    -1.#IND00 
500 	 12 	        3.351 	        0.000 	   0.99940 	   0.00000 	    0.000044 	    -1.#IND00 	    -1.#IND00 
600 	 12 	        3.059 	        0.000 	   0.99951 	   0.00000 	    0.000035 	    -1.#IND00 	    -1.#IND00 
700 	 12 	        2.767 	        0.000 	   0.99962 	   0.00000 	    0.000027 	    -1.#IND00 	    -1.#IND00 
800 	 12 	        2.507 	        0.000 	   0.99969 	   0.00000 	    0.000022 	    -1.#IND00 	    -1.#IND00 
900 	 12 	        2.277 	        0.000 	   0.99975 	   0.00000 	    0.000018 	    -1.#IND00 	    -1.#IND00 
1000 	 12 	        2.070 	        0.000 	   0.99980 	   0.00000 	    0.000015 	    -1.#IND00 	    -1.#IND00 
1100 	 12 	        1.858 	        0.000 	   0.99986 	   0.00000 	    0.000010 	    -1.#IND00 	    -1.#IND00 
1200 	 12 	        1.745 	        0.000 	   0.99991 	   0.00000 	    0.000007 	    -1.#IND00 	    -1.#IND00 
1300 	 12 	        1.658 	        0.000 	   0.99993 	   0.00000 	    0.000005 	    -1.#IND00 	    -1.#IND00 
1400 	 12 	        1.585 	        0.000 	   0.99994 	   0.00000 	    0.000004 	    -1.#IND00 	    -1.#IND00 
1500 	 12 	        1.524 	        0.000 	   0.99995 	   0.00000 	    0.000004 	    -1.#IND00 	    -1.#IND00 
1600 	 12 	        1.469 	        0.000 	   0.99995 	   0.00000 	    0.000003 	    -1.#IND00 	    -1.#IND00 
1700 	 12 	        1.424 	        0.000 	   0.99996 	   0.00000 	    0.000003 	    -1.#IND00 	    -1.#IND00 
1800 	 12 	        1.385 	        0.000 	   0.99996 	   0.00000 	    0.000003 	    -1.#IND00 	    -1.#IND00 
1900 	 12 	        1.348 	        0.000 	   0.99996 	   0.00000 	    0.000003 	    -1.#IND00 	    -1.#IND00 
2000 	 12 	        1.311 	        0.000 	   0.99997 	   0.00000 	    0.000002 	    -1.#IND00 	    -1.#IND00 
2100 	 12 	        1.275 	        0.000 	   0.99997 	   0.00000 	    0.000002 	    -1.#IND00 	    -1.#IND00 
2200 	 12 	        1.251 	        0.000 	   0.99997 	   0.00000 	    0.000002 	    -1.#IND00 	    -1.#IND00 
2300 	 12 	        1.229 	        0.000 	   0.99997 	   0.00000 	    0.000002 	    -1.#IND00 	    -1.#IND00 
2400 	 12 	        1.207 	        0.000 	   0.99997 	   0.00000 	    0.000002 	    -1.#IND00 	    -1.#IND00 
2500 	 12 	        1.186 	        0.000 	   0.99998 	   0.00000 	    0.000002 	    -1.#IND00 	    -1.#IND00 
2600 	 12 	        1.166 	        0.000 	   0.99998 	   0.00000 	    0.000002 	    -1.#IND00 	    -1.#IND00 
2700 	 12 	        1.147 	        0.000 	   0.99998 	   0.00000 	    0.000002 	    -1.#IND00 	    -1.#IND00 
2800 	 12 	        1.129 	        0.000 	   0.99998 	   0.00000 	    0.000001 	    -1.#IND00 	    -1.#IND00 
2900 	 12 	        1.112 	        0.000 	   0.99998 	   0.00000 	    0.000001 	    -1.#IND00 	    -1.#IND00 
3000 	 12 	        1.095 	        0.000 	   0.99998 	   0.00000 	    0.000001 	    -1.#IND00 	    -1.#IND00 
3100 	 12 	        1.073 	        0.000 	   0.99998 	   0.00000 	    0.000001 	    -1.#IND00 	    -1.#IND00 
3200 	 12 	        1.060 	        0.000 	   0.99998 	   0.00000 	    0.000001 	    -1.#IND00 	    -1.#IND00 
3300 	 12 	        1.048 	        0.000 	   0.99998 	   0.00000 	    0.000001 	    -1.#IND00 	    -1.#IND00 
3400 	 12 	        1.038 	        0.000 	   0.99998 	   0.00000 	    0.000001 	    -1.#IND00 	    -1.#IND00 
3500 	 12 	        1.028 	        0.000 	   0.99998 	   0.00000 	    0.000001 	    -1.#IND00 	    -1.#IND00 
3600 	 12 	        1.019 	        0.000 	   0.99998 	   0.00000 	    0.000001 	    -1.#IND00 	    -1.#IND00 
3700 	 12 	        1.010 	        0.000 	   0.99998 	   0.00000 	    0.000001 	    -1.#IND00 	    -1.#IND00 
3800 	 12 	        1.001 	        0.000 	   0.99998 	   0.00000 	    0.000001 	    -1.#IND00 	    -1.#IND00 
3900 	 12 	        0.993 	        0.000 	   0.99998 	   0.00000 	    0.000001 	    -1.#IND00 	    -1.#IND00 
4000 	 12 	        0.985 	        0.000 	   0.99999 	   0.00000 	    0.000001 	    -1.#IND00 	    -1.#IND00 
4100 	 12 	        0.973 	        0.000 	   0.99999 	   0.00000 	    0.000001 	    -1.#IND00 	    -1.#IND00 
4200 	 12 	        0.966 	        0.000 	   0.99999 	   0.00000 	    0.000001 	    -1.#IND00 	    -1.#IND00 
4300 	 12 	        0.960 	        0.000 	   0.99999 	   0.00000 	    0.000001 	    -1.#IND00 	    -1.#IND00 
4400 	 12 	        0.954 	        0.000 	   0.99999 	   0.00000 	    0.000001 	    -1.#IND00 	    -1.#IND00 
4500 	 12 	        0.948 	        0.000 	   0.99999 	   0.00000 	    0.000001 	    -1.#IND00 	    -1.#IND00 
4600 	 12 	        0.943 	        0.000 	   0.99999 	   0.00000 	    0.000001 	    -1.#IND00 	    -1.#IND00 
4700 	 12 	        0.938 	        0.000 	   0.99999 	   0.00000 	    0.000001 	    -1.#IND00 	    -1.#IND00 
4800 	 12 	        0.933 	        0.000 	   0.99999 	   0.00000 	    0.000001 	    -1.#IND00 	    -1.#IND00 
4900 	 12 	        0.928 	        0.000 	   0.99999 	   0.00000 	    0.000001 	    -1.#IND00 	    -1.#IND00 
5000 	 12 	        0.922 	        0.000 	   0.99999 	   0.00000 	    0.000001 	    -1.#IND00 	    -1.#IND00 
5100 	 12 	        0.915 	        0.000 	   0.99999 	   0.00000 	    0.000001 	    -1.#IND00 	    -1.#IND00 
5200 	 12 	        0.910 	        0.000 	   0.99999 	   0.00000 	    0.000001 	    -1.#IND00 	    -1.#IND00 
5300 	 12 	        0.906 	        0.000 	   0.99999 	   0.00000 	    0.000001 	    -1.#IND00 	    -1.#IND00 
5400 	 12 	        0.902 	        0.000 	   0.99999 	   0.00000 	    0.000001 	    -1.#IND00 	    -1.#IND00 
5500 	 12 	        0.898 	        0.000 	   0.99999 	   0.00000 	    0.000001 	    -1.#IND00 	    -1.#IND00 
5600 	 12 	        0.895 	        0.000 	   0.99999 	   0.00000 	    0.000001 	    -1.#IND00 	    -1.#IND00 
5700 	 12 	        0.891 	        0.000 	   0.99999 	   0.00000 	    0.000001 	    -1.#IND00 	    -1.#IND00 
5800 	 12 	        0.887 	        0.000 	   0.99999 	   0.00000 	    0.000001 	    -1.#IND00 	    -1.#IND00 
5900 	 12 	        0.884 	        0.000 	   0.99999 	   0.00000 	    0.000001 	    -1.#IND00 	    -1.#IND00 
6000 	 12 	        0.880 	        0.000 	   0.99999 	   0.00000 	    0.000001 	    -1.#IND00 	    -1.#IND00 
6100 	 12 	        0.875 	        0.000 	   0.99999 	   0.00000 	    0.000001 	    -1.#IND00 	    -1.#IND00 
6200 	 12 	        0.872 	        0.000 	   0.99999 	   0.00000 	    0.000001 	    -1.#IND00 	    -1.#IND00 
6300 	 12 	        0.869 	        0.000 	   0.99999 	   0.00000 	    0.000001 	    -1.#IND00 	    -1.#IND00 
6400 	 12 	        0.866 	        0.000 	   0.99999 	   0.00000 	    0.000001 	    -1.#IND00 	    -1.#IND00 
6500 	 12 	        0.863 	        0.000 	   0.99999 	   0.00000 	    0.000001 	    -1.#IND00 	    -1.#IND00 
6600 	 12 	        0.860 	        0.000 	   0.99999 	   0.00000 	    0.000001 	    -1.#IND00 	    -1.#IND00 
6700 	 12 	        0.857 	        0.000 	   0.99999 	   0.00000 	    0.000001 	    -1.#IND00 	    -1.#IND00 
6800 	 12 	        0.855 	        0.000 	   0.99999 	   0.00000 	    0.000001 	    -1.#IND00 	    -1.#IND00 
6900 	 12 	        0.852 	        0.000 	   0.99999 	   0.00000 	    0.000001 	    -1.#IND00 	    -1.#IND00 
7000 	 12 	        0.849 	        0.000 	   0.99999 	   0.00000 	    0.000001 	    -1.#IND00 	    -1.#IND00 
7100 	 12 	        0.845 	        0.000 	   0.99999 	   0.00000 	    0.000001 	    -1.#IND00 	    -1.#IND00 
7200 	 12 	        0.843 	        0.000 	   0.99999 	   0.00000 	    0.000001 	    -1.#IND00 	    -1.#IND00 
7300 	 12 	        0.841 	        0.000 	   0.99999 	   0.00000 	    0.000001 	    -1.#IND00 	    -1.#IND00 
7400 	 12 	        0.839 	        0.000 	   0.99999 	   0.00000 	    0.000001 	    -1.#IND00 	    -1.#IND00 
7500 	 12 	        0.836 	        0.000 	   0.99999 	   0.00000 	    0.000001 	    -1.#IND00 	    -1.#IND00 
7600 	 12 	        0.834 	        0.000 	   0.99999 	   0.00000 	    0.000001 	    -1.#IND00 	    -1.#IND00 
7700 	 12 	        0.832 	        0.000 	   0.99999 	   0.00000 	    0.000001 	    -1.#IND00 	    -1.#IND00 
7800 	 12 	        0.830 	        0.000 	   0.99999 	   0.00000 	    0.000001 	    -1.#IND00 	    -1.#IND00 
7900 	 12 	        0.828 	        0.000 	   0.99999 	   0.00000 	    0.000001 	    -1.#IND00 	    -1.#IND00 
8000 	 12 	        0.826 	        0.000 	   0.99999 	   0.00000 	    0.000001 	    -1.#IND00 	    -1.#IND00 
8100 	 12 	        0.823 	        0.000 	   0.99999 	   0.00000 	    0.000001 	    -1.#IND00 	    -1.#IND00 
8200 	 12 	        0.821 	        0.000 	   0.99999 	   0.00000 	    0.000001 	    -1.#IND00 	    -1.#IND00 
8300 	 12 	        0.819 	        0.000 	   0.99999 	   0.00000 	    0.000001 	    -1.#IND00 	    -1.#IND00 
8400 	 12 	        0.817 	        0.000 	   0.99999 	   0.00000 	    0.000001 	    -1.#IND00 	    -1.#IND00 
8500 	 12 	        0.816 	        0.000 	   0.99999 	   0.00000 	    0.000001 	    -1.#IND00 	    -1.#IND00 
8600 	 12 	        0.814 	        0.000 	   0.99999 	   0.00000 	    0.000001 	    -1.#IND00 	    -1.#IND00 
8700 	 12 	        0.812 	        0.000 	   0.99999 	   0.00000 	    0.000001 	    -1.#IND00 	    -1.#IND00 
8800 	 12 	        0.811 	        0.000 	   0.99999 	   0.00000 	    0.000001 	    -1.#IND00 	    -1.#IND00 
8900 	 12 	        0.809 	        0.000 	   0.99999 	   0.00000 	    0.000001 	    -1.#IND00 	    -1.#IND00 
9000 	 12 	        0.807 	        0.000 	   0.99999 	   0.00000 	    0.000001 	    -1.#IND00 	    -1.#IND00 
9100 	 12 	        0.805 	        0.000 	   0.99999 	   0.00000 	    0.000001 	    -1.#IND00 	    -1.#IND00 
9200 	 12 	        0.804 	        0.000 	   0.99999 	   0.00000 	    0.000001 	    -1.#IND00 	    -1.#IND00 
9300 	 12 	        0.802 	        0.000 	   0.99999 	   0.00000 	    0.000001 	    -1.#IND00 	    -1.#IND00 
9400 	 12 	        0.801 	        0.000 	   0.99999 	   0.00000 	    0.000001 	    -1.#IND00 	    -1.#IND00 
9500 	 12 	        0.799 	        0.000 	   0.99999 	   0.00000 	    0.000001 	    -1.#IND00 	    -1.#IND00 
9600 	 12 	        0.798 	        0.000 	   0.99999 	   0.00000 	    0.000001 	    -1.#IND00 	    -1.#IND00 
9700 	 12 	        0.796 	        0.000 	   0.99999 	   0.00000 	    0.000001 	    -1.#IND00 	    -1.#IND00 
9800 	 12 	        0.795 	        0.000 	   0.99999 	   0.00000 	    0.000001 	    -1.#IND00 	    -1.#IND00 
9900 	 12 	        0.794 	        0.000 	   0.99999 	   0.00000 	    0.000001 	    -1.#IND00 	    -1.#IND00 
10000 	 12 	        0.792 	        0.000 	   0.99999 	   0.00000 	    0.000001 	    -1.#IND00 	    -1.#IND00 
10100 	 12 	        0.791 	        0.000 	   0.99999 	   0.00000 	    0.000001 	    -1.#IND00 	    -1.#IND00 
10200 	 12 	        0.789 	        0.000 	   0.99999 	   0.00000 	    0.000001 	    -1.#IND00 	    -1.#IND00 
10300 	 12 	        0.788 	        0.000 	   0.99999 	   0.00000 	    0.000001 	    -1.#IND00 	    -1.#IND00 
10400 	 12 	        0.787 	        0.000 	   0.99999 	   0.00000 	    0.000001 	    -1.#IND00 	    -1.#IND00 
10500 	 12 	        0.786 	        0.000 	   0.99999 	   0.00000 	    0.000001 	    -1.#IND00 	    -1.#IND00 
10600 	 12 	        0.785 	        0.000 	   0.99999 	   0.00000 	    0.000001 	    -1.#IND00 	    -1.#IND00 
10700 	 12 	        0.783 	        0.000 	   0.99999 	   0.00000 	    0.000001 	    -1.#IND00 	    -1.#IND00 
10800 	 12 	        0.782 	        0.000 	   0.99999 	   0.00000 	    0.000001 	    -1.#IND00 	    -1.#IND00 
10900 	 12 	        0.781 	        0.000 	   0.99999 	   0.00000 	    0.000001 	    -1.#IND00 	    -1.#IND00 
11000 	 12 	        0.780 	        0.000 	   0.99999 	   0.00000 	    0.000001 	    -1.#IND00 	    -1.#IND00 
11100 	 12 	        0.779 	        0.000 	   0.99999 	   0.00000 	    0.000001 	    -1.#IND00 	    -1.#IND00 
11200 	 12 	        0.778 	        0.000 	   0.99999 	   0.00000 	    0.000001 	    -1.#IND00 	    -1.#IND00 
11300 	 12 	        0.777 	        0.000 	   0.99999 	   0.00000 	    0.000001 	    -1.#IND00 	    -1.#IND00 
11400 	 12 	        0.776 	        0.000 	   0.99999 	   0.00000 	    0.000001 	    -1.#IND00 	    -1.#IND00 
11500 	 12 	        0.775 	        0.000 	   0.99999 	   0.00000 	    0.000001 	    -1.#IND00 	    -1.#IND00 
11600 	 12 	        0.774 	        0.000 	   0.99999 	   0.00000 	    0.000001 	    -1.#IND00 	    -1.#IND00 
11700 	 12 	        0.773 	        0.000 	   0.99999 	   0.00000 	    0.000001 	    -1.#IND00 	    -1.#IND00 
11800 	 12 	        0.772 	        0.000 	   0.99999 	   0.00000 	    0.000001 	    -1.#IND00 	    -1.#IND00 
11900 	 12 	        0.771 	        0.000 	   0.99999 	   0.00000 	    0.000001 	    -1.#IND00 	    -1.#IND00 
12000 	 12 	        0.770 	        0.000 	   0.99999 	   0.00000 	    0.000001 	    -1.#IND00 	    -1.#IND00 
12100 	 12 	        0.768 	        0.000 	   0.99999 	   0.00000 	    0.000001 	    -1.#IND00 	    -1.#IND00 
12200 	 12 	        0.768 	        0.000 	   0.99999 	   0.00000 	    0.000001 	    -1.#IND00 	    -1.#IND00 
12300 	 12 	        0.767 	        0.000 	   0.99999 	   0.00000 	    0.000001 	    -1.#IND00 	    -1.#IND00 
12400 	 12 	        0.766 	        0.000 	   0.99999 	   0.00000 	    0.000001 	    -1.#IND00 	    -1.#IND00 
12500 	 12 	        0.765 	        0.000 	   0.99999 	   0.00000 	    0.000001 	    -1.#IND00 	    -1.#IND00 
12600 	 12 	        0.764 	        0.000 	   0.99999 	   0.00000 	    0.000001 	    -1.#IND00 	    -1.#IND00 
12700 	 12 	        0.763 	        0.000 	   0.99999 	   0.00000 	    0.000001 	    -1.#IND00 	    -1.#IND00 
12800 	 12 	        0.762 	        0.000 	   0.99999 	   0.00000 	    0.000001 	    -1.#IND00 	    -1.#IND00 
12900 	 12 	        0.762 	        0.000 	   0.99999 	   0.00000 	    0.000001 	    -1.#IND00 	    -1.#IND00 
13000 	 12 	        0.761 	        0.000 	   0.99999 	   0.00000 	    0.000001 	    -1.#IND00 	    -1.#IND00 
13100 	 12 	        0.760 	        0.000 	   0.99999 	   0.00000 	    0.000001 	    -1.#IND00 	    -1.#IND00 
13200 	 12 	        0.759 	        0.000 	   0.99999 	   0.00000 	    0.000001 	    -1.#IND00 	    -1.#IND00 
13300 	 12 	        0.758 	        0.000 	   0.99999 	   0.00000 	    0.000001 	    -1.#IND00 	    -1.#IND00 
13400 	 12 	        0.757 	        0.000 	   0.99999 	   0.00000 	    0.000001 	    -1.#IND00 	    -1.#IND00 
13500 	 12 	        0.757 	        0.000 	   0.99999 	   0.00000 	    0.000001 	    -1.#IND00 	    -1.#IND00 
13600 	 12 	        0.756 	        0.000 	   0.99999 	   0.00000 	    0.000001 	    -1.#IND00 	    -1.#IND00 
13700 	 12 	        0.755 	        0.000 	   0.99999 	   0.00000 	    0.000001 	    -1.#IND00 	    -1.#IND00 
13800 	 12 	        0.755 	        0.000 	   0.99999 	   0.00000 	    0.000001 	    -1.#IND00 	    -1.#IND00 
13900 	 12 	        0.754 	        0.000 	   0.99999 	   0.00000 	    0.000001 	    -1.#IND00 	    -1.#IND00 
14000 	 12 	        0.753 	        0.000 	   0.99999 	   0.00000 	    0.000001 	    -1.#IND00 	    -1.#IND00 
14100 	 12 	        0.752 	        0.000 	   0.99999 	   0.00000 	    0.000001 	    -1.#IND00 	    -1.#IND00 
14200 	 12 	        0.752 	        0.000 	   0.99999 	   0.00000 	    0.000001 	    -1.#IND00 	    -1.#IND00 
14300 	 12 	        0.751 	        0.000 	   0.99999 	   0.00000 	    0.000001 	    -1.#IND00 	    -1.#IND00 
14400 	 12 	        0.751 	        0.000 	   0.99999 	   0.00000 	    0.000001 	    -1.#IND00 	    -1.#IND00 
14500 	 12 	        0.750 	        0.000 	   0.99999 	   0.00000 	    0.000001 	    -1.#IND00 	    -1.#IND00 
14600 	 12 	        0.749 	        0.000 	   0.99999 	   0.00000 	    0.000001 	    -1.#IND00 	    -1.#IND00 
14700 	 12 	        0.749 	        0.000 	   0.99999 	   0.00000 	    0.000001 	    -1.#IND00 	    -1.#IND00 
14800 	 12 	        0.748 	        0.000 	   0.99999 	   0.00000 	    0.000001 	    -1.#IND00 	    -1.#IND00 
14900 	 12 	        0.748 	        0.000 	   0.99999 	   0.00000 	    0.000001 	    -1.#IND00 	    -1.#IND00 
15000 	 12 	        0.747 	        0.000 	   0.99999 	   0.00000 	    0.000001 	    -1.#IND00 	    -1.#IND00 
15100 	 12 	        0.746 	        0.000 	   0.99999 	   0.00000 	    0.000001 	    -1.#IND00 	    -1.#IND00 
15200 	 12 	        0.746 	        0.000 	   0.99999 	   0.00000 	    0.000001 	    -1.#IND00 	    -1.#IND00 
15300 	 12 	        0.745 	        0.000 	   0.99999 	   0.00000 	    0.000001 	    -1.#IND00 	    -1.#IND00 
15400 	 12 	        0.744 	        0.000 	   0.99999 	   0.00000 	    0.000001 	    -1.#IND00 	    -1.#IND00 
15500 	 12 	        0.744 	        0.000 	   0.99999 	   0.00000 	    0.000001 	    -1.#IND00 	    -1.#IND00 
15600 	 12 	        0.743 	        0.000 	   0.99999 	   0.00000 	    0.000001 	    -1.#IND00 	    -1.#IND00 
15700 	 12 	        0.743 	        0.000 	   0.99999 	   0.00000 	    0.000001 	    -1.#IND00 	    -1.#IND00 
15800 	 12 	        0.742 	        0.000 	   0.99999 	   0.00000 	    0.000001 	    -1.#IND00 	    -1.#IND00 
15900 	 12 	        0.742 	        0.000 	   0.99999 	   0.00000 	    0.000001 	    -1.#IND00 	    -1.#IND00 
16000 	 12 	        0.741 	        0.000 	   0.99999 	   0.00000 	    0.000001 	    -1.#IND00 	    -1.#IND00 
16100 	 12 	        0.740 	        0.000 	   0.99999 	   0.00000 	    0.000001 	    -1.#IND00 	    -1.#IND00 
16200 	 12 	        0.740 	        0.000 	   0.99999 	   0.00000 	    0.000001 	    -1.#IND00 	    -1.#IND00 
16300 	 12 	        0.739 	        0.000 	   0.99999 	   0.00000 	    0.000001 	    -1.#IND00 	    -1.#IND00 
16400 	 12 	        0.739 	        0.000 	   0.99999 	   0.00000 	    0.000001 	    -1.#IND00 	    -1.#IND00 
16500 	 12 	        0.738 	        0.000 	   0.99999 	   0.00000 	    0.000001 	    -1.#IND00 	    -1.#IND00 
16600 	 12 	        0.738 	        0.000 	   0.99999 	   0.00000 	    0.000001 	    -1.#IND00 	    -1.#IND00 
16700 	 12 	        0.737 	        0.000 	   0.99999 	   0.00000 	    0.000001 	    -1.#IND00 	    -1.#IND00 
16800 	 12 	        0.737 	        0.000 	   0.99999 	   0.00000 	    0.000001 	    -1.#IND00 	    -1.#IND00 
16900 	 12 	        0.736 	        0.000 	   0.99999 	   0.00000 	    0.000001 	    -1.#IND00 	    -1.#IND00 
17000 	 12 	        0.736 	        0.000 	   0.99999 	   0.00000 	    0.000001 	    -1.#IND00 	    -1.#IND00 
17100 	 12 	        0.735 	        0.000 	   0.99999 	   0.00000 	    0.000001 	    -1.#IND00 	    -1.#IND00 
17200 	 12 	        0.735 	        0.000 	   0.99999 	   0.00000 	    0.000001 	    -1.#IND00 	    -1.#IND00 
17300 	 12 	        0.734 	        0.000 	   0.99999 	   0.00000 	    0.000001 	    -1.#IND00 	    -1.#IND00 
17400 	 12 	        0.734 	        0.000 	   0.99999 	   0.00000 	    0.000001 	    -1.#IND00 	    -1.#IND00 
17500 	 12 	        0.733 	        0.000 	   0.99999 	   0.00000 	    0.000001 	    -1.#IND00 	    -1.#IND00 
17600 	 12 	        0.733 	        0.000 	   0.99999 	   0.00000 	    0.000001 	    -1.#IND00 	    -1.#IND00 
17700 	 12 	        0.733 	        0.000 	   0.99999 	   0.00000 	    0.000001 	    -1.#IND00 	    -1.#IND00 
17800 	 12 	        0.732 	        0.000 	   0.99999 	   0.00000 	    0.000001 	    -1.#IND00 	    -1.#IND00 
17900 	 12 	        0.732 	        0.000 	   0.99999 	   0.00000 	    0.000001 	    -1.#IND00 	    -1.#IND00 
18000 	 12 	        0.731 	        0.000 	   0.99999 	   0.00000 	    0.000001 	    -1.#IND00 	    -1.#IND00 
18100 	 12 	        0.731 	        0.000 	   0.99999 	   0.00000 	    0.000001 	    -1.#IND00 	    -1.#IND00 
18200 	 12 	        0.730 	        0.000 	   0.99999 	   0.00000 	    0.000001 	    -1.#IND00 	    -1.#IND00 
18300 	 12 	        0.730 	        0.000 	   0.99999 	   0.00000 	    0.000001 	    -1.#IND00 	    -1.#IND00 
18400 	 12 	        0.729 	        0.000 	   0.99999 	   0.00000 	    0.000001 	    -1.#IND00 	    -1.#IND00 
18500 	 12 	        0.729 	        0.000 	   0.99999 	   0.00000 	    0.000001 	    -1.#IND00 	    -1.#IND00 
18600 	 12 	        0.728 	        0.000 	   0.99999 	   0.00000 	    0.000001 	    -1.#IND00 	    -1.#IND00 
18700 	 12 	        0.728 	        0.000 	   0.99999 	   0.00000 	    0.000001 	    -1.#IND00 	    -1.#IND00 
18800 	 12 	        0.728 	        0.000 	   0.99999 	   0.00000 	    0.000001 	    -1.#IND00 	    -1.#IND00 
18900 	 12 	        0.727 	        0.000 	   0.99999 	   0.00000 	    0.000001 	    -1.#IND00 	    -1.#IND00 
19000 	 12 	        0.727 	        0.000 	   0.99999 	   0.00000 	    0.000001 	    -1.#IND00 	    -1.#IND00 
19100 	 12 	        0.726 	        0.000 	   0.99999 	   0.00000 	    0.000001 	    -1.#IND00 	    -1.#IND00 
19200 	 12 	        0.726 	        0.000 	   0.99999 	   0.00000 	    0.000001 	    -1.#IND00 	    -1.#IND00 
19300 	 12 	        0.725 	        0.000 	   0.99999 	   0.00000 	    0.000001 	    -1.#IND00 	    -1.#IND00 
19400 	 12 	        0.725 	        0.000 	   0.99999 	   0.00000 	    0.000001 	    -1.#IND00 	    -1.#IND00 
19500 	 12 	        0.725 	        0.000 	   0.99999 	   0.00000 	    0.000001 	    -1.#IND00 	    -1.#IND00 
19600 	 12 	        0.724 	        0.000 	   0.99999 	   0.00000 	    0.000001 	    -1.#IND00 	    -1.#IND00 
19700 	 12 	        0.724 	        0.000 	   0.99999 	   0.00000 	    0.000001 	    -1.#IND00 	    -1.#IND00 
19800 	 12 	        0.723 	        0.000 	   0.99999 	   0.00000 	    0.000001 	    -1.#IND00 	    -1.#IND00 
19900 	 12 	        0.723 	        0.000 	   0.99999 	   0.00000 	    0.000001 	    -1.#IND00 	    -1.#IND00 
20000 	 12 	        0.723 	        0.000 	   0.99999 	   0.00000 	    0.000001 	    -1.#IND00 	    -1.#IND00 
100 	 13 	        0.798 	        0.000 	   0.99999 	   0.00000 	    0.000001 	    -1.#IND00 	    -1.#IND00 
200 	 13 	        0.790 	        0.000 	   0.99999 	   0.00000 	    0.000001 	    -1.#IND00 	    -1.#IND00 
300 	 13 	        0.784 	        0.000 	   0.99999 	   0.00000 	    0.000001 	    -1.#IND00 	    -1.#IND00 
400 	 13 	        0.777 	        0.000 	   0.99999 	   0.00000 	    0.000001 	    -1.#IND00 	    -1.#IND00 
500 	 13 	        0.770 	        0.000 	   0.99999 	   0.00000 	    0.000001 	    -1.#IND00 	    -1.#IND00 
600 	 13 	        0.764 	        0.000 	   0.99999 	   0.00000 	    0.000001 	    -1.#IND00 	    -1.#IND00 
700 	 13 	        0.758 	        0.000 	   0.99999 	   0.00000 	    0.000001 	    -1.#IND00 	    -1.#IND00 
800 	 13 	        0.753 	        0.000 	   0.99999 	   0.00000 	    0.000001 	    -1.#IND00 	    -1.#IND00 
900 	 13 	        0.748 	        0.000 	   0.99999 	   0.00000 	    0.000001 	    -1.#IND00 	    -1.#IND00 
1000 	 13 	        0.740 	        0.000 	   0.99999 	   0.00000 	    0.000001 	    -1.#IND00 	    -1.#IND00 
1100 	 13 	        0.710 	        0.000 	   0.99999 	   0.00000 	    0.000001 	    -1.#IND00 	    -1.#IND00 
1200 	 13 	        0.701 	        0.000 	   0.99999 	   0.00000 	    0.000001 	    -1.#IND00 	    -1.#IND00 
1300 	 13 	        0.694 	        0.000 	   0.99999 	   0.00000 	    0.000001 	    -1.#IND00 	    -1.#IND00 
1400 	 13 	        0.686 	        0.000 	   0.99999 	   0.00000 	    0.000001 	    -1.#IND00 	    -1.#IND00 
1500 	 13 	        0.679 	        0.000 	   0.99999 	   0.00000 	    0.000001 	    -1.#IND00 	    -1.#IND00 
1600 	 13 	        0.673 	        0.000 	   0.99999 	   0.00000 	    0.000001 	    -1.#IND00 	    -1.#IND00 
1700 	 13 	        0.667 	        0.000 	   0.99999 	   0.00000 	    0.000001 	    -1.#IND00 	    -1.#IND00 
1800 	 13 	        0.661 	        0.000 	   0.99999 	   0.00000 	    0.000001 	    -1.#IND00 	    -1.#IND00 
1900 	 13 	        0.656 	        0.000 	   0.99999 	   0.00000 	    0.000001 	    -1.#IND00 	    -1.#IND00 
2000 	 13 	        0.650 	        0.000 	   0.99999 	   0.00000 	    0.000000 	    -1.#IND00 	    -1.#IND00 
2100 	 13 	        0.639 	        0.000 	   0.99999 	   0.00000 	    0.000000 	    -1.#IND00 	    -1.#IND00 
2200 	 13 	        0.635 	        0.000 	   0.99999 	   0.00000 	    0.000000 	    -1.#IND00 	    -1.#IND00 
2300 	 13 	        0.631 	        0.000 	   0.99999 	   0.00000 	    0.000000 	    -1.#IND00 	    -1.#IND00 
2400 	 13 	        0.628 	        0.000 	   0.99999 	   0.00000 	    0.000000 	    -1.#IND00 	    -1.#IND00 
2500 	 13 	        0.624 	        0.000 	   0.99999 	   0.00000 	    0.000000 	    -1.#IND00 	    -1.#IND00 
2600 	 13 	        0.622 	        0.000 	   0.99999 	   0.00000 	    0.000000 	    -1.#IND00 	    -1.#IND00 
2700 	 13 	        0.619 	        0.000 	   0.99999 	   0.00000 	    0.000000 	    -1.#IND00 	    -1.#IND00 
2800 	 13 	        0.617 	        0.000 	   0.99999 	   0.00000 	    0.000000 	    -1.#IND00 	    -1.#IND00 
2900 	 13 	        0.615 	        0.000 	   0.99999 	   0.00000 	    0.000000 	    -1.#IND00 	    -1.#IND00 
3000 	 13 	        0.612 	        0.000 	   0.99999 	   0.00000 	    0.000000 	    -1.#IND00 	    -1.#IND00 
3100 	 13 	        0.607 	        0.000 	   0.99999 	   0.00000 	    0.000000 	    -1.#IND00 	    -1.#IND00 
3200 	 13 	        0.605 	        0.000 	   0.99999 	   0.00000 	    0.000000 	    -1.#IND00 	    -1.#IND00 
3300 	 13 	        0.604 	        0.000 	   0.99999 	   0.00000 	    0.000000 	    -1.#IND00 	    -1.#IND00 
3400 	 13 	        0.602 	        0.000 	   0.99999 	   0.00000 	    0.000000 	    -1.#IND00 	    -1.#IND00 
3500 	 13 	        0.601 	        0.000 	   0.99999 	   0.00000 	    0.000000 	    -1.#IND00 	    -1.#IND00 
3600 	 13 	        0.599 	        0.000 	   0.99999 	   0.00000 	    0.000000 	    -1.#IND00 	    -1.#IND00 
3700 	 13 	        0.598 	        0.000 	   0.99999 	   0.00000 	    0.000000 	    -1.#IND00 	    -1.#IND00 
3800 	 13 	        0.597 	        0.000 	   0.99999 	   0.00000 	    0.000000 	    -1.#IND00 	    -1.#IND00 
3900 	 13 	        0.596 	        0.000 	   0.99999 	   0.00000 	    0.000000 	    -1.#IND00 	    -1.#IND00 
4000 	 13 	        0.594 	        0.000 	   0.99999 	   0.00000 	    0.000000 	    -1.#IND00 	    -1.#IND00 
4100 	 13 	        0.591 	        0.000 	   0.99999 	   0.00000 	    0.000000 	    -1.#IND00 	    -1.#IND00 
4200 	 13 	        0.590 	        0.000 	   0.99999 	   0.00000 	    0.000000 	    -1.#IND00 	    -1.#IND00 
4300 	 13 	        0.589 	        0.000 	   0.99999 	   0.00000 	    0.000000 	    -1.#IND00 	    -1.#IND00 
4400 	 13 	        0.588 	        0.000 	   0.99999 	   0.00000 	    0.000000 	    -1.#IND00 	    -1.#IND00 
4500 	 13 	        0.587 	        0.000 	   0.99999 	   0.00000 	    0.000000 	    -1.#IND00 	    -1.#IND00 
4600 	 13 	        0.586 	        0.000 	   0.99999 	   0.00000 	    0.000000 	    -1.#IND00 	    -1.#IND00 
4700 	 13 	        0.585 	        0.000 	   0.99999 	   0.00000 	    0.000000 	    -1.#IND00 	    -1.#IND00 
4800 	 13 	        0.584 	        0.000 	   0.99999 	   0.00000 	    0.000000 	    -1.#IND00 	    -1.#IND00 
4900 	 13 	        0.583 	        0.000 	   0.99999 	   0.00000 	    0.000000 	    -1.#IND00 	    -1.#IND00 
5000 	 13 	        0.582 	        0.000 	   0.99999 	   0.00000 	    0.000000 	    -1.#IND00 	    -1.#IND00 
5100 	 13 	        0.580 	        0.000 	   0.99999 	   0.00000 	    0.000000 	    -1.#IND00 	    -1.#IND00 
5200 	 13 	        0.579 	        0.000 	   0.99999 	   0.00000 	    0.000000 	    -1.#IND00 	    -1.#IND00 
5300 	 13 	        0.578 	        0.000 	   0.99999 	   0.00000 	    0.000000 	    -1.#IND00 	    -1.#IND00 
5400 	 13 	        0.577 	        0.000 	   0.99999 	   0.00000 	    0.000000 	    -1.#IND00 	    -1.#IND00 
5500 	 13 	        0.577 	        0.000 	   0.99999 	   0.00000 	    0.000000 	    -1.#IND00 	    -1.#IND00 
5600 	 13 	        0.576 	        0.000 	   0.99999 	   0.00000 	    0.000000 	    -1.#IND00 	    -1.#IND00 
5700 	 13 	        0.575 	        0.000 	   0.99999 	   0.00000 	    0.000000 	    -1.#IND00 	    -1.#IND00 
5800 	 13 	        0.574 	        0.000 	   0.99999 	   0.00000 	    0.000000 	    -1.#IND00 	    -1.#IND00 
5900 	 13 	        0.574 	        0.000 	   0.99999 	   0.00000 	    0.000000 	    -1.#IND00 	    -1.#IND00 
6000 	 13 	        0.573 	        0.000 	   0.99999 	   0.00000 	    0.000000 	    -1.#IND00 	    -1.#IND00 
6100 	 13 	        0.571 	        0.000 	   0.99999 	   0.00000 	    0.000000 	    -1.#IND00 	    -1.#IND00 
6200 	 13 	        0.571 	        0.000 	   0.99999 	   0.00000 	    0.000000 	    -1.#IND00 	    -1.#IND00 
6300 	 13 	        0.570 	        0.000 	   0.99999 	   0.00000 	    0.000000 	    -1.#IND00 	    -1.#IND00 
6400 	 13 	        0.569 	        0.000 	   0.99999 	   0.00000 	    0.000000 	    -1.#IND00 	    -1.#IND00 
6500 	 13 	        0.569 	        0.000 	   0.99999 	   0.00000 	    0.000000 	    -1.#IND00 	    -1.#IND00 
6600 	 13 	        0.568 	        0.000 	   0.99999 	   0.00000 	    0.000000 	    -1.#IND00 	    -1.#IND00 
6700 	 13 	        0.567 	        0.000 	   0.99999 	   0.00000 	    0.000000 	    -1.#IND00 	    -1.#IND00 
6800 	 13 	        0.567 	        0.000 	   0.99999 	   0.00000 	    0.000000 	    -1.#IND00 	    -1.#IND00 
6900 	 13 	        0.566 	        0.000 	   0.99999 	   0.00000 	    0.000000 	    -1.#IND00 	    -1.#IND00 
7000 	 13 	        0.566 	        0.000 	   0.99999 	   0.00000 	    0.000000 	    -1.#IND00 	    -1.#IND00 
7100 	 13 	        0.564 	        0.000 	   0.99999 	   0.00000 	    0.000000 	    -1.#IND00 	    -1.#IND00 
7200 	 13 	        0.564 	        0.000 	   0.99999 	   0.00000 	    0.000000 	    -1.#IND00 	    -1.#IND00 
7300 	 13 	        0.563 	        0.000 	   0.99999 	   0.00000 	    0.000000 	    -1.#IND00 	    -1.#IND00 
7400 	 13 	        0.563 	        0.000 	   1.00000 	   0.00000 	    0.000000 	    -1.#IND00 	    -1.#IND00 
7500 	 13 	        0.562 	        0.000 	   1.00000 	   0.00000 	    0.000000 	    -1.#IND00 	    -1.#IND00 
7600 	 13 	        0.562 	        0.000 	   1.00000 	   0.00000 	    0.000000 	    -1.#IND00 	    -1.#IND00 
7700 	 13 	        0.561 	        0.000 	   1.00000 	   0.00000 	    0.000000 	    -1.#IND00 	    -1.#IND00 
7800 	 13 	        0.561 	        0.000 	   1.00000 	   0.00000 	    0.000000 	    -1.#IND00 	    -1.#IND00 
7900 	 13 	        0.560 	        0.000 	   1.00000 	   0.00000 	    0.000000 	    -1.#IND00 	    -1.#IND00 
8000 	 13 	        0.559 	        0.000 	   1.00000 	   0.00000 	    0.000000 	    -1.#IND00 	    -1.#IND00 
8100 	 13 	        0.559 	        0.000 	   1.00000 	   0.00000 	    0.000000 	    -1.#IND00 	    -1.#IND00 
8200 	 13 	        0.558 	        0.000 	   1.00000 	   0.00000 	    0.000000 	    -1.#IND00 	    -1.#IND00 
8300 	 13 	        0.558 	        0.000 	   1.00000 	   0.00000 	    0.000000 	    -1.#IND00 	    -1.#IND00 
8400 	 13 	        0.557 	        0.000 	   1.00000 	   0.00000 	    0.000000 	    -1.#IND00 	    -1.#IND00 
8500 	 13 	        0.557 	        0.000 	   1.00000 	   0.00000 	    0.000000 	    -1.#IND00 	    -1.#IND00 
8600 	 13 	        0.556 	        0.000 	   1.00000 	   0.00000 	    0.000000 	    -1.#IND00 	    -1.#IND00 
8700 	 13 	        0.556 	        0.000 	   1.00000 	   0.00000 	    0.000000 	    -1.#IND00 	    -1.#IND00 
8800 	 13 	        0.555 	        0.000 	   1.00000 	   0.00000 	    0.000000 	    -1.#IND00 	    -1.#IND00 
8900 	 13 	        0.555 	        0.000 	   1.00000 	   0.00000 	    0.000000 	    -1.#IND00 	    -1.#IND00 
9000 	 13 	        0.554 	        0.000 	   1.00000 	   0.00000 	    0.000000 	    -1.#IND00 	    -1.#IND00 
9100 	 13 	        0.553 	        0.000 	   1.00000 	   0.00000 	    0.000000 	    -1.#IND00 	    -1.#IND00 
9200 	 13 	        0.553 	        0.000 	   1.00000 	   0.00000 	    0.000000 	    -1.#IND00 	    -1.#IND00 
9300 	 13 	        0.553 	        0.000 	   1.00000 	   0.00000 	    0.000000 	    -1.#IND00 	    -1.#IND00 
9400 	 13 	        0.552 	        0.000 	   1.00000 	   0.00000 	    0.000000 	    -1.#IND00 	    -1.#IND00 
9500 	 13 	        0.552 	        0.000 	   1.00000 	   0.00000 	    0.000000 	    -1.#IND00 	    -1.#IND00 
9600 	 13 	        0.551 	        0.000 	   1.00000 	   0.00000 	    0.000000 	    -1.#IND00 	    -1.#IND00 
9700 	 13 	        0.551 	        0.000 	   1.00000 	   0.00000 	    0.000000 	    -1.#IND00 	    -1.#IND00 
9800 	 13 	        0.550 	        0.000 	   1.00000 	   0.00000 	    0.000000 	    -1.#IND00 	    -1.#IND00 
9900 	 13 	        0.550 	        0.000 	   1.00000 	   0.00000 	    0.000000 	    -1.#IND00 	    -1.#IND00 
10000 	 13 	        0.550 	        0.000 	   1.00000 	   0.00000 	    0.000000 	    -1.#IND00 	    -1.#IND00 
10100 	 13 	        0.549 	        0.000 	   1.00000 	   0.00000 	    0.000000 	    -1.#IND00 	    -1.#IND00 
10200 	 13 	        0.549 	        0.000 	   1.00000 	   0.00000 	    0.000000 	    -1.#IND00 	    -1.#IND00 
10300 	 13 	        0.548 	        0.000 	   1.00000 	   0.00000 	    0.000000 	    -1.#IND00 	    -1.#IND00 
10400 	 13 	        0.548 	        0.000 	   1.00000 	   0.00000 	    0.000000 	    -1.#IND00 	    -1.#IND00 
10500 	 13 	        0.547 	        0.000 	   1.00000 	   0.00000 	    0.000000 	    -1.#IND00 	    -1.#IND00 
10600 	 13 	        0.547 	        0.000 	   1.00000 	   0.00000 	    0.000000 	    -1.#IND00 	    -1.#IND00 
10700 	 13 	        0.547 	        0.000 	   1.00000 	   0.00000 	    0.000000 	    -1.#IND00 	    -1.#IND00 
10800 	 13 	        0.546 	        0.000 	   1.00000 	   0.00000 	    0.000000 	    -1.#IND00 	    -1.#IND00 
10900 	 13 	        0.546 	        0.000 	   1.00000 	   0.00000 	    0.000000 	    -1.#IND00 	    -1.#IND00 
11000 	 13 	        0.546 	        0.000 	   1.00000 	   0.00000 	    0.000000 	    -1.#IND00 	    -1.#IND00 
11100 	 13 	        0.545 	        0.000 	   1.00000 	   0.00000 	    0.000000 	    -1.#IND00 	    -1.#IND00 
11200 	 13 	        0.545 	        0.000 	   1.00000 	   0.00000 	    0.000000 	    -1.#IND00 	    -1.#IND00 
11300 	 13 	        0.544 	        0.000 	   1.00000 	   0.00000 	    0.000000 	    -1.#IND00 	    -1.#IND00 
11400 	 13 	        0.544 	        0.000 	   1.00000 	   0.00000 	    0.000000 	    -1.#IND00 	    -1.#IND00 
11500 	 13 	        0.544 	        0.000 	   1.00000 	   0.00000 	    0.000000 	    -1.#IND00 	    -1.#IND00 
11600 	 13 	        0.543 	        0.000 	   1.00000 	   0.00000 	    0.000000 	    -1.#IND00 	    -1.#IND00 
11700 	 13 	        0.543 	        0.000 	   1.00000 	   0.00000 	    0.000000 	    -1.#IND00 	    -1.#IND00 
11800 	 13 	        0.543 	        0.000 	   1.00000 	   0.00000 	    0.000000 	    -1.#IND00 	    -1.#IND00 
11900 	 13 	        0.542 	        0.000 	   1.00000 	   0.00000 	    0.000000 	    -1.#IND00 	    -1.#IND00 
12000 	 13 	        0.542 	        0.000 	   1.00000 	   0.00000 	    0.000000 	    -1.#IND00 	    -1.#IND00 
12100 	 13 	        0.541 	        0.000 	   1.00000 	   0.00000 	    0.000000 	    -1.#IND00 	    -1.#IND00 
12200 	 13 	        0.541 	        0.000 	   1.00000 	   0.00000 	    0.000000 	    -1.#IND00 	    -1.#IND00 
12300 	 13 	        0.541 	        0.000 	   1.00000 	   0.00000 	    0.000000 	    -1.#IND00 	    -1.#IND00 
12400 	 13 	        0.540 	        0.000 	   1.00000 	   0.00000 	    0.000000 	    -1.#IND00 	    -1.#IND00 
12500 	 13 	        0.540 	        0.000 	   1.00000 	   0.00000 	    0.000000 	    -1.#IND00 	    -1.#IND00 
12600 	 13 	        0.540 	        0.000 	   1.00000 	   0.00000 	    0.000000 	    -1.#IND00 	    -1.#IND00 
12700 	 13 	        0.540 	        0.000 	   1.00000 	   0.00000 	    0.000000 	    -1.#IND00 	    -1.#IND00 
12800 	 13 	        0.539 	        0.000 	   1.00000 	   0.00000 	    0.000000 	    -1.#IND00 	    -1.#IND00 
12900 	 13 	        0.539 	        0.000 	   1.00000 	   0.00000 	    0.000000 	    -1.#IND00 	    -1.#IND00 
13000 	 13 	        0.539 	        0.000 	   1.00000 	   0.00000 	    0.000000 	    -1.#IND00 	    -1.#IND00 
13100 	 13 	        0.538 	        0.000 	   1.00000 	   0.00000 	    0.000000 	    -1.#IND00 	    -1.#IND00 
13200 	 13 	        0.538 	        0.000 	   1.00000 	   0.00000 	    0.000000 	    -1.#IND00 	    -1.#IND00 
13300 	 13 	        0.538 	        0.000 	   1.00000 	   0.00000 	    0.000000 	    -1.#IND00 	    -1.#IND00 
13400 	 13 	        0.537 	        0.000 	   1.00000 	   0.00000 	    0.000000 	    -1.#IND00 	    -1.#IND00 
13500 	 13 	        0.537 	        0.000 	   1.00000 	   0.00000 	    0.000000 	    -1.#IND00 	    -1.#IND00 
13600 	 13 	        0.537 	        0.000 	   1.00000 	   0.00000 	    0.000000 	    -1.#IND00 	    -1.#IND00 
13700 	 13 	        0.536 	        0.000 	   1.00000 	   0.00000 	    0.000000 	    -1.#IND00 	    -1.#IND00 
13800 	 13 	        0.536 	        0.000 	   1.00000 	   0.00000 	    0.000000 	    -1.#IND00 	    -1.#IND00 
13900 	 13 	        0.536 	        0.000 	   1.00000 	   0.00000 	    0.000000 	    -1.#IND00 	    -1.#IND00 
14000 	 13 	        0.536 	        0.000 	   1.00000 	   0.00000 	    0.000000 	    -1.#IND00 	    -1.#IND00 
14100 	 13 	        0.535 	        0.000 	   1.00000 	   0.00000 	    0.000000 	    -1.#IND00 	    -1.#IND00 
14200 	 13 	        0.535 	        0.000 	   1.00000 	   0.00000 	    0.000000 	    -1.#IND00 	    -1.#IND00 
14300 	 13 	        0.535 	        0.000 	   1.00000 	   0.00000 	    0.000000 	    -1.#IND00 	    -1.#IND00 
14400 	 13 	        0.534 	        0.000 	   1.00000 	   0.00000 	    0.000000 	    -1.#IND00 	    -1.#IND00 
14500 	 13 	        0.534 	        0.000 	   1.00000 	   0.00000 	    0.000000 	    -1.#IND00 	    -1.#IND00 
14600 	 13 	        0.534 	        0.000 	   1.00000 	   0.00000 	    0.000000 	    -1.#IND00 	    -1.#IND00 
14700 	 13 	        0.534 	        0.000 	   1.00000 	   0.00000 	    0.000000 	    -1.#IND00 	    -1.#IND00 
14800 	 13 	        0.533 	        0.000 	   1.00000 	   0.00000 	    0.000000 	    -1.#IND00 	    -1.#IND00 
14900 	 13 	        0.533 	        0.000 	   1.00000 	   0.00000 	    0.000000 	    -1.#IND00 	    -1.#IND00 
15000 	 13 	        0.533 	        0.000 	   1.00000 	   0.00000 	    0.000000 	    -1.#IND00 	    -1.#IND00 
15100 	 13 	        0.532 	        0.000 	   1.00000 	   0.00000 	    0.000000 	    -1.#IND00 	    -1.#IND00 
15200 	 13 	        0.532 	        0.000 	   1.00000 	   0.00000 	    0.000000 	    -1.#IND00 	    -1.#IND00 
15300 	 13 	        0.532 	        0.000 	   1.00000 	   0.00000 	    0.000000 	    -1.#IND00 	    -1.#IND00 
15400 	 13 	        0.532 	        0.000 	   1.00000 	   0.00000 	    0.000000 	    -1.#IND00 	    -1.#IND00 
15500 	 13 	        0.532 	        0.000 	   1.00000 	   0.00000 	    0.000000 	    -1.#IND00 	    -1.#IND00 
15600 	 13 	        0.531 	        0.000 	   1.00000 	   0.00000 	    0.000000 	    -1.#IND00 	    -1.#IND00 
15700 	 13 	        0.531 	        0.000 	   1.00000 	   0.00000 	    0.000000 	    -1.#IND00 	    -1.#IND00 
15800 	 13 	        0.531 	        0.000 	   1.00000 	   0.00000 	    0.000000 	    -1.#IND00 	    -1.#IND00 
15900 	 13 	        0.531 	        0.000 	   1.00000 	   0.00000 	    0.000000 	    -1.#IND00 	    -1.#IND00 
16000 	 13 	        0.530 	        0.000 	   1.00000 	   0.00000 	    0.000000 	    -1.#IND00 	    -1.#IND00 
16100 	 13 	        0.530 	        0.000 	   1.00000 	   0.00000 	    0.000000 	    -1.#IND00 	    -1.#IND00 
16200 	 13 	        0.530 	        0.000 	   1.00000 	   0.00000 	    0.000000 	    -1.#IND00 	    -1.#IND00 
16300 	 13 	        0.529 	        0.000 	   1.00000 	   0.00000 	    0.000000 	    -1.#IND00 	    -1.#IND00 
16400 	 13 	        0.529 	        0.000 	   1.00000 	   0.00000 	    0.000000 	    -1.#IND00 	    -1.#IND00 
16500 	 13 	        0.529 	        0.000 	   1.00000 	   0.00000 	    0.000000 	    -1.#IND00 	    -1.#IND00 
16600 	 13 	        0.529 	        0.000 	   1.00000 	   0.00000 	    0.000000 	    -1.#IND00 	    -1.#IND00 
16700 	 13 	        0.529 	        0.000 	   1.00000 	   0.00000 	    0.000000 	    -1.#IND00 	    -1.#IND00 
16800 	 13 	        0.528 	        0.000 	   1.00000 	   0.00000 	    0.000000 	    -1.#IND00 	    -1.#IND00 
16900 	 13 	        0.528 	        0.000 	   1.00000 	   0.00000 	    0.000000 	    -1.#IND00 	    -1.#IND00 
17000 	 13 	        0.528 	        0.000 	   1.00000 	   0.00000 	    0.000000 	    -1.#IND00 	    -1.#IND00 
17100 	 13 	        0.528 	        0.000 	   1.00000 	   0.00000 	    0.000000 	    -1.#IND00 	    -1.#IND00 
17200 	 13 	        0.527 	        0.000 	   1.00000 	   0.00000 	    0.000000 	    -1.#IND00 	    -1.#IND00 
17300 	 13 	        0.527 	        0.000 	   1.00000 	   0.00000 	    0.000000 	    -1.#IND00 	    -1.#IND00 
17400 	 13 	        0.527 	        0.000 	   1.00000 	   0.00000 	    0.000000 	    -1.#IND00 	    -1.#IND00 
17500 	 13 	        0.527 	        0.000 	   1.00000 	   0.00000 	    0.000000 	    -1.#IND00 	    -1.#IND00 
17600 	 13 	        0.527 	        0.000 	   1.00000 	   0.00000 	    0.000000 	    -1.#IND00 	    -1.#IND00 
17700 	 13 	        0.526 	        0.000 	   1.00000 	   0.00000 	    0.000000 	    -1.#IND00 	    -1.#IND00 
17800 	 13 	        0.526 	        0.000 	   1.00000 	   0.00000 	    0.000000 	    -1.#IND00 	    -1.#IND00 
17900 	 13 	        0.526 	        0.000 	   1.00000 	   0.00000 	    0.000000 	    -1.#IND00 	    -1.#IND00 
18000 	 13 	        0.526 	        0.000 	   1.00000 	   0.00000 	    0.000000 	    -1.#IND00 	    -1.#IND00 
18100 	 13 	        0.525 	        0.000 	   1.00000 	   0.00000 	    0.000000 	    -1.#IND00 	    -1.#IND00 
18200 	 13 	        0.525 	        0.000 	   1.00000 	   0.00000 	    0.000000 	    -1.#IND00 	    -1.#IND00 
18300 	 13 	        0.525 	        0.000 	   1.00000 	   0.00000 	    0.000000 	    -1.#IND00 	    -1.#IND00 
18400 	 13 	        0.525 	        0.000 	   1.00000 	   0.00000 	    0.000000 	    -1.#IND00 	    -1.#IND00 
18500 	 13 	        0.525 	        0.000 	   1.00000 	   0.00000 	    0.000000 	    -1.#IND00 	    -1.#IND00 
18600 	 13 	        0.524 	        0.000 	   1.00000 	   0.00000 	    0.000000 	    -1.#IND00 	    -1.#IND00 
18700 	 13 	        0.524 	        0.000 	   1.00000 	   0.00000 	    0.000000 	    -1.#IND00 	    -1.#IND00 
18800 	 13 	        0.524 	        0.000 	   1.00000 	   0.00000 	    0.000000 	    -1.#IND00 	    -1.#IND00 
18900 	 13 	        0.524 	        0.000 	   1.00000 	   0.00000 	    0.000000 	    -1.#IND00 	    -1.#IND00 
19000 	 13 	        0.524 	        0.000 	   1.00000 	   0.00000 	    0.000000 	    -1.#IND00 	    -1.#IND00 
19100 	 13 	        0.523 	        0.000 	   1.00000 	   0.00000 	    0.000000 	    -1.#IND00 	    -1.#IND00 
19200 	 13 	        0.523 	        0.000 	   1.00000 	   0.00000 	    0.000000 	    -1.#IND00 	    -1.#IND00 
19300 	 13 	        0.523 	        0.000 	   1.00000 	   0.00000 	    0.000000 	    -1.#IND00 	    -1.#IND00 
19400 	 13 	        0.523 	        0.000 	   1.00000 	   0.00000 	    0.000000 	    -1.#IND00 	    -1.#IND00 
19500 	 13 	        0.523 	        0.000 	   1.00000 	   0.00000 	    0.000000 	    -1.#IND00 	    -1.#IND00 
19600 	 13 	        0.522 	        0.000 	   1.00000 	   0.00000 	    0.000000 	    -1.#IND00 	    -1.#IND00 
19700 	 13 	        0.522 	        0.000 	   1.00000 	   0.00000 	    0.000000 	    -1.#IND00 	    -1.#IND00 
19800 	 13 	        0.522 	        0.000 	   1.00000 	   0.00000 	    0.000000 	    -1.#IND00 	    -1.#IND00 
19900 	 13 	        0.522 	        0.000 	   1.00000 	   0.00000 	    0.000000 	    -1.#IND00 	    -1.#IND00 
20000 	 13 	        0.522 	        0.000 	   1.00000 	   0.00000 	    0.000000 	    -1.#IND00 	    -1.#IND00 
100 	 14 	        0.573 	        0.000 	   0.99999 	   0.00000 	    0.000000 	    -1.#IND00 	    -1.#IND00 
200 	 14 	        0.577 	        0.000 	   0.99999 	   0.00000 	    0.000000 	    -1.#IND00 	    -1.#IND00 
300 	 14 	        0.576 	        0.000 	   0.99999 	   0.00000 	    0.000000 	    -1.#IND00 	    -1.#IND00 
400 	 14 	        0.574 	        0.000 	   0.99999 	   0.00000 	    0.000000 	    -1.#IND00 	    -1.#IND00 
500 	 14 	        0.570 	        0.000 	   0.99999 	   0.00000 	    0.000000 	    -1.#IND00 	    -1.#IND00 
600 	 14 	        0.566 	        0.000 	   0.99999 	   0.00000 	    0.000000 	    -1.#IND00 	    -1.#IND00 
700 	 14 	        0.561 	        0.000 	   0.99999 	   0.00000 	    0.000000 	    -1.#IND00 	    -1.#IND00 
800 	 14 	        0.556 	        0.000 	   0.99999 	   0.00000 	    0.000000 	    -1.#IND00 	    -1.#IND00 
900 	 14 	        0.551 	        0.000 	   0.99999 	   0.00000 	    0.000000 	    -1.#IND00 	    -1.#IND00 
1000 	 14 	        0.548 	        0.000 	   0.99999 	   0.00000 	    0.000000 	    -1.#IND00 	    -1.#IND00 
1100 	 14 	        0.527 	        0.000 	   0.99999 	   0.00000 	    0.000000 	    -1.#IND00 	    -1.#IND00 
1200 	 14 	        0.518 	        0.000 	   1.00000 	   0.00000 	    0.000000 	    -1.#IND00 	    -1.#IND00 
1300 	 14 	        0.510 	        0.000 	   1.00000 	   0.00000 	    0.000000 	    -1.#IND00 	    -1.#IND00 
1400 	 14 	        0.504 	        0.000 	   1.00000 	   0.00000 	    0.000000 	    -1.#IND00 	    -1.#IND00 
1500 	 14 	        0.498 	        0.000 	   1.00000 	   0.00000 	    0.000000 	    -1.#IND00 	    -1.#IND00 
1600 	 14 	        0.493 	        0.000 	   1.00000 	   0.00000 	    0.000000 	    -1.#IND00 	    -1.#IND00 
1700 	 14 	        0.488 	        0.000 	   1.00000 	   0.00000 	    0.000000 	    -1.#IND00 	    -1.#IND00 
1800 	 14 	        0.483 	        0.000 	   1.00000 	   0.00000 	    0.000000 	    -1.#IND00 	    -1.#IND00 
1900 	 14 	        0.479 	        0.000 	   1.00000 	   0.00000 	    0.000000 	    -1.#IND00 	    -1.#IND00 
2000 	 14 	        0.474 	        0.000 	   1.00000 	   0.00000 	    0.000000 	    -1.#IND00 	    -1.#IND00 
2100 	 14 	        0.467 	        0.000 	   1.00000 	   0.00000 	    0.000000 	    -1.#IND00 	    -1.#IND00 
2200 	 14 	        0.463 	        0.000 	   1.00000 	   0.00000 	    0.000000 	    -1.#IND00 	    -1.#IND00 
2300 	 14 	        0.460 	        0.000 	   1.00000 	   0.00000 	    0.000000 	    -1.#IND00 	    -1.#IND00 
2400 	 14 	        0.457 	        0.000 	   1.00000 	   0.00000 	    0.000000 	    -1.#IND00 	    -1.#IND00 
2500 	 14 	        0.455 	        0.000 	   1.00000 	   0.00000 	    0.000000 	    -1.#IND00 	    -1.#IND00 
2600 	 14 	        0.453 	        0.000 	   1.00000 	   0.00000 	    0.000000 	    -1.#IND00 	    -1.#IND00 
2700 	 14 	        0.451 	        0.000 	   1.00000 	   0.00000 	    0.000000 	    -1.#IND00 	    -1.#IND00 
2800 	 14 	        0.449 	        0.000 	   1.00000 	   0.00000 	    0.000000 	    -1.#IND00 	    -1.#IND00 
2900 	 14 	        0.447 	        0.000 	   1.00000 	   0.00000 	    0.000000 	    -1.#IND00 	    -1.#IND00 
3000 	 14 	        0.445 	        0.000 	   1.00000 	   0.00000 	    0.000000 	    -1.#IND00 	    -1.#IND00 
3100 	 14 	        0.442 	        0.000 	   1.00000 	   0.00000 	    0.000000 	    -1.#IND00 	    -1.#IND00 
3200 	 14 	        0.440 	        0.000 	   1.00000 	   0.00000 	    0.000000 	    -1.#IND00 	    -1.#IND00 
3300 	 14 	        0.439 	        0.000 	   1.00000 	   0.00000 	    0.000000 	    -1.#IND00 	    -1.#IND00 
3400 	 14 	        0.438 	        0.000 	   1.00000 	   0.00000 	    0.000000 	    -1.#IND00 	    -1.#IND00 
3500 	 14 	        0.437 	        0.000 	   1.00000 	   0.00000 	    0.000000 	    -1.#IND00 	    -1.#IND00 
3600 	 14 	        0.436 	        0.000 	   1.00000 	   0.00000 	    0.000000 	    -1.#IND00 	    -1.#IND00 
3700 	 14 	        0.435 	        0.000 	   1.00000 	   0.00000 	    0.000000 	    -1.#IND00 	    -1.#IND00 
3800 	 14 	        0.434 	        0.000 	   1.00000 	   0.00000 	    0.000000 	    -1.#IND00 	    -1.#IND00 
3900 	 14 	        0.433 	        0.000 	   1.00000 	   0.00000 	    0.000000 	    -1.#IND00 	    -1.#IND00 
4000 	 14 	        0.431 	        0.000 	   1.00000 	   0.00000 	    0.000000 	    -1.#IND00 	    -1.#IND00 
4100 	 14 	        0.429 	        0.000 	   1.00000 	   0.00000 	    0.000000 	    -1.#IND00 	    -1.#IND00 
4200 	 14 	        0.428 	        0.000 	   1.00000 	   0.00000 	    0.000000 	    -1.#IND00 	    -1.#IND00 
4300 	 14 	        0.427 	        0.000 	   1.00000 	   0.00000 	    0.000000 	    -1.#IND00 	    -1.#IND00 
4400 	 14 	        0.426 	        0.000 	   1.00000 	   0.00000 	    0.000000 	    -1.#IND00 	    -1.#IND00 
4500 	 14 	        0.426 	        0.000 	   1.00000 	   0.00000 	    0.000000 	    -1.#IND00 	    -1.#IND00 
4600 	 14 	        0.425 	        0.000 	   1.00000 	   0.00000 	    0.000000 	    -1.#IND00 	    -1.#IND00 
4700 	 14 	        0.424 	        0.000 	   1.00000 	   0.00000 	    0.000000 	    -1.#IND00 	    -1.#IND00 
4800 	 14 	        0.423 	        0.000 	   1.00000 	   0.00000 	    0.000000 	    -1.#IND00 	    -1.#IND00 
4900 	 14 	        0.422 	        0.000 	   1.00000 	   0.00000 	    0.000000 	    -1.#IND00 	    -1.#IND00 
5000 	 14 	        0.422 	        0.000 	   1.00000 	   0.00000 	    0.000000 	    -1.#IND00 	    -1.#IND00 
5100 	 14 	        0.420 	        0.000 	   1.00000 	   0.00000 	    0.000000 	    -1.#IND00 	    -1.#IND00 
5200 	 14 	        0.419 	        0.000 	   1.00000 	   0.00000 	    0.000000 	    -1.#IND00 	    -1.#IND00 
5300 	 14 	        0.419 	        0.000 	   1.00000 	   0.00000 	    0.000000 	    -1.#IND00 	    -1.#IND00 
5400 	 14 	        0.418 	        0.000 	   1.00000 	   0.00000 	    0.000000 	    -1.#IND00 	    -1.#IND00 
5500 	 14 	        0.417 	        0.000 	   1.00000 	   0.00000 	    0.000000 	    -1.#IND00 	    -1.#IND00 
5600 	 14 	        0.417 	        0.000 	   1.00000 	   0.00000 	    0.000000 	    -1.#IND00 	    -1.#IND00 
5700 	 14 	        0.416 	        0.000 	   1.00000 	   0.00000 	    0.000000 	    -1.#IND00 	    -1.#IND00 
5800 	 14 	        0.415 	        0.000 	   1.00000 	   0.00000 	    0.000000 	    -1.#IND00 	    -1.#IND00 
5900 	 14 	        0.415 	        0.000 	   1.00000 	   0.00000 	    0.000000 	    -1.#IND00 	    -1.#IND00 
6000 	 14 	        0.414 	        0.000 	   1.00000 	   0.00000 	    0.000000 	    -1.#IND00 	    -1.#IND00 
6100 	 14 	        0.413 	        0.000 	   1.00000 	   0.00000 	    0.000000 	    -1.#IND00 	    -1.#IND00 
6200 	 14 	        0.412 	        0.000 	   1.00000 	   0.00000 	    0.000000 	    -1.#IND00 	    -1.#IND00 
6300 	 14 	        0.412 	        0.000 	   1.00000 	   0.00000 	    0.000000 	    -1.#IND00 	    -1.#IND00 
6400 	 14 	        0.411 	        0.000 	   1.00000 	   0.00000 	    0.000000 	    -1.#IND00 	    -1.#IND00 
6500 	 14 	        0.411 	        0.000 	   1.00000 	   0.00000 	    0.000000 	    -1.#IND00 	    -1.#IND00 
6600 	 14 	        0.410 	        0.000 	   1.00000 	   0.00000 	    0.000000 	    -1.#IND00 	    -1.#IND00 
6700 	 14 	        0.410 	        0.000 	   1.00000 	   0.00000 	    0.000000 	    -1.#IND00 	    -1.#IND00 
6800 	 14 	        0.409 	        0.000 	   1.00000 	   0.00000 	    0.000000 	    -1.#IND00 	    -1.#IND00 
6900 	 14 	        0.409 	        0.000 	   1.00000 	   0.00000 	    0.000000 	    -1.#IND00 	    -1.#IND00 
7000 	 14 	        0.408 	        0.000 	   1.00000 	   0.00000 	    0.000000 	    -1.#IND00 	    -1.#IND00 
7100 	 14 	        0.407 	        0.000 	   1.00000 	   0.00000 	    0.000000 	    -1.#IND00 	    -1.#IND00 
7200 	 14 	        0.407 	        0.000 	   1.00000 	   0.00000 	    0.000000 	    -1.#IND00 	    -1.#IND00 
7300 	 14 	        0.406 	        0.000 	   1.00000 	   0.00000 	    0.000000 	    -1.#IND00 	    -1.#IND00 
7400 	 14 	        0.406 	        0.000 	   1.00000 	   0.00000 	    0.000000 	    -1.#IND00 	    -1.#IND00 
7500 	 14 	        0.405 	        0.000 	   1.00000 	   0.00000 	    0.000000 	    -1.#IND00 	    -1.#IND00 
7600 	 14 	        0.405 	        0.000 	   1.00000 	   0.00000 	    0.000000 	    -1.#IND00 	    -1.#IND00 
7700 	 14 	        0.404 	        0.000 	   1.00000 	   0.00000 	    0.000000 	    -1.#IND00 	    -1.#IND00 
7800 	 14 	        0.404 	        0.000 	   1.00000 	   0.00000 	    0.000000 	    -1.#IND00 	    -1.#IND00 
7900 	 14 	        0.403 	        0.000 	   1.00000 	   0.00000 	    0.000000 	    -1.#IND00 	    -1.#IND00 
8000 	 14 	        0.403 	        0.000 	   1.00000 	   0.00000 	    0.000000 	    -1.#IND00 	    -1.#IND00 
8100 	 14 	        0.402 	        0.000 	   1.00000 	   0.00000 	    0.000000 	    -1.#IND00 	    -1.#IND00 
8200 	 14 	        0.402 	        0.000 	   1.00000 	   0.00000 	    0.000000 	    -1.#IND00 	    -1.#IND00 
8300 	 14 	        0.401 	        0.000 	   1.00000 	   0.00000 	    0.000000 	    -1.#IND00 	    -1.#IND00 
8400 	 14 	        0.401 	        0.000 	   1.00000 	   0.00000 	    0.000000 	    -1.#IND00 	    -1.#IND00 
8500 	 14 	        0.401 	        0.000 	   1.00000 	   0.00000 	    0.000000 	    -1.#IND00 	    -1.#IND00 
8600 	 14 	        0.400 	        0.000 	   1.00000 	   0.00000 	    0.000000 	    -1.#IND00 	    -1.#IND00 
8700 	 14 	        0.400 	        0.000 	   1.00000 	   0.00000 	    0.000000 	    -1.#IND00 	    -1.#IND00 
8800 	 14 	        0.399 	        0.000 	   1.00000 	   0.00000 	    0.000000 	    -1.#IND00 	    -1.#IND00 
8900 	 14 	        0.399 	        0.000 	   1.00000 	   0.00000 	    0.000000 	    -1.#IND00 	    -1.#IND00 
9000 	 14 	        0.399 	        0.000 	   1.00000 	   0.00000 	    0.000000 	    -1.#IND00 	    -1.#IND00 
9100 	 14 	        0.398 	        0.000 	   1.00000 	   0.00000 	    0.000000 	    -1.#IND00 	    -1.#IND00 
9200 	 14 	        0.398 	        0.000 	   1.00000 	   0.00000 	    0.000000 	    -1.#IND00 	    -1.#IND00 
9300 	 14 	        0.397 	        0.000 	   1.00000 	   0.00000 	    0.000000 	    -1.#IND00 	    -1.#IND00 
9400 	 14 	        0.397 	        0.000 	   1.00000 	   0.00000 	    0.000000 	    -1.#IND00 	    -1.#IND00 
9500 	 14 	        0.397 	        0.000 	   1.00000 	   0.00000 	    0.000000 	    -1.#IND00 	    -1.#IND00 
9600 	 14 	        0.396 	        0.000 	   1.00000 	   0.00000 	    0.000000 	    -1.#IND00 	    -1.#IND00 
9700 	 14 	        0.396 	        0.000 	   1.00000 	   0.00000 	    0.000000 	    -1.#IND00 	    -1.#IND00 
9800 	 14 	        0.396 	        0.000 	   1.00000 	   0.00000 	    0.000000 	    -1.#IND00 	    -1.#IND00 
9900 	 14 	        0.395 	        0.000 	   1.00000 	   0.00000 	    0.000000 	    -1.#IND00 	    -1.#IND00 
10000 	 14 	        0.395 	        0.000 	   1.00000 	   0.00000 	    0.000000 	    -1.#IND00 	    -1.#IND00 
10100 	 14 	        0.394 	        0.000 	   1.00000 	   0.00000 	    0.000000 	    -1.#IND00 	    -1.#IND00 
10200 	 14 	        0.394 	        0.000 	   1.00000 	   0.00000 	    0.000000 	    -1.#IND00 	    -1.#IND00 
10300 	 14 	        0.394 	        0.000 	   1.00000 	   0.00000 	    0.000000 	    -1.#IND00 	    -1.#IND00 
10400 	 14 	        0.394 	        0.000 	   1.00000 	   0.00000 	    0.000000 	    -1.#IND00 	    -1.#IND00 
10500 	 14 	        0.393 	        0.000 	   1.00000 	   0.00000 	    0.000000 	    -1.#IND00 	    -1.#IND00 
10600 	 14 	        0.393 	        0.000 	   1.00000 	   0.00000 	    0.000000 	    -1.#IND00 	    -1.#IND00 
10700 	 14 	        0.393 	        0.000 	   1.00000 	   0.00000 	    0.000000 	    -1.#IND00 	    -1.#IND00 
10800 	 14 	        0.392 	        0.000 	   1.00000 	   0.00000 	    0.000000 	    -1.#IND00 	    -1.#IND00 
10900 	 14 	        0.392 	        0.000 	   1.00000 	   0.00000 	    0.000000 	    -1.#IND00 	    -1.#IND00 
11000 	 14 	        0.392 	        0.000 	   1.00000 	   0.00000 	    0.000000 	    -1.#IND00 	    -1.#IND00 
11100 	 14 	        0.391 	        0.000 	   1.00000 	   0.00000 	    0.000000 	    -1.#IND00 	    -1.#IND00 
11200 	 14 	        0.391 	        0.000 	   1.00000 	   0.00000 	    0.000000 	    -1.#IND00 	    -1.#IND00 
11300 	 14 	        0.391 	        0.000 	   1.00000 	   0.00000 	    0.000000 	    -1.#IND00 	    -1.#IND00 
11400 	 14 	        0.390 	        0.000 	   1.00000 	   0.00000 	    0.000000 	    -1.#IND00 	    -1.#IND00 
11500 	 14 	        0.390 	        0.000 	   1.00000 	   0.00000 	    0.000000 	    -1.#IND00 	    -1.#IND00 
11600 	 14 	        0.390 	        0.000 	   1.00000 	   0.00000 	    0.000000 	    -1.#IND00 	    -1.#IND00 
11700 	 14 	        0.390 	        0.000 	   1.00000 	   0.00000 	    0.000000 	    -1.#IND00 	    -1.#IND00 
11800 	 14 	        0.389 	        0.000 	   1.00000 	   0.00000 	    0.000000 	    -1.#IND00 	    -1.#IND00 
11900 	 14 	        0.389 	        0.000 	   1.00000 	   0.00000 	    0.000000 	    -1.#IND00 	    -1.#IND00 
12000 	 14 	        0.389 	        0.000 	   1.00000 	   0.00000 	    0.000000 	    -1.#IND00 	    -1.#IND00 
12100 	 14 	        0.388 	        0.000 	   1.00000 	   0.00000 	    0.000000 	    -1.#IND00 	    -1.#IND00 
12200 	 14 	        0.388 	        0.000 	   1.00000 	   0.00000 	    0.000000 	    -1.#IND00 	    -1.#IND00 
12300 	 14 	        0.388 	        0.000 	   1.00000 	   0.00000 	    0.000000 	    -1.#IND00 	    -1.#IND00 
12400 	 14 	        0.388 	        0.000 	   1.00000 	   0.00000 	    0.000000 	    -1.#IND00 	    -1.#IND00 
12500 	 14 	        0.387 	        0.000 	   1.00000 	   0.00000 	    0.000000 	    -1.#IND00 	    -1.#IND00 
12600 	 14 	        0.387 	        0.000 	   1.00000 	   0.00000 	    0.000000 	    -1.#IND00 	    -1.#IND00 
12700 	 14 	        0.387 	        0.000 	   1.00000 	   0.00000 	    0.000000 	    -1.#IND00 	    -1.#IND00 
12800 	 14 	        0.387 	        0.000 	   1.00000 	   0.00000 	    0.000000 	    -1.#IND00 	    -1.#IND00 
12900 	 14 	        0.386 	        0.000 	   1.00000 	   0.00000 	    0.000000 	    -1.#IND00 	    -1.#IND00 
13000 	 14 	        0.386 	        0.000 	   1.00000 	   0.00000 	    0.000000 	    -1.#IND00 	    -1.#IND00 
13100 	 14 	        0.386 	        0.000 	   1.00000 	   0.00000 	    0.000000 	    -1.#IND00 	    -1.#IND00 
13200 	 14 	        0.386 	        0.000 	   1.00000 	   0.00000 	    0.000000 	    -1.#IND00 	    -1.#IND00 
13300 	 14 	        0.385 	        0.000 	   1.00000 	   0.00000 	    0.000000 	    -1.#IND00 	    -1.#IND00 
13400 	 14 	        0.385 	        0.000 	   1.00000 	   0.00000 	    0.000000 	    -1.#IND00 	    -1.#IND00 
13500 	 14 	        0.385 	        0.000 	   1.00000 	   0.00000 	    0.000000 	    -1.#IND00 	    -1.#IND00 
13600 	 14 	        0.385 	        0.000 	   1.00000 	   0.00000 	    0.000000 	    -1.#IND00 	    -1.#IND00 
13700 	 14 	        0.384 	        0.000 	   1.00000 	   0.00000 	    0.000000 	    -1.#IND00 	    -1.#IND00 
13800 	 14 	        0.384 	        0.000 	   1.00000 	   0.00000 	    0.000000 	    -1.#IND00 	    -1.#IND00 
13900 	 14 	        0.384 	        0.000 	   1.00000 	   0.00000 	    0.000000 	    -1.#IND00 	    -1.#IND00 
14000 	 14 	        0.384 	        0.000 	   1.00000 	   0.00000 	    0.000000 	    -1.#IND00 	    -1.#IND00 
14100 	 14 	        0.384 	        0.000 	   1.00000 	   0.00000 	    0.000000 	    -1.#IND00 	    -1.#IND00 
14200 	 14 	        0.383 	        0.000 	   1.00000 	   0.00000 	    0.000000 	    -1.#IND00 	    -1.#IND00 
14300 	 14 	        0.383 	        0.000 	   1.00000 	   0.00000 	    0.000000 	    -1.#IND00 	    -1.#IND00 
14400 	 14 	        0.383 	        0.000 	   1.00000 	   0.00000 	    0.000000 	    -1.#IND00 	    -1.#IND00 
14500 	 14 	        0.383 	        0.000 	   1.00000 	   0.00000 	    0.000000 	    -1.#IND00 	    -1.#IND00 
14600 	 14 	        0.382 	        0.000 	   1.00000 	   0.00000 	    0.000000 	    -1.#IND00 	    -1.#IND00 
14700 	 14 	        0.382 	        0.000 	   1.00000 	   0.00000 	    0.000000 	    -1.#IND00 	    -1.#IND00 
14800 	 14 	        0.382 	        0.000 	   1.00000 	   0.00000 	    0.000000 	    -1.#IND00 	    -1.#IND00 
14900 	 14 	        0.382 	        0.000 	   1.00000 	   0.00000 	    0.000000 	    -1.#IND00 	    -1.#IND00 
15000 	 14 	        0.382 	        0.000 	   1.00000 	   0.00000 	    0.000000 	    -1.#IND00 	    -1.#IND00 
15100 	 14 	        0.381 	        0.000 	   1.00000 	   0.00000 	    0.000000 	    -1.#IND00 	    -1.#IND00 
15200 	 14 	        0.381 	        0.000 	   1.00000 	   0.00000 	    0.000000 	    -1.#IND00 	    -1.#IND00 
15300 	 14 	        0.381 	        0.000 	   1.00000 	   0.00000 	    0.000000 	    -1.#IND00 	    -1.#IND00 
15400 	 14 	        0.381 	        0.000 	   1.00000 	   0.00000 	    0.000000 	    -1.#IND00 	    -1.#IND00 
15500 	 14 	        0.381 	        0.000 	   1.00000 	   0.00000 	    0.000000 	    -1.#IND00 	    -1.#IND00 
15600 	 14 	        0.380 	        0.000 	   1.00000 	   0.00000 	    0.000000 	    -1.#IND00 	    -1.#IND00 
15700 	 14 	        0.380 	        0.000 	   1.00000 	   0.00000 	    0.000000 	    -1.#IND00 	    -1.#IND00 
15800 	 14 	        0.380 	        0.000 	   1.00000 	   0.00000 	    0.000000 	    -1.#IND00 	    -1.#IND00 
15900 	 14 	        0.380 	        0.000 	   1.00000 	   0.00000 	    0.000000 	    -1.#IND00 	    -1.#IND00 
16000 	 14 	        0.380 	        0.000 	   1.00000 	   0.00000 	    0.000000 	    -1.#IND00 	    -1.#IND00 
16100 	 14 	        0.379 	        0.000 	   1.00000 	   0.00000 	    0.000000 	    -1.#IND00 	    -1.#IND00 
16200 	 14 	        0.379 	        0.000 	   1.00000 	   0.00000 	    0.000000 	    -1.#IND00 	    -1.#IND00 
16300 	 14 	        0.379 	        0.000 	   1.00000 	   0.00000 	    0.000000 	    -1.#IND00 	    -1.#IND00 
16400 	 14 	        0.379 	        0.000 	   1.00000 	   0.00000 	    0.000000 	    -1.#IND00 	    -1.#IND00 
16500 	 14 	        0.379 	        0.000 	   1.00000 	   0.00000 	    0.000000 	    -1.#IND00 	    -1.#IND00 
16600 	 14 	        0.379 	        0.000 	   1.00000 	   0.00000 	    0.000000 	    -1.#IND00 	    -1.#IND00 
16700 	 14 	        0.378 	        0.000 	   1.00000 	   0.00000 	    0.000000 	    -1.#IND00 	    -1.#IND00 
16800 	 14 	        0.378 	        0.000 	   1.00000 	   0.00000 	    0.000000 	    -1.#IND00 	    -1.#IND00 
16900 	 14 	        0.378 	        0.000 	   1.00000 	   0.00000 	    0.000000 	    -1.#IND00 	    -1.#IND00 
17000 	 14 	        0.378 	        0.000 	   1.00000 	   0.00000 	    0.000000 	    -1.#IND00 	    -1.#IND00 
17100 	 14 	        0.378 	        0.000 	   1.00000 	   0.00000 	    0.000000 	    -1.#IND00 	    -1.#IND00 
17200 	 14 	        0.377 	        0.000 	   1.00000 	   0.00000 	    0.000000 	    -1.#IND00 	    -1.#IND00 
17300 	 14 	        0.377 	        0.000 	   1.00000 	   0.00000 	    0.000000 	    -1.#IND00 	    -1.#IND00 
17400 	 14 	        0.377 	        0.000 	   1.00000 	   0.00000 	    0.000000 	    -1.#IND00 	    -1.#IND00 
17500 	 14 	        0.377 	        0.000 	   1.00000 	   0.00000 	    0.000000 	    -1.#IND00 	    -1.#IND00 
17600 	 14 	        0.377 	        0.000 	   1.00000 	   0.00000 	    0.000000 	    -1.#IND00 	    -1.#IND00 
17700 	 14 	        0.377 	        0.000 	   1.00000 	   0.00000 	    0.000000 	    -1.#IND00 	    -1.#IND00 
17800 	 14 	        0.376 	        0.000 	   1.00000 	   0.00000 	    0.000000 	    -1.#IND00 	    -1.#IND00 
17900 	 14 	        0.376 	        0.000 	   1.00000 	   0.00000 	    0.000000 	    -1.#IND00 	    -1.#IND00 
18000 	 14 	        0.376 	        0.000 	   1.00000 	   0.00000 	    0.000000 	    -1.#IND00 	    -1.#IND00 
18100 	 14 	        0.376 	        0.000 	   1.00000 	   0.00000 	    0.000000 	    -1.#IND00 	    -1.#IND00 
18200 	 14 	        0.376 	        0.000 	   1.00000 	   0.00000 	    0.000000 	    -1.#IND00 	    -1.#IND00 
18300 	 14 	        0.376 	        0.000 	   1.00000 	   0.00000 	    0.000000 	    -1.#IND00 	    -1.#IND00 
18400 	 14 	        0.375 	        0.000 	   1.00000 	   0.00000 	    0.000000 	    -1.#IND00 	    -1.#IND00 
18500 	 14 	        0.375 	        0.000 	   1.00000 	   0.00000 	    0.000000 	    -1.#IND00 	    -1.#IND00 
18600 	 14 	        0.375 	        0.000 	   1.00000 	   0.00000 	    0.000000 	    -1.#IND00 	    -1.#IND00 
18700 	 14 	        0.375 	        0.000 	   1.00000 	   0.00000 	    0.000000 	    -1.#IND00 	    -1.#IND00 
18800 	 14 	        0.375 	        0.000 	   1.00000 	   0.00000 	    0.000000 	    -1.#IND00 	    -1.#IND00 
18900 	 14 	        0.375 	        0.000 	   1.00000 	   0.00000 	    0.000000 	    -1.#IND00 	    -1.#IND00 
19000 	 14 	        0.375 	        0.000 	   1.00000 	   0.00000 	    0.000000 	    -1.#IND00 	    -1.#IND00 
19100 	 14 	        0.374 	        0.000 	   1.00000 	   0.00000 	    0.000000 	    -1.#IND00 	    -1.#IND00 
19200 	 14 	        0.374 	        0.000 	   1.00000 	   0.00000 	    0.000000 	    -1.#IND00 	    -1.#IND00 
19300 	 14 	        0.374 	        0.000 	   1.00000 	   0.00000 	    0.000000 	    -1.#IND00 	    -1.#IND00 
19400 	 14 	        0.374 	        0.000 	   1.00000 	   0.00000 	    0.000000 	    -1.#IND00 	    -1.#IND00 
19500 	 14 	        0.374 	        0.000 	   1.00000 	   0.00000 	    0.000000 	    -1.#IND00 	    -1.#IND00 
19600 	 14 	        0.374 	        0.000 	   1.00000 	   0.00000 	    0.000000 	    -1.#IND00 	    -1.#IND00 
19700 	 14 	        0.373 	        0.000 	   1.00000 	   0.00000 	    0.000000 	    -1.#IND00 	    -1.#IND00 
19800 	 14 	        0.373 	        0.000 	   1.00000 	   0.00000 	    0.000000 	    -1.#IND00 	    -1.#IND00 
19900 	 14 	        0.373 	        0.000 	   1.00000 	   0.00000 	    0.000000 	    -1.#IND00 	    -1.#IND00 
20000 	 14 	        0.373 	        0.000 	   1.00000 	   0.00000 	    0.000000 	    -1.#IND00 	    -1.#IND00 
100 	 15 	        0.405 	        0.000 	   1.00000 	   0.00000 	    0.000000 	    -1.#IND00 	    -1.#IND00 
200 	 15 	        0.404 	        0.000 	   1.00000 	   0.00000 	    0.000000 	    -1.#IND00 	    -1.#IND00 
300 	 15 	        0.402 	        0.000 	   1.00000 	   0.00000 	    0.000000 	    -1.#IND00 	    -1.#IND00 
400 	 15 	        0.399 	        0.000 	   1.00000 	   0.00000 	    0.000000 	    -1.#IND00 	    -1.#IND00 
500 	 15 	        0.395 	        0.000 	   1.00000 	   0.00000 	    0.000000 	    -1.#IND00 	    -1.#IND00 
600 	 15 	        0.391 	        0.000 	   1.00000 	   0.00000 	    0.000000 	    -1.#IND00 	    -1.#IND00 
700 	 15 	        0.387 	        0.000 	   1.00000 	   0.00000 	    0.000000 	    -1.#IND00 	    -1.#IND00 
800 	 15 	        0.382 	        0.000 	   1.00000 	   0.00000 	    0.000000 	    -1.#IND00 	    -1.#IND00 
900 	 15 	        0.378 	        0.000 	   1.00000 	   0.00000 	    0.000000 	    -1.#IND00 	    -1.#IND00 
1000 	 15 	        0.376 	        0.000 	   1.00000 	   0.00000 	    0.000000 	    -1.#IND00 	    -1.#IND00 
1100 	 15 	        0.361 	        0.000 	   1.00000 	   0.00000 	    0.000000 	    -1.#IND00 	    -1.#IND00 
1200 	 15 	        0.356 	        0.000 	   1.00000 	   0.00000 	    0.000000 	    -1.#IND00 	    -1.#IND00 
1300 	 15 	        0.352 	        0.000 	   1.00000 	   0.00000 	    0.000000 	    -1.#IND00 	    -1.#IND00 
1400 	 15 	        0.348 	        0.000 	   1.00000 	   0.00000 	    0.000000 	    -1.#IND00 	    -1.#IND00 
1500 	 15 	        0.345 	        0.000 	   1.00000 	   0.00000 	    0.000000 	    -1.#IND00 	    -1.#IND00 
1600 	 15 	        0.343 	        0.000 	   1.00000 	   0.00000 	    0.000000 	    -1.#IND00 	    -1.#IND00 
1700 	 15 	        0.340 	        0.000 	   1.00000 	   0.00000 	    0.000000 	    -1.#IND00 	    -1.#IND00 
1800 	 15 	        0.338 	        0.000 	   1.00000 	   0.00000 	    0.000000 	    -1.#IND00 	    -1.#IND00 
1900 	 15 	        0.335 	        0.000 	   1.00000 	   0.00000 	    0.000000 	    -1.#IND00 	    -1.#IND00 
2000 	 15 	        0.333 	        0.000 	   1.00000 	   0.00000 	    0.000000 	    -1.#IND00 	    -1.#IND00 
2100 	 15 	        0.329 	        0.000 	   1.00000 	   0.00000 	    0.000000 	    -1.#IND00 	    -1.#IND00 
2200 	 15 	        0.327 	        0.000 	   1.00000 	   0.00000 	    0.000000 	    -1.#IND00 	    -1.#IND00 
2300 	 15 	        0.325 	        0.000 	   1.00000 	   0.00000 	    0.000000 	    -1.#IND00 	    -1.#IND00 
2400 	 15 	        0.323 	        0.000 	   1.00000 	   0.00000 	    0.000000 	    -1.#IND00 	    -1.#IND00 
2500 	 15 	        0.322 	        0.000 	   1.00000 	   0.00000 	    0.000000 	    -1.#IND00 	    -1.#IND00 
2600 	 15 	        0.321 	        0.000 	   1.00000 	   0.00000 	    0.000000 	    -1.#IND00 	    -1.#IND00 
2700 	 15 	        0.320 	        0.000 	   1.00000 	   0.00000 	    0.000000 	    -1.#IND00 	    -1.#IND00 
2800 	 15 	        0.319 	        0.000 	   1.00000 	   0.00000 	    0.000000 	    -1.#IND00 	    -1.#IND00 
2900 	 15 	        0.318 	        0.000 	   1.00000 	   0.00000 	    0.000000 	    -1.#IND00 	    -1.#IND00 
3000 	 15 	        0.317 	        0.000 	   1.00000 	   0.00000 	    0.000000 	    -1.#IND00 	    -1.#IND00 
3100 	 15 	        0.314 	        0.000 	   1.00000 	   0.00000 	    0.000000 	    -1.#IND00 	    -1.#IND00 
3200 	 15 	        0.314 	        0.000 	   1.00000 	   0.00000 	    0.000000 	    -1.#IND00 	    -1.#IND00 
3300 	 15 	        0.313 	        0.000 	   1.00000 	   0.00000 	    0.000000 	    -1.#IND00 	    -1.#IND00 
3400 	 15 	        0.312 	        0.000 	   1.00000 	   0.00000 	    0.000000 	    -1.#IND00 	    -1.#IND00 
3500 	 15 	        0.311 	        0.000 	   1.00000 	   0.00000 	    0.000000 	    -1.#IND00 	    -1.#IND00 
3600 	 15 	        0.311 	        0.000 	   1.00000 	   0.00000 	    0.000000 	    -1.#IND00 	    -1.#IND00 
3700 	 15 	        0.310 	        0.000 	   1.00000 	   0.00000 	    0.000000 	    -1.#IND00 	    -1.#IND00 
3800 	 15 	        0.309 	        0.000 	   1.00000 	   0.00000 	    0.000000 	    -1.#IND00 	    -1.#IND00 
3900 	 15 	        0.309 	        0.000 	   1.00000 	   0.00000 	    0.000000 	    -1.#IND00 	    -1.#IND00 
4000 	 15 	        0.308 	        0.000 	   1.00000 	   0.00000 	    0.000000 	    -1.#IND00 	    -1.#IND00 
4100 	 15 	        0.307 	        0.000 	   1.00000 	   0.00000 	    0.000000 	    -1.#IND00 	    -1.#IND00 
4200 	 15 	        0.306 	        0.000 	   1.00000 	   0.00000 	    0.000000 	    -1.#IND00 	    -1.#IND00 
4300 	 15 	        0.306 	        0.000 	   1.00000 	   0.00000 	    0.000000 	    -1.#IND00 	    -1.#IND00 
4400 	 15 	        0.305 	        0.000 	   1.00000 	   0.00000 	    0.000000 	    -1.#IND00 	    -1.#IND00 
4500 	 15 	        0.305 	        0.000 	   1.00000 	   0.00000 	    0.000000 	    -1.#IND00 	    -1.#IND00 
4600 	 15 	        0.304 	        0.000 	   1.00000 	   0.00000 	    0.000000 	    -1.#IND00 	    -1.#IND00 
4700 	 15 	        0.304 	        0.000 	   1.00000 	   0.00000 	    0.000000 	    -1.#IND00 	    -1.#IND00 
4800 	 15 	        0.303 	        0.000 	   1.00000 	   0.00000 	    0.000000 	    -1.#IND00 	    -1.#IND00 
4900 	 15 	        0.303 	        0.000 	   1.00000 	   0.00000 	    0.000000 	    -1.#IND00 	    -1.#IND00 
5000 	 15 	        0.302 	        0.000 	   1.00000 	   0.00000 	    0.000000 	    -1.#IND00 	    -1.#IND00 
5100 	 15 	        0.302 	        0.000 	   1.00000 	   0.00000 	    0.000000 	    -1.#IND00 	    -1.#IND00 
5200 	 15 	        0.301 	        0.000 	   1.00000 	   0.00000 	    0.000000 	    -1.#IND00 	    -1.#IND00 
5300 	 15 	        0.301 	        0.000 	   1.00000 	   0.00000 	    0.000000 	    -1.#IND00 	    -1.#IND00 
5400 	 15 	        0.300 	        0.000 	   1.00000 	   0.00000 	    0.000000 	    -1.#IND00 	    -1.#IND00 
5500 	 15 	        0.300 	        0.000 	   1.00000 	   0.00000 	    0.000000 	    -1.#IND00 	    -1.#IND00 
5600 	 15 	        0.300 	        0.000 	   1.00000 	   0.00000 	    0.000000 	    -1.#IND00 	    -1.#IND00 
5700 	 15 	        0.299 	        0.000 	   1.00000 	   0.00000 	    0.000000 	    -1.#IND00 	    -1.#IND00 
5800 	 15 	        0.299 	        0.000 	   1.00000 	   0.00000 	    0.000000 	    -1.#IND00 	    -1.#IND00 
5900 	 15 	        0.298 	        0.000 	   1.00000 	   0.00000 	    0.000000 	    -1.#IND00 	    -1.#IND00 
6000 	 15 	        0.298 	        0.000 	   1.00000 	   0.00000 	    0.000000 	    -1.#IND00 	    -1.#IND00 
6100 	 15 	        0.297 	        0.000 	   1.00000 	   0.00000 	    0.000000 	    -1.#IND00 	    -1.#IND00 
6200 	 15 	        0.297 	        0.000 	   1.00000 	   0.00000 	    0.000000 	    -1.#IND00 	    -1.#IND00 
6300 	 15 	        0.297 	        0.000 	   1.00000 	   0.00000 	    0.000000 	    -1.#IND00 	    -1.#IND00 
6400 	 15 	        0.296 	        0.000 	   1.00000 	   0.00000 	    0.000000 	    -1.#IND00 	    -1.#IND00 
6500 	 15 	        0.296 	        0.000 	   1.00000 	   0.00000 	    0.000000 	    -1.#IND00 	    -1.#IND00 
6600 	 15 	        0.296 	        0.000 	   1.00000 	   0.00000 	    0.000000 	    -1.#IND00 	    -1.#IND00 
6700 	 15 	        0.296 	        0.000 	   1.00000 	   0.00000 	    0.000000 	    -1.#IND00 	    -1.#IND00 
6800 	 15 	        0.295 	        0.000 	   1.00000 	   0.00000 	    0.000000 	    -1.#IND00 	    -1.#IND00 
6900 	 15 	        0.295 	        0.000 	   1.00000 	   0.00000 	    0.000000 	    -1.#IND00 	    -1.#IND00 
7000 	 15 	        0.295 	        0.000 	   1.00000 	   0.00000 	    0.000000 	    -1.#IND00 	    -1.#IND00 
7100 	 15 	        0.294 	        0.000 	   1.00000 	   0.00000 	    0.000000 	    -1.#IND00 	    -1.#IND00 
7200 	 15 	        0.294 	        0.000 	   1.00000 	   0.00000 	    0.000000 	    -1.#IND00 	    -1.#IND00 
7300 	 15 	        0.294 	        0.000 	   1.00000 	   0.00000 	    0.000000 	    -1.#IND00 	    -1.#IND00 
7400 	 15 	        0.293 	        0.000 	   1.00000 	   0.00000 	    0.000000 	    -1.#IND00 	    -1.#IND00 
7500 	 15 	        0.293 	        0.000 	   1.00000 	   0.00000 	    0.000000 	    -1.#IND00 	    -1.#IND00 
7600 	 15 	        0.293 	        0.000 	   1.00000 	   0.00000 	    0.000000 	    -1.#IND00 	    -1.#IND00 
7700 	 15 	        0.293 	        0.000 	   1.00000 	   0.00000 	    0.000000 	    -1.#IND00 	    -1.#IND00 
7800 	 15 	        0.292 	        0.000 	   1.00000 	   0.00000 	    0.000000 	    -1.#IND00 	    -1.#IND00 
7900 	 15 	        0.292 	        0.000 	   1.00000 	   0.00000 	    0.000000 	    -1.#IND00 	    -1.#IND00 
8000 	 15 	        0.292 	        0.000 	   1.00000 	   0.00000 	    0.000000 	    -1.#IND00 	    -1.#IND00 
8100 	 15 	        0.292 	        0.000 	   1.00000 	   0.00000 	    0.000000 	    -1.#IND00 	    -1.#IND00 
8200 	 15 	        0.291 	        0.000 	   1.00000 	   0.00000 	    0.000000 	    -1.#IND00 	    -1.#IND00 
8300 	 15 	        0.291 	        0.000 	   1.00000 	   0.00000 	    0.000000 	    -1.#IND00 	    -1.#IND00 
8400 	 15 	        0.291 	        0.000 	   1.00000 	   0.00000 	    0.000000 	    -1.#IND00 	    -1.#IND00 
8500 	 15 	        0.291 	        0.000 	   1.00000 	   0.00000 	    0.000000 	    -1.#IND00 	    -1.#IND00 
8600 	 15 	        0.291 	        0.000 	   1.00000 	   0.00000 	    0.000000 	    -1.#IND00 	    -1.#IND00 
8700 	 15 	        0.290 	        0.000 	   1.00000 	   0.00000 	    0.000000 	    -1.#IND00 	    -1.#IND00 
8800 	 15 	        0.290 	        0.000 	   1.00000 	   0.00000 	    0.000000 	    -1.#IND00 	    -1.#IND00 
8900 	 15 	        0.290 	        0.000 	   1.00000 	   0.00000 	    0.000000 	    -1.#IND00 	    -1.#IND00 
9000 	 15 	        0.290 	        0.000 	   1.00000 	   0.00000 	    0.000000 	    -1.#IND00 	    -1.#IND00 
9100 	 15 	        0.289 	        0.000 	   1.00000 	   0.00000 	    0.000000 	    -1.#IND00 	    -1.#IND00 
9200 	 15 	        0.289 	        0.000 	   1.00000 	   0.00000 	    0.000000 	    -1.#IND00 	    -1.#IND00 
9300 	 15 	        0.289 	        0.000 	   1.00000 	   0.00000 	    0.000000 	    -1.#IND00 	    -1.#IND00 
9400 	 15 	        0.289 	        0.000 	   1.00000 	   0.00000 	    0.000000 	    -1.#IND00 	    -1.#IND00 
9500 	 15 	        0.289 	        0.000 	   1.00000 	   0.00000 	    0.000000 	    -1.#IND00 	    -1.#IND00 
9600 	 15 	        0.288 	        0.000 	   1.00000 	   0.00000 	    0.000000 	    -1.#IND00 	    -1.#IND00 
9700 	 15 	        0.288 	        0.000 	   1.00000 	   0.00000 	    0.000000 	    -1.#IND00 	    -1.#IND00 
9800 	 15 	        0.288 	        0.000 	   1.00000 	   0.00000 	    0.000000 	    -1.#IND00 	    -1.#IND00 
9900 	 15 	        0.288 	        0.000 	   1.00000 	   0.00000 	    0.000000 	    -1.#IND00 	    -1.#IND00 
10000 	 15 	        0.288 	        0.000 	   1.00000 	   0.00000 	    0.000000 	    -1.#IND00 	    -1.#IND00 
10100 	 15 	        0.287 	        0.000 	   1.00000 	   0.00000 	    0.000000 	    -1.#IND00 	    -1.#IND00 
10200 	 15 	        0.287 	        0.000 	   1.00000 	   0.00000 	    0.000000 	    -1.#IND00 	    -1.#IND00 
10300 	 15 	        0.287 	        0.000 	   1.00000 	   0.00000 	    0.000000 	    -1.#IND00 	    -1.#IND00 
10400 	 15 	        0.287 	        0.000 	   1.00000 	   0.00000 	    0.000000 	    -1.#IND00 	    -1.#IND00 
10500 	 15 	        0.287 	        0.000 	   1.00000 	   0.00000 	    0.000000 	    -1.#IND00 	    -1.#IND00 
10600 	 15 	        0.287 	        0.000 	   1.00000 	   0.00000 	    0.000000 	    -1.#IND00 	    -1.#IND00 
10700 	 15 	        0.286 	        0.000 	   1.00000 	   0.00000 	    0.000000 	    -1.#IND00 	    -1.#IND00 
10800 	 15 	        0.286 	        0.000 	   1.00000 	   0.00000 	    0.000000 	    -1.#IND00 	    -1.#IND00 
10900 	 15 	        0.286 	        0.000 	   1.00000 	   0.00000 	    0.000000 	    -1.#IND00 	    -1.#IND00 
11000 	 15 	        0.286 	        0.000 	   1.00000 	   0.00000 	    0.000000 	    -1.#IND00 	    -1.#IND00 
11100 	 15 	        0.286 	        0.000 	   1.00000 	   0.00000 	    0.000000 	    -1.#IND00 	    -1.#IND00 
11200 	 15 	        0.286 	        0.000 	   1.00000 	   0.00000 	    0.000000 	    -1.#IND00 	    -1.#IND00 
11300 	 15 	        0.285 	        0.000 	   1.00000 	   0.00000 	    0.000000 	    -1.#IND00 	    -1.#IND00 
11400 	 15 	        0.285 	        0.000 	   1.00000 	   0.00000 	    0.000000 	    -1.#IND00 	    -1.#IND00 
11500 	 15 	        0.285 	        0.000 	   1.00000 	   0.00000 	    0.000000 	    -1.#IND00 	    -1.#IND00 
11600 	 15 	        0.285 	        0.000 	   1.00000 	   0.00000 	    0.000000 	    -1.#IND00 	    -1.#IND00 
11700 	 15 	        0.285 	        0.000 	   1.00000 	   0.00000 	    0.000000 	    -1.#IND00 	    -1.#IND00 
11800 	 15 	        0.285 	        0.000 	   1.00000 	   0.00000 	    0.000000 	    -1.#IND00 	    -1.#IND00 
11900 	 15 	        0.284 	        0.000 	   1.00000 	   0.00000 	    0.000000 	    -1.#IND00 	    -1.#IND00 
12000 	 15 	        0.284 	        0.000 	   1.00000 	   0.00000 	    0.000000 	    -1.#IND00 	    -1.#IND00 
12100 	 15 	        0.284 	        0.000 	   1.00000 	   0.00000 	    0.000000 	    -1.#IND00 	    -1.#IND00 
12200 	 15 	        0.284 	        0.000 	   1.00000 	   0.00000 	    0.000000 	    -1.#IND00 	    -1.#IND00 
12300 	 15 	        0.284 	        0.000 	   1.00000 	   0.00000 	    0.000000 	    -1.#IND00 	    -1.#IND00 
12400 	 15 	        0.284 	        0.000 	   1.00000 	   0.00000 	    0.000000 	    -1.#IND00 	    -1.#IND00 
12500 	 15 	        0.284 	        0.000 	   1.00000 	   0.00000 	    0.000000 	    -1.#IND00 	    -1.#IND00 
12600 	 15 	        0.283 	        0.000 	   1.00000 	   0.00000 	    0.000000 	    -1.#IND00 	    -1.#IND00 
12700 	 15 	        0.283 	        0.000 	   1.00000 	   0.00000 	    0.000000 	    -1.#IND00 	    -1.#IND00 
12800 	 15 	        0.283 	        0.000 	   1.00000 	   0.00000 	    0.000000 	    -1.#IND00 	    -1.#IND00 
12900 	 15 	        0.283 	        0.000 	   1.00000 	   0.00000 	    0.000000 	    -1.#IND00 	    -1.#IND00 
13000 	 15 	        0.283 	        0.000 	   1.00000 	   0.00000 	    0.000000 	    -1.#IND00 	    -1.#IND00 
13100 	 15 	        0.283 	        0.000 	   1.00000 	   0.00000 	    0.000000 	    -1.#IND00 	    -1.#IND00 
13200 	 15 	        0.283 	        0.000 	   1.00000 	   0.00000 	    0.000000 	    -1.#IND00 	    -1.#IND00 
13300 	 15 	        0.283 	        0.000 	   1.00000 	   0.00000 	    0.000000 	    -1.#IND00 	    -1.#IND00 
13400 	 15 	        0.282 	        0.000 	   1.00000 	   0.00000 	    0.000000 	    -1.#IND00 	    -1.#IND00 
13500 	 15 	        0.282 	        0.000 	   1.00000 	   0.00000 	    0.000000 	    -1.#IND00 	    -1.#IND00 
13600 	 15 	        0.282 	        0.000 	   1.00000 	   0.00000 	    0.000000 	    -1.#IND00 	    -1.#IND00 
13700 	 15 	        0.282 	        0.000 	   1.00000 	   0.00000 	    0.000000 	    -1.#IND00 	    -1.#IND00 
13800 	 15 	        0.282 	        0.000 	   1.00000 	   0.00000 	    0.000000 	    -1.#IND00 	    -1.#IND00 
13900 	 15 	        0.282 	        0.000 	   1.00000 	   0.00000 	    0.000000 	    -1.#IND00 	    -1.#IND00 
14000 	 15 	        0.282 	        0.000 	   1.00000 	   0.00000 	    0.000000 	    -1.#IND00 	    -1.#IND00 
14100 	 15 	        0.281 	        0.000 	   1.00000 	   0.00000 	    0.000000 	    -1.#IND00 	    -1.#IND00 
14200 	 15 	        0.281 	        0.000 	   1.00000 	   0.00000 	    0.000000 	    -1.#IND00 	    -1.#IND00 
14300 	 15 	        0.281 	        0.000 	   1.00000 	   0.00000 	    0.000000 	    -1.#IND00 	    -1.#IND00 
14400 	 15 	        0.281 	        0.000 	   1.00000 	   0.00000 	    0.000000 	    -1.#IND00 	    -1.#IND00 
14500 	 15 	        0.281 	        0.000 	   1.00000 	   0.00000 	    0.000000 	    -1.#IND00 	    -1.#IND00 
14600 	 15 	        0.281 	        0.000 	   1.00000 	   0.00000 	    0.000000 	    -1.#IND00 	    -1.#IND00 
14700 	 15 	        0.281 	        0.000 	   1.00000 	   0.00000 	    0.000000 	    -1.#IND00 	    -1.#IND00 
14800 	 15 	        0.281 	        0.000 	   1.00000 	   0.00000 	    0.000000 	    -1.#IND00 	    -1.#IND00 
14900 	 15 	        0.281 	        0.000 	   1.00000 	   0.00000 	    0.000000 	    -1.#IND00 	    -1.#IND00 
15000 	 15 	        0.280 	        0.000 	   1.00000 	   0.00000 	    0.000000 	    -1.#IND00 	    -1.#IND00 
15100 	 15 	        0.280 	        0.000 	   1.00000 	   0.00000 	    0.000000 	    -1.#IND00 	    -1.#IND00 
15200 	 15 	        0.280 	        0.000 	   1.00000 	   0.00000 	    0.000000 	    -1.#IND00 	    -1.#IND00 
15300 	 15 	        0.280 	        0.000 	   1.00000 	   0.00000 	    0.000000 	    -1.#IND00 	    -1.#IND00 
15400 	 15 	        0.280 	        0.000 	   1.00000 	   0.00000 	    0.000000 	    -1.#IND00 	    -1.#IND00 
15500 	 15 	        0.280 	        0.000 	   1.00000 	   0.00000 	    0.000000 	    -1.#IND00 	    -1.#IND00 
15600 	 15 	        0.280 	        0.000 	   1.00000 	   0.00000 	    0.000000 	    -1.#IND00 	    -1.#IND00 
15700 	 15 	        0.280 	        0.000 	   1.00000 	   0.00000 	    0.000000 	    -1.#IND00 	    -1.#IND00 
15800 	 15 	        0.280 	        0.000 	   1.00000 	   0.00000 	    0.000000 	    -1.#IND00 	    -1.#IND00 
15900 	 15 	        0.280 	        0.000 	   1.00000 	   0.00000 	    0.000000 	    -1.#IND00 	    -1.#IND00 
16000 	 15 	        0.279 	        0.000 	   1.00000 	   0.00000 	    0.000000 	    -1.#IND00 	    -1.#IND00 
16100 	 15 	        0.279 	        0.000 	   1.00000 	   0.00000 	    0.000000 	    -1.#IND00 	    -1.#IND00 
16200 	 15 	        0.279 	        0.000 	   1.00000 	   0.00000 	    0.000000 	    -1.#IND00 	    -1.#IND00 
16300 	 15 	        0.279 	        0.000 	   1.00000 	   0.00000 	    0.000000 	    -1.#IND00 	    -1.#IND00 
16400 	 15 	        0.279 	        0.000 	   1.00000 	   0.00000 	    0.000000 	    -1.#IND00 	    -1.#IND00 
16500 	 15 	        0.279 	        0.000 	   1.00000 	   0.00000 	    0.000000 	    -1.#IND00 	    -1.#IND00 
16600 	 15 	        0.279 	        0.000 	   1.00000 	   0.00000 	    0.000000 	    -1.#IND00 	    -1.#IND00 
16700 	 15 	        0.279 	        0.000 	   1.00000 	   0.00000 	    0.000000 	    -1.#IND00 	    -1.#IND00 
16800 	 15 	        0.279 	        0.000 	   1.00000 	   0.00000 	    0.000000 	    -1.#IND00 	    -1.#IND00 
16900 	 15 	        0.279 	        0.000 	   1.00000 	   0.00000 	    0.000000 	    -1.#IND00 	    -1.#IND00 
17000 	 15 	        0.278 	        0.000 	   1.00000 	   0.00000 	    0.000000 	    -1.#IND00 	    -1.#IND00 
17100 	 15 	        0.278 	        0.000 	   1.00000 	   0.00000 	    0.000000 	    -1.#IND00 	    -1.#IND00 
17200 	 15 	        0.278 	        0.000 	   1.00000 	   0.00000 	    0.000000 	    -1.#IND00 	    -1.#IND00 
17300 	 15 	        0.278 	        0.000 	   1.00000 	   0.00000 	    0.000000 	    -1.#IND00 	    -1.#IND00 
17400 	 15 	        0.278 	        0.000 	   1.00000 	   0.00000 	    0.000000 	    -1.#IND00 	    -1.#IND00 
17500 	 15 	        0.278 	        0.000 	   1.00000 	   0.00000 	    0.000000 	    -1.#IND00 	    -1.#IND00 
17600 	 15 	        0.278 	        0.000 	   1.00000 	   0.00000 	    0.000000 	    -1.#IND00 	    -1.#IND00 
17700 	 15 	        0.278 	        0.000 	   1.00000 	   0.00000 	    0.000000 	    -1.#IND00 	    -1.#IND00 
17800 	 15 	        0.278 	        0.000 	   1.00000 	   0.00000 	    0.000000 	    -1.#IND00 	    -1.#IND00 
17900 	 15 	        0.278 	        0.000 	   1.00000 	   0.00000 	    0.000000 	    -1.#IND00 	    -1.#IND00 
18000 	 15 	        0.277 	        0.000 	   1.00000 	   0.00000 	    0.000000 	    -1.#IND00 	    -1.#IND00 
18100 	 15 	        0.277 	        0.000 	   1.00000 	   0.00000 	    0.000000 	    -1.#IND00 	    -1.#IND00 
18200 	 15 	        0.277 	        0.000 	   1.00000 	   0.00000 	    0.000000 	    -1.#IND00 	    -1.#IND00 
18300 	 15 	        0.277 	        0.000 	   1.00000 	   0.00000 	    0.000000 	    -1.#IND00 	    -1.#IND00 
18400 	 15 	        0.277 	        0.000 	   1.00000 	   0.00000 	    0.000000 	    -1.#IND00 	    -1.#IND00 
18500 	 15 	        0.277 	        0.000 	   1.00000 	   0.00000 	    0.000000 	    -1.#IND00 	    -1.#IND00 
18600 	 15 	        0.277 	        0.000 	   1.00000 	   0.00000 	    0.000000 	    -1.#IND00 	    -1.#IND00 
18700 	 15 	        0.277 	        0.000 	   1.00000 	   0.00000 	    0.000000 	    -1.#IND00 	    -1.#IND00 
18800 	 15 	        0.277 	        0.000 	   1.00000 	   0.00000 	    0.000000 	    -1.#IND00 	    -1.#IND00 
18900 	 15 	        0.277 	        0.000 	   1.00000 	   0.00000 	    0.000000 	    -1.#IND00 	    -1.#IND00 
19000 	 15 	        0.277 	        0.000 	   1.00000 	   0.00000 	    0.000000 	    -1.#IND00 	    -1.#IND00 
19100 	 15 	        0.277 	        0.000 	   1.00000 	   0.00000 	    0.000000 	    -1.#IND00 	    -1.#IND00 
19200 	 15 	        0.276 	        0.000 	   1.00000 	   0.00000 	    0.000000 	    -1.#IND00 	    -1.#IND00 
19300 	 15 	        0.276 	        0.000 	   1.00000 	   0.00000 	    0.000000 	    -1.#IND00 	    -1.#IND00 
19400 	 15 	        0.276 	        0.000 	   1.00000 	   0.00000 	    0.000000 	    -1.#IND00 	    -1.#IND00 
19500 	 15 	        0.276 	        0.000 	   1.00000 	   0.00000 	    0.000000 	    -1.#IND00 	    -1.#IND00 
19600 	 15 	        0.276 	        0.000 	   1.00000 	   0.00000 	    0.000000 	    -1.#IND00 	    -1.#IND00 
19700 	 15 	        0.276 	        0.000 	   1.00000 	   0.00000 	    0.000000 	    -1.#IND00 	    -1.#IND00 
19800 	 15 	        0.276 	        0.000 	   1.00000 	   0.00000 	    0.000000 	    -1.#IND00 	    -1.#IND00 
