   16     13     50      1  9731   4851 
    0.700      0.400   20000  100      0.000      0.000    100     16 
    0.990 	     0.010 
   2 
    1.0000e+000   0.0000e+000  
  1.0000e+000   0.0000e+000  
  1.0000e+000   0.0000e+000  
  1.0000e+000   0.0000e+000  
  1.0000e+000   0.0000e+000  
  1.0000e+000   0.0000e+000  
  1.0000e+000   0.0000e+000  
  1.0000e+000   0.0000e+000  
  1.9875e+000   0.0000e+000  
  5.7000e+001  -8.0000e+000  
  4.4837e+000   0.0000e+000  
  1.8824e+002   1.7539e+002  
  1.0000e+000   0.0000e+000  
  1.0000e+000   0.0000e+000  
  1.0000e+000   0.0000e+000  
  1.0000e+000   0.0000e+000  
   2.6555e+002   0.0000e+000  
  itr    nh   avger[]   r2avg    mare[] 
100  16 5.516e+001   3.673e-001  1.000e+001 9.204e+002 
100  16 5.523e+001   3.635e-001  1.000e+003 4.586e+002 
   1  3.6733e-001   9.2042e+002   6.4905e+007   5.5157e-001 
  1.5420e+001   3.0281e-001 
   1  3.6351e-001   4.5859e+002   3.2338e+007   5.5233e-001 
  1.5436e+001   3.0081e-001 
