 Normalized SSE per output and pattern 
Itr 	 HN 	 MARE-tr 	 MARE-ts 	 R2tr 	 R2ts 	 SSENtr 	 SSENts	 SSENcomb
100 	 13 	       53.071 	       52.723 	   0.36233 	   0.36217 	    0.080346 	     0.080253 	     0.160599 
200 	 13 	       58.352 	       58.285 	   0.32617 	   0.32624 	    0.099544 	     0.099423 	     0.198966 
300 	 13 	       56.873 	       56.902 	   0.34897 	   0.34956 	    0.090877 	     0.090729 	     0.181606 
400 	 13 	       57.140 	       57.168 	   0.32339 	   0.32388 	    0.092235 	     0.092029 	     0.184264 
500 	 13 	       56.308 	       56.271 	   0.34381 	   0.34425 	    0.089001 	     0.088802 	     0.177803 
600 	 13 	       56.020 	       55.912 	   0.34311 	   0.34352 	    0.089169 	     0.088956 	     0.178125 
700 	 13 	       56.601 	       56.498 	   0.32337 	   0.32390 	    0.091826 	     0.091590 	     0.183416 
800 	 13 	       56.855 	       56.739 	   0.31154 	   0.31225 	    0.093184 	     0.092916 	     0.186100 
900 	 13 	       56.165 	       55.969 	   0.31384 	   0.31472 	    0.090530 	     0.090246 	     0.180776 
1000 	 13 	       44.506 	       44.117 	   0.62123 	   0.62194 	    0.038434 	     0.038304 	     0.076738 
1100 	 13 	       43.978 	       43.484 	   0.65483 	   0.65562 	    0.036088 	     0.035933 	     0.072022 
1200 	 13 	       43.805 	       43.392 	   0.66747 	   0.66796 	    0.036130 	     0.035995 	     0.072125 
1300 	 13 	       45.139 	       44.755 	   0.64505 	   0.64522 	    0.041140 	     0.041019 	     0.082159 
1400 	 13 	       45.832 	       45.407 	   0.61007 	   0.61014 	    0.044831 	     0.044707 	     0.089538 
1500 	 13 	       46.233 	       45.831 	   0.59428 	   0.59429 	    0.046962 	     0.046836 	     0.093798 
1600 	 13 	       45.650 	       45.238 	   0.61446 	   0.61447 	    0.045508 	     0.045380 	     0.090888 
1700 	 13 	       44.489 	       44.047 	   0.63436 	   0.63440 	    0.040882 	     0.040775 	     0.081656 
1800 	 13 	       43.883 	       43.440 	   0.65296 	   0.65291 	    0.038963 	     0.038867 	     0.077830 
1900 	 13 	       43.780 	       43.402 	   0.65401 	   0.65374 	    0.039254 	     0.039170 	     0.078424 
2000 	 13 	       40.145 	       39.790 	   0.74169 	   0.74087 	    0.025619 	     0.025606 	     0.051225 
2100 	 13 	       40.213 	       39.831 	   0.74437 	   0.74323 	    0.025793 	     0.025795 	     0.051588 
2200 	 13 	       40.141 	       39.766 	   0.74965 	   0.74830 	    0.025366 	     0.025380 	     0.050746 
2300 	 13 	       40.022 	       39.664 	   0.75527 	   0.75375 	    0.024767 	     0.024793 	     0.049560 
2400 	 13 	       39.863 	       39.541 	   0.76041 	   0.75869 	    0.024323 	     0.024362 	     0.048686 
2500 	 13 	       39.673 	       39.350 	   0.76607 	   0.76417 	    0.023923 	     0.023973 	     0.047896 
2600 	 13 	       39.540 	       39.229 	   0.76986 	   0.76777 	    0.023652 	     0.023714 	     0.047366 
2700 	 13 	       39.377 	       39.091 	   0.77318 	   0.77094 	    0.023403 	     0.023475 	     0.046878 
2800 	 13 	       39.187 	       38.933 	   0.77685 	   0.77447 	    0.023092 	     0.023171 	     0.046263 
2900 	 13 	       38.993 	       38.790 	   0.78114 	   0.77864 	    0.022687 	     0.022772 	     0.045459 
3000 	 13 	       36.907 	       36.726 	   0.81575 	   0.81322 	    0.016787 	     0.016897 	     0.033684 
3100 	 13 	       36.862 	       36.742 	   0.81761 	   0.81487 	    0.017008 	     0.017128 	     0.034136 
3200 	 13 	       36.815 	       36.714 	   0.81889 	   0.81599 	    0.017085 	     0.017214 	     0.034299 
3300 	 13 	       36.761 	       36.658 	   0.82019 	   0.81718 	    0.017141 	     0.017276 	     0.034417 
3400 	 13 	       36.730 	       36.623 	   0.82126 	   0.81815 	    0.017226 	     0.017366 	     0.034591 
3500 	 13 	       36.735 	       36.651 	   0.82204 	   0.81886 	    0.017317 	     0.017462 	     0.034779 
3600 	 13 	       36.775 	       36.721 	   0.82260 	   0.81935 	    0.017401 	     0.017550 	     0.034950 
3700 	 13 	       36.816 	       36.790 	   0.82302 	   0.81972 	    0.017478 	     0.017630 	     0.035109 
3800 	 13 	       36.831 	       36.831 	   0.82334 	   0.82001 	    0.017541 	     0.017696 	     0.035237 
3900 	 13 	       36.820 	       36.849 	   0.82364 	   0.82027 	    0.017587 	     0.017745 	     0.035331 
4000 	 13 	       35.564 	       35.583 	   0.83551 	   0.83218 	    0.014892 	     0.015066 	     0.029958 
4100 	 13 	       35.521 	       35.549 	   0.83627 	   0.83288 	    0.014922 	     0.015100 	     0.030022 
4200 	 13 	       35.511 	       35.548 	   0.83636 	   0.83294 	    0.014952 	     0.015133 	     0.030085 
4300 	 13 	       35.497 	       35.542 	   0.83649 	   0.83303 	    0.014957 	     0.015140 	     0.030097 
4400 	 13 	       35.478 	       35.526 	   0.83668 	   0.83319 	    0.014940 	     0.015125 	     0.030065 
4500 	 13 	       35.452 	       35.501 	   0.83691 	   0.83340 	    0.014917 	     0.015104 	     0.030021 
4600 	 13 	       35.425 	       35.467 	   0.83713 	   0.83360 	    0.014907 	     0.015094 	     0.030001 
4700 	 13 	       35.400 	       35.432 	   0.83735 	   0.83380 	    0.014903 	     0.015092 	     0.029995 
4800 	 13 	       35.375 	       35.403 	   0.83758 	   0.83400 	    0.014900 	     0.015090 	     0.029990 
4900 	 13 	       35.353 	       35.378 	   0.83781 	   0.83420 	    0.014895 	     0.015086 	     0.029980 
5000 	 13 	       34.711 	       34.687 	   0.84314 	   0.83954 	    0.013520 	     0.013721 	     0.027240 
5100 	 13 	       34.666 	       34.653 	   0.84379 	   0.84014 	    0.013498 	     0.013703 	     0.027201 
5200 	 13 	       34.665 	       34.654 	   0.84395 	   0.84027 	    0.013512 	     0.013718 	     0.027230 
5300 	 13 	       34.663 	       34.654 	   0.84408 	   0.84037 	    0.013531 	     0.013739 	     0.027270 
5400 	 13 	       34.665 	       34.658 	   0.84420 	   0.84046 	    0.013555 	     0.013764 	     0.027319 
5500 	 13 	       34.679 	       34.674 	   0.84429 	   0.84052 	    0.013604 	     0.013813 	     0.027417 
5600 	 13 	       34.736 	       34.735 	   0.84423 	   0.84043 	    0.013746 	     0.013956 	     0.027702 
5700 	 13 	       34.857 	       34.863 	   0.84386 	   0.84000 	    0.014016 	     0.014226 	     0.028242 
5800 	 13 	       34.994 	       34.987 	   0.84219 	   0.83825 	    0.014517 	     0.014728 	     0.029245 
5900 	 13 	       35.034 	       35.019 	   0.84071 	   0.83669 	    0.014917 	     0.015128 	     0.030044 
6000 	 13 	       34.577 	       34.533 	   0.84444 	   0.84036 	    0.013893 	     0.014116 	     0.028009 
6100 	 13 	       34.614 	       34.585 	   0.84428 	   0.84014 	    0.014083 	     0.014308 	     0.028390 
6200 	 13 	       34.698 	       34.671 	   0.84356 	   0.83937 	    0.014284 	     0.014510 	     0.028795 
6300 	 13 	       34.808 	       34.782 	   0.84254 	   0.83829 	    0.014545 	     0.014772 	     0.029317 
6400 	 13 	       34.983 	       34.958 	   0.84075 	   0.83642 	    0.014997 	     0.015225 	     0.030222 
6500 	 13 	       35.191 	       35.164 	   0.83805 	   0.83357 	    0.015591 	     0.015822 	     0.031412 
6600 	 13 	       35.313 	       35.297 	   0.83607 	   0.83149 	    0.015979 	     0.016212 	     0.032191 
6700 	 13 	       35.254 	       35.270 	   0.83770 	   0.83307 	    0.015890 	     0.016126 	     0.032016 
6800 	 13 	       35.206 	       35.260 	   0.83931 	   0.83458 	    0.015843 	     0.016084 	     0.031927 
6900 	 13 	       35.162 	       35.252 	   0.83995 	   0.83509 	    0.015828 	     0.016076 	     0.031904 
7000 	 13 	       34.642 	       34.739 	   0.84397 	   0.83905 	    0.014574 	     0.014837 	     0.029412 
7100 	 13 	       34.551 	       34.689 	   0.84460 	   0.83959 	    0.014492 	     0.014762 	     0.029253 
7200 	 13 	       34.534 	       34.695 	   0.84456 	   0.83945 	    0.014493 	     0.014769 	     0.029262 
7300 	 13 	       34.519 	       34.694 	   0.84455 	   0.83936 	    0.014482 	     0.014763 	     0.029245 
7400 	 13 	       34.505 	       34.689 	   0.84459 	   0.83935 	    0.014459 	     0.014742 	     0.029201 
7500 	 13 	       34.495 	       34.681 	   0.84467 	   0.83940 	    0.014431 	     0.014717 	     0.029148 
7600 	 13 	       34.490 	       34.675 	   0.84477 	   0.83946 	    0.014404 	     0.014692 	     0.029096 
7700 	 13 	       34.488 	       34.668 	   0.84487 	   0.83953 	    0.014381 	     0.014671 	     0.029053 
7800 	 13 	       34.488 	       34.663 	   0.84496 	   0.83961 	    0.014363 	     0.014654 	     0.029017 
7900 	 13 	       34.489 	       34.658 	   0.84506 	   0.83968 	    0.014348 	     0.014641 	     0.028989 
8000 	 13 	       34.215 	       34.367 	   0.84719 	   0.84185 	    0.013636 	     0.013935 	     0.027571 
8100 	 13 	       34.149 	       34.302 	   0.84783 	   0.84248 	    0.013558 	     0.013860 	     0.027418 
8200 	 13 	       34.151 	       34.302 	   0.84795 	   0.84257 	    0.013556 	     0.013859 	     0.027415 
8300 	 13 	       34.152 	       34.302 	   0.84805 	   0.84265 	    0.013556 	     0.013860 	     0.027416 
8400 	 13 	       34.153 	       34.302 	   0.84815 	   0.84273 	    0.013555 	     0.013860 	     0.027415 
8500 	 13 	       34.153 	       34.301 	   0.84824 	   0.84281 	    0.013554 	     0.013859 	     0.027413 
8600 	 13 	       34.152 	       34.301 	   0.84833 	   0.84289 	    0.013552 	     0.013858 	     0.027411 
8700 	 13 	       34.152 	       34.301 	   0.84842 	   0.84297 	    0.013551 	     0.013857 	     0.027408 
8800 	 13 	       34.151 	       34.301 	   0.84851 	   0.84304 	    0.013549 	     0.013856 	     0.027406 
8900 	 13 	       34.151 	       34.302 	   0.84860 	   0.84312 	    0.013548 	     0.013856 	     0.027404 
9000 	 13 	       33.963 	       34.104 	   0.84998 	   0.84453 	    0.013097 	     0.013408 	     0.026505 
9100 	 13 	       33.909 	       34.052 	   0.85053 	   0.84508 	    0.013033 	     0.013346 	     0.026379 
9200 	 13 	       33.914 	       34.058 	   0.85064 	   0.84517 	    0.013036 	     0.013349 	     0.026384 
9300 	 13 	       33.919 	       34.065 	   0.85072 	   0.84524 	    0.013040 	     0.013354 	     0.026394 
9400 	 13 	       33.923 	       34.070 	   0.85081 	   0.84531 	    0.013044 	     0.013358 	     0.026403 
9500 	 13 	       33.927 	       34.074 	   0.85088 	   0.84538 	    0.013049 	     0.013363 	     0.026412 
9600 	 13 	       33.929 	       34.079 	   0.85095 	   0.84544 	    0.013053 	     0.013368 	     0.026421 
9700 	 13 	       33.933 	       34.084 	   0.85101 	   0.84549 	    0.013058 	     0.013373 	     0.026430 
9800 	 13 	       33.935 	       34.088 	   0.85107 	   0.84555 	    0.013062 	     0.013377 	     0.026439 
9900 	 13 	       33.936 	       34.092 	   0.85113 	   0.84559 	    0.013066 	     0.013382 	     0.026448 
10000 	 13 	       33.797 	       33.945 	   0.85212 	   0.84661 	    0.012746 	     0.013064 	     0.025809 
10100 	 13 	       33.743 	       33.896 	   0.85261 	   0.84710 	    0.012692 	     0.013011 	     0.025702 
10200 	 13 	       33.745 	       33.899 	   0.85270 	   0.84717 	    0.012696 	     0.013015 	     0.025711 
10300 	 13 	       33.748 	       33.902 	   0.85277 	   0.84723 	    0.012701 	     0.013021 	     0.025722 
10400 	 13 	       33.750 	       33.906 	   0.85283 	   0.84729 	    0.012706 	     0.013026 	     0.025732 
10500 	 13 	       33.751 	       33.908 	   0.85288 	   0.84733 	    0.012711 	     0.013031 	     0.025741 
10600 	 13 	       33.751 	       33.910 	   0.85293 	   0.84738 	    0.012715 	     0.013035 	     0.025750 
10700 	 13 	       33.751 	       33.912 	   0.85298 	   0.84742 	    0.012719 	     0.013039 	     0.025758 
10800 	 13 	       33.750 	       33.914 	   0.85302 	   0.84746 	    0.012722 	     0.013042 	     0.025764 
10900 	 13 	       33.748 	       33.915 	   0.85306 	   0.84750 	    0.012725 	     0.013045 	     0.025771 
11000 	 13 	       33.638 	       33.801 	   0.85379 	   0.84825 	    0.012484 	     0.012806 	     0.025290 
11100 	 13 	       33.586 	       33.753 	   0.85424 	   0.84871 	    0.012433 	     0.012755 	     0.025188 
11200 	 13 	       33.582 	       33.752 	   0.85433 	   0.84878 	    0.012434 	     0.012756 	     0.025190 
11300 	 13 	       33.578 	       33.753 	   0.85439 	   0.84884 	    0.012436 	     0.012758 	     0.025194 
11400 	 13 	       33.573 	       33.752 	   0.85444 	   0.84889 	    0.012438 	     0.012760 	     0.025199 
11500 	 13 	       33.566 	       33.750 	   0.85449 	   0.84894 	    0.012440 	     0.012762 	     0.025202 
11600 	 13 	       33.558 	       33.747 	   0.85453 	   0.84899 	    0.012441 	     0.012763 	     0.025204 
11700 	 13 	       33.548 	       33.743 	   0.85457 	   0.84903 	    0.012442 	     0.012763 	     0.025205 
11800 	 13 	       33.538 	       33.738 	   0.85462 	   0.84907 	    0.012442 	     0.012763 	     0.025205 
11900 	 13 	       33.526 	       33.732 	   0.85466 	   0.84912 	    0.012442 	     0.012762 	     0.025204 
12000 	 13 	       33.431 	       33.637 	   0.85523 	   0.84970 	    0.012256 	     0.012578 	     0.024834 
12100 	 13 	       33.373 	       33.588 	   0.85567 	   0.85016 	    0.012201 	     0.012523 	     0.024725 
12200 	 13 	       33.359 	       33.578 	   0.85578 	   0.85026 	    0.012196 	     0.012518 	     0.024714 
12300 	 13 	       33.345 	       33.569 	   0.85586 	   0.85034 	    0.012192 	     0.012514 	     0.024705 
12400 	 13 	       33.331 	       33.560 	   0.85594 	   0.85042 	    0.012187 	     0.012509 	     0.024695 
12500 	 13 	       33.316 	       33.550 	   0.85602 	   0.85049 	    0.012181 	     0.012503 	     0.024684 
12600 	 13 	       33.302 	       33.539 	   0.85609 	   0.85057 	    0.012175 	     0.012497 	     0.024672 
12700 	 13 	       33.287 	       33.529 	   0.85616 	   0.85063 	    0.012169 	     0.012491 	     0.024660 
12800 	 13 	       33.274 	       33.519 	   0.85622 	   0.85070 	    0.012163 	     0.012485 	     0.024648 
12900 	 13 	       33.260 	       33.509 	   0.85628 	   0.85076 	    0.012157 	     0.012479 	     0.024636 
13000 	 13 	       33.184 	       33.430 	   0.85673 	   0.85122 	    0.012012 	     0.012334 	     0.024347 
13100 	 13 	       33.129 	       33.380 	   0.85717 	   0.85167 	    0.011956 	     0.012278 	     0.024234 
13200 	 13 	       33.117 	       33.369 	   0.85728 	   0.85178 	    0.011946 	     0.012269 	     0.024214 
13300 	 13 	       33.107 	       33.359 	   0.85736 	   0.85186 	    0.011939 	     0.012261 	     0.024200 
13400 	 13 	       33.097 	       33.350 	   0.85742 	   0.85192 	    0.011932 	     0.012255 	     0.024187 
13500 	 13 	       33.087 	       33.342 	   0.85748 	   0.85198 	    0.011926 	     0.012249 	     0.024175 
13600 	 13 	       33.078 	       33.333 	   0.85753 	   0.85203 	    0.011921 	     0.012243 	     0.024164 
13700 	 13 	       33.070 	       33.325 	   0.85757 	   0.85208 	    0.011916 	     0.012238 	     0.024154 
13800 	 13 	       33.062 	       33.318 	   0.85761 	   0.85212 	    0.011911 	     0.012232 	     0.024143 
13900 	 13 	       33.054 	       33.311 	   0.85764 	   0.85216 	    0.011906 	     0.012227 	     0.024133 
14000 	 13 	       32.996 	       33.249 	   0.85798 	   0.85251 	    0.011796 	     0.012118 	     0.023914 
14100 	 13 	       32.951 	       33.205 	   0.85839 	   0.85293 	    0.011743 	     0.012065 	     0.023809 
14200 	 13 	       32.944 	       33.196 	   0.85849 	   0.85303 	    0.011734 	     0.012055 	     0.023789 
14300 	 13 	       32.939 	       33.190 	   0.85856 	   0.85311 	    0.011727 	     0.012048 	     0.023775 
14400 	 13 	       32.934 	       33.184 	   0.85862 	   0.85316 	    0.011721 	     0.012042 	     0.023763 
14500 	 13 	       32.929 	       33.179 	   0.85866 	   0.85322 	    0.011715 	     0.012036 	     0.023751 
14600 	 13 	       32.925 	       33.174 	   0.85870 	   0.85326 	    0.011710 	     0.012031 	     0.023741 
14700 	 13 	       32.921 	       33.170 	   0.85874 	   0.85331 	    0.011706 	     0.012026 	     0.023731 
14800 	 13 	       32.917 	       33.166 	   0.85878 	   0.85335 	    0.011701 	     0.012021 	     0.023722 
14900 	 13 	       32.914 	       33.163 	   0.85881 	   0.85339 	    0.011696 	     0.012016 	     0.023712 
15000 	 13 	       32.869 	       33.115 	   0.85907 	   0.85367 	    0.011611 	     0.011931 	     0.023542 
15100 	 13 	       32.830 	       33.078 	   0.85947 	   0.85407 	    0.011562 	     0.011882 	     0.023445 
15200 	 13 	       32.827 	       33.073 	   0.85956 	   0.85417 	    0.011553 	     0.011872 	     0.023425 
15300 	 13 	       32.825 	       33.070 	   0.85963 	   0.85424 	    0.011546 	     0.011865 	     0.023411 
15400 	 13 	       32.823 	       33.068 	   0.85968 	   0.85430 	    0.011541 	     0.011859 	     0.023400 
15500 	 13 	       32.822 	       33.066 	   0.85972 	   0.85435 	    0.011536 	     0.011854 	     0.023390 
15600 	 13 	       32.821 	       33.064 	   0.85976 	   0.85440 	    0.011531 	     0.011849 	     0.023380 
15700 	 13 	       32.820 	       33.063 	   0.85979 	   0.85444 	    0.011527 	     0.011844 	     0.023371 
15800 	 13 	       32.820 	       33.062 	   0.85983 	   0.85449 	    0.011523 	     0.011839 	     0.023362 
15900 	 13 	       32.820 	       33.063 	   0.85986 	   0.85453 	    0.011519 	     0.011835 	     0.023354 
16000 	 13 	       32.785 	       33.027 	   0.86007 	   0.85476 	    0.011451 	     0.011767 	     0.023218 
16100 	 13 	       32.752 	       32.996 	   0.86044 	   0.85513 	    0.011407 	     0.011722 	     0.023129 
16200 	 13 	       32.752 	       32.996 	   0.86053 	   0.85523 	    0.011398 	     0.011713 	     0.023110 
16300 	 13 	       32.753 	       32.997 	   0.86058 	   0.85530 	    0.011392 	     0.011706 	     0.023098 
16400 	 13 	       32.754 	       33.001 	   0.86063 	   0.85536 	    0.011387 	     0.011700 	     0.023088 
16500 	 13 	       32.756 	       33.005 	   0.86067 	   0.85541 	    0.011383 	     0.011696 	     0.023079 
16600 	 13 	       32.758 	       33.009 	   0.86070 	   0.85546 	    0.011380 	     0.011691 	     0.023070 
16700 	 13 	       32.761 	       33.014 	   0.86073 	   0.85550 	    0.011376 	     0.011687 	     0.023063 
16800 	 13 	       32.764 	       33.020 	   0.86076 	   0.85554 	    0.011373 	     0.011682 	     0.023055 
16900 	 13 	       32.768 	       33.026 	   0.86078 	   0.85558 	    0.011370 	     0.011679 	     0.023049 
17000 	 13 	       32.742 	       33.002 	   0.86096 	   0.85578 	    0.011314 	     0.011622 	     0.022936 
17100 	 13 	       32.718 	       32.983 	   0.86130 	   0.85613 	    0.011274 	     0.011582 	     0.022855 
17200 	 13 	       32.724 	       32.990 	   0.86137 	   0.85622 	    0.011267 	     0.011573 	     0.022840 
17300 	 13 	       32.730 	       32.997 	   0.86142 	   0.85628 	    0.011262 	     0.011568 	     0.022830 
17400 	 13 	       32.736 	       33.006 	   0.86145 	   0.85633 	    0.011259 	     0.011563 	     0.022822 
17500 	 13 	       32.742 	       33.014 	   0.86148 	   0.85637 	    0.011256 	     0.011559 	     0.022815 
17600 	 13 	       32.748 	       33.022 	   0.86150 	   0.85641 	    0.011253 	     0.011556 	     0.022809 
17700 	 13 	       32.754 	       33.030 	   0.86152 	   0.85645 	    0.011251 	     0.011553 	     0.022804 
17800 	 13 	       32.759 	       33.038 	   0.86153 	   0.85648 	    0.011249 	     0.011550 	     0.022799 
17900 	 13 	       32.765 	       33.046 	   0.86154 	   0.85651 	    0.011248 	     0.011547 	     0.022795 
18000 	 13 	       32.742 	       33.026 	   0.86169 	   0.85666 	    0.011199 	     0.011498 	     0.022697 
18100 	 13 	       32.720 	       33.008 	   0.86199 	   0.85698 	    0.011164 	     0.011463 	     0.022627 
18200 	 13 	       32.723 	       33.013 	   0.86205 	   0.85705 	    0.011158 	     0.011456 	     0.022615 
18300 	 13 	       32.727 	       33.018 	   0.86208 	   0.85710 	    0.011155 	     0.011452 	     0.022608 
18400 	 13 	       32.731 	       33.024 	   0.86210 	   0.85713 	    0.011153 	     0.011449 	     0.022602 
18500 	 13 	       32.735 	       33.029 	   0.86211 	   0.85716 	    0.011151 	     0.011447 	     0.022598 
18600 	 13 	       32.738 	       33.034 	   0.86212 	   0.85718 	    0.011150 	     0.011444 	     0.022594 
18700 	 13 	       32.742 	       33.039 	   0.86213 	   0.85720 	    0.011149 	     0.011442 	     0.022591 
18800 	 13 	       32.744 	       33.044 	   0.86214 	   0.85722 	    0.011147 	     0.011441 	     0.022588 
18900 	 13 	       32.747 	       33.048 	   0.86214 	   0.85723 	    0.011146 	     0.011439 	     0.022585 
19000 	 13 	       32.724 	       33.028 	   0.86226 	   0.85736 	    0.011103 	     0.011396 	     0.022499 
19100 	 13 	       32.702 	       33.010 	   0.86254 	   0.85764 	    0.011072 	     0.011365 	     0.022436 
19200 	 13 	       32.703 	       33.011 	   0.86259 	   0.85770 	    0.011067 	     0.011359 	     0.022426 
19300 	 13 	       32.704 	       33.014 	   0.86261 	   0.85773 	    0.011065 	     0.011356 	     0.022421 
19400 	 13 	       32.706 	       33.016 	   0.86263 	   0.85775 	    0.011063 	     0.011354 	     0.022417 
19500 	 13 	       32.708 	       33.019 	   0.86264 	   0.85777 	    0.011062 	     0.011352 	     0.022414 
19600 	 13 	       32.709 	       33.022 	   0.86265 	   0.85779 	    0.011061 	     0.011351 	     0.022411 
19700 	 13 	       32.711 	       33.024 	   0.86265 	   0.85780 	    0.011060 	     0.011350 	     0.022409 
19800 	 13 	       32.712 	       33.026 	   0.86266 	   0.85781 	    0.011059 	     0.011348 	     0.022407 
19900 	 13 	       32.713 	       33.029 	   0.86266 	   0.85782 	    0.011058 	     0.011347 	     0.022406 
20000 	 13 	       32.692 	       33.008 	   0.86277 	   0.85793 	    0.011019 	     0.011309 	     0.022328 
100 	 14 	       53.707 	       53.781 	   0.33867 	   0.33783 	    0.094841 	     0.094639 	     0.189480 
200 	 14 	       54.611 	       54.745 	   0.40640 	   0.40505 	    0.090186 	     0.090030 	     0.180216 
300 	 14 	       55.351 	       55.570 	   0.40197 	   0.40020 	    0.092185 	     0.092038 	     0.184223 
400 	 14 	       55.680 	       55.906 	   0.39750 	   0.39559 	    0.093376 	     0.093225 	     0.186601 
500 	 14 	       55.385 	       55.636 	   0.38908 	   0.38705 	    0.093374 	     0.093219 	     0.186592 
600 	 14 	       55.162 	       55.585 	   0.38506 	   0.38294 	    0.093141 	     0.092982 	     0.186123 
700 	 14 	       55.285 	       55.783 	   0.37857 	   0.37643 	    0.093778 	     0.093607 	     0.187385 
800 	 14 	       55.356 	       55.867 	   0.36973 	   0.36755 	    0.094853 	     0.094676 	     0.189528 
900 	 14 	       55.275 	       55.775 	   0.37295 	   0.37068 	    0.094811 	     0.094641 	     0.189452 
1000 	 14 	       43.754 	       44.362 	   0.64901 	   0.64480 	    0.049519 	     0.049585 	     0.099104 
1100 	 14 	       44.085 	       44.716 	   0.68570 	   0.68065 	    0.045988 	     0.046098 	     0.092086 
1200 	 14 	       44.024 	       44.659 	   0.68338 	   0.67831 	    0.045936 	     0.046055 	     0.091991 
1300 	 14 	       43.930 	       44.589 	   0.68068 	   0.67561 	    0.045738 	     0.045864 	     0.091601 
1400 	 14 	       43.815 	       44.484 	   0.67858 	   0.67350 	    0.045539 	     0.045671 	     0.091209 
1500 	 14 	       43.695 	       44.364 	   0.67703 	   0.67196 	    0.045377 	     0.045513 	     0.090890 
1600 	 14 	       43.585 	       44.253 	   0.67573 	   0.67068 	    0.045263 	     0.045402 	     0.090665 
1700 	 14 	       43.478 	       44.139 	   0.67446 	   0.66941 	    0.045178 	     0.045318 	     0.090496 
1800 	 14 	       43.379 	       44.041 	   0.67289 	   0.66785 	    0.045166 	     0.045307 	     0.090473 
1900 	 14 	       43.339 	       44.002 	   0.67052 	   0.66551 	    0.045371 	     0.045510 	     0.090881 
2000 	 14 	       39.014 	       39.794 	   0.76307 	   0.75790 	    0.028716 	     0.028927 	     0.057643 
2100 	 14 	       38.852 	       39.661 	   0.77064 	   0.76548 	    0.027778 	     0.027990 	     0.055768 
2200 	 14 	       38.862 	       39.675 	   0.76916 	   0.76401 	    0.027944 	     0.028156 	     0.056099 
2300 	 14 	       38.888 	       39.704 	   0.76715 	   0.76200 	    0.028186 	     0.028396 	     0.056582 
2400 	 14 	       38.912 	       39.730 	   0.76510 	   0.75997 	    0.028433 	     0.028642 	     0.057075 
2500 	 14 	       38.938 	       39.755 	   0.76299 	   0.75787 	    0.028688 	     0.028895 	     0.057583 
2600 	 14 	       38.964 	       39.775 	   0.76076 	   0.75564 	    0.028953 	     0.029158 	     0.058111 
2700 	 14 	       38.982 	       39.795 	   0.75835 	   0.75323 	    0.029228 	     0.029431 	     0.058659 
2800 	 14 	       39.011 	       39.820 	   0.75569 	   0.75056 	    0.029516 	     0.029718 	     0.059234 
2900 	 14 	       39.054 	       39.860 	   0.75261 	   0.74749 	    0.029835 	     0.030034 	     0.059869 
3000 	 14 	       36.728 	       37.603 	   0.79736 	   0.79229 	    0.021953 	     0.022186 	     0.044139 
3100 	 14 	       36.829 	       37.693 	   0.79219 	   0.78708 	    0.022381 	     0.022614 	     0.044995 
3200 	 14 	       36.941 	       37.780 	   0.78766 	   0.78252 	    0.022949 	     0.023182 	     0.046131 
3300 	 14 	       37.034 	       37.856 	   0.78406 	   0.77892 	    0.023389 	     0.023620 	     0.047009 
3400 	 14 	       37.103 	       37.914 	   0.78141 	   0.77627 	    0.023705 	     0.023935 	     0.047641 
3500 	 14 	       37.156 	       37.961 	   0.77951 	   0.77437 	    0.023932 	     0.024161 	     0.048094 
3600 	 14 	       37.197 	       37.997 	   0.77815 	   0.77301 	    0.024099 	     0.024327 	     0.048426 
3700 	 14 	       37.229 	       38.027 	   0.77717 	   0.77203 	    0.024223 	     0.024451 	     0.048674 
3800 	 14 	       37.254 	       38.051 	   0.77650 	   0.77135 	    0.024316 	     0.024544 	     0.048861 
3900 	 14 	       37.273 	       38.071 	   0.77606 	   0.77092 	    0.024384 	     0.024612 	     0.048996 
4000 	 14 	       35.883 	       36.719 	   0.80702 	   0.80192 	    0.019732 	     0.019980 	     0.039712 
4100 	 14 	       35.853 	       36.690 	   0.80607 	   0.80093 	    0.019711 	     0.019963 	     0.039674 
4200 	 14 	       35.836 	       36.673 	   0.80684 	   0.80168 	    0.019679 	     0.019933 	     0.039612 
4300 	 14 	       35.822 	       36.658 	   0.80752 	   0.80235 	    0.019646 	     0.019901 	     0.039547 
4400 	 14 	       35.805 	       36.646 	   0.80817 	   0.80300 	    0.019605 	     0.019861 	     0.039466 
4500 	 14 	       35.786 	       36.633 	   0.80884 	   0.80367 	    0.019556 	     0.019812 	     0.039368 
4600 	 14 	       35.767 	       36.619 	   0.80954 	   0.80436 	    0.019498 	     0.019756 	     0.039254 
4700 	 14 	       35.746 	       36.605 	   0.81026 	   0.80507 	    0.019435 	     0.019693 	     0.039128 
4800 	 14 	       35.724 	       36.590 	   0.81099 	   0.80580 	    0.019368 	     0.019627 	     0.038995 
4900 	 14 	       35.702 	       36.575 	   0.81173 	   0.80653 	    0.019300 	     0.019560 	     0.038860 
5000 	 14 	       34.854 	       35.741 	   0.82797 	   0.82285 	    0.016681 	     0.016952 	     0.033632 
5100 	 14 	       34.767 	       35.647 	   0.82885 	   0.82368 	    0.016466 	     0.016743 	     0.033209 
5200 	 14 	       34.712 	       35.593 	   0.83010 	   0.82492 	    0.016343 	     0.016622 	     0.032965 
5300 	 14 	       34.670 	       35.552 	   0.83107 	   0.82588 	    0.016256 	     0.016537 	     0.032793 
5400 	 14 	       34.637 	       35.520 	   0.83187 	   0.82667 	    0.016191 	     0.016472 	     0.032663 
5500 	 14 	       34.609 	       35.493 	   0.83257 	   0.82736 	    0.016140 	     0.016423 	     0.032562 
5600 	 14 	       34.585 	       35.471 	   0.83319 	   0.82797 	    0.016099 	     0.016382 	     0.032481 
5700 	 14 	       34.565 	       35.450 	   0.83376 	   0.82853 	    0.016061 	     0.016346 	     0.032408 
5800 	 14 	       34.546 	       35.431 	   0.83431 	   0.82907 	    0.016023 	     0.016309 	     0.032331 
5900 	 14 	       34.527 	       35.413 	   0.83483 	   0.82958 	    0.015980 	     0.016266 	     0.032246 
6000 	 14 	       33.998 	       34.873 	   0.84243 	   0.83723 	    0.014562 	     0.014855 	     0.029417 
6100 	 14 	       33.922 	       34.792 	   0.84337 	   0.83813 	    0.014376 	     0.014675 	     0.029051 
6200 	 14 	       33.884 	       34.754 	   0.84418 	   0.83893 	    0.014291 	     0.014592 	     0.028883 
6300 	 14 	       33.860 	       34.729 	   0.84483 	   0.83956 	    0.014228 	     0.014529 	     0.028757 
6400 	 14 	       33.845 	       34.714 	   0.84537 	   0.84010 	    0.014179 	     0.014482 	     0.028661 
6500 	 14 	       33.838 	       34.707 	   0.84584 	   0.84055 	    0.014144 	     0.014447 	     0.028591 
6600 	 14 	       33.838 	       34.709 	   0.84623 	   0.84093 	    0.014122 	     0.014426 	     0.028548 
6700 	 14 	       33.844 	       34.720 	   0.84657 	   0.84126 	    0.014112 	     0.014417 	     0.028529 
6800 	 14 	       33.858 	       34.739 	   0.84685 	   0.84152 	    0.014115 	     0.014421 	     0.028535 
6900 	 14 	       33.880 	       34.766 	   0.84708 	   0.84174 	    0.014129 	     0.014436 	     0.028565 
7000 	 14 	       33.555 	       34.443 	   0.85100 	   0.84567 	    0.013322 	     0.013633 	     0.026955 
7100 	 14 	       33.553 	       34.437 	   0.85144 	   0.84607 	    0.013275 	     0.013591 	     0.026866 
7200 	 14 	       33.577 	       34.465 	   0.85170 	   0.84631 	    0.013299 	     0.013615 	     0.026914 
7300 	 14 	       33.612 	       34.503 	   0.85183 	   0.84643 	    0.013342 	     0.013659 	     0.027001 
7400 	 14 	       33.652 	       34.546 	   0.85187 	   0.84646 	    0.013400 	     0.013717 	     0.027117 
7500 	 14 	       33.695 	       34.591 	   0.85184 	   0.84642 	    0.013470 	     0.013787 	     0.027256 
7600 	 14 	       33.740 	       34.640 	   0.85173 	   0.84630 	    0.013552 	     0.013868 	     0.027420 
7700 	 14 	       33.791 	       34.698 	   0.85153 	   0.84610 	    0.013647 	     0.013963 	     0.027609 
7800 	 14 	       33.847 	       34.759 	   0.85123 	   0.84581 	    0.013757 	     0.014072 	     0.027828 
7900 	 14 	       33.910 	       34.830 	   0.85083 	   0.84542 	    0.013882 	     0.014196 	     0.028077 
8000 	 14 	       33.611 	       34.544 	   0.85378 	   0.84837 	    0.013267 	     0.013585 	     0.026852 
8100 	 14 	       33.700 	       34.635 	   0.85324 	   0.84784 	    0.013405 	     0.013722 	     0.027127 
8200 	 14 	       33.756 	       34.703 	   0.85295 	   0.84756 	    0.013519 	     0.013835 	     0.027354 
8300 	 14 	       33.810 	       34.766 	   0.85272 	   0.84734 	    0.013621 	     0.013936 	     0.027557 
8400 	 14 	       33.861 	       34.824 	   0.85263 	   0.84727 	    0.013708 	     0.014022 	     0.027731 
8500 	 14 	       33.913 	       34.879 	   0.85270 	   0.84735 	    0.013784 	     0.014097 	     0.027881 
8600 	 14 	       33.967 	       34.931 	   0.85290 	   0.84756 	    0.013849 	     0.014161 	     0.028010 
8700 	 14 	       34.022 	       34.981 	   0.85315 	   0.84781 	    0.013898 	     0.014211 	     0.028110 
8800 	 14 	       34.072 	       35.024 	   0.85340 	   0.84804 	    0.013933 	     0.014247 	     0.028180 
8900 	 14 	       34.115 	       35.059 	   0.85361 	   0.84824 	    0.013958 	     0.014273 	     0.028232 
9000 	 14 	       33.805 	       34.746 	   0.85661 	   0.85121 	    0.013322 	     0.013643 	     0.026966 
9100 	 14 	       33.871 	       34.796 	   0.85645 	   0.85105 	    0.013387 	     0.013710 	     0.027097 
9200 	 14 	       33.897 	       34.820 	   0.85658 	   0.85116 	    0.013413 	     0.013737 	     0.027150 
9300 	 14 	       33.924 	       34.845 	   0.85665 	   0.85123 	    0.013445 	     0.013770 	     0.027215 
9400 	 14 	       33.952 	       34.871 	   0.85669 	   0.85125 	    0.013483 	     0.013808 	     0.027291 
9500 	 14 	       33.979 	       34.896 	   0.85669 	   0.85125 	    0.013526 	     0.013852 	     0.027378 
9600 	 14 	       34.008 	       34.921 	   0.85668 	   0.85123 	    0.013575 	     0.013901 	     0.027476 
9700 	 14 	       34.038 	       34.948 	   0.85664 	   0.85119 	    0.013630 	     0.013956 	     0.027586 
9800 	 14 	       34.070 	       34.975 	   0.85658 	   0.85113 	    0.013691 	     0.014017 	     0.027709 
9900 	 14 	       34.104 	       35.004 	   0.85650 	   0.85105 	    0.013760 	     0.014086 	     0.027846 
10000 	 14 	       33.840 	       34.736 	   0.85853 	   0.85306 	    0.013290 	     0.013620 	     0.026910 
10100 	 14 	       33.887 	       34.775 	   0.85827 	   0.85280 	    0.013382 	     0.013712 	     0.027093 
10200 	 14 	       33.913 	       34.797 	   0.85823 	   0.85275 	    0.013455 	     0.013785 	     0.027240 
10300 	 14 	       33.945 	       34.824 	   0.85811 	   0.85264 	    0.013540 	     0.013869 	     0.027410 
10400 	 14 	       33.982 	       34.856 	   0.85794 	   0.85248 	    0.013638 	     0.013966 	     0.027604 
10500 	 14 	       34.023 	       34.894 	   0.85770 	   0.85226 	    0.013750 	     0.014076 	     0.027826 
10600 	 14 	       34.069 	       34.933 	   0.85739 	   0.85197 	    0.013878 	     0.014202 	     0.028080 
10700 	 14 	       34.120 	       34.973 	   0.85698 	   0.85158 	    0.014026 	     0.014348 	     0.028374 
10800 	 14 	       34.177 	       35.017 	   0.85644 	   0.85107 	    0.014198 	     0.014516 	     0.028715 
10900 	 14 	       34.240 	       35.062 	   0.85574 	   0.85040 	    0.014399 	     0.014714 	     0.029113 
11000 	 14 	       33.981 	       34.789 	   0.85717 	   0.85185 	    0.014016 	     0.014331 	     0.028347 
11100 	 14 	       34.052 	       34.834 	   0.85622 	   0.85093 	    0.014239 	     0.014551 	     0.028790 
11200 	 14 	       34.120 	       34.874 	   0.85516 	   0.84991 	    0.014509 	     0.014818 	     0.029327 
11300 	 14 	       34.192 	       34.918 	   0.85378 	   0.84857 	    0.014833 	     0.015136 	     0.029969 
11400 	 14 	       34.275 	       34.971 	   0.85203 	   0.84687 	    0.015224 	     0.015522 	     0.030746 
11500 	 14 	       34.369 	       35.040 	   0.84987 	   0.84476 	    0.015681 	     0.015974 	     0.031655 
11600 	 14 	       34.473 	       35.124 	   0.84765 	   0.84257 	    0.016117 	     0.016404 	     0.032521 
11700 	 14 	       34.535 	       35.159 	   0.84582 	   0.84078 	    0.016435 	     0.016717 	     0.033152 
11800 	 14 	       34.553 	       35.154 	   0.84437 	   0.83936 	    0.016651 	     0.016930 	     0.033582 
11900 	 14 	       34.540 	       35.123 	   0.84319 	   0.83820 	    0.016791 	     0.017068 	     0.033858 
12000 	 14 	       34.153 	       34.738 	   0.84625 	   0.84125 	    0.016001 	     0.016280 	     0.032281 
12100 	 14 	       34.041 	       34.622 	   0.84696 	   0.84197 	    0.015736 	     0.016016 	     0.031752 
12200 	 14 	       33.976 	       34.559 	   0.84722 	   0.84224 	    0.015625 	     0.015906 	     0.031531 
12300 	 14 	       33.927 	       34.511 	   0.84749 	   0.84250 	    0.015531 	     0.015812 	     0.031343 
12400 	 14 	       33.889 	       34.476 	   0.84778 	   0.84280 	    0.015441 	     0.015722 	     0.031163 
12500 	 14 	       33.854 	       34.445 	   0.84808 	   0.84309 	    0.015356 	     0.015638 	     0.030995 
12600 	 14 	       33.824 	       34.419 	   0.84835 	   0.84336 	    0.015282 	     0.015564 	     0.030846 
12700 	 14 	       33.799 	       34.399 	   0.84857 	   0.84359 	    0.015220 	     0.015503 	     0.030723 
12800 	 14 	       33.779 	       34.384 	   0.84875 	   0.84375 	    0.015173 	     0.015457 	     0.030630 
12900 	 14 	       33.764 	       34.374 	   0.84886 	   0.84386 	    0.015141 	     0.015425 	     0.030566 
13000 	 14 	       33.493 	       34.110 	   0.85154 	   0.84652 	    0.014555 	     0.014843 	     0.029399 
13100 	 14 	       33.449 	       34.064 	   0.85217 	   0.84714 	    0.014378 	     0.014668 	     0.029046 
13200 	 14 	       33.427 	       34.043 	   0.85234 	   0.84731 	    0.014336 	     0.014627 	     0.028964 
13300 	 14 	       33.411 	       34.027 	   0.85242 	   0.84737 	    0.014323 	     0.014615 	     0.028937 
13400 	 14 	       33.399 	       34.013 	   0.85244 	   0.84738 	    0.014324 	     0.014616 	     0.028939 
13500 	 14 	       33.387 	       33.998 	   0.85243 	   0.84737 	    0.014333 	     0.014626 	     0.028959 
13600 	 14 	       33.375 	       33.982 	   0.85240 	   0.84734 	    0.014349 	     0.014641 	     0.028990 
13700 	 14 	       33.362 	       33.965 	   0.85236 	   0.84730 	    0.014368 	     0.014661 	     0.029029 
13800 	 14 	       33.351 	       33.949 	   0.85232 	   0.84725 	    0.014390 	     0.014683 	     0.029073 
13900 	 14 	       33.341 	       33.935 	   0.85228 	   0.84721 	    0.014414 	     0.014706 	     0.029119 
14000 	 14 	       33.128 	       33.723 	   0.85428 	   0.84920 	    0.013990 	     0.014285 	     0.028276 
14100 	 14 	       33.094 	       33.686 	   0.85477 	   0.84970 	    0.013865 	     0.014161 	     0.028026 
14200 	 14 	       33.080 	       33.666 	   0.85491 	   0.84984 	    0.013848 	     0.014144 	     0.027992 
14300 	 14 	       33.073 	       33.654 	   0.85499 	   0.84992 	    0.013849 	     0.014144 	     0.027993 
14400 	 14 	       33.069 	       33.646 	   0.85504 	   0.84998 	    0.013857 	     0.014153 	     0.028010 
14500 	 14 	       33.067 	       33.642 	   0.85509 	   0.85003 	    0.013870 	     0.014165 	     0.028036 
14600 	 14 	       33.067 	       33.640 	   0.85513 	   0.85007 	    0.013886 	     0.014180 	     0.028066 
14700 	 14 	       33.068 	       33.638 	   0.85517 	   0.85012 	    0.013902 	     0.014196 	     0.028098 
14800 	 14 	       33.069 	       33.637 	   0.85522 	   0.85018 	    0.013919 	     0.014212 	     0.028132 
14900 	 14 	       33.069 	       33.635 	   0.85528 	   0.85024 	    0.013936 	     0.014229 	     0.028165 
15000 	 14 	       32.905 	       33.472 	   0.85697 	   0.85193 	    0.013584 	     0.013878 	     0.027461 
15100 	 14 	       32.875 	       33.445 	   0.85750 	   0.85248 	    0.013466 	     0.013760 	     0.027226 
15200 	 14 	       32.864 	       33.431 	   0.85772 	   0.85270 	    0.013444 	     0.013738 	     0.027181 
15300 	 14 	       32.856 	       33.424 	   0.85788 	   0.85287 	    0.013438 	     0.013732 	     0.027170 
15400 	 14 	       32.849 	       33.417 	   0.85802 	   0.85303 	    0.013440 	     0.013733 	     0.027174 
15500 	 14 	       32.841 	       33.410 	   0.85816 	   0.85317 	    0.013446 	     0.013738 	     0.027184 
15600 	 14 	       32.832 	       33.403 	   0.85828 	   0.85331 	    0.013454 	     0.013745 	     0.027199 
15700 	 14 	       32.822 	       33.393 	   0.85841 	   0.85344 	    0.013463 	     0.013753 	     0.027217 
15800 	 14 	       32.810 	       33.383 	   0.85852 	   0.85357 	    0.013473 	     0.013762 	     0.027235 
15900 	 14 	       32.798 	       33.373 	   0.85864 	   0.85370 	    0.013483 	     0.013771 	     0.027254 
16000 	 14 	       32.654 	       33.236 	   0.85997 	   0.85504 	    0.013195 	     0.013483 	     0.026678 
16100 	 14 	       32.615 	       33.205 	   0.86046 	   0.85555 	    0.013085 	     0.013373 	     0.026458 
16200 	 14 	       32.594 	       33.188 	   0.86066 	   0.85575 	    0.013063 	     0.013352 	     0.026415 
16300 	 14 	       32.577 	       33.176 	   0.86080 	   0.85590 	    0.013058 	     0.013346 	     0.026404 
16400 	 14 	       32.563 	       33.165 	   0.86091 	   0.85602 	    0.013060 	     0.013348 	     0.026408 
16500 	 14 	       32.549 	       33.156 	   0.86100 	   0.85612 	    0.013067 	     0.013353 	     0.026420 
16600 	 14 	       32.537 	       33.147 	   0.86109 	   0.85621 	    0.013076 	     0.013361 	     0.026437 
16700 	 14 	       32.525 	       33.138 	   0.86116 	   0.85630 	    0.013086 	     0.013371 	     0.026457 
16800 	 14 	       32.514 	       33.130 	   0.86123 	   0.85637 	    0.013097 	     0.013381 	     0.026478 
16900 	 14 	       32.503 	       33.122 	   0.86129 	   0.85644 	    0.013109 	     0.013393 	     0.026502 
17000 	 14 	       32.383 	       33.008 	   0.86231 	   0.85747 	    0.012877 	     0.013161 	     0.026038 
17100 	 14 	       32.348 	       32.978 	   0.86271 	   0.85788 	    0.012783 	     0.013067 	     0.025850 
17200 	 14 	       32.333 	       32.964 	   0.86284 	   0.85801 	    0.012769 	     0.013053 	     0.025822 
17300 	 14 	       32.321 	       32.954 	   0.86293 	   0.85811 	    0.012769 	     0.013052 	     0.025821 
17400 	 14 	       32.311 	       32.944 	   0.86300 	   0.85818 	    0.012774 	     0.013057 	     0.025831 
17500 	 14 	       32.302 	       32.935 	   0.86306 	   0.85825 	    0.012783 	     0.013065 	     0.025848 
17600 	 14 	       32.293 	       32.927 	   0.86312 	   0.85831 	    0.012793 	     0.013075 	     0.025868 
17700 	 14 	       32.286 	       32.918 	   0.86317 	   0.85837 	    0.012805 	     0.013086 	     0.025891 
17800 	 14 	       32.279 	       32.910 	   0.86322 	   0.85842 	    0.012817 	     0.013098 	     0.025915 
17900 	 14 	       32.272 	       32.902 	   0.86326 	   0.85847 	    0.012830 	     0.013110 	     0.025939 
18000 	 14 	       32.171 	       32.802 	   0.86409 	   0.85930 	    0.012635 	     0.012917 	     0.025552 
18100 	 14 	       32.140 	       32.775 	   0.86444 	   0.85966 	    0.012554 	     0.012836 	     0.025390 
18200 	 14 	       32.128 	       32.762 	   0.86454 	   0.85976 	    0.012544 	     0.012826 	     0.025370 
18300 	 14 	       32.119 	       32.753 	   0.86461 	   0.85983 	    0.012546 	     0.012827 	     0.025372 
18400 	 14 	       32.113 	       32.745 	   0.86467 	   0.85989 	    0.012552 	     0.012832 	     0.025384 
18500 	 14 	       32.107 	       32.737 	   0.86472 	   0.85995 	    0.012561 	     0.012841 	     0.025401 
18600 	 14 	       32.101 	       32.730 	   0.86476 	   0.86000 	    0.012571 	     0.012851 	     0.025421 
18700 	 14 	       32.096 	       32.724 	   0.86480 	   0.86004 	    0.012582 	     0.012861 	     0.025443 
18800 	 14 	       32.092 	       32.717 	   0.86484 	   0.86009 	    0.012594 	     0.012873 	     0.025466 
18900 	 14 	       32.088 	       32.711 	   0.86488 	   0.86013 	    0.012606 	     0.012884 	     0.025490 
19000 	 14 	       32.000 	       32.625 	   0.86557 	   0.86082 	    0.012439 	     0.012718 	     0.025157 
19100 	 14 	       31.974 	       32.602 	   0.86587 	   0.86113 	    0.012368 	     0.012648 	     0.025016 
19200 	 14 	       31.965 	       32.592 	   0.86595 	   0.86121 	    0.012361 	     0.012640 	     0.025000 
19300 	 14 	       31.960 	       32.586 	   0.86600 	   0.86126 	    0.012362 	     0.012641 	     0.025003 
19400 	 14 	       31.956 	       32.581 	   0.86604 	   0.86131 	    0.012367 	     0.012646 	     0.025013 
19500 	 14 	       31.954 	       32.576 	   0.86608 	   0.86135 	    0.012375 	     0.012653 	     0.025028 
19600 	 14 	       31.952 	       32.571 	   0.86611 	   0.86139 	    0.012384 	     0.012662 	     0.025045 
19700 	 14 	       31.951 	       32.567 	   0.86614 	   0.86142 	    0.012393 	     0.012671 	     0.025064 
19800 	 14 	       31.950 	       32.563 	   0.86617 	   0.86145 	    0.012403 	     0.012681 	     0.025084 
19900 	 14 	       31.950 	       32.559 	   0.86619 	   0.86148 	    0.012413 	     0.012690 	     0.025104 
20000 	 14 	       31.877 	       32.486 	   0.86677 	   0.86206 	    0.012268 	     0.012545 	     0.024813 
100 	 15 	       55.556 	       55.717 	   0.38531 	   0.38162 	    0.095943 	     0.095885 	     0.191828 
200 	 15 	       54.332 	       54.631 	   0.37228 	   0.36852 	    0.093445 	     0.093377 	     0.186822 
300 	 15 	       54.015 	       54.373 	   0.38461 	   0.38092 	    0.091346 	     0.091279 	     0.182625 
400 	 15 	       53.932 	       54.308 	   0.37034 	   0.36677 	    0.091844 	     0.091773 	     0.183617 
500 	 15 	       53.938 	       54.360 	   0.34847 	   0.34491 	    0.093279 	     0.093209 	     0.186488 
600 	 15 	       53.777 	       54.260 	   0.32030 	   0.31681 	    0.094863 	     0.094796 	     0.189660 
700 	 15 	       53.357 	       53.880 	   0.30033 	   0.29685 	    0.095420 	     0.095359 	     0.190779 
800 	 15 	       53.001 	       53.529 	   0.29293 	   0.28939 	    0.095117 	     0.095066 	     0.190182 
900 	 15 	       52.721 	       53.241 	   0.29315 	   0.28956 	    0.094355 	     0.094314 	     0.188669 
1000 	 15 	       41.967 	       42.487 	   0.59813 	   0.59243 	    0.049791 	     0.049950 	     0.099742 
1100 	 15 	       42.237 	       42.852 	   0.60598 	   0.60016 	    0.047650 	     0.047843 	     0.095493 
1200 	 15 	       42.518 	       43.090 	   0.59679 	   0.59083 	    0.048251 	     0.048458 	     0.096710 
1300 	 15 	       42.765 	       43.318 	   0.59228 	   0.58623 	    0.048875 	     0.049094 	     0.097969 
1400 	 15 	       42.995 	       43.521 	   0.59065 	   0.58452 	    0.049625 	     0.049856 	     0.099481 
1500 	 15 	       43.170 	       43.665 	   0.58972 	   0.58363 	    0.050140 	     0.050376 	     0.100516 
1600 	 15 	       43.348 	       43.822 	   0.58902 	   0.58299 	    0.050544 	     0.050780 	     0.101324 
1700 	 15 	       43.526 	       43.986 	   0.58818 	   0.58223 	    0.050938 	     0.051174 	     0.102112 
1800 	 15 	       43.687 	       44.137 	   0.58730 	   0.58141 	    0.051297 	     0.051533 	     0.102831 
1900 	 15 	       43.821 	       44.263 	   0.58651 	   0.58067 	    0.051598 	     0.051834 	     0.103432 
2000 	 15 	       39.450 	       39.928 	   0.71448 	   0.70873 	    0.033830 	     0.034108 	     0.067938 
2100 	 15 	       39.022 	       39.617 	   0.74058 	   0.73500 	    0.031109 	     0.031379 	     0.062488 
2200 	 15 	       39.152 	       39.765 	   0.73784 	   0.73235 	    0.031640 	     0.031905 	     0.063545 
2300 	 15 	       39.246 	       39.862 	   0.73512 	   0.72968 	    0.032061 	     0.032323 	     0.064385 
2400 	 15 	       39.308 	       39.923 	   0.73307 	   0.72768 	    0.032333 	     0.032593 	     0.064925 
2500 	 15 	       39.350 	       39.961 	   0.73154 	   0.72620 	    0.032514 	     0.032772 	     0.065286 
2600 	 15 	       39.379 	       39.984 	   0.73051 	   0.72521 	    0.032633 	     0.032890 	     0.065523 
2700 	 15 	       39.396 	       39.993 	   0.72997 	   0.72470 	    0.032704 	     0.032960 	     0.065665 
2800 	 15 	       39.400 	       39.989 	   0.72976 	   0.72454 	    0.032741 	     0.032995 	     0.065737 
2900 	 15 	       39.398 	       39.977 	   0.72956 	   0.72437 	    0.032764 	     0.033016 	     0.065780 
3000 	 15 	       36.545 	       37.146 	   0.78058 	   0.77553 	    0.024049 	     0.024317 	     0.048366 
3100 	 15 	       36.766 	       37.390 	   0.78008 	   0.77503 	    0.024479 	     0.024738 	     0.049217 
3200 	 15 	       36.797 	       37.415 	   0.77975 	   0.77473 	    0.024615 	     0.024872 	     0.049487 
3300 	 15 	       36.824 	       37.438 	   0.77940 	   0.77439 	    0.024721 	     0.024977 	     0.049698 
3400 	 15 	       36.846 	       37.456 	   0.77918 	   0.77418 	    0.024796 	     0.025050 	     0.049847 
3500 	 15 	       36.866 	       37.473 	   0.77906 	   0.77407 	    0.024852 	     0.025104 	     0.049956 
3600 	 15 	       36.883 	       37.489 	   0.77903 	   0.77404 	    0.024893 	     0.025144 	     0.050037 
3700 	 15 	       36.898 	       37.503 	   0.77907 	   0.77409 	    0.024924 	     0.025173 	     0.050097 
3800 	 15 	       36.912 	       37.515 	   0.77917 	   0.77420 	    0.024945 	     0.025192 	     0.050138 
3900 	 15 	       36.923 	       37.524 	   0.77931 	   0.77435 	    0.024959 	     0.025205 	     0.050164 
4000 	 15 	       35.142 	       35.742 	   0.80801 	   0.80310 	    0.020060 	     0.020318 	     0.040378 
4100 	 15 	       35.249 	       35.865 	   0.80874 	   0.80382 	    0.020235 	     0.020490 	     0.040725 
4200 	 15 	       35.261 	       35.872 	   0.80953 	   0.80463 	    0.020248 	     0.020501 	     0.040749 
4300 	 15 	       35.274 	       35.882 	   0.80992 	   0.80503 	    0.020273 	     0.020525 	     0.040797 
4400 	 15 	       35.284 	       35.888 	   0.81021 	   0.80534 	    0.020291 	     0.020542 	     0.040833 
4500 	 15 	       35.292 	       35.893 	   0.81046 	   0.80559 	    0.020304 	     0.020554 	     0.040858 
4600 	 15 	       35.298 	       35.896 	   0.81068 	   0.80582 	    0.020315 	     0.020564 	     0.040879 
4700 	 15 	       35.304 	       35.898 	   0.81087 	   0.80602 	    0.020325 	     0.020574 	     0.040899 
4800 	 15 	       35.311 	       35.899 	   0.81104 	   0.80619 	    0.020337 	     0.020585 	     0.040922 
4900 	 15 	       35.316 	       35.901 	   0.81118 	   0.80633 	    0.020352 	     0.020599 	     0.040951 
5000 	 15 	       34.201 	       34.777 	   0.82792 	   0.82308 	    0.017452 	     0.017711 	     0.035163 
5100 	 15 	       34.213 	       34.804 	   0.82881 	   0.82394 	    0.017467 	     0.017727 	     0.035194 
5200 	 15 	       34.209 	       34.793 	   0.82960 	   0.82473 	    0.017480 	     0.017740 	     0.035220 
5300 	 15 	       34.211 	       34.782 	   0.83015 	   0.82530 	    0.017503 	     0.017762 	     0.035265 
5400 	 15 	       34.209 	       34.764 	   0.83072 	   0.82588 	    0.017509 	     0.017768 	     0.035277 
5500 	 15 	       34.202 	       34.742 	   0.83137 	   0.82653 	    0.017492 	     0.017750 	     0.035242 
5600 	 15 	       34.189 	       34.716 	   0.83211 	   0.82726 	    0.017450 	     0.017709 	     0.035160 
5700 	 15 	       34.169 	       34.681 	   0.83292 	   0.82805 	    0.017387 	     0.017647 	     0.035034 
5800 	 15 	       34.141 	       34.637 	   0.83381 	   0.82893 	    0.017307 	     0.017568 	     0.034874 
5900 	 15 	       34.102 	       34.578 	   0.83481 	   0.82992 	    0.017219 	     0.017480 	     0.034698 
6000 	 15 	       33.335 	       33.777 	   0.84497 	   0.84010 	    0.015381 	     0.015648 	     0.031029 
6100 	 15 	       33.215 	       33.649 	   0.84669 	   0.84175 	    0.015252 	     0.015521 	     0.030774 
6200 	 15 	       33.152 	       33.571 	   0.84763 	   0.84267 	    0.015234 	     0.015504 	     0.030738 
6300 	 15 	       33.113 	       33.527 	   0.84824 	   0.84326 	    0.015228 	     0.015499 	     0.030728 
6400 	 15 	       33.083 	       33.496 	   0.84871 	   0.84370 	    0.015216 	     0.015489 	     0.030706 
6500 	 15 	       33.055 	       33.468 	   0.84909 	   0.84407 	    0.015197 	     0.015472 	     0.030669 
6600 	 15 	       33.028 	       33.442 	   0.84943 	   0.84438 	    0.015172 	     0.015449 	     0.030621 
6700 	 15 	       33.003 	       33.416 	   0.84973 	   0.84466 	    0.015144 	     0.015422 	     0.030565 
6800 	 15 	       32.979 	       33.391 	   0.85000 	   0.84491 	    0.015112 	     0.015392 	     0.030504 
6900 	 15 	       32.956 	       33.369 	   0.85024 	   0.84514 	    0.015079 	     0.015360 	     0.030439 
7000 	 15 	       32.480 	       32.889 	   0.85505 	   0.84995 	    0.013964 	     0.014252 	     0.028216 
7100 	 15 	       32.390 	       32.821 	   0.85605 	   0.85086 	    0.013821 	     0.014117 	     0.027938 
7200 	 15 	       32.353 	       32.786 	   0.85646 	   0.85126 	    0.013769 	     0.014067 	     0.027836 
7300 	 15 	       32.329 	       32.765 	   0.85674 	   0.85152 	    0.013738 	     0.014036 	     0.027774 
7400 	 15 	       32.313 	       32.751 	   0.85695 	   0.85171 	    0.013713 	     0.014013 	     0.027726 
7500 	 15 	       32.300 	       32.740 	   0.85712 	   0.85187 	    0.013692 	     0.013994 	     0.027686 
7600 	 15 	       32.289 	       32.732 	   0.85727 	   0.85200 	    0.013674 	     0.013976 	     0.027650 
7700 	 15 	       32.279 	       32.724 	   0.85741 	   0.85212 	    0.013656 	     0.013960 	     0.027617 
7800 	 15 	       32.270 	       32.718 	   0.85753 	   0.85222 	    0.013640 	     0.013945 	     0.027585 
7900 	 15 	       32.261 	       32.711 	   0.85765 	   0.85232 	    0.013624 	     0.013930 	     0.027554 
8000 	 15 	       31.955 	       32.401 	   0.86042 	   0.85509 	    0.012933 	     0.013245 	     0.026179 
8100 	 15 	       31.879 	       32.345 	   0.86120 	   0.85579 	    0.012822 	     0.013141 	     0.025963 
8200 	 15 	       31.857 	       32.324 	   0.86143 	   0.85600 	    0.012794 	     0.013114 	     0.025909 
8300 	 15 	       31.843 	       32.310 	   0.86158 	   0.85614 	    0.012779 	     0.013100 	     0.025880 
8400 	 15 	       31.833 	       32.299 	   0.86170 	   0.85625 	    0.012769 	     0.013091 	     0.025860 
8500 	 15 	       31.825 	       32.290 	   0.86180 	   0.85633 	    0.012761 	     0.013084 	     0.025845 
8600 	 15 	       31.817 	       32.283 	   0.86188 	   0.85640 	    0.012754 	     0.013078 	     0.025832 
8700 	 15 	       31.809 	       32.276 	   0.86195 	   0.85646 	    0.012748 	     0.013072 	     0.025820 
8800 	 15 	       31.802 	       32.269 	   0.86201 	   0.85651 	    0.012742 	     0.013067 	     0.025809 
8900 	 15 	       31.795 	       32.262 	   0.86206 	   0.85655 	    0.012736 	     0.013062 	     0.025798 
9000 	 15 	       31.587 	       32.054 	   0.86381 	   0.85830 	    0.012281 	     0.012611 	     0.024893 
9100 	 15 	       31.518 	       31.992 	   0.86449 	   0.85891 	    0.012186 	     0.012521 	     0.024707 
9200 	 15 	       31.500 	       31.972 	   0.86463 	   0.85905 	    0.012169 	     0.012505 	     0.024674 
9300 	 15 	       31.490 	       31.959 	   0.86472 	   0.85914 	    0.012161 	     0.012497 	     0.024658 
9400 	 15 	       31.481 	       31.950 	   0.86479 	   0.85921 	    0.012157 	     0.012493 	     0.024650 
9500 	 15 	       31.475 	       31.942 	   0.86485 	   0.85926 	    0.012153 	     0.012490 	     0.024643 
9600 	 15 	       31.469 	       31.935 	   0.86490 	   0.85931 	    0.012151 	     0.012487 	     0.024638 
9700 	 15 	       31.463 	       31.929 	   0.86495 	   0.85935 	    0.012148 	     0.012485 	     0.024633 
9800 	 15 	       31.458 	       31.923 	   0.86499 	   0.85939 	    0.012146 	     0.012483 	     0.024629 
9900 	 15 	       31.453 	       31.918 	   0.86502 	   0.85942 	    0.012144 	     0.012481 	     0.024624 
10000 	 15 	       31.305 	       31.767 	   0.86620 	   0.86061 	    0.011827 	     0.012167 	     0.023994 
10100 	 15 	       31.246 	       31.710 	   0.86683 	   0.86118 	    0.011741 	     0.012086 	     0.023827 
10200 	 15 	       31.233 	       31.695 	   0.86693 	   0.86128 	    0.011729 	     0.012074 	     0.023803 
10300 	 15 	       31.226 	       31.685 	   0.86700 	   0.86136 	    0.011724 	     0.012068 	     0.023792 
10400 	 15 	       31.220 	       31.677 	   0.86706 	   0.86142 	    0.011721 	     0.012065 	     0.023786 
10500 	 15 	       31.215 	       31.671 	   0.86711 	   0.86147 	    0.011719 	     0.012063 	     0.023782 
10600 	 15 	       31.211 	       31.665 	   0.86715 	   0.86152 	    0.011717 	     0.012062 	     0.023779 
10700 	 15 	       31.207 	       31.660 	   0.86719 	   0.86156 	    0.011716 	     0.012060 	     0.023776 
10800 	 15 	       31.204 	       31.654 	   0.86723 	   0.86160 	    0.011715 	     0.012059 	     0.023773 
10900 	 15 	       31.201 	       31.649 	   0.86726 	   0.86163 	    0.011713 	     0.012057 	     0.023770 
11000 	 15 	       31.089 	       31.534 	   0.86810 	   0.86248 	    0.011483 	     0.011829 	     0.023312 
11100 	 15 	       31.037 	       31.484 	   0.86867 	   0.86301 	    0.011405 	     0.011755 	     0.023160 
11200 	 15 	       31.027 	       31.471 	   0.86876 	   0.86311 	    0.011396 	     0.011745 	     0.023141 
11300 	 15 	       31.021 	       31.462 	   0.86883 	   0.86318 	    0.011392 	     0.011740 	     0.023132 
11400 	 15 	       31.016 	       31.455 	   0.86888 	   0.86323 	    0.011389 	     0.011738 	     0.023127 
11500 	 15 	       31.012 	       31.449 	   0.86893 	   0.86329 	    0.011387 	     0.011736 	     0.023123 
11600 	 15 	       31.009 	       31.443 	   0.86897 	   0.86333 	    0.011386 	     0.011734 	     0.023120 
11700 	 15 	       31.005 	       31.438 	   0.86901 	   0.86338 	    0.011385 	     0.011732 	     0.023117 
11800 	 15 	       31.002 	       31.432 	   0.86904 	   0.86342 	    0.011384 	     0.011731 	     0.023115 
11900 	 15 	       30.999 	       31.427 	   0.86907 	   0.86345 	    0.011383 	     0.011730 	     0.023112 
12000 	 15 	       30.914 	       31.340 	   0.86970 	   0.86408 	    0.011210 	     0.011558 	     0.022768 
12100 	 15 	       30.868 	       31.296 	   0.87022 	   0.86457 	    0.011139 	     0.011490 	     0.022629 
12200 	 15 	       30.860 	       31.284 	   0.87029 	   0.86466 	    0.011131 	     0.011482 	     0.022613 
12300 	 15 	       30.855 	       31.276 	   0.87035 	   0.86472 	    0.011127 	     0.011478 	     0.022605 
12400 	 15 	       30.850 	       31.269 	   0.87040 	   0.86478 	    0.011125 	     0.011475 	     0.022600 
12500 	 15 	       30.845 	       31.263 	   0.87045 	   0.86483 	    0.011123 	     0.011473 	     0.022596 
12600 	 15 	       30.841 	       31.257 	   0.87049 	   0.86488 	    0.011122 	     0.011471 	     0.022593 
12700 	 15 	       30.837 	       31.252 	   0.87053 	   0.86492 	    0.011121 	     0.011470 	     0.022590 
12800 	 15 	       30.833 	       31.247 	   0.87056 	   0.86496 	    0.011119 	     0.011468 	     0.022588 
12900 	 15 	       30.830 	       31.242 	   0.87059 	   0.86499 	    0.011118 	     0.011467 	     0.022585 
13000 	 15 	       30.762 	       31.175 	   0.87106 	   0.86547 	    0.010985 	     0.011335 	     0.022320 
13100 	 15 	       30.721 	       31.136 	   0.87153 	   0.86592 	    0.010921 	     0.011273 	     0.022193 
13200 	 15 	       30.712 	       31.127 	   0.87160 	   0.86599 	    0.010914 	     0.011265 	     0.022179 
13300 	 15 	       30.706 	       31.120 	   0.87166 	   0.86605 	    0.010910 	     0.011262 	     0.022172 
13400 	 15 	       30.702 	       31.115 	   0.87171 	   0.86610 	    0.010908 	     0.011259 	     0.022167 
13500 	 15 	       30.698 	       31.110 	   0.87175 	   0.86615 	    0.010906 	     0.011257 	     0.022163 
13600 	 15 	       30.694 	       31.105 	   0.87179 	   0.86619 	    0.010905 	     0.011255 	     0.022160 
13700 	 15 	       30.691 	       31.101 	   0.87182 	   0.86623 	    0.010903 	     0.011253 	     0.022157 
13800 	 15 	       30.688 	       31.097 	   0.87186 	   0.86627 	    0.010902 	     0.011252 	     0.022154 
13900 	 15 	       30.685 	       31.092 	   0.87189 	   0.86631 	    0.010901 	     0.011251 	     0.022152 
14000 	 15 	       30.631 	       31.037 	   0.87224 	   0.86667 	    0.010796 	     0.011146 	     0.021942 
14100 	 15 	       30.594 	       31.004 	   0.87267 	   0.86708 	    0.010737 	     0.011090 	     0.021827 
14200 	 15 	       30.587 	       30.995 	   0.87273 	   0.86715 	    0.010731 	     0.011083 	     0.021814 
14300 	 15 	       30.583 	       30.989 	   0.87278 	   0.86720 	    0.010728 	     0.011080 	     0.021807 
14400 	 15 	       30.579 	       30.984 	   0.87283 	   0.86725 	    0.010725 	     0.011077 	     0.021802 
14500 	 15 	       30.575 	       30.979 	   0.87287 	   0.86729 	    0.010723 	     0.011075 	     0.021798 
14600 	 15 	       30.572 	       30.975 	   0.87290 	   0.86733 	    0.010722 	     0.011073 	     0.021795 
14700 	 15 	       30.569 	       30.970 	   0.87294 	   0.86737 	    0.010720 	     0.011071 	     0.021792 
14800 	 15 	       30.567 	       30.966 	   0.87297 	   0.86741 	    0.010719 	     0.011070 	     0.021789 
14900 	 15 	       30.564 	       30.963 	   0.87300 	   0.86744 	    0.010718 	     0.011068 	     0.021786 
15000 	 15 	       30.519 	       30.916 	   0.87327 	   0.86772 	    0.010633 	     0.010984 	     0.021617 
15100 	 15 	       30.486 	       30.888 	   0.87366 	   0.86809 	    0.010580 	     0.010933 	     0.021513 
15200 	 15 	       30.480 	       30.880 	   0.87372 	   0.86815 	    0.010574 	     0.010927 	     0.021501 
15300 	 15 	       30.476 	       30.875 	   0.87376 	   0.86820 	    0.010571 	     0.010923 	     0.021495 
15400 	 15 	       30.472 	       30.870 	   0.87380 	   0.86825 	    0.010569 	     0.010921 	     0.021490 
15500 	 15 	       30.469 	       30.866 	   0.87384 	   0.86829 	    0.010567 	     0.010919 	     0.021485 
15600 	 15 	       30.466 	       30.863 	   0.87388 	   0.86833 	    0.010565 	     0.010917 	     0.021482 
15700 	 15 	       30.464 	       30.859 	   0.87391 	   0.86836 	    0.010564 	     0.010915 	     0.021479 
15800 	 15 	       30.461 	       30.856 	   0.87394 	   0.86840 	    0.010562 	     0.010913 	     0.021475 
15900 	 15 	       30.458 	       30.853 	   0.87397 	   0.86843 	    0.010561 	     0.010912 	     0.021473 
16000 	 15 	       30.420 	       30.813 	   0.87418 	   0.86865 	    0.010492 	     0.010843 	     0.021334 
16100 	 15 	       30.390 	       30.788 	   0.87453 	   0.86898 	    0.010443 	     0.010796 	     0.021239 
16200 	 15 	       30.385 	       30.782 	   0.87459 	   0.86904 	    0.010438 	     0.010790 	     0.021228 
16300 	 15 	       30.381 	       30.778 	   0.87463 	   0.86909 	    0.010435 	     0.010787 	     0.021222 
16400 	 15 	       30.378 	       30.774 	   0.87467 	   0.86913 	    0.010432 	     0.010785 	     0.021217 
16500 	 15 	       30.375 	       30.770 	   0.87470 	   0.86917 	    0.010430 	     0.010782 	     0.021213 
16600 	 15 	       30.372 	       30.766 	   0.87473 	   0.86920 	    0.010429 	     0.010780 	     0.021209 
16700 	 15 	       30.369 	       30.763 	   0.87477 	   0.86924 	    0.010427 	     0.010778 	     0.021205 
16800 	 15 	       30.367 	       30.760 	   0.87479 	   0.86927 	    0.010425 	     0.010777 	     0.021202 
16900 	 15 	       30.364 	       30.757 	   0.87482 	   0.86930 	    0.010424 	     0.010775 	     0.021199 
17000 	 15 	       30.331 	       30.723 	   0.87499 	   0.86948 	    0.010366 	     0.010718 	     0.021084 
17100 	 15 	       30.304 	       30.700 	   0.87531 	   0.86978 	    0.010323 	     0.010675 	     0.020998 
17200 	 15 	       30.299 	       30.695 	   0.87536 	   0.86983 	    0.010317 	     0.010670 	     0.020987 
17300 	 15 	       30.295 	       30.690 	   0.87540 	   0.86988 	    0.010314 	     0.010667 	     0.020981 
17400 	 15 	       30.292 	       30.687 	   0.87543 	   0.86992 	    0.010312 	     0.010664 	     0.020976 
17500 	 15 	       30.289 	       30.684 	   0.87547 	   0.86995 	    0.010310 	     0.010662 	     0.020972 
17600 	 15 	       30.286 	       30.680 	   0.87550 	   0.86999 	    0.010308 	     0.010660 	     0.020968 
17700 	 15 	       30.283 	       30.678 	   0.87553 	   0.87002 	    0.010306 	     0.010658 	     0.020964 
17800 	 15 	       30.281 	       30.675 	   0.87555 	   0.87005 	    0.010305 	     0.010656 	     0.020961 
17900 	 15 	       30.278 	       30.672 	   0.87558 	   0.87008 	    0.010303 	     0.010654 	     0.020958 
18000 	 15 	       30.250 	       30.643 	   0.87571 	   0.87022 	    0.010255 	     0.010606 	     0.020862 
18100 	 15 	       30.225 	       30.622 	   0.87600 	   0.87049 	    0.010216 	     0.010568 	     0.020783 
18200 	 15 	       30.220 	       30.617 	   0.87605 	   0.87054 	    0.010211 	     0.010563 	     0.020774 
18300 	 15 	       30.216 	       30.613 	   0.87608 	   0.87058 	    0.010208 	     0.010560 	     0.020768 
18400 	 15 	       30.213 	       30.610 	   0.87612 	   0.87062 	    0.010205 	     0.010557 	     0.020763 
18500 	 15 	       30.211 	       30.607 	   0.87615 	   0.87065 	    0.010204 	     0.010555 	     0.020759 
18600 	 15 	       30.208 	       30.604 	   0.87618 	   0.87069 	    0.010202 	     0.010553 	     0.020755 
18700 	 15 	       30.205 	       30.601 	   0.87620 	   0.87072 	    0.010200 	     0.010551 	     0.020751 
18800 	 15 	       30.203 	       30.599 	   0.87623 	   0.87075 	    0.010199 	     0.010550 	     0.020748 
18900 	 15 	       30.200 	       30.596 	   0.87625 	   0.87077 	    0.010197 	     0.010548 	     0.020745 
19000 	 15 	       30.176 	       30.571 	   0.87635 	   0.87088 	    0.010157 	     0.010507 	     0.020664 
19100 	 15 	       30.153 	       30.552 	   0.87662 	   0.87113 	    0.010120 	     0.010472 	     0.020593 
19200 	 15 	       30.149 	       30.547 	   0.87666 	   0.87118 	    0.010116 	     0.010468 	     0.020583 
19300 	 15 	       30.146 	       30.544 	   0.87669 	   0.87122 	    0.010113 	     0.010465 	     0.020578 
19400 	 15 	       30.143 	       30.541 	   0.87673 	   0.87125 	    0.010111 	     0.010463 	     0.020574 
19500 	 15 	       30.141 	       30.538 	   0.87675 	   0.87128 	    0.010109 	     0.010461 	     0.020570 
19600 	 15 	       30.139 	       30.536 	   0.87678 	   0.87131 	    0.010108 	     0.010459 	     0.020566 
19700 	 15 	       30.136 	       30.534 	   0.87680 	   0.87134 	    0.010106 	     0.010457 	     0.020563 
19800 	 15 	       30.134 	       30.532 	   0.87683 	   0.87137 	    0.010105 	     0.010455 	     0.020560 
19900 	 15 	       30.132 	       30.529 	   0.87685 	   0.87139 	    0.010103 	     0.010454 	     0.020557 
20000 	 15 	       30.112 	       30.509 	   0.87693 	   0.87147 	    0.010069 	     0.010419 	     0.020488 
100 	 16 	       55.157 	       55.233 	   0.36733 	   0.36351 	    0.094586 	     0.094534 	     0.189120 
