 -1.8859e+001 -1.3894e+001  1.6766e+001 -2.7877e+001 -1.3254e+001
 -8.8826e-001 -1.6062e+001  4.3058e+000 -1.7544e+001 -3.9076e+000
 -6.5388e+000 -1.7966e+001  1.7026e+001 -8.7468e+000 -2.7297e+000
 -8.0626e-001
  3.7832e+000
 6.92091997e+000 6.91923657e+000  6.91740102e+000 -1.35716369e+001 -1.35716369e+001  -1.35716369e+001 8.12303692e+000 8.12303356e+000  8.12302517e+000 -6.81066744e+000 -6.81067159e+000  -6.81067517e+000 2.88253837e+000 2.88293603e+000  2.88348881e+000
 3.19138136e+000 3.19639607e+000  3.20445669e+000 -4.61686531e-001 -4.62480112e-001  -4.64401622e-001 -7.53250712e+000 -7.53250712e+000  -7.53250712e+000 -5.37948358e+000 -5.37948359e+000  -5.37948359e+000 1.39572708e+001 1.39572708e+001  1.39572708e+001
 4.29380458e+000 4.29380426e+000  4.29380372e+000 1.49409163e+001 1.49424999e+001  1.49459808e+001 6.69895789e+000 6.69746705e+000  6.69605200e+000 9.74200661e+000 9.74208370e+000  9.74221544e+000 -4.62421986e+000 -4.62422342e+000  -4.62422965e+000
 -4.07230755e-001 -4.07541411e-001  -4.08075130e-001
 3.35575831e+000 3.35575831e+000  3.35575831e+000 3.32845775e+000 3.32845775e+000  3.32845775e+000 6.94789640e+000 6.94789640e+000  6.94789640e+000 -9.16822916e+000 -9.16822916e+000  -9.16822916e+000 8.71656624e-001 8.71656624e-001  8.71656624e-001
 -3.94969087e+000 -3.94969087e+000  -3.94969087e+000 -8.11813201e+000 -8.11813201e+000  -8.11813201e+000 1.54963684e+000 1.54963684e+000  1.54963684e+000 -3.74785187e+000 -3.74785187e+000  -3.74785187e+000 -9.13982017e+000 -9.13982017e+000  -9.13982017e+000
 -6.86886451e+000 -6.86886451e+000  -6.86886451e+000 -5.71573706e-001 -5.71573706e-001  -5.71573706e-001 1.01718449e+001 1.01718449e+001  1.01718449e+001 -3.06542719e+000 -3.06542719e+000  -3.06542719e+000 2.95277601e+000 2.95277601e+000  2.95277601e+000
 3.27072233e-001 3.27072233e-001  3.27072233e-001
 -5.46507867e+000 -5.46507867e+000  -5.46507867e+000 -3.66666982e+000 -3.66666982e+000  -3.66666982e+000 -9.44375523e+000 -9.44375523e+000  -9.44375523e+000 -3.90153834e+000 -3.90153834e+000  -3.90153834e+000 -2.97226047e+000 -2.97226047e+000  -2.97226047e+000
 1.04521199e+001 1.04521199e+001  1.04521199e+001 6.40572830e-001 6.40572830e-001  6.40572830e-001 8.01563254e+000 8.01563254e+000  8.01563254e+000 -4.28568063e-001 -4.28568063e-001  -4.28568063e-001 -3.85135327e-001 -3.85135327e-001  -3.85135327e-001
 1.71241896e+001 1.71241896e+001  1.71241896e+001 -1.63516763e+000 -1.63516763e+000  -1.63516763e+000 6.15302627e+000 6.15302627e+000  6.15302627e+000 -4.27297846e+000 -4.27297846e+000  -4.27297846e+000 -2.59721297e+000 -2.59721297e+000  -2.59721297e+000
 -1.53671782e-001 -1.53671782e-001  -1.53671782e-001
 -8.77774533e+000 -8.77774533e+000  -8.77774533e+000 -3.00692268e+000 -3.00692268e+000  -3.00692268e+000 3.50826412e+000 3.50826412e+000  3.50826412e+000 -9.17599245e+000 -9.17599245e+000  -9.17599245e+000 -6.06302992e+000 -6.06302992e+000  -6.06302992e+000
 -9.68224934e-001 -9.68224934e-001  -9.68224934e-001 -3.06284718e+000 -3.06284718e+000  -3.06284718e+000 -5.04587341e+000 -5.04587341e+000  -5.04587341e+000 -6.47193488e+000 -6.47193488e+000  -6.47193488e+000 -1.38410656e+000 -1.38410656e+000  -1.38410656e+000
 -4.26917435e+000 -4.26917435e+000  -4.26917435e+000 -9.91897709e+000 -9.91897709e+000  -9.91897709e+000 1.09060965e+001 1.09060965e+001  1.09060965e+001 -1.17198581e+000 -1.17198581e+000  -1.17198581e+000 -3.37068447e+000 -3.37068447e+000  -3.37068447e+000
 -8.60215632e-001 -8.60215632e-001  -8.60215632e-001
 -1.33437960e+001 -1.33437960e+001  -1.33437960e+001 1.47670439e+000 1.47670439e+000  1.47670439e+000 9.11886857e+000 9.11886857e+000  9.11886857e+000 1.22416580e+001 1.22416580e+001  1.22416580e+001 -6.99895395e+000 -6.99895395e+000  -6.99895395e+000
 -1.92680901e+000 -1.92680901e+000  -1.92680901e+000 1.21360816e+001 1.21360816e+001  1.21360816e+001 -6.18293438e+000 -6.18293438e+000  -6.18293438e+000 -5.32259367e+000 -5.32259367e+000  -5.32259367e+000 -5.96993140e+000 -5.96993140e+000  -5.96993140e+000
 -3.22261625e-001 -3.22261625e-001  -3.22261625e-001 -1.29487161e+001 -1.29487161e+001  -1.29487161e+001 -6.12502471e+000 -6.12502471e+000  -6.12502471e+000 6.26627212e+000 6.26627212e+000  6.26627212e+000 -2.64299154e+000 -2.64299154e+000  -2.64299154e+000
 3.58199163e-002 3.58199163e-002  3.58199163e-002
 1.23837633e+000 1.23837633e+000  1.23837633e+000 -2.63671119e+001 -2.63671119e+001  -2.63671119e+001 -5.13016467e-001 -5.13016467e-001  -5.13016467e-001 -9.33178358e+000 -9.33178357e+000  -9.33178355e+000 -5.34202629e-002 -5.34202629e-002  -5.34202629e-002
 -9.14036517e+000 -9.14036517e+000  -9.14036517e+000 -2.06037373e+001 -2.06037373e+001  -2.06037373e+001 1.11256902e+001 1.11256902e+001  1.11256901e+001 -6.07935293e+000 -6.07935293e+000  -6.07935293e+000 -6.50024724e+000 -6.50024724e+000  -6.50024724e+000
 -1.16782287e+001 -1.16782287e+001  -1.16782287e+001 -1.52647819e+001 -1.52647819e+001  -1.52647820e+001 1.11761347e+001 1.11761347e+001  1.11761349e+001 -1.14559361e+001 -1.14559361e+001  -1.14559361e+001 1.38384262e+000 1.38384433e+000  1.38384860e+000
 -2.40070228e-001 -2.40069833e-001  -2.40068847e-001
 -8.44705029e+000 -8.44705029e+000  -8.44705029e+000 2.33026789e+001 2.33026789e+001  2.33026789e+001 4.86440868e-001 4.86440868e-001  4.86440868e-001 -6.60329206e+000 -6.60329206e+000  -6.60329206e+000 -3.62467577e+000 -3.62467577e+000  -3.62467577e+000
 -2.14064834e+000 -2.14064834e+000  -2.14064834e+000 -2.73416323e+000 -2.73416323e+000  -2.73416323e+000 -1.84424288e+000 -1.84424288e+000  -1.84424288e+000 3.95467319e+000 3.95467319e+000  3.95467319e+000 1.59015333e+000 1.59015333e+000  1.59015333e+000
 -7.11435677e+000 -7.11435677e+000  -7.11435677e+000 5.55976596e+000 5.55976596e+000  5.55976596e+000 -1.95931985e+001 -1.95931985e+001  -1.95931985e+001 -9.17236219e+000 -9.17236219e+000  -9.17236219e+000 4.67972347e+000 4.67972347e+000  4.67972347e+000
 -4.56713902e-002 -4.56713902e-002  -4.56713902e-002
 -7.83972386e+000 -7.83972386e+000  -7.83972386e+000 1.47350175e+000 1.47350175e+000  1.47350175e+000 9.87117963e+000 9.87117963e+000  9.87117963e+000 1.32706560e+001 1.32706560e+001  1.32706560e+001 -4.71060121e+000 -4.71060121e+000  -4.71060121e+000
 6.54111244e+000 6.54111244e+000  6.54111244e+000 1.06290915e+001 1.06290915e+001  1.06290915e+001 1.12512865e+001 1.12512865e+001  1.12512865e+001 -6.15824345e-001 -6.15824345e-001  -6.15824345e-001 3.02599477e+000 3.02599477e+000  3.02599477e+000
 -3.64384470e+000 -3.64384470e+000  -3.64384470e+000 -3.05567283e+000 -3.05567283e+000  -3.05567283e+000 1.87443466e+001 1.87443466e+001  1.87443466e+001 -2.87617956e-001 -2.87617956e-001  -2.87617956e-001 -5.46961876e+000 -5.46961876e+000  -5.46961876e+000
 -1.73259761e-001 -1.73259761e-001  -1.73259761e-001
 -5.82287830e+001 -5.82287919e+001  -5.82288016e+001 6.64766604e+001 6.64766604e+001  6.64766604e+001 -2.15012330e+001 -2.15012331e+001  -2.15012331e+001 4.99986103e-001 4.99986083e-001  4.99986070e-001 -4.85105137e+001 -4.85105116e+001  -4.85105087e+001
 -3.75995006e+001 -3.75994741e+001  -3.75994315e+001 2.71404875e+001 2.71404833e+001  2.71404731e+001 3.53821753e+000 3.53821753e+000  3.53821751e+000 -5.92311579e+000 -5.92311579e+000  -5.92311579e+000 -6.94936221e+001 -6.94936221e+001  -6.94936221e+001
 1.87221387e+001 1.87221387e+001  1.87221387e+001 6.98478041e+001 6.98478125e+001  6.98478308e+001 2.58543835e+000 2.58543049e+000  2.58542306e+000 2.00218249e+001 2.00218253e+001  2.00218260e+001 8.56723158e-001 8.56723651e-001  8.56724898e-001
 -1.04001395e-001 -1.04002918e-001  -1.04005442e-001
 -2.30418613e+000 -2.30481636e+000  -2.30551578e+000 3.42229979e+000 3.42229979e+000  3.42229979e+000 3.55145626e+000 3.55145473e+000  3.55145093e+000 5.69105941e-001 5.69104409e-001  5.69103090e-001 4.48371206e+000 4.48386609e+000  4.48408818e+000
 2.78361156e+000 2.78559473e+000  2.78889990e+000 -3.58345255e+001 -3.58348673e+001  -3.58356986e+001 1.96811285e+001 1.96811285e+001  1.96811285e+001 6.61118382e+000 6.61118382e+000  6.61118382e+000 7.49344550e-001 7.49344549e-001  7.49344546e-001
 -2.10475165e+000 -2.10475178e+000  -2.10475201e+000 -1.96102127e+001 -1.96095379e+001  -1.96080275e+001 8.59208519e+000 8.59153508e+000  8.59101348e+000 6.24661113e-001 6.24692066e-001  6.24746930e-001 -1.45757819e+000 -1.45757886e+000  -1.45757957e+000
 -8.31776080e-001 -8.31900705e-001  -8.32122573e-001
 1.49438681e+001 1.49427371e+001  1.49415206e+001 -3.90056430e+000 -3.90056430e+000  -3.90056430e+000 -2.96748972e+001 -2.96748990e+001  -2.96749037e+001 2.61839056e+001 2.61839028e+001  2.61839004e+001 7.53739167e+000 7.53765530e+000  7.53801475e+000
 -1.83148703e+000 -1.82821521e+000  -1.82307421e+000 3.00521634e+001 3.00516543e+001  3.00504237e+001 -2.54097239e+001 -2.54097239e+001  -2.54097240e+001 8.48436961e+000 8.48436960e+000  8.48436960e+000 2.17799057e+000 2.17799056e+000  2.17799056e+000
 -4.07916306e+000 -4.07916327e+000  -4.07916362e+000 1.09504701e+001 1.09514642e+001  1.09536253e+001 -2.37720696e+001 -2.37730757e+001  -2.37740216e+001 -1.77439397e+000 -1.77434419e+000  -1.77426114e+000 -2.34146156e-001 -2.34147240e-001  -2.34148136e-001
 -6.63342487e-001 -6.63542453e-001  -6.63877467e-001
 2.04539238e+001 2.04529816e+001  2.04519733e+001 1.07506985e+000 1.07506985e+000  1.07506985e+000 -2.53563615e+001 -2.53563630e+001  -2.53563665e+001 3.41869677e+001 3.41869654e+001  3.41869634e+001 1.13921452e+001 1.13923638e+001  1.13926595e+001
 -1.59161110e+000 -1.58891572e+000  -1.58471835e+000 3.82686502e+001 3.82682335e+001  3.82672271e+001 -2.98707491e+001 -2.98707491e+001  -2.98707491e+001 1.22213553e+001 1.22213553e+001  1.22213553e+001 -2.03430705e+000 -2.03430705e+000  -2.03430706e+000
 2.66087605e+000 2.66087588e+000  2.66087561e+000 1.38359846e+001 1.38367911e+001  1.38385362e+001 -2.74771439e+001 -2.74779835e+001  -2.74787700e+001 2.56704875e+000 2.56708960e+000  2.56715709e+000 -1.92061308e+000 -1.92061393e+000  -1.92061454e+000
 -6.35024075e-001 -6.35188021e-001  -6.35459982e-001
 -1.06534845e+001 -1.06534845e+001  -1.06534845e+001 -3.54894177e+000 -3.54894177e+000  -3.54894177e+000 1.11636572e+001 1.11636572e+001  1.11636572e+001 -8.78834207e-001 -8.78834207e-001  -8.78834207e-001 -6.58679672e+000 -6.58679672e+000  -6.58679672e+000
 -2.81250611e+000 -2.81250611e+000  -2.81250611e+000 2.17158515e+000 2.17158515e+000  2.17158515e+000 -2.80518785e+000 -2.80518785e+000  -2.80518785e+000 -7.19497869e+000 -7.19497869e+000  -7.19497869e+000 -1.08942907e+001 -1.08942907e+001  -1.08942907e+001
 8.59265193e+000 8.59265193e+000  8.59265193e+000 8.21099310e-001 8.21099310e-001  8.21099310e-001 8.65839945e-002 8.65839945e-002  8.65839945e-002 6.68400213e+000 6.68400213e+000  6.68400213e+000 -4.02703575e+000 -4.02703575e+000  -4.02703575e+000
 -3.56767895e-001 -3.56767895e-001  -3.56767895e-001
 7.97128149e+000 7.97128149e+000  7.97128149e+000 7.43415108e+000 7.43415108e+000  7.43415108e+000 1.77691712e+001 1.77691712e+001  1.77691712e+001 -1.02945581e+001 -1.02945581e+001  -1.02945581e+001 4.57205763e+000 4.57205763e+000  4.57205763e+000
 -9.08710389e-001 -9.08710389e-001  -9.08710389e-001 -9.90055578e+000 -9.90055578e+000  -9.90055578e+000 -2.38736551e+000 -2.38736551e+000  -2.38736551e+000 -1.04177394e+000 -1.04177394e+000  -1.04177394e+000 -6.98644468e+000 -6.98644468e+000  -6.98644468e+000
 -1.49487858e+000 -1.49487858e+000  -1.49487858e+000 -1.53073695e+001 -1.53073695e+001  -1.53073695e+001 6.05964935e+000 6.05964935e+000  6.05964935e+000 -4.65460588e+000 -4.65460588e+000  -4.65460588e+000 -1.60597020e+000 -1.60597020e+000  -1.60597020e+000
 5.72038069e-002 5.72038069e-002  5.72038069e-002
 -1.06279844e+001 -1.06279844e+001  -1.06279844e+001 -1.11517280e+001 -1.11517280e+001  -1.11517280e+001 -4.59705977e+000 -4.59705977e+000  -4.59705977e+000 -1.02855851e+001 -1.02855851e+001  -1.02855851e+001 -6.66523552e+000 -6.66523552e+000  -6.66523552e+000
 1.77770274e-001 1.77770274e-001  1.77770274e-001 -6.63323303e+000 -6.63323303e+000  -6.63323303e+000 2.83103471e+000 2.83103471e+000  2.83103471e+000 -7.04245344e+000 -7.04245344e+000  -7.04245344e+000 5.50238639e+000 5.50238639e+000  5.50238639e+000
 -7.76363164e+000 -7.76363164e+000  -7.76363164e+000 -2.23307514e+000 -2.23307514e+000  -2.23307514e+000 6.78616095e+000 6.78616095e+000  6.78616095e+000 -7.42858748e+000 -7.42858748e+000  -7.42858748e+000 7.34312668e-001 7.34312668e-001  7.34312668e-001
 -4.83144010e-001 -4.83144010e-001  -4.83144010e-001
 -1.10424947e+001 -1.10441781e+001  -1.10460136e+001 -1.10199188e+001 -1.10199188e+001  -1.10199188e+001 -5.83784153e+000 -5.83784489e+000  -5.83785329e+000 -1.09685465e+001 -1.09685507e+001  -1.09685543e+001 -6.90372056e+000 -6.90332290e+000  -6.90277013e+000
 -5.12211494e-001 -5.07196783e-001  -4.99136158e-001 -7.36299973e+000 -7.36379329e+000  -7.36571477e+000 2.97775808e+000 2.97775806e+000  2.97775801e+000 -7.61293892e+000 -7.61293892e+000  -7.61293893e+000 5.18162842e+000 5.18162842e+000  5.18162841e+000
 -7.48180845e+000 -7.48180877e+000  -7.48180932e+000 -2.37983451e+000 -2.37825102e+000  -2.37477013e+000 7.24692617e+000 7.24543539e+000  7.24402050e+000 -7.73121980e+000 -7.73114271e+000  -7.73101097e+000 6.79926543e-001 6.79924692e-001  6.79922736e-001
 -5.61259539e-001 -5.61569801e-001  -5.62102534e-001
 -5.22064028e+000 -5.22029303e+000 -5.21992116e+000
 -3.13877427e+000 -3.13877427e+000 -3.13877427e+000
 -2.13054067e+000 -2.13053909e+000 -2.13053514e+000
 -4.46277653e+000 -4.46277561e+000 -4.46277481e+000
 5.60511146e+000 5.60518320e+000 5.60528274e+000
 3.21108429e+000 3.21639941e+000 3.22602492e+000
 -1.84602311e+000 -1.84097543e+000 -1.83422902e+000
 8.08493977e-001 8.08493952e-001 8.08493889e-001
 -5.15204523e+000 -5.15204523e+000 -5.15204523e+000
 -2.69541029e+000 -2.68783069e+000 -2.67478862e+000
 -5.09769747e+000 -5.09769740e+000 -5.09769730e+000
 1.81206597e+000 1.81771048e+000 1.82619059e+000
 -5.21501145e+000 -5.20775169e+000 -5.19502564e+000
 4.84294009e+000 4.84295604e+000 4.84298330e+000
 -2.13185047e+000 -2.13184967e+000 -2.13184894e+000
 -8.28011206e-001 -8.27612396e-001 -8.26925134e-001
