  4.9099e+000  7.8100e+000  1.5380e+001  3.9217e+000 -3.3626e+000
 -3.6684e+001 -2.6931e+001 -1.3160e+001 -1.5569e+001 -1.7434e+001
 -8.2210e+000 -9.4753e+000 -7.8412e+000  1.3908e+001  5.1224e+000
 -7.0399e-001
  5.5610e+000
 -4.77342601e+000 -4.77342601e+000  -4.77342601e+000 2.47785270e+001 2.47785270e+001  2.47785270e+001 5.47457979e+000 5.47457979e+000  5.47457979e+000 -2.15003359e+001 -2.15003359e+001  -2.15003359e+001 -1.90575286e+000 -1.90575286e+000  -1.90575286e+000
 1.40838614e+001 1.40838614e+001  1.40838614e+001 -1.88429932e+000 -1.88429932e+000  -1.88429932e+000 -4.35175901e+000 -4.35175901e+000  -4.35175901e+000 -1.00413061e+001 -1.00413061e+001  -1.00413061e+001 4.01283873e+001 4.01283873e+001  4.01283873e+001
 6.35580996e+001 6.35580996e+001  6.35580996e+001 4.87899486e+000 4.87899486e+000  4.87899486e+000 1.73530693e+001 1.73530693e+001  1.73530693e+001 1.45739666e+001 1.45739666e+001  1.45739666e+001 -8.84878182e+000 -8.84878182e+000  -8.84878182e+000
 4.81400459e-001 4.81400459e-001  4.81400459e-001
 -2.30741834e+001 -2.30741834e+001  -2.30741834e+001 -3.25634826e+001 -3.25634818e+001  -3.25634811e+001 -2.98530569e+000 -2.98530472e+000  -2.98530345e+000 -3.54951362e+000 -3.54950073e+000  -3.54948509e+000 -1.21050447e+000 -1.21050445e+000  -1.21050443e+000
 4.19828679e+001 4.19828679e+001  4.19828679e+001 3.72817956e+001 3.72817956e+001  3.72817956e+001 -9.62489177e+000 -9.62489177e+000  -9.62489177e+000 2.78853867e+000 2.78853847e+000  2.78853824e+000 2.23482947e+000 2.23482947e+000  2.23482947e+000
 6.91784522e+000 6.91784714e+000  6.91784945e+000 -6.42680698e+000 -6.42680694e+000  -6.42680688e+000 7.59184842e-001 7.59183638e-001  7.59182152e-001 -3.46250486e+001 -3.46250489e+001  -3.46250492e+001 -4.71487954e+000 -4.71488578e+000  -4.71489397e+000
 -8.88563116e-001 -8.88570117e-001  -8.88578888e-001
 -6.41521226e+000 -6.41521226e+000  -6.41521226e+000 9.59390865e-001 9.59391495e-001  9.59392091e-001 -2.66809898e+001 -2.66809890e+001  -2.66809880e+001 2.74400255e+000 2.74401314e+000  2.74402614e+000 -1.54228055e+000 -1.54228054e+000  -1.54228052e+000
 1.37662133e+001 1.37662133e+001  1.37662133e+001 7.08632779e+000 7.08632779e+000  7.08632780e+000 1.43538676e+001 1.43538676e+001  1.43538676e+001 9.48045539e+000 9.48045523e+000  9.48045503e+000 2.82996216e+000 2.82996216e+000  2.82996216e+000
 -1.54131651e+001 -1.54131636e+001  -1.54131616e+001 9.51642540e+000 9.51642543e+000  9.51642548e+000 1.58205348e+000 1.58205249e+000  1.58205125e+000 -2.28933483e+000 -2.28933509e+000  -2.28933534e+000 -1.49482015e+001 -1.49482066e+001  -1.49482134e+001
 -1.34927734e+000 -1.34928310e+000  -1.34929039e+000
 -6.38912723e+000 -6.38912723e+000  -6.38912723e+000 -7.88198225e+000 -7.88198178e+000  -7.88198133e+000 -2.52904884e+001 -2.52904878e+001  -2.52904870e+001 3.14917322e+000 3.14918113e+000  3.14919083e+000 -1.47818093e-001 -1.47818082e-001  -1.47818069e-001
 1.69577712e+001 1.69577712e+001  1.69577712e+001 9.65472549e+000 9.65472549e+000  9.65472550e+000 1.88974455e+001 1.88974455e+001  1.88974455e+001 9.59096671e+000 9.59096658e+000  9.59096644e+000 5.71995260e-002 5.71995261e-002  5.71995262e-002
 -2.38188439e+001 -2.38188427e+001  -2.38188413e+001 1.36307538e+001 1.36307538e+001  1.36307538e+001 -5.35422904e-001 -5.35423643e-001  -5.35424565e-001 -9.61341437e+000 -9.61341457e+000  -9.61341475e+000 -1.97734361e+001 -1.97734399e+001  -1.97734450e+001
 -1.36173506e+000 -1.36173936e+000  -1.36174480e+000
 -4.46336956e+000 -4.46336956e+000  -4.46336956e+000 -1.40598781e+001 -1.40598781e+001  -1.40598781e+001 2.05465572e+001 2.05465572e+001  2.05465572e+001 -7.16653654e+000 -7.16653654e+000  -7.16653654e+000 -1.88433188e+000 -1.88433188e+000  -1.88433188e+000
 -2.08966547e+001 -2.08966547e+001  -2.08966547e+001 -1.17035310e+001 -1.17035310e+001  -1.17035310e+001 -4.14175500e+000 -4.14175500e+000  -4.14175500e+000 -9.17882729e+000 -9.17882729e+000  -9.17882729e+000 -2.02682336e+001 -2.02682336e+001  -2.02682336e+001
 -6.87039719e+000 -6.87039719e+000  -6.87039719e+000 -4.42171828e+000 -4.42171828e+000  -4.42171828e+000 -8.10832966e+000 -8.10832966e+000  -8.10832966e+000 -7.68424361e+000 -7.68424361e+000  -7.68424361e+000 -2.33165683e+000 -2.33165683e+000  -2.33165683e+000
 2.10577688e-001 2.10577688e-001  2.10577688e-001
 1.20560597e+001 1.20560597e+001  1.20560597e+001 -4.41337166e+000 -4.41337166e+000  -4.41337166e+000 -6.19715413e+000 -6.19715413e+000  -6.19715413e+000 7.91245057e+000 7.91245057e+000  7.91245057e+000 -1.86408688e-001 -1.86408688e-001  -1.86408688e-001
 2.27728837e+000 2.27728837e+000  2.27728837e+000 -4.91707498e+000 -4.91707498e+000  -4.91707498e+000 -4.02253334e+000 -4.02253334e+000  -4.02253334e+000 -1.04608449e+001 -1.04608449e+001  -1.04608449e+001 -1.30055598e+000 -1.30055598e+000  -1.30055598e+000
 -2.84673660e+001 -2.84673660e+001  -2.84673660e+001 -3.06118852e+000 -3.06118852e+000  -3.06118852e+000 -2.12559892e+000 -2.12559892e+000  -2.12559892e+000 -1.63544522e-001 -1.63544522e-001  -1.63544522e-001 7.81506191e-001 7.81506191e-001  7.81506191e-001
 -5.27634802e-001 -5.27634802e-001  -5.27634802e-001
 -1.75665619e+000 -1.75665619e+000  -1.75665619e+000 2.36629470e+001 2.36629481e+001  2.36629493e+001 3.97843974e+000 3.97844123e+000  3.97844320e+000 -3.84342012e-001 -3.84322311e-001  -3.84298098e-001 -4.21783716e+000 -4.21783714e+000  -4.21783710e+000
 -2.57072853e+001 -2.57072853e+001  -2.57072853e+001 -1.78316574e+001 -1.78316574e+001  -1.78316574e+001 -1.04743510e+001 -1.04743510e+001  -1.04743510e+001 -2.41325189e+000 -2.41325219e+000  -2.41325255e+000 -2.47418649e+000 -2.47418649e+000  -2.47418649e+000
 1.57997611e+001 1.57997640e+001  1.57997676e+001 -7.75128840e+000 -7.75128833e+000  -7.75128825e+000 -1.16624869e+000 -1.16625053e+000  -1.16625283e+000 2.22066462e+001 2.22066457e+001  2.22066452e+001 9.73288486e+000 9.73287531e+000  9.73286264e+000
 -8.56270402e-001 -8.56281111e-001  -8.56294686e-001
 4.66666667e-001 4.66666667e-001  4.66666667e-001 5.33333333e-001 5.33333333e-001  5.33333333e-001 6.00000000e-001 6.00000000e-001  6.00000000e-001 6.66666667e-001 6.66666667e-001  6.66666667e-001 7.33333333e-001 7.33333333e-001  7.33333333e-001
 8.00000000e-001 8.00000000e-001  8.00000000e-001 8.66666667e-001 8.66666667e-001  8.66666667e-001 9.33333333e-001 9.33333333e-001  9.33333333e-001 1.00000000e+000 1.00000000e+000  1.00000000e+000 1.06666667e+000 1.06666667e+000  1.06666667e+000
 1.13333333e+000 1.13333333e+000  1.13333333e+000 1.20000000e+000 1.20000000e+000  1.20000000e+000 0.00000000e+000 0.00000000e+000  0.00000000e+000 0.00000000e+000 0.00000000e+000  0.00000000e+000 0.00000000e+000 0.00000000e+000  0.00000000e+000
 0.00000000e+000 0.00000000e+000  0.00000000e+000
 -3.38777486e+000 -3.38777486e+000 -3.38777486e+000
 -9.32835087e+000 -9.32857887e+000 -9.32886569e+000
 -7.82750470e+000 -7.82750489e+000 -7.82750514e+000
 -4.68617530e+000 -4.68639913e+000 -4.68668081e+000
 -1.25143703e+000 -1.25143705e+000 -1.25143708e+000
 -2.20766265e+000 -2.20766265e+000 -2.20766265e+000
 -2.87090668e+000 -2.87090668e+000 -2.87090668e+000
 8.70428679e+000 8.70428679e+000 8.70428679e+000
 1.78212718e+000 1.78212701e+000 1.78212681e+000
 -2.10952532e+001 -2.10952532e+001 -2.10952532e+001
 -4.05312451e+000 -4.05312524e+000 -4.05312613e+000
 -1.46562611e+001 -1.46562611e+001 -1.46562611e+001
 2.12457705e+001 2.12457705e+001 2.12457704e+001
 9.11052756e+000 9.11029949e+000 9.11001260e+000
 2.87767984e+000 2.87767647e+000 2.87767200e+000
 1.52095582e+000 1.52094855e+000 1.52093933e+000
