  1.2088e+001  2.4183e+000 -1.3112e+001  5.4108e+001 -8.7035e+000
 -6.0488e+000 -5.4195e+000 -8.3778e-001 -1.2132e+001 -1.4453e+000
 -7.3203e+000  1.1916e-001  3.9928e+000 -1.2079e+000 -3.5870e+000
 -7.0021e-001
  6.9212e+000
 -2.28459840e+001 -2.28459840e+001  -2.28459840e+001 -3.85692240e+000 -3.85692182e+000  -3.85692132e+000 2.77208413e+001 2.77211378e+001  2.77214004e+001 9.00534576e-001 9.00534576e-001  9.00534576e-001 -1.03265499e+001 -1.03265499e+001  -1.03265499e+001
 -4.73719319e+000 -4.73744331e+000  -4.73763449e+000 2.82971751e+001 2.83001352e+001  2.83027796e+001 -1.75200691e+000 -1.75151284e+000  -1.75105954e+000 -4.92604514e+000 -4.92604514e+000  -4.92604514e+000 8.91797721e+000 8.91797689e+000  8.91797662e+000
 5.57793317e+000 5.57793324e+000  5.57793331e+000 -7.66371574e+000 -7.66371573e+000  -7.66371573e+000 9.83054398e-001 9.83054392e-001  9.83054373e-001 1.31033358e+001 1.31033358e+001  1.31033358e+001 3.17486424e+000 3.17533014e+000  3.17573446e+000
 1.48401010e-001 1.48417164e-001  1.48431229e-001
 1.43558715e+001 1.43558715e+001  1.43558715e+001 7.46622764e+000 7.46622764e+000  7.46622764e+000 -1.58480422e+001 -1.58480422e+001  -1.58480422e+001 1.49338586e+001 1.49338586e+001  1.49338586e+001 5.05862025e+001 5.05862025e+001  5.05862025e+001
 2.14978230e+001 2.14978230e+001  2.14978230e+001 -4.25690725e+001 -4.25690725e+001  -4.25690725e+001 1.56534741e+001 1.56534741e+001  1.56534741e+001 -1.39727160e+001 -1.39727160e+001  -1.39727160e+001 -1.74976079e+001 -1.74976079e+001  -1.74976079e+001
 -7.49940199e+000 -7.49940199e+000  -7.49940199e+000 6.88215953e-001 6.88215953e-001  6.88215953e-001 9.53686241e+000 9.53686241e+000  9.53686241e+000 -1.68641463e+000 -1.68641463e+000  -1.68641463e+000 -2.55177242e+000 -2.55177242e+000  -2.55177242e+000
 -4.49321328e-001 -4.49321328e-001  -4.49321328e-001
 -6.44684634e+000 -6.44684627e+000  -6.44684608e+000 2.02683778e+001 2.02683779e+001  2.02683780e+001 -1.83120315e+001 -1.83120315e+001  -1.83120315e+001 3.53097357e+001 3.53097357e+001  3.53097357e+001 -2.16719412e+001 -2.16719412e+001  -2.16719412e+001
 -1.78039273e+001 -1.78039273e+001  -1.78039273e+001 -7.37220202e+000 -7.37220202e+000  -7.37220202e+000 -9.02759918e+000 -9.02759918e+000  -9.02759918e+000 5.33557052e+000 5.33557052e+000  5.33557052e+000 5.02430261e+000 5.02430261e+000  5.02430261e+000
 1.68592456e+000 1.68592456e+000  1.68592456e+000 -2.51280880e+000 -2.51280880e+000  -2.51280880e+000 -3.02453667e-001 -3.02453667e-001  -3.02453667e-001 -1.23069354e+001 -1.23069354e+001  -1.23069354e+001 2.65188340e+000 2.65188341e+000  2.65188344e+000
 1.42292074e-001 1.42292075e-001  1.42292078e-001
 4.65803722e+000 4.65803722e+000  4.65803722e+000 4.41650898e-002 4.41650898e-002  4.41650898e-002 -1.81302053e+001 -1.81302053e+001  -1.81302053e+001 6.87345784e+000 6.87345784e+000  6.87345784e+000 -1.42856095e+001 -1.42856095e+001  -1.42856095e+001
 -1.10270790e+001 -1.10270790e+001  -1.10270790e+001 -8.12269413e+000 -8.12269413e+000  -8.12269413e+000 -7.24294600e+000 -7.24294600e+000  -7.24294600e+000 -1.17471526e+001 -1.17471526e+001  -1.17471526e+001 -4.64459157e+000 -4.64459157e+000  -4.64459157e+000
 -1.43198896e+001 -1.43198896e+001  -1.43198896e+001 -5.92662341e+000 -5.92662341e+000  -5.92662341e+000 -1.51025029e+001 -1.51025029e+001  -1.51025029e+001 -7.71526091e+000 -7.71526091e+000  -7.71526091e+000 -2.43251126e+000 -2.43251126e+000  -2.43251126e+000
 -8.48412029e-001 -8.48412029e-001  -8.48412029e-001
 2.08286477e+001 2.08286477e+001  2.08286477e+001 -1.62758858e+001 -1.62758858e+001  -1.62758858e+001 4.22479442e+000 4.22479442e+000  4.22479442e+000 3.18083613e+000 3.18083613e+000  3.18083613e+000 -2.14848716e+001 -2.14848716e+001  -2.14848716e+001
 4.83937973e+000 4.83937973e+000  4.83937973e+000 2.49637233e+001 2.49637233e+001  2.49637233e+001 1.28585970e+000 1.28585970e+000  1.28585970e+000 1.06879075e+001 1.06879075e+001  1.06879075e+001 6.02578191e+000 6.02578191e+000  6.02578191e+000
 1.87827347e+000 1.87827347e+000  1.87827347e+000 1.29750633e+001 1.29750633e+001  1.29750633e+001 7.44538573e+000 7.44538573e+000  7.44538573e+000 5.78635046e+000 5.78635046e+000  5.78635046e+000 -6.36900102e+000 -6.36900102e+000  -6.36900102e+000
 -1.59967938e-001 -1.59967938e-001  -1.59967938e-001
 -3.45386898e+000 -3.45386897e+000  -3.45386896e+000 7.24752889e+000 7.24752947e+000  7.24752997e+000 -2.03613256e+001 -2.03610292e+001  -2.03607665e+001 1.49055638e+001 1.49055638e+001  1.49055638e+001 -4.11884480e+001 -4.11884480e+001  -4.11884480e+001
 2.29083637e+001 2.29081136e+001  2.29079224e+001 -2.21435556e+001 -2.21405955e+001  -2.21379512e+001 1.42101324e+001 1.42106265e+001  1.42110798e+001 -3.20243827e+000 -3.20243827e+000  -3.20243827e+000 -1.66173883e+001 -1.66173886e+001  -1.66173889e+001
 -5.45150655e+000 -5.45150647e+000  -5.45150641e+000 1.77958369e+001 1.77958369e+001  1.77958369e+001 3.29011038e+000 3.29011038e+000  3.29011036e+000 1.17539550e+001 1.17539550e+001  1.17539550e+001 -7.08271328e-001 -7.07805426e-001  -7.07401105e-001
 -4.91094389e-003 -4.89479050e-003  -4.88072474e-003
 1.95256878e+000 1.95256878e+000  1.95256878e+000 3.19391231e-001 3.19391231e-001  3.19391231e-001 -9.45397695e+000 -9.45397695e+000  -9.45397695e+000 1.71956291e+001 1.71956291e+001  1.71956291e+001 7.58972882e+000 7.58972882e+000  7.58972882e+000
 -3.84918938e+000 -3.84918938e+000  -3.84918938e+000 1.98000841e+001 1.98000841e+001  1.98000841e+001 8.00324685e-001 8.00324685e-001  8.00324685e-001 -4.33966792e+000 -4.33966792e+000  -4.33966792e+000 1.13596816e+001 1.13596816e+001  1.13596816e+001
 1.76167258e+000 1.76167258e+000  1.76167258e+000 -3.43037681e+000 -3.43037681e+000  -3.43037681e+000 -4.50064659e+000 -4.50064659e+000  -4.50064659e+000 -8.45933339e-001 -8.45933339e-001  -8.45933339e-001 -2.75092510e+000 -2.75092510e+000  -2.75092510e+000
 -9.38972593e-002 -9.38972593e-002  -9.38972593e-002
 -1.36356742e+000 -1.36356742e+000  -1.36356742e+000 5.28307954e+000 5.28307954e+000  5.28307954e+000 -6.84561741e+000 -6.84561741e+000  -6.84561741e+000 9.82036577e+000 9.82036577e+000  9.82036577e+000 -1.60695425e+000 -1.60695425e+000  -1.60695425e+000
 -2.76039640e+000 -2.76039640e+000  -2.76039640e+000 2.29957343e+001 2.29957343e+001  2.29957343e+001 1.81408067e+000 1.81408067e+000  1.81408067e+000 -8.11834579e+000 -8.11834579e+000  -8.11834579e+000 9.02426068e+000 9.02426068e+000  9.02426068e+000
 2.87356995e+000 2.87356995e+000  2.87356995e+000 -2.97373022e+000 -2.97373022e+000  -2.97373022e+000 -6.70086242e-001 -6.70086242e-001  -6.70086242e-001 5.29611944e-001 5.29611944e-001  5.29611944e-001 -2.83854185e+000 -2.83854185e+000  -2.83854185e+000
 -2.48292196e-001 -2.48292196e-001  -2.48292196e-001
 1.60778135e+001 1.60778135e+001  1.60778135e+001 1.78940748e+001 1.78940748e+001  1.78940748e+001 2.08835825e+001 2.08835825e+001  2.08835825e+001 1.31023635e+000 1.31023635e+000  1.31023635e+000 4.47690918e+001 4.47690918e+001  4.47690918e+001
 -1.29540907e+001 -1.29540907e+001  -1.29540907e+001 -3.44081559e+001 -3.44081559e+001  -3.44081559e+001 -1.00716351e+001 -1.00716351e+001  -1.00716351e+001 -9.42140763e+000 -9.42140763e+000  -9.42140763e+000 -4.69403855e+000 -4.69403855e+000  -4.69403855e+000
 6.20725939e+000 6.20725939e+000  6.20725939e+000 -3.54312025e+000 -3.54312025e+000  -3.54312025e+000 5.05625871e+000 5.05625871e+000  5.05625871e+000 -1.14897787e+001 -1.14897787e+001  -1.14897787e+001 -1.84826915e+000 -1.84826915e+000  -1.84826915e+000
 4.33804879e-002 4.33804879e-002  4.33804879e-002
 -2.61551958e+001 -2.61551958e+001  -2.61551958e+001 3.11622086e+000 3.11622086e+000  3.11622086e+000 2.97226677e+001 2.97226677e+001  2.97226677e+001 2.91291217e+001 2.91291217e+001  2.91291217e+001 -3.14199585e+001 -3.14199585e+001  -3.14199585e+001
 3.25894531e+000 3.25894531e+000  3.25894531e+000 1.57902841e+001 1.57902841e+001  1.57902841e+001 1.62336270e+000 1.62336270e+000  1.62336270e+000 1.43793818e+001 1.43793818e+001  1.43793818e+001 -1.85967759e+000 -1.85967759e+000  -1.85967759e+000
 1.04340663e+000 1.04340663e+000  1.04340663e+000 -3.25540414e+000 -3.25540414e+000  -3.25540414e+000 -1.18734435e+001 -1.18734435e+001  -1.18734435e+001 -4.87951003e+000 -4.87951003e+000  -4.87951003e+000 5.19890993e+000 5.19890993e+000  5.19890993e+000
 -5.43551485e-002 -5.43551485e-002  -5.43551485e-002
 1.03278941e+001 1.03278942e+001  1.03278944e+001 -1.28990534e+001 -1.28990534e+001  -1.28990533e+001 -1.44747992e+001 -1.44747992e+001  -1.44747992e+001 5.57942362e-001 5.57942362e-001  5.57942362e-001 -2.67979265e+001 -2.67979265e+001  -2.67979265e+001
 -1.10020940e+001 -1.10020940e+001  -1.10020940e+001 1.70021627e+001 1.70021627e+001  1.70021627e+001 -5.35467391e+000 -5.35467391e+000  -5.35467391e+000 -9.56601417e+000 -9.56601417e+000  -9.56601417e+000 7.67341718e+000 7.67341718e+000  7.67341718e+000
 -1.53917577e+001 -1.53917577e+001  -1.53917577e+001 -3.57496982e+000 -3.57496982e+000  -3.57496982e+000 1.90358507e+001 1.90358507e+001  1.90358507e+001 3.34871803e-001 3.34871803e-001  3.34871803e-001 -2.03345943e+000 -2.03345942e+000  -2.03345939e+000
 -3.37522678e-001 -3.37522677e-001  -3.37522674e-001
 1.35059765e+001 1.35059765e+001  1.35059765e+001 -1.28944274e+001 -1.28944274e+001  -1.28944274e+001 -1.93153648e+001 -1.93153648e+001  -1.93153648e+001 -1.11416693e+001 -1.11416693e+001  -1.11416693e+001 3.21294213e+001 3.21294213e+001  3.21294213e+001
 -2.09585361e+000 -2.09585361e+000  -2.09585361e+000 -2.30239849e+001 -2.30239849e+001  -2.30239849e+001 -4.10480965e+000 -4.10480965e+000  -4.10480965e+000 5.64605619e+000 5.64605619e+000  5.64605619e+000 -7.06039275e+000 -7.06039275e+000  -7.06039275e+000
 -3.71980471e+000 -3.71980471e+000  -3.71980471e+000 -3.45810434e+000 -3.45810434e+000  -3.45810434e+000 -7.77769748e+000 -7.77769748e+000  -7.77769748e+000 1.77785871e+000 1.77785871e+000  1.77785871e+000 -5.45980136e-001 -5.45980136e-001  -5.45980136e-001
 -4.71410473e-001 -4.71410473e-001  -4.71410473e-001
 -3.89136018e+001 -3.89136018e+001  -3.89136018e+001 1.07221092e+001 1.07221092e+001  1.07221092e+001 -1.39893320e+001 -1.39893320e+001  -1.39893320e+001 -9.20199077e+000 -9.20199077e+000  -9.20199077e+000 1.18970471e+001 1.18970471e+001  1.18970471e+001
 4.38940563e+000 4.38940563e+000  4.38940563e+000 3.67119198e+001 3.67119198e+001  3.67119198e+001 -2.53880742e+000 -2.53880742e+000  -2.53880742e+000 -5.03831105e+000 -5.03831105e+000  -5.03831105e+000 -9.64608367e+000 -9.64608367e+000  -9.64608367e+000
 9.95426136e-001 9.95426136e-001  9.95426136e-001 -3.06528581e+000 -3.06528581e+000  -3.06528581e+000 -9.34633715e+000 -9.34633715e+000  -9.34633715e+000 2.48694234e+000 2.48694234e+000  2.48694234e+000 4.25414958e+000 4.25414958e+000  4.25414958e+000
 -5.88107519e-002 -5.88107519e-002  -5.88107519e-002
 -5.67032086e+001 -5.67032086e+001  -5.67032085e+001 -4.18922622e+001 -4.18922622e+001  -4.18922621e+001 4.65061995e+001 4.65062011e+001  4.65062024e+001 -1.75628810e+001 -1.75628810e+001  -1.75628810e+001 9.79041029e+001 9.79041029e+001  9.79041029e+001
 -5.96336507e+001 -5.96336520e+001  -5.96336531e+001 1.06002595e+002 1.06002611e+002  1.06002625e+002 -3.72843462e+001 -3.72843435e+001  -3.72843412e+001 -1.95774896e+001 -1.95774896e+001  -1.95774896e+001 2.43689670e+001 2.43689670e+001  2.43689670e+001
 2.24988841e+001 2.24988841e+001  2.24988841e+001 -5.36950420e+000 -5.36950420e+000  -5.36950420e+000 5.47971659e+000 5.47971659e+000  5.47971659e+000 5.06838545e+000 5.06838545e+000  5.06838545e+000 -1.22137522e+000 -1.22137276e+000  -1.22137061e+000
 -5.85234296e-002 -5.85233440e-002  -5.85232688e-002
 -6.57668985e-001 -6.57668950e-001  -6.57668868e-001 -1.96814158e-001 -1.96813926e-001  -1.96813696e-001 -1.85718993e+001 -1.85717900e+001  -1.85716935e+001 2.78929402e+001 2.78929402e+001  2.78929402e+001 6.78032236e-001 6.78032236e-001  6.78032236e-001
 3.75400648e+000 3.75391723e+000  3.75385439e+000 5.10503203e-001 5.11588069e-001  5.12544232e-001 5.50406500e+000 5.50424734e+000  5.50441449e+000 6.31618611e+000 6.31618611e+000  6.31618611e+000 4.64830675e-001 4.64830557e-001  4.64830462e-001
 5.38474015e-001 5.38474043e-001  5.38474065e-001 -1.58767951e+001 -1.58767951e+001  -1.58767951e+001 -2.94469417e+001 -2.94469417e+001  -2.94469417e+001 3.22703446e+000 3.22703446e+000  3.22703446e+000 3.49561521e+000 3.49578550e+000  3.49593043e+000
 -3.31605318e-001 -3.31599416e-001  -3.31594377e-001
 4.65542254e-001 4.65542316e-001  4.65542457e-001 7.20265096e-001 7.20265529e-001  7.20265964e-001 1.47888454e+001 1.47890457e+001  1.47892216e+001 -1.07440372e+002 -1.07440372e+002  -1.07440372e+002 -2.37876547e-001 -2.37876547e-001  -2.37876547e-001
 -9.22066563e+000 -9.22084167e+000  -9.22098711e+000 -1.60316383e-001 -1.58297088e-001  -1.56477262e-001 -1.00290015e+001 -1.00286676e+001  -1.00283636e+001 -1.73088941e+000 -1.73088941e+000  -1.73088941e+000 -7.28484412e-001 -7.28484635e-001  -7.28484826e-001
 -1.18952498e+000 -1.18952492e+000  -1.18952488e+000 -1.08177591e+001 -1.08177591e+001  -1.08177591e+001 9.60161877e+000 9.60161877e+000  9.60161876e+000 -1.50943588e+000 -1.50943588e+000  -1.50943588e+000 -6.88041285e-001 -6.87722618e-001  -6.87442156e-001
 -5.51421169e-001 -5.51410118e-001  -5.51400358e-001
 1.66245344e-001 1.66245396e-001  1.66245516e-001 -2.23833841e-001 -2.23833477e-001  -2.23833109e-001 1.84122363e+001 1.84124035e+001  1.84125498e+001 -1.01158230e+002 -1.01158230e+002  -1.01158230e+002 -2.46209137e+000 -2.46209137e+000  -2.46209137e+000
 -7.30472455e+000 -7.30487371e+000  -7.30500015e+000 -1.38174772e+000 -1.38005597e+000  -1.37852645e+000 -1.02251521e+001 -1.02248734e+001  -1.02246203e+001 1.83117675e+000 1.83117675e+000  1.83117675e+000 -9.58784830e-001 -9.58785018e-001  -9.58785180e-001
 -1.06436827e+000 -1.06436823e+000  -1.06436819e+000 -7.91278126e+000 -7.91278126e+000  -7.91278126e+000 7.10604630e+000 7.10604629e+000  7.10604629e+000 1.32404264e+000 1.32404264e+000  1.32404264e+000 -2.79448256e+000 -2.79421533e+000  -2.79397894e+000
 -4.50377203e-001 -4.50367936e-001  -4.50359709e-001
 3.50250003e+000 3.50250003e+000  3.50250003e+000 2.86865516e+000 2.86865516e+000  2.86865516e+000 -1.11841611e+000 -1.11841611e+000  -1.11841611e+000 3.76957153e+001 3.76957153e+001  3.76957153e+001 -5.61704748e+000 -5.61704748e+000  -5.61704748e+000
 1.16928994e+001 1.16928994e+001  1.16928994e+001 -8.85016368e-001 -8.85016368e-001  -8.85016368e-001 6.06663014e+000 6.06663014e+000  6.06663014e+000 3.64517109e-001 3.64517109e-001  3.64517109e-001 -7.05872148e-001 -7.05872148e-001  -7.05872148e-001
 -3.02857289e+000 -3.02857289e+000  -3.02857289e+000 7.94907001e+000 7.94907001e+000  7.94907001e+000 -4.26323132e+000 -4.26323132e+000  -4.26323132e+000 4.30109857e+000 4.30109857e+000  4.30109857e+000 -2.87399268e+000 -2.87399268e+000  -2.87399268e+000
 -1.35397666e-001 -1.35397666e-001  -1.35397666e-001
 3.37085087e+000 3.37085087e+000  3.37085087e+000 6.09375296e-001 6.09375296e-001  6.09375296e-001 -3.39536839e+000 -3.39536839e+000  -3.39536839e+000 5.20017777e+001 5.20017777e+001  5.20017777e+001 -5.24813516e+000 -5.24813516e+000  -5.24813516e+000
 -8.46807378e+000 -8.46807378e+000  -8.46807378e+000 -1.03043987e+000 -1.03043987e+000  -1.03043987e+000 -6.13944734e+000 -6.13944734e+000  -6.13944734e+000 1.63552042e+000 1.63552042e+000  1.63552042e+000 -7.04801175e-001 -7.04801175e-001  -7.04801175e-001
 -2.64147567e+000 -2.64147567e+000  -2.64147567e+000 -9.37913849e-002 -9.37913849e-002  -9.37913849e-002 -3.67322199e+000 -3.67322199e+000  -3.67322199e+000 9.15535634e-001 9.15535634e-001  9.15535634e-001 -5.29198442e+000 -5.29198442e+000  -5.29198442e+000
 4.37838335e-003 4.37838335e-003  4.37838335e-003
 1.97702692e+000 1.97702692e+000  1.97702692e+000 2.00742900e+000 2.00742900e+000  2.00742900e+000 -7.68858979e+000 -7.68858979e+000  -7.68858979e+000 -1.53732339e+001 -1.53732339e+001  -1.53732339e+001 -2.94380180e+000 -2.94380180e+000  -2.94380180e+000
 -5.04104885e+000 -5.04104885e+000  -5.04104885e+000 -1.26325331e+000 -1.26325331e+000  -1.26325331e+000 -4.61664264e-001 -4.61664264e-001  -4.61664264e-001 -8.12652192e+000 -8.12652192e+000  -8.12652192e+000 -4.00201859e-001 -4.00201859e-001  -4.00201859e-001
 -3.47496999e+000 -3.47496999e+000  -3.47496999e+000 -5.09869638e+000 -5.09869638e+000  -5.09869638e+000 5.06253351e+000 5.06253351e+000  5.06253351e+000 -3.92917061e+000 -3.92917061e+000  -3.92917061e+000 1.03967349e+000 1.03967349e+000  1.03967349e+000
 -5.68545183e-001 -5.68545183e-001  -5.68545183e-001
 1.74887525e+000 1.74887534e+000  1.74887553e+000 2.25529057e+000 2.25529120e+000  2.25529182e+000 -8.00222070e+000 -8.00192423e+000  -8.00166155e+000 -1.29405273e+001 -1.29405273e+001  -1.29405273e+001 -3.14321570e+000 -3.14321570e+000  -3.14321570e+000
 -5.13894338e+000 -5.13919349e+000  -5.13938468e+000 -1.30326997e+000 -1.30030989e+000  -1.29766554e+000 -5.48736795e-001 -5.48242726e-001  -5.47789424e-001 -8.49595144e+000 -8.49595144e+000  -8.49595144e+000 -3.63262543e-001 -3.63262867e-001  -3.63263138e-001
 -3.53214189e+000 -3.53214181e+000  -3.53214175e+000 -5.19645094e+000 -5.19645094e+000  -5.19645093e+000 5.43426582e+000 5.43426581e+000  5.43426580e+000 -4.10638820e+000 -4.10638820e+000  -4.10638820e+000 1.59976654e+000 1.60023246e+000  1.60063681e+000
 -4.67443746e-001 -4.67427592e-001  -4.67413523e-001
 -3.27568895e+000 -3.27568903e+000 -3.27568923e+000
 -1.87139356e+000 -1.87244761e+000 -1.87335433e+000
 -1.11099097e+000 -1.11154881e+000 -1.11202419e+000
 -2.08590340e+000 -2.08590340e+000 -2.08590340e+000
 -3.13489035e+000 -3.13489035e+000 -3.13489035e+000
 3.16615897e+000 3.16610335e+000 3.16611444e+000
 -1.24082665e+001 -1.24086285e+001 -1.24089600e+001
 -1.84836449e+000 -1.84896428e+000 -1.84947213e+000
 -1.60636621e+000 -1.60636621e+000 -1.60636621e+000
 8.80599746e+000 8.80599731e+000 8.80599700e+000
 -1.01004561e+001 -1.01004561e+001 -1.01004561e+001
 -1.16539644e+000 -1.16539644e+000 -1.16539644e+000
 -7.32456710e-001 -7.33511136e-001 -7.34418301e-001
 -1.53003902e+000 -1.53109332e+000 -1.53200018e+000
 -1.79556379e+000 -1.79600946e+000 -1.79638269e+000
 -1.22848142e-001 -1.23000107e-001 -1.23129860e-001
