  1.4052e+000  1.9883e-001  8.1240e-001 -3.1036e-002  9.5110e-002
 -5.6809e-001 -5.7013e-001 -2.5898e-001 -3.3121e-001 -6.4402e-001
 -4.5591e-001  1.1926e+000 -4.3237e-001 -2.6821e-003 -3.0176e-004
 -9.1535e-006
  1.1484e+000
 -8.68176642e-001 -8.68176642e-001  -8.68176642e-001 -8.65418270e-002 -8.65418270e-002  -8.65418270e-002 -7.58691538e-001 -7.58691538e-001  -7.58691538e-001 -6.00556234e-002 -6.00556234e-002  -6.00556234e-002 4.76010190e-001 4.76010190e-001  4.76010190e-001
 -5.31009906e-001 -5.31009906e-001  -5.31009906e-001 6.44981028e-001 6.44981028e-001  6.44981028e-001 -8.30079185e-002 -8.30079185e-002  -8.30079185e-002 -4.28049034e-001 -4.28049034e-001  -4.28049034e-001 -2.39471622e+000 -2.39471622e+000  -2.39471622e+000
 2.57565502e-001 2.57565502e-001  2.57565502e-001 -8.83326914e-001 -8.83326914e-001  -8.83326914e-001 -2.94760192e-001 -2.94760192e-001  -2.94760192e-001 -3.66003225e-004 -3.66003225e-004  -3.66003225e-004 -2.63338292e-004 -2.63338292e-004  -2.63338292e-004
 -1.22019486e-006 -1.22019486e-006  -1.22019486e-006
 2.12023596e+000 2.12023596e+000  2.12023596e+000 1.32788460e+000 1.32788460e+000  1.32788460e+000 1.95356018e-001 1.95356018e-001  1.95356018e-001 5.91682371e-001 5.91682371e-001  5.91682371e-001 1.44499614e+000 1.44499614e+000  1.44499614e+000
 -9.69769440e-001 -9.69769440e-001  -9.69769440e-001 -4.93363489e-001 -4.93363489e-001  -4.93363489e-001 2.39040816e+000 2.39040816e+000  2.39040816e+000 -6.28967566e-001 -6.28967566e-001  -6.28967566e-001 -9.36507990e-001 -9.36507990e-001  -9.36507990e-001
 -5.97251137e-001 -5.97251137e-001  -5.97251137e-001 3.72104887e+000 3.72104887e+000  3.72104887e+000 2.91253176e-001 2.91253176e-001  2.91253176e-001 -7.90511087e-004 -7.90511087e-004  -7.90511087e-004 3.75089558e-005 3.75089558e-005  3.75089558e-005
 -3.38371114e-006 -3.38371114e-006  -3.38371114e-006
 7.60965390e-001 7.60965390e-001  7.60965390e-001 -9.84942628e-001 -9.84942628e-001  -9.84942628e-001 -1.63871704e+000 -1.63871704e+000  -1.63871704e+000 -8.35620790e-001 -8.35620790e-001  -8.35620790e-001 -1.48258897e+000 -1.48258897e+000  -1.48258897e+000
 -1.13559922e+000 -1.13559922e+000  -1.13559922e+000 -1.59339622e+000 -1.59339622e+000  -1.59339622e+000 -1.60764395e+000 -1.60764395e+000  -1.60764395e+000 -8.23333018e-002 -8.23333018e-002  -8.23333018e-002 -2.43780227e-001 -2.43780227e-001  -2.43780227e-001
 -3.28711223e-001 -3.28711223e-001  -3.28711223e-001 -2.54021893e-001 -2.54021893e-001  -2.54021893e-001 -3.23351785e-001 -3.23351785e-001  -3.23351785e-001 -9.57247527e-004 -9.57247527e-004  -9.57247527e-004 2.24309521e-004 2.24309521e-004  2.24309521e-004
 -3.25827901e-006 -3.25827901e-006  -3.25827901e-006
 1.89048454e+000 1.89048454e+000  1.89048454e+000 5.51171948e-001 5.51171948e-001  5.51171948e-001 3.27124004e+000 3.27124004e+000  3.27124004e+000 8.61290825e-002 8.61290825e-002  8.61290825e-002 4.72833869e-001 4.72833869e-001  4.72833869e-001
 1.49849901e+000 1.49849901e+000  1.49849901e+000 6.09920101e-001 6.09920101e-001  6.09920101e-001 -1.18874900e+000 -1.18874900e+000  -1.18874900e+000 8.30651680e-001 8.30651680e-001  8.30651680e-001 2.64234098e+000 2.64234098e+000  2.64234098e+000
 3.02911383e-001 3.02911383e-001  3.02911383e-001 1.09613987e+000 1.09613987e+000  1.09613987e+000 7.99615830e-002 7.99615830e-002  7.99615830e-002 -1.30836967e-003 -1.30836967e-003  -1.30836967e-003 -5.37054758e-004 -5.37054758e-004  -5.37054758e-004
 -5.60891632e-006 -5.60891632e-006  -5.60891632e-006
 -1.61882720e+000 -1.61881479e+000  -1.61881358e+000 -5.32365913e-001 -5.32363791e-001  -5.32361797e-001 2.46518490e-001 2.46519405e-001  2.46519993e-001 -4.33439342e-002 -4.33472367e-002  -4.33491704e-002 -7.48769449e-001 -7.48758219e-001  -7.48753875e-001
 1.10572745e-002 1.10552716e-002  1.10510059e-002 4.49807712e-002 4.49869640e-002  4.49898070e-002 -3.79203961e-001 -3.79215125e-001  -3.79220432e-001 -1.65985304e-001 -1.65979774e-001  -1.65976333e-001 -5.57430654e-001 -5.57434322e-001  -5.57439628e-001
 -3.07981809e-001 -3.07975267e-001  -3.07973933e-001 -2.37463663e+000 -2.37464201e+000  -2.37465051e+000 -3.31448038e-001 -3.31439871e-001  -3.31436795e-001 -8.91943143e-004 -8.91964473e-004  -8.91973252e-004 5.60873990e-005 5.60638381e-005  5.60541403e-005
 -1.78515875e-006 -1.78579216e-006  -1.78604569e-006
 4.92737048e-001 4.92737048e-001  4.92737048e-001 3.15018556e-001 3.15018556e-001  3.15018556e-001 -8.97081291e-001 -8.97081291e-001  -8.97081291e-001 1.23446317e-001 1.23446317e-001  1.23446317e-001 -2.47497689e-001 -2.47497689e-001  -2.47497689e-001
 -2.49760533e-001 -2.49760533e-001  -2.49760533e-001 4.85760282e-001 4.85760282e-001  4.85760282e-001 7.30462824e-001 7.30462824e-001  7.30462824e-001 6.56000643e-002 6.56000643e-002  6.56000643e-002 9.94446439e-001 9.94446439e-001  9.94446439e-001
 6.29380380e-001 6.29380380e-001  6.29380380e-001 1.94608754e+000 1.94608754e+000  1.94608754e+000 4.91778034e-001 4.91778034e-001  4.91778034e-001 1.28230560e-004 1.28230560e-004  1.28230560e-004 -1.27476371e-006 -1.27476371e-006  -1.27476371e-006
 -1.15896940e-007 -1.15896940e-007  -1.15896940e-007
 8.75307340e-001 8.75307340e-001  8.75307340e-001 8.43982347e-001 8.43982347e-001  8.43982347e-001 1.46917485e-001 1.46917485e-001  1.46917485e-001 2.25853158e-001 2.25853158e-001  2.25853158e-001 -1.97164907e-002 -1.97164907e-002  -1.97164907e-002
 6.89163667e-001 6.89163667e-001  6.89163667e-001 -1.69590738e-001 -1.69590738e-001  -1.69590738e-001 -3.51881605e-001 -3.51881605e-001  -3.51881605e-001 -4.77131621e-002 -4.77131621e-002  -4.77131621e-002 4.75967305e-001 4.75967305e-001  4.75967305e-001
 -4.91865271e-001 -4.91865271e-001  -4.91865271e-001 4.93015298e-001 4.93015298e-001  4.93015298e-001 -6.50814631e-001 -6.50814631e-001  -6.50814631e-001 5.74623694e-004 5.74623694e-004  5.74623694e-004 1.73971295e-004 1.73971295e-004  1.73971295e-004
 1.07529052e-007 1.07529052e-007  1.07529052e-007
 -1.13358113e+000 -1.13358113e+000  -1.13358113e+000 1.18596204e-002 1.18596204e-002  1.18596204e-002 -2.65705115e-001 -2.65705115e-001  -2.65705115e-001 -1.35492158e-002 -1.35492158e-002  -1.35492158e-002 1.44474704e+000 1.44474704e+000  1.44474704e+000
 7.21950376e-001 7.21950376e-001  7.21950376e-001 -1.23232482e-001 -1.23232482e-001  -1.23232482e-001 -4.76048465e-001 -4.76048465e-001  -4.76048465e-001 -8.95757287e-001 -8.95757287e-001  -8.95757287e-001 3.67029816e-001 3.67029816e-001  3.67029816e-001
 -2.47810575e-001 -2.47810575e-001  -2.47810575e-001 7.80126842e-001 7.80126842e-001  7.80126842e-001 -4.04873746e-001 -4.04873746e-001  -4.04873746e-001 6.83124732e-004 6.83124732e-004  6.83124732e-004 -2.32603818e-004 -2.32603818e-004  -2.32603818e-004
 3.15515029e-007 3.15515029e-007  3.15515029e-007
 -9.70143757e-001 -9.70143757e-001  -9.70143757e-001 4.62890867e-001 4.62890867e-001  4.62890867e-001 -7.85158538e-002 -7.85158538e-002  -7.85158538e-002 1.04101208e-001 1.04101208e-001  1.04101208e-001 5.54192116e-001 5.54192116e-001  5.54192116e-001
 -8.72054984e-001 -8.72054984e-001  -8.72054984e-001 1.00205326e-001 1.00205326e-001  1.00205326e-001 -3.09988561e-001 -3.09988561e-001  -3.09988561e-001 -5.04198032e-001 -5.04198032e-001  -5.04198032e-001 -9.79319565e-001 -9.79319565e-001  -9.79319565e-001
 6.01088419e-001 6.01088419e-001  6.01088419e-001 6.39665621e-001 6.39665621e-001  6.39665621e-001 2.49907256e-001 2.49907256e-001  2.49907256e-001 4.62866622e-005 4.62866622e-005  4.62866622e-005 -1.90496991e-005 -1.90496991e-005  -1.90496991e-005
 -1.08271600e-006 -1.08271600e-006  -1.08271600e-006
 4.11581225e-001 4.11581225e-001  4.11581225e-001 -1.28494604e-001 -1.28494604e-001  -1.28494604e-001 5.90782367e-001 5.90782367e-001  5.90782367e-001 1.23085423e-001 1.23085423e-001  1.23085423e-001 5.76839531e-001 5.76839531e-001  5.76839531e-001
 -1.90163528e-001 -1.90163528e-001  -1.90163528e-001 -7.29927548e-001 -7.29927548e-001  -7.29927548e-001 -7.94573685e-001 -7.94573685e-001  -7.94573685e-001 1.52250966e-001 1.52250966e-001  1.52250966e-001 9.23557397e-001 9.23557397e-001  9.23557397e-001
 -4.33547262e-002 -4.33547262e-002  -4.33547262e-002 1.24662795e+000 1.24662795e+000  1.24662795e+000 -1.66088641e-002 -1.66088641e-002  -1.66088641e-002 -8.32404724e-004 -8.32404724e-004  -8.32404724e-004 6.46269519e-004 6.46269519e-004  6.46269519e-004
 9.16279952e-007 9.16279952e-007  9.16279952e-007
 1.39634391e+000 1.39634391e+000  1.39634391e+000 -8.68507384e-001 -8.68507384e-001  -8.68507384e-001 -1.32553801e+000 -1.32553801e+000  -1.32553801e+000 -2.79770569e-001 -2.79770569e-001  -2.79770569e-001 -9.36069142e-002 -9.36069142e-002  -9.36069142e-002
 5.95326932e-001 5.95326932e-001  5.95326932e-001 -1.06371307e+000 -1.06371307e+000  -1.06371307e+000 -2.08162854e+000 -2.08162854e+000  -2.08162854e+000 -1.24601881e-001 -1.24601881e-001  -1.24601881e-001 1.02878806e-003 1.02878806e-003  1.02878806e-003
 3.35516331e-001 3.35516331e-001  3.35516331e-001 7.91888589e-001 7.91888589e-001  7.91888589e-001 4.92739898e-002 4.92739898e-002  4.92739898e-002 6.60766965e-004 6.60766965e-004  6.60766965e-004 4.25898387e-005 4.25898387e-005  4.25898387e-005
 -1.97102129e-006 -1.97102129e-006  -1.97102129e-006
 -7.09711017e-001 -7.09711017e-001  -7.09711017e-001 4.51889688e-002 4.51889688e-002  4.51889688e-002 1.28445149e+000 1.28445149e+000  1.28445149e+000 -8.23199613e-002 -8.23199613e-002  -8.23199613e-002 1.16811156e+000 1.16811156e+000  1.16811156e+000
 4.78059111e-001 4.78059111e-001  4.78059111e-001 -2.65947821e-001 -2.65947821e-001  -2.65947821e-001 9.07427538e-001 9.07427538e-001  9.07427538e-001 -5.92676163e-001 -5.92676163e-001  -5.92676163e-001 -1.23995640e+000 -1.23995640e+000  -1.23995640e+000
 2.40161871e-001 2.40161871e-001  2.40161871e-001 -1.08156260e+000 -1.08156260e+000  -1.08156260e+000 -2.76493146e-001 -2.76493146e-001  -2.76493146e-001 -3.41086961e-004 -3.41086961e-004  -3.41086961e-004 1.34014381e-004 1.34014381e-004  1.34014381e-004
 8.59575815e-008 8.59575815e-008  8.59575815e-008
 -2.06315470e+000 -2.06315470e+000  -2.06315470e+000 1.31167715e+000 1.31167715e+000  1.31167715e+000 -2.35505108e-001 -2.35505108e-001  -2.35505108e-001 -7.26113181e-002 -7.26113181e-002  -7.26113181e-002 1.51087582e+000 1.51087582e+000  1.51087582e+000
 5.04919874e-001 5.04919874e-001  5.04919874e-001 -3.97206926e-001 -3.97206926e-001  -3.97206926e-001 -1.41516451e+000 -1.41516451e+000  -1.41516451e+000 -6.37335926e-001 -6.37335926e-001  -6.37335926e-001 -2.03877743e+000 -2.03877743e+000  -2.03877743e+000
 -4.70837043e-001 -4.70837043e-001  -4.70837043e-001 8.92110527e-001 8.92110527e-001  8.92110527e-001 -5.21729481e-001 -5.21729481e-001  -5.21729481e-001 -5.03775679e-006 -5.03775679e-006  -5.03775679e-006 -1.50244448e-004 -1.50244448e-004  -1.50244448e-004
 -6.08180447e-007 -6.08180447e-007  -6.08180447e-007
 2.74425067e-001 2.74425067e-001  2.74425067e-001 -2.00822474e-001 -2.00822474e-001  -2.00822474e-001 3.80376051e-001 3.80376051e-001  3.80376051e-001 1.60794762e-001 1.60794762e-001  1.60794762e-001 3.37695814e-001 3.37695814e-001  3.37695814e-001
 1.75221086e-001 1.75221086e-001  1.75221086e-001 1.02464845e-001 1.02464845e-001  1.02464845e-001 9.44306387e-001 9.44306387e-001  9.44306387e-001 -1.35016668e-002 -1.35016668e-002  -1.35016668e-002 1.97741712e-001 1.97741712e-001  1.97741712e-001
 4.78457641e-001 4.78457641e-001  4.78457641e-001 1.34890326e-001 1.34890326e-001  1.34890326e-001 2.56531176e-001 2.56531176e-001  2.56531176e-001 -2.03226520e-004 -2.03226520e-004  -2.03226520e-004 -9.01774127e-005 -9.01774127e-005  -9.01774127e-005
 -4.99715339e-008 -4.99715339e-008  -4.99715339e-008
 1.32672829e+000 1.32672829e+000  1.32672829e+000 -1.36467308e+000 -1.36467308e+000  -1.36467308e+000 -9.32178814e-001 -9.32178814e-001  -9.32178814e-001 -7.52239043e-001 -7.52239043e-001  -7.52239043e-001 -4.79857627e-001 -4.79857627e-001  -4.79857627e-001
 -3.05367156e-001 -3.05367156e-001  -3.05367156e-001 -6.99996601e-001 -6.99996601e-001  -6.99996601e-001 3.38002639e-001 3.38002639e-001  3.38002639e-001 -6.48942635e-001 -6.48942635e-001  -6.48942635e-001 -1.64274077e+000 -1.64274077e+000  -1.64274077e+000
 -6.59469464e-001 -6.59469464e-001  -6.59469464e-001 5.95321731e-001 5.95321731e-001  5.95321731e-001 -1.13282877e-001 -1.13282877e-001  -1.13282877e-001 -2.25163548e-004 -2.25163548e-004  -2.25163548e-004 6.43741383e-005 6.43741383e-005  6.43741383e-005
 -1.96016335e-006 -1.96016335e-006  -1.96016335e-006
 4.34962356e-001 4.34962356e-001  4.34962356e-001 -3.06748264e-001 -3.06748264e-001  -3.06748264e-001 -7.40469652e-001 -7.40469652e-001  -7.40469652e-001 2.81236845e-001 2.81236845e-001  2.81236845e-001 -2.16191221e-001 -2.16191221e-001  -2.16191221e-001
 -1.90222157e-001 -1.90222157e-001  -1.90222157e-001 5.43424689e-001 5.43424689e-001  5.43424689e-001 3.25273927e-001 3.25273927e-001  3.25273927e-001 5.88424859e-001 5.88424859e-001  5.88424859e-001 -9.60842098e-001 -9.60842098e-001  -9.60842098e-001
 5.27321597e-001 5.27321597e-001  5.27321597e-001 8.51754590e-001 8.51754590e-001  8.51754590e-001 8.26958562e-001 8.26958562e-001  8.26958562e-001 -2.22785268e-004 -2.22785268e-004  -2.22785268e-004 2.73450922e-005 2.73450922e-005  2.73450922e-005
 -1.11707978e-006 -1.11707978e-006  -1.11707978e-006
 -1.03977677e+000 -1.03977677e+000  -1.03977677e+000 2.97446864e-001 2.97446863e-001  2.97446863e-001 5.79237663e-001 5.79237663e-001  5.79237663e-001 1.90976033e-001 1.90976033e-001  1.90976033e-001 5.71617517e-002 5.71617514e-002  5.71617507e-002
 -1.54955770e+000 -1.54955770e+000  -1.54955770e+000 4.63297178e-001 4.63297178e-001  4.63297178e-001 4.20175630e-001 4.20175631e-001  4.20175631e-001 6.66022372e-001 6.66022371e-001  6.66022370e-001 2.03025086e-001 2.03025087e-001  2.03025088e-001
 -6.72905433e-001 -6.72905433e-001  -6.72905433e-001 -9.56226375e-001 -9.56226375e-001  -9.56226374e-001 3.33726915e-001 3.33726915e-001  3.33726915e-001 -5.16101825e-004 -5.16101823e-004  -5.16101821e-004 -6.51592523e-004 -6.51592522e-004  -6.51592519e-004
 -3.36791022e-007 -3.36790991e-007  -3.36790912e-007
 1.65575773e+000 1.65575822e+000  1.65575943e+000 8.27728588e-001 8.27729386e-001  8.27731381e-001 2.05358856e+000 2.05358880e+000  2.05358939e+000 6.47389822e-001 6.47389049e-001  6.47387115e-001 1.63805455e+000 1.63805628e+000  1.63806063e+000
 9.56031667e-001 9.56029961e-001  9.56025695e-001 3.92042620e-001 3.92043757e-001  3.92046600e-001 1.61240746e+000 1.61240534e+000  1.61240003e+000 6.64986110e-001 6.64987487e-001  6.64990928e-001 1.04186144e+000 1.04185932e+000  1.04185401e+000
 -7.56602337e-002 -7.56597001e-002  -7.56583662e-002 3.55284925e-001 3.55281525e-001  3.55273025e-001 2.98908772e-001 2.98910003e-001  2.98913079e-001 -6.36057988e-004 -6.36061501e-004  -6.36070282e-004 2.81936377e-004 2.81932496e-004  2.81922795e-004
 -6.65591931e-007 -6.65693377e-007  -6.65946993e-007
 -1.80665064e+000 -1.80663872e+000  -1.80663872e+000 -6.87324732e-001 -6.87323407e-001  -6.87323407e-001 2.07575449e+000 2.07575517e+000  2.07575517e+000 -1.49227144e-001 -1.49229673e-001  -1.49229673e-001 -9.45462146e-001 -9.45452654e-001  -9.45452654e-001
 -2.30271190e+000 -2.30271219e+000  -2.30271219e+000 1.95252733e-001 1.95257789e-001  1.95257789e-001 -2.54938829e-001 -2.54947870e-001  -2.54947870e-001 5.07005230e-001 5.07009385e-001  5.07009385e-001 -1.29854366e-001 -1.29855911e-001  -1.29855911e-001
 -5.17121883e-001 -5.17115875e-001  -5.17115875e-001 -2.59540985e+000 -2.59541183e+000  -2.59541183e+000 -1.62025975e-002 -1.61956610e-002  -1.61956610e-002 -5.22011185e-005 -5.22189371e-005  -5.22189371e-005 5.83233993e-005 5.83037175e-005  5.83037175e-005
 -1.07601422e-006 -1.07654622e-006  -1.07654622e-006
 -1.48822118e-001 -1.48822118e-001  -1.48822118e-001 1.16415006e+000 1.16415006e+000  1.16415006e+000 1.06586638e+000 1.06586638e+000  1.06586638e+000 -2.48422866e-002 -2.48422866e-002  -2.48422866e-002 2.70023578e-001 2.70023578e-001  2.70023578e-001
 1.47397358e+000 1.47397358e+000  1.47397358e+000 4.04680868e-001 4.04680868e-001  4.04680868e-001 5.35923720e-001 5.35923720e-001  5.35923720e-001 1.66816662e+000 1.66816662e+000  1.66816662e+000 1.37827175e+000 1.37827175e+000  1.37827175e+000
 1.43657459e+000 1.43657459e+000  1.43657459e+000 6.27830247e-002 6.27830247e-002  6.27830247e-002 5.93963749e-001 5.93963749e-001  5.93963749e-001 -2.19829883e-004 -2.19829883e-004  -2.19829883e-004 -7.74586927e-005 -7.74586927e-005  -7.74586927e-005
 -2.83243827e-007 -2.83243827e-007  -2.83243827e-007
 -6.06689604e-001 -6.06689604e-001  -6.06689604e-001 -6.14201943e-001 -6.14201943e-001  -6.14201943e-001 -7.28718929e-001 -7.28718929e-001  -7.28718929e-001 -1.11795704e-001 -1.11795704e-001  -1.11795704e-001 -1.71062820e-001 -1.71062820e-001  -1.71062820e-001
 -1.05765432e+000 -1.05765432e+000  -1.05765432e+000 -5.02663053e-001 -5.02663053e-001  -5.02663053e-001 -7.35229703e-001 -7.35229703e-001  -7.35229703e-001 -2.67694463e-001 -2.67694463e-001  -2.67694463e-001 1.17044794e+000 1.17044794e+000  1.17044794e+000
 -8.22570825e-004 -8.22570825e-004  -8.22570825e-004 -1.12969793e+000 -1.12969793e+000  -1.12969793e+000 -3.92041925e-001 -3.92041925e-001  -3.92041925e-001 -1.79099049e-004 -1.79099049e-004  -1.79099049e-004 -4.88471792e-005 -4.88471792e-005  -4.88471792e-005
 -1.79451859e-007 -1.79451859e-007  -1.79451859e-007
 -1.78278597e+000 -1.78278597e+000  -1.78278597e+000 1.01686696e+000 1.01686696e+000  1.01686696e+000 5.71252182e-001 5.71252182e-001  5.71252182e-001 9.42739908e-001 9.42739908e-001  9.42739908e-001 -1.00651867e+000 -1.00651867e+000  -1.00651867e+000
 1.85048880e-001 1.85048880e-001  1.85048880e-001 -3.73075978e-001 -3.73075978e-001  -3.73075978e-001 -3.69489376e-001 -3.69489376e-001  -3.69489376e-001 1.10167477e-001 1.10167477e-001  1.10167477e-001 -2.22219847e-001 -2.22219847e-001  -2.22219847e-001
 3.11291085e-001 3.11291085e-001  3.11291085e-001 1.05426883e+000 1.05426883e+000  1.05426883e+000 4.34900201e-001 4.34900201e-001  4.34900201e-001 -4.90760666e-004 -4.90760666e-004  -4.90760666e-004 7.07854520e-005 7.07854520e-005  7.07854520e-005
 -2.70329511e-008 -2.70329511e-008  -2.70329511e-008
 2.98121674e+000 2.98121674e+000  2.98121674e+000 -4.65750851e-001 -4.65750851e-001  -4.65750851e-001 8.03932334e-001 8.03932334e-001  8.03932334e-001 -6.15833944e-001 -6.15833944e-001  -6.15833944e-001 -4.22470165e-003 -4.22470165e-003  -4.22470165e-003
 -4.23666121e-001 -4.23666121e-001  -4.23666121e-001 -3.40505515e-001 -3.40505515e-001  -3.40505515e-001 -2.41327548e-001 -2.41327548e-001  -2.41327548e-001 -7.04658297e-001 -7.04658297e-001  -7.04658297e-001 -6.98508492e-001 -6.98508492e-001  -6.98508492e-001
 -1.54191089e-001 -1.54191089e-001  -1.54191089e-001 8.96329074e-001 8.96329074e-001  8.96329074e-001 -6.83646068e-001 -6.83646068e-001  -6.83646068e-001 -1.43379728e-004 -1.43379728e-004  -1.43379728e-004 1.24585878e-004 1.24585878e-004  1.24585878e-004
 8.91112952e-007 8.91112952e-007  8.91112952e-007
 1.69341947e+000 1.69341947e+000  1.69341947e+000 5.20607030e-001 5.20607030e-001  5.20607030e-001 -5.36810509e-001 -5.36810509e-001  -5.36810509e-001 3.05059836e-001 3.05059836e-001  3.05059836e-001 -5.75776536e-001 -5.75776536e-001  -5.75776536e-001
 -1.80138128e+000 -1.80138128e+000  -1.80138128e+000 6.82045228e-001 6.82045228e-001  6.82045228e-001 3.90864594e-001 3.90864594e-001  3.90864594e-001 1.11792667e+000 1.11792667e+000  1.11792667e+000 1.39506369e+000 1.39506369e+000  1.39506369e+000
 3.94573639e-001 3.94573639e-001  3.94573639e-001 7.23343514e-001 7.23343514e-001  7.23343514e-001 8.93943075e-001 8.93943075e-001  8.93943075e-001 -2.40727640e-004 -2.40727640e-004  -2.40727640e-004 -5.98889315e-005 -5.98889315e-005  -5.98889315e-005
 -7.74904414e-007 -7.74904414e-007  -7.74904414e-007
 1.50586715e-001 1.50586715e-001  1.50586715e-001 -3.62550769e-001 -3.62550769e-001  -3.62550769e-001 -1.62053878e+000 -1.62053878e+000  -1.62053878e+000 -5.26447073e-001 -5.26447073e-001  -5.26447073e-001 -1.02644666e+000 -1.02644666e+000  -1.02644666e+000
 -9.95874823e-001 -9.95874823e-001  -9.95874823e-001 -5.19129181e-002 -5.19129181e-002  -5.19129181e-002 -1.39531717e+000 -1.39531717e+000  -1.39531717e+000 -2.43973055e-001 -2.43973055e-001  -2.43973055e-001 -3.44844867e-001 -3.44844867e-001  -3.44844867e-001
 -1.63038706e+000 -1.63038706e+000  -1.63038706e+000 -1.43412553e+000 -1.43412553e+000  -1.43412553e+000 -9.06857583e-001 -9.06857583e-001  -9.06857583e-001 -9.05471999e-004 -9.05471999e-004  -9.05471999e-004 -3.67656353e-004 -3.67656353e-004  -3.67656353e-004
 -3.83913193e-007 -3.83913193e-007  -3.83913193e-007
 4.14748602e-001 4.14748602e-001  4.14748602e-001 -7.46767627e-001 -7.46767627e-001  -7.46767627e-001 -7.22980237e-001 -7.22980237e-001  -7.22980237e-001 4.21132166e-001 4.21132166e-001  4.21132166e-001 3.20283027e-001 3.20283027e-001  3.20283027e-001
 6.49101141e-001 6.49101141e-001  6.49101141e-001 1.57939618e-001 1.57939618e-001  1.57939618e-001 -7.99447251e-001 -7.99447251e-001  -7.99447251e-001 -5.76792902e-001 -5.76792902e-001  -5.76792902e-001 -3.09437048e-001 -3.09437048e-001  -3.09437048e-001
 2.13735142e-001 2.13735142e-001  2.13735142e-001 -5.36008220e-001 -5.36008220e-001  -5.36008220e-001 1.08715364e+000 1.08715364e+000  1.08715364e+000 1.61192331e-004 1.61192331e-004  1.61192331e-004 -1.44483247e-004 -1.44483247e-004  -1.44483247e-004
 1.16133571e-006 1.16133571e-006  1.16133571e-006
 -7.24123594e-001 -7.24123594e-001  -7.24123594e-001 -6.37209619e-001 -6.37209619e-001  -6.37209619e-001 1.59933148e+000 1.59933148e+000  1.59933148e+000 -8.11807048e-001 -8.11807048e-001  -8.11807048e-001 -6.03732380e-001 -6.03732380e-001  -6.03732380e-001
 -3.38194117e-001 -3.38194117e-001  -3.38194117e-001 -1.72504984e-001 -1.72504984e-001  -1.72504984e-001 1.64378755e-001 1.64378755e-001  1.64378755e-001 1.96828696e-001 1.96828696e-001  1.96828696e-001 -6.02012423e-002 -6.02012423e-002  -6.02012423e-002
 -4.16940273e-001 -4.16940273e-001  -4.16940273e-001 -7.82053119e-001 -7.82053119e-001  -7.82053119e-001 -9.93437095e-001 -9.93437095e-001  -9.93437095e-001 1.66837209e-004 1.66837209e-004  1.66837209e-004 -1.53072933e-005 -1.53072933e-005  -1.53072933e-005
 -1.25700698e-007 -1.25700698e-007  -1.25700698e-007
 1.45326149e+000 1.45326149e+000  1.45326149e+000 2.33152310e-001 2.33152310e-001  2.33152310e-001 -8.53795530e-001 -8.53795530e-001  -8.53795530e-001 5.94463194e-001 5.94463194e-001  5.94463194e-001 1.19861438e+000 1.19861438e+000  1.19861438e+000
 1.43260536e+000 1.43260536e+000  1.43260536e+000 5.94400892e-001 5.94400892e-001  5.94400892e-001 2.98716291e-001 2.98716291e-001  2.98716291e-001 -1.32897137e-001 -1.32897137e-001  -1.32897137e-001 -1.63210920e-001 -1.63210920e-001  -1.63210920e-001
 4.29075485e-001 4.29075485e-001  4.29075485e-001 2.50280703e-001 2.50280703e-001  2.50280703e-001 6.23328929e-001 6.23328929e-001  6.23328929e-001 -2.91381474e-005 -2.91381474e-005  -2.91381474e-005 -3.45169414e-005 -3.45169414e-005  -3.45169414e-005
 -1.20029499e-006 -1.20029499e-006  -1.20029499e-006
 -1.15043983e+000 -1.15043983e+000  -1.15043983e+000 1.42880017e-001 1.42880017e-001  1.42880017e-001 8.05301829e-002 8.05301829e-002  8.05301829e-002 -9.77648009e-002 -9.77648009e-002  -9.77648009e-002 -5.97517746e-001 -5.97517746e-001  -5.97517746e-001
 -1.28935671e+000 -1.28935671e+000  -1.28935671e+000 3.39319451e-001 3.39319451e-001  3.39319451e-001 -2.49242705e-001 -2.49242705e-001  -2.49242705e-001 -3.91254847e-001 -3.91254847e-001  -3.91254847e-001 3.56061558e-001 3.56061558e-001  3.56061558e-001
 -3.07300720e-001 -3.07300720e-001  -3.07300720e-001 -2.01332322e+000 -2.01332322e+000  -2.01332322e+000 -5.67063383e-001 -5.67063383e-001  -5.67063383e-001 -9.46968928e-004 -9.46968928e-004  -9.46968928e-004 -8.27105264e-005 -8.27105264e-005  -8.27105264e-005
 6.69418057e-008 6.69418057e-008  6.69418057e-008
 -4.54251364e-001 -4.54251364e-001  -4.54251364e-001 -6.59955652e-001 -6.59955652e-001  -6.59955652e-001 8.13916879e-001 8.13916879e-001  8.13916879e-001 6.42491000e-001 6.42491000e-001  6.42491000e-001 -1.13523053e+000 -1.13523053e+000  -1.13523053e+000
 8.19133393e-001 8.19133393e-001  8.19133393e-001 2.73356519e-001 2.73356519e-001  2.73356519e-001 -2.93093806e-001 -2.93093806e-001  -2.93093806e-001 1.07346805e+000 1.07346805e+000  1.07346805e+000 8.59636784e-001 8.59636784e-001  8.59636784e-001
 3.74662880e-001 3.74662880e-001  3.74662880e-001 4.48462602e-002 4.48462602e-002  4.48462602e-002 7.27829645e-001 7.27829645e-001  7.27829645e-001 1.45957224e-004 1.45957224e-004  1.45957224e-004 -7.00880629e-005 -7.00880629e-005  -7.00880629e-005
 -2.36501560e-006 -2.36501560e-006  -2.36501560e-006
 6.66360496e-001 6.66360496e-001  6.66360496e-001 -2.91914618e-001 -2.91914618e-001  -2.91914618e-001 -9.63117589e-001 -9.63117589e-001  -9.63117589e-001 -7.54426063e-001 -7.54426063e-001  -7.54426063e-001 -5.92005621e-001 -5.92005621e-001  -5.92005621e-001
 -8.88361063e-001 -8.88361063e-001  -8.88361063e-001 -5.33471379e-001 -5.33471379e-001  -5.33471379e-001 3.62543253e-002 3.62543253e-002  3.62543253e-002 -9.21900592e-001 -9.21900592e-001  -9.21900592e-001 -3.97859534e-001 -3.97859534e-001  -3.97859534e-001
 -5.45689799e-001 -5.45689799e-001  -5.45689799e-001 -4.77192378e-001 -4.77192378e-001  -4.77192378e-001 -1.01191609e+000 -1.01191609e+000  -1.01191609e+000 -1.37801643e-004 -1.37801643e-004  -1.37801643e-004 -4.39565027e-006 -4.39565027e-006  -4.39565027e-006
 -4.07818007e-007 -4.07818007e-007  -4.07818007e-007
 -1.67472871e-001 -1.67472871e-001  -1.67472871e-001 6.93782312e-001 6.93782312e-001  6.93782312e-001 1.55320553e+000 1.55320553e+000  1.55320553e+000 8.56119120e-002 8.56119120e-002  8.56119120e-002 6.21827247e-001 6.21827247e-001  6.21827247e-001
 2.60204246e+000 2.60204246e+000  2.60204246e+000 1.32600364e+000 1.32600364e+000  1.32600364e+000 1.86325540e+000 1.86325540e+000  1.86325540e+000 1.22162826e+000 1.22162826e+000  1.22162826e+000 -1.70845161e-001 -1.70845161e-001  -1.70845161e-001
 1.36979538e+000 1.36979538e+000  1.36979538e+000 -3.88214741e-001 -3.88214741e-001  -3.88214741e-001 5.72669586e-001 5.72669586e-001  5.72669586e-001 1.84897381e-004 1.84897381e-004  1.84897381e-004 -8.88471006e-005 -8.88471006e-005  -8.88471006e-005
 -5.33986289e-007 -5.33986289e-007  -5.33986289e-007
 -2.31098084e-001 -2.31098084e-001  -2.31098084e-001 8.11602761e-002 8.11602761e-002  8.11602761e-002 9.60362185e-004 9.60362185e-004  9.60362185e-004 -6.38854638e-001 -6.38854638e-001  -6.38854638e-001 -3.80636090e-001 -3.80636090e-001  -3.80636090e-001
 -3.90634412e-001 -3.90634412e-001  -3.90634412e-001 -3.12861550e-001 -3.12861550e-001  -3.12861550e-001 9.41728182e-001 9.41728182e-001  9.41728182e-001 1.31924521e-001 1.31924521e-001  1.31924521e-001 -1.28152616e+000 -1.28152616e+000  -1.28152616e+000
 -1.88800227e-001 -1.88800227e-001  -1.88800227e-001 9.55257426e-002 9.55257426e-002  9.55257426e-002 -1.64729562e-001 -1.64729562e-001  -1.64729562e-001 -1.30905890e-004 -1.30905890e-004  -1.30905890e-004 1.32505566e-004 1.32505566e-004  1.32505566e-004
 -7.32922957e-008 -7.32922957e-008  -7.32922957e-008
 1.30864465e+000 1.30864465e+000  1.30864465e+000 1.06314694e-001 1.06314694e-001  1.06314694e-001 -1.00651941e+000 -1.00651941e+000  -1.00651941e+000 -1.57034686e-001 -1.57034686e-001  -1.57034686e-001 4.83232531e-001 4.83232531e-001  4.83232531e-001
 4.79073329e-001 4.79073329e-001  4.79073329e-001 -2.78830336e-001 -2.78830336e-001  -2.78830336e-001 -3.45350609e-001 -3.45350609e-001  -3.45350609e-001 -5.51080725e-001 -5.51080725e-001  -5.51080725e-001 1.06559449e+000 1.06559449e+000  1.06559449e+000
 -3.85290035e-001 -3.85290035e-001  -3.85290035e-001 1.42944235e+000 1.42944235e+000  1.42944235e+000 -3.64216586e-001 -3.64216586e-001  -3.64216586e-001 -3.43698327e-004 -3.43698327e-004  -3.43698327e-004 -4.04723748e-005 -4.04723748e-005  -4.04723748e-005
 -2.88674653e-007 -2.88674653e-007  -2.88674653e-007
 -4.26444347e-001 -4.26444347e-001  -4.26444347e-001 -3.66306777e-001 -3.66306777e-001  -3.66306777e-001 -6.68798882e-001 -6.68798882e-001  -6.68798882e-001 -3.88625260e-001 -3.88625260e-001  -3.88625260e-001 -1.08576278e+000 -1.08576278e+000  -1.08576278e+000
 2.12222376e-001 2.12222376e-001  2.12222376e-001 -9.14869239e-001 -9.14869239e-001  -9.14869239e-001 -7.64873472e-002 -7.64873472e-002  -7.64873472e-002 -9.08853606e-001 -9.08853606e-001  -9.08853606e-001 -4.73124669e-001 -4.73124669e-001  -4.73124669e-001
 -5.04353518e-001 -5.04353518e-001  -5.04353518e-001 -1.05629118e+000 -1.05629118e+000  -1.05629118e+000 -9.71675365e-001 -9.71675365e-001  -9.71675365e-001 -1.75916670e-004 -1.75916670e-004  -1.75916670e-004 -7.72500659e-005 -7.72500659e-005  -7.72500659e-005
 -2.80181279e-006 -2.80181279e-006  -2.80181279e-006
 4.31039368e-001 4.31039368e-001  4.31039368e-001 2.00524401e-001 2.00524401e-001  2.00524401e-001 -3.77823536e-001 -3.77823536e-001  -3.77823536e-001 7.29362256e-001 7.29362256e-001  7.29362256e-001 -4.44622787e-001 -4.44622787e-001  -4.44622787e-001
 1.69076807e-001 1.69076807e-001  1.69076807e-001 5.39553725e-001 5.39553725e-001  5.39553725e-001 2.99654419e-001 2.99654419e-001  2.99654419e-001 4.40717853e-002 4.40717853e-002  4.40717853e-002 -2.55733139e-001 -2.55733139e-001  -2.55733139e-001
 -1.19971445e-001 -1.19971445e-001  -1.19971445e-001 1.08554913e+000 1.08554913e+000  1.08554913e+000 6.81708119e-001 6.81708119e-001  6.81708119e-001 -8.82271257e-005 -8.82271257e-005  -8.82271257e-005 1.76769721e-005 1.76769721e-005  1.76769721e-005
 -3.72364091e-007 -3.72364091e-007  -3.72364091e-007
 -2.21141425e+000 -2.21141377e+000  -2.21141255e+000 -1.52191273e+000 -1.52191194e+000  -1.52190994e+000 -1.55741443e+000 -1.55741420e+000  -1.55741361e+000 -1.10523690e+000 -1.10523767e+000  -1.10523960e+000 -2.18969999e+000 -2.18969825e+000  -2.18969390e+000
 -1.20150953e+000 -1.20151124e+000  -1.20151550e+000 -1.02899700e+000 -1.02899587e+000  -1.02899302e+000 -9.98562218e-001 -9.98564341e-001  -9.98569648e-001 -4.18404368e-001 -4.18402992e-001  -4.18399551e-001 -4.82728088e-002 -4.82749321e-002  -4.82802402e-002
 -8.56430157e-001 -8.56429624e-001  -8.56428290e-001 -6.76472004e-001 -6.76475404e-001  -6.76483904e-001 -5.31848518e-001 -5.31847288e-001  -5.31844212e-001 -8.97841015e-004 -8.97844528e-004  -8.97853310e-004 3.60088916e-005 3.60050112e-005  3.59953103e-005
 -4.75584001e-006 -4.75594146e-006  -4.75619507e-006
 1.06563625e+000 1.06564817e+000  1.06564817e+000 2.10468466e-001 2.10469790e-001  2.10469790e-001 1.13363118e+000 1.13363186e+000  1.13363186e+000 2.90069565e-001 2.90067036e-001  2.90067036e-001 9.96720866e-001 9.96730359e-001  9.96730359e-001
 8.42118706e-001 8.42118410e-001  8.42118410e-001 5.81087905e-001 5.81092960e-001  5.81092960e-001 1.09846441e+000 1.09845537e+000  1.09845537e+000 8.17238397e-001 8.17242552e-001  8.17242552e-001 2.89718349e-001 2.89716804e-001  2.89716804e-001
 1.35143392e+000 1.35143993e+000  1.35143993e+000 8.60563875e-001 8.60561896e-001  8.60561896e-001 1.09008925e+000 1.09009618e+000  1.09009618e+000 -9.02108220e-004 -9.02126039e-004  -9.02126039e-004 1.35301988e-004 1.35282307e-004  1.35282307e-004
 1.66784756e-007 1.66252762e-007  1.66252762e-007
 1.71107450e+000 1.71107450e+000  1.71107450e+000 -3.82670599e-002 -3.82670599e-002  -3.82670599e-002 7.67698651e-001 7.67698651e-001  7.67698651e-001 -3.30707855e-001 -3.30707855e-001  -3.30707855e-001 2.20458542e-001 2.20458542e-001  2.20458542e-001
 -1.56306465e+000 -1.56306465e+000  -1.56306465e+000 -6.21061291e-001 -6.21061291e-001  -6.21061291e-001 -1.40204448e+000 -1.40204448e+000  -1.40204448e+000 3.03152812e-001 3.03152812e-001  3.03152812e-001 -2.30111289e-001 -2.30111289e-001  -2.30111289e-001
 4.12479755e-001 4.12479755e-001  4.12479755e-001 1.86678414e-001 1.86678414e-001  1.86678414e-001 -4.32534176e-001 -4.32534176e-001  -4.32534176e-001 -4.00806802e-004 -4.00806802e-004  -4.00806802e-004 3.49795439e-004 3.49795439e-004  3.49795439e-004
 1.34745528e-007 1.34745528e-007  1.34745528e-007
 7.29502225e-001 7.29502225e-001  7.29502225e-001 8.81256805e-001 8.81256805e-001  8.81256805e-001 1.43920425e+000 1.43920425e+000  1.43920425e+000 1.18299741e+000 1.18299741e+000  1.18299741e+000 1.08892266e+000 1.08892266e+000  1.08892266e+000
 1.11943979e+000 1.11943979e+000  1.11943979e+000 5.31305386e-001 5.31305386e-001  5.31305386e-001 -1.81049037e-001 -1.81049037e-001  -1.81049037e-001 -1.11667533e+000 -1.11667533e+000  -1.11667533e+000 -9.91393164e-001 -9.91393164e-001  -9.91393164e-001
 5.79476018e-001 5.79476018e-001  5.79476018e-001 1.59525616e+000 1.59525616e+000  1.59525616e+000 -1.71671011e-001 -1.71671011e-001  -1.71671011e-001 -2.71307109e-004 -2.71307109e-004  -2.71307109e-004 -1.69538612e-004 -1.69538612e-004  -1.69538612e-004
 3.22721182e-007 3.22721182e-007  3.22721182e-007
 1.15788264e+000 1.15788264e+000  1.15788264e+000 5.21280912e-001 5.21280912e-001  5.21280912e-001 -2.63834658e-001 -2.63834658e-001  -2.63834658e-001 -6.75438209e-002 -6.75438209e-002  -6.75438209e-002 9.44219898e-001 9.44219898e-001  9.44219898e-001
 -5.03774798e-001 -5.03774798e-001  -5.03774798e-001 5.58964054e-001 5.58964054e-001  5.58964054e-001 5.59151202e-001 5.59151202e-001  5.59151202e-001 -7.68731540e-002 -7.68731540e-002  -7.68731540e-002 -1.05089254e+000 -1.05089254e+000  -1.05089254e+000
 -1.51158868e+000 -1.51158868e+000  -1.51158868e+000 -3.04540053e-001 -3.04540053e-001  -3.04540053e-001 -1.00898501e-003 -1.00898501e-003  -1.00898501e-003 2.35324139e-004 2.35324139e-004  2.35324139e-004 -1.57609376e-004 -1.57609376e-004  -1.57609376e-004
 -2.36446905e-006 -2.36446905e-006  -2.36446905e-006
 1.88745406e+000 1.88745406e+000  1.88745406e+000 -3.94378985e-002 -3.94378985e-002  -3.94378985e-002 -1.59157538e-001 -1.59157538e-001  -1.59157538e-001 3.54916300e-002 3.54916300e-002  3.54916300e-002 -1.41886355e+000 -1.41886355e+000  -1.41886355e+000
 -1.01179528e-001 -1.01179528e-001  -1.01179528e-001 -5.99342258e-001 -5.99342258e-001  -5.99342258e-001 -8.61016585e-001 -8.61016585e-001  -8.61016585e-001 1.07673606e-001 1.07673606e-001  1.07673606e-001 -4.69236203e-002 -4.69236203e-002  -4.69236203e-002
 8.92129952e-002 8.92129952e-002  8.92129952e-002 8.38601769e-001 8.38601769e-001  8.38601769e-001 -3.44478710e-001 -3.44478710e-001  -3.44478710e-001 -8.57379118e-004 -8.57379118e-004  -8.57379118e-004 -2.78685729e-004 -2.78685729e-004  -2.78685729e-004
 -2.55054774e-006 -2.55054774e-006  -2.55054774e-006
 -2.43624834e+000 -2.43624834e+000  -2.43624834e+000 -1.12053720e-001 -1.12053720e-001  -1.12053720e-001 -4.11369345e-001 -4.11369346e-001  -4.11369346e-001 -6.26303250e-001 -6.26303250e-001  -6.26303250e-001 1.67622577e-001 1.67622577e-001  1.67622576e-001
 -6.50295028e-002 -6.50295028e-002  -6.50295028e-002 -5.48088295e-001 -5.48088295e-001  -5.48088295e-001 5.84529897e-001 5.84529897e-001  5.84529898e-001 -4.16202088e-001 -4.16202089e-001  -4.16202090e-001 2.69297907e-001 2.69297908e-001  2.69297909e-001
 -1.04961064e+000 -1.04961064e+000  -1.04961064e+000 -1.49952083e+000 -1.49952083e+000  -1.49952083e+000 -4.84605524e-001 -4.84605524e-001  -4.84605524e-001 -1.21995652e-003 -1.21995652e-003  -1.21995652e-003 -3.97759776e-004 -3.97759775e-004  -3.97759772e-004
 -6.20965473e-006 -6.20965470e-006  -6.20965462e-006
 -3.31292483e-001 -3.31292483e-001  -3.31292483e-001 2.09235763e-001 2.09235763e-001  2.09235763e-001 1.31579102e+000 1.31579102e+000  1.31579102e+000 3.67891177e-001 3.67891177e-001  3.67891177e-001 -6.60283186e-001 -6.60283186e-001  -6.60283186e-001
 5.37651174e-001 5.37651174e-001  5.37651174e-001 3.27247542e-001 3.27247542e-001  3.27247542e-001 1.79662987e+000 1.79662987e+000  1.79662987e+000 1.30487379e-001 1.30487379e-001  1.30487379e-001 -9.61010061e-001 -9.61010061e-001  -9.61010061e-001
 -2.75969860e-001 -2.75969860e-001  -2.75969860e-001 3.39998866e+000 3.39998866e+000  3.39998866e+000 6.11218311e-001 6.11218311e-001  6.11218311e-001 -2.61789251e-004 -2.61789251e-004  -2.61789251e-004 -4.02667856e-005 -4.02667856e-005  -4.02667856e-005
 -7.07834440e-008 -7.07834440e-008  -7.07834440e-008
 -1.62599665e-001 -1.62599665e-001  -1.62599666e-001 -5.55252717e-001 -5.55252717e-001  -5.55252718e-001 8.39597832e-001 8.39597832e-001  8.39597831e-001 -5.74195289e-001 -5.74195289e-001  -5.74195288e-001 -1.51438714e+000 -1.51438714e+000  -1.51438714e+000
 -1.63000789e+000 -1.63000789e+000  -1.63000789e+000 -1.63455859e+000 -1.63455859e+000  -1.63455859e+000 -2.03387304e+000 -2.03387304e+000  -2.03387303e+000 -1.69116407e+000 -1.69116407e+000  -1.69116407e+000 -1.17723634e-001 -1.17723634e-001  -1.17723632e-001
 -1.68174991e+000 -1.68174991e+000  -1.68174991e+000 8.41504741e-001 8.41504741e-001  8.41504742e-001 -1.76215715e+000 -1.76215715e+000  -1.76215715e+000 -4.16017239e-003 -4.16017239e-003  -4.16017238e-003 -5.49059068e-004 -5.49059066e-004  -5.49059063e-004
 -1.39645361e-005 -1.39645361e-005  -1.39645360e-005
 3.33342179e+000 3.33342228e+000  3.33342349e+000 1.18976377e+000 1.18976457e+000  1.18976656e+000 1.22369507e+000 1.22369531e+000  1.22369590e+000 6.42717148e-001 6.42716375e-001  6.42714441e-001 1.75157284e+000 1.75157458e+000  1.75157892e+000
 1.18342583e+000 1.18342412e+000  1.18341986e+000 1.18763272e+000 1.18763386e+000  1.18763670e+000 1.88825631e+000 1.88825419e+000  1.88824888e+000 5.65791403e-001 5.65792779e-001  5.65796221e-001 7.13094909e-001 7.13092786e-001  7.13087478e-001
 8.45115232e-001 8.45115766e-001  8.45117100e-001 9.92125790e-001 9.92122390e-001  9.92113890e-001 1.06533379e+000 1.06533502e+000  1.06533810e+000 -1.27936609e-004 -1.27940121e-004  -1.27948903e-004 1.04570320e-004 1.04566440e-004  1.04556739e-004
 -7.68032315e-007 -7.68133761e-007  -7.68387377e-007
 -1.30272703e+000 -1.30271511e+000  -1.30271511e+000 -7.68317503e-001 -7.68316179e-001  -7.68316179e-001 -1.14902526e+000 -1.14902458e+000  -1.14902458e+000 -7.23594770e-001 -7.23597299e-001  -7.23597299e-001 -4.60993628e-001 -4.60984135e-001  -4.60984135e-001
 -1.05895563e+000 -1.05895592e+000  -1.05895592e+000 -7.11093041e-001 -7.11087985e-001  -7.11087985e-001 -1.08614673e+000 -1.08615577e+000  -1.08615577e+000 2.94696665e-001 2.94700820e-001  2.94700820e-001 -2.43388355e+000 -2.43388510e+000  -2.43388510e+000
 -1.77676463e-001 -1.77670454e-001  -1.77670454e-001 -8.61696785e-001 -8.61698764e-001  -8.61698764e-001 -2.07217142e-001 -2.07210206e-001  -2.07210206e-001 -2.59656516e-005 -2.59834702e-005  -2.59834702e-005 -3.79984272e-005 -3.80181090e-005  -3.80181090e-005
 -5.23691644e-007 -5.24223638e-007  -5.24223638e-007
 2.22246381e-001 2.22250738e-001  2.22250836e-001 1.21143394e+000 1.21143449e+000  1.21143465e+000 9.09006250e-001 9.09006515e-001  9.09006563e-001 5.77639767e-001 5.77638789e-001  5.77638633e-001 1.60245219e+000 1.60245577e+000  1.60245612e+000
 -1.06731522e+000 -1.06731547e+000  -1.06731581e+000 9.37672923e-001 9.37674846e-001  9.37675075e-001 1.03642865e+000 1.03642521e+000  1.03642478e+000 6.78474272e-002 6.78490431e-002  6.78493201e-002 6.53257840e-001 6.53257110e-001  6.53256682e-001
 1.10568325e+000 1.10568547e+000  1.10568557e+000 -2.83069429e-001 -2.83070420e-001  -2.83071104e-001 5.70595968e-001 5.70598580e-001  5.70598828e-001 -2.46146116e-004 -2.46152854e-004  -2.46153560e-004 1.28954246e-004 1.28946803e-004  1.28946023e-004
 -1.47940353e-006 -1.47960442e-006  -1.47962484e-006
 -2.31277328e-003 -2.30722794e-003  -2.30665794e-003 7.01166316e-004 7.02131892e-004  7.03068433e-004 -3.13232721e-003 -3.13191321e-003  -3.13163703e-003 -8.22942517e-003 -8.23091674e-003  -8.23182475e-003 1.55181406e-003 1.55686508e-003  1.55890477e-003
 1.41865902e-003 1.41772542e-003  1.41572229e-003 -8.53584703e-003 -8.53305743e-003  -8.53172241e-003 1.62696886e-003 1.62193819e-003  1.61944627e-003 4.07328547e-003 4.07578525e-003  4.07740067e-003 3.41923275e-003 3.41754668e-003  3.41505477e-003
 -2.86527882e-003 -2.86234754e-003  -2.86172117e-003 -2.65898464e-003 -2.66146438e-003  -2.66545552e-003 -1.83834469e-003 -1.83467213e-003  -1.83322762e-003 -2.46136954e-003 -2.46137914e-003  -2.46138326e-003 -2.03875522e-004 -2.03886125e-004  -2.03890679e-004
 -7.35318166e-006 -7.35346666e-006  -7.35358579e-006
 -7.94932285e-002 -7.94853509e-002  -7.94845730e-002 1.83851013e-002 1.83864534e-002  1.83877316e-002 -2.98507327e-002 -2.98501500e-002  -2.98497731e-002 5.72420088e-002 5.72399075e-002  5.72386683e-002 1.56694926e-002 1.56766326e-002  1.56794163e-002
 7.25872675e-002 7.25859857e-002  7.25832519e-002 7.21910064e-002 7.21949449e-002  7.21967669e-002 6.45553228e-002 6.45482222e-002  6.45448214e-002 5.02334972e-002 5.02370167e-002  5.02392213e-002 1.02787162e-001 1.02784821e-001  1.02781420e-001
 4.47082437e-002 4.47124003e-002  4.47132552e-002 -3.34886752e-002 -3.34921109e-002  -3.34975578e-002 6.45275035e-002 6.45326958e-002  6.45346672e-002 -1.80389073e-003 -1.80390430e-003  -1.80390992e-003 -2.09897614e-004 -2.09912596e-004  -2.09918811e-004
 -5.89246101e-006 -5.89286376e-006  -5.89302628e-006
 1.27762487e+000 1.27763459e+000  1.27763555e+000 -2.49290239e-001 -2.49288574e-001  -2.49287009e-001 5.39962823e-001 5.39963542e-001  5.39964003e-001 -6.61672315e-001 -6.61674906e-001  -6.61676423e-001 -3.33524227e-001 -3.33515418e-001  -3.33512010e-001
 -1.27790034e+000 -1.27790191e+000  -1.27790526e+000 -1.04277630e+000 -1.04277144e+000  -1.04276921e+000 -1.11817118e+000 -1.11817994e+000  -1.11818410e+000 -8.16733740e-001 -8.16729402e-001  -8.16726702e-001 -1.64335732e+000 -1.64336020e+000  -1.64336436e+000
 -9.18328652e-001 -9.18323521e-001  -9.18322474e-001 5.63913506e-001 5.63909285e-001  5.63902616e-001 -9.05159078e-001 -9.05152671e-001  -9.05150258e-001 -3.36919380e-003 -3.36921053e-003  -3.36921742e-003 -3.75827039e-004 -3.75845520e-004  -3.75853130e-004
 -1.18971001e-005 -1.18975969e-005  -1.18977959e-005
 2.12859572e+000 2.12859572e+000  2.12859572e+000 8.13168119e-001 8.13168119e-001  8.13168119e-001 7.49416189e-001 7.49416189e-001  7.49416189e-001 5.25750141e-001 5.25750141e-001  5.25750141e-001 1.21537698e+000 1.21537698e+000  1.21537698e+000
 2.04413678e+000 2.04413678e+000  2.04413678e+000 1.23092279e+000 1.23092279e+000  1.23092279e+000 5.08649330e-001 5.08649330e-001  5.08649330e-001 8.23490449e-001 8.23490449e-001  8.23490449e-001 -2.04681473e+000 -2.04681473e+000  -2.04681473e+000
 9.25582453e-001 9.25582453e-001  9.25582453e-001 1.91627868e+000 1.91627868e+000  1.91627868e+000 -1.69668241e-001 -1.69668241e-001  -1.69668241e-001 -2.39828066e-004 -2.39828066e-004  -2.39828066e-004 -1.88891900e-004 -1.88891900e-004  -1.88891900e-004
 -1.70248682e-006 -1.70248682e-006  -1.70248682e-006
 5.22808757e-001 5.22808757e-001  5.22808757e-001 2.94748357e-001 2.94748357e-001  2.94748357e-001 1.21493438e+000 1.21493438e+000  1.21493438e+000 -4.49489535e-001 -4.49489535e-001  -4.49489535e-001 -8.23248822e-001 -8.23248822e-001  -8.23248822e-001
 -1.62012129e+000 -1.62012129e+000  -1.62012129e+000 -1.50940553e+000 -1.50940553e+000  -1.50940553e+000 -1.36065726e+000 -1.36065726e+000  -1.36065726e+000 -1.48969705e+000 -1.48969705e+000  -1.48969705e+000 -1.34877526e+000 -1.34877526e+000  -1.34877526e+000
 6.23971634e-001 6.23971634e-001  6.23971634e-001 -2.15810080e-001 -2.15810080e-001  -2.15810080e-001 -1.23792811e+000 -1.23792811e+000  -1.23792811e+000 -2.11531707e-003 -2.11531707e-003  -2.11531707e-003 9.13372613e-005 9.13372613e-005  9.13372613e-005
 -6.93165222e-006 -6.93165222e-006  -6.93165222e-006
 -1.63185070e-001 -1.63185070e-001  -1.63185070e-001 8.32397391e-001 8.32397391e-001  8.32397391e-001 -5.48337277e-001 -5.48337277e-001  -5.48337277e-001 9.53539765e-001 9.53539765e-001  9.53539765e-001 -4.22983980e-001 -4.22983980e-001  -4.22983980e-001
 -5.79988011e-001 -5.79988011e-001  -5.79988011e-001 1.99962428e-001 1.99962428e-001  1.99962428e-001 1.76727021e-001 1.76727021e-001  1.76727021e-001 -1.00871456e+000 -1.00871456e+000  -1.00871456e+000 9.41402925e-001 9.41402925e-001  9.41402925e-001
 -9.37635967e-001 -9.37635967e-001  -9.37635967e-001 -1.41823773e-001 -1.41823773e-001  -1.41823773e-001 1.83542167e+000 1.83542167e+000  1.83542167e+000 -3.69924345e-004 -3.69924345e-004  -3.69924345e-004 -2.62477947e-004 -2.62477947e-004  -2.62477947e-004
 -3.32860029e-006 -3.32860029e-006  -3.32860029e-006
 -1.79755654e-001 -1.79743250e-001  -1.79742036e-001 -1.62357655e+000 -1.62357442e+000  -1.62357243e+000 -4.10267667e-002 -4.10258511e-002  -4.10252630e-002 -1.21397928e+000 -1.21398259e+000  -1.21398452e+000 2.88117013e-001 2.88128243e-001  2.88132587e-001
 -8.58320927e-001 -8.58322930e-001  -8.58327195e-001 -5.78079248e-001 -5.78073055e-001  -5.78070212e-001 -4.48880915e-002 -4.48992556e-002  -4.49045623e-002 1.36601473e+000 1.36602026e+000  1.36602370e+000 1.14761947e+000 1.14761581e+000  1.14761050e+000
 -1.08410946e+000 -1.08410292e+000  -1.08410158e+000 -3.44161593e-002 -3.44215388e-002  -3.44300380e-002 -7.69395786e-001 -7.69387619e-001  -7.69384543e-001 -1.58900517e-003 -1.58902650e-003  -1.58903528e-003 -1.22454589e-004 -1.22478150e-004  -1.22487848e-004
 -3.29352075e-006 -3.29415416e-006  -3.29440770e-006
 -5.49982330e+000 -5.49982861e+000 -5.49983514e+000
 -2.03934707e+000 -2.03934823e+000 -2.03934941e+000
 -2.34329054e+000 -2.34330655e+000 -2.34331305e+000
 1.97197644e+000 1.97197453e+000 1.97197334e+000
 -2.91041122e+000 -2.91041839e+000 -2.91042292e+000
 4.28179629e+000 4.28179574e+000 4.28179452e+000
 -2.43330180e+000 -2.43330495e+000 -2.43330646e+000
 4.12166049e+000 4.12165573e+000 4.12165070e+000
 -2.68935944e+000 -2.68937339e+000 -2.68937843e+000
 3.32731749e+000 3.32731533e+000 3.32731115e+000
 -2.90984159e+000 -2.90984432e+000 -2.90984481e+000
 5.05658079e+000 5.05657914e+000 5.05657601e+000
 -2.74202768e+000 -2.74203159e+000 -2.74203301e+000
 5.20897941e-003 5.20082123e-003 5.19746169e-003
 5.75265429e-003 5.74445271e-003 5.74107400e-003
 1.63475402e-004 1.55271296e-004 1.51891875e-004
