   55      7     50      1  9814   4809 
    0.700      0.400   20000  100      0.000      0.000    100     16 
    0.990 	     0.010 
   2 
    1.0000e+000   0.0000e+000  
  1.0000e+000   0.0000e+000  
  1.0000e+000   0.0000e+000  
  1.0000e+000   0.0000e+000  
  1.0000e+000   0.0000e+000  
  1.0000e+000   0.0000e+000  
  1.0000e+000   0.0000e+000  
  1.0000e+000   0.0000e+000  
  1.0000e+000   0.0000e+000  
  1.0000e+000   0.0000e+000  
  1.0000e+000   0.0000e+000  
  1.0000e+000   0.0000e+000  
  1.0000e+000   0.0000e+000  
  1.0000e+000   0.0000e+000  
  1.0000e+000   0.0000e+000  
  1.0000e+000   0.0000e+000  
  1.0000e+000   0.0000e+000  
  1.0000e+000   0.0000e+000  
  1.0000e+000   0.0000e+000  
  1.0000e+000   0.0000e+000  
  1.0000e+000   0.0000e+000  
  1.0000e+000   0.0000e+000  
  1.0000e+000   0.0000e+000  
  1.0000e+000   0.0000e+000  
  1.0000e+000   0.0000e+000  
  1.0000e+000   0.0000e+000  
  1.0000e+000   0.0000e+000  
  1.0000e+000   0.0000e+000  
  1.0000e+000   0.0000e+000  
  1.0000e+000   0.0000e+000  
  1.0000e+000   0.0000e+000  
  1.0000e+000   0.0000e+000  
  1.0000e+000   0.0000e+000  
  1.0000e+000   0.0000e+000  
  1.0000e+000   0.0000e+000  
  1.0000e+000   0.0000e+000  
  1.0000e+000   0.0000e+000  
  1.0000e+000   0.0000e+000  
  1.0000e+000   0.0000e+000  
  1.0000e+000   0.0000e+000  
  1.0000e+000   0.0000e+000  
  1.0000e+000   0.0000e+000  
  1.0000e+000   0.0000e+000  
  1.0000e+000   0.0000e+000  
  1.0000e+000   0.0000e+000  
  1.0000e+000   0.0000e+000  
  1.0000e+000   0.0000e+000  
  1.9875e+000   0.0000e+000  
  5.7000e+001  -8.0000e+000  
  4.4837e+000   0.0000e+000  
  2.3209e+002   0.0000e+000  
  1.0000e+000   0.0000e+000  
  1.0000e+000   0.0000e+000  
  1.0000e+000   0.0000e+000  
  1.0000e+000   0.0000e+000  
   2.6556e+002   0.0000e+000  
  itr    nh   avger[]   r2avg    mare[] 
100  16 7.981e-001   1.000e+000  3.068e+000 9.921e-003 
100  16 6.734e-001   1.000e+000  5.478e+002 4.868e-003 
   1  9.9999e-001   9.9213e-003   6.9965e+002   7.9812e-003 
  6.4842e-003   1.0006e+000 
   1  9.9999e-001   4.8676e-003   3.4326e+002   6.7336e-003 
  7.1755e-003   1.0006e+000 
