  1.2374e+000  5.5240e-001  8.1802e-001 -2.6540e-001  1.4324e-002
  5.2205e-001 -2.6823e-001 -3.9678e-001 -6.3874e-001 -5.6195e-002
 -8.2744e-003 -4.0913e-003 -2.3862e-003 -1.4512e-003 -7.3622e-004
 -3.0503e-005
  4.2631e+000
 -1.23650944e+000 -1.23650944e+000  -1.23650944e+000 2.02242357e+000 2.02242357e+000  2.02242357e+000 -7.19604839e-001 -7.19604839e-001  -7.19604839e-001 -8.53890737e-001 -8.53890737e-001  -8.53890737e-001 9.16203266e-001 9.16203266e-001  9.16203266e-001
 6.11115791e-001 6.11115791e-001  6.11115791e-001 1.11875559e-001 1.11875559e-001  1.11875559e-001 -4.66570766e-001 -4.66570766e-001  -4.66570766e-001 1.61303722e-001 1.61303722e-001  1.61303722e-001 1.55503891e-001 1.55503891e-001  1.55503891e-001
 -1.38445149e-002 -1.38445149e-002  -1.38445149e-002 -8.70768721e-003 -8.70768721e-003  -8.70768721e-003 -5.97972273e-003 -5.97972273e-003  -5.97972273e-003 -2.99317221e-003 -2.99317221e-003  -2.99317221e-003 -5.04412172e-004 -5.04412172e-004  -5.04412172e-004
 -5.00050582e-006 -5.00050582e-006  -5.00050582e-006
 2.53852827e+000 2.53852827e+000  2.53852827e+000 -1.08701228e+000 -1.08701228e+000  -1.08701228e+000 9.78533607e-001 9.78533607e-001  9.78533607e-001 -1.58849060e-001 -1.58849060e-001  -1.58849060e-001 -7.49066892e-001 -7.49066892e-001  -7.49066892e-001
 -4.16934799e-001 -4.16934799e-001  -4.16934799e-001 6.11637231e-001 6.11637231e-001  6.11637231e-001 8.97160540e-001 8.97160540e-001  8.97160540e-001 2.95222058e-001 2.95222058e-001  2.95222058e-001 4.56237045e-001 4.56237045e-001  4.56237045e-001
 -3.57913620e-003 -3.57913620e-003  -3.57913620e-003 -2.21248212e-003 -2.21248212e-003  -2.21248212e-003 -1.06767024e-003 -1.06767024e-003  -1.06767024e-003 -2.15204308e-004 -2.15204308e-004  -2.15204308e-004 -2.21299876e-005 -2.21299876e-005  -2.21299876e-005
 -1.20164527e-005 -1.20164527e-005  -1.20164527e-005
 1.22029217e+000 1.22029217e+000  1.22029217e+000 -1.34090770e+000 -1.34090770e+000  -1.34090770e+000 -3.34804859e-002 -3.34804859e-002  -3.34804859e-002 -1.52077720e-001 -1.52077720e-001  -1.52077720e-001 -1.44415851e+000 -1.44415851e+000  -1.44415851e+000
 -5.58591096e-001 -5.58591096e-001  -5.58591096e-001 -6.30149514e-001 -6.30149514e-001  -6.30149514e-001 -2.27315034e-001 -2.27315034e-001  -2.27315034e-001 -4.04368779e-001 -4.04368779e-001  -4.04368779e-001 -7.45716787e-001 -7.45716787e-001  -7.45716787e-001
 1.07430106e-004 1.07430106e-004  1.07430106e-004 2.66827861e-005 2.66827861e-005  2.66827861e-005 -5.88909338e-004 -5.88909338e-004  -5.88909338e-004 -1.17350950e-003 -1.17350950e-003  -1.17350950e-003 -7.93609592e-004 -7.93609592e-004  -7.93609592e-004
 -1.82735982e-005 -1.82735982e-005  -1.82735982e-005
 4.08056152e-002 4.08056152e-002  4.08056152e-002 3.30226304e+000 3.30226304e+000  3.30226304e+000 2.41240520e+000 2.41240520e+000  2.41240520e+000 1.55788415e+000 1.55788415e+000  1.55788415e+000 -8.29704226e-001 -8.29704226e-001  -8.29704226e-001
 2.58908167e+000 2.58908167e+000  2.58908167e+000 1.17221672e+000 1.17221672e+000  1.17221672e+000 -8.25789568e-001 -8.25789568e-001  -8.25789568e-001 -3.71194947e-001 -3.71194947e-001  -3.71194947e-001 3.02288090e-001 3.02288090e-001  3.02288090e-001
 -1.34008568e-002 -1.34008568e-002  -1.34008568e-002 -7.44871412e-003 -7.44871412e-003  -7.44871412e-003 -4.55701821e-003 -4.55701821e-003  -4.55701821e-003 -2.09123219e-003 -2.09123219e-003  -2.09123219e-003 -4.09352904e-004 -4.09352904e-004  -4.09352904e-004
 -1.22024587e-005 -1.22024587e-005  -1.22024587e-005
 -4.37976285e-001 -4.37953695e-001  -4.37944451e-001 -2.06199596e+000 -2.06198171e+000  -2.06194994e+000 -1.03083040e+000 -1.03081532e+000  -1.03078743e+000 -1.09992231e+000 -1.09995226e+000  -1.09998710e+000 2.03199114e+000 2.03201296e+000  2.03201784e+000
 -1.74618641e+000 -1.74622367e+000  -1.74627185e+000 -1.81219775e+000 -1.81216679e+000  -1.81216233e+000 1.79721997e-001 1.79698680e-001  1.79678231e-001 -4.57524794e-001 -4.57536150e-001  -4.57551418e-001 -2.39367965e-001 -2.39352733e-001  -2.39330253e-001
 1.71226632e-002 1.71209705e-002  1.71186678e-002 1.15431444e-002 1.15418846e-002  1.15401712e-002 8.17266040e-003 8.17167546e-003  8.17033599e-003 4.05196144e-003 4.05133664e-003  4.05048714e-003 5.50370841e-004 5.50159765e-004  5.49873029e-004
 -3.34920503e-006 -3.35541132e-006  -3.36348093e-006
 -3.52012392e+000 -3.52012392e+000  -3.52012392e+000 -5.63156693e-001 -5.63156693e-001  -5.63156693e-001 -2.06656728e+000 -2.06656728e+000  -2.06656728e+000 -2.34345618e+000 -2.34345618e+000  -2.34345618e+000 1.78997371e+000 1.78997371e+000  1.78997371e+000
 2.18740493e+000 2.18740493e+000  2.18740493e+000 2.88741151e+000 2.88741151e+000  2.88741151e+000 7.77533326e-001 7.77533326e-001  7.77533326e-001 3.86164307e-001 3.86164307e-001  3.86164307e-001 -2.25381390e-002 -2.25381390e-002  -2.25381390e-002
 -3.76633798e-004 -3.76633798e-004  -3.76633798e-004 -1.60485049e-004 -1.60485049e-004  -1.60485049e-004 -7.52041082e-005 -7.52041082e-005  -7.52041082e-005 -9.62644423e-005 -9.62644423e-005  -9.62644423e-005 -6.98938208e-005 -6.98938208e-005  -6.98938208e-005
 -1.07941194e-006 -1.07941194e-006  -1.07941194e-006
 1.19125802e-001 1.19125802e-001  1.19125802e-001 1.03135492e+000 1.03135492e+000  1.03135492e+000 1.64332689e+000 1.64332689e+000  1.64332689e+000 3.50939009e-001 3.50939009e-001  3.50939009e-001 -1.78753904e+000 -1.78753904e+000  -1.78753904e+000
 4.22892067e-001 4.22892067e-001  4.22892067e-001 -1.15858569e+000 -1.15858569e+000  -1.15858569e+000 -8.19813558e-002 -8.19813558e-002  -8.19813558e-002 1.26895767e-001 1.26895767e-001  1.26895767e-001 -4.59525034e-001 -4.59525034e-001  -4.59525034e-001
 1.78195057e-002 1.78195057e-002  1.78195057e-002 1.18173828e-002 1.18173828e-002  1.18173828e-002 8.45357438e-003 8.45357438e-003  8.45357438e-003 4.41846312e-003 4.41846312e-003  4.41846312e-003 9.20746803e-004 9.20746803e-004  9.20746803e-004
 2.98577599e-006 2.98577599e-006  2.98577599e-006
 -1.06889777e+000 -1.06889777e+000  -1.06889777e+000 2.76880587e+000 2.76880587e+000  2.76880587e+000 -1.79628440e+000 -1.79628440e+000  -1.79628440e+000 -4.02046051e-002 -4.02046051e-002  -4.02046051e-002 1.82425609e+000 1.82425609e+000  1.82425609e+000
 4.65132715e-001 4.65132715e-001  4.65132715e-001 1.82064284e-001 1.82064284e-001  1.82064284e-001 1.33960557e-001 1.33960557e-001  1.33960557e-001 3.08449164e-001 3.08449164e-001  3.08449164e-001 -3.14470029e-001 -3.14470029e-001  -3.14470029e-001
 1.91301845e-002 1.91301845e-002  1.91301845e-002 1.29930035e-002 1.29930035e-002  1.29930035e-002 9.29266917e-003 9.29266917e-003  9.29266917e-003 4.88325403e-003 4.88325403e-003  4.88325403e-003 9.34306547e-004 9.34306547e-004  9.34306547e-004
 5.10455028e-007 5.10455028e-007  5.10455028e-007
 -1.28248443e+000 -1.28248443e+000  -1.28248443e+000 2.00167918e+000 2.00167918e+000  2.00167918e+000 1.56877226e+000 1.56877226e+000  1.56877226e+000 4.52176214e-001 4.52176214e-001  4.52176214e-001 1.22579639e+000 1.22579639e+000  1.22579639e+000
 1.38525607e+000 1.38525607e+000  1.38525607e+000 4.75555687e-001 4.75555687e-001  4.75555687e-001 6.78894040e-001 6.78894040e-001  6.78894040e-001 -5.18761553e-001 -5.18761553e-001  -5.18761553e-001 5.98454922e-002 5.98454922e-002  5.98454922e-002
 1.58818019e-003 1.58818019e-003  1.58818019e-003 1.05155290e-003 1.05155290e-003  1.05155290e-003 5.84899121e-004 5.84899121e-004  5.84899121e-004 3.06147628e-004 3.06147628e-004  3.06147628e-004 8.67906106e-005 8.67906106e-005  8.67906106e-005
 -3.42270284e-006 -3.42270284e-006  -3.42270284e-006
 -2.11306872e+000 -2.11306872e+000  -2.11306872e+000 -2.11417547e+000 -2.11417547e+000  -2.11417547e+000 8.91648190e-002 8.91648190e-002  8.91648190e-002 -1.05705483e-001 -1.05705483e-001  -1.05705483e-001 -1.20951865e+000 -1.20951865e+000  -1.20951865e+000
 -2.38205232e+000 -2.38205232e+000  -2.38205232e+000 5.32713558e-002 5.32713558e-002  5.32713558e-002 -3.27275996e-001 -3.27275996e-001  -3.27275996e-001 -6.89142151e-002 -6.89142151e-002  -6.89142151e-002 5.06270621e-001 5.06270621e-001  5.06270621e-001
 -1.24173666e-003 -1.24173666e-003  -1.24173666e-003 1.11404967e-003 1.11404967e-003  1.11404967e-003 1.16955707e-003 1.16955707e-003  1.16955707e-003 9.66073916e-004 9.66073916e-004  9.66073916e-004 1.83937738e-004 1.83937738e-004  1.83937738e-004
 -3.34702880e-006 -3.34702880e-006  -3.34702880e-006
 8.72860976e-002 8.72860976e-002  8.72860976e-002 -8.89712228e-001 -8.89712228e-001  -8.89712228e-001 1.44592601e+000 1.44592601e+000  1.44592601e+000 8.01979123e-001 8.01979123e-001  8.01979123e-001 -4.61378371e-001 -4.61378371e-001  -4.61378371e-001
 -9.53250808e-001 -9.53250808e-001  -9.53250808e-001 5.21152762e-001 5.21152762e-001  5.21152762e-001 -8.04245219e-001 -8.04245219e-001  -8.04245219e-001 1.67251809e-002 1.67251809e-002  1.67251809e-002 -1.18198448e-001 -1.18198448e-001  -1.18198448e-001
 4.67327003e-003 4.67327003e-003  4.67327003e-003 2.77743858e-003 2.77743858e-003  2.77743858e-003 2.11427741e-003 2.11427741e-003  2.11427741e-003 1.07983499e-003 1.07983499e-003  1.07983499e-003 1.21860546e-004 1.21860546e-004  1.21860546e-004
 -1.53474724e-006 -1.53474724e-006  -1.53474724e-006
 -4.06853519e-001 -4.06853519e-001  -4.06853519e-001 -1.09873218e-001 -1.09873218e-001  -1.09873218e-001 -5.93385621e-001 -5.93385621e-001  -5.93385621e-001 8.04530307e-001 8.04530307e-001  8.04530307e-001 2.70255172e+000 2.70255172e+000  2.70255172e+000
 -2.14701956e+000 -2.14701956e+000  -2.14701956e+000 -1.99423959e+000 -1.99423959e+000  -1.99423959e+000 -6.77934435e-001 -6.77934435e-001  -6.77934435e-001 -4.81457660e-002 -4.81457660e-002  -4.81457660e-002 -3.48405465e-002 -3.48405465e-002  -3.48405465e-002
 5.51062127e-003 5.51062127e-003  5.51062127e-003 4.09882928e-003 4.09882928e-003  4.09882928e-003 2.89691318e-003 2.89691318e-003  2.89691318e-003 1.50554729e-003 1.50554729e-003  1.50554729e-003 2.78757655e-004 2.78757655e-004  2.78757655e-004
 -1.46100403e-006 -1.46100403e-006  -1.46100403e-006
 -2.91646084e+000 -2.91646084e+000  -2.91646084e+000 -1.13625453e+000 -1.13625453e+000  -1.13625453e+000 -2.53917395e+000 -2.53917395e+000  -2.53917395e+000 -2.59273817e+000 -2.59273817e+000  -2.59273817e+000 -6.81608332e-001 -6.81608332e-001  -6.81608332e-001
 -6.63348741e-001 -6.63348741e-001  -6.63348741e-001 1.75974532e+000 1.75974532e+000  1.75974532e+000 -4.46615768e-001 -4.46615768e-001  -4.46615768e-001 -3.49668350e-001 -3.49668350e-001  -3.49668350e-001 4.24707438e-002 4.24707438e-002  4.24707438e-002
 -1.67654801e-003 -1.67654801e-003  -1.67654801e-003 -1.16986472e-003 -1.16986472e-003  -1.16986472e-003 -6.30071910e-004 -6.30071910e-004  -6.30071910e-004 -2.73993757e-004 -2.73993757e-004  -2.73993757e-004 -2.60316903e-005 -2.60316903e-005  -2.60316903e-005
 -1.70901097e-006 -1.70901097e-006  -1.70901097e-006
 -2.70474828e-001 -2.70474828e-001  -2.70474828e-001 1.44064107e+000 1.44064107e+000  1.44064107e+000 2.06725063e+000 2.06725063e+000  2.06725063e+000 3.28716846e-001 3.28716846e-001  3.28716846e-001 -1.27630430e+000 -1.27630430e+000  -1.27630430e+000
 8.11023434e-001 8.11023434e-001  8.11023434e-001 -7.42482486e-003 -7.42482486e-003  -7.42482486e-003 4.11463155e-001 4.11463155e-001  4.11463155e-001 3.13900418e-001 3.13900418e-001  3.13900418e-001 4.11313097e-001 4.11313097e-001  4.11313097e-001
 -1.25855928e-002 -1.25855928e-002  -1.25855928e-002 -8.14275319e-003 -8.14275319e-003  -8.14275319e-003 -5.64758750e-003 -5.64758750e-003  -5.64758750e-003 -2.88883405e-003 -2.88883405e-003  -2.88883405e-003 -5.61423004e-004 -5.61423004e-004  -5.61423004e-004
 3.50858335e-006 3.50858335e-006  3.50858335e-006
 3.22488178e-001 3.22488178e-001  3.22488178e-001 -4.10210263e-001 -4.10210263e-001  -4.10210263e-001 4.33744840e-001 4.33744840e-001  4.33744840e-001 -1.66506368e-002 -1.66506368e-002  -1.66506368e-002 1.17661438e+000 1.17661438e+000  1.17661438e+000
 1.23373538e+000 1.23373538e+000  1.23373538e+000 -1.29387803e-001 -1.29387803e-001  -1.29387803e-001 6.97079897e-001 6.97079897e-001  6.97079897e-001 5.83023719e-001 5.83023719e-001  5.83023719e-001 3.22719165e-002 3.22719165e-002  3.22719165e-002
 6.77673424e-003 6.77673424e-003  6.77673424e-003 4.89140682e-003 4.89140682e-003  4.89140682e-003 3.67760797e-003 3.67760797e-003  3.67760797e-003 2.10640019e-003 2.10640019e-003  2.10640019e-003 3.92861632e-004 3.92861632e-004  3.92861632e-004
 -5.11633680e-006 -5.11633680e-006  -5.11633680e-006
 2.78540656e+000 2.78540656e+000  2.78540656e+000 1.45856738e+000 1.45856738e+000  1.45856738e+000 -1.92905331e-001 -1.92905331e-001  -1.92905331e-001 -1.40330444e-001 -1.40330444e-001  -1.40330444e-001 -5.35123854e-001 -5.35123854e-001  -5.35123854e-001
 -1.08713052e-001 -1.08713052e-001  -1.08713052e-001 -3.08660769e-001 -3.08660769e-001  -3.08660769e-001 6.04837238e-001 6.04837238e-001  6.04837238e-001 -4.46846678e-001 -4.46846678e-001  -4.46846678e-001 -5.75626313e-002 -5.75626313e-002  -5.75626313e-002
 1.52320978e-002 1.52320978e-002  1.52320978e-002 1.08247497e-002 1.08247497e-002  1.08247497e-002 7.82489867e-003 7.82489867e-003  7.82489867e-003 4.30320489e-003 4.30320489e-003  4.30320489e-003 8.90102467e-004 8.90102467e-004  8.90102467e-004
 2.47571260e-006 2.47571260e-006  2.47571260e-006
 -7.00258447e-001 -7.00258443e-001  -7.00258431e-001 -1.90964711e-001 -1.90964710e-001  -1.90964709e-001 -6.34789251e-001 -6.34789249e-001  -6.34789242e-001 -4.24919832e-001 -4.24919833e-001  -4.24919838e-001 -1.76338937e-001 -1.76338930e-001  -1.76338913e-001
 1.58622639e-001 1.58622638e-001  1.58622636e-001 -1.59357289e-001 -1.59357289e-001  -1.59357289e-001 -4.90140068e-001 -4.90140072e-001  -4.90140081e-001 -1.04060552e-001 -1.04060554e-001  -1.04060559e-001 -2.07160572e-001 -2.07160570e-001  -2.07160565e-001
 -2.67212314e-002 -2.67212317e-002  -2.67212323e-002 -1.91335315e-002 -1.91335317e-002  -1.91335322e-002 -1.42864294e-002 -1.42864295e-002  -1.42864299e-002 -8.08781514e-003 -8.08781524e-003  -8.08781549e-003 -1.82925840e-003 -1.82925844e-003  -1.82925852e-003
 -1.20830063e-005 -1.20830071e-005  -1.20830092e-005
 2.02032757e+000 2.02033127e+000  2.02034050e+000 8.50570733e-001 8.50583443e-001  8.50615218e-001 -4.44462519e-001 -4.44451364e-001  -4.44423474e-001 1.91250077e-001 1.91236142e-001  1.91201306e-001 1.91233464e+000 1.91233659e+000  1.91234145e+000
 1.40304246e+000 1.40302319e+000  1.40297501e+000 -4.03257128e-002 -4.03239276e-002  -4.03194647e-002 -5.46482697e-001 -5.46490873e-001  -5.46511312e-001 -5.47821051e-002 -5.47882102e-002  -5.48034729e-002 -4.17860653e-002 -4.17770757e-002  -4.17546016e-002
 6.09726476e-003 6.09634394e-003  6.09404188e-003 5.57182649e-003 5.57114131e-003  5.56942835e-003 4.30511262e-003 4.30457699e-003  4.30323791e-003 2.37030616e-003 2.36996645e-003  2.36911720e-003 4.00089383e-004 3.99974722e-004  3.99688069e-004
 -4.24742517e-006 -4.25065220e-006  -4.25871977e-006
 -1.90682998e+000 -1.90681109e+000  -1.90681109e+000 -8.98665665e-002 -8.98650332e-002  -8.98650332e-002 -4.16844832e-001 -4.16840919e-001  -4.16840919e-001 -9.53956298e-001 -9.53972310e-001  -9.53972310e-001 -9.73087806e-001 -9.73067938e-001  -9.73067938e-001
 -3.30370985e+000 -3.30372784e+000  -3.30372784e+000 -1.97907890e-001 -1.97878716e-001  -1.97878716e-001 6.76781690e-001 6.76766552e-001  6.76766552e-001 -2.05831482e-001 -2.05836731e-001  -2.05836731e-001 -7.25423756e-003 -7.24799696e-003  -7.24799696e-003
 -5.46215605e-003 -5.46292765e-003  -5.46292765e-003 -4.37975370e-003 -4.38032811e-003  -4.38032811e-003 -3.34171867e-003 -3.34216783e-003  -3.34216783e-003 -1.92751328e-003 -1.92779827e-003  -1.92779827e-003 -4.26081726e-004 -4.26178107e-004  -4.26178107e-004
 -5.07080473e-007 -5.10058913e-007  -5.10058913e-007
 1.94855300e+000 1.94855300e+000  1.94855300e+000 1.79983185e+000 1.79983185e+000  1.79983185e+000 -6.12365939e-001 -6.12365939e-001  -6.12365939e-001 3.64836420e+000 3.64836420e+000  3.64836420e+000 1.13544036e+000 1.13544036e+000  1.13544036e+000
 -5.18827964e-001 -5.18827964e-001  -5.18827964e-001 2.82975199e+000 2.82975199e+000  2.82975199e+000 -2.15063377e-001 -2.15063377e-001  -2.15063377e-001 5.51318274e-001 5.51318274e-001  5.51318274e-001 -1.61024621e-001 -1.61024621e-001  -1.61024621e-001
 2.65193952e-003 2.65193952e-003  2.65193952e-003 1.61568311e-003 1.61568311e-003  1.61568311e-003 9.69051742e-004 9.69051742e-004  9.69051742e-004 4.58399737e-004 4.58399737e-004  4.58399737e-004 8.23198240e-005 8.23198240e-005  8.23198240e-005
 2.96935426e-007 2.96935426e-007  2.96935426e-007
 7.58201616e-001 7.58201616e-001  7.58201616e-001 -5.88260590e-001 -5.88260590e-001  -5.88260590e-001 -1.08515649e+000 -1.08515649e+000  -1.08515649e+000 -1.86754817e-002 -1.86754817e-002  -1.86754817e-002 1.73063939e+000 1.73063939e+000  1.73063939e+000
 1.40030400e+000 1.40030400e+000  1.40030400e+000 -6.62167711e-001 -6.62167711e-001  -6.62167711e-001 5.81972582e-001 5.81972582e-001  5.81972582e-001 -1.18403767e-001 -1.18403767e-001  -1.18403767e-001 -3.79076899e-002 -3.79076899e-002  -3.79076899e-002
 -2.88993720e-003 -2.88993720e-003  -2.88993720e-003 -2.07937052e-003 -2.07937052e-003  -2.07937052e-003 -1.36789129e-003 -1.36789129e-003  -1.36789129e-003 -7.53715429e-004 -7.53715429e-004  -7.53715429e-004 -2.56630482e-004 -2.56630482e-004  -2.56630482e-004
 -2.86643836e-006 -2.86643836e-006  -2.86643836e-006
 1.64863997e+000 1.64863997e+000  1.64863997e+000 -2.90721182e-001 -2.90721182e-001  -2.90721182e-001 -1.31338512e+000 -1.31338512e+000  -1.31338512e+000 -8.28060948e-001 -8.28060948e-001  -8.28060948e-001 4.01259828e-001 4.01259828e-001  4.01259828e-001
 -1.70578991e+000 -1.70578991e+000  -1.70578991e+000 -1.70364185e+000 -1.70364185e+000  -1.70364185e+000 -6.40423849e-002 -6.40423849e-002  -6.40423849e-002 2.50715682e-001 2.50715682e-001  2.50715682e-001 -9.31122698e-002 -9.31122698e-002  -9.31122698e-002
 -2.07174937e-003 -2.07174937e-003  -2.07174937e-003 -1.82317495e-003 -1.82317495e-003  -1.82317495e-003 -1.16712689e-003 -1.16712689e-003  -1.16712689e-003 -6.48029809e-004 -6.48029809e-004  -6.48029809e-004 -1.68733464e-004 -1.68733464e-004  -1.68733464e-004
 7.39828725e-007 7.39828725e-007  7.39828725e-007
 2.02905980e+000 2.02905980e+000  2.02905980e+000 2.42119648e+000 2.42119648e+000  2.42119648e+000 1.57972713e+000 1.57972713e+000  1.57972713e+000 4.82217708e-001 4.82217708e-001  4.82217708e-001 5.41759027e-002 5.41759027e-002  5.41759027e-002
 4.47822306e-001 4.47822306e-001  4.47822306e-001 -8.84671514e-001 -8.84671514e-001  -8.84671514e-001 2.72181465e-001 2.72181465e-001  2.72181465e-001 -5.93332268e-001 -5.93332268e-001  -5.93332268e-001 1.45888614e-001 1.45888614e-001  1.45888614e-001
 -1.05497239e-002 -1.05497239e-002  -1.05497239e-002 -7.12790235e-003 -7.12790235e-003  -7.12790235e-003 -5.24570374e-003 -5.24570374e-003  -5.24570374e-003 -2.71634967e-003 -2.71634967e-003  -2.71634967e-003 -4.04733422e-004 -4.04733422e-004  -4.04733422e-004
 -2.69276483e-006 -2.69276483e-006  -2.69276483e-006
 1.28706210e+000 1.28706210e+000  1.28706210e+000 9.81371795e-001 9.81371795e-001  9.81371795e-001 -1.20304759e+000 -1.20304759e+000  -1.20304759e+000 4.86738490e-001 4.86738490e-001  4.86738490e-001 -2.46926725e+000 -2.46926725e+000  -2.46926725e+000
 1.40572760e+000 1.40572760e+000  1.40572760e+000 5.32213776e-001 5.32213776e-001  5.32213776e-001 -9.92855619e-001 -9.92855619e-001  -9.92855619e-001 1.53239145e-001 1.53239145e-001  1.53239145e-001 1.22927339e-001 1.22927339e-001  1.22927339e-001
 -7.79481054e-003 -7.79481054e-003  -7.79481054e-003 -5.36326942e-003 -5.36326942e-003  -5.36326942e-003 -3.50035469e-003 -3.50035469e-003  -3.50035469e-003 -1.73656189e-003 -1.73656189e-003  -1.73656189e-003 -3.62263767e-004 -3.62263767e-004  -3.62263767e-004
 -3.23218198e-006 -3.23218198e-006  -3.23218198e-006
 -1.44457281e+000 -1.44457281e+000  -1.44457281e+000 -7.15269800e-001 -7.15269800e-001  -7.15269800e-001 -2.20199618e+000 -2.20199618e+000  -2.20199618e+000 -1.76777391e+000 -1.76777391e+000  -1.76777391e+000 -1.61476039e+000 -1.61476039e+000  -1.61476039e+000
 -2.91141682e+000 -2.91141682e+000  -2.91141682e+000 -1.93827926e+000 -1.93827926e+000  -1.93827926e+000 -6.26909203e-001 -6.26909203e-001  -6.26909203e-001 -2.61458034e-002 -2.61458034e-002  -2.61458034e-002 -8.81932407e-002 -8.81932407e-002  -8.81932407e-002
 6.54678499e-003 6.54678499e-003  6.54678499e-003 5.15239769e-003 5.15239769e-003  5.15239769e-003 3.96464676e-003 3.96464676e-003  3.96464676e-003 2.13374465e-003 2.13374465e-003  2.13374465e-003 3.35108829e-004 3.35108829e-004  3.35108829e-004
 -7.86460771e-007 -7.86460771e-007  -7.86460771e-007
 1.42664665e+000 1.42664665e+000  1.42664665e+000 -2.63740729e+000 -2.63740729e+000  -2.63740729e+000 -6.42770996e-001 -6.42770996e-001  -6.42770996e-001 -7.47590496e-002 -7.47590496e-002  -7.47590496e-002 5.67017566e-001 5.67017566e-001  5.67017566e-001
 -5.07216481e-001 -5.07216481e-001  -5.07216481e-001 -5.23983502e-001 -5.23983502e-001  -5.23983502e-001 3.99999416e-002 3.99999416e-002  3.99999416e-002 -1.64764079e-001 -1.64764079e-001  -1.64764079e-001 1.74561333e-001 1.74561333e-001  1.74561333e-001
 -4.52133589e-003 -4.52133589e-003  -4.52133589e-003 -3.59475708e-003 -3.59475708e-003  -3.59475708e-003 -2.81693078e-003 -2.81693078e-003  -2.81693078e-003 -1.41696291e-003 -1.41696291e-003  -1.41696291e-003 -1.64743199e-004 -1.64743199e-004  -1.64743199e-004
 -1.04820210e-006 -1.04820210e-006  -1.04820210e-006
 6.90203495e-001 6.90203495e-001  6.90203495e-001 1.01465007e+000 1.01465007e+000  1.01465007e+000 3.20404614e+000 3.20404614e+000  3.20404614e+000 6.10768981e-001 6.10768981e-001  6.10768981e-001 -8.21349107e-001 -8.21349107e-001  -8.21349107e-001
 -2.72799454e-001 -2.72799454e-001  -2.72799454e-001 2.69093472e-001 2.69093472e-001  2.69093472e-001 2.44380438e-001 2.44380438e-001  2.44380438e-001 5.45096394e-001 5.45096394e-001  5.45096394e-001 3.56971362e-001 3.56971362e-001  3.56971362e-001
 -2.73726770e-002 -2.73726770e-002  -2.73726770e-002 -1.93497945e-002 -1.93497945e-002  -1.93497945e-002 -1.39427182e-002 -1.39427182e-002  -1.39427182e-002 -7.29673148e-003 -7.29673148e-003  -7.29673148e-003 -1.17822947e-003 -1.17822947e-003  -1.17822947e-003
 3.42633958e-006 3.42633958e-006  3.42633958e-006
 5.79263573e-001 5.79263573e-001  5.79263573e-001 -4.14171192e-001 -4.14171192e-001  -4.14171192e-001 1.95143890e+000 1.95143890e+000  1.95143890e+000 1.07239633e+000 1.07239633e+000  1.07239633e+000 -7.90559774e-002 -7.90559774e-002  -7.90559774e-002
 8.85697032e-001 8.85697032e-001  8.85697032e-001 1.53836012e+000 1.53836012e+000  1.53836012e+000 -8.43163939e-002 -8.43163939e-002  -8.43163939e-002 -6.13410833e-001 -6.13410833e-001  -6.13410833e-001 1.94901328e-001 1.94901328e-001  1.94901328e-001
 -6.83690849e-003 -6.83690849e-003  -6.83690849e-003 -4.18988993e-003 -4.18988993e-003  -4.18988993e-003 -2.90091612e-003 -2.90091612e-003  -2.90091612e-003 -1.53006729e-003 -1.53006729e-003  -1.53006729e-003 -2.76663070e-004 -2.76663070e-004  -2.76663070e-004
 -3.78085228e-006 -3.78085228e-006  -3.78085228e-006
 2.34719344e+000 2.34719344e+000  2.34719344e+000 6.52111160e-001 6.52111160e-001  6.52111160e-001 -3.15414359e-001 -3.15414359e-001  -3.15414359e-001 -3.36460305e-001 -3.36460305e-001  -3.36460305e-001 9.53498425e-002 9.53498425e-002  9.53498425e-002
 1.47211295e+000 1.47211295e+000  1.47211295e+000 -1.57121503e+000 -1.57121503e+000  -1.57121503e+000 -2.08460362e+000 -2.08460362e+000  -2.08460362e+000 -1.02254958e+000 -1.02254958e+000  -1.02254958e+000 2.00487852e-001 2.00487852e-001  2.00487852e-001
 -1.14363824e-002 -1.14363824e-002  -1.14363824e-002 -8.34647288e-003 -8.34647288e-003  -8.34647288e-003 -6.59779555e-003 -6.59779555e-003  -6.59779555e-003 -3.50505796e-003 -3.50505796e-003  -3.50505796e-003 -6.11931153e-004 -6.11931153e-004  -6.11931153e-004
 -1.78336346e-006 -1.78336346e-006  -1.78336346e-006
 -8.80504702e-001 -8.80504702e-001  -8.80504702e-001 6.48492144e-004 6.48492144e-004  6.48492144e-004 -2.11807617e-001 -2.11807617e-001  -2.11807617e-001 -7.37706160e-002 -7.37706160e-002  -7.37706160e-002 -1.39150570e+000 -1.39150570e+000  -1.39150570e+000
 1.30933693e+000 1.30933693e+000  1.30933693e+000 2.93119159e-001 2.93119159e-001  2.93119159e-001 -6.26035644e-001 -6.26035644e-001  -6.26035644e-001 -1.69050338e-001 -1.69050338e-001  -1.69050338e-001 -5.99059179e-002 -5.99059179e-002  -5.99059179e-002
 6.40751242e-003 6.40751242e-003  6.40751242e-003 4.72222294e-003 4.72222294e-003  4.72222294e-003 3.31656707e-003 3.31656707e-003  3.31656707e-003 1.63038850e-003 1.63038850e-003  1.63038850e-003 1.83823384e-004 1.83823384e-004  1.83823384e-004
 -5.60202808e-006 -5.60202808e-006  -5.60202808e-006
 1.04840498e+000 1.04840498e+000  1.04840498e+000 -1.06691934e-001 -1.06691934e-001  -1.06691934e-001 4.27051706e+000 4.27051706e+000  4.27051706e+000 3.87773257e-001 3.87773257e-001  3.87773257e-001 -3.48963438e+000 -3.48963438e+000  -3.48963438e+000
 1.57612064e-002 1.57612064e-002  1.57612064e-002 6.01559547e-002 6.01559547e-002  6.01559547e-002 7.18559809e-001 7.18559809e-001  7.18559809e-001 5.87807923e-001 5.87807923e-001  5.87807923e-001 5.86552443e-002 5.86552443e-002  5.86552443e-002
 -9.26634920e-003 -9.26634920e-003  -9.26634920e-003 -5.06282972e-003 -5.06282972e-003  -5.06282972e-003 -3.46459840e-003 -3.46459840e-003  -3.46459840e-003 -1.95053782e-003 -1.95053782e-003  -1.95053782e-003 -4.85500464e-004 -4.85500464e-004  -4.85500464e-004
 -3.65550319e-006 -3.65550319e-006  -3.65550319e-006
 -1.95734102e-001 -1.95734102e-001  -1.95734102e-001 -1.70863076e-001 -1.70863076e-001  -1.70863076e-001 1.35171661e-001 1.35171661e-001  1.35171661e-001 -1.71574185e-001 -1.71574185e-001  -1.71574185e-001 1.44701778e+000 1.44701778e+000  1.44701778e+000
 1.12687546e-001 1.12687546e-001  1.12687546e-001 1.31527680e+000 1.31527680e+000  1.31527680e+000 5.12136530e-001 5.12136530e-001  5.12136530e-001 4.38348402e-001 4.38348402e-001  4.38348402e-001 -4.20231523e-001 -4.20231523e-001  -4.20231523e-001
 1.77850265e-002 1.77850265e-002  1.77850265e-002 1.06327498e-002 1.06327498e-002  1.06327498e-002 7.35289228e-003 7.35289228e-003  7.35289228e-003 3.55212588e-003 3.55212588e-003  3.55212588e-003 4.70932202e-004 4.70932202e-004  4.70932202e-004
 -1.04407065e-006 -1.04407065e-006  -1.04407065e-006
 -7.82955524e-001 -7.82955524e-001  -7.82955524e-001 -1.19263229e+000 -1.19263229e+000  -1.19263229e+000 -2.39033433e+000 -2.39033433e+000  -2.39033433e+000 -8.48711368e-001 -8.48711368e-001  -8.48711368e-001 9.21294783e-001 9.21294783e-001  9.21294783e-001
 -3.52617641e+000 -3.52617641e+000  -3.52617641e+000 -2.57676737e+000 -2.57676737e+000  -2.57676737e+000 4.21811232e-002 4.21811232e-002  4.21811232e-002 -6.82328727e-001 -6.82328727e-001  -6.82328727e-001 -3.90907666e-002 -3.90907666e-002  -3.90907666e-002
 -2.61604924e-003 -2.61604924e-003  -2.61604924e-003 -9.73518486e-004 -9.73518486e-004  -9.73518486e-004 -1.12465694e-004 -1.12465694e-004  -1.12465694e-004 3.59333689e-005 3.59333689e-005  3.59333689e-005 1.37613618e-005 1.37613618e-005  1.37613618e-005
 5.57947946e-007 5.57947946e-007  5.57947946e-007
 -2.88122669e-001 -2.88122669e-001  -2.88122669e-001 6.06382245e-001 6.06382245e-001  6.06382245e-001 1.31118998e-001 1.31118998e-001  1.31118998e-001 5.62938134e-001 5.62938134e-001  5.62938134e-001 5.07953284e-001 5.07953284e-001  5.07953284e-001
 3.08801539e+000 3.08801539e+000  3.08801539e+000 2.28416545e+000 2.28416545e+000  2.28416545e+000 4.97372225e-001 4.97372225e-001  4.97372225e-001 -1.18372843e-001 -1.18372843e-001  -1.18372843e-001 -1.82932904e-001 -1.82932904e-001  -1.82932904e-001
 7.95628296e-003 7.95628296e-003  7.95628296e-003 5.92435542e-003 5.92435542e-003  5.92435542e-003 4.44287694e-003 4.44287694e-003  4.44287694e-003 2.31473298e-003 2.31473298e-003  2.31473298e-003 3.19135911e-004 3.19135911e-004  3.19135911e-004
 -2.30779704e-006 -2.30779704e-006  -2.30779704e-006
 8.90011650e-001 8.90011650e-001  8.90011650e-001 -3.29251344e+000 -3.29251344e+000  -3.29251344e+000 -3.64279259e-003 -3.64279259e-003  -3.64279259e-003 2.48500813e-001 2.48500813e-001  2.48500813e-001 -1.70228960e-001 -1.70228960e-001  -1.70228960e-001
 -5.47612920e-001 -5.47612920e-001  -5.47612920e-001 -2.64996174e+000 -2.64996174e+000  -2.64996174e+000 1.43622530e-001 1.43622530e-001  1.43622530e-001 -1.08543060e-001 -1.08543060e-001  -1.08543060e-001 9.72118502e-002 9.72118502e-002  9.72118502e-002
 -1.36748824e-003 -1.36748824e-003  -1.36748824e-003 -1.10836838e-003 -1.10836838e-003  -1.10836838e-003 -7.75888145e-004 -7.75888145e-004  -7.75888145e-004 -3.94117462e-004 -3.94117462e-004  -3.94117462e-004 -5.92584865e-005 -5.92584865e-005  -5.92584865e-005
 9.22530325e-008 9.22530325e-008  9.22530325e-008
 1.81900792e-001 1.81900792e-001  1.81900792e-001 -9.81499677e-001 -9.81499677e-001  -9.81499677e-001 2.08145255e+000 2.08145255e+000  2.08145255e+000 -3.65936874e-002 -3.65936874e-002  -3.65936874e-002 -3.64020899e-002 -3.64020899e-002  -3.64020899e-002
 2.24665630e+000 2.24665630e+000  2.24665630e+000 1.41493741e+000 1.41493741e+000  1.41493741e+000 5.92752410e-001 5.92752410e-001  5.92752410e-001 3.75664883e-001 3.75664883e-001  3.75664883e-001 -1.29097883e-001 -1.29097883e-001  -1.29097883e-001
 3.01749073e-003 3.01749073e-003  3.01749073e-003 2.01903149e-003 2.01903149e-003  2.01903149e-003 1.48719655e-003 1.48719655e-003  1.48719655e-003 7.36838300e-004 7.36838300e-004  7.36838300e-004 8.77069152e-005 8.77069152e-005  8.77069152e-005
 -2.12863478e-006 -2.12863478e-006  -2.12863478e-006
 -1.32930374e+000 -1.32930005e+000  -1.32929082e+000 -2.29656511e+000 -2.29655240e+000  -2.29652063e+000 -1.59548220e+000 -1.59547105e+000  -1.59544316e+000 -1.58347822e+000 -1.58349215e+000  -1.58352699e+000 -3.84886664e+000 -3.84886470e+000  -3.84885983e+000
 -1.06513970e+000 -1.06515897e+000  -1.06520715e+000 -7.89463740e-001 -7.89461955e-001  -7.89457492e-001 -1.05475336e-001 -1.05483512e-001  -1.05503951e-001 -1.74038362e-001 -1.74044467e-001  -1.74059730e-001 7.43613266e-002 7.43703162e-002  7.43927902e-002
 -2.75044249e-002 -2.75053457e-002  -2.75076478e-002 -1.78532661e-002 -1.78539512e-002  -1.78556642e-002 -1.20625034e-002 -1.20630390e-002  -1.20643781e-002 -6.55864799e-003 -6.55898770e-003  -6.55983695e-003 -1.66721473e-003 -1.66732939e-003  -1.66761604e-003
 -1.54676522e-005 -1.54708792e-005  -1.54789468e-005
 -7.57482848e-001 -7.57463956e-001  -7.57463956e-001 2.83110825e+000 2.83110979e+000  2.83110979e+000 2.74865998e+000 2.74866389e+000  2.74866389e+000 1.66715429e+000 1.66713827e+000  1.66713827e+000 2.10812062e+000 2.10814049e+000  2.10814049e+000
 2.90188981e+000 2.90187182e+000  2.90187182e+000 2.10139160e+000 2.10142077e+000  2.10142077e+000 1.89748366e-001 1.89733229e-001  1.89733229e-001 -2.58499695e-001 -2.58504944e-001  -2.58504944e-001 -3.09472810e-001 -3.09466569e-001  -3.09466569e-001
 4.61512684e-003 4.61435524e-003  4.61435524e-003 2.42874501e-003 2.42817060e-003  2.42817060e-003 1.88945395e-003 1.88900479e-003  1.88900479e-003 6.26925186e-004 6.26640190e-004  6.26640190e-004 -1.48370122e-004 -1.48466503e-004  -1.48466503e-004
 6.48495017e-008 6.18710612e-008  6.18710612e-008
 2.05350375e+000 2.05350375e+000  2.05350375e+000 3.14829274e+000 3.14829274e+000  3.14829274e+000 1.17116946e+000 1.17116946e+000  1.17116946e+000 -2.79611886e-001 -2.79611886e-001  -2.79611886e-001 -1.00847874e+000 -1.00847874e+000  -1.00847874e+000
 1.93020759e+000 1.93020759e+000  1.93020759e+000 1.77442839e+000 1.77442839e+000  1.77442839e+000 -4.13714092e-001 -4.13714092e-001  -4.13714092e-001 5.94839757e-001 5.94839757e-001  5.94839757e-001 1.84427926e-001 1.84427926e-001  1.84427926e-001
 -4.68382092e-003 -4.68382092e-003  -4.68382092e-003 -3.30604609e-003 -3.30604609e-003  -3.30604609e-003 -2.15538899e-003 -2.15538899e-003  -2.15538899e-003 -1.04053537e-003 -1.04053537e-003  -1.04053537e-003 -1.05560919e-004 -1.05560919e-004  -1.05560919e-004
 5.58480091e-006 5.58480091e-006  5.58480091e-006
 -8.70512768e-001 -8.70512768e-001  -8.70512768e-001 -2.39571414e+000 -2.39571414e+000  -2.39571414e+000 6.97447620e-001 6.97447620e-001  6.97447620e-001 -9.69504185e-001 -9.69504185e-001  -9.69504185e-001 1.38851439e+000 1.38851439e+000  1.38851439e+000
 1.95015536e-001 1.95015536e-001  1.95015536e-001 4.42191015e-001 4.42191015e-001  4.42191015e-001 7.03309992e-001 7.03309992e-001  7.03309992e-001 -5.40041429e-001 -5.40041429e-001  -5.40041429e-001 1.41408559e-001 1.41408559e-001  1.41408559e-001
 -2.41459566e-003 -2.41459566e-003  -2.41459566e-003 -1.34872183e-003 -1.34872183e-003  -1.34872183e-003 -1.13854266e-003 -1.13854266e-003  -1.13854266e-003 -5.69989793e-004 -5.69989793e-004  -5.69989793e-004 -1.75674814e-004 -1.75674814e-004  -1.75674814e-004
 2.51422224e-006 2.51422224e-006  2.51422224e-006
 1.76184339e+000 1.76184339e+000  1.76184339e+000 2.48008815e+000 2.48008815e+000  2.48008815e+000 -3.86492901e-001 -3.86492901e-001  -3.86492901e-001 8.14791400e-001 8.14791400e-001  8.14791400e-001 1.77116400e+000 1.77116400e+000  1.77116400e+000
 -2.61914401e+000 -2.61914401e+000  -2.61914401e+000 -2.39781496e+000 -2.39781496e+000  -2.39781496e+000 -1.91607523e-001 -1.91607523e-001  -1.91607523e-001 1.17783437e-001 1.17783437e-001  1.17783437e-001 -1.74801999e-001 -1.74801999e-001  -1.74801999e-001
 1.47602540e-002 1.47602540e-002  1.47602540e-002 1.05241541e-002 1.05241541e-002  1.05241541e-002 7.53597514e-003 7.53597514e-003  7.53597514e-003 4.08695446e-003 4.08695446e-003  4.08695446e-003 8.12340148e-004 8.12340148e-004  8.12340148e-004
 -3.06043834e-006 -3.06043834e-006  -3.06043834e-006
 -4.08653603e-001 -4.08653603e-001  -4.08653603e-001 -1.26662742e+000 -1.26662742e+000  -1.26662742e+000 4.24959682e-001 4.24959682e-001  4.24959682e-001 -1.84005067e-001 -1.84005067e-001  -1.84005067e-001 -5.57694845e-001 -5.57694845e-001  -5.57694845e-001
 -2.99995175e-001 -2.99995175e-001  -2.99995175e-001 -5.92039549e-002 -5.92039549e-002  -5.92039549e-002 3.83453062e-002 3.83453062e-002  3.83453062e-002 -2.91563096e-001 -2.91563096e-001  -2.91563096e-001 1.87591568e-001 1.87591568e-001  1.87591568e-001
 -1.29377927e-002 -1.29377927e-002  -1.29377927e-002 -8.97094070e-003 -8.97094070e-003  -8.97094070e-003 -6.72704298e-003 -6.72704298e-003  -6.72704298e-003 -3.49390800e-003 -3.49390800e-003  -3.49390800e-003 -5.52056080e-004 -5.52056080e-004  -5.52056080e-004
 -2.04554880e-005 -2.04554880e-005  -2.04554880e-005
 1.29495121e+000 1.29495121e+000  1.29495123e+000 -2.03968322e+000 -2.03968322e+000  -2.03968322e+000 -1.82018642e+000 -1.82018642e+000  -1.82018641e+000 -5.32226330e-001 -5.32226332e-001  -5.32226337e-001 -2.80594794e-001 -2.80594787e-001  -2.80594770e-001
 -9.10526123e-001 -9.10526124e-001  -9.10526126e-001 -1.95739979e+000 -1.95739979e+000  -1.95739979e+000 -6.63399545e-001 -6.63399549e-001  -6.63399559e-001 -2.25043353e-001 -2.25043355e-001  -2.25043360e-001 -1.74570297e-001 -1.74570295e-001  -1.74570290e-001
 1.45708387e-002 1.45708385e-002  1.45708378e-002 1.17270193e-002 1.17270191e-002  1.17270186e-002 8.63738877e-003 8.63738862e-003  8.63738823e-003 4.52804476e-003 4.52804466e-003  4.52804441e-003 6.57402704e-004 6.57402671e-004  6.57402588e-004
 -2.00225145e-005 -2.00225154e-005  -2.00225174e-005
 -1.67833613e+000 -1.67833613e+000  -1.67833613e+000 -8.78738031e-001 -8.78738031e-001  -8.78738031e-001 3.24705985e-001 3.24705985e-001  3.24705985e-001 -5.40841753e-001 -5.40841753e-001  -5.40841753e-001 -1.07648444e+000 -1.07648444e+000  -1.07648444e+000
 2.87324176e+000 2.87324176e+000  2.87324176e+000 1.54056153e+000 1.54056153e+000  1.54056153e+000 3.18762188e-001 3.18762188e-001  3.18762188e-001 -2.97073509e-002 -2.97073509e-002  -2.97073509e-002 2.12027955e-002 2.12027955e-002  2.12027955e-002
 -2.44606271e-003 -2.44606271e-003  -2.44606271e-003 -1.88756890e-003 -1.88756890e-003  -1.88756890e-003 -1.61302518e-003 -1.61302518e-003  -1.61302518e-003 -1.04794931e-003 -1.04794931e-003  -1.04794931e-003 -2.96351063e-004 -2.96351063e-004  -2.96351063e-004
 -3.18772967e-006 -3.18772967e-006  -3.18772967e-006
 -6.87731791e-001 -6.87731786e-001  -6.87731775e-001 -1.19310529e+000 -1.19310529e+000  -1.19310529e+000 1.27623864e-001 1.27623867e-001  1.27623873e-001 -6.37507732e-001 -6.37507734e-001  -6.37507739e-001 -1.29703825e+000 -1.29703824e+000  -1.29703823e+000
 -1.43134387e+000 -1.43134387e+000  -1.43134387e+000 -7.30450958e-001 -7.30450958e-001  -7.30450958e-001 5.68885120e-001 5.68885117e-001  5.68885107e-001 -1.17398999e-001 -1.17399001e-001  -1.17399006e-001 -1.93549978e-001 -1.93549976e-001  -1.93549971e-001
 -1.16208091e-002 -1.16208094e-002  -1.16208101e-002 -6.16471113e-003 -6.16471133e-003  -6.16471183e-003 -3.81692506e-003 -3.81692522e-003  -3.81692561e-003 -2.24690712e-003 -2.24690722e-003  -2.24690747e-003 -9.65826434e-004 -9.65826467e-004  -9.65826550e-004
 -4.09021998e-005 -4.09022006e-005  -4.09022027e-005
 8.59845626e-001 8.59849320e-001  8.59858553e-001 2.04481665e+000 2.04482936e+000  2.04486114e+000 4.18603611e-002 4.18715168e-002  4.18994061e-002 6.70101832e-001 6.70087897e-001  6.70053061e-001 3.78434147e+000 3.78434342e+000  3.78434829e+000
 -3.36468208e-001 -3.36487479e-001  -3.36535658e-001 -6.22788953e-001 -6.22787168e-001  -6.22782705e-001 -5.08779273e-001 -5.08787448e-001  -5.08807888e-001 -4.17895378e-001 -4.17901483e-001  -4.17916745e-001 2.69311848e-001 2.69320838e-001  2.69343312e-001
 -9.41889727e-003 -9.41981809e-003  -9.42212015e-003 -6.39643766e-003 -6.39712285e-003  -6.39883581e-003 -4.69592147e-003 -4.69645710e-003  -4.69779618e-003 -2.51872002e-003 -2.51905972e-003  -2.51990897e-003 -5.15994907e-004 -5.16109568e-004  -5.16396220e-004
 -8.09357709e-006 -8.09680411e-006  -8.10487169e-006
 1.53643956e+000 1.53645846e+000  1.53645846e+000 -4.25953325e-001 -4.25951791e-001  -4.25951791e-001 1.03610054e+000 1.03610445e+000  1.03610445e+000 -1.13331380e+000 -1.13332981e+000  -1.13332981e+000 -2.94832816e+000 -2.94830830e+000  -2.94830830e+000
 1.86758183e+000 1.86756384e+000  1.86756384e+000 4.35481061e-001 4.35510235e-001  4.35510235e-001 -5.02898679e-001 -5.02913817e-001  -5.02913817e-001 -2.41268364e-001 -2.41273613e-001  -2.41273613e-001 -1.46817596e-001 -1.46811356e-001  -1.46811356e-001
 7.44529180e-003 7.44452019e-003  7.44452019e-003 5.76209256e-003 5.76151815e-003  5.76151815e-003 4.49218640e-003 4.49173725e-003  4.49173725e-003 2.34447038e-003 2.34418538e-003  2.34418538e-003 3.02687526e-004 3.02591145e-004  3.02591145e-004
 -1.84644351e-006 -1.84942195e-006  -1.84942195e-006
 1.07244666e+000 1.07245380e+000  1.07245455e+000 4.02400730e+000 4.02400887e+000  4.02401143e+000 -5.05035740e-001 -5.05033425e-001  -5.05031179e-001 4.16591042e-001 4.16584119e-001  4.16581315e-001 -4.18001088e-001 -4.17993734e-001  -4.17993342e-001
 1.56490160e+000 1.56489353e+000  1.56488965e+000 1.94500326e+000 1.94501397e+000  1.94501433e+000 -1.17802791e+000 -1.17803406e+000  -1.17803570e+000 3.25772079e-001 3.25769686e-001  3.25768457e-001 -4.15393439e-002 -4.15363594e-002  -4.15345500e-002
 -1.37611573e-004 -1.37965233e-004  -1.38150573e-004 1.13140460e-004 1.12877207e-004  1.12739296e-004 7.04573277e-005 7.02514898e-005  7.01436797e-005 1.16457469e-004 1.16326876e-004  1.16258502e-004 7.61875637e-005 7.61434169e-005  7.61203384e-005
 -2.87411998e-007 -2.88750786e-007  -2.89400303e-007
 -2.82968994e-003 -2.81952379e-003  -2.81518026e-003 2.67041503e-003 2.67707067e-003  2.69199958e-003 -2.48370609e-003 -2.47671811e-003  -2.46361194e-003 5.44604327e-003 5.43235198e-003  5.41598255e-003 3.01051285e-003 3.02029441e-003  3.02258819e-003
 -1.63952227e-004 -1.81032684e-004  -2.03669614e-004 -8.10314899e-005 -6.71767051e-005  -6.50797922e-005 7.21061011e-005 6.15093234e-005  5.19017798e-005 -1.84774240e-003 -1.85295360e-003  -1.86012690e-003 1.19427029e-002 1.19497117e-002  1.19602731e-002
 -5.21677682e-003 -5.21755384e-003  -5.21863574e-003 -1.59807761e-003 -1.59865590e-003  -1.59946095e-003 -8.78395842e-005 -8.82917101e-005  -8.89210406e-005 2.27258596e-004 2.26971793e-004  2.26572666e-004 -2.58448550e-004 -2.58545440e-004  -2.58680163e-004
 -2.22052354e-005 -2.22080831e-005  -2.22118803e-005
 -6.91661220e-002 -6.91517575e-002  -6.91458310e-002 -8.44767071e-003 -8.43854990e-003  -8.41818144e-003 -4.72070471e-002 -4.71974105e-002  -4.71795288e-002 6.28245616e-002 6.28054630e-002  6.27831291e-002 3.78416864e-002 3.78555518e-002  3.78586819e-002
 6.38394910e-003 6.36017470e-003  6.32928973e-003 5.07277933e-002 5.07474592e-002  5.07503202e-002 2.20064879e-002 2.19916341e-002  2.19785257e-002 3.11820579e-002 3.11748106e-002  3.11650234e-002 -1.14137722e-002 -1.14040464e-002  -1.13896366e-002
 -1.19778505e-002 -1.19789308e-002  -1.19804069e-002 -7.34601595e-003 -7.34681998e-003  -7.34791836e-003 -4.62976679e-003 -4.63039540e-003  -4.63125404e-003 -2.26186328e-003 -2.26226204e-003  -2.26280660e-003 -5.75600624e-004 -5.75735337e-004  -5.75919146e-004
 -1.96423764e-005 -1.96463378e-005  -1.96515141e-005
 1.12920625e+000 1.12922397e+000  1.12923123e+000 7.53630582e-002 7.53742350e-002  7.53991703e-002 7.79535811e-001 7.79547636e-001  7.79569527e-001 -1.04207789e+000 -1.04210138e+000  -1.04212872e+000 -5.53945550e-001 -5.53928434e-001  -5.53924603e-001
 -1.13116126e-001 -1.13145359e-001  -1.13183169e-001 -8.58680857e-001 -8.58656573e-001  -8.58653071e-001 -3.26346130e-001 -3.26364422e-001  -3.26380469e-001 -5.58003358e-001 -5.58012268e-001  -5.58024249e-001 -4.33246218e-002 -4.33126708e-002  -4.32950305e-002
 -1.12575385e-002 -1.12588665e-002  -1.12606736e-002 -5.74630821e-003 -5.74729660e-003  -5.74864122e-003 -3.43752043e-003 -3.43829318e-003  -3.43934432e-003 -2.01994873e-003 -2.02043892e-003  -2.02110555e-003 -9.29723421e-004 -9.29889022e-004  -9.30114035e-004
 -3.96242006e-005 -3.96290698e-005  -3.96354026e-005
 7.38492926e-001 7.38492926e-001  7.38492926e-001 -1.08906138e+000 -1.08906138e+000  -1.08906138e+000 1.75069547e+000 1.75069547e+000  1.75069547e+000 -1.10850545e+000 -1.10850545e+000  -1.10850545e+000 -1.13168336e+000 -1.13168336e+000  -1.13168336e+000
 6.49587038e-001 6.49587038e-001  6.49587038e-001 7.49173518e-001 7.49173518e-001  7.49173518e-001 3.35562919e-001 3.35562919e-001  3.35562919e-001 1.82211686e-001 1.82211686e-001  1.82211686e-001 4.19873881e-001 4.19873881e-001  4.19873881e-001
 1.86576807e-002 1.86576807e-002  1.86576807e-002 1.49451569e-002 1.49451569e-002  1.49451569e-002 1.13638212e-002 1.13638212e-002  1.13638212e-002 6.54571549e-003 6.54571549e-003  6.54571549e-003 1.17759508e-003 1.17759508e-003  1.17759508e-003
 -9.67629020e-006 -9.67629020e-006  -9.67629020e-006
 9.75338431e-001 9.75338431e-001  9.75338431e-001 -1.75441878e+000 -1.75441878e+000  -1.75441878e+000 1.00551721e+000 1.00551721e+000  1.00551721e+000 -6.78346870e-001 -6.78346870e-001  -6.78346870e-001 2.70555258e-001 2.70555258e-001  2.70555258e-001
 -8.83041919e-001 -8.83041919e-001  -8.83041919e-001 -4.11791635e-001 -4.11791635e-001  -4.11791635e-001 -4.14410889e-001 -4.14410889e-001  -4.14410889e-001 6.86106537e-001 6.86106537e-001  6.86106537e-001 -7.81292207e-002 -7.81292207e-002  -7.81292207e-002
 -5.02877755e-002 -5.02877755e-002  -5.02877755e-002 -3.54750150e-002 -3.54750150e-002  -3.54750150e-002 -2.60567996e-002 -2.60567996e-002  -2.60567996e-002 -1.42943774e-002 -1.42943774e-002  -1.42943774e-002 -2.70228138e-003 -2.70228138e-003  -2.70228138e-003
 -1.56417589e-005 -1.56417589e-005  -1.56417589e-005
 3.53666062e-001 3.53666062e-001  3.53666062e-001 2.73465448e+000 2.73465448e+000  2.73465448e+000 -6.56522228e-001 -6.56522228e-001  -6.56522228e-001 4.96616263e-001 4.96616263e-001  4.96616263e-001 4.87739181e-001 4.87739181e-001  4.87739181e-001
 7.16649467e-001 7.16649467e-001  7.16649467e-001 -4.40888728e-001 -4.40888728e-001  -4.40888728e-001 1.58267218e-001 1.58267218e-001  1.58267218e-001 -1.73645130e+000 -1.73645130e+000  -1.73645130e+000 -3.33357758e-001 -3.33357758e-001  -3.33357758e-001
 -3.84253797e-002 -3.84253797e-002  -3.84253797e-002 -2.40410897e-002 -2.40410897e-002  -2.40410897e-002 -1.66053947e-002 -1.66053947e-002  -1.66053947e-002 -8.87915730e-003 -8.87915730e-003  -8.87915730e-003 -1.64543548e-003 -1.64543548e-003  -1.64543548e-003
 -9.95104568e-006 -9.95104568e-006  -9.95104568e-006
 8.14246337e-002 8.14472235e-002  8.14564680e-002 9.85127481e-001 9.85141725e-001  9.85173500e-001 -4.33386811e-001 -4.33371740e-001  -4.33343844e-001 6.60410358e-001 6.60380411e-001  6.60345570e-001 3.93433095e-001 3.93454915e-001  3.93459796e-001
 1.07819398e-001 1.07782137e-001  1.07733955e-001 -3.12832660e-001 -3.12801701e-001  -3.12797238e-001 -5.22212080e-001 -5.22235397e-001  -5.22255846e-001 9.15703413e-002 9.15589852e-002  9.15437173e-002 -7.94426285e-002 -7.94273962e-002  -7.94049170e-002
 5.64610599e-002 5.64593672e-002  5.64570645e-002 3.77718916e-002 3.77706318e-002  3.77689183e-002 2.72777129e-002 2.72767280e-002  2.72753885e-002 1.42066624e-002 1.42060376e-002  1.42051881e-002 1.99098797e-003 1.99077689e-003  1.99049015e-003
 -1.55731256e-005 -1.55793319e-005  -1.55874015e-005
 -4.34586431e+000 -4.34590555e+000 -4.34596878e+000
 -2.04482662e+000 -2.04486378e+000 -2.04490377e+000
 -4.40164691e+000 -4.40167075e+000 -4.40167786e+000
 5.78597143e+000 5.78596550e+000 5.78595879e+000
 -3.62786931e+000 -3.62790625e+000 -3.62797030e+000
 3.88167591e+000 3.88165397e+000 3.88163732e+000
 -5.32152920e+000 -5.32154056e+000 -5.32154141e+000
 3.58530385e+000 3.58529561e+000 3.58528930e+000
 2.29905364e+000 2.29904805e+000 2.29904055e+000
 -1.37865311e+000 -1.37867185e+000 -1.37870273e+000
 1.40867182e-001 1.40842740e-001 1.40809774e-001
 1.04839381e-001 1.04815008e-001 1.04782024e-001
 8.19716242e-002 8.19473100e-002 8.19143535e-002
 5.20116033e-002 5.19874245e-002 5.19545943e-002
 1.76043734e-002 1.75803294e-002 1.75476361e-002
 5.67328245e-004 5.43279846e-004 5.10569066e-004
