    8     15     50      1  9723   4855 
    0.700      0.400   20000  100      0.000      0.000    100     16 
    0.990 	     0.010 
   2 
    1.9875e+000   0.0000e+000  
  5.7000e+001  -8.0000e+000  
  4.4837e+000   0.0000e+000  
  1.8824e+002   1.7539e+002  
  1.0000e+000   0.0000e+000  
  1.0000e+000   0.0000e+000  
  1.0000e+000   0.0000e+000  
  1.0000e+000   0.0000e+000  
   2.6556e+002   0.0000e+000  
  itr    nh   avger[]   r2avg    mare[] 
100  16 1.241e+002   3.069e-001  1.000e+001 8.027e+002 
100  16 1.253e+002   2.231e-002  1.000e+003 8.619e+002 
   1  3.0688e-001   8.0273e+002   5.6608e+007   1.2414e+000 
  4.6715e+001   7.1447e-001 
   1  2.2306e-002   8.6188e+002   6.0780e+007   1.2530e+000 
  8.2508e+000   1.9558e-001 
