  7.5238e+000  4.4920e+000 -1.0820e+001  8.0075e+000 -4.9215e-001
  4.3909e-001 -3.9447e+000 -1.7996e+001 -3.6815e+000 -1.1838e+001
 -1.1683e+001 -8.3241e+000 -1.6826e+001 -9.1835e+000 -6.4862e+000
 -1.0284e+000
  8.0371e+000
 2.36767372e-001 2.36767372e-001  2.36767372e-001 2.87913615e+000 2.87913615e+000  2.87913615e+000 -3.34157450e+000 -3.34157450e+000  -3.34157450e+000 -6.18155773e-001 -6.18155773e-001  -6.18155773e-001 3.92580049e+000 3.92580049e+000  3.92580049e+000
 -1.27807436e+001 -1.27807436e+001  -1.27807436e+001 -1.27052938e+000 -1.27052938e+000  -1.27052938e+000 -7.53372311e+000 -7.53372311e+000  -7.53372311e+000 -1.20930687e+001 -1.20930687e+001  -1.20930687e+001 8.77475644e-002 8.77475644e-002  8.77475644e-002
 1.21064904e+001 1.21064904e+001  1.21064904e+001 2.65239355e-001 2.65239355e-001  2.65239355e-001 7.80089168e+000 7.80089168e+000  7.80089168e+000 -2.31904038e+000 -2.31904038e+000  -2.31904038e+000 1.45312945e+001 1.45312945e+001  1.45312945e+001
 -7.97144100e-002 -7.97144100e-002  -7.97144100e-002
 -2.48262906e+001 -2.48262906e+001  -2.48262906e+001 9.31464366e+000 9.31470329e+000  9.31469624e+000 -1.42579445e+000 -1.42579453e+000  -1.42579452e+000 -1.13465637e+001 -1.13464886e+001  -1.13464969e+001 2.06564354e+000 2.06565567e+000  2.06565411e+000
 -6.87779216e+000 -6.87779171e+000  -6.87779177e+000 7.97450529e-002 7.97450995e-002  7.97450934e-002 1.94704220e+001 1.94704231e+001  1.94704230e+001 8.43777111e+000 8.43791667e+000  8.43789970e+000 1.18255144e+000 1.18255088e+000  1.18255095e+000
 -9.18139731e-001 -9.18139731e-001  -9.18139731e-001 1.03655909e+001 1.03655947e+001  1.03655943e+001 -1.89405977e+000 -1.89405977e+000  -1.89405977e+000 1.16130875e+001 1.16131156e+001  1.16131115e+001 -1.55363643e+001 -1.55363642e+001  -1.55363642e+001
 -8.68944270e-001 -8.68952652e-001  -8.68951526e-001
 -1.01299734e+001 -1.01299734e+001  -1.01299734e+001 -1.24343071e+001 -1.24342587e+001  -1.24342645e+001 9.10711497e+000 9.10711491e+000  9.10711492e+000 -2.09082524e+000 -2.09076420e+000  -2.09077112e+000 -4.54272602e+000 -4.54271616e+000  -4.54271746e+000
 7.38081394e+000 7.38081430e+000  7.38081425e+000 -1.52589320e+000 -1.52589316e+000  -1.52589316e+000 8.31265627e+000 8.31265724e+000  8.31265714e+000 3.22313136e-001 3.22431428e-001  3.22417314e-001 1.19960628e+001 1.19960623e+001  1.19960624e+001
 4.39513019e+000 4.39513019e+000  4.39513019e+000 9.51903689e-001 9.51906788e-001  9.51906434e-001 1.45459513e+001 1.45459513e+001  1.45459513e+001 6.07680312e+000 6.07682599e+000  6.07682252e+000 8.84675494e+000 8.84675496e+000  8.84675496e+000
 -8.52043630e-001 -8.52050441e-001  -8.52049504e-001
 -1.05731340e+001 -1.05731340e+001  -1.05731340e+001 -1.08037748e+001 -1.08037386e+001  -1.08037430e+001 1.20134283e+001 1.20134283e+001  1.20134283e+001 -1.41603546e+000 -1.41598985e+000  -1.41599502e+000 -2.51269878e+000 -2.51269142e+000  -2.51269239e+000
 7.45234326e+000 7.45234353e+000  7.45234350e+000 3.40758852e-001 3.40758880e-001  3.40758876e-001 1.04190677e+001 1.04190684e+001  1.04190683e+001 2.60599580e+000 2.60608417e+000  2.60607364e+000 1.55676377e+001 1.55676374e+001  1.55676374e+001
 7.43396094e+000 7.43396094e+000  7.43396094e+000 3.72436066e+000 3.72436297e+000  3.72436271e+000 1.97606414e+001 1.97606414e+001  1.97606414e+001 8.61190479e+000 8.61192188e+000  8.61191929e+000 1.27343684e+001 1.27343684e+001  1.27343684e+001
 -8.45040347e-001 -8.45045435e-001  -8.45044737e-001
 -4.65387261e+000 -4.65387261e+000  -4.65387261e+000 8.46852281e+000 8.46852281e+000  8.46852281e+000 -2.71073622e+000 -2.71073622e+000  -2.71073622e+000 4.58251474e+000 4.58251474e+000  4.58251474e+000 4.71934818e+000 4.71934818e+000  4.71934818e+000
 -4.03397503e+000 -4.03397503e+000  -4.03397503e+000 -1.24713187e+000 -1.24713187e+000  -1.24713187e+000 -1.11013458e+001 -1.11013458e+001  -1.11013458e+001 -6.00352947e+000 -6.00352947e+000  -6.00352947e+000 -5.95867683e+000 -5.95867683e+000  -5.95867683e+000
 -9.26445112e+000 -9.26445112e+000  -9.26445112e+000 -4.96146688e+000 -4.96146688e+000  -4.96146688e+000 -6.13014703e+000 -6.13014703e+000  -6.13014703e+000 -6.17149203e+000 -6.17149203e+000  -6.17149203e+000 5.26420285e-001 5.26420285e-001  5.26420285e-001
 -2.71774701e-001 -2.71774701e-001  -2.71774701e-001
 1.52327961e+001 1.52327961e+001  1.52327961e+001 -1.29152906e+000 -1.29152906e+000  -1.29152906e+000 -3.37853512e+000 -3.37853512e+000  -3.37853512e+000 -3.27692955e+000 -3.27692955e+000  -3.27692955e+000 -4.59422479e+000 -4.59422479e+000  -4.59422479e+000
 -2.37127342e+000 -2.37127342e+000  -2.37127342e+000 -1.39634897e+000 -1.39634897e+000  -1.39634897e+000 -7.10480819e-001 -7.10480819e-001  -7.10480819e-001 4.79445932e+000 4.79445932e+000  4.79445932e+000 -3.05065577e+000 -3.05065577e+000  -3.05065577e+000
 2.60893115e+000 2.60893115e+000  2.60893115e+000 -1.47369965e+000 -1.47369965e+000  -1.47369965e+000 -6.01903910e+000 -6.01903910e+000  -6.01903910e+000 -4.41121037e+000 -4.41121037e+000  -4.41121037e+000 -1.26405659e+001 -1.26405659e+001  -1.26405659e+001
 -3.01470469e-001 -3.01470469e-001  -3.01470469e-001
 -5.95649251e-001 -5.95649251e-001  -5.95649251e-001 -2.14864191e+000 -2.14855187e+000  -2.14856279e+000 -8.87275033e+000 -8.87275045e+000  -8.87275043e+000 4.88241585e+000 4.88252926e+000  4.88251638e+000 -2.68466118e+000 -2.68464286e+000  -2.68464528e+000
 4.85225272e+000 4.85225339e+000  4.85225331e+000 -4.29358473e+000 -4.29358466e+000  -4.29358467e+000 -1.07720955e+001 -1.07720937e+001  -1.07720939e+001 -6.13371272e+000 -6.13349293e+000  -6.13351920e+000 -7.53217326e+000 -7.53217411e+000  -7.53217400e+000
 -1.06009179e+001 -1.06009179e+001  -1.06009179e+001 -7.12687253e+000 -7.12686677e+000  -7.12686743e+000 -1.24661206e+001 -1.24661206e+001  -1.24661206e+001 -3.87770540e+000 -3.87766291e+000  -3.87766936e+000 -2.79789585e+000 -2.79789581e+000  -2.79789582e+000
 -1.14075211e+000 -1.14076476e+000  -1.14076302e+000
 4.66666667e-001 4.66666667e-001  4.66666667e-001 5.33333333e-001 5.33333333e-001  5.33333333e-001 6.00000000e-001 6.00000000e-001  6.00000000e-001 6.66666667e-001 6.66666667e-001  6.66666667e-001 7.33333333e-001 7.33333333e-001  7.33333333e-001
 8.00000000e-001 8.00000000e-001  8.00000000e-001 8.66666667e-001 8.66666667e-001  8.66666667e-001 9.33333333e-001 9.33333333e-001  9.33333333e-001 1.00000000e+000 1.00000000e+000  1.00000000e+000 1.06666667e+000 1.06666667e+000  1.06666667e+000
 1.13333333e+000 1.13333333e+000  1.13333333e+000 1.20000000e+000 1.20000000e+000  1.20000000e+000 1.26666667e+000 1.26666667e+000  1.26666667e+000 1.33333333e+000 1.33333333e+000  1.33333333e+000 1.40000000e+000 1.40000000e+000  1.40000000e+000
 0.00000000e+000 0.00000000e+000  0.00000000e+000
 -2.21185237e+000 -2.21185237e+000 -2.21185237e+000
 -1.42654246e+000 -1.42661063e+000 -1.42660243e+000
 7.04588929e+000 7.04588927e+000 7.04588927e+000
 -5.14754362e+000 -5.14843950e+000 -5.14831744e+000
 -3.89259414e+000 -3.89259887e+000 -3.89259825e+000
 -1.61729047e+000 -1.61820853e+000 -1.61808396e+000
 -5.45049040e-001 -5.45049169e-001 -5.45049152e-001
 -2.64077832e+000 -2.64077899e+000 -2.64077893e+000
 -5.31921764e+000 -5.31926100e+000 -5.31925585e+000
 3.29850114e-001 3.29847530e-001 3.29847865e-001
 -5.22302340e+000 -5.22302340e+000 -5.22302340e+000
 -4.51141649e+000 -4.51141777e+000 -4.51141763e+000
 -7.42930657e+000 -7.42930657e+000 -7.42930657e+000
 -2.84716624e-001 -2.85448294e-001 -2.85353353e-001
 -6.41239499e-001 -6.41239556e-001 -6.41239546e-001
 5.04343768e-001 5.04317950e-001 5.04321507e-001
