 -1.1765e-002 -3.9120e-002 -2.9110e-002 -2.8546e-001  2.8729e-002
 -3.3555e-001 -4.0043e-001 -6.6784e-001 -1.8957e-001 -5.5234e-001
 -3.5502e-001 -1.5183e+000 -2.8068e-003 -1.3287e+000 -2.0414e-001
 -2.4494e-002
 -7.8308e-001
 -2.42939169e-001 -2.42880228e-001  -2.42876704e-001 -2.30715405e-002 -2.29944605e-002  -2.29880129e-002 -5.04662235e-001 -5.04563693e-001  -5.04559785e-001 2.31587781e-001 2.31636152e-001  2.31641613e-001 -1.68871217e+000 -1.68851189e+000  -1.68851115e+000
 3.45033634e-001 3.45065834e-001  3.45068163e-001 -6.21905945e-001 -6.21684149e-001  -6.21717751e-001 1.21698562e+000 1.21721916e+000  1.21721665e+000 -2.82792732e+000 -2.82768814e+000  -2.82770100e+000 1.14986720e+000 1.14957071e+000  1.14956461e+000
 -2.52714078e+000 -2.52713180e+000  -2.52711201e+000 5.25719529e+000 5.25719984e+000  5.25721156e+000 -2.08811814e+000 -2.08811383e+000  -2.08811100e+000 -5.00640229e+000 -5.00665837e+000  -5.00666536e+000 -3.96174593e+000 -3.96147578e+000  -3.96147649e+000
 -1.48091087e-002 -1.48094491e-002  -1.48094445e-002
 2.67179104e-001 2.67233564e-001  2.67225885e-001 -2.12519649e-001 -2.12453083e-001  -2.12472920e-001 4.04712079e-001 4.04805008e-001  4.04794883e-001 -1.69374405e-001 -1.69333267e-001  -1.69345885e-001 7.66569918e-001 7.66759281e-001  7.66732741e-001
 1.85921907e-001 1.85950478e-001  1.85943736e-001 3.62495258e+000 3.62514203e+000  3.62502757e+000 1.86264393e+000 1.86286936e+000  1.86284659e+000 9.08197824e-001 9.08422472e-001  9.08373290e-001 6.07448135e-001 6.07153072e-001  6.07150533e-001
 7.53618252e-001 7.53618086e-001  7.53615006e-001 8.16149665e+000 8.16152239e+000  8.16158707e+000 1.78445432e+000 1.78445703e+000  1.78445587e+000 2.74696722e+000 2.74671321e+000  2.74671139e+000 4.92523369e-001 4.92783461e-001  4.92757592e-001
 -1.26927560e-002 -1.26930619e-002  -1.26929711e-002
 3.59389889e-001 3.59389889e-001  3.59389889e-001 1.62611249e-001 1.62611249e-001  1.62611249e-001 2.80682366e-001 2.80682366e-001  2.80682366e-001 2.55112298e-002 2.55112298e-002  2.55112298e-002 2.26014513e-001 2.26014513e-001  2.26014513e-001
 -1.76696249e-001 -1.76696249e-001  -1.76696249e-001 -5.77455169e-001 -5.77455169e-001  -5.77455169e-001 -5.06748207e-001 -5.06748207e-001  -5.06748207e-001 -7.84952191e-001 -7.84952191e-001  -7.84952191e-001 1.28014588e+000 1.28014588e+000  1.28014588e+000
 -8.91604374e-001 -8.91604374e-001  -8.91604374e-001 3.15633647e-001 3.15633647e-001  3.15633647e-001 -1.87878657e+000 -1.87878657e+000  -1.87878657e+000 -3.51772335e+000 -3.51772335e+000  -3.51772335e+000 -3.40944617e+000 -3.40944617e+000  -3.40944617e+000
 -6.41759059e-003 -6.41759059e-003  -6.41759059e-003
 1.63924140e-004 1.63924140e-004  1.63924140e-004 1.80725529e-001 1.80725529e-001  1.80725529e-001 3.42495723e-002 3.42495723e-002  3.42495723e-002 3.08673512e-001 3.08673512e-001  3.08673512e-001 -5.51357323e-002 -5.51357323e-002  -5.51357323e-002
 3.66567419e-001 3.66567419e-001  3.66567419e-001 -2.08732870e-001 -2.08732870e-001  -2.08732870e-001 4.19211863e-001 4.19211863e-001  4.19211863e-001 1.81911605e-001 1.81911605e-001  1.81911605e-001 2.02067405e+000 2.02067405e+000  2.02067405e+000
 3.75931503e-001 3.75931503e-001  3.75931503e-001 1.13414107e+000 1.13414107e+000  1.13414107e+000 6.43287006e-001 6.43287006e-001  6.43287006e-001 2.39452301e+000 2.39452301e+000  2.39452301e+000 1.13397356e+000 1.13397356e+000  1.13397356e+000
 -1.14286702e-003 -1.14286702e-003  -1.14286702e-003
 -4.39214400e-001 -4.39218798e-001  -4.39229794e-001 6.98004165e-002 6.97928591e-002  6.97739657e-002 -5.41591113e-001 -5.41597316e-001  -5.41612824e-001 -1.66426982e-001 -1.66431012e-001  -1.66441085e-001 -8.31734968e-001 -8.31751171e-001  -8.31791677e-001
 -3.68276716e-001 -3.68279163e-001  -3.68285282e-001 -1.19526809e+000 -1.19532920e+000  -1.19548198e+000 -3.97059686e-001 -3.97071430e-001  -3.97100790e-001 -9.37785725e-001 -9.37812816e-001  -9.37880542e-001 -1.75233675e+000 -1.75233541e+000  -1.75233206e+000
 -1.10521897e+000 -1.10521571e+000  -1.10520756e+000 -5.18304128e+000 -5.18301286e+000  -5.18294180e+000 -1.36315738e+000 -1.36315824e+000  -1.36316037e+000 -2.12517536e+000 -2.12517715e+000  -2.12518162e+000 -1.40728184e+000 -1.40730356e+000  -1.40735786e+000
 -3.30387764e-002 -3.30387296e-002  -3.30386127e-002
 3.41820415e-001 3.41897931e-001  3.41902524e-001 2.89004272e-002 2.90000725e-002  2.90041830e-002 3.96447615e-001 3.96577828e-001  3.96584438e-001 -1.48040152e-001 -1.47978556e-001  -1.47976453e-001 7.81511631e-001 7.81779320e-001  7.81790891e-001
 -1.17676384e-001 -1.17634708e-001  -1.17633345e-001 1.00277963e+000 1.00309320e+000  1.00310351e+000 -3.66628964e-001 -3.66318729e-001  -3.66314432e-001 5.11224351e-001 5.11548758e-001  5.11556304e-001 9.54858617e-001 9.54468172e-001  9.54459059e-001
 1.59772941e+000 1.59773290e+000  1.59773812e+000 1.45684570e+000 1.45684546e+000  1.45684532e+000 1.43795567e+000 1.43796079e+000  1.43796316e+000 -7.55783158e-001 -7.56117335e-001  -7.56119805e-001 6.42733979e-001 6.43097999e-001  6.43118684e-001
 -2.14917411e-003 -2.14963204e-003  -2.14965124e-003
 -7.14089460e-002 -7.14089460e-002  -7.14089460e-002 -4.30226047e-001 -4.30226047e-001  -4.30226047e-001 -2.49245601e-002 -2.49245601e-002  -2.49245601e-002 -4.50168932e-001 -4.50168932e-001  -4.50168932e-001 -3.19270587e-002 -3.19270587e-002  -3.19270587e-002
 -4.91946655e-001 -4.91946655e-001  -4.91946655e-001 -3.80637488e-001 -3.80637488e-001  -3.80637488e-001 -7.77703111e-001 -7.77703111e-001  -7.77703111e-001 7.08295429e-002 7.08295429e-002  7.08295429e-002 -9.28434970e-001 -9.28434970e-001  -9.28434970e-001
 -9.38085987e-001 -9.38085987e-001  -9.38085987e-001 3.63415766e-001 3.63415766e-001  3.63415766e-001 -2.72982158e-002 -2.72982158e-002  -2.72982158e-002 -2.99768156e-001 -2.99768156e-001  -2.99768156e-001 5.72241128e-001 5.72241128e-001  5.72241128e-001
 -5.63628465e-003 -5.63628465e-003  -5.63628465e-003
 -8.84244834e-001 -8.84171096e-001  -8.84175949e-001 -3.86556528e-001 -3.86463811e-001  -3.86477021e-001 -8.07300902e-001 -8.07176334e-001  -8.07183835e-001 -2.77001776e-001 -2.76943811e-001  -2.76950785e-001 -6.57832948e-001 -6.57580802e-001  -6.57608088e-001
 -2.63588977e-001 -2.63549623e-001  -2.63554066e-001 -8.88064431e-001 -8.87811072e-001  -8.87951275e-001 -3.64051161e-001 -3.63752662e-001  -3.63777706e-001 1.19411135e-001 1.19708417e-001  1.19648152e-001 -1.42741601e+000 -1.42780468e+000  -1.42780935e+000
 2.10272764e+000 2.10273449e+000  2.10274812e+000 -3.42855678e-001 -3.42827453e-001  -3.42756437e-001 1.17957116e+000 1.17957573e+000  1.17957672e+000 -1.07197803e+000 -1.07231442e+000  -1.07232243e+000 1.37861850e+000 1.37896164e+000  1.37893012e+000
 -3.89972878e-002 -3.89977002e-002  -3.89976053e-002
 1.13850578e+000 1.13850505e+000  1.13850324e+000 6.39640591e-001 6.39639869e-001  6.39638062e-001 1.03700826e+000 1.03700751e+000  1.03700566e+000 2.06800895e-001 2.06800454e-001  2.06799353e-001 9.92440292e-001 9.92439315e-001  9.92436873e-001
 -1.51623471e-001 -1.51623625e-001  -1.51624010e-001 1.69122386e-001 1.69121148e-001  1.69118054e-001 -5.33893878e-001 -5.33893957e-001  -5.33894155e-001 4.94938636e-002 4.94936953e-002  4.94932748e-002 -1.96704048e-001 -1.96703933e-001  -1.96703644e-001
 -1.29380249e+000 -1.29380261e+000  -1.29380291e+000 -1.87273038e+000 -1.87273037e+000  -1.87273036e+000 -7.47891138e-001 -7.47891447e-001  -7.47892221e-001 -2.39558464e+000 -2.39558417e+000  -2.39558298e+000 -9.06248350e-001 -9.06249240e-001  -9.06251465e-001
 -1.77680574e-003 -1.77680427e-003  -1.77680059e-003
 -5.20874171e-002 -5.20873123e-002  -5.20870502e-002 -1.55453396e-001 -1.55453303e-001  -1.55453070e-001 8.75598696e-002 8.75600524e-002  8.75605093e-002 -1.48920490e-001 -1.48920448e-001  -1.48920343e-001 1.86936368e-001 1.86936685e-001  1.86937477e-001
 9.91862114e-002 9.91862401e-002  9.91863118e-002 8.65869032e-001 8.65869363e-001  8.65870190e-001 1.34785622e-001 1.34785693e-001  1.34785872e-001 3.11774926e-001 3.11775129e-001  3.11775634e-001 7.92798120e-001 7.92797570e-001  7.92796194e-001
 -3.01730111e-001 -3.01730094e-001  -3.01730052e-001 -1.36243773e-001 -1.36243816e-001  -1.36243925e-001 6.84949450e-001 6.84949459e-001  6.84949482e-001 1.41414482e+000 1.41414477e+000  1.41414464e+000 5.20811349e-001 5.20811398e-001  5.20811520e-001
 -5.01415468e-005 -5.01418683e-005  -5.01426719e-005
 -6.70265306e-001 -6.70265113e-001  -6.70265630e-001 -5.53229212e-001 -5.53228900e-001  -5.53229415e-001 -8.12536968e-001 -8.12536502e-001  -8.12537021e-001 -6.51336656e-001 -6.51336462e-001  -6.51336778e-001 -1.25904681e+000 -1.25904569e+000  -1.25904636e+000
 -6.92088326e-001 -6.92088151e-001  -6.92088258e-001 -1.77807202e+000 -1.77807073e+000  -1.77807160e+000 -7.05755574e-001 -7.05753957e-001  -7.05753990e-001 -2.25055622e+000 -2.25055456e+000  -2.25055464e+000 -2.57712305e-001 -2.57714331e-001  -2.57714287e-001
 -1.54007739e+000 -1.54007741e+000  -1.54007747e+000 -3.22855303e+000 -3.22855303e+000  -3.22855303e+000 -5.55993103e-001 -5.55993167e-001  -5.55993381e-001 -3.45115014e+000 -3.45115177e+000  -3.45115146e+000 -2.32796326e-001 -2.32794655e-001  -2.32795176e-001
 -3.09756568e-003 -3.09756765e-003  -3.09756664e-003
 -3.62298591e-001 -3.62298447e-001  -3.62298085e-001 -9.27721686e-002 -9.27718065e-002  -9.27709014e-002 -4.54489199e-001 -4.54489034e-001  -4.54488621e-001 -8.42055311e-003 -8.42028170e-003  -8.41960318e-003 -1.05979495e+000 -1.05979475e+000  -1.05979424e+000
 -1.12213594e-001 -1.12213469e-001  -1.12213157e-001 -2.43651188e+000 -2.43651168e+000  -2.43651116e+000 -1.43072933e-001 -1.43072795e-001  -1.43072450e-001 -5.24878554e-001 -5.24878444e-001  -5.24878168e-001 4.20451899e+000 4.20451889e+000  4.20451864e+000
 3.19132495e-001 3.19133021e-001  3.19134334e-001 -2.78809094e+000 -2.78809130e+000  -2.78809220e+000 1.79585529e+000 1.79585536e+000  1.79585555e+000 -2.81088422e+000 -2.81088442e+000  -2.81088493e+000 7.63975073e-001 7.63975160e-001  7.63975377e-001
 -7.50556531e-004 -7.50557183e-004  -7.50558812e-004
 -1.81664687e+000 -1.81662100e+000  -1.81662713e+000 -1.91754666e+000 -1.91751498e+000  -1.91752745e+000 -2.27869938e+000 -2.27865503e+000  -2.27866347e+000 -1.56709198e+000 -1.56707205e+000  -1.56707904e+000 -2.18921963e+000 -2.18913058e+000  -2.18915403e+000
 -8.80263577e-001 -8.80249815e-001  -8.80253889e-001 9.83166879e-001 9.83242806e-001  9.83143148e-001 2.31000143e-001 2.31108050e-001  2.31089207e-001 -1.49468375e+000 -1.49458080e+000  -1.49462406e+000 3.43827746e-001 3.43682580e-001  3.43681511e-001
 -2.11974711e+000 -2.11974450e+000  -2.11973928e+000 2.27823548e+000 2.27825509e+000  2.27830429e+000 -2.22805970e+000 -2.22805850e+000  -2.22805938e+000 6.58658271e+000 6.58645674e+000  6.58645351e+000 -3.79052552e+000 -3.79040435e+000  -3.79043419e+000
 -2.63865493e-002 -2.63866881e-002  -2.63866137e-002
 1.36266508e-001 1.36312212e-001  1.36308070e-001 4.14099310e-002 4.14675062e-002  4.14581200e-002 2.45162513e-001 2.45240043e-001  2.45234285e-001 6.63884076e-002 6.64244033e-002  6.64193407e-002 5.01599281e-001 5.01756586e-001  5.01738288e-001
 2.66101729e-001 2.66126263e-001  2.66123248e-001 2.34781432e+000 2.34797214e+000  2.34788259e+000 8.35093821e-001 8.35280468e-001  8.35264407e-001 8.67351765e-001 8.67537652e-001  8.67499553e-001 2.12379584e-001 2.12136272e-001  2.12133147e-001
 4.17721234e-001 4.17725330e-001  4.17733374e-001 1.05786844e+000 1.05788608e+000  1.05793044e+000 3.44828677e-001 3.44831271e-001  3.44831222e-001 5.22410826e+000 5.22389815e+000  5.22389417e+000 -3.70016730e-001 -3.69803169e-001  -3.69825837e-001
 -2.56889935e-002 -2.56892504e-002  -2.56891882e-002
 -6.19144230e-001 -6.19115392e-001  -6.19120280e-001 -1.02228322e+000 -1.02224754e+000  -1.02225802e+000 -4.98316251e-001 -4.98267071e-001  -4.98273889e-001 -1.41975047e+000 -1.41972805e+000  -1.41973381e+000 2.62634281e-001 2.62733069e-001  2.62712443e-001
 -1.37695850e+000 -1.37694313e+000  -1.37694654e+000 1.20632032e-001 1.20721751e-001  1.20631272e-001 -2.55838691e+000 -2.55826759e+000  -2.55828313e+000 1.04869662e+000 1.04881217e+000  1.04877409e+000 -9.58253144e-001 -9.58411527e-001  -9.58414019e-001
 5.07211746e-001 5.07215248e-001  5.07222576e-001 -4.38482934e-001 -4.38464943e-001  -4.38419781e-001 1.44181115e+000 1.44181293e+000  1.44181312e+000 -4.98531468e+000 -4.98545203e+000  -4.98545647e+000 2.58973184e+000 2.58986875e+000  2.58984913e+000
 -1.91092498e-002 -1.91094079e-002  -1.91093452e-002
 -4.91379097e-002 -4.91051641e-002  -4.91081127e-002 -2.56471880e-001 -2.56430129e-001  -2.56435578e-001 -4.67267377e-002 -4.66712301e-002  -4.66754262e-002 -1.87427325e-001 -1.87401052e-001  -1.87403455e-001 4.16047786e-001 4.16159999e-001  4.16145723e-001
 3.04726854e-005 4.82581725e-005  4.66263796e-005 1.59586830e+000 1.59597902e+000  1.59590904e+000 -4.62787904e-001 -4.62654264e-001  -4.62665915e-001 4.84129589e-001 4.84261887e-001  4.84232455e-001 1.11577174e+000 1.11559728e+000  1.11559463e+000
 1.95571231e-001 1.95575845e-001  1.95585807e-001 -1.16804052e-001 -1.16791280e-001  -1.16759148e-001 5.42749085e-001 5.42751057e-001  5.42751308e-001 2.95005820e+000 2.94990722e+000  2.94990317e+000 4.22462668e-001 4.22614897e-001  4.22596790e-001
 -2.10424675e-002 -2.10426512e-002  -2.10426058e-002
 -1.74765224e-001 -1.74715140e-001  -1.74719105e-001 -1.18122097e-001 -1.18058231e-001  -1.18065840e-001 -8.56590004e-002 -8.55742228e-002  -8.55800218e-002 -2.87459347e-001 -2.87419401e-001  -2.87423238e-001 -2.59526449e-001 -2.59353534e-001  -2.59370254e-001
 -4.61016146e-001 -4.60989057e-001  -4.60991541e-001 -2.02941922e+000 -2.02923905e+000  -2.02931681e+000 -4.39541654e-001 -4.39337580e-001  -4.39353992e-001 -1.00190292e+000 -1.00169776e+000  -1.00173343e+000 -1.12409024e+000 -1.12435428e+000  -1.12435417e+000
 1.77714705e-001 1.77717691e-001  1.77722764e-001 -1.91997262e+000 -1.91995829e+000  -1.91992215e+000 -2.29534351e-001 -2.29532048e-001  -2.29533416e-001 2.61581041e-001 2.61352763e-001  2.61350778e-001 2.37242955e-002 2.39535791e-002  2.39195781e-002
 -2.99909955e-002 -2.99912789e-002  -2.99912188e-002
 1.61756558e-001 1.61809493e-001  1.61806313e-001 4.35005413e-001 4.35072625e-001  4.35065163e-001 2.55670581e-001 2.55759980e-001  2.55755038e-001 5.18678225e-001 5.18720248e-001  5.18716512e-001 9.14691456e-002 9.16510581e-002  9.16347774e-002
 4.60121011e-001 4.60149469e-001  4.60146962e-001 -7.85195159e-001 -7.85007316e-001  -7.85091823e-001 5.22299567e-001 5.22513505e-001  5.22495889e-001 3.09816422e-001 3.10031172e-001  3.09992537e-001 3.62775437e-001 3.62497912e-001  3.62496741e-001
 2.06541522e+000 2.06541879e+000  2.06542522e+000 -1.99957039e+000 -1.99955426e+000  -1.99951360e+000 1.37339192e+000 1.37339456e+000  1.37339369e+000 1.64275868e+000 1.64251885e+000  1.64251591e+000 5.59178336e-001 5.59419725e-001  5.59386163e-001
 -3.00037814e-002 -3.00040786e-002  -3.00040155e-002
 -6.77235664e-002 -6.76833001e-002  -6.76869514e-002 -1.79579455e-001 -1.79528512e-001  -1.79536240e-001 9.24137497e-002 9.24820130e-002  9.24768280e-002 -5.20280765e-001 -5.20248995e-001  -5.20253315e-001 2.64241711e-001 2.64381153e-001  2.64367151e-001
 -7.53227989e-001 -7.53206343e-001  -7.53208926e-001 2.91880718e-001 2.92025512e-001  2.91960958e-001 -1.10627831e+000 -1.10611399e+000  -1.10612846e+000 -3.06844365e-001 -3.06679158e-001  -3.06709149e-001 -1.22231144e+000 -1.22252460e+000  -1.22252433e+000
 1.21677168e+000 1.21677300e+000  1.21677437e+000 -3.80874244e-001 -3.80861750e-001  -3.80830263e-001 -1.07098427e-001 -1.07096745e-001  -1.07098299e-001 -1.80258222e+000 -1.80276620e+000  -1.80276689e+000 -1.22437445e+000 -1.22419012e+000  -1.22421967e+000
 -2.55345952e-002 -2.55348223e-002  -2.55347695e-002
 4.58294515e-002 4.58686906e-002  4.58650090e-002 1.56270644e-001 1.56320150e-001  1.56312114e-001 1.19454678e-001 1.19521167e-001  1.19515823e-001 2.91993957e-001 2.92024856e-001  2.92020396e-001 1.31516832e-001 1.31652397e-001  1.31637525e-001
 4.69581684e-001 4.69602724e-001  4.69600008e-001 1.80263067e-001 1.80401887e-001  1.80332776e-001 6.59083979e-001 6.59243781e-001  6.59228369e-001 8.86235600e-001 8.86395622e-001  8.86363447e-001 1.08588694e+000 1.08567895e+000  1.08567916e+000
 1.51260696e+000 1.51260840e+000  1.51261012e+000 4.16427432e+000 4.16428777e+000  4.16432165e+000 9.90106289e-001 9.90107938e-001  9.90106446e-001 3.60197085e+000 3.60179122e+000  3.60179023e+000 3.26383378e+000 3.26401276e+000  3.26398176e+000
 -2.53627064e-002 -2.53629262e-002  -2.53628702e-002
 -1.88145067e-001 -1.88105017e-001  -1.88108592e-001 6.08055042e-003 6.13139586e-003  6.12422318e-003 -5.62089830e-002 -5.61411024e-002  -5.61462026e-002 -2.34741905e-001 -2.34710030e-001  -2.34713594e-001 -2.24014913e-001 -2.23877272e-001  -2.23893629e-001
 -5.61207220e-001 -5.61185584e-001  -5.61187856e-001 -2.60774132e+000 -2.60760260e+000  -2.60767980e+000 -1.01103525e+000 -1.01087160e+000  -1.01088523e+000 -1.45947313e+000 -1.45931019e+000  -1.45934320e+000 -1.80081945e+000 -1.80103236e+000  -1.80103461e+000
 -5.96274895e-001 -5.96270767e-001  -5.96262371e-001 -2.24643150e+000 -2.24641693e+000  -2.24638026e+000 -6.08849175e-001 -6.08846888e-001  -6.08846893e-001 -2.15925049e-001 -2.16109255e-001  -2.16113216e-001 6.73174469e-001 6.73360954e-001  6.73339705e-001
 -2.25261817e-002 -2.25264073e-002  -2.25263545e-002
 1.51417426e-001 1.51460932e-001  1.51458343e-001 5.99945342e-001 6.00000232e-001  5.99993260e-001 2.59125671e-001 2.59199144e-001  2.59195125e-001 6.45438534e-001 6.45472920e-001  6.45469490e-001 7.43842560e-002 7.45327736e-002  7.45170058e-002
 4.33738127e-001 4.33761417e-001  4.33759123e-001 -1.21658484e+000 -1.21643689e+000  -1.21652233e+000 6.25971458e-003 6.43525507e-003  6.42016101e-003 -1.81778508e-002 -1.80033495e-002  -1.80399812e-002 -1.55764096e-001 -1.55993289e-001  -1.55997141e-001
 1.52994933e+000 1.52995418e+000  1.52996423e+000 -2.58350378e+000 -2.58348700e+000  -2.58344479e+000 1.13307769e+000 1.13308040e+000  1.13308101e+000 1.23065717e+000 1.23045901e+000  1.23045387e+000 1.04942136e+000 1.04962247e+000  1.04960183e+000
 -2.24862405e-002 -2.24864829e-002  -2.24864264e-002
 -8.49196554e-002 -8.48908495e-002  -8.48940673e-002 -1.06734465e-001 -1.06698470e-001  -1.06705904e-001 1.12511677e-001 1.12560650e-001  1.12556269e-001 -5.45565467e-001 -5.45542991e-001  -5.45547198e-001 3.56152118e-001 3.56251394e-001  3.56238077e-001
 -9.24225628e-001 -9.24210242e-001  -9.24212666e-001 1.97282234e-001 1.97380133e-001  1.97317265e-001 -1.80270685e+000 -1.80258873e+000  -1.80260015e+000 -5.91514275e-001 -5.91397156e-001  -5.91423851e-001 -1.88388728e+000 -1.88404201e+000  -1.88404431e+000
 5.41786544e-001 5.41788822e-001  5.41793123e-001 -5.30916739e-001 -5.30904046e-001  -5.30872132e-001 -4.52479609e-001 -4.52478004e-001  -4.52478143e-001 -2.77075922e+000 -2.77089275e+000  -2.77089534e+000 -8.25049151e-001 -8.24913884e-001  -8.24929365e-001
 -1.73016450e-002 -1.73018061e-002  -1.73017613e-002
 3.96880313e-002 3.97156829e-002  3.97124311e-002 2.58940065e-001 2.58974445e-001  2.58966664e-001 1.22447404e-001 1.22494384e-001  1.22489824e-001 3.38010660e-001 3.38032157e-001  3.38027792e-001 1.69100477e-001 1.69195397e-001  1.69181102e-001
 4.03211651e-001 4.03226357e-001  4.03223783e-001 1.64909756e-002 1.65821618e-002  1.65141730e-002 1.16940277e-001 1.17053317e-001  1.17040848e-001 6.76328731e-001 6.76440024e-001  6.76410873e-001 6.28287949e-001 6.28139028e-001  6.28136667e-001
 7.83935102e-001 7.83937517e-001  7.83942213e-001 4.47746723e+000 4.47748101e+000  4.47751561e+000 6.72711915e-001 6.72713484e-001  6.72713414e-001 3.18588177e+000 3.18575313e+000  3.18575021e+000 4.09316491e+000 4.09329416e+000  4.09327705e+000
 -1.71084929e-002 -1.71086458e-002  -1.71085974e-002
 -5.76354551e-001 -5.76352801e-001  -5.76348426e-001 -7.59703167e-001 -7.59701603e-001  -7.59697691e-001 -4.99022718e-001 -4.99020228e-001  -4.99014005e-001 -1.09536861e+000 -1.09536781e+000  -1.09536580e+000 -4.56684843e-001 -4.56680493e-001  -4.56669618e-001
 -1.22661517e+000 -1.22661465e+000  -1.22661335e+000 -2.07535286e-001 -2.07531434e-001  -2.07521805e-001 -1.61787644e+000 -1.61787479e+000  -1.61787067e+000 -8.35420667e-001 -8.35417823e-001  -8.35410711e-001 -1.56767460e+000 -1.56767773e+000  -1.56768555e+000
 -1.67088600e+000 -1.67088391e+000  -1.67087868e+000 -1.33485637e+000 -1.33485640e+000  -1.33485646e+000 -2.01411211e+000 -2.01411116e+000  -2.01410880e+000 -5.24841022e+000 -5.24841120e+000  -5.24841362e+000 -2.40331944e+000 -2.40331120e+000  -2.40329060e+000
 6.60750228e-003 6.60749487e-003  6.60747632e-003
 6.02367850e-001 6.02364550e-001  6.02356300e-001 1.08682619e+000 1.08682139e+000  1.08680941e+000 5.29291621e-001 5.29287202e-001  5.29276155e-001 1.14167346e+000 1.14167090e+000  1.14166452e+000 6.72558596e-001 6.72547221e-001  6.72518784e-001
 8.45287320e-001 8.45285845e-001  8.45282157e-001 -5.88503297e-001 -5.88535204e-001  -5.88614971e-001 -3.70335874e-001 -3.70339231e-001  -3.70347623e-001 1.65086785e-001 1.65074917e-001  1.65045249e-001 -4.26916423e-001 -4.26916264e-001  -4.26915864e-001
 -3.69207269e-001 -3.69203654e-001  -3.69194614e-001 -6.33257361e-001 -6.33242762e-001  -6.33206265e-001 1.94472291e+000 1.94472344e+000  1.94472476e+000 3.51864733e+000 3.51864482e+000  3.51863855e+000 5.01182884e+000 5.01182847e+000  5.01182754e+000
 -2.78745087e-003 -2.78743118e-003  -2.78738194e-003
 -9.70391934e-001 -9.70317278e-001  -9.70319832e-001 -8.65672586e-001 -8.65577288e-001  -8.65584045e-001 -9.01376131e-001 -9.01250206e-001  -9.01254316e-001 -8.39483103e-001 -8.39423794e-001  -8.39427409e-001 -4.82412582e-001 -4.82154086e-001  -4.82165496e-001
 -7.35371526e-001 -7.35331345e-001  -7.35333721e-001 9.13916549e-001 9.14197050e-001  9.14124703e-001 4.94444722e-002 4.97446607e-002  4.97238410e-002 1.44364544e+000 1.44395178e+000  1.44391414e+000 6.92845874e-002 6.88984564e-002  6.89001268e-002
 1.12689624e+000 1.12689729e+000  1.12689639e+000 1.41007254e-001 1.41020863e-001  1.41055341e-001 3.99850725e-001 3.99853514e-001  3.99850043e-001 -8.35344562e-001 -8.35677031e-001  -8.35675231e-001 -1.05407757e+000 -1.05374320e+000  -1.05379664e+000
 -1.94880846e-002 -1.94885081e-002  -1.94884412e-002
 9.45118402e-001 9.45118413e-001  9.45118440e-001 4.06226251e-001 4.06226268e-001  4.06226310e-001 9.29900246e-001 9.29900260e-001  9.29900296e-001 2.87062454e-001 2.87062463e-001  2.87062485e-001 4.72567888e-001 4.72567903e-001  4.72567940e-001
 4.56638262e-001 4.56638266e-001  4.56638278e-001 -3.43506077e-001 -3.43506071e-001  -3.43506055e-001 7.74533103e-001 7.74533114e-001  7.74533139e-001 -7.22227179e-001 -7.22227174e-001  -7.22227160e-001 6.35868732e-001 6.35868728e-001  6.35868719e-001
 9.33756072e-001 9.33756074e-001  9.33756079e-001 -1.03987956e+000 -1.03987956e+000  -1.03987955e+000 2.42491506e-001 2.42491514e-001  2.42491535e-001 -6.05070581e-002 -6.05070760e-002  -6.05071207e-002 -1.16196721e+000 -1.16196715e+000  -1.16196700e+000
 -2.51562020e-002 -2.51562019e-002  -2.51562017e-002
 -1.46638698e+000 -1.46644104e+000 -1.46643577e+000
 -1.38814372e+000 -1.38821841e+000 -1.38820564e+000
 -1.61766197e+000 -1.61775025e+000 -1.61774405e+000
 -1.25605786e+000 -1.25610768e+000 -1.25610141e+000
 -1.94774923e+000 -1.94792577e+000 -1.94790720e+000
 -6.55949532e-001 -6.56016095e-001 -6.56008184e-001
 -3.55853289e+000 -3.55909905e+000 -3.55903995e+000
 -2.32500417e+000 -2.32517828e+000 -2.32516605e+000
 -1.86279208e+000 -1.86313458e+000 -1.86308221e+000
 3.60508912e+000 3.60495548e+000 3.60495334e+000
 -2.34704588e+000 -2.34769444e+000 -2.34758790e+000
 2.71289517e+000 2.71224443e+000 2.71234687e+000
 -6.77942033e-001 -6.78587359e-001 -6.78486755e-001
 5.90942974e+000 5.90885187e+000 5.90898179e+000
 -3.32565721e+000 -3.32617753e+000 -3.32607945e+000
 2.93121198e-003 2.64695896e-003 2.69015171e-003
