   13     10     50      1  2019    977 
    0.700      0.400   20000  100      0.000      0.000    100     16 
    0.990 	     0.010 
   2 
    9.3787e-002   0.0000e+000  
  1.0000e+000   0.0000e+000  
  1.0000e+000   0.0000e+000  
  1.0000e+000   0.0000e+000  
  1.0000e+000   0.0000e+000  
  1.9875e+000   0.0000e+000  
  5.7000e+001  -8.0000e+000  
  4.4754e+000   0.0000e+000  
  1.8824e+002   1.7540e+002  
  1.0000e+000   0.0000e+000  
  1.0000e+000   0.0000e+000  
  1.0000e+000   0.0000e+000  
  1.0000e+000   0.0000e+000  
   4.6250e+001   0.0000e+000  
  itr    nh   avger[]   r2avg    mare[] 
100  16 5.855e+001   6.359e-001  9.026e+000 1.177e+001 
100  16 6.686e+001   5.639e-001  9.742e+002 6.847e+000 
   1  6.3593e-001   1.1767e+001   2.5171e+004   5.8553e-001 
  9.6382e-001   6.0686e-001 
   1  5.6387e-001   6.8469e+000   1.4646e+004   6.6859e-001 
  1.1380e+000   5.5899e-001 
