  1.6452e+001  5.4841e+000 -1.7524e+001 -1.0353e+000  3.4444e+000
  2.9792e+000  1.7149e+000 -3.5571e+000  3.7504e+000 -1.8242e+000
 -1.5050e+000 -1.4430e+000  1.1250e+000 -1.2034e+000 -3.3242e-001
 -4.1984e-001
  1.5915e-001
 -1.91915821e+001 -1.91915204e+001  -1.91913661e+001 2.58842374e+000 2.58842481e+000  2.58842562e+000 1.13127815e+001 1.13127816e+001  1.13127820e+001 9.55098543e-001 9.55098543e-001  9.55098543e-001 2.43816649e+000 2.43816701e+000  2.43816817e+000
 -2.19932289e+001 -2.19932085e+001  -2.19931574e+001 1.34054764e+001 1.34054769e+001  1.34054773e+001 -1.51220407e+000 -1.51220042e+000  -1.51219988e+000 2.26168187e+000 2.26168190e+000  2.26168192e+000 1.76921893e+001 1.76921783e+001  1.76921783e+001
 -1.47419403e+001 -1.47418699e+001  -1.47417153e+001 -1.44472932e+001 -1.44473378e+001  -1.44474272e+001 1.78782200e-001 1.78771770e-001  1.78746088e-001 -3.63064088e+000 -3.63063385e+000  -3.63061640e+000 -1.40788554e+000 -1.40790940e+000  -1.40794831e+000
 -2.73998915e-001 -2.73998981e-001  -2.73999128e-001
 -8.30265437e+000 -8.30265437e+000  -8.30265437e+000 -2.59148261e+000 -2.59148261e+000  -2.59148261e+000 9.83226689e+000 9.83226689e+000  9.83226689e+000 -1.08839127e+000 -1.08839127e+000  -1.08839127e+000 -6.54618032e+000 -6.54618032e+000  -6.54618032e+000
 -1.03208869e+001 -1.03208869e+001  -1.03208869e+001 3.26974384e+000 3.26974384e+000  3.26974384e+000 -1.78670222e+000 -1.78670222e+000  -1.78670222e+000 3.04317833e+000 3.04317833e+000  3.04317833e+000 -3.41752380e+000 -3.41752380e+000  -3.41752380e+000
 -1.03733719e+000 -1.03733719e+000  -1.03733719e+000 -5.17017461e+000 -5.17017461e+000  -5.17017461e+000 -4.02592535e-001 -4.02592535e-001  -4.02592535e-001 -1.28757327e+000 -1.28757327e+000  -1.28757327e+000 -2.78521333e-001 -2.78521333e-001  -2.78521333e-001
 -2.66086809e-002 -2.66086809e-002  -2.66086809e-002
 9.70975254e+000 9.71032543e+000  9.71175767e+000 9.04377621e+000 9.04378612e+000  9.04379365e+000 -1.91531446e+000 -1.91531326e+000  -1.91531027e+000 2.99927323e+000 2.99927323e+000  2.99927323e+000 -4.63215649e+000 -4.63215587e+000  -4.63215540e+000
 8.62835066e+000 8.62854074e+000  8.62901499e+000 1.45276239e+000 1.45276728e+000  1.45277075e+000 -6.85132952e+000 -6.85129566e+000  -6.85129069e+000 -1.36972840e+000 -1.36972808e+000  -1.36972791e+000 -3.13593282e+000 -3.13603523e+000  -3.13603528e+000
 -1.96060590e+000 -1.95995541e+000  -1.95852621e+000 -3.25439304e+000 -3.25480488e+000  -3.25562852e+000 1.48910697e-001 1.48814362e-001  1.48577159e-001 -3.22155898e+000 -3.22149496e+000  -3.22133612e+000 -1.81842635e+000 -1.81864453e+000  -1.81899741e+000
 -6.45945379e-001 -6.45945998e-001  -6.45947351e-001
 4.05330659e+000 4.05330659e+000  4.05330659e+000 -4.83595295e-001 -4.83595295e-001  -4.83595295e-001 -1.15317946e+001 -1.15317946e+001  -1.15317946e+001 -1.69266691e+000 -1.69266691e+000  -1.69266691e+000 7.51442408e+000 7.51442408e+000  7.51442408e+000
 -5.82010027e+000 -5.82010027e+000  -5.82010027e+000 2.16978650e+000 2.16978650e+000  2.16978650e+000 -2.64117351e+000 -2.64117351e+000  -2.64117351e+000 8.65871748e+000 8.65871748e+000  8.65871748e+000 2.53572574e+000 2.53572574e+000  2.53572574e+000
 -3.53818335e+000 -3.53818335e+000  -3.53818335e+000 -3.80947418e-001 -3.80947418e-001  -3.80947418e-001 1.60048876e-001 1.60048876e-001  1.60048876e-001 8.97577776e-001 8.97577776e-001  8.97577776e-001 1.17358918e+000 1.17358918e+000  1.17358918e+000
 1.56801842e-003 1.56801842e-003  1.56801842e-003
 8.39920853e+000 8.39920865e+000  8.39920897e+000 -8.90814339e-001 -8.90814339e-001  -8.90814339e-001 -1.00936515e+001 -1.00936515e+001  -1.00936515e+001 -3.00818966e+000 -3.00818966e+000  -3.00818966e+000 1.69688591e+000 1.69689006e+000  1.69690043e+000
 -5.96248549e-001 -5.96248548e-001  -5.96248547e-001 -1.36448225e+000 -1.36448224e+000  -1.36448222e+000 2.83934029e+000 2.83934030e+000  2.83934034e+000 -3.29650355e+000 -3.29650355e+000  -3.29650355e+000 -3.86576377e+000 -3.86576379e+000  -3.86576383e+000
 2.51183701e+000 2.51183983e+000  2.51184686e+000 4.38014602e-001 4.38012027e-001  4.38005589e-001 7.85925911e-001 7.85925408e-001  7.85924152e-001 7.21669972e-002 7.21682637e-002  7.21714299e-002 -1.29130190e-001 -1.29133561e-001  -1.29141988e-001
 -5.53568616e-002 -5.53568638e-002  -5.53568693e-002
 7.07294535e+000 7.07295845e+000  7.07299117e+000 8.12771743e-001 8.12777431e-001  8.12777850e-001 2.68833179e+001 2.68833182e+001  2.68833188e+001 2.23757781e+000 2.23757781e+000  2.23757781e+000 4.86288612e+000 4.86288825e+000  4.86289274e+000
 -1.09733174e+001 -1.09733128e+001  -1.09733019e+001 5.02057300e+000 5.02057589e+000  5.02057610e+000 1.02647640e+001 1.02647895e+001  1.02647897e+001 1.50064627e+000 1.50064647e+000  1.50064648e+000 1.45378654e+001 1.45377835e+001  1.45377835e+001
 1.97464707e-001 1.97541179e-001  1.97574731e-001 6.18319395e-001 6.18246244e-001  6.18228144e-001 -2.05927159e+000 -2.05927550e+000  -2.05928235e+000 -2.28223375e+000 -2.28223139e+000  -2.28222645e+000 2.80602640e+000 2.80595969e+000  2.80594698e+000
 -4.08870621e-002 -4.08871366e-002  -4.08871658e-002
 -3.83931439e+001 -3.83927256e+001  -3.83916796e+001 -3.58748070e+001 -3.58748008e+001  -3.58747960e+001 -1.10803959e+001 -1.10803951e+001  -1.10803931e+001 1.54609626e+000 1.54609626e+000  1.54609626e+000 -2.36998631e+000 -2.36998317e+000  -2.36997598e+000
 3.93650282e+000 3.93664048e+000  3.93698404e+000 -3.35206635e+000 -3.35206320e+000  -3.35206073e+000 1.43200634e-001 1.43221702e-001  1.43225327e-001 -2.22260277e+001 -2.22260275e+001  -2.22260274e+001 -1.31368773e+001 -1.31369404e+001  -1.31369404e+001
 1.07517734e-001 1.07982685e-001  1.09023811e-001 -3.04490326e+000 -3.04519438e+000  -3.04579540e+000 -1.74650196e-001 -1.74719998e-001  -1.74892268e-001 7.70298277e+000 7.70303016e+000  7.70314787e+000 4.22146345e-001 4.21994441e-001  4.21733181e-001
 -4.07287912e-001 -4.07288354e-001  -4.07289337e-001
 1.73688378e+000 1.73728216e+000  1.73827811e+000 1.35968777e-002 1.36038896e-002  1.36088583e-002 1.75052159e+001 1.75052166e+001  1.75052186e+001 -1.37057189e+001 -1.37057189e+001  -1.37057189e+001 -7.38293489e+000 -7.38293181e+000  -7.38292487e+000
 -7.08063824e+000 -7.08050616e+000  -7.08017666e+000 -8.76570942e+000 -8.76570593e+000  -8.76570357e+000 6.71153445e+000 6.71155904e+000  6.71156251e+000 1.79579221e+000 1.79579244e+000  1.79579255e+000 -2.88408408e-002 -2.89154124e-002  -2.89154778e-002
 2.59810104e+000 2.59855768e+000  2.59955583e+000 5.93286562e+000 5.93257429e+000  5.93199593e+000 -4.70246102e+000 -4.70252790e+000  -4.70269244e+000 -1.44721589e+000 -1.44717060e+000  -1.44705825e+000 -6.13234419e-001 -6.13390341e-001  -6.13639947e-001
 -3.35477628e-001 -3.35478063e-001  -3.35479008e-001
 5.79536536e+000 5.79570050e+000  5.79653834e+000 -4.54120966e+000 -4.54120373e+000  -4.54119963e+000 1.84176535e+001 1.84176542e+001  1.84176558e+001 -1.53881768e+001 -1.53881768e+001  -1.53881768e+001 -1.29719568e+001 -1.29719543e+001  -1.29719486e+001
 -9.94020210e+000 -9.94009101e+000  -9.93981388e+000 -1.36551799e+001 -1.36551769e+001  -1.36551750e+001 5.44154340e+000 5.44156441e+000  5.44156732e+000 3.49806071e+000 3.49806091e+000  3.49806100e+000 -3.10428452e+000 -3.10434827e+000  -3.10434832e+000
 2.00485288e+000 2.00523776e+000  2.00607734e+000 6.21747338e+000 6.21722732e+000  6.21674039e+000 -5.56686857e+000 -5.56692470e+000  -5.56706274e+000 -2.67011007e-001 -2.66972933e-001  -2.66878507e-001 -9.19505684e-001 -9.19637425e-001  -9.19846927e-001
 -3.47445513e-001 -3.47445880e-001  -3.47446676e-001
 1.08262794e+001 1.08262794e+001  1.08262794e+001 -5.85764559e+000 -5.85764559e+000  -5.85764559e+000 -8.49175720e+000 -8.49175720e+000  -8.49175720e+000 1.04165848e+000 1.04165848e+000  1.04165848e+000 -5.58994216e+000 -5.58994216e+000  -5.58994216e+000
 -5.48495509e-001 -5.48495509e-001  -5.48495509e-001 -2.48403342e+000 -2.48403342e+000  -2.48403342e+000 -1.35820312e+000 -1.35820312e+000  -1.35820312e+000 6.64243246e+000 6.64243246e+000  6.64243246e+000 -7.58860120e-001 -7.58860120e-001  -7.58860120e-001
 -4.38311152e+000 -4.38311152e+000  -4.38311152e+000 -3.60923016e+000 -3.60923016e+000  -3.60923016e+000 6.36074747e-002 6.36074747e-002  6.36074747e-002 5.27073231e-001 5.27073231e-001  5.27073231e-001 -1.35750220e+000 -1.35750220e+000  -1.35750220e+000
 -1.96380113e-001 -1.96380113e-001  -1.96380113e-001
 1.20650679e+001 1.20650679e+001  1.20650679e+001 3.08271427e+000 3.08271427e+000  3.08271427e+000 -3.63510494e+000 -3.63510494e+000  -3.63510494e+000 1.98959624e+000 1.98959624e+000  1.98959624e+000 1.90134764e+000 1.90134764e+000  1.90134764e+000
 1.23730429e+000 1.23730429e+000  1.23730429e+000 -8.41340431e-001 -8.41340431e-001  -8.41340431e-001 -3.58435076e+000 -3.58435076e+000  -3.58435076e+000 2.58374136e+000 2.58374136e+000  2.58374136e+000 -4.93760236e+000 -4.93760236e+000  -4.93760236e+000
 1.82493439e+000 1.82493439e+000  1.82493439e+000 1.73922579e+000 1.73922579e+000  1.73922579e+000 2.50190251e-002 2.50190251e-002  2.50190251e-002 1.97917156e+000 1.97917156e+000  1.97917156e+000 9.09355895e-001 9.09355895e-001  9.09355895e-001
 -4.14225457e-002 -4.14225457e-002  -4.14225457e-002
 -3.15402950e-001 -3.15402950e-001  -3.15402950e-001 5.26394849e+000 5.26394849e+000  5.26394849e+000 -5.13723854e+000 -5.13723854e+000  -5.13723854e+000 -2.22665293e+000 -2.22665293e+000  -2.22665293e+000 3.96013995e+000 3.96013995e+000  3.96013995e+000
 3.82841810e-001 3.82841810e-001  3.82841810e-001 2.31508436e+000 2.31508436e+000  2.31508436e+000 3.39470023e+000 3.39470023e+000  3.39470023e+000 -3.26229056e+000 -3.26229056e+000  -3.26229056e+000 7.01442834e-001 7.01442834e-001  7.01442834e-001
 -6.85675964e-002 -6.85675964e-002  -6.85675964e-002 2.59219626e-001 2.59219626e-001  2.59219626e-001 4.07769944e-001 4.07769944e-001  4.07769944e-001 -1.31926625e+000 -1.31926625e+000  -1.31926625e+000 3.36092788e-002 3.36092788e-002  3.36092788e-002
 -1.51966373e-001 -1.51966373e-001  -1.51966373e-001
 -2.79907665e-001 -2.79334640e-001  -2.77902092e-001 5.38075163e+000 5.38076154e+000  5.38076907e+000 -6.00962448e+000 -6.00962328e+000  -6.00962026e+000 -2.17251661e+000 -2.17251661e+000  -2.17251661e+000 4.70790974e+000 4.70791451e+000  4.70792535e+000
 1.60728608e+000 1.60747616e+000  1.60795040e+000 3.80192409e+000 3.80192899e+000  3.80193249e+000 -4.50510797e+000 -4.50507409e+000  -4.50506909e+000 -1.30456347e+000 -1.30456315e+000  -1.30456298e+000 1.26251621e+000 1.26241378e+000  1.26241368e+000
 -3.60207515e-001 -3.59554207e-001  -3.58117972e-001 -1.58654111e+000 -1.58695553e+000  -1.58778560e+000 5.98489040e-001 5.98392202e-001  5.98153743e-001 -3.43879275e+000 -3.43872746e+000  -3.43856545e+000 -3.59430332e-001 -3.59651879e-001  -3.60013187e-001
 -3.09965191e-001 -3.09965813e-001  -3.09967170e-001
 -1.19494149e+000 -1.19661136e+000 -1.20019116e+000
 -1.73267869e+000 -1.73268440e+000 -1.73268856e+000
 -1.90279708e+000 -1.90303570e+000 -1.90303737e+000
 -8.21641960e+000 -8.21641960e+000 -8.21641960e+000
 -2.51997864e+000 -2.51998126e+000 -2.51998738e+000
 -1.49992642e+000 -1.50198188e+000 -1.50711989e+000
 -1.37298857e+000 -1.37299217e+000 -1.37299472e+000
 -8.96389972e-001 -8.96594368e-001 -8.96619252e-001
 -2.26829979e+000 -2.26829993e+000 -2.26830001e+000
 1.73844637e+000 1.73833922e+000 1.73833916e+000
 -3.27165911e+000 -3.27188462e+000 -3.27238040e+000
 1.78719997e+000 1.78692733e+000 1.78640212e+000
 5.24319932e+000 5.24318069e+000 5.24313481e+000
 -1.45028319e+000 -1.45032926e+000 -1.45044360e+000
 1.79752889e+000 1.79738802e+000 1.79717599e+000
 3.78600444e-003 3.52857462e-003 2.94711373e-003
