   28     13     50      1   225     96 
    0.700      0.400   20000  100      0.000      0.000    100     16 
    0.990 	     0.010 
   2 
    9.7229e-001   0.0000e+000  
  9.7229e-001   0.0000e+000  
  1.0000e+000   0.0000e+000  
  1.0000e+000   0.0000e+000  
  1.0000e+000   0.0000e+000  
  1.0000e+000   0.0000e+000  
  1.0000e+000   0.0000e+000  
  1.0000e+000   0.0000e+000  
  1.0000e+000   0.0000e+000  
  1.0000e+000   0.0000e+000  
  1.9875e+000   0.0000e+000  
  1.9875e+000   0.0000e+000  
  5.4333e+001   2.6667e+000  
  5.4333e+001   2.6667e+000  
  4.3667e+001  -4.6667e+000  
  4.3667e+001  -4.6667e+000  
  4.4837e+000   0.0000e+000  
  4.4837e+000   0.0000e+000  
  4.3183e+000   0.0000e+000  
  4.3183e+000   0.0000e+000  
  1.8799e+002   1.7624e+002  
  1.8803e+002   1.7623e+002  
  1.8805e+002   1.7544e+002  
  1.8805e+002   1.7544e+002  
  1.0000e+000   0.0000e+000  
  1.0000e+000   0.0000e+000  
  1.0000e+000   0.0000e+000  
  1.0000e+000   0.0000e+000  
   2.6556e+002   0.0000e+000  
  itr    nh   avger[]   r2avg    mare[] 
100  16 3.527e+001   9.883e-001  4.972e+000 1.082e-001 
100  16 6.955e+001   7.576e-001  1.000e+003 9.198e-001 
   1  9.8830e-001   1.0822e-001   7.6316e+003   3.5272e-001 
 -5.4131e-001   9.9962e-001 
   1  7.5758e-001   9.1978e-001   6.4863e+004   6.9546e-001 
 -4.5739e+000   7.9522e-001 
