   19      5     50      1  9731   4851 
    0.700      0.400   20000  100      0.000      0.000    100     16 
    0.990 	     0.010 
   2 
    1.0000e+000   0.0000e+000  
  1.0000e+000   0.0000e+000  
  1.0000e+000   0.0000e+000  
  1.0000e+000   0.0000e+000  
  1.0000e+000   0.0000e+000  
  1.0000e+000   0.0000e+000  
  1.0000e+000   0.0000e+000  
  1.0000e+000   0.0000e+000  
  1.0000e+000   0.0000e+000  
  1.0000e+000   0.0000e+000  
  1.0000e+000   0.0000e+000  
  1.9800e+000   0.0000e+000  
  5.7000e+001  -8.0000e+000  
  4.4800e+000   0.0000e+000  
  1.8824e+002   1.7538e+002  
  1.0000e+000   0.0000e+000  
  1.0000e+000   0.0000e+000  
  1.0000e+000   0.0000e+000  
  1.0000e+000   0.0000e+000  
   2.6555e+002   0.0000e+000  
  itr    nh   avger[]   r2avg    mare[] 
100  16 2.731e+001   8.906e-001  1.000e+001 8.162e+001 
100  16 2.629e+001   8.909e-001  1.000e+003 4.058e+001 
   1  8.9057e-001   8.1622e+001   5.7557e+006   2.7307e-001 
  1.1256e+000   9.4578e-001 
   1  8.9093e-001   4.0577e+001   2.8614e+006   2.6294e-001 
  1.0475e+000   9.4727e-001 
