 -8.3895e+000  7.3655e+000  4.4597e+000 -8.0853e+000  1.6854e-001
 -2.1486e+001 -1.2758e+001 -1.8163e+001  5.5754e-001 -2.3991e+001
 -1.2088e+001 -2.0139e+000 -1.1692e+001 -6.5695e+000 -2.2135e-001
 -5.0424e-001
  1.9556e-001
 -3.02807181e+001 -3.02807181e+001  -3.02807181e+001 1.68989867e+001 1.68989867e+001  1.68989867e+001 6.55058889e+000 6.55058889e+000  6.55058889e+000 -3.62307383e+001 -3.62307383e+001  -3.62307383e+001 5.91420820e+000 5.91420820e+000  5.91420820e+000
 -4.18050113e+000 -4.18050113e+000  -4.18050113e+000 1.24501569e+001 1.24501569e+001  1.24501569e+001 -2.22810752e+000 -2.22810752e+000  -2.22810752e+000 -1.70823015e+001 -1.70823015e+001  -1.70823016e+001 9.00283133e+000 9.00287750e+000  9.00289661e+000
 -9.86373598e+000 -9.86373598e+000  -9.86373598e+000 -3.39376599e+000 -3.39353858e+000  -3.39349739e+000 -1.63990325e+000 -1.63990178e+000  -1.63990125e+000 -3.08570581e+000 -3.08571303e+000  -3.08571405e+000 -8.94553859e-001 -8.94557830e-001  -8.94558713e-001
 -8.88670168e-002 -8.89029187e-002  -8.89103794e-002
 -2.41891721e+001 -2.41891721e+001  -2.41891721e+001 8.10547757e+000 8.10547757e+000  8.10547757e+000 1.54078585e+000 1.54078585e+000  1.54078585e+000 1.29028793e+001 1.29028793e+001  1.29028793e+001 -2.94070570e+001 -2.94070570e+001  -2.94070570e+001
 5.77087808e-001 5.77087808e-001  5.77087808e-001 7.10881606e-002 7.10881606e-002  7.10881606e-002 -3.13641113e+000 -3.13641113e+000  -3.13641113e+000 2.78741506e+000 2.78741506e+000  2.78741506e+000 -9.51850133e-001 -9.51850133e-001  -9.51850133e-001
 6.81983982e+000 6.81983982e+000  6.81983982e+000 -2.07854141e+000 -2.07854141e+000  -2.07854141e+000 -9.88662377e-001 -9.88662377e-001  -9.88662377e-001 -4.14138228e+000 -4.14138228e+000  -4.14138228e+000 -3.83177160e+000 -3.83177160e+000  -3.83177160e+000
 -3.21909219e-001 -3.21909219e-001  -3.21909219e-001
 8.59262066e+000 8.59262066e+000  8.59262066e+000 1.45277425e+001 1.45277425e+001  1.45277425e+001 3.93772401e+000 3.93772401e+000  3.93772401e+000 4.96045706e+000 4.96045706e+000  4.96045706e+000 6.85414892e-001 6.85414892e-001  6.85414892e-001
 -7.84299166e+000 -7.84299166e+000  -7.84299166e+000 -5.18692792e+000 -5.18692792e+000  -5.18692792e+000 -3.87449158e+000 -3.87449158e+000  -3.87449158e+000 1.03722723e+001 1.03722723e+001  1.03722723e+001 -1.69629712e+000 -1.69629712e+000  -1.69629712e+000
 5.26035153e+000 5.26035153e+000  5.26035153e+000 -3.97596009e+000 -3.97596009e+000  -3.97596009e+000 8.99754632e-001 8.99754632e-001  8.99754632e-001 2.32365425e+000 2.32365425e+000  2.32365425e+000 -5.22939709e-001 -5.22939709e-001  -5.22939709e-001
 -4.97703128e-002 -4.97703128e-002  -4.97703128e-002
 1.72291574e+000 1.72291574e+000  1.72291574e+000 -1.17570222e+001 -1.17570222e+001  -1.17570222e+001 4.03864409e-001 4.03864409e-001  4.03864409e-001 1.69919629e+001 1.69919629e+001  1.69919629e+001 4.16581852e+000 4.16581852e+000  4.16581852e+000
 -8.59579496e+000 -8.59579496e+000  -8.59579496e+000 -2.96409773e+001 -2.96409773e+001  -2.96409773e+001 -1.20367923e+001 -1.20367923e+001  -1.20367923e+001 3.98929638e+000 3.98929638e+000  3.98929638e+000 -9.38918587e-001 -9.38918587e-001  -9.38918587e-001
 2.74791332e+000 2.74791332e+000  2.74791332e+000 -2.51064626e+000 -2.51064626e+000  -2.51064626e+000 -4.07885362e+000 -4.07885362e+000  -4.07885362e+000 8.73972695e-001 8.73972695e-001  8.73972695e-001 -1.28804638e+000 -1.28804638e+000  -1.28804638e+000
 -4.59328901e-002 -4.59328901e-002  -4.59328901e-002
 8.97734408e+000 8.97734408e+000  8.97734408e+000 -1.22798316e+001 -1.22798316e+001  -1.22798316e+001 -8.83098583e+000 -8.83098583e+000  -8.83098583e+000 1.31454366e+001 1.31454366e+001  1.31454366e+001 -4.11975881e+000 -4.11975881e+000  -4.11975881e+000
 -7.61868232e+000 -7.61868232e+000  -7.61868232e+000 -1.19618434e+001 -1.19618434e+001  -1.19618434e+001 -1.26855086e+001 -1.26855086e+001  -1.26855086e+001 -2.07850254e+000 -2.07850254e+000  -2.07850254e+000 -2.36542950e+001 -2.36542950e+001  -2.36542950e+001
 -8.58916598e+000 -8.58916598e+000  -8.58916598e+000 -5.23037323e+000 -5.23037323e+000  -5.23037323e+000 -4.80102749e+000 -4.80102749e+000  -4.80102749e+000 -1.62067691e-001 -1.62067691e-001  -1.62067691e-001 5.72786903e-002 5.72786903e-002  5.72786903e-002
 -1.68142050e-001 -1.68142050e-001  -1.68142050e-001
 8.60718268e+000 8.60718268e+000  8.60718268e+000 -9.78863023e+000 -9.78863023e+000  -9.78863023e+000 7.77849369e+000 7.77849369e+000  7.77849368e+000 1.06596129e+001 1.06596129e+001  1.06596129e+001 -6.65381290e-001 -6.65381290e-001  -6.65381290e-001
 2.94827244e+000 2.94827244e+000  2.94827244e+000 2.82329164e+000 2.82329164e+000  2.82329162e+000 2.26816012e+001 2.26816012e+001  2.26816012e+001 -7.31847851e+000 -7.31847851e+000  -7.31847851e+000 -7.35939142e-001 -7.35939142e-001  -7.35939142e-001
 -1.02915643e+001 -1.02915633e+001  -1.02915608e+001 9.91029729e+000 9.91029729e+000  9.91029730e+000 -3.04501444e-001 -3.04501282e-001  -3.04500876e-001 -2.57013996e+000 -2.57014014e+000  -2.57014060e+000 -2.01475104e-001 -2.01475258e-001  -2.01475645e-001
 -3.96245583e-002 -3.96246615e-002  -3.96249195e-002
 1.50108063e+001 1.50108063e+001  1.50108063e+001 5.93583156e+000 5.93583156e+000  5.93583156e+000 -6.86694909e+000 -6.86694909e+000  -6.86694909e+000 -2.73080208e+001 -2.73080208e+001  -2.73080208e+001 2.27665786e+001 2.27665786e+001  2.27665786e+001
 -1.75597095e+000 -1.75597095e+000  -1.75597095e+000 1.88080770e+001 1.88080770e+001  1.88080770e+001 -8.76378237e+000 -8.76378237e+000  -8.76378237e+000 1.25037666e+001 1.25037666e+001  1.25037666e+001 -8.07038990e+000 -8.07038990e+000  -8.07038990e+000
 -2.12316250e+000 -2.12316250e+000  -2.12316250e+000 2.66205788e+000 2.66205788e+000  2.66205788e+000 -3.85472271e+000 -3.85472271e+000  -3.85472271e+000 -1.02237888e+000 -1.02237888e+000  -1.02237888e+000 6.32770101e+000 6.32770101e+000  6.32770101e+000
 -1.26184760e-001 -1.26184760e-001  -1.26184760e-001
 -7.56027239e+000 -7.56027239e+000  -7.56027239e+000 -8.53733741e+000 -8.53733741e+000  -8.53733741e+000 -1.52999807e+001 -1.52999807e+001  -1.52999807e+001 -2.54717253e+001 -2.54717253e+001  -2.54717253e+001 -1.36673613e+001 -1.36673613e+001  -1.36673613e+001
 -2.15227268e+000 -2.15227268e+000  -2.15227268e+000 6.53929489e+000 6.53929489e+000  6.53929489e+000 -5.35603773e-001 -5.35603773e-001  -5.35603773e-001 -8.52885574e+000 -8.52885574e+000  -8.52885574e+000 9.98121559e+000 9.98121559e+000  9.98121559e+000
 -4.60297534e+000 -4.60297534e+000  -4.60297534e+000 1.56045945e+000 1.56045945e+000  1.56045945e+000 3.54463805e-001 3.54463805e-001  3.54463805e-001 1.52814459e+000 1.52814459e+000  1.52814459e+000 7.66640390e+000 7.66640390e+000  7.66640390e+000
 8.98471379e-002 8.98471379e-002  8.98471379e-002
 8.96995598e+000 8.96995598e+000  8.96995598e+000 -1.12512132e+001 -1.12512132e+001  -1.12512132e+001 -2.32205415e+000 -2.32205415e+000  -2.32205416e+000 -2.22378435e+001 -2.22378435e+001  -2.22378435e+001 8.22801775e+000 8.22801775e+000  8.22801775e+000
 -7.64243372e+000 -7.64243372e+000  -7.64243372e+000 5.10718149e+000 5.10718148e+000  5.10718147e+000 -1.26081545e+001 -1.26081545e+001  -1.26081545e+001 -2.46493631e+000 -2.46493631e+000  -2.46493631e+000 -6.27754766e+000 -6.27754766e+000  -6.27754766e+000
 -1.13816359e+000 -1.13816259e+000  -1.13816010e+000 -3.58835802e+000 -3.58835801e+000  -3.58835800e+000 -4.19639903e+000 -4.19639887e+000  -4.19639846e+000 -2.62557322e+000 -2.62557340e+000  -2.62557386e+000 -1.50701780e+000 -1.50701795e+000  -1.50701834e+000
 -8.21237313e-001 -8.21237416e-001  -8.21237674e-001
 5.03998103e-001 5.03998103e-001  5.03998103e-001 1.87389296e+001 1.87389296e+001  1.87389296e+001 2.91321152e+001 2.91321152e+001  2.91321152e+001 3.19866840e+001 3.19866840e+001  3.19866840e+001 -1.87049818e+001 -1.87049818e+001  -1.87049818e+001
 -1.01787523e+001 -1.01787523e+001  -1.01787523e+001 -2.94798790e+001 -2.94798790e+001  -2.94798790e+001 1.14477198e+001 1.14477198e+001  1.14477198e+001 1.52643727e+001 1.52643727e+001  1.52643726e+001 -1.03251830e+001 -1.03251368e+001  -1.03251177e+001
 -5.63504587e+000 -5.63504587e+000  -5.63504587e+000 5.17821663e+000 5.17844404e+000  5.17848522e+000 -4.68516801e+000 -4.68516654e+000  -4.68516601e+000 1.88921989e-001 1.88914765e-001  1.88913751e-001 -2.97578948e+000 -2.97579345e+000  -2.97579433e+000
 -5.43357957e-002 -5.43716975e-002  -5.43791582e-002
 -2.12382159e+001 -2.12382159e+001  -2.12382159e+001 3.96039885e+000 3.96039885e+000  3.96039885e+000 -2.24801759e+001 -2.24801759e+001  -2.24801759e+001 -1.48000854e+001 -1.48000854e+001  -1.48000854e+001 9.65475473e+000 9.65475473e+000  9.65475473e+000
 -8.64739478e+000 -8.64739478e+000  -8.64739478e+000 1.17355626e+001 1.17355626e+001  1.17355626e+001 -1.88830576e+001 -1.88830576e+001  -1.88830576e+001 -9.62596861e+000 -9.62596861e+000  -9.62596861e+000 -1.04421280e+001 -1.04421280e+001  -1.04421280e+001
 -9.26631460e+000 -9.26631460e+000  -9.26631460e+000 -6.20679042e+000 -6.20679042e+000  -6.20679042e+000 -5.88634922e+000 -5.88634922e+000  -5.88634922e+000 -5.34739644e+000 -5.34739644e+000  -5.34739644e+000 4.12900033e+000 4.12900033e+000  4.12900033e+000
 3.51423019e-002 3.51423019e-002  3.51423019e-002
 -1.90047007e+002 -1.90047007e+002  -1.90047007e+002 3.36253025e+001 3.36253025e+001  3.36253025e+001 -6.34310326e+000 -6.34310327e+000  -6.34310327e+000 -1.22440428e+001 -1.22440428e+001  -1.22440428e+001 -9.01467804e+001 -9.01467804e+001  -9.01467804e+001
 -2.74484106e+001 -2.74484106e+001  -2.74484106e+001 4.73122016e+001 4.73122016e+001  4.73122016e+001 -1.39856709e+001 -1.39856709e+001  -1.39856709e+001 -4.08279132e+001 -4.08279132e+001  -4.08279132e+001 -2.82903511e+001 -2.82903509e+001  -2.82903508e+001
 4.60630091e+001 4.60630094e+001  4.60630102e+001 4.97212640e+000 4.97212761e+000  4.97212783e+000 9.81590940e-001 9.81590996e-001  9.81591121e-001 1.19353422e+001 1.19353421e+001  1.19353420e+001 -4.32641030e-001 -4.32641098e-001  -4.32641219e-001
 3.76534017e-003 3.76511877e-003  3.76500169e-003
 1.29550671e+001 1.29550671e+001  1.29550671e+001 2.68143481e+000 2.68143481e+000  2.68143481e+000 3.29349730e+000 3.29349730e+000  3.29349729e+000 -1.06677129e+001 -1.06677129e+001  -1.06677129e+001 2.27506883e+000 2.27506883e+000  2.27506883e+000
 2.73778327e+000 2.73778327e+000  2.73778327e+000 1.41441222e+000 1.41441222e+000  1.41441222e+000 1.64107387e+001 1.64107387e+001  1.64107387e+001 1.86850890e+000 1.86850889e+000  1.86850883e+000 -1.36624001e+001 -1.36623836e+001  -1.36623780e+001
 -1.87691577e+000 -1.87691533e+000  -1.87691425e+000 2.27065543e+000 2.27073402e+000  2.27073577e+000 6.81565833e+000 6.81565893e+000  6.81565926e+000 4.08680915e+000 4.08680657e+000  4.08680639e+000 2.74798716e-001 2.74797266e-001  2.74796978e-001
 -7.13159658e-001 -7.13172166e-001  -7.13173053e-001
 -1.22990343e+001 -1.22990343e+001  -1.22990343e+001 -1.03314057e+001 -1.03314057e+001  -1.03314057e+001 -1.71375768e+000 -1.71375768e+000  -1.71375769e+000 4.47314243e+001 4.47314243e+001  4.47314243e+001 -2.95067639e+000 -2.95067639e+000  -2.95067639e+000
 2.13627933e+001 2.13627933e+001  2.13627933e+001 -1.71914627e+000 -1.71914627e+000  -1.71914628e+000 2.15582439e+001 2.15582439e+001  2.15582439e+001 -8.52586041e+000 -8.52586041e+000  -8.52586048e+000 3.60654275e+001 3.60654590e+001  3.60654725e+001
 5.41034994e+000 5.41035064e+000  5.41035240e+000 1.54156576e+000 1.54172449e+000  1.54176305e+000 8.38028837e+000 8.38028949e+000  8.38029015e+000 2.54039875e+000 2.54039360e+000  2.54039229e+000 -4.75889603e-001 -4.75892471e-001  -4.75893496e-001
 -5.50112296e-001 -5.50137363e-001  -5.50144122e-001
 -7.82991731e+000 -7.82991731e+000  -7.82991731e+000 2.27291269e-001 2.27291269e-001  2.27291269e-001 -1.91608408e+000 -1.91608408e+000  -1.91608409e+000 5.60672842e+001 5.60672842e+001  5.60672842e+001 5.93305791e+000 5.93305791e+000  5.93305791e+000
 2.71027062e+001 2.71027062e+001  2.71027062e+001 -3.09848795e+000 -3.09848795e+000  -3.09848796e+000 2.71928802e+001 2.71928802e+001  2.71928802e+001 -1.02451657e+001 -1.02451657e+001  -1.02451658e+001 5.03508515e+001 5.03508779e+001  5.03508893e+001
 -2.62520586e+000 -2.62520526e+000  -2.62520376e+000 3.64656552e+000 3.64669955e+000  3.64673502e+000 1.01253535e+001 1.01253545e+001  1.01253550e+001 8.22006951e-001 8.22002604e-001  8.22001418e-001 9.10803388e-001 9.10800970e-001  9.10800062e-001
 -5.36398723e-001 -5.36419869e-001  -5.36425985e-001
 1.76222548e+001 1.76222548e+001  1.76222548e+001 2.44306502e+001 2.44306502e+001  2.44306502e+001 5.57883596e+000 5.57883596e+000  5.57883596e+000 7.77745876e+000 7.77745876e+000  7.77745876e+000 1.45963878e+001 1.45963878e+001  1.45963878e+001
 -2.31553111e+000 -2.31553111e+000  -2.31553111e+000 -4.03574041e+000 -4.03574041e+000  -4.03574041e+000 1.30875696e+000 1.30875696e+000  1.30875696e+000 3.00646906e+000 3.00646906e+000  3.00646906e+000 -5.16648232e+000 -5.16648232e+000  -5.16648232e+000
 -1.47153343e+001 -1.47153343e+001  -1.47153343e+001 3.03925630e+000 3.03925630e+000  3.03925630e+000 -1.93028307e+000 -1.93028307e+000  -1.93028307e+000 -4.22876419e+000 -4.22876419e+000  -4.22876419e+000 1.56818807e+000 1.56818807e+000  1.56818807e+000
 -2.95124791e-002 -2.95124791e-002  -2.95124791e-002
 -1.23497813e+001 -1.23497813e+001  -1.23497813e+001 1.01070880e+001 1.01070880e+001  1.01070880e+001 -2.00095421e+000 -2.00095421e+000  -2.00095421e+000 3.79435453e+000 3.79435453e+000  3.79435453e+000 9.63702885e+000 9.63702885e+000  9.63702885e+000
 -5.27497692e+000 -5.27497692e+000  -5.27497692e+000 -5.41962969e+000 -5.41962969e+000  -5.41962969e+000 -7.08459443e+000 -7.08459443e+000  -7.08459443e+000 -4.07394637e+000 -4.07394637e+000  -4.07394637e+000 1.83468718e+001 1.83468718e+001  1.83468718e+001
 -1.46872283e+001 -1.46872283e+001  -1.46872283e+001 -1.86086271e+000 -1.86086271e+000  -1.86086271e+000 -4.86946754e+000 -4.86946754e+000  -4.86946754e+000 -4.88826455e+000 -4.88826455e+000  -4.88826455e+000 1.81057457e+000 1.81057457e+000  1.81057457e+000
 -2.16864410e-001 -2.16864410e-001  -2.16864410e-001
 -8.45325693e+000 -8.45325693e+000  -8.45325693e+000 -1.14562840e+001 -1.14562840e+001  -1.14562840e+001 5.30632412e-001 5.30632412e-001  5.30632412e-001 -7.84192003e+000 -7.84192003e+000  -7.84192003e+000 -1.23240738e+001 -1.23240738e+001  -1.23240738e+001
 -9.26618767e+000 -9.26618767e+000  -9.26618767e+000 -2.19284456e+000 -2.19284456e+000  -2.19284456e+000 -6.87717662e+000 -6.87717662e+000  -6.87717662e+000 2.25230541e+000 2.25230541e+000  2.25230541e+000 -1.96657065e+001 -1.96657065e+001  -1.96657065e+001
 6.72549618e+000 6.72549618e+000  6.72549618e+000 -2.97718741e+000 -2.97718741e+000  -2.97718741e+000 -3.92271986e+000 -3.92271986e+000  -3.92271986e+000 6.87005904e-001 6.87005904e-001  6.87005904e-001 -2.01740104e+000 -2.01740104e+000  -2.01740104e+000
 -5.50580029e-001 -5.50580029e-001  -5.50580029e-001
 -8.29401372e+000 -8.29401372e+000  -8.29401372e+000 -1.13064777e+001 -1.13064777e+001  -1.13064777e+001 5.85628802e-001 5.85628798e-001  5.85628789e-001 -8.37948374e+000 -8.37948374e+000  -8.37948374e+000 -1.22925012e+001 -1.22925012e+001  -1.22925012e+001
 -9.61188506e+000 -9.61188506e+000  -9.61188506e+000 -9.88920204e-001 -9.88920209e-001  -9.88920223e-001 -7.39047829e+000 -7.39047829e+000  -7.39047829e+000 1.98863969e+000 1.98863967e+000  1.98863955e+000 -2.05595415e+001 -2.05594954e+001  -2.05594763e+001
 6.63754236e+000 6.63754336e+000  6.63754585e+000 -2.81813800e+000 -2.81791059e+000  -2.81786939e+000 -4.04544579e+000 -4.04544415e+000  -4.04544322e+000 6.45975157e-001 6.45967751e-001  6.45966279e-001 -1.71516856e+000 -1.71517268e+000  -1.71517395e+000
 -4.34738892e-002 -4.35098942e-002  -4.35176129e-002
 2.07788292e+000 2.07788292e+000 2.07788292e+000
 -1.95956100e+000 -1.96013459e+000 -1.96025837e+000
 2.58881826e+000 2.58824167e+000 2.58811041e+000
 -2.59777539e+000 -2.59835198e+000 -2.59848324e+000
 -2.15113746e+000 -2.15113746e+000 -2.15113746e+000
 1.90246183e+000 1.90246183e+000 1.90246183e+000
 6.99933566e-001 6.99930580e-001 6.99923114e-001
 7.52125576e-001 7.51548987e-001 7.51417724e-001
 -1.99369546e+000 -1.99369545e+000 -1.99369539e+000
 -7.20775740e-001 -7.21391217e-001 -7.21770594e-001
 -2.36380128e+000 -2.36380179e+000 -2.36380306e+000
 -1.98974697e+000 -1.99016816e+000 -1.99027968e+000
 -7.85258617e+000 -7.85258638e+000 -7.85258650e+000
 2.06652257e+000 2.06651896e+000 2.06651824e+000
 1.72570012e+000 1.72569772e+000 1.72569697e+000
 4.59475214e-001 4.59381546e-001 4.59361515e-001
