 Normalized SSE per output and pattern 
Itr 	 HN 	 MARE-tr 	 MARE-ts 	 R2tr 	 R2ts 	 SSENtr 	 SSENts	 SSENcomb
100 	 10 	       72.821 	        0.000 	   0.11683 	   0.00000 	    0.107221 	    -1.#IND00 	    -1.#IND00 
200 	 10 	       70.699 	        0.000 	   0.14270 	   0.00000 	    0.105604 	    -1.#IND00 	    -1.#IND00 
300 	 10 	       71.440 	        0.000 	   0.01944 	   0.00000 	    0.145465 	    -1.#IND00 	    -1.#IND00 
400 	 10 	       70.511 	        0.000 	   0.03475 	   0.00000 	    0.136524 	    -1.#IND00 	    -1.#IND00 
500 	 10 	       70.308 	        0.000 	   0.03618 	   0.00000 	    0.136475 	    -1.#IND00 	    -1.#IND00 
600 	 10 	       70.208 	        0.000 	   0.03309 	   0.00000 	    0.137264 	    -1.#IND00 	    -1.#IND00 
700 	 10 	       70.059 	        0.000 	   0.03091 	   0.00000 	    0.137550 	    -1.#IND00 	    -1.#IND00 
800 	 10 	       69.848 	        0.000 	   0.03049 	   0.00000 	    0.137504 	    -1.#IND00 	    -1.#IND00 
900 	 10 	       69.706 	        0.000 	   0.03015 	   0.00000 	    0.137071 	    -1.#IND00 	    -1.#IND00 
1000 	 10 	       70.254 	        0.000 	   0.07423 	   0.00000 	    0.110322 	    -1.#IND00 	    -1.#IND00 
1100 	 10 	       70.198 	        0.000 	   0.08975 	   0.00000 	    0.107901 	    -1.#IND00 	    -1.#IND00 
1200 	 10 	       69.710 	        0.000 	   0.09726 	   0.00000 	    0.108624 	    -1.#IND00 	    -1.#IND00 
1300 	 10 	       69.148 	        0.000 	   0.10313 	   0.00000 	    0.109529 	    -1.#IND00 	    -1.#IND00 
1400 	 10 	       68.707 	        0.000 	   0.10935 	   0.00000 	    0.110174 	    -1.#IND00 	    -1.#IND00 
1500 	 10 	       68.822 	        0.000 	   0.11223 	   0.00000 	    0.111415 	    -1.#IND00 	    -1.#IND00 
1600 	 10 	       68.795 	        0.000 	   0.11698 	   0.00000 	    0.113965 	    -1.#IND00 	    -1.#IND00 
1700 	 10 	       68.342 	        0.000 	   0.13445 	   0.00000 	    0.112286 	    -1.#IND00 	    -1.#IND00 
1800 	 10 	       69.078 	        0.000 	   0.13795 	   0.00000 	    0.103795 	    -1.#IND00 	    -1.#IND00 
1900 	 10 	       68.898 	        0.000 	   0.14136 	   0.00000 	    0.102124 	    -1.#IND00 	    -1.#IND00 
2000 	 10 	       71.877 	        0.000 	   0.11990 	   0.00000 	    0.095624 	    -1.#IND00 	    -1.#IND00 
2100 	 10 	       70.172 	        0.000 	   0.13346 	   0.00000 	    0.095974 	    -1.#IND00 	    -1.#IND00 
2200 	 10 	       70.178 	        0.000 	   0.13236 	   0.00000 	    0.095502 	    -1.#IND00 	    -1.#IND00 
2300 	 10 	       70.322 	        0.000 	   0.12885 	   0.00000 	    0.095101 	    -1.#IND00 	    -1.#IND00 
2400 	 10 	       70.514 	        0.000 	   0.12498 	   0.00000 	    0.094745 	    -1.#IND00 	    -1.#IND00 
2500 	 10 	       70.681 	        0.000 	   0.12134 	   0.00000 	    0.094504 	    -1.#IND00 	    -1.#IND00 
2600 	 10 	       70.792 	        0.000 	   0.11794 	   0.00000 	    0.094471 	    -1.#IND00 	    -1.#IND00 
2700 	 10 	       70.979 	        0.000 	   0.11470 	   0.00000 	    0.094348 	    -1.#IND00 	    -1.#IND00 
2800 	 10 	       71.121 	        0.000 	   0.11224 	   0.00000 	    0.094198 	    -1.#IND00 	    -1.#IND00 
2900 	 10 	       71.233 	        0.000 	   0.11011 	   0.00000 	    0.094096 	    -1.#IND00 	    -1.#IND00 
3000 	 10 	       72.811 	        0.000 	   0.11053 	   0.00000 	    0.090855 	    -1.#IND00 	    -1.#IND00 
3100 	 10 	       72.362 	        0.000 	   0.11425 	   0.00000 	    0.090050 	    -1.#IND00 	    -1.#IND00 
3200 	 10 	       72.364 	        0.000 	   0.11553 	   0.00000 	    0.089608 	    -1.#IND00 	    -1.#IND00 
3300 	 10 	       72.366 	        0.000 	   0.11648 	   0.00000 	    0.089249 	    -1.#IND00 	    -1.#IND00 
3400 	 10 	       72.377 	        0.000 	   0.11707 	   0.00000 	    0.088972 	    -1.#IND00 	    -1.#IND00 
3500 	 10 	       72.393 	        0.000 	   0.11738 	   0.00000 	    0.088759 	    -1.#IND00 	    -1.#IND00 
3600 	 10 	       72.412 	        0.000 	   0.11755 	   0.00000 	    0.088584 	    -1.#IND00 	    -1.#IND00 
3700 	 10 	       72.437 	        0.000 	   0.11775 	   0.00000 	    0.088412 	    -1.#IND00 	    -1.#IND00 
3800 	 10 	       72.507 	        0.000 	   0.11845 	   0.00000 	    0.088079 	    -1.#IND00 	    -1.#IND00 
3900 	 10 	       73.221 	        0.000 	   0.14088 	   0.00000 	    0.083368 	    -1.#IND00 	    -1.#IND00 
4000 	 10 	       74.606 	        0.000 	   0.13796 	   0.00000 	    0.081846 	    -1.#IND00 	    -1.#IND00 
4100 	 10 	       74.201 	        0.000 	   0.14223 	   0.00000 	    0.081369 	    -1.#IND00 	    -1.#IND00 
4200 	 10 	       74.285 	        0.000 	   0.14375 	   0.00000 	    0.080922 	    -1.#IND00 	    -1.#IND00 
4300 	 10 	       74.354 	        0.000 	   0.14481 	   0.00000 	    0.080587 	    -1.#IND00 	    -1.#IND00 
4400 	 10 	       74.421 	        0.000 	   0.14592 	   0.00000 	    0.080244 	    -1.#IND00 	    -1.#IND00 
4500 	 10 	       74.222 	        0.000 	   0.15058 	   0.00000 	    0.079652 	    -1.#IND00 	    -1.#IND00 
4600 	 10 	       74.123 	        0.000 	   0.14948 	   0.00000 	    0.080175 	    -1.#IND00 	    -1.#IND00 
4700 	 10 	       74.268 	        0.000 	   0.14686 	   0.00000 	    0.080563 	    -1.#IND00 	    -1.#IND00 
4800 	 10 	       74.328 	        0.000 	   0.14543 	   0.00000 	    0.080726 	    -1.#IND00 	    -1.#IND00 
4900 	 10 	       74.311 	        0.000 	   0.14419 	   0.00000 	    0.080881 	    -1.#IND00 	    -1.#IND00 
5000 	 10 	       76.364 	        0.000 	   0.14683 	   0.00000 	    0.078013 	    -1.#IND00 	    -1.#IND00 
5100 	 10 	       75.964 	        0.000 	   0.14740 	   0.00000 	    0.078537 	    -1.#IND00 	    -1.#IND00 
5200 	 10 	       76.114 	        0.000 	   0.14568 	   0.00000 	    0.078737 	    -1.#IND00 	    -1.#IND00 
5300 	 10 	       76.266 	        0.000 	   0.14445 	   0.00000 	    0.078862 	    -1.#IND00 	    -1.#IND00 
5400 	 10 	       76.413 	        0.000 	   0.14345 	   0.00000 	    0.078945 	    -1.#IND00 	    -1.#IND00 
5500 	 10 	       76.561 	        0.000 	   0.14252 	   0.00000 	    0.079007 	    -1.#IND00 	    -1.#IND00 
5600 	 10 	       76.715 	        0.000 	   0.14144 	   0.00000 	    0.079089 	    -1.#IND00 	    -1.#IND00 
5700 	 10 	       76.870 	        0.000 	   0.14010 	   0.00000 	    0.079229 	    -1.#IND00 	    -1.#IND00 
5800 	 10 	       77.009 	        0.000 	   0.13875 	   0.00000 	    0.079400 	    -1.#IND00 	    -1.#IND00 
5900 	 10 	       77.127 	        0.000 	   0.13758 	   0.00000 	    0.079560 	    -1.#IND00 	    -1.#IND00 
6000 	 10 	       79.060 	        0.000 	   0.14470 	   0.00000 	    0.076300 	    -1.#IND00 	    -1.#IND00 
6100 	 10 	       78.578 	        0.000 	   0.14840 	   0.00000 	    0.076273 	    -1.#IND00 	    -1.#IND00 
6200 	 10 	       78.630 	        0.000 	   0.14851 	   0.00000 	    0.076226 	    -1.#IND00 	    -1.#IND00 
6300 	 10 	       78.678 	        0.000 	   0.14866 	   0.00000 	    0.076181 	    -1.#IND00 	    -1.#IND00 
6400 	 10 	       78.718 	        0.000 	   0.14882 	   0.00000 	    0.076141 	    -1.#IND00 	    -1.#IND00 
6500 	 10 	       78.751 	        0.000 	   0.14897 	   0.00000 	    0.076105 	    -1.#IND00 	    -1.#IND00 
6600 	 10 	       78.776 	        0.000 	   0.14912 	   0.00000 	    0.076070 	    -1.#IND00 	    -1.#IND00 
6700 	 10 	       78.795 	        0.000 	   0.14927 	   0.00000 	    0.076038 	    -1.#IND00 	    -1.#IND00 
6800 	 10 	       78.810 	        0.000 	   0.14942 	   0.00000 	    0.076006 	    -1.#IND00 	    -1.#IND00 
6900 	 10 	       78.821 	        0.000 	   0.14958 	   0.00000 	    0.075976 	    -1.#IND00 	    -1.#IND00 
7000 	 10 	       80.731 	        0.000 	   0.15795 	   0.00000 	    0.072817 	    -1.#IND00 	    -1.#IND00 
7100 	 10 	       80.139 	        0.000 	   0.16247 	   0.00000 	    0.072666 	    -1.#IND00 	    -1.#IND00 
7200 	 10 	       80.140 	        0.000 	   0.16301 	   0.00000 	    0.072570 	    -1.#IND00 	    -1.#IND00 
7300 	 10 	       80.149 	        0.000 	   0.16344 	   0.00000 	    0.072495 	    -1.#IND00 	    -1.#IND00 
7400 	 10 	       80.158 	        0.000 	   0.16381 	   0.00000 	    0.072429 	    -1.#IND00 	    -1.#IND00 
7500 	 10 	       80.164 	        0.000 	   0.16415 	   0.00000 	    0.072369 	    -1.#IND00 	    -1.#IND00 
7600 	 10 	       80.168 	        0.000 	   0.16447 	   0.00000 	    0.072314 	    -1.#IND00 	    -1.#IND00 
7700 	 10 	       80.168 	        0.000 	   0.16478 	   0.00000 	    0.072262 	    -1.#IND00 	    -1.#IND00 
7800 	 10 	       80.164 	        0.000 	   0.16508 	   0.00000 	    0.072215 	    -1.#IND00 	    -1.#IND00 
7900 	 10 	       80.157 	        0.000 	   0.16536 	   0.00000 	    0.072173 	    -1.#IND00 	    -1.#IND00 
8000 	 10 	       82.064 	        0.000 	   0.17359 	   0.00000 	    0.069368 	    -1.#IND00 	    -1.#IND00 
8100 	 10 	       81.470 	        0.000 	   0.17781 	   0.00000 	    0.069236 	    -1.#IND00 	    -1.#IND00 
8200 	 10 	       81.446 	        0.000 	   0.17827 	   0.00000 	    0.069176 	    -1.#IND00 	    -1.#IND00 
8300 	 10 	       81.415 	        0.000 	   0.17859 	   0.00000 	    0.069147 	    -1.#IND00 	    -1.#IND00 
8400 	 10 	       81.373 	        0.000 	   0.17882 	   0.00000 	    0.069142 	    -1.#IND00 	    -1.#IND00 
8500 	 10 	       81.325 	        0.000 	   0.17895 	   0.00000 	    0.069157 	    -1.#IND00 	    -1.#IND00 
8600 	 10 	       81.276 	        0.000 	   0.17902 	   0.00000 	    0.069186 	    -1.#IND00 	    -1.#IND00 
8700 	 10 	       81.227 	        0.000 	   0.17905 	   0.00000 	    0.069218 	    -1.#IND00 	    -1.#IND00 
8800 	 10 	       81.179 	        0.000 	   0.17909 	   0.00000 	    0.069245 	    -1.#IND00 	    -1.#IND00 
8900 	 10 	       81.130 	        0.000 	   0.17917 	   0.00000 	    0.069264 	    -1.#IND00 	    -1.#IND00 
9000 	 10 	       82.991 	        0.000 	   0.18691 	   0.00000 	    0.066821 	    -1.#IND00 	    -1.#IND00 
9100 	 10 	       82.386 	        0.000 	   0.19063 	   0.00000 	    0.066734 	    -1.#IND00 	    -1.#IND00 
9200 	 10 	       82.320 	        0.000 	   0.19110 	   0.00000 	    0.066689 	    -1.#IND00 	    -1.#IND00 
9300 	 10 	       82.245 	        0.000 	   0.19151 	   0.00000 	    0.066657 	    -1.#IND00 	    -1.#IND00 
9400 	 10 	       82.149 	        0.000 	   0.19198 	   0.00000 	    0.066624 	    -1.#IND00 	    -1.#IND00 
9500 	 10 	       82.024 	        0.000 	   0.19257 	   0.00000 	    0.066589 	    -1.#IND00 	    -1.#IND00 
9600 	 10 	       81.864 	        0.000 	   0.19333 	   0.00000 	    0.066547 	    -1.#IND00 	    -1.#IND00 
9700 	 10 	       81.675 	        0.000 	   0.19430 	   0.00000 	    0.066501 	    -1.#IND00 	    -1.#IND00 
9800 	 10 	       81.470 	        0.000 	   0.19543 	   0.00000 	    0.066454 	    -1.#IND00 	    -1.#IND00 
9900 	 10 	       81.268 	        0.000 	   0.19660 	   0.00000 	    0.066413 	    -1.#IND00 	    -1.#IND00 
10000 	 10 	       83.037 	        0.000 	   0.20441 	   0.00000 	    0.064191 	    -1.#IND00 	    -1.#IND00 
10100 	 10 	       82.372 	        0.000 	   0.20805 	   0.00000 	    0.064186 	    -1.#IND00 	    -1.#IND00 
10200 	 10 	       82.270 	        0.000 	   0.20885 	   0.00000 	    0.064141 	    -1.#IND00 	    -1.#IND00 
10300 	 10 	       82.197 	        0.000 	   0.20941 	   0.00000 	    0.064110 	    -1.#IND00 	    -1.#IND00 
10400 	 10 	       82.143 	        0.000 	   0.20985 	   0.00000 	    0.064083 	    -1.#IND00 	    -1.#IND00 
10500 	 10 	       82.104 	        0.000 	   0.21023 	   0.00000 	    0.064056 	    -1.#IND00 	    -1.#IND00 
10600 	 10 	       82.075 	        0.000 	   0.21057 	   0.00000 	    0.064028 	    -1.#IND00 	    -1.#IND00 
10700 	 10 	       82.054 	        0.000 	   0.21089 	   0.00000 	    0.063996 	    -1.#IND00 	    -1.#IND00 
10800 	 10 	       82.040 	        0.000 	   0.21122 	   0.00000 	    0.063960 	    -1.#IND00 	    -1.#IND00 
10900 	 10 	       82.032 	        0.000 	   0.21156 	   0.00000 	    0.063918 	    -1.#IND00 	    -1.#IND00 
11000 	 10 	       83.918 	        0.000 	   0.21809 	   0.00000 	    0.061983 	    -1.#IND00 	    -1.#IND00 
11100 	 10 	       83.405 	        0.000 	   0.22094 	   0.00000 	    0.061975 	    -1.#IND00 	    -1.#IND00 
11200 	 10 	       83.396 	        0.000 	   0.22144 	   0.00000 	    0.061913 	    -1.#IND00 	    -1.#IND00 
11300 	 10 	       83.389 	        0.000 	   0.22189 	   0.00000 	    0.061860 	    -1.#IND00 	    -1.#IND00 
11400 	 10 	       83.379 	        0.000 	   0.22231 	   0.00000 	    0.061810 	    -1.#IND00 	    -1.#IND00 
11500 	 10 	       83.366 	        0.000 	   0.22272 	   0.00000 	    0.061764 	    -1.#IND00 	    -1.#IND00 
11600 	 10 	       83.352 	        0.000 	   0.22312 	   0.00000 	    0.061720 	    -1.#IND00 	    -1.#IND00 
11700 	 10 	       83.337 	        0.000 	   0.22350 	   0.00000 	    0.061678 	    -1.#IND00 	    -1.#IND00 
11800 	 10 	       83.322 	        0.000 	   0.22387 	   0.00000 	    0.061637 	    -1.#IND00 	    -1.#IND00 
11900 	 10 	       83.306 	        0.000 	   0.22423 	   0.00000 	    0.061598 	    -1.#IND00 	    -1.#IND00 
12000 	 10 	       85.079 	        0.000 	   0.23024 	   0.00000 	    0.059975 	    -1.#IND00 	    -1.#IND00 
12100 	 10 	       84.599 	        0.000 	   0.23272 	   0.00000 	    0.059973 	    -1.#IND00 	    -1.#IND00 
12200 	 10 	       84.588 	        0.000 	   0.23316 	   0.00000 	    0.059923 	    -1.#IND00 	    -1.#IND00 
12300 	 10 	       84.580 	        0.000 	   0.23355 	   0.00000 	    0.059878 	    -1.#IND00 	    -1.#IND00 
12400 	 10 	       84.571 	        0.000 	   0.23392 	   0.00000 	    0.059836 	    -1.#IND00 	    -1.#IND00 
12500 	 10 	       84.563 	        0.000 	   0.23427 	   0.00000 	    0.059795 	    -1.#IND00 	    -1.#IND00 
12600 	 10 	       84.555 	        0.000 	   0.23462 	   0.00000 	    0.059756 	    -1.#IND00 	    -1.#IND00 
12700 	 10 	       84.546 	        0.000 	   0.23495 	   0.00000 	    0.059718 	    -1.#IND00 	    -1.#IND00 
12800 	 10 	       84.538 	        0.000 	   0.23527 	   0.00000 	    0.059681 	    -1.#IND00 	    -1.#IND00 
12900 	 10 	       84.531 	        0.000 	   0.23559 	   0.00000 	    0.059645 	    -1.#IND00 	    -1.#IND00 
13000 	 10 	       86.194 	        0.000 	   0.24107 	   0.00000 	    0.058288 	    -1.#IND00 	    -1.#IND00 
13100 	 10 	       85.747 	        0.000 	   0.24324 	   0.00000 	    0.058286 	    -1.#IND00 	    -1.#IND00 
13200 	 10 	       85.739 	        0.000 	   0.24364 	   0.00000 	    0.058240 	    -1.#IND00 	    -1.#IND00 
13300 	 10 	       85.734 	        0.000 	   0.24401 	   0.00000 	    0.058198 	    -1.#IND00 	    -1.#IND00 
13400 	 10 	       85.729 	        0.000 	   0.24436 	   0.00000 	    0.058158 	    -1.#IND00 	    -1.#IND00 
13500 	 10 	       85.724 	        0.000 	   0.24470 	   0.00000 	    0.058118 	    -1.#IND00 	    -1.#IND00 
13600 	 10 	       85.719 	        0.000 	   0.24503 	   0.00000 	    0.058080 	    -1.#IND00 	    -1.#IND00 
13700 	 10 	       85.715 	        0.000 	   0.24535 	   0.00000 	    0.058044 	    -1.#IND00 	    -1.#IND00 
13800 	 10 	       85.710 	        0.000 	   0.24566 	   0.00000 	    0.058007 	    -1.#IND00 	    -1.#IND00 
13900 	 10 	       85.706 	        0.000 	   0.24597 	   0.00000 	    0.057972 	    -1.#IND00 	    -1.#IND00 
14000 	 10 	       87.253 	        0.000 	   0.25096 	   0.00000 	    0.056845 	    -1.#IND00 	    -1.#IND00 
14100 	 10 	       86.830 	        0.000 	   0.25286 	   0.00000 	    0.056843 	    -1.#IND00 	    -1.#IND00 
14200 	 10 	       86.821 	        0.000 	   0.25324 	   0.00000 	    0.056801 	    -1.#IND00 	    -1.#IND00 
14300 	 10 	       86.815 	        0.000 	   0.25360 	   0.00000 	    0.056761 	    -1.#IND00 	    -1.#IND00 
14400 	 10 	       86.810 	        0.000 	   0.25394 	   0.00000 	    0.056723 	    -1.#IND00 	    -1.#IND00 
14500 	 10 	       86.805 	        0.000 	   0.25427 	   0.00000 	    0.056685 	    -1.#IND00 	    -1.#IND00 
14600 	 10 	       86.801 	        0.000 	   0.25460 	   0.00000 	    0.056648 	    -1.#IND00 	    -1.#IND00 
14700 	 10 	       86.796 	        0.000 	   0.25491 	   0.00000 	    0.056613 	    -1.#IND00 	    -1.#IND00 
14800 	 10 	       86.792 	        0.000 	   0.25521 	   0.00000 	    0.056579 	    -1.#IND00 	    -1.#IND00 
14900 	 10 	       86.787 	        0.000 	   0.25551 	   0.00000 	    0.056545 	    -1.#IND00 	    -1.#IND00 
15000 	 10 	       88.222 	        0.000 	   0.26001 	   0.00000 	    0.055616 	    -1.#IND00 	    -1.#IND00 
15100 	 10 	       87.818 	        0.000 	   0.26167 	   0.00000 	    0.055615 	    -1.#IND00 	    -1.#IND00 
15200 	 10 	       87.806 	        0.000 	   0.26202 	   0.00000 	    0.055577 	    -1.#IND00 	    -1.#IND00 
15300 	 10 	       87.798 	        0.000 	   0.26236 	   0.00000 	    0.055541 	    -1.#IND00 	    -1.#IND00 
15400 	 10 	       87.791 	        0.000 	   0.26269 	   0.00000 	    0.055504 	    -1.#IND00 	    -1.#IND00 
15500 	 10 	       87.785 	        0.000 	   0.26300 	   0.00000 	    0.055470 	    -1.#IND00 	    -1.#IND00 
15600 	 10 	       87.780 	        0.000 	   0.26330 	   0.00000 	    0.055436 	    -1.#IND00 	    -1.#IND00 
15700 	 10 	       87.774 	        0.000 	   0.26360 	   0.00000 	    0.055403 	    -1.#IND00 	    -1.#IND00 
15800 	 10 	       87.769 	        0.000 	   0.26388 	   0.00000 	    0.055372 	    -1.#IND00 	    -1.#IND00 
15900 	 10 	       87.764 	        0.000 	   0.26416 	   0.00000 	    0.055341 	    -1.#IND00 	    -1.#IND00 
16000 	 10 	       89.085 	        0.000 	   0.26817 	   0.00000 	    0.054581 	    -1.#IND00 	    -1.#IND00 
16100 	 10 	       88.700 	        0.000 	   0.26961 	   0.00000 	    0.054580 	    -1.#IND00 	    -1.#IND00 
16200 	 10 	       88.687 	        0.000 	   0.26994 	   0.00000 	    0.054546 	    -1.#IND00 	    -1.#IND00 
16300 	 10 	       88.677 	        0.000 	   0.27026 	   0.00000 	    0.054513 	    -1.#IND00 	    -1.#IND00 
16400 	 10 	       88.670 	        0.000 	   0.27056 	   0.00000 	    0.054480 	    -1.#IND00 	    -1.#IND00 
16500 	 10 	       88.664 	        0.000 	   0.27085 	   0.00000 	    0.054449 	    -1.#IND00 	    -1.#IND00 
16600 	 10 	       88.658 	        0.000 	   0.27112 	   0.00000 	    0.054418 	    -1.#IND00 	    -1.#IND00 
16700 	 10 	       88.652 	        0.000 	   0.27139 	   0.00000 	    0.054389 	    -1.#IND00 	    -1.#IND00 
16800 	 10 	       88.647 	        0.000 	   0.27164 	   0.00000 	    0.054361 	    -1.#IND00 	    -1.#IND00 
16900 	 10 	       88.641 	        0.000 	   0.27189 	   0.00000 	    0.054334 	    -1.#IND00 	    -1.#IND00 
17000 	 10 	       89.857 	        0.000 	   0.27546 	   0.00000 	    0.053715 	    -1.#IND00 	    -1.#IND00 
17100 	 10 	       89.491 	        0.000 	   0.27671 	   0.00000 	    0.053713 	    -1.#IND00 	    -1.#IND00 
17200 	 10 	       89.475 	        0.000 	   0.27702 	   0.00000 	    0.053682 	    -1.#IND00 	    -1.#IND00 
17300 	 10 	       89.464 	        0.000 	   0.27731 	   0.00000 	    0.053651 	    -1.#IND00 	    -1.#IND00 
17400 	 10 	       89.456 	        0.000 	   0.27759 	   0.00000 	    0.053621 	    -1.#IND00 	    -1.#IND00 
17500 	 10 	       89.450 	        0.000 	   0.27785 	   0.00000 	    0.053592 	    -1.#IND00 	    -1.#IND00 
17600 	 10 	       89.444 	        0.000 	   0.27811 	   0.00000 	    0.053565 	    -1.#IND00 	    -1.#IND00 
17700 	 10 	       89.438 	        0.000 	   0.27835 	   0.00000 	    0.053539 	    -1.#IND00 	    -1.#IND00 
17800 	 10 	       89.433 	        0.000 	   0.27858 	   0.00000 	    0.053513 	    -1.#IND00 	    -1.#IND00 
17900 	 10 	       89.427 	        0.000 	   0.27880 	   0.00000 	    0.053489 	    -1.#IND00 	    -1.#IND00 
18000 	 10 	       90.542 	        0.000 	   0.28197 	   0.00000 	    0.052987 	    -1.#IND00 	    -1.#IND00 
18100 	 10 	       90.196 	        0.000 	   0.28306 	   0.00000 	    0.052983 	    -1.#IND00 	    -1.#IND00 
18200 	 10 	       90.178 	        0.000 	   0.28336 	   0.00000 	    0.052953 	    -1.#IND00 	    -1.#IND00 
18300 	 10 	       90.167 	        0.000 	   0.28363 	   0.00000 	    0.052924 	    -1.#IND00 	    -1.#IND00 
18400 	 10 	       90.158 	        0.000 	   0.28389 	   0.00000 	    0.052897 	    -1.#IND00 	    -1.#IND00 
18500 	 10 	       90.151 	        0.000 	   0.28414 	   0.00000 	    0.052870 	    -1.#IND00 	    -1.#IND00 
18600 	 10 	       90.145 	        0.000 	   0.28437 	   0.00000 	    0.052845 	    -1.#IND00 	    -1.#IND00 
18700 	 10 	       90.139 	        0.000 	   0.28460 	   0.00000 	    0.052820 	    -1.#IND00 	    -1.#IND00 
18800 	 10 	       90.133 	        0.000 	   0.28481 	   0.00000 	    0.052797 	    -1.#IND00 	    -1.#IND00 
18900 	 10 	       90.128 	        0.000 	   0.28502 	   0.00000 	    0.052775 	    -1.#IND00 	    -1.#IND00 
19000 	 10 	       91.147 	        0.000 	   0.28785 	   0.00000 	    0.052367 	    -1.#IND00 	    -1.#IND00 
19100 	 10 	       90.820 	        0.000 	   0.28880 	   0.00000 	    0.052361 	    -1.#IND00 	    -1.#IND00 
19200 	 10 	       90.802 	        0.000 	   0.28909 	   0.00000 	    0.052332 	    -1.#IND00 	    -1.#IND00 
19300 	 10 	       90.790 	        0.000 	   0.28935 	   0.00000 	    0.052304 	    -1.#IND00 	    -1.#IND00 
19400 	 10 	       90.781 	        0.000 	   0.28960 	   0.00000 	    0.052278 	    -1.#IND00 	    -1.#IND00 
19500 	 10 	       90.774 	        0.000 	   0.28983 	   0.00000 	    0.052253 	    -1.#IND00 	    -1.#IND00 
19600 	 10 	       90.767 	        0.000 	   0.29006 	   0.00000 	    0.052228 	    -1.#IND00 	    -1.#IND00 
19700 	 10 	       90.761 	        0.000 	   0.29027 	   0.00000 	    0.052205 	    -1.#IND00 	    -1.#IND00 
19800 	 10 	       90.754 	        0.000 	   0.29047 	   0.00000 	    0.052184 	    -1.#IND00 	    -1.#IND00 
19900 	 10 	       90.748 	        0.000 	   0.29067 	   0.00000 	    0.052163 	    -1.#IND00 	    -1.#IND00 
20000 	 10 	       91.675 	        0.000 	   0.29321 	   0.00000 	    0.051830 	    -1.#IND00 	    -1.#IND00 
