  2.0334e+001  5.3213e+000 -9.8560e+000 -3.7292e+000  4.1321e+000
 -9.4370e+000 -1.8685e+000 -1.7538e+001  1.0956e+000 -4.7530e+000
  3.3909e+000 -3.8273e+000 -3.1862e+000  6.1176e-001 -5.9961e-001
 -4.2734e-001
 -5.4270e-001
 -1.34680600e+001 -1.34679766e+001  -1.34677682e+001 -7.27158158e+000 -7.27157497e+000  -7.27156163e+000 1.04674066e+001 1.04674061e+001  1.04674051e+001 2.34581668e+000 2.34581668e+000  2.34581668e+000 -5.39352212e+000 -5.39352211e+000  -5.39352209e+000
 -2.10917184e+001 -2.10916451e+001  -2.10915987e+001 -3.73254047e+000 -3.73253742e+000  -3.73252977e+000 6.10466074e+000 6.10465865e+000  6.10465465e+000 -2.39794214e+000 -2.39797671e+000  -2.39806304e+000 -2.88046091e+000 -2.88051067e+000  -2.88063498e+000
 -3.06569196e+000 -3.06565282e+000  -3.06565278e+000 8.63281779e+000 8.63281893e+000  8.63281980e+000 1.43017681e+001 1.43017412e+001  1.43017413e+001 -1.98054383e+000 -1.98054545e+000  -1.98054936e+000 -3.54611490e-002 -3.54701297e-002  -3.54798360e-002
 -2.85867782e-001 -2.85867392e-001  -2.85866748e-001
 -1.14504426e+001 -1.14504426e+001  -1.14504426e+001 -2.59322842e+000 -2.59322842e+000  -2.59322842e+000 1.04786112e+001 1.04786112e+001  1.04786112e+001 2.25504641e+000 2.25504641e+000  2.25504641e+000 8.76588028e-001 8.76588028e-001  8.76588028e-001
 -8.77395762e+000 -8.77395762e+000  -8.77395762e+000 -2.71088849e+000 -2.71088849e+000  -2.71088849e+000 -3.93805866e+000 -3.93805866e+000  -3.93805866e+000 2.37696944e-001 2.37696944e-001  2.37696944e-001 2.32453271e+000 2.32453271e+000  2.32453271e+000
 3.80324823e+000 3.80324823e+000  3.80324823e+000 -3.30396951e+000 -3.30396951e+000  -3.30396951e+000 5.99346987e+000 5.99346987e+000  5.99346987e+000 1.03037958e+000 1.03037958e+000  1.03037958e+000 -8.36409356e-001 -8.36409356e-001  -8.36409356e-001
 -2.27113804e-002 -2.27113804e-002  -2.27113804e-002
 1.15642024e+001 1.15649767e+001  1.15669125e+001 8.85073949e+000 8.85080094e+000  8.85092472e+000 -1.28795486e+001 -1.28795526e+001  -1.28795623e+001 7.71417107e-001 7.71417108e-001  7.71417108e-001 3.52194868e+000 3.52194881e+000  3.52194903e+000
 -5.40165007e+000 -5.40096965e+000  -5.40053866e+000 3.81709592e+000 3.81712431e+000  3.81719529e+000 -6.99666822e+000 -6.99668765e+000  -6.99672470e+000 -3.56281912e-001 -3.56602887e-001  -3.57404536e-001 -4.59127749e+000 -4.59173952e+000  -4.59289371e+000
 -3.56121405e+000 -3.56085064e+000  -3.56085017e+000 -7.15120535e-001 -7.15109964e-001  -7.15101953e-001 6.89952481e-001 6.89703077e-001  6.89703188e-001 -2.50885601e+000 -2.50887146e+000  -2.50890884e+000 -1.14318499e-002 -1.15152550e-002  -1.16054276e-002
 -5.75349118e-001 -5.75345500e-001  -5.75339515e-001
 1.03155662e+001 1.03155662e+001  1.03155662e+001 1.68690269e-001 1.68690269e-001  1.68690269e-001 -4.13675917e+000 -4.13675917e+000  -4.13675917e+000 -2.69185784e+000 -2.69185784e+000  -2.69185784e+000 3.67701104e+000 3.67701104e+000  3.67701104e+000
 -1.13983290e+001 -1.13983290e+001  -1.13983290e+001 2.74876743e+000 2.74876743e+000  2.74876743e+000 -6.41328770e+000 -6.41328770e+000  -6.41328770e+000 5.21028330e-001 5.21028330e-001  5.21028330e-001 -3.99927535e+000 -3.99927535e+000  -3.99927535e+000
 2.20045109e+000 2.20045109e+000  2.20045109e+000 -2.09343582e+000 -2.09343582e+000  -2.09343582e+000 -4.80421249e+000 -4.80421249e+000  -4.80421249e+000 -1.34233213e+000 -1.34233213e+000  -1.34233213e+000 -5.58844545e-001 -5.58844545e-001  -5.58844545e-001
 -2.71293336e-002 -2.71293336e-002  -2.71293336e-002
 4.65003120e+000 4.65003090e+000  4.65003017e+000 5.97389594e-001 5.97389594e-001  5.97389594e-001 4.88651892e+000 4.88651892e+000  4.88651892e+000 -3.61977365e+000 -3.61977365e+000  -3.61977365e+000 -1.61632173e+000 -1.61632173e+000  -1.61632173e+000
 2.53384646e+000 2.53384646e+000  2.53384646e+000 -8.84651355e+000 -8.84651355e+000  -8.84651356e+000 -1.08415710e+001 -1.08415710e+001  -1.08415710e+001 2.06433334e-001 2.06433357e-001  2.06433415e-001 1.73670262e+000 1.73670262e+000  1.73670262e+000
 5.69317783e+000 5.69317781e+000  5.69317776e+000 -2.80308946e+000 -2.80308946e+000  -2.80308946e+000 2.44171340e-001 2.44171343e-001  2.44171351e-001 4.39495829e+000 4.39495870e+000  4.39495974e+000 -5.60531402e-001 -5.60531382e-001  -5.60531332e-001
 -1.09746651e-001 -1.09746653e-001  -1.09746657e-001
 6.62429688e+000 6.62431091e+000  6.62434596e+000 -5.02392028e+000 -5.02390980e+000  -5.02390747e+000 2.48579844e+001 2.48579820e+001  2.48579759e+001 5.22773969e+000 5.22773970e+000  5.22773969e+000 -3.63697649e+000 -3.63697645e+000  -3.63697645e+000
 1.09367251e-001 1.09774776e-001  1.09777538e-001 2.26296296e+001 2.26296306e+001  2.26296330e+001 -2.78673688e+000 -2.78674064e+000  -2.78674084e+000 5.72528580e+000 5.72527859e+000  5.72526121e+000 1.48510772e+001 1.48510680e+001  1.48510459e+001
 8.37557487e+000 8.37586505e+000  8.37586404e+000 1.43161601e+000 1.43162195e+000  1.43162206e+000 1.11891033e+001 1.11889038e+001  1.11889039e+001 -3.68085184e+000 -3.68085232e+000  -3.68085252e+000 9.28626277e-001 9.28587875e-001  9.28586542e-001
 -4.78016071e-002 -4.78005872e-002  -4.78004857e-002
 -5.68818338e+001 -5.68812696e+001  -5.68798590e+001 -3.01308444e+001 -3.01308025e+001  -3.01307161e+001 -9.61551301e+000 -9.61551527e+000  -9.61552092e+000 5.67127907e+000 5.67127907e+000  5.67127907e+000 -2.41227689e+001 -2.41227688e+001  -2.41227686e+001
 2.97766471e+001 2.97770837e+001  2.97773937e+001 -1.63294911e+001 -1.63294710e+001  -1.63294209e+001 -3.69563475e+000 -3.69564832e+000  -3.69567517e+000 -1.54754955e+001 -1.54757295e+001  -1.54763140e+001 1.16184027e+000 1.16150340e+000  1.16066177e+000
 -4.34921057e+000 -4.34898682e+000  -4.34898627e+000 -2.54797256e+000 -2.54796570e+000  -2.54795987e+000 -8.66662822e+000 -8.66678170e+000  -8.66678163e+000 -1.08128836e+000 -1.08129926e+000  -1.08132573e+000 -2.04053805e+000 -2.04059341e+000  -2.04065898e+000
 -4.19891460e-001 -4.19888966e-001  -4.19884614e-001
 5.02687708e+000 5.02741754e+000  5.02876865e+000 1.25899978e+000 1.25904252e+000  1.25912764e+000 1.77438966e+001 1.77438945e+001  1.77438892e+001 -1.24169547e+001 -1.24169547e+001  -1.24169547e+001 3.36582179e-001 3.36582270e-001  3.36582423e-001
 2.54924457e+000 2.54973457e+000  2.55003486e+000 2.27480345e+000 2.27482279e+000  2.27487116e+000 2.00439284e+001 2.00439145e+001  2.00438883e+001 9.23908351e+000 9.23886071e+000  9.23830428e+000 5.38039402e+000 5.38007278e+000  5.37927034e+000
 -4.64330742e+000 -4.64304275e+000  -4.64304221e+000 -1.93216552e-001 -1.93208957e-001  -1.93203375e-001 -2.65916201e+000 -2.65934360e+000  -2.65934354e+000 -9.36251855e-001 -9.36262366e-001  -9.36287740e-001 -9.69607402e-001 -9.69666958e-001  -9.69729688e-001
 -3.37975703e-001 -3.37973147e-001  -3.37968986e-001
 8.83356729e+000 8.83402264e+000  8.83516101e+000 -1.75122042e+000 -1.75118446e+000  -1.75111313e+000 1.87335554e+001 1.87335538e+001  1.87335499e+001 -1.36754064e+001 -1.36754064e+001  -1.36754064e+001 2.12480339e+000 2.12480347e+000  2.12480360e+000
 2.38979451e+000 2.39021184e+000  2.39046466e+000 -2.82485475e+000 -2.82483859e+000  -2.82479821e+000 2.34157322e+001 2.34157205e+001  2.34156983e+001 1.33257380e+001 1.33255506e+001  1.33250828e+001 4.89047473e+000 4.89020448e+000  4.88952942e+000
 -7.40582470e+000 -7.40559841e+000  -7.40559788e+000 3.24292657e-001 3.24299121e-001  3.24303820e-001 -3.08083508e+000 -3.08099032e+000  -3.08099027e+000 -1.17903576e+000 -1.17904462e+000  -1.17906600e+000 -1.11951596e+000 -1.11956654e+000  -1.11961933e+000
 -3.47984441e-001 -3.47982278e-001  -3.47978777e-001
 1.19968525e+001 1.19968525e+001  1.19968525e+001 -4.16273245e+000 -4.16273245e+000  -4.16273245e+000 -5.46047686e+000 -5.46047686e+000  -5.46047686e+000 4.76519938e-001 4.76519938e-001  4.76519938e-001 7.46995046e+000 7.46995046e+000  7.46995046e+000
 -3.37883831e+000 -3.37883831e+000  -3.37883831e+000 -2.34945356e+000 -2.34945356e+000  -2.34945356e+000 -3.34484976e+000 -3.34484976e+000  -3.34484976e+000 4.72101102e+000 4.72101102e+000  4.72101102e+000 -5.21555465e+000 -5.21555465e+000  -5.21555465e+000
 -6.42089297e+000 -6.42089297e+000  -6.42089297e+000 -2.01196371e+000 -2.01196371e+000  -2.01196371e+000 -3.51080334e+000 -3.51080334e+000  -3.51080334e+000 -1.81297586e+000 -1.81297586e+000  -1.81297586e+000 -3.27834529e-001 -3.27834529e-001  -3.27834529e-001
 -1.97511067e-001 -1.97511067e-001  -1.97511067e-001
 1.08960942e+001 1.08960942e+001  1.08960942e+001 5.91078565e+000 5.91078565e+000  5.91078565e+000 -7.64185511e-001 -7.64185511e-001  -7.64185511e-001 1.10862445e+000 1.10862445e+000  1.10862445e+000 1.72491908e+000 1.72491908e+000  1.72491908e+000
 -1.04914239e+000 -1.04914239e+000  -1.04914239e+000 -9.41057770e+000 -9.41057770e+000  -9.41057770e+000 -3.64852933e+000 -3.64852933e+000  -3.64852933e+000 1.44658469e+000 1.44658469e+000  1.44658469e+000 -3.01552254e-001 -3.01552254e-001  -3.01552254e-001
 6.20718313e+000 6.20718313e+000  6.20718313e+000 1.10707811e+000 1.10707811e+000  1.10707811e+000 2.72670000e+000 2.72670000e+000  2.72670000e+000 2.79900006e+000 2.79900006e+000  2.79900006e+000 -2.54183653e-001 -2.54183653e-001  -2.54183653e-001
 -4.05834938e-002 -4.05834938e-002  -4.05834938e-002
 1.57907247e+000 1.57907247e+000  1.57907247e+000 3.80809708e+000 3.80809708e+000  3.80809708e+000 -2.62077784e+000 -2.62077784e+000  -2.62077784e+000 -2.99699335e+000 -2.99699335e+000  -2.99699335e+000 -1.19793091e+000 -1.19793091e+000  -1.19793091e+000
 -4.60631716e+000 -4.60631716e+000  -4.60631716e+000 5.27627435e+000 5.27627435e+000  5.27627435e+000 -8.25678960e+000 -8.25678960e+000  -8.25678960e+000 -3.26080743e+000 -3.26080743e+000  -3.26080743e+000 -7.10204981e-001 -7.10204981e-001  -7.10204981e-001
 2.11593083e+000 2.11593083e+000  2.11593083e+000 -2.26702102e+000 -2.26702102e+000  -2.26702102e+000 -1.96986481e+000 -1.96986481e+000  -1.96986481e+000 6.55750008e-001 6.55750008e-001  6.55750008e-001 4.22140708e-001 4.22140708e-001  4.22140708e-001
 -1.49038333e-001 -1.49038333e-001  -1.49038333e-001
 2.19154961e+000 2.19232366e+000  2.19425876e+000 4.26107129e+000 4.26113274e+000  4.26125652e+000 -3.01731330e+000 -3.01731721e+000  -3.01732700e+000 -3.79469690e+000 -3.79469690e+000  -3.79469690e+000 -2.01399896e+000 -2.01399884e+000  -2.01399862e+000
 -4.76489997e+000 -4.76421955e+000  -4.76378856e+000 4.73667468e+000 4.73670308e+000  4.73677405e+000 -8.40115714e+000 -8.40117656e+000  -8.40121362e+000 -2.53560853e+000 -2.53592948e+000  -2.53673107e+000 -6.26538344e-001 -6.27000376e-001  -6.28154563e-001
 2.43019387e+000 2.43055726e+000  2.43055768e+000 -2.43973920e+000 -2.43972863e+000  -2.43972062e+000 -1.11612053e+000 -1.11636993e+000  -1.11636981e+000 -1.09800405e+000 -1.09801909e+000  -1.09805544e+000 -9.70930322e-001 -9.71013707e-001  -9.71103830e-001
 -3.25092209e-001 -3.25088592e-001  -3.25082612e-001
 -1.52205063e+000 -1.52441281e+000 -1.52721269e+000
 -1.57089563e+000 -1.57093674e+000 -1.57102041e+000
 -2.32198703e+000 -2.32322576e+000 -2.32321704e+000
 -8.25292570e+000 -8.25292570e+000 -8.25292570e+000
 -2.22765647e+000 -2.22765653e+000 -2.22765663e+000
 -1.63877843e+000 -1.64145384e+000 -1.64668029e+000
 -1.81348841e+000 -1.81473112e+000 -1.81473235e+000
 7.51784806e+000 7.51784548e+000 7.51784054e+000
 7.77180259e-001 7.74324470e-001 7.70289543e-001
 3.06581213e+000 3.06441971e+000 3.06404392e+000
 -2.85974290e+000 -2.85988546e+000 -2.85988285e+000
 -3.63043283e+000 -3.63043575e+000 -3.63043795e+000
 2.44259000e+000 2.44247774e+000 2.44247779e+000
 1.50861942e+000 1.50860974e+000 1.50858636e+000
 1.34147871e+000 1.34141515e+000 1.34134712e+000
 -9.90757388e-003 -1.02817227e-002 -1.08836388e-002
