  1.9718e+000 -1.5612e+000 -8.7192e+000 -4.2186e+000  3.6544e-002
 -1.4504e+000 -6.0569e+000 -4.9059e+000 -1.1355e+000 -1.6585e+000
 -1.9373e+000 -5.8190e+000  3.3150e+000 -1.5393e+000 -3.2255e+000
 -3.7083e-001
  1.4661e+000
 2.50582564e+000 2.50561104e+000  2.50539503e+000 4.89280889e+000 4.89280603e+000  4.89280310e+000 4.14508984e+000 4.14508984e+000  4.14508983e+000 -1.53164176e+000 -1.53164208e+000  -1.53164239e+000 1.17800291e+000 1.17800470e+000  1.17800656e+000
 -4.34616447e-001 -4.34665150e-001  -4.34717457e-001 4.52668260e+000 4.52668260e+000  4.52668260e+000 -6.49658108e-001 -6.49664168e-001  -6.49669676e-001 1.04988068e+001 1.04987665e+001  1.04987258e+001 3.95338590e+000 3.95379518e+000  3.95420421e+000
 -4.41778248e-001 -4.42478492e-001  -4.43181856e-001 5.39024771e+000 5.39024772e+000  5.39024774e+000 2.05641326e+000 2.05640080e+000  2.05638807e+000 2.07793278e+000 2.07794863e+000  2.07796397e+000 -3.06939986e-001 -3.06885703e-001  -3.06834788e-001
 -2.13136197e-002 -2.13424981e-002  -2.13714032e-002
 -3.58901644e-001 -3.58901644e-001  -3.58901644e-001 -6.02218511e+000 -6.02218511e+000  -6.02218511e+000 -3.62231632e+000 -3.62231632e+000  -3.62231632e+000 1.82208705e-001 1.82208705e-001  1.82208705e-001 -2.45444216e+000 -2.45444216e+000  -2.45444216e+000
 -4.59485056e+000 -4.59485056e+000  -4.59485056e+000 -6.86111418e+000 -6.86111418e+000  -6.86111418e+000 2.64916474e+000 2.64916474e+000  2.64916474e+000 -7.02686344e+000 -7.02686344e+000  -7.02686344e+000 1.89414145e+000 1.89414145e+000  1.89414145e+000
 -4.34399890e+000 -4.34399890e+000  -4.34399890e+000 -1.27656861e+001 -1.27656861e+001  -1.27656861e+001 2.51988394e+000 2.51988394e+000  2.51988394e+000 -9.46441598e+000 -9.46441598e+000  -9.46441598e+000 2.29942655e-001 2.29942655e-001  2.29942655e-001
 -5.47599431e-001 -5.47599431e-001  -5.47599431e-001
 -8.52623252e+000 -8.52623252e+000  -8.52623252e+000 3.21662371e+000 3.21662371e+000  3.21662371e+000 2.45181575e-001 2.45181575e-001  2.45181575e-001 -1.55667243e+000 -1.55667243e+000  -1.55667243e+000 1.16340703e+000 1.16340551e+000  1.16340170e+000
 8.32611673e-001 8.32611673e-001  8.32611673e-001 -4.10021640e+000 -4.10021640e+000  -4.10021640e+000 -5.16930307e+000 -5.16930307e+000  -5.16930307e+000 -2.03135830e+000 -2.03135829e+000  -2.03135828e+000 -1.22665049e+001 -1.22665049e+001  -1.22665049e+001
 1.72698052e+000 1.72698264e+000  1.72698794e+000 2.34031148e-001 2.34031113e-001  2.34031024e-001 -2.10765716e+000 -2.10765714e+000  -2.10765707e+000 1.71295395e+000 1.71295395e+000  1.71295395e+000 -3.59379094e+000 -3.59379094e+000  -3.59379094e+000
 1.50956922e-001 1.50957030e-001  1.50957301e-001
 1.48827092e+001 1.48827092e+001  1.48827092e+001 -8.54825065e+000 -8.54825065e+000  -8.54825065e+000 -1.71114011e+001 -1.71114011e+001  -1.71114011e+001 -8.52881035e-001 -8.52881035e-001  -8.52881035e-001 6.38782758e-002 6.38782758e-002  6.38782758e-002
 -2.00333238e+000 -2.00333238e+000  -2.00333238e+000 -7.45997910e+000 -7.45997910e+000  -7.45997910e+000 -1.63330490e+000 -1.63330490e+000  -1.63330490e+000 -2.58268930e+000 -2.58268930e+000  -2.58268930e+000 -3.48760949e+000 -3.48760949e+000  -3.48760949e+000
 -2.43725771e+000 -2.43725771e+000  -2.43725771e+000 -3.69051309e+000 -3.69051309e+000  -3.69051309e+000 -7.71722616e+000 -7.71722616e+000  -7.71722616e+000 1.07010294e+000 1.07010294e+000  1.07010294e+000 3.59488556e-001 3.59488556e-001  3.59488556e-001
 -2.10733168e-001 -2.10733168e-001  -2.10733168e-001
 -5.47734978e+000 -5.47734978e+000  -5.47734978e+000 4.14213597e+000 4.14213597e+000  4.14213597e+000 4.86789733e+000 4.86789733e+000  4.86789733e+000 -2.34213579e+000 -2.34213579e+000  -2.34213579e+000 -8.19189990e-002 -8.19189990e-002  -8.19189990e-002
 3.34221297e+000 3.34221297e+000  3.34221297e+000 6.28527336e+000 6.28527336e+000  6.28527336e+000 -1.86461157e+000 -1.86461157e+000  -1.86461157e+000 -5.74608253e-001 -5.74608253e-001  -5.74608253e-001 7.12212688e+000 7.12212688e+000  7.12212688e+000
 2.75464039e+000 2.75464039e+000  2.75464039e+000 3.64084503e+000 3.64084503e+000  3.64084503e+000 9.32296325e+000 9.32296325e+000  9.32296325e+000 1.38639658e+000 1.38639658e+000  1.38639658e+000 -6.45993293e-001 -6.45993293e-001  -6.45993293e-001
 1.06268788e-002 1.06268788e-002  1.06268788e-002
 -6.37510800e+000 -6.37532259e+000  -6.37553860e+000 2.15627044e+000 2.15626758e+000  2.15626465e+000 -1.14195870e-002 -1.14195886e-002  -1.14195903e-002 1.66022296e+000 1.66022265e+000  1.66022234e+000 -8.82934962e+000 -8.82934784e+000  -8.82934597e+000
 3.95968572e+000 3.95963702e+000  3.95958471e+000 -5.88388201e+000 -5.88388201e+000  -5.88388201e+000 2.20416694e+000 2.20416088e+000  2.20415537e+000 -6.02155667e-001 -6.02195947e-001  -6.02236621e-001 1.05858763e+000 1.05899691e+000  1.05940594e+000
 -1.61438898e+000 -1.61508923e+000  -1.61579259e+000 1.24527359e+001 1.24527359e+001  1.24527359e+001 -9.49909521e+000 -9.49910767e+000  -9.49912040e+000 8.47036771e+000 8.47038356e+000  8.47039890e+000 2.02256563e+000 2.02261991e+000  2.02267083e+000
 -5.74760094e-001 -5.74788973e-001  -5.74817878e-001
 5.62585871e+000 5.62585871e+000  5.62585871e+000 -7.06404788e+000 -7.06404788e+000  -7.06404788e+000 6.64765897e-001 6.64765897e-001  6.64765897e-001 -2.94244474e+000 -2.94244474e+000  -2.94244474e+000 -3.52301559e+000 -3.52301559e+000  -3.52301559e+000
 8.70042632e-001 8.70042632e-001  8.70042632e-001 -1.71177736e+000 -1.71177736e+000  -1.71177736e+000 -2.01605944e+000 -2.01605944e+000  -2.01605944e+000 4.35374108e+000 4.35374108e+000  4.35374108e+000 1.18130100e+000 1.18130100e+000  1.18130100e+000
 8.10972232e-001 8.10972232e-001  8.10972232e-001 -1.05611414e+001 -1.05611414e+001  -1.05611414e+001 1.53809927e+000 1.53809927e+000  1.53809927e+000 -2.32555114e+000 -2.32555114e+000  -2.32555114e+000 -1.72495591e+000 -1.72495591e+000  -1.72495591e+000
 4.40386816e-002 4.40386816e-002  4.40386816e-002
 9.86528877e+000 9.86528877e+000  9.86528877e+000 -3.98541749e+000 -3.98541749e+000  -3.98541749e+000 -3.16004204e-001 -3.16004204e-001  -3.16004204e-001 -2.16585532e+000 -2.16585532e+000  -2.16585532e+000 -5.50592330e+000 -5.50592330e+000  -5.50592330e+000
 -1.80088523e+000 -1.80088523e+000  -1.80088523e+000 -3.65037583e+000 -3.65037583e+000  -3.65037583e+000 3.57199359e+000 3.57199359e+000  3.57199359e+000 1.93359595e+000 1.93359595e+000  1.93359595e+000 5.03519340e+000 5.03519340e+000  5.03519340e+000
 -1.97781324e+000 -1.97781324e+000  -1.97781324e+000 -7.40400726e+000 -7.40400726e+000  -7.40400726e+000 6.87876397e+000 6.87876397e+000  6.87876397e+000 5.33247025e+000 5.33247025e+000  5.33247025e+000 -7.87660211e-002 -7.87660211e-002  -7.87660211e-002
 3.41128815e-002 3.41128815e-002  3.41128815e-002
 -3.24691694e+000 -3.24691694e+000  -3.24691694e+000 7.00599214e+000 7.00599214e+000  7.00599214e+000 1.32233473e+000 1.32233473e+000  1.32233473e+000 -4.23071155e+000 -4.23071155e+000  -4.23071155e+000 6.53308494e+000 6.53308494e+000  6.53308494e+000
 2.41640968e+000 2.41640968e+000  2.41640968e+000 -1.64933828e+000 -1.64933828e+000  -1.64933828e+000 -5.74077306e-001 -5.74077306e-001  -5.74077306e-001 -2.64651925e+000 -2.64651925e+000  -2.64651925e+000 -3.17456691e+000 -3.17456691e+000  -3.17456691e+000
 1.29156373e-001 1.29156373e-001  1.29156373e-001 6.14876693e+000 6.14876693e+000  6.14876693e+000 1.20917859e+001 1.20917859e+001  1.20917859e+001 2.89252382e+000 2.89252382e+000  2.89252382e+000 -1.31557664e+000 -1.31557664e+000  -1.31557664e+000
 9.03998290e-003 9.03998290e-003  9.03998290e-003
 5.35057694e-001 5.35057694e-001  5.35057694e-001 -9.30243075e+000 -9.30243075e+000  -9.30243075e+000 -1.93083506e+000 -1.93083506e+000  -1.93083506e+000 -2.06248449e+000 -2.06248449e+000  -2.06248449e+000 6.15912099e+000 6.15912099e+000  6.15912099e+000
 -2.80267064e+000 -2.80267064e+000  -2.80267064e+000 -2.93226323e+000 -2.93226323e+000  -2.93226323e+000 -7.51491491e+000 -7.51491491e+000  -7.51491491e+000 5.50230965e+000 5.50230965e+000  5.50230965e+000 -5.74753497e+000 -5.74753497e+000  -5.74753497e+000
 -4.37105077e-001 -4.37105077e-001  -4.37105077e-001 -9.55799990e+000 -9.55799990e+000  -9.55799990e+000 4.17767439e+000 4.17767439e+000  4.17767439e+000 -2.49061391e+000 -2.49061391e+000  -2.49061391e+000 -2.02454266e+000 -2.02454266e+000  -2.02454266e+000
 -9.84848307e-002 -9.84848307e-002  -9.84848307e-002
 -4.37835559e+000 -4.37835559e+000  -4.37835559e+000 7.93533959e+000 7.93533959e+000  7.93533959e+000 -1.82908526e+001 -1.82908526e+001  -1.82908526e+001 9.46694550e-002 9.46694567e-002  9.46694609e-002 6.32376160e+000 6.32376008e+000  6.32375627e+000
 2.66673102e+000 2.66673102e+000  2.66673102e+000 -1.75308721e-002 -1.75308721e-002  -1.75308721e-002 -2.97740136e+000 -2.97740136e+000  -2.97740136e+000 -3.66682416e+000 -3.66682416e+000  -3.66682415e+000 -1.46086974e+000 -1.46086974e+000  -1.46086974e+000
 5.36727181e-001 5.36729301e-001  5.36734601e-001 -3.54458091e+000 -3.54458094e+000  -3.54458103e+000 -2.35965557e+000 -2.35965555e+000  -2.35965548e+000 -7.36728797e+000 -7.36728797e+000  -7.36728797e+000 -2.74397827e+000 -2.74397827e+000  -2.74397827e+000
 -1.57877546e-001 -1.57877438e-001  -1.57877168e-001
 1.31001090e+000 1.31001090e+000  1.31001090e+000 1.31563709e+000 1.31563709e+000  1.31563709e+000 7.53709817e+000 7.53709817e+000  7.53709817e+000 4.06654297e+000 4.06654297e+000  4.06654297e+000 -6.97264703e-001 -6.97264703e-001  -6.97264703e-001
 -7.50537505e+000 -7.50537505e+000  -7.50537505e+000 8.96815238e+000 8.96815238e+000  8.96815238e+000 1.44134374e+000 1.44134374e+000  1.44134374e+000 -5.71767031e+000 -5.71767031e+000  -5.71767031e+000 1.26704487e+000 1.26704487e+000  1.26704487e+000
 8.25078634e-001 8.25078634e-001  8.25078634e-001 6.35961807e+000 6.35961807e+000  6.35961807e+000 -7.59830325e+000 -7.59830325e+000  -7.59830325e+000 -6.50362051e+000 -6.50362051e+000  -6.50362051e+000 1.90796086e+000 1.90796086e+000  1.90796086e+000
 1.25868508e-001 1.25868508e-001  1.25868508e-001
 -1.55455178e+000 -1.55455178e+000  -1.55455178e+000 -3.99958912e+000 -3.99958912e+000  -3.99958912e+000 3.60767915e-001 3.60767915e-001  3.60767915e-001 1.49343612e-001 1.49343612e-001  1.49343612e-001 -1.02680898e+000 -1.02680898e+000  -1.02680898e+000
 -5.87677579e+000 -5.87677579e+000  -5.87677579e+000 -9.42427049e-001 -9.42427049e-001  -9.42427049e-001 3.65165016e+000 3.65165016e+000  3.65165016e+000 -3.60485559e-001 -3.60485559e-001  -3.60485559e-001 -2.51981343e+000 -2.51981343e+000  -2.51981343e+000
 1.31217741e+000 1.31217741e+000  1.31217741e+000 1.45268791e+000 1.45268791e+000  1.45268791e+000 -1.55671954e+001 -1.55671954e+001  -1.55671954e+001 5.50562485e+000 5.50562485e+000  5.50562485e+000 2.79535754e+000 2.79535754e+000  2.79535754e+000
 -2.44169306e-003 -2.44169306e-003  -2.44169306e-003
 -1.66888958e+000 -1.66888958e+000  -1.66888958e+000 -3.15630134e+000 -3.15630134e+000  -3.15630134e+000 1.79170729e+000 1.79170729e+000  1.79170729e+000 5.07180825e-001 5.07180827e-001  5.07180831e-001 -6.99921072e+000 -6.99921224e+000  -6.99921605e+000
 2.68387189e+000 2.68387189e+000  2.68387189e+000 -2.10999784e+000 -2.10999784e+000  -2.10999784e+000 -1.35784774e+000 -1.35784774e+000  -1.35784774e+000 -6.43288829e-001 -6.43288826e-001  -6.43288817e-001 -2.27729231e+000 -2.27729231e+000  -2.27729231e+000
 -2.98620640e+000 -2.98620428e+000  -2.98619898e+000 -1.37553231e+000 -1.37553234e+000  -1.37553243e+000 -2.13614832e+000 -2.13614829e+000  -2.13614823e+000 -7.13931114e+000 -7.13931114e+000  -7.13931114e+000 -1.04145748e+000 -1.04145748e+000  -1.04145748e+000
 -5.68270049e-001 -5.68269941e-001  -5.68269670e-001
 9.39085920e-001 9.38871329e-001  9.38655315e-001 1.17175032e+000 1.17174746e+000  1.17174453e+000 -6.64681339e+000 -6.64681339e+000  -6.64681339e+000 -2.19516530e+000 -2.19516561e+000  -2.19516592e+000 2.46935827e+000 2.46936005e+000  2.46936192e+000
 -1.92882288e-001 -1.92930990e-001  -1.92983297e-001 -3.24022119e+000 -3.24022119e+000  -3.24022119e+000 -6.16555088e+000 -6.16555694e+000  -6.16556245e+000 -4.62926932e+000 -4.62930960e+000  -4.62935028e+000 -3.29133137e+000 -3.29092209e+000  -3.29051306e+000
 5.64570023e+000 5.64499998e+000  5.64429662e+000 -1.06504163e+001 -1.06504163e+001  -1.06504163e+001 -1.23080784e+000 -1.23082030e+000  -1.23083303e+000 -9.42744434e+000 -9.42742849e+000  -9.42741315e+000 -2.15494575e+000 -2.15489147e+000  -2.15484055e+000
 -2.46674862e-002 -2.46963646e-002  -2.47252697e-002
 4.19206930e+000 4.19206930e+000  4.19206930e+000 1.67056334e-001 1.67056334e-001  1.67056334e-001 -6.05391232e+000 -6.05391232e+000  -6.05391232e+000 -3.78144990e+000 -3.78144990e+000  -3.78144990e+000 5.09562517e+000 5.09562517e+000  5.09562517e+000
 -4.58696097e+000 -4.58696097e+000  -4.58696097e+000 -1.43197360e+000 -1.43197360e+000  -1.43197360e+000 1.74800451e+000 1.74800451e+000  1.74800451e+000 4.51332218e+000 4.51332218e+000  4.51332218e+000 3.80679777e+000 3.80679777e+000  3.80679777e+000
 -4.31311581e+000 -4.31311581e+000  -4.31311581e+000 5.98782299e+000 5.98782299e+000  5.98782299e+000 8.65944070e+000 8.65944070e+000  8.65944070e+000 1.46329909e+001 1.46329909e+001  1.46329909e+001 -7.60889775e-001 -7.60889775e-001  -7.60889775e-001
 -2.51248822e-002 -2.51248822e-002  -2.51248822e-002
 3.22283312e+000 3.22283198e+000  3.22283084e+000 2.67339621e+001 2.67339621e+001  2.67339621e+001 2.64308542e+001 2.64308542e+001  2.64308542e+001 -2.64545134e+000 -2.64545135e+000  -2.64545135e+000 1.15669115e+001 1.15669110e+001  1.15669099e+001
 -3.95681574e+001 -3.95681577e+001  -3.95681580e+001 -4.94747385e+000 -4.94747385e+000  -4.94747385e+000 -1.38888091e+001 -1.38888092e+001  -1.38888092e+001 3.54501182e+000 3.54501161e+000  3.54501140e+000 1.52205426e+001 1.52205448e+001  1.52205469e+001
 1.56900726e+001 1.56900696e+001  1.56900674e+001 1.53551097e+001 1.53551097e+001  1.53551097e+001 -8.68364430e+000 -8.68364436e+000  -8.68364441e+000 -1.80460535e+001 -1.80460534e+001  -1.80460533e+001 -4.27324077e+000 -4.27324048e+000  -4.27324021e+000
 -1.06583190e-001 -1.06583311e-001  -1.06583383e-001
 -3.32024087e+000 -3.32032063e+000  -3.32040172e+000 -1.03328930e+000 -1.03329037e+000  -1.03329147e+000 2.95925199e+000 2.95925198e+000  2.95925198e+000 -6.80019790e-001 -6.80019906e-001  -6.80020020e-001 1.65537810e-001 1.65537815e-001  1.65536870e-001
 1.95028261e+000 1.95026438e+000  1.95024446e+000 6.10390109e+000 6.10390109e+000  6.10390109e+000 -1.09214885e+000 -1.09215109e+000  -1.09215314e+000 2.12915319e+000 2.12913821e+000  2.12912293e+000 -2.35156907e-001 -2.35004597e-001  -2.34850588e-001
 -6.15569065e-002 -6.18166323e-002  -6.20792713e-002 -1.45763618e+000 -1.45763619e+000  -1.45763622e+000 1.55468954e-001 1.55464321e-001  1.55459545e-001 1.37867259e+001 1.37867317e+001  1.37867374e+001 -4.47659790e+000 -4.47657781e+000  -4.47655890e+000
 -3.56377328e-001 -3.56388027e-001  -3.56398790e-001
 -1.37071620e+000 -1.37086082e+000  -1.37100466e+000 2.67573764e-001 2.67571840e-001  2.67569897e-001 -2.42844505e+000 -2.42844505e+000  -2.42844505e+000 -1.21551767e+000 -1.21551788e+000  -1.21551808e+000 -2.63584643e+000 -2.63584631e+000  -2.63584777e+000
 -4.01002123e+000 -4.01005397e+000  -4.01008864e+000 -4.13771788e+000 -4.13771788e+000  -4.13771788e+000 4.02795680e+000 4.02795271e+000  4.02794903e+000 -5.88406406e-001 -5.88433547e-001  -5.88460616e-001 -2.93260421e-001 -2.92984647e-001  -2.92712463e-001
 -5.24659681e-001 -5.25129964e-001  -5.25594186e-001 8.92505410e+000 8.92505409e+000  8.92505404e+000 -1.68666782e+000 -1.68667620e+000  -1.68668461e+000 -8.82873702e-001 -8.82862992e-001  -8.82852714e-001 2.52623631e+000 2.52627296e+000  2.52630697e+000
 -2.98260891e-001 -2.98280273e-001  -2.98299317e-001
 -1.50598949e+000 -1.50611006e+000  -1.50622944e+000 1.76958283e+000 1.76958123e+000  1.76957962e+000 -2.47381279e+000 -2.47381279e+000  -2.47381279e+000 2.43833901e+000 2.43833884e+000  2.43833867e+000 -2.36540724e+000 -2.36540715e+000  -2.36540842e+000
 -3.46444194e+000 -3.46446920e+000  -3.46449792e+000 -4.09804034e+000 -4.09804034e+000  -4.09804034e+000 6.71513386e+000 6.71513044e+000  6.71512739e+000 2.70987899e+000 2.70985637e+000  2.70983390e+000 4.89059190e-001 4.89289090e-001  4.89514937e-001
 1.08837160e+000 1.08797958e+000  1.08759448e+000 1.26547327e+001 1.26547327e+001  1.26547327e+001 -7.50676047e-001 -7.50683026e-001  -7.50690003e-001 -7.42042105e-001 -7.42033168e-001  -7.42024619e-001 4.17149333e+000 4.17152390e+000  4.17155216e+000
 -2.60794327e-001 -2.60810484e-001  -2.60826283e-001
 1.93848960e-001 1.93848960e-001  1.93848960e-001 -1.78884576e+000 -1.78884576e+000  -1.78884576e+000 -5.11592155e+000 -5.11592155e+000  -5.11592155e+000 3.31195867e+000 3.31195867e+000  3.31195867e+000 -5.07895562e-001 -5.07895562e-001  -5.07895562e-001
 -2.17716661e+000 -2.17716661e+000  -2.17716661e+000 -4.93332510e+000 -4.93332510e+000  -4.93332510e+000 -5.74216720e-001 -5.74216720e-001  -5.74216720e-001 1.61166683e+000 1.61166683e+000  1.61166683e+000 -1.22135682e+000 -1.22135682e+000  -1.22135682e+000
 -3.21967244e-001 -3.21967244e-001  -3.21967244e-001 1.37136113e-001 1.37136113e-001  1.37136113e-001 4.04462829e-001 4.04462829e-001  4.04462829e-001 -5.39926192e+000 -5.39926192e+000  -5.39926192e+000 3.46253702e+000 3.46253702e+000  3.46253702e+000
 -5.78123731e-002 -5.78123731e-002  -5.78123731e-002
 -1.18384819e+000 -1.18384819e+000  -1.18384819e+000 2.54347293e+000 2.54347293e+000  2.54347293e+000 -1.94029034e+000 -1.94029034e+000  -1.94029034e+000 -7.65043391e-001 -7.65043391e-001  -7.65043391e-001 -9.16412520e-001 -9.16412520e-001  -9.16412520e-001
 1.17581954e+000 1.17581954e+000  1.17581954e+000 7.03191271e-001 7.03191271e-001  7.03191271e-001 -9.73251704e-001 -9.73251704e-001  -9.73251704e-001 2.60319775e+000 2.60319775e+000  2.60319775e+000 -1.69946331e+000 -1.69946331e+000  -1.69946331e+000
 -5.50371069e-001 -5.50371069e-001  -5.50371069e-001 -1.91348379e+000 -1.91348379e+000  -1.91348379e+000 8.76707834e-001 8.76707834e-001  8.76707834e-001 2.13915897e+000 2.13915897e+000  2.13915897e+000 -3.91271977e+000 -3.91271977e+000  -3.91271977e+000
 -6.42042211e-002 -6.42042211e-002  -6.42042211e-002
 1.99252509e+000 1.99252509e+000  1.99252509e+000 -1.58959781e+000 -1.58959781e+000  -1.58959781e+000 -2.15282961e+000 -2.15282961e+000  -2.15282961e+000 -5.52971893e+000 -5.52971893e+000  -5.52971893e+000 7.53582543e-001 7.53582543e-001  7.53582543e-001
 -8.03633378e-001 -8.03633378e-001  -8.03633378e-001 -1.57231406e+000 -1.57231406e+000  -1.57231406e+000 -2.35115872e+000 -2.35115872e+000  -2.35115872e+000 -2.68519628e+000 -2.68519628e+000  -2.68519628e+000 1.12851518e-001 1.12851518e-001  1.12851518e-001
 -6.80275236e-001 -6.80275236e-001  -6.80275236e-001 -2.30035361e+000 -2.30035361e+000  -2.30035361e+000 1.53501098e+000 1.53501098e+000  1.53501098e+000 3.40243927e-001 3.40243927e-001  3.40243927e-001 -1.80449537e+000 -1.80449537e+000  -1.80449537e+000
 -2.20961685e-001 -2.20961685e-001  -2.20961685e-001
 2.11541615e+000 2.11520156e+000  2.11498554e+000 -1.35416754e+000 -1.35417040e+000  -1.35417333e+000 -2.09894025e+000 -2.09894025e+000  -2.09894025e+000 -2.91291390e+000 -2.91291422e+000  -2.91291452e+000 7.82895232e-001 7.82895492e-001  7.82893550e-001
 -7.71913804e-001 -7.71962506e-001  -7.72014813e-001 -1.48798748e+000 -1.48798748e+000  -1.48798748e+000 -2.41232954e+000 -2.41233559e+000  -2.41234110e+000 -2.85178670e+000 -2.85182698e+000  -2.85186764e+000 4.55940425e-001 4.56349702e-001  4.56758735e-001
 -7.18530562e-001 -7.19228686e-001  -7.19926749e-001 -2.60626633e+000 -2.60626636e+000  -2.60626643e+000 1.80414107e+000 1.80412864e+000  1.80411598e+000 2.86612746e-001 2.86628597e-001  2.86643945e-001 -1.70261489e+000 -1.70256061e+000  -1.70250969e+000
 -2.75084138e-001 -2.75112909e-001  -2.75141543e-001
 -2.51432916e+000 -2.51423013e+000 -2.51413027e+000
 -2.04265916e+000 -2.04194541e+000 -2.04123655e+000
 -8.12287557e+000 -8.12287557e+000 -8.12287557e+000
 -3.25376323e+000 -3.25376314e+000 -3.25376304e+000
 3.84004101e+000 3.84003922e+000 3.84003409e+000
 -1.52394615e+000 -1.52391258e+000 -1.52387635e+000
 7.60055075e+000 7.60055075e+000 7.60055076e+000
 -3.13896597e+000 -3.13896404e+000 -3.13896228e+000
 -1.51483980e+000 -1.51414959e+000 -1.51346044e+000
 2.48556092e+000 2.48602315e+000 2.48648473e+000
 -5.62141097e+000 -5.62085582e+000 -5.62030595e+000
 1.58520665e+000 1.58592181e+000 1.58663216e+000
 -2.88330816e+000 -2.88330383e+000 -2.88329941e+000
 1.09497168e+000 1.09567479e+000 1.09637760e+000
 1.67481568e+000 1.67484973e+000 1.67488160e+000
 -3.18565776e-001 -3.18459670e-001 -3.18353973e-001
