 Normalized SSE per output and pattern 
Itr 	 HN 	 MARE-tr 	 MARE-ts 	 R2tr 	 R2ts 	 SSENtr 	 SSENts	 SSENcomb
100 	 12 	       55.037 	       54.786 	   0.65972 	   0.66127 	    0.072160 	     0.071932 	     0.144092 
200 	 12 	       49.203 	       48.725 	   0.48813 	   0.48861 	    0.061884 	     0.061635 	     0.123519 
300 	 12 	       47.579 	       47.046 	   0.40498 	   0.40506 	    0.064443 	     0.064205 	     0.128649 
400 	 12 	       45.950 	       45.588 	   0.36468 	   0.36456 	    0.066963 	     0.066734 	     0.133697 
500 	 12 	       47.244 	       46.912 	   0.41124 	   0.41109 	    0.065678 	     0.065458 	     0.131136 
600 	 12 	       45.874 	       45.680 	   0.45350 	   0.45299 	    0.054015 	     0.053878 	     0.107893 
700 	 12 	       42.285 	       41.938 	   0.48342 	   0.48301 	    0.052218 	     0.052080 	     0.104298 
800 	 12 	       41.857 	       41.344 	   0.49383 	   0.49372 	    0.055170 	     0.054991 	     0.110162 
900 	 12 	       41.525 	       41.067 	   0.53121 	   0.53034 	    0.052373 	     0.052255 	     0.104628 
1000 	 12 	       38.140 	       37.588 	   0.57871 	   0.57805 	    0.042486 	     0.042379 	     0.084865 
1100 	 12 	       35.107 	       34.683 	   0.64491 	   0.64460 	    0.032814 	     0.032716 	     0.065530 
1200 	 12 	       34.989 	       34.583 	   0.67739 	   0.67736 	    0.029980 	     0.029866 	     0.059846 
1300 	 12 	       35.769 	       35.427 	   0.69270 	   0.69273 	    0.029004 	     0.028888 	     0.057892 
1400 	 12 	       36.272 	       36.009 	   0.69128 	   0.69125 	    0.029678 	     0.029569 	     0.059247 
1500 	 12 	       36.985 	       36.794 	   0.67098 	   0.67059 	    0.032835 	     0.032749 	     0.065584 
1600 	 12 	       36.498 	       36.333 	   0.66831 	   0.66782 	    0.032651 	     0.032576 	     0.065227 
1700 	 12 	       35.401 	       35.270 	   0.67933 	   0.67869 	    0.031329 	     0.031272 	     0.062601 
1800 	 12 	       35.297 	       35.258 	   0.69766 	   0.69707 	    0.030603 	     0.030550 	     0.061153 
1900 	 12 	       32.750 	       32.715 	   0.77767 	   0.77784 	    0.023981 	     0.023889 	     0.047871 
2000 	 12 	       30.731 	       30.664 	   0.81987 	   0.81986 	    0.018328 	     0.018258 	     0.036586 
2100 	 12 	       30.260 	       30.198 	   0.84058 	   0.84066 	    0.016892 	     0.016816 	     0.033708 
2200 	 12 	       30.316 	       30.251 	   0.84426 	   0.84433 	    0.017079 	     0.017002 	     0.034081 
2300 	 12 	       30.214 	       30.159 	   0.84554 	   0.84562 	    0.017364 	     0.017285 	     0.034648 
2400 	 12 	       29.980 	       29.922 	   0.84324 	   0.84331 	    0.017588 	     0.017512 	     0.035100 
2500 	 12 	       29.962 	       29.866 	   0.83780 	   0.83782 	    0.017961 	     0.017888 	     0.035849 
2600 	 12 	       30.325 	       30.223 	   0.83190 	   0.83189 	    0.018867 	     0.018795 	     0.037662 
2700 	 12 	       30.828 	       30.789 	   0.82486 	   0.82490 	    0.019936 	     0.019860 	     0.039796 
2800 	 12 	       30.816 	       30.773 	   0.81851 	   0.81863 	    0.019853 	     0.019773 	     0.039626 
2900 	 12 	       30.394 	       30.324 	   0.79614 	   0.79613 	    0.019995 	     0.019926 	     0.039921 
3000 	 12 	       29.126 	       29.062 	   0.82497 	   0.82490 	    0.016589 	     0.016533 	     0.033122 
3100 	 12 	       28.694 	       28.602 	   0.82641 	   0.82640 	    0.016224 	     0.016167 	     0.032390 
3200 	 12 	       28.643 	       28.525 	   0.82569 	   0.82565 	    0.016271 	     0.016218 	     0.032488 
3300 	 12 	       28.782 	       28.662 	   0.82438 	   0.82432 	    0.016644 	     0.016591 	     0.033234 
3400 	 12 	       28.819 	       28.708 	   0.82282 	   0.82277 	    0.016852 	     0.016796 	     0.033648 
3500 	 12 	       28.774 	       28.689 	   0.82158 	   0.82148 	    0.016841 	     0.016787 	     0.033628 
3600 	 12 	       28.684 	       28.631 	   0.81999 	   0.81971 	    0.017171 	     0.017129 	     0.034300 
3700 	 12 	       28.757 	       28.730 	   0.81569 	   0.81532 	    0.017791 	     0.017755 	     0.035546 
3800 	 12 	       28.796 	       28.794 	   0.81134 	   0.81091 	    0.018096 	     0.018064 	     0.036160 
3900 	 12 	       28.532 	       28.571 	   0.80592 	   0.80543 	    0.018061 	     0.018032 	     0.036093 
4000 	 12 	       27.420 	       27.526 	   0.82023 	   0.81974 	    0.015996 	     0.015972 	     0.031968 
4100 	 12 	       27.496 	       27.608 	   0.82206 	   0.82161 	    0.016505 	     0.016475 	     0.032980 
4200 	 12 	       27.638 	       27.746 	   0.82048 	   0.82001 	    0.017019 	     0.016988 	     0.034008 
4300 	 12 	       27.619 	       27.726 	   0.81961 	   0.81911 	    0.017178 	     0.017147 	     0.034325 
4400 	 12 	       27.540 	       27.653 	   0.81945 	   0.81892 	    0.017174 	     0.017144 	     0.034318 
4500 	 12 	       27.478 	       27.596 	   0.81948 	   0.81893 	    0.017174 	     0.017145 	     0.034319 
4600 	 12 	       27.438 	       27.558 	   0.81948 	   0.81890 	    0.017208 	     0.017180 	     0.034388 
4700 	 12 	       27.421 	       27.538 	   0.81952 	   0.81893 	    0.017238 	     0.017211 	     0.034448 
4800 	 12 	       27.385 	       27.497 	   0.81976 	   0.81917 	    0.017223 	     0.017197 	     0.034420 
4900 	 12 	       27.312 	       27.420 	   0.82010 	   0.81950 	    0.017170 	     0.017144 	     0.034314 
5000 	 12 	       26.528 	       26.635 	   0.83054 	   0.82993 	    0.015714 	     0.015694 	     0.031407 
5100 	 12 	       26.499 	       26.601 	   0.83214 	   0.83156 	    0.015799 	     0.015777 	     0.031577 
5200 	 12 	       26.480 	       26.579 	   0.83199 	   0.83140 	    0.015824 	     0.015803 	     0.031628 
5300 	 12 	       26.442 	       26.541 	   0.83188 	   0.83127 	    0.015793 	     0.015773 	     0.031566 
5400 	 12 	       26.412 	       26.510 	   0.83178 	   0.83115 	    0.015757 	     0.015738 	     0.031496 
5500 	 12 	       26.389 	       26.487 	   0.83165 	   0.83102 	    0.015726 	     0.015709 	     0.031435 
5600 	 12 	       26.371 	       26.468 	   0.83151 	   0.83086 	    0.015699 	     0.015682 	     0.031380 
5700 	 12 	       26.353 	       26.452 	   0.83136 	   0.83071 	    0.015670 	     0.015654 	     0.031323 
5800 	 12 	       26.337 	       26.435 	   0.83123 	   0.83057 	    0.015637 	     0.015622 	     0.031259 
5900 	 12 	       26.319 	       26.417 	   0.83113 	   0.83046 	    0.015599 	     0.015585 	     0.031184 
6000 	 12 	       25.746 	       25.852 	   0.83918 	   0.83851 	    0.014482 	     0.014472 	     0.028954 
6100 	 12 	       25.720 	       25.827 	   0.84124 	   0.84060 	    0.014438 	     0.014427 	     0.028865 
6200 	 12 	       25.711 	       25.817 	   0.84128 	   0.84064 	    0.014420 	     0.014409 	     0.028830 
6300 	 12 	       25.697 	       25.803 	   0.84133 	   0.84068 	    0.014384 	     0.014373 	     0.028757 
6400 	 12 	       25.681 	       25.787 	   0.84143 	   0.84077 	    0.014342 	     0.014332 	     0.028674 
6500 	 12 	       25.663 	       25.769 	   0.84155 	   0.84089 	    0.014299 	     0.014290 	     0.028589 
6600 	 12 	       25.642 	       25.748 	   0.84167 	   0.84101 	    0.014257 	     0.014248 	     0.028506 
6700 	 12 	       25.620 	       25.726 	   0.84178 	   0.84112 	    0.014217 	     0.014209 	     0.028426 
6800 	 12 	       25.597 	       25.702 	   0.84188 	   0.84121 	    0.014179 	     0.014171 	     0.028350 
6900 	 12 	       25.573 	       25.678 	   0.84195 	   0.84128 	    0.014143 	     0.014135 	     0.028278 
7000 	 12 	       25.142 	       25.252 	   0.84842 	   0.84775 	    0.013305 	     0.013300 	     0.026606 
7100 	 12 	       25.092 	       25.198 	   0.85063 	   0.84999 	    0.013207 	     0.013201 	     0.026408 
7200 	 12 	       25.071 	       25.176 	   0.85093 	   0.85030 	    0.013170 	     0.013164 	     0.026334 
7300 	 12 	       25.051 	       25.154 	   0.85117 	   0.85053 	    0.013124 	     0.013118 	     0.026242 
7400 	 12 	       25.032 	       25.134 	   0.85143 	   0.85078 	    0.013075 	     0.013069 	     0.026144 
7500 	 12 	       25.013 	       25.115 	   0.85170 	   0.85105 	    0.013026 	     0.013021 	     0.026047 
7600 	 12 	       24.995 	       25.096 	   0.85197 	   0.85132 	    0.012980 	     0.012975 	     0.025955 
7700 	 12 	       24.980 	       25.079 	   0.85222 	   0.85157 	    0.012939 	     0.012934 	     0.025873 
7800 	 12 	       24.967 	       25.065 	   0.85245 	   0.85179 	    0.012904 	     0.012900 	     0.025803 
7900 	 12 	       24.955 	       25.053 	   0.85263 	   0.85197 	    0.012875 	     0.012871 	     0.025746 
8000 	 12 	       24.637 	       24.740 	   0.85793 	   0.85728 	    0.012259 	     0.012257 	     0.024516 
8100 	 12 	       24.579 	       24.681 	   0.86010 	   0.85948 	    0.012151 	     0.012147 	     0.024298 
8200 	 12 	       24.557 	       24.655 	   0.86069 	   0.86007 	    0.012112 	     0.012108 	     0.024220 
8300 	 12 	       24.536 	       24.632 	   0.86113 	   0.86051 	    0.012072 	     0.012069 	     0.024140 
8400 	 12 	       24.520 	       24.613 	   0.86151 	   0.86089 	    0.012034 	     0.012031 	     0.024065 
8500 	 12 	       24.505 	       24.596 	   0.86185 	   0.86123 	    0.011997 	     0.011994 	     0.023992 
8600 	 12 	       24.491 	       24.581 	   0.86217 	   0.86155 	    0.011961 	     0.011959 	     0.023920 
8700 	 12 	       24.477 	       24.566 	   0.86250 	   0.86187 	    0.011925 	     0.011923 	     0.023848 
8800 	 12 	       24.463 	       24.551 	   0.86282 	   0.86219 	    0.011888 	     0.011887 	     0.023775 
8900 	 12 	       24.449 	       24.536 	   0.86316 	   0.86252 	    0.011851 	     0.011850 	     0.023701 
9000 	 12 	       24.201 	       24.292 	   0.86767 	   0.86704 	    0.011376 	     0.011377 	     0.022753 
9100 	 12 	       24.109 	       24.195 	   0.87005 	   0.86945 	    0.011204 	     0.011203 	     0.022407 
9200 	 12 	       24.064 	       24.147 	   0.87106 	   0.87047 	    0.011119 	     0.011118 	     0.022236 
9300 	 12 	       24.024 	       24.104 	   0.87195 	   0.87137 	    0.011042 	     0.011041 	     0.022084 
9400 	 12 	       23.988 	       24.067 	   0.87275 	   0.87218 	    0.010975 	     0.010974 	     0.021949 
9500 	 12 	       23.958 	       24.035 	   0.87348 	   0.87291 	    0.010914 	     0.010913 	     0.021828 
9600 	 12 	       23.931 	       24.007 	   0.87414 	   0.87357 	    0.010859 	     0.010858 	     0.021717 
9700 	 12 	       23.905 	       23.980 	   0.87474 	   0.87417 	    0.010808 	     0.010808 	     0.021616 
9800 	 12 	       23.880 	       23.954 	   0.87527 	   0.87471 	    0.010762 	     0.010761 	     0.021522 
9900 	 12 	       23.856 	       23.929 	   0.87575 	   0.87520 	    0.010718 	     0.010717 	     0.021435 
10000 	 12 	       23.653 	       23.728 	   0.87954 	   0.87899 	    0.010349 	     0.010350 	     0.020698 
10100 	 12 	       23.572 	       23.640 	   0.88143 	   0.88092 	    0.010199 	     0.010198 	     0.020397 
10200 	 12 	       23.543 	       23.608 	   0.88202 	   0.88152 	    0.010140 	     0.010139 	     0.020279 
10300 	 12 	       23.525 	       23.587 	   0.88239 	   0.88189 	    0.010102 	     0.010100 	     0.020202 
10400 	 12 	       23.512 	       23.572 	   0.88261 	   0.88213 	    0.010076 	     0.010074 	     0.020149 
10500 	 12 	       23.502 	       23.562 	   0.88276 	   0.88228 	    0.010057 	     0.010054 	     0.020111 
10600 	 12 	       23.494 	       23.555 	   0.88284 	   0.88237 	    0.010042 	     0.010039 	     0.020081 
10700 	 12 	       23.487 	       23.548 	   0.88290 	   0.88242 	    0.010030 	     0.010027 	     0.020056 
10800 	 12 	       23.483 	       23.543 	   0.88292 	   0.88245 	    0.010019 	     0.010016 	     0.020035 
10900 	 12 	       23.479 	       23.540 	   0.88294 	   0.88247 	    0.010010 	     0.010007 	     0.020016 
11000 	 12 	       23.334 	       23.400 	   0.88567 	   0.88521 	    0.009757 	     0.009754 	     0.019511 
11100 	 12 	       23.314 	       23.375 	   0.88666 	   0.88623 	    0.009689 	     0.009685 	     0.019374 
11200 	 12 	       23.312 	       23.374 	   0.88678 	   0.88635 	    0.009672 	     0.009668 	     0.019339 
11300 	 12 	       23.314 	       23.376 	   0.88677 	   0.88634 	    0.009667 	     0.009663 	     0.019330 
11400 	 12 	       23.319 	       23.381 	   0.88671 	   0.88628 	    0.009669 	     0.009665 	     0.019334 
11500 	 12 	       23.326 	       23.388 	   0.88663 	   0.88621 	    0.009674 	     0.009670 	     0.019344 
11600 	 12 	       23.334 	       23.395 	   0.88655 	   0.88612 	    0.009681 	     0.009677 	     0.019358 
11700 	 12 	       23.342 	       23.402 	   0.88646 	   0.88604 	    0.009691 	     0.009686 	     0.019377 
11800 	 12 	       23.351 	       23.411 	   0.88636 	   0.88594 	    0.009703 	     0.009699 	     0.019402 
11900 	 12 	       23.363 	       23.421 	   0.88626 	   0.88584 	    0.009719 	     0.009714 	     0.019434 
12000 	 12 	       23.261 	       23.320 	   0.88835 	   0.88793 	    0.009555 	     0.009550 	     0.019105 
12100 	 12 	       23.276 	       23.333 	   0.88891 	   0.88853 	    0.009543 	     0.009537 	     0.019080 
12200 	 12 	       23.294 	       23.349 	   0.88886 	   0.88847 	    0.009562 	     0.009556 	     0.019119 
12300 	 12 	       23.317 	       23.371 	   0.88869 	   0.88830 	    0.009596 	     0.009589 	     0.019185 
12400 	 12 	       23.341 	       23.395 	   0.88846 	   0.88808 	    0.009637 	     0.009631 	     0.019267 
12500 	 12 	       23.366 	       23.418 	   0.88821 	   0.88783 	    0.009682 	     0.009675 	     0.019357 
12600 	 12 	       23.390 	       23.438 	   0.88798 	   0.88760 	    0.009725 	     0.009719 	     0.019444 
12700 	 12 	       23.411 	       23.455 	   0.88778 	   0.88740 	    0.009763 	     0.009758 	     0.019521 
12800 	 12 	       23.427 	       23.469 	   0.88765 	   0.88727 	    0.009794 	     0.009788 	     0.019582 
12900 	 12 	       23.439 	       23.476 	   0.88759 	   0.88721 	    0.009816 	     0.009811 	     0.019627 
13000 	 12 	       23.356 	       23.391 	   0.88949 	   0.88911 	    0.009676 	     0.009671 	     0.019347 
13100 	 12 	       23.357 	       23.386 	   0.89014 	   0.88978 	    0.009655 	     0.009650 	     0.019305 
13200 	 12 	       23.366 	       23.387 	   0.89026 	   0.88990 	    0.009655 	     0.009650 	     0.019305 
13300 	 12 	       23.384 	       23.399 	   0.89027 	   0.88990 	    0.009660 	     0.009656 	     0.019315 
13400 	 12 	       23.409 	       23.418 	   0.89021 	   0.88984 	    0.009667 	     0.009663 	     0.019330 
13500 	 12 	       23.435 	       23.438 	   0.89011 	   0.88973 	    0.009675 	     0.009671 	     0.019345 
13600 	 12 	       23.458 	       23.458 	   0.88998 	   0.88961 	    0.009682 	     0.009679 	     0.019361 
13700 	 12 	       23.480 	       23.475 	   0.88985 	   0.88947 	    0.009690 	     0.009686 	     0.019376 
13800 	 12 	       23.499 	       23.490 	   0.88972 	   0.88934 	    0.009697 	     0.009694 	     0.019391 
13900 	 12 	       23.514 	       23.504 	   0.88959 	   0.88921 	    0.009705 	     0.009702 	     0.019406 
14000 	 12 	       23.450 	       23.440 	   0.89102 	   0.89064 	    0.009587 	     0.009584 	     0.019171 
14100 	 12 	       23.449 	       23.436 	   0.89143 	   0.89106 	    0.009570 	     0.009567 	     0.019137 
14200 	 12 	       23.460 	       23.445 	   0.89136 	   0.89099 	    0.009577 	     0.009574 	     0.019150 
14300 	 12 	       23.472 	       23.455 	   0.89125 	   0.89089 	    0.009586 	     0.009583 	     0.019169 
14400 	 12 	       23.485 	       23.468 	   0.89112 	   0.89076 	    0.009598 	     0.009595 	     0.019193 
14500 	 12 	       23.498 	       23.481 	   0.89099 	   0.89062 	    0.009611 	     0.009608 	     0.019219 
14600 	 12 	       23.511 	       23.494 	   0.89084 	   0.89048 	    0.009626 	     0.009623 	     0.019250 
14700 	 12 	       23.525 	       23.508 	   0.89069 	   0.89033 	    0.009644 	     0.009640 	     0.019284 
14800 	 12 	       23.540 	       23.523 	   0.89052 	   0.89016 	    0.009663 	     0.009660 	     0.019323 
14900 	 12 	       23.556 	       23.540 	   0.89034 	   0.88998 	    0.009686 	     0.009682 	     0.019368 
15000 	 12 	       23.506 	       23.493 	   0.89151 	   0.89115 	    0.009600 	     0.009597 	     0.019197 
15100 	 12 	       23.512 	       23.501 	   0.89180 	   0.89145 	    0.009597 	     0.009594 	     0.019191 
15200 	 12 	       23.533 	       23.523 	   0.89158 	   0.89124 	    0.009629 	     0.009625 	     0.019253 
15300 	 12 	       23.555 	       23.545 	   0.89131 	   0.89097 	    0.009664 	     0.009660 	     0.019324 
15400 	 12 	       23.576 	       23.567 	   0.89102 	   0.89068 	    0.009702 	     0.009697 	     0.019399 
15500 	 12 	       23.594 	       23.585 	   0.89071 	   0.89037 	    0.009740 	     0.009736 	     0.019476 
15600 	 12 	       23.611 	       23.600 	   0.89039 	   0.89006 	    0.009780 	     0.009775 	     0.019555 
15700 	 12 	       23.624 	       23.612 	   0.89007 	   0.88974 	    0.009819 	     0.009814 	     0.019633 
15800 	 12 	       23.636 	       23.620 	   0.88974 	   0.88941 	    0.009858 	     0.009852 	     0.019710 
15900 	 12 	       23.646 	       23.627 	   0.88942 	   0.88909 	    0.009896 	     0.009890 	     0.019786 
16000 	 12 	       23.590 	       23.569 	   0.89036 	   0.89004 	    0.009829 	     0.009823 	     0.019652 
16100 	 12 	       23.581 	       23.554 	   0.89056 	   0.89025 	    0.009826 	     0.009819 	     0.019646 
16200 	 12 	       23.593 	       23.561 	   0.89026 	   0.88996 	    0.009861 	     0.009853 	     0.019715 
16300 	 12 	       23.605 	       23.568 	   0.88996 	   0.88966 	    0.009894 	     0.009886 	     0.019779 
16400 	 12 	       23.616 	       23.574 	   0.88968 	   0.88938 	    0.009923 	     0.009914 	     0.019837 
16500 	 12 	       23.626 	       23.579 	   0.88943 	   0.88914 	    0.009948 	     0.009938 	     0.019886 
16600 	 12 	       23.635 	       23.582 	   0.88921 	   0.88892 	    0.009969 	     0.009959 	     0.019928 
16700 	 12 	       23.643 	       23.583 	   0.88902 	   0.88873 	    0.009987 	     0.009976 	     0.019963 
16800 	 12 	       23.650 	       23.583 	   0.88885 	   0.88857 	    0.010001 	     0.009990 	     0.019991 
16900 	 12 	       23.657 	       23.583 	   0.88871 	   0.88844 	    0.010013 	     0.010002 	     0.020014 
17000 	 12 	       23.605 	       23.527 	   0.88969 	   0.88942 	    0.009930 	     0.009919 	     0.019850 
17100 	 12 	       23.597 	       23.513 	   0.88997 	   0.88971 	    0.009911 	     0.009899 	     0.019810 
17200 	 12 	       23.606 	       23.516 	   0.88982 	   0.88957 	    0.009923 	     0.009912 	     0.019835 
17300 	 12 	       23.613 	       23.517 	   0.88968 	   0.88943 	    0.009934 	     0.009922 	     0.019856 
17400 	 12 	       23.618 	       23.517 	   0.88956 	   0.88931 	    0.009943 	     0.009930 	     0.019873 
17500 	 12 	       23.622 	       23.516 	   0.88945 	   0.88920 	    0.009950 	     0.009937 	     0.019888 
17600 	 12 	       23.626 	       23.514 	   0.88934 	   0.88910 	    0.009956 	     0.009943 	     0.019899 
17700 	 12 	       23.629 	       23.512 	   0.88925 	   0.88901 	    0.009961 	     0.009948 	     0.019909 
17800 	 12 	       23.631 	       23.509 	   0.88917 	   0.88893 	    0.009965 	     0.009952 	     0.019917 
17900 	 12 	       23.633 	       23.506 	   0.88909 	   0.88886 	    0.009969 	     0.009955 	     0.019924 
18000 	 12 	       23.586 	       23.456 	   0.88994 	   0.88971 	    0.009893 	     0.009880 	     0.019773 
18100 	 12 	       23.579 	       23.445 	   0.89018 	   0.88995 	    0.009874 	     0.009861 	     0.019735 
18200 	 12 	       23.587 	       23.450 	   0.89004 	   0.88981 	    0.009885 	     0.009871 	     0.019756 
18300 	 12 	       23.593 	       23.452 	   0.88991 	   0.88968 	    0.009894 	     0.009880 	     0.019774 
18400 	 12 	       23.598 	       23.452 	   0.88978 	   0.88956 	    0.009902 	     0.009888 	     0.019790 
18500 	 12 	       23.603 	       23.452 	   0.88967 	   0.88945 	    0.009909 	     0.009895 	     0.019804 
18600 	 12 	       23.607 	       23.452 	   0.88956 	   0.88934 	    0.009916 	     0.009901 	     0.019817 
18700 	 12 	       23.610 	       23.452 	   0.88946 	   0.88924 	    0.009922 	     0.009906 	     0.019828 
18800 	 12 	       23.614 	       23.452 	   0.88936 	   0.88915 	    0.009927 	     0.009912 	     0.019839 
18900 	 12 	       23.617 	       23.452 	   0.88927 	   0.88905 	    0.009932 	     0.009917 	     0.019849 
19000 	 12 	       23.578 	       23.411 	   0.88995 	   0.88974 	    0.009869 	     0.009853 	     0.019722 
19100 	 12 	       23.575 	       23.404 	   0.89012 	   0.88991 	    0.009854 	     0.009839 	     0.019692 
19200 	 12 	       23.584 	       23.411 	   0.88995 	   0.88974 	    0.009868 	     0.009852 	     0.019720 
19300 	 12 	       23.591 	       23.415 	   0.88978 	   0.88958 	    0.009880 	     0.009864 	     0.019744 
19400 	 12 	       23.597 	       23.418 	   0.88963 	   0.88943 	    0.009891 	     0.009875 	     0.019765 
19500 	 12 	       23.602 	       23.420 	   0.88949 	   0.88929 	    0.009900 	     0.009884 	     0.019784 
19600 	 12 	       23.607 	       23.422 	   0.88936 	   0.88916 	    0.009909 	     0.009893 	     0.019802 
19700 	 12 	       23.611 	       23.423 	   0.88923 	   0.88903 	    0.009918 	     0.009901 	     0.019819 
19800 	 12 	       23.615 	       23.424 	   0.88911 	   0.88891 	    0.009926 	     0.009909 	     0.019835 
19900 	 12 	       23.618 	       23.425 	   0.88899 	   0.88879 	    0.009934 	     0.009917 	     0.019850 
20000 	 12 	       23.586 	       23.392 	   0.88955 	   0.88935 	    0.009880 	     0.009863 	     0.019743 
100 	 13 	       37.075 	       36.886 	   0.71594 	   0.71597 	    0.029177 	     0.029080 	     0.058256 
200 	 13 	       39.476 	       39.385 	   0.69513 	   0.69508 	    0.034002 	     0.033896 	     0.067898 
300 	 13 	       41.748 	       41.743 	   0.66733 	   0.66699 	    0.037088 	     0.036991 	     0.074079 
400 	 13 	       40.651 	       40.666 	   0.67800 	   0.67756 	    0.035556 	     0.035472 	     0.071027 
500 	 13 	       41.089 	       41.160 	   0.67610 	   0.67555 	    0.037598 	     0.037545 	     0.075143 
600 	 13 	       40.370 	       40.375 	   0.66606 	   0.66468 	    0.039776 	     0.039788 	     0.079564 
700 	 13 	       38.656 	       38.542 	   0.67026 	   0.66921 	    0.040045 	     0.040002 	     0.080048 
800 	 13 	       41.356 	       41.223 	   0.69021 	   0.69096 	    0.042733 	     0.042492 	     0.085225 
900 	 13 	       41.776 	       41.722 	   0.72106 	   0.72122 	    0.039244 	     0.039110 	     0.078354 
1000 	 13 	       33.366 	       33.265 	   0.79916 	   0.79917 	    0.022355 	     0.022285 	     0.044640 
1100 	 13 	       30.848 	       30.628 	   0.78648 	   0.78673 	    0.022217 	     0.022127 	     0.044344 
1200 	 13 	       30.235 	       30.044 	   0.79251 	   0.79270 	    0.021983 	     0.021890 	     0.043872 
1300 	 13 	       30.063 	       29.901 	   0.79312 	   0.79322 	    0.021913 	     0.021825 	     0.043738 
1400 	 13 	       29.998 	       29.845 	   0.79286 	   0.79289 	    0.021725 	     0.021641 	     0.043365 
1500 	 13 	       29.738 	       29.584 	   0.78989 	   0.78989 	    0.021508 	     0.021426 	     0.042934 
1600 	 13 	       29.284 	       29.128 	   0.78606 	   0.78607 	    0.021150 	     0.021069 	     0.042219 
1700 	 13 	       28.861 	       28.706 	   0.78264 	   0.78267 	    0.020793 	     0.020711 	     0.041504 
1800 	 13 	       28.622 	       28.475 	   0.78032 	   0.78036 	    0.020577 	     0.020495 	     0.041072 
1900 	 13 	       28.508 	       28.348 	   0.77913 	   0.77916 	    0.020397 	     0.020316 	     0.040713 
2000 	 13 	       26.867 	       26.667 	   0.81368 	   0.81355 	    0.016306 	     0.016253 	     0.032559 
2100 	 13 	       26.275 	       26.024 	   0.81627 	   0.81609 	    0.015360 	     0.015319 	     0.030679 
2200 	 13 	       26.313 	       26.045 	   0.81899 	   0.81882 	    0.015069 	     0.015031 	     0.030100 
2300 	 13 	       26.251 	       25.964 	   0.82906 	   0.82893 	    0.014146 	     0.014110 	     0.028256 
2400 	 13 	       25.703 	       25.407 	   0.83893 	   0.83881 	    0.013001 	     0.012966 	     0.025968 
2500 	 13 	       25.382 	       25.115 	   0.83252 	   0.83219 	    0.013302 	     0.013286 	     0.026588 
2600 	 13 	       25.300 	       25.047 	   0.82635 	   0.82595 	    0.013802 	     0.013792 	     0.027594 
2700 	 13 	       25.209 	       24.949 	   0.82371 	   0.82330 	    0.014090 	     0.014079 	     0.028169 
2800 	 13 	       25.132 	       24.881 	   0.82273 	   0.82229 	    0.014220 	     0.014210 	     0.028431 
2900 	 13 	       25.061 	       24.816 	   0.82260 	   0.82212 	    0.014255 	     0.014247 	     0.028502 
3000 	 13 	       24.404 	       24.153 	   0.83919 	   0.83860 	    0.012628 	     0.012633 	     0.025262 
3100 	 13 	       24.160 	       23.894 	   0.84011 	   0.83946 	    0.012607 	     0.012617 	     0.025225 
3200 	 13 	       24.138 	       23.873 	   0.83956 	   0.83886 	    0.012692 	     0.012705 	     0.025397 
3300 	 13 	       24.125 	       23.858 	   0.83924 	   0.83850 	    0.012733 	     0.012750 	     0.025483 
3400 	 13 	       24.128 	       23.859 	   0.83899 	   0.83821 	    0.012763 	     0.012782 	     0.025546 
3500 	 13 	       24.151 	       23.880 	   0.83864 	   0.83782 	    0.012803 	     0.012824 	     0.025627 
3600 	 13 	       24.199 	       23.929 	   0.83801 	   0.83716 	    0.012871 	     0.012894 	     0.025765 
3700 	 13 	       24.276 	       24.012 	   0.83696 	   0.83607 	    0.012982 	     0.013007 	     0.025990 
3800 	 13 	       24.385 	       24.129 	   0.83546 	   0.83454 	    0.013138 	     0.013165 	     0.026303 
3900 	 13 	       24.505 	       24.259 	   0.83376 	   0.83281 	    0.013315 	     0.013342 	     0.026657 
4000 	 13 	       24.105 	       23.859 	   0.84634 	   0.84535 	    0.012119 	     0.012153 	     0.024272 
4100 	 13 	       24.061 	       23.800 	   0.84583 	   0.84481 	    0.012236 	     0.012273 	     0.024509 
4200 	 13 	       24.175 	       23.916 	   0.84387 	   0.84282 	    0.012454 	     0.012491 	     0.024944 
4300 	 13 	       24.269 	       24.009 	   0.84212 	   0.84107 	    0.012630 	     0.012667 	     0.025298 
4400 	 13 	       24.343 	       24.082 	   0.84063 	   0.83958 	    0.012776 	     0.012812 	     0.025588 
4500 	 13 	       24.404 	       24.139 	   0.83940 	   0.83835 	    0.012896 	     0.012932 	     0.025828 
4600 	 13 	       24.453 	       24.185 	   0.83838 	   0.83734 	    0.012997 	     0.013031 	     0.026027 
4700 	 13 	       24.494 	       24.224 	   0.83754 	   0.83652 	    0.013081 	     0.013114 	     0.026195 
4800 	 13 	       24.533 	       24.261 	   0.83685 	   0.83584 	    0.013153 	     0.013185 	     0.026338 
4900 	 13 	       24.570 	       24.295 	   0.83629 	   0.83529 	    0.013215 	     0.013245 	     0.026461 
5000 	 13 	       24.167 	       23.886 	   0.84880 	   0.84780 	    0.012042 	     0.012076 	     0.024118 
5100 	 13 	       24.136 	       23.831 	   0.84915 	   0.84817 	    0.012075 	     0.012108 	     0.024183 
5200 	 13 	       24.189 	       23.879 	   0.84838 	   0.84742 	    0.012176 	     0.012207 	     0.024384 
5300 	 13 	       24.234 	       23.918 	   0.84776 	   0.84681 	    0.012256 	     0.012285 	     0.024540 
5400 	 13 	       24.270 	       23.948 	   0.84731 	   0.84639 	    0.012317 	     0.012344 	     0.024661 
5500 	 13 	       24.299 	       23.973 	   0.84702 	   0.84612 	    0.012363 	     0.012388 	     0.024751 
5600 	 13 	       24.321 	       23.992 	   0.84687 	   0.84600 	    0.012395 	     0.012419 	     0.024814 
5700 	 13 	       24.337 	       24.004 	   0.84686 	   0.84600 	    0.012415 	     0.012436 	     0.024851 
5800 	 13 	       24.350 	       24.014 	   0.84696 	   0.84613 	    0.012424 	     0.012443 	     0.024866 
5900 	 13 	       24.361 	       24.021 	   0.84715 	   0.84634 	    0.012423 	     0.012440 	     0.024862 
6000 	 13 	       24.008 	       23.662 	   0.85835 	   0.85755 	    0.011406 	     0.011426 	     0.022832 
6100 	 13 	       23.987 	       23.627 	   0.85866 	   0.85788 	    0.011452 	     0.011470 	     0.022922 
6200 	 13 	       23.997 	       23.632 	   0.85874 	   0.85799 	    0.011473 	     0.011488 	     0.022961 
6300 	 13 	       24.006 	       23.638 	   0.85894 	   0.85821 	    0.011475 	     0.011488 	     0.022964 
6400 	 13 	       24.012 	       23.643 	   0.85926 	   0.85855 	    0.011464 	     0.011475 	     0.022939 
6500 	 13 	       24.016 	       23.646 	   0.85966 	   0.85897 	    0.011443 	     0.011452 	     0.022896 
6600 	 13 	       24.020 	       23.649 	   0.86011 	   0.85945 	    0.011417 	     0.011424 	     0.022840 
6700 	 13 	       24.022 	       23.650 	   0.86060 	   0.85996 	    0.011386 	     0.011391 	     0.022777 
6800 	 13 	       24.024 	       23.650 	   0.86111 	   0.86049 	    0.011353 	     0.011357 	     0.022710 
6900 	 13 	       24.024 	       23.649 	   0.86163 	   0.86103 	    0.011319 	     0.011321 	     0.022640 
7000 	 13 	       23.741 	       23.362 	   0.87091 	   0.87031 	    0.010501 	     0.010504 	     0.021005 
7100 	 13 	       23.759 	       23.368 	   0.87093 	   0.87037 	    0.010574 	     0.010575 	     0.021149 
7200 	 13 	       23.759 	       23.367 	   0.87127 	   0.87072 	    0.010566 	     0.010565 	     0.021131 
7300 	 13 	       23.760 	       23.366 	   0.87157 	   0.87104 	    0.010557 	     0.010553 	     0.021110 
7400 	 13 	       23.760 	       23.365 	   0.87187 	   0.87137 	    0.010544 	     0.010539 	     0.021084 
7500 	 13 	       23.759 	       23.363 	   0.87217 	   0.87168 	    0.010532 	     0.010524 	     0.021056 
7600 	 13 	       23.757 	       23.360 	   0.87245 	   0.87199 	    0.010519 	     0.010509 	     0.021028 
7700 	 13 	       23.754 	       23.357 	   0.87272 	   0.87229 	    0.010507 	     0.010495 	     0.021002 
7800 	 13 	       23.750 	       23.352 	   0.87298 	   0.87257 	    0.010495 	     0.010481 	     0.020977 
7900 	 13 	       23.745 	       23.346 	   0.87323 	   0.87285 	    0.010484 	     0.010468 	     0.020953 
8000 	 13 	       23.513 	       23.113 	   0.88044 	   0.88005 	    0.009863 	     0.009849 	     0.019712 
8100 	 13 	       23.551 	       23.142 	   0.87981 	   0.87945 	    0.009997 	     0.009979 	     0.019976 
8200 	 13 	       23.544 	       23.134 	   0.87993 	   0.87959 	    0.010006 	     0.009986 	     0.019992 
8300 	 13 	       23.539 	       23.128 	   0.87998 	   0.87967 	    0.010017 	     0.009995 	     0.020012 
8400 	 13 	       23.534 	       23.122 	   0.88003 	   0.87973 	    0.010028 	     0.010003 	     0.020031 
8500 	 13 	       23.528 	       23.117 	   0.88009 	   0.87981 	    0.010036 	     0.010010 	     0.020046 
8600 	 13 	       23.520 	       23.111 	   0.88017 	   0.87990 	    0.010043 	     0.010014 	     0.020057 
8700 	 13 	       23.510 	       23.103 	   0.88026 	   0.88002 	    0.010047 	     0.010017 	     0.020064 
8800 	 13 	       23.499 	       23.094 	   0.88038 	   0.88014 	    0.010050 	     0.010018 	     0.020067 
8900 	 13 	       23.487 	       23.084 	   0.88051 	   0.88029 	    0.010051 	     0.010017 	     0.020068 
9000 	 13 	       23.303 	       22.906 	   0.88625 	   0.88602 	    0.009566 	     0.009534 	     0.019101 
9100 	 13 	       23.350 	       22.941 	   0.88528 	   0.88508 	    0.009728 	     0.009692 	     0.019420 
9200 	 13 	       23.337 	       22.927 	   0.88539 	   0.88520 	    0.009736 	     0.009700 	     0.019436 
9300 	 13 	       23.326 	       22.917 	   0.88544 	   0.88526 	    0.009747 	     0.009709 	     0.019455 
9400 	 13 	       23.317 	       22.907 	   0.88548 	   0.88530 	    0.009756 	     0.009717 	     0.019474 
9500 	 13 	       23.307 	       22.897 	   0.88552 	   0.88535 	    0.009765 	     0.009725 	     0.019490 
9600 	 13 	       23.297 	       22.887 	   0.88557 	   0.88541 	    0.009772 	     0.009732 	     0.019504 
9700 	 13 	       23.288 	       22.877 	   0.88563 	   0.88546 	    0.009779 	     0.009738 	     0.019517 
9800 	 13 	       23.278 	       22.868 	   0.88568 	   0.88552 	    0.009786 	     0.009743 	     0.019529 
9900 	 13 	       23.268 	       22.859 	   0.88572 	   0.88557 	    0.009792 	     0.009749 	     0.019541 
10000 	 13 	       23.123 	       22.716 	   0.89046 	   0.89029 	    0.009394 	     0.009353 	     0.018748 
10100 	 13 	       23.167 	       22.755 	   0.88953 	   0.88938 	    0.009540 	     0.009497 	     0.019037 
10200 	 13 	       23.154 	       22.743 	   0.88963 	   0.88948 	    0.009545 	     0.009501 	     0.019046 
10300 	 13 	       23.144 	       22.734 	   0.88967 	   0.88952 	    0.009552 	     0.009508 	     0.019060 
10400 	 13 	       23.136 	       22.727 	   0.88968 	   0.88953 	    0.009561 	     0.009516 	     0.019077 
10500 	 13 	       23.129 	       22.721 	   0.88968 	   0.88953 	    0.009570 	     0.009524 	     0.019094 
10600 	 13 	       23.122 	       22.715 	   0.88967 	   0.88953 	    0.009579 	     0.009533 	     0.019111 
10700 	 13 	       23.116 	       22.710 	   0.88967 	   0.88952 	    0.009587 	     0.009541 	     0.019128 
10800 	 13 	       23.110 	       22.706 	   0.88966 	   0.88952 	    0.009595 	     0.009549 	     0.019144 
10900 	 13 	       23.105 	       22.703 	   0.88965 	   0.88951 	    0.009603 	     0.009556 	     0.019160 
11000 	 13 	       22.991 	       22.594 	   0.89372 	   0.89357 	    0.009260 	     0.009215 	     0.018476 
11100 	 13 	       23.032 	       22.632 	   0.89293 	   0.89280 	    0.009380 	     0.009332 	     0.018712 
11200 	 13 	       23.022 	       22.622 	   0.89303 	   0.89290 	    0.009381 	     0.009333 	     0.018714 
11300 	 13 	       23.015 	       22.616 	   0.89307 	   0.89293 	    0.009385 	     0.009337 	     0.018722 
11400 	 13 	       23.011 	       22.612 	   0.89307 	   0.89294 	    0.009391 	     0.009343 	     0.018734 
11500 	 13 	       23.007 	       22.609 	   0.89306 	   0.89293 	    0.009398 	     0.009349 	     0.018747 
11600 	 13 	       23.004 	       22.607 	   0.89304 	   0.89292 	    0.009405 	     0.009356 	     0.018762 
11700 	 13 	       23.002 	       22.605 	   0.89302 	   0.89289 	    0.009413 	     0.009363 	     0.018776 
11800 	 13 	       23.000 	       22.603 	   0.89299 	   0.89287 	    0.009420 	     0.009370 	     0.018790 
11900 	 13 	       22.998 	       22.602 	   0.89297 	   0.89284 	    0.009427 	     0.009377 	     0.018805 
12000 	 13 	       22.911 	       22.519 	   0.89657 	   0.89643 	    0.009122 	     0.009074 	     0.018195 
12100 	 13 	       22.945 	       22.549 	   0.89596 	   0.89584 	    0.009214 	     0.009164 	     0.018379 
12200 	 13 	       22.937 	       22.540 	   0.89606 	   0.89594 	    0.009212 	     0.009162 	     0.018375 
12300 	 13 	       22.931 	       22.535 	   0.89611 	   0.89599 	    0.009213 	     0.009163 	     0.018376 
12400 	 13 	       22.927 	       22.532 	   0.89612 	   0.89601 	    0.009216 	     0.009166 	     0.018382 
12500 	 13 	       22.924 	       22.529 	   0.89612 	   0.89601 	    0.009220 	     0.009170 	     0.018390 
12600 	 13 	       22.922 	       22.526 	   0.89611 	   0.89600 	    0.009225 	     0.009174 	     0.018400 
12700 	 13 	       22.919 	       22.524 	   0.89610 	   0.89599 	    0.009230 	     0.009179 	     0.018410 
12800 	 13 	       22.918 	       22.523 	   0.89608 	   0.89597 	    0.009236 	     0.009185 	     0.018420 
12900 	 13 	       22.916 	       22.521 	   0.89605 	   0.89595 	    0.009241 	     0.009190 	     0.018431 
13000 	 13 	       22.838 	       22.448 	   0.89929 	   0.89918 	    0.008963 	     0.008913 	     0.017876 
13100 	 13 	       22.858 	       22.464 	   0.89887 	   0.89876 	    0.009031 	     0.008979 	     0.018010 
13200 	 13 	       22.850 	       22.455 	   0.89898 	   0.89888 	    0.009026 	     0.008975 	     0.018001 
13300 	 13 	       22.843 	       22.449 	   0.89904 	   0.89894 	    0.009024 	     0.008972 	     0.017996 
13400 	 13 	       22.839 	       22.444 	   0.89908 	   0.89898 	    0.009024 	     0.008972 	     0.017997 
13500 	 13 	       22.834 	       22.440 	   0.89910 	   0.89900 	    0.009026 	     0.008974 	     0.017999 
13600 	 13 	       22.831 	       22.437 	   0.89910 	   0.89900 	    0.009028 	     0.008976 	     0.018004 
13700 	 13 	       22.828 	       22.434 	   0.89910 	   0.89900 	    0.009031 	     0.008979 	     0.018010 
13800 	 13 	       22.825 	       22.431 	   0.89910 	   0.89900 	    0.009034 	     0.008982 	     0.018016 
13900 	 13 	       22.822 	       22.429 	   0.89908 	   0.89899 	    0.009038 	     0.008986 	     0.018023 
14000 	 13 	       22.752 	       22.364 	   0.90203 	   0.90193 	    0.008781 	     0.008730 	     0.017510 
14100 	 13 	       22.758 	       22.367 	   0.90177 	   0.90167 	    0.008826 	     0.008774 	     0.017601 
14200 	 13 	       22.748 	       22.357 	   0.90190 	   0.90180 	    0.008819 	     0.008768 	     0.017587 
14300 	 13 	       22.741 	       22.349 	   0.90198 	   0.90188 	    0.008815 	     0.008763 	     0.017578 
14400 	 13 	       22.735 	       22.344 	   0.90203 	   0.90194 	    0.008813 	     0.008761 	     0.017574 
14500 	 13 	       22.730 	       22.339 	   0.90207 	   0.90197 	    0.008812 	     0.008760 	     0.017572 
14600 	 13 	       22.725 	       22.335 	   0.90209 	   0.90200 	    0.008813 	     0.008761 	     0.017573 
14700 	 13 	       22.722 	       22.331 	   0.90210 	   0.90201 	    0.008814 	     0.008762 	     0.017575 
14800 	 13 	       22.718 	       22.328 	   0.90211 	   0.90202 	    0.008815 	     0.008763 	     0.017579 
14900 	 13 	       22.715 	       22.325 	   0.90211 	   0.90202 	    0.008818 	     0.008765 	     0.017583 
15000 	 13 	       22.649 	       22.264 	   0.90481 	   0.90472 	    0.008577 	     0.008526 	     0.017104 
15100 	 13 	       22.644 	       22.258 	   0.90469 	   0.90460 	    0.008604 	     0.008552 	     0.017157 
15200 	 13 	       22.633 	       22.248 	   0.90483 	   0.90475 	    0.008596 	     0.008544 	     0.017139 
15300 	 13 	       22.625 	       22.240 	   0.90493 	   0.90484 	    0.008589 	     0.008538 	     0.017127 
15400 	 13 	       22.619 	       22.234 	   0.90500 	   0.90491 	    0.008585 	     0.008533 	     0.017119 
15500 	 13 	       22.613 	       22.229 	   0.90505 	   0.90496 	    0.008583 	     0.008531 	     0.017113 
15600 	 13 	       22.608 	       22.224 	   0.90509 	   0.90500 	    0.008581 	     0.008529 	     0.017110 
15700 	 13 	       22.604 	       22.220 	   0.90512 	   0.90503 	    0.008580 	     0.008529 	     0.017109 
15800 	 13 	       22.600 	       22.217 	   0.90514 	   0.90506 	    0.008580 	     0.008529 	     0.017109 
15900 	 13 	       22.596 	       22.214 	   0.90516 	   0.90507 	    0.008581 	     0.008529 	     0.017110 
16000 	 13 	       22.532 	       22.154 	   0.90764 	   0.90756 	    0.008355 	     0.008304 	     0.016659 
16100 	 13 	       22.519 	       22.142 	   0.90764 	   0.90756 	    0.008366 	     0.008315 	     0.016681 
16200 	 13 	       22.508 	       22.131 	   0.90780 	   0.90772 	    0.008355 	     0.008304 	     0.016659 
16300 	 13 	       22.500 	       22.123 	   0.90791 	   0.90783 	    0.008347 	     0.008296 	     0.016643 
16400 	 13 	       22.493 	       22.116 	   0.90800 	   0.90791 	    0.008341 	     0.008290 	     0.016631 
16500 	 13 	       22.487 	       22.111 	   0.90806 	   0.90798 	    0.008337 	     0.008286 	     0.016623 
16600 	 13 	       22.481 	       22.106 	   0.90812 	   0.90804 	    0.008334 	     0.008282 	     0.016616 
16700 	 13 	       22.476 	       22.101 	   0.90816 	   0.90808 	    0.008331 	     0.008280 	     0.016611 
16800 	 13 	       22.472 	       22.097 	   0.90820 	   0.90812 	    0.008329 	     0.008278 	     0.016608 
16900 	 13 	       22.467 	       22.093 	   0.90823 	   0.90815 	    0.008328 	     0.008277 	     0.016605 
17000 	 13 	       22.403 	       22.032 	   0.91053 	   0.91044 	    0.008114 	     0.008064 	     0.016179 
17100 	 13 	       22.383 	       22.013 	   0.91063 	   0.91055 	    0.008113 	     0.008062 	     0.016175 
17200 	 13 	       22.372 	       22.001 	   0.91080 	   0.91072 	    0.008100 	     0.008050 	     0.016150 
17300 	 13 	       22.363 	       21.992 	   0.91092 	   0.91084 	    0.008091 	     0.008040 	     0.016131 
17400 	 13 	       22.355 	       21.985 	   0.91102 	   0.91094 	    0.008083 	     0.008033 	     0.016116 
17500 	 13 	       22.348 	       21.979 	   0.91110 	   0.91102 	    0.008077 	     0.008027 	     0.016104 
17600 	 13 	       22.341 	       21.973 	   0.91117 	   0.91109 	    0.008072 	     0.008022 	     0.016094 
17700 	 13 	       22.335 	       21.968 	   0.91123 	   0.91115 	    0.008068 	     0.008018 	     0.016086 
17800 	 13 	       22.330 	       21.963 	   0.91128 	   0.91120 	    0.008065 	     0.008014 	     0.016079 
17900 	 13 	       22.325 	       21.959 	   0.91132 	   0.91125 	    0.008062 	     0.008012 	     0.016073 
18000 	 13 	       22.261 	       21.898 	   0.91345 	   0.91337 	    0.007860 	     0.007810 	     0.015670 
18100 	 13 	       22.235 	       21.873 	   0.91363 	   0.91356 	    0.007847 	     0.007798 	     0.015645 
18200 	 13 	       22.223 	       21.862 	   0.91380 	   0.91373 	    0.007834 	     0.007785 	     0.015618 
18300 	 13 	       22.213 	       21.852 	   0.91394 	   0.91386 	    0.007823 	     0.007774 	     0.015597 
18400 	 13 	       22.205 	       21.844 	   0.91405 	   0.91397 	    0.007814 	     0.007765 	     0.015579 
18500 	 13 	       22.197 	       21.837 	   0.91414 	   0.91407 	    0.007806 	     0.007757 	     0.015564 
18600 	 13 	       22.190 	       21.831 	   0.91422 	   0.91415 	    0.007800 	     0.007751 	     0.015551 
18700 	 13 	       22.184 	       21.825 	   0.91429 	   0.91422 	    0.007795 	     0.007746 	     0.015540 
18800 	 13 	       22.178 	       21.820 	   0.91436 	   0.91428 	    0.007790 	     0.007741 	     0.015531 
18900 	 13 	       22.172 	       21.815 	   0.91441 	   0.91434 	    0.007786 	     0.007737 	     0.015523 
19000 	 13 	       22.108 	       21.754 	   0.91637 	   0.91630 	    0.007595 	     0.007547 	     0.015141 
19100 	 13 	       22.077 	       21.724 	   0.91662 	   0.91655 	    0.007574 	     0.007526 	     0.015101 
19200 	 13 	       22.064 	       21.712 	   0.91680 	   0.91672 	    0.007560 	     0.007512 	     0.015072 
19300 	 13 	       22.054 	       21.702 	   0.91694 	   0.91686 	    0.007548 	     0.007500 	     0.015049 
19400 	 13 	       22.045 	       21.693 	   0.91706 	   0.91698 	    0.007538 	     0.007490 	     0.015029 
19500 	 13 	       22.036 	       21.686 	   0.91716 	   0.91709 	    0.007530 	     0.007482 	     0.015012 
19600 	 13 	       22.028 	       21.679 	   0.91725 	   0.91718 	    0.007522 	     0.007475 	     0.014997 
19700 	 13 	       22.021 	       21.672 	   0.91733 	   0.91726 	    0.007516 	     0.007468 	     0.014984 
19800 	 13 	       22.014 	       21.666 	   0.91741 	   0.91733 	    0.007510 	     0.007462 	     0.014972 
19900 	 13 	       22.007 	       21.660 	   0.91747 	   0.91740 	    0.007505 	     0.007457 	     0.014962 
20000 	 13 	       21.943 	       21.598 	   0.91927 	   0.91920 	    0.007324 	     0.007278 	     0.014602 
100 	 14 	       30.622 	       30.412 	   0.74400 	   0.74434 	    0.025413 	     0.025286 	     0.050699 
200 	 14 	       31.654 	       31.366 	   0.75674 	   0.75708 	    0.026192 	     0.026065 	     0.052257 
300 	 14 	       32.143 	       31.870 	   0.76629 	   0.76663 	    0.026253 	     0.026130 	     0.052383 
400 	 14 	       32.818 	       32.564 	   0.76998 	   0.77036 	    0.026901 	     0.026774 	     0.053674 
500 	 14 	       33.329 	       33.108 	   0.77102 	   0.77145 	    0.027285 	     0.027153 	     0.054437 
600 	 14 	       34.288 	       34.101 	   0.76780 	   0.76818 	    0.028665 	     0.028535 	     0.057200 
700 	 14 	       35.189 	       35.041 	   0.76539 	   0.76571 	    0.029902 	     0.029778 	     0.059680 
800 	 14 	       35.983 	       35.875 	   0.76365 	   0.76395 	    0.030934 	     0.030815 	     0.061749 
900 	 14 	       36.556 	       36.466 	   0.76332 	   0.76364 	    0.031608 	     0.031487 	     0.063095 
1000 	 14 	       28.789 	       28.577 	   0.83947 	   0.83978 	    0.017233 	     0.017157 	     0.034390 
1100 	 14 	       28.172 	       27.959 	   0.83898 	   0.83929 	    0.017699 	     0.017608 	     0.035307 
1200 	 14 	       28.921 	       28.708 	   0.83770 	   0.83791 	    0.018485 	     0.018395 	     0.036880 
1300 	 14 	       29.209 	       28.994 	   0.83890 	   0.83910 	    0.018540 	     0.018450 	     0.036990 
1400 	 14 	       29.385 	       29.162 	   0.83948 	   0.83970 	    0.018486 	     0.018397 	     0.036884 
1500 	 14 	       29.512 	       29.289 	   0.83794 	   0.83818 	    0.018694 	     0.018606 	     0.037299 
1600 	 14 	       31.654 	       31.483 	   0.80684 	   0.80607 	    0.024045 	     0.024000 	     0.048045 
1700 	 14 	       33.478 	       33.288 	   0.80805 	   0.80764 	    0.025056 	     0.024994 	     0.050050 
1800 	 14 	       33.872 	       33.708 	   0.80604 	   0.80576 	    0.024895 	     0.024838 	     0.049733 
1900 	 14 	       33.260 	       33.101 	   0.80953 	   0.80941 	    0.023230 	     0.023173 	     0.046403 
2000 	 14 	       25.840 	       25.651 	   0.87806 	   0.87794 	    0.012078 	     0.012040 	     0.024118 
2100 	 14 	       25.324 	       25.103 	   0.88429 	   0.88429 	    0.011742 	     0.011696 	     0.023438 
2200 	 14 	       25.257 	       25.038 	   0.88300 	   0.88300 	    0.011854 	     0.011809 	     0.023663 
2300 	 14 	       25.252 	       25.032 	   0.88232 	   0.88229 	    0.011962 	     0.011918 	     0.023880 
2400 	 14 	       25.295 	       25.075 	   0.88226 	   0.88221 	    0.012065 	     0.012021 	     0.024086 
2500 	 14 	       25.365 	       25.148 	   0.88269 	   0.88263 	    0.012153 	     0.012108 	     0.024261 
2600 	 14 	       25.447 	       25.241 	   0.88360 	   0.88351 	    0.012219 	     0.012175 	     0.024394 
2700 	 14 	       25.570 	       25.375 	   0.88452 	   0.88440 	    0.012324 	     0.012280 	     0.024604 
2800 	 14 	       25.659 	       25.476 	   0.88536 	   0.88523 	    0.012339 	     0.012295 	     0.024635 
2900 	 14 	       25.752 	       25.574 	   0.88623 	   0.88608 	    0.012345 	     0.012301 	     0.024646 
3000 	 14 	       24.038 	       23.890 	   0.90031 	   0.90013 	    0.009731 	     0.009701 	     0.019431 
3100 	 14 	       23.596 	       23.444 	   0.90607 	   0.90590 	    0.009363 	     0.009333 	     0.018696 
3200 	 14 	       23.534 	       23.382 	   0.90708 	   0.90692 	    0.009293 	     0.009263 	     0.018556 
3300 	 14 	       23.584 	       23.433 	   0.90729 	   0.90712 	    0.009370 	     0.009340 	     0.018710 
3400 	 14 	       23.672 	       23.520 	   0.90694 	   0.90678 	    0.009498 	     0.009467 	     0.018965 
3500 	 14 	       23.790 	       23.640 	   0.90614 	   0.90600 	    0.009662 	     0.009630 	     0.019292 
3600 	 14 	       23.917 	       23.766 	   0.90501 	   0.90488 	    0.009850 	     0.009817 	     0.019667 
3700 	 14 	       24.034 	       23.879 	   0.90372 	   0.90361 	    0.010031 	     0.009998 	     0.020029 
3800 	 14 	       24.122 	       23.960 	   0.90247 	   0.90237 	    0.010182 	     0.010148 	     0.020329 
3900 	 14 	       24.178 	       24.009 	   0.90136 	   0.90127 	    0.010290 	     0.010256 	     0.020546 
4000 	 14 	       23.111 	       22.937 	   0.90739 	   0.90730 	    0.008746 	     0.008720 	     0.017466 
4100 	 14 	       23.088 	       22.901 	   0.90864 	   0.90855 	    0.008823 	     0.008798 	     0.017621 
4200 	 14 	       22.997 	       22.801 	   0.90865 	   0.90858 	    0.008781 	     0.008755 	     0.017537 
4300 	 14 	       22.881 	       22.680 	   0.90895 	   0.90888 	    0.008692 	     0.008667 	     0.017359 
4400 	 14 	       22.766 	       22.562 	   0.90924 	   0.90917 	    0.008606 	     0.008580 	     0.017186 
4500 	 14 	       22.669 	       22.461 	   0.90958 	   0.90952 	    0.008523 	     0.008498 	     0.017022 
4600 	 14 	       22.606 	       22.393 	   0.91004 	   0.90998 	    0.008444 	     0.008418 	     0.016862 
4700 	 14 	       22.564 	       22.345 	   0.91066 	   0.91060 	    0.008351 	     0.008324 	     0.016675 
4800 	 14 	       22.522 	       22.293 	   0.91143 	   0.91138 	    0.008230 	     0.008203 	     0.016434 
4900 	 14 	       22.467 	       22.227 	   0.91234 	   0.91230 	    0.008081 	     0.008052 	     0.016133 
5000 	 14 	       21.809 	       21.563 	   0.91894 	   0.91888 	    0.007031 	     0.007008 	     0.014040 
5100 	 14 	       21.724 	       21.453 	   0.92123 	   0.92113 	    0.006892 	     0.006869 	     0.013761 
5200 	 14 	       21.608 	       21.344 	   0.92242 	   0.92227 	    0.006801 	     0.006780 	     0.013581 
5300 	 14 	       21.545 	       21.285 	   0.92309 	   0.92295 	    0.006797 	     0.006774 	     0.013571 
5400 	 14 	       21.499 	       21.231 	   0.92368 	   0.92355 	    0.006763 	     0.006738 	     0.013501 
5500 	 14 	       21.450 	       21.172 	   0.92439 	   0.92429 	    0.006701 	     0.006675 	     0.013376 
5600 	 14 	       21.409 	       21.120 	   0.92515 	   0.92505 	    0.006637 	     0.006610 	     0.013247 
5700 	 14 	       21.376 	       21.078 	   0.92587 	   0.92579 	    0.006579 	     0.006551 	     0.013130 
5800 	 14 	       21.349 	       21.044 	   0.92653 	   0.92647 	    0.006526 	     0.006498 	     0.013024 
5900 	 14 	       21.328 	       21.016 	   0.92715 	   0.92709 	    0.006480 	     0.006451 	     0.012930 
6000 	 14 	       20.980 	       20.665 	   0.93111 	   0.93106 	    0.005929 	     0.005903 	     0.011832 
6100 	 14 	       20.895 	       20.574 	   0.93221 	   0.93216 	    0.005883 	     0.005857 	     0.011741 
6200 	 14 	       20.833 	       20.503 	   0.93264 	   0.93260 	    0.005822 	     0.005796 	     0.011618 
6300 	 14 	       20.785 	       20.452 	   0.93314 	   0.93312 	    0.005771 	     0.005743 	     0.011514 
6400 	 14 	       20.747 	       20.411 	   0.93362 	   0.93361 	    0.005728 	     0.005700 	     0.011429 
6500 	 14 	       20.711 	       20.372 	   0.93406 	   0.93406 	    0.005688 	     0.005660 	     0.011348 
6600 	 14 	       20.673 	       20.331 	   0.93447 	   0.93448 	    0.005647 	     0.005618 	     0.011265 
6700 	 14 	       20.632 	       20.286 	   0.93486 	   0.93488 	    0.005605 	     0.005575 	     0.011180 
6800 	 14 	       20.589 	       20.238 	   0.93523 	   0.93526 	    0.005561 	     0.005531 	     0.011092 
6900 	 14 	       20.545 	       20.189 	   0.93557 	   0.93560 	    0.005517 	     0.005487 	     0.011003 
7000 	 14 	       20.275 	       19.921 	   0.93828 	   0.93832 	    0.005140 	     0.005112 	     0.010253 
7100 	 14 	       20.189 	       19.828 	   0.93906 	   0.93911 	    0.005107 	     0.005078 	     0.010185 
7200 	 14 	       20.131 	       19.762 	   0.93916 	   0.93922 	    0.005073 	     0.005044 	     0.010117 
7300 	 14 	       20.092 	       19.713 	   0.93931 	   0.93938 	    0.005043 	     0.005013 	     0.010056 
7400 	 14 	       20.065 	       19.680 	   0.93947 	   0.93955 	    0.005019 	     0.004988 	     0.010006 
7500 	 14 	       20.049 	       19.660 	   0.93964 	   0.93972 	    0.004998 	     0.004967 	     0.009965 
7600 	 14 	       20.036 	       19.646 	   0.93980 	   0.93989 	    0.004979 	     0.004948 	     0.009928 
7700 	 14 	       20.022 	       19.632 	   0.93998 	   0.94007 	    0.004963 	     0.004931 	     0.009893 
7800 	 14 	       20.009 	       19.622 	   0.94015 	   0.94025 	    0.004947 	     0.004915 	     0.009861 
7900 	 14 	       19.998 	       19.613 	   0.94033 	   0.94043 	    0.004932 	     0.004900 	     0.009832 
8000 	 14 	       19.838 	       19.467 	   0.94219 	   0.94229 	    0.004713 	     0.004682 	     0.009395 
8100 	 14 	       19.790 	       19.420 	   0.94276 	   0.94285 	    0.004706 	     0.004675 	     0.009381 
8200 	 14 	       19.765 	       19.398 	   0.94286 	   0.94294 	    0.004699 	     0.004668 	     0.009367 
8300 	 14 	       19.748 	       19.385 	   0.94291 	   0.94299 	    0.004695 	     0.004665 	     0.009361 
8400 	 14 	       19.736 	       19.374 	   0.94293 	   0.94302 	    0.004694 	     0.004664 	     0.009357 
8500 	 14 	       19.725 	       19.365 	   0.94295 	   0.94303 	    0.004692 	     0.004662 	     0.009355 
8600 	 14 	       19.715 	       19.356 	   0.94296 	   0.94304 	    0.004691 	     0.004661 	     0.009352 
8700 	 14 	       19.705 	       19.346 	   0.94297 	   0.94305 	    0.004689 	     0.004660 	     0.009349 
8800 	 14 	       19.694 	       19.337 	   0.94299 	   0.94306 	    0.004687 	     0.004658 	     0.009345 
8900 	 14 	       19.684 	       19.327 	   0.94301 	   0.94308 	    0.004685 	     0.004656 	     0.009341 
9000 	 14 	       19.565 	       19.217 	   0.94434 	   0.94441 	    0.004526 	     0.004498 	     0.009024 
9100 	 14 	       19.518 	       19.169 	   0.94474 	   0.94479 	    0.004528 	     0.004501 	     0.009028 
9200 	 14 	       19.495 	       19.149 	   0.94478 	   0.94483 	    0.004527 	     0.004500 	     0.009027 
9300 	 14 	       19.480 	       19.136 	   0.94481 	   0.94486 	    0.004528 	     0.004501 	     0.009029 
9400 	 14 	       19.467 	       19.125 	   0.94483 	   0.94487 	    0.004529 	     0.004502 	     0.009031 
9500 	 14 	       19.455 	       19.115 	   0.94485 	   0.94489 	    0.004530 	     0.004503 	     0.009033 
9600 	 14 	       19.444 	       19.105 	   0.94487 	   0.94492 	    0.004531 	     0.004504 	     0.009034 
9700 	 14 	       19.432 	       19.095 	   0.94490 	   0.94494 	    0.004531 	     0.004504 	     0.009035 
9800 	 14 	       19.421 	       19.085 	   0.94493 	   0.94498 	    0.004530 	     0.004503 	     0.009034 
9900 	 14 	       19.411 	       19.075 	   0.94497 	   0.94501 	    0.004529 	     0.004502 	     0.009032 
10000 	 14 	       19.313 	       18.986 	   0.94605 	   0.94609 	    0.004405 	     0.004379 	     0.008784 
10100 	 14 	       19.272 	       18.944 	   0.94638 	   0.94641 	    0.004409 	     0.004384 	     0.008793 
10200 	 14 	       19.251 	       18.925 	   0.94642 	   0.94645 	    0.004410 	     0.004384 	     0.008794 
10300 	 14 	       19.236 	       18.912 	   0.94645 	   0.94648 	    0.004411 	     0.004385 	     0.008796 
10400 	 14 	       19.223 	       18.901 	   0.94648 	   0.94651 	    0.004412 	     0.004386 	     0.008798 
10500 	 14 	       19.212 	       18.892 	   0.94651 	   0.94654 	    0.004412 	     0.004387 	     0.008799 
10600 	 14 	       19.202 	       18.883 	   0.94654 	   0.94657 	    0.004413 	     0.004387 	     0.008800 
10700 	 14 	       19.193 	       18.876 	   0.94657 	   0.94660 	    0.004413 	     0.004387 	     0.008800 
10800 	 14 	       19.185 	       18.869 	   0.94660 	   0.94663 	    0.004413 	     0.004387 	     0.008800 
10900 	 14 	       19.177 	       18.862 	   0.94663 	   0.94666 	    0.004413 	     0.004387 	     0.008799 
11000 	 14 	       19.096 	       18.790 	   0.94750 	   0.94753 	    0.004311 	     0.004286 	     0.008598 
11100 	 14 	       19.063 	       18.756 	   0.94778 	   0.94780 	    0.004314 	     0.004289 	     0.008603 
11200 	 14 	       19.048 	       18.743 	   0.94782 	   0.94784 	    0.004315 	     0.004290 	     0.008605 
11300 	 14 	       19.037 	       18.734 	   0.94784 	   0.94786 	    0.004317 	     0.004292 	     0.008608 
11400 	 14 	       19.028 	       18.728 	   0.94786 	   0.94788 	    0.004318 	     0.004293 	     0.008611 
11500 	 14 	       19.021 	       18.723 	   0.94788 	   0.94790 	    0.004319 	     0.004294 	     0.008613 
11600 	 14 	       19.014 	       18.718 	   0.94789 	   0.94791 	    0.004320 	     0.004295 	     0.008615 
11700 	 14 	       19.007 	       18.713 	   0.94791 	   0.94793 	    0.004321 	     0.004296 	     0.008617 
11800 	 14 	       19.001 	       18.708 	   0.94792 	   0.94794 	    0.004322 	     0.004297 	     0.008618 
11900 	 14 	       18.994 	       18.704 	   0.94794 	   0.94796 	    0.004323 	     0.004297 	     0.008620 
12000 	 14 	       18.924 	       18.640 	   0.94866 	   0.94867 	    0.004238 	     0.004213 	     0.008451 
12100 	 14 	       18.901 	       18.618 	   0.94890 	   0.94891 	    0.004238 	     0.004214 	     0.008452 
12200 	 14 	       18.890 	       18.609 	   0.94892 	   0.94893 	    0.004240 	     0.004216 	     0.008456 
12300 	 14 	       18.881 	       18.602 	   0.94893 	   0.94895 	    0.004242 	     0.004217 	     0.008459 
12400 	 14 	       18.875 	       18.596 	   0.94894 	   0.94896 	    0.004243 	     0.004218 	     0.008462 
12500 	 14 	       18.869 	       18.591 	   0.94895 	   0.94896 	    0.004244 	     0.004220 	     0.008464 
12600 	 14 	       18.863 	       18.587 	   0.94896 	   0.94897 	    0.004245 	     0.004221 	     0.008466 
12700 	 14 	       18.859 	       18.583 	   0.94897 	   0.94898 	    0.004246 	     0.004222 	     0.008468 
12800 	 14 	       18.854 	       18.580 	   0.94897 	   0.94899 	    0.004247 	     0.004222 	     0.008469 
12900 	 14 	       18.850 	       18.576 	   0.94898 	   0.94899 	    0.004248 	     0.004223 	     0.008470 
13000 	 14 	       18.790 	       18.519 	   0.94959 	   0.94960 	    0.004174 	     0.004150 	     0.008324 
13100 	 14 	       18.775 	       18.502 	   0.94981 	   0.94981 	    0.004172 	     0.004148 	     0.008319 
13200 	 14 	       18.768 	       18.496 	   0.94983 	   0.94984 	    0.004173 	     0.004149 	     0.008321 
13300 	 14 	       18.761 	       18.491 	   0.94985 	   0.94985 	    0.004173 	     0.004149 	     0.008323 
13400 	 14 	       18.756 	       18.486 	   0.94986 	   0.94987 	    0.004174 	     0.004150 	     0.008324 
13500 	 14 	       18.752 	       18.482 	   0.94987 	   0.94988 	    0.004174 	     0.004150 	     0.008325 
13600 	 14 	       18.749 	       18.478 	   0.94988 	   0.94989 	    0.004175 	     0.004151 	     0.008325 
13700 	 14 	       18.745 	       18.475 	   0.94989 	   0.94990 	    0.004175 	     0.004151 	     0.008326 
13800 	 14 	       18.743 	       18.472 	   0.94990 	   0.94991 	    0.004175 	     0.004151 	     0.008326 
13900 	 14 	       18.740 	       18.469 	   0.94991 	   0.94991 	    0.004175 	     0.004151 	     0.008326 
14000 	 14 	       18.687 	       18.418 	   0.95044 	   0.95044 	    0.004111 	     0.004087 	     0.008198 
14100 	 14 	       18.674 	       18.404 	   0.95064 	   0.95064 	    0.004105 	     0.004082 	     0.008187 
14200 	 14 	       18.669 	       18.400 	   0.95067 	   0.95067 	    0.004105 	     0.004082 	     0.008187 
14300 	 14 	       18.664 	       18.396 	   0.95069 	   0.95069 	    0.004105 	     0.004082 	     0.008187 
14400 	 14 	       18.660 	       18.392 	   0.95071 	   0.95070 	    0.004105 	     0.004082 	     0.008187 
14500 	 14 	       18.657 	       18.390 	   0.95072 	   0.95072 	    0.004105 	     0.004082 	     0.008187 
14600 	 14 	       18.655 	       18.387 	   0.95073 	   0.95073 	    0.004105 	     0.004082 	     0.008187 
14700 	 14 	       18.652 	       18.385 	   0.95074 	   0.95074 	    0.004105 	     0.004082 	     0.008187 
14800 	 14 	       18.650 	       18.383 	   0.95075 	   0.95075 	    0.004105 	     0.004082 	     0.008187 
14900 	 14 	       18.648 	       18.381 	   0.95076 	   0.95075 	    0.004105 	     0.004082 	     0.008187 
15000 	 14 	       18.598 	       18.334 	   0.95122 	   0.95121 	    0.004047 	     0.004025 	     0.008072 
15100 	 14 	       18.587 	       18.322 	   0.95141 	   0.95140 	    0.004040 	     0.004017 	     0.008056 
15200 	 14 	       18.582 	       18.319 	   0.95144 	   0.95143 	    0.004039 	     0.004016 	     0.008056 
15300 	 14 	       18.578 	       18.315 	   0.95146 	   0.95145 	    0.004039 	     0.004016 	     0.008055 
15400 	 14 	       18.575 	       18.313 	   0.95147 	   0.95147 	    0.004039 	     0.004016 	     0.008054 
15500 	 14 	       18.572 	       18.311 	   0.95149 	   0.95148 	    0.004038 	     0.004016 	     0.008054 
15600 	 14 	       18.571 	       18.309 	   0.95150 	   0.95149 	    0.004038 	     0.004016 	     0.008054 
15700 	 14 	       18.569 	       18.308 	   0.95150 	   0.95150 	    0.004038 	     0.004015 	     0.008054 
15800 	 14 	       18.568 	       18.306 	   0.95151 	   0.95150 	    0.004038 	     0.004015 	     0.008054 
15900 	 14 	       18.567 	       18.305 	   0.95152 	   0.95151 	    0.004038 	     0.004015 	     0.008054 
16000 	 14 	       18.521 	       18.260 	   0.95192 	   0.95191 	    0.003986 	     0.003964 	     0.007950 
16100 	 14 	       18.508 	       18.248 	   0.95210 	   0.95209 	    0.003976 	     0.003954 	     0.007930 
16200 	 14 	       18.505 	       18.245 	   0.95214 	   0.95212 	    0.003975 	     0.003953 	     0.007928 
16300 	 14 	       18.502 	       18.242 	   0.95215 	   0.95214 	    0.003975 	     0.003952 	     0.007927 
16400 	 14 	       18.500 	       18.240 	   0.95217 	   0.95216 	    0.003974 	     0.003952 	     0.007926 
16500 	 14 	       18.499 	       18.238 	   0.95218 	   0.95217 	    0.003974 	     0.003952 	     0.007925 
16600 	 14 	       18.498 	       18.237 	   0.95219 	   0.95218 	    0.003974 	     0.003951 	     0.007925 
16700 	 14 	       18.497 	       18.235 	   0.95219 	   0.95218 	    0.003973 	     0.003951 	     0.007925 
16800 	 14 	       18.497 	       18.234 	   0.95220 	   0.95219 	    0.003973 	     0.003951 	     0.007924 
16900 	 14 	       18.497 	       18.233 	   0.95221 	   0.95220 	    0.003973 	     0.003951 	     0.007924 
17000 	 14 	       18.454 	       18.191 	   0.95257 	   0.95256 	    0.003926 	     0.003904 	     0.007829 
17100 	 14 	       18.440 	       18.178 	   0.95274 	   0.95273 	    0.003914 	     0.003893 	     0.007807 
17200 	 14 	       18.438 	       18.175 	   0.95277 	   0.95276 	    0.003913 	     0.003891 	     0.007804 
17300 	 14 	       18.436 	       18.173 	   0.95279 	   0.95278 	    0.003912 	     0.003890 	     0.007802 
17400 	 14 	       18.434 	       18.172 	   0.95280 	   0.95279 	    0.003912 	     0.003890 	     0.007801 
17500 	 14 	       18.434 	       18.171 	   0.95281 	   0.95280 	    0.003911 	     0.003889 	     0.007800 
17600 	 14 	       18.433 	       18.170 	   0.95282 	   0.95281 	    0.003911 	     0.003889 	     0.007800 
17700 	 14 	       18.433 	       18.169 	   0.95283 	   0.95282 	    0.003911 	     0.003889 	     0.007799 
17800 	 14 	       18.433 	       18.168 	   0.95283 	   0.95283 	    0.003910 	     0.003888 	     0.007799 
17900 	 14 	       18.433 	       18.168 	   0.95284 	   0.95283 	    0.003910 	     0.003888 	     0.007799 
18000 	 14 	       18.393 	       18.126 	   0.95316 	   0.95315 	    0.003867 	     0.003845 	     0.007711 
18100 	 14 	       18.379 	       18.113 	   0.95333 	   0.95332 	    0.003854 	     0.003833 	     0.007687 
18200 	 14 	       18.377 	       18.111 	   0.95336 	   0.95335 	    0.003853 	     0.003831 	     0.007684 
18300 	 14 	       18.375 	       18.109 	   0.95338 	   0.95337 	    0.003852 	     0.003830 	     0.007682 
18400 	 14 	       18.374 	       18.108 	   0.95339 	   0.95338 	    0.003851 	     0.003829 	     0.007681 
18500 	 14 	       18.374 	       18.107 	   0.95340 	   0.95339 	    0.003851 	     0.003829 	     0.007680 
18600 	 14 	       18.373 	       18.107 	   0.95341 	   0.95340 	    0.003850 	     0.003829 	     0.007679 
18700 	 14 	       18.374 	       18.107 	   0.95341 	   0.95341 	    0.003850 	     0.003828 	     0.007679 
18800 	 14 	       18.374 	       18.106 	   0.95342 	   0.95341 	    0.003850 	     0.003828 	     0.007678 
18900 	 14 	       18.374 	       18.106 	   0.95342 	   0.95342 	    0.003850 	     0.003828 	     0.007678 
19000 	 14 	       18.335 	       18.066 	   0.95371 	   0.95371 	    0.003810 	     0.003788 	     0.007598 
19100 	 14 	       18.321 	       18.053 	   0.95387 	   0.95386 	    0.003797 	     0.003775 	     0.007572 
19200 	 14 	       18.320 	       18.052 	   0.95390 	   0.95389 	    0.003795 	     0.003774 	     0.007569 
19300 	 14 	       18.318 	       18.051 	   0.95391 	   0.95391 	    0.003794 	     0.003773 	     0.007567 
19400 	 14 	       18.318 	       18.050 	   0.95393 	   0.95392 	    0.003794 	     0.003772 	     0.007566 
19500 	 14 	       18.318 	       18.049 	   0.95394 	   0.95393 	    0.003793 	     0.003772 	     0.007565 
19600 	 14 	       18.318 	       18.049 	   0.95394 	   0.95394 	    0.003793 	     0.003771 	     0.007565 
19700 	 14 	       18.318 	       18.049 	   0.95395 	   0.95395 	    0.003793 	     0.003771 	     0.007564 
19800 	 14 	       18.318 	       18.049 	   0.95395 	   0.95395 	    0.003793 	     0.003771 	     0.007564 
19900 	 14 	       18.318 	       18.050 	   0.95395 	   0.95395 	    0.003793 	     0.003771 	     0.007564 
20000 	 14 	       18.280 	       18.011 	   0.95422 	   0.95422 	    0.003755 	     0.003734 	     0.007489 
100 	 15 	       31.204 	       30.873 	   0.77605 	   0.77612 	    0.024615 	     0.024492 	     0.049107 
200 	 15 	       37.503 	       37.261 	   0.78514 	   0.78517 	    0.029978 	     0.029831 	     0.059809 
300 	 15 	       37.569 	       37.405 	   0.78030 	   0.78030 	    0.030023 	     0.029880 	     0.059903 
400 	 15 	       37.934 	       37.817 	   0.78138 	   0.78123 	    0.030128 	     0.029998 	     0.060125 
500 	 15 	       39.323 	       39.220 	   0.78321 	   0.78290 	    0.031776 	     0.031647 	     0.063424 
600 	 15 	       39.638 	       39.518 	   0.78479 	   0.78435 	    0.032231 	     0.032109 	     0.064340 
700 	 15 	       39.490 	       39.344 	   0.78460 	   0.78408 	    0.031996 	     0.031885 	     0.063881 
800 	 15 	       39.274 	       39.116 	   0.78421 	   0.78365 	    0.031733 	     0.031632 	     0.063364 
900 	 15 	       39.115 	       38.957 	   0.78386 	   0.78325 	    0.031644 	     0.031551 	     0.063195 
1000 	 15 	       31.190 	       31.013 	   0.84626 	   0.84552 	    0.018102 	     0.018084 	     0.036186 
1100 	 15 	       27.951 	       27.611 	   0.85948 	   0.85882 	    0.015750 	     0.015747 	     0.031497 
1200 	 15 	       26.779 	       26.403 	   0.86467 	   0.86417 	    0.014613 	     0.014602 	     0.029215 
1300 	 15 	       26.441 	       26.060 	   0.86611 	   0.86565 	    0.014338 	     0.014326 	     0.028664 
1400 	 15 	       26.207 	       25.834 	   0.86808 	   0.86762 	    0.014044 	     0.014033 	     0.028077 
1500 	 15 	       26.047 	       25.685 	   0.86956 	   0.86911 	    0.013810 	     0.013799 	     0.027610 
1600 	 15 	       25.963 	       25.609 	   0.87069 	   0.87023 	    0.013670 	     0.013660 	     0.027331 
1700 	 15 	       25.925 	       25.574 	   0.87157 	   0.87112 	    0.013589 	     0.013580 	     0.027169 
1800 	 15 	       25.903 	       25.551 	   0.87230 	   0.87184 	    0.013537 	     0.013529 	     0.027065 
1900 	 15 	       25.872 	       25.520 	   0.87295 	   0.87248 	    0.013488 	     0.013481 	     0.026969 
2000 	 15 	       23.774 	       23.429 	   0.89340 	   0.89296 	    0.010473 	     0.010474 	     0.020947 
2100 	 15 	       23.261 	       22.880 	   0.90250 	   0.90214 	    0.009867 	     0.009860 	     0.019726 
2200 	 15 	       23.045 	       22.668 	   0.90370 	   0.90336 	    0.009645 	     0.009637 	     0.019282 
2300 	 15 	       22.819 	       22.445 	   0.90511 	   0.90480 	    0.009387 	     0.009378 	     0.018765 
2400 	 15 	       22.691 	       22.319 	   0.90642 	   0.90612 	    0.009207 	     0.009197 	     0.018403 
2500 	 15 	       22.640 	       22.270 	   0.90736 	   0.90709 	    0.009111 	     0.009100 	     0.018211 
2600 	 15 	       22.625 	       22.259 	   0.90788 	   0.90762 	    0.009075 	     0.009063 	     0.018138 
2700 	 15 	       22.609 	       22.247 	   0.90809 	   0.90784 	    0.009057 	     0.009046 	     0.018103 
2800 	 15 	       22.562 	       22.210 	   0.90825 	   0.90801 	    0.009018 	     0.009006 	     0.018024 
2900 	 15 	       22.501 	       22.156 	   0.90853 	   0.90830 	    0.008954 	     0.008942 	     0.017896 
3000 	 15 	       21.597 	       21.262 	   0.91747 	   0.91730 	    0.007605 	     0.007594 	     0.015200 
3100 	 15 	       21.346 	       20.988 	   0.92141 	   0.92125 	    0.007287 	     0.007274 	     0.014561 
3200 	 15 	       21.309 	       20.960 	   0.92153 	   0.92140 	    0.007257 	     0.007242 	     0.014499 
3300 	 15 	       21.253 	       20.911 	   0.92172 	   0.92160 	    0.007205 	     0.007190 	     0.014395 
3400 	 15 	       21.208 	       20.871 	   0.92204 	   0.92193 	    0.007152 	     0.007136 	     0.014288 
3500 	 15 	       21.176 	       20.845 	   0.92236 	   0.92227 	    0.007110 	     0.007093 	     0.014202 
3600 	 15 	       21.153 	       20.827 	   0.92262 	   0.92254 	    0.007077 	     0.007060 	     0.014137 
3700 	 15 	       21.134 	       20.811 	   0.92282 	   0.92275 	    0.007050 	     0.007032 	     0.014082 
3800 	 15 	       21.114 	       20.795 	   0.92300 	   0.92294 	    0.007025 	     0.007006 	     0.014032 
3900 	 15 	       21.094 	       20.777 	   0.92316 	   0.92311 	    0.007001 	     0.006981 	     0.013982 
4000 	 15 	       20.530 	       20.218 	   0.92802 	   0.92801 	    0.006232 	     0.006213 	     0.012445 
4100 	 15 	       20.368 	       20.040 	   0.93027 	   0.93026 	    0.006076 	     0.006055 	     0.012131 
4200 	 15 	       20.336 	       20.011 	   0.93034 	   0.93034 	    0.006054 	     0.006033 	     0.012088 
4300 	 15 	       20.309 	       19.985 	   0.93047 	   0.93048 	    0.006030 	     0.006009 	     0.012039 
4400 	 15 	       20.284 	       19.963 	   0.93066 	   0.93068 	    0.006004 	     0.005982 	     0.011986 
4500 	 15 	       20.261 	       19.943 	   0.93087 	   0.93089 	    0.005978 	     0.005955 	     0.011934 
4600 	 15 	       20.241 	       19.924 	   0.93107 	   0.93110 	    0.005954 	     0.005931 	     0.011885 
4700 	 15 	       20.222 	       19.907 	   0.93125 	   0.93130 	    0.005932 	     0.005908 	     0.011841 
4800 	 15 	       20.204 	       19.891 	   0.93142 	   0.93147 	    0.005912 	     0.005887 	     0.011799 
4900 	 15 	       20.186 	       19.875 	   0.93158 	   0.93164 	    0.005893 	     0.005868 	     0.011761 
5000 	 15 	       19.849 	       19.542 	   0.93442 	   0.93450 	    0.005429 	     0.005404 	     0.010832 
5100 	 15 	       19.759 	       19.443 	   0.93619 	   0.93626 	    0.005322 	     0.005298 	     0.010620 
5200 	 15 	       19.746 	       19.430 	   0.93627 	   0.93635 	    0.005310 	     0.005285 	     0.010595 
5300 	 15 	       19.736 	       19.420 	   0.93632 	   0.93641 	    0.005300 	     0.005275 	     0.010575 
5400 	 15 	       19.724 	       19.408 	   0.93641 	   0.93650 	    0.005287 	     0.005262 	     0.010549 
5500 	 15 	       19.710 	       19.394 	   0.93653 	   0.93663 	    0.005272 	     0.005246 	     0.010518 
5600 	 15 	       19.695 	       19.380 	   0.93668 	   0.93678 	    0.005256 	     0.005229 	     0.010485 
5700 	 15 	       19.682 	       19.368 	   0.93684 	   0.93695 	    0.005239 	     0.005212 	     0.010451 
5800 	 15 	       19.671 	       19.357 	   0.93703 	   0.93714 	    0.005222 	     0.005194 	     0.010417 
5900 	 15 	       19.663 	       19.349 	   0.93723 	   0.93735 	    0.005205 	     0.005177 	     0.010383 
6000 	 15 	       19.431 	       19.115 	   0.93910 	   0.93923 	    0.004909 	     0.004881 	     0.009790 
6100 	 15 	       19.389 	       19.068 	   0.94090 	   0.94103 	    0.004812 	     0.004784 	     0.009596 
6200 	 15 	       19.402 	       19.080 	   0.94129 	   0.94143 	    0.004797 	     0.004768 	     0.009564 
6300 	 15 	       19.402 	       19.078 	   0.94146 	   0.94161 	    0.004788 	     0.004758 	     0.009547 
6400 	 15 	       19.386 	       19.058 	   0.94150 	   0.94166 	    0.004780 	     0.004749 	     0.009529 
6500 	 15 	       19.363 	       19.030 	   0.94156 	   0.94173 	    0.004765 	     0.004735 	     0.009500 
6600 	 15 	       19.340 	       19.007 	   0.94167 	   0.94184 	    0.004747 	     0.004717 	     0.009464 
6700 	 15 	       19.323 	       18.991 	   0.94180 	   0.94197 	    0.004729 	     0.004699 	     0.009428 
6800 	 15 	       19.310 	       18.980 	   0.94193 	   0.94210 	    0.004713 	     0.004682 	     0.009395 
6900 	 15 	       19.301 	       18.972 	   0.94205 	   0.94222 	    0.004698 	     0.004668 	     0.009366 
7000 	 15 	       19.111 	       18.783 	   0.94331 	   0.94349 	    0.004488 	     0.004458 	     0.008946 
7100 	 15 	       19.063 	       18.732 	   0.94449 	   0.94467 	    0.004423 	     0.004393 	     0.008816 
7200 	 15 	       19.072 	       18.738 	   0.94446 	   0.94464 	    0.004423 	     0.004393 	     0.008816 
7300 	 15 	       19.079 	       18.743 	   0.94441 	   0.94460 	    0.004422 	     0.004392 	     0.008815 
7400 	 15 	       19.082 	       18.745 	   0.94439 	   0.94458 	    0.004419 	     0.004389 	     0.008808 
7500 	 15 	       19.083 	       18.747 	   0.94440 	   0.94459 	    0.004414 	     0.004384 	     0.008798 
7600 	 15 	       19.083 	       18.748 	   0.94443 	   0.94462 	    0.004408 	     0.004379 	     0.008787 
7700 	 15 	       19.083 	       18.749 	   0.94447 	   0.94465 	    0.004403 	     0.004373 	     0.008776 
7800 	 15 	       19.083 	       18.750 	   0.94450 	   0.94469 	    0.004397 	     0.004368 	     0.008766 
7900 	 15 	       19.084 	       18.752 	   0.94454 	   0.94472 	    0.004393 	     0.004364 	     0.008756 
8000 	 15 	       18.939 	       18.612 	   0.94541 	   0.94559 	    0.004250 	     0.004222 	     0.008471 
8100 	 15 	       18.889 	       18.559 	   0.94630 	   0.94648 	    0.004199 	     0.004171 	     0.008370 
8200 	 15 	       18.894 	       18.562 	   0.94626 	   0.94643 	    0.004198 	     0.004171 	     0.008369 
8300 	 15 	       18.896 	       18.566 	   0.94622 	   0.94639 	    0.004196 	     0.004169 	     0.008365 
8400 	 15 	       18.895 	       18.568 	   0.94622 	   0.94638 	    0.004192 	     0.004166 	     0.008357 
8500 	 15 	       18.892 	       18.569 	   0.94624 	   0.94639 	    0.004187 	     0.004161 	     0.008348 
8600 	 15 	       18.888 	       18.568 	   0.94627 	   0.94641 	    0.004182 	     0.004156 	     0.008338 
8700 	 15 	       18.882 	       18.565 	   0.94630 	   0.94644 	    0.004176 	     0.004152 	     0.008328 
8800 	 15 	       18.876 	       18.562 	   0.94634 	   0.94648 	    0.004171 	     0.004147 	     0.008318 
8900 	 15 	       18.869 	       18.558 	   0.94637 	   0.94651 	    0.004166 	     0.004143 	     0.008309 
9000 	 15 	       18.751 	       18.446 	   0.94707 	   0.94720 	    0.004060 	     0.004037 	     0.008096 
9100 	 15 	       18.683 	       18.374 	   0.94782 	   0.94794 	    0.004014 	     0.003992 	     0.008006 
9200 	 15 	       18.674 	       18.365 	   0.94780 	   0.94792 	    0.004011 	     0.003989 	     0.008000 
9300 	 15 	       18.666 	       18.359 	   0.94779 	   0.94791 	    0.004007 	     0.003986 	     0.007993 
9400 	 15 	       18.658 	       18.353 	   0.94780 	   0.94791 	    0.004004 	     0.003982 	     0.007986 
9500 	 15 	       18.649 	       18.346 	   0.94782 	   0.94793 	    0.004000 	     0.003979 	     0.007979 
9600 	 15 	       18.641 	       18.340 	   0.94785 	   0.94795 	    0.003996 	     0.003976 	     0.007971 
9700 	 15 	       18.632 	       18.333 	   0.94788 	   0.94798 	    0.003992 	     0.003972 	     0.007965 
9800 	 15 	       18.624 	       18.327 	   0.94791 	   0.94800 	    0.003989 	     0.003969 	     0.007958 
9900 	 15 	       18.616 	       18.321 	   0.94794 	   0.94802 	    0.003986 	     0.003966 	     0.007952 
10000 	 15 	       18.521 	       18.228 	   0.94850 	   0.94858 	    0.003905 	     0.003886 	     0.007791 
10100 	 15 	       18.453 	       18.159 	   0.94912 	   0.94921 	    0.003867 	     0.003848 	     0.007715 
10200 	 15 	       18.443 	       18.149 	   0.94912 	   0.94919 	    0.003864 	     0.003846 	     0.007710 
10300 	 15 	       18.435 	       18.142 	   0.94911 	   0.94919 	    0.003862 	     0.003844 	     0.007705 
10400 	 15 	       18.427 	       18.136 	   0.94912 	   0.94919 	    0.003859 	     0.003841 	     0.007700 
10500 	 15 	       18.419 	       18.130 	   0.94914 	   0.94921 	    0.003856 	     0.003839 	     0.007695 
10600 	 15 	       18.411 	       18.124 	   0.94916 	   0.94922 	    0.003853 	     0.003836 	     0.007689 
10700 	 15 	       18.404 	       18.118 	   0.94918 	   0.94924 	    0.003850 	     0.003834 	     0.007684 
10800 	 15 	       18.396 	       18.113 	   0.94921 	   0.94926 	    0.003848 	     0.003831 	     0.007679 
10900 	 15 	       18.389 	       18.108 	   0.94923 	   0.94928 	    0.003845 	     0.003829 	     0.007675 
11000 	 15 	       18.311 	       18.031 	   0.94971 	   0.94976 	    0.003781 	     0.003766 	     0.007548 
11100 	 15 	       18.249 	       17.968 	   0.95024 	   0.95028 	    0.003749 	     0.003734 	     0.007483 
11200 	 15 	       18.242 	       17.963 	   0.95024 	   0.95028 	    0.003747 	     0.003732 	     0.007479 
11300 	 15 	       18.237 	       17.959 	   0.95024 	   0.95028 	    0.003745 	     0.003730 	     0.007475 
11400 	 15 	       18.232 	       17.956 	   0.95025 	   0.95029 	    0.003743 	     0.003728 	     0.007471 
11500 	 15 	       18.226 	       17.952 	   0.95026 	   0.95030 	    0.003741 	     0.003726 	     0.007467 
11600 	 15 	       18.221 	       17.948 	   0.95027 	   0.95031 	    0.003739 	     0.003724 	     0.007463 
11700 	 15 	       18.215 	       17.944 	   0.95029 	   0.95033 	    0.003737 	     0.003722 	     0.007459 
11800 	 15 	       18.209 	       17.940 	   0.95031 	   0.95034 	    0.003735 	     0.003721 	     0.007455 
11900 	 15 	       18.204 	       17.936 	   0.95033 	   0.95036 	    0.003733 	     0.003719 	     0.007452 
12000 	 15 	       18.136 	       17.870 	   0.95075 	   0.95078 	    0.003681 	     0.003668 	     0.007348 
12100 	 15 	       18.083 	       17.818 	   0.95120 	   0.95122 	    0.003653 	     0.003640 	     0.007293 
12200 	 15 	       18.079 	       17.814 	   0.95120 	   0.95123 	    0.003652 	     0.003639 	     0.007290 
12300 	 15 	       18.075 	       17.812 	   0.95121 	   0.95123 	    0.003650 	     0.003637 	     0.007287 
12400 	 15 	       18.071 	       17.809 	   0.95121 	   0.95123 	    0.003648 	     0.003636 	     0.007284 
12500 	 15 	       18.067 	       17.806 	   0.95122 	   0.95124 	    0.003647 	     0.003634 	     0.007281 
12600 	 15 	       18.062 	       17.803 	   0.95124 	   0.95125 	    0.003645 	     0.003633 	     0.007278 
12700 	 15 	       18.057 	       17.800 	   0.95125 	   0.95127 	    0.003644 	     0.003631 	     0.007275 
12800 	 15 	       18.053 	       17.796 	   0.95127 	   0.95128 	    0.003642 	     0.003630 	     0.007272 
12900 	 15 	       18.048 	       17.792 	   0.95128 	   0.95129 	    0.003641 	     0.003629 	     0.007270 
13000 	 15 	       17.989 	       17.734 	   0.95166 	   0.95166 	    0.003598 	     0.003586 	     0.007184 
13100 	 15 	       17.942 	       17.688 	   0.95204 	   0.95205 	    0.003574 	     0.003562 	     0.007136 
13200 	 15 	       17.938 	       17.684 	   0.95205 	   0.95206 	    0.003573 	     0.003561 	     0.007133 
13300 	 15 	       17.935 	       17.680 	   0.95205 	   0.95206 	    0.003571 	     0.003560 	     0.007131 
13400 	 15 	       17.931 	       17.677 	   0.95206 	   0.95207 	    0.003570 	     0.003559 	     0.007129 
13500 	 15 	       17.926 	       17.674 	   0.95207 	   0.95208 	    0.003569 	     0.003557 	     0.007126 
13600 	 15 	       17.922 	       17.670 	   0.95208 	   0.95209 	    0.003568 	     0.003556 	     0.007124 
13700 	 15 	       17.917 	       17.666 	   0.95209 	   0.95210 	    0.003566 	     0.003555 	     0.007122 
13800 	 15 	       17.912 	       17.662 	   0.95211 	   0.95211 	    0.003565 	     0.003554 	     0.007119 
13900 	 15 	       17.907 	       17.658 	   0.95212 	   0.95212 	    0.003564 	     0.003553 	     0.007117 
14000 	 15 	       17.857 	       17.606 	   0.95246 	   0.95245 	    0.003527 	     0.003517 	     0.007044 
14100 	 15 	       17.813 	       17.563 	   0.95278 	   0.95278 	    0.003507 	     0.003496 	     0.007003 
14200 	 15 	       17.809 	       17.558 	   0.95280 	   0.95280 	    0.003506 	     0.003495 	     0.007000 
14300 	 15 	       17.805 	       17.555 	   0.95280 	   0.95280 	    0.003505 	     0.003494 	     0.006998 
14400 	 15 	       17.802 	       17.552 	   0.95281 	   0.95281 	    0.003504 	     0.003493 	     0.006996 
14500 	 15 	       17.798 	       17.548 	   0.95282 	   0.95282 	    0.003503 	     0.003492 	     0.006994 
14600 	 15 	       17.795 	       17.545 	   0.95283 	   0.95283 	    0.003502 	     0.003491 	     0.006992 
14700 	 15 	       17.791 	       17.542 	   0.95284 	   0.95284 	    0.003501 	     0.003490 	     0.006991 
14800 	 15 	       17.788 	       17.539 	   0.95285 	   0.95285 	    0.003500 	     0.003489 	     0.006989 
14900 	 15 	       17.784 	       17.536 	   0.95286 	   0.95286 	    0.003499 	     0.003488 	     0.006987 
15000 	 15 	       17.740 	       17.489 	   0.95316 	   0.95316 	    0.003467 	     0.003457 	     0.006924 
15100 	 15 	       17.701 	       17.451 	   0.95344 	   0.95344 	    0.003449 	     0.003439 	     0.006888 
15200 	 15 	       17.698 	       17.447 	   0.95346 	   0.95346 	    0.003448 	     0.003438 	     0.006886 
15300 	 15 	       17.696 	       17.445 	   0.95347 	   0.95346 	    0.003447 	     0.003437 	     0.006884 
15400 	 15 	       17.694 	       17.443 	   0.95347 	   0.95347 	    0.003446 	     0.003436 	     0.006882 
15500 	 15 	       17.692 	       17.441 	   0.95348 	   0.95348 	    0.003446 	     0.003435 	     0.006881 
15600 	 15 	       17.690 	       17.439 	   0.95349 	   0.95348 	    0.003445 	     0.003434 	     0.006879 
15700 	 15 	       17.688 	       17.438 	   0.95349 	   0.95349 	    0.003444 	     0.003434 	     0.006878 
15800 	 15 	       17.685 	       17.436 	   0.95350 	   0.95350 	    0.003443 	     0.003433 	     0.006876 
15900 	 15 	       17.683 	       17.434 	   0.95351 	   0.95351 	    0.003443 	     0.003432 	     0.006875 
16000 	 15 	       17.643 	       17.393 	   0.95379 	   0.95378 	    0.003415 	     0.003405 	     0.006820 
16100 	 15 	       17.607 	       17.358 	   0.95403 	   0.95403 	    0.003399 	     0.003389 	     0.006788 
16200 	 15 	       17.604 	       17.355 	   0.95405 	   0.95404 	    0.003398 	     0.003388 	     0.006786 
16300 	 15 	       17.601 	       17.353 	   0.95406 	   0.95405 	    0.003397 	     0.003387 	     0.006784 
16400 	 15 	       17.599 	       17.351 	   0.95406 	   0.95406 	    0.003397 	     0.003386 	     0.006783 
16500 	 15 	       17.597 	       17.348 	   0.95407 	   0.95407 	    0.003396 	     0.003385 	     0.006781 
16600 	 15 	       17.595 	       17.346 	   0.95408 	   0.95407 	    0.003395 	     0.003385 	     0.006780 
16700 	 15 	       17.592 	       17.344 	   0.95409 	   0.95408 	    0.003394 	     0.003384 	     0.006779 
16800 	 15 	       17.590 	       17.341 	   0.95409 	   0.95409 	    0.003394 	     0.003383 	     0.006777 
16900 	 15 	       17.588 	       17.339 	   0.95410 	   0.95409 	    0.003393 	     0.003383 	     0.006776 
17000 	 15 	       17.550 	       17.299 	   0.95435 	   0.95435 	    0.003369 	     0.003359 	     0.006728 
17100 	 15 	       17.517 	       17.267 	   0.95457 	   0.95456 	    0.003355 	     0.003344 	     0.006699 
17200 	 15 	       17.513 	       17.262 	   0.95459 	   0.95458 	    0.003354 	     0.003343 	     0.006697 
17300 	 15 	       17.511 	       17.259 	   0.95460 	   0.95459 	    0.003353 	     0.003343 	     0.006695 
17400 	 15 	       17.509 	       17.257 	   0.95461 	   0.95460 	    0.003352 	     0.003342 	     0.006694 
17500 	 15 	       17.507 	       17.255 	   0.95461 	   0.95461 	    0.003351 	     0.003341 	     0.006692 
17600 	 15 	       17.505 	       17.253 	   0.95462 	   0.95462 	    0.003351 	     0.003340 	     0.006691 
17700 	 15 	       17.503 	       17.251 	   0.95463 	   0.95462 	    0.003350 	     0.003340 	     0.006690 
17800 	 15 	       17.501 	       17.248 	   0.95464 	   0.95463 	    0.003349 	     0.003339 	     0.006688 
17900 	 15 	       17.499 	       17.246 	   0.95465 	   0.95464 	    0.003349 	     0.003338 	     0.006687 
18000 	 15 	       17.464 	       17.210 	   0.95488 	   0.95487 	    0.003327 	     0.003317 	     0.006644 
18100 	 15 	       17.434 	       17.180 	   0.95507 	   0.95506 	    0.003314 	     0.003304 	     0.006618 
18200 	 15 	       17.431 	       17.176 	   0.95509 	   0.95508 	    0.003313 	     0.003303 	     0.006616 
18300 	 15 	       17.429 	       17.173 	   0.95510 	   0.95510 	    0.003312 	     0.003302 	     0.006614 
18400 	 15 	       17.427 	       17.171 	   0.95511 	   0.95511 	    0.003311 	     0.003301 	     0.006612 
18500 	 15 	       17.426 	       17.169 	   0.95512 	   0.95512 	    0.003310 	     0.003300 	     0.006611 
18600 	 15 	       17.425 	       17.167 	   0.95513 	   0.95513 	    0.003310 	     0.003300 	     0.006609 
18700 	 15 	       17.423 	       17.165 	   0.95514 	   0.95514 	    0.003309 	     0.003299 	     0.006608 
18800 	 15 	       17.422 	       17.162 	   0.95515 	   0.95515 	    0.003308 	     0.003298 	     0.006606 
18900 	 15 	       17.421 	       17.160 	   0.95516 	   0.95516 	    0.003307 	     0.003297 	     0.006604 
19000 	 15 	       17.389 	       17.126 	   0.95538 	   0.95537 	    0.003288 	     0.003278 	     0.006566 
19100 	 15 	       17.361 	       17.099 	   0.95555 	   0.95554 	    0.003276 	     0.003266 	     0.006542 
19200 	 15 	       17.358 	       17.095 	   0.95557 	   0.95556 	    0.003275 	     0.003265 	     0.006540 
19300 	 15 	       17.356 	       17.092 	   0.95559 	   0.95558 	    0.003274 	     0.003264 	     0.006538 
19400 	 15 	       17.354 	       17.090 	   0.95560 	   0.95559 	    0.003273 	     0.003263 	     0.006536 
19500 	 15 	       17.352 	       17.087 	   0.95561 	   0.95560 	    0.003272 	     0.003262 	     0.006534 
19600 	 15 	       17.351 	       17.085 	   0.95563 	   0.95562 	    0.003271 	     0.003261 	     0.006532 
19700 	 15 	       17.349 	       17.083 	   0.95564 	   0.95563 	    0.003270 	     0.003260 	     0.006530 
19800 	 15 	       17.347 	       17.081 	   0.95565 	   0.95564 	    0.003269 	     0.003259 	     0.006528 
19900 	 15 	       17.345 	       17.078 	   0.95566 	   0.95565 	    0.003268 	     0.003258 	     0.006526 
20000 	 15 	       17.314 	       17.047 	   0.95587 	   0.95585 	    0.003250 	     0.003241 	     0.006491 
100 	 16 	       31.565 	       31.388 	   0.80390 	   0.80311 	    0.024358 	     0.024315 	     0.048673 
