  1.3894e+000  3.2733e+001 -7.9740e+000 -1.2537e+000 -1.1917e+001
  5.5686e+000  4.2344e-001 -9.4328e+000  9.7944e-001 -4.2272e+000
  9.4900e+000 -9.3298e+000 -1.0947e+001 -3.8522e+000 -1.9691e+000
 -7.1476e-001
  5.3532e+000
 1.07693892e+001 1.07701349e+001  1.07706878e+001 2.22084691e+001 2.22086422e+001  2.22087587e+001 -4.00650281e+000 -4.00648134e+000  -4.00648574e+000 -5.29920234e+000 -5.29916786e+000  -5.29913846e+000 6.71263721e+000 6.71286064e+000  6.71307534e+000
 1.48317888e+001 1.48319139e+001  1.48320137e+001 1.25138582e+001 1.25138604e+001  1.25138620e+001 9.94306831e-001 9.94306831e-001  9.94306831e-001 -1.44266722e+001 -1.44266723e+001  -1.44266727e+001 2.77241985e+000 2.77138035e+000  2.77067420e+000
 -1.81705839e+001 -1.81705839e+001  -1.81705839e+001 3.34536451e-001 3.34522649e-001  3.34513824e-001 4.06859300e+000 4.06861082e+000  4.06859418e+000 -1.78124433e+000 -1.78124448e+000  -1.78124522e+000 2.99115345e-001 2.99110476e-001  2.99107500e-001
 4.15959542e-001 4.16052163e-001  4.16117165e-001
 -1.95208998e+000 -1.95208998e+000  -1.95208998e+000 -1.75998582e+001 -1.75998582e+001  -1.75998582e+001 -2.03268400e+001 -2.03268400e+001  -2.03268400e+001 6.58071054e+000 6.58071054e+000  6.58071054e+000 4.04162421e+000 4.04162421e+000  4.04162421e+000
 -4.06800829e+000 -4.06800829e+000  -4.06800829e+000 3.46423671e+000 3.46423671e+000  3.46423671e+000 -4.85858200e+000 -4.85858200e+000  -4.85858200e+000 -2.88228605e+000 -2.88228605e+000  -2.88228605e+000 -1.01223606e+001 -1.01223606e+001  -1.01223606e+001
 3.13014218e+001 3.13014218e+001  3.13014218e+001 -7.47130175e+000 -7.47130175e+000  -7.47130175e+000 -1.94819255e+001 -1.94819255e+001  -1.94819255e+001 -9.90840592e+000 -9.90840592e+000  -9.90840592e+000 4.26517245e-001 4.26517245e-001  4.26517245e-001
 5.38427582e-001 5.38427582e-001  5.38427582e-001
 -1.20855032e+001 -1.20855032e+001  -1.20855032e+001 9.42172679e+000 9.42172679e+000  9.42172679e+000 -5.09048702e-001 -5.09048659e-001  -5.09048553e-001 5.35165112e+000 5.35165120e+000  5.35165139e+000 -6.96070403e+000 -6.96070403e+000  -6.96070402e+000
 1.17656243e-001 1.17656243e-001  1.17656243e-001 -7.54972375e-001 -7.54972375e-001  -7.54972375e-001 -3.72332695e+000 -3.72332695e+000  -3.72332695e+000 7.16632690e-001 7.16632690e-001  7.16632692e-001 -5.97694733e-001 -5.97694733e-001  -5.97694733e-001
 -7.38641169e-001 -7.38641169e-001  -7.38641169e-001 2.70799055e+000 2.70799055e+000  2.70799054e+000 1.94696052e+000 1.94696054e+000  1.94696058e+000 1.80447683e+000 1.80447683e+000  1.80447683e+000 -2.97062631e+000 -2.97062631e+000  -2.97062632e+000
 -3.42038034e-001 -3.42037882e-001  -3.42037502e-001
 -1.24012993e+001 -1.24012993e+001  -1.24012993e+001 3.26775910e+000 3.26775910e+000  3.26775910e+000 4.35094622e+000 4.35094622e+000  4.35094622e+000 -3.98812934e+000 -3.98812934e+000  -3.98812934e+000 -2.13638317e+001 -2.13638317e+001  -2.13638317e+001
 2.30195452e+000 2.30195452e+000  2.30195452e+000 -3.20916319e+000 -3.20916319e+000  -3.20916319e+000 -1.32468956e+001 -1.32468956e+001  -1.32468956e+001 1.17073186e+001 1.17073186e+001  1.17073186e+001 -2.71511374e+000 -2.71511374e+000  -2.71511374e+000
 -1.27462477e+001 -1.27462477e+001  -1.27462477e+001 -5.02124390e+000 -5.02124390e+000  -5.02124390e+000 -2.08837223e-001 -2.08837223e-001  -2.08837223e-001 4.23455045e+000 4.23455045e+000  4.23455045e+000 -1.33485122e+000 -1.33485122e+000  -1.33485122e+000
 -1.50465115e+000 -1.50465115e+000  -1.50465115e+000
 1.78972315e+001 1.78972315e+001  1.78972315e+001 2.17750079e+001 2.17750079e+001  2.17750079e+001 7.26506767e+000 7.26506767e+000  7.26506767e+000 -4.91130619e+000 -4.91130619e+000  -4.91130619e+000 1.30276881e+000 1.30276881e+000  1.30276881e+000
 -6.87063064e+000 -6.87063064e+000  -6.87063064e+000 -1.35682477e+001 -1.35682477e+001  -1.35682477e+001 6.76806333e+000 6.76806333e+000  6.76806333e+000 2.74517317e+000 2.74517317e+000  2.74517317e+000 4.07755962e+000 4.07755962e+000  4.07755962e+000
 1.00523549e+001 1.00523549e+001  1.00523549e+001 -4.36077718e+000 -4.36077718e+000  -4.36077718e+000 -3.03087022e+000 -3.03087022e+000  -3.03087022e+000 1.52971941e-001 1.52971941e-001  1.52971941e-001 4.76316812e-001 4.76316812e-001  4.76316812e-001
 -2.98899934e-001 -2.98899934e-001  -2.98899934e-001
 -1.40561891e+001 -1.40554433e+001  -1.40548904e+001 1.03143739e+001 1.03145470e+001  1.03146635e+001 9.33588546e+000 9.33590693e+000  9.33590253e+000 -4.77231910e-001 -4.77197427e-001  -4.77168026e-001 -2.52297695e+000 -2.52275352e+000  -2.52253882e+000
 2.34423981e+000 2.34436491e+000  2.34446472e+000 -5.45545018e+000 -5.45544801e+000  -5.45544641e+000 -7.29956053e+000 -7.29956053e+000  -7.29956053e+000 1.26879113e+001 1.26879112e+001  1.26879108e+001 2.85249291e+000 2.85145342e+000  2.85074727e+000
 2.01801146e+001 2.01801146e+001  2.01801146e+001 7.05795408e+000 7.05794028e+000  7.05793145e+000 -3.07391085e-001 -3.07373262e-001  -3.07389902e-001 1.38422026e+001 1.38422024e+001  1.38422017e+001 -3.35909997e+000 -3.35910484e+000  -3.35910782e+000
 -3.23373593e-001 -3.23280971e-001  -3.23215970e-001
 1.19127920e+001 1.19127920e+001  1.19127920e+001 2.80369516e+000 2.80369516e+000  2.80369516e+000 -6.64602708e+000 -6.64602708e+000  -6.64602708e+000 4.83422248e-003 4.83422248e-003  4.83422248e-003 -1.51645169e+001 -1.51645169e+001  -1.51645169e+001
 2.10035909e+000 2.10035909e+000  2.10035909e+000 -7.42247625e-001 -7.42247625e-001  -7.42247625e-001 -5.26500626e+000 -5.26500626e+000  -5.26500626e+000 2.26623487e+000 2.26623487e+000  2.26623487e+000 -1.96938265e+000 -1.96938265e+000  -1.96938265e+000
 2.11959655e+001 2.11959655e+001  2.11959655e+001 -2.85082178e+000 -2.85082178e+000  -2.85082178e+000 -1.16915631e+001 -1.16915631e+001  -1.16915631e+001 -5.28588741e+000 -5.28588741e+000  -5.28588741e+000 1.93498311e+000 1.93498311e+000  1.93498311e+000
 2.52043949e-001 2.52043949e-001  2.52043949e-001
 -1.05381742e+000 -1.05381742e+000  -1.05381742e+000 3.92510994e+000 3.92510994e+000  3.92510994e+000 -6.85449881e+000 -6.85449881e+000  -6.85449881e+000 1.13047095e+000 1.13047095e+000  1.13047095e+000 6.20291815e+000 6.20291815e+000  6.20291815e+000
 1.92540939e+001 1.92540939e+001  1.92540939e+001 6.11801657e+000 6.11801657e+000  6.11801657e+000 -8.52940811e-002 -8.52940811e-002  -8.52940811e-002 5.54007282e-002 5.54007282e-002  5.54007282e-002 -3.58100841e+000 -3.58100841e+000  -3.58100841e+000
 -3.55594646e+000 -3.55594646e+000  -3.55594646e+000 -9.00418519e-001 -9.00418519e-001  -9.00418519e-001 3.27334586e-001 3.27334586e-001  3.27334586e-001 8.16709857e-001 8.16709857e-001  8.16709857e-001 1.00674246e+000 1.00674246e+000  1.00674246e+000
 3.20073772e-001 3.20073772e-001  3.20073772e-001
 1.54659856e+001 1.54659856e+001  1.54659856e+001 -4.58640683e+000 -4.58640683e+000  -4.58640683e+000 -1.00996857e+001 -1.00996857e+001  -1.00996857e+001 -8.56835316e+000 -8.56835316e+000  -8.56835316e+000 -6.53264899e+000 -6.53264899e+000  -6.53264899e+000
 -5.31002046e+000 -5.31002046e+000  -5.31002046e+000 -8.79103688e-001 -8.79103688e-001  -8.79103688e-001 9.50266703e+000 9.50266703e+000  9.50266703e+000 -4.70338290e-001 -4.70338290e-001  -4.70338290e-001 -7.65706333e+000 -7.65706333e+000  -7.65706333e+000
 -1.59109815e+001 -1.59109815e+001  -1.59109815e+001 -5.36616537e+000 -5.36616537e+000  -5.36616537e+000 -1.73734014e+001 -1.73734014e+001  -1.73734014e+001 -4.94461731e+000 -4.94461731e+000  -4.94461731e+000 2.64290039e+000 2.64290039e+000  2.64290039e+000
 9.83189636e-002 9.83189636e-002  9.83189636e-002
 -7.70109335e+000 -7.70109335e+000  -7.70109335e+000 -2.32455062e+000 -2.32455062e+000  -2.32455062e+000 8.15297656e-001 8.15297656e-001  8.15297656e-001 -5.98794315e-001 -5.98794315e-001  -5.98794315e-001 9.62592295e+000 9.62592295e+000  9.62592295e+000
 -4.43192121e+000 -4.43192121e+000  -4.43192121e+000 1.22952677e+001 1.22952677e+001  1.22952677e+001 -2.00679747e+000 -2.00679747e+000  -2.00679747e+000 -1.06613913e+001 -1.06613913e+001  -1.06613913e+001 9.90588590e-001 9.90588590e-001  9.90588590e-001
 -4.15448766e+000 -4.15448766e+000  -4.15448766e+000 2.82959213e+000 2.82959213e+000  2.82959213e+000 1.51222819e+001 1.51222819e+001  1.51222819e+001 -6.07739265e+000 -6.07739265e+000  -6.07739265e+000 -1.72073354e+000 -1.72073354e+000  -1.72073354e+000
 -5.60933782e-001 -5.60933782e-001  -5.60933782e-001
 1.11521473e+001 1.11521473e+001  1.11521473e+001 -4.14163528e+000 -4.14163528e+000  -4.14163528e+000 -1.38288716e+001 -1.38288716e+001  -1.38288715e+001 -1.12848733e+001 -1.12848732e+001  -1.12848731e+001 -7.91377419e+000 -7.91377418e+000  -7.91377418e+000
 -1.13295155e+001 -1.13295155e+001  -1.13295155e+001 -1.31762612e+001 -1.31762612e+001  -1.31762612e+001 -1.61583251e+001 -1.61583251e+001  -1.61583251e+001 7.21851738e+000 7.21851738e+000  7.21851738e+000 -1.76118230e+000 -1.76118230e+000  -1.76118230e+000
 1.20390141e+001 1.20390141e+001  1.20390141e+001 -1.01842584e+001 -1.01842585e+001  -1.01842585e+001 -1.25695186e+001 -1.25695186e+001  -1.25695186e+001 -8.89919989e+000 -8.89919989e+000  -8.89919989e+000 -1.26491544e-002 -1.26491573e-002  -1.26491647e-002
 -5.54242835e-001 -5.54242683e-001  -5.54242302e-001
 -1.31502022e+001 -1.31502022e+001  -1.31502022e+001 3.35033705e+001 3.35033705e+001  3.35033705e+001 1.45513321e+001 1.45513321e+001  1.45513321e+001 1.81064382e+001 1.81064382e+001  1.81064382e+001 6.95294733e-001 6.95294733e-001  6.95294733e-001
 4.42220664e+000 4.42220664e+000  4.42220664e+000 1.10112910e+000 1.10112910e+000  1.10112910e+000 8.14047844e+000 8.14047844e+000  8.14047844e+000 -1.22626146e+001 -1.22626146e+001  -1.22626146e+001 5.59287690e+000 5.59287690e+000  5.59287690e+000
 -1.89639059e+001 -1.89639059e+001  -1.89639059e+001 -3.18625184e+000 -3.18625184e+000  -3.18625184e+000 9.78617831e+000 9.78617831e+000  9.78617831e+000 5.05053382e+000 5.05053382e+000  5.05053382e+000 -3.59567141e+000 -3.59567141e+000  -3.59567141e+000
 -4.23088471e-001 -4.23088471e-001  -4.23088471e-001
 -5.82617572e+000 -5.82617572e+000  -5.82617572e+000 7.48136303e+000 7.48136303e+000  7.48136303e+000 1.81952731e+000 1.81952731e+000  1.81952731e+000 7.97209377e-001 7.97209377e-001  7.97209377e-001 4.29849731e+000 4.29849731e+000  4.29849731e+000
 7.08053784e+000 7.08053784e+000  7.08053784e+000 1.08797818e+001 1.08797818e+001  1.08797818e+001 1.33478150e+001 1.33478150e+001  1.33478150e+001 -7.92195616e+000 -7.92195616e+000  -7.92195616e+000 1.74915607e+000 1.74915607e+000  1.74915607e+000
 1.60818984e+000 1.60818984e+000  1.60818984e+000 -2.94288128e+000 -2.94288128e+000  -2.94288128e+000 2.80031477e+000 2.80031477e+000  2.80031477e+000 -5.03193587e+000 -5.03193587e+000  -5.03193587e+000 4.63330524e+000 4.63330524e+000  4.63330524e+000
 1.54532200e-001 1.54532200e-001  1.54532200e-001
 6.40931714e+001 6.40931754e+001  6.40931783e+001 -2.16779444e+001 -2.16779435e+001  -2.16779429e+001 4.43139580e+001 4.43139581e+001  4.43139581e+001 1.54799374e+000 1.54799395e+000  1.54799416e+000 3.54238984e+001 3.54238996e+001  3.54239007e+001
 -1.25138668e+001 -1.25138661e+001  -1.25138656e+001 -3.11463530e+001 -3.11463530e+001  -3.11463530e+001 3.81859066e+001 3.81859066e+001  3.81859066e+001 -2.76928091e+001 -2.76928091e+001  -2.76928091e+001 -7.89821239e+001 -7.89821294e+001  -7.89821331e+001
 -2.26954608e+001 -2.26954608e+001  -2.26954608e+001 4.13409944e+001 4.13409943e+001  4.13409943e+001 1.84493573e+001 1.84493574e+001  1.84493574e+001 9.62442731e+000 9.62442731e+000  9.62442731e+000 -5.88829050e+000 -5.88829053e+000  -5.88829054e+000
 4.04974711e-002 4.04980060e-002  4.04984633e-002
 -5.43846293e-002 -5.41150231e-002  -5.39252235e-002 1.28162094e+001 1.28162729e+001  1.28163148e+001 2.65066743e-002 2.65133928e-002  2.65087389e-002 -1.77379232e+001 -1.77379105e+001  -1.77378997e+001 -8.82683077e+000 -8.82674775e+000  -8.82666717e+000
 -2.43681503e+001 -2.43681042e+001  -2.43680677e+001 8.63967407e-001 8.63968192e-001  8.63968736e-001 -5.96517189e-002 -5.96517189e-002  -5.96517189e-002 3.51167337e+000 3.51167332e+000  3.51167314e+000 -2.35221588e-002 -2.38948532e-002  -2.41277907e-002
 8.21182003e+000 8.21182003e+000  8.21182003e+000 -2.75338714e-001 -2.75343632e-001  -2.75346446e-001 6.57449663e+000 6.57450148e+000  6.57449103e+000 2.61707052e+000 2.61707043e+000  2.61707008e+000 7.84605663e-001 7.84603933e-001  7.84603005e-001
 3.87932112e-001 3.87965483e-001  3.87987414e-001
 1.04844271e+000 1.04896012e+000  1.04936341e+000 -4.88208298e+001 -4.88207126e+001  -4.88206342e+001 6.37794832e+000 6.37796529e+000  6.37796827e+000 8.59646980e+000 8.59649318e+000  8.59651309e+000 1.27655543e+001 1.27657051e+001  1.27658486e+001
 -8.95491558e+000 -8.95482989e+000  -8.95476021e+000 3.53884133e-001 3.53885643e-001  3.53886805e-001 -1.22577946e-001 -1.22577946e-001  -1.22577946e-001 -6.90582616e+000 -6.90582621e+000  -6.90582641e+000 7.07846897e-001 7.07119967e-001  7.06587381e-001
 -3.59964859e+001 -3.59964859e+001  -3.59964859e+001 6.04943374e-001 6.04933662e-001  6.04926814e-001 7.61699057e+000 7.61700586e+000  7.61700253e+000 -9.58320079e+000 -9.58320083e+000  -9.58320119e+000 -5.89962608e-001 -5.89966050e-001  -5.89968412e-001
 -5.24645990e-002 -5.23998905e-002  -5.23511799e-002
 1.74170134e-001 1.74606278e-001  1.74952153e-001 -3.65852698e+001 -3.65851718e+001  -3.65851065e+001 4.28540994e+000 4.28542485e+000  4.28542917e+000 7.94917186e+000 7.94919140e+000  7.94920799e+000 1.50428989e+001 1.50430247e+001  1.50431441e+001
 -1.02422599e+001 -1.02421880e+001  -1.02421292e+001 -1.04499182e+000 -1.04499055e+000  -1.04498955e+000 -4.04071693e-001 -4.04071693e-001  -4.04071693e-001 -9.98560148e+000 -9.98560151e+000  -9.98560166e+000 -7.91936603e-001 -7.92551084e-001  -7.93012880e-001
 -4.54002998e+001 -4.54002998e+001  -4.54002998e+001 -1.51907892e+000 -1.51908715e+000  -1.51909314e+000 6.88383009e+000 6.88384385e+000  6.88384352e+000 -5.36826555e+000 -5.36826557e+000  -5.36826583e+000 -5.57430948e-001 -5.57433868e-001  -5.57435948e-001
 -1.39645945e-001 -1.39591297e-001  -1.39549227e-001
 5.36248921e-001 5.36248921e-001  5.36248921e-001 3.09637997e+001 3.09637997e+001  3.09637997e+001 -8.81903432e+000 -8.81903432e+000  -8.81903432e+000 3.76241562e-001 3.76241562e-001  3.76241562e-001 -8.92613768e-001 -8.92613768e-001  -8.92613768e-001
 2.71092124e-001 2.71092124e-001  2.71092124e-001 -7.44980175e-001 -7.44980175e-001  -7.44980175e-001 -2.61905429e+000 -2.61905429e+000  -2.61905429e+000 -1.59205958e+000 -1.59205958e+000  -1.59205958e+000 -1.66734623e+000 -1.66734623e+000  -1.66734623e+000
 1.15777227e+000 1.15777227e+000  1.15777227e+000 -4.29585815e+000 -4.29585815e+000  -4.29585815e+000 -4.05565499e+000 -4.05565499e+000  -4.05565499e+000 5.40725646e+000 5.40725646e+000  5.40725646e+000 -6.48447032e-001 -6.48447032e-001  -6.48447032e-001
 -3.58085766e-001 -3.58085766e-001  -3.58085766e-001
 5.26602261e-001 5.26602261e-001  5.26602261e-001 3.99190818e+001 3.99190818e+001  3.99190818e+001 -7.69465140e-001 -7.69465140e-001  -7.69465140e-001 -4.09253066e+000 -4.09253066e+000  -4.09253066e+000 -3.87882341e+000 -3.87882341e+000  -3.87882341e+000
 7.81632138e+000 7.81632138e+000  7.81632138e+000 8.17895681e-002 8.17895681e-002  8.17895681e-002 -1.28566971e+000 -1.28566971e+000  -1.28566971e+000 -4.84654053e-001 -4.84654053e-001  -4.84654053e-001 -1.54984782e+000 -1.54984782e+000  -1.54984782e+000
 -3.07592701e+000 -3.07592701e+000  -3.07592701e+000 -3.60680140e+000 -3.60680140e+000  -3.60680140e+000 -1.01596908e+001 -1.01596908e+001  -1.01596908e+001 5.26315685e+000 5.26315685e+000  5.26315685e+000 -6.51306081e-001 -6.51306081e-001  -6.51306081e-001
 -4.63211030e-001 -4.63211030e-001  -4.63211030e-001
 6.48534811e-001 6.48534811e-001  6.48534811e-001 -1.65760498e+001 -1.65760498e+001  -1.65760498e+001 -1.88975733e+000 -1.88975733e+000  -1.88975733e+000 6.99231272e-001 6.99231272e-001  6.99231272e-001 -5.46434445e+000 -5.46434445e+000  -5.46434445e+000
 -6.58609875e-001 -6.58609875e-001  -6.58609875e-001 -3.03291502e-001 -3.03291502e-001  -3.03291502e-001 -4.91629551e+000 -4.91629551e+000  -4.91629551e+000 1.37178778e-001 1.37178778e-001  1.37178778e-001 -1.43506862e+000 -1.43506862e+000  -1.43506862e+000
 5.59209880e+000 5.59209880e+000  5.59209880e+000 -2.64790220e+000 -2.64790220e+000  -2.64790220e+000 -1.21268501e+000 -1.21268501e+000  -1.21268501e+000 -7.91733327e+000 -7.91733327e+000  -7.91733327e+000 -8.92456121e-001 -8.92456121e-001  -8.92456121e-001
 -1.63239240e-001 -1.63239240e-001  -1.63239240e-001
 5.65869234e-001 5.66614975e-001  5.67167909e-001 -1.51389395e+001 -1.51387664e+001  -1.51386498e+001 -1.60807251e+000 -1.60805099e+000  -1.60805529e+000 9.36090529e-001 9.36125089e-001  9.36154684e-001 -5.80115431e+000 -5.80093088e+000  -5.80071618e+000
 -8.40212839e-001 -8.40087735e-001  -8.39987927e-001 -2.66715505e-001 -2.66713329e-001  -2.66711737e-001 -4.87906354e+000 -4.87906354e+000  -4.87906354e+000 2.11313047e-001 2.11312937e-001  2.11312547e-001 -1.47605429e+000 -1.47709379e+000  -1.47779994e+000
 6.52649314e+000 6.52649314e+000  6.52649314e+000 -2.71284024e+000 -2.71285404e+000  -2.71286288e+000 -1.27804860e+000 -1.27803076e+000  -1.27804736e+000 -8.25073107e+000 -8.25073122e+000  -8.25073196e+000 -9.11318890e-001 -9.11323762e-001  -9.11326745e-001
 -2.06665959e-001 -2.06573186e-001  -2.06507804e-001
 -5.80745006e+000 -5.80769259e+000 -5.80788804e+000
 -1.63614764e+000 -1.63650116e+000 -1.63675063e+000
 -1.13085370e+000 -1.13134197e+000 -1.13170507e+000
 -7.43811439e-001 -7.43862700e-001 -7.43906730e-001
 -1.65024355e+000 -1.65060189e+000 -1.65090753e+000
 -1.15947588e+000 -1.15982501e+000 -1.16004040e+000
 -4.71118989e+000 -4.71169195e+000 -4.71203573e+000
 -4.54942924e+000 -4.54942924e+000 -4.54942924e+000
 -2.14777423e+000 -2.14777418e+000 -2.14777400e+000
 8.78266052e+000 8.78249071e+000 8.78241527e+000
 -9.51197219e-001 -9.51197219e-001 -9.51197219e-001
 4.17352199e+000 4.17351866e+000 4.17351653e+000
 -1.68622634e+000 -1.68672174e+000 -1.68708589e+000
 -2.19278560e+000 -2.19278553e+000 -2.19278519e+000
 6.07975698e+000 6.07975617e+000 6.07975568e+000
 -8.53347248e-001 -8.53503972e-001 -8.53612948e-001
