 -3.7100e-002  2.1349e-002 -3.5020e-002 -1.5887e+000  2.5939e-001
  8.1500e-001  1.7031e-001 -1.7189e+000 -1.5755e-001 -1.7134e+000
  3.4113e-002 -1.7069e-001 -1.2031e-001 -7.4871e-002 -3.9105e-002
 -3.1220e-003
 -1.1035e+000
 -5.52010243e-001 -5.51991576e-001  -5.51941751e-001 2.11942626e+000 2.11942285e+000  2.11943678e+000 2.51299319e-001 2.51315601e-001  2.51368765e-001 9.21112523e-001 9.21096886e-001  9.21110200e-001 -2.40533596e+000 -2.40531270e+000  -2.40521195e+000
 -1.49084458e+000 -1.49088033e+000  -1.49098843e+000 -3.42763967e+000 -3.42761473e+000  -3.42754829e+000 7.24581000e+000 7.24581704e+000  7.24583459e+000 -3.52714397e+000 -3.52713750e+000  -3.52711664e+000 -6.01390798e+000 -6.01388949e+000  -6.01389269e+000
 -4.30803713e+000 -4.30802183e+000  -4.30797277e+000 -1.33844530e-001 -1.33845169e-001  -1.33847434e-001 4.23710829e-002 4.23713159e-002  4.23722227e-002 -2.36782807e-002 -2.36786051e-002  -2.36799690e-002 -8.19044566e-003 -8.19045931e-003  -8.19052626e-003
 -2.94152348e-003 -2.94137635e-003  -2.94072656e-003
 5.59684776e-001 5.59702810e-001  5.59751050e-001 -1.94141179e+000 -1.94141838e+000  -1.94141239e+000 -3.33603297e+000 -3.33602292e+000  -3.33598532e+000 3.56700988e+000 3.56698619e+000  3.56697936e+000 1.13967534e+000 1.13968679e+000  1.13975803e+000
 -3.25269430e+000 -3.25272604e+000  -3.25282412e+000 5.16955387e-002 5.17097908e-002  5.17495359e-002 6.07665301e+000 6.07666966e+000  6.07671123e+000 8.58101527e-001 8.58102249e-001  8.58108744e-001 1.18904226e+000 1.18906205e+000  1.18906210e+000
 -4.94583868e+000 -4.94581801e+000  -4.94575553e+000 -7.49177528e-002 -7.49182126e-002  -7.49200289e-002 -3.50850712e-002 -3.50849236e-002  -3.50842302e-002 -4.94940318e-002 -4.94941955e-002  -4.94951576e-002 -2.59760690e-002 -2.59760700e-002  -2.59761052e-002
 -3.23337863e-003 -3.23331296e-003  -3.23286679e-003
 5.72956310e-001 5.72956310e-001  5.72956310e-001 4.43351468e-001 4.43351468e-001  4.43351468e-001 -1.09600374e+000 -1.09600374e+000  -1.09600374e+000 -1.21295396e+000 -1.21295396e+000  -1.21295396e+000 8.81987818e-001 8.81987818e-001  8.81987818e-001
 2.11475710e-001 2.11475710e-001  2.11475710e-001 -5.87962725e+000 -5.87962725e+000  -5.87962725e+000 -1.75524077e+000 -1.75524077e+000  -1.75524077e+000 -4.12441315e+000 -4.12441315e+000  -4.12441315e+000 -4.65673626e+000 -4.65673626e+000  -4.65673626e+000
 -3.56677871e+000 -3.56677871e+000  -3.56677871e+000 -3.73398514e-002 -3.73398514e-002  -3.73398514e-002 2.03366600e-003 2.03366600e-003  2.03366600e-003 -5.10187723e-003 -5.10187723e-003  -5.10187723e-003 -6.99062808e-004 -6.99062808e-004  -6.99062808e-004
 -1.15715342e-005 -1.15715342e-005  -1.15715342e-005
 -5.78236123e-001 -5.78236123e-001  -5.78236123e-001 -6.84375609e-001 -6.84375609e-001  -6.84375609e-001 -1.00104807e+000 -1.00104807e+000  -1.00104807e+000 -1.16900782e+000 -1.16900782e+000  -1.16900782e+000 1.91056527e-002 1.91056527e-002  1.91056527e-002
 -2.83312384e-001 -2.83312384e-001  -2.83312384e-001 1.37774280e+000 1.37774280e+000  1.37774280e+000 1.57853050e+000 1.57853050e+000  1.57853050e+000 1.58891284e+000 1.58891284e+000  1.58891284e+000 2.40946910e+000 2.40946910e+000  2.40946910e+000
 1.82600644e-001 1.82600644e-001  1.82600644e-001 -1.17754658e-002 -1.17754658e-002  -1.17754658e-002 3.08353332e-003 3.08353332e-003  3.08353332e-003 -1.20901255e-003 -1.20901255e-003  -1.20901255e-003 -1.04031177e-003 -1.04031177e-003  -1.04031177e-003
 -4.24320077e-004 -4.24320077e-004  -4.24320077e-004
 -7.06366254e-001 -7.06338106e-001  -7.06267739e-001 6.72095552e-001 6.72108271e-001  6.72140070e-001 -1.17563888e+000 -1.17559585e+000  -1.17548826e+000 5.68094535e-002 5.68049825e-002  5.67938052e-002 -1.12087409e+000 -1.12084385e+000  -1.12076823e+000
 -9.16827415e-001 -9.16854398e-001  -9.16921856e-001 -2.29860078e+000 -2.29860196e+000  -2.29860493e+000 -5.58337287e+000 -5.58335064e+000  -5.58329505e+000 -9.44048469e-001 -9.44029177e-001  -9.43980947e-001 -2.02864462e+000 -2.02864845e+000  -2.02865800e+000
 -2.09337323e+000 -2.09335935e+000  -2.09332466e+000 -2.39246464e-001 -2.39247343e-001  -2.39249541e-001 -1.81201757e-001 -1.81201436e-001  -1.81200635e-001 -1.11066032e-001 -1.11066485e-001  -1.11067617e-001 -5.91310821e-002 -5.91310965e-002  -5.91311326e-002
 -5.02031166e-003 -5.02010291e-003  -5.01958105e-003
 1.14671281e+000 1.14672726e+000  1.14676754e+000 -1.27982111e+000 -1.27983001e+000  -1.27982272e+000 6.21262202e-001 6.21267820e-001  6.21298253e-001 -1.35274457e+000 -1.35276172e+000  -1.35273568e+000 1.27435735e+000 1.27437868e+000  1.27448805e+000
 8.42144425e-001 8.42106402e-001  8.41986693e-001 2.70865218e+000 2.70868760e+000  2.70878154e+000 1.22446265e+000 1.22446265e+000  1.22446258e+000 1.01404731e+000 1.01404889e+000  1.01405901e+000 -1.12023886e+000 -1.12021305e+000  -1.12021356e+000
 1.49398545e+000 1.49400088e+000  1.49405369e+000 -7.48978195e-003 -7.49033077e-003  -7.49257987e-003 -4.40002414e-003 -4.39982087e-003  -4.39888600e-003 -5.06463048e-003 -5.06491643e-003  -5.06635860e-003 -1.79108748e-003 -1.79110185e-003  -1.79118098e-003
 -2.29300164e-004 -2.29170309e-004  -2.28474728e-004
 -6.25486200e-001 -6.25486200e-001  -6.25486200e-001 2.62327707e-001 2.62327707e-001  2.62327707e-001 4.34252721e-001 4.34252721e-001  4.34252721e-001 -9.97862168e-001 -9.97862168e-001  -9.97862168e-001 4.43422681e-002 4.43422681e-002  4.43422681e-002
 5.68758975e-001 5.68758975e-001  5.68758975e-001 -2.55971501e-001 -2.55971501e-001  -2.55971501e-001 9.67689921e-001 9.67689921e-001  9.67689921e-001 -9.66112540e-002 -9.66112540e-002  -9.66112540e-002 -3.06230950e-001 -3.06230950e-001  -3.06230950e-001
 1.08626573e+000 1.08626573e+000  1.08626573e+000 -2.98751039e-002 -2.98751039e-002  -2.98751039e-002 -2.14363827e-003 -2.14363827e-003  -2.14363827e-003 -5.60629351e-004 -5.60629351e-004  -5.60629351e-004 1.78133873e-004 1.78133873e-004  1.78133873e-004
 4.65860203e-005 4.65860203e-005  4.65860203e-005
 -5.58172006e-001 -5.58151953e-001  -5.58097669e-001 1.56222983e+000 1.56221830e+000  1.56221904e+000 -1.60593980e+000 -1.60593342e+000  -1.60590109e+000 -6.56576081e-001 -6.56610580e-001  -6.56627888e-001 -8.76681014e-001 -8.76672908e-001  -8.76596584e-001
 2.23530283e-001 2.23491818e-001  2.23371003e-001 2.84158724e-001 2.84174484e-001  2.84219297e-001 5.63283990e-001 5.63306190e-001  5.63361621e-001 2.83629154e+000 2.83628856e+000  2.83628726e+000 -1.00969457e+000 -1.00966780e+000  -1.00966589e+000
 1.08593981e+000 1.08596652e+000  1.08604751e+000 -2.56677003e-001 -2.56677449e-001  -2.56679442e-001 -1.86351305e-001 -1.86351175e-001  -1.86350424e-001 -1.02612358e-001 -1.02612470e-001  -1.02613476e-001 -5.49997740e-002 -5.49997698e-002  -5.49998025e-002
 -4.83531698e-003 -4.83528104e-003  -4.83482025e-003
 1.03027532e+000 1.03029787e+000  1.03035425e+000 -1.18533994e+000 -1.18532460e+000  -1.18528626e+000 9.84401512e-001 9.84443852e-001  9.84549703e-001 -9.61860570e-001 -9.61847673e-001  -9.61815431e-001 1.05249418e+000 1.05253769e+000  1.05264649e+000
 6.40404233e-002 6.40138284e-002  6.39473412e-002 1.06953694e-001 1.06972169e-001  1.07018357e-001 -2.75428063e+000 -2.75428064e+000  -2.75428065e+000 -2.16325705e+000 -2.16323316e+000  -2.16317343e+000 -2.60306416e+000 -2.60306902e+000  -2.60308119e+000
 8.25089107e-001 8.25091712e-001  8.25098223e-001 -1.40132122e-002 -1.40141958e-002  -1.40166548e-002 9.24647717e-003 9.24687181e-003  9.24785840e-003 -8.80977173e-003 -8.81039992e-003  -8.81197037e-003 -4.45692140e-003 -4.45695447e-003  -4.45703713e-003
 -3.20925533e-004 -3.20622403e-004  -3.19864578e-004
 -2.86266496e-001 -2.86266504e-001  -2.86266523e-001 -2.93131857e-001 -2.93131858e-001  -2.93131858e-001 9.88749615e-001 9.88749549e-001  9.88749384e-001 -1.29845934e-001 -1.29845962e-001  -1.29846031e-001 6.25706474e-001 6.25706422e-001  6.25706292e-001
 8.68378798e-001 8.68378852e-001  8.68378986e-001 4.83020417e-001 4.83020411e-001  4.83020396e-001 -4.21991310e-001 -4.21991272e-001  -4.21991178e-001 1.36764853e-001 1.36764821e-001  1.36764739e-001 1.05223546e+000 1.05223554e+000  1.05223573e+000
 -4.71380384e-001 -4.71380388e-001  -4.71380396e-001 -5.92113379e-003 -5.92113231e-003  -5.92112860e-003 -1.06405914e-002 -1.06405920e-002  -1.06405935e-002 -5.26916190e-003 -5.26916090e-003  -5.26915839e-003 -1.28734032e-003 -1.28734026e-003  -1.28734008e-003
 -4.67832886e-005 -4.67837572e-005  -4.67849288e-005
 -2.93534942e-001 -2.93528114e-001  -2.93511021e-001 1.48963575e+000 1.48964030e+000  1.48965182e+000 -1.25684407e+000 -1.25683137e+000  -1.25679952e+000 -2.38197379e+000 -2.38197002e+000  -2.38196024e+000 -4.27960619e+000 -4.27959305e+000  -4.27955990e+000
 -4.26321806e+000 -4.26322623e+000  -4.26324676e+000 -2.27541802e+000 -2.27541231e+000  -2.27539798e+000 3.78260979e-002 3.78260966e-002  3.78260931e-002 2.90469993e+000 2.90470709e+000  2.90472503e+000 -4.26804727e+000 -4.26804859e+000  -4.26805223e+000
 -2.10772902e+000 -2.10772816e+000  -2.10772593e+000 2.44192915e-004 2.43895517e-004  2.43147389e-004 -2.05075997e-002 -2.05074805e-002  -2.05071802e-002 1.99239726e-003 1.99220767e-003  1.99172984e-003 -5.53152358e-003 -5.53153355e-003  -5.53155872e-003
 -3.07695762e-004 -3.07604315e-004  -3.07373738e-004
 -3.52830369e-001 -3.52830365e-001  -3.52830354e-001 -7.37632404e-001 -7.37632382e-001  -7.37632328e-001 -4.49320419e+000 -4.49320419e+000  -4.49320420e+000 3.45401922e-001 3.45401928e-001  3.45401944e-001 -2.17994900e+000 -2.17994899e+000  -2.17994896e+000
 5.88405018e-001 5.88405004e-001  5.88404970e-001 3.01338426e+000 3.01338427e+000  3.01338428e+000 -1.51540861e+000 -1.51540861e+000  -1.51540861e+000 3.74372754e+000 3.74372754e+000  3.74372754e+000 -2.44660566e+000 -2.44660566e+000  -2.44660566e+000
 1.37040324e+000 1.37040326e+000  1.37040329e+000 -1.04416913e-002 -1.04416917e-002  -1.04416926e-002 1.35682525e-002 1.35682527e-002  1.35682531e-002 5.48661619e-003 5.48661591e-003  5.48661520e-003 1.58511792e-003 1.58511791e-003  1.58511786e-003
 -4.83949880e-004 -4.83949739e-004  -4.83949387e-004
 -1.42037529e+000 -1.42035238e+000  -1.42029355e+000 -2.73967594e+000 -2.73967179e+000  -2.73965034e+000 -2.03794489e+000 -2.03791611e+000  -2.03783802e+000 -3.79254280e+000 -3.79255387e+000  -3.79255573e+000 6.00717393e+000 6.00719887e+000  6.00728220e+000
 -1.19257677e+000 -1.19260683e+000  -1.19269120e+000 -4.43482853e+000 -4.43481823e+000  -4.43479047e+000 3.12189088e+000 3.12190622e+000  3.12194457e+000 -2.05511106e+000 -2.05509876e+000  -2.05506569e+000 7.26807030e+000 7.26807765e+000  7.26807171e+000
 -2.04425216e+000 -2.04423775e+000  -2.04419642e+000 -1.90373878e-001 -1.90374602e-001  -1.90376740e-001 -1.28951790e-001 -1.28951529e-001  -1.28950716e-001 -8.20564712e-002 -8.20568334e-002  -8.20580111e-002 -4.21249640e-002 -4.21249763e-002  -4.21250233e-002
 -3.52319458e-003 -3.52302964e-003  -3.52247847e-003
 2.06355382e-001 2.06382480e-001  2.06452825e-001 -2.21002381e+000 -2.21002140e+000  -2.20999688e+000 4.15451616e+000 4.15454797e+000  4.15463774e+000 3.21400931e-001 3.21386161e-001  3.21392377e-001 4.85503757e+000 4.85506978e+000  4.85518541e+000
 5.42243657e-001 5.42203064e-001  5.42086158e-001 -1.91579712e+000 -1.91577676e+000  -1.91572246e+000 -4.62023064e-001 -4.62008461e-001  -4.61971995e-001 1.86841305e+000 1.86842686e+000  1.86846526e+000 8.95382023e+000 8.95383382e+000  8.95382711e+000
 -2.33049582e+000 -2.33047812e+000  -2.33042498e+000 -1.69863506e-001 -1.69864404e-001  -1.69867196e-001 -1.28119777e-001 -1.28119450e-001  -1.28118364e-001 -7.33967742e-002 -7.33972342e-002  -7.33988393e-002 -3.72128287e-002 -3.72128464e-002  -3.72129175e-002
 -3.56469630e-003 -3.56448600e-003  -3.56372811e-003
 2.63482026e-001 2.63503761e-001  2.63559787e-001 1.66374679e-001 1.66378768e-001  1.66401016e-001 3.25480028e+000 3.25482409e+000  3.25489029e+000 -1.01362570e+000 -1.01363084e+000  -1.01361565e+000 1.04316929e-001 1.04344708e-001  1.04436966e-001
 -9.40259438e-001 -9.40292348e-001  -9.40384654e-001 2.52899517e+000 2.52901299e+000  2.52905975e+000 1.70951982e+000 1.70953109e+000  1.70955924e+000 2.08577513e+000 2.08578482e+000  2.08581155e+000 -6.18568703e+000 -6.18567828e+000  -6.18568287e+000
 7.11684414e-001 7.11701956e-001  7.11751596e-001 -1.24612854e-001 -1.24613613e-001  -1.24615866e-001 -1.06086062e-001 -1.06085778e-001  -1.06084893e-001 -5.19392628e-002 -5.19396704e-002  -5.19409853e-002 -3.01464827e-002 -3.01464990e-002  -3.01465573e-002
 -3.00251088e-003 -3.00232183e-003  -3.00169827e-003
 7.61614320e-001 7.61640793e-001  7.61708836e-001 3.31335797e-001 3.31342483e-001  3.31372447e-001 -4.19337200e-001 -4.19301574e-001  -4.19205164e-001 9.59473001e-001 9.59466693e-001  9.59481826e-001 -1.55122831e-001 -1.55086726e-001  -1.54971332e-001
 4.12679258e+000 4.12675555e+000  4.12665190e+000 4.02553668e+000 4.02555657e+000  4.02560873e+000 -1.93588758e+000 -1.93587670e+000  -1.93584953e+000 3.32632025e+000 3.32633725e+000  3.32638251e+000 4.02291318e+000 4.02292146e+000  4.02291302e+000
 -3.13548043e+000 -3.13546636e+000  -3.13542480e+000 -1.22584678e-001 -1.22585622e-001  -1.22588376e-001 -1.04862882e-001 -1.04862527e-001  -1.04861448e-001 -5.39990398e-002 -5.39995607e-002  -5.40011888e-002 -3.16883038e-002 -3.16883263e-002  -3.16884019e-002
 -2.91290645e-003 -2.91266352e-003  -2.91188992e-003
 -6.42539863e-001 -6.42527462e-001  -6.42493623e-001 2.05122118e+000 2.05121460e+000  2.05121834e+000 1.24207222e+000 1.24208707e+000  1.24213539e+000 1.25750622e+000 1.25747298e+000  1.25743692e+000 -3.58162207e+000 -3.58162764e+000  -3.58160328e+000
 -5.44432849e-001 -5.44441748e-001  -5.44480823e-001 3.26813758e-001 3.26806131e-001  3.26790758e-001 -1.22993410e+000 -1.22991692e+000  -1.22987400e+000 -2.99370384e+000 -2.99369813e+000  -2.99367963e+000 9.72021054e-001 9.72037507e-001  9.72034239e-001
 -1.42522734e+000 -1.42522425e+000  -1.42520680e+000 -1.85881710e-001 -1.85881807e-001  -1.85882647e-001 -1.31513237e-001 -1.31513247e-001  -1.31512980e-001 -7.92684359e-002 -7.92683590e-002  -7.92686632e-002 -3.76055853e-002 -3.76055732e-002  -3.76055726e-002
 -3.34644498e-003 -3.34649641e-003  -3.34637173e-003
 -6.12465545e-001 -6.12456970e-001  -6.12432557e-001 1.51644401e+000 1.51643236e+000  1.51642439e+000 -9.12403406e-001 -9.12399642e-001  -9.12378497e-001 -1.14230830e+000 -1.14234655e+000  -1.14239278e+000 -1.27014322e-001 -1.27027519e-001  -1.27020358e-001
 8.96229317e-001 8.96220380e-001  8.96180381e-001 -1.63588578e-001 -1.63597019e-001  -1.63614245e-001 -3.34213947e+000 -3.34212049e+000  -3.34207309e+000 2.17052305e+000 2.17052168e+000  2.17052268e+000 1.82889316e+000 1.82891203e+000  1.82891262e+000
 2.27396205e+000 2.27396849e+000  2.27399478e+000 -2.05256535e-001 -2.05256463e-001  -2.05256909e-001 -1.21468229e-001 -1.21468308e-001  -1.21468200e-001 -7.92240078e-002 -7.92238114e-002  -7.92238414e-002 -3.62817341e-002 -3.62817152e-002  -3.62816989e-002
 -3.09102952e-003 -3.09113977e-003  -3.09114970e-003
 -9.40286118e-001 -9.40278130e-001  -9.40255870e-001 -2.65651187e+000 -2.65651930e+000  -2.65652156e+000 -4.53991237e-001 -4.53982884e-001  -4.53952967e-001 1.87293303e-001 1.87262898e-001  1.87224895e-001 -1.65419655e+000 -1.65420618e+000  -1.65419934e+000
 -2.95270019e+000 -2.95270478e+000  -2.95272985e+000 1.91398961e-001 1.91389502e-001  1.91368837e-001 -2.84293462e+000 -2.84291950e+000  -2.84288174e+000 -2.59276294e+000 -2.59276052e+000  -2.59275107e+000 -2.71891462e+000 -2.71890086e+000  -2.71890233e+000
 1.34628597e+000 1.34628782e+000  1.34630027e+000 -1.56705129e-001 -1.56705097e-001  -1.56705501e-001 -9.81295298e-002 -9.81295845e-002  -9.81294858e-002 -5.71362023e-002 -5.71360620e-002  -5.71361122e-002 -2.72441967e-002 -2.72441824e-002  -2.72441705e-002
 -2.66431659e-003 -2.66439665e-003  -2.66439226e-003
 -8.81828104e-001 -8.81823013e-001  -8.81808054e-001 -2.09263328e+000 -2.09264276e+000  -2.09265057e+000 -9.15367355e-001 -9.15364784e-001  -9.15349541e-001 2.26515487e+000 2.26512250e+000  2.26507867e+000 1.64062377e+000 1.64060803e+000  1.64059886e+000
 5.68813994e-001 5.68812834e-001  5.68796673e-001 2.77441135e+000 2.77439880e+000  2.77437032e+000 5.97515002e+000 5.97516588e+000  5.97520550e+000 2.20152462e+000 2.20152358e+000  2.20152431e+000 4.16084617e+000 4.16086030e+000  4.16086065e+000
 2.46176279e+000 2.46176479e+000  2.46177746e+000 -1.66943709e-001 -1.66943543e-001  -1.66943600e-001 -8.95225829e-002 -8.95226918e-002  -8.95227347e-002 -6.32931303e-002 -6.32929018e-002  -6.32927219e-002 -2.75654424e-002 -2.75654232e-002  -2.75653983e-002
 -2.67082292e-003 -2.67094573e-003  -2.67105321e-003
 -3.35692841e-001 -3.35671196e-001  -3.35614806e-001 1.98850573e+000 1.98850784e+000  1.98852933e+000 1.12114424e+000 1.12117064e+000  1.12124563e+000 1.36648140e+000 1.36646810e+000  1.36647264e+000 -4.99653413e+000 -4.99651107e+000  -4.99642269e+000
 -2.37092210e-001 -2.37121450e-001  -2.37208061e-001 -2.28843888e-001 -2.28830334e-001  -2.28793484e-001 -1.38998633e+000 -1.38997413e+000  -1.38994367e+000 -3.67499331e+000 -3.67498155e+000  -3.67494877e+000 -1.90061663e-001 -1.90049754e-001  -1.90055625e-001
 -7.03335749e-002 -7.03208867e-002  -7.02813750e-002 -1.35364398e-001 -1.35365076e-001  -1.35367251e-001 -9.83586842e-002 -9.83584413e-002  -9.83576004e-002 -6.57306480e-002 -6.57309852e-002  -6.57322268e-002 -3.44794092e-002 -3.44794212e-002  -3.44794750e-002
 -3.03004267e-003 -3.02988979e-003  -3.02930427e-003
 -3.77611251e-001 -3.77594427e-001  -3.77549922e-001 1.21837565e+000 1.21837143e+000  1.21837828e+000 -1.67953677e+000 -1.67952425e+000  -1.67948331e+000 -1.75755912e+000 -1.75757861e+000  -1.75758677e+000 -8.10131357e-001 -8.10117856e-001  -8.10051108e-001
 1.40541978e+000 1.40539055e+000  1.40530298e+000 -1.00890453e+000 -1.00889202e+000  -1.00885755e+000 -4.20501258e+000 -4.20499818e+000  -4.20496221e+000 2.57802788e+000 2.57803078e+000  2.57804165e+000 6.61979091e-001 6.61993982e-001  6.61992934e-001
 4.31291858e+000 4.31293542e+000  4.31298587e+000 -1.59207178e-001 -1.59207643e-001  -1.59209323e-001 -8.55991448e-002 -8.55989892e-002  -8.55983490e-002 -6.55103073e-002 -6.55104949e-002  -6.55113918e-002 -3.27420982e-002 -3.27421017e-002  -3.27421358e-002
 -2.70387991e-003 -2.70380069e-003  -2.70338432e-003
 -6.58240300e-001 -6.58222901e-001  -6.58177752e-001 -3.57392580e+000 -3.57392426e+000  -3.57390864e+000 -9.49850632e-001 -9.49830858e-001  -9.49774908e-001 -1.57719139e-001 -1.57728290e-001  -1.57723757e-001 -2.35485721e+000 -2.35483674e+000  -2.35476330e+000
 -2.90254411e+000 -2.90257029e+000  -2.90264554e+000 -4.00728705e-001 -4.00715621e-001  -4.00680757e-001 -3.30310667e+000 -3.30309695e+000  -3.30307266e+000 -2.88071798e+000 -2.88070964e+000  -2.88068633e+000 -4.61977440e+000 -4.61976563e+000  -4.61976958e+000
 3.10722521e+000 3.10723737e+000  3.10727341e+000 -1.03024859e-001 -1.03025433e-001  -1.03027218e-001 -6.04787397e-002 -6.04785302e-002  -6.04778365e-002 -4.04276298e-002 -4.04279233e-002  -4.04289462e-002 -2.27504889e-002 -2.27505000e-002  -2.27505448e-002
 -2.24559153e-003 -2.24545739e-003  -2.24497454e-003
 -5.95542961e-001 -5.95528819e-001  -5.95491874e-001 -2.95201452e+000 -2.95201529e+000  -2.95200591e+000 -1.48874995e+000 -1.48873667e+000  -1.48869721e+000 2.14800161e+000 2.14799026e+000  2.14798824e+000 1.30963448e+000 1.30964808e+000  1.30970353e+000
 1.00795313e+000 1.00793081e+000  1.00786558e+000 2.44644440e+000 2.44645401e+000  2.44648009e+000 6.54170354e+000 6.54171410e+000  6.54174048e+000 2.43381337e+000 2.43381783e+000  2.43383133e+000 3.02947749e+000 3.02948667e+000  3.02948476e+000
 4.27040760e+000 4.27041994e+000  4.27045622e+000 -1.14529987e-001 -1.14530411e-001  -1.14531806e-001 -5.08070840e-002 -5.08069354e-002  -5.08064007e-002 -4.73461877e-002 -4.73463822e-002  -4.73471465e-002 -2.31114734e-002 -2.31114789e-002  -2.31115093e-002
 -2.25290275e-003 -2.25281666e-003  -2.25245951e-003
 -3.81358331e-001 -3.81342218e-001  -3.81301937e-001 -1.79982284e+000 -1.79981988e+000  -1.79981250e+000 -8.67008477e-001 -8.66996275e-001  -8.66965770e-001 -1.74652114e+000 -1.74651070e+000  -1.74648460e+000 -1.49271795e+000 -1.49267419e+000  -1.49256479e+000
 1.31150691e+000 1.31145895e+000  1.31133905e+000 -1.75490994e+000 -1.75487236e+000  -1.75477841e+000 -4.41837087e-001 -4.41837123e-001  -4.41837213e-001 -1.40497128e+000 -1.40496719e+000  -1.40495696e+000 -6.92883450e+000 -6.92883470e+000  -6.92883520e+000
 2.49533553e+000 2.49535669e+000  2.49540959e+000 1.85447074e-002 1.85438064e-002  1.85415539e-002 1.32384781e-002 1.32388526e-002  1.32397890e-002 -1.68573092e-002 -1.68578871e-002  -1.68593318e-002 -1.08710894e-002 -1.08711212e-002  -1.08712005e-002
 -7.27543726e-004 -7.27265011e-004  -7.26568222e-004
 1.51735021e+000 1.51737871e+000  1.51744997e+000 6.31460071e-001 6.31487422e-001  6.31555802e-001 -2.19072148e-001 -2.19027875e-001  -2.18917195e-001 -8.94301475e-002 -8.93860696e-002  -8.92758747e-002 8.01128593e-001 8.01188724e-001  8.01339052e-001
 -5.92828322e-001 -5.92860457e-001  -5.92940794e-001 7.99765636e-001 7.99801312e-001  7.99890500e-001 -2.01347565e+000 -2.01348250e+000  -2.01349964e+000 2.07623647e+000 2.07626066e+000  2.07632115e+000 3.46065214e+000 3.46064707e+000  3.46063439e+000
 1.09167790e+000 1.09169489e+000  1.09173738e+000 8.70039892e-003 8.69902029e-003  8.69557372e-003 4.84649391e-003 4.84707252e-003  4.84851905e-003 1.98981815e-002 1.98972364e-002  1.98948738e-002 2.17430915e-005 2.16919133e-005  2.15639679e-005
 -7.14899289e-005 -7.10264897e-005  -6.98678916e-005
 -1.05875838e+000 -1.05876040e+000  -1.05876129e+000 5.49001980e-001 5.48975577e-001  5.48939124e-001 -5.38074901e-001 -5.38082677e-001  -5.38085732e-001 -1.01420486e+000 -1.01428093e+000  -1.01440218e+000 1.71371616e+000 1.71366384e+000  1.71358908e+000
 -8.27001846e-001 -8.26986849e-001  -8.26974005e-001 1.29919103e+000 1.29915204e+000  1.29905998e+000 5.73661783e-001 5.73690909e-001  5.73763655e-001 3.08647144e-001 3.08639779e-001  3.08627534e-001 -7.73885824e-001 -7.73858567e-001  -7.73855457e-001
 -2.81921723e+000 -2.81922603e+000  -2.81923381e+000 -1.41357986e-001 -1.41357136e-001  -1.41355887e-001 -1.41865609e-001 -1.41866038e-001  -1.41866684e-001 -8.23335189e-002 -8.23327355e-002  -8.23315045e-002 -4.02575916e-002 -4.02575376e-002  -4.02574458e-002
 -2.52019504e-003 -2.52059818e-003  -2.52123511e-003
 -9.28304435e-002 -9.28304448e-002  -9.28304481e-002 4.73164826e-001 4.73164737e-001  4.73164516e-001 1.73289264e+000 1.73289260e+000  1.73289249e+000 8.14879129e-001 8.14879057e-001  8.14878877e-001 -5.36121823e-001 -5.36121818e-001  -5.36121806e-001
 9.20237886e-001 9.20237979e-001  9.20238210e-001 1.57531011e-001 1.57530974e-001  1.57530883e-001 -1.13241232e+000 -1.13241232e+000  -1.13241232e+000 -5.99708534e-001 -5.99708581e-001  -5.99708698e-001 1.22342914e+000 1.22342915e+000  1.22342916e+000
 1.85216347e-001 1.85216304e-001  1.85216195e-001 -1.62498469e-001 -1.62498468e-001  -1.62498466e-001 -6.39647821e-002 -6.39647826e-002  -6.39647837e-002 -3.73986452e-002 -3.73986443e-002  -3.73986421e-002 -9.63709770e-003 -9.63709762e-003  -9.63709741e-003
 -1.88379711e-003 -1.88379752e-003  -1.88379853e-003
 -1.75599023e+000 -1.75603414e+000 -1.75614639e+000
 -4.53499728e+000 -4.53499839e+000 -4.53500852e+000
 -4.74660137e+000 -4.74664331e+000 -4.74675182e+000
 -4.66588775e+000 -4.66587924e+000 -4.66588101e+000
 -3.65727713e+000 -3.65730463e+000 -3.65741222e+000
 4.78455608e+000 4.78451818e+000 4.78441777e+000
 -3.32197436e+000 -3.32196178e+000 -3.32199283e+000
 2.73208061e+000 2.73207246e+000 2.73198796e+000
 -2.75589413e+000 -2.75591056e+000 -2.75601349e+000
 7.35996246e+000 7.35995049e+000 7.35986697e+000
 -3.15702799e+000 -3.15707149e+000 -3.15718511e+000
 1.06195517e-001 1.06177204e-001 1.06121684e-001
 -3.53410940e-002 -3.53641438e-002 -3.54378793e-002
 5.16315421e-002 5.16066001e-002 5.15233441e-002
 2.81028799e-003 2.78409178e-003 2.69231124e-003
 -2.31010474e-002 -2.31289746e-002 -2.32303343e-002
