  8.2615e+000  9.2507e+000 -5.0741e-001 -4.2250e+000 -7.9232e+000
 -3.6825e+000 -9.1713e+000 -1.9734e+001 -2.6018e+001 -1.4929e+001
 -1.8178e+001 -1.3859e+001  1.0866e+000 -1.6014e+001 -9.5548e+000
  1.6730e-002
  1.6170e+000
 1.53800680e+001 1.53800680e+001  1.53800680e+001 3.75447595e+000 3.75447595e+000  3.75447595e+000 -3.18978702e+001 -3.18978702e+001  -3.18978702e+001 4.67425072e+001 4.67425072e+001  4.67425072e+001 5.08638381e+001 5.08638381e+001  5.08638381e+001
 -1.63167949e-001 -1.63167949e-001  -1.63167949e-001 -8.32779764e+000 -8.32779764e+000  -8.32779764e+000 -1.03604182e+001 -1.03604182e+001  -1.03604182e+001 4.46856748e+000 4.46856748e+000  4.46856748e+000 -1.28221767e+001 -1.28221767e+001  -1.28221767e+001
 5.75210232e+000 5.75210232e+000  5.75210232e+000 7.20242650e-001 7.20242650e-001  7.20242650e-001 2.50047543e+001 2.50047543e+001  2.50047543e+001 -1.71453575e+000 -1.71453575e+000  -1.71453575e+000 -2.50282463e+000 -2.50282463e+000  -2.50282463e+000
 1.89088311e+000 1.89088311e+000  1.89088311e+000
 -3.14385676e+001 -3.14385676e+001  -3.14385676e+001 2.91347508e+000 2.91347817e+000  2.91347882e+000 -2.23982356e+000 -2.23981265e+000  -2.23981042e+000 3.65741214e+000 3.65741049e+000  3.65741013e+000 1.09566361e+000 1.09566400e+000  1.09566408e+000
 1.77468434e+001 1.77468441e+001  1.77468442e+001 1.03726141e+000 1.03726141e+000  1.03726141e+000 1.99139079e+001 1.99139079e+001  1.99139079e+001 3.62555613e+001 3.62555611e+001  3.62555611e+001 3.42022546e+000 3.42022536e+000  3.42022534e+000
 5.44558175e+000 5.44558179e+000  5.44558179e+000 1.49871555e+001 1.49871559e+001  1.49871559e+001 -2.94556754e+001 -2.94556752e+001  -2.94556752e+001 2.29517520e+001 2.29517542e+001  2.29517545e+001 1.35178307e+001 1.35178281e+001  1.35178276e+001
 -3.35994172e+000 -3.36008779e+000  -3.36011961e+000
 -9.06303583e+000 -9.06303583e+000  -9.06303583e+000 -2.19844784e+001 -2.19844759e+001  -2.19844753e+001 1.54205756e+000 1.54206645e+000  1.54206830e+000 -1.59027723e+000 -1.59027858e+000  -1.59027888e+000 -2.17401516e+000 -2.17401484e+000  -2.17401477e+000
 -1.10290990e+001 -1.10290984e+001  -1.10290983e+001 2.46990760e+000 2.46990761e+000  2.46990761e+000 9.32153249e+000 9.32153254e+000  9.32153254e+000 9.02321264e+000 9.02321247e+000  9.02321245e+000 1.14576714e+001 1.14576713e+001  1.14576713e+001
 1.45222885e+001 1.45222885e+001  1.45222885e+001 4.36112860e+000 4.36112890e+000  4.36112895e+000 1.95826921e+001 1.95826922e+001  1.95826923e+001 4.48475294e+000 4.48475473e+000  4.48475500e+000 2.62540138e+000 2.62539923e+000  2.62539884e+000
 -9.27314646e-001 -9.27433702e-001  -9.27460156e-001
 -1.05315875e+001 -1.05315875e+001  -1.05315875e+001 -2.10803735e+001 -2.10803716e+001  -2.10803712e+001 -9.67451294e-001 -9.67444651e-001  -9.67443272e-001 -6.56433716e+000 -6.56433817e+000  -6.56433839e+000 -3.16672392e+000 -3.16672368e+000  -3.16672363e+000
 -1.08246104e+001 -1.08246100e+001  -1.08246099e+001 6.86898955e+000 6.86898955e+000  6.86898955e+000 1.17227451e+001 1.17227452e+001  1.17227452e+001 1.13653463e+001 1.13653462e+001  1.13653462e+001 1.56114234e+001 1.56114233e+001  1.56114233e+001
 1.89255150e+001 1.89255151e+001  1.89255151e+001 7.31470782e+000 7.31470805e+000  7.31470809e+000 2.41949702e+001 2.41949703e+001  2.41949704e+001 7.21761871e+000 7.21762004e+000  7.21762025e+000 3.44047748e+000 3.44047587e+000  3.44047559e+000
 -1.69288966e+000 -1.69297860e+000  -1.69299834e+000
 -5.72912837e+000 -5.72912837e+000  -5.72912837e+000 1.80604633e+001 1.80604633e+001  1.80604633e+001 -4.33368447e+000 -4.33368447e+000  -4.33368447e+000 -4.91760672e+000 -4.91760672e+000  -4.91760672e+000 -2.43496925e+000 -2.43496925e+000  -2.43496925e+000
 -1.83206016e+000 -1.83206016e+000  -1.83206016e+000 1.89598306e+000 1.89598306e+000  1.89598306e+000 -1.31665880e+001 -1.31665880e+001  -1.31665880e+001 -1.40555947e+001 -1.40555947e+001  -1.40555947e+001 -4.40541419e+000 -4.40541419e+000  -4.40541419e+000
 -6.69857536e+000 -6.69857536e+000  -6.69857536e+000 -7.71406795e+000 -7.71406795e+000  -7.71406795e+000 7.24713692e+000 7.24713692e+000  7.24713692e+000 -1.08452543e+001 -1.08452543e+001  -1.08452543e+001 -1.78524639e+000 -1.78524639e+000  -1.78524639e+000
 -8.11016735e-001 -8.11016735e-001  -8.11016735e-001
 1.48799306e+001 1.48799306e+001  1.48799306e+001 -9.59878404e+000 -9.59878404e+000  -9.59878404e+000 -6.44471874e+000 -6.44471874e+000  -6.44471874e+000 -1.36268312e+001 -1.36268312e+001  -1.36268312e+001 -1.01065653e+001 -1.01065653e+001  -1.01065653e+001
 -5.58358017e-001 -5.58358017e-001  -5.58358017e-001 -3.81474118e+000 -3.81474118e+000  -3.81474118e+000 1.11423483e+000 1.11423483e+000  1.11423483e+000 -3.45305475e+000 -3.45305475e+000  -3.45305475e+000 -6.62602906e+000 -6.62602906e+000  -6.62602906e+000
 -7.85259891e+000 -7.85259891e+000  -7.85259891e+000 -2.67304377e+000 -2.67304377e+000  -2.67304377e+000 -1.69300008e+001 -1.69300008e+001  -1.69300008e+001 -1.61970453e+000 -1.61970453e+000  -1.61970453e+000 -2.97328438e+000 -2.97328438e+000  -2.97328438e+000
 -6.57514138e-001 -6.57514138e-001  -6.57514138e-001
 3.27121163e+000 3.27121163e+000  3.27121163e+000 3.24358576e+000 3.24359043e+000  3.24359144e+000 7.46735253e+000 7.46736906e+000  7.46737249e+000 1.31222107e+001 1.31222082e+001  1.31222076e+001 3.55101922e-001 3.55102507e-001  3.55102632e-001
 -4.23559514e+000 -4.23559408e+000  -4.23559390e+000 -1.05006165e+001 -1.05006165e+001  -1.05006165e+001 -1.32679539e+001 -1.32679538e+001  -1.32679538e+001 -1.59306060e+001 -1.59306063e+001  -1.59306064e+001 -1.04674525e+001 -1.04674527e+001  -1.04674527e+001
 -1.23775950e+001 -1.23775950e+001  -1.23775950e+001 -1.00511097e+001 -1.00511092e+001  -1.00511091e+001 5.90196757e+000 5.90196791e+000  5.90196796e+000 -1.06796531e+001 -1.06796498e+001  -1.06796493e+001 -6.07690111e+000 -6.07690512e+000  -6.07690583e+000
 1.49626700e+000 1.49604574e+000  1.49599648e+000
 4.66666667e-001 4.66666667e-001  4.66666667e-001 5.33333333e-001 5.33333333e-001  5.33333333e-001 6.00000000e-001 6.00000000e-001  6.00000000e-001 6.66666667e-001 6.66666667e-001  6.66666667e-001 7.33333333e-001 7.33333333e-001  7.33333333e-001
 8.00000000e-001 8.00000000e-001  8.00000000e-001 8.66666667e-001 8.66666667e-001  8.66666667e-001 9.33333333e-001 9.33333333e-001  9.33333333e-001 1.00000000e+000 1.00000000e+000  1.00000000e+000 1.06666667e+000 1.06666667e+000  1.06666667e+000
 1.13333333e+000 1.13333333e+000  1.13333333e+000 1.20000000e+000 1.20000000e+000  1.20000000e+000 1.26666667e+000 1.26666667e+000  1.26666667e+000 1.33333333e+000 1.33333333e+000  1.33333333e+000 0.00000000e+000 0.00000000e+000  0.00000000e+000
 0.00000000e+000 0.00000000e+000  0.00000000e+000
 -3.35518085e+000 -3.35518085e+000 -3.35518085e+000
 -2.49681059e+000 -2.49681247e+000 -2.49681287e+000
 -9.16495660e+000 -9.16563130e+000 -9.16577613e+000
 9.19515070e+000 9.19447446e+000 9.19432931e+000
 -9.34522241e+000 -9.34522247e+000 -9.34522248e+000
 -1.02429917e+000 -1.02430021e+000 -1.02430038e+000
 -6.74855903e+000 -6.74855903e+000 -6.74855903e+000
 -3.36331515e+000 -3.36331518e+000 -3.36331519e+000
 2.42315044e+000 2.42315031e+000 2.42315029e+000
 9.89678699e+000 9.89678697e+000 9.89678697e+000
 -7.00674972e+000 -7.00674973e+000 -7.00674973e+000
 -5.12152050e+000 -5.12152061e+000 -5.12152063e+000
 -1.22055822e+000 -1.22123446e+000 -1.22137963e+000
 -2.48422022e+000 -2.48422156e+000 -2.48422176e+000
 3.07759609e-001 3.07746316e-001 3.07743967e-001
 2.85865453e+000 2.85856537e+000 2.85854539e+000
