  1.2838e+000  8.7526e-002  7.3179e-001  2.5414e-003  1.0469e-002
 -4.5093e-001 -4.5008e-001 -9.6952e-001 -2.6753e-001  9.1395e-001
 -2.1320e-001 -7.8252e-002  1.5680e-003 -1.1295e-004 -1.4957e-004
  2.0803e+000
 -6.19245976e-001 -6.19245976e-001  -6.19245976e-001 3.30353596e-001 3.30353596e-001  3.30353596e-001 -9.04670223e-001 -9.04670223e-001  -9.04670223e-001 -3.30783183e-001 -3.30783183e-001  -3.30783183e-001 1.25134031e+000 1.25134031e+000  1.25134031e+000
 1.70787423e-001 1.70787423e-001  1.70787423e-001 -2.75150145e-001 -2.75150145e-001  -2.75150145e-001 -3.47304526e+000 -3.47304526e+000  -3.47304526e+000 -3.93833009e-001 -3.93833009e-001  -3.93833009e-001 -4.34478739e-001 -4.34478739e-001  -4.34478739e-001
 2.64436846e-001 2.64436846e-001  2.64436846e-001 -7.13287763e-001 -7.13287763e-001  -7.13287763e-001 3.11183914e-002 3.11183914e-002  3.11183914e-002 5.21396985e-003 5.21396985e-003  5.21396985e-003 4.37154886e-004 4.37154886e-004  4.37154886e-004
 1.37082755e+000 1.37082755e+000  1.37082755e+000 1.28822213e+000 1.28822213e+000  1.28822213e+000 9.03934912e-001 9.03934912e-001  9.03934912e-001 -1.90331941e-001 -1.90331941e-001  -1.90331941e-001 1.40449373e+000 1.40449373e+000  1.40449373e+000
 1.02306146e+000 1.02306146e+000  1.02306146e+000 -1.70042221e-001 -1.70042221e-001  -1.70042221e-001 2.10037789e-001 2.10037789e-001  2.10037789e-001 -2.05170734e+000 -2.05170734e+000  -2.05170734e+000 3.39632144e+000 3.39632144e+000  3.39632144e+000
 3.66564819e-001 3.66564819e-001  3.66564819e-001 -1.73881844e-001 -1.73881844e-001  -1.73881844e-001 -6.57665325e-003 -6.57665325e-003  -6.57665325e-003 -1.47536630e-003 -1.47536630e-003  -1.47536630e-003 -1.89236745e-004 -1.89236745e-004  -1.89236745e-004
 8.97455588e-001 8.97455588e-001  8.97455588e-001 -1.38796258e+000 -1.38796258e+000  -1.38796258e+000 -1.60303409e+000 -1.60303409e+000  -1.60303409e+000 4.33782398e-001 4.33782398e-001  4.33782398e-001 -1.75495115e+000 -1.75495115e+000  -1.75495115e+000
 -2.06260795e+000 -2.06260795e+000  -2.06260795e+000 -1.12059943e+000 -1.12059943e+000  -1.12059943e+000 1.78675183e-001 1.78675183e-001  1.78675183e-001 1.29192674e+000 1.29192674e+000  1.29192674e+000 -1.13041745e+000 -1.13041745e+000  -1.13041745e+000
 7.62883594e-001 7.62883594e-001  7.62883594e-001 4.49853427e-001 4.49853427e-001  4.49853427e-001 -1.24766750e-002 -1.24766750e-002  -1.24766750e-002 -1.97964423e-003 -1.97964423e-003  -1.97964423e-003 -1.93214023e-004 -1.93214023e-004  -1.93214023e-004
 2.50420081e+000 2.50420081e+000  2.50420081e+000 4.48047294e-001 4.48047294e-001  4.48047294e-001 4.02814311e+000 4.02814311e+000  4.02814311e+000 -2.56997654e-001 -2.56997654e-001  -2.56997654e-001 8.32406783e-001 8.32406783e-001  8.32406783e-001
 -3.26035050e-001 -3.26035050e-001  -3.26035050e-001 3.04950294e-001 3.04950294e-001  3.04950294e-001 2.98145536e+000 2.98145536e+000  2.98145536e+000 2.39449711e-001 2.39449711e-001  2.39449711e-001 2.34987463e+000 2.34987463e+000  2.34987463e+000
 -1.55613292e+000 -1.55613292e+000  -1.55613292e+000 1.10338782e-001 1.10338782e-001  1.10338782e-001 -5.74428493e-003 -5.74428493e-003  -5.74428493e-003 -1.45993379e-003 -1.45993379e-003  -1.45993379e-003 -2.68182072e-004 -2.68182072e-004  -2.68182072e-004
 -2.05081003e+000 -2.05080983e+000  -2.05080982e+000 -5.50864878e-001 -5.50864501e-001  -5.50864489e-001 -1.21479939e+000 -1.21479929e+000  -1.21479927e+000 1.37084179e-001 1.37083696e-001  1.37083669e-001 -1.60500942e+000 -1.60500915e+000  -1.60500913e+000
 2.01324545e-001 2.01323818e-001  2.01323782e-001 5.67715893e-001 5.67716361e-001  5.67716386e-001 -1.83969138e+000 -1.83969139e+000  -1.83969141e+000 5.13627935e-001 5.13628142e-001  5.13628168e-001 -3.20267032e+000 -3.20267093e+000  -3.20267096e+000
 -1.26359565e-001 -1.26359087e-001  -1.26359059e-001 2.28834847e-001 2.28834588e-001  2.28834576e-001 -5.02601689e-003 -5.02598161e-003  -5.02597996e-003 -6.87044602e-004 -6.87033379e-004  -6.87032852e-004 -4.71810828e-005 -4.71779715e-005  -4.71778254e-005
 8.10306608e-001 8.10306608e-001  8.10306608e-001 -2.53192003e-001 -2.53192003e-001  -2.53192003e-001 -1.04275429e+000 -1.04275429e+000  -1.04275429e+000 -2.87117121e-001 -2.87117121e-001  -2.87117121e-001 -9.76200112e-001 -9.76200112e-001  -9.76200112e-001
 -2.52858420e-001 -2.52858420e-001  -2.52858420e-001 4.19871555e-001 4.19871555e-001  4.19871555e-001 1.63310057e+000 1.63310057e+000  1.63310057e+000 2.24073808e-001 2.24073808e-001  2.24073808e-001 2.23607563e+000 2.23607563e+000  2.23607563e+000
 8.31931154e-001 8.31931154e-001  8.31931154e-001 -1.65484866e-001 -1.65484866e-001  -1.65484866e-001 1.56132587e-002 1.56132587e-002  1.56132587e-002 3.10056468e-003 3.10056468e-003  3.10056468e-003 3.49935064e-004 3.49935064e-004  3.49935064e-004
 1.18192055e-001 1.18192055e-001  1.18192055e-001 -9.35478746e-001 -9.35478746e-001  -9.35478746e-001 -1.91896360e-001 -1.91896360e-001  -1.91896360e-001 2.08052291e-001 2.08052291e-001  2.08052291e-001 1.95018414e-001 1.95018414e-001  1.95018414e-001
 4.04938256e-001 4.04938256e-001  4.04938256e-001 -9.63062356e-001 -9.63062356e-001  -9.63062356e-001 9.72596426e-002 9.72596426e-002  9.72596426e-002 -6.43473002e-001 -6.43473002e-001  -6.43473002e-001 -1.40268615e+000 -1.40268615e+000  -1.40268615e+000
 -4.63765671e-001 -4.63765671e-001  -4.63765671e-001 3.38808871e-003 3.38808871e-003  3.38808871e-003 1.18518061e-002 1.18518061e-002  1.18518061e-002 2.14395823e-003 2.14395823e-003  2.14395823e-003 2.40022148e-004 2.40022148e-004  2.40022148e-004
 -2.47910038e-001 -2.47910038e-001  -2.47910038e-001 1.00529076e+000 1.00529076e+000  1.00529076e+000 -8.98175116e-001 -8.98175116e-001  -8.98175116e-001 1.33324234e-001 1.33324234e-001  1.33324234e-001 1.19244218e+000 1.19244218e+000  1.19244218e+000
 4.01051454e-001 4.01051454e-001  4.01051454e-001 -1.48605418e+000 -1.48605418e+000  -1.48605418e+000 -1.61163120e-001 -1.61163120e-001  -1.61163120e-001 -2.26428766e+000 -2.26428766e+000  -2.26428766e+000 9.07475397e-001 9.07475397e-001  9.07475397e-001
 2.11983199e+000 2.11983199e+000  2.11983199e+000 -6.71963863e-002 -6.71963863e-002  -6.71963863e-002 -2.55112171e-003 -2.55112171e-003  -2.55112171e-003 -7.54548687e-005 -7.54548687e-005  -7.54548687e-005 3.41411129e-005 3.41411129e-005  3.41411129e-005
 -1.78090445e+000 -1.78090445e+000  -1.78090445e+000 6.78557710e-001 6.78557710e-001  6.78557710e-001 -2.60354114e-001 -2.60354114e-001  -2.60354114e-001 -9.62291997e-001 -9.62291997e-001  -9.62291997e-001 1.48383320e+000 1.48383320e+000  1.48383320e+000
 7.76800777e-001 7.76800777e-001  7.76800777e-001 6.51609573e-001 6.51609573e-001  6.51609573e-001 -6.20156794e-001 -6.20156794e-001  -6.20156794e-001 -7.39517094e-001 -7.39517094e-001  -7.39517094e-001 8.38387500e-001 8.38387500e-001  8.38387500e-001
 6.44751127e-001 6.44751127e-001  6.44751127e-001 5.51278248e-001 5.51278248e-001  5.51278248e-001 -4.77239928e-002 -4.77239928e-002  -4.77239928e-002 -8.69636984e-003 -8.69636984e-003  -8.69636984e-003 -9.02897690e-004 -9.02897690e-004  -9.02897690e-004
 1.86080675e-001 1.86080675e-001  1.86080675e-001 9.38944649e-001 9.38944649e-001  9.38944649e-001 2.21947197e+000 2.21947197e+000  2.21947197e+000 1.55744767e+000 1.55744767e+000  1.55744767e+000 2.59256008e-001 2.59256008e-001  2.59256008e-001
 2.29388867e+000 2.29388867e+000  2.29388867e+000 1.36910677e+000 1.36910677e+000  1.36910677e+000 -1.21738287e-001 -1.21738287e-001  -1.21738287e-001 7.01164549e-001 7.01164549e-001  7.01164549e-001 1.76922997e+000 1.76922997e+000  1.76922997e+000
 1.20447434e+000 1.20447434e+000  1.20447434e+000 -4.26917630e-002 -4.26917630e-002  -4.26917630e-002 -1.71593124e-003 -1.71593124e-003  -1.71593124e-003 -7.62790375e-004 -7.62790375e-004  -7.62790375e-004 -1.40357623e-004 -1.40357623e-004  -1.40357623e-004
 2.07013811e+000 2.07013811e+000  2.07013811e+000 8.57008498e-001 8.57008498e-001  8.57008498e-001 -6.42499143e-001 -6.42499143e-001  -6.42499143e-001 -1.37976971e-002 -1.37976971e-002  -1.37976971e-002 -1.18801638e+000 -1.18801638e+000  -1.18801638e+000
 -1.75606608e+000 -1.75606608e+000  -1.75606608e+000 7.37380981e-001 7.37380981e-001  7.37380981e-001 8.79509875e-001 8.79509875e-001  8.79509875e-001 -1.32887074e+000 -1.32887074e+000  -1.32887074e+000 1.70464682e-001 1.70464682e-001  1.70464682e-001
 -9.72699795e-002 -9.72699795e-002  -9.72699795e-002 5.87452843e-003 5.87452843e-003  5.87452843e-003 -1.47620039e-002 -1.47620039e-002  -1.47620039e-002 -3.62450611e-003 -3.62450611e-003  -3.62450611e-003 -4.23671408e-004 -4.23671408e-004  -4.23671408e-004
 -6.70178784e-001 -6.70178784e-001  -6.70178784e-001 -8.76277403e-002 -8.76277403e-002  -8.76277403e-002 3.17536158e-001 3.17536158e-001  3.17536158e-001 -2.41620232e-001 -2.41620232e-001  -2.41620232e-001 -1.95558430e-002 -1.95558430e-002  -1.95558430e-002
 -4.28239670e-002 -4.28239670e-002  -4.28239670e-002 -3.64444113e-001 -3.64444113e-001  -3.64444113e-001 -2.06591580e+000 -2.06591580e+000  -2.06591580e+000 -1.12790160e+000 -1.12790160e+000  -1.12790160e+000 -1.96538145e+000 -1.96538145e+000  -1.96538145e+000
 -7.61080968e-002 -7.61080968e-002  -7.61080968e-002 3.21419599e-001 3.21419599e-001  3.21419599e-001 -1.96586533e-002 -1.96586533e-002  -1.96586533e-002 -3.62750949e-003 -3.62750949e-003  -3.62750949e-003 -3.60022480e-004 -3.60022480e-004  -3.60022480e-004
 -2.71302474e+000 -2.71302474e+000  -2.71302474e+000 1.25275033e+000 1.25275033e+000  1.25275033e+000 2.70623985e-001 2.70623985e-001  2.70623985e-001 -1.78664259e-001 -1.78664259e-001  -1.78664259e-001 -1.45333812e-001 -1.45333812e-001  -1.45333812e-001
 -1.56571992e+000 -1.56571992e+000  -1.56571992e+000 9.61252410e-001 9.61252410e-001  9.61252410e-001 -6.51096005e-001 -6.51096005e-001  -6.51096005e-001 -6.60113968e-001 -6.60113968e-001  -6.60113968e-001 6.80992123e-004 6.80992123e-004  6.80992123e-004
 7.41565454e-001 7.41565454e-001  7.41565454e-001 1.16197156e-001 1.16197156e-001  1.16197156e-001 -7.74711860e-003 -7.74711860e-003  -7.74711860e-003 -1.61802625e-003 -1.61802625e-003  -1.61802625e-003 -2.35354104e-004 -2.35354104e-004  -2.35354104e-004
 2.95598119e-001 2.95598119e-001  2.95598119e-001 -8.22558940e-001 -8.22558940e-001  -8.22558940e-001 -6.91576565e-001 -6.91576565e-001  -6.91576565e-001 6.59802382e-001 6.59802382e-001  6.59802382e-001 2.28121479e-001 2.28121479e-001  2.28121479e-001
 1.02114096e+000 1.02114096e+000  1.02114096e+000 -1.86161021e-001 -1.86161021e-001  -1.86161021e-001 -7.11087507e-002 -7.11087507e-002  -7.11087507e-002 4.47569079e-001 4.47569079e-001  4.47569079e-001 -1.17977795e+000 -1.17977795e+000  -1.17977795e+000
 9.18954728e-001 9.18954728e-001  9.18954728e-001 1.93994851e-002 1.93994851e-002  1.93994851e-002 -1.16682679e-003 -1.16682679e-003  -1.16682679e-003 -4.49972942e-004 -4.49972942e-004  -4.49972942e-004 -3.64980707e-005 -3.64980707e-005  -3.64980707e-005
 7.58905361e-001 7.58905361e-001  7.58905361e-001 -4.49776124e-001 -4.49776124e-001  -4.49776124e-001 -1.01397904e+000 -1.01397904e+000  -1.01397904e+000 2.82199592e-001 2.82199592e-001  2.82199592e-001 3.93938896e-001 3.93938896e-001  3.93938896e-001
 2.54846792e-001 2.54846792e-001  2.54846792e-001 4.14579418e-001 4.14579418e-001  4.14579418e-001 -9.76642943e-001 -9.76642943e-001  -9.76642943e-001 -6.56532746e-001 -6.56532746e-001  -6.56532746e-001 -3.52834878e-001 -3.52834878e-001  -3.52834878e-001
 -8.08094531e-001 -8.08094531e-001  -8.08094531e-001 1.45807143e-001 1.45807143e-001  1.45807143e-001 -2.64782251e-003 -2.64782251e-003  -2.64782251e-003 -3.89207991e-004 -3.89207991e-004  -3.89207991e-004 -2.69059872e-005 -2.69059872e-005  -2.69059872e-005
 1.48811636e+000 1.48811636e+000  1.48811636e+000 -2.37549280e-001 -2.37549280e-001  -2.37549280e-001 -8.31543388e-001 -8.31543388e-001  -8.31543388e-001 5.46209573e-002 5.46209573e-002  5.46209573e-002 -2.38004955e-001 -2.38004955e-001  -2.38004955e-001
 8.39008647e-001 8.39008647e-001  8.39008647e-001 5.69128072e-001 5.69128072e-001  5.69128072e-001 -4.80711840e-001 -4.80711840e-001  -4.80711840e-001 4.87191140e-001 4.87191140e-001  4.87191140e-001 5.33880585e-001 5.33880585e-001  5.33880585e-001
 4.50380480e-001 4.50380480e-001  4.50380480e-001 2.44895029e-002 2.44895029e-002  2.44895029e-002 6.61734667e-003 6.61734667e-003  6.61734667e-003 2.02792792e-003 2.02792792e-003  2.02792792e-003 2.20965697e-004 2.20965697e-004  2.20965697e-004
 -1.17178642e+000 -1.17178642e+000  -1.17178642e+000 3.90092562e-001 3.90092562e-001  3.90092562e-001 5.62404668e-001 5.62404668e-001  5.62404668e-001 -1.15087976e+000 -1.15087976e+000  -1.15087976e+000 -1.06929466e+000 -1.06929466e+000  -1.06929466e+000
 -8.29364989e-001 -8.29364989e-001  -8.29364989e-001 1.42413456e-001 1.42413456e-001  1.42413456e-001 -8.29168370e-001 -8.29168370e-001  -8.29168370e-001 1.05921954e-001 1.05921954e-001  1.05921954e-001 -8.50630486e-001 -8.50630486e-001  -8.50630486e-001
 -1.08264471e+000 -1.08264471e+000  -1.08264471e+000 1.52208296e-001 1.52208296e-001  1.52208296e-001 8.37686367e-003 8.37686367e-003  8.37686366e-003 2.60877821e-003 2.60877821e-003  2.60877821e-003 3.76292106e-004 3.76292106e-004  3.76292105e-004
 1.38616452e+000 1.38616452e+000  1.38616453e+000 2.78780407e+000 2.78780407e+000  2.78780409e+000 1.48736810e+000 1.48736810e+000  1.48736813e+000 1.82201278e+000 1.82201278e+000  1.82201275e+000 1.97063838e-001 1.97063838e-001  1.97063855e-001
 9.32717738e-001 9.32717737e-001  9.32717702e-001 5.84568735e-001 5.84568735e-001  5.84568761e-001 1.55362109e+000 1.55362109e+000  1.55362107e+000 5.31887430e-001 5.31887431e-001  5.31887456e-001 1.31496753e+000 1.31496753e+000  1.31496750e+000
 1.19571757e+000 1.19571757e+000  1.19571760e+000 9.09101535e-002 9.09101532e-002  9.09101415e-002 -1.61070070e-002 -1.61070070e-002  -1.61070053e-002 -2.95910769e-003 -2.95910768e-003  -2.95910716e-003 -3.28429161e-004 -3.28429158e-004  -3.28429012e-004
 -2.58627145e+000 -2.58627126e+000  -2.58627126e+000 -7.99887956e-001 -7.99887579e-001  -7.99887579e-001 2.25985001e+000 2.25985011e+000  2.25985011e+000 4.96885728e-001 4.96885244e-001  4.96885244e-001 4.07851383e-001 4.07851651e-001  4.07851651e-001
 -7.18177312e-001 -7.18178038e-001  -7.18178038e-001 2.95644207e-001 2.95644673e-001  2.95644673e-001 -7.75978382e-001 -7.75978389e-001  -7.75978389e-001 2.07664616e+000 2.07664637e+000  2.07664637e+000 4.62899866e-001 4.62899254e-001  4.62899254e-001
 9.64240173e-001 9.64240650e-001  9.64240650e-001 -8.37195244e-002 -8.37197833e-002  -8.37197833e-002 4.54691876e-003 4.54695400e-003  4.54695400e-003 3.40930249e-004 3.40941461e-004  3.40941461e-004 -7.48122099e-006 -7.47811260e-006  -7.47811260e-006
 -2.66510964e-001 -2.66510964e-001  -2.66510964e-001 1.36384392e+000 1.36384392e+000  1.36384392e+000 -2.55758466e-002 -2.55758466e-002  -2.55758466e-002 9.65805515e-001 9.65805515e-001  9.65805515e-001 1.20370323e+000 1.20370323e+000  1.20370323e+000
 5.88240069e-001 5.88240069e-001  5.88240069e-001 -1.23183799e-002 -1.23183799e-002  -1.23183799e-002 2.87896586e+000 2.87896586e+000  2.87896586e+000 9.63709151e-001 9.63709151e-001  9.63709151e-001 -4.10356785e-001 -4.10356785e-001  -4.10356785e-001
 3.58192109e-001 3.58192109e-001  3.58192109e-001 -1.71110106e-001 -1.71110106e-001  -1.71110106e-001 1.27039677e-002 1.27039677e-002  1.27039677e-002 2.66836342e-003 2.66836342e-003  2.66836342e-003 3.30761572e-004 3.30761572e-004  3.30761572e-004
 -1.58788359e+000 -1.58788359e+000  -1.58788359e+000 -7.87886551e-001 -7.87886551e-001  -7.87886551e-001 1.35351968e+000 1.35351968e+000  1.35351968e+000 3.48201650e-001 3.48201650e-001  3.48201650e-001 4.10372977e-001 4.10372977e-001  4.10372977e-001
 -5.39136622e-001 -5.39136622e-001  -5.39136622e-001 -4.48042743e-001 -4.48042743e-001  -4.48042743e-001 4.65859046e-001 4.65859046e-001  4.65859046e-001 -6.47641468e-002 -6.47641468e-002  -6.47641468e-002 7.29009693e-001 7.29009693e-001  7.29009693e-001
 -1.78757951e-001 -1.78757951e-001  -1.78757951e-001 -1.34562209e-001 -1.34562209e-001  -1.34562209e-001 1.56708086e-003 1.56708086e-003  1.56708086e-003 4.44731674e-004 4.44731674e-004  4.44731674e-004 4.57457324e-005 4.57457324e-005  4.57457324e-005
 9.25142590e-001 9.25142590e-001  9.25142590e-001 -1.13459057e+000 -1.13459057e+000  -1.13459057e+000 1.06998863e+000 1.06998863e+000  1.06998863e+000 5.97565781e-001 5.97565781e-001  5.97565781e-001 3.49247395e-001 3.49247395e-001  3.49247395e-001
 -5.44262503e-001 -5.44262503e-001  -5.44262503e-001 -6.47177609e-001 -6.47177609e-001  -6.47177609e-001 2.85270210e-001 2.85270210e-001  2.85270210e-001 1.06109220e+000 1.06109220e+000  1.06109220e+000 1.97907710e-001 1.97907710e-001  1.97907710e-001
 -5.33507989e-002 -5.33507989e-002  -5.33507989e-002 -2.17888462e-001 -2.17888462e-001  -2.17888462e-001 1.02336660e-002 1.02336660e-002  1.02336660e-002 1.00335933e-003 1.00335933e-003  1.00335933e-003 -1.85891575e-005 -1.85891575e-005  -1.85891575e-005
 2.11351409e+000 2.11351409e+000  2.11351409e+000 -1.19124064e+000 -1.19124064e+000  -1.19124064e+000 2.22881217e+000 2.22881217e+000  2.22881217e+000 1.37594725e-001 1.37594725e-001  1.37594725e-001 3.69741910e-001 3.69741910e-001  3.69741910e-001
 -4.95056236e-001 -4.95056236e-001  -4.95056236e-001 1.24537697e-001 1.24537697e-001  1.24537697e-001 2.65888685e-001 2.65888685e-001  2.65888685e-001 5.73966241e-001 5.73966241e-001  5.73966241e-001 5.84544777e-001 5.84544777e-001  5.84544777e-001
 -1.00300068e+000 -1.00300068e+000  -1.00300068e+000 2.66352900e-002 2.66352900e-002  2.66352900e-002 -1.22476167e-003 -1.22476167e-003  -1.22476167e-003 -4.34140005e-004 -4.34140005e-004  -4.34140005e-004 -3.31709993e-005 -3.31709993e-005  -3.31709993e-005
 2.11509291e+000 2.11509291e+000  2.11509291e+000 -1.59072787e+000 -1.59072787e+000  -1.59072787e+000 3.07565064e-001 3.07565064e-001  3.07565064e-001 -2.12874264e-001 -2.12874264e-001  -2.12874264e-001 1.07524345e+000 1.07524345e+000  1.07524345e+000
 -9.53349089e-001 -9.53349089e-001  -9.53349089e-001 -1.65935371e+000 -1.65935371e+000  -1.65935371e+000 6.72498402e-001 6.72498402e-001  6.72498402e-001 1.02848873e+000 1.02848873e+000  1.02848873e+000 3.69331224e-001 3.69331224e-001  3.69331224e-001
 -1.77965154e-001 -1.77965154e-001  -1.77965154e-001 5.14352189e-002 5.14352189e-002  5.14352189e-002 -3.15286057e-003 -3.15286057e-003  -3.15286057e-003 -2.68839772e-004 -2.68839772e-004  -2.68839772e-004 1.44503806e-005 1.44503806e-005  1.44503806e-005
 -1.39383762e+000 -1.39383762e+000  -1.39383762e+000 -3.85304806e-001 -3.85304806e-001  -3.85304806e-001 6.06986074e-001 6.06986074e-001  6.06986074e-001 -1.09829941e+000 -1.09829941e+000  -1.09829941e+000 4.55983335e-001 4.55983335e-001  4.55983335e-001
 -1.08795001e+000 -1.08795001e+000  -1.08795001e+000 -2.75946865e-002 -2.75946865e-002  -2.75946865e-002 -6.23932109e-001 -6.23932109e-001  -6.23932109e-001 -1.09456620e+000 -1.09456620e+000  -1.09456620e+000 -6.97793878e-001 -6.97793878e-001  -6.97793878e-001
 -1.88036586e+000 -1.88036586e+000  -1.88036586e+000 -5.57588118e-002 -5.57588118e-002  -5.57588118e-002 1.12786612e-002 1.12786612e-002  1.12786612e-002 2.32452569e-003 2.32452569e-003  2.32452569e-003 2.53232957e-004 2.53232957e-004  2.53232957e-004
 3.62193421e-001 3.62193421e-001  3.62193421e-001 -1.41373041e-001 -1.41373041e-001  -1.41373041e-001 -2.47611701e-001 -2.47611701e-001  -2.47611701e-001 1.03329228e-001 1.03329228e-001  1.03329228e-001 5.70430833e-001 5.70430833e-001  5.70430833e-001
 2.89652506e-002 2.89652506e-002  2.89652506e-002 5.60350205e-001 5.60350205e-001  5.60350205e-001 5.53326600e-001 5.53326600e-001  5.53326600e-001 -1.12216882e-001 -1.12216882e-001  -1.12216882e-001 4.62252805e-001 4.62252805e-001  4.62252805e-001
 -2.47224919e-001 -2.47224919e-001  -2.47224919e-001 -1.30435090e-001 -1.30435090e-001  -1.30435090e-001 9.48909918e-004 9.48909918e-004  9.48909918e-004 -6.95966430e-004 -6.95966430e-004  -6.95966430e-004 -1.60068269e-004 -1.60068269e-004  -1.60068269e-004
 3.13089832e-001 3.13089832e-001  3.13089832e-001 -9.88476888e-001 -9.88476888e-001  -9.88476888e-001 3.88730533e-001 3.88730533e-001  3.88730533e-001 -1.29011489e+000 -1.29011489e+000  -1.29011489e+000 8.29028869e-002 8.29028869e-002  8.29028869e-002
 -8.59319725e-001 -8.59319725e-001  -8.59319725e-001 -8.11844285e-001 -8.11844285e-001  -8.11844285e-001 1.12599581e+000 1.12599581e+000  1.12599581e+000 -5.17697719e-001 -5.17697719e-001  -5.17697719e-001 -1.39980882e-002 -1.39980882e-002  -1.39980882e-002
 -2.62193866e+000 -2.62193866e+000  -2.62193866e+000 1.48349742e-001 1.48349742e-001  1.48349742e-001 -2.44332730e-003 -2.44332730e-003  -2.44332730e-003 6.91534706e-004 6.91534706e-004  6.91534706e-004 1.51664724e-004 1.51664724e-004  1.51664724e-004
 1.99841982e+000 1.99841982e+000  1.99841982e+000 -3.29706039e-001 -3.29706039e-001  -3.29706039e-001 2.92676848e-001 2.92676848e-001  2.92676848e-001 8.34147431e-001 8.34147431e-001  8.34147431e-001 1.01754740e+000 1.01754740e+000  1.01754740e+000
 3.97066228e-001 3.97066228e-001  3.97066228e-001 4.87549359e-001 4.87549359e-001  4.87549359e-001 -8.31155603e-001 -8.31155603e-001  -8.31155603e-001 2.62492197e-001 2.62492197e-001  2.62492197e-001 1.13950650e+000 1.13950650e+000  1.13950650e+000
 1.29014089e+000 1.29014089e+000  1.29014089e+000 1.77034011e-001 1.77034011e-001  1.77034011e-001 -2.36178491e-003 -2.36178491e-003  -2.36178491e-003 3.69608415e-004 3.69608415e-004  3.69608415e-004 4.70333483e-005 4.70333483e-005  4.70333483e-005
 -1.56935617e+000 -1.56935617e+000  -1.56935617e+000 9.21651339e-001 9.21651339e-001  9.21651339e-001 8.92106846e-001 8.92106846e-001  8.92106846e-001 -9.92576522e-001 -9.92576522e-001  -9.92576522e-001 3.48926768e-001 3.48926768e-001  3.48926768e-001
 -3.51071066e-001 -3.51071066e-001  -3.51071066e-001 -1.07428567e+000 -1.07428567e+000  -1.07428567e+000 -7.25249208e-001 -7.25249208e-001  -7.25249208e-001 -1.07114142e+000 -1.07114142e+000  -1.07114142e+000 -4.19706634e-001 -4.19706634e-001  -4.19706634e-001
 -5.18107291e-001 -5.18107291e-001  -5.18107291e-001 -1.61447451e-003 -1.61447451e-003  -1.61447451e-003 -1.56533816e-002 -1.56533816e-002  -1.56533816e-002 -3.78074293e-003 -3.78074293e-003  -3.78074293e-003 -5.03058982e-004 -5.03058982e-004  -5.03058982e-004
 4.48032963e-001 4.48032963e-001  4.48032963e-001 3.39492602e-001 3.39492602e-001  3.39492602e-001 -1.37288763e-002 -1.37288763e-002  -1.37288763e-002 5.55286272e-001 5.55286272e-001  5.55286272e-001 -1.53244935e+000 -1.53244935e+000  -1.53244935e+000
 5.23023640e-001 5.23023640e-001  5.23023640e-001 3.21895209e-001 3.21895209e-001  3.21895209e-001 -1.95891829e-001 -1.95891829e-001  -1.95891829e-001 1.24433472e+000 1.24433472e+000  1.24433472e+000 1.18580675e+000 1.18580675e+000  1.18580675e+000
 3.68691691e-001 3.68691691e-001  3.68691691e-001 -1.27451011e-001 -1.27451011e-001  -1.27451011e-001 3.96217498e-003 3.96217498e-003  3.96217498e-003 7.45502893e-004 7.45502893e-004  7.45502893e-004 8.20799371e-005 8.20799371e-005  8.20799371e-005
 1.82786190e+000 1.82786190e+000  1.82786190e+000 -2.78465185e-001 -2.78465185e-001  -2.78465185e-001 -1.66388014e+000 -1.66388014e+000  -1.66388014e+000 -1.24369710e+000 -1.24369710e+000  -1.24369710e+000 -7.28814987e-001 -7.28814987e-001  -7.28814987e-001
 6.26218712e-001 6.26218712e-001  6.26218712e-001 -1.05682340e+000 -1.05682340e+000  -1.05682340e+000 -7.26273008e-001 -7.26273008e-001  -7.26273008e-001 -4.61892276e-001 -4.61892276e-001  -4.61892276e-001 -9.66816650e-001 -9.66816650e-001  -9.66816650e-001
 -1.68084660e+000 -1.68084660e+000  -1.68084660e+000 -1.42466650e-001 -1.42466650e-001  -1.42466650e-001 5.18786261e-004 5.18786261e-004  5.18786261e-004 -9.91752696e-004 -9.91752696e-004  -9.91752696e-004 -2.23889410e-004 -2.23889410e-004  -2.23889410e-004
 3.89872047e-002 3.89872047e-002  3.89872047e-002 1.35707085e+000 1.35707085e+000  1.35707085e+000 6.68641786e-002 6.68641786e-002  6.68641786e-002 1.59643517e+000 1.59643517e+000  1.59643517e+000 1.53514071e-001 1.53514071e-001  1.53514071e-001
 1.67439111e+000 1.67439111e+000  1.67439111e+000 1.02043875e+000 1.02043875e+000  1.02043875e+000 1.48360532e-001 1.48360532e-001  1.48360532e-001 1.54112628e+000 1.54112628e+000  1.54112628e+000 -1.50179775e-001 -1.50179775e-001  -1.50179775e-001
 1.27636357e+000 1.27636357e+000  1.27636357e+000 1.81698070e-001 1.81698070e-001  1.81698070e-001 1.28389387e-002 1.28389387e-002  1.28389387e-002 2.82651756e-003 2.82651756e-003  2.82651756e-003 3.53138627e-004 3.53138627e-004  3.53138627e-004
 -1.37854237e+000 -1.37854237e+000  -1.37854237e+000 -7.59445523e-001 -7.59445523e-001  -7.59445523e-001 -1.90135045e+000 -1.90135045e+000  -1.90135045e+000 -1.29349039e+000 -1.29349039e+000  -1.29349039e+000 -1.86944640e+000 -1.86944640e+000  -1.86944640e+000
 -2.06317541e+000 -2.06317541e+000  -2.06317541e+000 -3.91942112e-002 -3.91942112e-002  -3.91942112e-002 -3.19273904e+000 -3.19273904e+000  -3.19273904e+000 -2.25340075e-001 -2.25340075e-001  -2.25340075e-001 -1.48464699e+000 -1.48464699e+000  -1.48464699e+000
 -5.15915527e-001 -5.15915527e-001  -5.15915527e-001 -6.76484938e-001 -6.76484938e-001  -6.76484938e-001 4.93821069e-002 4.93821069e-002  4.93821069e-002 9.79014682e-003 9.79014682e-003  9.79014682e-003 1.08291278e-003 1.08291278e-003  1.08291278e-003
 5.72435200e-001 5.72435200e-001  5.72435200e-001 2.84791631e-001 2.84791631e-001  2.84791631e-001 -1.64739993e+000 -1.64739993e+000  -1.64739993e+000 1.69983206e-001 1.69983206e-001  1.69983206e-001 -2.01240582e+000 -2.01240582e+000  -2.01240582e+000
 -3.69968017e-002 -3.69968017e-002  -3.69968017e-002 1.08942603e+000 1.08942603e+000  1.08942603e+000 2.30811199e+000 2.30811199e+000  2.30811199e+000 1.43206607e+000 1.43206607e+000  1.43206607e+000 -1.51072887e-001 -1.51072887e-001  -1.51072887e-001
 3.85227965e-002 3.85227965e-002  3.85227965e-002 -1.11350780e-001 -1.11350780e-001  -1.11350780e-001 -2.40680615e-003 -2.40680615e-003  -2.40680615e-003 -1.33351830e-003 -1.33351830e-003  -1.33351830e-003 -2.44852619e-004 -2.44852619e-004  -2.44852619e-004
 -5.49894712e-001 -5.49894712e-001  -5.49894712e-001 -5.19985935e-001 -5.19985935e-001  -5.19985935e-001 -1.59218239e+000 -1.59218239e+000  -1.59218239e+000 -1.68770072e+000 -1.68770072e+000  -1.68770072e+000 -3.38922453e-002 -3.38922453e-002  -3.38922453e-002
 3.40497747e-001 3.40497747e-001  3.40497747e-001 -1.65082973e+000 -1.65082973e+000  -1.65082973e+000 -2.56639997e-001 -2.56639997e-001  -2.56639997e-001 -7.11148674e-001 -7.11148674e-001  -7.11148674e-001 -1.59912037e+000 -1.59912037e+000  -1.59912037e+000
 -1.51194285e+000 -1.51194285e+000  -1.51194285e+000 -4.62682796e-002 -4.62682796e-002  -4.62682796e-002 -7.11198958e-003 -7.11198958e-003  -7.11198958e-003 -1.59266748e-003 -1.59266748e-003  -1.59266748e-003 -1.93950217e-004 -1.93950217e-004  -1.93950217e-004
 4.57550176e-001 4.57550176e-001  4.57550176e-001 -5.74330837e-002 -5.74330837e-002  -5.74330837e-002 -1.20123057e-001 -1.20123057e-001  -1.20123057e-001 2.84987541e-001 2.84987541e-001  2.84987541e-001 -6.01370847e-002 -6.01370847e-002  -6.01370847e-002
 4.23874064e-001 4.23874064e-001  4.23874064e-001 4.40623356e-001 4.40623356e-001  4.40623356e-001 -1.01695647e+000 -1.01695647e+000  -1.01695647e+000 -8.83478638e-001 -8.83478638e-001  -8.83478638e-001 2.72037528e-001 2.72037528e-001  2.72037528e-001
 8.07264343e-001 8.07264343e-001  8.07264343e-001 6.02162672e-002 6.02162672e-002  6.02162672e-002 -7.10335536e-004 -7.10335536e-004  -7.10335536e-004 -1.73895694e-004 -1.73895694e-004  -1.73895694e-004 -3.83782653e-006 -3.83782653e-006  -3.83782653e-006
 -1.56531181e+000 -1.56531181e+000  -1.56531180e+000 -1.26768501e+000 -1.26768501e+000  -1.26768500e+000 -2.27229940e+000 -2.27229940e+000  -2.27229937e+000 -7.15902894e-001 -7.15902895e-001  -7.15902922e-001 -8.97904249e-001 -8.97904248e-001  -8.97904232e-001
 -2.26658064e+000 -2.26658064e+000  -2.26658068e+000 -2.18798685e+000 -2.18798685e+000  -2.18798682e+000 1.01790110e+000 1.01790110e+000  1.01790108e+000 -7.09250136e-001 -7.09250136e-001  -7.09250111e-001 -6.23402168e-001 -6.23402169e-001  -6.23402199e-001
 -6.72300981e-001 -6.72300980e-001  -6.72300952e-001 -1.09900688e-001 -1.09900688e-001  -1.09900700e-001 3.38647071e-003 3.38647074e-003  3.38647240e-003 8.88628976e-004 8.88628986e-004  8.88629514e-004 1.19557123e-004 1.19557126e-004  1.19557272e-004
 6.96077910e-001 6.96078103e-001  6.96078103e-001 1.33299059e+000 1.33299097e+000  1.33299097e+000 2.45437901e+000 2.45437911e+000  2.45437911e+000 5.99377758e-001 5.99377274e-001  5.99377274e-001 -5.81713701e-001 -5.81713433e-001  -5.81713433e-001
 2.17235146e+000 2.17235074e+000  2.17235074e+000 1.58767084e+000 1.58767130e+000  1.58767130e+000 -9.18818670e-001 -9.18818677e-001  -9.18818677e-001 9.05253394e-001 9.05253601e-001  9.05253601e-001 2.74589711e+000 2.74589650e+000  2.74589650e+000
 8.40735456e-001 8.40735933e-001  8.40735933e-001 1.87886906e-001 1.87886647e-001  1.87886647e-001 -1.03848949e-002 -1.03848597e-002  -1.03848597e-002 -2.19136852e-003 -2.19135731e-003  -2.19135731e-003 -3.23083338e-004 -3.23080230e-004  -3.23080230e-004
 9.84382873e-001 9.84382873e-001  9.84382873e-001 -4.98397201e-002 -4.98397201e-002  -4.98397201e-002 8.02188367e-002 8.02188367e-002  8.02188367e-002 -4.88959919e-002 -4.88959919e-002  -4.88959919e-002 2.10075223e-001 2.10075223e-001  2.10075223e-001
 -1.28853218e+000 -1.28853218e+000  -1.28853218e+000 -4.73721117e-001 -4.73721117e-001  -4.73721117e-001 -9.16634228e-001 -9.16634228e-001  -9.16634228e-001 5.24991303e-001 5.24991303e-001  5.24991303e-001 -5.73242811e-001 -5.73242811e-001  -5.73242811e-001
 5.60434872e-001 5.60434872e-001  5.60434872e-001 -7.51638926e-002 -7.51638926e-002  -7.51638926e-002 -1.81228636e-002 -1.81228636e-002  -1.81228636e-002 -4.42116647e-003 -4.42116647e-003  -4.42116647e-003 -5.86521629e-004 -5.86521629e-004  -5.86521629e-004
 1.37599530e-001 1.37599530e-001  1.37599530e-001 -8.65787515e-001 -8.65787515e-001  -8.65787515e-001 1.10641025e+000 1.10641025e+000  1.10641025e+000 -5.18325463e-001 -5.18325463e-001  -5.18325463e-001 1.93360268e-001 1.93360268e-001  1.93360268e-001
 5.57349069e-001 5.57349069e-001  5.57349069e-001 -2.33605912e-001 -2.33605912e-001  -2.33605912e-001 -2.17478844e+000 -2.17478844e+000  -2.17478844e+000 -6.11634698e-001 -6.11634698e-001  -6.11634698e-001 2.92319121e-001 2.92319121e-001  2.92319121e-001
 -1.57205092e-001 -1.57205092e-001  -1.57205092e-001 -4.08264656e-001 -4.08264656e-001  -4.08264656e-001 3.43811367e-002 3.43811367e-002  3.43811367e-002 5.55082141e-003 5.55082141e-003  5.55082141e-003 6.20918164e-004 6.20918164e-004  6.20918164e-004
 1.89726025e+000 1.89726025e+000  1.89726025e+000 9.00878536e-001 9.00878536e-001  9.00878536e-001 -2.09360666e-001 -2.09360666e-001  -2.09360666e-001 -6.18350553e-001 -6.18350553e-001  -6.18350553e-001 5.32476117e-001 5.32476117e-001  5.32476117e-001
 4.09646603e-001 4.09646603e-001  4.09646603e-001 9.01188233e-001 9.01188233e-001  9.01188233e-001 -1.61685024e-001 -1.61685024e-001  -1.61685024e-001 -3.29301304e-001 -3.29301304e-001  -3.29301304e-001 -8.04895702e-001 -8.04895702e-001  -8.04895702e-001
 -1.32459954e+000 -1.32459954e+000  -1.32459954e+000 2.86683521e-001 2.86683521e-001  2.86683521e-001 -2.21731216e-002 -2.21731216e-002  -2.21731216e-002 -3.12588459e-003 -3.12588459e-003  -3.12588459e-003 -3.64854885e-004 -3.64854885e-004  -3.64854885e-004
 2.10326672e+000 2.10326672e+000  2.10326672e+000 -2.99222947e-001 -2.99222947e-001  -2.99222947e-001 -6.37761060e-001 -6.37761060e-001  -6.37761060e-001 1.30094348e+000 1.30094348e+000  1.30094348e+000 -1.00606019e-001 -1.00606019e-001  -1.00606019e-001
 -1.80709182e+000 -1.80709182e+000  -1.80709182e+000 -8.78291329e-001 -8.78291329e-001  -8.78291329e-001 6.58198917e-001 6.58198917e-001  6.58198917e-001 2.70656762e-001 2.70656762e-001  2.70656762e-001 -1.84755561e-001 -1.84755561e-001  -1.84755561e-001
 1.24974813e+000 1.24974813e+000  1.24974813e+000 -2.95860907e-002 -2.95860907e-002  -2.95860907e-002 -9.89175849e-003 -9.89175849e-003  -9.89175849e-003 -2.56671955e-003 -2.56671955e-003  -2.56671955e-003 -4.33018286e-004 -4.33018286e-004  -4.33018286e-004
 -2.53164248e+000 -2.53164248e+000  -2.53164248e+000 2.59020257e-003 2.59020257e-003  2.59020256e-003 3.21039462e-001 3.21039462e-001  3.21039462e-001 -5.66116861e-001 -5.66116861e-001  -5.66116861e-001 4.19491834e-001 4.19491834e-001  4.19491834e-001
 8.83210703e-001 8.83210703e-001  8.83210703e-001 2.52366838e-001 2.52366838e-001  2.52366838e-001 2.20927899e-001 2.20927899e-001  2.20927899e-001 -7.76657886e-001 -7.76657886e-001  -7.76657886e-001 -1.91773482e-001 -1.91773482e-001  -1.91773482e-001
 -1.09697957e+000 -1.09697957e+000  -1.09697957e+000 5.02023492e-002 5.02023492e-002  5.02023492e-002 2.40997924e-002 2.40997924e-002  2.40997924e-002 5.47766967e-003 5.47766967e-003  5.47766967e-003 7.06343814e-004 7.06343814e-004  7.06343814e-004
 6.54245116e-001 6.54245116e-001  6.54245116e-001 -8.68527209e-001 -8.68527209e-001  -8.68527209e-001 1.96360170e-001 1.96360170e-001  1.96360170e-001 1.00577854e+000 1.00577854e+000  1.00577854e+000 7.29248480e-001 7.29248480e-001  7.29248480e-001
 6.84242891e-001 6.84242891e-001  6.84242891e-001 1.90117103e-001 1.90117103e-001  1.90117103e-001 2.29003917e-001 2.29003917e-001  2.29003917e-001 -1.24978358e-001 -1.24978358e-001  -1.24978358e-001 3.32456984e+000 3.32456984e+000  3.32456984e+000
 4.08473955e-001 4.08473955e-001  4.08473955e-001 -9.13526453e-002 -9.13526453e-002  -9.13526453e-002 3.69167424e-003 3.69167424e-003  3.69167424e-003 5.94685605e-004 5.94685605e-004  5.94685605e-004 5.98973201e-005 5.98973201e-005  5.98973201e-005
 -3.26414737e-001 -3.26414737e-001  -3.26414737e-001 -1.04801169e+000 -1.04801169e+000  -1.04801169e+000 4.92698642e-001 4.92698642e-001  4.92698642e-001 -8.72243218e-001 -8.72243218e-001  -8.72243218e-001 -3.80718150e-001 -3.80718150e-001  -3.80718150e-001
 -1.82289087e+000 -1.82289087e+000  -1.82289087e+000 -1.45041463e+000 -1.45041463e+000  -1.45041463e+000 2.48946623e-002 2.48946623e-002  2.48946623e-002 -1.07433297e+000 -1.07433297e+000  -1.07433297e+000 3.95081386e-002 3.95081386e-002  3.95081386e-002
 -1.78392048e+000 -1.78392048e+000  -1.78392048e+000 1.25853215e-001 1.25853215e-001  1.25853215e-001 -3.05381302e-003 -3.05381302e-003  -3.05381302e-003 -1.01622281e-003 -1.01622281e-003  -1.01622281e-003 -3.22159015e-004 -3.22159015e-004  -3.22159015e-004
 2.75988824e+000 2.75988824e+000  2.75988825e+000 1.30319147e+000 1.30319147e+000  1.30319149e+000 1.52382155e+000 1.52382155e+000  1.52382158e+000 8.50305505e-001 8.50305505e-001  8.50305478e-001 8.75854351e-001 8.75854351e-001  8.75854368e-001
 1.78971187e+000 1.78971187e+000  1.78971184e+000 1.05461123e+000 1.05461123e+000  1.05461126e+000 -1.05896862e+000 -1.05896862e+000  -1.05896864e+000 2.80706175e-001 2.80706175e-001  2.80706200e-001 8.27207437e-001 8.27207436e-001  8.27207405e-001
 7.65965114e-001 7.65965115e-001  7.65965143e-001 -2.40098810e-001 -2.40098810e-001  -2.40098822e-001 8.82703565e-003 8.82703568e-003  8.82703734e-003 1.59367038e-003 1.59367039e-003  1.59367092e-003 1.77358105e-004 1.77358108e-004  1.77358254e-004
 -7.47632496e-001 -7.47632303e-001  -7.47632303e-001 -5.36396865e-001 -5.36396489e-001  -5.36396489e-001 -1.20838421e+000 -1.20838411e+000  -1.20838411e+000 -5.79172504e-001 -5.79172987e-001  -5.79172987e-001 -7.53145657e-001 -7.53145389e-001  -7.53145389e-001
 -1.33900598e+000 -1.33900670e+000  -1.33900670e+000 -6.68463304e-001 -6.68462838e-001  -6.68462838e-001 -1.27206113e+000 -1.27206114e+000  -1.27206114e+000 3.70983544e-002 3.70985615e-002  3.70985615e-002 -2.36504178e-001 -2.36504790e-001  -2.36504790e-001
 3.88504281e-001 3.88504758e-001  3.88504758e-001 1.61030444e-002 1.61027855e-002  1.61027855e-002 -4.47846132e-003 -4.47842608e-003  -4.47842608e-003 -9.65466638e-004 -9.65455425e-004  -9.65455425e-004 -1.15858127e-004 -1.15855018e-004  -1.15855018e-004
 2.87636921e-001 2.87636991e-001  2.87636992e-001 2.05813700e+000 2.05813714e+000  2.05813714e+000 1.93814416e-001 1.93814452e-001  1.93814454e-001 -1.13480294e+000 -1.13480311e+000  -1.13480312e+000 2.31910109e+000 2.31910119e+000  2.31910119e+000
 6.34741544e-001 6.34741281e-001  6.34741278e-001 -8.92358831e-002 -8.92357141e-002  -8.92357120e-002 4.71539394e-001 4.71539392e-001  4.71539391e-001 -1.07173462e-001 -1.07173387e-001  -1.07173385e-001 9.84069944e-002 9.84067725e-002  9.84067700e-002
 -1.82933155e-001 -1.82932982e-001  -1.82932979e-001 -4.61771159e-002 -4.61772097e-002  -4.61772106e-002 -2.19514934e-004 -2.19502163e-004  -2.19502030e-004 -6.94060988e-004 -6.94056925e-004  -6.94056882e-004 -1.26201792e-004 -1.26200666e-004  -1.26200654e-004
 -2.63382627e-004 -2.63287296e-004  -2.63283520e-004 -3.07514558e-004 -3.07328924e-004  -3.07322947e-004 3.83039302e-004 3.83088399e-004  3.83102646e-004 3.47910652e-005 3.45528154e-005  3.45395533e-005 -2.45514765e-004 -2.45382576e-004  -2.45374431e-004
 -5.48356795e-005 -5.51935539e-005  -5.52109995e-005 -6.35729344e-006 -6.12733825e-006  -6.11462194e-006 8.00998928e-005 8.00964071e-005  8.00883772e-005 -2.16085752e-004 -2.15983568e-004  -2.15971178e-004 1.43871263e-004 1.43569403e-004  1.43554358e-004
 -4.13210753e-004 -4.12975526e-004  -4.12961593e-004 -2.08316663e-003 -2.08329418e-003  -2.08329995e-003 -4.88039196e-003 -4.88037459e-003  -4.88037378e-003 -1.55632965e-003 -1.55632412e-003  -1.55632386e-003 -2.92866910e-004 -2.92865378e-004  -2.92865306e-004
 -7.05946266e-002 -7.05945017e-002  -7.05944968e-002 2.21341785e-002 2.21344216e-002  2.21344294e-002 -3.03912435e-002 -3.03911792e-002  -3.03911606e-002 3.83337291e-002 3.83334170e-002  3.83333997e-002 2.56184299e-002 2.56186031e-002  2.56186137e-002
 7.79474493e-002 7.79469806e-002  7.79469578e-002 6.55468813e-002 6.55471825e-002  6.55471991e-002 1.26306637e-001 1.26306633e-001  1.26306622e-001 4.59683378e-002 4.59684717e-002  4.59684879e-002 -2.02853858e-002 -2.02857811e-002  -2.02858008e-002
 4.42825850e-002 4.42828931e-002  4.42829113e-002 8.90537124e-003 8.90520419e-003  8.90519663e-003 1.30800010e-004 1.30822756e-004  1.30823821e-004 -7.08230364e-004 -7.08223128e-004  -7.08222789e-004 -2.80670924e-004 -2.80668918e-004  -2.80668824e-004
 1.12506975e+000 1.12506990e+000  1.12506991e+000 -3.28733036e-001 -3.28732740e-001  -3.28732731e-001 4.68447679e-001 4.68447757e-001  4.68447780e-001 -5.99028734e-001 -5.99029114e-001  -5.99029135e-001 -3.88452298e-001 -3.88452087e-001  -3.88452074e-001
 -1.22579606e+000 -1.22579663e+000  -1.22579666e+000 -1.03320534e+000 -1.03320497e+000  -1.03320495e+000 -1.99445842e+000 -1.99445843e+000  -1.99445844e+000 -7.23872828e-001 -7.23872665e-001  -7.23872645e-001 3.13866098e-001 3.13865617e-001  3.13865593e-001
 -6.70912358e-001 -6.70911983e-001  -6.70911961e-001 -8.16934733e-002 -8.16936766e-002  -8.16936859e-002 1.57343204e-003 1.57345973e-003  1.57346103e-003 -2.07474036e-004 -2.07465226e-004  -2.07464813e-004 -1.95166665e-004 -1.95164223e-004  -1.95164108e-004
 1.16727440e+000 1.16727440e+000  1.16727440e+000 6.94145267e-001 6.94145267e-001  6.94145267e-001 1.78949376e+000 1.78949376e+000  1.78949376e+000 1.29539358e+000 1.29539358e+000  1.29539358e+000 5.31170927e-001 5.31170927e-001  5.31170927e-001
 1.28553049e-001 1.28553049e-001  1.28553049e-001 -1.51457396e+000 -1.51457396e+000  -1.51457396e+000 -1.95996418e+000 -1.95996418e+000  -1.95996418e+000 1.75235399e+000 1.75235399e+000  1.75235399e+000 2.14989300e+000 2.14989300e+000  2.14989300e+000
 5.75002868e-002 5.75002868e-002  5.75002868e-002 -4.86616999e-001 -4.86616999e-001  -4.86616999e-001 4.33796247e-002 4.33796247e-002  4.33796247e-002 8.80401994e-003 8.80401994e-003  8.80401994e-003 1.06287444e-003 1.06287444e-003  1.06287444e-003
 1.02548761e+000 1.02548761e+000  1.02548761e+000 2.10082300e+000 2.10082300e+000  2.10082300e+000 4.26371087e-002 4.26371087e-002  4.26371087e-002 -3.31430335e-001 -3.31430335e-001  -3.31430335e-001 -1.42688596e+000 -1.42688596e+000  -1.42688596e+000
 -1.30967857e+000 -1.30967857e+000  -1.30967857e+000 -6.08251778e-001 -6.08251778e-001  -6.08251778e-001 -2.04602494e+000 -2.04602494e+000  -2.04602494e+000 -8.04251343e-001 -8.04251343e-001  -8.04251343e-001 -6.93531778e-001 -6.93531778e-001  -6.93531778e-001
 -1.86428602e-001 -1.86428602e-001  -1.86428602e-001 2.38276923e-001 2.38276923e-001  2.38276923e-001 -3.23194929e-002 -3.23194929e-002  -3.23194929e-002 -6.31106762e-003 -6.31106762e-003  -6.31106762e-003 -6.87891011e-004 -6.87891011e-004  -6.87891011e-004
 -5.95358379e-002 -5.95358379e-002  -5.95358379e-002 -1.83940887e+000 -1.83940887e+000  -1.83940887e+000 -2.81666694e-001 -2.81666694e-001  -2.81666694e-001 -2.06885216e-001 -2.06885216e-001  -2.06885216e-001 7.93299842e-001 7.93299842e-001  7.93299842e-001
 5.11300990e-002 5.11300990e-002  5.11300990e-002 1.01913737e+000 1.01913737e+000  1.01913737e+000 9.43234501e-001 9.43234501e-001  9.43234501e-001 -7.33241237e-001 -7.33241237e-001  -7.33241237e-001 -1.67826222e-001 -1.67826222e-001  -1.67826222e-001
 3.34958373e-001 3.34958373e-001  3.34958373e-001 3.52453718e-001 3.52453718e-001  3.52453718e-001 4.99496293e-002 4.99496293e-002  4.99496293e-002 1.18969996e-002 1.18969996e-002  1.18969996e-002 1.37254000e-003 1.37254000e-003  1.37254000e-003
 -7.01650955e-003 -7.01631590e-003  -7.01630821e-003 -7.86232706e-001 -7.86232329e-001  -7.86232317e-001 -2.81609309e-001 -2.81609209e-001  -2.81609180e-001 -8.87294247e-001 -8.87294731e-001  -8.87294758e-001 3.25474849e-001 3.25475118e-001  3.25475134e-001
 2.49054684e-001 2.49053958e-001  2.49053922e-001 5.40841011e-001 5.40841479e-001  5.40841504e-001 1.26821400e+000 1.26821399e+000  1.26821397e+000 -4.49620278e-001 -4.49620071e-001  -4.49620045e-001 -1.26378911e-001 -1.26379524e-001  -1.26379555e-001
 -2.93361332e-001 -2.93360854e-001  -2.93360826e-001 -2.02256192e-001 -2.02256451e-001  -2.02256463e-001 -5.97149998e-002 -5.97149645e-002  -5.97149628e-002 -1.47779710e-002 -1.47779598e-002  -1.47779592e-002 -2.00818247e-003 -2.00817936e-003  -2.00817921e-003
 -3.62448048e+000 -3.62448053e+000 -3.62448057e+000
 -2.33014731e+000 -2.33014755e+000 -2.33014758e+000
 -3.41946825e+000 -3.41946896e+000 -3.41946898e+000
 3.45255764e+000 3.45255746e+000 3.45255743e+000
 -2.66241896e+000 -2.66241908e+000 -2.66241908e+000
 4.23578393e+000 4.23578366e+000 4.23578365e+000
 -3.30791695e+000 -3.30791751e+000 -3.30791752e+000
 3.08700411e+000 3.08700411e+000 3.08700411e+000
 -3.20163042e+000 -3.20163109e+000 -3.20163110e+000
 3.89582006e+000 3.89581955e+000 3.89581953e+000
 -3.26307971e+000 -3.26308025e+000 -3.26308027e+000
 1.39447958e+000 1.39447921e+000 1.39447919e+000
 -1.90131343e-001 -1.90131701e-001 -1.90131718e-001
 -6.04096111e-002 -6.04099789e-002 -6.04099962e-002
 -1.67452442e-002 -1.67456152e-002 -1.67456326e-002
