 Normalized SSE per output and pattern 
Itr 	 HN 	 MARE-tr 	 MARE-ts 	 R2tr 	 R2ts 	 SSENtr 	 SSENts	 SSENcomb
100 	 8 	      154.314 	        0.000 	   0.73802 	   0.00000 	    0.020530 	    -1.#IND00 	    -1.#IND00 
200 	 8 	      119.808 	        0.000 	   0.77699 	   0.00000 	    0.014420 	    -1.#IND00 	    -1.#IND00 
300 	 8 	      101.512 	        0.000 	   0.80245 	   0.00000 	    0.011569 	    -1.#IND00 	    -1.#IND00 
400 	 8 	       94.477 	        0.000 	   0.81945 	   0.00000 	    0.010407 	    -1.#IND00 	    -1.#IND00 
500 	 8 	       89.595 	        0.000 	   0.83762 	   0.00000 	    0.009137 	    -1.#IND00 	    -1.#IND00 
600 	 8 	       85.136 	        0.000 	   0.85199 	   0.00000 	    0.008018 	    -1.#IND00 	    -1.#IND00 
700 	 8 	       80.635 	        0.000 	   0.86228 	   0.00000 	    0.007275 	    -1.#IND00 	    -1.#IND00 
800 	 8 	       77.120 	        0.000 	   0.87027 	   0.00000 	    0.006756 	    -1.#IND00 	    -1.#IND00 
900 	 8 	       74.805 	        0.000 	   0.87670 	   0.00000 	    0.006347 	    -1.#IND00 	    -1.#IND00 
1000 	 8 	       56.428 	        0.000 	   0.89955 	   0.00000 	    0.003746 	    -1.#IND00 	    -1.#IND00 
1100 	 8 	       55.455 	        0.000 	   0.90896 	   0.00000 	    0.003308 	    -1.#IND00 	    -1.#IND00 
1200 	 8 	       55.729 	        0.000 	   0.91127 	   0.00000 	    0.003212 	    -1.#IND00 	    -1.#IND00 
1300 	 8 	       55.902 	        0.000 	   0.91291 	   0.00000 	    0.003160 	    -1.#IND00 	    -1.#IND00 
1400 	 8 	       56.012 	        0.000 	   0.91430 	   0.00000 	    0.003120 	    -1.#IND00 	    -1.#IND00 
1500 	 8 	       56.087 	        0.000 	   0.91555 	   0.00000 	    0.003085 	    -1.#IND00 	    -1.#IND00 
1600 	 8 	       56.133 	        0.000 	   0.91671 	   0.00000 	    0.003054 	    -1.#IND00 	    -1.#IND00 
1700 	 8 	       56.196 	        0.000 	   0.91780 	   0.00000 	    0.003024 	    -1.#IND00 	    -1.#IND00 
1800 	 8 	       56.308 	        0.000 	   0.91883 	   0.00000 	    0.002995 	    -1.#IND00 	    -1.#IND00 
1900 	 8 	       56.423 	        0.000 	   0.91982 	   0.00000 	    0.002968 	    -1.#IND00 	    -1.#IND00 
2000 	 8 	       52.732 	        0.000 	   0.92330 	   0.00000 	    0.002602 	    -1.#IND00 	    -1.#IND00 
2100 	 8 	       52.779 	        0.000 	   0.92509 	   0.00000 	    0.002538 	    -1.#IND00 	    -1.#IND00 
2200 	 8 	       52.975 	        0.000 	   0.92581 	   0.00000 	    0.002515 	    -1.#IND00 	    -1.#IND00 
2300 	 8 	       53.112 	        0.000 	   0.92641 	   0.00000 	    0.002499 	    -1.#IND00 	    -1.#IND00 
2400 	 8 	       53.214 	        0.000 	   0.92697 	   0.00000 	    0.002485 	    -1.#IND00 	    -1.#IND00 
2500 	 8 	       53.297 	        0.000 	   0.92749 	   0.00000 	    0.002473 	    -1.#IND00 	    -1.#IND00 
2600 	 8 	       53.379 	        0.000 	   0.92800 	   0.00000 	    0.002461 	    -1.#IND00 	    -1.#IND00 
2700 	 8 	       53.456 	        0.000 	   0.92849 	   0.00000 	    0.002449 	    -1.#IND00 	    -1.#IND00 
2800 	 8 	       53.526 	        0.000 	   0.92897 	   0.00000 	    0.002439 	    -1.#IND00 	    -1.#IND00 
2900 	 8 	       53.603 	        0.000 	   0.92943 	   0.00000 	    0.002429 	    -1.#IND00 	    -1.#IND00 
3000 	 8 	       51.912 	        0.000 	   0.93087 	   0.00000 	    0.002281 	    -1.#IND00 	    -1.#IND00 
3100 	 8 	       51.934 	        0.000 	   0.93160 	   0.00000 	    0.002259 	    -1.#IND00 	    -1.#IND00 
3200 	 8 	       52.050 	        0.000 	   0.93200 	   0.00000 	    0.002248 	    -1.#IND00 	    -1.#IND00 
3300 	 8 	       52.135 	        0.000 	   0.93236 	   0.00000 	    0.002239 	    -1.#IND00 	    -1.#IND00 
3400 	 8 	       52.199 	        0.000 	   0.93270 	   0.00000 	    0.002230 	    -1.#IND00 	    -1.#IND00 
3500 	 8 	       52.250 	        0.000 	   0.93303 	   0.00000 	    0.002221 	    -1.#IND00 	    -1.#IND00 
3600 	 8 	       52.293 	        0.000 	   0.93335 	   0.00000 	    0.002213 	    -1.#IND00 	    -1.#IND00 
3700 	 8 	       52.328 	        0.000 	   0.93367 	   0.00000 	    0.002205 	    -1.#IND00 	    -1.#IND00 
3800 	 8 	       52.354 	        0.000 	   0.93398 	   0.00000 	    0.002196 	    -1.#IND00 	    -1.#IND00 
3900 	 8 	       52.374 	        0.000 	   0.93428 	   0.00000 	    0.002188 	    -1.#IND00 	    -1.#IND00 
4000 	 8 	       51.351 	        0.000 	   0.93511 	   0.00000 	    0.002109 	    -1.#IND00 	    -1.#IND00 
4100 	 8 	       51.346 	        0.000 	   0.93552 	   0.00000 	    0.002097 	    -1.#IND00 	    -1.#IND00 
4200 	 8 	       51.377 	        0.000 	   0.93579 	   0.00000 	    0.002089 	    -1.#IND00 	    -1.#IND00 
4300 	 8 	       51.393 	        0.000 	   0.93604 	   0.00000 	    0.002082 	    -1.#IND00 	    -1.#IND00 
4400 	 8 	       51.397 	        0.000 	   0.93629 	   0.00000 	    0.002075 	    -1.#IND00 	    -1.#IND00 
4500 	 8 	       51.392 	        0.000 	   0.93652 	   0.00000 	    0.002068 	    -1.#IND00 	    -1.#IND00 
4600 	 8 	       51.380 	        0.000 	   0.93675 	   0.00000 	    0.002061 	    -1.#IND00 	    -1.#IND00 
4700 	 8 	       51.362 	        0.000 	   0.93698 	   0.00000 	    0.002054 	    -1.#IND00 	    -1.#IND00 
4800 	 8 	       51.345 	        0.000 	   0.93721 	   0.00000 	    0.002047 	    -1.#IND00 	    -1.#IND00 
4900 	 8 	       51.326 	        0.000 	   0.93743 	   0.00000 	    0.002040 	    -1.#IND00 	    -1.#IND00 
5000 	 8 	       50.651 	        0.000 	   0.93795 	   0.00000 	    0.001994 	    -1.#IND00 	    -1.#IND00 
5100 	 8 	       50.634 	        0.000 	   0.93823 	   0.00000 	    0.001987 	    -1.#IND00 	    -1.#IND00 
5200 	 8 	       50.636 	        0.000 	   0.93843 	   0.00000 	    0.001981 	    -1.#IND00 	    -1.#IND00 
5300 	 8 	       50.631 	        0.000 	   0.93862 	   0.00000 	    0.001975 	    -1.#IND00 	    -1.#IND00 
5400 	 8 	       50.620 	        0.000 	   0.93880 	   0.00000 	    0.001969 	    -1.#IND00 	    -1.#IND00 
5500 	 8 	       50.604 	        0.000 	   0.93898 	   0.00000 	    0.001963 	    -1.#IND00 	    -1.#IND00 
5600 	 8 	       50.585 	        0.000 	   0.93916 	   0.00000 	    0.001958 	    -1.#IND00 	    -1.#IND00 
5700 	 8 	       50.563 	        0.000 	   0.93933 	   0.00000 	    0.001952 	    -1.#IND00 	    -1.#IND00 
5800 	 8 	       50.539 	        0.000 	   0.93951 	   0.00000 	    0.001947 	    -1.#IND00 	    -1.#IND00 
5900 	 8 	       50.515 	        0.000 	   0.93968 	   0.00000 	    0.001941 	    -1.#IND00 	    -1.#IND00 
6000 	 8 	       50.042 	        0.000 	   0.94003 	   0.00000 	    0.001914 	    -1.#IND00 	    -1.#IND00 
6100 	 8 	       50.014 	        0.000 	   0.94024 	   0.00000 	    0.001908 	    -1.#IND00 	    -1.#IND00 
6200 	 8 	       50.000 	        0.000 	   0.94039 	   0.00000 	    0.001903 	    -1.#IND00 	    -1.#IND00 
6300 	 8 	       49.986 	        0.000 	   0.94054 	   0.00000 	    0.001898 	    -1.#IND00 	    -1.#IND00 
6400 	 8 	       49.970 	        0.000 	   0.94069 	   0.00000 	    0.001894 	    -1.#IND00 	    -1.#IND00 
6500 	 8 	       49.951 	        0.000 	   0.94083 	   0.00000 	    0.001889 	    -1.#IND00 	    -1.#IND00 
6600 	 8 	       49.930 	        0.000 	   0.94098 	   0.00000 	    0.001885 	    -1.#IND00 	    -1.#IND00 
6700 	 8 	       49.907 	        0.000 	   0.94112 	   0.00000 	    0.001880 	    -1.#IND00 	    -1.#IND00 
6800 	 8 	       49.885 	        0.000 	   0.94126 	   0.00000 	    0.001876 	    -1.#IND00 	    -1.#IND00 
6900 	 8 	       49.860 	        0.000 	   0.94140 	   0.00000 	    0.001871 	    -1.#IND00 	    -1.#IND00 
7000 	 8 	       49.521 	        0.000 	   0.94165 	   0.00000 	    0.001854 	    -1.#IND00 	    -1.#IND00 
7100 	 8 	       49.489 	        0.000 	   0.94181 	   0.00000 	    0.001849 	    -1.#IND00 	    -1.#IND00 
7200 	 8 	       49.471 	        0.000 	   0.94194 	   0.00000 	    0.001845 	    -1.#IND00 	    -1.#IND00 
7300 	 8 	       49.454 	        0.000 	   0.94206 	   0.00000 	    0.001841 	    -1.#IND00 	    -1.#IND00 
7400 	 8 	       49.435 	        0.000 	   0.94218 	   0.00000 	    0.001837 	    -1.#IND00 	    -1.#IND00 
7500 	 8 	       49.414 	        0.000 	   0.94230 	   0.00000 	    0.001834 	    -1.#IND00 	    -1.#IND00 
7600 	 8 	       49.392 	        0.000 	   0.94242 	   0.00000 	    0.001830 	    -1.#IND00 	    -1.#IND00 
7700 	 8 	       49.369 	        0.000 	   0.94254 	   0.00000 	    0.001826 	    -1.#IND00 	    -1.#IND00 
7800 	 8 	       49.344 	        0.000 	   0.94266 	   0.00000 	    0.001822 	    -1.#IND00 	    -1.#IND00 
7900 	 8 	       49.319 	        0.000 	   0.94278 	   0.00000 	    0.001819 	    -1.#IND00 	    -1.#IND00 
8000 	 8 	       49.065 	        0.000 	   0.94296 	   0.00000 	    0.001807 	    -1.#IND00 	    -1.#IND00 
8100 	 8 	       49.029 	        0.000 	   0.94310 	   0.00000 	    0.001803 	    -1.#IND00 	    -1.#IND00 
8200 	 8 	       49.008 	        0.000 	   0.94320 	   0.00000 	    0.001800 	    -1.#IND00 	    -1.#IND00 
8300 	 8 	       48.987 	        0.000 	   0.94331 	   0.00000 	    0.001796 	    -1.#IND00 	    -1.#IND00 
8400 	 8 	       48.966 	        0.000 	   0.94341 	   0.00000 	    0.001793 	    -1.#IND00 	    -1.#IND00 
8500 	 8 	       48.944 	        0.000 	   0.94351 	   0.00000 	    0.001790 	    -1.#IND00 	    -1.#IND00 
8600 	 8 	       48.921 	        0.000 	   0.94361 	   0.00000 	    0.001787 	    -1.#IND00 	    -1.#IND00 
8700 	 8 	       48.899 	        0.000 	   0.94371 	   0.00000 	    0.001784 	    -1.#IND00 	    -1.#IND00 
8800 	 8 	       48.877 	        0.000 	   0.94381 	   0.00000 	    0.001780 	    -1.#IND00 	    -1.#IND00 
8900 	 8 	       48.854 	        0.000 	   0.94391 	   0.00000 	    0.001777 	    -1.#IND00 	    -1.#IND00 
9000 	 8 	       48.666 	        0.000 	   0.94406 	   0.00000 	    0.001769 	    -1.#IND00 	    -1.#IND00 
9100 	 8 	       48.631 	        0.000 	   0.94417 	   0.00000 	    0.001766 	    -1.#IND00 	    -1.#IND00 
9200 	 8 	       48.610 	        0.000 	   0.94426 	   0.00000 	    0.001763 	    -1.#IND00 	    -1.#IND00 
9300 	 8 	       48.591 	        0.000 	   0.94435 	   0.00000 	    0.001760 	    -1.#IND00 	    -1.#IND00 
9400 	 8 	       48.572 	        0.000 	   0.94444 	   0.00000 	    0.001757 	    -1.#IND00 	    -1.#IND00 
9500 	 8 	       48.552 	        0.000 	   0.94453 	   0.00000 	    0.001755 	    -1.#IND00 	    -1.#IND00 
9600 	 8 	       48.532 	        0.000 	   0.94462 	   0.00000 	    0.001752 	    -1.#IND00 	    -1.#IND00 
9700 	 8 	       48.511 	        0.000 	   0.94470 	   0.00000 	    0.001749 	    -1.#IND00 	    -1.#IND00 
9800 	 8 	       48.489 	        0.000 	   0.94479 	   0.00000 	    0.001746 	    -1.#IND00 	    -1.#IND00 
9900 	 8 	       48.468 	        0.000 	   0.94488 	   0.00000 	    0.001744 	    -1.#IND00 	    -1.#IND00 
10000 	 8 	       48.320 	        0.000 	   0.94500 	   0.00000 	    0.001737 	    -1.#IND00 	    -1.#IND00 
10100 	 8 	       48.285 	        0.000 	   0.94509 	   0.00000 	    0.001735 	    -1.#IND00 	    -1.#IND00 
10200 	 8 	       48.264 	        0.000 	   0.94517 	   0.00000 	    0.001732 	    -1.#IND00 	    -1.#IND00 
10300 	 8 	       48.244 	        0.000 	   0.94525 	   0.00000 	    0.001730 	    -1.#IND00 	    -1.#IND00 
10400 	 8 	       48.225 	        0.000 	   0.94533 	   0.00000 	    0.001727 	    -1.#IND00 	    -1.#IND00 
10500 	 8 	       48.205 	        0.000 	   0.94540 	   0.00000 	    0.001725 	    -1.#IND00 	    -1.#IND00 
10600 	 8 	       48.185 	        0.000 	   0.94548 	   0.00000 	    0.001722 	    -1.#IND00 	    -1.#IND00 
10700 	 8 	       48.164 	        0.000 	   0.94556 	   0.00000 	    0.001720 	    -1.#IND00 	    -1.#IND00 
10800 	 8 	       48.143 	        0.000 	   0.94563 	   0.00000 	    0.001718 	    -1.#IND00 	    -1.#IND00 
10900 	 8 	       48.122 	        0.000 	   0.94571 	   0.00000 	    0.001715 	    -1.#IND00 	    -1.#IND00 
11000 	 8 	       48.004 	        0.000 	   0.94581 	   0.00000 	    0.001710 	    -1.#IND00 	    -1.#IND00 
11100 	 8 	       47.969 	        0.000 	   0.94589 	   0.00000 	    0.001708 	    -1.#IND00 	    -1.#IND00 
11200 	 8 	       47.949 	        0.000 	   0.94596 	   0.00000 	    0.001706 	    -1.#IND00 	    -1.#IND00 
11300 	 8 	       47.930 	        0.000 	   0.94603 	   0.00000 	    0.001704 	    -1.#IND00 	    -1.#IND00 
11400 	 8 	       47.911 	        0.000 	   0.94610 	   0.00000 	    0.001702 	    -1.#IND00 	    -1.#IND00 
11500 	 8 	       47.893 	        0.000 	   0.94616 	   0.00000 	    0.001699 	    -1.#IND00 	    -1.#IND00 
11600 	 8 	       47.874 	        0.000 	   0.94623 	   0.00000 	    0.001697 	    -1.#IND00 	    -1.#IND00 
11700 	 8 	       47.856 	        0.000 	   0.94630 	   0.00000 	    0.001695 	    -1.#IND00 	    -1.#IND00 
11800 	 8 	       47.837 	        0.000 	   0.94637 	   0.00000 	    0.001693 	    -1.#IND00 	    -1.#IND00 
11900 	 8 	       47.819 	        0.000 	   0.94643 	   0.00000 	    0.001691 	    -1.#IND00 	    -1.#IND00 
12000 	 8 	       47.724 	        0.000 	   0.94652 	   0.00000 	    0.001687 	    -1.#IND00 	    -1.#IND00 
12100 	 8 	       47.692 	        0.000 	   0.94659 	   0.00000 	    0.001685 	    -1.#IND00 	    -1.#IND00 
12200 	 8 	       47.673 	        0.000 	   0.94665 	   0.00000 	    0.001683 	    -1.#IND00 	    -1.#IND00 
12300 	 8 	       47.655 	        0.000 	   0.94671 	   0.00000 	    0.001681 	    -1.#IND00 	    -1.#IND00 
12400 	 8 	       47.638 	        0.000 	   0.94677 	   0.00000 	    0.001679 	    -1.#IND00 	    -1.#IND00 
12500 	 8 	       47.620 	        0.000 	   0.94683 	   0.00000 	    0.001677 	    -1.#IND00 	    -1.#IND00 
12600 	 8 	       47.603 	        0.000 	   0.94690 	   0.00000 	    0.001676 	    -1.#IND00 	    -1.#IND00 
12700 	 8 	       47.585 	        0.000 	   0.94695 	   0.00000 	    0.001674 	    -1.#IND00 	    -1.#IND00 
12800 	 8 	       47.567 	        0.000 	   0.94701 	   0.00000 	    0.001672 	    -1.#IND00 	    -1.#IND00 
12900 	 8 	       47.550 	        0.000 	   0.94707 	   0.00000 	    0.001670 	    -1.#IND00 	    -1.#IND00 
13000 	 8 	       47.469 	        0.000 	   0.94715 	   0.00000 	    0.001667 	    -1.#IND00 	    -1.#IND00 
13100 	 8 	       47.439 	        0.000 	   0.94721 	   0.00000 	    0.001665 	    -1.#IND00 	    -1.#IND00 
13200 	 8 	       47.421 	        0.000 	   0.94727 	   0.00000 	    0.001663 	    -1.#IND00 	    -1.#IND00 
13300 	 8 	       47.404 	        0.000 	   0.94732 	   0.00000 	    0.001662 	    -1.#IND00 	    -1.#IND00 
13400 	 8 	       47.388 	        0.000 	   0.94738 	   0.00000 	    0.001660 	    -1.#IND00 	    -1.#IND00 
13500 	 8 	       47.371 	        0.000 	   0.94743 	   0.00000 	    0.001658 	    -1.#IND00 	    -1.#IND00 
13600 	 8 	       47.355 	        0.000 	   0.94748 	   0.00000 	    0.001656 	    -1.#IND00 	    -1.#IND00 
13700 	 8 	       47.338 	        0.000 	   0.94754 	   0.00000 	    0.001655 	    -1.#IND00 	    -1.#IND00 
13800 	 8 	       47.321 	        0.000 	   0.94759 	   0.00000 	    0.001653 	    -1.#IND00 	    -1.#IND00 
13900 	 8 	       47.304 	        0.000 	   0.94765 	   0.00000 	    0.001651 	    -1.#IND00 	    -1.#IND00 
14000 	 8 	       47.236 	        0.000 	   0.94771 	   0.00000 	    0.001649 	    -1.#IND00 	    -1.#IND00 
14100 	 8 	       47.206 	        0.000 	   0.94777 	   0.00000 	    0.001647 	    -1.#IND00 	    -1.#IND00 
14200 	 8 	       47.189 	        0.000 	   0.94782 	   0.00000 	    0.001646 	    -1.#IND00 	    -1.#IND00 
14300 	 8 	       47.172 	        0.000 	   0.94787 	   0.00000 	    0.001644 	    -1.#IND00 	    -1.#IND00 
14400 	 8 	       47.156 	        0.000 	   0.94792 	   0.00000 	    0.001642 	    -1.#IND00 	    -1.#IND00 
14500 	 8 	       47.140 	        0.000 	   0.94797 	   0.00000 	    0.001641 	    -1.#IND00 	    -1.#IND00 
14600 	 8 	       47.124 	        0.000 	   0.94802 	   0.00000 	    0.001639 	    -1.#IND00 	    -1.#IND00 
14700 	 8 	       47.107 	        0.000 	   0.94806 	   0.00000 	    0.001638 	    -1.#IND00 	    -1.#IND00 
14800 	 8 	       47.091 	        0.000 	   0.94811 	   0.00000 	    0.001636 	    -1.#IND00 	    -1.#IND00 
14900 	 8 	       47.075 	        0.000 	   0.94816 	   0.00000 	    0.001635 	    -1.#IND00 	    -1.#IND00 
15000 	 8 	       47.017 	        0.000 	   0.94822 	   0.00000 	    0.001633 	    -1.#IND00 	    -1.#IND00 
15100 	 8 	       46.991 	        0.000 	   0.94827 	   0.00000 	    0.001631 	    -1.#IND00 	    -1.#IND00 
15200 	 8 	       46.976 	        0.000 	   0.94832 	   0.00000 	    0.001630 	    -1.#IND00 	    -1.#IND00 
15300 	 8 	       46.962 	        0.000 	   0.94836 	   0.00000 	    0.001628 	    -1.#IND00 	    -1.#IND00 
15400 	 8 	       46.949 	        0.000 	   0.94841 	   0.00000 	    0.001627 	    -1.#IND00 	    -1.#IND00 
15500 	 8 	       46.936 	        0.000 	   0.94845 	   0.00000 	    0.001625 	    -1.#IND00 	    -1.#IND00 
15600 	 8 	       46.923 	        0.000 	   0.94850 	   0.00000 	    0.001624 	    -1.#IND00 	    -1.#IND00 
15700 	 8 	       46.909 	        0.000 	   0.94854 	   0.00000 	    0.001623 	    -1.#IND00 	    -1.#IND00 
15800 	 8 	       46.896 	        0.000 	   0.94859 	   0.00000 	    0.001621 	    -1.#IND00 	    -1.#IND00 
15900 	 8 	       46.882 	        0.000 	   0.94863 	   0.00000 	    0.001620 	    -1.#IND00 	    -1.#IND00 
16000 	 8 	       46.835 	        0.000 	   0.94868 	   0.00000 	    0.001618 	    -1.#IND00 	    -1.#IND00 
16100 	 8 	       46.810 	        0.000 	   0.94873 	   0.00000 	    0.001617 	    -1.#IND00 	    -1.#IND00 
16200 	 8 	       46.797 	        0.000 	   0.94877 	   0.00000 	    0.001615 	    -1.#IND00 	    -1.#IND00 
16300 	 8 	       46.784 	        0.000 	   0.94881 	   0.00000 	    0.001614 	    -1.#IND00 	    -1.#IND00 
16400 	 8 	       46.771 	        0.000 	   0.94886 	   0.00000 	    0.001613 	    -1.#IND00 	    -1.#IND00 
16500 	 8 	       46.759 	        0.000 	   0.94890 	   0.00000 	    0.001611 	    -1.#IND00 	    -1.#IND00 
16600 	 8 	       46.746 	        0.000 	   0.94894 	   0.00000 	    0.001610 	    -1.#IND00 	    -1.#IND00 
16700 	 8 	       46.734 	        0.000 	   0.94898 	   0.00000 	    0.001609 	    -1.#IND00 	    -1.#IND00 
16800 	 8 	       46.721 	        0.000 	   0.94902 	   0.00000 	    0.001607 	    -1.#IND00 	    -1.#IND00 
16900 	 8 	       46.709 	        0.000 	   0.94906 	   0.00000 	    0.001606 	    -1.#IND00 	    -1.#IND00 
17000 	 8 	       46.667 	        0.000 	   0.94911 	   0.00000 	    0.001604 	    -1.#IND00 	    -1.#IND00 
17100 	 8 	       46.644 	        0.000 	   0.94915 	   0.00000 	    0.001603 	    -1.#IND00 	    -1.#IND00 
17200 	 8 	       46.632 	        0.000 	   0.94919 	   0.00000 	    0.001602 	    -1.#IND00 	    -1.#IND00 
17300 	 8 	       46.620 	        0.000 	   0.94923 	   0.00000 	    0.001601 	    -1.#IND00 	    -1.#IND00 
17400 	 8 	       46.608 	        0.000 	   0.94927 	   0.00000 	    0.001600 	    -1.#IND00 	    -1.#IND00 
17500 	 8 	       46.597 	        0.000 	   0.94931 	   0.00000 	    0.001598 	    -1.#IND00 	    -1.#IND00 
17600 	 8 	       46.585 	        0.000 	   0.94935 	   0.00000 	    0.001597 	    -1.#IND00 	    -1.#IND00 
17700 	 8 	       46.573 	        0.000 	   0.94938 	   0.00000 	    0.001596 	    -1.#IND00 	    -1.#IND00 
17800 	 8 	       46.562 	        0.000 	   0.94942 	   0.00000 	    0.001595 	    -1.#IND00 	    -1.#IND00 
17900 	 8 	       46.550 	        0.000 	   0.94946 	   0.00000 	    0.001594 	    -1.#IND00 	    -1.#IND00 
18000 	 8 	       46.512 	        0.000 	   0.94950 	   0.00000 	    0.001592 	    -1.#IND00 	    -1.#IND00 
18100 	 8 	       46.490 	        0.000 	   0.94954 	   0.00000 	    0.001591 	    -1.#IND00 	    -1.#IND00 
18200 	 8 	       46.479 	        0.000 	   0.94958 	   0.00000 	    0.001590 	    -1.#IND00 	    -1.#IND00 
18300 	 8 	       46.468 	        0.000 	   0.94962 	   0.00000 	    0.001589 	    -1.#IND00 	    -1.#IND00 
18400 	 8 	       46.458 	        0.000 	   0.94965 	   0.00000 	    0.001587 	    -1.#IND00 	    -1.#IND00 
18500 	 8 	       46.448 	        0.000 	   0.94969 	   0.00000 	    0.001586 	    -1.#IND00 	    -1.#IND00 
18600 	 8 	       46.438 	        0.000 	   0.94972 	   0.00000 	    0.001585 	    -1.#IND00 	    -1.#IND00 
18700 	 8 	       46.428 	        0.000 	   0.94976 	   0.00000 	    0.001584 	    -1.#IND00 	    -1.#IND00 
18800 	 8 	       46.418 	        0.000 	   0.94979 	   0.00000 	    0.001583 	    -1.#IND00 	    -1.#IND00 
18900 	 8 	       46.408 	        0.000 	   0.94983 	   0.00000 	    0.001582 	    -1.#IND00 	    -1.#IND00 
19000 	 8 	       46.376 	        0.000 	   0.94987 	   0.00000 	    0.001581 	    -1.#IND00 	    -1.#IND00 
19100 	 8 	       46.356 	        0.000 	   0.94991 	   0.00000 	    0.001579 	    -1.#IND00 	    -1.#IND00 
19200 	 8 	       46.345 	        0.000 	   0.94994 	   0.00000 	    0.001578 	    -1.#IND00 	    -1.#IND00 
19300 	 8 	       46.335 	        0.000 	   0.94997 	   0.00000 	    0.001577 	    -1.#IND00 	    -1.#IND00 
19400 	 8 	       46.325 	        0.000 	   0.95001 	   0.00000 	    0.001576 	    -1.#IND00 	    -1.#IND00 
19500 	 8 	       46.315 	        0.000 	   0.95004 	   0.00000 	    0.001575 	    -1.#IND00 	    -1.#IND00 
19600 	 8 	       46.305 	        0.000 	   0.95008 	   0.00000 	    0.001574 	    -1.#IND00 	    -1.#IND00 
19700 	 8 	       46.294 	        0.000 	   0.95011 	   0.00000 	    0.001573 	    -1.#IND00 	    -1.#IND00 
19800 	 8 	       46.284 	        0.000 	   0.95014 	   0.00000 	    0.001572 	    -1.#IND00 	    -1.#IND00 
19900 	 8 	       46.274 	        0.000 	   0.95018 	   0.00000 	    0.001571 	    -1.#IND00 	    -1.#IND00 
20000 	 8 	       46.245 	        0.000 	   0.95021 	   0.00000 	    0.001570 	    -1.#IND00 	    -1.#IND00 
100 	 9 	       64.697 	        0.000 	   0.93470 	   0.00000 	    0.002847 	    -1.#IND00 	    -1.#IND00 
200 	 9 	       62.669 	        0.000 	   0.93421 	   0.00000 	    0.002871 	    -1.#IND00 	    -1.#IND00 
300 	 9 	       60.828 	        0.000 	   0.93477 	   0.00000 	    0.002807 	    -1.#IND00 	    -1.#IND00 
400 	 9 	       59.216 	        0.000 	   0.93563 	   0.00000 	    0.002726 	    -1.#IND00 	    -1.#IND00 
500 	 9 	       57.751 	        0.000 	   0.93666 	   0.00000 	    0.002637 	    -1.#IND00 	    -1.#IND00 
600 	 9 	       56.416 	        0.000 	   0.93779 	   0.00000 	    0.002545 	    -1.#IND00 	    -1.#IND00 
700 	 9 	       55.181 	        0.000 	   0.93894 	   0.00000 	    0.002456 	    -1.#IND00 	    -1.#IND00 
800 	 9 	       54.085 	        0.000 	   0.94008 	   0.00000 	    0.002370 	    -1.#IND00 	    -1.#IND00 
900 	 9 	       53.123 	        0.000 	   0.94119 	   0.00000 	    0.002291 	    -1.#IND00 	    -1.#IND00 
1000 	 9 	       47.889 	        0.000 	   0.94591 	   0.00000 	    0.001948 	    -1.#IND00 	    -1.#IND00 
1100 	 9 	       45.840 	        0.000 	   0.95074 	   0.00000 	    0.001713 	    -1.#IND00 	    -1.#IND00 
1200 	 9 	       45.691 	        0.000 	   0.95182 	   0.00000 	    0.001663 	    -1.#IND00 	    -1.#IND00 
1300 	 9 	       45.618 	        0.000 	   0.95248 	   0.00000 	    0.001634 	    -1.#IND00 	    -1.#IND00 
1400 	 9 	       45.542 	        0.000 	   0.95298 	   0.00000 	    0.001613 	    -1.#IND00 	    -1.#IND00 
1500 	 9 	       45.454 	        0.000 	   0.95341 	   0.00000 	    0.001595 	    -1.#IND00 	    -1.#IND00 
1600 	 9 	       45.363 	        0.000 	   0.95380 	   0.00000 	    0.001579 	    -1.#IND00 	    -1.#IND00 
1700 	 9 	       45.272 	        0.000 	   0.95415 	   0.00000 	    0.001564 	    -1.#IND00 	    -1.#IND00 
1800 	 9 	       45.181 	        0.000 	   0.95447 	   0.00000 	    0.001551 	    -1.#IND00 	    -1.#IND00 
1900 	 9 	       45.102 	        0.000 	   0.95478 	   0.00000 	    0.001538 	    -1.#IND00 	    -1.#IND00 
2000 	 9 	       43.953 	        0.000 	   0.95587 	   0.00000 	    0.001445 	    -1.#IND00 	    -1.#IND00 
2100 	 9 	       43.674 	        0.000 	   0.95668 	   0.00000 	    0.001415 	    -1.#IND00 	    -1.#IND00 
2200 	 9 	       43.669 	        0.000 	   0.95696 	   0.00000 	    0.001404 	    -1.#IND00 	    -1.#IND00 
2300 	 9 	       43.664 	        0.000 	   0.95719 	   0.00000 	    0.001395 	    -1.#IND00 	    -1.#IND00 
2400 	 9 	       43.652 	        0.000 	   0.95738 	   0.00000 	    0.001388 	    -1.#IND00 	    -1.#IND00 
2500 	 9 	       43.632 	        0.000 	   0.95756 	   0.00000 	    0.001382 	    -1.#IND00 	    -1.#IND00 
2600 	 9 	       43.608 	        0.000 	   0.95773 	   0.00000 	    0.001376 	    -1.#IND00 	    -1.#IND00 
2700 	 9 	       43.582 	        0.000 	   0.95789 	   0.00000 	    0.001370 	    -1.#IND00 	    -1.#IND00 
2800 	 9 	       43.554 	        0.000 	   0.95804 	   0.00000 	    0.001364 	    -1.#IND00 	    -1.#IND00 
2900 	 9 	       43.525 	        0.000 	   0.95819 	   0.00000 	    0.001359 	    -1.#IND00 	    -1.#IND00 
3000 	 9 	       42.980 	        0.000 	   0.95866 	   0.00000 	    0.001323 	    -1.#IND00 	    -1.#IND00 
3100 	 9 	       42.895 	        0.000 	   0.95900 	   0.00000 	    0.001314 	    -1.#IND00 	    -1.#IND00 
3200 	 9 	       42.895 	        0.000 	   0.95914 	   0.00000 	    0.001309 	    -1.#IND00 	    -1.#IND00 
3300 	 9 	       42.896 	        0.000 	   0.95926 	   0.00000 	    0.001305 	    -1.#IND00 	    -1.#IND00 
3400 	 9 	       42.893 	        0.000 	   0.95937 	   0.00000 	    0.001301 	    -1.#IND00 	    -1.#IND00 
3500 	 9 	       42.890 	        0.000 	   0.95948 	   0.00000 	    0.001297 	    -1.#IND00 	    -1.#IND00 
3600 	 9 	       42.883 	        0.000 	   0.95958 	   0.00000 	    0.001294 	    -1.#IND00 	    -1.#IND00 
3700 	 9 	       42.875 	        0.000 	   0.95967 	   0.00000 	    0.001291 	    -1.#IND00 	    -1.#IND00 
3800 	 9 	       42.865 	        0.000 	   0.95977 	   0.00000 	    0.001288 	    -1.#IND00 	    -1.#IND00 
3900 	 9 	       42.854 	        0.000 	   0.95986 	   0.00000 	    0.001285 	    -1.#IND00 	    -1.#IND00 
4000 	 9 	       42.557 	        0.000 	   0.96011 	   0.00000 	    0.001270 	    -1.#IND00 	    -1.#IND00 
4100 	 9 	       42.519 	        0.000 	   0.96030 	   0.00000 	    0.001264 	    -1.#IND00 	    -1.#IND00 
4200 	 9 	       42.525 	        0.000 	   0.96039 	   0.00000 	    0.001262 	    -1.#IND00 	    -1.#IND00 
4300 	 9 	       42.531 	        0.000 	   0.96047 	   0.00000 	    0.001259 	    -1.#IND00 	    -1.#IND00 
4400 	 9 	       42.533 	        0.000 	   0.96055 	   0.00000 	    0.001257 	    -1.#IND00 	    -1.#IND00 
4500 	 9 	       42.533 	        0.000 	   0.96062 	   0.00000 	    0.001254 	    -1.#IND00 	    -1.#IND00 
4600 	 9 	       42.531 	        0.000 	   0.96069 	   0.00000 	    0.001252 	    -1.#IND00 	    -1.#IND00 
4700 	 9 	       42.529 	        0.000 	   0.96076 	   0.00000 	    0.001250 	    -1.#IND00 	    -1.#IND00 
4800 	 9 	       42.527 	        0.000 	   0.96083 	   0.00000 	    0.001247 	    -1.#IND00 	    -1.#IND00 
4900 	 9 	       42.524 	        0.000 	   0.96090 	   0.00000 	    0.001245 	    -1.#IND00 	    -1.#IND00 
5000 	 9 	       42.355 	        0.000 	   0.96104 	   0.00000 	    0.001238 	    -1.#IND00 	    -1.#IND00 
5100 	 9 	       42.332 	        0.000 	   0.96117 	   0.00000 	    0.001235 	    -1.#IND00 	    -1.#IND00 
5200 	 9 	       42.337 	        0.000 	   0.96124 	   0.00000 	    0.001233 	    -1.#IND00 	    -1.#IND00 
5300 	 9 	       42.343 	        0.000 	   0.96130 	   0.00000 	    0.001231 	    -1.#IND00 	    -1.#IND00 
5400 	 9 	       42.347 	        0.000 	   0.96135 	   0.00000 	    0.001229 	    -1.#IND00 	    -1.#IND00 
5500 	 9 	       42.350 	        0.000 	   0.96141 	   0.00000 	    0.001227 	    -1.#IND00 	    -1.#IND00 
5600 	 9 	       42.351 	        0.000 	   0.96146 	   0.00000 	    0.001226 	    -1.#IND00 	    -1.#IND00 
5700 	 9 	       42.351 	        0.000 	   0.96151 	   0.00000 	    0.001224 	    -1.#IND00 	    -1.#IND00 
5800 	 9 	       42.349 	        0.000 	   0.96157 	   0.00000 	    0.001222 	    -1.#IND00 	    -1.#IND00 
5900 	 9 	       42.348 	        0.000 	   0.96162 	   0.00000 	    0.001221 	    -1.#IND00 	    -1.#IND00 
6000 	 9 	       42.241 	        0.000 	   0.96172 	   0.00000 	    0.001217 	    -1.#IND00 	    -1.#IND00 
6100 	 9 	       42.221 	        0.000 	   0.96181 	   0.00000 	    0.001214 	    -1.#IND00 	    -1.#IND00 
6200 	 9 	       42.224 	        0.000 	   0.96186 	   0.00000 	    0.001213 	    -1.#IND00 	    -1.#IND00 
6300 	 9 	       42.229 	        0.000 	   0.96191 	   0.00000 	    0.001211 	    -1.#IND00 	    -1.#IND00 
6400 	 9 	       42.232 	        0.000 	   0.96195 	   0.00000 	    0.001210 	    -1.#IND00 	    -1.#IND00 
6500 	 9 	       42.234 	        0.000 	   0.96200 	   0.00000 	    0.001208 	    -1.#IND00 	    -1.#IND00 
6600 	 9 	       42.235 	        0.000 	   0.96204 	   0.00000 	    0.001207 	    -1.#IND00 	    -1.#IND00 
6700 	 9 	       42.236 	        0.000 	   0.96208 	   0.00000 	    0.001205 	    -1.#IND00 	    -1.#IND00 
6800 	 9 	       42.235 	        0.000 	   0.96213 	   0.00000 	    0.001204 	    -1.#IND00 	    -1.#IND00 
6900 	 9 	       42.234 	        0.000 	   0.96217 	   0.00000 	    0.001203 	    -1.#IND00 	    -1.#IND00 
7000 	 9 	       42.164 	        0.000 	   0.96224 	   0.00000 	    0.001200 	    -1.#IND00 	    -1.#IND00 
7100 	 9 	       42.147 	        0.000 	   0.96231 	   0.00000 	    0.001198 	    -1.#IND00 	    -1.#IND00 
7200 	 9 	       42.148 	        0.000 	   0.96235 	   0.00000 	    0.001197 	    -1.#IND00 	    -1.#IND00 
7300 	 9 	       42.152 	        0.000 	   0.96239 	   0.00000 	    0.001196 	    -1.#IND00 	    -1.#IND00 
7400 	 9 	       42.157 	        0.000 	   0.96243 	   0.00000 	    0.001195 	    -1.#IND00 	    -1.#IND00 
7500 	 9 	       42.160 	        0.000 	   0.96246 	   0.00000 	    0.001194 	    -1.#IND00 	    -1.#IND00 
7600 	 9 	       42.163 	        0.000 	   0.96250 	   0.00000 	    0.001192 	    -1.#IND00 	    -1.#IND00 
7700 	 9 	       42.166 	        0.000 	   0.96253 	   0.00000 	    0.001191 	    -1.#IND00 	    -1.#IND00 
7800 	 9 	       42.168 	        0.000 	   0.96257 	   0.00000 	    0.001190 	    -1.#IND00 	    -1.#IND00 
7900 	 9 	       42.169 	        0.000 	   0.96260 	   0.00000 	    0.001189 	    -1.#IND00 	    -1.#IND00 
8000 	 9 	       42.122 	        0.000 	   0.96266 	   0.00000 	    0.001187 	    -1.#IND00 	    -1.#IND00 
8100 	 9 	       42.109 	        0.000 	   0.96271 	   0.00000 	    0.001186 	    -1.#IND00 	    -1.#IND00 
8200 	 9 	       42.111 	        0.000 	   0.96275 	   0.00000 	    0.001185 	    -1.#IND00 	    -1.#IND00 
8300 	 9 	       42.114 	        0.000 	   0.96278 	   0.00000 	    0.001184 	    -1.#IND00 	    -1.#IND00 
8400 	 9 	       42.117 	        0.000 	   0.96281 	   0.00000 	    0.001183 	    -1.#IND00 	    -1.#IND00 
8500 	 9 	       42.120 	        0.000 	   0.96284 	   0.00000 	    0.001182 	    -1.#IND00 	    -1.#IND00 
8600 	 9 	       42.123 	        0.000 	   0.96288 	   0.00000 	    0.001181 	    -1.#IND00 	    -1.#IND00 
8700 	 9 	       42.125 	        0.000 	   0.96291 	   0.00000 	    0.001180 	    -1.#IND00 	    -1.#IND00 
8800 	 9 	       42.127 	        0.000 	   0.96294 	   0.00000 	    0.001179 	    -1.#IND00 	    -1.#IND00 
8900 	 9 	       42.129 	        0.000 	   0.96297 	   0.00000 	    0.001178 	    -1.#IND00 	    -1.#IND00 
9000 	 9 	       42.096 	        0.000 	   0.96301 	   0.00000 	    0.001176 	    -1.#IND00 	    -1.#IND00 
9100 	 9 	       42.084 	        0.000 	   0.96305 	   0.00000 	    0.001175 	    -1.#IND00 	    -1.#IND00 
9200 	 9 	       42.086 	        0.000 	   0.96308 	   0.00000 	    0.001174 	    -1.#IND00 	    -1.#IND00 
9300 	 9 	       42.089 	        0.000 	   0.96311 	   0.00000 	    0.001173 	    -1.#IND00 	    -1.#IND00 
9400 	 9 	       42.092 	        0.000 	   0.96314 	   0.00000 	    0.001172 	    -1.#IND00 	    -1.#IND00 
9500 	 9 	       42.095 	        0.000 	   0.96317 	   0.00000 	    0.001172 	    -1.#IND00 	    -1.#IND00 
9600 	 9 	       42.097 	        0.000 	   0.96319 	   0.00000 	    0.001171 	    -1.#IND00 	    -1.#IND00 
9700 	 9 	       42.100 	        0.000 	   0.96322 	   0.00000 	    0.001170 	    -1.#IND00 	    -1.#IND00 
9800 	 9 	       42.102 	        0.000 	   0.96325 	   0.00000 	    0.001169 	    -1.#IND00 	    -1.#IND00 
9900 	 9 	       42.103 	        0.000 	   0.96327 	   0.00000 	    0.001168 	    -1.#IND00 	    -1.#IND00 
10000 	 9 	       42.080 	        0.000 	   0.96331 	   0.00000 	    0.001167 	    -1.#IND00 	    -1.#IND00 
10100 	 9 	       42.068 	        0.000 	   0.96334 	   0.00000 	    0.001166 	    -1.#IND00 	    -1.#IND00 
10200 	 9 	       42.070 	        0.000 	   0.96337 	   0.00000 	    0.001165 	    -1.#IND00 	    -1.#IND00 
10300 	 9 	       42.072 	        0.000 	   0.96340 	   0.00000 	    0.001165 	    -1.#IND00 	    -1.#IND00 
10400 	 9 	       42.075 	        0.000 	   0.96342 	   0.00000 	    0.001164 	    -1.#IND00 	    -1.#IND00 
10500 	 9 	       42.077 	        0.000 	   0.96344 	   0.00000 	    0.001163 	    -1.#IND00 	    -1.#IND00 
10600 	 9 	       42.079 	        0.000 	   0.96347 	   0.00000 	    0.001162 	    -1.#IND00 	    -1.#IND00 
10700 	 9 	       42.081 	        0.000 	   0.96349 	   0.00000 	    0.001162 	    -1.#IND00 	    -1.#IND00 
10800 	 9 	       42.082 	        0.000 	   0.96351 	   0.00000 	    0.001161 	    -1.#IND00 	    -1.#IND00 
10900 	 9 	       42.083 	        0.000 	   0.96354 	   0.00000 	    0.001160 	    -1.#IND00 	    -1.#IND00 
11000 	 9 	       42.065 	        0.000 	   0.96356 	   0.00000 	    0.001159 	    -1.#IND00 	    -1.#IND00 
11100 	 9 	       42.055 	        0.000 	   0.96360 	   0.00000 	    0.001158 	    -1.#IND00 	    -1.#IND00 
11200 	 9 	       42.056 	        0.000 	   0.96362 	   0.00000 	    0.001158 	    -1.#IND00 	    -1.#IND00 
11300 	 9 	       42.058 	        0.000 	   0.96364 	   0.00000 	    0.001157 	    -1.#IND00 	    -1.#IND00 
11400 	 9 	       42.060 	        0.000 	   0.96366 	   0.00000 	    0.001156 	    -1.#IND00 	    -1.#IND00 
11500 	 9 	       42.062 	        0.000 	   0.96368 	   0.00000 	    0.001156 	    -1.#IND00 	    -1.#IND00 
11600 	 9 	       42.064 	        0.000 	   0.96371 	   0.00000 	    0.001155 	    -1.#IND00 	    -1.#IND00 
11700 	 9 	       42.068 	        0.000 	   0.96373 	   0.00000 	    0.001154 	    -1.#IND00 	    -1.#IND00 
11800 	 9 	       42.072 	        0.000 	   0.96375 	   0.00000 	    0.001154 	    -1.#IND00 	    -1.#IND00 
11900 	 9 	       42.075 	        0.000 	   0.96377 	   0.00000 	    0.001153 	    -1.#IND00 	    -1.#IND00 
12000 	 9 	       42.065 	        0.000 	   0.96379 	   0.00000 	    0.001152 	    -1.#IND00 	    -1.#IND00 
12100 	 9 	       42.058 	        0.000 	   0.96382 	   0.00000 	    0.001151 	    -1.#IND00 	    -1.#IND00 
12200 	 9 	       42.061 	        0.000 	   0.96384 	   0.00000 	    0.001151 	    -1.#IND00 	    -1.#IND00 
12300 	 9 	       42.065 	        0.000 	   0.96386 	   0.00000 	    0.001150 	    -1.#IND00 	    -1.#IND00 
12400 	 9 	       42.069 	        0.000 	   0.96388 	   0.00000 	    0.001149 	    -1.#IND00 	    -1.#IND00 
12500 	 9 	       42.073 	        0.000 	   0.96390 	   0.00000 	    0.001149 	    -1.#IND00 	    -1.#IND00 
12600 	 9 	       42.078 	        0.000 	   0.96392 	   0.00000 	    0.001148 	    -1.#IND00 	    -1.#IND00 
12700 	 9 	       42.083 	        0.000 	   0.96394 	   0.00000 	    0.001148 	    -1.#IND00 	    -1.#IND00 
12800 	 9 	       42.087 	        0.000 	   0.96395 	   0.00000 	    0.001147 	    -1.#IND00 	    -1.#IND00 
12900 	 9 	       42.092 	        0.000 	   0.96397 	   0.00000 	    0.001146 	    -1.#IND00 	    -1.#IND00 
13000 	 9 	       42.085 	        0.000 	   0.96399 	   0.00000 	    0.001146 	    -1.#IND00 	    -1.#IND00 
13100 	 9 	       42.080 	        0.000 	   0.96402 	   0.00000 	    0.001145 	    -1.#IND00 	    -1.#IND00 
13200 	 9 	       42.084 	        0.000 	   0.96404 	   0.00000 	    0.001145 	    -1.#IND00 	    -1.#IND00 
13300 	 9 	       42.088 	        0.000 	   0.96406 	   0.00000 	    0.001144 	    -1.#IND00 	    -1.#IND00 
13400 	 9 	       42.093 	        0.000 	   0.96407 	   0.00000 	    0.001143 	    -1.#IND00 	    -1.#IND00 
13500 	 9 	       42.097 	        0.000 	   0.96409 	   0.00000 	    0.001143 	    -1.#IND00 	    -1.#IND00 
13600 	 9 	       42.101 	        0.000 	   0.96411 	   0.00000 	    0.001142 	    -1.#IND00 	    -1.#IND00 
13700 	 9 	       42.105 	        0.000 	   0.96412 	   0.00000 	    0.001142 	    -1.#IND00 	    -1.#IND00 
13800 	 9 	       42.109 	        0.000 	   0.96414 	   0.00000 	    0.001141 	    -1.#IND00 	    -1.#IND00 
13900 	 9 	       42.113 	        0.000 	   0.96416 	   0.00000 	    0.001141 	    -1.#IND00 	    -1.#IND00 
14000 	 9 	       42.108 	        0.000 	   0.96418 	   0.00000 	    0.001140 	    -1.#IND00 	    -1.#IND00 
14100 	 9 	       42.104 	        0.000 	   0.96420 	   0.00000 	    0.001140 	    -1.#IND00 	    -1.#IND00 
14200 	 9 	       42.107 	        0.000 	   0.96421 	   0.00000 	    0.001139 	    -1.#IND00 	    -1.#IND00 
14300 	 9 	       42.111 	        0.000 	   0.96423 	   0.00000 	    0.001139 	    -1.#IND00 	    -1.#IND00 
14400 	 9 	       42.115 	        0.000 	   0.96425 	   0.00000 	    0.001138 	    -1.#IND00 	    -1.#IND00 
14500 	 9 	       42.119 	        0.000 	   0.96426 	   0.00000 	    0.001137 	    -1.#IND00 	    -1.#IND00 
14600 	 9 	       42.122 	        0.000 	   0.96428 	   0.00000 	    0.001137 	    -1.#IND00 	    -1.#IND00 
14700 	 9 	       42.126 	        0.000 	   0.96429 	   0.00000 	    0.001136 	    -1.#IND00 	    -1.#IND00 
14800 	 9 	       42.129 	        0.000 	   0.96431 	   0.00000 	    0.001136 	    -1.#IND00 	    -1.#IND00 
14900 	 9 	       42.133 	        0.000 	   0.96432 	   0.00000 	    0.001136 	    -1.#IND00 	    -1.#IND00 
15000 	 9 	       42.129 	        0.000 	   0.96434 	   0.00000 	    0.001135 	    -1.#IND00 	    -1.#IND00 
15100 	 9 	       42.125 	        0.000 	   0.96436 	   0.00000 	    0.001134 	    -1.#IND00 	    -1.#IND00 
15200 	 9 	       42.128 	        0.000 	   0.96438 	   0.00000 	    0.001134 	    -1.#IND00 	    -1.#IND00 
15300 	 9 	       42.131 	        0.000 	   0.96439 	   0.00000 	    0.001133 	    -1.#IND00 	    -1.#IND00 
15400 	 9 	       42.134 	        0.000 	   0.96440 	   0.00000 	    0.001133 	    -1.#IND00 	    -1.#IND00 
15500 	 9 	       42.137 	        0.000 	   0.96442 	   0.00000 	    0.001133 	    -1.#IND00 	    -1.#IND00 
15600 	 9 	       42.141 	        0.000 	   0.96443 	   0.00000 	    0.001132 	    -1.#IND00 	    -1.#IND00 
15700 	 9 	       42.144 	        0.000 	   0.96445 	   0.00000 	    0.001132 	    -1.#IND00 	    -1.#IND00 
15800 	 9 	       42.147 	        0.000 	   0.96446 	   0.00000 	    0.001131 	    -1.#IND00 	    -1.#IND00 
15900 	 9 	       42.150 	        0.000 	   0.96447 	   0.00000 	    0.001131 	    -1.#IND00 	    -1.#IND00 
16000 	 9 	       42.147 	        0.000 	   0.96449 	   0.00000 	    0.001130 	    -1.#IND00 	    -1.#IND00 
16100 	 9 	       42.143 	        0.000 	   0.96451 	   0.00000 	    0.001130 	    -1.#IND00 	    -1.#IND00 
16200 	 9 	       42.146 	        0.000 	   0.96452 	   0.00000 	    0.001129 	    -1.#IND00 	    -1.#IND00 
16300 	 9 	       42.148 	        0.000 	   0.96454 	   0.00000 	    0.001129 	    -1.#IND00 	    -1.#IND00 
16400 	 9 	       42.151 	        0.000 	   0.96455 	   0.00000 	    0.001128 	    -1.#IND00 	    -1.#IND00 
16500 	 9 	       42.154 	        0.000 	   0.96456 	   0.00000 	    0.001128 	    -1.#IND00 	    -1.#IND00 
16600 	 9 	       42.157 	        0.000 	   0.96458 	   0.00000 	    0.001128 	    -1.#IND00 	    -1.#IND00 
16700 	 9 	       42.160 	        0.000 	   0.96459 	   0.00000 	    0.001127 	    -1.#IND00 	    -1.#IND00 
16800 	 9 	       42.162 	        0.000 	   0.96460 	   0.00000 	    0.001127 	    -1.#IND00 	    -1.#IND00 
16900 	 9 	       42.165 	        0.000 	   0.96461 	   0.00000 	    0.001126 	    -1.#IND00 	    -1.#IND00 
17000 	 9 	       42.163 	        0.000 	   0.96463 	   0.00000 	    0.001126 	    -1.#IND00 	    -1.#IND00 
17100 	 9 	       42.159 	        0.000 	   0.96464 	   0.00000 	    0.001125 	    -1.#IND00 	    -1.#IND00 
17200 	 9 	       42.161 	        0.000 	   0.96466 	   0.00000 	    0.001125 	    -1.#IND00 	    -1.#IND00 
17300 	 9 	       42.163 	        0.000 	   0.96467 	   0.00000 	    0.001125 	    -1.#IND00 	    -1.#IND00 
17400 	 9 	       42.166 	        0.000 	   0.96468 	   0.00000 	    0.001124 	    -1.#IND00 	    -1.#IND00 
17500 	 9 	       42.170 	        0.000 	   0.96469 	   0.00000 	    0.001124 	    -1.#IND00 	    -1.#IND00 
17600 	 9 	       42.173 	        0.000 	   0.96471 	   0.00000 	    0.001123 	    -1.#IND00 	    -1.#IND00 
17700 	 9 	       42.176 	        0.000 	   0.96472 	   0.00000 	    0.001123 	    -1.#IND00 	    -1.#IND00 
17800 	 9 	       42.180 	        0.000 	   0.96473 	   0.00000 	    0.001123 	    -1.#IND00 	    -1.#IND00 
17900 	 9 	       42.184 	        0.000 	   0.96474 	   0.00000 	    0.001122 	    -1.#IND00 	    -1.#IND00 
18000 	 9 	       42.183 	        0.000 	   0.96476 	   0.00000 	    0.001122 	    -1.#IND00 	    -1.#IND00 
18100 	 9 	       42.180 	        0.000 	   0.96477 	   0.00000 	    0.001121 	    -1.#IND00 	    -1.#IND00 
18200 	 9 	       42.183 	        0.000 	   0.96478 	   0.00000 	    0.001121 	    -1.#IND00 	    -1.#IND00 
18300 	 9 	       42.187 	        0.000 	   0.96479 	   0.00000 	    0.001121 	    -1.#IND00 	    -1.#IND00 
18400 	 9 	       42.190 	        0.000 	   0.96481 	   0.00000 	    0.001120 	    -1.#IND00 	    -1.#IND00 
18500 	 9 	       42.194 	        0.000 	   0.96482 	   0.00000 	    0.001120 	    -1.#IND00 	    -1.#IND00 
18600 	 9 	       42.197 	        0.000 	   0.96483 	   0.00000 	    0.001120 	    -1.#IND00 	    -1.#IND00 
18700 	 9 	       42.201 	        0.000 	   0.96484 	   0.00000 	    0.001119 	    -1.#IND00 	    -1.#IND00 
18800 	 9 	       42.204 	        0.000 	   0.96485 	   0.00000 	    0.001119 	    -1.#IND00 	    -1.#IND00 
18900 	 9 	       42.207 	        0.000 	   0.96486 	   0.00000 	    0.001119 	    -1.#IND00 	    -1.#IND00 
19000 	 9 	       42.207 	        0.000 	   0.96487 	   0.00000 	    0.001118 	    -1.#IND00 	    -1.#IND00 
19100 	 9 	       42.205 	        0.000 	   0.96489 	   0.00000 	    0.001118 	    -1.#IND00 	    -1.#IND00 
19200 	 9 	       42.207 	        0.000 	   0.96490 	   0.00000 	    0.001117 	    -1.#IND00 	    -1.#IND00 
19300 	 9 	       42.210 	        0.000 	   0.96491 	   0.00000 	    0.001117 	    -1.#IND00 	    -1.#IND00 
19400 	 9 	       42.213 	        0.000 	   0.96492 	   0.00000 	    0.001117 	    -1.#IND00 	    -1.#IND00 
19500 	 9 	       42.216 	        0.000 	   0.96493 	   0.00000 	    0.001116 	    -1.#IND00 	    -1.#IND00 
19600 	 9 	       42.220 	        0.000 	   0.96494 	   0.00000 	    0.001116 	    -1.#IND00 	    -1.#IND00 
19700 	 9 	       42.223 	        0.000 	   0.96495 	   0.00000 	    0.001116 	    -1.#IND00 	    -1.#IND00 
19800 	 9 	       42.226 	        0.000 	   0.96496 	   0.00000 	    0.001115 	    -1.#IND00 	    -1.#IND00 
19900 	 9 	       42.229 	        0.000 	   0.96497 	   0.00000 	    0.001115 	    -1.#IND00 	    -1.#IND00 
20000 	 9 	       42.229 	        0.000 	   0.96498 	   0.00000 	    0.001115 	    -1.#IND00 	    -1.#IND00 
100 	 10 	       48.782 	        0.000 	   0.95822 	   0.00000 	    0.001390 	    -1.#IND00 	    -1.#IND00 
200 	 10 	       48.382 	        0.000 	   0.95768 	   0.00000 	    0.001424 	    -1.#IND00 	    -1.#IND00 
300 	 10 	       47.988 	        0.000 	   0.95769 	   0.00000 	    0.001431 	    -1.#IND00 	    -1.#IND00 
400 	 10 	       47.706 	        0.000 	   0.95787 	   0.00000 	    0.001432 	    -1.#IND00 	    -1.#IND00 
500 	 10 	       47.532 	        0.000 	   0.95813 	   0.00000 	    0.001430 	    -1.#IND00 	    -1.#IND00 
600 	 10 	       47.425 	        0.000 	   0.95841 	   0.00000 	    0.001428 	    -1.#IND00 	    -1.#IND00 
700 	 10 	       47.366 	        0.000 	   0.95870 	   0.00000 	    0.001427 	    -1.#IND00 	    -1.#IND00 
800 	 10 	       47.349 	        0.000 	   0.95899 	   0.00000 	    0.001427 	    -1.#IND00 	    -1.#IND00 
900 	 10 	       47.357 	        0.000 	   0.95928 	   0.00000 	    0.001427 	    -1.#IND00 	    -1.#IND00 
1000 	 10 	       45.044 	        0.000 	   0.96118 	   0.00000 	    0.001332 	    -1.#IND00 	    -1.#IND00 
1100 	 10 	       43.409 	        0.000 	   0.96423 	   0.00000 	    0.001188 	    -1.#IND00 	    -1.#IND00 
1200 	 10 	       43.426 	        0.000 	   0.96470 	   0.00000 	    0.001168 	    -1.#IND00 	    -1.#IND00 
1300 	 10 	       43.511 	        0.000 	   0.96498 	   0.00000 	    0.001158 	    -1.#IND00 	    -1.#IND00 
1400 	 10 	       43.599 	        0.000 	   0.96518 	   0.00000 	    0.001150 	    -1.#IND00 	    -1.#IND00 
1500 	 10 	       43.682 	        0.000 	   0.96535 	   0.00000 	    0.001144 	    -1.#IND00 	    -1.#IND00 
1600 	 10 	       43.756 	        0.000 	   0.96550 	   0.00000 	    0.001138 	    -1.#IND00 	    -1.#IND00 
1700 	 10 	       43.820 	        0.000 	   0.96564 	   0.00000 	    0.001133 	    -1.#IND00 	    -1.#IND00 
1800 	 10 	       43.875 	        0.000 	   0.96577 	   0.00000 	    0.001129 	    -1.#IND00 	    -1.#IND00 
1900 	 10 	       43.921 	        0.000 	   0.96589 	   0.00000 	    0.001124 	    -1.#IND00 	    -1.#IND00 
2000 	 10 	       43.098 	        0.000 	   0.96642 	   0.00000 	    0.001077 	    -1.#IND00 	    -1.#IND00 
2100 	 10 	       42.902 	        0.000 	   0.96690 	   0.00000 	    0.001060 	    -1.#IND00 	    -1.#IND00 
2200 	 10 	       42.934 	        0.000 	   0.96702 	   0.00000 	    0.001056 	    -1.#IND00 	    -1.#IND00 
2300 	 10 	       42.969 	        0.000 	   0.96711 	   0.00000 	    0.001053 	    -1.#IND00 	    -1.#IND00 
2400 	 10 	       43.000 	        0.000 	   0.96719 	   0.00000 	    0.001050 	    -1.#IND00 	    -1.#IND00 
2500 	 10 	       43.027 	        0.000 	   0.96727 	   0.00000 	    0.001047 	    -1.#IND00 	    -1.#IND00 
2600 	 10 	       43.052 	        0.000 	   0.96734 	   0.00000 	    0.001045 	    -1.#IND00 	    -1.#IND00 
2700 	 10 	       43.073 	        0.000 	   0.96741 	   0.00000 	    0.001042 	    -1.#IND00 	    -1.#IND00 
2800 	 10 	       43.092 	        0.000 	   0.96748 	   0.00000 	    0.001040 	    -1.#IND00 	    -1.#IND00 
2900 	 10 	       43.109 	        0.000 	   0.96754 	   0.00000 	    0.001038 	    -1.#IND00 	    -1.#IND00 
3000 	 10 	       42.724 	        0.000 	   0.96776 	   0.00000 	    0.001023 	    -1.#IND00 	    -1.#IND00 
3100 	 10 	       42.685 	        0.000 	   0.96795 	   0.00000 	    0.001018 	    -1.#IND00 	    -1.#IND00 
3200 	 10 	       42.701 	        0.000 	   0.96802 	   0.00000 	    0.001016 	    -1.#IND00 	    -1.#IND00 
3300 	 10 	       42.720 	        0.000 	   0.96807 	   0.00000 	    0.001014 	    -1.#IND00 	    -1.#IND00 
3400 	 10 	       42.737 	        0.000 	   0.96812 	   0.00000 	    0.001012 	    -1.#IND00 	    -1.#IND00 
3500 	 10 	       42.753 	        0.000 	   0.96817 	   0.00000 	    0.001011 	    -1.#IND00 	    -1.#IND00 
3600 	 10 	       42.767 	        0.000 	   0.96822 	   0.00000 	    0.001009 	    -1.#IND00 	    -1.#IND00 
3700 	 10 	       42.779 	        0.000 	   0.96827 	   0.00000 	    0.001007 	    -1.#IND00 	    -1.#IND00 
3800 	 10 	       42.789 	        0.000 	   0.96831 	   0.00000 	    0.001006 	    -1.#IND00 	    -1.#IND00 
3900 	 10 	       42.798 	        0.000 	   0.96836 	   0.00000 	    0.001004 	    -1.#IND00 	    -1.#IND00 
4000 	 10 	       42.599 	        0.000 	   0.96847 	   0.00000 	    0.000999 	    -1.#IND00 	    -1.#IND00 
4100 	 10 	       42.582 	        0.000 	   0.96858 	   0.00000 	    0.000996 	    -1.#IND00 	    -1.#IND00 
4200 	 10 	       42.590 	        0.000 	   0.96862 	   0.00000 	    0.000995 	    -1.#IND00 	    -1.#IND00 
4300 	 10 	       42.600 	        0.000 	   0.96866 	   0.00000 	    0.000994 	    -1.#IND00 	    -1.#IND00 
4400 	 10 	       42.610 	        0.000 	   0.96870 	   0.00000 	    0.000992 	    -1.#IND00 	    -1.#IND00 
4500 	 10 	       42.618 	        0.000 	   0.96873 	   0.00000 	    0.000991 	    -1.#IND00 	    -1.#IND00 
4600 	 10 	       42.625 	        0.000 	   0.96877 	   0.00000 	    0.000990 	    -1.#IND00 	    -1.#IND00 
4700 	 10 	       42.630 	        0.000 	   0.96881 	   0.00000 	    0.000989 	    -1.#IND00 	    -1.#IND00 
4800 	 10 	       42.635 	        0.000 	   0.96884 	   0.00000 	    0.000988 	    -1.#IND00 	    -1.#IND00 
4900 	 10 	       42.639 	        0.000 	   0.96887 	   0.00000 	    0.000987 	    -1.#IND00 	    -1.#IND00 
5000 	 10 	       42.524 	        0.000 	   0.96894 	   0.00000 	    0.000984 	    -1.#IND00 	    -1.#IND00 
