  9.2685e-001 -2.9225e+000  4.3123e-001  7.4372e-001  3.1784e-002
 -4.3552e-001 -9.2831e-001  8.6316e-001 -9.6821e-002 -2.2649e-001
 -6.0070e-001
 -2.97076775e+000 -2.97076963e+000  -2.97076903e+000 6.66822889e-001 6.66744560e-001  6.66755304e-001 7.46332001e+000 7.46313509e+000  7.46313887e+000 -5.07382848e+000 -5.07383623e+000  -5.07383489e+000 1.04228336e+000 1.04222050e+000  1.04223406e+000
 -2.35555734e+000 -2.35549004e+000  -2.35549260e+000 -2.80011647e+000 -2.80024923e+000  -2.80023566e+000 8.76136526e+000 8.76144020e+000  8.76143296e+000 -4.05149523e-001 -4.05169129e-001  -4.05167340e-001 -9.77880644e-002 -9.77855319e-002  -9.77857718e-002
 -6.60330953e-001 -6.60332458e-001  -6.60330885e-001 4.78933781e+000 4.78927281e+000  4.78929636e+000 -1.62583296e+000 -1.62598870e+000  -1.62598556e+000 -7.67459518e-001 -7.67465925e-001  -7.67462969e-001 1.37489950e+000 1.37484763e+000  1.37487511e+000
 -2.62863513e+000 -2.62857846e+000  -2.62858070e+000 -1.33793876e+000 -1.33804961e+000  -1.33802386e+000 7.23131381e+000 7.23137636e+000  7.23136177e+000 -2.16127001e-002 -2.16290865e-002  -2.16256911e-002 -1.25937625e-001 -1.25935509e-001  -1.25935964e-001
 5.83317247e-001 5.83317385e-001  5.83319455e-001 -2.22108837e+000 -2.22108644e+000  -2.22105738e+000 -8.96804640e-001 -8.96804630e-001  -8.96804484e-001 -7.71799767e-001 -7.71799523e-001  -7.71795867e-001 3.22312141e+000 3.22312346e+000  3.22315417e+000
 3.14962884e+000 3.14962882e+000  3.14962854e+000 -8.56383502e-001 -8.56381616e-001  -8.56353320e-001 2.13475246e+000 2.13475131e+000  2.13473404e+000 1.99685000e-001 1.99685249e-001  1.99688975e-001 -8.73076295e-003 -8.73079659e-003  -8.73130113e-003
 3.35989100e-001 3.35989100e-001  3.35989100e-001 2.25011327e-001 2.25011327e-001  2.25011327e-001 -1.19194957e+000 -1.19194957e+000  -1.19194957e+000 6.51844464e-001 6.51844464e-001  6.51844464e-001 -1.50748196e+000 -1.50748196e+000  -1.50748196e+000
 2.54084311e+000 2.54084311e+000  2.54084311e+000 2.43980038e+000 2.43980038e+000  2.43980038e+000 -4.00940976e-001 -4.00940976e-001  -4.00940976e-001 -1.13951934e-001 -1.13951934e-001  -1.13951934e-001 -3.09827661e-004 -3.09827661e-004  -3.09827661e-004
 2.66767665e+000 2.66767665e+000  2.66767665e+000 -3.03539618e+000 -3.03539617e+000  -3.03539611e+000 2.23872255e+000 2.23872256e+000  2.23872267e+000 -1.24908004e+000 -1.24908003e+000  -1.24908003e+000 2.92138064e+000 2.92138065e+000  2.92138088e+000
 -2.58178340e+000 -2.58178340e+000  -2.58178347e+000 -6.02669035e+000 -6.02669033e+000  -6.02669015e+000 -9.51423084e+000 -9.51423084e+000  -9.51423090e+000 4.26772479e-001 4.26772481e-001  4.26772506e-001 -9.51157102e-003 -9.51157123e-003  -9.51157431e-003
 2.15927445e+000 2.15927445e+000  2.15927446e+000 -2.46446420e+000 -2.46446419e+000  -2.46446407e+000 1.73008681e+000 1.73008683e+000  1.73008701e+000 -7.91708984e+000 -7.91708983e+000  -7.91708982e+000 4.42149007e+000 4.42149010e+000  4.42149049e+000
 -2.53075874e+000 -2.53075875e+000  -2.53075888e+000 -3.59902732e+000 -3.59902730e+000  -3.59902697e+000 -6.00316604e-001 -6.00316611e-001  -6.00316712e-001 3.45634281e-001 3.45634284e-001  3.45634329e-001 -3.12459529e-002 -3.12459532e-002  -3.12459587e-002
 -4.54814626e+000 -4.54814810e+000  -4.54814632e+000 -2.37497338e+000 -2.37505272e+000  -2.37502505e+000 -6.65759489e+000 -6.65778482e+000  -6.65778105e+000 -1.33264054e+000 -1.33264837e+000  -1.33264490e+000 -1.13245404e+001 -1.13246039e+001  -1.13245732e+001
 7.24036282e-001 7.24105405e-001  7.24102763e-001 -4.30908617e+000 -4.30922147e+000  -4.30919178e+000 -1.93592031e+000 -1.93584399e+000  -1.93586135e+000 1.29478434e-001 1.29458435e-001  1.29462347e-001 -2.33325238e-001 -2.33322656e-001  -2.33323186e-001
 -2.91962054e-001 -2.91963850e-001  -2.91962125e-001 8.09919236e+000 8.09911513e+000  8.09914185e+000 3.57238329e+000 3.57219843e+000  3.57220180e+000 -3.28809991e-001 -3.28817605e-001  -3.28814258e-001 -2.83619134e+000 -2.83625312e+000  -2.83622381e+000
 1.60697776e+000 1.60704505e+000  1.60704267e+000 1.43387116e-001 1.43255405e-001  1.43283797e-001 -7.73187298e-001 -7.73113016e-001  -7.73129729e-001 -1.38595888e+000 -1.38597835e+000  -1.38597461e+000 -2.40187212e-001 -2.40184699e-001  -2.40185206e-001
 -2.15747454e+000 -2.15747591e+000  -2.15747482e+000 -1.57364834e+000 -1.57370686e+000  -1.57368975e+000 -4.30876402e-001 -4.31015964e-001  -4.31012900e-001 -2.96560207e-001 -2.96565983e-001  -2.96563837e-001 3.39930560e-001 3.39883773e-001  3.39903880e-001
 3.20773545e+000 3.20778623e+000  3.20778409e+000 1.04336052e+001 1.04335056e+001  1.04335248e+001 7.95974233e-001 7.96030445e-001  7.96019604e-001 5.50263614e-002 5.50116415e-002  5.50141803e-002 -2.05166170e-001 -2.05164269e-001  -2.05164610e-001
 -1.35374756e+000 -1.35374871e+000  -1.35374761e+000 1.41539880e+000 1.41534959e+000  1.41536692e+000 -9.08728993e+000 -9.08740772e+000  -9.08740488e+000 -2.24267630e+000 -2.24268115e+000  -2.24267898e+000 5.59713666e-002 5.59320412e-002  5.59515740e-002
 3.47813352e+000 3.47817638e+000  3.47817440e+000 1.21011934e+001 1.21011095e+001  1.21011285e+001 1.95555171e+000 1.95559904e+000  1.95558804e+000 -1.41736150e-001 -1.41748551e-001  -1.41746044e-001 -2.03764695e-001 -2.03763094e-001  -2.03763433e-001
 7.85001178e-002 7.84983327e-002  7.84997810e-002 -1.53886600e+000 -1.53894229e+000  -1.53891952e+000 -1.05313613e+000 -1.05331815e+000  -1.05331427e+000 -2.10658354e+000 -2.10659107e+000  -2.10658822e+000 7.47002271e+000 7.46996169e+000  7.46998789e+000
 -2.01537589e+000 -2.01530966e+000  -2.01531236e+000 -5.02320953e+000 -5.02333942e+000  -5.02331414e+000 -3.35458310e+000 -3.35450981e+000  -3.35452424e+000 -3.59442840e-001 -3.59462036e-001  -3.59458703e-001 -2.19105265e-001 -2.19102786e-001  -2.19103235e-001
 5.39337993e-001 5.39336488e-001  5.39337980e-001 -5.55538175e-001 -5.55602935e-001  -5.55579399e-001 5.25333268e-001 5.25178130e-001  5.25181741e-001 1.37736648e+000 1.37736010e+000  1.37736304e+000 -3.10071580e+000 -3.10076756e+000  -3.10074133e+000
 1.30151814e+000 1.30157459e+000  1.30157208e+000 1.20048603e+000 1.20037557e+000  1.20040112e+000 -3.24078403e+000 -3.24072172e+000  -3.24073659e+000 -4.68121215e-001 -4.68137543e-001  -4.68134176e-001 -2.29355619e-001 -2.29353511e-001  -2.29353966e-001
 7.17953180e-003 7.17799450e-003  7.17900793e-003 -4.80266393e+000 -4.80272922e+000  -4.80271298e+000 3.15165467e+000 3.15149942e+000  3.15150265e+000 2.04849226e+000 2.04848581e+000  2.04848785e+000 -2.09901341e+000 -2.09906567e+000  -2.09904667e+000
 1.98621729e+000 1.98627379e+000  1.98627156e+000 4.76470718e-001 4.76359721e-001  4.76378159e-001 -2.34065280e+000 -2.34059016e+000  -2.34060055e+000 5.42299364e-001 5.42282964e-001  5.42285395e-001 -1.76093047e-001 -1.76090929e-001  -1.76091257e-001
 -3.59993847e-001 -3.59995056e-001  -3.59993911e-001 3.34791444e+000 3.34786251e+000  3.34788098e+000 -1.99857832e+000 -1.99870262e+000  -1.99869933e+000 -3.97162453e-001 -3.97167571e-001  -3.97165260e-001 1.36060506e+000 1.36056357e+000  1.36058429e+000
 1.89553647e+000 1.89558169e+000  1.89557942e+000 7.15266351e-001 7.15177829e-001  7.15198210e-001 4.67206840e+000 4.67211834e+000  4.67210654e+000 -6.45807880e-001 -6.45820965e-001  -6.45818279e-001 -1.77400843e-001 -1.77399153e-001  -1.77399517e-001
 3.82649919e-001 3.82648458e-001  3.82649575e-001 -2.57862757e+000 -2.57868993e+000  -2.57867234e+000 -2.24911973e+000 -2.24926835e+000  -2.24926518e+000 -1.36178859e+000 -1.36179474e+000  -1.36179254e+000 8.72063836e+000 8.72058848e+000  8.72060899e+000
 -3.95095829e+000 -3.95090420e+000  -3.95090641e+000 -7.59761774e+000 -7.59772386e+000  -7.59770411e+000 -4.25177062e+000 -4.25171074e+000  -4.25172191e+000 -8.23669773e-002 -8.23826588e-002  -8.23800547e-002 -2.13771712e-001 -2.13769687e-001  -2.13770037e-001
 9.44298620e-001 9.44297512e-001  9.44298680e-001 -1.37965352e+000 -1.37970135e+000  -1.37968284e+000 -3.28107110e-001 -3.28221846e-001  -3.28219014e-001 2.90902703e+000 2.90902232e+000  2.90902463e+000 -4.59180350e+000 -4.59184171e+000  -4.59182122e+000
 7.55375911e-002 7.55793369e-002  7.55773693e-002 4.59119913e-002 4.58303684e-002  4.58503996e-002 -4.26042518e+000 -4.26037914e+000  -4.26039084e+000 -2.17743332e-001 -2.17755399e-001  -2.17752760e-001 -2.26005760e-001 -2.26004202e-001  -2.26004560e-001
 3.66516013e-001 3.66514790e-001  3.66515442e-001 -6.64960800e+000 -6.64965965e+000  -6.64964902e+000 2.94347295e+000 2.94335045e+000  2.94335297e+000 3.80679116e+000 3.80678606e+000  3.80678739e+000 -3.15585004e+000 -3.15589142e+000  -3.15587858e+000
 8.68882427e-001 8.68927008e-001  8.68925270e-001 -7.74965570e-001 -7.75053282e-001  -7.75040804e-001 -2.92971942e+000 -2.92966991e+000  -2.92967680e+000 1.01278851e+000 1.01277556e+000  1.01277720e+000 -1.72205472e-001 -1.72203798e-001  -1.72204019e-001
 -4.21254949e-002 -4.21262968e-002  -4.21255114e-002 2.94454051e+000 2.94450604e+000  2.94451893e+000 -3.06091128e+000 -3.06099388e+000  -3.06099140e+000 7.58979027e-001 7.58975630e-001  7.58977242e-001 9.20927301e-001 9.20899766e-001  9.20914194e-001
 6.13384807e-001 6.13414849e-001  6.13413147e-001 -5.35837506e-001 -5.35896288e-001  -5.35881961e-001 5.06309583e+000 5.06312899e+000  5.06312070e+000 -4.00269044e-001 -4.00277734e-001  -4.00275846e-001 -1.66476812e-001 -1.66475690e-001  -1.66475946e-001
 -1.27639413e+000 -1.27639413e+000  -1.27639413e+000 -2.26525189e+000 -2.26525189e+000  -2.26525189e+000 -7.26328106e-001 -7.26328106e-001  -7.26328106e-001 -1.75149879e-001 -1.75149879e-001  -1.75149879e-001 9.14523148e-001 9.14523148e-001  9.14523148e-001
 -2.73716529e+000 -2.73716529e+000  -2.73716529e+000 -1.41130215e+000 -1.41130215e+000  -1.41130215e+000 -6.72392878e+000 -6.72392878e+000  -6.72392878e+000 4.22628347e-001 4.22628347e-001  4.22628347e-001 -2.83528690e-002 -2.83528690e-002  -2.83528690e-002
 3.59060370e+000 3.59060370e+000  3.59060370e+000 -1.39856093e+000 -1.39856093e+000  -1.39856093e+000 -8.58068622e-001 -8.58068622e-001  -8.58068622e-001 4.14486759e+000 4.14486759e+000  4.14486759e+000 -3.15460400e+000 -3.15460400e+000  -3.15460400e+000
 -1.78310512e+000 -1.78310512e+000  -1.78310512e+000 -2.41750458e+000 -2.41750458e+000  -2.41750458e+000 9.11814006e+000 9.11814006e+000  9.11814006e+000 1.59063609e-001 1.59063609e-001  1.59063609e-001 -1.00580232e-001 -1.00580232e-001  -1.00580232e-001
 -5.44982991e-001 -5.44982991e-001  -5.44982991e-001 2.26467108e-001 2.26467109e-001  2.26467116e-001 1.57024567e+000 1.57024567e+000  1.57024568e+000 -1.60301733e+000 -1.60301733e+000  -1.60301733e+000 1.45258952e+000 1.45258952e+000  1.45258952e+000
 2.01925234e+000 2.01925234e+000  2.01925234e+000 1.37290812e+000 1.37290812e+000  1.37290812e+000 -1.41088712e+000 -1.41088712e+000  -1.41088712e+000 1.72477568e-001 1.72477568e-001  1.72477570e-001 -1.34088778e-001 -1.34088778e-001  -1.34088778e-001
 -4.74790768e-001 -4.74793331e-001  -4.74791023e-001 1.88147471e-001 1.88037531e-001  1.88073726e-001 1.14384641e+000 1.14358359e+000  1.14358916e+000 -1.53473353e+000 -1.53474437e+000  -1.53473983e+000 1.27258779e+000 1.27249987e+000  1.27254063e+000
 6.97467678e-001 6.97563324e-001  6.97559430e-001 1.97409799e+000 1.97391063e+000  1.97395012e+000 -1.50655079e+000 -1.50644510e+000  -1.50646794e+000 -1.02362751e+000 -1.02365520e+000  -1.02365000e+000 -1.05675039e-001 -1.05671464e-001  -1.05672167e-001
 -5.03285821e+000 -5.03285770e+000 -5.03285816e+000
 -5.68389009e+000 -5.68386925e+000 -5.68387678e+000
 -5.25047843e+000 -5.25041400e+000 -5.25041515e+000
 -2.86859631e+000 -2.86859248e+000 -2.86859412e+000
 -4.98604783e+000 -4.98602903e+000 -4.98603932e+000
 2.72774778e+000 2.72799270e+000 2.72793967e+000
 -2.98344508e+000 -2.98335252e+000 -2.98338345e+000
 2.86763489e+000 2.86787720e+000 2.86783259e+000
 -1.55816142e+000 -1.55814238e+000 -1.55814595e+000
 1.05844085e-001 1.05883210e-001 1.05875461e-001
