  1.2638e+000  1.4603e-001  4.3718e-001 -3.6821e-001 -1.5038e-001
 -2.5262e-001 -5.3536e-001 -3.7039e-001 -4.9952e-001 -7.3752e-001
 -3.0788e-001 -5.1202e-001 -3.8073e-001  1.1438e+000 -1.2907e-003
 -3.1250e-005
  7.3714e-001
 -5.83529067e-001 -5.83529067e-001  -5.83529067e-001 4.03391697e-002 4.03391697e-002  4.03391697e-002 -1.03773862e+000 -1.03773862e+000  -1.03773862e+000 6.81404442e-001 6.81404442e-001  6.81404442e-001 4.72821923e-001 4.72821923e-001  4.72821923e-001
 1.89666663e-001 1.89666663e-001  1.89666663e-001 -2.56345920e-001 -2.56345920e-001  -2.56345920e-001 -4.12149149e-001 -4.12149149e-001  -4.12149149e-001 1.63887112e-001 1.63887112e-001  1.63887112e-001 -1.26073484e+000 -1.26073484e+000  -1.26073484e+000
 -5.42721804e-001 -5.42721804e-001  -5.42721804e-001 -1.72637300e+000 -1.72637300e+000  -1.72637300e+000 -7.82659962e-001 -7.82659962e-001  -7.82659962e-001 -1.92006254e+000 -1.92006254e+000  -1.92006254e+000 4.33250956e-004 4.33250956e-004  4.33250956e-004
 -6.10165913e-006 -6.10165913e-006  -6.10165913e-006
 1.02078580e+000 1.02078580e+000  1.02078580e+000 3.72885552e-001 3.72885552e-001  3.72885552e-001 7.31865238e-001 7.31865238e-001  7.31865238e-001 -1.54703009e+000 -1.54703009e+000  -1.54703009e+000 1.33300194e+000 1.33300194e+000  1.33300194e+000
 -1.34816821e+000 -1.34816821e+000  -1.34816821e+000 -4.06783078e-001 -4.06783078e-001  -4.06783078e-001 9.16744374e-001 9.16744374e-001  9.16744374e-001 -1.17796140e+000 -1.17796140e+000  -1.17796140e+000 1.05734113e+000 1.05734113e+000  1.05734113e+000
 -1.92928761e-002 -1.92928761e-002  -1.92928761e-002 -1.59776637e+000 -1.59776637e+000  -1.59776637e+000 -2.59099974e-001 -2.59099974e-001  -2.59099974e-001 2.77025328e+000 2.77025328e+000  2.77025328e+000 -1.82143757e-002 -1.82143757e-002  -1.82143757e-002
 -1.84785327e-005 -1.84785327e-005  -1.84785327e-005
 1.31078735e+000 1.31078735e+000  1.31078735e+000 -5.35933182e-001 -5.35933182e-001  -5.35933182e-001 -1.52386936e+000 -1.52386936e+000  -1.52386936e+000 1.12738321e-001 1.12738321e-001  1.12738321e-001 -2.37832282e+000 -2.37832282e+000  -2.37832282e+000
 -2.55233527e-001 -2.55233527e-001  -2.55233527e-001 -1.17924375e+000 -1.17924375e+000  -1.17924375e+000 -1.16075457e+000 -1.16075457e+000  -1.16075457e+000 -9.66042960e-001 -9.66042960e-001  -9.66042960e-001 -1.25907933e+000 -1.25907933e+000  -1.25907933e+000
 3.18430791e-001 3.18430791e-001  3.18430791e-001 -1.65616575e-001 -1.65616575e-001  -1.65616575e-001 -6.10930592e-002 -6.10930592e-002  -6.10930592e-002 -5.79655520e-002 -5.79655520e-002  -5.79655520e-002 1.31038804e-002 1.31038804e-002  1.31038804e-002
 -1.30897936e-005 -1.30897936e-005  -1.30897936e-005
 2.50939904e+000 2.50939904e+000  2.50939904e+000 2.64919589e-001 2.64919589e-001  2.64919589e-001 2.49249130e+000 2.49249130e+000  2.49249130e+000 -3.44904676e-001 -3.44904676e-001  -3.44904676e-001 4.47748546e-001 4.47748546e-001  4.47748546e-001
 7.78368777e-001 7.78368777e-001  7.78368777e-001 5.59211856e-001 5.59211856e-001  5.59211856e-001 -6.87740248e-002 -6.87740248e-002  -6.87740248e-002 6.20317554e-001 6.20317554e-001  6.20317554e-001 -1.17759100e-001 -1.17759100e-001  -1.17759100e-001
 -6.57815830e-001 -6.57815830e-001  -6.57815830e-001 2.84145109e+000 2.84145109e+000  2.84145109e+000 3.68871269e-001 3.68871269e-001  3.68871269e-001 2.32101646e+000 2.32101646e+000  2.32101646e+000 -3.11544964e-003 -3.11544964e-003  -3.11544964e-003
 -1.05736870e-005 -1.05736870e-005  -1.05736870e-005
 -2.17400552e+000 -2.17399777e+000  -2.17398867e+000 2.97703215e-002 2.97656044e-002  2.97558590e-002 1.54739315e-001 1.54746560e-001  1.54761824e-001 4.33468065e-001 4.33478037e-001  4.33498921e-001 -7.22232166e-002 -7.22090543e-002  -7.21781201e-002
 -7.79384027e-002 -7.79532800e-002  -7.79873846e-002 5.33269810e-001 5.33280329e-001  5.33302253e-001 -2.30122044e-001 -2.30142087e-001  -2.30190149e-001 6.27804341e-001 6.27812625e-001  6.27830379e-001 -8.86659443e-002 -8.86822273e-002  -8.87193573e-002
 4.90507642e-001 4.90516650e-001  4.90535683e-001 -7.87535589e-001 -7.87549939e-001  -7.87585581e-001 2.16396445e-001 2.16406384e-001  2.16427394e-001 -1.93400486e+000 -1.93402681e+000  -1.93407720e+000 5.60132487e-003 5.60094395e-003  5.60014364e-003
 -3.83991476e-006 -3.83915621e-006  -3.83749174e-006
 3.53282387e-002 3.53282387e-002  3.53282387e-002 1.47591146e-001 1.47591146e-001  1.47591146e-001 -1.06232576e+000 -1.06232576e+000  -1.06232576e+000 7.80593771e-002 7.80593771e-002  7.80593771e-002 -5.12481303e-001 -5.12481303e-001  -5.12481303e-001
 -3.34058664e-001 -3.34058664e-001  -3.34058664e-001 5.24616070e-002 5.24616070e-002  5.24616070e-002 -4.36944647e-001 -4.36944647e-001  -4.36944647e-001 1.59749892e-001 1.59749892e-001  1.59749892e-001 -9.33343199e-002 -9.33343199e-002  -9.33343199e-002
 1.37995961e-001 1.37995961e-001  1.37995961e-001 1.07019787e+000 1.07019787e+000  1.07019787e+000 8.09921263e-001 8.09921263e-001  8.09921263e-001 1.71053257e+000 1.71053257e+000  1.71053257e+000 5.13669735e-003 5.13669735e-003  5.13669735e-003
 3.91553083e-007 3.91553083e-007  3.91553083e-007
 8.27942667e-001 8.27942667e-001  8.27942667e-001 -5.45061997e-001 -5.45061997e-001  -5.45061997e-001 5.65958735e-001 5.65958735e-001  5.65958735e-001 3.54550684e-001 3.54550684e-001  3.54550684e-001 -8.95959675e-001 -8.95959675e-001  -8.95959675e-001
 -2.48358680e-001 -2.48358680e-001  -2.48358680e-001 -7.74332068e-001 -7.74332068e-001  -7.74332068e-001 4.38631610e-003 4.38631610e-003  4.38631610e-003 -4.23148568e-001 -4.23148568e-001  -4.23148568e-001 8.64408048e-001 8.64408048e-001  8.64408048e-001
 -4.28040096e-002 -4.28040096e-002  -4.28040096e-002 5.74623741e-001 5.74623741e-001  5.74623741e-001 -1.34271861e-001 -1.34271861e-001  -1.34271861e-001 9.40090026e-001 9.40090026e-001  9.40090026e-001 -1.96420524e-003 -1.96420524e-003  -1.96420524e-003
 -3.53814582e-006 -3.53814582e-006  -3.53814582e-006
 9.41042186e-002 9.41042186e-002  9.41042186e-002 -6.97927440e-002 -6.97927440e-002  -6.97927440e-002 -2.32328789e-001 -2.32328789e-001  -2.32328789e-001 -3.94993908e-001 -3.94993908e-001  -3.94993908e-001 4.64975791e-001 4.64975791e-001  4.64975791e-001
 5.76769950e-001 5.76769950e-001  5.76769950e-001 6.20998124e-002 6.20998124e-002  6.20998124e-002 -2.97531482e-001 -2.97531482e-001  -2.97531482e-001 -8.76086578e-001 -8.76086578e-001  -8.76086578e-001 4.33907121e-002 4.33907121e-002  4.33907121e-002
 3.41290648e-001 3.41290648e-001  3.41290648e-001 9.46725986e-001 9.46725986e-001  9.46725986e-001 3.40429135e-001 3.40429135e-001  3.40429135e-001 5.47484617e-001 5.47484617e-001  5.47484617e-001 1.08092442e-003 1.08092442e-003  1.08092442e-003
 -7.02647199e-007 -7.02647199e-007  -7.02647199e-007
 -4.51692978e-001 -4.51692978e-001  -4.51692978e-001 3.77916053e-001 3.77916053e-001  3.77916053e-001 2.91954901e-001 2.91954901e-001  2.91954901e-001 1.97465579e-001 1.97465579e-001  1.97465579e-001 9.27162651e-001 9.27162651e-001  9.27162651e-001
 -1.87128514e-001 -1.87128514e-001  -1.87128514e-001 -2.21086199e-001 -2.21086199e-001  -2.21086199e-001 -2.36638308e-001 -2.36638308e-001  -2.36638308e-001 -1.33432107e-002 -1.33432107e-002  -1.33432107e-002 -1.47613000e+000 -1.47613000e+000  -1.47613000e+000
 -5.90048834e-002 -5.90048834e-002  -5.90048834e-002 -1.22285071e+000 -1.22285071e+000  -1.22285071e+000 8.24178784e-001 8.24178784e-001  8.24178784e-001 6.92452910e-002 6.92452910e-002  6.92452910e-002 2.80022583e-003 2.80022583e-003  2.80022583e-003
 -3.14841708e-008 -3.14841708e-008  -3.14841708e-008
 -3.20893669e-001 -3.20893669e-001  -3.20893669e-001 5.33960643e-001 5.33960643e-001  5.33960643e-001 3.83223672e-001 3.83223672e-001  3.83223672e-001 2.65416139e-001 2.65416139e-001  2.65416139e-001 5.05325584e-001 5.05325584e-001  5.05325584e-001
 2.16240614e-001 2.16240614e-001  2.16240614e-001 -2.62313827e-001 -2.62313827e-001  -2.62313827e-001 -6.50555928e-001 -6.50555928e-001  -6.50555928e-001 -2.79823197e-001 -2.79823197e-001  -2.79823197e-001 -9.54933758e-001 -9.54933758e-001  -9.54933758e-001
 1.23720412e-001 1.23720412e-001  1.23720412e-001 9.51471500e-001 9.51471500e-001  9.51471500e-001 -1.44614554e-001 -1.44614554e-001  -1.44614554e-001 7.02904435e-001 7.02904435e-001  7.02904435e-001 1.26324574e-002 1.26324574e-002  1.26324574e-002
 2.18101954e-005 2.18101954e-005  2.18101954e-005
 2.03476716e+000 2.03476716e+000  2.03476716e+000 1.63169189e-002 1.63169189e-002  1.63169189e-002 -2.98232053e-003 -2.98232053e-003  -2.98232053e-003 -7.46780125e-001 -7.46780125e-001  -7.46780125e-001 -1.75052786e+000 -1.75052786e+000  -1.75052786e+000
 6.00041707e-001 6.00041707e-001  6.00041707e-001 -7.99013163e-001 -7.99013163e-001  -7.99013163e-001 -1.90104064e+000 -1.90104064e+000  -1.90104064e+000 -1.25378022e+000 -1.25378022e+000  -1.25378022e+000 -4.67280130e-001 -4.67280130e-001  -4.67280130e-001
 -1.06507824e+000 -1.06507824e+000  -1.06507824e+000 -1.01261724e+000 -1.01261724e+000  -1.01261724e+000 -1.10562688e+000 -1.10562688e+000  -1.10562688e+000 1.11962797e+000 1.11962797e+000  1.11962797e+000 -3.77571466e-003 -3.77571466e-003  -3.77571466e-003
 -1.18576124e-005 -1.18576124e-005  -1.18576124e-005
 -1.26599113e+000 -1.26599113e+000  -1.26599113e+000 2.76436465e-001 2.76436465e-001  2.76436465e-001 1.57568048e+000 1.57568048e+000  1.57568048e+000 -3.63656566e-001 -3.63656566e-001  -3.63656566e-001 2.21230920e+000 2.21230920e+000  2.21230920e+000
 3.06439476e-001 3.06439476e-001  3.06439476e-001 -1.87292837e-001 -1.87292837e-001  -1.87292837e-001 8.90001766e-001 8.90001766e-001  8.90001766e-001 -8.98499537e-001 -8.98499537e-001  -8.98499537e-001 5.76376397e-001 5.76376397e-001  5.76376397e-001
 1.53605432e-002 1.53605432e-002  1.53605432e-002 1.15111843e-001 1.15111843e-001  1.15111843e-001 2.66771086e-001 2.66771086e-001  2.66771086e-001 -1.42667327e+000 -1.42667327e+000  -1.42667327e+000 -5.28284079e-004 -5.28284079e-004  -5.28284079e-004
 -7.70015696e-006 -7.70015696e-006  -7.70015696e-006
 -1.87430653e+000 -1.87430653e+000  -1.87430653e+000 -5.81858993e-002 -5.81858993e-002  -5.81858993e-002 2.09321941e-001 2.09321941e-001  2.09321941e-001 -5.03963680e-001 -5.03963680e-001  -5.03963680e-001 1.00641355e+000 1.00641355e+000  1.00641355e+000
 3.43585278e-003 3.43585278e-003  3.43585278e-003 -4.93679541e-002 -4.93679541e-002  -4.93679541e-002 -4.51604499e-001 -4.51604499e-001  -4.51604499e-001 -7.30973030e-001 -7.30973030e-001  -7.30973030e-001 -1.77173878e+000 -1.77173878e+000  -1.77173878e+000
 7.89237024e-002 7.89237024e-002  7.89237024e-002 -6.54276837e-001 -6.54276837e-001  -6.54276837e-001 5.95420260e-001 5.95420260e-001  5.95420260e-001 5.99008538e-001 5.99008538e-001  5.99008538e-001 -1.86183637e-003 -1.86183637e-003  -1.86183637e-003
 -6.92396491e-006 -6.92396491e-006  -6.92396491e-006
 1.80105300e-001 1.80105300e-001  1.80105300e-001 -1.76382872e-001 -1.76382872e-001  -1.76382872e-001 -3.28685648e-001 -3.28685648e-001  -3.28685648e-001 8.22999454e-001 8.22999454e-001  8.22999454e-001 -2.07287620e-001 -2.07287620e-001  -2.07287620e-001
 9.73318210e-002 9.73318210e-002  9.73318210e-002 2.00768550e-001 2.00768550e-001  2.00768550e-001 4.64263797e-001 4.64263797e-001  4.64263797e-001 1.36526011e+000 1.36526011e+000  1.36526011e+000 4.51561483e-001 4.51561483e-001  4.51561483e-001
 -2.37226343e-002 -2.37226343e-002  -2.37226343e-002 6.71212716e-001 6.71212716e-001  6.71212716e-001 6.04755937e-001 6.04755937e-001  6.04755937e-001 5.51823204e-001 5.51823204e-001  5.51823204e-001 -1.16809694e-002 -1.16809694e-002  -1.16809694e-002
 -6.02943442e-006 -6.02943442e-006  -6.02943442e-006
 1.12926417e+000 1.12926417e+000  1.12926417e+000 -3.09750521e-001 -3.09750521e-001  -3.09750521e-001 -7.41279230e-001 -7.41279230e-001  -7.41279230e-001 -1.15551366e-001 -1.15551366e-001  -1.15551366e-001 -4.22323799e-001 -4.22323799e-001  -4.22323799e-001
 3.63533332e-002 3.63533332e-002  3.63533332e-002 -4.16399328e-001 -4.16399328e-001  -4.16399328e-001 5.90875220e-001 5.90875220e-001  5.90875220e-001 -1.07617003e+000 -1.07617003e+000  -1.07617003e+000 -7.48467655e-001 -7.48467655e-001  -7.48467655e-001
 -7.92971257e-001 -7.92971257e-001  -7.92971257e-001 -1.92411322e+000 -1.92411322e+000  -1.92411322e+000 -1.42095917e+000 -1.42095917e+000  -1.42095917e+000 1.31356505e-001 1.31356505e-001  1.31356505e-001 2.58905098e-003 2.58905098e-003  2.58905098e-003
 -9.04640426e-006 -9.04640426e-006  -9.04640426e-006
 4.79274154e-001 4.79274154e-001  4.79274154e-001 7.16628249e-002 7.16628249e-002  7.16628249e-002 -4.70841004e-002 -4.70841004e-002  -4.70841004e-002 2.64293471e-001 2.64293471e-001  2.64293471e-001 -5.66796482e-002 -5.66796482e-002  -5.66796482e-002
 -1.28594647e-001 -1.28594647e-001  -1.28594647e-001 3.63306983e-001 3.63306983e-001  3.63306983e-001 5.83820139e-001 5.83820139e-001  5.83820139e-001 8.05095517e-001 8.05095517e-001  8.05095517e-001 1.80694372e-001 1.80694372e-001  1.80694372e-001
 3.22983080e-001 3.22983080e-001  3.22983080e-001 -6.65419054e-001 -6.65419054e-001  -6.65419054e-001 7.03417829e-001 7.03417829e-001  7.03417829e-001 1.10313727e+000 1.10313727e+000  1.10313727e+000 -6.07474108e-004 -6.07474108e-004  -6.07474108e-004
 -1.67202744e-006 -1.67202744e-006  -1.67202744e-006
 -1.41055085e+000 -1.41055085e+000  -1.41055084e+000 7.73374073e-002 7.73374032e-002  7.73373929e-002 6.69281903e-001 6.69281926e-001  6.69281983e-001 -3.26057412e-001 -3.26057410e-001  -3.26057406e-001 -1.75834418e-001 -1.75834397e-001  -1.75834346e-001
 -6.63746824e-001 -6.63746826e-001  -6.63746830e-001 8.50741858e-001 8.50741861e-001  8.50741868e-001 -1.74009970e-001 -1.74009980e-001  -1.74010007e-001 2.17225940e-001 2.17225951e-001  2.17225979e-001 7.64013987e-001 7.64013984e-001  7.64013975e-001
 1.18928729e+000 1.18928730e+000  1.18928734e+000 5.13179913e-001 5.13179890e-001  5.13179832e-001 7.72495975e-002 7.72496001e-002  7.72496067e-002 -8.84345733e-001 -8.84345750e-001  -8.84345792e-001 -3.25073265e-003 -3.25073322e-003  -3.25073464e-003
 -1.84028820e-006 -1.84028648e-006  -1.84028219e-006
 1.54868014e+000 1.54868378e+000  1.54869287e+000 6.35003961e-001 6.35000066e-001  6.34990331e-001 1.53598158e+000 1.53598766e+000  1.53600287e+000 3.93281844e-001 3.93290196e-001  3.93311075e-001 2.15561312e+000 2.15562547e+000  2.15565635e+000
 5.09692222e-001 5.09678582e-001  5.09644482e-001 4.72602461e-001 4.72611228e-001  4.72633145e-001 1.56396878e+000 1.56394956e+000  1.56390153e+000 4.67751537e-001 4.67758627e-001  4.67776353e-001 1.96111937e+000 1.96110452e+000  1.96106740e+000
 8.56911246e-001 8.56918843e-001  8.56937835e-001 1.11770101e+000 1.11768677e+000  1.11765119e+000 -2.94884234e-001 -2.94875832e-001  -2.94854829e-001 3.51401471e-002 3.51200058e-002  3.50696524e-002 5.55559234e-003 5.55527279e-003  5.55447391e-003
 -1.34481211e-006 -1.34414804e-006  -1.34248786e-006
 -1.53502856e+000 -1.53502445e+000  -1.53502445e+000 2.34309974e-001 2.34309155e-001  2.34309155e-001 9.94630543e-001 9.94631682e-001  9.94631682e-001 1.70154021e-001 1.70155640e-001  1.70155640e-001 -6.84837306e-001 -6.84835517e-001  -6.84835517e-001
 -7.82768761e-001 -7.82769997e-001  -7.82769997e-001 4.67566913e-001 4.67568663e-001  4.67568663e-001 -4.55715362e-001 -4.55716181e-001  -4.55716181e-001 5.68892080e-001 5.68893263e-001  5.68893263e-001 -2.76841298e-001 -2.76842729e-001  -2.76842729e-001
 -4.13500546e-001 -4.13499151e-001  -4.13499151e-001 -7.06713159e-001 -7.06713252e-001  -7.06713252e-001 -1.25210451e+000 -1.25210297e+000  -1.25210297e+000 -2.49463450e+000 -2.49463629e+000  -2.49463629e+000 8.86475136e-003 8.86469055e-003  8.86469055e-003
 -5.11594771e-006 -5.11585496e-006  -5.11585496e-006
 -2.55648598e-001 -2.55648598e-001  -2.55648598e-001 2.37811752e-001 2.37811752e-001  2.37811752e-001 1.29462732e+000 1.29462732e+000  1.29462732e+000 2.27579238e-001 2.27579238e-001  2.27579238e-001 -2.80584693e-001 -2.80584693e-001  -2.80584693e-001
 1.04924825e+000 1.04924825e+000  1.04924825e+000 1.67664608e-001 1.67664608e-001  1.67664608e-001 -1.40845223e-001 -1.40845223e-001  -1.40845223e-001 1.13845159e+000 1.13845159e+000  1.13845159e+000 3.81701026e-001 3.81701026e-001  3.81701026e-001
 8.88351855e-001 8.88351855e-001  8.88351855e-001 4.91449500e-001 4.91449500e-001  4.91449500e-001 8.91756434e-001 8.91756434e-001  8.91756434e-001 1.19612359e-001 1.19612359e-001  1.19612359e-001 -1.07576406e-003 -1.07576406e-003  -1.07576406e-003
 -5.00443717e-007 -5.00443717e-007  -5.00443717e-007
 -1.51779037e+000 -1.51779037e+000  -1.51779037e+000 -3.19862384e-001 -3.19862384e-001  -3.19862384e-001 1.26749366e-001 1.26749366e-001  1.26749366e-001 -1.29648715e+000 -1.29648715e+000  -1.29648715e+000 5.78777306e-001 5.78777306e-001  5.78777306e-001
 -7.89888300e-001 -7.89888300e-001  -7.89888300e-001 -6.87957336e-001 -6.87957336e-001  -6.87957336e-001 -6.29766003e-001 -6.29766003e-001  -6.29766003e-001 -6.76270648e-002 -6.76270648e-002  -6.76270648e-002 -1.81359716e-001 -1.81359716e-001  -1.81359716e-001
 -8.77425429e-001 -8.77425429e-001  -8.77425429e-001 9.42595515e-001 9.42595515e-001  9.42595515e-001 -1.96764312e-001 -1.96764312e-001  -1.96764312e-001 -9.02036115e-003 -9.02036115e-003  -9.02036115e-003 -2.06423466e-003 -2.06423466e-003  -2.06423466e-003
 -1.87496465e-006 -1.87496465e-006  -1.87496465e-006
 -3.66129868e-001 -3.66129868e-001  -3.66129868e-001 1.24570359e-001 1.24570359e-001  1.24570359e-001 9.19825199e-001 9.19825199e-001  9.19825199e-001 5.78384280e-003 5.78384280e-003  5.78384280e-003 -4.37132729e-001 -4.37132729e-001  -4.37132729e-001
 1.61553765e-001 1.61553765e-001  1.61553765e-001 6.50799504e-001 6.50799504e-001  6.50799504e-001 8.18001529e-001 8.18001529e-001  8.18001529e-001 4.72250158e-001 4.72250158e-001  4.72250158e-001 1.27863222e+000 1.27863222e+000  1.27863222e+000
 7.99792745e-002 7.99792745e-002  7.99792745e-002 -5.45133556e-001 -5.45133556e-001  -5.45133556e-001 -2.00103016e-001 -2.00103016e-001  -2.00103016e-001 8.45413599e-001 8.45413599e-001  8.45413599e-001 3.89728578e-003 3.89728578e-003  3.89728578e-003
 6.40513233e-007 6.40513233e-007  6.40513233e-007
 2.80124765e+000 2.80124765e+000  2.80124765e+000 -5.42771018e-002 -5.42771018e-002  -5.42771018e-002 -8.59487065e-001 -8.59487065e-001  -8.59487065e-001 2.73183938e-001 2.73183938e-001  2.73183938e-001 9.63974813e-001 9.63974813e-001  9.63974813e-001
 -1.27945421e+000 -1.27945421e+000  -1.27945421e+000 -7.55948645e-001 -7.55948645e-001  -7.55948645e-001 3.13604906e-002 3.13604906e-002  3.13604906e-002 -7.62559738e-001 -7.62559738e-001  -7.62559738e-001 -9.91347679e-001 -9.91347679e-001  -9.91347679e-001
 -3.83254914e-001 -3.83254914e-001  -3.83254914e-001 -6.23509354e-001 -6.23509354e-001  -6.23509354e-001 -7.44842994e-001 -7.44842994e-001  -7.44842994e-001 -2.88761712e-001 -2.88761712e-001  -2.88761712e-001 7.23325640e-003 7.23325640e-003  7.23325640e-003
 -4.40342996e-006 -4.40342996e-006  -4.40342996e-006
 1.56773517e+000 1.56773517e+000  1.56773517e+000 -7.41006030e-003 -7.41006030e-003  -7.41006030e-003 -1.69355508e-001 -1.69355508e-001  -1.69355508e-001 3.85606196e-002 3.85606196e-002  3.85606196e-002 -1.13207859e-001 -1.13207859e-001  -1.13207859e-001
 -1.35278015e+000 -1.35278015e+000  -1.35278015e+000 3.00012051e-001 3.00012051e-001  3.00012051e-001 -5.77656419e-001 -5.77656419e-001  -5.77656419e-001 5.06989829e-001 5.06989829e-001  5.06989829e-001 8.71143736e-001 8.71143736e-001  8.71143736e-001
 1.77840189e-001 1.77840189e-001  1.77840189e-001 1.29168598e+000 1.29168598e+000  1.29168598e+000 -3.97108841e-001 -3.97108841e-001  -3.97108841e-001 9.96798500e-001 9.96798500e-001  9.96798500e-001 -7.09870488e-003 -7.09870488e-003  -7.09870488e-003
 2.14595912e-007 2.14595912e-007  2.14595912e-007
 -6.40646384e-001 -6.40646384e-001  -6.40646384e-001 -3.66046272e-001 -3.66046272e-001  -3.66046272e-001 -1.56316025e+000 -1.56316025e+000  -1.56316025e+000 -6.08177419e-001 -6.08177419e-001  -6.08177419e-001 3.63678920e-001 3.63678920e-001  3.63678920e-001
 4.75048155e-001 4.75048155e-001  4.75048155e-001 1.61570571e-001 1.61570571e-001  1.61570571e-001 -1.31752567e+000 -1.31752567e+000  -1.31752567e+000 -3.62602473e-001 -3.62602473e-001  -3.62602473e-001 -9.32891496e-001 -9.32891496e-001  -9.32891496e-001
 -1.09174844e+000 -1.09174844e+000  -1.09174844e+000 -3.76052307e-001 -3.76052307e-001  -3.76052307e-001 -1.06659107e+000 -1.06659107e+000  -1.06659107e+000 -1.74108594e+000 -1.74108594e+000  -1.74108594e+000 -4.31665794e-003 -4.31665794e-003  -4.31665794e-003
 -4.34866627e-007 -4.34866627e-007  -4.34866627e-007
 5.13485038e-001 5.13485038e-001  5.13485038e-001 1.11409418e-001 1.11409418e-001  1.11409418e-001 -6.31068128e-001 -6.31068128e-001  -6.31068128e-001 4.64259754e-001 4.64259754e-001  4.64259754e-001 2.81920475e-001 2.81920475e-001  2.81920475e-001
 8.81610672e-001 8.81610672e-001  8.81610672e-001 4.23935645e-001 4.23935645e-001  4.23935645e-001 1.26597668e-001 1.26597668e-001  1.26597668e-001 5.89775079e-002 5.89775079e-002  5.89775079e-002 -9.14515756e-002 -9.14515756e-002  -9.14515756e-002
 2.90892236e-001 2.90892236e-001  2.90892236e-001 -3.07346931e-001 -3.07346931e-001  -3.07346931e-001 1.00262548e+000 1.00262548e+000  1.00262548e+000 1.53447324e-001 1.53447324e-001  1.53447324e-001 1.90343871e-003 1.90343871e-003  1.90343871e-003
 -5.21804017e-007 -5.21804017e-007  -5.21804017e-007
 -6.46059489e-001 -6.46059489e-001  -6.46059489e-001 -2.52633843e-001 -2.52633843e-001  -2.52633843e-001 -1.66257569e+000 -1.66257569e+000  -1.66257569e+000 3.32470527e-001 3.32470527e-001  3.32470527e-001 -4.47374313e-001 -4.47374313e-001  -4.47374313e-001
 -1.31658930e+000 -1.31658930e+000  -1.31658930e+000 -7.12251814e-001 -7.12251814e-001  -7.12251814e-001 -3.83995679e-001 -3.83995679e-001  -3.83995679e-001 -1.07562312e-001 -1.07562312e-001  -1.07562312e-001 3.62504878e-001 3.62504878e-001  3.62504878e-001
 -1.04095167e+000 -1.04095167e+000  -1.04095167e+000 -3.71685705e-001 -3.71685705e-001  -3.71685705e-001 -1.02870992e+000 -1.02870992e+000  -1.02870992e+000 -1.39237203e+000 -1.39237203e+000  -1.39237203e+000 7.33152773e-005 7.33152773e-005  7.33152773e-005
 3.48257008e-006 3.48257008e-006  3.48257008e-006
 1.38702762e+000 1.38702762e+000  1.38702762e+000 5.01357398e-001 5.01357398e-001  5.01357398e-001 -6.15220118e-001 -6.15220118e-001  -6.15220118e-001 8.57663118e-001 8.57663118e-001  8.57663118e-001 8.52655992e-001 8.52655992e-001  8.52655992e-001
 1.32721234e+000 1.32721234e+000  1.32721234e+000 5.05055646e-001 5.05055646e-001  5.05055646e-001 4.24369227e-001 4.24369227e-001  4.24369227e-001 5.59277976e-002 5.59277976e-002  5.59277976e-002 5.09158490e-001 5.09158490e-001  5.09158490e-001
 4.93949750e-001 4.93949750e-001  4.93949750e-001 -9.04573917e-001 -9.04573917e-001  -9.04573917e-001 1.81029773e+000 1.81029773e+000  1.81029773e+000 1.01166031e+000 1.01166031e+000  1.01166031e+000 -6.35520586e-004 -6.35520586e-004  -6.35520586e-004
 -6.69600664e-006 -6.69600664e-006  -6.69600664e-006
 -1.72329860e+000 -1.72329860e+000  -1.72329860e+000 5.36575111e-002 5.36575111e-002  5.36575111e-002 6.01387869e-001 6.01387869e-001  6.01387869e-001 -7.90063580e-001 -7.90063580e-001  -7.90063580e-001 -3.88698533e-001 -3.88698533e-001  -3.88698533e-001
 -5.89371253e-001 -5.89371253e-001  -5.89371253e-001 4.18819259e-002 4.18819259e-002  4.18819259e-002 -1.08709765e+000 -1.08709765e+000  -1.08709765e+000 -3.78451225e-001 -3.78451225e-001  -3.78451225e-001 -1.46289092e+000 -1.46289092e+000  -1.46289092e+000
 2.42343413e-002 2.42343413e-002  2.42343413e-002 1.90604970e-001 1.90604970e-001  1.90604970e-001 -3.97350226e-001 -3.97350226e-001  -3.97350226e-001 -1.88114378e+000 -1.88114378e+000  -1.88114378e+000 2.98655555e-003 2.98655555e-003  2.98655555e-003
 -2.36235452e-006 -2.36235452e-006  -2.36235452e-006
 1.90997552e-001 1.90997552e-001  1.90997552e-001 3.10281597e-002 3.10281597e-002  3.10281597e-002 2.56305057e-001 2.56305057e-001  2.56305057e-001 4.52516361e-001 4.52516361e-001  4.52516361e-001 -1.54129726e+000 -1.54129726e+000  -1.54129726e+000
 9.12419141e-001 9.12419141e-001  9.12419141e-001 8.08424585e-001 8.08424585e-001  8.08424585e-001 3.16510124e-001 3.16510124e-001  3.16510124e-001 1.76176118e+000 1.76176118e+000  1.76176118e+000 -1.88953675e-001 -1.88953675e-001  -1.88953675e-001
 5.22490916e-001 5.22490916e-001  5.22490916e-001 7.42733004e-001 7.42733004e-001  7.42733004e-001 2.10093285e-001 2.10093285e-001  2.10093285e-001 3.60458657e-001 3.60458657e-001  3.60458657e-001 -8.60018870e-003 -8.60018870e-003  -8.60018870e-003
 -2.30133118e-006 -2.30133118e-006  -2.30133118e-006
 1.18868165e+000 1.18868165e+000  1.18868165e+000 -4.96936537e-001 -4.96936537e-001  -4.96936537e-001 -5.50545418e-001 -5.50545418e-001  -5.50545418e-001 -2.02016123e-001 -2.02016123e-001  -2.02016123e-001 -2.93502477e-001 -2.93502477e-001  -2.93502477e-001
 -5.87869701e-001 -5.87869701e-001  -5.87869701e-001 -4.34474376e-001 -4.34474376e-001  -4.34474376e-001 -1.08179373e+000 -1.08179373e+000  -1.08179373e+000 -6.70649893e-001 -6.70649893e-001  -6.70649893e-001 1.48240367e+000 1.48240367e+000  1.48240367e+000
 -7.25857581e-001 -7.25857581e-001  -7.25857581e-001 -5.73756453e-001 -5.73756453e-001  -5.73756453e-001 -7.98491210e-001 -7.98491210e-001  -7.98491210e-001 4.51745595e-002 4.51745595e-002  4.51745595e-002 1.31135973e-004 1.31135973e-004  1.31135973e-004
 2.95934592e-006 2.95934592e-006  2.95934592e-006
 -7.49020372e-001 -7.49020372e-001  -7.49020372e-001 4.29232682e-001 4.29232682e-001  4.29232682e-001 7.49010779e-001 7.49010779e-001  7.49010779e-001 1.89452228e-001 1.89452228e-001  1.89452228e-001 7.73241688e-001 7.73241688e-001  7.73241688e-001
 1.52555962e+000 1.52555962e+000  1.52555962e+000 5.72371076e-001 5.72371076e-001  5.72371076e-001 1.03904242e+000 1.03904242e+000  1.03904242e+000 1.19790550e+000 1.19790550e+000  1.19790550e+000 -2.28460071e-001 -2.28460071e-001  -2.28460071e-001
 7.12789803e-001 7.12789803e-001  7.12789803e-001 4.13322076e-002 4.13322076e-002  4.13322076e-002 9.65285439e-001 9.65285439e-001  9.65285439e-001 -8.29587462e-001 -8.29587462e-001  -8.29587462e-001 -4.22926672e-003 -4.22926672e-003  -4.22926672e-003
 2.19292734e-006 2.19292734e-006  2.19292734e-006
 -5.14643852e-001 -5.14643852e-001  -5.14643852e-001 -4.29145270e-001 -4.29145270e-001  -4.29145270e-001 6.35853056e-002 6.35853056e-002  6.35853056e-002 1.56031320e-002 1.56031320e-002  1.56031320e-002 -1.18471542e+000 -1.18471542e+000  -1.18471542e+000
 -3.20799003e-001 -3.20799003e-001  -3.20799003e-001 -8.69462210e-002 -8.69462210e-002  -8.69462210e-002 3.22662411e-001 3.22662411e-001  3.22662411e-001 -3.85604859e-001 -3.85604859e-001  -3.85604859e-001 -1.65034988e+000 -1.65034988e+000  -1.65034988e+000
 6.43283123e-001 6.43283123e-001  6.43283123e-001 -1.49355881e+000 -1.49355881e+000  -1.49355881e+000 -1.09986790e-001 -1.09986790e-001  -1.09986790e-001 3.47321362e-001 3.47321362e-001  3.47321362e-001 -3.79281301e-003 -3.79281301e-003  -3.79281301e-003
 2.65078386e-006 2.65078386e-006  2.65078386e-006
 1.56227281e+000 1.56227281e+000  1.56227281e+000 1.08757329e-001 1.08757329e-001  1.08757329e-001 -2.28835760e-001 -2.28835760e-001  -2.28835760e-001 -9.93562941e-002 -9.93562941e-002  -9.93562941e-002 -4.24313381e-001 -4.24313381e-001  -4.24313381e-001
 -1.84532416e-001 -1.84532416e-001  -1.84532416e-001 -5.21478421e-001 -5.21478421e-001  -5.21478421e-001 6.07329575e-001 6.07329575e-001  6.07329575e-001 1.13052779e-001 1.13052779e-001  1.13052779e-001 7.15680739e-001 7.15680739e-001  7.15680739e-001
 -1.87160636e-001 -1.87160636e-001  -1.87160636e-001 7.86684312e-001 7.86684312e-001  7.86684312e-001 1.16362264e-001 1.16362264e-001  1.16362264e-001 9.57147090e-001 9.57147090e-001  9.57147090e-001 1.91317006e-003 1.91317006e-003  1.91317006e-003
 -9.85931978e-006 -9.85931978e-006  -9.85931978e-006
 -1.86159113e-001 -1.86159113e-001  -1.86159113e-001 -5.59730792e-001 -5.59730792e-001  -5.59730792e-001 -1.70069042e-002 -1.70069042e-002  -1.70069042e-002 -5.28857413e-001 -5.28857413e-001  -5.28857413e-001 -8.54979979e-001 -8.54979979e-001  -8.54979979e-001
 -2.64534200e-001 -2.64534200e-001  -2.64534200e-001 -8.22524426e-001 -8.22524426e-001  -8.22524426e-001 6.45847017e-001 6.45847017e-001  6.45847017e-001 -1.04690805e+000 -1.04690805e+000  -1.04690805e+000 1.02773717e-001 1.02773717e-001  1.02773717e-001
 -6.63154106e-001 -6.63154106e-001  -6.63154106e-001 -2.74082430e-001 -2.74082430e-001  -2.74082430e-001 -1.81727472e-001 -1.81727472e-001  -1.81727472e-001 -3.14592101e-001 -3.14592101e-001  -3.14592101e-001 -4.53298680e-003 -4.53298680e-003  -4.53298680e-003
 -9.22786537e-007 -9.22786537e-007  -9.22786537e-007
 2.67677086e-001 2.67677086e-001  2.67677086e-001 1.47634183e-001 1.47634183e-001  1.47634183e-001 -3.77795888e-001 -3.77795888e-001  -3.77795888e-001 2.70147749e-001 2.70147749e-001  2.70147749e-001 -2.17976687e-001 -2.17976687e-001  -2.17976687e-001
 6.30245151e-002 6.30245151e-002  6.30245151e-002 3.36547028e-001 3.36547028e-001  3.36547028e-001 9.26448384e-001 9.26448384e-001  9.26448384e-001 2.31826035e-001 2.31826035e-001  2.31826035e-001 -1.47203382e-001 -1.47203382e-001  -1.47203382e-001
 6.37788270e-001 6.37788270e-001  6.37788270e-001 3.86373318e-001 3.86373318e-001  3.86373318e-001 3.83325160e-001 3.83325160e-001  3.83325160e-001 7.70911007e-001 7.70911007e-001  7.70911007e-001 1.02612732e-003 1.02612732e-003  1.02612732e-003
 -7.45838841e-007 -7.45838841e-007  -7.45838841e-007
 -1.37236043e+000 -1.37235680e+000  -1.37234771e+000 -1.00488604e+000 -1.00488993e+000  -1.00489967e+000 -1.10689181e+000 -1.10688573e+000  -1.10687052e+000 -8.09032236e-001 -8.09023885e-001  -8.09003006e-001 -1.65140036e+000 -1.65138801e+000  -1.65135713e+000
 1.39765969e-003 1.38401962e-003  1.34991943e-003 -4.74314942e-001 -4.74306175e-001  -4.74284259e-001 -5.96128116e-001 -5.96147330e-001  -5.96195365e-001 -5.64268441e-001 -5.64261351e-001  -5.64243625e-001 -1.18798729e+000 -1.18800214e+000  -1.18803926e+000
 -1.67393193e+000 -1.67392434e+000  -1.67390534e+000 3.87885223e-001 3.87870990e-001  3.87835406e-001 -6.81050022e-001 -6.81041621e-001  -6.81020617e-001 8.58874763e-002 8.58673350e-002  8.58169816e-002 3.41052769e-003 3.41020814e-003  3.40940926e-003
 -1.49623155e-005 -1.49616515e-005  -1.49599913e-005
 1.54969273e+000 1.54969684e+000  1.54969684e+000 6.86265472e-001 6.86264653e-001  6.86264653e-001 1.23035982e+000 1.23036096e+000  1.23036096e+000 6.46737110e-001 6.46738729e-001  6.46738729e-001 4.30230719e-001 4.30232508e-001  4.30232508e-001
 2.62975069e-001 2.62973834e-001  2.62973834e-001 7.94314893e-001 7.94316642e-001  7.94316642e-001 5.80590573e-001 5.80589755e-001  5.80589755e-001 7.68782556e-001 7.68783739e-001  7.68783739e-001 1.27897075e+000 1.27896932e+000  1.27896932e+000
 9.52724699e-001 9.52726094e-001  9.52726094e-001 -6.15218202e-001 -6.15218295e-001  -6.15218295e-001 8.46864054e-001 8.46865590e-001  8.46865590e-001 1.29478752e+000 1.29478573e+000  1.29478573e+000 5.04080649e-003 5.04074569e-003  5.04074569e-003
 -5.96772776e-006 -5.96763501e-006  -5.96763501e-006
 2.25859266e+000 2.25859266e+000  2.25859266e+000 -1.22039666e-001 -1.22039666e-001  -1.22039666e-001 2.21074914e-001 2.21074914e-001  2.21074914e-001 -2.18077915e-001 -2.18077915e-001  -2.18077915e-001 -4.83242360e-001 -4.83242360e-001  -4.83242360e-001
 -3.19807422e-001 -3.19807422e-001  -3.19807422e-001 -7.12057945e-001 -7.12057945e-001  -7.12057945e-001 -1.33765627e+000 -1.33765627e+000  -1.33765627e+000 -2.18749085e-001 -2.18749085e-001  -2.18749085e-001 -9.33626752e-001 -9.33626752e-001  -9.33626752e-001
 7.17055540e-001 7.17055540e-001  7.17055540e-001 1.28773997e-001 1.28773997e-001  1.28773997e-001 3.00643966e-001 3.00643966e-001  3.00643966e-001 3.31255572e-001 3.31255572e-001  3.31255572e-001 -1.15131061e-003 -1.15131061e-003  -1.15131061e-003
 -3.58967303e-006 -3.58967303e-006  -3.58967303e-006
 -1.88936282e-001 -1.88936282e-001  -1.88936282e-001 5.84329596e-001 5.84329596e-001  5.84329596e-001 5.12392384e-001 5.12392384e-001  5.12392384e-001 6.14599185e-001 6.14599185e-001  6.14599185e-001 1.09498789e+000 1.09498789e+000  1.09498789e+000
 1.16876900e+000 1.16876900e+000  1.16876900e+000 3.55100492e-001 3.55100492e-001  3.55100492e-001 2.62769246e-001 2.62769246e-001  2.62769246e-001 -6.33394133e-001 -6.33394133e-001  -6.33394133e-001 -1.34867628e+000 -1.34867628e+000  -1.34867628e+000
 8.55133738e-001 8.55133738e-001  8.55133738e-001 -7.13718555e-001 -7.13718555e-001  -7.13718555e-001 6.12853299e-001 6.12853299e-001  6.12853299e-001 2.94432457e-001 2.94432457e-001  2.94432457e-001 5.88555141e-004 5.88555141e-004  5.88555141e-004
 -2.16297501e-006 -2.16297501e-006  -2.16297501e-006
 5.42627815e-001 5.42627815e-001  5.42627815e-001 5.41251339e-002 5.41251339e-002  5.41251339e-002 1.24329171e-001 1.24329171e-001  1.24329171e-001 -3.57923481e-001 -3.57923481e-001  -3.57923481e-001 -9.83744849e-002 -9.83744849e-002  -9.83744849e-002
 -1.12804836e+000 -1.12804836e+000  -1.12804836e+000 1.85168045e-001 1.85168045e-001  1.85168045e-001 -6.16408390e-001 -6.16408390e-001  -6.16408390e-001 -3.94874853e-001 -3.94874853e-001  -3.94874853e-001 6.78552339e-001 6.78552339e-001  6.78552339e-001
 -3.02771099e-001 -3.02771099e-001  -3.02771099e-001 -1.85117478e+000 -1.85117478e+000  -1.85117478e+000 -1.42144249e+000 -1.42144249e+000  -1.42144249e+000 -1.10636752e+000 -1.10636752e+000  -1.10636752e+000 -5.24028496e-003 -5.24028496e-003  -5.24028496e-003
 -1.58110969e-006 -1.58110969e-006  -1.58110969e-006
 9.64751101e-001 9.64751101e-001  9.64751101e-001 1.53930491e-001 1.53930491e-001  1.53930491e-001 -3.07477566e-001 -3.07477566e-001  -3.07477566e-001 -1.29810501e-001 -1.29810501e-001  -1.29810501e-001 -1.04615349e+000 -1.04615349e+000  -1.04615349e+000
 -1.82178149e-001 -1.82178149e-001  -1.82178149e-001 -6.78923880e-001 -6.78923880e-001  -6.78923880e-001 -3.46413846e-001 -3.46413846e-001  -3.46413846e-001 2.24960015e-001 2.24960015e-001  2.24960015e-001 2.64973364e-002 2.64973364e-002  2.64973364e-002
 -5.74429312e-002 -5.74429312e-002  -5.74429312e-002 1.89718838e-001 1.89718838e-001  1.89718838e-001 3.86185211e-001 3.86185211e-001  3.86185211e-001 7.93613951e-001 7.93613951e-001  7.93613951e-001 1.05919586e-002 1.05919586e-002  1.05919586e-002
 1.21883151e-005 1.21883151e-005  1.21883151e-005
 -2.05172495e+000 -2.05172495e+000  -2.05172494e+000 -5.53614949e-001 -5.53614953e-001  -5.53614963e-001 -2.23246912e-001 -2.23246889e-001  -2.23246832e-001 -7.70840419e-001 -7.70840417e-001  -7.70840413e-001 1.20387768e+000 1.20387770e+000  1.20387775e+000
 -8.62589738e-001 -8.62589740e-001  -8.62589745e-001 -5.58431431e-001 -5.58431428e-001  -5.58431421e-001 7.65861247e-001 7.65861237e-001  7.65861210e-001 -2.39858014e-001 -2.39858003e-001  -2.39857975e-001 -5.01111250e-001 -5.01111253e-001  -5.01111262e-001
 -1.21321960e+000 -1.21321959e+000  -1.21321954e+000 7.33257075e-001 7.33257052e-001  7.33256993e-001 -8.59351718e-001 -8.59351715e-001  -8.59351708e-001 -8.05161541e-001 -8.05161558e-001  -8.05161601e-001 -1.54316215e-002 -1.54316220e-002  -1.54316234e-002
 -3.60081013e-005 -3.60080996e-005  -3.60080953e-005
 -1.95453221e-001 -1.95453221e-001  -1.95453221e-001 -7.85418511e-002 -7.85418511e-002  -7.85418511e-002 1.08396166e+000 1.08396166e+000  1.08396166e+000 3.39708986e-001 3.39708986e-001  3.39708986e-001 -6.65664522e-001 -6.65664522e-001  -6.65664522e-001
 1.22319900e+000 1.22319900e+000  1.22319900e+000 -8.30600125e-003 -8.30600125e-003  -8.30600125e-003 1.59556226e+000 1.59556226e+000  1.59556226e+000 -4.31812535e-001 -4.31812535e-001  -4.31812535e-001 1.29649153e+000 1.29649153e+000  1.29649153e+000
 -3.12258689e-001 -3.12258689e-001  -3.12258689e-001 -5.82894088e-001 -5.82894088e-001  -5.82894088e-001 4.39578708e-001 4.39578708e-001  4.39578708e-001 2.95270634e+000 2.95270634e+000  2.95270634e+000 3.36367730e-004 3.36367730e-004  3.36367730e-004
 -2.18909682e-006 -2.18909682e-006  -2.18909682e-006
 -5.12084424e-001 -5.12084421e-001  -5.12084413e-001 -8.11398015e-001 -8.11398020e-001  -8.11398030e-001 -2.10589587e-001 -2.10589564e-001  -2.10589507e-001 -1.13731272e+000 -1.13731272e+000  -1.13731271e+000 -8.05397705e-001 -8.05397684e-001  -8.05397632e-001
 -1.44879276e+000 -1.44879276e+000  -1.44879277e+000 -1.68492196e+000 -1.68492196e+000  -1.68492195e+000 -1.02747901e+000 -1.02747902e+000  -1.02747905e+000 -2.17615731e+000 -2.17615730e+000  -2.17615727e+000 -2.05745407e+000 -2.05745407e+000  -2.05745408e+000
 -1.58563263e+000 -1.58563261e+000  -1.58563257e+000 -2.28162235e-001 -2.28162258e-001  -2.28162316e-001 -1.52565951e+000 -1.52565951e+000  -1.52565951e+000 4.52425871e-001 4.52425854e-001  4.52425811e-001 -3.53489488e-003 -3.53489545e-003  -3.53489688e-003
 -5.05031056e-005 -5.05031039e-005  -5.05030996e-005
 3.10651010e+000 3.10651373e+000  3.10652282e+000 1.34787036e+000 1.34786647e+000  1.34785673e+000 1.41501412e+000 1.41502021e+000  1.41503541e+000 7.44727305e-001 7.44735657e-001  7.44756536e-001 8.08638597e-001 8.08650950e-001  8.08681832e-001
 7.25874616e-001 7.25860976e-001  7.25826875e-001 9.10018900e-001 9.10027667e-001  9.10049584e-001 9.13474469e-001 9.13455255e-001  9.13407220e-001 1.26356978e+000 1.26357687e+000  1.26359459e+000 1.48389178e+000 1.48387693e+000  1.48383981e+000
 1.16910323e+000 1.16911082e+000  1.16912982e+000 4.36609383e-001 4.36595150e-001  4.36559566e-001 7.50447361e-001 7.50455762e-001  7.50476765e-001 7.01825281e-001 7.01805140e-001  7.01754786e-001 4.03778181e-003 4.03746225e-003  4.03666338e-003
 -6.33771442e-007 -6.33107370e-007  -6.31447188e-007
 -9.27575016e-001 -9.27570905e-001  -9.27570905e-001 -7.73503530e-001 -7.73504349e-001  -7.73504349e-001 -7.88374993e-001 -7.88373854e-001  -7.88373854e-001 -6.65602540e-001 -6.65600921e-001  -6.65600921e-001 -5.86504227e-001 -5.86502438e-001  -5.86502438e-001
 -3.69101957e-001 -3.69103192e-001  -3.69103192e-001 -3.46129112e-001 -3.46127362e-001  -3.46127362e-001 -1.20461766e+000 -1.20461848e+000  -1.20461848e+000 -1.75400297e-001 -1.75399114e-001  -1.75399114e-001 -1.44375398e+000 -1.44375541e+000  -1.44375541e+000
 -3.35206537e-001 -3.35205142e-001  -3.35205142e-001 -1.97755714e+000 -1.97755724e+000  -1.97755724e+000 -6.80683712e-002 -6.80668361e-002  -6.80668361e-002 -2.93135301e-001 -2.93137087e-001  -2.93137087e-001 -2.69425601e-003 -2.69431681e-003  -2.69431681e-003
 -9.46710147e-007 -9.46617391e-007  -9.46617391e-007
 5.72511588e-001 5.72513370e-001  5.72514102e-001 6.35579187e-001 6.35578577e-001  6.35577793e-001 1.52145244e+000 1.52145334e+000  1.52145457e+000 7.64934059e-001 7.64935318e-001  7.64936999e-001 1.70175194e+000 1.70175359e+000  1.70175607e+000
 1.86642772e-001 1.86641227e-001  1.86638481e-001 4.50647621e-001 4.50648961e-001  4.50650725e-001 7.36793405e-001 7.36791561e-001  7.36787694e-001 6.86543168e-001 6.86544168e-001  6.86545595e-001 7.13205302e-001 7.13203588e-001  7.13200600e-001
 7.50961917e-001 7.50963035e-001  7.50964565e-001 6.65241580e-001 6.65240400e-001  6.65237534e-001 6.51584677e-001 6.51585910e-001  6.51587601e-001 6.84934639e-001 6.84932370e-001  6.84928315e-001 -1.21026104e-003 -1.21030880e-003  -1.21037315e-003
 -3.98636645e-006 -3.98627935e-006  -3.98614559e-006
 2.65277177e-003 2.65631501e-003  2.66058695e-003 -9.97281711e-002 -9.97303669e-002  -9.97349429e-002 -1.03228373e-002 -1.03194618e-002  -1.03122934e-002 -1.31626220e-002 -1.31579773e-002  -1.31481721e-002 -7.51602633e-003 -7.50941806e-003  -7.49489245e-003
 3.82494624e-003 3.81798989e-003  3.80197708e-003 7.16825261e-003 7.17315085e-003  7.18344468e-003 6.41187943e-003 6.40248755e-003  6.37992086e-003 -3.97988144e-003 -3.97601903e-003  -3.96768243e-003 2.44809322e-003 2.44048142e-003  2.42304800e-003
 -7.09135972e-003 -7.08716226e-003  -7.07822497e-003 6.32908591e-003 6.32234993e-003  6.30561372e-003 -4.45459484e-003 -4.44996407e-003  -4.44009940e-003 1.60576125e-004 1.50314206e-004  1.26651217e-004 1.55495214e-002 1.55493439e-002  1.55489681e-002
 -2.38558913e-005 -2.38555386e-005  -2.38547603e-005
 -7.29993545e-002 -7.29944118e-002  -7.29885811e-002 1.04443552e-001 1.04440534e-001  1.04434288e-001 1.85658419e-004 1.90295155e-004  2.00079274e-004 6.72433019e-002 6.72496832e-002  6.72630663e-002 3.57633082e-002 3.57723741e-002  3.57921999e-002
 5.84914021e-002 5.84818755e-002  5.84600199e-002 4.90300388e-002 4.90367697e-002  4.90508196e-002 6.12197330e-002 6.12068930e-002  6.11760921e-002 6.77360435e-002 6.77413459e-002  6.77527244e-002 1.02083811e-001 1.02073385e-001  1.02049590e-001
 5.64911132e-002 5.64968784e-002  5.65090768e-002 1.01546718e-001 1.01537522e-001  1.01514679e-001 5.98312522e-002 5.98376124e-002  5.98510766e-002 -3.52897720e-002 -3.53038247e-002  -3.53361219e-002 -1.02376099e-002 -1.02378536e-002  -1.02383666e-002
 -2.00321707e-005 -2.00316858e-005  -2.00306210e-005
 1.11850243e+000 1.11850851e+000  1.11851565e+000 -3.25101392e-001 -3.25105093e-001  -3.25112741e-001 1.77765996e-001 1.77771681e-001  1.77783659e-001 -9.39875832e-001 -9.39868006e-001  -9.39851619e-001 -5.88814926e-001 -5.88803813e-001  -5.88779538e-001
 -1.01849562e+000 -1.01850730e+000  -1.01853406e+000 -1.03240600e+000 -1.03239775e+000  -1.03238055e+000 -1.14962463e+000 -1.14964036e+000  -1.14967807e+000 -1.00119011e+000 -1.00118361e+000  -1.00116967e+000 -1.74880893e+000 -1.74882170e+000  -1.74885084e+000
 -7.80762623e-001 -7.80755554e-001  -7.80740619e-001 -1.57960534e+000 -1.57961660e+000  -1.57964457e+000 -8.59309508e-001 -8.59301709e-001  -8.59285222e-001 4.83714723e-001 4.83697503e-001  4.83657956e-001 -2.07731580e-003 -2.07761470e-003  -2.07824272e-003
 -4.06287106e-005 -4.06281155e-005  -4.06268094e-005
 1.87425762e+000 1.87425762e+000  1.87425762e+000 1.01172801e+000 1.01172801e+000  1.01172801e+000 1.08022023e+000 1.08022023e+000  1.08022023e+000 2.02349102e+000 2.02349102e+000  2.02349102e+000 1.42350293e+000 1.42350293e+000  1.42350293e+000
 8.57115708e-001 8.57115708e-001  8.57115708e-001 6.11745561e-001 6.11745561e-001  6.11745561e-001 1.35791414e+000 1.35791414e+000  1.35791414e+000 1.30010046e+000 1.30010046e+000  1.30010046e+000 -6.47693376e-001 -6.47693376e-001  -6.47693376e-001
 7.50604372e-002 7.50604372e-002  7.50604372e-002 -1.36243048e+000 -1.36243048e+000  -1.36243048e+000 -1.23409637e+000 -1.23409637e+000  -1.23409637e+000 2.33424772e+000 2.33424772e+000  2.33424772e+000 1.10473730e-002 1.10473730e-002  1.10473730e-002
 -5.44558203e-006 -5.44558203e-006  -5.44558203e-006
 3.70297677e-001 3.70297677e-001  3.70297677e-001 -2.70539013e-001 -2.70539013e-001  -2.70539013e-001 1.07767295e+000 1.07767295e+000  1.07767295e+000 -1.58591101e+000 -1.58591101e+000  -1.58591101e+000 -5.41154729e-001 -5.41154729e-001  -5.41154729e-001
 -2.40894720e+000 -2.40894720e+000  -2.40894720e+000 -1.41692242e+000 -1.41692242e+000  -1.41692242e+000 -8.25110511e-001 -8.25110511e-001  -8.25110511e-001 -1.89156269e+000 -1.89156269e+000  -1.89156269e+000 -1.96170927e+000 -1.96170927e+000  -1.96170927e+000
 -1.30771578e+000 -1.30771578e+000  -1.30771578e+000 -1.41482668e+000 -1.41482668e+000  -1.41482668e+000 4.29806480e-001 4.29806480e-001  4.29806480e-001 -4.17628178e-001 -4.17628178e-001  -4.17628178e-001 -5.66132392e-003 -5.66132392e-003  -5.66132392e-003
 -2.52625168e-005 -2.52625168e-005  -2.52625168e-005
 -1.30979814e-001 -1.30979814e-001  -1.30979814e-001 -1.97301186e-001 -1.97301186e-001  -1.97301186e-001 -4.31697684e-001 -4.31697684e-001  -4.31697684e-001 -1.09932980e-001 -1.09932980e-001  -1.09932980e-001 -6.89704014e-001 -6.89704014e-001  -6.89704014e-001
 8.87106014e-001 8.87106014e-001  8.87106014e-001 1.17743430e+000 1.17743430e+000  1.17743430e+000 -8.53722318e-001 -8.53722318e-001  -8.53722318e-001 -9.86065762e-001 -9.86065762e-001  -9.86065762e-001 6.84650630e-001 6.84650630e-001  6.84650630e-001
 -1.57385858e-001 -1.57385858e-001  -1.57385858e-001 7.92085946e-001 7.92085946e-001  7.92085946e-001 9.65141291e-001 9.65141291e-001  9.65141291e-001 -2.80967456e-001 -2.80967456e-001  -2.80967456e-001 2.81531766e-003 2.81531766e-003  2.81531766e-003
 -1.28490439e-005 -1.28490439e-005  -1.28490439e-005
 -6.35617603e-003 -6.34842505e-003  -6.33932694e-003 -3.30375223e-001 -3.30379940e-001  -3.30389686e-001 -8.49427075e-001 -8.49419831e-001  -8.49404566e-001 -9.14940983e-001 -9.14931010e-001  -9.14910127e-001 -2.94838409e-001 -2.94824247e-001  -2.94793312e-001
 6.39496052e-002 6.39347279e-002  6.39006233e-002 -9.91870269e-001 -9.91859750e-001  -9.91837826e-001 -4.86109049e-001 -4.86129092e-001  -4.86177154e-001 1.01130973e+000 1.01131802e+000  1.01133577e+000 4.39380444e-001 4.39364161e-001  4.39327031e-001
 1.18042507e+000 1.18043407e+000  1.18045311e+000 7.68356150e-001 7.68341800e-001  7.68306158e-001 -4.41661891e-001 -4.41651952e-001  -4.41630942e-001 -2.01891086e-001 -2.01913030e-001  -2.01963426e-001 -1.03927358e-002 -1.03931167e-002  -1.03939170e-002
 -8.52644451e-006 -8.52568596e-006  -8.52402149e-006
 -5.29607882e+000 -5.29609825e+000 -5.29614400e+000
 9.05939811e-001 9.05925561e-001 9.05894431e-001
 -2.71299487e+000 -2.71301443e+000 -2.71305552e+000
 -2.41671978e+000 -2.41672521e+000 -2.41673656e+000
 -2.75800425e+000 -2.75801690e+000 -2.75804641e+000
 2.90614127e+000 2.90613021e+000 2.90610378e+000
 -2.17588661e+000 -2.17589361e+000 -2.17590811e+000
 4.04237548e+000 4.04236579e+000 4.04234209e+000
 -2.70039289e+000 -2.70041187e+000 -2.70045155e+000
 3.43530436e+000 3.43529151e+000 3.43526059e+000
 -2.24119929e+000 -2.24121671e+000 -2.24125323e+000
 3.05908619e+000 3.05907526e+000 3.05904801e+000
 -2.81314646e+000 -2.81315084e+000 -2.81316012e+000
 4.29991056e+000 4.29989943e+000 4.29987278e+000
 6.72770973e-002 6.72657350e-002 6.72418565e-002
 -9.12870703e-005 -1.02617678e-004 -1.26424967e-004
