 -1.1106e+001 -4.4730e+000 -1.4614e+001  3.1519e-001 -1.7918e+001
 -2.0063e+001 -2.0758e+001 -1.8697e+001 -2.8853e+000 -1.5742e+000
 -9.6332e+000 -8.6286e+000  1.0934e+000  2.7859e+000  2.0242e-001
 -5.9252e-001
  2.0012e+000
 1.24167741e+001 1.24167843e+001  1.24167887e+001 -7.33832264e+000 -7.33832264e+000  -7.33832263e+000 -1.17933144e+001 -1.17933144e+001  -1.17933144e+001 5.37054613e+000 5.37054613e+000  5.37054613e+000 -5.62183033e+001 -5.62183033e+001  -5.62183033e+001
 1.19770654e+001 1.19770654e+001  1.19770654e+001 -2.78903806e+001 -2.78903806e+001  -2.78903806e+001 -1.85295122e+001 -1.85295122e+001  -1.85295122e+001 -1.17441058e+000 -1.17393955e+000  -1.17337609e+000 -2.45610907e-001 -2.45690212e-001  -2.45820553e-001
 1.38256354e+000 1.38256354e+000  1.38256354e+000 -1.34008560e+001 -1.34008560e+001  -1.34008560e+001 7.68018461e+000 7.68018461e+000  7.68018461e+000 6.42449679e+000 6.42449692e+000  6.42449702e+000 2.12726567e-001 2.12981880e-001  2.13275072e-001
 -9.16195906e-001 -9.16167006e-001  -9.16134692e-001
 -2.47048873e+000 -2.47048873e+000  -2.47048873e+000 -2.24272885e+000 -2.24272885e+000  -2.24272885e+000 -1.18543241e+001 -1.18543241e+001  -1.18543241e+001 1.68282894e+001 1.68282894e+001  1.68282894e+001 2.19663869e+000 2.19663869e+000  2.19663869e+000
 -9.52448964e+000 -9.52448964e+000  -9.52448964e+000 1.54205356e-001 1.54205356e-001  1.54205356e-001 -4.28385271e-002 -4.28385271e-002  -4.28385271e-002 -2.86461011e+000 -2.86461011e+000  -2.86461011e+000 -6.30042101e+000 -6.30042101e+000  -6.30042101e+000
 -7.61821998e+000 -7.61821998e+000  -7.61821998e+000 5.65596236e+000 5.65596236e+000  5.65596236e+000 -2.37387206e+000 -2.37387206e+000  -2.37387206e+000 -2.87784625e+000 -2.87784625e+000  -2.87784625e+000 3.90293105e+000 3.90293105e+000  3.90293105e+000
 -7.38008054e-002 -7.38008054e-002  -7.38008054e-002
 -5.77467169e-001 -5.77467169e-001  -5.77467169e-001 8.86095021e+000 8.86095021e+000  8.86095021e+000 -4.80248118e+000 -4.80248118e+000  -4.80248118e+000 1.74894794e+001 1.74894794e+001  1.74894794e+001 1.31779657e+001 1.31779657e+001  1.31779657e+001
 -6.65564967e-001 -6.65564967e-001  -6.65564967e-001 5.36744066e+000 5.36744066e+000  5.36744066e+000 -1.17675514e+001 -1.17675514e+001  -1.17675514e+001 -1.32302761e+001 -1.32302761e+001  -1.32302761e+001 -3.34766934e+000 -3.34766934e+000  -3.34766934e+000
 -1.97383529e+000 -1.97383529e+000  -1.97383529e+000 1.67665610e+000 1.67665610e+000  1.67665610e+000 2.08195649e+000 2.08195649e+000  2.08195649e+000 -2.73673856e+000 -2.73673856e+000  -2.73673856e+000 3.60711010e+000 3.60711010e+000  3.60711010e+000
 2.13996870e-001 2.13996870e-001  2.13996870e-001
 1.50710642e+001 1.50710642e+001  1.50710642e+001 -2.39193375e+000 -2.39193375e+000  -2.39193375e+000 -7.40980603e+000 -7.40980603e+000  -7.40980603e+000 -5.61487380e+000 -5.61487380e+000  -5.61487380e+000 -2.62255287e+001 -2.62255287e+001  -2.62255287e+001
 -5.83634301e+000 -5.83634301e+000  -5.83634301e+000 1.33608370e+001 1.33608370e+001  1.33608370e+001 -6.91704608e+000 -6.91704608e+000  -6.91704608e+000 1.51898160e+001 1.51898160e+001  1.51898160e+001 -1.21373562e+001 -1.21373562e+001  -1.21373562e+001
 5.19995917e+000 5.19995917e+000  5.19995917e+000 4.96253375e+000 4.96253375e+000  4.96253375e+000 -3.40619595e+000 -3.40619595e+000  -3.40619595e+000 -6.74042311e+000 -6.74042311e+000  -6.74042311e+000 -4.21816812e+000 -4.21816812e+000  -4.21816812e+000
 -4.90552066e-001 -4.90552066e-001  -4.90552066e-001
 -3.26395816e+001 -3.26395816e+001  -3.26395816e+001 -1.22389001e+001 -1.22389001e+001  -1.22389001e+001 3.75072396e+001 3.75072396e+001  3.75072396e+001 -1.34773049e+001 -1.34773049e+001  -1.34773049e+001 2.94201281e+000 2.94201281e+000  2.94201281e+000
 -5.44624197e+000 -5.44624197e+000  -5.44624197e+000 -2.04427850e+001 -2.04427850e+001  -2.04427850e+001 -6.86939898e+000 -6.86939898e+000  -6.86939898e+000 -8.41947774e+000 -8.41947774e+000  -8.41947774e+000 1.72761053e+001 1.72761053e+001  1.72761053e+001
 -6.32811617e+000 -6.32811617e+000  -6.32811617e+000 8.39048708e+000 8.39048708e+000  8.39048708e+000 -4.67219017e+000 -4.67219017e+000  -4.67219017e+000 1.01061811e-001 1.01061811e-001  1.01061811e-001 2.00346259e+000 2.00346259e+000  2.00346259e+000
 -1.12864515e-001 -1.12864515e-001  -1.12864515e-001
 -3.10052096e+000 -3.10052096e+000  -3.10052096e+000 -2.90016949e+000 -2.90016949e+000  -2.90016949e+000 -1.44265295e+001 -1.44265295e+001  -1.44265295e+001 -1.35845971e+001 -1.35845971e+001  -1.35845971e+001 -8.91229041e+000 -8.91226621e+000  -8.91220573e+000
 -8.71848652e-001 -8.71848652e-001  -8.71848652e-001 2.84210348e+000 2.84210348e+000  2.84210348e+000 -1.33448395e+000 -1.33448395e+000  -1.33448395e+000 8.09735482e+000 8.09748234e+000  8.09780115e+000 -2.62359080e+001 -2.62359080e+001  -2.62359080e+001
 5.63570204e+000 5.63570201e+000  5.63570194e+000 -2.80263999e+001 -2.80263999e+001  -2.80263999e+001 2.80058521e+000 2.80058517e+000  2.80058507e+000 -3.79782144e+000 -3.79782126e+000  -3.79782079e+000 -5.02627403e+000 -5.02627295e+000  -5.02627027e+000
 1.55920092e-001 1.55945738e-001  1.56009852e-001
 1.11386568e+000 1.11386568e+000  1.11386568e+000 1.11721877e+001 1.11721877e+001  1.11721877e+001 -2.04732343e+000 -2.04732343e+000  -2.04732343e+000 -4.54700801e+000 -4.54700801e+000  -4.54700801e+000 4.72109764e+001 4.72109764e+001  4.72109764e+001
 -1.18202633e+001 -1.18202633e+001  -1.18202633e+001 3.52306648e+000 3.52306648e+000  3.52306648e+000 2.28331315e+001 2.28331315e+001  2.28331315e+001 -2.36697454e+000 -2.36697454e+000  -2.36697454e+000 3.00218061e+001 3.00218061e+001  3.00218061e+001
 -7.50723870e+000 -7.50723870e+000  -7.50723870e+000 1.26717643e+001 1.26717643e+001  1.26717643e+001 -1.76688688e+000 -1.76688688e+000  -1.76688688e+000 1.24480401e+001 1.24480401e+001  1.24480401e+001 2.16885860e-001 2.16885860e-001  2.16885860e-001
 2.36003342e-001 2.36003342e-001  2.36003342e-001
 -2.91477102e+001 -2.91477102e+001  -2.91477102e+001 9.10165170e+000 9.10165170e+000  9.10165170e+000 2.39336438e+001 2.39336438e+001  2.39336438e+001 -1.85440887e+001 -1.85440887e+001  -1.85440887e+001 -7.46632557e+000 -7.46632557e+000  -7.46632557e+000
 3.22214997e+000 3.22214997e+000  3.22214997e+000 -1.57089102e+001 -1.57089102e+001  -1.57089102e+001 3.14315880e+000 3.14315880e+000  3.14315880e+000 -1.13320797e+001 -1.13320797e+001  -1.13320797e+001 -1.20358187e+001 -1.20358187e+001  -1.20358187e+001
 4.86530269e-001 4.86530269e-001  4.86530269e-001 5.67809790e+000 5.67809790e+000  5.67809790e+000 -6.67057025e-001 -6.67057025e-001  -6.67057025e-001 -7.65786536e+000 -7.65786536e+000  -7.65786536e+000 -3.17379390e+000 -3.17379390e+000  -3.17379390e+000
 -3.83861625e-001 -3.83861625e-001  -3.83861625e-001
 -7.07825536e-001 -7.07825536e-001  -7.07825536e-001 3.79930932e+000 3.79930932e+000  3.79930932e+000 -4.20224334e+001 -4.20224334e+001  -4.20224334e+001 -1.23739172e+001 -1.23739172e+001  -1.23739172e+001 -1.04231812e+001 -1.04231571e+001  -1.04230966e+001
 -2.66696837e+001 -2.66696837e+001  -2.66696837e+001 -4.28286889e+000 -4.28286889e+000  -4.28286889e+000 -2.56486130e+001 -2.56486130e+001  -2.56486130e+001 -4.33187867e-001 -4.33060345e-001  -4.32741540e-001 -7.72152210e+000 -7.72152210e+000  -7.72152210e+000
 1.09932596e+000 1.09932593e+000  1.09932585e+000 -7.30426481e+000 -7.30426481e+000  -7.30426481e+000 -5.63232812e+000 -5.63232816e+000  -5.63232826e+000 -2.80912670e+000 -2.80912652e+000  -2.80912605e+000 -1.32723407e+000 -1.32723299e+000  -1.32723031e+000
 -5.49327265e-001 -5.49301619e-001  -5.49237504e-001
 -5.09524963e+000 -5.09523944e+000  -5.09523503e+000 7.10873941e+000 7.10873941e+000  7.10873942e+000 1.64728975e+001 1.64728975e+001  1.64728975e+001 1.66714754e+001 1.66714754e+001  1.66714754e+001 5.95185176e-001 5.95185176e-001  5.95185176e-001
 4.50013983e+000 4.50013983e+000  4.50013983e+000 -1.37647461e+001 -1.37647461e+001  -1.37647461e+001 4.96574726e+000 4.96574726e+000  4.96574726e+000 5.98160126e+000 5.98207229e+000  5.98263574e+000 1.15429428e+001 1.15428635e+001  1.15427331e+001
 -1.90158265e+000 -1.90158265e+000  -1.90158265e+000 4.20715184e+000 4.20715184e+000  4.20715184e+000 6.03246039e+000 6.03246039e+000  6.03246039e+000 1.97941643e+000 1.97941655e+000  1.97941666e+000 1.67443605e+000 1.67469136e+000  1.67498455e+000
 -2.13225405e-001 -2.13196506e-001  -2.13164192e-001
 -4.58852044e+000 -4.58852044e+000  -4.58852044e+000 -1.81814046e+001 -1.81814046e+001  -1.81814046e+001 1.05393601e+001 1.05393601e+001  1.05393601e+001 -2.00586174e+000 -2.00586174e+000  -2.00586174e+000 -1.61625652e+001 -1.61625652e+001  -1.61625652e+001
 -1.69372604e-001 -1.69372604e-001  -1.69372604e-001 -5.17832584e+000 -5.17832584e+000  -5.17832584e+000 -2.07445983e+000 -2.07445983e+000  -2.07445983e+000 -1.04358155e+001 -1.04358155e+001  -1.04358155e+001 -4.89849642e+000 -4.89849642e+000  -4.89849642e+000
 -1.04069287e+001 -1.04069287e+001  -1.04069287e+001 -4.97273939e+000 -4.97273939e+000  -4.97273939e+000 -5.65510219e-002 -5.65510219e-002  -5.65510219e-002 3.65047958e+000 3.65047958e+000  3.65047958e+000 3.51472036e-001 3.51472036e-001  3.51472036e-001
 -2.24940318e-001 -2.24940318e-001  -2.24940318e-001
 -7.75423577e+001 -7.75423576e+001  -7.75423576e+001 -1.56072310e+001 -1.56072310e+001  -1.56072310e+001 -9.53177111e+000 -9.53177111e+000  -9.53177111e+000 -4.89721191e+001 -4.89721191e+001  -4.89721191e+001 1.73140749e+002 1.73140756e+002  1.73140774e+002
 -4.43227877e+001 -4.43227877e+001  -4.43227877e+001 -5.27343176e+001 -5.27343176e+001  -5.27343176e+001 -2.73916200e+001 -2.73916200e+001  -2.73916200e+001 -6.00601414e+000 -6.00597332e+000  -6.00587453e+000 4.67001536e+001 4.67001532e+001  4.67001525e+001
 -8.07569546e+000 -8.07569546e+000  -8.07569549e+000 5.36444930e+001 5.36444930e+001  5.36444930e+001 -2.33594668e+001 -2.33594668e+001  -2.33594668e+001 7.88775821e+000 7.88775827e+000  7.88775841e+000 2.07424303e+000 2.07424471e+000  2.07424707e+000
 -1.51753151e-001 -1.51745291e-001  -1.51725853e-001
 -1.44613874e+000 -1.44613505e+000  -1.44613328e+000 -1.25744240e+000 -1.25744240e+000  -1.25744240e+000 -7.82519324e+000 -7.82519324e+000  -7.82519324e+000 6.55738897e+000 6.55738897e+000  6.55738897e+000 -1.11333863e+001 -1.11333754e+001  -1.11333481e+001
 1.27101458e+001 1.27101458e+001  1.27101458e+001 4.13791868e+000 4.13791868e+000  4.13791868e+000 -8.96496636e+000 -8.96496636e+000  -8.96496636e+000 -1.57852859e+000 -1.57828496e+000  -1.57789319e+000 4.40509571e+000 4.40506343e+000  4.40500679e+000
 -2.40580110e+000 -2.40580111e+000  -2.40580114e+000 1.14611146e+001 1.14611146e+001  1.14611146e+001 1.58621252e+000 1.58621250e+000  1.58621245e+000 -3.34014402e+000 -3.34014388e+000  -3.34014362e+000 -1.88943094e+000 -1.88933159e+000  -1.88920531e+000
 -1.09186184e+000 -1.09183868e+000  -1.09179491e+000
 1.14665754e+001 1.14665823e+001  1.14665852e+001 -1.23551922e+000 -1.23551921e+000  -1.23551921e+000 4.65695422e+001 4.65695422e+001  4.65695422e+001 5.54097552e-001 5.54097552e-001  5.54097552e-001 2.58716240e-001 2.58733330e-001  2.58776054e-001
 2.47528233e+001 2.47528233e+001  2.47528233e+001 2.08674179e+001 2.08674179e+001  2.08674179e+001 2.36444983e+001 2.36444983e+001  2.36444983e+001 2.01731397e+000 2.01770824e+000  2.01827898e+000 -1.25057301e+001 -1.25057802e+001  -1.25058598e+001
 1.92712141e+000 1.92712139e+000  1.92712133e+000 -2.60970044e+000 -2.60970044e+000  -2.60970044e+000 -2.90405180e+000 -2.90405183e+000  -2.90405190e+000 -4.78801997e+000 -4.78801975e+000  -4.78801936e+000 -2.06450669e-001 -2.06283827e-001  -2.06099888e-001
 -6.61754268e-001 -6.61717526e-001  -6.61652656e-001
 3.08832008e+001 3.08832065e+001  3.08832089e+001 1.88437329e+000 1.88437329e+000  1.88437329e+000 5.78684781e+001 5.78684781e+001  5.78684781e+001 -6.69915893e+000 -6.69915893e+000  -6.69915893e+000 2.36793339e+001 2.36793484e+001  2.36793846e+001
 2.62984716e+001 2.62984716e+001  2.62984716e+001 3.61873405e+001 3.61873405e+001  3.61873405e+001 3.52951822e+001 3.52951822e+001  3.52951822e+001 3.27872708e+000 3.27905296e+000  3.27952142e+000 -1.66713259e+001 -1.66713667e+001  -1.66714304e+001
 8.04616683e+000 8.04616681e+000  8.04616677e+000 -3.16915013e+000 -3.16915013e+000  -3.16915013e+000 -6.78227377e+000 -6.78227380e+000  -6.78227385e+000 -9.84820764e+000 -9.84820746e+000  -9.84820713e+000 -7.85368400e-001 -7.85231140e-001  -7.85082571e-001
 -5.38653027e-001 -5.38622401e-001  -5.38568354e-001
 2.21528177e+001 2.21528177e+001  2.21528177e+001 3.36909852e-001 3.36909852e-001  3.36909852e-001 4.64966261e+000 4.64966261e+000  4.64966261e+000 -6.89705409e+000 -6.89705409e+000  -6.89705409e+000 5.67923163e+001 5.67923163e+001  5.67923163e+001
 -5.81706597e+000 -5.81706597e+000  -5.81706597e+000 1.30780374e+001 1.30780374e+001  1.30780374e+001 1.64946403e+001 1.64946403e+001  1.64946403e+001 3.92134832e+000 3.92134832e+000  3.92134832e+000 9.28278133e+000 9.28278133e+000  9.28278133e+000
 6.81602182e+000 6.81602182e+000  6.81602182e+000 -2.21777298e+000 -2.21777298e+000  -2.21777298e+000 -4.21972631e+000 -4.21972631e+000  -4.21972631e+000 -4.04307017e+000 -4.04307017e+000  -4.04307017e+000 -1.42564003e+000 -1.42564003e+000  -1.42564003e+000
 -1.17966054e-001 -1.17966054e-001  -1.17966054e-001
 1.68226389e+001 1.68226389e+001  1.68226389e+001 8.22385327e+000 8.22385327e+000  8.22385327e+000 1.02070044e+000 1.02070044e+000  1.02070044e+000 -6.50527717e+000 -6.50527717e+000  -6.50527717e+000 -2.80162181e+001 -2.80162181e+001  -2.80162181e+001
 -7.21359651e+000 -7.21359651e+000  -7.21359651e+000 7.29180791e+000 7.29180791e+000  7.29180791e+000 -9.77767781e+000 -9.77767781e+000  -9.77767781e+000 -1.11277334e+000 -1.11277334e+000  -1.11277334e+000 -1.68226285e+001 -1.68226285e+001  -1.68226285e+001
 2.12241042e-001 2.12241042e-001  2.12241042e-001 -2.36051042e+000 -2.36051042e+000  -2.36051042e+000 -3.89570341e+000 -3.89570341e+000  -3.89570341e+000 -5.34974835e+000 -5.34974835e+000  -5.34974835e+000 9.52510719e-001 9.52510719e-001  9.52510719e-001
 2.04414718e-001 2.04414718e-001  2.04414718e-001
 -2.42044991e+001 -2.42044991e+001  -2.42044991e+001 -7.71212354e+000 -7.71212354e+000  -7.71212354e+000 -9.76218346e+000 -9.76218346e+000  -9.76218346e+000 8.03656219e+000 8.03656219e+000  8.03656219e+000 -2.70736859e+001 -2.70736859e+001  -2.70736859e+001
 -4.16441917e+000 -4.16441917e+000  -4.16441917e+000 -2.11449469e+001 -2.11449469e+001  -2.11449469e+001 -1.44373055e+001 -1.44373055e+001  -1.44373055e+001 -3.44797998e+000 -3.44797998e+000  -3.44797998e+000 3.45723093e+000 3.45723093e+000  3.45723093e+000
 -8.79933224e+000 -8.79933224e+000  -8.79933224e+000 -1.36278365e+000 -1.36278365e+000  -1.36278365e+000 4.05983189e+000 4.05983189e+000  4.05983189e+000 6.36115667e+000 6.36115667e+000  6.36115667e+000 7.60141166e-001 7.60141166e-001  7.60141166e-001
 -8.77963128e-001 -8.77963128e-001  -8.77963128e-001
 -2.48730885e+001 -2.48730783e+001  -2.48730739e+001 -7.79513419e+000 -7.79513418e+000  -7.79513418e+000 -1.05540976e+001 -1.05540976e+001  -1.05540976e+001 8.05911996e+000 8.05911996e+000  8.05911996e+000 -2.72539225e+001 -2.72538983e+001  -2.72538378e+001
 -4.66738715e+000 -4.66738715e+000  -4.66738715e+000 -2.19369949e+001 -2.19369949e+001  -2.19369949e+001 -1.44857418e+001 -1.44857418e+001  -1.44857418e+001 -3.65935964e+000 -3.65876109e+000  -3.65787883e+000 3.63157456e+000 3.63149526e+000  3.63136492e+000
 -9.43811601e+000 -9.43811604e+000  -9.43811612e+000 -2.12878531e+000 -2.12878531e+000  -2.12878531e+000 4.39917908e+000 4.39917904e+000  4.39917894e+000 5.85243114e+000 5.85243146e+000  5.85243203e+000 4.11662159e-001 4.11918546e-001  4.12214424e-001
 -1.95978525e-001 -1.95923979e-001  -1.95827551e-001
 -1.82519250e+000 -1.82519814e+000 -1.82520057e+000
 -2.16410014e+000 -2.16410014e+000 -2.16410015e+000
 -3.60609300e+000 -3.60680597e+000 -3.60760651e+000
 -1.92107215e+000 -1.92178512e+000 -1.92258566e+000
 -1.79975708e+000 -1.79977114e+000 -1.79980629e+000
 1.45374862e+000 1.45303565e+000 1.45223512e+000
 1.23806683e+000 1.23806683e+000 1.23806683e+000
 1.93594725e+000 1.93594725e+000 1.93594725e+000
 -3.02510365e+000 -3.02591847e+000 -3.02726024e+000
 1.16132814e+000 1.16117829e+000 1.16086615e+000
 1.32954363e+000 1.32954361e+000 1.32954355e+000
 -5.30309312e-001 -5.30309312e-001 -5.30309312e-001
 1.52990707e+000 1.52919408e+000 1.52839348e+000
 -2.61605044e-001 -2.62318231e-001 -2.63120111e-001
 -2.04391849e+000 -2.04447055e+000 -2.04508535e+000
 -9.46939949e-001 -9.47001107e-001 -9.47109846e-001
