  6.4169e+000  1.2201e+001  2.1046e+001  8.8073e-001  1.0662e+001
 -2.8396e+001  1.0696e+000 -1.6175e+001 -7.6684e+000 -9.4165e+000
 -3.1583e+001  6.2962e+000 -1.1458e+001 -6.3872e+000 -2.7739e+000
 -9.5912e-001
  4.9634e+000
 1.41978968e+001 1.41978968e+001  1.41978968e+001 -5.89974431e+001 -5.89974431e+001  -5.89974431e+001 9.87760146e+000 9.87760146e+000  9.87760146e+000 -3.03284976e+001 -3.03284976e+001  -3.03284976e+001 -4.63340192e+000 -4.63340192e+000  -4.63340192e+000
 -6.23493191e-001 -6.23493191e-001  -6.23493191e-001 -5.39842027e+001 -5.39842027e+001  -5.39842027e+001 1.27561418e+001 1.27561418e+001  1.27561418e+001 1.86377420e+001 1.86377420e+001  1.86377420e+001 -3.51462333e+000 -3.51462333e+000  -3.51462333e+000
 1.27346577e+001 1.27346577e+001  1.27346577e+001 -2.31271552e+001 -2.31271552e+001  -2.31271552e+001 -2.97629202e+000 -2.97629202e+000  -2.97629202e+000 2.33678432e+001 2.33678432e+001  2.33678432e+001 -1.86931361e+001 -1.86931361e+001  -1.86931361e+001
 -1.22663805e-002 -1.22663805e-002  -1.22663805e-002
 -2.90121715e+001 -2.90121715e+001  -2.90121715e+001 7.20853608e+000 7.20853608e+000  7.20853608e+000 5.37640818e-001 5.37640827e-001  5.37640843e-001 2.80372562e+000 2.80372562e+000  2.80372562e+000 -2.66842876e+001 -2.66842876e+001  -2.66842875e+001
 3.66266780e+001 3.66266780e+001  3.66266780e+001 -1.59359227e+000 -1.59358731e+000  -1.59357945e+000 1.12235254e+001 1.12235254e+001  1.12235254e+001 -3.22659104e+000 -3.22659057e+000  -3.22658981e+000 -1.20459582e+001 -1.20459582e+001  -1.20459582e+001
 3.77098917e+001 3.77098917e+001  3.77098917e+001 -1.67761265e+001 -1.67761267e+001  -1.67761270e+001 1.24508087e+001 1.24508086e+001  1.24508085e+001 -1.07182004e+000 -1.07182004e+000  -1.07182004e+000 1.47267203e+000 1.47267183e+000  1.47267152e+000
 -9.21277795e-001 -9.21279132e-001  -9.21281251e-001
 -9.49626692e+000 -9.49626692e+000  -9.49626692e+000 -5.63338948e+000 -5.63338948e+000  -5.63338948e+000 -3.86150891e+001 -3.86150891e+001  -3.86150891e+001 -6.60600889e+000 -6.60600889e+000  -6.60600889e+000 1.04588157e+001 1.04588157e+001  1.04588157e+001
 1.00872707e+001 1.00872707e+001  1.00872707e+001 1.40464328e+000 1.40464737e+000  1.40465390e+000 2.71970103e+000 2.71970103e+000  2.71970103e+000 3.55004404e+000 3.55004443e+000  3.55004506e+000 9.40913575e+000 9.40913575e+000  9.40913575e+000
 1.13565818e+001 1.13565818e+001  1.13565818e+001 -7.23863030e+000 -7.23863045e+000  -7.23863072e+000 3.27572242e+000 3.27572234e+000  3.27572223e+000 -3.50531506e+000 -3.50531506e+000  -3.50531506e+000 -4.56941365e+000 -4.56941382e+000  -4.56941408e+000
 -8.32047025e-001 -8.32048127e-001  -8.32049889e-001
 -1.15362863e+001 -1.15362863e+001  -1.15362863e+001 -9.43655384e+000 -9.43655384e+000  -9.43655384e+000 -3.63764363e+001 -3.63764363e+001  -3.63764363e+001 -3.23889880e+000 -3.23889880e+000  -3.23889880e+000 1.41298727e+001 1.41298727e+001  1.41298727e+001
 1.06833043e+001 1.06833043e+001  1.06833043e+001 2.94842929e+000 2.94843234e+000  2.94843722e+000 3.74356382e+000 3.74356382e+000  3.74356382e+000 3.79590272e+000 3.79590302e+000  3.79590348e+000 1.24362044e+001 1.24362044e+001  1.24362044e+001
 1.20122991e+001 1.20122991e+001  1.20122991e+001 -9.34311951e+000 -9.34311962e+000  -9.34311981e+000 2.19901075e+000 2.19901069e+000  2.19901061e+000 -3.22001568e+000 -3.22001568e+000  -3.22001568e+000 -4.84826280e+000 -4.84826293e+000  -4.84826312e+000
 -7.81497620e-001 -7.81498443e-001  -7.81499757e-001
 -6.10270598e+000 -6.10270598e+000  -6.10270598e+000 -1.47221404e+001 -1.47221404e+001  -1.47221404e+001 3.01303999e+001 3.01303999e+001  3.01303999e+001 3.73941418e+000 3.73941418e+000  3.73941418e+000 1.08382685e+001 1.08382685e+001  1.08382685e+001
 -1.82733661e+001 -1.82733661e+001  -1.82733661e+001 -9.65013587e+000 -9.65013587e+000  -9.65013587e+000 -1.67354761e+001 -1.67354761e+001  -1.67354761e+001 5.32229210e-001 5.32229210e-001  5.32229210e-001 -7.75270496e+000 -7.75270496e+000  -7.75270496e+000
 -1.78338002e+001 -1.78338002e+001  -1.78338002e+001 -3.18581525e+000 -3.18581525e+000  -3.18581525e+000 -8.59444904e+000 -8.59444904e+000  -8.59444904e+000 -5.13615691e+000 -5.13615691e+000  -5.13615691e+000 1.66325286e+000 1.66325286e+000  1.66325286e+000
 -1.28743827e-001 -1.28743827e-001  -1.28743827e-001
 1.47412387e+001 1.47412387e+001  1.47412387e+001 2.05493471e+001 2.05493471e+001  2.05493471e+001 -8.89370464e+000 -8.89370464e+000  -8.89370464e+000 2.21890632e+000 2.21890632e+000  2.21890632e+000 -8.45922417e+000 -8.45922417e+000  -8.45922417e+000
 -3.51711094e+000 -3.51711094e+000  -3.51711094e+000 1.10225134e+001 1.10225134e+001  1.10225134e+001 3.84936414e+000 3.84936414e+000  3.84936414e+000 -2.17921212e+001 -2.17921212e+001  -2.17921212e+001 4.02947020e-001 4.02947020e-001  4.02947020e-001
 -4.88498787e-001 -4.88498787e-001  -4.88498787e-001 8.16299482e+000 8.16299482e+000  8.16299482e+000 -2.02980906e+000 -2.02980906e+000  -2.02980906e+000 4.61657205e+000 4.61657205e+000  4.61657205e+000 -3.48231723e+000 -3.48231723e+000  -3.48231723e+000
 -3.21565317e-001 -3.21565317e-001  -3.21565317e-001
 5.06909349e+000 5.06909349e+000  5.06909349e+000 8.38598972e+000 8.38598972e+000  8.38598972e+000 3.45074842e+000 3.45074844e+000  3.45074846e+000 -8.89597603e+000 -8.89597603e+000  -8.89597602e+000 5.94853391e+000 5.94853391e+000  5.94853391e+000
 -1.56702763e+001 -1.56702763e+001  -1.56702763e+001 -5.39767822e+000 -5.39767062e+000  -5.39765845e+000 -1.46251941e+001 -1.46251941e+001  -1.46251941e+001 -9.47824198e-002 -9.47816951e-002  -9.47805251e-002 -7.27659855e+000 -7.27659855e+000  -7.27659855e+000
 -1.97987994e+001 -1.97987994e+001  -1.97987994e+001 5.09413038e+000 5.09413010e+000  5.09412961e+000 -5.49384558e+000 -5.49384572e+000  -5.49384593e+000 -8.13310869e+000 -8.13310869e+000  -8.13310869e+000 -1.43299311e+000 -1.43299341e+000  -1.43299390e+000
 -1.14821893e+000 -1.14822098e+000  -1.14822426e+000
 4.66666667e-001 4.66666667e-001  4.66666667e-001 5.33333333e-001 5.33333333e-001  5.33333333e-001 6.00000000e-001 6.00000000e-001  6.00000000e-001 6.66666667e-001 6.66666667e-001  6.66666667e-001 7.33333333e-001 7.33333333e-001  7.33333333e-001
 8.00000000e-001 8.00000000e-001  8.00000000e-001 8.66666667e-001 8.66666667e-001  8.66666667e-001 9.33333333e-001 9.33333333e-001  9.33333333e-001 1.00000000e+000 1.00000000e+000  1.00000000e+000 1.06666667e+000 1.06666667e+000  1.06666667e+000
 0.00000000e+000 0.00000000e+000  0.00000000e+000 0.00000000e+000 0.00000000e+000  0.00000000e+000 0.00000000e+000 0.00000000e+000  0.00000000e+000 0.00000000e+000 0.00000000e+000  0.00000000e+000 0.00000000e+000 0.00000000e+000  0.00000000e+000
 0.00000000e+000 0.00000000e+000  0.00000000e+000
 -3.71900389e+000 -3.71900389e+000 -3.71900389e+000
 -3.41297698e+000 -3.41306890e+000 -3.41321513e+000
 -5.83999065e+000 -5.83999066e+000 -5.83999066e+000
 -1.32036028e+000 -1.32036028e+000 -1.32036028e+000
 -6.58091613e-001 -6.58183530e-001 -6.58329753e-001
 -1.44884991e+000 -1.44884991e+000 -1.44884992e+000
 -2.71676927e+000 -2.71677216e+000 -2.71677679e+000
 -9.10136749e+000 -9.10136749e+000 -9.10136749e+000
 -4.92727727e+000 -4.92727742e+000 -4.92727766e+000
 -1.51677949e+000 -1.51677949e+000 -1.51677949e+000
 1.43188859e+000 1.43188859e+000 1.43188859e+000
 3.99364481e+000 3.99364474e+000 3.99364462e+000
 7.62519142e-001 7.62518954e-001 7.62518677e-001
 4.39766198e+000 4.39766198e+000 4.39766198e+000
 6.99069250e+000 6.99069245e+000 6.99069239e+000
 7.61208222e-001 7.61205445e-001 7.61201001e-001
