    8     14     50      1  9723   4855 
    0.700      0.400   20000  100      0.000      0.000    100     16 
    0.990 	     0.010 
   2 
    1.9875e+000   0.0000e+000  
  5.7000e+001  -8.0000e+000  
  4.4837e+000   0.0000e+000  
  1.8824e+002   1.7539e+002  
  1.0000e+000   0.0000e+000  
  1.0000e+000   0.0000e+000  
  1.0000e+000   0.0000e+000  
  1.0000e+000   0.0000e+000  
   2.6556e+002   0.0000e+000  
  itr    nh   avger[]   r2avg    mare[] 
100  16 1.195e+002   3.231e-001  1.000e+001 7.132e+002 
100  16 1.216e+002   1.150e-002  1.000e+003 8.437e+002 
   1  3.2306e-001   7.1325e+002   5.0298e+007   1.1948e+000 
  4.7161e+001   6.9222e-001 
   1  1.1498e-002   8.4370e+002   5.9498e+007   1.2156e+000 
  9.3931e+000   1.3221e-001 
