  2.4586e-001  2.7400e-001  1.0962e+000 -2.7213e+000 -5.5811e+000
 -3.5248e+000 -5.1665e-001 -1.5407e+000 -4.5285e+000  4.7139e+000
 -1.3288e+000 -2.4898e+000 -3.1534e+000  3.2688e-001 -1.2100e+000
 -3.1712e-001
  2.0567e+000
 -3.21121078e-001 -3.21551086e-001  -3.21957624e-001 -3.94119360e+000 -3.94167821e+000  -3.94213828e+000 1.00621581e+001 1.00621581e+001  1.00621581e+001 -4.44972207e+000 -4.44972207e+000  -4.44972208e+000 4.42667626e-004 4.42757902e-004  4.42843535e-004
 -4.34597726e+000 -4.34597726e+000  -4.34597726e+000 2.57301758e+000 2.57321977e+000  2.57340870e+000 4.93077928e+000 4.93077927e+000  4.93077927e+000 3.94287425e+000 3.94244719e+000  3.94204792e+000 2.25437914e+000 2.25437914e+000  2.25437914e+000
 6.52915376e+000 6.52915376e+000  6.52915376e+000 2.45309716e+000 2.45336091e+000  2.45360906e+000 6.71522787e-001 6.71522779e-001  6.71522771e-001 2.40767284e+000 2.40762983e+000  2.40759012e+000 1.97880626e+000 1.97870159e+000  1.97860422e+000
 -1.41440650e-001 -1.41483887e-001  -1.41524638e-001
 1.35694292e+000 1.35694292e+000  1.35694292e+000 -7.42269974e-001 -7.42269974e-001  -7.42269974e-001 -9.40895190e+000 -9.40895190e+000  -9.40895190e+000 -2.00418923e+000 -2.00418923e+000  -2.00418923e+000 5.19123915e+000 5.19123915e+000  5.19123915e+000
 -1.22714784e+001 -1.22714784e+001  -1.22714784e+001 -4.22880056e+000 -4.22880056e+000  -4.22880056e+000 -3.71088072e+000 -3.71088072e+000  -3.71088072e+000 -6.06011482e+000 -6.06011482e+000  -6.06011482e+000 -1.20261516e+001 -1.20261516e+001  -1.20261516e+001
 -1.32700285e+001 -1.32700285e+001  -1.32700285e+001 -1.18047380e+001 -1.18047380e+001  -1.18047380e+001 5.85727875e+000 5.85727875e+000  5.85727875e+000 -2.03710551e+000 -2.03710551e+000  -2.03710551e+000 -5.78027046e-001 -5.78027046e-001  -5.78027046e-001
 -3.75602420e-001 -3.75602420e-001  -3.75602420e-001
 -6.85826886e-001 -6.85826886e-001  -6.85826886e-001 -1.13537495e+000 -1.13537495e+000  -1.13537494e+000 2.61585581e-001 2.61585581e-001  2.61585581e-001 -2.17191739e+000 -2.17191709e+000  -2.17191634e+000 -8.97754547e+000 -8.97754549e+000  -8.97754552e+000
 1.56396248e+001 1.56396248e+001  1.56396248e+001 -2.16875435e+000 -2.16875435e+000  -2.16875435e+000 -2.49418738e+000 -2.49418738e+000  -2.49418738e+000 1.83611350e+000 1.83611351e+000  1.83611351e+000 4.48497627e+000 4.48497625e+000  4.48497621e+000
 2.10054960e+000 2.10054978e+000  2.10055022e+000 9.97199523e-001 9.97199510e-001  9.97199476e-001 -4.34324997e+000 -4.34324996e+000  -4.34324996e+000 4.00823667e+000 4.00823668e+000  4.00823670e+000 1.22679844e+000 1.22679845e+000  1.22679847e+000
 2.57088670e-001 2.57088729e-001  2.57088877e-001
 1.04342226e+000 1.04342226e+000  1.04342226e+000 -8.19135008e+000 -8.19135008e+000  -8.19135008e+000 1.09741570e+001 1.09741570e+001  1.09741570e+001 -6.76095141e-001 -6.76095141e-001  -6.76095141e-001 9.17569902e-001 9.17569902e-001  9.17569902e-001
 3.16468443e+000 3.16468443e+000  3.16468443e+000 -5.35946536e+000 -5.35946536e+000  -5.35946536e+000 -3.23187074e-001 -3.23187074e-001  -3.23187074e-001 -8.18707804e+000 -8.18707804e+000  -8.18707804e+000 -7.16055600e-001 -7.16055600e-001  -7.16055600e-001
 -2.30355596e+000 -2.30355596e+000  -2.30355596e+000 4.97423639e+000 4.97423639e+000  4.97423639e+000 -4.87402254e+000 -4.87402254e+000  -4.87402254e+000 1.08013559e+000 1.08013559e+000  1.08013559e+000 -2.96490729e+000 -2.96490729e+000  -2.96490729e+000
 -2.11080646e-001 -2.11080646e-001  -2.11080646e-001
 -2.79561489e-001 -2.79561489e-001  -2.79561489e-001 1.45783060e+001 1.45783060e+001  1.45783060e+001 -1.02109185e+001 -1.02109185e+001  -1.02109185e+001 5.48048773e+000 5.48048773e+000  5.48048773e+000 -5.36731507e+000 -5.36731507e+000  -5.36731507e+000
 -8.93991493e+000 -8.93991493e+000  -8.93991493e+000 9.24776484e+000 9.24776484e+000  9.24776484e+000 -1.49895363e+000 -1.49895363e+000  -1.49895363e+000 2.24277142e+000 2.24277142e+000  2.24277142e+000 1.06061118e+001 1.06061118e+001  1.06061118e+001
 4.93916449e+000 4.93916449e+000  4.93916449e+000 -2.18986187e+000 -2.18986187e+000  -2.18986187e+000 -1.95465918e+000 -1.95465918e+000  -1.95465918e+000 -5.72665717e+000 -5.72665717e+000  -5.72665717e+000 -1.45196407e+000 -1.45196407e+000  -1.45196407e+000
 -5.75223868e-002 -5.75223868e-002  -5.75223868e-002
 2.17040480e+000 2.16997479e+000  2.16956825e+000 3.20201467e+000 3.20153006e+000  3.20106999e+000 3.46789443e+000 3.46789443e+000  3.46789443e+000 -2.75668046e+000 -2.75668046e+000  -2.75668046e+000 1.60568600e+000 1.60568609e+000  1.60568617e+000
 -1.00153429e+001 -1.00153429e+001  -1.00153429e+001 4.99556250e+000 4.99576469e+000  4.99595362e+000 1.41886949e+001 1.41886949e+001  1.41886949e+001 -1.31346211e+000 -1.31388917e+000  -1.31428845e+000 1.93137019e+001 1.93137019e+001  1.93137019e+001
 -5.96345578e+000 -5.96345578e+000  -5.96345578e+000 8.73607065e+000 8.73633440e+000  8.73658255e+000 -1.55008403e+000 -1.55008403e+000  -1.55008404e+000 7.05357941e+000 7.05353640e+000  7.05349669e+000 -1.57195709e+000 -1.57206175e+000  -1.57215913e+000
 -3.59694089e-001 -3.59737326e-001  -3.59778077e-001
 4.25143545e+000 4.25143545e+000  4.25143545e+000 4.87808056e+000 4.87808056e+000  4.87808056e+000 3.29020314e+000 3.29020314e+000  3.29020314e+000 -3.75107120e-001 -3.75107120e-001  -3.75107120e-001 -3.22228124e+000 -3.22228124e+000  -3.22228124e+000
 8.44641678e+000 8.44641678e+000  8.44641678e+000 4.45698764e+000 4.45698764e+000  4.45698764e+000 -8.01036876e+000 -8.01036876e+000  -8.01036876e+000 6.82345010e-001 6.82345010e-001  6.82345010e-001 -1.02120582e+001 -1.02120582e+001  -1.02120582e+001
 -5.89026380e+000 -5.89026380e+000  -5.89026380e+000 -2.40762983e+000 -2.40762983e+000  -2.40762983e+000 -8.34833179e-003 -8.34833179e-003  -8.34833179e-003 -6.16996292e+000 -6.16996292e+000  -6.16996292e+000 8.31444417e-001 8.31444417e-001  8.31444417e-001
 2.02406253e-001 2.02406253e-001  2.02406253e-001
 7.91230828e+000 7.91230828e+000  7.91230828e+000 -3.08232293e+000 -3.08232293e+000  -3.08232293e+000 1.03819009e+001 1.03819009e+001  1.03819009e+001 2.38262080e+000 2.38262080e+000  2.38262080e+000 -4.21089717e+000 -4.21089717e+000  -4.21089717e+000
 -2.82612234e+000 -2.82612234e+000  -2.82612234e+000 -1.01993161e+000 -1.01993161e+000  -1.01993161e+000 -1.18440161e+000 -1.18440161e+000  -1.18440161e+000 3.98920710e+000 3.98920710e+000  3.98920710e+000 -2.22876675e+000 -2.22876675e+000  -2.22876675e+000
 -1.94130127e+001 -1.94130127e+001  -1.94130127e+001 -1.04252124e+001 -1.04252124e+001  -1.04252124e+001 -1.55463596e-002 -1.55463596e-002  -1.55463596e-002 1.64682698e+000 1.64682698e+000  1.64682698e+000 -3.85241979e+000 -3.85241979e+000  -3.85241979e+000
 -7.43881298e-002 -7.43881298e-002  -7.43881298e-002
 8.03279215e+000 8.03279215e+000  8.03279215e+000 -4.16206487e+000 -4.16206487e+000  -4.16206487e+000 4.48795129e+000 4.48795129e+000  4.48795129e+000 2.82898952e+000 2.82898952e+000  2.82898952e+000 -5.99956327e+000 -5.99956327e+000  -5.99956327e+000
 -7.84576617e+000 -7.84576617e+000  -7.84576617e+000 -5.45106674e+000 -5.45106674e+000  -5.45106674e+000 -3.25969700e-001 -3.25969700e-001  -3.25969700e-001 3.63445443e-001 3.63445443e-001  3.63445443e-001 6.04384653e+000 6.04384653e+000  6.04384653e+000
 1.25361144e+001 1.25361144e+001  1.25361144e+001 7.16132475e+000 7.16132475e+000  7.16132475e+000 -5.44060847e+000 -5.44060847e+000  -5.44060847e+000 4.06075755e+000 4.06075755e+000  4.06075755e+000 -4.02748348e-001 -4.02748348e-001  -4.02748348e-001
 1.44545342e-002 1.44545342e-002  1.44545342e-002
 8.98322999e+000 8.98322999e+000  8.98322999e+000 9.50790609e-001 9.50790609e-001  9.50790609e-001 1.69943188e+000 1.69943188e+000  1.69943188e+000 -4.43678984e+000 -4.43678984e+000  -4.43678984e+000 -2.16057024e+000 -2.16057024e+000  -2.16057024e+000
 -1.07243515e+001 -1.07243515e+001  -1.07243515e+001 5.57759931e+000 5.57759931e+000  5.57759931e+000 2.32107253e+000 2.32107253e+000  2.32107253e+000 -3.27687369e+000 -3.27687369e+000  -3.27687369e+000 4.80407935e+000 4.80407935e+000  4.80407935e+000
 9.46870162e+000 9.46870162e+000  9.46870162e+000 -3.70750871e+000 -3.70750871e+000  -3.70750871e+000 -3.65038369e-001 -3.65038369e-001  -3.65038369e-001 -4.30738546e+000 -4.30738546e+000  -4.30738546e+000 6.71791865e-001 6.71791865e-001  6.71791865e-001
 -1.27984926e-001 -1.27984926e-001  -1.27984926e-001
 -3.19362257e+001 -3.19362257e+001  -3.19362257e+001 3.39401702e+000 3.39401702e+000  3.39401702e+000 -6.32846099e+000 -6.32846099e+000  -6.32846099e+000 7.72272885e+000 7.72272915e+000  7.72272990e+000 5.84689051e+000 5.84689050e+000  5.84689046e+000
 1.10224672e+001 1.10224672e+001  1.10224672e+001 -1.04848424e+001 -1.04848424e+001  -1.04848424e+001 -8.71654368e+000 -8.71654368e+000  -8.71654368e+000 -1.03881169e+001 -1.03881169e+001  -1.03881169e+001 -1.32798481e+001 -1.32798482e+001  -1.32798482e+001
 -2.24240965e-002 -2.24239217e-002  -2.24234847e-002 3.16083950e+000 3.16083949e+000  3.16083945e+000 3.90434028e+000 3.90434028e+000  3.90434029e+000 -8.95117465e-001 -8.95117454e-001  -8.95117426e-001 5.15607115e+000 5.15607116e+000  5.15607118e+000
 -1.26992535e-001 -1.26992476e-001  -1.26992329e-001
 2.00969541e+000 2.00969541e+000  2.00969541e+000 -4.23218733e+000 -4.23218733e+000  -4.23218733e+000 -1.48702544e+001 -1.48702544e+001  -1.48702544e+001 -8.66613626e+000 -8.66613626e+000  -8.66613626e+000 4.96613834e-001 4.96613834e-001  4.96613834e-001
 5.85155052e+000 5.85155052e+000  5.85155052e+000 2.72179196e+000 2.72179196e+000  2.72179196e+000 -5.66149032e-001 -5.66149032e-001  -5.66149032e-001 4.59121121e+000 4.59121121e+000  4.59121121e+000 1.10592063e+000 1.10592063e+000  1.10592063e+000
 8.29366478e+000 8.29366478e+000  8.29366478e+000 -7.00348400e+000 -7.00348400e+000  -7.00348400e+000 -1.16784487e+000 -1.16784487e+000  -1.16784487e+000 -1.65641569e+000 -1.65641569e+000  -1.65641569e+000 -2.62147590e+000 -2.62147590e+000  -2.62147590e+000
 -5.63585387e-002 -5.63585387e-002  -5.63585387e-002
 -2.59772916e+000 -2.59772916e+000  -2.59772916e+000 -4.53486522e+000 -4.53486522e+000  -4.53486522e+000 -9.34608734e+000 -9.34608734e+000  -9.34608734e+000 -6.59092911e+000 -6.59092911e+000  -6.59092911e+000 -2.29436354e+000 -2.29436354e+000  -2.29436354e+000
 2.84367234e+000 2.84367234e+000  2.84367234e+000 -7.49961197e+000 -7.49961197e+000  -7.49961197e+000 -5.42904243e-001 -5.42904243e-001  -5.42904243e-001 1.90721476e+000 1.90721476e+000  1.90721476e+000 5.61519218e+000 5.61519218e+000  5.61519218e+000
 -9.94077048e-001 -9.94077048e-001  -9.94077048e-001 -4.85149190e+000 -4.85149190e+000  -4.85149190e+000 -2.51633169e+000 -2.51633169e+000  -2.51633169e+000 9.64710860e-001 9.64710860e-001  9.64710860e-001 -7.63759394e-001 -7.63759394e-001  -7.63759394e-001
 -2.52762587e-002 -2.52762587e-002  -2.52762587e-002
 -2.49056695e+000 -2.49056695e+000  -2.49056695e+000 -6.23645479e+000 -6.23645479e+000  -6.23645479e+000 -4.83480552e+000 -4.83480552e+000  -4.83480552e+000 1.93494310e+000 1.93494340e+000  1.93494415e+000 -2.47943004e-001 -2.47943018e-001  -2.47943053e-001
 -1.26285324e+000 -1.26285324e+000  -1.26285324e+000 -2.00862262e+000 -2.00862262e+000  -2.00862262e+000 6.03212869e-001 6.03212869e-001  6.03212869e-001 -4.48567145e+000 -4.48567145e+000  -4.48567144e+000 4.85433725e+000 4.85433723e+000  4.85433719e+000
 9.98943948e+000 9.98943965e+000  9.98944009e+000 -5.94518623e-002 -5.94518758e-002  -5.94519095e-002 7.26707649e-001 7.26707650e-001  7.26707652e-001 -2.35865604e+000 -2.35865603e+000  -2.35865600e+000 -7.12578124e-001 -7.12578116e-001  -7.12578094e-001
 -5.17881035e-001 -5.17880976e-001  -5.17880828e-001
 -8.28375694e-001 -8.28805702e-001  -8.29212240e-001 2.38388042e+000 2.38339582e+000  2.38293574e+000 7.33531097e+000 7.33531097e+000  7.33531097e+000 -3.27368865e+000 -3.27368866e+000  -3.27368866e+000 -4.32953336e+000 -4.32953327e+000  -4.32953319e+000
 5.28427269e+000 5.28427269e+000  5.28427269e+000 -2.34151059e+000 -2.34130840e+000  -2.34111947e+000 -4.36677815e-001 -4.36677815e-001  -4.36677815e-001 -3.99934228e-001 -4.00361289e-001  -4.00760565e-001 -2.67730338e+000 -2.67730338e+000  -2.67730338e+000
 -9.32923672e+000 -9.32923672e+000  -9.32923672e+000 -1.20631961e+001 -1.20629323e+001  -1.20626841e+001 -4.69105895e+000 -4.69105896e+000  -4.69105897e+000 -1.12833538e+000 -1.12837839e+000  -1.12841810e+000 -9.87705853e-001 -9.87810516e-001  -9.87907888e-001
 -7.89729865e-002 -7.90162235e-002  -7.90569743e-002
 4.86901317e+000 4.86901317e+000  4.86901317e+000 4.92206428e+000 4.92206428e+000  4.92206428e+000 -2.55944935e-001 -2.55944935e-001  -2.55944935e-001 -1.85100260e+000 -1.85100260e+000  -1.85100260e+000 -2.96128680e+000 -2.96128680e+000  -2.96128680e+000
 -1.00124774e+001 -1.00124774e+001  -1.00124774e+001 5.24105647e+000 5.24105647e+000  5.24105647e+000 -2.37064577e+000 -2.37064577e+000  -2.37064577e+000 -3.82351473e-001 -3.82351473e-001  -3.82351473e-001 3.44886033e+000 3.44886033e+000  3.44886033e+000
 -1.57712744e+000 -1.57712744e+000  -1.57712744e+000 7.70553080e+000 7.70553080e+000  7.70553080e+000 -6.78778838e-001 -6.78778838e-001  -6.78778838e-001 3.21927382e+000 3.21927382e+000  3.21927382e+000 -8.90097270e-002 -8.90097270e-002  -8.90097270e-002
 6.82965891e-002 6.82965891e-002  6.82965891e-002
 3.85717754e+001 3.85717732e+001  3.85717710e+001 -7.41841152e+000 -7.41841409e+000  -7.41841653e+000 -3.25935154e+001 -3.25935154e+001  -3.25935154e+001 -2.17849725e+001 -2.17849724e+001  -2.17849722e+001 1.87916437e+001 1.87916437e+001  1.87916437e+001
 4.36532971e+001 4.36532971e+001  4.36532971e+001 -2.54391799e+001 -2.54391788e+001  -2.54391778e+001 8.70557527e+000 8.70557527e+000  8.70557527e+000 3.37937539e+001 3.37937517e+001  3.37937496e+001 -1.03554359e+001 -1.03554359e+001  -1.03554359e+001
 -2.60035620e+001 -2.60035620e+001  -2.60035618e+001 -2.82329475e+001 -2.82329461e+001  -2.82329448e+001 -4.76523363e+000 -4.76523363e+000  -4.76523363e+000 -3.23386348e+000 -3.23386370e+000  -3.23386390e+000 -4.34234015e-001 -4.34234568e-001  -4.34235078e-001
 -9.52214419e-003 -9.52235573e-003  -9.52252747e-003
 6.19890385e-001 6.19732503e-001  6.19584622e-001 4.74361426e+000 4.74343616e+000  4.74326838e+000 8.60175737e-001 8.60175737e-001  8.60175737e-001 -1.11113522e+000 -1.11113509e+000  -1.11113476e+000 4.11007477e-002 4.11007747e-002  4.11007904e-002
 9.96447645e+000 9.96447645e+000  9.96447645e+000 1.86178560e+000 1.86185984e+000  1.86192855e+000 9.00734308e-001 9.00734308e-001  9.00734308e-001 -3.14155860e+000 -3.14171535e+000  -3.14186045e+000 9.86268855e-001 9.86268848e-001  9.86268828e-001
 3.40941460e-002 3.40942234e-002  3.40944171e-002 2.36069260e-001 2.36166116e-001  2.36256417e-001 -7.65031095e-001 -7.65031098e-001  -7.65031100e-001 1.03826971e+000 1.03825392e+000  1.03823949e+000 -2.42385961e+000 -2.42389804e+000  -2.42393345e+000
 -2.65740299e-001 -2.65756150e-001  -2.65770910e-001
 -3.67148676e-001 -3.67439853e-001  -3.67713636e-001 -4.04512536e+000 -4.04545356e+000  -4.04576352e+000 3.37681867e-002 3.37681867e-002  3.37681867e-002 -1.54654084e-001 -1.54653874e-001  -1.54653347e-001 -1.33473823e+000 -1.33473818e+000  -1.33473815e+000
 -2.07004808e+001 -2.07004808e+001  -2.07004808e+001 -2.42418680e+000 -2.42404995e+000  -2.42392287e+000 -1.24120696e+000 -1.24120696e+000  -1.24120696e+000 1.10959678e+000 1.10930773e+000  1.10903921e+000 -3.39616978e+000 -3.39616979e+000  -3.39616982e+000
 -3.19165117e+000 -3.19165104e+000  -3.19165074e+000 1.37210492e-001 1.37389070e-001  1.37556131e-001 -2.17309753e+000 -2.17309753e+000  -2.17309754e+000 -3.13562142e+000 -3.13565052e+000  -3.13567720e+000 2.07956655e+000 2.07949572e+000  2.07943026e+000
 -3.19889629e-001 -3.19918865e-001  -3.19946204e-001
 1.15609930e+000 1.15585612e+000  1.15562792e+000 -2.91493148e+000 -2.91520559e+000  -2.91546398e+000 6.40834605e-001 6.40834605e-001  6.40834605e-001 4.34500447e-001 4.34500624e-001  4.34501071e-001 -8.87829529e-001 -8.87829486e-001  -8.87829458e-001
 -2.72249597e+001 -2.72249597e+001  -2.72249597e+001 -9.89390335e-001 -9.89276058e-001  -9.89170186e-001 1.29791165e+000 1.29791165e+000  1.29791165e+000 2.62475196e+000 2.62451060e+000  2.62428690e+000 -8.87615468e-001 -8.87615479e-001  -8.87615504e-001
 -1.51326856e-001 -1.51326752e-001  -1.51326491e-001 -5.73220465e-002 -5.71729051e-002  -5.70336726e-002 -2.53314425e+000 -2.53314426e+000  -2.53314426e+000 -2.15443931e+000 -2.15446361e+000  -2.15448583e+000 3.59395635e+000 3.59389720e+000  3.59384268e+000
 -2.78743549e-001 -2.78767966e-001  -2.78790750e-001
 6.17836378e-001 6.17836378e-001  6.17836378e-001 1.21397789e+000 1.21397789e+000  1.21397789e+000 -1.29260905e+000 -1.29260905e+000  -1.29260905e+000 -9.33696572e-001 -9.33696572e-001  -9.33696572e-001 -3.43535018e+000 -3.43535018e+000  -3.43535018e+000
 -1.56595498e+001 -1.56595498e+001  -1.56595498e+001 -1.59512010e+000 -1.59512010e+000  -1.59512010e+000 1.16320932e+000 1.16320932e+000  1.16320932e+000 -1.49476052e+000 -1.49476052e+000  -1.49476052e+000 2.42132752e+000 2.42132752e+000  2.42132752e+000
 -5.75757955e-001 -5.75757955e-001  -5.75757955e-001 -3.91526992e+000 -3.91526992e+000  -3.91526992e+000 -2.25045732e+000 -2.25045732e+000  -2.25045732e+000 8.31327155e-001 8.31327155e-001  8.31327155e-001 6.19342155e-001 6.19342155e-001  6.19342155e-001
 -1.26029015e-001 -1.26029015e-001  -1.26029015e-001
 1.55859207e+000 1.55859207e+000  1.55859207e+000 5.60169151e-001 5.60169151e-001  5.60169151e-001 1.58818284e+000 1.58818284e+000  1.58818284e+000 -2.60564790e+000 -2.60564790e+000  -2.60564790e+000 -1.68285971e+000 -1.68285971e+000  -1.68285971e+000
 4.96942085e+000 4.96942085e+000  4.96942085e+000 4.03983201e+000 4.03983201e+000  4.03983201e+000 5.08657197e-001 5.08657197e-001  5.08657197e-001 -1.72614907e+000 -1.72614907e+000  -1.72614907e+000 4.09961582e+000 4.09961582e+000  4.09961582e+000
 5.82036547e+000 5.82036547e+000  5.82036547e+000 -2.82226514e+000 -2.82226514e+000  -2.82226514e+000 3.02103292e-001 3.02103292e-001  3.02103292e-001 2.91779003e+000 2.91779003e+000  2.91779003e+000 1.61832191e+000 1.61832191e+000  1.61832191e+000
 1.16967307e-001 1.16967307e-001  1.16967307e-001
 -5.16644233e-001 -5.16644233e-001  -5.16644233e-001 -6.72246506e-001 -6.72246506e-001  -6.72246506e-001 7.77619054e-001 7.77619054e-001  7.77619054e-001 -1.00254869e-001 -1.00254869e-001  -1.00254869e-001 -1.47935933e+000 -1.47935933e+000  -1.47935933e+000
 1.74875265e+000 1.74875265e+000  1.74875265e+000 -1.18897208e+000 -1.18897208e+000  -1.18897208e+000 -2.45944479e+000 -2.45944479e+000  -2.45944479e+000 -1.29431970e+000 -1.29431970e+000  -1.29431970e+000 -7.94671920e-001 -7.94671920e-001  -7.94671920e-001
 -3.43197603e+000 -3.43197603e+000  -3.43197603e+000 7.63014036e-001 7.63014036e-001  7.63014036e-001 -1.33906473e+000 -1.33906473e+000  -1.33906473e+000 -1.83246565e+000 -1.83246565e+000  -1.83246565e+000 -1.77350010e+000 -1.77350010e+000  -1.77350010e+000
 -3.06113150e-001 -3.06113150e-001  -3.06113150e-001
 -4.54037335e-001 -4.54467343e-001  -4.54873881e-001 -4.04054109e-001 -4.04538713e-001  -4.04998787e-001 7.72404332e-001 7.72404332e-001  7.72404332e-001 2.35679948e-002 2.35682919e-002  2.35690397e-002 -1.39479698e+000 -1.39479691e+000  -1.39479686e+000
 2.46939553e+000 2.46939553e+000  2.46939553e+000 -8.73059297e-001 -8.72857110e-001  -8.72668178e-001 -1.95209503e+000 -1.95209503e+000  -1.95209503e+000 -1.31561030e+000 -1.31603735e+000  -1.31643662e+000 -6.90579493e-001 -6.90579511e-001  -6.90579554e-001
 -3.34707828e+000 -3.34707811e+000  -3.34707767e+000 9.12561938e-001 9.12825677e-001  9.13073793e-001 -1.35571138e+000 -1.35571139e+000  -1.35571139e+000 -2.18436912e+000 -2.18441212e+000  -2.18445181e+000 -2.25345767e+000 -2.25356233e+000  -2.25365968e+000
 -2.13382574e-001 -2.13425752e-001  -2.13466355e-001
 -3.83572951e+000 -3.83503544e+000 -3.83438323e+000
 -3.23826036e+000 -3.23806499e+000 -3.23787992e+000
 -2.96179967e+000 -2.96097186e+000 -2.96019304e+000
 -3.00451897e+000 -3.00451908e+000 -3.00451936e+000
 6.46932960e+000 6.46932961e+000 6.46932962e+000
 -1.21670844e+000 -1.21670946e+000 -1.21671202e+000
 2.69115555e+000 2.69189983e+000 2.69260069e+000
 -2.06836087e+000 -2.06753305e+000 -2.06675423e+000
 -6.52999016e+000 -6.52991856e+000 -6.52985167e+000
 4.22358242e+000 4.22441023e+000 4.22518904e+000
 -3.00797982e+000 -3.00797988e+000 -3.00798003e+000
 4.36298917e+000 4.36305482e+000 4.36311659e+000
 -5.73442479e+000 -5.73442479e+000 -5.73442479e+000
 -1.82517049e+000 -1.82436698e+000 -1.82361059e+000
 -8.46890355e-001 -8.46740136e-001 -8.46602444e-001
 -3.69683772e-001 -3.69542914e-001 -3.69410357e-001
