 Normalized SSE per output and pattern 
Itr 	 HN 	 MARE-tr 	 MARE-ts 	 R2tr 	 R2ts 	 SSENtr 	 SSENts	 SSENcomb
100 	 5 	       68.362 	        0.000 	   0.17793 	   0.00000 	    0.119277 	    -1.#IND00 	    -1.#IND00 
200 	 5 	       70.970 	        0.000 	   0.07463 	   0.00000 	    0.134003 	    -1.#IND00 	    -1.#IND00 
300 	 5 	       71.176 	        0.000 	   0.13323 	   0.00000 	    0.116054 	    -1.#IND00 	    -1.#IND00 
400 	 5 	       71.340 	        0.000 	   0.12580 	   0.00000 	    0.118214 	    -1.#IND00 	    -1.#IND00 
500 	 5 	       70.818 	        0.000 	   0.14875 	   0.00000 	    0.118165 	    -1.#IND00 	    -1.#IND00 
600 	 5 	       71.239 	        0.000 	   0.13321 	   0.00000 	    0.119615 	    -1.#IND00 	    -1.#IND00 
700 	 5 	       71.798 	        0.000 	   0.07999 	   0.00000 	    0.124161 	    -1.#IND00 	    -1.#IND00 
800 	 5 	       72.905 	        0.000 	   0.01880 	   0.00000 	    0.131414 	    -1.#IND00 	    -1.#IND00 
900 	 5 	       73.790 	        0.000 	   0.00562 	   0.00000 	    0.132797 	    -1.#IND00 	    -1.#IND00 
1000 	 5 	       73.818 	        0.000 	   0.07511 	   0.00000 	    0.108691 	    -1.#IND00 	    -1.#IND00 
1100 	 5 	       75.514 	        0.000 	   0.07261 	   0.00000 	    0.103645 	    -1.#IND00 	    -1.#IND00 
1200 	 5 	       76.509 	        0.000 	   0.06988 	   0.00000 	    0.102812 	    -1.#IND00 	    -1.#IND00 
1300 	 5 	       79.633 	        0.000 	   0.04258 	   0.00000 	    0.103103 	    -1.#IND00 	    -1.#IND00 
1400 	 5 	       78.661 	        0.000 	   0.04880 	   0.00000 	    0.103227 	    -1.#IND00 	    -1.#IND00 
1500 	 5 	       77.925 	        0.000 	   0.05657 	   0.00000 	    0.102362 	    -1.#IND00 	    -1.#IND00 
1600 	 5 	       77.698 	        0.000 	   0.06116 	   0.00000 	    0.101516 	    -1.#IND00 	    -1.#IND00 
1700 	 5 	       77.506 	        0.000 	   0.06498 	   0.00000 	    0.100882 	    -1.#IND00 	    -1.#IND00 
1800 	 5 	       77.362 	        0.000 	   0.06784 	   0.00000 	    0.100423 	    -1.#IND00 	    -1.#IND00 
1900 	 5 	       77.251 	        0.000 	   0.06994 	   0.00000 	    0.100081 	    -1.#IND00 	    -1.#IND00 
2000 	 5 	       80.547 	        0.000 	   0.06314 	   0.00000 	    0.096729 	    -1.#IND00 	    -1.#IND00 
2100 	 5 	       80.738 	        0.000 	   0.06590 	   0.00000 	    0.095477 	    -1.#IND00 	    -1.#IND00 
2200 	 5 	       80.454 	        0.000 	   0.07034 	   0.00000 	    0.094812 	    -1.#IND00 	    -1.#IND00 
2300 	 5 	       80.255 	        0.000 	   0.07381 	   0.00000 	    0.094283 	    -1.#IND00 	    -1.#IND00 
2400 	 5 	       80.100 	        0.000 	   0.07659 	   0.00000 	    0.093865 	    -1.#IND00 	    -1.#IND00 
2500 	 5 	       79.970 	        0.000 	   0.07884 	   0.00000 	    0.093532 	    -1.#IND00 	    -1.#IND00 
2600 	 5 	       79.867 	        0.000 	   0.08067 	   0.00000 	    0.093265 	    -1.#IND00 	    -1.#IND00 
2700 	 5 	       79.786 	        0.000 	   0.08213 	   0.00000 	    0.093047 	    -1.#IND00 	    -1.#IND00 
2800 	 5 	       79.717 	        0.000 	   0.08328 	   0.00000 	    0.092865 	    -1.#IND00 	    -1.#IND00 
2900 	 5 	       79.663 	        0.000 	   0.08417 	   0.00000 	    0.092713 	    -1.#IND00 	    -1.#IND00 
3000 	 5 	       81.626 	        0.000 	   0.08822 	   0.00000 	    0.089293 	    -1.#IND00 	    -1.#IND00 
3100 	 5 	       81.877 	        0.000 	   0.08941 	   0.00000 	    0.088719 	    -1.#IND00 	    -1.#IND00 
3200 	 5 	       81.756 	        0.000 	   0.09193 	   0.00000 	    0.088400 	    -1.#IND00 	    -1.#IND00 
3300 	 5 	       81.674 	        0.000 	   0.09368 	   0.00000 	    0.088167 	    -1.#IND00 	    -1.#IND00 
3400 	 5 	       81.610 	        0.000 	   0.09498 	   0.00000 	    0.087989 	    -1.#IND00 	    -1.#IND00 
3500 	 5 	       81.557 	        0.000 	   0.09599 	   0.00000 	    0.087848 	    -1.#IND00 	    -1.#IND00 
3600 	 5 	       81.507 	        0.000 	   0.09681 	   0.00000 	    0.087735 	    -1.#IND00 	    -1.#IND00 
3700 	 5 	       81.462 	        0.000 	   0.09748 	   0.00000 	    0.087640 	    -1.#IND00 	    -1.#IND00 
3800 	 5 	       81.418 	        0.000 	   0.09806 	   0.00000 	    0.087561 	    -1.#IND00 	    -1.#IND00 
3900 	 5 	       81.377 	        0.000 	   0.09857 	   0.00000 	    0.087492 	    -1.#IND00 	    -1.#IND00 
4000 	 5 	       83.483 	        0.000 	   0.10617 	   0.00000 	    0.083527 	    -1.#IND00 	    -1.#IND00 
4100 	 5 	       83.570 	        0.000 	   0.10715 	   0.00000 	    0.083177 	    -1.#IND00 	    -1.#IND00 
4200 	 5 	       83.527 	        0.000 	   0.10833 	   0.00000 	    0.083034 	    -1.#IND00 	    -1.#IND00 
4300 	 5 	       83.504 	        0.000 	   0.10901 	   0.00000 	    0.082946 	    -1.#IND00 	    -1.#IND00 
4400 	 5 	       83.486 	        0.000 	   0.10948 	   0.00000 	    0.082885 	    -1.#IND00 	    -1.#IND00 
4500 	 5 	       83.467 	        0.000 	   0.10983 	   0.00000 	    0.082840 	    -1.#IND00 	    -1.#IND00 
4600 	 5 	       83.445 	        0.000 	   0.11013 	   0.00000 	    0.082805 	    -1.#IND00 	    -1.#IND00 
4700 	 5 	       83.421 	        0.000 	   0.11039 	   0.00000 	    0.082776 	    -1.#IND00 	    -1.#IND00 
4800 	 5 	       83.395 	        0.000 	   0.11063 	   0.00000 	    0.082750 	    -1.#IND00 	    -1.#IND00 
4900 	 5 	       83.369 	        0.000 	   0.11086 	   0.00000 	    0.082727 	    -1.#IND00 	    -1.#IND00 
5000 	 5 	       85.854 	        0.000 	   0.11855 	   0.00000 	    0.078758 	    -1.#IND00 	    -1.#IND00 
5100 	 5 	       85.765 	        0.000 	   0.11965 	   0.00000 	    0.078542 	    -1.#IND00 	    -1.#IND00 
5200 	 5 	       85.748 	        0.000 	   0.12030 	   0.00000 	    0.078463 	    -1.#IND00 	    -1.#IND00 
5300 	 5 	       85.742 	        0.000 	   0.12063 	   0.00000 	    0.078421 	    -1.#IND00 	    -1.#IND00 
5400 	 5 	       85.736 	        0.000 	   0.12084 	   0.00000 	    0.078394 	    -1.#IND00 	    -1.#IND00 
5500 	 5 	       85.729 	        0.000 	   0.12102 	   0.00000 	    0.078371 	    -1.#IND00 	    -1.#IND00 
5600 	 5 	       85.721 	        0.000 	   0.12120 	   0.00000 	    0.078349 	    -1.#IND00 	    -1.#IND00 
5700 	 5 	       85.711 	        0.000 	   0.12138 	   0.00000 	    0.078327 	    -1.#IND00 	    -1.#IND00 
5800 	 5 	       85.700 	        0.000 	   0.12157 	   0.00000 	    0.078303 	    -1.#IND00 	    -1.#IND00 
5900 	 5 	       85.688 	        0.000 	   0.12177 	   0.00000 	    0.078279 	    -1.#IND00 	    -1.#IND00 
6000 	 5 	       88.514 	        0.000 	   0.12918 	   0.00000 	    0.074567 	    -1.#IND00 	    -1.#IND00 
6100 	 5 	       88.330 	        0.000 	   0.13087 	   0.00000 	    0.074366 	    -1.#IND00 	    -1.#IND00 
6200 	 5 	       88.328 	        0.000 	   0.13144 	   0.00000 	    0.074291 	    -1.#IND00 	    -1.#IND00 
6300 	 5 	       88.322 	        0.000 	   0.13183 	   0.00000 	    0.074245 	    -1.#IND00 	    -1.#IND00 
6400 	 5 	       88.288 	        0.000 	   0.13234 	   0.00000 	    0.074201 	    -1.#IND00 	    -1.#IND00 
6500 	 5 	       88.135 	        0.000 	   0.13372 	   0.00000 	    0.074115 	    -1.#IND00 	    -1.#IND00 
6600 	 5 	       87.318 	        0.000 	   0.13962 	   0.00000 	    0.073839 	    -1.#IND00 	    -1.#IND00 
6700 	 5 	       86.868 	        0.000 	   0.14291 	   0.00000 	    0.073661 	    -1.#IND00 	    -1.#IND00 
6800 	 5 	       86.721 	        0.000 	   0.14413 	   0.00000 	    0.073574 	    -1.#IND00 	    -1.#IND00 
6900 	 5 	       86.627 	        0.000 	   0.14488 	   0.00000 	    0.073523 	    -1.#IND00 	    -1.#IND00 
7000 	 5 	       89.557 	        0.000 	   0.15238 	   0.00000 	    0.070183 	    -1.#IND00 	    -1.#IND00 
7100 	 5 	       88.359 	        0.000 	   0.16126 	   0.00000 	    0.069637 	    -1.#IND00 	    -1.#IND00 
7200 	 5 	       87.999 	        0.000 	   0.16437 	   0.00000 	    0.069455 	    -1.#IND00 	    -1.#IND00 
7300 	 5 	       87.740 	        0.000 	   0.16631 	   0.00000 	    0.069369 	    -1.#IND00 	    -1.#IND00 
7400 	 5 	       87.545 	        0.000 	   0.16754 	   0.00000 	    0.069332 	    -1.#IND00 	    -1.#IND00 
7500 	 5 	       87.391 	        0.000 	   0.16840 	   0.00000 	    0.069316 	    -1.#IND00 	    -1.#IND00 
7600 	 5 	       87.263 	        0.000 	   0.16907 	   0.00000 	    0.069307 	    -1.#IND00 	    -1.#IND00 
7700 	 5 	       87.146 	        0.000 	   0.16965 	   0.00000 	    0.069298 	    -1.#IND00 	    -1.#IND00 
7800 	 5 	       87.040 	        0.000 	   0.17016 	   0.00000 	    0.069287 	    -1.#IND00 	    -1.#IND00 
7900 	 5 	       86.946 	        0.000 	   0.17062 	   0.00000 	    0.069270 	    -1.#IND00 	    -1.#IND00 
8000 	 5 	       89.601 	        0.000 	   0.17811 	   0.00000 	    0.066411 	    -1.#IND00 	    -1.#IND00 
8100 	 5 	       86.289 	        0.000 	   0.20091 	   0.00000 	    0.065445 	    -1.#IND00 	    -1.#IND00 
8200 	 5 	       80.753 	        0.000 	   0.21512 	   0.00000 	    0.067716 	    -1.#IND00 	    -1.#IND00 
8300 	 5 	       73.391 	        0.000 	   0.19573 	   0.00000 	    0.079876 	    -1.#IND00 	    -1.#IND00 
8400 	 5 	       72.430 	        0.000 	   0.19095 	   0.00000 	    0.082513 	    -1.#IND00 	    -1.#IND00 
8500 	 5 	       72.280 	        0.000 	   0.19268 	   0.00000 	    0.082477 	    -1.#IND00 	    -1.#IND00 
8600 	 5 	       72.296 	        0.000 	   0.19455 	   0.00000 	    0.082100 	    -1.#IND00 	    -1.#IND00 
8700 	 5 	       72.341 	        0.000 	   0.19607 	   0.00000 	    0.081737 	    -1.#IND00 	    -1.#IND00 
8800 	 5 	       72.379 	        0.000 	   0.19723 	   0.00000 	    0.081452 	    -1.#IND00 	    -1.#IND00 
8900 	 5 	       72.406 	        0.000 	   0.19809 	   0.00000 	    0.081240 	    -1.#IND00 	    -1.#IND00 
9000 	 5 	       73.130 	        0.000 	   0.20633 	   0.00000 	    0.078771 	    -1.#IND00 	    -1.#IND00 
9100 	 5 	       72.238 	        0.000 	   0.20576 	   0.00000 	    0.080213 	    -1.#IND00 	    -1.#IND00 
9200 	 5 	       72.180 	        0.000 	   0.20534 	   0.00000 	    0.080406 	    -1.#IND00 	    -1.#IND00 
9300 	 5 	       72.162 	        0.000 	   0.20535 	   0.00000 	    0.080443 	    -1.#IND00 	    -1.#IND00 
9400 	 5 	       72.153 	        0.000 	   0.20543 	   0.00000 	    0.080450 	    -1.#IND00 	    -1.#IND00 
9500 	 5 	       72.147 	        0.000 	   0.20552 	   0.00000 	    0.080448 	    -1.#IND00 	    -1.#IND00 
9600 	 5 	       72.143 	        0.000 	   0.20562 	   0.00000 	    0.080441 	    -1.#IND00 	    -1.#IND00 
9700 	 5 	       72.140 	        0.000 	   0.20571 	   0.00000 	    0.080433 	    -1.#IND00 	    -1.#IND00 
9800 	 5 	       72.138 	        0.000 	   0.20580 	   0.00000 	    0.080425 	    -1.#IND00 	    -1.#IND00 
9900 	 5 	       72.135 	        0.000 	   0.20588 	   0.00000 	    0.080417 	    -1.#IND00 	    -1.#IND00 
10000 	 5 	       72.813 	        0.000 	   0.21353 	   0.00000 	    0.078182 	    -1.#IND00 	    -1.#IND00 
10100 	 5 	       72.043 	        0.000 	   0.21200 	   0.00000 	    0.079596 	    -1.#IND00 	    -1.#IND00 
10200 	 5 	       71.989 	        0.000 	   0.21131 	   0.00000 	    0.079830 	    -1.#IND00 	    -1.#IND00 
10300 	 5 	       71.969 	        0.000 	   0.21108 	   0.00000 	    0.079916 	    -1.#IND00 	    -1.#IND00 
10400 	 5 	       71.958 	        0.000 	   0.21095 	   0.00000 	    0.079964 	    -1.#IND00 	    -1.#IND00 
10500 	 5 	       71.950 	        0.000 	   0.21089 	   0.00000 	    0.079994 	    -1.#IND00 	    -1.#IND00 
10600 	 5 	       71.945 	        0.000 	   0.21086 	   0.00000 	    0.080013 	    -1.#IND00 	    -1.#IND00 
10700 	 5 	       71.941 	        0.000 	   0.21086 	   0.00000 	    0.080025 	    -1.#IND00 	    -1.#IND00 
10800 	 5 	       71.937 	        0.000 	   0.21087 	   0.00000 	    0.080033 	    -1.#IND00 	    -1.#IND00 
10900 	 5 	       71.935 	        0.000 	   0.21089 	   0.00000 	    0.080038 	    -1.#IND00 	    -1.#IND00 
11000 	 5 	       72.569 	        0.000 	   0.21831 	   0.00000 	    0.077924 	    -1.#IND00 	    -1.#IND00 
11100 	 5 	       71.913 	        0.000 	   0.21650 	   0.00000 	    0.079206 	    -1.#IND00 	    -1.#IND00 
11200 	 5 	       71.868 	        0.000 	   0.21580 	   0.00000 	    0.079422 	    -1.#IND00 	    -1.#IND00 
11300 	 5 	       71.850 	        0.000 	   0.21554 	   0.00000 	    0.079507 	    -1.#IND00 	    -1.#IND00 
11400 	 5 	       71.839 	        0.000 	   0.21539 	   0.00000 	    0.079557 	    -1.#IND00 	    -1.#IND00 
11500 	 5 	       71.832 	        0.000 	   0.21530 	   0.00000 	    0.079590 	    -1.#IND00 	    -1.#IND00 
11600 	 5 	       71.827 	        0.000 	   0.21525 	   0.00000 	    0.079613 	    -1.#IND00 	    -1.#IND00 
11700 	 5 	       71.822 	        0.000 	   0.21522 	   0.00000 	    0.079628 	    -1.#IND00 	    -1.#IND00 
11800 	 5 	       71.819 	        0.000 	   0.21521 	   0.00000 	    0.079640 	    -1.#IND00 	    -1.#IND00 
11900 	 5 	       71.816 	        0.000 	   0.21521 	   0.00000 	    0.079648 	    -1.#IND00 	    -1.#IND00 
12000 	 5 	       72.416 	        0.000 	   0.22238 	   0.00000 	    0.077650 	    -1.#IND00 	    -1.#IND00 
12100 	 5 	       71.841 	        0.000 	   0.22047 	   0.00000 	    0.078813 	    -1.#IND00 	    -1.#IND00 
12200 	 5 	       71.801 	        0.000 	   0.21978 	   0.00000 	    0.079014 	    -1.#IND00 	    -1.#IND00 
12300 	 5 	       71.784 	        0.000 	   0.21952 	   0.00000 	    0.079095 	    -1.#IND00 	    -1.#IND00 
12400 	 5 	       71.774 	        0.000 	   0.21936 	   0.00000 	    0.079144 	    -1.#IND00 	    -1.#IND00 
12500 	 5 	       71.767 	        0.000 	   0.21926 	   0.00000 	    0.079178 	    -1.#IND00 	    -1.#IND00 
12600 	 5 	       71.762 	        0.000 	   0.21919 	   0.00000 	    0.079202 	    -1.#IND00 	    -1.#IND00 
12700 	 5 	       71.757 	        0.000 	   0.21915 	   0.00000 	    0.079219 	    -1.#IND00 	    -1.#IND00 
12800 	 5 	       71.754 	        0.000 	   0.21913 	   0.00000 	    0.079231 	    -1.#IND00 	    -1.#IND00 
12900 	 5 	       71.751 	        0.000 	   0.21912 	   0.00000 	    0.079239 	    -1.#IND00 	    -1.#IND00 
13000 	 5 	       72.320 	        0.000 	   0.22602 	   0.00000 	    0.077349 	    -1.#IND00 	    -1.#IND00 
13100 	 5 	       71.811 	        0.000 	   0.22410 	   0.00000 	    0.078405 	    -1.#IND00 	    -1.#IND00 
13200 	 5 	       71.775 	        0.000 	   0.22343 	   0.00000 	    0.078593 	    -1.#IND00 	    -1.#IND00 
13300 	 5 	       71.760 	        0.000 	   0.22318 	   0.00000 	    0.078666 	    -1.#IND00 	    -1.#IND00 
13400 	 5 	       71.751 	        0.000 	   0.22303 	   0.00000 	    0.078711 	    -1.#IND00 	    -1.#IND00 
13500 	 5 	       71.745 	        0.000 	   0.22294 	   0.00000 	    0.078740 	    -1.#IND00 	    -1.#IND00 
13600 	 5 	       71.741 	        0.000 	   0.22288 	   0.00000 	    0.078759 	    -1.#IND00 	    -1.#IND00 
13700 	 5 	       71.738 	        0.000 	   0.22285 	   0.00000 	    0.078772 	    -1.#IND00 	    -1.#IND00 
13800 	 5 	       71.735 	        0.000 	   0.22285 	   0.00000 	    0.078779 	    -1.#IND00 	    -1.#IND00 
13900 	 5 	       71.734 	        0.000 	   0.22285 	   0.00000 	    0.078782 	    -1.#IND00 	    -1.#IND00 
14000 	 5 	       72.278 	        0.000 	   0.22948 	   0.00000 	    0.076987 	    -1.#IND00 	    -1.#IND00 
14100 	 5 	       71.818 	        0.000 	   0.22764 	   0.00000 	    0.077944 	    -1.#IND00 	    -1.#IND00 
14200 	 5 	       71.786 	        0.000 	   0.22699 	   0.00000 	    0.078121 	    -1.#IND00 	    -1.#IND00 
14300 	 5 	       71.773 	        0.000 	   0.22675 	   0.00000 	    0.078186 	    -1.#IND00 	    -1.#IND00 
14400 	 5 	       71.765 	        0.000 	   0.22662 	   0.00000 	    0.078223 	    -1.#IND00 	    -1.#IND00 
14500 	 5 	       71.761 	        0.000 	   0.22654 	   0.00000 	    0.078246 	    -1.#IND00 	    -1.#IND00 
14600 	 5 	       71.758 	        0.000 	   0.22650 	   0.00000 	    0.078260 	    -1.#IND00 	    -1.#IND00 
14700 	 5 	       71.756 	        0.000 	   0.22648 	   0.00000 	    0.078268 	    -1.#IND00 	    -1.#IND00 
14800 	 5 	       71.755 	        0.000 	   0.22648 	   0.00000 	    0.078271 	    -1.#IND00 	    -1.#IND00 
14900 	 5 	       71.754 	        0.000 	   0.22649 	   0.00000 	    0.078271 	    -1.#IND00 	    -1.#IND00 
15000 	 5 	       72.277 	        0.000 	   0.23285 	   0.00000 	    0.076566 	    -1.#IND00 	    -1.#IND00 
15100 	 5 	       71.856 	        0.000 	   0.23111 	   0.00000 	    0.077435 	    -1.#IND00 	    -1.#IND00 
15200 	 5 	       71.825 	        0.000 	   0.23045 	   0.00000 	    0.077608 	    -1.#IND00 	    -1.#IND00 
15300 	 5 	       71.813 	        0.000 	   0.23022 	   0.00000 	    0.077668 	    -1.#IND00 	    -1.#IND00 
15400 	 5 	       71.806 	        0.000 	   0.23009 	   0.00000 	    0.077703 	    -1.#IND00 	    -1.#IND00 
15500 	 5 	       71.802 	        0.000 	   0.23002 	   0.00000 	    0.077724 	    -1.#IND00 	    -1.#IND00 
15600 	 5 	       71.799 	        0.000 	   0.22997 	   0.00000 	    0.077737 	    -1.#IND00 	    -1.#IND00 
15700 	 5 	       71.798 	        0.000 	   0.22995 	   0.00000 	    0.077744 	    -1.#IND00 	    -1.#IND00 
15800 	 5 	       71.797 	        0.000 	   0.22994 	   0.00000 	    0.077748 	    -1.#IND00 	    -1.#IND00 
15900 	 5 	       71.796 	        0.000 	   0.22995 	   0.00000 	    0.077748 	    -1.#IND00 	    -1.#IND00 
16000 	 5 	       72.301 	        0.000 	   0.23603 	   0.00000 	    0.076127 	    -1.#IND00 	    -1.#IND00 
16100 	 5 	       71.912 	        0.000 	   0.23441 	   0.00000 	    0.076919 	    -1.#IND00 	    -1.#IND00 
16200 	 5 	       71.881 	        0.000 	   0.23373 	   0.00000 	    0.077093 	    -1.#IND00 	    -1.#IND00 
16300 	 5 	       71.869 	        0.000 	   0.23350 	   0.00000 	    0.077152 	    -1.#IND00 	    -1.#IND00 
16400 	 5 	       71.862 	        0.000 	   0.23337 	   0.00000 	    0.077186 	    -1.#IND00 	    -1.#IND00 
16500 	 5 	       71.858 	        0.000 	   0.23329 	   0.00000 	    0.077207 	    -1.#IND00 	    -1.#IND00 
16600 	 5 	       71.855 	        0.000 	   0.23324 	   0.00000 	    0.077220 	    -1.#IND00 	    -1.#IND00 
16700 	 5 	       71.854 	        0.000 	   0.23321 	   0.00000 	    0.077228 	    -1.#IND00 	    -1.#IND00 
16800 	 5 	       71.853 	        0.000 	   0.23319 	   0.00000 	    0.077233 	    -1.#IND00 	    -1.#IND00 
16900 	 5 	       71.852 	        0.000 	   0.23319 	   0.00000 	    0.077234 	    -1.#IND00 	    -1.#IND00 
17000 	 5 	       72.341 	        0.000 	   0.23901 	   0.00000 	    0.075693 	    -1.#IND00 	    -1.#IND00 
17100 	 5 	       71.980 	        0.000 	   0.23752 	   0.00000 	    0.076414 	    -1.#IND00 	    -1.#IND00 
17200 	 5 	       71.948 	        0.000 	   0.23682 	   0.00000 	    0.076590 	    -1.#IND00 	    -1.#IND00 
17300 	 5 	       71.936 	        0.000 	   0.23658 	   0.00000 	    0.076649 	    -1.#IND00 	    -1.#IND00 
17400 	 5 	       71.929 	        0.000 	   0.23645 	   0.00000 	    0.076683 	    -1.#IND00 	    -1.#IND00 
17500 	 5 	       71.925 	        0.000 	   0.23636 	   0.00000 	    0.076704 	    -1.#IND00 	    -1.#IND00 
17600 	 5 	       71.922 	        0.000 	   0.23630 	   0.00000 	    0.076719 	    -1.#IND00 	    -1.#IND00 
17700 	 5 	       71.920 	        0.000 	   0.23627 	   0.00000 	    0.076727 	    -1.#IND00 	    -1.#IND00 
17800 	 5 	       71.919 	        0.000 	   0.23625 	   0.00000 	    0.076733 	    -1.#IND00 	    -1.#IND00 
17900 	 5 	       71.918 	        0.000 	   0.23624 	   0.00000 	    0.076735 	    -1.#IND00 	    -1.#IND00 
18000 	 5 	       72.393 	        0.000 	   0.24180 	   0.00000 	    0.075268 	    -1.#IND00 	    -1.#IND00 
18100 	 5 	       72.056 	        0.000 	   0.24045 	   0.00000 	    0.075923 	    -1.#IND00 	    -1.#IND00 
18200 	 5 	       72.024 	        0.000 	   0.23973 	   0.00000 	    0.076102 	    -1.#IND00 	    -1.#IND00 
18300 	 5 	       72.011 	        0.000 	   0.23949 	   0.00000 	    0.076162 	    -1.#IND00 	    -1.#IND00 
18400 	 5 	       72.004 	        0.000 	   0.23935 	   0.00000 	    0.076196 	    -1.#IND00 	    -1.#IND00 
18500 	 5 	       72.000 	        0.000 	   0.23926 	   0.00000 	    0.076218 	    -1.#IND00 	    -1.#IND00 
18600 	 5 	       71.997 	        0.000 	   0.23919 	   0.00000 	    0.076233 	    -1.#IND00 	    -1.#IND00 
18700 	 5 	       71.995 	        0.000 	   0.23915 	   0.00000 	    0.076242 	    -1.#IND00 	    -1.#IND00 
18800 	 5 	       71.994 	        0.000 	   0.23913 	   0.00000 	    0.076249 	    -1.#IND00 	    -1.#IND00 
18900 	 5 	       71.993 	        0.000 	   0.23911 	   0.00000 	    0.076252 	    -1.#IND00 	    -1.#IND00 
19000 	 5 	       72.453 	        0.000 	   0.24443 	   0.00000 	    0.074853 	    -1.#IND00 	    -1.#IND00 
19100 	 5 	       72.137 	        0.000 	   0.24323 	   0.00000 	    0.075446 	    -1.#IND00 	    -1.#IND00 
19200 	 5 	       72.103 	        0.000 	   0.24248 	   0.00000 	    0.075629 	    -1.#IND00 	    -1.#IND00 
19300 	 5 	       72.091 	        0.000 	   0.24223 	   0.00000 	    0.075690 	    -1.#IND00 	    -1.#IND00 
19400 	 5 	       72.084 	        0.000 	   0.24209 	   0.00000 	    0.075725 	    -1.#IND00 	    -1.#IND00 
19500 	 5 	       72.079 	        0.000 	   0.24199 	   0.00000 	    0.075747 	    -1.#IND00 	    -1.#IND00 
19600 	 5 	       72.076 	        0.000 	   0.24193 	   0.00000 	    0.075763 	    -1.#IND00 	    -1.#IND00 
19700 	 5 	       72.074 	        0.000 	   0.24188 	   0.00000 	    0.075773 	    -1.#IND00 	    -1.#IND00 
19800 	 5 	       72.072 	        0.000 	   0.24185 	   0.00000 	    0.075780 	    -1.#IND00 	    -1.#IND00 
19900 	 5 	       72.071 	        0.000 	   0.24183 	   0.00000 	    0.075785 	    -1.#IND00 	    -1.#IND00 
20000 	 5 	       72.519 	        0.000 	   0.24691 	   0.00000 	    0.074448 	    -1.#IND00 	    -1.#IND00 
