   13     12     50      1  2019    977 
    0.700      0.400   20000  100      0.000      0.000    100     16 
    0.990 	     0.010 
   2 
    9.3787e-002   0.0000e+000  
  1.0000e+000   0.0000e+000  
  1.0000e+000   0.0000e+000  
  1.0000e+000   0.0000e+000  
  1.0000e+000   0.0000e+000  
  1.9875e+000   0.0000e+000  
  5.7000e+001  -8.0000e+000  
  4.4754e+000   0.0000e+000  
  1.8824e+002   1.7540e+002  
  1.0000e+000   0.0000e+000  
  1.0000e+000   0.0000e+000  
  1.0000e+000   0.0000e+000  
  1.0000e+000   0.0000e+000  
   4.6250e+001   0.0000e+000  
  itr    nh   avger[]   r2avg    mare[] 
100  16 6.024e+001   6.250e-001  7.618e+000 1.202e+001 
100  16 7.096e+001   5.343e-001  1.000e+003 7.286e+000 
   1  6.2502e-001   1.2021e+001   2.5714e+004   6.0240e-001 
  1.0318e+000   6.0005e-001 
   1  5.3433e-001   7.2860e+000   1.5585e+004   7.0960e-001 
  1.1799e+000   5.3892e-001 
