 Normalized SSE per output and pattern 
Itr 	 HN 	 MARE-tr 	 MARE-ts 	 R2tr 	 R2ts 	 SSENtr 	 SSENts	 SSENcomb
100 	 12 	       60.241 	       60.654 	   0.39164 	   0.42135 	    0.012728 	     0.012555 	     0.025283 
200 	 12 	       59.824 	       60.829 	   0.42654 	   0.46490 	    0.011947 	     0.011651 	     0.023598 
300 	 12 	       60.101 	       61.498 	   0.46672 	   0.50170 	    0.010815 	     0.010535 	     0.021349 
400 	 12 	       60.856 	       62.497 	   0.50441 	   0.53082 	    0.009523 	     0.009315 	     0.018839 
500 	 12 	       62.197 	       64.482 	   0.53828 	   0.55556 	    0.008105 	     0.008011 	     0.016117 
600 	 12 	       66.154 	       68.720 	   0.55593 	   0.56567 	    0.007182 	     0.007207 	     0.014389 
700 	 12 	       69.753 	       72.327 	   0.56115 	   0.56637 	    0.006840 	     0.006942 	     0.013781 
800 	 12 	       71.473 	       73.913 	   0.56312 	   0.56562 	    0.006721 	     0.006865 	     0.013586 
900 	 12 	       71.977 	       74.485 	   0.56534 	   0.56523 	    0.006648 	     0.006831 	     0.013479 
1000 	 12 	       75.593 	       78.865 	   0.56767 	   0.56283 	    0.006489 	     0.006784 	     0.013273 
1100 	 12 	       73.925 	       77.461 	   0.57181 	   0.56214 	    0.006443 	     0.006804 	     0.013247 
1200 	 12 	       73.650 	       77.253 	   0.57371 	   0.56214 	    0.006415 	     0.006805 	     0.013220 
1300 	 12 	       73.436 	       77.117 	   0.57540 	   0.56203 	    0.006391 	     0.006807 	     0.013197 
1400 	 12 	       73.215 	       76.983 	   0.57693 	   0.56157 	    0.006370 	     0.006816 	     0.013185 
1500 	 12 	       72.998 	       76.883 	   0.57827 	   0.56076 	    0.006353 	     0.006830 	     0.013183 
1600 	 12 	       72.815 	       76.799 	   0.57944 	   0.55973 	    0.006338 	     0.006848 	     0.013186 
1700 	 12 	       72.671 	       76.717 	   0.58045 	   0.55859 	    0.006326 	     0.006868 	     0.013193 
1800 	 12 	       72.552 	       76.650 	   0.58134 	   0.55741 	    0.006314 	     0.006888 	     0.013202 
1900 	 12 	       72.446 	       76.614 	   0.58214 	   0.55625 	    0.006304 	     0.006908 	     0.013211 
2000 	 12 	       74.627 	       79.211 	   0.58321 	   0.55472 	    0.006239 	     0.006910 	     0.013149 
2100 	 12 	       74.011 	       78.593 	   0.58457 	   0.55386 	    0.006233 	     0.006926 	     0.013159 
2200 	 12 	       73.919 	       78.514 	   0.58521 	   0.55312 	    0.006225 	     0.006939 	     0.013164 
2300 	 12 	       73.846 	       78.461 	   0.58574 	   0.55250 	    0.006218 	     0.006949 	     0.013167 
2400 	 12 	       73.783 	       78.420 	   0.58624 	   0.55196 	    0.006210 	     0.006958 	     0.013169 
2500 	 12 	       73.732 	       78.395 	   0.58672 	   0.55148 	    0.006203 	     0.006967 	     0.013170 
2600 	 12 	       73.694 	       78.379 	   0.58720 	   0.55105 	    0.006196 	     0.006974 	     0.013170 
2700 	 12 	       73.663 	       78.367 	   0.58766 	   0.55066 	    0.006189 	     0.006980 	     0.013169 
2800 	 12 	       73.638 	       78.362 	   0.58813 	   0.55031 	    0.006181 	     0.006986 	     0.013167 
2900 	 12 	       73.615 	       78.396 	   0.58860 	   0.54999 	    0.006173 	     0.006991 	     0.013165 
3000 	 12 	       75.020 	       80.080 	   0.58928 	   0.54958 	    0.006137 	     0.006989 	     0.013126 
3100 	 12 	       74.785 	       79.848 	   0.59008 	   0.54968 	    0.006131 	     0.006986 	     0.013117 
3200 	 12 	       74.764 	       79.848 	   0.59050 	   0.54954 	    0.006125 	     0.006988 	     0.013112 
3300 	 12 	       74.745 	       79.862 	   0.59090 	   0.54945 	    0.006118 	     0.006989 	     0.013107 
3400 	 12 	       74.721 	       79.870 	   0.59130 	   0.54938 	    0.006112 	     0.006990 	     0.013102 
3500 	 12 	       74.694 	       79.878 	   0.59170 	   0.54933 	    0.006106 	     0.006991 	     0.013096 
3600 	 12 	       74.664 	       79.891 	   0.59210 	   0.54929 	    0.006099 	     0.006991 	     0.013090 
3700 	 12 	       74.640 	       79.910 	   0.59252 	   0.54928 	    0.006092 	     0.006991 	     0.013083 
3800 	 12 	       74.618 	       79.927 	   0.59295 	   0.54930 	    0.006086 	     0.006990 	     0.013076 
3900 	 12 	       74.593 	       79.938 	   0.59340 	   0.54936 	    0.006079 	     0.006989 	     0.013068 
4000 	 12 	       75.568 	       81.059 	   0.59400 	   0.54947 	    0.006054 	     0.006983 	     0.013037 
4100 	 12 	       75.462 	       80.956 	   0.59468 	   0.55005 	    0.006047 	     0.006971 	     0.013019 
4200 	 12 	       75.430 	       80.919 	   0.59511 	   0.55030 	    0.006041 	     0.006967 	     0.013008 
4300 	 12 	       75.400 	       80.879 	   0.59551 	   0.55059 	    0.006036 	     0.006962 	     0.012997 
4400 	 12 	       75.367 	       80.833 	   0.59589 	   0.55087 	    0.006030 	     0.006957 	     0.012987 
4500 	 12 	       75.333 	       80.786 	   0.59624 	   0.55112 	    0.006026 	     0.006952 	     0.012978 
4600 	 12 	       75.294 	       80.740 	   0.59658 	   0.55133 	    0.006021 	     0.006948 	     0.012970 
4700 	 12 	       75.256 	       80.695 	   0.59689 	   0.55150 	    0.006017 	     0.006945 	     0.012962 
4800 	 12 	       75.219 	       80.650 	   0.59719 	   0.55164 	    0.006013 	     0.006943 	     0.012956 
4900 	 12 	       75.184 	       80.612 	   0.59748 	   0.55176 	    0.006009 	     0.006941 	     0.012950 
5000 	 12 	       75.939 	       81.449 	   0.59784 	   0.55187 	    0.005992 	     0.006936 	     0.012928 
5100 	 12 	       75.895 	       81.403 	   0.59823 	   0.55226 	    0.005989 	     0.006928 	     0.012917 
5200 	 12 	       75.867 	       81.371 	   0.59847 	   0.55234 	    0.005986 	     0.006927 	     0.012913 
5300 	 12 	       75.846 	       81.345 	   0.59869 	   0.55243 	    0.005983 	     0.006925 	     0.012908 
5400 	 12 	       75.824 	       81.321 	   0.59890 	   0.55251 	    0.005980 	     0.006924 	     0.012904 
5500 	 12 	       75.804 	       81.295 	   0.59910 	   0.55258 	    0.005978 	     0.006922 	     0.012900 
5600 	 12 	       75.783 	       81.270 	   0.59930 	   0.55265 	    0.005975 	     0.006921 	     0.012896 
5700 	 12 	       75.760 	       81.244 	   0.59949 	   0.55271 	    0.005972 	     0.006920 	     0.012893 
5800 	 12 	       75.738 	       81.217 	   0.59967 	   0.55277 	    0.005970 	     0.006919 	     0.012889 
5900 	 12 	       75.714 	       81.191 	   0.59986 	   0.55282 	    0.005968 	     0.006918 	     0.012886 
6000 	 12 	       76.346 	       81.890 	   0.60010 	   0.55288 	    0.005955 	     0.006915 	     0.012870 
6100 	 12 	       76.326 	       81.871 	   0.60036 	   0.55316 	    0.005952 	     0.006910 	     0.012862 
6200 	 12 	       76.302 	       81.841 	   0.60052 	   0.55321 	    0.005950 	     0.006909 	     0.012859 
6300 	 12 	       76.283 	       81.816 	   0.60068 	   0.55327 	    0.005948 	     0.006908 	     0.012857 
6400 	 12 	       76.262 	       81.790 	   0.60082 	   0.55331 	    0.005946 	     0.006908 	     0.012854 
6500 	 12 	       76.240 	       81.762 	   0.60097 	   0.55336 	    0.005944 	     0.006907 	     0.012851 
6600 	 12 	       76.216 	       81.735 	   0.60111 	   0.55340 	    0.005943 	     0.006906 	     0.012849 
6700 	 12 	       76.193 	       81.709 	   0.60125 	   0.55344 	    0.005941 	     0.006905 	     0.012846 
6800 	 12 	       76.169 	       81.684 	   0.60139 	   0.55348 	    0.005939 	     0.006905 	     0.012844 
6900 	 12 	       76.144 	       81.657 	   0.60153 	   0.55351 	    0.005937 	     0.006904 	     0.012842 
7000 	 12 	       76.672 	       82.240 	   0.60171 	   0.55355 	    0.005927 	     0.006903 	     0.012829 
7100 	 12 	       76.657 	       82.227 	   0.60190 	   0.55376 	    0.005925 	     0.006899 	     0.012824 
7200 	 12 	       76.631 	       82.198 	   0.60203 	   0.55379 	    0.005923 	     0.006898 	     0.012822 
7300 	 12 	       76.608 	       82.174 	   0.60215 	   0.55383 	    0.005922 	     0.006898 	     0.012820 
7400 	 12 	       76.584 	       82.149 	   0.60226 	   0.55386 	    0.005920 	     0.006897 	     0.012818 
7500 	 12 	       76.560 	       82.123 	   0.60238 	   0.55388 	    0.005919 	     0.006897 	     0.012816 
7600 	 12 	       76.534 	       82.096 	   0.60249 	   0.55391 	    0.005917 	     0.006897 	     0.012814 
7700 	 12 	       76.507 	       82.068 	   0.60261 	   0.55393 	    0.005916 	     0.006896 	     0.012812 
7800 	 12 	       76.478 	       82.040 	   0.60272 	   0.55394 	    0.005915 	     0.006896 	     0.012811 
7900 	 12 	       76.448 	       82.009 	   0.60283 	   0.55396 	    0.005913 	     0.006896 	     0.012809 
8000 	 12 	       76.897 	       82.503 	   0.60298 	   0.55398 	    0.005905 	     0.006895 	     0.012800 
8100 	 12 	       76.881 	       82.489 	   0.60313 	   0.55413 	    0.005903 	     0.006892 	     0.012795 
8200 	 12 	       76.850 	       82.460 	   0.60324 	   0.55415 	    0.005902 	     0.006892 	     0.012794 
8300 	 12 	       76.822 	       82.432 	   0.60334 	   0.55416 	    0.005901 	     0.006892 	     0.012793 
8400 	 12 	       76.793 	       82.405 	   0.60343 	   0.55417 	    0.005899 	     0.006892 	     0.012791 
8500 	 12 	       76.763 	       82.376 	   0.60353 	   0.55418 	    0.005898 	     0.006892 	     0.012790 
8600 	 12 	       76.734 	       82.346 	   0.60363 	   0.55419 	    0.005897 	     0.006892 	     0.012789 
8700 	 12 	       76.703 	       82.315 	   0.60372 	   0.55419 	    0.005896 	     0.006892 	     0.012788 
8800 	 12 	       76.670 	       82.284 	   0.60382 	   0.55419 	    0.005895 	     0.006892 	     0.012787 
8900 	 12 	       76.637 	       82.254 	   0.60391 	   0.55419 	    0.005894 	     0.006892 	     0.012785 
9000 	 12 	       77.020 	       82.688 	   0.60404 	   0.55420 	    0.005887 	     0.006891 	     0.012778 
9100 	 12 	       77.001 	       82.675 	   0.60417 	   0.55431 	    0.005885 	     0.006889 	     0.012775 
9200 	 12 	       76.968 	       82.646 	   0.60426 	   0.55431 	    0.005884 	     0.006889 	     0.012773 
9300 	 12 	       76.938 	       82.619 	   0.60434 	   0.55431 	    0.005883 	     0.006889 	     0.012772 
9400 	 12 	       76.906 	       82.594 	   0.60443 	   0.55431 	    0.005882 	     0.006889 	     0.012772 
9500 	 12 	       76.875 	       82.568 	   0.60451 	   0.55431 	    0.005881 	     0.006889 	     0.012771 
9600 	 12 	       76.843 	       82.542 	   0.60460 	   0.55431 	    0.005880 	     0.006889 	     0.012770 
9700 	 12 	       76.811 	       82.515 	   0.60468 	   0.55431 	    0.005879 	     0.006890 	     0.012769 
9800 	 12 	       76.779 	       82.487 	   0.60476 	   0.55431 	    0.005878 	     0.006890 	     0.012768 
9900 	 12 	       76.747 	       82.458 	   0.60485 	   0.55430 	    0.005877 	     0.006890 	     0.012767 
10000 	 12 	       77.083 	       82.842 	   0.60496 	   0.55431 	    0.005871 	     0.006890 	     0.012761 
10100 	 12 	       77.066 	       82.829 	   0.60507 	   0.55440 	    0.005870 	     0.006888 	     0.012758 
10200 	 12 	       77.035 	       82.802 	   0.60515 	   0.55440 	    0.005869 	     0.006888 	     0.012757 
10300 	 12 	       77.006 	       82.777 	   0.60523 	   0.55440 	    0.005868 	     0.006888 	     0.012756 
10400 	 12 	       76.977 	       82.751 	   0.60530 	   0.55440 	    0.005867 	     0.006888 	     0.012755 
10500 	 12 	       76.948 	       82.725 	   0.60538 	   0.55440 	    0.005866 	     0.006888 	     0.012754 
10600 	 12 	       76.918 	       82.699 	   0.60546 	   0.55440 	    0.005865 	     0.006888 	     0.012753 
10700 	 12 	       76.889 	       82.672 	   0.60553 	   0.55440 	    0.005864 	     0.006888 	     0.012753 
10800 	 12 	       76.860 	       82.645 	   0.60561 	   0.55441 	    0.005863 	     0.006888 	     0.012752 
10900 	 12 	       76.831 	       82.618 	   0.60569 	   0.55441 	    0.005863 	     0.006888 	     0.012751 
11000 	 12 	       77.129 	       82.960 	   0.60579 	   0.55441 	    0.005857 	     0.006888 	     0.012745 
11100 	 12 	       77.114 	       82.948 	   0.60589 	   0.55450 	    0.005856 	     0.006887 	     0.012743 
11200 	 12 	       77.086 	       82.924 	   0.60596 	   0.55450 	    0.005855 	     0.006887 	     0.012742 
11300 	 12 	       77.062 	       82.901 	   0.60603 	   0.55450 	    0.005854 	     0.006887 	     0.012741 
11400 	 12 	       77.038 	       82.878 	   0.60610 	   0.55451 	    0.005853 	     0.006887 	     0.012740 
11500 	 12 	       77.013 	       82.855 	   0.60617 	   0.55451 	    0.005852 	     0.006887 	     0.012739 
11600 	 12 	       76.990 	       82.833 	   0.60625 	   0.55451 	    0.005851 	     0.006887 	     0.012738 
11700 	 12 	       76.967 	       82.810 	   0.60632 	   0.55451 	    0.005851 	     0.006887 	     0.012737 
11800 	 12 	       76.943 	       82.787 	   0.60639 	   0.55451 	    0.005850 	     0.006887 	     0.012737 
11900 	 12 	       76.921 	       82.765 	   0.60645 	   0.55451 	    0.005849 	     0.006887 	     0.012736 
12000 	 12 	       77.191 	       83.079 	   0.60655 	   0.55451 	    0.005844 	     0.006887 	     0.012731 
12100 	 12 	       77.182 	       83.079 	   0.60664 	   0.55458 	    0.005843 	     0.006886 	     0.012729 
12200 	 12 	       77.159 	       83.066 	   0.60670 	   0.55458 	    0.005842 	     0.006886 	     0.012728 
12300 	 12 	       77.139 	       83.054 	   0.60677 	   0.55457 	    0.005841 	     0.006886 	     0.012728 
12400 	 12 	       77.119 	       83.043 	   0.60683 	   0.55457 	    0.005840 	     0.006886 	     0.012727 
12500 	 12 	       77.099 	       83.031 	   0.60690 	   0.55456 	    0.005840 	     0.006887 	     0.012726 
12600 	 12 	       77.079 	       83.020 	   0.60696 	   0.55455 	    0.005839 	     0.006887 	     0.012726 
12700 	 12 	       77.060 	       83.009 	   0.60702 	   0.55453 	    0.005838 	     0.006887 	     0.012725 
12800 	 12 	       77.040 	       82.998 	   0.60708 	   0.55452 	    0.005837 	     0.006887 	     0.012725 
12900 	 12 	       77.020 	       82.987 	   0.60715 	   0.55450 	    0.005837 	     0.006888 	     0.012724 
13000 	 12 	       77.262 	       83.271 	   0.60723 	   0.55449 	    0.005832 	     0.006888 	     0.012721 
13100 	 12 	       77.255 	       83.274 	   0.60731 	   0.55453 	    0.005831 	     0.006888 	     0.012719 
13200 	 12 	       77.235 	       83.262 	   0.60736 	   0.55451 	    0.005830 	     0.006888 	     0.012719 
13300 	 12 	       77.217 	       83.252 	   0.60742 	   0.55449 	    0.005830 	     0.006888 	     0.012718 
13400 	 12 	       77.199 	       83.242 	   0.60748 	   0.55447 	    0.005829 	     0.006889 	     0.012718 
13500 	 12 	       77.182 	       83.232 	   0.60753 	   0.55444 	    0.005828 	     0.006889 	     0.012718 
13600 	 12 	       77.164 	       83.222 	   0.60758 	   0.55442 	    0.005828 	     0.006890 	     0.012717 
13700 	 12 	       77.146 	       83.212 	   0.60764 	   0.55439 	    0.005827 	     0.006890 	     0.012717 
13800 	 12 	       77.128 	       83.202 	   0.60769 	   0.55437 	    0.005826 	     0.006891 	     0.012717 
13900 	 12 	       77.111 	       83.192 	   0.60774 	   0.55434 	    0.005826 	     0.006891 	     0.012717 
14000 	 12 	       77.330 	       83.448 	   0.60781 	   0.55432 	    0.005822 	     0.006892 	     0.012714 
14100 	 12 	       77.325 	       83.451 	   0.60788 	   0.55434 	    0.005821 	     0.006892 	     0.012713 
14200 	 12 	       77.307 	       83.441 	   0.60793 	   0.55432 	    0.005820 	     0.006892 	     0.012713 
14300 	 12 	       77.290 	       83.431 	   0.60798 	   0.55429 	    0.005820 	     0.006893 	     0.012712 
14400 	 12 	       77.274 	       83.422 	   0.60803 	   0.55427 	    0.005819 	     0.006893 	     0.012712 
14500 	 12 	       77.259 	       83.413 	   0.60807 	   0.55424 	    0.005819 	     0.006894 	     0.012712 
14600 	 12 	       77.243 	       83.404 	   0.60812 	   0.55421 	    0.005818 	     0.006894 	     0.012712 
14700 	 12 	       77.228 	       83.396 	   0.60817 	   0.55419 	    0.005817 	     0.006894 	     0.012712 
14800 	 12 	       77.213 	       83.389 	   0.60821 	   0.55416 	    0.005817 	     0.006895 	     0.012712 
14900 	 12 	       77.198 	       83.382 	   0.60826 	   0.55414 	    0.005816 	     0.006895 	     0.012712 
15000 	 12 	       77.397 	       83.614 	   0.60832 	   0.55411 	    0.005813 	     0.006896 	     0.012709 
15100 	 12 	       77.395 	       83.621 	   0.60838 	   0.55414 	    0.005812 	     0.006896 	     0.012708 
15200 	 12 	       77.380 	       83.613 	   0.60842 	   0.55411 	    0.005811 	     0.006897 	     0.012708 
15300 	 12 	       77.366 	       83.606 	   0.60847 	   0.55409 	    0.005811 	     0.006897 	     0.012708 
15400 	 12 	       77.352 	       83.600 	   0.60851 	   0.55406 	    0.005810 	     0.006897 	     0.012708 
15500 	 12 	       77.339 	       83.595 	   0.60855 	   0.55404 	    0.005810 	     0.006898 	     0.012708 
15600 	 12 	       77.326 	       83.590 	   0.60859 	   0.55402 	    0.005809 	     0.006898 	     0.012708 
15700 	 12 	       77.314 	       83.585 	   0.60863 	   0.55399 	    0.005809 	     0.006899 	     0.012707 
15800 	 12 	       77.301 	       83.579 	   0.60867 	   0.55397 	    0.005808 	     0.006899 	     0.012707 
15900 	 12 	       77.289 	       83.574 	   0.60871 	   0.55395 	    0.005808 	     0.006899 	     0.012707 
16000 	 12 	       77.471 	       83.783 	   0.60877 	   0.55393 	    0.005805 	     0.006900 	     0.012705 
16100 	 12 	       77.471 	       83.791 	   0.60882 	   0.55395 	    0.005804 	     0.006900 	     0.012704 
16200 	 12 	       77.459 	       83.785 	   0.60886 	   0.55393 	    0.005803 	     0.006901 	     0.012704 
16300 	 12 	       77.447 	       83.780 	   0.60890 	   0.55391 	    0.005803 	     0.006901 	     0.012704 
16400 	 12 	       77.437 	       83.775 	   0.60894 	   0.55389 	    0.005802 	     0.006901 	     0.012704 
16500 	 12 	       77.426 	       83.770 	   0.60898 	   0.55387 	    0.005802 	     0.006902 	     0.012704 
16600 	 12 	       77.415 	       83.766 	   0.60902 	   0.55385 	    0.005801 	     0.006902 	     0.012703 
16700 	 12 	       77.405 	       83.762 	   0.60905 	   0.55383 	    0.005801 	     0.006902 	     0.012703 
16800 	 12 	       77.395 	       83.758 	   0.60909 	   0.55381 	    0.005800 	     0.006903 	     0.012703 
16900 	 12 	       77.385 	       83.754 	   0.60913 	   0.55379 	    0.005800 	     0.006903 	     0.012703 
17000 	 12 	       77.551 	       83.945 	   0.60918 	   0.55378 	    0.005797 	     0.006904 	     0.012701 
17100 	 12 	       77.554 	       83.955 	   0.60923 	   0.55380 	    0.005796 	     0.006904 	     0.012700 
17200 	 12 	       77.543 	       83.950 	   0.60926 	   0.55378 	    0.005796 	     0.006904 	     0.012700 
17300 	 12 	       77.533 	       83.946 	   0.60930 	   0.55376 	    0.005795 	     0.006905 	     0.012700 
17400 	 12 	       77.524 	       83.943 	   0.60933 	   0.55375 	    0.005795 	     0.006905 	     0.012700 
17500 	 12 	       77.515 	       83.939 	   0.60937 	   0.55373 	    0.005795 	     0.006905 	     0.012700 
17600 	 12 	       77.507 	       83.936 	   0.60940 	   0.55371 	    0.005794 	     0.006906 	     0.012700 
17700 	 12 	       77.498 	       83.933 	   0.60944 	   0.55370 	    0.005794 	     0.006906 	     0.012699 
17800 	 12 	       77.490 	       83.930 	   0.60947 	   0.55368 	    0.005793 	     0.006906 	     0.012699 
17900 	 12 	       77.482 	       83.927 	   0.60951 	   0.55367 	    0.005793 	     0.006906 	     0.012699 
18000 	 12 	       77.635 	       84.101 	   0.60955 	   0.55366 	    0.005790 	     0.006907 	     0.012698 
18100 	 12 	       77.639 	       84.112 	   0.60960 	   0.55367 	    0.005789 	     0.006907 	     0.012697 
18200 	 12 	       77.630 	       84.108 	   0.60963 	   0.55366 	    0.005789 	     0.006907 	     0.012697 
18300 	 12 	       77.622 	       84.104 	   0.60967 	   0.55364 	    0.005789 	     0.006908 	     0.012696 
18400 	 12 	       77.615 	       84.101 	   0.60970 	   0.55363 	    0.005788 	     0.006908 	     0.012696 
18500 	 12 	       77.607 	       84.099 	   0.60973 	   0.55362 	    0.005788 	     0.006908 	     0.012696 
18600 	 12 	       77.600 	       84.096 	   0.60976 	   0.55360 	    0.005787 	     0.006909 	     0.012696 
18700 	 12 	       77.593 	       84.093 	   0.60980 	   0.55359 	    0.005787 	     0.006909 	     0.012696 
18800 	 12 	       77.587 	       84.090 	   0.60983 	   0.55358 	    0.005786 	     0.006909 	     0.012695 
18900 	 12 	       77.580 	       84.088 	   0.60986 	   0.55357 	    0.005786 	     0.006909 	     0.012695 
19000 	 12 	       77.721 	       84.247 	   0.60990 	   0.55356 	    0.005784 	     0.006910 	     0.012694 
19100 	 12 	       77.728 	       84.259 	   0.60994 	   0.55358 	    0.005783 	     0.006910 	     0.012693 
19200 	 12 	       77.721 	       84.255 	   0.60998 	   0.55357 	    0.005783 	     0.006910 	     0.012693 
19300 	 12 	       77.714 	       84.253 	   0.61001 	   0.55355 	    0.005782 	     0.006910 	     0.012693 
19400 	 12 	       77.708 	       84.250 	   0.61004 	   0.55354 	    0.005782 	     0.006911 	     0.012692 
19500 	 12 	       77.702 	       84.248 	   0.61007 	   0.55353 	    0.005781 	     0.006911 	     0.012692 
19600 	 12 	       77.696 	       84.246 	   0.61010 	   0.55352 	    0.005781 	     0.006911 	     0.012692 
19700 	 12 	       77.690 	       84.244 	   0.61013 	   0.55351 	    0.005780 	     0.006911 	     0.012692 
19800 	 12 	       77.685 	       84.242 	   0.61016 	   0.55350 	    0.005780 	     0.006912 	     0.012692 
19900 	 12 	       77.679 	       84.240 	   0.61019 	   0.55349 	    0.005780 	     0.006912 	     0.012691 
20000 	 12 	       77.810 	       84.388 	   0.61023 	   0.55349 	    0.005778 	     0.006913 	     0.012690 
100 	 13 	       67.884 	       73.824 	   0.59494 	   0.55370 	    0.006167 	     0.006971 	     0.013138 
200 	 13 	       68.337 	       74.375 	   0.59479 	   0.55178 	    0.006144 	     0.006998 	     0.013142 
300 	 13 	       68.638 	       74.678 	   0.59461 	   0.55041 	    0.006134 	     0.007020 	     0.013154 
400 	 13 	       68.846 	       74.872 	   0.59446 	   0.54923 	    0.006128 	     0.007041 	     0.013169 
500 	 13 	       69.010 	       75.020 	   0.59433 	   0.54819 	    0.006124 	     0.007059 	     0.013183 
600 	 13 	       69.153 	       75.168 	   0.59422 	   0.54726 	    0.006121 	     0.007075 	     0.013196 
700 	 13 	       69.275 	       75.316 	   0.59415 	   0.54644 	    0.006118 	     0.007089 	     0.013208 
800 	 13 	       69.383 	       75.465 	   0.59410 	   0.54572 	    0.006116 	     0.007102 	     0.013218 
900 	 13 	       69.468 	       75.598 	   0.59410 	   0.54507 	    0.006113 	     0.007114 	     0.013227 
1000 	 13 	       73.447 	       80.094 	   0.59511 	   0.54202 	    0.006037 	     0.007168 	     0.013205 
1100 	 13 	       70.876 	       77.214 	   0.60377 	   0.54722 	    0.005933 	     0.007065 	     0.012998 
1200 	 13 	       70.503 	       76.920 	   0.60494 	   0.54736 	    0.005923 	     0.007058 	     0.012982 
1300 	 13 	       70.320 	       76.815 	   0.60561 	   0.54726 	    0.005918 	     0.007057 	     0.012975 
1400 	 13 	       70.200 	       76.778 	   0.60610 	   0.54708 	    0.005915 	     0.007058 	     0.012973 
1500 	 13 	       70.111 	       76.770 	   0.60647 	   0.54686 	    0.005912 	     0.007060 	     0.012972 
1600 	 13 	       70.043 	       76.777 	   0.60680 	   0.54662 	    0.005909 	     0.007063 	     0.012972 
1700 	 13 	       69.991 	       76.793 	   0.60708 	   0.54638 	    0.005907 	     0.007066 	     0.012973 
1800 	 13 	       69.943 	       76.816 	   0.60735 	   0.54614 	    0.005905 	     0.007069 	     0.012974 
1900 	 13 	       69.896 	       76.844 	   0.60762 	   0.54590 	    0.005902 	     0.007072 	     0.012975 
2000 	 13 	       71.893 	       79.093 	   0.60810 	   0.54504 	    0.005858 	     0.007079 	     0.012937 
2100 	 13 	       70.815 	       77.909 	   0.61068 	   0.54611 	    0.005850 	     0.007059 	     0.012909 
2200 	 13 	       70.691 	       77.883 	   0.61111 	   0.54592 	    0.005847 	     0.007062 	     0.012910 
2300 	 13 	       70.601 	       77.885 	   0.61142 	   0.54570 	    0.005845 	     0.007066 	     0.012911 
2400 	 13 	       70.516 	       77.891 	   0.61170 	   0.54547 	    0.005843 	     0.007070 	     0.012913 
2500 	 13 	       70.431 	       77.894 	   0.61195 	   0.54525 	    0.005841 	     0.007074 	     0.012915 
2600 	 13 	       70.351 	       77.897 	   0.61219 	   0.54501 	    0.005839 	     0.007078 	     0.012917 
2700 	 13 	       70.281 	       77.899 	   0.61242 	   0.54478 	    0.005838 	     0.007082 	     0.012919 
2800 	 13 	       70.215 	       77.905 	   0.61263 	   0.54453 	    0.005836 	     0.007086 	     0.012922 
2900 	 13 	       70.154 	       77.912 	   0.61282 	   0.54427 	    0.005834 	     0.007091 	     0.012925 
3000 	 13 	       71.395 	       79.356 	   0.61314 	   0.54368 	    0.005803 	     0.007093 	     0.012897 
3100 	 13 	       70.919 	       78.819 	   0.61406 	   0.54400 	    0.005809 	     0.007089 	     0.012897 
3200 	 13 	       70.855 	       78.813 	   0.61429 	   0.54380 	    0.005807 	     0.007092 	     0.012899 
3300 	 13 	       70.810 	       78.828 	   0.61446 	   0.54355 	    0.005805 	     0.007097 	     0.012902 
3400 	 13 	       70.770 	       78.845 	   0.61461 	   0.54329 	    0.005804 	     0.007101 	     0.012905 
3500 	 13 	       70.730 	       78.861 	   0.61474 	   0.54303 	    0.005803 	     0.007106 	     0.012908 
3600 	 13 	       70.692 	       78.880 	   0.61487 	   0.54276 	    0.005801 	     0.007111 	     0.012912 
3700 	 13 	       70.654 	       78.899 	   0.61499 	   0.54249 	    0.005800 	     0.007115 	     0.012915 
3800 	 13 	       70.616 	       78.922 	   0.61511 	   0.54221 	    0.005799 	     0.007120 	     0.012919 
3900 	 13 	       70.579 	       78.943 	   0.61523 	   0.54193 	    0.005798 	     0.007125 	     0.012923 
4000 	 13 	       71.498 	       80.056 	   0.61547 	   0.54150 	    0.005775 	     0.007127 	     0.012901 
4100 	 13 	       71.305 	       79.840 	   0.61594 	   0.54169 	    0.005777 	     0.007124 	     0.012901 
4200 	 13 	       71.275 	       79.853 	   0.61612 	   0.54153 	    0.005775 	     0.007126 	     0.012901 
4300 	 13 	       71.248 	       79.873 	   0.61626 	   0.54134 	    0.005773 	     0.007130 	     0.012903 
4400 	 13 	       71.220 	       79.890 	   0.61638 	   0.54113 	    0.005772 	     0.007133 	     0.012905 
4500 	 13 	       71.191 	       79.905 	   0.61650 	   0.54092 	    0.005771 	     0.007137 	     0.012907 
4600 	 13 	       71.162 	       79.918 	   0.61661 	   0.54071 	    0.005769 	     0.007140 	     0.012910 
4700 	 13 	       71.131 	       79.930 	   0.61671 	   0.54050 	    0.005768 	     0.007144 	     0.012912 
4800 	 13 	       71.099 	       79.941 	   0.61682 	   0.54029 	    0.005767 	     0.007147 	     0.012914 
4900 	 13 	       71.066 	       79.953 	   0.61692 	   0.54008 	    0.005766 	     0.007151 	     0.012917 
5000 	 13 	       71.822 	       80.870 	   0.61716 	   0.53978 	    0.005747 	     0.007151 	     0.012898 
5100 	 13 	       71.735 	       80.781 	   0.61752 	   0.53999 	    0.005746 	     0.007148 	     0.012893 
5200 	 13 	       71.706 	       80.794 	   0.61768 	   0.53991 	    0.005743 	     0.007149 	     0.012892 
5300 	 13 	       71.676 	       80.810 	   0.61782 	   0.53979 	    0.005742 	     0.007151 	     0.012893 
5400 	 13 	       71.644 	       80.823 	   0.61794 	   0.53966 	    0.005740 	     0.007153 	     0.012893 
5500 	 13 	       71.612 	       80.834 	   0.61805 	   0.53952 	    0.005739 	     0.007155 	     0.012894 
5600 	 13 	       71.579 	       80.844 	   0.61816 	   0.53938 	    0.005738 	     0.007157 	     0.012895 
5700 	 13 	       71.547 	       80.854 	   0.61826 	   0.53924 	    0.005736 	     0.007160 	     0.012896 
5800 	 13 	       71.514 	       80.864 	   0.61837 	   0.53909 	    0.005735 	     0.007162 	     0.012897 
5900 	 13 	       71.481 	       80.873 	   0.61847 	   0.53894 	    0.005734 	     0.007165 	     0.012899 
6000 	 13 	       72.124 	       81.658 	   0.61870 	   0.53874 	    0.005717 	     0.007165 	     0.012882 
6100 	 13 	       72.085 	       81.638 	   0.61901 	   0.53897 	    0.005715 	     0.007161 	     0.012875 
6200 	 13 	       72.057 	       81.651 	   0.61917 	   0.53893 	    0.005713 	     0.007161 	     0.012874 
6300 	 13 	       72.028 	       81.661 	   0.61929 	   0.53886 	    0.005711 	     0.007162 	     0.012873 
6400 	 13 	       71.998 	       81.671 	   0.61941 	   0.53878 	    0.005710 	     0.007163 	     0.012873 
6500 	 13 	       71.967 	       81.679 	   0.61952 	   0.53869 	    0.005708 	     0.007164 	     0.012873 
6600 	 13 	       71.936 	       81.688 	   0.61962 	   0.53860 	    0.005707 	     0.007166 	     0.012873 
6700 	 13 	       71.905 	       81.695 	   0.61973 	   0.53850 	    0.005706 	     0.007167 	     0.012873 
6800 	 13 	       71.874 	       81.702 	   0.61983 	   0.53840 	    0.005705 	     0.007169 	     0.012873 
6900 	 13 	       71.842 	       81.709 	   0.61993 	   0.53829 	    0.005703 	     0.007170 	     0.012874 
7000 	 13 	       72.406 	       82.403 	   0.62014 	   0.53815 	    0.005689 	     0.007170 	     0.012859 
7100 	 13 	       72.389 	       82.405 	   0.62043 	   0.53837 	    0.005686 	     0.007166 	     0.012852 
7200 	 13 	       72.361 	       82.409 	   0.62057 	   0.53835 	    0.005684 	     0.007167 	     0.012850 
7300 	 13 	       72.334 	       82.411 	   0.62068 	   0.53832 	    0.005682 	     0.007167 	     0.012849 
7400 	 13 	       72.306 	       82.413 	   0.62079 	   0.53826 	    0.005681 	     0.007168 	     0.012849 
7500 	 13 	       72.279 	       82.414 	   0.62089 	   0.53820 	    0.005680 	     0.007168 	     0.012848 
7600 	 13 	       72.252 	       82.415 	   0.62100 	   0.53814 	    0.005679 	     0.007169 	     0.012848 
7700 	 13 	       72.225 	       82.415 	   0.62109 	   0.53807 	    0.005677 	     0.007170 	     0.012848 
7800 	 13 	       72.198 	       82.415 	   0.62119 	   0.53799 	    0.005676 	     0.007171 	     0.012848 
7900 	 13 	       72.172 	       82.416 	   0.62129 	   0.53791 	    0.005675 	     0.007173 	     0.012848 
8000 	 13 	       72.672 	       83.022 	   0.62148 	   0.53779 	    0.005663 	     0.007173 	     0.012836 
8100 	 13 	       72.664 	       83.029 	   0.62173 	   0.53800 	    0.005659 	     0.007169 	     0.012829 
8200 	 13 	       72.640 	       83.028 	   0.62185 	   0.53799 	    0.005658 	     0.007169 	     0.012827 
8300 	 13 	       72.616 	       83.025 	   0.62196 	   0.53796 	    0.005656 	     0.007170 	     0.012826 
8400 	 13 	       72.593 	       83.021 	   0.62205 	   0.53792 	    0.005655 	     0.007170 	     0.012825 
8500 	 13 	       72.570 	       83.017 	   0.62215 	   0.53788 	    0.005654 	     0.007171 	     0.012825 
8600 	 13 	       72.548 	       83.013 	   0.62224 	   0.53783 	    0.005653 	     0.007172 	     0.012825 
8700 	 13 	       72.526 	       83.009 	   0.62233 	   0.53777 	    0.005652 	     0.007172 	     0.012824 
8800 	 13 	       72.504 	       83.006 	   0.62242 	   0.53772 	    0.005651 	     0.007173 	     0.012824 
8900 	 13 	       72.482 	       83.003 	   0.62251 	   0.53766 	    0.005650 	     0.007174 	     0.012824 
9000 	 13 	       72.928 	       83.540 	   0.62267 	   0.53755 	    0.005639 	     0.007175 	     0.012814 
9100 	 13 	       72.924 	       83.547 	   0.62289 	   0.53773 	    0.005636 	     0.007172 	     0.012808 
9200 	 13 	       72.903 	       83.541 	   0.62299 	   0.53772 	    0.005635 	     0.007172 	     0.012806 
9300 	 13 	       72.882 	       83.536 	   0.62309 	   0.53770 	    0.005633 	     0.007172 	     0.012805 
9400 	 13 	       72.861 	       83.531 	   0.62317 	   0.53768 	    0.005632 	     0.007172 	     0.012805 
9500 	 13 	       72.841 	       83.525 	   0.62326 	   0.53764 	    0.005631 	     0.007173 	     0.012804 
9600 	 13 	       72.821 	       83.520 	   0.62334 	   0.53761 	    0.005630 	     0.007173 	     0.012804 
9700 	 13 	       72.801 	       83.515 	   0.62342 	   0.53757 	    0.005629 	     0.007174 	     0.012803 
9800 	 13 	       72.782 	       83.510 	   0.62350 	   0.53753 	    0.005628 	     0.007175 	     0.012803 
9900 	 13 	       72.762 	       83.506 	   0.62358 	   0.53748 	    0.005627 	     0.007175 	     0.012803 
10000 	 13 	       73.163 	       83.984 	   0.62372 	   0.53739 	    0.005618 	     0.007176 	     0.012794 
10100 	 13 	       73.161 	       83.990 	   0.62390 	   0.53755 	    0.005615 	     0.007174 	     0.012789 
10200 	 13 	       73.142 	       83.983 	   0.62400 	   0.53755 	    0.005614 	     0.007174 	     0.012788 
10300 	 13 	       73.124 	       83.977 	   0.62408 	   0.53754 	    0.005613 	     0.007174 	     0.012787 
10400 	 13 	       73.107 	       83.971 	   0.62415 	   0.53752 	    0.005612 	     0.007174 	     0.012786 
10500 	 13 	       73.090 	       83.965 	   0.62423 	   0.53750 	    0.005611 	     0.007174 	     0.012785 
10600 	 13 	       73.073 	       83.959 	   0.62430 	   0.53748 	    0.005610 	     0.007175 	     0.012785 
10700 	 13 	       73.056 	       83.953 	   0.62437 	   0.53745 	    0.005609 	     0.007175 	     0.012784 
10800 	 13 	       73.039 	       83.947 	   0.62444 	   0.53743 	    0.005608 	     0.007175 	     0.012784 
10900 	 13 	       73.023 	       83.942 	   0.62451 	   0.53740 	    0.005608 	     0.007176 	     0.012783 
11000 	 13 	       73.383 	       84.370 	   0.62463 	   0.53732 	    0.005600 	     0.007177 	     0.012777 
11100 	 13 	       73.382 	       84.376 	   0.62479 	   0.53746 	    0.005597 	     0.007175 	     0.012772 
11200 	 13 	       73.365 	       84.369 	   0.62487 	   0.53746 	    0.005596 	     0.007175 	     0.012771 
11300 	 13 	       73.349 	       84.362 	   0.62494 	   0.53746 	    0.005595 	     0.007175 	     0.012770 
11400 	 13 	       73.334 	       84.357 	   0.62501 	   0.53746 	    0.005594 	     0.007175 	     0.012769 
11500 	 13 	       73.319 	       84.351 	   0.62507 	   0.53745 	    0.005593 	     0.007175 	     0.012768 
11600 	 13 	       73.304 	       84.345 	   0.62514 	   0.53744 	    0.005593 	     0.007175 	     0.012768 
11700 	 13 	       73.289 	       84.340 	   0.62520 	   0.53742 	    0.005592 	     0.007175 	     0.012767 
11800 	 13 	       73.275 	       84.334 	   0.62526 	   0.53741 	    0.005591 	     0.007176 	     0.012767 
11900 	 13 	       73.261 	       84.329 	   0.62532 	   0.53739 	    0.005590 	     0.007176 	     0.012766 
12000 	 13 	       73.583 	       84.713 	   0.62543 	   0.53733 	    0.005584 	     0.007177 	     0.012761 
12100 	 13 	       73.583 	       84.718 	   0.62556 	   0.53745 	    0.005581 	     0.007175 	     0.012757 
12200 	 13 	       73.567 	       84.711 	   0.62564 	   0.53746 	    0.005580 	     0.007175 	     0.012755 
12300 	 13 	       73.554 	       84.704 	   0.62570 	   0.53747 	    0.005579 	     0.007175 	     0.012754 
12400 	 13 	       73.540 	       84.698 	   0.62576 	   0.53747 	    0.005579 	     0.007175 	     0.012754 
12500 	 13 	       73.527 	       84.692 	   0.62582 	   0.53747 	    0.005578 	     0.007175 	     0.012753 
12600 	 13 	       73.514 	       84.686 	   0.62588 	   0.53747 	    0.005577 	     0.007175 	     0.012752 
12700 	 13 	       73.502 	       84.681 	   0.62593 	   0.53746 	    0.005576 	     0.007175 	     0.012751 
12800 	 13 	       73.489 	       84.675 	   0.62599 	   0.53746 	    0.005576 	     0.007175 	     0.012751 
12900 	 13 	       73.477 	       84.669 	   0.62604 	   0.53745 	    0.005575 	     0.007175 	     0.012750 
13000 	 13 	       73.767 	       85.012 	   0.62613 	   0.53739 	    0.005569 	     0.007177 	     0.012746 
13100 	 13 	       73.768 	       85.017 	   0.62625 	   0.53750 	    0.005567 	     0.007175 	     0.012742 
13200 	 13 	       73.754 	       85.009 	   0.62631 	   0.53751 	    0.005566 	     0.007175 	     0.012741 
13300 	 13 	       73.743 	       85.002 	   0.62637 	   0.53753 	    0.005565 	     0.007175 	     0.012740 
13400 	 13 	       73.731 	       84.996 	   0.62643 	   0.53753 	    0.005565 	     0.007175 	     0.012739 
13500 	 13 	       73.720 	       84.989 	   0.62648 	   0.53754 	    0.005564 	     0.007174 	     0.012738 
13600 	 13 	       73.710 	       84.983 	   0.62653 	   0.53754 	    0.005563 	     0.007174 	     0.012738 
13700 	 13 	       73.699 	       84.977 	   0.62658 	   0.53754 	    0.005563 	     0.007174 	     0.012737 
13800 	 13 	       73.688 	       84.971 	   0.62663 	   0.53754 	    0.005562 	     0.007174 	     0.012736 
13900 	 13 	       73.678 	       84.965 	   0.62669 	   0.53754 	    0.005561 	     0.007174 	     0.012736 
14000 	 13 	       73.940 	       85.272 	   0.62676 	   0.53749 	    0.005556 	     0.007176 	     0.012732 
14100 	 13 	       73.943 	       85.277 	   0.62687 	   0.53759 	    0.005554 	     0.007175 	     0.012729 
14200 	 13 	       73.931 	       85.268 	   0.62693 	   0.53761 	    0.005554 	     0.007174 	     0.012728 
14300 	 13 	       73.921 	       85.261 	   0.62698 	   0.53762 	    0.005553 	     0.007174 	     0.012727 
14400 	 13 	       73.911 	       85.255 	   0.62703 	   0.53763 	    0.005552 	     0.007174 	     0.012726 
14500 	 13 	       73.901 	       85.249 	   0.62708 	   0.53764 	    0.005552 	     0.007174 	     0.012725 
14600 	 13 	       73.891 	       85.243 	   0.62712 	   0.53765 	    0.005551 	     0.007174 	     0.012725 
14700 	 13 	       73.882 	       85.238 	   0.62717 	   0.53765 	    0.005550 	     0.007173 	     0.012724 
14800 	 13 	       73.872 	       85.232 	   0.62722 	   0.53766 	    0.005550 	     0.007173 	     0.012723 
14900 	 13 	       73.863 	       85.226 	   0.62727 	   0.53766 	    0.005549 	     0.007173 	     0.012722 
15000 	 13 	       74.099 	       85.504 	   0.62733 	   0.53762 	    0.005545 	     0.007175 	     0.012720 
15100 	 13 	       74.103 	       85.509 	   0.62743 	   0.53770 	    0.005543 	     0.007174 	     0.012717 
15200 	 13 	       74.093 	       85.501 	   0.62748 	   0.53772 	    0.005542 	     0.007173 	     0.012716 
15300 	 13 	       74.083 	       85.495 	   0.62753 	   0.53773 	    0.005542 	     0.007173 	     0.012715 
15400 	 13 	       74.074 	       85.489 	   0.62757 	   0.53775 	    0.005541 	     0.007173 	     0.012714 
15500 	 13 	       74.066 	       85.483 	   0.62762 	   0.53776 	    0.005540 	     0.007173 	     0.012713 
15600 	 13 	       74.057 	       85.477 	   0.62766 	   0.53777 	    0.005540 	     0.007173 	     0.012713 
15700 	 13 	       74.049 	       85.472 	   0.62771 	   0.53777 	    0.005539 	     0.007173 	     0.012712 
15800 	 13 	       74.040 	       85.466 	   0.62775 	   0.53778 	    0.005539 	     0.007172 	     0.012711 
15900 	 13 	       74.032 	       85.461 	   0.62779 	   0.53779 	    0.005538 	     0.007172 	     0.012710 
16000 	 13 	       74.246 	       85.713 	   0.62785 	   0.53775 	    0.005534 	     0.007174 	     0.012708 
16100 	 13 	       74.251 	       85.720 	   0.62794 	   0.53782 	    0.005533 	     0.007173 	     0.012706 
16200 	 13 	       74.241 	       85.712 	   0.62799 	   0.53784 	    0.005532 	     0.007173 	     0.012705 
16300 	 13 	       74.233 	       85.707 	   0.62803 	   0.53786 	    0.005532 	     0.007172 	     0.012704 
16400 	 13 	       74.225 	       85.701 	   0.62807 	   0.53787 	    0.005531 	     0.007172 	     0.012703 
16500 	 13 	       74.217 	       85.696 	   0.62812 	   0.53788 	    0.005530 	     0.007172 	     0.012702 
16600 	 13 	       74.209 	       85.691 	   0.62816 	   0.53789 	    0.005530 	     0.007172 	     0.012702 
16700 	 13 	       74.201 	       85.686 	   0.62820 	   0.53790 	    0.005529 	     0.007172 	     0.012701 
16800 	 13 	       74.193 	       85.681 	   0.62824 	   0.53791 	    0.005529 	     0.007172 	     0.012700 
16900 	 13 	       74.185 	       85.676 	   0.62828 	   0.53791 	    0.005528 	     0.007172 	     0.012700 
17000 	 13 	       74.380 	       85.906 	   0.62833 	   0.53788 	    0.005525 	     0.007173 	     0.012698 
17100 	 13 	       74.387 	       85.914 	   0.62841 	   0.53794 	    0.005523 	     0.007172 	     0.012696 
17200 	 13 	       74.378 	       85.906 	   0.62846 	   0.53796 	    0.005523 	     0.007172 	     0.012695 
17300 	 13 	       74.370 	       85.901 	   0.62850 	   0.53798 	    0.005522 	     0.007172 	     0.012694 
17400 	 13 	       74.362 	       85.896 	   0.62854 	   0.53799 	    0.005522 	     0.007171 	     0.012693 
17500 	 13 	       74.355 	       85.891 	   0.62858 	   0.53800 	    0.005521 	     0.007171 	     0.012692 
17600 	 13 	       74.348 	       85.886 	   0.62862 	   0.53801 	    0.005521 	     0.007171 	     0.012692 
17700 	 13 	       74.341 	       85.881 	   0.62866 	   0.53802 	    0.005520 	     0.007171 	     0.012691 
17800 	 13 	       74.334 	       85.876 	   0.62869 	   0.53803 	    0.005519 	     0.007171 	     0.012690 
17900 	 13 	       74.327 	       85.871 	   0.62873 	   0.53804 	    0.005519 	     0.007171 	     0.012690 
18000 	 13 	       74.502 	       86.079 	   0.62878 	   0.53800 	    0.005516 	     0.007172 	     0.012688 
18100 	 13 	       74.511 	       86.088 	   0.62885 	   0.53806 	    0.005515 	     0.007171 	     0.012686 
18200 	 13 	       74.502 	       86.080 	   0.62889 	   0.53808 	    0.005514 	     0.007171 	     0.012685 
18300 	 13 	       74.495 	       86.075 	   0.62893 	   0.53809 	    0.005514 	     0.007171 	     0.012685 
18400 	 13 	       74.488 	       86.070 	   0.62897 	   0.53810 	    0.005513 	     0.007171 	     0.012684 
18500 	 13 	       74.481 	       86.065 	   0.62901 	   0.53812 	    0.005513 	     0.007171 	     0.012683 
18600 	 13 	       74.475 	       86.060 	   0.62904 	   0.53813 	    0.005512 	     0.007171 	     0.012683 
18700 	 13 	       74.468 	       86.055 	   0.62908 	   0.53814 	    0.005512 	     0.007170 	     0.012682 
18800 	 13 	       74.462 	       86.051 	   0.62912 	   0.53814 	    0.005511 	     0.007170 	     0.012681 
18900 	 13 	       74.455 	       86.046 	   0.62915 	   0.53815 	    0.005511 	     0.007170 	     0.012681 
19000 	 13 	       74.615 	       86.235 	   0.62920 	   0.53812 	    0.005508 	     0.007172 	     0.012679 
19100 	 13 	       74.624 	       86.245 	   0.62926 	   0.53817 	    0.005507 	     0.007171 	     0.012678 
19200 	 13 	       74.616 	       86.238 	   0.62930 	   0.53819 	    0.005506 	     0.007171 	     0.012677 
19300 	 13 	       74.609 	       86.232 	   0.62934 	   0.53820 	    0.005506 	     0.007171 	     0.012676 
19400 	 13 	       74.603 	       86.228 	   0.62938 	   0.53821 	    0.005505 	     0.007170 	     0.012676 
19500 	 13 	       74.597 	       86.223 	   0.62941 	   0.53822 	    0.005505 	     0.007170 	     0.012675 
19600 	 13 	       74.590 	       86.219 	   0.62945 	   0.53823 	    0.005504 	     0.007170 	     0.012674 
19700 	 13 	       74.584 	       86.214 	   0.62948 	   0.53824 	    0.005504 	     0.007170 	     0.012674 
19800 	 13 	       74.578 	       86.210 	   0.62952 	   0.53825 	    0.005503 	     0.007170 	     0.012673 
19900 	 13 	       74.571 	       86.205 	   0.62955 	   0.53826 	    0.005503 	     0.007170 	     0.012673 
20000 	 13 	       74.717 	       86.378 	   0.62959 	   0.53823 	    0.005500 	     0.007171 	     0.012672 
100 	 14 	       67.272 	       77.352 	   0.61080 	   0.53765 	    0.005893 	     0.007203 	     0.013096 
200 	 14 	       67.359 	       77.354 	   0.61084 	   0.53747 	    0.005886 	     0.007210 	     0.013096 
300 	 14 	       67.374 	       77.426 	   0.61109 	   0.53672 	    0.005880 	     0.007225 	     0.013105 
400 	 14 	       67.342 	       77.456 	   0.61139 	   0.53597 	    0.005875 	     0.007240 	     0.013115 
500 	 14 	       67.283 	       77.451 	   0.61171 	   0.53536 	    0.005872 	     0.007251 	     0.013123 
600 	 14 	       67.202 	       77.406 	   0.61206 	   0.53493 	    0.005868 	     0.007260 	     0.013129 
700 	 14 	       67.100 	       77.326 	   0.61244 	   0.53465 	    0.005865 	     0.007267 	     0.013132 
800 	 14 	       66.975 	       77.218 	   0.61287 	   0.53451 	    0.005861 	     0.007271 	     0.013132 
900 	 14 	       66.837 	       77.092 	   0.61334 	   0.53450 	    0.005858 	     0.007273 	     0.013131 
1000 	 14 	       67.401 	       77.537 	   0.61630 	   0.53449 	    0.005815 	     0.007263 	     0.013078 
1100 	 14 	       65.394 	       75.746 	   0.62200 	   0.53395 	    0.005791 	     0.007310 	     0.013101 
1200 	 14 	       65.168 	       75.550 	   0.62260 	   0.53371 	    0.005795 	     0.007319 	     0.013114 
1300 	 14 	       65.010 	       75.396 	   0.62297 	   0.53363 	    0.005798 	     0.007324 	     0.013122 
1400 	 14 	       64.865 	       75.253 	   0.62324 	   0.53356 	    0.005802 	     0.007329 	     0.013131 
1500 	 14 	       64.724 	       75.122 	   0.62345 	   0.53348 	    0.005805 	     0.007334 	     0.013139 
1600 	 14 	       64.587 	       75.001 	   0.62363 	   0.53340 	    0.005809 	     0.007339 	     0.013148 
1700 	 14 	       64.454 	       74.889 	   0.62378 	   0.53334 	    0.005813 	     0.007343 	     0.013156 
1800 	 14 	       64.322 	       74.782 	   0.62391 	   0.53328 	    0.005816 	     0.007348 	     0.013164 
1900 	 14 	       64.192 	       74.681 	   0.62403 	   0.53324 	    0.005820 	     0.007352 	     0.013172 
2000 	 14 	       65.468 	       76.219 	   0.62482 	   0.53255 	    0.005772 	     0.007337 	     0.013109 
2100 	 14 	       64.811 	       75.552 	   0.62633 	   0.53227 	    0.005786 	     0.007364 	     0.013150 
2200 	 14 	       64.694 	       75.468 	   0.62653 	   0.53211 	    0.005789 	     0.007370 	     0.013160 
2300 	 14 	       64.599 	       75.397 	   0.62667 	   0.53209 	    0.005792 	     0.007374 	     0.013166 
2400 	 14 	       64.508 	       75.329 	   0.62678 	   0.53209 	    0.005795 	     0.007377 	     0.013171 
2500 	 14 	       64.420 	       75.265 	   0.62688 	   0.53211 	    0.005797 	     0.007379 	     0.013177 
2600 	 14 	       64.333 	       75.205 	   0.62697 	   0.53211 	    0.005800 	     0.007382 	     0.013182 
2700 	 14 	       64.247 	       75.149 	   0.62706 	   0.53211 	    0.005803 	     0.007384 	     0.013187 
2800 	 14 	       64.161 	       75.098 	   0.62714 	   0.53211 	    0.005805 	     0.007386 	     0.013192 
2900 	 14 	       64.077 	       75.049 	   0.62721 	   0.53211 	    0.005808 	     0.007389 	     0.013197 
3000 	 14 	       65.436 	       76.735 	   0.62790 	   0.53170 	    0.005749 	     0.007362 	     0.013111 
3100 	 14 	       65.195 	       76.552 	   0.62908 	   0.53217 	    0.005745 	     0.007362 	     0.013107 
3200 	 14 	       65.124 	       76.519 	   0.62924 	   0.53216 	    0.005746 	     0.007365 	     0.013110 
3300 	 14 	       65.061 	       76.486 	   0.62936 	   0.53219 	    0.005746 	     0.007366 	     0.013112 
3400 	 14 	       65.001 	       76.452 	   0.62947 	   0.53224 	    0.005747 	     0.007367 	     0.013114 
3500 	 14 	       64.942 	       76.418 	   0.62957 	   0.53229 	    0.005748 	     0.007367 	     0.013115 
3600 	 14 	       64.883 	       76.384 	   0.62967 	   0.53235 	    0.005748 	     0.007368 	     0.013116 
3700 	 14 	       64.825 	       76.351 	   0.62976 	   0.53239 	    0.005749 	     0.007368 	     0.013117 
3800 	 14 	       64.768 	       76.317 	   0.62985 	   0.53244 	    0.005750 	     0.007369 	     0.013118 
3900 	 14 	       64.711 	       76.284 	   0.62994 	   0.53249 	    0.005750 	     0.007369 	     0.013120 
4000 	 14 	       65.979 	       77.868 	   0.63064 	   0.53231 	    0.005693 	     0.007341 	     0.013034 
4100 	 14 	       65.887 	       77.826 	   0.63167 	   0.53298 	    0.005681 	     0.007333 	     0.013014 
4200 	 14 	       65.837 	       77.798 	   0.63184 	   0.53309 	    0.005680 	     0.007332 	     0.013012 
4300 	 14 	       65.789 	       77.768 	   0.63197 	   0.53319 	    0.005679 	     0.007331 	     0.013010 
4400 	 14 	       65.743 	       77.736 	   0.63209 	   0.53329 	    0.005679 	     0.007330 	     0.013009 
4500 	 14 	       65.696 	       77.703 	   0.63220 	   0.53339 	    0.005678 	     0.007329 	     0.013008 
4600 	 14 	       65.650 	       77.670 	   0.63231 	   0.53349 	    0.005678 	     0.007329 	     0.013007 
4700 	 14 	       65.604 	       77.636 	   0.63241 	   0.53359 	    0.005678 	     0.007328 	     0.013006 
4800 	 14 	       65.558 	       77.600 	   0.63252 	   0.53369 	    0.005677 	     0.007327 	     0.013004 
4900 	 14 	       65.511 	       77.563 	   0.63262 	   0.53380 	    0.005677 	     0.007326 	     0.013003 
5000 	 14 	       66.644 	       78.958 	   0.63326 	   0.53375 	    0.005627 	     0.007302 	     0.012929 
5100 	 14 	       66.596 	       78.935 	   0.63409 	   0.53439 	    0.005615 	     0.007292 	     0.012908 
5200 	 14 	       66.550 	       78.898 	   0.63426 	   0.53455 	    0.005614 	     0.007290 	     0.012904 
5300 	 14 	       66.505 	       78.860 	   0.63439 	   0.53469 	    0.005613 	     0.007289 	     0.012901 
5400 	 14 	       66.461 	       78.822 	   0.63450 	   0.53483 	    0.005612 	     0.007287 	     0.012899 
5500 	 14 	       66.416 	       78.783 	   0.63461 	   0.53497 	    0.005611 	     0.007285 	     0.012897 
5600 	 14 	       66.371 	       78.744 	   0.63471 	   0.53510 	    0.005611 	     0.007284 	     0.012894 
5700 	 14 	       66.325 	       78.704 	   0.63482 	   0.53523 	    0.005610 	     0.007282 	     0.012892 
5800 	 14 	       66.278 	       78.663 	   0.63491 	   0.53536 	    0.005610 	     0.007281 	     0.012890 
5900 	 14 	       66.231 	       78.622 	   0.63501 	   0.53549 	    0.005609 	     0.007279 	     0.012888 
6000 	 14 	       67.215 	       79.833 	   0.63556 	   0.53551 	    0.005568 	     0.007260 	     0.012828 
6100 	 14 	       67.178 	       79.810 	   0.63620 	   0.53605 	    0.005558 	     0.007252 	     0.012809 
6200 	 14 	       67.128 	       79.765 	   0.63635 	   0.53623 	    0.005557 	     0.007249 	     0.012806 
6300 	 14 	       67.081 	       79.723 	   0.63647 	   0.53640 	    0.005556 	     0.007247 	     0.012803 
6400 	 14 	       67.033 	       79.683 	   0.63657 	   0.53656 	    0.005555 	     0.007245 	     0.012800 
6500 	 14 	       66.986 	       79.642 	   0.63667 	   0.53672 	    0.005554 	     0.007243 	     0.012797 
6600 	 14 	       66.941 	       79.600 	   0.63677 	   0.53687 	    0.005553 	     0.007241 	     0.012794 
6700 	 14 	       66.895 	       79.557 	   0.63687 	   0.53704 	    0.005553 	     0.007239 	     0.012792 
6800 	 14 	       66.848 	       79.512 	   0.63696 	   0.53720 	    0.005552 	     0.007237 	     0.012789 
6900 	 14 	       66.799 	       79.464 	   0.63706 	   0.53737 	    0.005552 	     0.007235 	     0.012786 
7000 	 14 	       67.647 	       80.490 	   0.63753 	   0.53745 	    0.005517 	     0.007219 	     0.012737 
7100 	 14 	       67.609 	       80.462 	   0.63804 	   0.53797 	    0.005510 	     0.007211 	     0.012721 
7200 	 14 	       67.553 	       80.404 	   0.63818 	   0.53820 	    0.005508 	     0.007208 	     0.012716 
7300 	 14 	       67.500 	       80.344 	   0.63830 	   0.53843 	    0.005508 	     0.007205 	     0.012712 
7400 	 14 	       67.445 	       80.281 	   0.63840 	   0.53867 	    0.005507 	     0.007202 	     0.012709 
7500 	 14 	       67.387 	       80.214 	   0.63850 	   0.53890 	    0.005506 	     0.007199 	     0.012705 
7600 	 14 	       67.327 	       80.142 	   0.63860 	   0.53914 	    0.005506 	     0.007196 	     0.012701 
7700 	 14 	       67.269 	       80.065 	   0.63869 	   0.53939 	    0.005506 	     0.007192 	     0.012698 
7800 	 14 	       67.209 	       79.984 	   0.63878 	   0.53963 	    0.005505 	     0.007189 	     0.012694 
7900 	 14 	       67.150 	       79.899 	   0.63886 	   0.53988 	    0.005505 	     0.007186 	     0.012691 
8000 	 14 	       67.870 	       80.750 	   0.63927 	   0.54005 	    0.005477 	     0.007173 	     0.012650 
8100 	 14 	       67.820 	       80.674 	   0.63968 	   0.54059 	    0.005471 	     0.007165 	     0.012636 
8200 	 14 	       67.755 	       80.577 	   0.63979 	   0.54087 	    0.005471 	     0.007161 	     0.012632 
8300 	 14 	       67.695 	       80.482 	   0.63987 	   0.54112 	    0.005471 	     0.007158 	     0.012629 
8400 	 14 	       67.638 	       80.388 	   0.63994 	   0.54137 	    0.005471 	     0.007155 	     0.012626 
8500 	 14 	       67.582 	       80.297 	   0.64001 	   0.54159 	    0.005471 	     0.007152 	     0.012623 
8600 	 14 	       67.528 	       80.212 	   0.64007 	   0.54181 	    0.005471 	     0.007149 	     0.012620 
8700 	 14 	       67.477 	       80.129 	   0.64012 	   0.54202 	    0.005472 	     0.007146 	     0.012618 
8800 	 14 	       67.429 	       80.048 	   0.64017 	   0.54222 	    0.005472 	     0.007144 	     0.012616 
8900 	 14 	       67.382 	       79.969 	   0.64022 	   0.54241 	    0.005472 	     0.007142 	     0.012614 
9000 	 14 	       68.023 	       80.727 	   0.64057 	   0.54252 	    0.005449 	     0.007131 	     0.012580 
9100 	 14 	       67.990 	       80.655 	   0.64089 	   0.54296 	    0.005444 	     0.007125 	     0.012569 
9200 	 14 	       67.942 	       80.575 	   0.64096 	   0.54316 	    0.005444 	     0.007122 	     0.012566 
9300 	 14 	       67.901 	       80.501 	   0.64101 	   0.54334 	    0.005444 	     0.007120 	     0.012564 
9400 	 14 	       67.861 	       80.431 	   0.64106 	   0.54351 	    0.005444 	     0.007118 	     0.012562 
9500 	 14 	       67.824 	       80.365 	   0.64110 	   0.54368 	    0.005445 	     0.007116 	     0.012561 
9600 	 14 	       67.788 	       80.301 	   0.64114 	   0.54383 	    0.005445 	     0.007114 	     0.012559 
9700 	 14 	       67.754 	       80.239 	   0.64119 	   0.54398 	    0.005445 	     0.007112 	     0.012557 
9800 	 14 	       67.721 	       80.178 	   0.64123 	   0.54413 	    0.005445 	     0.007110 	     0.012556 
9900 	 14 	       67.688 	       80.120 	   0.64127 	   0.54428 	    0.005445 	     0.007109 	     0.012554 
10000 	 14 	       68.267 	       80.808 	   0.64157 	   0.54436 	    0.005425 	     0.007100 	     0.012525 
10100 	 14 	       68.246 	       80.753 	   0.64183 	   0.54472 	    0.005421 	     0.007095 	     0.012516 
10200 	 14 	       68.210 	       80.694 	   0.64188 	   0.54488 	    0.005421 	     0.007093 	     0.012514 
10300 	 14 	       68.179 	       80.639 	   0.64192 	   0.54503 	    0.005421 	     0.007091 	     0.012512 
10400 	 14 	       68.151 	       80.587 	   0.64196 	   0.54517 	    0.005421 	     0.007089 	     0.012510 
10500 	 14 	       68.124 	       80.537 	   0.64200 	   0.54531 	    0.005421 	     0.007087 	     0.012508 
10600 	 14 	       68.098 	       80.489 	   0.64204 	   0.54544 	    0.005421 	     0.007086 	     0.012507 
10700 	 14 	       68.072 	       80.441 	   0.64207 	   0.54558 	    0.005421 	     0.007084 	     0.012505 
10800 	 14 	       68.048 	       80.395 	   0.64211 	   0.54570 	    0.005421 	     0.007082 	     0.012503 
10900 	 14 	       68.025 	       80.350 	   0.64214 	   0.54583 	    0.005421 	     0.007081 	     0.012502 
11000 	 14 	       68.546 	       80.971 	   0.64241 	   0.54590 	    0.005403 	     0.007074 	     0.012477 
11100 	 14 	       68.535 	       80.930 	   0.64262 	   0.54621 	    0.005400 	     0.007069 	     0.012469 
11200 	 14 	       68.509 	       80.884 	   0.64266 	   0.54635 	    0.005400 	     0.007067 	     0.012467 
11300 	 14 	       68.487 	       80.842 	   0.64270 	   0.54648 	    0.005400 	     0.007065 	     0.012465 
11400 	 14 	       68.468 	       80.802 	   0.64274 	   0.54661 	    0.005400 	     0.007064 	     0.012463 
11500 	 14 	       68.449 	       80.763 	   0.64277 	   0.54673 	    0.005400 	     0.007062 	     0.012462 
11600 	 14 	       68.431 	       80.726 	   0.64280 	   0.54685 	    0.005400 	     0.007061 	     0.012460 
11700 	 14 	       68.414 	       80.689 	   0.64283 	   0.54697 	    0.005400 	     0.007059 	     0.012458 
11800 	 14 	       68.398 	       80.653 	   0.64286 	   0.54709 	    0.005400 	     0.007057 	     0.012457 
11900 	 14 	       68.383 	       80.617 	   0.64289 	   0.54720 	    0.005399 	     0.007056 	     0.012455 
12000 	 14 	       68.859 	       81.180 	   0.64312 	   0.54726 	    0.005384 	     0.007050 	     0.012434 
12100 	 14 	       68.856 	       81.148 	   0.64330 	   0.54752 	    0.005381 	     0.007046 	     0.012428 
12200 	 14 	       68.837 	       81.108 	   0.64334 	   0.54765 	    0.005381 	     0.007044 	     0.012426 
12300 	 14 	       68.821 	       81.072 	   0.64337 	   0.54777 	    0.005381 	     0.007043 	     0.012424 
12400 	 14 	       68.806 	       81.038 	   0.64340 	   0.54789 	    0.005381 	     0.007041 	     0.012422 
12500 	 14 	       68.793 	       81.004 	   0.64343 	   0.54800 	    0.005381 	     0.007040 	     0.012421 
12600 	 14 	       68.779 	       80.972 	   0.64346 	   0.54811 	    0.005381 	     0.007038 	     0.012419 
12700 	 14 	       68.767 	       80.940 	   0.64349 	   0.54822 	    0.005381 	     0.007037 	     0.012417 
12800 	 14 	       68.754 	       80.909 	   0.64351 	   0.54832 	    0.005381 	     0.007035 	     0.012416 
12900 	 14 	       68.742 	       80.879 	   0.64354 	   0.54842 	    0.005380 	     0.007034 	     0.012414 
13000 	 14 	       69.173 	       81.389 	   0.64374 	   0.54847 	    0.005367 	     0.007029 	     0.012396 
13100 	 14 	       69.175 	       81.363 	   0.64388 	   0.54870 	    0.005365 	     0.007026 	     0.012391 
13200 	 14 	       69.158 	       81.328 	   0.64392 	   0.54881 	    0.005365 	     0.007024 	     0.012389 
13300 	 14 	       69.145 	       81.298 	   0.64395 	   0.54892 	    0.005364 	     0.007023 	     0.012387 
13400 	 14 	       69.133 	       81.269 	   0.64398 	   0.54903 	    0.005364 	     0.007021 	     0.012386 
13500 	 14 	       69.122 	       81.241 	   0.64400 	   0.54913 	    0.005364 	     0.007020 	     0.012384 
13600 	 14 	       69.112 	       81.214 	   0.64403 	   0.54923 	    0.005364 	     0.007018 	     0.012383 
13700 	 14 	       69.101 	       81.188 	   0.64405 	   0.54932 	    0.005364 	     0.007017 	     0.012381 
13800 	 14 	       69.091 	       81.162 	   0.64408 	   0.54942 	    0.005364 	     0.007016 	     0.012380 
13900 	 14 	       69.081 	       81.136 	   0.64410 	   0.54951 	    0.005364 	     0.007014 	     0.012378 
14000 	 14 	       69.474 	       81.597 	   0.64427 	   0.54955 	    0.005352 	     0.007011 	     0.012363 
14100 	 14 	       69.480 	       81.578 	   0.64440 	   0.54974 	    0.005350 	     0.007008 	     0.012358 
14200 	 14 	       69.466 	       81.548 	   0.64443 	   0.54985 	    0.005350 	     0.007006 	     0.012356 
14300 	 14 	       69.455 	       81.521 	   0.64445 	   0.54995 	    0.005350 	     0.007005 	     0.012355 
14400 	 14 	       69.444 	       81.496 	   0.64448 	   0.55004 	    0.005350 	     0.007003 	     0.012353 
14500 	 14 	       69.434 	       81.471 	   0.64450 	   0.55013 	    0.005350 	     0.007002 	     0.012352 
14600 	 14 	       69.425 	       81.446 	   0.64453 	   0.55022 	    0.005349 	     0.007001 	     0.012350 
14700 	 14 	       69.415 	       81.423 	   0.64455 	   0.55031 	    0.005349 	     0.007000 	     0.012349 
14800 	 14 	       69.406 	       81.400 	   0.64457 	   0.55039 	    0.005349 	     0.006998 	     0.012348 
14900 	 14 	       69.397 	       81.378 	   0.64459 	   0.55048 	    0.005349 	     0.006997 	     0.012346 
15000 	 14 	       69.754 	       81.795 	   0.64474 	   0.55051 	    0.005339 	     0.006994 	     0.012333 
15100 	 14 	       69.762 	       81.782 	   0.64485 	   0.55068 	    0.005337 	     0.006991 	     0.012329 
15200 	 14 	       69.750 	       81.756 	   0.64488 	   0.55077 	    0.005337 	     0.006990 	     0.012327 
15300 	 14 	       69.739 	       81.732 	   0.64490 	   0.55086 	    0.005337 	     0.006989 	     0.012326 
15400 	 14 	       69.730 	       81.709 	   0.64493 	   0.55095 	    0.005337 	     0.006988 	     0.012324 
15500 	 14 	       69.721 	       81.686 	   0.64495 	   0.55103 	    0.005337 	     0.006986 	     0.012323 
15600 	 14 	       69.713 	       81.664 	   0.64497 	   0.55111 	    0.005336 	     0.006985 	     0.012322 
15700 	 14 	       69.704 	       81.642 	   0.64499 	   0.55119 	    0.005336 	     0.006984 	     0.012320 
15800 	 14 	       69.696 	       81.621 	   0.64501 	   0.55127 	    0.005336 	     0.006983 	     0.012319 
15900 	 14 	       69.688 	       81.599 	   0.64504 	   0.55134 	    0.005336 	     0.006982 	     0.012318 
16000 	 14 	       70.014 	       81.978 	   0.64517 	   0.55136 	    0.005327 	     0.006979 	     0.012307 
16100 	 14 	       70.023 	       81.969 	   0.64526 	   0.55151 	    0.005326 	     0.006977 	     0.012303 
16200 	 14 	       70.011 	       81.944 	   0.64529 	   0.55160 	    0.005325 	     0.006976 	     0.012301 
16300 	 14 	       70.002 	       81.921 	   0.64531 	   0.55168 	    0.005325 	     0.006975 	     0.012300 
16400 	 14 	       69.993 	       81.899 	   0.64533 	   0.55175 	    0.005325 	     0.006974 	     0.012299 
16500 	 14 	       69.985 	       81.878 	   0.64536 	   0.55183 	    0.005325 	     0.006973 	     0.012297 
16600 	 14 	       69.977 	       81.857 	   0.64538 	   0.55190 	    0.005325 	     0.006971 	     0.012296 
16700 	 14 	       69.969 	       81.836 	   0.64540 	   0.55197 	    0.005325 	     0.006970 	     0.012295 
16800 	 14 	       69.961 	       81.816 	   0.64542 	   0.55204 	    0.005325 	     0.006969 	     0.012294 
16900 	 14 	       69.954 	       81.796 	   0.64544 	   0.55211 	    0.005324 	     0.006968 	     0.012293 
17000 	 14 	       70.252 	       82.143 	   0.64555 	   0.55212 	    0.005317 	     0.006966 	     0.012283 
17100 	 14 	       70.262 	       82.136 	   0.64564 	   0.55225 	    0.005315 	     0.006964 	     0.012280 
17200 	 14 	       70.250 	       82.112 	   0.64566 	   0.55233 	    0.005315 	     0.006963 	     0.012278 
17300 	 14 	       70.241 	       82.091 	   0.64569 	   0.55240 	    0.005315 	     0.006962 	     0.012277 
17400 	 14 	       70.232 	       82.070 	   0.64571 	   0.55246 	    0.005315 	     0.006961 	     0.012276 
17500 	 14 	       70.224 	       82.050 	   0.64573 	   0.55253 	    0.005314 	     0.006960 	     0.012275 
17600 	 14 	       70.216 	       82.030 	   0.64575 	   0.55259 	    0.005314 	     0.006959 	     0.012274 
17700 	 14 	       70.208 	       82.011 	   0.64577 	   0.55265 	    0.005314 	     0.006959 	     0.012273 
17800 	 14 	       70.200 	       81.991 	   0.64579 	   0.55271 	    0.005314 	     0.006958 	     0.012272 
17900 	 14 	       70.192 	       81.972 	   0.64581 	   0.55277 	    0.005314 	     0.006957 	     0.012271 
18000 	 14 	       70.465 	       82.291 	   0.64591 	   0.55278 	    0.005307 	     0.006955 	     0.012262 
18100 	 14 	       70.474 	       82.285 	   0.64599 	   0.55289 	    0.005306 	     0.006954 	     0.012259 
18200 	 14 	       70.463 	       82.263 	   0.64601 	   0.55296 	    0.005305 	     0.006953 	     0.012258 
18300 	 14 	       70.454 	       82.243 	   0.64603 	   0.55302 	    0.005305 	     0.006952 	     0.012257 
18400 	 14 	       70.445 	       82.224 	   0.64605 	   0.55307 	    0.005305 	     0.006951 	     0.012256 
18500 	 14 	       70.437 	       82.205 	   0.64607 	   0.55313 	    0.005305 	     0.006950 	     0.012255 
18600 	 14 	       70.428 	       82.186 	   0.64609 	   0.55318 	    0.005305 	     0.006949 	     0.012254 
18700 	 14 	       70.420 	       82.168 	   0.64611 	   0.55323 	    0.005305 	     0.006948 	     0.012253 
18800 	 14 	       70.412 	       82.150 	   0.64613 	   0.55328 	    0.005304 	     0.006948 	     0.012252 
18900 	 14 	       70.404 	       82.132 	   0.64615 	   0.55333 	    0.005304 	     0.006947 	     0.012251 
19000 	 14 	       70.654 	       82.424 	   0.64624 	   0.55333 	    0.005298 	     0.006946 	     0.012244 
19100 	 14 	       70.664 	       82.421 	   0.64631 	   0.55342 	    0.005297 	     0.006944 	     0.012241 
19200 	 14 	       70.653 	       82.401 	   0.64633 	   0.55347 	    0.005297 	     0.006944 	     0.012240 
19300 	 14 	       70.643 	       82.382 	   0.64635 	   0.55352 	    0.005297 	     0.006943 	     0.012239 
19400 	 14 	       70.634 	       82.364 	   0.64637 	   0.55357 	    0.005296 	     0.006942 	     0.012239 
19500 	 14 	       70.625 	       82.347 	   0.64639 	   0.55361 	    0.005296 	     0.006942 	     0.012238 
19600 	 14 	       70.617 	       82.330 	   0.64641 	   0.55365 	    0.005296 	     0.006941 	     0.012237 
19700 	 14 	       70.608 	       82.313 	   0.64643 	   0.55369 	    0.005296 	     0.006940 	     0.012236 
19800 	 14 	       70.600 	       82.297 	   0.64645 	   0.55373 	    0.005296 	     0.006940 	     0.012236 
19900 	 14 	       70.591 	       82.281 	   0.64647 	   0.55377 	    0.005296 	     0.006939 	     0.012235 
20000 	 14 	       70.821 	       82.551 	   0.64655 	   0.55376 	    0.005290 	     0.006938 	     0.012228 
100 	 15 	       62.779 	       73.179 	   0.62029 	   0.53663 	    0.005864 	     0.007310 	     0.013174 
200 	 15 	       62.268 	       72.534 	   0.61940 	   0.53595 	    0.005898 	     0.007331 	     0.013229 
300 	 15 	       62.118 	       72.389 	   0.61936 	   0.53538 	    0.005906 	     0.007344 	     0.013250 
400 	 15 	       61.993 	       72.338 	   0.61947 	   0.53491 	    0.005911 	     0.007355 	     0.013265 
500 	 15 	       61.869 	       72.283 	   0.61961 	   0.53458 	    0.005915 	     0.007364 	     0.013279 
600 	 15 	       61.738 	       72.229 	   0.61979 	   0.53437 	    0.005919 	     0.007371 	     0.013290 
700 	 15 	       61.600 	       72.176 	   0.61996 	   0.53422 	    0.005924 	     0.007377 	     0.013301 
800 	 15 	       61.460 	       72.121 	   0.62013 	   0.53410 	    0.005928 	     0.007383 	     0.013310 
900 	 15 	       61.331 	       72.070 	   0.62028 	   0.53396 	    0.005932 	     0.007388 	     0.013320 
1000 	 15 	       61.759 	       72.537 	   0.62349 	   0.53386 	    0.005910 	     0.007393 	     0.013303 
1100 	 15 	       60.042 	       70.744 	   0.62814 	   0.53658 	    0.005948 	     0.007432 	     0.013380 
1200 	 15 	       59.784 	       70.449 	   0.62838 	   0.53622 	    0.005967 	     0.007454 	     0.013421 
1300 	 15 	       59.607 	       70.289 	   0.62844 	   0.53587 	    0.005980 	     0.007469 	     0.013448 
1400 	 15 	       59.458 	       70.182 	   0.62846 	   0.53546 	    0.005989 	     0.007482 	     0.013471 
1500 	 15 	       59.326 	       70.100 	   0.62847 	   0.53507 	    0.005996 	     0.007493 	     0.013489 
1600 	 15 	       59.202 	       70.022 	   0.62848 	   0.53473 	    0.006002 	     0.007503 	     0.013505 
1700 	 15 	       59.082 	       69.942 	   0.62851 	   0.53445 	    0.006007 	     0.007511 	     0.013518 
1800 	 15 	       58.956 	       69.852 	   0.62856 	   0.53427 	    0.006011 	     0.007518 	     0.013529 
1900 	 15 	       58.821 	       69.743 	   0.62862 	   0.53420 	    0.006015 	     0.007523 	     0.013538 
2000 	 15 	       60.374 	       71.675 	   0.63044 	   0.53401 	    0.005911 	     0.007462 	     0.013373 
2100 	 15 	       59.808 	       71.075 	   0.63311 	   0.53633 	    0.005899 	     0.007447 	     0.013347 
2200 	 15 	       59.585 	       70.737 	   0.63352 	   0.53717 	    0.005902 	     0.007442 	     0.013345 
2300 	 15 	       59.448 	       70.456 	   0.63377 	   0.53811 	    0.005905 	     0.007434 	     0.013339 
2400 	 15 	       59.358 	       70.267 	   0.63393 	   0.53887 	    0.005907 	     0.007426 	     0.013333 
2500 	 15 	       59.304 	       70.145 	   0.63405 	   0.53945 	    0.005907 	     0.007420 	     0.013328 
2600 	 15 	       59.268 	       70.062 	   0.63416 	   0.53988 	    0.005908 	     0.007416 	     0.013323 
2700 	 15 	       59.237 	       70.004 	   0.63425 	   0.54021 	    0.005908 	     0.007412 	     0.013320 
2800 	 15 	       59.208 	       69.960 	   0.63434 	   0.54046 	    0.005908 	     0.007410 	     0.013318 
2900 	 15 	       59.183 	       69.923 	   0.63442 	   0.54066 	    0.005908 	     0.007408 	     0.013317 
3000 	 15 	       60.614 	       71.762 	   0.63618 	   0.54095 	    0.005800 	     0.007338 	     0.013138 
3100 	 15 	       60.527 	       71.541 	   0.63787 	   0.54288 	    0.005777 	     0.007312 	     0.013089 
3200 	 15 	       60.471 	       71.445 	   0.63799 	   0.54316 	    0.005778 	     0.007310 	     0.013089 
3300 	 15 	       60.433 	       71.374 	   0.63806 	   0.54346 	    0.005779 	     0.007308 	     0.013087 
3400 	 15 	       60.399 	       71.315 	   0.63812 	   0.54371 	    0.005780 	     0.007306 	     0.013086 
3500 	 15 	       60.369 	       71.264 	   0.63817 	   0.54393 	    0.005781 	     0.007304 	     0.013085 
3600 	 15 	       60.340 	       71.217 	   0.63821 	   0.54411 	    0.005782 	     0.007303 	     0.013085 
3700 	 15 	       60.315 	       71.174 	   0.63826 	   0.54427 	    0.005783 	     0.007302 	     0.013084 
3800 	 15 	       60.293 	       71.137 	   0.63831 	   0.54440 	    0.005783 	     0.007301 	     0.013084 
3900 	 15 	       60.274 	       71.102 	   0.63837 	   0.54452 	    0.005784 	     0.007300 	     0.013084 
4000 	 15 	       61.549 	       72.695 	   0.63988 	   0.54491 	    0.005692 	     0.007241 	     0.012933 
4100 	 15 	       61.547 	       72.611 	   0.64098 	   0.54626 	    0.005673 	     0.007219 	     0.012892 
4200 	 15 	       61.503 	       72.541 	   0.64106 	   0.54646 	    0.005673 	     0.007218 	     0.012892 
4300 	 15 	       61.470 	       72.488 	   0.64110 	   0.54665 	    0.005674 	     0.007217 	     0.012891 
4400 	 15 	       61.444 	       72.444 	   0.64114 	   0.54681 	    0.005675 	     0.007215 	     0.012890 
4500 	 15 	       61.422 	       72.408 	   0.64117 	   0.54695 	    0.005676 	     0.007214 	     0.012890 
4600 	 15 	       61.405 	       72.378 	   0.64121 	   0.54708 	    0.005676 	     0.007213 	     0.012889 
4700 	 15 	       61.390 	       72.351 	   0.64125 	   0.54719 	    0.005676 	     0.007213 	     0.012889 
4800 	 15 	       61.378 	       72.329 	   0.64129 	   0.54728 	    0.005677 	     0.007212 	     0.012888 
4900 	 15 	       61.367 	       72.311 	   0.64133 	   0.54737 	    0.005677 	     0.007211 	     0.012888 
5000 	 15 	       62.493 	       73.744 	   0.64259 	   0.54773 	    0.005601 	     0.007164 	     0.012765 
5100 	 15 	       62.528 	       73.725 	   0.64335 	   0.54872 	    0.005586 	     0.007147 	     0.012733 
5200 	 15 	       62.495 	       73.676 	   0.64341 	   0.54885 	    0.005586 	     0.007146 	     0.012732 
5300 	 15 	       62.469 	       73.635 	   0.64344 	   0.54897 	    0.005587 	     0.007145 	     0.012732 
5400 	 15 	       62.448 	       73.603 	   0.64347 	   0.54907 	    0.005587 	     0.007144 	     0.012731 
5500 	 15 	       62.431 	       73.575 	   0.64349 	   0.54916 	    0.005587 	     0.007143 	     0.012731 
5600 	 15 	       62.416 	       73.552 	   0.64351 	   0.54923 	    0.005588 	     0.007143 	     0.012731 
5700 	 15 	       62.404 	       73.532 	   0.64354 	   0.54928 	    0.005588 	     0.007142 	     0.012730 
5800 	 15 	       62.394 	       73.517 	   0.64356 	   0.54933 	    0.005588 	     0.007142 	     0.012730 
5900 	 15 	       62.387 	       73.503 	   0.64359 	   0.54936 	    0.005588 	     0.007142 	     0.012730 
6000 	 15 	       63.402 	       74.756 	   0.64460 	   0.54965 	    0.005527 	     0.007105 	     0.012632 
6100 	 15 	       63.447 	       74.767 	   0.64516 	   0.55037 	    0.005515 	     0.007092 	     0.012608 
6200 	 15 	       63.421 	       74.730 	   0.64520 	   0.55044 	    0.005515 	     0.007092 	     0.012607 
6300 	 15 	       63.401 	       74.700 	   0.64522 	   0.55049 	    0.005515 	     0.007092 	     0.012607 
6400 	 15 	       63.384 	       74.673 	   0.64523 	   0.55053 	    0.005516 	     0.007091 	     0.012607 
6500 	 15 	       63.370 	       74.650 	   0.64525 	   0.55056 	    0.005516 	     0.007091 	     0.012607 
6600 	 15 	       63.357 	       74.629 	   0.64526 	   0.55058 	    0.005516 	     0.007092 	     0.012607 
6700 	 15 	       63.347 	       74.612 	   0.64527 	   0.55059 	    0.005516 	     0.007092 	     0.012608 
6800 	 15 	       63.338 	       74.596 	   0.64529 	   0.55059 	    0.005516 	     0.007092 	     0.012608 
6900 	 15 	       63.330 	       74.583 	   0.64531 	   0.55058 	    0.005516 	     0.007092 	     0.012608 
7000 	 15 	       64.234 	       75.684 	   0.64613 	   0.55079 	    0.005466 	     0.007064 	     0.012531 
7100 	 15 	       64.276 	       75.701 	   0.64655 	   0.55133 	    0.005457 	     0.007054 	     0.012512 
7200 	 15 	       64.257 	       75.674 	   0.64659 	   0.55136 	    0.005457 	     0.007054 	     0.012511 
7300 	 15 	       64.241 	       75.651 	   0.64661 	   0.55137 	    0.005457 	     0.007054 	     0.012512 
7400 	 15 	       64.228 	       75.630 	   0.64662 	   0.55138 	    0.005457 	     0.007054 	     0.012512 
7500 	 15 	       64.217 	       75.613 	   0.64663 	   0.55138 	    0.005457 	     0.007055 	     0.012512 
7600 	 15 	       64.208 	       75.598 	   0.64664 	   0.55137 	    0.005457 	     0.007055 	     0.012512 
7700 	 15 	       64.199 	       75.586 	   0.64666 	   0.55136 	    0.005457 	     0.007055 	     0.012513 
7800 	 15 	       64.193 	       75.575 	   0.64667 	   0.55134 	    0.005457 	     0.007056 	     0.012513 
7900 	 15 	       64.187 	       75.566 	   0.64669 	   0.55132 	    0.005457 	     0.007056 	     0.012513 
8000 	 15 	       64.989 	       76.548 	   0.64737 	   0.55147 	    0.005417 	     0.007035 	     0.012451 
8100 	 15 	       65.030 	       76.563 	   0.64770 	   0.55190 	    0.005410 	     0.007027 	     0.012437 
8200 	 15 	       65.017 	       76.546 	   0.64773 	   0.55191 	    0.005409 	     0.007027 	     0.012436 
8300 	 15 	       65.006 	       76.532 	   0.64775 	   0.55191 	    0.005409 	     0.007027 	     0.012436 
8400 	 15 	       64.997 	       76.520 	   0.64777 	   0.55191 	    0.005409 	     0.007027 	     0.012436 
8500 	 15 	       64.989 	       76.509 	   0.64778 	   0.55190 	    0.005409 	     0.007028 	     0.012436 
8600 	 15 	       64.982 	       76.500 	   0.64780 	   0.55189 	    0.005409 	     0.007028 	     0.012437 
8700 	 15 	       64.976 	       76.492 	   0.64781 	   0.55187 	    0.005408 	     0.007028 	     0.012437 
8800 	 15 	       64.971 	       76.485 	   0.64783 	   0.55186 	    0.005408 	     0.007029 	     0.012437 
8900 	 15 	       64.967 	       76.480 	   0.64785 	   0.55184 	    0.005408 	     0.007029 	     0.012437 
9000 	 15 	       65.685 	       77.356 	   0.64841 	   0.55195 	    0.005375 	     0.007012 	     0.012387 
9100 	 15 	       65.722 	       77.374 	   0.64868 	   0.55230 	    0.005369 	     0.007006 	     0.012376 
9200 	 15 	       65.713 	       77.362 	   0.64871 	   0.55231 	    0.005369 	     0.007006 	     0.012375 
9300 	 15 	       65.706 	       77.352 	   0.64873 	   0.55231 	    0.005369 	     0.007006 	     0.012375 
9400 	 15 	       65.699 	       77.344 	   0.64875 	   0.55231 	    0.005368 	     0.007006 	     0.012375 
9500 	 15 	       65.694 	       77.336 	   0.64877 	   0.55230 	    0.005368 	     0.007007 	     0.012375 
9600 	 15 	       65.689 	       77.330 	   0.64879 	   0.55229 	    0.005368 	     0.007007 	     0.012375 
9700 	 15 	       65.685 	       77.324 	   0.64880 	   0.55228 	    0.005368 	     0.007007 	     0.012375 
9800 	 15 	       65.681 	       77.319 	   0.64882 	   0.55227 	    0.005368 	     0.007007 	     0.012375 
9900 	 15 	       65.678 	       77.315 	   0.64884 	   0.55225 	    0.005367 	     0.007008 	     0.012375 
10000 	 15 	       66.319 	       78.093 	   0.64931 	   0.55234 	    0.005340 	     0.006995 	     0.012335 
10100 	 15 	       66.350 	       78.107 	   0.64953 	   0.55263 	    0.005335 	     0.006990 	     0.012325 
10200 	 15 	       66.343 	       78.099 	   0.64956 	   0.55264 	    0.005335 	     0.006990 	     0.012325 
10300 	 15 	       66.338 	       78.092 	   0.64958 	   0.55264 	    0.005335 	     0.006990 	     0.012324 
10400 	 15 	       66.334 	       78.085 	   0.64960 	   0.55264 	    0.005334 	     0.006990 	     0.012324 
10500 	 15 	       66.330 	       78.080 	   0.64962 	   0.55264 	    0.005334 	     0.006990 	     0.012324 
10600 	 15 	       66.326 	       78.074 	   0.64964 	   0.55263 	    0.005334 	     0.006990 	     0.012324 
10700 	 15 	       66.323 	       78.069 	   0.64965 	   0.55262 	    0.005334 	     0.006990 	     0.012324 
10800 	 15 	       66.320 	       78.065 	   0.64967 	   0.55261 	    0.005333 	     0.006991 	     0.012324 
10900 	 15 	       66.317 	       78.061 	   0.64969 	   0.55260 	    0.005333 	     0.006991 	     0.012324 
11000 	 15 	       66.892 	       78.754 	   0.65007 	   0.55266 	    0.005311 	     0.006981 	     0.012292 
11100 	 15 	       66.918 	       78.767 	   0.65026 	   0.55291 	    0.005307 	     0.006977 	     0.012284 
11200 	 15 	       66.912 	       78.759 	   0.65029 	   0.55292 	    0.005306 	     0.006977 	     0.012283 
11300 	 15 	       66.908 	       78.753 	   0.65031 	   0.55293 	    0.005306 	     0.006977 	     0.012283 
11400 	 15 	       66.905 	       78.748 	   0.65033 	   0.55292 	    0.005306 	     0.006977 	     0.012283 
11500 	 15 	       66.901 	       78.743 	   0.65035 	   0.55292 	    0.005306 	     0.006977 	     0.012282 
11600 	 15 	       66.898 	       78.738 	   0.65036 	   0.55292 	    0.005305 	     0.006977 	     0.012282 
11700 	 15 	       66.896 	       78.734 	   0.65038 	   0.55291 	    0.005305 	     0.006977 	     0.012282 
11800 	 15 	       66.893 	       78.730 	   0.65040 	   0.55291 	    0.005305 	     0.006977 	     0.012282 
11900 	 15 	       66.891 	       78.727 	   0.65042 	   0.55290 	    0.005305 	     0.006977 	     0.012282 
12000 	 15 	       67.406 	       79.346 	   0.65074 	   0.55294 	    0.005286 	     0.006970 	     0.012256 
12100 	 15 	       67.429 	       79.359 	   0.65089 	   0.55315 	    0.005283 	     0.006966 	     0.012249 
12200 	 15 	       67.424 	       79.352 	   0.65092 	   0.55316 	    0.005282 	     0.006966 	     0.012249 
12300 	 15 	       67.420 	       79.347 	   0.65094 	   0.55317 	    0.005282 	     0.006966 	     0.012248 
12400 	 15 	       67.417 	       79.342 	   0.65095 	   0.55317 	    0.005282 	     0.006966 	     0.012248 
12500 	 15 	       67.414 	       79.338 	   0.65097 	   0.55317 	    0.005282 	     0.006966 	     0.012248 
12600 	 15 	       67.411 	       79.334 	   0.65099 	   0.55316 	    0.005281 	     0.006966 	     0.012248 
12700 	 15 	       67.409 	       79.330 	   0.65101 	   0.55316 	    0.005281 	     0.006966 	     0.012248 
12800 	 15 	       67.406 	       79.327 	   0.65103 	   0.55316 	    0.005281 	     0.006967 	     0.012247 
12900 	 15 	       67.404 	       79.323 	   0.65104 	   0.55315 	    0.005281 	     0.006967 	     0.012247 
13000 	 15 	       67.865 	       79.879 	   0.65131 	   0.55318 	    0.005265 	     0.006961 	     0.012226 
13100 	 15 	       67.886 	       79.891 	   0.65144 	   0.55335 	    0.005262 	     0.006958 	     0.012220 
13200 	 15 	       67.881 	       79.885 	   0.65146 	   0.55337 	    0.005262 	     0.006958 	     0.012220 
13300 	 15 	       67.878 	       79.880 	   0.65148 	   0.55338 	    0.005261 	     0.006958 	     0.012219 
13400 	 15 	       67.875 	       79.876 	   0.65150 	   0.55338 	    0.005261 	     0.006958 	     0.012219 
13500 	 15 	       67.873 	       79.872 	   0.65151 	   0.55338 	    0.005261 	     0.006958 	     0.012219 
13600 	 15 	       67.870 	       79.869 	   0.65153 	   0.55338 	    0.005261 	     0.006958 	     0.012219 
13700 	 15 	       67.868 	       79.865 	   0.65155 	   0.55337 	    0.005261 	     0.006958 	     0.012218 
13800 	 15 	       67.866 	       79.862 	   0.65156 	   0.55337 	    0.005260 	     0.006958 	     0.012218 
13900 	 15 	       67.864 	       79.859 	   0.65158 	   0.55337 	    0.005260 	     0.006958 	     0.012218 
14000 	 15 	       68.277 	       80.357 	   0.65180 	   0.55338 	    0.005247 	     0.006954 	     0.012201 
14100 	 15 	       68.297 	       80.369 	   0.65191 	   0.55353 	    0.005244 	     0.006951 	     0.012196 
14200 	 15 	       68.293 	       80.363 	   0.65194 	   0.55355 	    0.005244 	     0.006951 	     0.012195 
14300 	 15 	       68.290 	       80.359 	   0.65195 	   0.55356 	    0.005244 	     0.006951 	     0.012195 
14400 	 15 	       68.287 	       80.355 	   0.65197 	   0.55356 	    0.005244 	     0.006951 	     0.012195 
14500 	 15 	       68.285 	       80.352 	   0.65199 	   0.55356 	    0.005243 	     0.006951 	     0.012194 
14600 	 15 	       68.283 	       80.349 	   0.65200 	   0.55356 	    0.005243 	     0.006951 	     0.012194 
14700 	 15 	       68.281 	       80.346 	   0.65202 	   0.55356 	    0.005243 	     0.006951 	     0.012194 
14800 	 15 	       68.279 	       80.343 	   0.65203 	   0.55356 	    0.005243 	     0.006951 	     0.012194 
14900 	 15 	       68.277 	       80.341 	   0.65205 	   0.55356 	    0.005243 	     0.006951 	     0.012194 
15000 	 15 	       68.651 	       80.789 	   0.65224 	   0.55356 	    0.005231 	     0.006948 	     0.012179 
15100 	 15 	       68.670 	       80.802 	   0.65233 	   0.55369 	    0.005229 	     0.006946 	     0.012175 
15200 	 15 	       68.666 	       80.798 	   0.65235 	   0.55371 	    0.005229 	     0.006946 	     0.012174 
15300 	 15 	       68.663 	       80.795 	   0.65237 	   0.55371 	    0.005229 	     0.006945 	     0.012174 
15400 	 15 	       68.661 	       80.793 	   0.65239 	   0.55372 	    0.005228 	     0.006945 	     0.012174 
15500 	 15 	       68.659 	       80.790 	   0.65240 	   0.55372 	    0.005228 	     0.006945 	     0.012174 
15600 	 15 	       68.657 	       80.788 	   0.65242 	   0.55372 	    0.005228 	     0.006945 	     0.012173 
15700 	 15 	       68.656 	       80.786 	   0.65243 	   0.55372 	    0.005228 	     0.006945 	     0.012173 
15800 	 15 	       68.654 	       80.784 	   0.65244 	   0.55372 	    0.005228 	     0.006945 	     0.012173 
15900 	 15 	       68.652 	       80.782 	   0.65246 	   0.55372 	    0.005227 	     0.006946 	     0.012173 
16000 	 15 	       68.991 	       81.189 	   0.65262 	   0.55372 	    0.005218 	     0.006943 	     0.012161 
16100 	 15 	       69.010 	       81.203 	   0.65270 	   0.55383 	    0.005216 	     0.006941 	     0.012157 
16200 	 15 	       69.006 	       81.199 	   0.65272 	   0.55385 	    0.005216 	     0.006941 	     0.012157 
16300 	 15 	       69.004 	       81.196 	   0.65274 	   0.55386 	    0.005215 	     0.006941 	     0.012156 
16400 	 15 	       69.002 	       81.194 	   0.65275 	   0.55386 	    0.005215 	     0.006941 	     0.012156 
16500 	 15 	       69.000 	       81.192 	   0.65277 	   0.55386 	    0.005215 	     0.006941 	     0.012156 
16600 	 15 	       68.998 	       81.190 	   0.65278 	   0.55386 	    0.005215 	     0.006941 	     0.012156 
16700 	 15 	       68.997 	       81.189 	   0.65279 	   0.55387 	    0.005215 	     0.006941 	     0.012156 
16800 	 15 	       68.995 	       81.187 	   0.65281 	   0.55387 	    0.005214 	     0.006941 	     0.012155 
16900 	 15 	       68.994 	       81.186 	   0.65282 	   0.55387 	    0.005214 	     0.006941 	     0.012155 
17000 	 15 	       69.302 	       81.553 	   0.65295 	   0.55386 	    0.005206 	     0.006939 	     0.012145 
17100 	 15 	       69.321 	       81.568 	   0.65303 	   0.55396 	    0.005204 	     0.006937 	     0.012142 
17200 	 15 	       69.318 	       81.565 	   0.65305 	   0.55397 	    0.005204 	     0.006937 	     0.012141 
17300 	 15 	       69.315 	       81.563 	   0.65306 	   0.55398 	    0.005204 	     0.006937 	     0.012141 
17400 	 15 	       69.314 	       81.561 	   0.65308 	   0.55399 	    0.005204 	     0.006937 	     0.012141 
17500 	 15 	       69.312 	       81.559 	   0.65309 	   0.55399 	    0.005204 	     0.006937 	     0.012141 
17600 	 15 	       69.310 	       81.558 	   0.65310 	   0.55399 	    0.005203 	     0.006937 	     0.012140 
17700 	 15 	       69.309 	       81.557 	   0.65312 	   0.55399 	    0.005203 	     0.006937 	     0.012140 
17800 	 15 	       69.307 	       81.555 	   0.65313 	   0.55399 	    0.005203 	     0.006937 	     0.012140 
17900 	 15 	       69.306 	       81.554 	   0.65314 	   0.55400 	    0.005203 	     0.006937 	     0.012140 
18000 	 15 	       69.585 	       81.888 	   0.65326 	   0.55399 	    0.005196 	     0.006936 	     0.012131 
18100 	 15 	       69.604 	       81.904 	   0.65332 	   0.55407 	    0.005194 	     0.006934 	     0.012128 
18200 	 15 	       69.601 	       81.901 	   0.65334 	   0.55409 	    0.005194 	     0.006934 	     0.012128 
18300 	 15 	       69.599 	       81.899 	   0.65335 	   0.55410 	    0.005194 	     0.006934 	     0.012128 
18400 	 15 	       69.597 	       81.898 	   0.65337 	   0.55410 	    0.005194 	     0.006934 	     0.012127 
18500 	 15 	       69.596 	       81.897 	   0.65338 	   0.55410 	    0.005193 	     0.006934 	     0.012127 
18600 	 15 	       69.594 	       81.895 	   0.65339 	   0.55411 	    0.005193 	     0.006934 	     0.012127 
18700 	 15 	       69.593 	       81.894 	   0.65340 	   0.55411 	    0.005193 	     0.006934 	     0.012127 
18800 	 15 	       69.592 	       81.893 	   0.65342 	   0.55411 	    0.005193 	     0.006934 	     0.012127 
18900 	 15 	       69.590 	       81.892 	   0.65343 	   0.55411 	    0.005193 	     0.006934 	     0.012126 
19000 	 15 	       69.846 	       82.194 	   0.65353 	   0.55410 	    0.005186 	     0.006933 	     0.012119 
19100 	 15 	       69.865 	       82.211 	   0.65359 	   0.55418 	    0.005185 	     0.006932 	     0.012117 
19200 	 15 	       69.862 	       82.208 	   0.65360 	   0.55419 	    0.005185 	     0.006931 	     0.012116 
19300 	 15 	       69.860 	       82.207 	   0.65362 	   0.55420 	    0.005185 	     0.006931 	     0.012116 
19400 	 15 	       69.859 	       82.205 	   0.65363 	   0.55421 	    0.005185 	     0.006931 	     0.012116 
19500 	 15 	       69.857 	       82.204 	   0.65364 	   0.55421 	    0.005184 	     0.006931 	     0.012116 
19600 	 15 	       69.856 	       82.203 	   0.65365 	   0.55421 	    0.005184 	     0.006931 	     0.012115 
19700 	 15 	       69.855 	       82.202 	   0.65366 	   0.55422 	    0.005184 	     0.006931 	     0.012115 
19800 	 15 	       69.854 	       82.201 	   0.65368 	   0.55422 	    0.005184 	     0.006931 	     0.012115 
19900 	 15 	       69.853 	       82.200 	   0.65369 	   0.55422 	    0.005184 	     0.006931 	     0.012115 
20000 	 15 	       70.086 	       82.475 	   0.65377 	   0.55421 	    0.005178 	     0.006930 	     0.012109 
100 	 16 	       60.240 	       70.960 	   0.62502 	   0.53433 	    0.005954 	     0.007457 	     0.013411 
