  1.4598e+001  4.1579e+000  2.1605e+000 -5.6722e-001 -4.7610e+000
 -4.4355e+000  1.5439e-001  1.6061e-001 -4.3094e+000  1.9490e+000
  7.7407e-001  2.9286e-001  1.0396e+000 -7.7857e-001 -7.1584e-001
 -4.0455e-001
  2.1560e+000
 -3.38064826e+001 -3.38064444e+001  -3.38063490e+001 -2.82772599e-001 -2.82763292e-001  -2.82756951e-001 2.15418633e+000 2.15418635e+000  2.15418636e+000 3.98167038e+000 3.98167043e+000  3.98167046e+000 2.07281583e+001 2.07281797e+001  2.07282315e+001
 -2.11446705e+001 -2.11446471e+001  -2.11446169e+001 3.41190536e+000 3.41191090e+000  3.41192090e+000 -1.39851619e+001 -1.39851141e+001  -1.39850049e+001 9.29164985e+000 9.29164999e+000  9.29165033e+000 -1.87216179e+001 -1.87217080e+001  -1.87218934e+001
 1.89940214e+000 1.89941826e+000  1.89942875e+000 1.56859578e+001 1.56859574e+001  1.56859574e+001 4.71140019e+000 4.71139824e+000  4.71139339e+000 -2.88523839e+000 -2.88523751e+000  -2.88523530e+000 -5.63493604e-001 -5.63497385e-001  -5.63505228e-001
 -1.77864383e-001 -1.77854181e-001  -1.77833149e-001
 -8.73815204e+000 -8.73815204e+000  -8.73815204e+000 -3.61470992e+000 -3.61470992e+000  -3.61470992e+000 3.16420819e+000 3.16420819e+000  3.16420819e+000 6.51545225e-001 6.51545225e-001  6.51545225e-001 2.62427764e+000 2.62427764e+000  2.62427764e+000
 -5.96681590e+000 -5.96681590e+000  -5.96681590e+000 -3.04323758e-002 -3.04323758e-002  -3.04323758e-002 -1.92154237e+000 -1.92154237e+000  -1.92154237e+000 1.04903996e+001 1.04903996e+001  1.04903996e+001 -5.08983089e+000 -5.08983089e+000  -5.08983089e+000
 5.15367713e+000 5.15367713e+000  5.15367713e+000 3.79357668e+000 3.79357668e+000  3.79357668e+000 4.62519425e+000 4.62519425e+000  4.62519425e+000 -2.38227993e+000 -2.38227993e+000  -2.38227993e+000 -1.46249449e-001 -1.46249449e-001  -1.46249449e-001
 -4.81545998e-002 -4.81545998e-002  -4.81545998e-002
 7.18541757e+000 7.18577244e+000  7.18665881e+000 8.48397402e+000 8.48406044e+000  8.48411931e+000 1.41273175e+000 1.41273190e+000  1.41273202e+000 3.19750695e+000 3.19750742e+000  3.19750769e+000 -2.81045764e-001 -2.80847134e-001  -2.80366345e-001
 1.38896360e+000 1.38918087e+000  1.38946194e+000 -1.52264808e+000 -1.52259659e+000  -1.52250349e+000 -1.82524229e-001 -1.82080839e-001  -1.81066144e-001 -1.20751897e+001 -1.20751884e+001  -1.20751853e+001 3.12246486e+000 3.12162805e+000  3.11990699e+000
 -2.41433260e+000 -2.41418284e+000  -2.41408518e+000 5.27675798e-001 5.27671642e-001  5.27671625e-001 -2.40688446e+000 -2.40690263e+000  -2.40694770e+000 -1.45108598e+000 -1.45107773e+000  -1.45105725e+000 -1.07119914e+000 -1.07123426e+000  -1.07130713e+000
 -5.92301302e-001 -5.92206546e-001  -5.92011186e-001
 7.32897994e-001 7.32897994e-001  7.32897994e-001 -6.83954727e-001 -6.83954727e-001  -6.83954727e-001 -6.87449790e-001 -6.87449790e-001  -6.87449790e-001 -9.89208816e-001 -9.89208816e-001  -9.89208816e-001 1.49638814e+000 1.49638814e+000  1.49638814e+000
 -5.97006744e+000 -5.97006744e+000  -5.97006744e+000 1.81040751e+000 1.81040751e+000  1.81040751e+000 -2.36938491e-001 -2.36938491e-001  -2.36938491e-001 2.92028978e-001 2.92028978e-001  2.92028978e-001 1.06016588e+000 1.06016588e+000  1.06016588e+000
 4.39346665e+000 4.39346665e+000  4.39346665e+000 1.79690887e+000 1.79690887e+000  1.79690887e+000 2.61399333e+000 2.61399333e+000  2.61399333e+000 2.11701191e+000 2.11701191e+000  2.11701191e+000 -5.35124293e-002 -5.35124293e-002  -5.35124293e-002
 -3.14665065e-002 -3.14665065e-002  -3.14665065e-002
 1.26451065e+001 1.26451065e+001  1.26451065e+001 -1.60597132e+000 -1.60597132e+000  -1.60597132e+000 1.26248333e+000 1.26248333e+000  1.26248333e+000 -2.98728003e+000 -2.98728003e+000  -2.98728003e+000 -6.09817396e+000 -6.09817396e+000  -6.09817396e+000
 -2.00586597e+000 -2.00586606e+000  -2.00586629e+000 -5.09595129e-002 -5.09596156e-002  -5.09598725e-002 -1.03653761e+000 -1.03653765e+000  -1.03653773e+000 4.72313490e+000 4.72313490e+000  4.72313490e+000 -4.08230402e+000 -4.08230402e+000  -4.08230401e+000
 -1.16529623e+000 -1.16529634e+000  -1.16529662e+000 -4.31491941e+000 -4.31491941e+000  -4.31491941e+000 5.99629918e-001 5.99629934e-001  5.99629974e-001 -2.03207607e+000 -2.03207607e+000  -2.03207608e+000 -1.17538848e-001 -1.17538828e-001  -1.17538776e-001
 -5.04249649e-002 -5.04249974e-002  -5.04250784e-002
 4.35174034e+000 4.35174834e+000  4.35176771e+000 6.04293661e-002 6.04806727e-002  6.04832065e-002 -1.65987915e-001 -1.65987833e-001  -1.65987830e-001 5.56252825e+000 5.56252855e+000  5.56252857e+000 -2.49985034e+000 -2.49984097e+000  -2.49983018e+000
 -4.37975851e+000 -4.37967143e+000  -4.37966340e+000 8.18278734e-001 8.18291084e-001  8.18293471e-001 -1.30093048e+000 -1.30089205e+000  -1.30087097e+000 2.42033843e+001 2.42033846e+001  2.42033855e+001 -1.99457276e-001 -1.99590589e-001  -1.99627103e-001
 1.42483088e+000 1.42492033e+000  1.42492255e+000 1.19405571e+001 1.19405538e+001  1.19405538e+001 -5.63255079e+000 -5.63255121e+000  -5.63255197e+000 -4.18927523e+000 -4.18927502e+000  -4.18927464e+000 -1.45282030e-001 -1.45287441e-001  -1.45289019e-001
 -1.10194713e-001 -1.10179751e-001  -1.10175570e-001
 -1.80041080e+001 -1.80038488e+001  -1.80032012e+001 -2.88433708e+001 -2.88433162e+001  -2.88432764e+001 -2.08892349e+001 -2.08892348e+001  -2.08892347e+001 1.14925360e+000 1.14925390e+000  1.14925409e+000 -1.92519672e+000 -1.92505339e+000  -1.92470480e+000
 1.92164285e+001 1.92165728e+001  1.92167722e+001 -1.94209180e+000 -1.94205613e+000  -1.94198888e+000 -8.39612169e-001 -8.39294459e-001  -8.38557892e-001 -1.28226148e+001 -1.28226140e+001  -1.28226119e+001 -5.21858209e+000 -5.21917353e+000  -5.22042385e+000
 -1.37294595e+001 -1.37293635e+001  -1.37292938e+001 -9.19597642e+000 -9.19597898e+000  -9.19597899e+000 -9.35484076e+000 -9.35485385e+000  -9.35488634e+000 9.09035371e-001 9.09041361e-001  9.09056240e-001 -6.67607395e-001 -6.67632217e-001  -6.67685083e-001
 -4.26516442e-001 -4.26449498e-001  -4.26307696e-001
 -1.05838927e+000 -1.05814349e+000  -1.05752964e+000 1.99437844e-001 1.99499447e-001  1.99539026e-001 1.72587875e+000 1.72587886e+000  1.72587894e+000 -1.20409243e+001 -1.20409240e+001  -1.20409238e+001 7.38243025e-002 7.39620395e-002  7.42948880e-002
 -1.66574462e+000 -1.66559091e+000  -1.66539744e+000 -2.27915711e+000 -2.27912113e+000  -2.27905708e+000 5.62430214e-001 5.62739387e-001  5.63444043e-001 1.37072009e+001 1.37072017e+001  1.37072037e+001 1.58939020e+000 1.58880403e+000  1.58760869e+000
 2.69770729e+000 2.69781486e+000  2.69788227e+000 -8.27604830e+000 -8.27605132e+000  -8.27605134e+000 6.26133635e-001 6.26120985e-001  6.26089624e-001 -1.03275154e+000 -1.03274580e+000  -1.03273156e+000 -8.19316769e-001 -8.19341327e-001  -8.19391849e-001
 -3.42949868e-001 -3.42883552e-001  -3.42747998e-001
 5.91460591e+000 5.91481239e+000  5.91532807e+000 -3.72760825e+000 -3.72755596e+000  -3.72752308e+000 3.15812078e+000 3.15812087e+000  3.15812094e+000 -1.60591101e+001 -1.60591098e+001  -1.60591097e+001 -6.23300470e+000 -6.23288893e+000  -6.23260935e+000
 -2.88663346e+000 -2.88650332e+000  -2.88634110e+000 -5.52719735e+000 -5.52716699e+000  -5.52711326e+000 -1.19541412e+000 -1.19515374e+000  -1.19456117e+000 1.29068578e+001 1.29068585e+001  1.29068601e+001 -7.99379162e-001 -7.99873604e-001  -8.00878816e-001
 7.32496484e-001 7.32588036e-001  7.32644661e-001 -1.29048100e+001 -1.29048125e+001  -1.29048126e+001 8.29819548e-001 8.29808898e-001  8.29782499e-001 -2.26157386e-002 -2.26109058e-002  -2.25989196e-002 -7.26342347e-001 -7.26363053e-001  -7.26405522e-001
 -3.20197679e-001 -3.20141751e-001  -3.20027780e-001
 1.45979503e+001 1.45979503e+001  1.45979503e+001 -4.97971552e+000 -4.97971552e+000  -4.97971552e+000 5.16152246e+000 5.16152246e+000  5.16152246e+000 -1.89300556e+000 -1.89300556e+000  -1.89300556e+000 -7.40302311e+000 -7.40302311e+000  -7.40302311e+000
 -1.65973547e+000 -1.65973547e+000  -1.65973547e+000 -2.54204417e+000 -2.54204417e+000  -2.54204417e+000 -8.57983910e-001 -8.57983910e-001  -8.57983910e-001 -5.32117058e+000 -5.32117058e+000  -5.32117058e+000 -1.36821053e+000 -1.36821053e+000  -1.36821053e+000
 3.27345283e+000 3.27345283e+000  3.27345283e+000 -2.16903669e+000 -2.16903669e+000  -2.16903669e+000 1.31739594e+000 1.31739594e+000  1.31739594e+000 -3.22473863e-005 -3.22473863e-005  -3.22473863e-005 -1.42715679e-001 -1.42715679e-001  -1.42715679e-001
 -1.30523936e-001 -1.30523936e-001  -1.30523936e-001
 1.53688524e+001 1.53688524e+001  1.53688524e+001 2.61889547e+000 2.61889547e+000  2.61889547e+000 4.89682723e-001 4.89682723e-001  4.89682723e-001 -7.67079434e-001 -7.67079434e-001  -7.67079434e-001 -6.86283255e+000 -6.86283255e+000  -6.86283255e+000
 -1.13046793e-001 -1.13046793e-001  -1.13046793e-001 1.22904351e-001 1.22904351e-001  1.22904351e-001 1.49684818e-001 1.49684818e-001  1.49684818e-001 9.28439303e-001 9.28439303e-001  9.28439303e-001 3.42609951e-001 3.42609951e-001  3.42609951e-001
 -5.13114296e+000 -5.13114296e+000  -5.13114296e+000 -1.55785386e+000 -1.55785386e+000  -1.55785386e+000 -1.14924388e+000 -1.14924388e+000  -1.14924388e+000 2.66078835e+000 2.66078835e+000  2.66078835e+000 5.36847557e-002 5.36847557e-002  5.36847557e-002
 -1.52747835e-002 -1.52747835e-002  -1.52747835e-002
 -4.41792285e+000 -4.41792285e+000  -4.41792285e+000 4.23204333e+000 4.23204333e+000  4.23204333e+000 2.44841395e-001 2.44841395e-001  2.44841395e-001 1.34581534e+000 1.34581534e+000  1.34581534e+000 5.31192999e+000 5.31192999e+000  5.31192999e+000
 -2.37178320e+000 -2.37178320e+000  -2.37178320e+000 1.48813258e+000 1.48813258e+000  1.48813258e+000 2.62142377e-001 2.62142377e-001  2.62142377e-001 9.55983656e-002 9.55983656e-002  9.55983656e-002 1.76318062e+000 1.76318062e+000  1.76318062e+000
 -4.30087159e-001 -4.30087159e-001  -4.30087159e-001 7.61018794e-001 7.61018794e-001  7.61018794e-001 -1.84601131e-001 -1.84601131e-001  -1.84601131e-001 -7.13331636e-001 -7.13331636e-001  -7.13331636e-001 -6.91930669e-001 -6.91930669e-001  -6.91930669e-001
 -9.97956801e-002 -9.97956801e-002  -9.97956801e-002
 -4.85168874e+000 -4.85133387e+000  -4.85044749e+000 4.52322693e+000 4.52331334e+000  4.52337222e+000 -3.64124590e+000 -3.64124576e+000  -3.64124563e+000 8.68956284e-001 8.68956754e-001  8.68957022e-001 4.47139575e+000 4.47159438e+000  4.47207517e+000
 -1.97546953e+000 -1.97525236e+000  -1.97497151e+000 1.70137512e+000 1.70142650e+000  1.70151935e+000 -4.09642502e-001 -4.09199146e-001  -4.08184533e-001 -2.09605864e+000 -2.09605737e+000  -2.09605421e+000 9.62140936e-002 9.53772834e-002  9.36562196e-002
 3.90171566e+000 3.90186531e+000  3.90196269e+000 1.84227071e+000 1.84226656e+000  1.84226654e+000 8.23187861e-001 8.23169704e-001  8.23124675e-001 -3.31357461e+000 -3.31356636e+000  -3.31354588e+000 -4.61288823e-001 -4.61323925e-001  -4.61396746e-001
 -4.28598373e-001 -4.28503650e-001  -4.28308371e-001
 -3.11027428e+000 -3.11319813e+000 -3.11911342e+000
 -1.98012953e+000 -1.98017552e+000 -1.98020602e+000
 -2.65152655e+000 -2.65152660e+000 -2.65152665e+000
 -1.03857725e+001 -1.03857725e+001 -1.03857726e+001
 -2.40165667e+000 -2.40174218e+000 -2.40194937e+000
 -1.76879912e+000 -1.77128638e+000 -1.77733628e+000
 -3.61781033e+000 -3.61782461e+000 -3.61785038e+000
 -3.22769565e+000 -3.22784034e+000 -3.22817238e+000
 -1.56162871e+000 -1.56218676e+000 -1.56218730e+000
 1.11717466e+000 1.11560491e+000 1.11252778e+000
 -2.65123572e+000 -2.65129598e+000 -2.65133298e+000
 2.50219415e+000 2.50219248e+000 2.50219248e+000
 2.93085079e+000 2.93084458e+000 2.93082917e+000
 -1.34680402e+000 -1.34681016e+000 -1.34682541e+000
 5.42812635e-001 5.42746499e-001 5.42609242e-001
 -3.43216534e-001 -3.43522392e-001 -3.44153325e-001
