  1.2599e+000 -2.8606e+000  7.7382e+000 -2.0723e+000  4.6640e+000
  1.6469e+000 -7.9913e-001  1.0478e+000  1.7105e-002  1.1621e-001
 -1.4839e-001 -1.6229e-002 -6.0383e-002 -6.6154e-002 -3.6100e-002
 -2.9841e-003
  5.6365e+000
 -3.45597752e-001 -3.45152902e-001  -3.45131713e-001 3.52776719e+000 3.52776468e+000  3.52771696e+000 -7.25747439e+000 -7.25747099e+000  -7.25749748e+000 -2.46985210e+000 -2.46975360e+000  -2.46981006e+000 -1.25181272e+001 -1.25179561e+001  -1.25179434e+001
 1.00960121e+000 1.00940483e+000  1.00946950e+000 -2.84388672e+000 -2.84420613e+000  -2.84420648e+000 -1.32414538e+000 -1.32414210e+000  -1.32409446e+000 1.28871721e+000 1.28884567e+000  1.28882652e+000 -2.20833983e+000 -2.20830304e+000  -2.20830058e+000
 -1.43236155e-001 -1.43247142e-001  -1.43245443e-001 -3.04693643e-001 -3.04745853e-001  -3.04737624e-001 -2.26917186e-001 -2.26946755e-001  -2.26942000e-001 -1.06345352e-001 -1.06358878e-001  -1.06356776e-001 -3.70282561e-002 -3.70376065e-002  -3.70361855e-002
 -2.70442672e-003 -2.70589983e-003  -2.70567398e-003
 -7.86162052e-001 -7.85715172e-001  -7.85688907e-001 -1.52443561e+000 -1.52442661e+000  -1.52444556e+000 4.07959128e+000 4.07960066e+000  4.07958915e+000 1.80156527e+000 1.80167705e+000  1.80165378e+000 -9.32830735e+000 -9.32813622e+000  -9.32812330e+000
 -4.50922379e+000 -4.50943438e+000  -4.50940525e+000 2.87368042e+000 2.87335758e+000  2.87334862e+000 -8.69727002e-001 -8.69737686e-001  -8.69724945e-001 6.36761121e-001 6.36896767e-001  6.36895581e-001 1.02410389e+000 1.02414298e+000  1.02415120e+000
 -1.76582463e-001 -1.76594095e-001  -1.76594007e-001 -3.55772987e-001 -3.55828172e-001  -3.55827379e-001 -1.96900572e-001 -1.96931873e-001  -1.96931444e-001 -7.01341047e-002 -7.01484095e-002  -7.01482532e-002 -2.44227530e-002 -2.44326317e-002  -2.44325314e-002
 -2.07123759e-003 -2.07279438e-003  -2.07277771e-003
 3.72039251e+000 3.72039251e+000  3.72039251e+000 1.52854278e+000 1.52854278e+000  1.52854278e+000 -1.90623739e+000 -1.90623739e+000  -1.90623739e+000 -3.64352611e+000 -3.64352611e+000  -3.64352611e+000 -2.32173530e+000 -2.32173530e+000  -2.32173530e+000
 -6.27654593e-001 -6.27654593e-001  -6.27654593e-001 1.58242906e+000 1.58242906e+000  1.58242906e+000 -6.00114667e-001 -6.00114667e-001  -6.00114667e-001 -6.17849489e-002 -6.17849489e-002  -6.17849489e-002 3.45773174e-003 3.45773174e-003  3.45773174e-003
 3.33667050e-003 3.33667050e-003  3.33667050e-003 -2.34086357e-002 -2.34086357e-002  -2.34086357e-002 -1.37721931e-002 -1.37721931e-002  -1.37721931e-002 -4.83035655e-003 -4.83035655e-003  -4.83035655e-003 -1.88107895e-003 -1.88107895e-003  -1.88107895e-003
 -1.84591119e-005 -1.84591119e-005  -1.84591119e-005
 -1.21043089e-001 -1.21043089e-001  -1.21043089e-001 1.35580931e+000 1.35580931e+000  1.35580931e+000 -3.06124751e+000 -3.06124751e+000  -3.06124751e+000 -4.04452741e-001 -4.04452741e-001  -4.04452741e-001 -4.75742849e+000 -4.75742849e+000  -4.75742849e+000
 -1.63989703e+000 -1.63989703e+000  -1.63989703e+000 -8.82390813e-001 -8.82390813e-001  -8.82390813e-001 -8.91735620e-001 -8.91735620e-001  -8.91735620e-001 -4.40018797e-002 -4.40018797e-002  -4.40018797e-002 -3.34447700e-001 -3.34447700e-001  -3.34447700e-001
 3.07626287e-002 3.07626287e-002  3.07626287e-002 2.53530103e-002 2.53530103e-002  2.53530103e-002 5.73064388e-003 5.73064388e-003  5.73064388e-003 -6.22238043e-003 -6.22238043e-003  -6.22238043e-003 -5.77699080e-003 -5.77699080e-003  -5.77699080e-003
 -6.68838528e-005 -6.68838528e-005  -6.68838528e-005
 -1.39652350e+000 -1.39652830e+000  -1.39654029e+000 3.81209331e-001 3.81139124e-001  3.80963607e-001 3.44891722e+000 3.44888374e+000  3.44880005e+000 -2.95059773e-001 -2.95144466e-001  -2.95356198e-001 1.16537442e+000 1.16537431e+000  1.16537405e+000
 -2.26452202e+000 -2.26442943e+000  -2.26419797e+000 -1.68990769e+000 -1.68990753e+000  -1.68990714e+000 -3.72919758e-002 -3.72229721e-002  -3.70504631e-002 2.31431131e-002 2.31074732e-002  2.30183733e-002 -3.41578944e-001 -3.41587014e-001  -3.41607187e-001
 -2.38695427e-001 -2.38692126e-001  -2.38683874e-001 5.23470235e-003 5.24966520e-003  5.28707234e-003 -6.44240555e-002 -6.44153134e-002  -6.43934581e-002 -9.09405997e-002 -9.09366840e-002  -9.09268947e-002 -5.07414184e-002 -5.07387761e-002  -5.07321701e-002
 -4.92594654e-003 -4.92552905e-003  -4.92448534e-003
 4.95690807e-001 4.96279699e-001  4.96316874e-001 -2.59112941e+000 -2.59110520e+000  -2.59109921e+000 3.63790202e+000 3.63792037e+000  3.63792024e+000 3.75014307e-003 3.91317658e-003  3.92255210e-003 1.98794298e+000 1.98816828e+000  1.98818573e+000
 8.41479626e-001 8.41186835e-001  8.41185724e-001 5.72201658e-002 5.67994413e-002  5.67975577e-002 7.72613244e-001 7.72590766e-001  7.72586466e-001 7.71655763e-002 7.73487635e-002  7.73590872e-002 2.66424921e-001 2.66476373e-001  2.66487244e-001
 -6.57558315e-003 -6.59133454e-003  -6.59234598e-003 -7.22026041e-002 -7.22772330e-002  -7.22812839e-002 -4.76655536e-002 -4.77079157e-002  -4.77103223e-002 -1.72727914e-002 -1.72921371e-002  -1.72932533e-002 -7.77064538e-003 -7.78399573e-003  -7.78475258e-003
 -5.61131853e-005 -5.82172029e-005  -5.83356901e-005
 2.49033292e+000 2.49033292e+000  2.49033292e+000 -1.51689246e+000 -1.51689246e+000  -1.51689246e+000 4.17199191e+000 4.17199191e+000  4.17199191e+000 -2.38065218e+000 -2.38065218e+000  -2.38065218e+000 4.35904366e+000 4.35904366e+000  4.35904366e+000
 3.49358466e+000 3.49358466e+000  3.49358466e+000 3.49606772e-001 3.49606772e-001  3.49606772e-001 5.20443765e-001 5.20443765e-001  5.20443765e-001 -1.41970092e-001 -1.41970092e-001  -1.41970092e-001 1.21551387e-001 1.21551387e-001  1.21551387e-001
 1.08296860e-002 1.08296860e-002  1.08296860e-002 -2.03461490e-003 -2.03461490e-003  -2.03461490e-003 1.82592688e-003 1.82592688e-003  1.82592688e-003 2.29199981e-003 2.29199981e-003  2.29199981e-003 8.62814710e-004 8.62814710e-004  8.62814710e-004
 7.38237024e-006 7.38237024e-006  7.38237024e-006
 1.78306491e+000 1.78365150e+000  1.78368293e+000 -1.48265381e+000 -1.48263179e+000  -1.48263127e+000 5.57628378e+000 5.57630008e+000  5.57629480e+000 -5.54317048e-001 -5.54158232e-001  -5.54159398e-001 1.37388289e+000 1.37410809e+000  1.37412530e+000
 1.63986644e+000 1.63957399e+000  1.63957372e+000 1.30749937e+000 1.30707483e+000  1.30706343e+000 1.13169827e-001 1.13144991e-001  1.13134795e-001 -5.23369633e-001 -5.23186116e-001  -5.23174969e-001 -6.50006718e-002 -6.49477485e-002  -6.49331978e-002
 -8.25181521e-002 -8.25339397e-002  -8.25350415e-002 1.46019869e-001 1.45945152e-001  1.45940882e-001 4.79703636e-003 4.75460683e-003  4.75203141e-003 -6.37320107e-002 -6.37513907e-002  -6.37525928e-002 -4.51200192e-002 -4.51333908e-002  -4.51342008e-002
 -4.58521449e-003 -4.58732142e-003  -4.58744718e-003
 4.05615441e-001 4.05613434e-001  4.05608418e-001 -2.00525039e+000 -2.00531814e+000  -2.00548749e+000 5.81821412e+000 5.81818275e+000  5.81810432e+000 -1.25051526e+000 -1.25059533e+000  -1.25079550e+000 3.94432781e+000 3.94432781e+000  3.94432779e+000
 2.12547686e+000 2.12556910e+000  2.12579971e+000 -1.10563685e+000 -1.10563294e+000  -1.10562319e+000 6.94994446e-001 6.95065724e-001  6.95243919e-001 3.72228708e-001 3.72193024e-001  3.72103816e-001 5.55499802e-002 5.55407413e-002  5.55176441e-002
 -8.02799883e-002 -8.02766809e-002  -8.02684126e-002 -2.00042089e-001 -2.00027163e-001  -1.99989846e-001 -1.21123766e-001 -1.21115031e-001  -1.21093192e-001 -4.37740730e-002 -4.37701569e-002  -4.37603668e-002 -1.26514910e-002 -1.26488504e-002  -1.26422489e-002
 -3.68930396e-004 -3.68513706e-004  -3.67471980e-004
 -2.28203660e-001 -2.28204153e-001  -2.28205384e-001 1.90247531e-001 1.90247257e-001  1.90246573e-001 3.51648528e-001 3.51648480e-001  3.51648359e-001 -3.21614812e-001 -3.21615218e-001  -3.21616232e-001 2.79784446e+000 2.79784446e+000  2.79784446e+000
 -1.03292751e+000 -1.03292751e+000  -1.03292749e+000 -1.48494327e+000 -1.48494321e+000  -1.48494305e+000 4.47600760e-001 4.47600844e-001  4.47601054e-001 1.09479522e-001 1.09479236e-001  1.09478522e-001 5.58480550e-002 5.58477529e-002  5.58469977e-002
 -7.16431842e-002 -7.16431544e-002  -7.16430799e-002 -1.49802957e-002 -1.49801719e-002  -1.49798624e-002 6.06304763e-003 6.06312161e-003  6.06330655e-003 1.58469234e-003 1.58472635e-003  1.58481136e-003 1.22261051e-004 1.22284099e-004  1.22341719e-004
 -2.05324681e-005 -2.05287639e-005  -2.05195036e-005
 4.10887653e-001 4.10890153e-001  4.10888821e-001 8.18109259e-001 8.18089106e-001  8.18038435e-001 -8.56428568e-001 -8.56437863e-001  -8.56461343e-001 -3.21253143e+000 -3.21255454e+000  -3.21261441e+000 8.97402895e+000 8.97403014e+000  8.97403022e+000
 -1.78880808e+000 -1.78878200e+000  -1.78871295e+000 2.33819559e+000 2.33819453e+000  2.33819745e+000 -3.83305466e+000 -3.83303344e+000  -3.83298011e+000 1.41627337e-001 1.41617620e-001  1.41590963e-001 -3.85119132e-001 -3.85121626e-001  -3.85128482e-001
 1.72601197e-002 1.72610269e-002  1.72634974e-002 -8.31159249e-002 -8.31118493e-002  -8.31006962e-002 -5.43363829e-002 -5.43339909e-002  -5.43274639e-002 -2.18174851e-002 -2.18164147e-002  -2.18134890e-002 -6.47772066e-003 -6.47700048e-003  -6.47502768e-003
 -2.61124503e-004 -2.61010838e-004  -2.60699514e-004
 5.06913313e+000 5.06913289e+000  5.06913229e+000 -4.23476114e+000 -4.23476128e+000  -4.23476165e+000 1.08373572e+001 1.08373571e+001  1.08373568e+001 -5.66731472e+000 -5.66731491e+000  -5.66731540e+000 -1.90090525e+000 -1.90090526e+000  -1.90090527e+000
 2.62985838e+000 2.62985843e+000  2.62985853e+000 5.32492353e-002 5.32492813e-002  5.32493962e-002 -5.27483446e-001 -5.27483341e-001  -5.27483078e-001 2.39946820e-001 2.39946705e-001  2.39946417e-001 -9.17814169e-001 -9.17814216e-001  -9.17814335e-001
 8.02994745e-003 8.02995770e-003  8.02998334e-003 -8.97075775e-003 -8.97070781e-003  -8.97058297e-003 -1.42095973e-002 -1.42095689e-002  -1.42094976e-002 -1.44526368e-002 -1.44526240e-002  -1.44525918e-002 -6.95194190e-003 -6.95193299e-003  -6.95191072e-003
 -2.62168127e-004 -2.62166679e-004  -2.62163061e-004
 -1.00181819e+001 -1.00179649e+001  -1.00179592e+001 -2.31662821e+000 -2.31666311e+000  -2.31677075e+000 -8.48346760e+000 -8.48348161e+000  -8.48353385e+000 6.28102022e-001 6.28109883e-001  6.27980530e-001 -3.20728766e+000 -3.20720356e+000  -3.20719754e+000
 2.37557881e+000 2.37552720e+000  2.37567165e+000 3.38480857e-001 3.38323421e-001  3.38322706e-001 -2.25326506e+000 -2.25323045e+000  -2.25312453e+000 5.44128922e-001 5.44175127e-001  5.44123134e-001 -1.74197109e-001 -1.74182992e-001  -1.74191765e-001
 -1.80840582e-001 -1.80844405e-001  -1.80839604e-001 -1.62750965e-001 -1.62769508e-001  -1.62747566e-001 -1.42247708e-001 -1.42258077e-001  -1.42245271e-001 -9.65578252e-002 -9.65626083e-002  -9.65568860e-002 -4.98532095e-002 -4.98565479e-002  -4.98526881e-002
 -3.11991214e-003 -3.12043763e-003  -3.11982740e-003
 -4.69375214e+000 -4.69338688e+000  -4.69337179e+000 4.56431869e+000 4.56428731e+000  4.56417473e+000 -3.74739860e+000 -3.74740923e+000  -3.74746463e+000 6.35663921e+000 6.35668510e+000  6.35655064e+000 -8.13627252e+000 -8.13613174e+000  -8.13612135e+000
 -1.86173621e+000 -1.86185794e+000  -1.86170488e+000 -3.39294999e+000 -3.39321283e+000  -3.39321289e+000 1.37188249e+000 1.37191444e+000  1.37202677e+000 -9.79277498e-001 -9.79186634e-001  -9.79239611e-001 -8.89052497e-001 -8.89025788e-001  -8.89032710e-001
 -3.28380951e-002 -3.28457510e-002  -3.28408804e-002 3.36211254e-001 3.36174528e-001  3.36196938e-001 1.47455930e-001 1.47435249e-001  1.47448317e-001 9.89522476e-003 9.88572959e-003  9.89155976e-003 -7.90082540e-003 -7.90741779e-003  -7.90348558e-003
 -2.61289792e-003 -2.61393622e-003  -2.61331434e-003
 7.00129322e+000 7.00153152e+000  7.00154336e+000 6.21583359e+000 6.21581035e+000  6.21573005e+000 -8.00198615e-001 -8.00207209e-001  -8.00247418e-001 -6.22784799e+000 -6.22782156e+000  -6.22791752e+000 5.37814851e+000 5.37824075e+000  5.37824928e+000
 -5.39749334e+000 -5.39756908e+000  -5.39746103e+000 -7.74203197e-001 -7.74375712e-001  -7.74379790e-001 -5.94259627e-001 -5.94237162e-001  -5.94159885e-001 -5.16469102e-001 -5.16410628e-001  -5.16446588e-001 1.26354839e+000 1.26356628e+000  1.26356308e+000
 -1.00207098e-001 -1.00212019e-001  -1.00208710e-001 1.30024424e-001 1.30000812e-001  1.30016050e-001 5.05370566e-002 5.05237651e-002  5.05326494e-002 -1.47921387e-002 -1.47982449e-002  -1.47942853e-002 -1.67259835e-002 -1.67302249e-002  -1.67275556e-002
 -2.04508056e-003 -2.04574848e-003  -2.04532618e-003
 7.51812554e-001 7.52072840e-001  7.52080253e-001 3.98023311e+000 3.98018957e+000  3.98005628e+000 -4.96923389e+000 -4.96925147e+000  -4.96931602e+000 -1.66357350e+000 -1.66356562e+000  -1.66372446e+000 3.34795144e+000 3.34805222e+000  3.34805951e+000
 4.17850755e+000 4.17844839e+000  4.17862813e+000 -3.04541682e+000 -3.04560409e+000  -3.04560162e+000 8.24096943e-001 8.24141604e-001  8.24276520e-001 -2.25985156e-001 -2.25931148e-001  -2.25996798e-001 1.34853270e-001 1.34869567e-001  1.34857519e-001
 -8.97183010e-002 -8.97227600e-002  -8.97167084e-002 7.31551177e-002 7.31334459e-002  7.31610865e-002 1.10926474e-002 1.10805441e-002  1.10966816e-002 -3.17135998e-002 -3.17191860e-002  -3.17119714e-002 -2.22727662e-002 -2.22766683e-002  -2.22718013e-002
 -2.21854379e-003 -2.21915803e-003  -2.21838877e-003
 1.22894069e+000 1.22933178e+000  1.22932974e+000 -3.53462136e-002 -3.53611443e-002  -3.54356916e-002 -1.66657946e-001 -1.66659744e-001  -1.66695654e-001 -1.32940647e+000 -1.32933422e+000  -1.32942548e+000 -5.10246169e-001 -5.10096446e-001  -5.10094770e-001
 2.34363614e+000 2.34347589e+000  2.34357426e+000 1.31345541e+000 1.31316984e+000  1.31317276e+000 -1.23736414e+000 -1.23734893e+000  -1.23727548e+000 -4.01339329e-001 -4.01232355e-001  -4.01270547e-001 -4.10552165e-001 -4.10523239e-001  -4.10531321e-001
 -1.06793769e-001 -1.06802841e-001  -1.06799324e-001 5.58452219e-002 5.58018210e-002  5.58179347e-002 -1.16119552e-002 -1.16364627e-002  -1.16270684e-002 -4.62722746e-002 -4.62834970e-002  -4.62792943e-002 -3.21113596e-002 -3.21191320e-002  -3.21162925e-002
 -2.93604695e-003 -2.93727142e-003  -2.93682224e-003
 1.41670035e+000 1.41711394e+000  1.41712000e+000 -2.54268883e+000 -2.54268173e+000  -2.54270304e+000 -1.18408066e+000 -1.18407225e+000  -1.18408417e+000 -2.22598387e+000 -2.22588108e+000  -2.22590933e+000 1.01139276e+001 1.01140859e+001  1.01140907e+001
 -9.15008164e-001 -9.15206834e-001  -9.15180003e-001 6.01017489e-001 6.00716357e-001  6.00715570e-001 -1.81118859e+000 -1.81119657e+000  -1.81117936e+000 1.36783821e-001 1.36908605e-001  1.36899925e-001 5.69333264e-001 5.69367505e-001  5.69368761e-001
 -1.69448580e-001 -1.69459265e-001  -1.69458496e-001 -1.42126498e-001 -1.42177263e-001  -1.42173439e-001 -1.24332216e-001 -1.24360993e-001  -1.24358801e-001 -7.91973380e-002 -7.92104886e-002  -7.92095222e-002 -3.85045723e-002 -3.85136553e-002  -3.85129983e-002
 -3.08351183e-003 -3.08494295e-003  -3.08483795e-003
 -1.02142014e+000 -1.02110387e+000  -1.02110444e+000 -3.34516506e-001 -3.34522685e-001  -3.34568191e-001 -1.35101023e+000 -1.35100883e+000  -1.35103070e+000 5.93697208e-001 5.93762438e-001  5.93705954e-001 3.65945091e+000 3.65957181e+000  3.65957313e+000
 -1.52894670e+000 -1.52908384e+000  -1.52902371e+000 1.44516443e+000 1.44493368e+000  1.44493571e+000 -1.29930178e+000 -1.29929557e+000  -1.29925142e+000 -6.39403704e-001 -6.39314283e-001  -6.39337548e-001 -8.03699699e-001 -8.03675610e-001  -8.03680316e-001
 -5.21992224e-003 -5.22752784e-003  -5.22538751e-003 2.10966480e-001 2.10930165e-001  2.10940016e-001 6.89887375e-002 6.89682061e-002  6.89739433e-002 -1.60653696e-002 -1.60747642e-002  -1.60721996e-002 -1.77442970e-002 -1.77507976e-002  -1.77490641e-002
 -2.40560100e-003 -2.40662521e-003  -2.40635086e-003
 -1.28036455e+000 -1.28005577e+000  -1.28005581e+000 -4.24831557e+000 -4.24831264e+000  -4.24833467e+000 -7.79773150e-001 -7.79767679e-001  -7.79778754e-001 4.72905344e+000 4.72912756e+000  4.72909866e+000 -8.87365650e+000 -8.87353851e+000  -8.87353714e+000
 -2.83107042e+000 -2.83121657e+000  -2.83118878e+000 -1.62652224e-001 -1.62878015e-001  -1.62877680e-001 1.46665208e-002 1.46629506e-002  1.46819423e-002 3.16130426e-001 3.16222439e-001  3.16211661e-001 -4.93031611e-001 -4.93006833e-001  -4.93008235e-001
 -1.23691201e-001 -1.23699064e-001  -1.23698081e-001 -5.28522243e-002 -5.28896473e-002  -5.28850164e-002 -7.54552069e-002 -7.54764051e-002  -7.54737232e-002 -6.58316947e-002 -6.58413837e-002  -6.58401888e-002 -3.45182294e-002 -3.45249244e-002  -3.45241144e-002
 -2.41402424e-003 -2.41507915e-003  -2.41495049e-003
 1.15858721e+000 1.15890461e+000  1.15891158e+000 1.74359239e+000 1.74356393e+000  1.74346289e+000 -4.46366645e-001 -4.46376296e-001  -4.46425642e-001 -2.83207716e-001 -2.83168803e-001  -2.83289780e-001 -6.31644957e-001 -6.31522616e-001  -6.31515907e-001
 1.56768893e+000 1.56758289e+000  1.56771839e+000 1.29289069e+000 1.29266063e+000  1.29266093e+000 -1.49495603e-002 -1.49208054e-002  -1.48204747e-002 -4.70856289e-001 -4.70777687e-001  -4.70826534e-001 -6.44008228e-001 -6.43985632e-001  -6.43993684e-001
 -9.51651972e-002 -9.51718082e-002  -9.51673068e-002 -6.05102469e-002 -6.05420160e-002  -6.05213984e-002 -7.09097840e-002 -7.09276630e-002  -7.09156330e-002 -6.27686543e-002 -6.27768631e-002  -6.27714885e-002 -3.74069763e-002 -3.74126772e-002  -3.74090510e-002
 -2.87484184e-003 -2.87573969e-003  -2.87516624e-003
 1.30882029e+000 1.30916496e+000  1.30918203e+000 -1.48737404e+000 -1.48737497e+000  -1.48740937e+000 -1.81454994e+000 -1.81454684e+000  -1.81456615e+000 -1.52706489e+000 -1.52698798e+000  -1.52703009e+000 1.24816289e+001 1.24817617e+001  1.24817723e+001
 -2.65413411e+000 -2.65428778e+000  -2.65424182e+000 3.98677331e-001 3.98428432e-001  3.98424120e-001 -7.29290213e-001 -7.29290447e-001  -7.29260489e-001 2.01811522e-001 2.01912136e-001  2.01900210e-001 5.80138626e-001 5.80167794e-001  5.80171407e-001
 -1.73087945e-001 -1.73096551e-001  -1.73095487e-001 -3.07136172e-001 -3.07177045e-001  -3.07171803e-001 -2.11245937e-001 -2.11269095e-001  -2.11266076e-001 -1.03653913e-001 -1.03664506e-001  -1.03663180e-001 -4.52765879e-002 -4.52839088e-002  -4.52830131e-002
 -3.05136868e-003 -3.05252197e-003  -3.05237911e-003
 -1.42688377e+000 -1.42665158e+000  -1.42664174e+000 1.02608707e+000 1.02606809e+000  1.02599894e+000 -1.05071902e+000 -1.05072531e+000  -1.05075934e+000 1.75522304e+000 1.75525331e+000  1.75517065e+000 4.56760791e+000 4.56769747e+000  4.56770435e+000
 -2.88939638e+000 -2.88947512e+000  -2.88938134e+000 1.21502748e+000 1.21486011e+000  1.21485917e+000 4.96990948e-002 4.97181032e-002  4.97862594e-002 -6.91843603e-001 -6.91785257e-001  -6.91817394e-001 -1.02152355e+000 -1.02150640e+000  -1.02151036e+000
 1.50857095e-002 1.50807907e-002  1.50837501e-002 1.11102188e-001 1.11078602e-001  1.11092215e-001 1.79432523e-002 1.79299662e-002  1.79379060e-002 -2.93268027e-002 -2.93329012e-002  -2.93293599e-002 -2.10177933e-002 -2.10220264e-002  -2.10196384e-002
 -2.27447067e-003 -2.27513736e-003  -2.27475962e-003
 -1.72085051e+000 -1.72062674e+000  -1.72061631e+000 -3.38358026e+000 -3.38358902e+000  -3.38363178e+000 -4.29267022e-001 -4.29268737e-001  -4.29290626e-001 6.37295747e+000 6.37299774e+000  6.37294607e+000 -9.55378762e+000 -9.55370132e+000  -9.55369440e+000
 -4.39923583e+000 -4.39932470e+000  -4.39926725e+000 -5.91681645e-001 -5.91843446e-001  -5.91846280e-001 1.52620881e+000 1.52621683e+000  1.52625672e+000 3.81892900e-001 3.81954159e-001  3.81936053e-001 -6.72424875e-001 -6.72406953e-001  -6.72407197e-001
 -1.18040820e-001 -1.18046028e-001  -1.18044369e-001 -1.85351680e-001 -1.85376511e-001  -1.85368763e-001 -1.44368840e-001 -1.44382875e-001  -1.44378369e-001 -8.52493706e-002 -8.52558001e-002  -8.52537980e-002 -3.98667112e-002 -3.98711627e-002  -3.98698125e-002
 -2.28393590e-003 -2.28463709e-003  -2.28442306e-003
 4.09133483e-001 4.09148345e-001  4.09185501e-001 3.52981571e+000 3.52981811e+000  3.52982410e+000 5.34005549e+000 5.34005548e+000  5.34005546e+000 -1.09361792e+000 -1.09361410e+000  -1.09360455e+000 2.42386119e+000 2.42386817e+000  2.42388562e+000
 -8.58439055e-001 -8.58439438e-001  -8.58440395e-001 -2.32638895e+000 -2.32638976e+000  -2.32639177e+000 3.14135564e+000 3.14135393e+000  3.14134964e+000 -2.05466019e-001 -2.05461892e-001  -2.05451574e-001 3.08411311e-001 3.08415649e-001  3.08426494e-001
 -9.34464441e-003 -9.34504743e-003  -9.34605498e-003 -1.49250988e-001 -1.49252601e-001  -1.49256632e-001 -8.90346232e-002 -8.90355815e-002  -8.90379772e-002 -3.90870094e-002 -3.90874541e-002  -3.90885657e-002 -1.84368117e-002 -1.84371132e-002  -1.84378668e-002
 -6.15512640e-004 -6.15559809e-004  -6.15677731e-004
 -5.40875829e-001 -5.40879389e-001  -5.40888288e-001 -3.74747549e+000 -3.74754515e+000  -3.74771931e+000 4.84513487e-001 4.84480218e-001  4.84397044e-001 3.02803381e+000 3.02795193e+000  3.02774722e+000 2.43927158e+000 2.43927187e+000  2.43927262e+000
 -9.72767601e-001 -9.72675245e-001  -9.72444355e-001 1.48356772e+000 1.48356474e+000  1.48355730e+000 5.30049566e-001 5.30118483e-001  5.30290776e-001 3.70194910e-001 3.70160768e-001  3.70075413e-001 -8.10707116e-001 -8.10714591e-001  -8.10733278e-001
 -7.71196276e-002 -7.71164494e-002  -7.71085039e-002 -1.96413045e-001 -1.96398786e-001  -1.96363139e-001 -1.15825652e-001 -1.15817300e-001  -1.15796419e-001 -4.37264762e-002 -4.37227327e-002  -4.37133739e-002 -1.28161049e-002 -1.28135834e-002  -1.28072796e-002
 -1.03866411e-003 -1.03826622e-003  -1.03727151e-003
 1.03207753e+000 1.03265027e+000  1.03264707e+000 1.19450840e-001 1.19472103e-001  1.19470746e-001 1.81787642e+000 1.81789457e+000  1.81789394e+000 -2.31187852e+000 -2.31172212e+000  -2.31172934e+000 7.86160167e-001 7.86378078e-001  7.86377071e-001
 2.30013024e+000 2.29983811e+000  2.29983864e+000 -4.53991839e-001 -4.54408598e-001  -4.54400570e-001 -1.93531671e+000 -1.93533738e+000  -1.93533717e+000 2.01199832e-001 2.01377385e-001  2.01373622e-001 -9.02551968e-001 -9.02505471e-001  -9.02506987e-001
 -8.75633851e-002 -8.75786090e-002  -8.75783018e-002 -4.34591041e-002 -4.35314082e-002  -4.35296467e-002 -4.87414044e-002 -4.87824131e-002  -4.87814364e-002 -2.65143195e-002 -2.65330463e-002  -2.65326151e-002 -7.17894298e-003 -7.19186954e-003  -7.19156694e-003
 -1.35496196e-003 -1.35699898e-003  -1.35694998e-003
 8.58707742e-001 8.58707790e-001  8.58707912e-001 -3.42940171e+000 -3.42940171e+000  -3.42940171e+000 3.84522683e+000 3.84522683e+000  3.84522683e+000 -2.03597891e+000 -2.03597891e+000  -2.03597889e+000 2.15124758e+000 2.15124758e+000  2.15124758e+000
 1.91945733e+000 1.91945728e+000  1.91945716e+000 1.37323241e-002 1.37322989e-002  1.37322358e-002 -4.80323459e-001 -4.80323465e-001  -4.80323479e-001 -4.07590126e-001 -4.07590116e-001  -4.07590092e-001 1.45124514e+000 1.45124516e+000  1.45124521e+000
 -6.04136675e-002 -6.04136692e-002  -6.04136733e-002 3.20120621e-001 3.20120612e-001  3.20120591e-001 1.43337998e-001 1.43337992e-001  1.43337979e-001 3.40641391e-003 3.40641175e-003  3.40640635e-003 -1.92173895e-002 -1.92173910e-002  -1.92173947e-002
 -1.96553865e-003 -1.96553887e-003  -1.96553944e-003
 -8.30175620e+000 -8.30201837e+000 -8.30203171e+000
 -3.89188677e+000 -3.89186771e+000 -3.89180582e+000
 -3.79922695e+000 -3.79952300e+000 -3.79939678e+000
 -4.56949918e+000 -4.56950586e+000 -4.56942447e+000
 -3.23141804e+000 -3.23144314e+000 -3.23127774e+000
 6.82878534e+000 6.82875368e+000 6.82879929e+000
 4.88633412e+000 4.88618253e+000 4.88617807e+000
 4.18262259e+000 4.18263825e+000 4.18268999e+000
 -2.04388109e+000 -2.04401869e+000 -2.04394740e+000
 -2.45750043e+000 -2.45752000e+000 -2.45751808e+000
 2.44783232e-001 2.44717396e-001 2.44757079e-001
 8.77829597e-001 8.77720539e-001 8.77785782e-001
 5.35212513e-001 5.35120588e-001 5.35178233e-001
 2.37294475e-001 2.37195803e-001 2.37254346e-001
 1.52749041e-001 1.52629248e-001 1.52696812e-001
 2.35544230e-002 2.34120452e-002 2.34889939e-002
