 -8.8016e-001 -3.2969e-001 -1.9952e+000 -2.5672e-001 -1.6265e+000
 -2.0453e+000  2.2547e+000  1.4741e+000  1.0145e+000  2.4428e-003
  2.6957e-001 -1.0115e-002 -6.0299e-002 -6.4400e-002 -3.7872e-002
 -3.3953e-003
 -5.1090e-001
 -7.69388247e-002 -7.70614645e-002  -7.70968358e-002 2.65965394e+000 2.65946988e+000  2.65943891e+000 1.70625772e+000 1.70620077e+000  1.70620269e+000 -2.71708386e+000 -2.71709155e+000  -2.71710501e+000 -4.55985435e-001 -4.56061760e-001  -4.56077257e-001
 4.13839364e+000 4.13858250e+000  4.13859336e+000 -7.21979198e-001 -7.22032676e-001  -7.22028429e-001 -6.83847507e+000 -6.83834830e+000  -6.83833789e+000 -5.60168755e+000 -5.60173753e+000  -5.60174528e+000 -3.50923164e+000 -3.50924669e+000  -3.50925155e+000
 -8.13073515e-001 -8.13017348e-001  -8.12997485e-001 -3.70807836e-001 -3.70782990e-001  -3.70774841e-001 -2.29334348e-001 -2.29319177e-001  -2.29314634e-001 -9.00135392e-002 -9.00072180e-002  -9.00054584e-002 -2.36212324e-002 -2.36203638e-002  -2.36201298e-002
 -2.71366375e-003 -2.71429607e-003  -2.71446083e-003
 1.73432602e+000 1.73420881e+000  1.73418702e+000 3.08072170e+000 3.08053537e+000  3.08049872e+000 4.73721824e+000 4.73716391e+000  4.73717241e+000 3.14816620e-001 3.14808128e-001  3.14792651e-001 -3.22934795e+000 -3.22942280e+000  -3.22943463e+000
 -1.30175439e+000 -1.30156804e+000  -1.30156346e+000 -1.15618884e+000 -1.15623966e+000  -1.15622879e+000 3.22617456e-002 3.23883247e-002  3.23982608e-002 -8.87208816e+000 -8.87213866e+000  -8.87214773e+000 4.49433321e-001 4.49418660e-001  4.49414785e-001
 1.77861745e-001 1.77916099e-001  1.77931429e-001 4.45379848e-002 4.45619369e-002  4.45678531e-002 1.16720829e-002 1.16867341e-002  1.16899775e-002 -1.12087737e-002 -1.12026617e-002  -1.12014250e-002 -1.30551810e-002 -1.30543411e-002  -1.30541791e-002
 -2.40431125e-003 -2.40492304e-003  -2.40503648e-003
 3.33621446e-001 3.33621446e-001  3.33621446e-001 1.15658441e+000 1.15658441e+000  1.15658441e+000 8.17412533e-001 8.17412533e-001  8.17412533e-001 2.24013963e-001 2.24013963e-001  2.24013963e-001 -2.47961149e+000 -2.47961149e+000  -2.47961149e+000
 6.80436623e-001 6.80436623e-001  6.80436623e-001 -3.62274841e+000 -3.62274841e+000  -3.62274841e+000 -3.43355734e+000 -3.43355734e+000  -3.43355734e+000 -3.73605409e+000 -3.73605409e+000  -3.73605409e+000 4.13213289e-001 4.13213289e-001  4.13213289e-001
 -6.80600534e-002 -6.80600534e-002  -6.80600534e-002 -2.69261092e-002 -2.69261092e-002  -2.69261092e-002 -1.54759769e-002 -1.54759769e-002  -1.54759769e-002 -4.92675510e-003 -4.92675510e-003  -4.92675510e-003 -8.75921506e-004 -8.75921506e-004  -8.75921506e-004
 -2.67087140e-004 -2.67087140e-004  -2.67087140e-004
 1.52033000e+000 1.52033000e+000  1.52033000e+000 9.84285010e-001 9.84285010e-001  9.84285010e-001 -1.57770752e+000 -1.57770752e+000  -1.57770752e+000 7.28322745e-002 7.28322745e-002  7.28322745e-002 1.48467923e+000 1.48467923e+000  1.48467923e+000
 3.10275007e+000 3.10275007e+000  3.10275007e+000 6.26474762e-001 6.26474762e-001  6.26474762e-001 3.64654299e+000 3.64654299e+000  3.64654299e+000 -1.72422907e+000 -1.72422907e+000  -1.72422907e+000 7.74821849e-002 7.74821849e-002  7.74821849e-002
 -2.44077899e-001 -2.44077899e-001  -2.44077899e-001 -1.10149067e-001 -1.10149067e-001  -1.10149067e-001 -6.14696893e-002 -6.14696893e-002  -6.14696893e-002 -1.94257627e-002 -1.94257627e-002  -1.94257627e-002 -3.05793721e-003 -3.05793721e-003  -3.05793721e-003
 6.22316060e-006 6.22316060e-006  6.22316060e-006
 9.90404847e-002 9.90086929e-002  9.89292135e-002 -4.81019343e-001 -4.81040073e-001  -4.81091898e-001 -1.69333196e+000 -1.69332586e+000  -1.69331060e+000 -1.05797625e+000 -1.05799230e+000  -1.05803243e+000 -1.79635165e+000 -1.79636107e+000  -1.79638460e+000
 -3.20769661e+000 -3.20769264e+000  -3.20768272e+000 -1.64996197e-001 -1.64990709e-001  -1.64976990e-001 -6.97289905e-001 -6.97289763e-001  -6.97289409e-001 1.20382416e-001 1.20382448e-001  1.20382528e-001 3.87838412e-001 3.87835698e-001  3.87828914e-001
 7.68981780e-002 7.69127327e-002  7.69491195e-002 -1.09103375e-001 -1.09096949e-001  -1.09080882e-001 -1.31663574e-001 -1.31660080e-001  -1.31651345e-001 -1.11215219e-001 -1.11213885e-001  -1.11210551e-001 -5.99735849e-002 -5.99734076e-002  -5.99729641e-002
 -5.32819890e-003 -5.32832291e-003  -5.32863291e-003
 -9.96290657e-001 -9.96439906e-001  -9.96456244e-001 3.68003777e-001 3.67770731e-001  3.67752651e-001 4.46404602e-001 4.46326738e-001  4.46321906e-001 -5.85833251e-001 -5.85836954e-001  -5.85838641e-001 -5.46112352e-001 -5.46208977e-001  -5.46219926e-001
 -2.30099614e+000 -2.30075124e+000  -2.30074575e+000 1.37749514e+000 1.37742253e+000  1.37742249e+000 1.98297780e+000 1.98314449e+000  1.98315802e+000 -1.80940914e-002 -1.81602572e-002  -1.81715350e-002 -7.01957107e-001 -7.01975922e-001  -7.01979842e-001
 3.36534671e-001 3.36602600e-001  3.36613841e-001 7.35322908e-002 7.35624067e-002  7.35667105e-002 3.04378643e-002 3.04564212e-002  3.04588983e-002 1.02641894e-002 1.02719651e-002  1.02729314e-002 1.05258883e-003 1.05365921e-003  1.05378635e-003
 -2.61977088e-004 -2.62758334e-004  -2.62848758e-004
 -3.07597385e-001 -3.07597385e-001  -3.07597385e-001 -4.89839719e-001 -4.89839719e-001  -4.89839719e-001 -1.29321417e+000 -1.29321417e+000  -1.29321417e+000 8.80332119e-001 8.80332119e-001  8.80332119e-001 2.14634104e-001 2.14634104e-001  2.14634104e-001
 2.12169412e+000 2.12169412e+000  2.12169412e+000 2.03325198e+000 2.03325198e+000  2.03325198e+000 -4.97999586e-001 -4.97999586e-001  -4.97999586e-001 2.37917621e+000 2.37917621e+000  2.37917621e+000 1.61172806e-001 1.61172806e-001  1.61172806e-001
 -1.58589580e-001 -1.58589580e-001  -1.58589580e-001 -2.39825334e-002 -2.39825334e-002  -2.39825334e-002 -6.48252670e-003 -6.48252670e-003  -6.48252670e-003 -1.24081976e-003 -1.24081976e-003  -1.24081976e-003 -4.37230141e-004 -4.37230141e-004  -4.37230141e-004
 -6.92773875e-005 -6.92773875e-005  -6.92773875e-005
 -7.32166866e-001 -7.32316440e-001  -7.32333591e-001 -8.95589666e-002 -8.98036254e-002  -8.98507366e-002 -1.03059545e+000 -1.03066656e+000  -1.03065450e+000 2.70451869e-002 2.70355637e-002  2.70190754e-002 -3.15144682e-001 -3.15242185e-001  -3.15255328e-001
 -1.32466990e-001 -1.32220158e-001  -1.32209848e-001 1.95271203e+000 1.95264512e+000  1.95265929e+000 -1.66001575e+000 -1.65984896e+000  -1.65983518e+000 -7.61575910e-001 -7.61641985e-001  -7.61653038e-001 6.15095839e-001 6.15076944e-001  6.15072825e-001
 -8.02224036e-002 -8.01522436e-002  -8.01354247e-002 -8.58026904e-002 -8.57718921e-002  -8.57658824e-002 -1.15126761e-001 -1.15107869e-001  -1.15104555e-001 -9.65491856e-002 -9.65412853e-002  -9.65400078e-002 -5.41578760e-002 -5.41567892e-002  -5.41566210e-002
 -4.99720357e-003 -4.99799550e-003  -4.99811264e-003
 8.93350882e-002 8.93037181e-002  8.92252931e-002 3.34470539e-001 3.34461426e-001  3.34438645e-001 -8.21486464e-001 -8.21486754e-001  -8.21487477e-001 -1.82510506e-001 -1.82520622e-001  -1.82545910e-001 -1.00980727e+000 -1.00981581e+000  -1.00983715e+000
 -2.19446572e+000 -2.19446373e+000  -2.19445876e+000 9.26755751e-001 9.26755566e-001  9.26755105e-001 5.10633486e-001 5.10633527e-001  5.10633629e-001 3.41311041e+000 3.41311040e+000  3.41311039e+000 -2.78978259e-001 -2.78980858e-001  -2.78987357e-001
 4.47211349e-001 4.47223534e-001  4.47253997e-001 6.68033714e-002 6.68090636e-002  6.68232940e-002 1.89691843e-002 1.89723128e-002  1.89801338e-002 -4.21696680e-003 -4.21577012e-003  -4.21277842e-003 -5.00861795e-003 -5.00845864e-003  -5.00806038e-003
 -5.52847680e-004 -5.52959848e-004  -5.53240266e-004
 -1.91039322e-001 -1.91039419e-001  -1.91039661e-001 -4.18610987e-001 -4.18610992e-001  -4.18611005e-001 -2.00724332e-001 -2.00724696e-001  -2.00725605e-001 -6.24973654e-002 -6.24973821e-002  -6.24974237e-002 -1.99183838e-001 -1.99183839e-001  -1.99183841e-001
 -3.98192397e-001 -3.98192348e-001  -3.98192228e-001 1.08633607e+000 1.08633606e+000  1.08633602e+000 2.71530291e+000 2.71530291e+000  2.71530291e+000 6.66341792e-001 6.66341739e-001  6.66341605e-001 -4.89063469e-001 -4.89063503e-001  -4.89063589e-001
 -1.12145676e-001 -1.12145538e-001  -1.12145192e-001 -4.05542987e-002 -4.05542468e-002  -4.05541170e-002 -1.15506605e-002 -1.15506294e-002  -1.15505516e-002 -1.42569682e-003 -1.42568437e-003  -1.42565324e-003 -1.91732355e-004 -1.91730678e-004  -1.91726484e-004
 -1.09402132e-004 -1.09403281e-004  -1.09406153e-004
 -6.66826356e-001 -6.66836545e-001  -6.66860134e-001 -2.81444896e+000 -2.81445292e+000  -2.81445984e+000 -1.89358439e+000 -1.89358488e+000  -1.89358512e+000 -1.30229694e-001 -1.30232742e-001  -1.30240322e-001 -1.73935398e+000 -1.73935705e+000  -1.73936351e+000
 2.98143626e+000 2.98143815e+000  2.98143967e+000 2.25331732e+000 2.25331688e+000  2.25331673e+000 -6.17444276e+000 -6.17444187e+000  -6.17444177e+000 5.10129850e+000 5.10129815e+000  5.10129809e+000 8.62463482e-001 8.62462601e-001  8.62460627e-001
 -3.95394848e-002 -3.95354742e-002  -3.95262854e-002 -5.15737512e-002 -5.15718865e-002  -5.15675998e-002 -3.62792452e-002 -3.62782097e-002  -3.62758530e-002 -1.66410625e-002 -1.66406628e-002  -1.66397611e-002 -5.72856213e-003 -5.72850872e-003  -5.72838868e-003
 -4.79346264e-004 -4.79384003e-004  -4.79468509e-004
 -1.84180352e+000 -1.84180362e+000  -1.84180385e+000 -1.83572710e+000 -1.83572722e+000  -1.83572750e+000 -6.32244025e+000 -6.32244029e+000  -6.32244038e+000 3.72055693e-001 3.72055656e-001  3.72055564e-001 4.96216512e-003 4.96210881e-003  4.96196804e-003
 4.18875203e-001 4.18875372e-001  4.18875796e-001 3.17768027e+000 3.17768025e+000  3.17768019e+000 -4.15783531e+000 -4.15783530e+000  -4.15783526e+000 6.53264634e+000 6.53264632e+000  6.53264628e+000 -1.30637079e+000 -1.30637082e+000  -1.30637089e+000
 1.62318877e-001 1.62318968e-001  1.62319195e-001 2.74126360e-002 2.74126688e-002  2.74127508e-002 3.84069414e-003 3.84071330e-003  3.84076123e-003 -5.07262561e-003 -5.07261760e-003  -5.07259756e-003 -3.94418114e-003 -3.94418001e-003  -3.94417716e-003
 -3.98563274e-004 -3.98564042e-004  -3.98565965e-004
 -5.38885803e+000 -5.38893354e+000  -5.38898878e+000 -1.95388211e+000 -1.95398241e+000  -1.95402189e+000 2.61713131e-001 2.61688270e-001  2.61697151e-001 -1.64624977e+000 -1.64626136e+000  -1.64628751e+000 -4.23402974e+000 -4.23407161e+000  -4.23408998e+000
 -5.18462392e-001 -5.18368523e-001  -5.18360898e-001 -3.91545746e+000 -3.91548086e+000  -3.91547145e+000 1.23952305e+001 1.23952928e+001  1.23952978e+001 1.04800612e+000 1.04798170e+000  1.04797831e+000 -1.62616583e+000 -1.62617444e+000  -1.62617985e+000
 3.67433743e-001 3.67468148e-001  3.67494821e-001 1.48125505e-002 1.48277901e-002  1.48393268e-002 -4.91414496e-002 -4.91323512e-002  -4.91260380e-002 -6.33536720e-002 -6.33499416e-002  -6.33475281e-002 -3.88546734e-002 -3.88541638e-002  -3.88538436e-002
 -3.62997589e-003 -3.63034439e-003  -3.63056863e-003
 1.30520877e+000 1.30509455e+000  1.30503228e+000 1.63530944e+000 1.63515067e+000  1.63510704e+000 4.00483867e+000 4.00479418e+000  4.00480173e+000 9.10887957e-001 9.10875341e-001  9.10848537e-001 -3.44328838e+000 -3.44335484e+000  -3.44337665e+000
 3.59993515e-001 3.60149160e-001  3.60158550e-001 6.82116727e-001 6.82074845e-001  6.82083699e-001 6.62699418e+000 6.62709848e+000  6.62710688e+000 4.85159085e+000 4.85154999e+000  4.85154431e+000 -2.78573449e-001 -2.78586827e-001  -2.78593288e-001
 -5.05180855e-002 -5.04662504e-002  -5.04359038e-002 -1.07454861e-001 -1.07431869e-001  -1.07418811e-001 -9.67232430e-002 -9.67093780e-002  -9.67021980e-002 -7.08753609e-002 -7.08696365e-002  -7.08668862e-002 -3.80733596e-002 -3.80725757e-002  -3.80722110e-002
 -3.78916169e-003 -3.78973032e-003  -3.78998623e-003
 1.39867796e+000 1.39860129e+000  1.39855481e+000 -1.79004935e+000 -1.79015716e+000  -1.79019699e+000 2.31174983e+000 2.31172064e+000  2.31172489e+000 8.76590778e-001 8.76580341e-001  8.76557331e-001 5.74486189e+000 5.74481717e+000  5.74479922e+000
 9.98125032e-001 9.98227351e-001  9.98236256e-001 5.18658063e+000 5.18655414e+000  5.18656176e+000 -3.89173162e+000 -3.89166325e+000  -3.89165638e+000 1.08492523e+000 1.08489633e+000  1.08488681e+000 4.96843965e-003 4.95880789e-003  4.95227311e-003
 1.11940063e-001 1.11975718e-001  1.12000328e-001 -8.46943495e-003 -8.45374238e-003  -8.44339488e-003 -3.50408768e-002 -3.50314516e-002  -3.50257574e-002 -4.43159054e-002 -4.43120225e-002  -4.43098321e-002 -2.90506792e-002 -2.90501478e-002  -2.90498563e-002
 -2.87793930e-003 -2.87832429e-003  -2.87852886e-003
 1.04823980e+000 1.04814823e+000  1.04807924e+000 -1.36515550e+000 -1.36527295e+000  -1.36531349e+000 -2.11580131e+000 -2.11583331e+000  -2.11582819e+000 5.53216537e-001 5.53203999e-001  5.53176046e-001 9.64158660e-001 9.64108238e-001  9.64085563e-001
 4.17367298e+000 4.17378571e+000  4.17379555e+000 2.87904856e+000 2.87901864e+000  2.87902519e+000 2.58234635e+000 2.58242108e+000  2.58242715e+000 3.40042147e+000 3.40039189e+000  3.40038702e+000 -1.10579242e+000 -1.10580295e+000  -1.10580995e+000
 -1.18165549e-002 -1.17753472e-002  -1.17434161e-002 -5.97988155e-002 -5.97804876e-002  -5.97664892e-002 -6.09009476e-002 -6.08899932e-002  -6.08822933e-002 -5.24725227e-002 -5.24680289e-002  -5.24650754e-002 -3.05289449e-002 -3.05283308e-002  -3.05279381e-002
 -2.86301555e-003 -2.86345985e-003  -2.86373561e-003
 2.86338450e+000 2.86327366e+000  2.86324017e+000 -9.37886362e-001 -9.38049571e-001  -9.38072160e-001 -3.19945676e+000 -3.19950316e+000  -3.19948956e+000 -1.84341815e+000 -1.84342684e+000  -1.84344341e+000 4.58515398e-001 4.58448867e-001  4.58439991e-001
 -1.63964110e+000 -1.63947396e+000  -1.63947039e+000 -3.02518134e+000 -3.02522713e+000  -3.02521774e+000 -3.57791117e-001 -3.57680328e-001  -3.57678638e-001 3.02171034e-002 3.01778372e-002  3.01849079e-002 -5.95710828e-001 -5.95722776e-001  -5.95723209e-001
 -2.23498020e-001 -2.23448706e-001  -2.23433690e-001 -1.67254517e-001 -1.67232477e-001  -1.67225844e-001 -1.38616326e-001 -1.38602898e-001  -1.38599313e-001 -9.26710288e-002 -9.26654426e-002  -9.26640896e-002 -4.63876797e-002 -4.63869124e-002  -4.63867345e-002
 -3.90593605e-003 -3.90649421e-003  -3.90661785e-003
 -1.21109176e+000 -1.21119877e+000  -1.21121074e+000 -1.83477554e+000 -1.83494540e+000  -1.83496566e+000 -7.39079207e-001 -7.39127775e-001  -7.39113225e-001 2.05284066e-001 2.05277978e-001  2.05268182e-001 -5.38348701e-001 -5.38416436e-001  -5.38420589e-001
 -4.54719839e-002 -4.52968927e-002  -4.52937831e-002 -9.62550322e-001 -9.62598063e-001  -9.62587441e-001 1.72465462e+000 1.72477178e+000  1.72477589e+000 6.18375510e+000 6.18371321e+000  6.18371889e+000 5.76328011e-001 5.76316100e-001  5.76317207e-001
 -4.19522454e-001 -4.19473931e-001  -4.19466212e-001 -2.26451756e-001 -2.26430210e-001  -2.26427189e-001 -1.55866888e-001 -1.55853661e-001  -1.55852051e-001 -9.20223399e-002 -9.20168077e-002  -9.20162090e-002 -4.42854664e-002 -4.42847053e-002  -4.42846282e-002
 -3.67491126e-003 -3.67546600e-003  -3.67551865e-003
 1.57953118e-001 1.57866533e-001  1.57846791e-001 -2.06341058e+000 -2.06354112e+000  -2.06355621e+000 1.06180976e+000 1.06177284e+000  1.06178522e+000 -1.64349828e+000 -1.64350426e+000  -1.64351504e+000 2.03965829e+000 2.03960556e+000  2.03960091e+000
 -8.50422350e-001 -8.50288016e-001  -8.50286734e-001 -3.43384565e+000 -3.43388239e+000  -3.43387420e+000 -4.79198353e+000 -4.79189410e+000  -4.79189284e+000 -1.56120391e+000 -1.56123495e+000  -1.56122758e+000 -2.40170402e+000 -2.40171319e+000  -2.40171234e+000
 -4.19836227e-001 -4.19797731e-001  -4.19788929e-001 -2.22449831e-001 -2.22432623e-001  -2.22428741e-001 -1.58182836e-001 -1.58172320e-001  -1.58170245e-001 -8.91634256e-002 -8.91590423e-002  -8.91582696e-002 -3.97610239e-002 -3.97604215e-002  -3.97603210e-002
 -3.26848682e-003 -3.26892537e-003  -3.26899472e-003
 -1.16114655e+000 -1.16122685e+000  -1.16123565e+000 3.27962609e+000 3.27949944e+000  3.27948649e+000 2.97401433e-001 2.97365754e-001  2.97378675e-001 6.76564149e-001 6.76559418e-001  6.76551663e-001 3.29762464e+000 3.29757432e+000  3.29757257e+000
 3.57470284e+000 3.57483371e+000  3.57483449e+000 1.75957739e+000 1.75954185e+000  1.75955062e+000 5.58138045e-001 5.58225323e-001  5.58226617e-001 -4.84561445e+000 -4.84564469e+000  -4.84563737e+000 4.06271446e-001 4.06262866e-001  4.06264613e-001
 -6.09958644e-001 -6.09922609e-001  -6.09917831e-001 -2.62194297e-001 -2.62178236e-001  -2.62176271e-001 -1.65157632e-001 -1.65147774e-001  -1.65146755e-001 -8.72940323e-002 -8.72899098e-002  -8.72895411e-002 -3.82307591e-002 -3.82301919e-002  -3.82301453e-002
 -3.10882647e-003 -3.10923985e-003  -3.10927126e-003
 3.54419059e+000 3.54409107e+000  3.54403781e+000 -1.55581420e+000 -1.55595250e+000  -1.55598881e+000 -3.68577884e+000 -3.68581796e+000  -3.68581173e+000 -1.88211057e+000 -1.88212163e+000  -1.88214515e+000 1.98676094e+000 1.98670315e+000  1.98668508e+000
 -2.47294625e+000 -2.47280991e+000  -2.47280161e+000 -1.99653271e+000 -1.99656955e+000  -1.99656217e+000 -4.20744544e-001 -4.20653918e-001  -4.20648346e-001 -1.60534298e-001 -1.60569729e-001  -1.60573823e-001 -3.30064751e-001 -3.30076395e-001  -3.30081873e-001
 1.50837442e-002 1.51288142e-002  1.51545708e-002 -1.13149984e-001 -1.13129970e-001  -1.13118841e-001 -1.16814135e-001 -1.16802062e-001  -1.16795948e-001 -7.95310838e-002 -7.95260963e-002  -7.95237528e-002 -3.79985219e-002 -3.79978386e-002  -3.79975272e-002
 -3.34569089e-003 -3.34618657e-003  -3.34640483e-003
 -1.63068529e+000 -1.63077981e+000  -1.63080610e+000 -2.76379231e+000 -2.76393854e+000  -2.76397187e+000 -7.16387743e-001 -7.16429472e-001  -7.16422071e-001 5.53562728e-001 5.53554935e-001  5.53539909e-001 5.94614195e-001 5.94555046e-001  5.94542902e-001
 -6.33380236e-001 -6.33234312e-001  -6.33226618e-001 4.15509413e-001 4.15470249e-001  4.15479135e-001 1.99310322e+000 1.99320158e+000  1.99321015e+000 7.31411899e+000 7.31408038e+000  7.31407455e+000 1.13225941e+000 1.13224784e+000  1.13224429e+000
 -2.29156530e-001 -2.29112558e-001  -2.29095961e-001 -1.86556104e-001 -1.86536753e-001  -1.86530156e-001 -1.37949352e-001 -1.37937559e-001  -1.37933923e-001 -7.84924343e-002 -7.84875264e-002  -7.84861291e-002 -3.52760695e-002 -3.52753956e-002  -3.52752108e-002
 -3.04906255e-003 -3.04955275e-003  -3.04968195e-003
 3.73659328e-002 3.72936400e-002  3.72547795e-002 -2.74048358e+000 -2.74058494e+000  -2.74061384e+000 1.30024175e+000 1.30021337e+000  1.30021789e+000 -1.52799087e+000 -1.52799902e+000  -1.52801641e+000 3.44408388e+000 3.44404163e+000  3.44402770e+000
 -1.59393046e+000 -1.59383155e+000  -1.59382557e+000 -2.01450361e+000 -2.01453007e+000  -2.01452408e+000 -5.34108534e+000 -5.34101900e+000  -5.34101347e+000 -1.81362541e+000 -1.81365172e+000  -1.81365621e+000 -2.32120304e+000 -2.32121163e+000  -2.32121596e+000
 -1.80713904e-001 -1.80680914e-001  -1.80661497e-001 -1.64100862e-001 -1.64086253e-001  -1.64077958e-001 -1.31780155e-001 -1.31771345e-001  -1.31766783e-001 -7.27210830e-002 -7.27174454e-002  -7.27156970e-002 -2.97616528e-002 -2.97611546e-002  -2.97609228e-002
 -2.59505032e-003 -2.59541165e-003  -2.59557429e-003
 -1.44790192e+000 -1.44796714e+000  -1.44799371e+000 3.25178092e+000 3.25168393e+000  3.25165743e+000 4.20824471e-001 4.20797472e-001  4.20802599e-001 1.04989068e+000 1.04988393e+000  1.04986995e+000 4.81975648e+000 4.81971693e+000  4.81970627e+000
 3.33195746e+000 3.33205247e+000  3.33205789e+000 3.76599529e+000 3.76597017e+000  3.76597681e+000 6.06764847e-001 6.06828771e-001  6.06834332e-001 -5.57715088e+000 -5.57717629e+000  -5.57718084e+000 8.34127241e-001 8.34119315e-001  8.34115994e-001
 -3.94355051e-001 -3.94324826e-001  -3.94309932e-001 -2.08761846e-001 -2.08748526e-001  -2.08742385e-001 -1.39617759e-001 -1.39609688e-001  -1.39606313e-001 -7.06204418e-002 -7.06170972e-002  -7.06158029e-002 -2.80420901e-002 -2.80416315e-002  -2.80414601e-002
 -2.41563957e-003 -2.41597261e-003  -2.41609262e-003
 8.59207013e-002 8.59140795e-002  8.58975249e-002 -2.29248701e+000 -2.29249424e+000  -2.29251233e+000 3.53864657e-001 3.53862787e-001  3.53858111e-001 -1.15379452e+000 -1.15379520e+000  -1.15379689e+000 8.96258928e-001 8.96254496e-001  8.96243416e-001
 -2.41985878e+000 -2.41985662e+000  -2.41985120e+000 2.65946241e+000 2.65946241e+000  2.65946239e+000 -9.65548143e-001 -9.65542725e-001  -9.65529180e-001 5.79150592e-002 5.79105551e-002  5.78992948e-002 5.22292262e-001 5.22290653e-001  5.22286631e-001
 3.59129829e-001 3.59134362e-001  3.59145694e-001 6.38334788e-002 6.38352128e-002  6.38395478e-002 3.03380302e-002 3.03390277e-002  3.03415213e-002 1.26621182e-002 1.26625072e-002  1.26634798e-002 3.74774495e-003 3.74779616e-003  3.74792421e-003
 -3.16809143e-004 -3.16845523e-004  -3.16936474e-004
 -1.48336537e+000 -1.48340031e+000  -1.48348766e+000 1.69818345e+000 1.69816187e+000  1.69810793e+000 -1.99327791e+000 -1.99328346e+000  -1.99329734e+000 2.07318737e+000 2.07317114e+000  2.07313057e+000 5.47524011e-001 5.47511364e-001  5.47479748e-001
 -5.77566514e-001 -5.77560362e-001  -5.77544981e-001 3.44273760e+000 3.44273739e+000  3.44273687e+000 1.96196703e+000 1.96196732e+000  1.96196802e+000 1.19765530e+000 1.19764404e+000  1.19761590e+000 2.52636903e-001 2.52630264e-001  2.52613666e-001
 4.91616192e-001 4.91633137e-001  4.91675501e-001 1.21776643e-001 1.21784035e-001  1.21802514e-001 2.13559138e-002 2.13599945e-002  2.13701963e-002 -3.99898361e-003 -3.99739908e-003  -3.99343776e-003 -4.66817313e-005 -4.64683193e-005  -4.59347891e-005
 -3.63940524e-006 -3.78999206e-006  -4.16645909e-006
 -9.98647238e-001 -9.98786633e-001  -9.98778337e-001 -9.28265062e-001 -9.28490028e-001  -9.28487909e-001 1.53473190e+000 1.53466756e+000  1.53469654e+000 -8.65682080e-001 -8.65684929e-001  -8.65684479e-001 -9.72098561e-001 -9.72187496e-001  -9.72179217e-001
 1.41664933e-001 1.41905480e-001  1.41900076e-001 -5.33566800e-001 -5.33633650e-001  -5.33619319e-001 -4.41177546e-001 -4.41016417e-001  -4.41016790e-001 1.29917318e-001 1.29866941e-001  1.29895137e-001 1.07428934e+000 1.07427606e+000  1.07428598e+000
 -9.25437156e-002 -9.24827285e-002  -9.24888421e-002 -2.08087207e-003 -2.05346359e-003  -2.05592833e-003 -1.21175556e-002 -1.21005880e-002  -1.21020841e-002 -3.57576636e-002 -3.57505302e-002  -3.57511698e-002 -2.87874701e-002 -2.87864874e-002  -2.87865794e-002
 -2.30079555e-003 -2.30151366e-003  -2.30144625e-003
 1.36078704e+000 1.36078696e+000  1.36078675e+000 1.11891522e+000 1.11891522e+000  1.11891522e+000 -2.20659910e+000 -2.20659910e+000  -2.20659910e+000 -5.58667881e-001 -5.58667882e-001  -5.58667883e-001 -2.31133482e+000 -2.31133485e+000  -2.31133491e+000
 -2.13399622e-001 -2.13399615e-001  -2.13399598e-001 -1.97538446e+000 -1.97538451e+000  -1.97538463e+000 6.09603983e-001 6.09603987e-001  6.09603997e-001 1.50279307e+000 1.50279307e+000  1.50279308e+000 -2.00216439e+000 -2.00216439e+000  -2.00216440e+000
 -5.03359036e-001 -5.03359018e-001  -5.03358972e-001 -2.43082868e-001 -2.43082860e-001  -2.43082839e-001 -1.47284625e-001 -1.47284620e-001  -1.47284607e-001 -7.50973201e-002 -7.50973177e-002  -7.50973116e-002 -3.42718193e-002 -3.42718189e-002  -3.42718179e-002
 -3.03820929e-003 -3.03820946e-003  -3.03820988e-003
 -4.30592733e+000 -4.30587451e+000 -4.30584345e+000
 -6.08181152e+000 -6.08175910e+000 -6.08174533e+000
 -5.75702485e+000 -5.75680733e+000 -5.75679071e+000
 -3.37035045e+000 -3.37034371e+000 -3.37032912e+000
 -1.66364986e+000 -1.66350691e+000 -1.66346397e+000
 4.77232615e+000 4.77240541e+000 4.77240936e+000
 -3.28361258e+000 -3.28336103e+000 -3.28323242e+000
 8.04728662e+000 8.04753764e+000 8.04765844e+000
 -5.41431584e+000 -5.41426375e+000 -5.41416359e+000
 -3.67362416e+000 -3.67361819e+000 -3.67361527e+000
 1.64261079e+000 1.64269264e+000 1.64277348e+000
 7.17771106e-001 7.17839873e-001 7.17883751e-001
 4.11846113e-001 4.11919497e-001 4.11960013e-001
 1.50341498e-001 1.50431997e-001 1.50477094e-001
 1.86842708e-002 1.87966889e-002 1.88495498e-002
 -1.33874924e-002 -1.32527987e-002 -1.31922780e-002
