  2.5539e+001  4.7065e+000 -1.1703e+001 -3.6942e+000 -9.0517e-001
 -2.8095e+000  1.0371e+001 -9.5442e+000 -1.2406e+001 -5.1827e-001
 -3.1212e+000  8.9447e-001 -2.9969e+000 -7.1365e-001 -5.2679e-001
 -4.1853e-001
  1.2331e+000
 -1.62309878e+001 -1.62309270e+001  -1.62307748e+001 -3.91029465e+000 -3.91027715e+000  -3.91025641e+000 1.09801573e+001 1.09801575e+001  1.09801579e+001 -2.02454292e+001 -2.02453760e+001  -2.02453247e+001 7.61654655e+000 7.61654643e+000  7.61654612e+000
 1.85004788e+000 1.85004788e+000  1.85004788e+000 -9.42871874e+000 -9.42866340e+000  -9.42852507e+000 9.72041087e+000 9.72041342e+000  9.72041981e+000 7.25875865e+000 7.25876352e+000  7.25876712e+000 2.16073964e+001 2.16073961e+001  2.16073961e+001
 9.30700903e+000 9.30705609e+000  9.30705839e+000 -5.82875639e+000 -5.82873710e+000  -5.82869406e+000 -5.61127327e+000 -5.61127560e+000  -5.61128123e+000 8.83621831e-001 8.83619858e-001  8.83617194e-001 -1.99335256e-001 -1.99323423e-001  -1.99304817e-001
 -2.82185738e-001 -2.82183422e-001  -2.82179424e-001
 -1.34182479e+001 -1.34182479e+001  -1.34182479e+001 -1.50483052e+000 -1.50483052e+000  -1.50483052e+000 1.12283279e+001 1.12283279e+001  1.12283279e+001 -1.62098510e+001 -1.62098510e+001  -1.62098510e+001 3.16081582e+000 3.16081582e+000  3.16081582e+000
 5.35666846e-001 5.35666846e-001  5.35666846e-001 -7.11221763e+000 -7.11221763e+000  -7.11221763e+000 6.08568109e+000 6.08568109e+000  6.08568109e+000 2.96942320e+000 2.96942320e+000  2.96942320e+000 5.67153940e+000 5.67153940e+000  5.67153940e+000
 2.47519092e+000 2.47519092e+000  2.47519092e+000 -2.78070074e+000 -2.78070074e+000  -2.78070074e+000 -1.21031497e+000 -1.21031497e+000  -1.21031497e+000 -1.34026340e-001 -1.34026340e-001  -1.34026340e-001 4.33677346e-001 4.33677346e-001  4.33677346e-001
 -5.49781762e-002 -5.49781762e-002  -5.49781762e-002
 1.67696159e+001 1.67701816e+001  1.67715959e+001 6.59092486e+000 6.59108737e+000  6.59127992e+000 -8.06987333e+000 -8.06987172e+000  -8.06986769e+000 -1.21400422e+001 -1.21395473e+001  -1.21390715e+001 -6.57334712e+000 -6.57334712e+000  -6.57334712e+000
 3.17757393e+000 3.17757393e+000  3.17757393e+000 8.38407671e+000 8.38459048e+000  8.38587486e+000 -2.90317071e+000 -2.90314698e+000  -2.90308767e+000 -3.60037861e+000 -3.60033331e+000  -3.60029995e+000 -2.64538953e+000 -2.64539164e+000  -2.64539165e+000
 -5.54136743e-001 -5.53699761e-001  -5.53678450e-001 1.82703381e+000 1.82721287e+000  1.82761253e+000 -1.64038043e-001 -1.64059654e-001  -1.64111940e-001 -1.28971535e+000 -1.28973379e+000  -1.28975881e+000 -1.80158260e+000 -1.80147230e+000  -1.80129847e+000
 -6.11715719e-001 -6.11694182e-001  -6.11657003e-001
 7.79600358e+000 7.79600358e+000  7.79600358e+000 -2.32035207e-002 -2.32035207e-002  -2.32035207e-002 -1.01016329e+001 -1.01016329e+001  -1.01016329e+001 1.03011682e+001 1.03011682e+001  1.03011682e+001 -1.85954810e+000 -1.85954810e+000  -1.85954810e+000
 -3.22949560e+000 -3.22949560e+000  -3.22949560e+000 8.94281484e+000 8.94281484e+000  8.94281484e+000 -4.21674936e-001 -4.21674936e-001  -4.21674936e-001 -5.75082661e+000 -5.75082661e+000  -5.75082661e+000 -8.14362718e-001 -8.14362718e-001  -8.14362718e-001
 2.28037223e+000 2.28037223e+000  2.28037223e+000 7.14337273e-001 7.14337273e-001  7.14337273e-001 -2.09456960e+000 -2.09456960e+000  -2.09456960e+000 -5.86510622e-001 -5.86510622e-001  -5.86510622e-001 7.45271419e-001 7.45271419e-001  7.45271419e-001
 -3.24724269e-002 -3.24724269e-002  -3.24724269e-002
 7.93600631e+000 7.93600566e+000  7.93600401e+000 1.28476473e+000 1.28476473e+000  1.28476473e+000 4.26732844e+000 4.26732844e+000  4.26732844e+000 -4.27974083e+000 -4.27974083e+000  -4.27974083e+000 8.34295002e+000 8.34294885e+000  8.34294595e+000
 -3.47209722e+000 -3.47209722e+000  -3.47209722e+000 -3.85583513e+000 -3.85583513e+000  -3.85583513e+000 -9.65986872e+000 -9.65986872e+000  -9.65986872e+000 -7.70104923e+000 -7.70104923e+000  -7.70104923e+000 2.14489819e+000 2.14489822e+000  2.14489830e+000
 -5.57422379e+000 -5.57422379e+000  -5.57422380e+000 -2.28225880e+000 -2.28225881e+000  -2.28225881e+000 -2.33517319e+000 -2.33517319e+000  -2.33517319e+000 5.52776415e-001 5.52776530e-001  5.52776820e-001 2.86174290e-002 2.86170024e-002  2.86159360e-002
 -5.33403865e-002 -5.33404113e-002  -5.33404735e-002
 1.10542407e+001 1.10542504e+001  1.10542747e+001 -1.84398593e+000 -1.84391548e+000  -1.84391034e+000 2.97442661e+001 2.97442665e+001  2.97442675e+001 -8.83938097e-001 -8.83689884e-001  -8.83678407e-001 7.41312471e+000 7.41312421e+000  7.41312296e+000
 2.92912153e+000 2.92912153e+000  2.92912153e+000 -1.55411499e+001 -1.55411404e+001  -1.55411167e+001 -9.87871990e+000 -9.87871963e+000  -9.87871899e+000 3.14799753e+000 3.14802333e+000  3.14802393e+000 1.23721422e+001 1.23721405e+001  1.23721405e+001
 7.98338046e+000 7.98372363e+000  7.98372463e+000 -1.81521986e+000 -1.81520081e+000  -1.81519157e+000 -4.23640820e+000 -4.23640908e+000  -4.23640988e+000 9.21224757e-001 9.21217828e-001  9.21217363e-001 2.67564907e-001 2.67598847e-001  2.67602156e-001
 -3.11390979e-002 -3.11334586e-002  -3.11326905e-002
 -7.61983471e+001 -7.61979354e+001  -7.61969060e+001 -2.32536481e+001 -2.32535416e+001  -2.32534069e+001 -1.35257773e+001 -1.35257762e+001  -1.35257735e+001 2.87964951e+001 2.87968181e+001  2.87971570e+001 -1.09186660e+000 -1.09186737e+000  -1.09186929e+000
 9.69816589e-001 9.69816589e-001  9.69816589e-001 -5.24553064e+000 -5.24515687e+000  -5.24422247e+000 6.14230945e+000 6.14232668e+000  6.14236974e+000 1.09794697e+001 1.09794991e+001  1.09795234e+001 -6.44172243e+000 -6.44172371e+000  -6.44172366e+000
 2.39085505e+000 2.39112486e+000  2.39114023e+000 -2.53952250e+000 -2.53939505e+000  -2.53910595e+000 -3.98493422e+000 -3.98494980e+000  -3.98498767e+000 -2.87048564e-001 -2.87060929e-001  -2.87078876e-001 -8.46461347e-001 -8.46386135e-001  -8.46260830e-001
 -4.10186420e-001 -4.10171549e-001  -4.10144626e-001
 6.99070056e+000 6.99109552e+000  6.99208293e+000 5.09016864e-001 5.09131947e-001  5.09264041e-001 1.79034162e+001 1.79034172e+001  1.79034198e+001 2.09331429e+000 2.09366743e+000  2.09399598e+000 -1.10236431e+001 -1.10236438e+001  -1.10236457e+001
 -1.32344120e+001 -1.32344120e+001  -1.32344120e+001 -1.29680289e+001 -1.29676701e+001  -1.29667731e+001 4.05398609e+000 4.05400276e+000  4.05404442e+000 5.89128489e+000 5.89131747e+000  5.89134075e+000 -9.08691480e+000 -9.08691632e+000  -9.08691626e+000
 -4.35275804e+000 -4.35244027e+000  -4.35242573e+000 -2.76733076e+000 -2.76720615e+000  -2.76692957e+000 3.65279187e+000 3.65277675e+000  3.65274020e+000 -1.66306253e+000 -1.66307552e+000  -1.66309267e+000 -3.03626588e-001 -3.03548916e-001  -3.03428946e-001
 -3.23666264e-001 -3.23651101e-001  -3.23625327e-001
 1.22955545e+001 1.22958874e+001  1.22967196e+001 2.88085948e-001 2.88183396e-001  2.88293986e-001 2.10559348e+001 2.10559356e+001  2.10559377e+001 1.99834643e+000 1.99864625e+000  1.99892196e+000 -1.72780609e+001 -1.72780616e+001  -1.72780631e+001
 -1.28333847e+001 -1.28333847e+001  -1.28333847e+001 -2.14501768e+001 -2.14498744e+001  -2.14491186e+001 9.78164742e+000 9.78166149e+000  9.78169667e+000 7.58075914e+000 7.58078687e+000  7.58080649e+000 -1.15287678e+001 -1.15287691e+001  -1.15287690e+001
 -6.14304274e+000 -6.14277120e+000  -6.14275905e+000 -4.37565570e+000 -4.37555084e+000  -4.37531856e+000 3.60701722e+000 3.60700446e+000  3.60697366e+000 -1.76692601e+000 -1.76693702e+000  -1.76695143e+000 -5.43862421e-001 -5.43796692e-001  -5.43695809e-001
 -3.29574589e-001 -3.29561771e-001  -3.29540097e-001
 1.58391902e+001 1.58391902e+001  1.58391902e+001 3.28838501e+000 3.28838501e+000  3.28838501e+000 -2.29833471e-001 -2.29833471e-001  -2.29833471e-001 -1.28460311e+000 -1.28460311e+000  -1.28460311e+000 -8.52949688e+000 -8.52949688e+000  -8.52949688e+000
 1.17378789e+000 1.17378789e+000  1.17378789e+000 -1.12036630e+001 -1.12036630e+001  -1.12036630e+001 7.52582766e+000 7.52582766e+000  7.52582766e+000 -4.12047122e+000 -4.12047122e+000  -4.12047122e+000 -6.87967583e+000 -6.87967583e+000  -6.87967583e+000
 -5.59260273e+000 -5.59260273e+000  -5.59260273e+000 -2.57226198e-001 -2.57226198e-001  -2.57226198e-001 -2.21059703e+000 -2.21059703e+000  -2.21059703e+000 -2.98212304e-001 -2.98212304e-001  -2.98212304e-001 -7.29756714e-001 -7.29756714e-001  -7.29756714e-001
 -1.74945432e-001 -1.74945432e-001  -1.74945432e-001
 1.25924091e+001 1.25924091e+001  1.25924091e+001 2.22042624e+000 2.22042624e+000  2.22042624e+000 -3.37418021e+000 -3.37418021e+000  -3.37418021e+000 6.42565585e-001 6.42565585e-001  6.42565585e-001 2.92772065e+000 2.92772065e+000  2.92772065e+000
 2.94375632e+000 2.94375632e+000  2.94375632e+000 5.62852316e+000 5.62852316e+000  5.62852316e+000 -4.22748172e+000 -4.22748172e+000  -4.22748172e+000 -2.12137604e+000 -2.12137604e+000  -2.12137604e+000 6.14323762e+000 6.14323762e+000  6.14323762e+000
 2.47579963e+000 2.47579963e+000  2.47579963e+000 -3.12295062e+000 -3.12295062e+000  -3.12295062e+000 -1.29578823e+000 -1.29578823e+000  -1.29578823e+000 2.24088641e-002 2.24088641e-002  2.24088641e-002 -1.47079848e-001 -1.47079848e-001  -1.47079848e-001
 -5.91944103e-002 -5.91944103e-002  -5.91944103e-002
 1.66854003e+000 1.66854003e+000  1.66854003e+000 1.24880637e+000 1.24880637e+000  1.24880637e+000 -4.53599454e+000 -4.53599454e+000  -4.53599454e+000 -2.41749132e+000 -2.41749132e+000  -2.41749132e+000 2.28901349e+000 2.28901349e+000  2.28901349e+000
 -1.89118822e+000 -1.89118822e+000  -1.89118822e+000 9.80997963e+000 9.80997963e+000  9.80997963e+000 -1.00174079e+001 -1.00174079e+001  -1.00174079e+001 -3.62769282e+000 -3.62769282e+000  -3.62769282e+000 -2.42084635e+000 -2.42084635e+000  -2.42084635e+000
 -1.74941284e+000 -1.74941284e+000  -1.74941284e+000 2.37269674e+000 2.37269674e+000  2.37269674e+000 1.36868813e+000 1.36868813e+000  1.36868813e+000 4.60634897e-001 4.60634897e-001  4.60634897e-001 6.50417984e-002 6.50417984e-002  6.50417984e-002
 -1.37751010e-001 -1.37751010e-001  -1.37751010e-001
 2.53525553e+000 2.53582059e+000  2.53723325e+000 1.29527069e+000 1.29543320e+000  1.29562575e+000 -5.49713423e+000 -5.49713262e+000  -5.49712858e+000 -2.72541739e+000 -2.72492253e+000  -2.72444670e+000 3.62311920e+000 3.62311804e+000  3.62311513e+000
 -5.75037487e+000 -5.75037487e+000  -5.75037487e+000 9.23621658e+000 9.23673034e+000  9.23801472e+000 -6.26565243e+000 -6.26562870e+000  -6.26556940e+000 -7.18271436e+000 -7.18266906e+000  -7.18263570e+000 1.84243050e+000 1.84242842e+000  1.84242850e+000
 1.01822764e+000 1.01866462e+000  1.01868593e+000 1.26659236e+000 1.26677142e+000  1.26717107e+000 -2.45608370e+000 -2.45610531e+000  -2.45615760e+000 -1.50828101e+000 -1.50829934e+000  -1.50832407e+000 -2.15898983e-001 -2.15789111e-001  -2.15616355e-001
 -3.25637679e-001 -3.25616167e-001  -3.25579050e-001
 -1.21455948e+000 -1.21657855e+000 -1.21917880e+000
 -2.04680665e+000 -2.04688979e+000 -2.04698834e+000
 -1.46853031e+000 -1.46950842e+000 -1.46950626e+000
 -1.54887941e+000 -1.55113941e+000 -1.55610998e+000
 -3.77357353e+000 -3.77357316e+000 -3.77357225e+000
 -6.67725325e+000 -6.67725325e+000 -6.67725325e+000
 -1.39143976e+000 -1.39311177e+000 -1.39729175e+000
 -1.31194041e+000 -1.31195867e+000 -1.31200433e+000
 -2.08405700e+000 -2.08407900e+000 -2.08409506e+000
 2.04525767e+000 2.04525666e+000 2.04525670e+000
 -2.03591079e+000 -2.03622118e+000 -2.03623171e+000
 -1.62384614e+000 -1.62396162e+000 -1.62422043e+000
 9.16720457e-001 9.16696618e-001 9.16638923e-001
 1.52714599e+000 1.52713394e+000 1.52711770e+000
 -1.37266815e+000 -1.37275033e+000 -1.37287915e+000
 -6.99436862e-002 -7.02841951e-002 -7.08694858e-002
