 -1.0307e+000 -5.0905e+000  3.5795e-001 -1.2935e+001 -4.0576e+000
 -5.7106e+000 -7.5212e+000 -3.8350e+000 -6.7091e+000 -4.6517e+000
  6.5612e+000 -9.0217e+000 -1.6628e+001 -2.7796e-001 -2.1314e+000
 -5.9682e-001
  3.5520e+000
 4.42710939e+000 4.42710876e+000  4.42710841e+000 -3.28056397e+000 -3.28056434e+000  -3.28056455e+000 1.96612178e+000 1.96611579e+000  1.96611231e+000 -9.77962726e+000 -9.77907419e+000  -9.77877783e+000 3.14203435e+000 3.14201598e+000  3.14200553e+000
 9.96553621e+000 9.96553626e+000  9.96553629e+000 2.65240665e+000 2.65240661e+000  2.65240659e+000 4.74149757e-001 4.74149770e-001  4.74149777e-001 4.59720940e+000 4.59741251e+000  4.59752672e+000 1.43730236e+001 1.43730240e+001  1.43730244e+001
 4.87044303e+000 4.87044303e+000  4.87044302e+000 -5.49387222e+000 -5.49388277e+000  -5.49389172e+000 -1.99151240e+001 -1.99153195e+001  -1.99154080e+001 1.17138937e+000 1.17097077e+000  1.17073341e+000 3.22811996e+000 3.22781048e+000  3.22763548e+000
 -6.95737501e-001 -6.95769153e-001  -6.95787455e-001
 -3.56387231e+000 -3.56387231e+000  -3.56387231e+000 6.06954305e+000 6.06954305e+000  6.06954305e+000 -8.56230931e+000 -8.56230931e+000  -8.56230931e+000 -1.44845165e+001 -1.44845165e+001  -1.44845165e+001 -5.38279950e+000 -5.38279950e+000  -5.38279950e+000
 -5.16788158e+000 -5.16788158e+000  -5.16788158e+000 -3.19798370e+000 -3.19798370e+000  -3.19798370e+000 -4.23583214e+000 -4.23583214e+000  -4.23583214e+000 4.36942423e+000 4.36942423e+000  4.36942423e+000 -1.85007544e+000 -1.85007544e+000  -1.85007544e+000
 1.12483572e+001 1.12483572e+001  1.12483572e+001 -5.38548044e+000 -5.38548044e+000  -5.38548044e+000 -3.82574428e+000 -3.82574428e+000  -3.82574428e+000 -3.38237765e+000 -3.38237765e+000  -3.38237765e+000 -1.55473991e+000 -1.55473991e+000  -1.55473991e+000
 -3.86590583e-001 -3.86590583e-001  -3.86590583e-001
 -2.12040659e+000 -2.12040659e+000  -2.12040659e+000 5.46923497e+000 5.46923497e+000  5.46923497e+000 -8.68757622e+000 -8.68757622e+000  -8.68757622e+000 4.60746062e+000 4.60746062e+000  4.60746062e+000 6.33986140e-001 6.33986140e-001  6.33986140e-001
 -4.00130679e+000 -4.00130679e+000  -4.00130679e+000 1.35444926e+000 1.35444926e+000  1.35444926e+000 -2.32044049e+000 -2.32044049e+000  -2.32044049e+000 2.85067234e+000 2.85067234e+000  2.85067234e+000 -1.55108184e+000 -1.55108184e+000  -1.55108184e+000
 8.78862167e+000 8.78862167e+000  8.78862167e+000 -7.05167532e-001 -7.05167532e-001  -7.05167532e-001 3.44474411e+000 3.44474411e+000  3.44474411e+000 4.91477674e-001 4.91477674e-001  4.91477674e-001 -1.11034858e+000 -1.11034858e+000  -1.11034858e+000
 2.73271763e-002 2.73271763e-002  2.73271763e-002
 1.94516443e-001 1.94516443e-001  1.94516443e-001 -9.63879253e+000 -9.63879253e+000  -9.63879253e+000 -6.19613206e+000 -6.19613206e+000  -6.19613206e+000 -4.83161067e-001 -4.83161067e-001  -4.83161067e-001 7.27447681e+000 7.27447681e+000  7.27447681e+000
 -9.01488198e+000 -9.01488198e+000  -9.01488198e+000 1.63842265e+000 1.63842265e+000  1.63842265e+000 1.35797801e+000 1.35797801e+000  1.35797801e+000 -1.04456886e+001 -1.04456886e+001  -1.04456886e+001 -8.44799394e+000 -8.44799394e+000  -8.44799394e+000
 -9.47391710e+000 -9.47391710e+000  -9.47391710e+000 1.32592221e+001 1.32592221e+001  1.32592221e+001 -1.18052928e+000 -1.18052928e+000  -1.18052928e+000 3.24063528e+000 3.24063528e+000  3.24063528e+000 -1.99366005e+000 -1.99366005e+000  -1.99366005e+000
 -3.11027672e-001 -3.11027672e-001  -3.11027672e-001
 -8.33028158e+000 -8.33028158e+000  -8.33028158e+000 6.14403119e+000 6.14403119e+000  6.14403119e+000 1.06314602e+001 1.06314602e+001  1.06314602e+001 2.12705818e+000 2.12705818e+000  2.12705818e+000 -1.08784043e+001 -1.08784043e+001  -1.08784043e+001
 -2.28467363e+000 -2.28467363e+000  -2.28467363e+000 -1.82969583e+000 -1.82969583e+000  -1.82969583e+000 -4.40214449e+000 -4.40214449e+000  -4.40214449e+000 5.71476438e-001 5.71476438e-001  5.71476438e-001 -4.72278365e+000 -4.72278365e+000  -4.72278365e+000
 9.37097174e+000 9.37097174e+000  9.37097174e+000 -9.23767335e-001 -9.23767335e-001  -9.23767335e-001 5.61683403e-001 5.61683403e-001  5.61683403e-001 -3.13971085e+000 -3.13971085e+000  -3.13971085e+000 -1.60922371e+000 -1.60922371e+000  -1.60922371e+000
 9.67100834e-002 9.67100834e-002  9.67100834e-002
 4.39506491e+000 4.39506492e+000  4.39506494e+000 -7.03443506e+000 -7.03443452e+000  -7.03443318e+000 8.60395014e+000 8.60395014e+000  8.60395014e+000 4.72776275e+000 4.72776275e+000  4.72776274e+000 -9.41190014e+000 -9.41189939e+000  -9.41189753e+000
 -2.86299607e+000 -2.86299607e+000  -2.86299608e+000 -1.54258187e+001 -1.54258187e+001  -1.54258187e+001 1.18510863e+000 1.18510863e+000  1.18510862e+000 -1.02593573e+001 -1.02593573e+001  -1.02593574e+001 -4.44807351e+000 -4.44807351e+000  -4.44807351e+000
 -1.01783673e+001 -1.01783673e+001  -1.01783673e+001 -1.32293870e+001 -1.32293870e+001  -1.32293870e+001 3.13776128e+000 3.13776128e+000  3.13776128e+000 3.05807972e+000 3.05807974e+000  3.05807977e+000 -1.82648828e+000 -1.82648827e+000  -1.82648825e+000
 -1.43798383e-001 -1.43798356e-001  -1.43798289e-001
 2.71443970e+000 2.71443970e+000  2.71443970e+000 -4.14992066e+000 -4.14992066e+000  -4.14992066e+000 2.97105220e+000 2.97105220e+000  2.97105220e+000 -2.02533948e+000 -2.02533948e+000  -2.02533948e+000 9.95590983e+000 9.95590983e+000  9.95590983e+000
 6.08679139e+000 6.08679139e+000  6.08679139e+000 5.40326909e+000 5.40326909e+000  5.40326909e+000 1.65192964e+000 1.65192964e+000  1.65192964e+000 -1.41441775e+000 -1.41441775e+000  -1.41441775e+000 -1.57642354e+000 -1.57642354e+000  -1.57642354e+000
 -7.25328459e+000 -7.25328459e+000  -7.25328459e+000 1.02093243e+000 1.02093243e+000  1.02093243e+000 -2.23169222e+000 -2.23169222e+000  -2.23169222e+000 -1.86399342e+000 -1.86399342e+000  -1.86399342e+000 2.06400846e+000 2.06400846e+000  2.06400846e+000
 4.18387888e-001 4.18387888e-001  4.18387888e-001
 -5.06341551e+000 -5.06341551e+000  -5.06341551e+000 4.59231249e-002 4.59231249e-002  4.59231249e-002 1.50342234e+000 1.50342234e+000  1.50342234e+000 1.53218796e+000 1.53218796e+000  1.53218796e+000 -1.46632264e+000 -1.46632264e+000  -1.46632264e+000
 5.72676038e+000 5.72676038e+000  5.72676038e+000 -8.73969513e-001 -8.73969513e-001  -8.73969513e-001 1.89315731e-001 1.89315731e-001  1.89315731e-001 -5.03427888e+000 -5.03427888e+000  -5.03427888e+000 5.59646003e-001 5.59646003e-001  5.59646003e-001
 -1.10936679e+001 -1.10936679e+001  -1.10936679e+001 -1.62420452e+000 -1.62420452e+000  -1.62420452e+000 1.74595474e+001 1.74595474e+001  1.74595474e+001 -1.00999394e+000 -1.00999394e+000  -1.00999394e+000 -2.32482324e+000 -2.32482324e+000  -2.32482324e+000
 -2.79498057e-001 -2.79498057e-001  -2.79498057e-001
 -5.10667498e+000 -5.10667497e+000  -5.10667495e+000 -1.64315042e+000 -1.64314989e+000  -1.64314854e+000 6.99459420e+000 6.99459420e+000  6.99459420e+000 -1.70804451e+001 -1.70804451e+001  -1.70804451e+001 4.96218967e+000 4.96219041e+000  4.96219228e+000
 8.74645676e+000 8.74645676e+000  8.74645675e+000 -3.27680020e+000 -3.27680020e+000  -3.27680020e+000 5.31534976e-001 5.31534974e-001  5.31534970e-001 -2.49725376e-001 -2.49725379e-001  -2.49725387e-001 2.38071907e+000 2.38071907e+000  2.38071907e+000
 3.24917702e-001 3.24917702e-001  3.24917702e-001 -6.72123825e+000 -6.72123825e+000  -6.72123825e+000 -2.25677392e+001 -2.25677392e+001  -2.25677392e+001 -2.70122741e+000 -2.70122739e+000  -2.70122736e+000 -2.83854525e+000 -2.83854524e+000  -2.83854522e+000
 -7.91828375e-001 -7.91828348e-001  -7.91828280e-001
 -2.66420811e+000 -2.66420874e+000  -2.66420909e+000 -3.02163758e+000 -3.02163795e+000  -3.02163816e+000 5.35992471e-001 5.35986473e-001  5.35982999e-001 3.99660987e+000 3.99716294e+000  3.99745930e+000 8.98014824e+000 8.98012987e+000  8.98011942e+000
 -9.64232524e+000 -9.64232519e+000  -9.64232515e+000 1.70540855e+000 1.70540852e+000  1.70540850e+000 -2.48450807e+000 -2.48450806e+000  -2.48450805e+000 4.36214303e+000 4.36234614e+000  4.36246035e+000 -6.51320747e+000 -6.51320706e+000  -6.51320672e+000
 1.23850090e+001 1.23850090e+001  1.23850089e+001 4.60419703e+000 4.60418649e+000  4.60417753e+000 8.66063983e+000 8.66044426e+000  8.66035583e+000 3.69461497e+000 3.69419637e+000  3.69395901e+000 -1.03995672e+000 -1.04026621e+000  -1.04044121e+000
 -6.71215680e-002 -6.71532196e-002  -6.71715215e-002
 5.28221191e+000 5.28221191e+000  5.28221191e+000 -1.95055398e+000 -1.95055398e+000  -1.95055398e+000 -6.98765677e+000 -6.98765677e+000  -6.98765677e+000 -2.39936224e+000 -2.39936224e+000  -2.39936224e+000 -1.87710672e+001 -1.87710672e+001  -1.87710672e+001
 -6.53477429e+000 -6.53477429e+000  -6.53477429e+000 -7.97398709e+000 -7.97398709e+000  -7.97398709e+000 -4.46590397e+000 -4.46590397e+000  -4.46590397e+000 -1.39619227e+001 -1.39619227e+001  -1.39619227e+001 -4.19894157e+000 -4.19894157e+000  -4.19894157e+000
 -5.43432156e+000 -5.43432156e+000  -5.43432156e+000 -9.42689612e+000 -9.42689612e+000  -9.42689612e+000 -6.17741677e+000 -6.17741677e+000  -6.17741677e+000 -1.41788744e+000 -1.41788744e+000  -1.41788744e+000 1.07616986e+000 1.07616986e+000  1.07616986e+000
 -1.35779049e-001 -1.35779049e-001  -1.35779049e-001
 -4.04674699e+001 -4.04674699e+001  -4.04674699e+001 3.40735930e+001 3.40735932e+001  3.40735936e+001 2.78757468e+000 2.78757464e+000  2.78757463e+000 -1.22174028e+001 -1.22173999e+001  -1.22173983e+001 7.50986197e+001 7.50986198e+001  7.50986203e+001
 -4.26287752e+000 -4.26287752e+000  -4.26287752e+000 2.13408006e+001 2.13408006e+001  2.13408006e+001 3.44884127e+000 3.44884127e+000  3.44884127e+000 3.41927669e+001 3.41927680e+001  3.41927686e+001 2.29321831e+001 2.29321831e+001  2.29321831e+001
 1.18817931e+001 1.18817931e+001  1.18817931e+001 -3.21507309e+001 -3.21507310e+001  -3.21507310e+001 -1.42334184e+001 -1.42334195e+001  -1.42334199e+001 -6.72796326e+000 -6.72796548e+000  -6.72796673e+000 8.83591117e+000 8.83590953e+000  8.83590861e+000
 2.42712064e-002 2.42710467e-002  2.42709700e-002
 -1.39804767e+000 -1.39804790e+000  -1.39804801e+000 -8.70920124e-001 -8.70920022e-001  -8.70919508e-001 7.72287188e+000 7.72286968e+000  7.72286842e+000 -6.63750877e+000 -6.63730844e+000  -6.63720871e+000 4.23788941e-001 4.23782574e-001  4.23779752e-001
 4.13308892e+000 4.13308894e+000  4.13308895e+000 -1.51877698e+000 -1.51877699e+000  -1.51877700e+000 2.68384217e+000 2.68384218e+000  2.68384218e+000 -1.97080654e+000 -1.97073251e+000  -1.97069276e+000 7.69076849e+000 7.69076864e+000  7.69076878e+000
 4.13746188e+000 4.13746188e+000  4.13746187e+000 -1.45240406e+001 -1.45240446e+001  -1.45240483e+001 -1.00319511e+001 -1.00320215e+001  -1.00320494e+001 -1.56656352e+000 -1.56671605e+000  -1.56679863e+000 1.48030677e+000 1.48019400e+000  1.48013314e+000
 -3.86582274e-001 -3.86593795e-001  -3.86600139e-001
 4.13189492e+000 4.13189450e+000  4.13189428e+000 2.01496266e+000 2.01496279e+000  2.01496360e+000 -6.28292929e+000 -6.28293333e+000  -6.28293559e+000 2.18689714e+001 2.18693475e+001  2.18695497e+001 -4.03113776e+000 -4.03114970e+000  -4.03115544e+000
 -5.03189607e+000 -5.03189604e+000  -5.03189602e+000 -1.42226794e+000 -1.42226797e+000  -1.42226798e+000 -2.73198360e+000 -2.73198360e+000  -2.73198359e+000 2.66666316e+000 2.66680092e+000  2.66687791e+000 -9.31291742e+000 -9.31291715e+000  -9.31291694e+000
 -9.28806376e+000 -9.28806377e+000  -9.28806377e+000 1.65988680e+001 1.65988611e+001  1.65988559e+001 3.17594526e+001 3.17593194e+001  3.17592583e+001 -8.50395906e-001 -8.50679867e-001  -8.50840053e-001 -2.69623436e-001 -2.69833409e-001  -2.69951576e-001
 -4.31624754e-001 -4.31646208e-001  -4.31658518e-001
 -2.76101824e+000 -2.76101859e+000  -2.76101878e+000 -1.91016929e+000 -1.91016917e+000  -1.91016849e+000 -5.98672197e+000 -5.98672534e+000  -5.98672720e+000 2.61748308e+001 2.61751454e+001  2.61753147e+001 3.98724309e+000 3.98723312e+000  3.98722835e+000
 -1.35930452e+001 -1.35930451e+001  -1.35930451e+001 9.45154839e-001 9.45154818e-001  9.45154806e-001 -1.51952362e+000 -1.51952362e+000  -1.51952361e+000 -1.52857409e-001 -1.52742292e-001  -1.52678093e-001 -1.19941187e+001 -1.19941185e+001  -1.19941183e+001
 -7.85251456e+000 -7.85251456e+000  -7.85251456e+000 1.39802210e+001 1.39802154e+001  1.39802113e+001 3.73804013e+001 3.73802897e+001  3.73802383e+001 1.96743909e+000 1.96720177e+000  1.96706815e+000 5.44228594e-001 5.44053103e-001  5.43954511e-001
 -2.70338538e-001 -2.70356468e-001  -2.70366738e-001
 -8.76851388e+000 -8.76851388e+000  -8.76851388e+000 -6.29670435e+000 -6.29670435e+000  -6.29670435e+000 4.52837765e-001 4.52837765e-001  4.52837765e-001 -1.18826740e+000 -1.18826740e+000  -1.18826740e+000 9.34983704e+000 9.34983704e+000  9.34983704e+000
 -1.65221660e+001 -1.65221660e+001  -1.65221660e+001 7.48997747e-001 7.48997747e-001  7.48997747e-001 5.33334485e+000 5.33334485e+000  5.33334485e+000 -6.25344683e+000 -6.25344683e+000  -6.25344683e+000 -7.41289190e-001 -7.41289190e-001  -7.41289190e-001
 1.49659662e+001 1.49659662e+001  1.49659662e+001 -5.33830034e+000 -5.33830034e+000  -5.33830034e+000 -1.74018168e+000 -1.74018168e+000  -1.74018168e+000 5.41458117e+000 5.41458117e+000  5.41458117e+000 -1.06205926e+000 -1.06205926e+000  -1.06205926e+000
 6.22930893e-002 6.22930893e-002  6.22930893e-002
 -7.90041172e+000 -7.90041172e+000  -7.90041172e+000 -4.11483363e+000 -4.11483363e+000  -4.11483363e+000 6.89901107e+000 6.89901107e+000  6.89901107e+000 -6.89303603e-001 -6.89303603e-001  -6.89303603e-001 1.29036010e+001 1.29036010e+001  1.29036010e+001
 8.65107921e-001 8.65107921e-001  8.65107921e-001 5.12345815e+000 5.12345815e+000  5.12345815e+000 -2.56455217e+000 -2.56455217e+000  -2.56455217e+000 -1.49043133e+000 -1.49043133e+000  -1.49043133e+000 -3.05596113e+000 -3.05596113e+000  -3.05596113e+000
 -4.22370254e+000 -4.22370254e+000  -4.22370254e+000 -8.71196455e+000 -8.71196455e+000  -8.71196455e+000 -9.39858035e-001 -9.39858035e-001  -9.39858035e-001 4.22180769e-001 4.22180769e-001  4.22180769e-001 2.41859337e+000 2.41859337e+000  2.41859337e+000
 -5.18418419e-002 -5.18418419e-002  -5.18418419e-002
 7.18167877e+000 7.18167877e+000  7.18167877e+000 2.11950913e+000 2.11950913e+000  2.11950913e+000 -3.26441799e+000 -3.26441799e+000  -3.26441799e+000 -6.48174526e+000 -6.48174526e+000  -6.48174526e+000 -1.33821253e+001 -1.33821253e+001  -1.33821253e+001
 4.17108233e+000 4.17108233e+000  4.17108233e+000 -7.50050512e+000 -7.50050512e+000  -7.50050512e+000 -3.71561609e+000 -3.71561609e+000  -3.71561609e+000 -6.14067205e-001 -6.14067205e-001  -6.14067205e-001 -2.38751962e+000 -2.38751962e+000  -2.38751962e+000
 -1.45468148e+000 -1.45468148e+000  -1.45468148e+000 1.70304950e+000 1.70304950e+000  1.70304950e+000 -8.09474073e+000 -8.09474073e+000  -8.09474073e+000 -3.10774359e+000 -3.10774359e+000  -3.10774359e+000 -2.08975455e+000 -2.08975455e+000  -2.08975455e+000
 -3.26369002e-001 -3.26369002e-001  -3.26369002e-001
 7.28804030e+000 7.28803968e+000  7.28803935e+000 2.00354812e+000 2.00354829e+000  2.00354942e+000 -3.18024309e+000 -3.18024908e+000  -3.18025256e+000 -6.72222674e+000 -6.72167367e+000  -6.72137732e+000 -1.32609910e+001 -1.32610086e+001  -1.32610172e+001
 4.53178066e+000 4.53178071e+000  4.53178074e+000 -7.40348527e+000 -7.40348531e+000  -7.40348533e+000 -4.92081281e+000 -4.92081280e+000  -4.92081280e+000 -9.02922282e-001 -9.02719169e-001  -9.02604969e-001 -1.52062600e+000 -1.52062559e+000  -1.52062524e+000
 -1.34854643e+000 -1.34854643e+000  -1.34854643e+000 1.50410527e+000 1.50409472e+000  1.50408577e+000 -8.57151183e+000 -8.57170741e+000  -8.57179584e+000 -3.15351823e+000 -3.15393682e+000  -3.15417414e+000 -2.06911167e+000 -2.06942115e+000  -2.06959613e+000
 -6.78811237e-001 -6.78842862e-001  -6.78861096e-001
 -3.60572000e+000 -3.60483206e+000 -3.60432238e+000
 -4.25822137e+000 -4.25822143e+000 -4.25822176e+000
 -1.14455824e+000 -1.14455387e+000 -1.14455307e+000
 5.12109478e+000 5.12185610e+000 5.12229697e+000
 -3.49491948e+000 -3.49491477e+000 -3.49491321e+000
 1.91129903e+000 1.91129905e+000 1.91129907e+000
 -3.79892519e+000 -3.79892518e+000 -3.79892517e+000
 3.75636225e+000 3.75636225e+000 3.75636225e+000
 3.35712564e+000 3.35794846e+000 3.35842160e+000
 1.95671946e+000 1.95671967e+000 1.95671985e+000
 -1.76330114e+000 -1.76241303e+000 -1.76190324e+000
 -2.01776682e+000 -2.01688546e+000 -2.01638389e+000
 -3.57040496e+000 -3.56957558e+000 -3.56909190e+000
 -2.90852704e+000 -2.90781969e+000 -2.90741202e+000
 -2.07328917e+000 -2.07309928e+000 -2.07299252e+000
 -5.66166608e-001 -5.66106699e-001 -5.66072132e-001
