  1.6541e-001 -1.3769e+001  1.2347e+001 -4.4976e+001 -7.0387e+000
 -3.4052e+001  3.7044e+000  1.0308e+001 -2.7627e+001 -4.0860e+000
 -1.3984e+001 -5.9851e+000 -6.2029e-001 -4.9446e+000 -3.9292e+000
 -1.0835e+000
  1.4782e+000
 -2.71114924e+001 -2.71114912e+001  -2.71114904e+001 -2.98478953e+001 -2.98478953e+001  -2.98478953e+001 3.02917756e+000 3.02917756e+000  3.02917756e+000 -1.47388826e+001 -1.47388826e+001  -1.47388826e+001 -7.78504007e+000 -7.78492264e+000  -7.78491127e+000
 8.43409989e-001 8.43409989e-001  8.43409989e-001 -3.93770768e+000 -3.93761988e+000  -3.93753310e+000 -3.22849740e+000 -3.22849740e+000  -3.22849740e+000 2.89206044e+000 2.89206044e+000  2.89206044e+000 -9.74843351e-001 -9.74838385e-001  -9.74837303e-001
 5.36537333e+000 5.36537333e+000  5.36537333e+000 1.40731513e+001 1.40731513e+001  1.40731513e+001 -3.24710271e+000 -3.24710271e+000  -3.24710271e+000 -6.91462000e+000 -6.91461602e+000  -6.91461296e+000 4.99838749e+000 4.99835454e+000  4.99832484e+000
 2.21560454e-001 2.21551855e-001  2.21544794e-001
 3.83030028e-001 3.83030028e-001  3.83030028e-001 9.39553402e+000 9.39553402e+000  9.39553402e+000 1.71986583e+001 1.71986583e+001  1.71986583e+001 -1.23402588e+001 -1.23402588e+001  -1.23402588e+001 4.37222443e+001 4.37222443e+001  4.37222443e+001
 -7.63712941e+000 -7.63712941e+000  -7.63712941e+000 3.40858573e+000 3.40858573e+000  3.40858573e+000 2.48011609e+001 2.48011609e+001  2.48011609e+001 1.61844555e+001 1.61844555e+001  1.61844555e+001 -3.32552365e+000 -3.32552365e+000  -3.32552365e+000
 3.64468813e+000 3.64468813e+000  3.64468813e+000 7.99417783e+000 7.99417783e+000  7.99417783e+000 -4.97941375e+000 -4.97941375e+000  -4.97941375e+000 5.23468952e+000 5.23468952e+000  5.23468952e+000 -1.75965864e+000 -1.75965864e+000  -1.75965864e+000
 -9.66998903e-001 -9.66998903e-001  -9.66998903e-001
 1.54697216e+000 1.54697216e+000  1.54697216e+000 6.93392505e+000 6.93392505e+000  6.93392505e+000 7.11058418e+000 7.11058418e+000  7.11058418e+000 -4.39783178e+000 -4.39783178e+000  -4.39783178e+000 -5.84687372e-001 -5.84687372e-001  -5.84687372e-001
 9.02891141e+000 9.02891141e+000  9.02891141e+000 -2.06471662e+000 -2.06471662e+000  -2.06471662e+000 -1.17046948e+001 -1.17046948e+001  -1.17046948e+001 -8.97841404e+000 -8.97841404e+000  -8.97841404e+000 1.81498754e+000 1.81498754e+000  1.81498754e+000
 -1.17754375e+001 -1.17754375e+001  -1.17754375e+001 -9.04394447e+000 -9.04394447e+000  -9.04394447e+000 1.97544370e+000 1.97544370e+000  1.97544370e+000 -5.63424473e+000 -5.63424473e+000  -5.63424473e+000 -2.50059804e+000 -2.50059804e+000  -2.50059804e+000
 -9.99550545e-001 -9.99550545e-001  -9.99550545e-001
 1.91617775e+001 1.91617775e+001  1.91617775e+001 -1.27882140e+001 -1.27882140e+001  -1.27882140e+001 7.94281119e-001 7.94281119e-001  7.94281119e-001 4.77413608e+000 4.77413608e+000  4.77413608e+000 -9.71768550e-002 -9.71768550e-002  -9.71768550e-002
 9.11078041e+000 9.11078041e+000  9.11078041e+000 -1.16977657e+001 -1.16977657e+001  -1.16977657e+001 -2.10461209e+001 -2.10461209e+001  -2.10461209e+001 7.71708466e-001 7.71708466e-001  7.71708466e-001 1.11712389e+001 1.11712389e+001  1.11712389e+001
 -1.07934924e+001 -1.07934924e+001  -1.07934924e+001 -1.55012311e+001 -1.55012311e+001  -1.55012311e+001 3.01754467e+000 3.01754467e+000  3.01754467e+000 3.41339209e+000 3.41339209e+000  3.41339209e+000 -1.00426735e+000 -1.00426735e+000  -1.00426735e+000
 -1.72358385e-001 -1.72358385e-001  -1.72358385e-001
 3.61256189e+000 3.61256189e+000  3.61256189e+000 2.70588572e+001 2.70588572e+001  2.70588572e+001 -2.74942723e+001 -2.74942723e+001  -2.74942723e+001 -1.94164595e+001 -1.94164595e+001  -1.94164595e+001 -1.47345665e+001 -1.47345665e+001  -1.47345665e+001
 -5.76197885e+000 -5.76197885e+000  -5.76197885e+000 2.96115112e+001 2.96115112e+001  2.96115112e+001 -1.05967941e+000 -1.05967941e+000  -1.05967941e+000 -9.18928112e+000 -9.18928112e+000  -9.18928112e+000 -3.94151426e+000 -3.94151426e+000  -3.94151426e+000
 -5.09374836e+000 -5.09374836e+000  -5.09374836e+000 -6.24271423e+000 -6.24271423e+000  -6.24271423e+000 -3.14573718e+000 -3.14573718e+000  -3.14573718e+000 -1.26370420e+000 -1.26370420e+000  -1.26370420e+000 -4.42865249e+000 -4.42865249e+000  -4.42865249e+000
 -4.01677952e-001 -4.01677952e-001  -4.01677952e-001
 1.83860674e+001 1.83860674e+001  1.83860674e+001 -7.23735512e-001 -7.23734908e-001  -7.23733397e-001 1.18640768e+001 1.18640803e+001  1.18640890e+001 -1.41078772e+001 -1.41078772e+001  -1.41078772e+001 -2.13081573e+001 -2.13081573e+001  -2.13081573e+001
 -7.93861501e+001 -7.93861501e+001  -7.93861501e+001 -3.39386023e+000 -3.39383142e+000  -3.39375939e+000 3.17500014e+001 3.17500014e+001  3.17500014e+001 -3.05748543e+001 -3.05748557e+001  -3.05748591e+001 -7.80164679e+000 -7.80164679e+000  -7.80164679e+000
 4.55813351e+000 4.55813351e+000  4.55813351e+000 -1.11223257e+000 -1.11223310e+000  -1.11223443e+000 -1.52578544e+000 -1.52578544e+000  -1.52578544e+000 -7.02223196e+000 -7.02223196e+000  -7.02223196e+000 -1.47447292e+000 -1.47447292e+000  -1.47447293e+000
 -1.98183296e-001 -1.98187092e-001  -1.98196581e-001
 -1.00861044e+001 -1.00861044e+001  -1.00861044e+001 -9.51353085e+000 -9.51353085e+000  -9.51353085e+000 -1.78808407e+000 -1.78808407e+000  -1.78808407e+000 3.62551494e+000 3.62551494e+000  3.62551494e+000 -1.10531326e+001 -1.10531326e+001  -1.10531326e+001
 3.17485068e+001 3.17485068e+001  3.17485068e+001 -8.74791291e+000 -8.74791291e+000  -8.74791291e+000 -1.27169408e+001 -1.27169408e+001  -1.27169408e+001 2.64934025e-001 2.64934025e-001  2.64934025e-001 -1.41817173e+000 -1.41817173e+000  -1.41817173e+000
 6.93188496e-001 6.93188496e-001  6.93188496e-001 1.06316389e+000 1.06316389e+000  1.06316389e+000 5.16934304e+000 5.16934304e+000  5.16934304e+000 5.51866004e+000 5.51866004e+000  5.51866004e+000 8.67405483e-001 8.67405483e-001  8.67405483e-001
 7.11376080e-001 7.11376080e-001  7.11376080e-001
 -4.06796843e+001 -4.06796843e+001  -4.06796843e+001 -1.41155092e+001 -1.41155092e+001  -1.41155092e+001 -2.33729243e+001 -2.33729243e+001  -2.33729243e+001 2.86338600e+001 2.86338600e+001  2.86338600e+001 1.30779272e+001 1.30779272e+001  1.30779272e+001
 -4.04250118e+000 -4.04250118e+000  -4.04250118e+000 -7.23328917e+000 -7.23328917e+000  -7.23328917e+000 -1.73643611e+001 -1.73643611e+001  -1.73643611e+001 -1.73008421e+001 -1.73008421e+001  -1.73008421e+001 5.38976288e+000 5.38976288e+000  5.38976288e+000
 -1.23393285e+001 -1.23393285e+001  -1.23393285e+001 2.14191442e+000 2.14191442e+000  2.14191442e+000 -7.65294874e+000 -7.65294874e+000  -7.65294874e+000 -2.92037850e+000 -2.92037850e+000  -2.92037850e+000 -2.21246905e+000 -2.21246905e+000  -2.21246905e+000
 5.99673365e-001 5.99673365e-001  5.99673365e-001
 6.86269935e+000 6.86269935e+000  6.86269935e+000 3.60410030e+000 3.60410090e+000  3.60410241e+000 -6.40028004e+000 -6.40027656e+000  -6.40026786e+000 -2.11087293e+001 -2.11087293e+001  -2.11087293e+001 -8.59789834e+000 -8.59789834e+000  -8.59789834e+000
 -4.34704243e-001 -4.34704243e-001  -4.34704243e-001 -2.21997231e+001 -2.21996943e+001  -2.21996223e+001 2.84488808e+000 2.84488808e+000  2.84488808e+000 -1.66045547e+001 -1.66045561e+001  -1.66045595e+001 2.65009956e+000 2.65009956e+000  2.65009956e+000
 -3.81696155e+000 -3.81696155e+000  -3.81696155e+000 -1.97642193e+000 -1.97642247e+000  -1.97642380e+000 4.14001865e+000 4.14001865e+000  4.14001865e+000 -3.37061681e+000 -3.37061681e+000  -3.37061681e+000 -4.76932191e-001 -4.76932196e-001  -4.76932208e-001
 -1.57432162e-002 -1.57470118e-002  -1.57565009e-002
 1.62540353e+001 1.62540366e+001  1.62540373e+001 -3.44626488e+001 -3.44626488e+001  -3.44626488e+001 2.00960143e+001 2.00960143e+001  2.00960143e+001 -2.01231385e+001 -2.01231385e+001  -2.01231385e+001 -1.80534452e+001 -1.80533277e+001  -1.80533164e+001
 -6.03292807e+000 -6.03292807e+000  -6.03292807e+000 1.24897470e+001 1.24898348e+001  1.24899216e+001 -8.26546584e+000 -8.26546584e+000  -8.26546584e+000 1.04372215e+001 1.04372215e+001  1.04372215e+001 -2.39473440e+000 -2.39472944e+000  -2.39472835e+000
 -1.25026271e+001 -1.25026271e+001  -1.25026271e+001 -1.87386520e+001 -1.87386520e+001  -1.87386520e+001 -5.42184478e+000 -5.42184478e+000  -5.42184478e+000 5.11893118e+000 5.11893516e+000  5.11893822e+000 -1.14671502e+000 -1.14674798e+000  -1.14677768e+000
 -1.26595972e+000 -1.26596832e+000  -1.26597538e+000
 -1.74291636e+001 -1.74291636e+001  -1.74291636e+001 2.11790501e+001 2.11790501e+001  2.11790501e+001 -3.16494960e+000 -3.16494960e+000  -3.16494960e+000 -1.55426256e+001 -1.55426256e+001  -1.55426256e+001 1.46487946e+001 1.46487946e+001  1.46487946e+001
 -3.57372478e+001 -3.57372478e+001  -3.57372478e+001 1.27476817e+001 1.27476817e+001  1.27476817e+001 1.22158067e+001 1.22158067e+001  1.22158067e+001 -2.24620578e+001 -2.24620578e+001  -2.24620578e+001 -4.73083844e+000 -4.73083844e+000  -4.73083844e+000
 2.91829381e+000 2.91829381e+000  2.91829381e+000 1.19454445e+001 1.19454445e+001  1.19454445e+001 -1.45388154e+000 -1.45388154e+000  -1.45388154e+000 -8.41637361e+000 -8.41637361e+000  -8.41637361e+000 -3.67820925e+000 -3.67820925e+000  -3.67820925e+000
 -5.24129610e-001 -5.24129610e-001  -5.24129610e-001
 -7.14834022e+001 -7.14834022e+001  -7.14834022e+001 -3.60908089e+001 -3.60908088e+001  -3.60908083e+001 1.69115376e+000 1.69115480e+000  1.69115742e+000 -2.14728709e+001 -2.14728709e+001  -2.14728709e+001 -5.43292393e+001 -5.43292387e+001  -5.43292387e+001
 1.38873104e+002 1.38873104e+002  1.38873104e+002 9.62150139e+001 9.62150231e+001  9.62150452e+001 5.48075041e+000 5.48075041e+000  5.48075041e+000 8.46570279e+001 8.46570275e+001  8.46570265e+001 -2.89156874e+001 -2.89156874e+001  -2.89156874e+001
 -2.66567921e+001 -2.66567921e+001  -2.66567921e+001 3.24841959e+001 3.24841957e+001  3.24841953e+001 -3.37572950e+000 -3.37572950e+000  -3.37572950e+000 2.02659678e+000 2.02659680e+000  2.02659681e+000 -2.90361665e+000 -2.90361683e+000  -2.90361699e+000
 1.62605066e+000 1.62604948e+000  1.62604659e+000
 2.30589536e+001 2.30589541e+001  2.30589544e+001 -9.55554095e-001 -9.55553820e-001  -9.55553133e-001 1.04072721e+000 1.04072880e+000  1.04073276e+000 -5.90609503e+000 -5.90609503e+000  -5.90609503e+000 -3.14586394e+001 -3.14585977e+001  -3.14585931e+001
 7.90189349e-003 7.90189349e-003  7.90189349e-003 -2.89340380e+000 -2.89335697e+000  -2.89328685e+000 1.29382911e+001 1.29382911e+001  1.29382911e+001 -8.57046665e+000 -8.57046726e+000  -8.57046879e+000 -2.10986394e+001 -2.10986376e+001  -2.10986372e+001
 3.13522528e+001 3.13522528e+001  3.13522528e+001 -1.54643841e+001 -1.54643844e+001  -1.54643850e+001 -7.90898405e+000 -7.90898405e+000  -7.90898405e+000 5.71191173e-001 5.71192657e-001  5.71193927e-001 9.13766199e-002 9.13641378e-002  9.13515752e-002
 1.98481983e-001 1.98476971e-001  1.98469550e-001
 8.65324969e+000 8.65325050e+000  8.65325098e+000 1.46169226e+001 1.46169230e+001  1.46169241e+001 -1.17164102e+001 -1.17164078e+001  -1.17164017e+001 5.92907799e+001 5.92907799e+001  5.92907799e+001 3.24186368e+001 3.24187161e+001  3.24187236e+001
 7.19911724e+000 7.19911724e+000  7.19911724e+000 -3.30081064e+000 -3.30073291e+000  -3.30062825e+000 -3.15270066e+001 -3.15270066e+001  -3.15270066e+001 3.86782699e+001 3.86782689e+001  3.86782665e+001 8.09836216e+000 8.09836551e+000  8.09836622e+000
 -4.88760206e+000 -4.88760206e+000  -4.88760206e+000 3.33725803e+000 3.33725765e+000  3.33725671e+000 -7.90096990e+000 -7.90096990e+000  -7.90096990e+000 7.20909183e-001 7.20911823e-001  7.20913765e-001 -2.43798414e+000 -2.43800581e+000  -2.43802441e+000
 -1.81725295e+000 -1.81726129e+000  -1.81727237e+000
 1.66158664e+001 1.66158671e+001  1.66158674e+001 1.30512558e+001 1.30512562e+001  1.30512571e+001 -1.56692076e+001 -1.56692055e+001  -1.56692003e+001 7.42512860e+001 7.42512860e+001  7.42512860e+001 3.23300258e+001 3.23300919e+001  3.23300981e+001
 -8.35844564e-001 -8.35844564e-001  -8.35844564e-001 8.69612133e+000 8.69618587e+000  8.69627239e+000 -4.21964976e+001 -4.21964976e+001  -4.21964976e+001 4.14917626e+001 4.14917618e+001  4.14917597e+001 6.45904449e+000 6.45904728e+000  6.45904786e+000
 -3.23655558e+000 -3.23655558e+000  -3.23655558e+000 7.07695162e+000 7.07695130e+000  7.07695050e+000 -7.12529305e+000 -7.12529305e+000  -7.12529305e+000 -1.07925139e+000 -1.07924921e+000  -1.07924762e+000 -4.30656426e+000 -4.30658217e+000  -4.30659723e+000
 -1.46910875e+000 -1.46911569e+000  -1.46912491e+000
 1.87177927e+001 1.87177927e+001  1.87177927e+001 -1.40268983e+001 -1.40268983e+001  -1.40268983e+001 -3.45845703e+000 -3.45845703e+000  -3.45845703e+000 -3.00042231e+000 -3.00042231e+000  -3.00042231e+000 1.65851699e-001 1.65851699e-001  1.65851699e-001
 -3.10775990e+001 -3.10775990e+001  -3.10775990e+001 3.68151928e+001 3.68151928e+001  3.68151928e+001 1.11331287e+001 1.11331287e+001  1.11331287e+001 -7.24268068e+000 -7.24268068e+000  -7.24268068e+000 -1.03316374e+001 -1.03316374e+001  -1.03316374e+001
 7.57981647e+000 7.57981647e+000  7.57981647e+000 6.91194757e+000 6.91194757e+000  6.91194757e+000 -4.97045155e+000 -4.97045155e+000  -4.97045155e+000 -4.83556256e+000 -4.83556256e+000  -4.83556256e+000 -3.76717491e+000 -3.76717491e+000  -3.76717491e+000
 1.43426989e-001 1.43426989e-001  1.43426989e-001
 -1.29103735e+000 -1.29103735e+000  -1.29103735e+000 7.41435954e+000 7.41435954e+000  7.41435954e+000 8.69944445e+000 8.69944445e+000  8.69944445e+000 -8.26472553e+000 -8.26472553e+000  -8.26472553e+000 -1.82660697e+001 -1.82660697e+001  -1.82660697e+001
 -2.97419570e+000 -2.97419570e+000  -2.97419570e+000 -1.16700901e+001 -1.16700901e+001  -1.16700901e+001 -3.14125426e+001 -3.14125426e+001  -3.14125426e+001 -1.56005904e+001 -1.56005904e+001  -1.56005904e+001 4.37233417e+000 4.37233417e+000  4.37233417e+000
 -1.30129775e+001 -1.30129775e+001  -1.30129775e+001 -6.23484916e+000 -6.23484916e+000  -6.23484916e+000 1.16296330e+001 1.16296330e+001  1.16296330e+001 -2.70906755e+000 -2.70906755e+000  -2.70906755e+000 -2.29445833e+000 -2.29445833e+000  -2.29445833e+000
 4.71578173e-001 4.71578173e-001  4.71578173e-001
 -5.53541049e+000 -5.53541049e+000  -5.53541049e+000 -1.37354518e+000 -1.37354518e+000  -1.37354518e+000 2.72748915e+000 2.72748915e+000  2.72748915e+000 -2.19427786e+001 -2.19427786e+001  -2.19427786e+001 3.48430904e+000 3.48430904e+000  3.48430904e+000
 -3.76258859e+000 -3.76258859e+000  -3.76258859e+000 -1.07003236e+001 -1.07003236e+001  -1.07003236e+001 1.31915860e+001 1.31915860e+001  1.31915860e+001 -2.49753256e+000 -2.49753256e+000  -2.49753256e+000 9.37867973e-001 9.37867973e-001  9.37867973e-001
 -3.98252770e+000 -3.98252770e+000  -3.98252770e+000 -4.56420816e+000 -4.56420816e+000  -4.56420816e+000 -4.98674755e+000 -4.98674755e+000  -4.98674755e+000 -2.19710514e-002 -2.19710514e-002  -2.19710514e-002 -6.45263314e-002 -6.45263314e-002  -6.45263314e-002
 -1.37717034e+000 -1.37717034e+000  -1.37717034e+000
 -5.91430917e+000 -5.91430795e+000  -5.91430717e+000 -1.36655325e+000 -1.36655265e+000  -1.36655114e+000 2.92656598e+000 2.92656946e+000  2.92657816e+000 -2.31649125e+001 -2.31649125e+001  -2.31649125e+001 3.05241117e+000 3.05252860e+000  3.05253998e+000
 -3.91404916e+000 -3.91404916e+000  -3.91404916e+000 -1.08932293e+001 -1.08931127e+001  -1.08929539e+001 1.38830569e+001 1.38830569e+001  1.38830569e+001 -3.28858737e+000 -3.28858873e+000  -3.28859213e+000 5.45961985e-001 5.45966950e-001  5.45968033e-001
 -3.98560606e+000 -3.98560606e+000  -3.98560606e+000 -4.88251965e+000 -4.88252018e+000  -4.88252151e+000 -4.40814163e+000 -4.40814163e+000  -4.40814163e+000 8.98541925e-001 8.98545904e-001  8.98548958e-001 8.24303108e-001 8.24270149e-001  8.24240438e-001
 -1.04366737e+000 -1.04367977e+000  -1.04369632e+000
 -8.16117572e-001 -8.17189921e-001 -8.18208859e-001
 -1.18557008e+000 -1.18557059e+000 -1.18557187e+000
 -1.83328798e+000 -1.83435991e+000 -1.83537500e+000
 -1.98594644e+000 -1.98594644e+000 -1.98594644e+000
 -9.09248322e-001 -9.09418474e-001 -9.09431291e-001
 -2.15941035e+000 -2.15941035e+000 -2.15941035e+000
 -2.86257125e+000 -2.86349545e+000 -2.86418895e+000
 7.65194565e-001 7.65065768e-001 7.64743778e-001
 9.18065716e-001 9.17119155e-001 9.16417477e-001
 -1.54323241e+000 -1.54323564e+000 -1.54323634e+000
 7.23030985e-001 7.23030985e-001 7.23030984e-001
 4.75335462e-001 4.75334330e-001 4.75331501e-001
 -1.02631886e+000 -1.02631886e+000 -1.02631886e+000
 -1.30976042e+000 -1.30976346e+000 -1.30976580e+000
 9.32901855e-001 9.32864987e-001 9.32831353e-001
 1.51117711e+000 1.51116882e+000 1.51115770e+000
