    8      5     50      1 19432      0 
    0.700      0.400   20000  100      0.000      0.000  20000      5 
    0.990 	     0.010 
   2 
    1.9875e+000   0.0000e+000  
  5.7000e+001  -8.0000e+000  
  4.4837e+000   0.0000e+000  
  1.8824e+002   1.7539e+002  
  1.0000e+000   0.0000e+000  
  1.0000e+000   0.0000e+000  
  1.0000e+000   0.0000e+000  
  1.0000e+000   0.0000e+000  
   2.6556e+002   0.0000e+000  
  itr    nh   avger[]   r2avg    mare[] 
20000  5 7.252e+001   2.469e-001  1.000e+001 1.447e+003 
20000  5 0.000e+000   0.000e+000  0.000e+000 0.000e+000 
   1  2.4691e-001   1.4467e+003   1.0202e+008   7.2519e-001 
  4.6479e+001   2.0629e-001 
   1  0.0000e+000   0.0000e+000   0.0000e+000   0.0000e+000 
  0.0000e+000   0.0000e+000 
