  3.1932e+000 -8.7319e+000 -1.0292e+001 -2.1033e+001 -4.3324e+000
 -1.9698e+001 -6.3560e+000 -3.5583e+000 -2.5044e+001 -1.6168e+000
 -3.1330e-001 -9.8879e+000 -8.7946e+000  2.9284e-001 -5.0036e+000
 -6.0413e-001
  3.3452e+000
 9.18970876e+000 9.18970876e+000  9.18970877e+000 1.74341007e+000 1.74341007e+000  1.74341007e+000 -6.49935559e+000 -6.49935559e+000  -6.49935559e+000 -1.08062556e+001 -1.08062556e+001  -1.08062556e+001 7.83796181e+000 7.83798683e+000  7.83799982e+000
 3.38793847e+000 3.38793846e+000  3.38793846e+000 -2.25028048e+001 -2.25028048e+001  -2.25028048e+001 6.75688565e+000 6.75688564e+000  6.75688564e+000 -1.37108761e+001 -1.37108761e+001  -1.37108761e+001 6.85460502e+000 6.85460678e+000  6.85460776e+000
 -3.19404620e+001 -3.19404612e+001  -3.19404610e+001 -8.69998567e+000 -8.69994840e+000  -8.69992841e+000 -1.62086889e-001 -1.62093006e-001  -1.62113383e-001 1.84553474e+000 1.84553548e+000  1.84553588e+000 1.29571360e+000 1.29571552e+000  1.29571665e+000
 -2.53647270e-002 -2.54590607e-002  -2.55091171e-002
 -1.34927474e+001 -1.34927474e+001  -1.34927474e+001 -3.75204630e+000 -3.75204630e+000  -3.75204630e+000 -2.86984960e+001 -2.86984960e+001  -2.86984960e+001 -7.36723178e+000 -7.36723178e+000  -7.36723178e+000 -3.26752299e+000 -3.26752299e+000  -3.26752299e+000
 3.87305873e+000 3.87305873e+000  3.87305873e+000 -5.05213778e+000 -5.05213778e+000  -5.05213778e+000 2.41570783e+000 2.41570783e+000  2.41570783e+000 -1.03834385e+001 -1.03834385e+001  -1.03834385e+001 6.70898280e+000 6.70898280e+000  6.70898280e+000
 1.46591834e+001 1.46591834e+001  1.46591834e+001 1.25432816e+001 1.25432816e+001  1.25432816e+001 -1.03188873e+000 -1.03188873e+000  -1.03188873e+000 -7.69791335e+000 -7.69791335e+000  -7.69791335e+000 -3.21101267e+000 -3.21101267e+000  -3.21101267e+000
 -1.25785961e+000 -1.25785961e+000  -1.25785961e+000
 1.24199829e+001 1.24199829e+001  1.24199829e+001 6.58324662e+000 6.58324662e+000  6.58324662e+000 3.12457023e+001 3.12457023e+001  3.12457023e+001 5.24294859e+000 5.24294859e+000  5.24294859e+000 9.76307644e+000 9.76307644e+000  9.76307644e+000
 -9.81200341e+000 -9.81200341e+000  -9.81200341e+000 2.06104194e+001 2.06104194e+001  2.06104194e+001 -3.58400073e+000 -3.58400073e+000  -3.58400073e+000 2.48303234e+000 2.48303234e+000  2.48303234e+000 -5.94859898e+000 -5.94859898e+000  -5.94859898e+000
 -6.89539501e-001 -6.89539501e-001  -6.89539501e-001 8.49392819e-001 8.49392819e-001  8.49392819e-001 -5.03871671e+000 -5.03871671e+000  -5.03871671e+000 1.66033128e+001 1.66033128e+001  1.66033128e+001 1.11736502e+000 1.11736502e+000  1.11736502e+000
 -2.83074703e-001 -2.83074703e-001  -2.83074703e-001
 -8.04083473e+000 -8.04083473e+000  -8.04083473e+000 1.33952463e+001 1.33952463e+001  1.33952463e+001 3.06540507e+000 3.06540507e+000  3.06540507e+000 4.36533533e+001 4.36533533e+001  4.36533533e+001 -1.23284958e+001 -1.23284958e+001  -1.23284958e+001
 9.49354724e+000 9.49354724e+000  9.49354724e+000 -3.74141113e+000 -3.74141113e+000  -3.74141113e+000 -1.27201969e+001 -1.27201969e+001  -1.27201969e+001 5.83976715e+000 5.83976715e+000  5.83976715e+000 1.72617076e+001 1.72617076e+001  1.72617076e+001
 1.34261023e+001 1.34261023e+001  1.34261023e+001 -2.49851369e+001 -2.49851369e+001  -2.49851369e+001 8.50892305e-001 8.50892305e-001  8.50892305e-001 -2.79640581e+000 -2.79640581e+000  -2.79640581e+000 -3.09110727e+000 -3.09110727e+000  -3.09110727e+000
 2.74129097e-001 2.74129097e-001  2.74129097e-001
 -1.05016870e+001 -1.05016870e+001  -1.05016870e+001 -2.13209594e+000 -2.13209594e+000  -2.13209594e+000 3.41239428e+001 3.41239428e+001  3.41239428e+001 -3.94682632e+001 -3.94682632e+001  -3.94682632e+001 -3.00192702e+000 -3.00192702e+000  -3.00192702e+000
 -1.94825401e-001 -1.94825401e-001  -1.94825401e-001 1.17847064e+001 1.17847064e+001  1.17847064e+001 -5.76091504e+000 -5.76091504e+000  -5.76091504e+000 1.69953512e+000 1.69953512e+000  1.69953512e+000 -1.32474042e+001 -1.32474042e+001  -1.32474042e+001
 8.42955858e+000 8.42955858e+000  8.42955858e+000 1.00514583e+001 1.00514583e+001  1.00514583e+001 7.84172107e+000 7.84172107e+000  7.84172107e+000 -9.10302928e+000 -9.10302928e+000  -9.10302928e+000 -3.51612844e+000 -3.51612844e+000  -3.51612844e+000
 5.89192882e-001 5.89192882e-001  5.89192882e-001
 -4.51355707e-001 -4.51355707e-001  -4.51355707e-001 -5.09181747e+001 -5.09181747e+001  -5.09181747e+001 -1.82414438e+001 -1.82414438e+001  -1.82414438e+001 -3.53031187e+000 -3.53031187e+000  -3.53031187e+000 -1.99511165e-001 -1.99511039e-001  -1.99510726e-001
 -1.41729374e+001 -1.41729374e+001  -1.41729374e+001 -2.25058785e+001 -2.25058785e+001  -2.25058785e+001 1.15177796e+001 1.15177655e+001  1.15177305e+001 -1.44150317e+001 -1.44150317e+001  -1.44150317e+001 -3.63962668e+000 -3.63962668e+000  -3.63962668e+000
 6.23892347e+000 6.23892348e+000  6.23892350e+000 -1.53939431e+001 -1.53938960e+001  -1.53937782e+001 -1.33954259e+001 -1.33954259e+001  -1.33954259e+001 -5.71898582e-001 -5.71898415e-001  -5.71897998e-001 3.12645805e+000 3.12648113e+000  3.12653885e+000
 -1.07244714e+000 -1.07244971e+000  -1.07245616e+000
 1.59310477e+001 1.59310477e+001  1.59310477e+001 2.47996927e+001 2.47996927e+001  2.47996927e+001 -2.45866180e+001 -2.45866180e+001  -2.45866180e+001 -7.91857932e+000 -7.91857932e+000  -7.91857932e+000 -3.65145864e+000 -3.65145864e+000  -3.65145864e+000
 -1.76608133e+001 -1.76608133e+001  -1.76608133e+001 1.39714102e+001 1.39714102e+001  1.39714102e+001 -4.46354971e+000 -4.46354971e+000  -4.46354971e+000 -3.79296319e-001 -3.79296319e-001  -3.79296319e-001 -1.15189292e+001 -1.15189292e+001  -1.15189292e+001
 -7.78399841e+000 -7.78399841e+000  -7.78399841e+000 1.19035649e+001 1.19035649e+001  1.19035649e+001 -1.47619306e+000 -1.47619306e+000  -1.47619306e+000 -3.40730532e-001 -3.40730532e-001  -3.40730532e-001 -3.11575057e+000 -3.11575057e+000  -3.11575057e+000
 7.68477544e-001 7.68477544e-001  7.68477544e-001
 -2.33014191e+001 -2.33014191e+001  -2.33014191e+001 -3.95539704e+000 -3.95539704e+000  -3.95539704e+000 4.65307684e+000 4.65307684e+000  4.65307684e+000 3.34060132e+000 3.34060132e+000  3.34060132e+000 -1.81153971e+001 -1.81153971e+001  -1.81153971e+001
 -5.39632868e+000 -5.39632868e+000  -5.39632868e+000 -1.86597669e+001 -1.86597669e+001  -1.86597669e+001 2.71089798e+000 2.71089798e+000  2.71089798e+000 2.68667632e+001 2.68667632e+001  2.68667632e+001 9.84929481e+000 9.84929481e+000  9.84929481e+000
 -1.91787312e+001 -1.91787312e+001  -1.91787312e+001 -1.01944898e+001 -1.01944898e+001  -1.01944898e+001 -6.53127177e+000 -6.53127177e+000  -6.53127177e+000 9.47601214e-001 9.47601214e-001  9.47601214e-001 -4.43339507e-001 -4.43339507e-001  -4.43339507e-001
 -4.68058813e-001 -4.68058813e-001  -4.68058813e-001
 -6.53785696e+000 -6.53785696e+000  -6.53785696e+000 -1.82122289e+001 -1.82122289e+001  -1.82122289e+001 -3.56414572e+001 -3.56414572e+001  -3.56414572e+001 -2.34657380e+001 -2.34657380e+001  -2.34657380e+001 2.70580498e+000 2.70580510e+000  2.70580542e+000
 -6.39666963e+000 -6.39666963e+000  -6.39666963e+000 -1.19337936e+001 -1.19337936e+001  -1.19337936e+001 -4.00815610e+000 -4.00817011e+000  -4.00820514e+000 -2.06081364e+000 -2.06081364e+000  -2.06081364e+000 -7.64561910e+000 -7.64561910e+000  -7.64561910e+000
 -4.82268389e+000 -4.82268388e+000  -4.82268386e+000 -6.66199826e+000 -6.66195114e+000  -6.66183335e+000 -5.74138199e+000 -5.74138199e+000  -5.74138199e+000 -6.94567303e+000 -6.94567286e+000  -6.94567245e+000 -1.00839020e+000 -1.00836711e+000  -1.00830939e+000
 -5.91327438e-001 -5.91330016e-001  -5.91336463e-001
 4.14105764e+000 4.14105765e+000  4.14105765e+000 -1.65851672e+001 -1.65851672e+001  -1.65851672e+001 1.53879827e+001 1.53879827e+001  1.53879827e+001 1.48745089e+001 1.48745089e+001  1.48745089e+001 1.35831271e+000 1.35833773e+000  1.35835072e+000
 -1.14526772e+001 -1.14526772e+001  -1.14526772e+001 5.58772268e+000 5.58772268e+000  5.58772268e+000 -6.72069533e+000 -6.72069534e+000  -6.72069534e+000 -4.96197177e-001 -4.96197177e-001  -4.96197177e-001 8.71458801e+000 8.71458977e+000  8.71459076e+000
 1.12122922e+001 1.12122930e+001  1.12122932e+001 8.17794839e+000 8.17798566e+000  8.17800565e+000 2.30932360e+000 2.30931748e+000  2.30929710e+000 1.68588481e+000 1.68588556e+000  1.68588595e+000 -4.73268291e+000 -4.73268098e+000  -4.73267985e+000
 9.73204854e-001 9.73110520e-001  9.73060464e-001
 7.24567259e+000 7.24567259e+000  7.24567259e+000 2.43222359e+001 2.43222359e+001  2.43222359e+001 1.04789745e+001 1.04789745e+001  1.04789745e+001 -1.17759453e+001 -1.17759453e+001  -1.17759453e+001 -9.07402752e+000 -9.07402752e+000  -9.07402752e+000
 -7.38791857e+000 -7.38791857e+000  -7.38791857e+000 -1.23005333e+000 -1.23005333e+000  -1.23005333e+000 4.76093610e+000 4.76093610e+000  4.76093610e+000 -2.64281211e+001 -2.64281211e+001  -2.64281211e+001 -4.70625423e+000 -4.70625423e+000  -4.70625423e+000
 -4.14706001e+000 -4.14706001e+000  -4.14706001e+000 -1.52473181e+001 -1.52473181e+001  -1.52473181e+001 -8.97963947e+000 -8.97963947e+000  -8.97963947e+000 3.19865824e+000 3.19865824e+000  3.19865824e+000 -1.65338918e+000 -1.65338918e+000  -1.65338918e+000
 -1.38882407e+000 -1.38882407e+000  -1.38882407e+000
 -8.28876335e+001 -8.28876335e+001  -8.28876335e+001 9.15454286e+001 9.15454286e+001  9.15454286e+001 -4.27998752e+001 -4.27998752e+001  -4.27998752e+001 -4.52484431e+001 -4.52484431e+001  -4.52484431e+001 7.79745446e+000 7.79745463e+000  7.79745480e+000
 -7.14633564e+001 -7.14633564e+001  -7.14633564e+001 1.74361556e+001 1.74361556e+001  1.74361556e+001 6.02842652e+000 6.02842231e+000  6.02841178e+000 -2.01635840e+001 -2.01635840e+001  -2.01635840e+001 -2.07845879e+001 -2.07845879e+001  -2.07845879e+001
 -1.56908020e+000 -1.56908020e+000  -1.56908019e+000 7.88106254e+001 7.88106397e+001  7.88106752e+001 -3.17242852e+001 -3.17242852e+001  -3.17242853e+001 -1.18881426e+001 -1.18881425e+001  -1.18881424e+001 -6.98239479e+000 -6.98238785e+000  -6.98237049e+000
 -3.90896166e-001 -3.90897441e-001  -3.90899644e-001
 5.23814809e+000 5.23814809e+000  5.23814809e+000 -1.95349168e-001 -1.95349168e-001  -1.95349168e-001 -2.03547854e+001 -2.03547854e+001  -2.03547854e+001 -1.24101752e+000 -1.24101752e+000  -1.24101752e+000 1.28548119e+000 1.28549014e+000  1.28549499e+000
 1.98853748e+001 1.98853748e+001  1.98853748e+001 -1.11754340e+001 -1.11754340e+001  -1.11754340e+001 8.88401077e-001 8.88394475e-001  8.88377971e-001 -9.98763994e+000 -9.98763994e+000  -9.98763994e+000 -4.78290655e-001 -4.78290022e-001  -4.78289651e-001
 -1.70772349e+001 -1.70772346e+001  -1.70772345e+001 -2.92368221e+000 -2.92364685e+000  -2.92358433e+000 -9.20086264e+000 -9.20086581e+000  -9.20087552e+000 -2.18311631e+000 -2.18311596e+000  -2.18311563e+000 9.86066202e-001 9.86077731e-001  9.86105246e-001
 1.78078787e-001 1.78043864e-001  1.78022295e-001
 -4.68393595e+000 -4.68393594e+000  -4.68393594e+000 1.64544026e+000 1.64544026e+000  1.64544026e+000 5.23259442e+001 5.23259442e+001  5.23259442e+001 3.39218819e+001 3.39218819e+001  3.39218819e+001 -3.40536345e+000 -3.40534618e+000  -3.40533651e+000
 1.46689214e+001 1.46689214e+001  1.46689214e+001 1.41915114e+001 1.41915114e+001  1.41915114e+001 -3.29416739e+000 -3.29417717e+000  -3.29420162e+000 3.51978255e+001 3.51978255e+001  3.51978255e+001 -1.78373818e+000 -1.78373698e+000  -1.78373629e+000
 1.69772513e+001 1.69772519e+001  1.69772520e+001 6.92443784e+000 6.92449603e+000  6.92459203e+000 1.36020403e+001 1.36020374e+001  1.36020267e+001 2.58186468e+000 2.58186531e+000  2.58186589e+000 1.95058340e+000 1.95060084e+000  1.95064194e+000
 -1.59084971e+000 -1.59091598e+000  -1.59095612e+000
 -1.03942565e+001 -1.03942565e+001  -1.03942565e+001 -3.56244545e+000 -3.56244545e+000  -3.56244545e+000 5.35847620e+001 5.35847620e+001  5.35847620e+001 3.06707687e+001 3.06707687e+001  3.06707687e+001 -1.41846544e-001 -1.41832054e-001  -1.41823772e-001
 2.17146357e+001 2.17146357e+001  2.17146357e+001 3.03083588e+001 3.03083588e+001  3.03083588e+001 1.60461649e+000 1.60460823e+000  1.60458759e+000 6.74065689e+001 6.74065689e+001  6.74065689e+001 1.93088155e+000 1.93088256e+000  1.93088314e+000
 2.50687529e+001 2.50687534e+001  2.50687535e+001 -1.36224080e+000 -1.36219189e+000  -1.36211087e+000 1.73158177e+001 1.73158157e+001  1.73158078e+001 2.67849459e-001 2.67849990e-001  2.67850485e-001 3.59917607e-001 3.59932326e-001  3.59967043e-001
 -1.50712781e+000 -1.50718336e+000  -1.50721746e+000
 -1.58620971e+001 -1.58620971e+001  -1.58620971e+001 -1.55678439e+001 -1.55678439e+001  -1.55678439e+001 -1.33396777e+001 -1.33396777e+001  -1.33396777e+001 -1.59387182e+001 -1.59387182e+001  -1.59387182e+001 5.98459592e+000 5.98459592e+000  5.98459592e+000
 9.10963251e+000 9.10963251e+000  9.10963251e+000 1.74150960e+001 1.74150960e+001  1.74150960e+001 1.05784029e+001 1.05784029e+001  1.05784029e+001 2.92418423e+001 2.92418423e+001  2.92418423e+001 9.41996576e+000 9.41996576e+000  9.41996576e+000
 1.71662393e+001 1.71662393e+001  1.71662393e+001 -2.89724190e+001 -2.89724190e+001  -2.89724190e+001 5.91336839e+000 5.91336839e+000  5.91336839e+000 -4.59056910e+000 -4.59056910e+000  -4.59056910e+000 -4.45152580e+000 -4.45152580e+000  -4.45152580e+000
 7.22206802e-001 7.22206802e-001  7.22206802e-001
 1.50794843e+001 1.50794843e+001  1.50794843e+001 3.80640307e+000 3.80640307e+000  3.80640307e+000 -1.26532133e+000 -1.26532133e+000  -1.26532133e+000 -9.59106041e+000 -9.59106041e+000  -9.59106041e+000 3.16306506e+000 3.16306506e+000  3.16306506e+000
 -1.07032798e+001 -1.07032798e+001  -1.07032798e+001 1.60560934e+001 1.60560934e+001  1.60560934e+001 1.19070798e+000 1.19070798e+000  1.19070798e+000 2.46312575e+001 2.46312575e+001  2.46312575e+001 6.68840380e-001 6.68840380e-001  6.68840380e-001
 -1.96761313e+000 -1.96761313e+000  -1.96761313e+000 7.12795185e+000 7.12795185e+000  7.12795185e+000 -1.16000499e+001 -1.16000499e+001  -1.16000499e+001 -2.49064835e+000 -2.49064835e+000  -2.49064835e+000 -3.65206916e+000 -3.65206916e+000  -3.65206916e+000
 -7.98084352e-001 -7.98084352e-001  -7.98084352e-001
 2.81741524e+000 2.81741524e+000  2.81741524e+000 8.43065766e-001 8.43065766e-001  8.43065766e-001 3.16239881e+000 3.16239881e+000  3.16239881e+000 3.15487769e+000 3.15487769e+000  3.15487769e+000 -6.72857884e+000 -6.72857884e+000  -6.72857884e+000
 -1.15105683e+001 -1.15105683e+001  -1.15105683e+001 -2.01180440e+001 -2.01180440e+001  -2.01180440e+001 -8.59399974e+000 -8.59399974e+000  -8.59399974e+000 -4.07441269e+001 -4.07441269e+001  -4.07441269e+001 -6.55850113e+000 -6.55850113e+000  -6.55850113e+000
 -5.96013839e+000 -5.96013839e+000  -5.96013839e+000 4.13229808e+000 4.13229808e+000  4.13229808e+000 -3.20966240e+000 -3.20966240e+000  -3.20966240e+000 2.77677558e+000 2.77677558e+000  2.77677558e+000 3.69366695e-001 3.69366695e-001  3.69366695e-001
 -2.81916908e-001 -2.81916908e-001  -2.81916908e-001
 3.10353550e+000 3.10353551e+000  3.10353551e+000 7.70076097e-001 7.70076097e-001  7.70076097e-001 2.03235797e+000 2.03235797e+000  2.03235797e+000 2.40938091e+000 2.40938091e+000  2.40938091e+000 -6.98994092e+000 -6.98991577e+000  -6.98990247e+000
 -1.16566022e+001 -1.16566022e+001  -1.16566022e+001 -2.04154254e+001 -2.04154254e+001  -2.04154254e+001 -8.59178558e+000 -8.59179960e+000  -8.59183463e+000 -4.15254674e+001 -4.15254674e+001  -4.15254674e+001 -6.54155629e+000 -6.54155453e+000  -6.54155355e+000
 -6.33250890e+000 -6.33250809e+000  -6.33250791e+000 3.98080106e+000 3.98088545e+000  3.98102323e+000 -3.51535397e+000 -3.51536008e+000  -3.51538046e+000 2.24331190e+000 2.24331281e+000  2.24331363e+000 3.39765981e-001 3.39790996e-001  3.39849844e-001
 -6.49152196e-001 -6.49249108e-001  -6.49305611e-001
 -1.66463008e+000 -1.66526967e+000 -1.66562591e+000
 -2.17804528e+000 -2.17804528e+000 -2.17804528e+000
 -5.86715030e-001 -5.87354620e-001 -5.87710862e-001
 1.30115182e+000 1.30051223e+000 1.30015599e+000
 -2.28125596e+000 -2.28126717e+000 -2.28127307e+000
 5.59419492e-001 5.59419474e-001 5.59419458e-001
 1.69143252e+000 1.69143252e+000 1.69143252e+000
 2.79793434e+000 2.79792921e+000 2.79791640e+000
 -2.22511285e+000 -2.22511285e+000 -2.22511285e+000
 -3.06906400e+000 -3.06970302e+000 -3.07005894e+000
 -3.72804629e+000 -3.72827403e+000 -3.72884287e+000
 -1.47414289e+000 -1.47420783e+000 -1.47431836e+000
 -8.84516763e-001 -8.85172888e-001 -8.85576244e-001
 -1.47763151e+000 -1.47827071e+000 -1.47862696e+000
 -1.57255860e+000 -1.57257559e+000 -1.57261571e+000
 1.62494023e+000 1.62487418e+000 1.62483645e+000
