  1.1052e+001  4.2489e+001  2.6783e+000 -1.3682e+000 -8.0432e+000
 -6.9934e+000 -1.6793e+001 -8.0513e+000 -2.1673e+001 -3.7585e+000
 -1.0526e+000 -9.6412e+000  1.0480e+000  1.5841e+000 -9.6375e+000
  3.6660e+000
 8.61676059e+000 8.61676059e+000  8.61676059e+000 5.73344646e+001 5.73344646e+001  5.73344646e+001 -1.23106503e+001 -1.23106503e+001  -1.23106503e+001 1.37728745e+001 1.37728745e+001  1.37728745e+001 1.93411881e+001 1.93411644e+001  1.93411183e+001
 7.77096870e+000 7.77096793e+000  7.77096655e+000 7.02379760e+000 7.02379760e+000  7.02379760e+000 8.84543140e+000 8.84543134e+000  8.84543121e+000 -9.99234025e+000 -9.99234025e+000  -9.99234025e+000 2.61234892e+000 2.61238738e+000  2.61246374e+000
 -4.80660922e+000 -4.80660930e+000  -4.80660946e+000 1.89461519e+001 1.89461519e+001  1.89461519e+001 -2.59946322e+000 -2.59945615e+000  -2.59944109e+000 1.19005016e+000 1.19005899e+000  1.19007439e+000 1.69902827e+001 1.69902827e+001  1.69902827e+001
 1.84889930e-001 1.84889930e-001  1.84889930e-001 -1.82489155e+001 -1.82489155e+001  -1.82489155e+001 -1.11424333e-001 -1.11424333e-001  -1.11424333e-001 -1.95065112e+001 -1.95065112e+001  -1.95065112e+001 -2.00256485e+000 -2.00256485e+000  -2.00256485e+000
 -7.22045482e+000 -7.22045482e+000  -7.22045482e+000 6.73086484e+000 6.73086484e+000  6.73086484e+000 -8.82106162e+000 -8.82106162e+000  -8.82106162e+000 -9.83122340e+000 -9.83122340e+000  -9.83122340e+000 -7.59030334e+000 -7.59030334e+000  -7.59030334e+000
 2.44347133e+000 2.44347133e+000  2.44347133e+000 -1.37006052e+001 -1.37006052e+001  -1.37006052e+001 -1.32110008e+000 -1.32110008e+000  -1.32110008e+000 4.38203308e+000 4.38203308e+000  4.38203308e+000 -6.30905879e+000 -6.30905879e+000  -6.30905879e+000
 2.33947941e+001 2.33947941e+001  2.33947941e+001 2.99841847e+001 2.99841847e+001  2.99841847e+001 -2.04585319e+001 -2.04585319e+001  -2.04585319e+001 -2.40528597e+000 -2.40528597e+000  -2.40528597e+000 -2.19419975e+001 -2.19419975e+001  -2.19419975e+001
 8.63829369e+000 8.63829369e+000  8.63829369e+000 5.08686358e+000 5.08686358e+000  5.08686358e+000 9.81918458e+000 9.81918458e+000  9.81918458e+000 1.10834064e+001 1.10834064e+001  1.10834064e+001 8.53074142e-001 8.53074142e-001  8.53074142e-001
 -3.30873718e+000 -3.30873718e+000  -3.30873718e+000 -3.57216674e+000 -3.57216674e+000  -3.57216674e+000 -6.12159105e+000 -6.12159105e+000  -6.12159105e+000 8.12978055e+000 8.12978055e+000  8.12978055e+000 -1.60373911e+000 -1.60373911e+000  -1.60373911e+000
 -1.20579563e+001 -1.20579563e+001  -1.20579563e+001 2.93334218e+000 2.93334218e+000  2.93334218e+000 1.69020124e+001 1.69020124e+001  1.69020124e+001 -1.19040463e+001 -1.19040463e+001  -1.19040463e+001 -2.08476781e+001 -2.08476781e+001  -2.08476781e+001
 -1.96916190e+001 -1.96916190e+001  -1.96916190e+001 -3.50706825e+001 -3.50706825e+001  -3.50706825e+001 -5.22693907e+000 -5.22693907e+000  -5.22693907e+000 -1.15259013e+001 -1.15259013e+001  -1.15259013e+001 -1.68154197e+001 -1.68154197e+001  -1.68154197e+001
 -2.93359050e+000 -2.93359050e+000  -2.93359050e+000 -1.48851174e+001 -1.48851174e+001  -1.48851174e+001 -1.93499122e+000 -1.93499122e+000  -1.93499122e+000 -1.89472033e+001 -1.89472033e+001  -1.89472033e+001 -1.10564910e+001 -1.10564910e+001  -1.10564910e+001
 -4.51693855e+000 -4.51693855e+000  -4.51693855e+000 -1.84816643e+001 -1.84816643e+001  -1.84816643e+001 1.83535916e+001 1.83535916e+001  1.83535916e+001 1.47772316e+001 1.47772316e+001  1.47772316e+001 1.44589437e+001 1.44589437e+001  1.44589437e+001
 -1.63609791e+000 -1.63609791e+000  -1.63609791e+000 -1.03998767e+001 -1.03998767e+001  -1.03998767e+001 -1.52455567e+001 -1.52455567e+001  -1.52455567e+001 -7.54812754e+000 -7.54812754e+000  -7.54812754e+000 1.41590600e+001 1.41590600e+001  1.41590600e+001
 5.64078162e+000 5.64078162e+000  5.64078162e+000 3.75103363e-001 3.75103363e-001  3.75103363e-001 1.17624459e+001 1.17624459e+001  1.17624459e+001 5.80287131e+000 5.80287131e+000  5.80287131e+000 -1.02733250e+001 -1.02733250e+001  -1.02733250e+001
 -5.59701189e+000 -5.59701189e+000  -5.59701189e+000 1.82889252e+001 1.82889252e+001  1.82889252e+001 -1.11018474e+001 -1.11018474e+001  -1.11018474e+001 4.67432588e+000 4.67432588e+000  4.67432588e+000 -7.28243024e+000 -7.28245394e+000  -7.28250006e+000
 2.77014610e+000 2.77014534e+000  2.77014396e+000 3.80790792e+000 3.80790792e+000  3.80790792e+000 2.61934911e+000 2.61934905e+000  2.61934892e+000 8.13069176e+000 8.13069176e+000  8.13069176e+000 3.08684764e+000 3.08688609e+000  3.08696245e+000
 2.15682651e+000 2.15682644e+000  2.15682628e+000 2.26163696e+001 2.26163696e+001  2.26163696e+001 3.32741864e+000 3.32742570e+000  3.32744076e+000 5.26342522e+000 5.26343405e+000  5.26344944e+000 5.73662132e+000 5.73662132e+000  5.73662132e+000
 1.82310731e+001 1.82310731e+001  1.82310731e+001 2.32959210e+001 2.32959210e+001  2.32959210e+001 2.74513911e+001 2.74513911e+001  2.74513911e+001 -8.61736485e+000 -8.61736485e+000  -8.61736485e+000 -1.85534438e+001 -1.85534438e+001  -1.85534438e+001
 -5.88798714e+000 -5.88798714e+000  -5.88798714e+000 -2.85210821e+001 -2.85210821e+001  -2.85210821e+001 -4.96790649e+000 -4.96790649e+000  -4.96790649e+000 -6.85310953e+000 -6.85310953e+000  -6.85310953e+000 -3.24449290e+000 -3.24449290e+000  -3.24449290e+000
 2.39999618e+000 2.39999618e+000  2.39999618e+000 -8.10204724e+000 -8.10204724e+000  -8.10204724e+000 1.65938782e+000 1.65938782e+000  1.65938782e+000 -3.43423104e+000 -3.43423104e+000  -3.43423104e+000 -2.64376947e+000 -2.64376947e+000  -2.64376947e+000
 1.01609551e+001 1.01609551e+001  1.01609551e+001 1.15774936e+001 1.15774936e+001  1.15774936e+001 4.35477288e-001 4.35477288e-001  4.35477288e-001 1.25370832e+001 1.25370832e+001  1.25370832e+001 -6.00717649e+000 -6.00717649e+000  -6.00717649e+000
 -5.55612352e+000 -5.55612352e+000  -5.55612352e+000 -4.80616434e-001 -4.80616434e-001  -4.80616434e-001 -3.32839736e+000 -3.32839736e+000  -3.32839736e+000 -5.66369684e+000 -5.66369684e+000  -5.66369684e+000 -1.38223456e+000 -1.38223456e+000  -1.38223456e+000
 1.62567586e+000 1.62567586e+000  1.62567586e+000 -1.75679914e+000 -1.75679914e+000  -1.75679914e+000 3.50570692e+000 3.50570692e+000  3.50570692e+000 7.00366596e-001 7.00366596e-001  7.00366596e-001 6.41109700e-001 6.41109700e-001  6.41109700e-001
 1.44165870e+001 1.44165870e+001  1.44165870e+001 -1.96469239e+001 -1.96469239e+001  -1.96469239e+001 6.67831784e+000 6.67831784e+000  6.67831784e+000 -6.42935242e+000 -6.42935242e+000  -6.42935242e+000 -1.44368061e+001 -1.44368061e+001  -1.44368061e+001
 -2.73828326e+000 -2.73828326e+000  -2.73828326e+000 1.56423839e+001 1.56423839e+001  1.56423839e+001 -2.30752217e+000 -2.30752217e+000  -2.30752217e+000 -1.26914800e+001 -1.26914800e+001  -1.26914800e+001 -7.88296757e+000 -7.88296757e+000  -7.88296757e+000
 -3.03465204e+000 -3.03465204e+000  -3.03465204e+000 -5.50902921e+000 -5.50902921e+000  -5.50902921e+000 -1.44928650e+001 -1.44928650e+001  -1.44928650e+001 -3.19648680e+000 -3.19648680e+000  -3.19648680e+000 -2.46954908e+000 -2.46954908e+000  -2.46954908e+000
 -1.31202651e+001 -1.31202651e+001  -1.31202651e+001 -7.09799388e+000 -7.09799388e+000  -7.09799388e+000 -2.13739323e+000 -2.13739323e+000  -2.13739323e+000 2.31534272e+001 2.31534272e+001  2.31534272e+001 5.14635213e+000 5.14635213e+000  5.14635213e+000
 -1.08580089e+001 -1.08580089e+001  -1.08580089e+001 -2.23943969e+001 -2.23943969e+001  -2.23943969e+001 -6.40572045e+000 -6.40572045e+000  -6.40572045e+000 -1.16698659e+001 -1.16698659e+001  -1.16698659e+001 3.46338328e-001 3.46338328e-001  3.46338328e-001
 -1.23286251e+000 -1.23286251e+000  -1.23286251e+000 -1.00646788e+001 -1.00646788e+001  -1.00646788e+001 7.05267218e+000 7.05267218e+000  7.05267218e+000 -1.16555686e+001 -1.16555686e+001  -1.16555686e+001 -1.01830554e+001 -1.01830554e+001  -1.01830554e+001
 1.64259299e+001 1.64259299e+001  1.64259299e+001 -1.25960003e+001 -1.25960003e+001  -1.25960003e+001 -2.65035568e+001 -2.65035568e+001  -2.65035568e+001 -4.41155311e+000 -4.41155311e+000  -4.41155311e+000 3.35451533e+001 3.35451533e+001  3.35451533e+001
 -3.05735238e+000 -3.05735238e+000  -3.05735238e+000 1.99253287e+001 1.99253287e+001  1.99253287e+001 -3.68206176e+000 -3.68206176e+000  -3.68206176e+000 1.11761595e+001 1.11761595e+001  1.11761595e+001 -8.86432445e+000 -8.86432445e+000  -8.86432445e+000
 -1.85263165e+000 -1.85263165e+000  -1.85263165e+000 -3.05695114e+000 -3.05695114e+000  -3.05695114e+000 2.87131034e+000 2.87131034e+000  2.87131034e+000 1.42695829e+001 1.42695829e+001  1.42695829e+001 -8.65688946e-001 -8.65688946e-001  -8.65688946e-001
 -2.45538237e+001 -2.45538237e+001  -2.45538237e+001 4.01208420e+001 4.01208420e+001  4.01208420e+001 8.05241817e+000 8.05241817e+000  8.05241817e+000 -2.55935366e+001 -2.55935366e+001  -2.55935366e+001 -2.74603310e+000 -2.74603310e+000  -2.74603310e+000
 1.39253814e+001 1.39253814e+001  1.39253814e+001 -1.37929190e+001 -1.37929190e+001  -1.37929190e+001 8.33791422e+000 8.33791422e+000  8.33791422e+000 -9.26933121e+000 -9.26933121e+000  -9.26933121e+000 1.22121048e+001 1.22121048e+001  1.22121048e+001
 -1.89556764e+000 -1.89556764e+000  -1.89556764e+000 -5.75307202e+000 -5.75307202e+000  -5.75307202e+000 -4.13833049e+000 -4.13833049e+000  -4.13833049e+000 -1.38955635e+000 -1.38955635e+000  -1.38955635e+000 -2.46799929e+000 -2.46799929e+000  -2.46799929e+000
 -1.71586968e+001 -1.71586968e+001  -1.71586968e+001 -1.46932128e+001 -1.46932128e+001  -1.46932128e+001 1.56451620e+001 1.56451620e+001  1.56451620e+001 1.80815429e+000 1.80815429e+000  1.80815429e+000 -4.35277367e+000 -4.35277367e+000  -4.35277367e+000
 3.27511735e+000 3.27511735e+000  3.27511735e+000 9.62239675e+000 9.62239675e+000  9.62239675e+000 1.40898675e+001 1.40898675e+001  1.40898675e+001 1.77886655e+001 1.77886655e+001  1.77886655e+001 1.08187218e+001 1.08187218e+001  1.08187218e+001
 -1.06907018e+001 -1.06907018e+001  -1.06907018e+001 -5.50766660e+000 -5.50766660e+000  -5.50766660e+000 -2.17840485e+001 -2.17840485e+001  -2.17840485e+001 -1.01826161e+001 -1.01826161e+001  -1.01826161e+001 -2.63720668e-001 -2.63720668e-001  -2.63720668e-001
 2.62651934e+001 2.62651934e+001  2.62651934e+001 -4.58369937e+001 -4.58369937e+001  -4.58369937e+001 6.70843532e+001 6.70843532e+001  6.70843532e+001 -8.59177944e+001 -8.59177944e+001  -8.59177944e+001 9.93706502e+001 9.93706500e+001  9.93706498e+001
 -2.46722019e+001 -2.46722019e+001  -2.46722019e+001 -1.36448475e+001 -1.36448475e+001  -1.36448475e+001 -9.59484843e+000 -9.59484843e+000  -9.59484843e+000 -6.78009532e-001 -6.78009532e-001  -6.78009532e-001 -1.97230881e+002 -1.97230881e+002  -1.97230881e+002
 -2.03788354e+001 -2.03788354e+001  -2.03788354e+001 4.89767749e+001 4.89767749e+001  4.89767749e+001 -2.68518726e+001 -2.68518726e+001  -2.68518725e+001 -1.59970555e+001 -1.59970555e+001  -1.59970554e+001 -5.23418647e+000 -5.23418647e+000  -5.23418647e+000
 6.09308587e+000 6.09308587e+000  6.09308587e+000 9.61190931e+000 9.61190931e+000  9.61190931e+000 -1.33759699e+001 -1.33759699e+001  -1.33759699e+001 2.65052815e+000 2.65052815e+000  2.65052815e+000 5.32525279e-001 5.32516852e-001  5.32498238e-001
 2.13606267e-001 2.13605993e-001  2.13605439e-001 -2.60885170e+001 -2.60885170e+001  -2.60885170e+001 1.38492704e+000 1.38492702e+000  1.38492697e+000 -3.90740406e-001 -3.90740406e-001  -3.90740406e-001 4.71235993e-002 4.71372800e-002  4.71681181e-002
 -2.80503965e-002 -2.80504239e-002  -2.80504887e-002 -2.23816377e+000 -2.23816377e+000  -2.23816377e+000 1.62530569e+000 1.62530821e+000  1.62531430e+000 1.30888576e+000 1.30888890e+000  1.30889509e+000 1.29309565e+001 1.29309565e+001  1.29309565e+001
 -5.05400282e+000 -5.05400282e+000  -5.05400282e+000 -8.25661653e+001 -8.25661653e+001  -8.25661653e+001 6.24812055e+000 6.24812055e+000  6.24812055e+000 1.49342999e+000 1.49342999e+000  1.49342999e+000 -3.43394092e-001 -3.43410070e-001  -3.43440227e-001
 1.33730687e+000 1.33730635e+000  1.33730545e+000 3.04907725e+001 3.04907725e+001  3.04907725e+001 -3.82288928e+000 -3.82288931e+000  -3.82288940e+000 1.59624017e+001 1.59624017e+001  1.59624017e+001 7.21955028e-001 7.21980960e-001  7.22030870e-001
 -9.19976777e-001 -9.19976829e-001  -9.19976934e-001 -2.68349412e+000 -2.68349412e+000  -2.68349412e+000 -1.69340334e+000 -1.69339857e+000  -1.69338874e+000 -5.52635025e+000 -5.52634430e+000  -5.52633420e+000 -4.25449334e-001 -4.25449334e-001  -4.25449334e-001
 -1.12361787e+001 -1.12361787e+001  -1.12361787e+001 -6.99463442e+001 -6.99463442e+001  -6.99463442e+001 5.98771940e+000 5.98771940e+000  5.98771940e+000 6.21644402e-001 6.21644402e-001  6.21644402e-001 -1.10449187e+000 -1.10450520e+000  -1.10453006e+000
 -5.25984080e+000 -5.25984123e+000  -5.25984197e+000 2.72894984e+001 2.72894984e+001  2.72894984e+001 -1.20715858e+000 -1.20715861e+000  -1.20715868e+000 1.89561271e+001 1.89561271e+001  1.89561271e+001 -1.33771075e+000 -1.33768912e+000  -1.33764797e+000
 -1.08643894e+000 -1.08643898e+000  -1.08643907e+000 -9.09275316e+000 -9.09275316e+000  -9.09275316e+000 1.75632936e-001 1.75636910e-001  1.75645012e-001 -5.18513926e+000 -5.18513429e+000  -5.18512595e+000 -4.16983631e-001 -4.16983631e-001  -4.16983630e-001
 -1.95764285e+000 -1.95764285e+000  -1.95764285e+000 4.14296578e+001 4.14296578e+001  4.14296578e+001 2.28390694e+000 2.28390694e+000  2.28390694e+000 -5.02331474e+000 -5.02331474e+000  -5.02331474e+000 -2.12445381e+000 -2.12445381e+000  -2.12445381e+000
 -1.01607969e+001 -1.01607969e+001  -1.01607969e+001 -1.16885999e+001 -1.16885999e+001  -1.16885999e+001 2.59954999e+000 2.59954999e+000  2.59954999e+000 -2.23689616e+000 -2.23689616e+000  -2.23689616e+000 -2.21125061e+000 -2.21125061e+000  -2.21125061e+000
 1.26402269e+000 1.26402269e+000  1.26402269e+000 -8.14026666e+000 -8.14026666e+000  -8.14026666e+000 1.58490603e+000 1.58490603e+000  1.58490603e+000 2.54135501e+000 2.54135501e+000  2.54135501e+000 -6.68472007e+000 -6.68472007e+000  -6.68472007e+000
 -5.21439754e-001 -5.21439754e-001  -5.21439754e-001 4.92735745e+001 4.92735745e+001  4.92735745e+001 -2.01790970e+000 -2.01790970e+000  -2.01790970e+000 4.65950764e+000 4.65950764e+000  4.65950764e+000 -2.08831758e+000 -2.08831758e+000  -2.08831758e+000
 -8.85600870e+000 -8.85600870e+000  -8.85600870e+000 -1.81243148e+001 -1.81243148e+001  -1.81243148e+001 3.41762144e+000 3.41762144e+000  3.41762144e+000 -7.60385597e+000 -7.60385597e+000  -7.60385597e+000 -2.55821831e+000 -2.55821831e+000  -2.55821831e+000
 1.30883888e+000 1.30883888e+000  1.30883888e+000 -8.71768809e+000 -8.71768809e+000  -8.71768809e+000 3.88016594e+000 3.88016594e+000  3.88016594e+000 -4.73657695e-002 -4.73657695e-002  -4.73657695e-002 2.52110984e+000 2.52110984e+000  2.52110984e+000
 8.91872421e+000 8.91872421e+000  8.91872421e+000 -1.95448167e+001 -1.95448167e+001  -1.95448167e+001 1.36644313e+000 1.36644313e+000  1.36644313e+000 -2.29783807e+000 -2.29783807e+000  -2.29783807e+000 -3.31005786e+000 -3.31005786e+000  -3.31005786e+000
 3.57447515e+000 3.57447515e+000  3.57447515e+000 1.85162908e+000 1.85162908e+000  1.85162908e+000 -8.18309674e+000 -8.18309674e+000  -8.18309674e+000 -8.48816392e+000 -8.48816392e+000  -8.48816392e+000 -7.99035705e-001 -7.99035705e-001  -7.99035705e-001
 -2.47678718e+000 -2.47678718e+000  -2.47678718e+000 2.26915213e+000 2.26915213e+000  2.26915213e+000 -2.88812011e+000 -2.88812011e+000  -2.88812011e+000 -9.34891799e-001 -9.34891799e-001  -9.34891799e-001 -3.94551555e+000 -3.94551555e+000  -3.94551555e+000
 9.23143515e+000 9.23143515e+000  9.23143515e+000 -1.75422163e+001 -1.75422163e+001  -1.75422163e+001 8.82605357e-001 8.82605357e-001  8.82605357e-001 -2.41878340e+000 -2.41878340e+000  -2.41878340e+000 -3.23870983e+000 -3.23873352e+000  -3.23877964e+000
 3.57925122e+000 3.57925045e+000  3.57924907e+000 1.65334322e+000 1.65334322e+000  1.65334322e+000 -8.09666470e+000 -8.09666476e+000  -8.09666489e+000 -9.07365800e+000 -9.07365800e+000  -9.07365800e+000 -7.55862798e-001 -7.55824340e-001  -7.55747979e-001
 -2.55862512e+000 -2.55862520e+000  -2.55862536e+000 2.29956242e+000 2.29956242e+000  2.29956242e+000 -2.79165149e+000 -2.79164443e+000  -2.79162937e+000 -1.00156560e+000 -1.00155677e+000  -1.00154137e+000 -4.14320538e+000 -4.14320538e+000  -4.14320538e+000
 -2.02358674e+000 -2.02356527e+000 -2.02352269e+000
 -1.83215639e+000 -1.83213493e+000 -1.83209234e+000
 -3.39345029e+000 -3.39345029e+000 -3.39345029e+000
 -4.33919290e+000 -4.33917143e+000 -4.33912885e+000
 -4.88067950e+000 -4.88066545e+000 -4.88063703e+000
 -5.46968641e+000 -5.46966508e+000 -5.46962275e+000
 -9.56513375e-001 -9.56491910e-001 -9.56449325e-001
 -4.75774260e+000 -4.75774259e+000 -4.75774256e+000
 1.76973288e+000 1.76973288e+000 1.76973288e+000
 7.18662951e+000 7.18663968e+000 7.18666005e+000
 -7.26344787e+000 -7.26344786e+000 -7.26344784e+000
 2.99310220e+000 2.99312366e+000 2.99316624e+000
 2.39084798e+000 2.39085152e+000 2.39085921e+000
 1.90429567e+000 1.90431035e+000 1.90434197e+000
 3.49036498e+000 3.49038645e+000 3.49042903e+000
