 -2.0865e+000 -2.1654e+000  1.2072e-003  1.2893e+000  6.0557e+000
 -7.0970e-001  2.1143e+000  1.3764e+000 -2.9318e-001 -2.3146e-001
 -5.4615e-001 -1.4719e-001 -1.2217e-001 -8.5768e-002 -4.6119e-002
 -3.4466e-003
  4.6337e+000
 -3.53112066e+000 -3.53053122e+000  -3.52901629e+000 -7.56710001e+000 -7.56682335e+000  -7.56611140e+000 6.55119388e+000 6.55142248e+000  6.55229367e+000 -1.84217851e+000 -1.84315041e+000  -1.84626948e+000 -7.56434513e+000 -7.56445298e+000  -7.56432979e+000
 -1.85137519e+000 -1.85131576e+000  -1.85105773e+000 -1.34063739e+000 -1.34007884e+000  -1.33840329e+000 1.38582475e+000 1.38652047e+000  1.38844521e+000 1.06242067e+000 1.06263605e+000  1.06328797e+000 -6.10861523e-002 -6.10867682e-002  -6.10886794e-002
 8.78411429e-001 8.78067619e-001  8.76998223e-001 9.36355240e-002 9.35663563e-002  9.33588800e-002 -4.99599294e-002 -4.99680271e-002  -4.99925479e-002 -5.48312758e-002 -5.48319555e-002  -5.48341762e-002 -2.78597629e-002 -2.78618371e-002  -2.78683039e-002
 -2.77007911e-003 -2.76679409e-003  -2.75715634e-003
 -2.40583112e+000 -2.40552288e+000  -2.40471675e+000 1.55552284e+000 1.55563637e+000  1.55593766e+000 -5.42028643e+000 -5.42019623e+000  -5.41971290e+000 -4.87031787e-001 -4.87446537e-001  -4.89076440e-001 -1.58680866e+000 -1.58691033e+000  -1.58682655e+000
 1.51483659e+000 1.51478792e+000  1.51476041e+000 -3.25217422e-001 -3.24942584e-001  -3.24015304e-001 1.87955343e+000 1.87989564e+000  1.88091071e+000 -1.69345967e+000 -1.69339204e+000  -1.69312535e+000 -1.06667001e-002 -1.06669502e-002  -1.06678950e-002
 2.34528175e-001 2.34396079e-001  2.33885283e-001 -6.63648036e-002 -6.63944573e-002  -6.64983217e-002 -5.97008110e-002 -5.97042044e-002  -5.97163668e-002 -3.49354782e-002 -3.49357286e-002  -3.49368033e-002 -1.84888880e-002 -1.84897173e-002  -1.84928927e-002
 -1.58410670e-003 -1.58266721e-003  -1.57784237e-003
 8.46938522e-001 8.46938522e-001  8.46938522e-001 3.26525570e-001 3.26525570e-001  3.26525570e-001 2.98823785e+000 2.98823785e+000  2.98823785e+000 1.85300538e+000 1.85300538e+000  1.85300538e+000 -2.75534925e+000 -2.75534925e+000  -2.75534925e+000
 -1.25252726e+000 -1.25252726e+000  -1.25252726e+000 -1.51146240e-001 -1.51146240e-001  -1.51146240e-001 4.30363915e-001 4.30363915e-001  4.30363915e-001 1.59957210e-001 1.59957210e-001  1.59957210e-001 2.57366690e-003 2.57366690e-003  2.57366690e-003
 -1.41328649e-001 -1.41328649e-001  -1.41328649e-001 -3.64882896e-002 -3.64882896e-002  -3.64882896e-002 -1.30000039e-002 -1.30000039e-002  -1.30000039e-002 -7.00102129e-003 -7.00102129e-003  -7.00102129e-003 -3.82171172e-003 -3.82171172e-003  -3.82171172e-003
 -1.42575330e-004 -1.42575330e-004  -1.42575330e-004
 -9.24639906e-001 -9.24639906e-001  -9.24639906e-001 6.92981321e-001 6.92981321e-001  6.92981321e-001 -1.64232226e-001 -1.64232226e-001  -1.64232226e-001 3.69352746e-001 3.69352746e-001  3.69352746e-001 -2.06641575e+000 -2.06641575e+000  -2.06641575e+000
 -2.01076689e-001 -2.01076689e-001  -2.01076689e-001 8.44278037e-001 8.44278037e-001  8.44278037e-001 1.29743338e+000 1.29743338e+000  1.29743338e+000 -3.92261631e-001 -3.92261631e-001  -3.92261631e-001 2.89288134e-003 2.89288134e-003  2.89288134e-003
 -1.00724037e-001 -1.00724037e-001  -1.00724037e-001 9.90924922e-003 9.90924922e-003  9.90924922e-003 6.80078169e-003 6.80078169e-003  6.80078169e-003 3.36768444e-003 3.36768444e-003  3.36768444e-003 1.45567517e-003 1.45567517e-003  1.45567517e-003
 -1.27948128e-004 -1.27948128e-004  -1.27948128e-004
 1.18943742e-001 1.18944003e-001  1.18944658e-001 -5.79652289e-001 -5.79695427e-001  -5.79803273e-001 -2.63804645e+000 -2.63805048e+000  -2.63806058e+000 -4.47429154e-001 -4.47375783e-001  -4.47242354e-001 3.56940354e+000 3.56939947e+000  3.56938930e+000
 7.28793440e-001 7.28698098e-001  7.28459743e-001 1.27168787e+000 1.27168810e+000  1.27168870e+000 -1.78561218e+000 -1.78563027e+000  -1.78567550e+000 -5.36669812e-001 -5.36716257e-001  -5.36832372e-001 -1.97444708e-002 -1.97444180e-002  -1.97442858e-002
 4.95621591e-001 4.95663167e-001  4.95767105e-001 5.17536422e-002 5.17588635e-002  5.17719168e-002 5.21223877e-003 5.21291645e-003  5.21461063e-003 -3.45290924e-003 -3.45284012e-003  -3.45266732e-003 -1.54879005e-003 -1.54860110e-003  -1.54812871e-003
 -1.99411936e-004 -1.99669081e-004  -2.00311943e-004
 -2.40332852e+000 -2.40332805e+000  -2.40332686e+000 -3.13448121e+000 -3.13447928e+000  -3.13447444e+000 4.81012955e+000 4.81013351e+000  4.81014342e+000 -2.69938319e+000 -2.69939157e+000  -2.69941251e+000 -3.67961241e+000 -3.67961023e+000  -3.67960478e+000
 -1.09970824e+000 -1.09970395e+000  -1.09969324e+000 -1.67400713e+000 -1.67400350e+000  -1.67399440e+000 -2.66383309e+000 -2.66383013e+000  -2.66382272e+000 -3.23080782e+000 -3.23080589e+000  -3.23080107e+000 -7.83819911e-002 -7.83819961e-002  -7.83820086e-002
 -1.00225460e+000 -1.00225846e+000  -1.00226812e+000 -1.57109919e-001 -1.57110494e-001  -1.57111933e-001 -3.85305730e-002 -3.85306432e-002  -3.85308188e-002 -1.27401851e-002 -1.27401905e-002  -1.27402039e-002 -8.26957476e-003 -8.26959242e-003  -8.26963657e-003
 -2.84897800e-004 -2.84867345e-004  -2.84791208e-004
 3.02594456e+000 3.02656145e+000  3.02814663e+000 2.94142831e+000 2.94171220e+000  2.94244306e+000 -1.53973609e+001 -1.53971245e+001  -1.53962216e+001 1.61180018e+000 1.61079492e+000  1.60756481e+000 -5.51580884e-001 -5.51695736e-001  -5.51574272e-001
 -2.15258822e+000 -2.15253708e+000  -2.15229537e+000 -5.02515785e+000 -5.02457694e+000  -5.02283428e+000 7.33225576e-001 7.33949782e-001  7.35953182e-001 1.30599025e-001 1.30819246e-001  1.31487810e-001 -2.26808126e-001 -2.26808763e-001  -2.26810741e-001
 -4.39748753e-001 -4.40102389e-001  -4.41204776e-001 -1.68615159e-001 -1.68686690e-001  -1.68901463e-001 -1.09759430e-001 -1.09767797e-001  -1.09793163e-001 -7.35340923e-002 -7.35347939e-002  -7.35370902e-002 -3.97341105e-002 -3.97362526e-002  -3.97429406e-002
 -3.47352036e-003 -3.47012577e-003  -3.46015689e-003
 -5.60284755e+000 -5.60223084e+000  -5.60064725e+000 -3.20637070e+000 -3.20607471e+000  -3.20531418e+000 2.56199291e+000 2.56223134e+000  2.56313079e+000 -4.37637099e+000 -4.37739125e+000  -4.38063968e+000 -2.17173106e+000 -2.17184278e+000  -2.17172443e+000
 -9.75169701e-001 -9.75090867e-001  -9.74782981e-001 -3.24673921e+000 -3.24615949e+000  -3.24442759e+000 1.49002934e-001 1.49731289e-001  1.51739892e-001 1.03436375e+000 1.03459793e+000  1.03529822e+000 -2.41232010e-001 -2.41232663e-001  -2.41234671e-001
 -3.50696594e-001 -3.51062538e-001  -3.52189849e-001 -1.44069500e-001 -1.44142554e-001  -1.44360172e-001 -1.15567703e-001 -1.15576270e-001  -1.15602017e-001 -8.23557438e-002 -8.23564681e-002  -8.23588066e-002 -4.51958139e-002 -4.51980144e-002  -4.52048125e-002
 -3.65673019e-003 -3.65326447e-003  -3.64315748e-003
 -4.27232410e+000 -4.27188155e+000  -4.27074358e+000 3.69091569e+000 3.69112312e+000  3.69165720e+000 3.36791792e+000 3.36808987e+000  3.36874882e+000 -4.19398676e+000 -4.19471813e+000  -4.19707347e+000 -2.79827310e+000 -2.79835454e+000  -2.79825786e+000
 3.47313365e+000 3.47317561e+000  3.47336417e+000 -6.58631139e+000 -6.58588957e+000  -6.58462159e+000 -1.32095073e+000 -1.32042784e+000  -1.31897886e+000 3.50566355e-001 3.50726279e-001  3.51212818e-001 -1.99813853e-001 -1.99814315e-001  -1.99815753e-001
 -6.66665377e-001 -6.66922849e-001  -6.67726960e-001 -1.97344521e-001 -1.97396431e-001  -1.97552622e-001 -1.01461890e-001 -1.01467965e-001  -1.01486420e-001 -6.30290861e-002 -6.30295952e-002  -6.30312664e-002 -3.46032181e-002 -3.46047732e-002  -3.46096404e-002
 -2.58645883e-003 -2.58399284e-003  -2.57673841e-003
 -6.27683460e-002 -6.23248759e-002  -6.11883033e-002 6.16200811e+000 6.16221802e+000  6.16275651e+000 5.45565055e+000 5.45583084e+000  5.45648387e+000 6.54738378e-001 6.53988376e-001  6.51648034e-001 -4.58065317e+000 -4.58072309e+000  -4.58063271e+000
 -4.32844622e+000 -4.32839619e+000  -4.32819724e+000 -1.01145268e+000 -1.01102555e+000  -1.00976926e+000 -8.83965125e-001 -8.83438025e-001  -8.81995091e-001 8.86056483e-001 8.86222268e-001  8.86713320e-001 -2.46509057e-001 -2.46509531e-001  -2.46510968e-001
 3.10840009e-001 3.10574836e-001  3.09770225e-001 -4.50106877e-002 -4.50637331e-002  -4.52196752e-002 -9.08071668e-002 -9.08133859e-002  -9.08318207e-002 -7.46118440e-002 -7.46123722e-002  -7.46140446e-002 -4.04737178e-002 -4.04753180e-002  -4.04801833e-002
 -3.11080786e-003 -3.10829634e-003  -3.10105542e-003
 -2.54106472e+000 -2.54037644e+000  -2.53861498e+000 -6.81827466e-001 -6.81486821e-001  -6.80615168e-001 1.20890423e+000 1.20918882e+000  1.21019605e+000 -1.24864243e+000 -1.24982885e+000  -1.25347514e+000 -5.89689162e-001 -5.89790336e-001  -5.89655622e-001
 -4.58708170e-002 -4.57575952e-002  -4.53665262e-002 2.41152420e+000 2.41218649e+000  2.41411771e+000 -1.12369456e+000 -1.12287045e+000  -1.12062719e+000 -1.76807170e+000 -1.76779577e+000  -1.76699400e+000 -1.78804138e-001 -1.78804898e-001  -1.78807162e-001
 3.03804580e-001 3.03376234e-001  3.02098264e-001 -5.00950983e-002 -5.01795301e-002  -5.04247114e-002 -7.26129278e-002 -7.26228559e-002  -7.26518964e-002 -5.55414935e-002 -5.55423454e-002  -5.55449896e-002 -3.01462675e-002 -3.01488323e-002  -3.01565086e-002
 -2.36112572e-003 -2.35713152e-003  -2.34573960e-003
 2.93214706e+000 2.93283687e+000  2.93459608e+000 -5.33869455e-001 -5.33527766e-001  -5.32656496e-001 2.09457421e+000 2.09487191e+000  2.09586777e+000 2.45069052e+000 2.44947261e+000  2.44584911e+000 3.49714112e+000 3.49705997e+000  3.49718688e+000
 -7.91879138e-001 -7.91759136e-001  -7.91367240e-001 4.19450385e-001 4.20123638e-001  4.22041149e-001 -9.31237694e-002 -9.22922902e-002  -9.00579118e-002 9.20677324e-001 9.20959966e-001  9.21761820e-001 -1.61344225e-001 -1.61345003e-001  -1.61347259e-001
 1.12790830e-001 1.12352527e-001  1.11080580e-001 -2.95900926e-002 -2.96761188e-002  -2.99201960e-002 -7.31525910e-002 -7.31627198e-002  -7.31916321e-002 -5.95514581e-002 -5.95523375e-002  -5.95549736e-002 -3.25042418e-002 -3.25068699e-002  -3.25145160e-002
 -2.60586865e-003 -2.60181388e-003  -2.59048046e-003
 3.39275422e+000 3.39332814e+000  3.39479762e+000 -4.65657504e+000 -4.65627853e+000  -4.65552021e+000 5.61943804e+000 5.61967489e+000  5.62051848e+000 2.94018369e+000 2.93918275e+000  2.93610206e+000 -1.18699390e+000 -1.18707967e+000  -1.18696451e+000
 2.24690972e+000 2.24702978e+000  2.24742177e+000 4.77251085e-001 4.77802396e-001  4.79414912e-001 -1.00459142e+000 -1.00390007e+000  -1.00201611e+000 -5.45110440e-001 -5.44868246e-001  -5.44167569e-001 -1.39936874e-001 -1.39937520e-001  -1.39939447e-001
 1.15032957e-001 1.14665221e-001  1.13569795e-001 -5.87199916e-002 -5.87916996e-002  -5.89999637e-002 -6.10840291e-002 -6.10924775e-002  -6.11171866e-002 -4.44331591e-002 -4.44338866e-002  -4.44361429e-002 -2.43563115e-002 -2.43584974e-002  -2.43650372e-002
 -1.95748566e-003 -1.95409013e-003  -1.94440555e-003
 -3.10233943e+000 -3.10170074e+000  -3.10007634e+000 7.34324809e+000 7.34357601e+000  7.34440938e+000 -8.48315394e+000 -8.48286511e+000  -8.48194240e+000 4.73872832e-002 4.62206182e-002  4.28424730e-002 2.94820622e+000 2.94814854e+000  2.94826732e+000
 1.38703699e+000 1.38717672e+000  1.38759933e+000 1.63353370e+000 1.63416697e+000  1.63593706e+000 -1.64112572e+000 -1.64034599e+000  -1.63827251e+000 -4.12382615e-001 -4.12105121e-001  -4.11335428e-001 -1.10978044e-001 -1.10978791e-001  -1.10980908e-001
 9.13188299e-001 9.12763963e-001  9.11562619e-001 9.36186893e-002 9.35364494e-002  9.33077143e-002 -3.80138372e-002 -3.80235455e-002  -3.80506794e-002 -4.49024367e-002 -4.49032890e-002  -4.49057690e-002 -2.35293174e-002 -2.35318478e-002  -2.35390315e-002
 -2.01865110e-003 -2.01478130e-003  -2.00415267e-003
 -3.23910534e-001 -3.23352052e-001  -3.21923034e-001 -2.06399386e+000 -2.06371834e+000  -2.06301342e+000 4.28973144e-001 4.29205481e-001  4.30024286e-001 -1.22203745e+000 -1.22300039e+000  -1.22595506e+000 3.73114997e-001 3.73033913e-001  3.73143110e-001
 -1.59646388e-001 -1.59556332e-001  -1.59244284e-001 2.79208147e+000 2.79261952e+000  2.79418633e+000 -7.82670065e-001 -7.82001577e-001  -7.80183116e-001 -2.32358904e+000 -2.32336602e+000  -2.32271838e+000 -2.03589561e-001 -2.03590177e-001  -2.03592012e-001
 -9.26814319e-002 -9.30288636e-002  -9.40640833e-002 -1.13840183e-001 -1.13908686e-001  -1.14107384e-001 -9.79919344e-002 -9.79999890e-002  -9.80235211e-002 -6.95228821e-002 -6.95235732e-002  -6.95257151e-002 -3.77479891e-002 -3.77500699e-002  -3.77562894e-002
 -2.93802534e-003 -2.93478488e-003  -2.92555209e-003
 6.48662158e+000 6.48718057e+000  6.48860320e+000 -1.90749421e+000 -1.90721808e+000  -1.90651540e+000 1.47511774e+000 1.47536584e+000  1.47616841e+000 3.31577452e+000 3.31477474e+000  3.31185590e+000 5.37360724e+000 5.37355132e+000  5.37365052e+000
 -1.09016105e+000 -1.09006276e+000  -1.08975046e+000 2.99759378e-001 3.00309745e-001  3.01855518e-001 5.06388260e-001 5.07064258e-001  5.08867076e-001 1.03706688e+000 1.03729772e+000  1.03794384e+000 -1.81309389e-001 -1.81310026e-001  -1.81311845e-001
 -3.31041161e-001 -3.31400130e-001  -3.32425241e-001 -8.80222819e-002 -8.80926009e-002  -8.82894232e-002 -9.84314510e-002 -9.84397355e-002  -9.84630487e-002 -7.43549777e-002 -7.43557014e-002  -7.43578277e-002 -4.05965564e-002 -4.05987111e-002  -4.06048772e-002
 -3.23617709e-003 -3.23286926e-003  -3.22373260e-003
 6.87407863e+000 6.87452209e+000  6.87565759e+000 -6.96814296e+000 -6.96790926e+000  -6.96731181e+000 5.73027314e+000 5.73045713e+000  5.73111183e+000 3.88221073e+000 3.88143218e+000  3.87903788e+000 1.84923260e-001 1.84857203e-001  1.84947317e-001
 2.54617597e+000 2.54627821e+000  2.54660494e+000 4.88819774e-001 4.89245888e-001  4.90492581e-001 -5.07644917e-001 -5.07109130e-001  -5.05649164e-001 -7.99340395e-001 -7.99148800e-001  -7.98596088e-001 -1.68318920e-001 -1.68319425e-001  -1.68320928e-001
 -3.76106299e-001 -3.76394841e-001  -3.77252568e-001 -1.35433218e-001 -1.35489177e-001  -1.35651530e-001 -9.12783581e-002 -9.12849574e-002  -9.13042347e-002 -6.09167479e-002 -6.09173173e-002  -6.09190796e-002 -3.33430056e-002 -3.33447146e-002  -3.33498196e-002
 -2.65990814e-003 -2.65725714e-003  -2.64970356e-003
 -9.46968018e-001 -9.46469744e-001  -9.45206171e-001 6.99280035e+000 6.99305941e+000  6.99371585e+000 -1.05517459e+001 -1.05515110e+001  -1.05507942e+001 3.08146989e-001 3.07214263e-001  3.04584094e-001 4.91069295e+000 4.91066111e+000  4.91075154e+000
 1.37309119e+000 1.37321045e+000  1.37355597e+000 1.79040092e+000 1.79090186e+000  1.79227505e+000 -1.16289849e+000 -1.16228525e+000  -1.16067188e+000 -5.99240777e-001 -5.99017724e-001  -5.98410982e-001 -1.28714039e-001 -1.28714637e-001  -1.28716291e-001
 5.37250417e-001 5.36910400e-001  5.35969517e-001 4.21141422e-002 4.20486700e-002  4.18700320e-002 -6.14624644e-002 -6.14702051e-002  -6.14914078e-002 -5.89347273e-002 -5.89354132e-002  -5.89373536e-002 -3.10246612e-002 -3.10266860e-002  -3.10323026e-002
 -2.61812255e-003 -2.61504870e-003  -2.60674722e-003
 2.87064349e+000 2.87064349e+000  2.87064349e+000 -2.54178336e+000 -2.54178336e+000  -2.54178336e+000 -1.20027102e+000 -1.20027102e+000  -1.20027102e+000 8.65073949e-001 8.65073949e-001  8.65073949e-001 4.08322980e+000 4.08322980e+000  4.08322980e+000
 1.97126498e-001 1.97126498e-001  1.97126498e-001 -9.23005673e-001 -9.23005673e-001  -9.23005673e-001 2.65055730e+000 2.65055730e+000  2.65055730e+000 -3.34485699e-001 -3.34485699e-001  -3.34485699e-001 -6.20068277e-002 -6.20068277e-002  -6.20068277e-002
 -8.11122769e-001 -8.11122769e-001  -8.11122769e-001 -1.03315662e-001 -1.03315662e-001  -1.03315662e-001 -5.95518483e-002 -5.95518483e-002  -5.95518483e-002 -3.82023426e-002 -3.82023426e-002  -3.82023426e-002 -2.14018589e-002 -2.14018589e-002  -2.14018589e-002
 -2.08968309e-003 -2.08968309e-003  -2.08968309e-003
 1.54241663e+000 1.54241663e+000  1.54241663e+000 -1.48848754e+000 -1.48848754e+000  -1.48848754e+000 -1.38465336e+000 -1.38465336e+000  -1.38465336e+000 -1.11601337e+000 -1.11601337e+000  -1.11601337e+000 4.60825991e+000 4.60825991e+000  4.60825991e+000
 -1.81505197e+000 -1.81505197e+000  -1.81505197e+000 3.01036933e+000 3.01036933e+000  3.01036933e+000 -9.59657081e-001 -9.59657081e-001  -9.59657081e-001 -2.40203779e-001 -2.40203779e-001  -2.40203779e-001 -1.52404131e-001 -1.52404131e-001  -1.52404131e-001
 -7.10348565e-001 -7.10348565e-001  -7.10348565e-001 -1.87668812e-001 -1.87668812e-001  -1.87668812e-001 -8.98828160e-002 -8.98828160e-002  -8.98828160e-002 -5.44296293e-002 -5.44296293e-002  -5.44296293e-002 -2.81577374e-002 -2.81577374e-002  -2.81577374e-002
 -1.62950657e-003 -1.62950657e-003  -1.62950657e-003
 3.43093991e-001 3.44082703e-001  3.46613971e-001 6.26992190e-001 6.27643844e-001  6.29302207e-001 1.11506984e+000 1.11547617e+000  1.11692338e+000 -1.07787831e+000 -1.07977006e+000  -1.08549171e+000 1.25394991e-001 1.25255510e-001  1.25472273e-001
 -2.06617472e+000 -2.06568198e+000  -2.06429257e+000 2.51228416e+000 2.51323832e+000  2.51602558e+000 1.48709153e+000 1.48833547e+000  1.49171225e+000 -6.10135230e-001 -6.09577099e-001  -6.08018449e-001 -6.65581783e-002 -6.65594530e-002  -6.65631744e-002
 8.93672233e-001 8.92916784e-001  8.90726056e-001 1.52398780e-001 1.52259695e-001  1.51862238e-001 -1.96451713e-002 -1.96617477e-002  -1.97093447e-002 -3.33920093e-002 -3.33934848e-002  -3.33979240e-002 -1.68743975e-002 -1.68787446e-002  -1.68914567e-002
 -1.57066959e-003 -1.56408548e-003  -1.54557364e-003
 -6.93016706e+000 -6.93016708e+000  -6.93016713e+000 1.39236720e+000 1.39220508e+000  1.39179977e+000 1.63400732e+000 1.63400517e+000  1.63399978e+000 9.10135409e-001 9.10326884e-001  9.10805572e-001 8.37603614e-001 8.37594307e-001  8.37571038e-001
 2.26766335e+000 2.26733369e+000  2.26650953e+000 -2.00072520e+000 -2.00073021e+000  -2.00074274e+000 -1.61093526e+000 -1.61099569e+000  -1.61114677e+000 6.73102924e-001 6.72941301e-001  6.72537244e-001 -7.74922481e-002 -7.74920613e-002  -7.74915943e-002
 -1.26436430e-001 -1.26294380e-001  -1.25939256e-001 -1.03311887e-001 -1.03293807e-001  -1.03248607e-001 -2.11247486e-002 -2.11223989e-002  -2.11165249e-002 -6.93028817e-003 -6.93003237e-003  -6.92939288e-003 -5.27563689e-003 -5.27496366e-003  -5.27328060e-003
 -4.50734163e-004 -4.51593261e-004  -4.53741006e-004
 -4.82754911e+000 -4.82778741e+000 -4.82839578e+000
 -3.52435932e+000 -3.52450747e+000 -3.52488626e+000
 -3.64624611e+000 -3.64635626e+000 -3.64679840e+000
 7.09380131e+000 7.09270494e+000 7.08972252e+000
 -4.54987576e+000 -4.55129403e+000 -4.55523188e+000
 -6.70016072e+000 -6.70008493e+000 -6.69992002e+000
 -3.59092805e+000 -3.59226834e+000 -3.59577132e+000
 -3.12587781e+000 -3.12677772e+000 -3.12949716e+000
 -3.49423460e+000 -3.49435131e+000 -3.49469441e+000
 6.70523735e-003 6.47080149e-003 5.78466647e-003
 2.54985309e+000 2.54878128e+000 2.54569501e+000
 3.70205367e-001 3.69657148e-001 3.68071210e-001
 5.00185477e-002 4.95827777e-002 4.83117336e-002
 6.18631311e-003 5.70197459e-003 4.28670449e-003
 1.37546037e-002 1.31810007e-002 1.15052895e-002
 -1.36252653e-002 -1.42983379e-002 -1.62643057e-002
