   21     15     50      1  9731   4851 
    0.700      0.400   20000  100      0.000      0.000    100     16 
    0.990 	     0.010 
   2 
    1.0000e+000   0.0000e+000  
  1.0000e+000   0.0000e+000  
  1.0000e+000   0.0000e+000  
  1.0000e+000   0.0000e+000  
  1.0000e+000   0.0000e+000  
  1.0000e+000   0.0000e+000  
  1.0000e+000   0.0000e+000  
  1.0000e+000   0.0000e+000  
  1.0000e+000   0.0000e+000  
  1.0000e+000   0.0000e+000  
  1.0000e+000   0.0000e+000  
  1.0000e+000   0.0000e+000  
  1.0000e+000   0.0000e+000  
  1.9875e+000   0.0000e+000  
  5.7000e+001  -8.0000e+000  
  4.4837e+000   0.0000e+000  
  1.8824e+002   1.7539e+002  
  1.0000e+000   0.0000e+000  
  1.0000e+000   0.0000e+000  
  1.0000e+000   0.0000e+000  
  1.0000e+000   0.0000e+000  
   2.6555e+002   0.0000e+000  
  itr    nh   avger[]   r2avg    mare[] 
100  16 4.096e+001   6.622e-001  1.000e+001 3.932e+002 
100  16 4.062e+001   6.607e-001  1.000e+003 1.963e+002 
   1  6.6220e-001   3.9318e+002   2.7726e+007   4.0961e-001 
 -2.2400e-001   6.8356e-001 
   1  6.6065e-001   1.9633e+002   1.3845e+007   4.0615e-001 
 -2.7838e-001   6.8184e-001 
