 -3.7180e-001  1.7595e+000 -3.2008e+000 -5.0691e+000 -3.2672e+000
 -1.3370e+000  4.5552e+000 -4.4709e+000 -4.3739e+000 -2.2367e+000
  4.5491e+000 -1.0865e+001 -6.3196e+000 -4.0322e+000 -2.7268e+000
 -2.4798e-001
  1.2095e+001
 -1.02925993e+001 -1.02918837e+001  -1.02912952e+001 1.37149692e+001 1.37149736e+001  1.37149774e+001 -5.32637774e+000 -5.32637774e+000  -5.32637774e+000 -1.64914953e+000 -1.64949425e+000  -1.64972663e+000 -5.98015198e+000 -5.98018146e+000  -5.98012173e+000
 6.58586838e+000 6.58589402e+000  6.58591528e+000 -2.82412449e+000 -2.82412493e+000  -2.82412602e+000 2.77461671e+000 2.77464829e+000  2.77467389e+000 1.72332302e+000 1.72347424e+000  1.72360370e+000 1.87646115e+000 1.87530361e+000  1.87446744e+000
 -7.14386286e-001 -7.13454368e-001  -7.12702254e-001 6.66438850e+000 6.66459851e+000  6.66476964e+000 -2.38173516e-001 -2.38166398e-001  -2.38179859e-001 2.12484569e+000 2.12468633e+000  2.12457512e+000 -7.42197080e-001 -7.42185579e-001  -7.42181508e-001
 -5.79840094e-001 -5.79612802e-001  -5.79434064e-001
 1.02682042e+001 1.02682042e+001  1.02682042e+001 -9.48572277e+000 -9.48572277e+000  -9.48572277e+000 3.89922620e+000 3.89922620e+000  3.89922620e+000 -3.87949459e+000 -3.87949459e+000  -3.87949459e+000 7.89538764e+000 7.89538764e+000  7.89538764e+000
 -8.18289328e-001 -8.18289328e-001  -8.18289328e-001 8.48161963e+000 8.48161963e+000  8.48161963e+000 -8.06742708e+000 -8.06742708e+000  -8.06742708e+000 -2.28390477e+000 -2.28390477e+000  -2.28390477e+000 -2.40352373e+000 -2.40352373e+000  -2.40352373e+000
 2.03661700e+000 2.03661700e+000  2.03661700e+000 -7.34387496e+000 -7.34387496e+000  -7.34387496e+000 -6.50573567e+000 -6.50573567e+000  -6.50573567e+000 -2.50096150e+000 -2.50096150e+000  -2.50096150e+000 -2.70662726e+000 -2.70662726e+000  -2.70662726e+000
 -2.42797978e-001 -2.42797978e-001  -2.42797978e-001
 1.05364797e+000 1.05364797e+000  1.05364797e+000 1.30034546e+000 1.30034546e+000  1.30034546e+000 -7.55846059e+000 -7.55846059e+000  -7.55846059e+000 -2.05053711e+000 -2.05053711e+000  -2.05053711e+000 -4.81461678e+000 -4.81461678e+000  -4.81461677e+000
 4.04794285e+000 4.04794285e+000  4.04794285e+000 4.84040469e+000 4.84040469e+000  4.84040469e+000 -9.64248797e-001 -9.64248797e-001  -9.64248797e-001 1.44403816e+000 1.44403816e+000  1.44403816e+000 -3.33829060e+000 -3.33829060e+000  -3.33829060e+000
 -3.43400475e-001 -3.43400646e-001  -3.43401076e-001 4.32479328e+000 4.32479327e+000  4.32479323e+000 -6.96487517e+000 -6.96487517e+000  -6.96487517e+000 7.92564336e+000 7.92564336e+000  7.92564337e+000 -6.17007300e+000 -6.17007300e+000  -6.17007300e+000
 -1.50715992e+000 -1.50716067e+000  -1.50716254e+000
 -5.78528389e+000 -5.78528389e+000  -5.78528389e+000 8.32549732e+000 8.32549732e+000  8.32549732e+000 -3.68000884e+000 -3.68000884e+000  -3.68000884e+000 4.65619632e+000 4.65619632e+000  4.65619632e+000 -4.76695980e-002 -4.76695980e-002  -4.76695980e-002
 -5.56122402e+000 -5.56122402e+000  -5.56122402e+000 1.18814316e-001 1.18814316e-001  1.18814316e-001 5.98447497e-001 5.98447497e-001  5.98447497e-001 -8.33380415e+000 -8.33380415e+000  -8.33380415e+000 -6.10267680e+000 -6.10267680e+000  -6.10267680e+000
 3.43538006e+000 3.43538006e+000  3.43538006e+000 -1.03052485e+001 -1.03052485e+001  -1.03052485e+001 -8.79160142e-001 -8.79160142e-001  -8.79160142e-001 -2.88497776e+000 -2.88497776e+000  -2.88497776e+000 -6.34223657e-001 -6.34223657e-001  -6.34223657e-001
 1.53700489e+000 1.53700489e+000  1.53700489e+000
 4.28808575e+000 4.28808575e+000  4.28808575e+000 -1.11362548e+001 -1.11362548e+001  -1.11362548e+001 7.97274753e+000 7.97274753e+000  7.97274753e+000 -4.22790451e+000 -4.22790451e+000  -4.22790451e+000 -1.54767218e+000 -1.54767218e+000  -1.54767218e+000
 -8.23190790e+000 -8.23190790e+000  -8.23190790e+000 -5.82170016e+000 -5.82170016e+000  -5.82170016e+000 -1.72465886e+000 -1.72465886e+000  -1.72465886e+000 5.83464342e-001 5.83464342e-001  5.83464342e-001 4.90621656e+000 4.90621656e+000  4.90621656e+000
 9.26343871e-001 9.26343871e-001  9.26343871e-001 -7.43120605e+000 -7.43120605e+000  -7.43120605e+000 5.35471608e+000 5.35471608e+000  5.35471608e+000 -1.15329553e+001 -1.15329553e+001  -1.15329553e+001 6.31225424e+000 6.31225424e+000  6.31225424e+000
 3.79642448e-001 3.79642448e-001  3.79642448e-001
 -1.20017726e+000 -1.19946160e+000  -1.19887310e+000 3.22497293e+000 3.22497733e+000  3.22498111e+000 -5.56281809e+000 -5.56281809e+000  -5.56281809e+000 2.93724757e+000 2.93690284e+000  2.93667047e+000 1.10727364e+001 1.10727070e+001  1.10727667e+001
 -1.16331966e+000 -1.16329402e+000  -1.16327276e+000 7.23609846e+000 7.23609802e+000  7.23609693e+000 -3.89765088e+000 -3.89761930e+000  -3.89759370e+000 3.49036800e+000 3.49051921e+000  3.49064868e+000 1.35029833e+000 1.34914078e+000  1.34830462e+000
 1.30815771e+000 1.30908963e+000  1.30984174e+000 1.64923266e+000 1.64944267e+000  1.64961380e+000 9.64411787e+000 9.64412499e+000  9.64411153e+000 4.26417331e+000 4.26401395e+000  4.26390274e+000 3.85197980e+000 3.85199130e+000  3.85199537e+000
 1.08421775e-001 1.08649067e-001  1.08827805e-001
 3.98189156e+000 3.98189156e+000  3.98189156e+000 -7.66152606e+000 -7.66152606e+000  -7.66152606e+000 -9.45863706e+000 -9.45863706e+000  -9.45863706e+000 -7.69910216e-001 -7.69910216e-001  -7.69910216e-001 -6.19303001e+000 -6.19303001e+000  -6.19303001e+000
 1.25277732e+001 1.25277732e+001  1.25277732e+001 5.68706855e+000 5.68706855e+000  5.68706855e+000 -4.41659656e+000 -4.41659656e+000  -4.41659656e+000 -5.14691879e+000 -5.14691879e+000  -5.14691879e+000 2.88630423e+000 2.88630423e+000  2.88630423e+000
 -1.60054369e+000 -1.60054369e+000  -1.60054369e+000 3.34839566e+000 3.34839566e+000  3.34839566e+000 2.79079999e+000 2.79079999e+000  2.79079999e+000 -5.67789982e+000 -5.67789982e+000  -5.67789982e+000 -3.95315292e+000 -3.95315292e+000  -3.95315292e+000
 6.08881090e-001 6.08881090e-001  6.08881090e-001
 1.16158624e+001 1.16158624e+001  1.16158624e+001 -4.20060046e+000 -4.20060046e+000  -4.20060046e+000 -2.51293729e+000 -2.51293729e+000  -2.51293729e+000 -3.59214477e+000 -3.59214477e+000  -3.59214477e+000 1.74075470e+000 1.74075470e+000  1.74075470e+000
 5.29790421e+000 5.29790421e+000  5.29790421e+000 -1.29214416e+000 -1.29214416e+000  -1.29214416e+000 -1.80781759e+000 -1.80781759e+000  -1.80781759e+000 3.15258663e+000 3.15258663e+000  3.15258663e+000 1.96466690e+000 1.96466690e+000  1.96466690e+000
 3.88031277e+000 3.88031277e+000  3.88031277e+000 7.60330065e+000 7.60330065e+000  7.60330065e+000 -2.65092732e+000 -2.65092732e+000  -2.65092732e+000 8.53674772e+000 8.53674772e+000  8.53674772e+000 5.43489290e+000 5.43489290e+000  5.43489290e+000
 4.52834786e-001 4.52834786e-001  4.52834786e-001
 -7.07979065e-001 -7.07979065e-001  -7.07979065e-001 -2.79032770e+000 -2.79032770e+000  -2.79032770e+000 8.92541063e+000 8.92541063e+000  8.92541063e+000 4.89388308e+000 4.89388308e+000  4.89388308e+000 -8.12694510e-001 -8.12694510e-001  -8.12694510e-001
 -2.02989748e-001 -2.02989748e-001  -2.02989748e-001 -2.37093625e+000 -2.37093625e+000  -2.37093625e+000 5.10010566e+000 5.10010566e+000  5.10010566e+000 -3.29207579e+000 -3.29207579e+000  -3.29207579e+000 2.18291519e+000 2.18291519e+000  2.18291519e+000
 -3.34016150e+000 -3.34016150e+000  -3.34016150e+000 -7.67121049e+000 -7.67121049e+000  -7.67121049e+000 3.05428059e+000 3.05428059e+000  3.05428059e+000 -7.91645158e+000 -7.91645158e+000  -7.91645158e+000 -1.12237150e+000 -1.12237150e+000  -1.12237150e+000
 3.78540415e-001 3.78540415e-001  3.78540415e-001
 -1.46872237e+001 -1.46872237e+001  -1.46872237e+001 1.17920047e+001 1.17920047e+001  1.17920047e+001 9.58519895e+000 9.58519895e+000  9.58519895e+000 8.78492028e-001 8.78492028e-001  8.78492028e-001 -6.45299944e+000 -6.45299944e+000  -6.45299944e+000
 -8.37207163e+000 -8.37207163e+000  -8.37207163e+000 -1.44329135e+000 -1.44329135e+000  -1.44329135e+000 6.94434925e+000 6.94434925e+000  6.94434925e+000 6.47028069e-001 6.47028069e-001  6.47028069e-001 -6.31492443e+000 -6.31492443e+000  -6.31492443e+000
 -7.41405629e+000 -7.41405629e+000  -7.41405629e+000 -5.84957235e+000 -5.84957235e+000  -5.84957235e+000 -7.05095252e+000 -7.05095252e+000  -7.05095252e+000 -9.33526396e+000 -9.33526396e+000  -9.33526396e+000 -9.50456887e-001 -9.50456887e-001  -9.50456887e-001
 -1.52217642e+000 -1.52217642e+000  -1.52217642e+000
 1.29481269e+001 1.29481269e+001  1.29481269e+001 -1.05630376e+001 -1.05630376e+001  -1.05630376e+001 -1.66590862e+001 -1.66590862e+001  -1.66590862e+001 -2.53500321e+000 -2.53500321e+000  -2.53500321e+000 -5.49921961e+000 -5.49921961e+000  -5.49921961e+000
 -7.66152095e+000 -7.66152095e+000  -7.66152095e+000 -1.53517747e+000 -1.53517747e+000  -1.53517747e+000 -4.44621490e+000 -4.44621490e+000  -4.44621490e+000 -9.78216577e+000 -9.78216577e+000  -9.78216577e+000 -7.06070318e+000 -7.06070318e+000  -7.06070318e+000
 4.43970144e+000 4.43970127e+000  4.43970084e+000 -8.58834670e+000 -8.58834671e+000  -8.58834675e+000 -2.23351153e+000 -2.23351153e+000  -2.23351153e+000 -1.11916081e+001 -1.11916081e+001  -1.11916081e+001 -4.91418829e+000 -4.91418829e+000  -4.91418829e+000
 1.95487308e+000 1.95487233e+000  1.95487046e+000
 -1.20765514e+001 -1.20765514e+001  -1.20765514e+001 1.33382007e+001 1.33382007e+001  1.33382007e+001 1.14898052e+001 1.14898052e+001  1.14898052e+001 -8.38468698e+000 -8.38468698e+000  -8.38468698e+000 2.30745387e+000 2.30745387e+000  2.30745387e+000
 -3.66670372e+000 -3.66670372e+000  -3.66670372e+000 -6.70964697e-001 -6.70964697e-001  -6.70964697e-001 -3.96484901e+000 -3.96484901e+000  -3.96484901e+000 5.03784813e+000 5.03784813e+000  5.03784813e+000 9.82140809e-001 9.82140809e-001  9.82140809e-001
 9.19861241e+000 9.19861241e+000  9.19861241e+000 -3.37252106e+000 -3.37252106e+000  -3.37252106e+000 -1.14976520e+001 -1.14976520e+001  -1.14976520e+001 1.58202377e+001 1.58202377e+001  1.58202377e+001 -8.40271604e-001 -8.40271604e-001  -8.40271604e-001
 -2.39452538e+000 -2.39452538e+000  -2.39452538e+000
 -3.07010077e+000 -3.07010077e+000  -3.07010077e+000 5.46974683e+000 5.46974683e+000  5.46974683e+000 3.77971275e+000 3.77971275e+000  3.77971275e+000 -6.83947195e-001 -6.83947195e-001  -6.83947195e-001 8.03848909e-001 8.03848909e-001  8.03848909e-001
 -3.96520492e+000 -3.96520492e+000  -3.96520492e+000 -4.80105487e-001 -4.80105487e-001  -4.80105487e-001 -6.97494510e-002 -6.97494510e-002  -6.97494510e-002 -2.78862948e+000 -2.78862948e+000  -2.78862948e+000 -3.65381691e+000 -3.65381691e+000  -3.65381691e+000
 -3.48591638e+000 -3.48591638e+000  -3.48591638e+000 -1.46880135e+000 -1.46880135e+000  -1.46880135e+000 -2.77778042e-001 -2.77778042e-001  -2.77778042e-001 -1.62895277e+001 -1.62895277e+001  -1.62895277e+001 3.99261043e+000 3.99261043e+000  3.99261043e+000
 1.36167609e-001 1.36167609e-001  1.36167609e-001
 2.30282749e+001 2.30282787e+001  2.30282818e+001 -1.53648072e+001 -1.53648072e+001  -1.53648071e+001 3.58716303e+001 3.58716303e+001  3.58716303e+001 -1.74454721e+001 -1.74454739e+001  -1.74454751e+001 2.58444104e+001 2.58444102e+001  2.58444106e+001
 -3.72772718e+001 -3.72772717e+001  -3.72772716e+001 -1.28463105e+001 -1.28463105e+001  -1.28463105e+001 -1.73882703e+001 -1.73882701e+001  -1.73882700e+001 7.71410397e+000 7.71410477e+000  7.71410545e+000 -2.99177266e+001 -2.99177328e+001  -2.99177372e+001
 -3.76579725e-003 -3.76092535e-003  -3.75708051e-003 1.56727098e+001 1.56727109e+001  1.56727118e+001 -9.00637857e+000 -9.00637853e+000  -9.00637860e+000 1.10748980e+001 1.10748972e+001  1.10748966e+001 7.54225413e+000 7.54225419e+000  7.54225421e+000
 -4.56034156e-001 -4.56033178e-001  -4.56032793e-001
 4.83466799e-001 4.83726507e-001  4.83932460e-001 4.50055491e-001 4.50057103e-001  4.50058468e-001 -1.13934646e-002 -1.13934644e-002  -1.13934643e-002 1.73039463e-001 1.72917045e-001  1.72843410e-001 -6.10984800e-001 -6.10990939e-001  -6.10957025e-001
 8.92905477e-001 8.92914800e-001  8.92922287e-001 9.51285993e+000 9.51285974e+000  9.51285925e+000 -9.51550481e-002 -9.51435957e-002  -9.51346673e-002 -1.91206629e+000 -1.91201107e+000  -1.91196480e+000 2.21581151e+000 2.21539750e+000  2.21512225e+000
 -1.54141902e-001 -1.53804040e-001  -1.53541913e-001 1.23625698e+001 1.23626454e+001  1.23627036e+001 -1.37555679e+000 -1.37555524e+000  -1.37556290e+000 1.48035484e+000 1.48029802e+000  1.48026201e+000 2.24875630e+000 2.24876019e+000  2.24876078e+000
 9.51594141e-002 9.52411096e-002  9.53015357e-002
 4.58669268e+000 4.58718492e+000  4.58760047e+000 -5.86993172e+000 -5.86992872e+000  -5.86992613e+000 -2.85444474e-001 -2.85444474e-001  -2.85444473e-001 1.21340565e+000 1.21316381e+000  1.21298650e+000 -4.92617554e+000 -4.92620390e+000  -4.92618420e+000
 1.06905188e+000 1.06906947e+000  1.06908436e+000 -2.46623978e+001 -2.46623980e+001  -2.46623986e+001 1.63688111e+000 1.63690284e+000  1.63692094e+000 7.99747737e-001 7.99850977e-001  7.99940340e-001 -4.48225171e-001 -4.49032477e-001  -4.49653910e-001
 -2.74804451e+000 -2.74740348e+000  -2.74687190e+000 3.62635236e+000 3.62649738e+000  3.62661967e+000 4.72660218e+000 4.72660892e+000  4.72660453e+000 -8.78394041e-001 -8.78505509e-001  -8.78589225e-001 -2.75940680e+000 -2.75939836e+000  -2.75939401e+000
 -6.83144664e-001 -6.82988062e-001  -6.82860957e-001
 -3.37019380e+000 -3.36978017e+000  -3.36942770e+000 -1.11463105e+000 -1.11462854e+000  -1.11462636e+000 -6.34784668e-001 -6.34784667e-001  -6.34784667e-001 -2.13371207e+000 -2.13391673e+000  -2.13407105e+000 -9.95631124e+000 -9.95633752e+000  -9.95632748e+000
 -3.06613594e+000 -3.06612117e+000  -3.06610858e+000 -3.47196962e+001 -3.47196964e+001  -3.47196968e+001 9.75760900e-002 9.75943523e-002  9.76097151e-002 3.35467029e+000 3.35475681e+000  3.35483200e+000 -2.06547581e+000 -2.06615758e+000  -2.06669386e+000
 -3.27826903e+000 -3.27773033e+000  -3.27727920e+000 1.95484736e+000 1.95496939e+000  1.95507356e+000 7.19687777e+000 7.19688398e+000  7.19688179e+000 -5.53725358e-002 -5.54667683e-002  -5.55393129e-002 -3.14525499e+000 -3.14524774e+000  -3.14524360e+000
 3.14112342e-001 3.14244174e-001  3.14352640e-001
 -1.34377255e+001 -1.34377255e+001  -1.34377255e+001 1.05916673e+001 1.05916673e+001  1.05916673e+001 6.34188968e-002 6.34188968e-002  6.34188968e-002 -3.41675383e+000 -3.41675383e+000  -3.41675383e+000 3.06386662e-001 3.06386662e-001  3.06386662e-001
 -7.26579438e+000 -7.26579438e+000  -7.26579438e+000 -6.69806117e+000 -6.69806117e+000  -6.69806117e+000 -2.33787267e+000 -2.33787267e+000  -2.33787267e+000 4.93946370e+000 4.93946370e+000  4.93946370e+000 -1.80151426e+000 -1.80151426e+000  -1.80151426e+000
 1.77080175e+000 1.77080175e+000  1.77080175e+000 -8.98066868e+000 -8.98066868e+000  -8.98066868e+000 8.33852247e+000 8.33852247e+000  8.33852247e+000 1.30455174e+000 1.30455174e+000  1.30455174e+000 1.42093010e+000 1.42093010e+000  1.42093010e+000
 1.37117735e+000 1.37117735e+000  1.37117735e+000
 -3.01560422e+000 -3.01560422e+000  -3.01560422e+000 5.91051848e+000 5.91051848e+000  5.91051848e+000 -5.83671872e-001 -5.83671872e-001  -5.83671872e-001 -6.42338394e+000 -6.42338394e+000  -6.42338394e+000 -1.25953657e+001 -1.25953657e+001  -1.25953657e+001
 -3.97625094e-001 -3.97625094e-001  -3.97625094e-001 -2.11221259e+000 -2.11221259e+000  -2.11221259e+000 -2.01323743e+000 -2.01323743e+000  -2.01323743e+000 2.72209497e-001 2.72209497e-001  2.72209497e-001 -2.14375330e-001 -2.14375330e-001  -2.14375330e-001
 5.58203718e+000 5.58203718e+000  5.58203718e+000 3.41044012e+000 3.41044012e+000  3.41044012e+000 -7.53532548e+000 -7.53532548e+000  -7.53532548e+000 2.39562953e+000 2.39562953e+000  2.39562953e+000 1.46920149e+000 1.46920149e+000  1.46920149e+000
 9.78128389e-001 9.78128389e-001  9.78128389e-001
 7.96196897e+000 7.96196897e+000  7.96196897e+000 -6.79137906e+000 -6.79137906e+000  -6.79137906e+000 -2.09688758e+000 -2.09688758e+000  -2.09688758e+000 1.46873346e+000 1.46873346e+000  1.46873346e+000 4.10948595e+000 4.10948595e+000  4.10948595e+000
 2.05843974e+000 2.05843974e+000  2.05843974e+000 6.44433775e+000 6.44433775e+000  6.44433775e+000 -1.30927391e+000 -1.30927391e+000  -1.30927391e+000 -5.92975703e+000 -5.92975703e+000  -5.92975703e+000 -1.40370580e+000 -1.40370580e+000  -1.40370580e+000
 -8.07354963e-001 -8.07354963e-001  -8.07354963e-001 -3.96210405e+000 -3.96210405e+000  -3.96210405e+000 -4.56039267e+000 -4.56039267e+000  -4.56039267e+000 -4.67323084e+000 -4.67323084e+000  -4.67323084e+000 -2.96675467e+000 -2.96675467e+000  -2.96675467e+000
 -1.46569906e+000 -1.46569906e+000  -1.46569906e+000
 8.07294251e+000 8.07365817e+000  8.07424667e+000 -6.89718462e+000 -6.89718022e+000  -6.89717643e+000 -1.93568460e+000 -1.93568460e+000  -1.93568460e+000 1.40582380e+000 1.40547908e+000  1.40524670e+000 3.91533971e+000 3.91531023e+000  3.91536996e+000
 1.90319985e+000 1.90322550e+000  1.90324676e+000 7.48204075e+000 7.48204031e+000  7.48203922e+000 -1.35653515e+000 -1.35650357e+000  -1.35647797e+000 -5.73718758e+000 -5.73703637e+000  -5.73690690e+000 -1.18534542e+000 -1.18650297e+000  -1.18733913e+000
 -7.02796569e-001 -7.01864822e-001  -7.01113137e-001 -4.01142125e+000 -4.01121125e+000  -4.01104016e+000 -4.88337828e+000 -4.88337116e+000  -4.88338463e+000 -5.25744089e+000 -5.25760025e+000  -5.25771146e+000 -3.18106799e+000 -3.18105649e+000  -3.18105242e+000
 -1.29675734e+000 -1.29653080e+000  -1.29635392e+000
 -8.32164835e+000 -8.32174132e+000 -8.32181481e+000
 -6.01746991e+000 -6.01846838e+000 -6.01924091e+000
 -5.88612358e+000 -5.88612358e+000 -5.88612358e+000
 6.70927185e+000 6.70921763e+000 6.70918166e+000
 2.35045590e+000 2.35045213e+000 2.35050148e+000
 -4.15071776e+000 -4.15171076e+000 -4.15247880e+000
 -3.72503365e+000 -3.72503354e+000 -3.72503324e+000
 -1.14770712e+001 -1.14770739e+001 -1.14770762e+001
 -3.54060420e+000 -3.54064883e+000 -3.54068709e+000
 6.11729371e+000 6.11706433e+000 6.11694886e+000
 -4.07235363e+000 -4.07300313e+000 -4.07348940e+000
 -1.52447493e+000 -1.52531013e+000 -1.52594956e+000
 -2.57281789e+000 -2.57381479e+000 -2.57459444e+000
 3.44151245e+000 3.44146381e+000 3.44143015e+000
 -3.84683459e+000 -3.84683758e+000 -3.84683862e+000
 -2.65584887e+000 -2.65594299e+000 -2.65601646e+000
