  4.3393e-001 -2.4516e-001 -6.6024e+000 -3.8977e+000  5.3888e+000
 -3.0342e+000 -3.0861e+000 -8.8433e+000 -1.4330e+001 -4.6890e+000
  8.8813e-002 -5.5749e+000 -8.4373e+000 -3.8324e+000 -4.1116e+000
 -4.1278e-001
  1.7870e+000
 -1.20629450e+001 -1.20631877e+001  -1.20633108e+001 3.40717601e+000 3.40717576e+000  3.40717563e+000 3.77583644e+000 3.77583644e+000  3.77583644e+000 3.63854195e+000 3.63854195e+000  3.63854195e+000 7.73313203e+000 7.73313203e+000  7.73313203e+000
 3.37882322e+000 3.37882326e+000  3.37882329e+000 -4.33326897e-002 -4.36166256e-002  -4.37585387e-002 8.63940067e+000 8.63940260e+000  8.63940350e+000 -6.92725664e+000 -6.92718933e+000  -6.92716628e+000 1.57779147e+000 1.57779147e+000  1.57779147e+000
 -4.51805952e+000 -4.51815987e+000  -4.51821840e+000 9.40479780e+000 9.40479781e+000  9.40479782e+000 -4.70561836e+000 -4.70561836e+000  -4.70561836e+000 3.88759342e+000 3.88757282e+000  3.88756286e+000 2.92488612e+000 2.92488267e+000  2.92488096e+000
 3.04903307e-001 3.04930469e-001  3.04945066e-001
 5.74840466e-001 5.74840466e-001  5.74840466e-001 9.22449079e+000 9.22449079e+000  9.22449079e+000 -9.74007056e+000 -9.74007056e+000  -9.74007056e+000 -4.55094115e+000 -4.55094115e+000  -4.55094115e+000 -3.02373017e+000 -3.02373017e+000  -3.02373017e+000
 -9.12114496e+000 -9.12114496e+000  -9.12114496e+000 -1.84546556e+000 -1.84546556e+000  -1.84546556e+000 -2.28711734e+000 -2.28711734e+000  -2.28711734e+000 -5.39016371e+000 -5.39016371e+000  -5.39016371e+000 -1.43737429e+001 -1.43737429e+001  -1.43737429e+001
 5.27573980e-001 5.27573980e-001  5.27573980e-001 -3.76223978e+000 -3.76223978e+000  -3.76223978e+000 -6.37428541e+000 -6.37428541e+000  -6.37428541e+000 -1.77590005e+000 -1.77590005e+000  -1.77590005e+000 -2.36878254e-001 -2.36878254e-001  -2.36878254e-001
 -1.12687731e+000 -1.12687731e+000  -1.12687731e+000
 6.49917483e+000 6.49917483e+000  6.49917483e+000 9.44249614e+000 9.44249614e+000  9.44249614e+000 -1.21900405e+000 -1.21900405e+000  -1.21900405e+000 -2.00018092e+000 -2.00018092e+000  -2.00018092e+000 2.73459157e+000 2.73459157e+000  2.73459157e+000
 -4.69035998e+000 -4.69035998e+000  -4.69035998e+000 4.64563655e-001 4.64563655e-001  4.64563655e-001 -4.01804433e+000 -4.01804433e+000  -4.01804433e+000 3.47506785e-001 3.47506785e-001  3.47506785e-001 -6.26450180e+000 -6.26450180e+000  -6.26450180e+000
 1.60445690e+000 1.60445690e+000  1.60445690e+000 -3.14560949e+000 -3.14560949e+000  -3.14560949e+000 -6.50923526e-001 -6.50923526e-001  -6.50923526e-001 -2.10677397e-001 -2.10677397e-001  -2.10677397e-001 -1.51793906e+000 -1.51793906e+000  -1.51793906e+000
 -2.94388268e-001 -2.94388268e-001  -2.94388268e-001
 5.49977009e+000 5.49977009e+000  5.49977009e+000 -8.58352407e+000 -8.58352407e+000  -8.58352407e+000 -1.16765928e+001 -1.16765928e+001  -1.16765928e+001 1.31150995e+000 1.31150995e+000  1.31150995e+000 2.13366540e+000 2.13366540e+000  2.13366540e+000
 2.85386241e+000 2.85386241e+000  2.85386241e+000 1.73553284e+000 1.73553284e+000  1.73553284e+000 -2.94622615e+000 -2.94622615e+000  -2.94622615e+000 -6.70611919e+000 -6.70611919e+000  -6.70611919e+000 -1.04447075e+001 -1.04447075e+001  -1.04447075e+001
 8.26567511e-001 8.26567511e-001  8.26567511e-001 -2.88913538e+000 -2.88913538e+000  -2.88913538e+000 -3.79412863e+000 -3.79412863e+000  -3.79412863e+000 -2.06836556e+000 -2.06836556e+000  -2.06836556e+000 -2.13239713e+000 -2.13239713e+000  -2.13239713e+000
 -6.08105428e-001 -6.08105428e-001  -6.08105428e-001
 -1.20720538e+001 -1.20720538e+001  -1.20720538e+001 -1.19590641e+001 -1.19590641e+001  -1.19590641e+001 -3.71174725e-001 -3.71174725e-001  -3.71174725e-001 -1.35693413e+000 -1.35693413e+000  -1.35693413e+000 2.25117185e-001 2.25117185e-001  2.25117185e-001
 2.37163101e+000 2.37163101e+000  2.37163101e+000 -3.50634155e+000 -3.50634155e+000  -3.50634155e+000 -6.06256747e+000 -6.06256747e+000  -6.06256747e+000 8.61756359e+000 8.61756359e+000  8.61756359e+000 -2.30538765e+000 -2.30538765e+000  -2.30538765e+000
 9.24992016e+000 9.24992016e+000  9.24992016e+000 -6.08223577e+000 -6.08223577e+000  -6.08223577e+000 1.08766887e+001 1.08766887e+001  1.08766887e+001 -2.35275868e+000 -2.35275868e+000  -2.35275868e+000 5.65730205e+000 5.65730205e+000  5.65730205e+000
 -5.32057213e-001 -5.32057213e-001  -5.32057213e-001
 1.02954181e+001 1.02954181e+001  1.02954181e+001 -2.15153336e+000 -2.15153336e+000  -2.15153336e+000 -1.72243488e+000 -1.72243114e+000  -1.72242180e+000 -4.48691266e+000 -4.48691262e+000  -4.48691250e+000 -1.66899549e+000 -1.66899549e+000  -1.66899549e+000
 -1.66274176e-001 -1.66274749e-001  -1.66276182e-001 -5.65625298e+000 -5.65625298e+000  -5.65625297e+000 -9.88733828e+000 -9.88733829e+000  -9.88733834e+000 -2.31825179e+000 -2.31825179e+000  -2.31825179e+000 8.07010200e+000 8.07010125e+000  8.07009938e+000
 -1.53877062e+000 -1.53876758e+000  -1.53875999e+000 -4.55138374e+000 -4.55138374e+000  -4.55138374e+000 -3.09406665e+000 -3.09406659e+000  -3.09406645e+000 -2.43114144e+000 -2.43114144e+000  -2.43114144e+000 -9.12233010e+000 -9.12233010e+000  -9.12233010e+000
 1.08970497e+000 1.08970432e+000  1.08970269e+000
 1.16039037e+000 1.16039037e+000  1.16039037e+000 1.37572249e+000 1.37572249e+000  1.37572249e+000 1.30895702e+001 1.30895702e+001  1.30895702e+001 2.29836164e+000 2.29836164e+000  2.29836164e+000 -2.15014120e+000 -2.15014120e+000  -2.15014120e+000
 1.20220749e+000 1.20220749e+000  1.20220749e+000 3.17827517e+000 3.17827517e+000  3.17827517e+000 4.60031004e+000 4.60031004e+000  4.60031004e+000 -5.87816883e+000 -5.87816883e+000  -5.87816883e+000 1.75546623e+001 1.75546623e+001  1.75546623e+001
 -7.09338957e+000 -7.09338957e+000  -7.09338957e+000 2.75782045e+000 2.75782045e+000  2.75782045e+000 -2.14237902e+000 -2.14237902e+000  -2.14237902e+000 -2.12687126e+000 -2.12687126e+000  -2.12687126e+000 -8.80131253e-001 -8.80131253e-001  -8.80131253e-001
 4.78865363e-001 4.78865363e-001  4.78865363e-001
 -8.20590724e+000 -8.20590724e+000  -8.20590724e+000 -1.00816130e+001 -1.00816130e+001  -1.00816130e+001 -2.93085688e+000 -2.93085688e+000  -2.93085688e+000 -1.82380226e+000 -1.82380226e+000  -1.82380226e+000 -8.63322268e+000 -8.63322268e+000  -8.63322268e+000
 -4.83161758e+000 -4.83161758e+000  -4.83161758e+000 -5.85037441e+000 -5.85037441e+000  -5.85037441e+000 -3.47652717e-001 -3.47652717e-001  -3.47652717e-001 -5.48081894e+000 -5.48081894e+000  -5.48081894e+000 -2.03514459e+000 -2.03514459e+000  -2.03514459e+000
 3.47480548e+000 3.47480548e+000  3.47480548e+000 -2.74465446e+000 -2.74465446e+000  -2.74465446e+000 1.37144423e+001 1.37144423e+001  1.37144423e+001 3.90186155e+000 3.90186155e+000  3.90186155e+000 -2.95971175e+000 -2.95971175e+000  -2.95971175e+000
 -9.18731793e-002 -9.18731793e-002  -9.18731793e-002
 6.52642224e-001 6.52642225e-001  6.52642227e-001 6.53755552e+000 6.53755552e+000  6.53755552e+000 3.00865228e+000 3.00865601e+000  3.00866535e+000 -1.12122001e+001 -1.12122001e+001  -1.12121999e+001 4.85160111e-001 4.85160111e-001  4.85160111e-001
 -7.94706810e+000 -7.94706867e+000  -7.94707011e+000 -3.67296227e+000 -3.67296227e+000  -3.67296227e+000 6.97522231e-001 6.97522213e-001  6.97522170e-001 -1.02183471e+001 -1.02183471e+001  -1.02183471e+001 2.29519921e+000 2.29519846e+000  2.29519659e+000
 -3.73129126e+000 -3.73128823e+000  -3.73128063e+000 -7.58843010e+000 -7.58843010e+000  -7.58843010e+000 -2.31951573e+001 -2.31951573e+001  -2.31951571e+001 -5.50893228e+000 -5.50893228e+000  -5.50893228e+000 1.43650160e+000 1.43650160e+000  1.43650160e+000
 -4.14711526e-001 -4.14712176e-001  -4.14713803e-001
 7.37043096e+000 7.37018828e+000  7.37006516e+000 2.75872699e+000 2.75872675e+000  2.75872661e+000 -7.96228221e+000 -7.96228221e+000  -7.96228221e+000 4.61179043e+000 4.61179043e+000  4.61179043e+000 7.16839140e+000 7.16839140e+000  7.16839140e+000
 3.77037344e+000 3.77037347e+000  3.77037351e+000 4.28299329e+000 4.28270936e+000  4.28256744e+000 -4.72071545e+000 -4.72071352e+000  -4.72071262e+000 -2.05989531e+000 -2.05982800e+000  -2.05980495e+000 -3.11287314e+000 -3.11287314e+000  -3.11287314e+000
 6.57765008e+000 6.57754973e+000  6.57749120e+000 9.81995990e+000 9.81995991e+000  9.81995992e+000 1.00596353e+001 1.00596353e+001  1.00596353e+001 5.09832678e+000 5.09830619e+000  5.09829623e+000 -2.23213455e+000 -2.23213801e+000  -2.23213972e+000
 -1.52607193e-001 -1.52580032e-001  -1.52565434e-001
 -8.33371936e+000 -8.33371936e+000  -8.33371936e+000 -8.73495755e+000 -8.73495755e+000  -8.73495755e+000 -3.09387722e+000 -3.09387722e+000  -3.09387722e+000 1.28101971e+000 1.28101971e+000  1.28101971e+000 -1.83194466e+000 -1.83194466e+000  -1.83194466e+000
 -1.45790626e-001 -1.45790626e-001  -1.45790626e-001 -6.42348027e+000 -6.42348027e+000  -6.42348027e+000 -8.06801562e+000 -8.06801562e+000  -8.06801562e+000 -6.09547116e+000 -6.09547116e+000  -6.09547116e+000 -5.47613179e+000 -5.47613179e+000  -5.47613179e+000
 -3.88527946e+000 -3.88527946e+000  -3.88527946e+000 -1.05859330e+001 -1.05859330e+001  -1.05859330e+001 3.17519405e+000 3.17519405e+000  3.17519405e+000 -6.73232847e+000 -6.73232847e+000  -6.73232847e+000 -4.51185467e+000 -4.51185467e+000  -4.51185467e+000
 -1.20635868e-001 -1.20635868e-001  -1.20635868e-001
 -1.80428772e+001 -1.80428785e+001  -1.80428791e+001 3.97634234e+000 3.97634234e+000  3.97634234e+000 5.35662211e+001 5.35662222e+001  5.35662250e+001 1.97586036e+000 1.97586037e+000  1.97586041e+000 -4.74397041e+001 -4.74397041e+001  -4.74397041e+001
 5.05146064e+000 5.05146047e+000  5.05146004e+000 1.75564246e+001 1.75564230e+001  1.75564223e+001 4.21281755e+001 4.21281755e+001  4.21281755e+001 -1.77739333e+001 -1.77739329e+001  -1.77739328e+001 3.60843738e+001 3.60843736e+001  3.60843730e+001
 1.79432496e+001 1.79432500e+001  1.79432520e+001 -4.22129331e+001 -4.22129331e+001  -4.22129331e+001 -2.46930676e+000 -2.46930674e+000  -2.46930670e+000 -5.10923366e+000 -5.10923377e+000  -5.10923382e+000 1.26381992e+001 1.26381992e+001  1.26381992e+001
 -2.10258367e-001 -2.10258419e-001  -2.10258830e-001
 5.79643167e-001 5.79552924e-001  5.79505869e-001 -1.05896324e+001 -1.05896324e+001  -1.05896325e+001 1.81574740e+000 1.81574902e+000  1.81575308e+000 -1.29502610e+001 -1.29502610e+001  -1.29502610e+001 -5.73465757e+000 -5.73465757e+000  -5.73465757e+000
 -2.62959675e+000 -2.62959698e+000  -2.62959759e+000 -1.75343691e-001 -1.75449187e-001  -1.75503232e-001 -2.17266180e+000 -2.17266109e+000  -2.17266078e+000 -1.47123792e+000 -1.47121321e+000  -1.47120505e+000 5.89745603e+000 5.89745571e+000  5.89745490e+000
 -4.86485518e+000 -4.86489154e+000  -4.86491144e+000 3.00677481e+000 3.00677481e+000  3.00677481e+000 -4.98596273e+000 -4.98596271e+000  -4.98596265e+000 3.03824687e+000 3.03823925e+000  3.03823552e+000 5.21930771e-001 5.21929488e-001  5.21928837e-001
 -3.49819891e-001 -3.49810044e-001  -3.49805109e-001
 1.27832578e+000 1.27816260e+000  1.27808318e+000 -4.93465815e+000 -4.93465831e+000  -4.93465840e+000 -3.52757175e+000 -3.52756910e+000  -3.52756249e+000 1.60628171e+001 1.60628171e+001  1.60628172e+001 1.15369913e+000 1.15369913e+000  1.15369913e+000
 6.96491828e+000 6.96491790e+000  6.96491690e+000 4.75762216e-001 4.75571176e-001  4.75479421e-001 1.91379107e+000 1.91379236e+000  1.91379292e+000 2.14843289e+001 2.14843746e+001  2.14843901e+001 -6.63306180e+000 -6.63306233e+000  -6.63306365e+000
 2.72139716e+000 2.72133230e+000  2.72130082e+000 -4.77197748e-002 -4.77197695e-002  -4.77197671e-002 2.64515918e+001 2.64515919e+001  2.64515920e+001 4.82605033e-001 4.82591144e-001  4.82584632e-001 -1.37598158e-001 -1.37600484e-001  -1.37601589e-001
 -1.47445785e+000 -1.47444009e+000  -1.47443190e+000
 -3.99222600e+000 -3.99236194e+000  -3.99242705e+000 -1.95236998e+000 -1.95237011e+000  -1.95237018e+000 5.17875115e-001 5.17877360e-001  5.17882973e-001 1.66588411e+001 1.66588412e+001  1.66588412e+001 7.41354539e+000 7.41354539e+000  7.41354539e+000
 7.14639074e+000 7.14639041e+000  7.14638957e+000 1.61230384e-001 1.61071210e-001  1.60995913e-001 1.06747396e+000 1.06747504e+000  1.06747550e+000 2.60585922e+001 2.60586304e+001  2.60586434e+001 -3.11882160e+000 -3.11882205e+000  -3.11882317e+000
 5.07955084e+000 5.07949699e+000  5.07947163e+000 -3.38316138e+000 -3.38316137e+000  -3.38316137e+000 3.16370199e+001 3.16370199e+001  3.16370200e+001 -1.32949830e+000 -1.32950988e+000  -1.32951525e+000 1.05040899e+000 1.05040706e+000  1.05040615e+000
 -9.10534471e-001 -9.10519694e-001  -9.10513035e-001
 -5.87615823e+000 -5.87615823e+000  -5.87615823e+000 9.57020111e+000 9.57020111e+000  9.57020111e+000 -2.07006008e+000 -2.07006008e+000  -2.07006008e+000 -4.55899919e+000 -4.55899919e+000  -4.55899919e+000 6.65008022e+000 6.65008022e+000  6.65008022e+000
 -8.71085666e-001 -8.71085666e-001  -8.71085666e-001 -1.63657420e+000 -1.63657420e+000  -1.63657420e+000 -9.91248367e-001 -9.91248367e-001  -9.91248367e-001 -2.03278724e-001 -2.03278724e-001  -2.03278724e-001 1.91658252e+000 1.91658252e+000  1.91658252e+000
 8.41457118e+000 8.41457118e+000  8.41457118e+000 -3.45874412e+000 -3.45874412e+000  -3.45874412e+000 2.57509079e+000 2.57509079e+000  2.57509079e+000 -7.70797976e-001 -7.70797976e-001  -7.70797976e-001 1.23970787e+000 1.23970787e+000  1.23970787e+000
 1.29959958e+000 1.29959958e+000  1.29959958e+000
 -4.72783535e+000 -4.72783535e+000  -4.72783535e+000 3.57351001e-001 3.57351001e-001  3.57351001e-001 1.54576388e+001 1.54576388e+001  1.54576388e+001 2.20631858e+000 2.20631858e+000  2.20631858e+000 1.62486278e+001 1.62486278e+001  1.62486278e+001
 3.94732484e-001 3.94732484e-001  3.94732484e-001 2.16068621e+000 2.16068621e+000  2.16068621e+000 -4.86171594e+000 -4.86171594e+000  -4.86171594e+000 -1.86190766e+000 -1.86190766e+000  -1.86190766e+000 1.19158452e+001 1.19158452e+001  1.19158452e+001
 -1.98215189e+000 -1.98215189e+000  -1.98215189e+000 -4.46908621e+000 -4.46908621e+000  -4.46908621e+000 -3.84954746e-002 -3.84954746e-002  -3.84954746e-002 -2.90231965e+000 -2.90231965e+000  -2.90231965e+000 -1.61994913e+000 -1.61994913e+000  -1.61994913e+000
 -6.61819238e-002 -6.61819238e-002  -6.61819238e-002
 5.29921703e+000 5.29921703e+000  5.29921703e+000 -4.41588086e+000 -4.41588086e+000  -4.41588086e+000 -1.05830330e+001 -1.05830330e+001  -1.05830330e+001 -1.09574170e+000 -1.09574170e+000  -1.09574170e+000 -8.17309770e+000 -8.17309770e+000  -8.17309770e+000
 -1.75053172e+000 -1.75053172e+000  -1.75053172e+000 -2.97138053e+000 -2.97138053e+000  -2.97138053e+000 -2.85432346e+000 -2.85432346e+000  -2.85432346e+000 -7.68405031e+000 -7.68405031e+000  -7.68405031e+000 -9.71105292e+000 -9.71105292e+000  -9.71105292e+000
 -3.26721484e+000 -3.26721484e+000  -3.26721484e+000 -2.35221165e-002 -2.35221165e-002  -2.35221165e-002 -5.61411736e+000 -5.61411736e+000  -5.61411736e+000 -1.55244519e+000 -1.55244519e+000  -1.55244519e+000 -2.46133742e+000 -2.46133742e+000  -2.46133742e+000
 -1.09164770e+000 -1.09164770e+000  -1.09164770e+000
 5.28359502e+000 5.28335235e+000  5.28322923e+000 -4.62348503e+000 -4.62348527e+000  -4.62348541e+000 -1.04877950e+001 -1.04877913e+001  -1.04877819e+001 -1.46931321e+000 -1.46931316e+000  -1.46931304e+000 -8.46495241e+000 -8.46495241e+000  -8.46495241e+000
 -1.61915274e+000 -1.61915328e+000  -1.61915467e+000 -2.85233648e+000 -2.85262042e+000  -2.85276232e+000 -2.83268024e+000 -2.83267832e+000  -2.83267746e+000 -8.03583947e+000 -8.03577216e+000  -8.03574911e+000 -9.78914652e+000 -9.78914727e+000  -9.78914914e+000
 -3.54069447e+000 -3.54079178e+000  -3.54084272e+000 2.97776459e-001 2.97776467e-001  2.97776470e-001 -6.14458218e+000 -6.14458212e+000  -6.14458198e+000 -1.14175073e+000 -1.14177132e+000  -1.14178128e+000 -2.46590895e+000 -2.46591241e+000  -2.46591412e+000
 -8.29724538e-001 -8.29698027e-001  -8.29685056e-001
 -2.97960518e+000 -2.97946483e+000 -2.97940176e+000
 -8.34190826e-001 -8.34190534e-001 -8.34190373e-001
 -3.27700694e+000 -3.27700848e+000 -3.27701232e+000
 -8.62878386e-001 -8.62547403e-001 -8.62379958e-001
 -1.11908126e+000 -1.11875022e+000 -1.11858264e+000
 2.47017373e+000 2.47050451e+000 2.47067148e+000
 -4.99009542e+000 -4.99002242e+000 -4.98998609e+000
 3.70955424e+000 3.70955475e+000 3.70955498e+000
 3.38829593e+000 3.38831725e+000 3.38832448e+000
 2.15094251e+000 2.15093695e+000 2.15092304e+000
 -2.14292845e+000 -2.14265839e+000 -2.14253607e+000
 9.57689350e+000 9.57722454e+000 9.57739212e+000
 -3.72559550e+000 -3.72526448e+000 -3.72509693e+000
 -6.89951357e+000 -6.89918555e+000 -6.89901942e+000
 -1.78152147e+000 -1.78151952e+000 -1.78151856e+000
 1.41678326e+000 1.41680320e+000 1.41681299e+000
