   28     10     50      1   225     96 
    0.700      0.400   20000  100      0.000      0.000    100     16 
    0.990 	     0.010 
   2 
    9.7229e-001   0.0000e+000  
  9.7229e-001   0.0000e+000  
  1.0000e+000   0.0000e+000  
  1.0000e+000   0.0000e+000  
  1.0000e+000   0.0000e+000  
  1.0000e+000   0.0000e+000  
  1.0000e+000   0.0000e+000  
  1.0000e+000   0.0000e+000  
  1.0000e+000   0.0000e+000  
  1.0000e+000   0.0000e+000  
  1.9875e+000   0.0000e+000  
  1.9875e+000   0.0000e+000  
  5.4333e+001   2.6667e+000  
  5.4333e+001   2.6667e+000  
  4.3667e+001  -4.6667e+000  
  4.3667e+001  -4.6667e+000  
  4.4837e+000   0.0000e+000  
  4.4837e+000   0.0000e+000  
  4.3183e+000   0.0000e+000  
  4.3183e+000   0.0000e+000  
  1.8799e+002   1.7624e+002  
  1.8803e+002   1.7623e+002  
  1.8805e+002   1.7544e+002  
  1.8805e+002   1.7544e+002  
  1.0000e+000   0.0000e+000  
  1.0000e+000   0.0000e+000  
  1.0000e+000   0.0000e+000  
  1.0000e+000   0.0000e+000  
   2.6556e+002   0.0000e+000  
  itr    nh   avger[]   r2avg    mare[] 
100  16 2.631e+001   9.934e-001  4.529e+000 7.364e-002 
100  16 8.655e+001   6.271e-001  1.000e+003 1.578e+000 
   1  9.9339e-001   7.3641e-002   5.1931e+003   2.6313e-001 
  2.2387e-001   1.0237e+000 
   1  6.2713e-001   1.5778e+000   1.1127e+005   8.6552e-001 
  5.8778e-001   8.1885e-001 
