 -7.2620e-002 -2.8804e-001 -1.7052e+000  1.5910e+000  1.4180e+000
  1.3196e+000  7.5593e-001 -2.9086e+000  1.7573e+000  8.9354e-001
 -1.7202e-001 -5.1223e-004  6.5863e-003 -4.4902e-002 -3.1448e-002
 -4.1679e-003
  6.8431e-001
 -3.18974906e+000 -3.18975906e+000  -3.18978406e+000 2.23123986e+000 2.23122827e+000  2.23121673e+000 8.72617089e-001 8.72603718e-001  8.72579319e-001 2.33280119e-002 2.33186411e-002  2.33050204e-002 -2.54378156e+000 -2.54378293e+000  -2.54378445e+000
 3.47535041e-001 3.47525772e-001  3.47502355e-001 -2.61616811e+000 -2.61617602e+000  -2.61618851e+000 5.27483855e+000 5.27479928e+000  5.27468706e+000 -5.57882759e+000 -5.57883331e+000  -5.57884255e+000 -7.15303083e+000 -7.15303702e+000  -7.15307436e+000
 3.63768048e-003 3.63768069e-003  3.63771372e-003 -3.12521274e-001 -3.12519245e-001  -3.12517541e-001 -2.42540317e-001 -2.42538632e-001  -2.42536920e-001 -6.54889740e-002 -6.54884001e-002  -6.54877450e-002 -1.99155073e-002 -1.99153298e-002  -1.99151233e-002
 -3.38803330e-003 -3.38803075e-003  -3.38802173e-003
 1.20620778e-002 1.20528738e-002  1.20298850e-002 1.99955359e+000 1.99953010e+000  1.99948878e+000 3.64969050e+000 3.64965073e+000  3.64956032e+000 -1.54536720e+000 -1.54538104e+000  -1.54540585e+000 -6.54552068e-001 -6.54564630e-001  -6.54594151e-001
 -1.62483329e+000 -1.62485112e+000  -1.62489594e+000 -2.29932461e+000 -2.29933869e+000  -2.29936661e+000 -1.46195718e+000 -1.46199324e+000  -1.46209744e+000 -8.69996335e+000 -8.69999609e+000  -8.70007288e+000 -4.93138861e-002 -4.93199723e-002  -4.93570530e-002
 -5.09455607e-002 -5.09455724e-002  -5.09455689e-002 -1.52450639e-001 -1.52445610e-001  -1.52436406e-001 -1.39552018e-001 -1.39548123e-001  -1.39540889e-001 -5.19869662e-002 -5.19856997e-002  -5.19833130e-002 -1.92515330e-002 -1.92511397e-002  -1.92503940e-002
 -3.06623895e-003 -3.06623430e-003  -3.06622004e-003
 6.66626556e-001 6.66626556e-001  6.66626556e-001 9.11678240e-001 9.11678240e-001  9.11678240e-001 5.55171336e-002 5.55171336e-002  5.55171336e-002 -1.07826070e+000 -1.07826070e+000  -1.07826070e+000 -4.15219115e+000 -4.15219115e+000  -4.15219115e+000
 -5.71946082e-001 -5.71946082e-001  -5.71946082e-001 -1.50652079e+000 -1.50652079e+000  -1.50652079e+000 7.93235948e-001 7.93235948e-001  7.93235948e-001 -2.18406791e+000 -2.18406791e+000  -2.18406791e+000 -4.40222002e+000 -4.40222002e+000  -4.40222002e+000
 -1.49573119e-002 -1.49573119e-002  -1.49573119e-002 2.70607981e-002 2.70607981e-002  2.70607981e-002 1.84739152e-002 1.84739152e-002  1.84739152e-002 2.33558521e-003 2.33558521e-003  2.33558521e-003 2.50389267e-005 2.50389267e-005  2.50389267e-005
 -1.18446495e-004 -1.18446495e-004  -1.18446495e-004
 -2.96008982e-002 -2.96008982e-002  -2.96008982e-002 -3.70320485e-001 -3.70320485e-001  -3.70320485e-001 3.67735045e-001 3.67735045e-001  3.67735045e-001 -4.21731235e-001 -4.21731235e-001  -4.21731235e-001 1.27689420e+000 1.27689420e+000  1.27689420e+000
 6.38481067e-001 6.38481067e-001  6.38481067e-001 1.35899301e+000 1.35899301e+000  1.35899301e+000 2.07922035e+000 2.07922035e+000  2.07922035e+000 -1.23774894e+000 -1.23774894e+000  -1.23774894e+000 2.97268098e+000 2.97268098e+000  2.97268098e+000
 -5.18216641e-004 -5.18216641e-004  -5.18216641e-004 -5.09906451e-002 -5.09906451e-002  -5.09906451e-002 -2.54859171e-002 -2.54859171e-002  -2.54859171e-002 -1.74502018e-005 -1.74502018e-005  -1.74502018e-005 -2.93274695e-004 -2.93274695e-004  -2.93274695e-004
 -6.72187499e-005 -6.72187499e-005  -6.72187499e-005
 1.66899210e-001 1.66855259e-001  1.66745381e-001 2.84925744e-001 2.84900636e-001  2.84837866e-001 -2.25368755e+000 -2.25381103e+000  -2.25411973e+000 1.40774927e-001 1.40740928e-001  1.40655931e-001 -1.14575964e+000 -1.14578778e+000  -1.14585813e+000
 1.86641066e+000 1.86647960e+000  1.86665196e+000 3.77866378e-001 3.77849741e-001  3.77808151e-001 -4.96165732e+000 -4.96165135e+000  -4.96163643e+000 -3.54704126e-001 -3.54761188e-001  -3.54903843e-001 -6.65668425e-001 -6.65665733e-001  -6.65659003e-001
 -2.38704616e-001 -2.38704950e-001  -2.38705786e-001 -9.11307883e-002 -9.11025452e-002  -9.10319373e-002 -3.77474069e-002 -3.77256849e-002  -3.76713798e-002 -7.34617832e-002 -7.34547821e-002  -7.34372791e-002 -4.74909268e-002 -4.74887923e-002  -4.74834560e-002
 -6.37858020e-003 -6.37858618e-003  -6.37860113e-003
 -1.15655379e+000 -1.15655070e+000  -1.15654295e+000 -4.09379826e-001 -4.09385375e-001  -4.09376331e-001 4.11230189e-001 4.11260927e-001  4.11349646e-001 1.24816261e+000 1.24816287e+000  1.24817641e+000 1.23072001e+000 1.23072963e+000  1.23075617e+000
 1.17163356e-001 1.17124754e-001  1.17027927e-001 5.22417890e-001 5.22414175e-001  5.22414460e-001 -1.07743616e+000 -1.07749112e+000  -1.07764704e+000 -2.09207238e-001 -2.09191798e-001  -2.09146543e-001 -2.85497597e-001 -2.85507195e-001  -2.85559952e-001
 -4.66405987e-002 -4.66404707e-002  -4.66401079e-002 2.13074847e-001 2.13066689e-001  2.13041861e-001 1.31009932e-001 1.31003839e-001  1.30985315e-001 2.56068206e-002 2.56049037e-002  2.55990859e-002 1.08976025e-003 1.08917897e-003  1.08741342e-003
 -5.31593381e-004 -5.31587655e-004  -5.31569851e-004
 8.46949145e-001 8.46949145e-001  8.46949145e-001 -4.93026971e-001 -4.93026971e-001  -4.93026971e-001 -5.41650434e-002 -5.41650434e-002  -5.41650434e-002 2.03121641e-001 2.03121641e-001  2.03121641e-001 1.52775813e+000 1.52775813e+000  1.52775813e+000
 -8.83357608e-001 -8.83357608e-001  -8.83357608e-001 2.70863710e-001 2.70863710e-001  2.70863710e-001 1.09681746e+000 1.09681746e+000  1.09681746e+000 3.83448554e+000 3.83448554e+000  3.83448554e+000 8.73625920e-001 8.73625920e-001  8.73625920e-001
 1.36838539e-002 1.36838539e-002  1.36838539e-002 -1.97920798e-001 -1.97920798e-001  -1.97920798e-001 -1.36184375e-001 -1.36184375e-001  -1.36184375e-001 -3.22083644e-002 -3.22083644e-002  -3.22083644e-002 -4.20016323e-003 -4.20016323e-003  -4.20016323e-003
 -3.62572500e-005 -3.62572500e-005  -3.62572500e-005
 3.76396490e-001 3.76390977e-001  3.76377222e-001 9.95452315e-001 9.95422260e-001  9.95370039e-001 -1.35646210e+000 -1.35650345e+000  -1.35659494e+000 -1.72645578e-001 -1.72659459e-001  -1.72681260e-001 1.14788963e+000 1.14787412e+000  1.14783785e+000
 7.32421575e-001 7.32385672e-001  7.32295593e-001 1.38646971e+000 1.38645164e+000  1.38641603e+000 -2.45703283e+000 -2.45708259e+000  -2.45722548e+000 1.16284874e-001 1.16243290e-001  1.16145986e-001 -8.90084763e-003 -8.90983088e-003  -8.96105120e-003
 -2.95875509e-001 -2.95875477e-001  -2.95875353e-001 1.94972690e-001 1.94975856e-001  1.94979336e-001 1.74124430e-001 1.74126867e-001  1.74129667e-001 -2.83388266e-002 -2.83380370e-002  -2.83370885e-002 -4.34105227e-002 -4.34102711e-002  -4.34099544e-002
 -6.48351463e-003 -6.48350699e-003  -6.48348442e-003
 -2.33203070e-001 -2.33238422e-001  -2.33326800e-001 -1.60403066e+000 -1.60403129e+000  -1.60403288e+000 2.00585028e-001 2.00533746e-001  2.00405542e-001 1.22914553e+000 1.22912578e+000  1.22907639e+000 -1.95875800e-001 -1.95878816e-001  -1.95886356e-001
 6.36695620e-001 6.36761865e-001  6.36927478e-001 -1.39935813e+000 -1.39936038e+000  -1.39936602e+000 -1.56204281e+000 -1.56204207e+000  -1.56204025e+000 3.80035923e+000 3.80035921e+000  3.80035919e+000 -1.54751689e+000 -1.54751482e+000  -1.54750963e+000
 -4.87305752e-003 -4.87329587e-003  -4.87389173e-003 -2.24364200e-001 -2.24347317e-001  -2.24305110e-001 -1.83000909e-001 -1.82987744e-001  -1.82954832e-001 -4.33933031e-002 -4.33890170e-002  -4.33783019e-002 -5.48764305e-003 -5.48634408e-003  -5.48309663e-003
 -4.45303384e-004 -4.45311283e-004  -4.45331029e-004
 8.50776027e-002 8.50776041e-002  8.50776077e-002 4.20253157e-001 4.20253191e-001  4.20253276e-001 -2.53410051e-001 -2.53410164e-001  -2.53410447e-001 1.08107391e+000 1.08107381e+000  1.08107355e+000 1.26439877e+000 1.26439877e+000  1.26439878e+000
 3.92972728e-001 3.92972726e-001  3.92972721e-001 1.90408933e+000 1.90408930e+000  1.90408925e+000 -1.44968027e-001 -1.44968002e-001  -1.44967941e-001 1.90341832e-001 1.90341804e-001  1.90341734e-001 2.37346881e+000 2.37346881e+000  2.37346882e+000
 2.90872057e-002 2.90872053e-002  2.90872044e-002 -4.65852290e-002 -4.65851921e-002  -4.65850998e-002 -3.40453715e-002 -3.40453441e-002  -3.40452757e-002 -8.33119733e-003 -8.33118870e-003  -8.33116714e-003 -1.70316400e-003 -1.70316136e-003  -1.70315475e-003
 -1.76128246e-005 -1.76128109e-005  -1.76127768e-005
 -5.71868368e-001 -5.71878940e-001  -5.71905369e-001 -1.08242177e+000 -1.08242199e+000  -1.08242243e+000 -3.31475244e+000 -3.31476763e+000  -3.31480554e+000 -2.18244904e+000 -2.18245495e+000  -2.18246966e+000 -1.78538739e+000 -1.78538824e+000  -1.78539036e+000
 -4.54091761e+000 -4.54089798e+000  -4.54084891e+000 1.63120847e+000 1.63120777e+000  1.63120609e+000 -3.35223838e+000 -3.35223845e+000  -3.35223872e+000 4.66367730e+000 4.66367738e+000  4.66367761e+000 -3.61720388e+000 -3.61720331e+000  -3.61720204e+000
 -2.58512043e-002 -2.58512750e-002  -2.58514515e-002 1.63352126e-001 1.63357138e-001  1.63369645e-001 6.76897857e-002 6.76936956e-002  6.77034529e-002 2.42060518e-003 2.42187845e-003  2.42505621e-003 -2.25579953e-003 -2.25541364e-003  -2.25445056e-003
 -2.25562629e-004 -2.25564962e-004  -2.25570774e-004
 -1.30185818e+000 -1.30185818e+000  -1.30185819e+000 6.42609516e-001 6.42609548e-001  6.42609627e-001 -4.73826401e+000 -4.73826400e+000  -4.73826400e+000 2.04764047e+000 2.04764049e+000  2.04764052e+000 3.93210455e-001 3.93210459e-001  3.93210467e-001
 2.60453017e+000 2.60453016e+000  2.60453014e+000 -1.78153223e-002 -1.78153148e-002  -1.78152960e-002 -1.02712061e+000 -1.02712066e+000  -1.02712077e+000 4.48296835e+000 4.48296836e+000  4.48296837e+000 -3.82627058e+000 -3.82627059e+000  -3.82627061e+000
 -1.51372943e-002 -1.51372943e-002  -1.51372942e-002 -2.47045654e-002 -2.47045708e-002  -2.47045841e-002 -2.51598806e-002 -2.51598851e-002  -2.51598964e-002 -1.31299706e-002 -1.31299723e-002  -1.31299765e-002 -4.61881859e-003 -4.61881909e-003  -4.61882034e-003
 -5.64463428e-004 -5.64463426e-004  -5.64463420e-004
 -1.03163763e-001 -1.03190533e-001  -1.03257449e-001 -1.96811108e+000 -1.96813034e+000  -1.96816991e+000 1.78760752e+000 1.78753726e+000  1.78736603e+000 -6.29922913e+000 -6.29925112e+000  -6.29930125e+000 -7.65511804e+000 -7.65513367e+000  -7.65517181e+000
 -3.83499317e-001 -3.83469707e-001  -3.83395804e-001 -1.17825915e+000 -1.17827180e+000  -1.17829983e+000 -9.66111301e-001 -9.66126543e-001  -9.66171572e-001 1.95784325e+000 1.95780998e+000  1.95772928e+000 1.02712204e+001 1.02712189e+001  1.02712045e+001
 -1.47333020e-001 -1.47333189e-001  -1.47333596e-001 -4.50450037e-002 -4.50295580e-002  -4.49926026e-002 1.79359547e-002 1.79478853e-002  1.79764804e-002 -3.28259717e-002 -3.28221133e-002  -3.28128511e-002 -2.89667877e-002 -2.89656097e-002  -2.89627818e-002
 -4.44591892e-003 -4.44592052e-003  -4.44592322e-003
 -2.18898016e-001 -2.18924873e-001  -2.18991999e-001 -1.11485208e+000 -1.11487169e+000  -1.11490638e+000 4.26006436e+000 4.26000312e+000  4.25985747e+000 1.85754218e+000 1.85752030e+000  1.85747368e+000 -1.07790154e+000 -1.07791382e+000  -1.07794298e+000
 1.68925882e+000 1.68928113e+000  1.68933671e+000 1.97548309e+000 1.97546998e+000  1.97544321e+000 7.99869909e-001 7.99840585e-001  7.99755700e-001 2.56440437e+000 2.56437755e+000  2.56431467e+000 9.05510569e+000 9.05510187e+000  9.05507433e+000
 -2.15810572e-001 -2.15810713e-001  -2.15811040e-001 3.74388597e-001 3.74402112e-001  3.74433125e-001 2.38737454e-001 2.38747957e-001  2.38772156e-001 1.60110394e-002 1.60144518e-002  1.60223411e-002 -2.15910299e-002 -2.15899877e-002  -2.15875776e-002
 -4.40666032e-003 -4.40666086e-003  -4.40666003e-003
 -7.30535917e-001 -7.30556865e-001  -7.30609223e-001 -9.46349228e-001 -9.46365568e-001  -9.46397093e-001 -5.30992108e-001 -5.31043739e-001  -5.31167985e-001 1.07031902e+000 1.07030108e+000  1.07026146e+000 7.18736641e+000 7.18735550e+000  7.18732923e+000
 -8.75357859e-001 -8.75344071e-001  -8.75309734e-001 5.04557435e+000 5.04556385e+000  5.04554148e+000 4.54352690e+000 4.54350260e+000  4.54343434e+000 -1.28642455e-001 -1.28668698e-001  -1.28731596e-001 -4.52518280e+000 -4.52518714e+000  -4.52520970e+000
 -1.36879604e-001 -1.36879709e-001  -1.36879956e-001 3.23986632e-001 3.23997105e-001  3.24021485e-001 2.19231083e-001 2.19239229e-001  2.19258254e-001 2.23980678e-002 2.24007215e-002  2.24069384e-002 -1.46608872e-002 -1.46600762e-002  -1.46581757e-002
 -3.40351136e-003 -3.40351119e-003  -3.40350933e-003
 1.49965494e+000 1.49962453e+000  1.49954850e+000 6.57145994e-001 6.57131050e-001  6.57103962e-001 -1.22684261e+000 -1.22690486e+000  -1.22705516e+000 -1.28767607e+000 -1.28769839e+000  -1.28774840e+000 2.72722161e+000 2.72721107e+000  2.72718582e+000
 3.15549325e+000 3.15552966e+000  3.15562052e+000 3.34890712e+000 3.34889665e+000  3.34887478e+000 2.35049996e+000 2.35047961e+000  2.35042044e+000 2.06984978e+000 2.06982840e+000  2.06977794e+000 1.73340330e+000 1.73340133e+000  1.73338353e+000
 -1.49472485e-001 -1.49472663e-001  -1.49473089e-001 1.58527042e-001 1.58542279e-001  1.58578386e-001 1.03461490e-001 1.03473337e-001  1.03501480e-001 -1.69010826e-002 -1.68972324e-002  -1.68880667e-002 -2.38853909e-002 -2.38842180e-002  -2.38814256e-002
 -3.46239242e-003 -3.46239522e-003  -3.46240066e-003
 -1.26094682e+000 -1.26096492e+000  -1.26101013e+000 -6.06612862e-001 -6.06634344e-001  -6.06672403e-001 -1.39623076e+000 -1.39629404e+000  -1.39644413e+000 1.37250058e+000 1.37248242e+000  1.37244582e+000 -9.44641763e-001 -9.44658582e-001  -9.44698937e-001
 -1.83126467e+000 -1.83123957e+000  -1.83117704e+000 -3.60797576e+000 -3.60798910e+000  -3.60801589e+000 -9.62100592e-001 -9.62099118e-001  -9.62108063e-001 9.53665436e-001 9.53632276e-001  9.53553919e-001 -1.09035631e+000 -1.09034966e+000  -1.09035269e+000
 -2.33336908e-001 -2.33337059e-001  -2.33337406e-001 -2.22805459e-001 -2.22791433e-001  -2.22759396e-001 -1.45952458e-001 -1.45941749e-001  -1.45917222e-001 -7.74722149e-002 -7.74687919e-002  -7.74609347e-002 -3.39997251e-002 -3.39986788e-002  -3.39962762e-002
 -4.34703305e-003 -4.34703501e-003  -4.34703750e-003
 -1.94305055e-001 -1.94312100e-001  -1.94329694e-001 2.21992728e-001 2.21970062e-001  2.21929813e-001 -2.84018317e+000 -2.84022917e+000  -2.84033564e+000 -1.83869236e-001 -1.83881316e-001  -1.83902275e-001 1.27194662e-001 1.27178875e-001  1.27141182e-001
 -2.75577170e+000 -2.75577394e+000  -2.75577977e+000 3.32244057e-001 3.32230245e-001  3.32202574e-001 -2.58479598e-001 -2.58489019e-001  -2.58525820e-001 5.13853583e+000 5.13850203e+000  5.13842228e+000 1.57183286e+000 1.57183547e+000  1.57182140e+000
 -1.87908219e-001 -1.87908277e-001  -1.87908390e-001 -1.22188801e-001 -1.22180971e-001  -1.22164571e-001 -6.16355709e-002 -6.16296573e-002  -6.16172303e-002 -4.75135893e-002 -4.75117190e-002  -4.75077779e-002 -2.85496945e-002 -2.85491180e-002  -2.85479003e-002
 -4.27453736e-003 -4.27453548e-003  -4.27452826e-003
 -2.15205939e+000 -2.15207093e+000  -2.15209977e+000 -1.81771582e+000 -1.81773387e+000  -1.81776638e+000 1.05421257e+000 1.05416422e+000  1.05404991e+000 -1.76581329e+000 -1.76582636e+000  -1.76585194e+000 9.28307229e-001 9.28293111e-001  9.28259181e-001
 -1.87807245e+000 -1.87805762e+000  -1.87802073e+000 -3.29180673e+000 -3.29181785e+000  -3.29184040e+000 -6.53435991e-001 -6.53434530e-001  -6.53441076e-001 -1.30889771e-001 -1.30917727e-001  -1.30983947e-001 -4.41671132e+000 -4.41670608e+000  -4.41670882e+000
 -2.04244997e-001 -2.04245100e-001  -2.04245336e-001 3.84470838e-002 3.84572913e-002  3.84803656e-002 4.26863621e-002 4.26941233e-002  4.27117122e-002 -2.04862536e-002 -2.04837832e-002  -2.04781726e-002 -2.20371885e-002 -2.20364321e-002  -2.20347132e-002
 -3.52141105e-003 -3.52141185e-003  -3.52141194e-003
 -7.37584775e-001 -7.37591639e-001  -7.37608782e-001 -1.80840052e+000 -1.80841917e+000  -1.80845347e+000 3.75132730e+000 3.75128387e+000  3.75118168e+000 2.00218040e+000 2.00216969e+000  2.00214983e+000 -3.62941416e-001 -3.62955909e-001  -3.62990809e-001
 -7.04961136e-001 -7.04955623e-001  -7.04942013e-001 2.12304495e+000 2.12303369e+000  2.12301071e+000 5.00597746e+000 5.00597871e+000  5.00597188e+000 -5.74897112e+000 -5.74900091e+000  -5.74907181e+000 2.94276229e-001 2.94280989e-001  2.94277416e-001
 -1.77728305e-001 -1.77728378e-001  -1.77728538e-001 -5.43506400e-002 -5.43424684e-002  -5.43244244e-002 -1.86141667e-003 -1.85525119e-003  -1.84160761e-003 -3.01517275e-002 -3.01497784e-002  -3.01454576e-002 -2.22115653e-002 -2.22109665e-002  -2.22096375e-002
 -3.41147672e-003 -3.41147632e-003  -3.41147344e-003
 -6.49207076e-001 -6.49231176e-001  -6.49291410e-001 2.24512905e-001 2.24495741e-001  2.24465393e-001 -1.52103620e+000 -1.52109388e+000  -1.52123156e+000 9.64295100e-001 9.64275207e-001  9.64232547e-001 -1.79644284e+000 -1.79645458e+000  -1.79648257e+000
 -2.03024907e+000 -2.03022394e+000  -2.03016128e+000 -2.65189705e+000 -2.65190824e+000  -2.65193099e+000 -8.94412913e-001 -8.94430231e-001  -8.94483664e-001 1.22172056e+000 1.22169546e+000  1.22163636e+000 -8.35736725e-001 -8.35737194e-001  -8.35754132e-001
 -1.84627920e-001 -1.84628064e-001  -1.84628400e-001 -1.61652883e-001 -1.61639787e-001  -1.61609475e-001 -1.30649809e-001 -1.30639667e-001  -1.30616114e-001 -8.09892828e-002 -8.09859965e-002  -8.09783429e-002 -3.44410944e-002 -3.44400916e-002  -3.44377557e-002
 -4.00559673e-003 -4.00559827e-003  -4.00560021e-003
 6.02396488e-001 6.02386222e-001  6.02360573e-001 1.16073820e+000 1.16071961e+000  1.16068660e+000 -3.42702283e+000 -3.42705880e+000  -3.42714174e+000 -1.10365020e+000 -1.10366246e+000  -1.10368551e+000 -5.91947725e-001 -5.91958148e-001  -5.91982747e-001
 -3.32890001e+000 -3.32890903e+000  -3.32893178e+000 2.10183574e+000 2.10182397e+000  2.10180019e+000 -2.02136282e-001 -2.02167152e-001  -2.02255215e-001 6.23730827e+000 6.23728243e+000  6.23722174e+000 2.27210058e+000 2.27209508e+000  2.27206440e+000
 -1.27485841e-001 -1.27485868e-001  -1.27485910e-001 -3.56460177e-002 -3.56406803e-002  -3.56299458e-002 -2.50584988e-002 -2.50543624e-002  -2.50459579e-002 -4.33875825e-002 -4.33862407e-002  -4.33834899e-002 -2.75520074e-002 -2.75515929e-002  -2.75507406e-002
 -3.90503743e-003 -3.90503418e-003  -3.90502400e-003
 -1.58796084e+000 -1.58797778e+000  -1.58802009e+000 -1.19215742e+000 -1.19217060e+000  -1.19219444e+000 1.24684668e+000 1.24680652e+000  1.24671082e+000 -2.61402046e+000 -2.61403466e+000  -2.61406502e+000 5.43798296e-001 5.43789930e-001  5.43770001e-001
 -1.82661906e+000 -1.82660632e+000  -1.82657460e+000 -1.91801978e+000 -1.91802847e+000  -1.91804637e+000 -7.92057290e-001 -7.92076633e-001  -7.92132345e-001 5.50463413e-002 5.50275660e-002  5.49832741e-002 -4.50812619e+000 -4.50812893e+000  -4.50814720e+000
 -1.46687618e-001 -1.46687706e-001  -1.46687909e-001 1.47621102e-001 1.47629696e-001  1.47649419e-001 9.37250421e-002 9.37317191e-002  9.37471033e-002 -1.32312543e-002 -1.32290845e-002  -1.32240679e-002 -2.04246880e-002 -2.04240250e-002  -2.04224916e-002
 -3.06177783e-003 -3.06177791e-003  -3.06177672e-003
 -1.50359563e-003 -1.51526873e-003  -1.54444077e-003 -1.19341076e+000 -1.19342461e+000  -1.19345046e+000 4.25715266e+000 4.25711801e+000  4.25703593e+000 1.59090629e+000 1.59089475e+000  1.59087083e+000 -9.45088692e-001 -9.45097479e-001  -9.45118499e-001
 -5.55028561e-001 -5.55026286e-001  -5.55020723e-001 4.11129886e+000 4.11129004e+000  4.11127164e+000 5.50334565e+000 5.50332606e+000  5.50327003e+000 -6.33083160e+000 -6.33085243e+000  -6.33090198e+000 7.04068984e-001 7.04065704e-001  7.04046498e-001
 -1.16890724e-001 -1.16890777e-001  -1.16890894e-001 4.33439758e-002 4.33502823e-002  4.33643525e-002 4.36665346e-002 4.36714184e-002  4.36823693e-002 -2.40923852e-002 -2.40908013e-002  -2.40872339e-002 -2.06206373e-002 -2.06201513e-002  -2.06190561e-002
 -2.93824432e-003 -2.93824304e-003  -2.93823852e-003
 5.50893474e-001 5.50896463e-001  5.50903936e-001 2.74209650e+000 2.74210002e+000  2.74210883e+000 -5.46001839e-001 -5.45966226e-001  -5.45877195e-001 -2.76630892e+000 -2.76630339e+000  -2.76628957e+000 6.20468890e-001 6.20479408e-001  6.20505703e-001
 1.87668645e+000 1.87664779e+000  1.87655116e+000 2.17400104e+000 2.17400117e+000  2.17400152e+000 -1.24279776e+000 -1.24286015e+000  -1.24301613e+000 8.08769576e-001 8.08787711e-001  8.08833049e-001 -8.30909230e-002 -8.31120274e-002  -8.31647884e-002
 9.37296212e-002 9.37297661e-002  9.37301283e-002 -2.22577118e-001 -2.22587037e-001  -2.22611832e-001 -1.82357664e-001 -1.82365064e-001  -1.82383563e-001 -5.13049785e-002 -5.13073026e-002  -5.13131130e-002 -1.16184300e-002 -1.16191353e-002  -1.16208985e-002
 -7.12021166e-004 -7.12014030e-004  -7.11996190e-004
 1.41641656e+000 1.41637336e+000  1.41626535e+000 -2.17484642e+000 -2.17485087e+000  -2.17486199e+000 -3.57326058e-001 -3.57399336e-001  -3.57582534e-001 3.22949024e+000 3.22946110e+000  3.22938823e+000 -1.50423642e+000 -1.50424238e+000  -1.50425727e+000
 -1.44370799e+000 -1.44364080e+000  -1.44347283e+000 2.62198109e+000 2.62197882e+000  2.62197314e+000 -1.66920766e+000 -1.66920719e+000  -1.66920601e+000 1.35643208e+000 1.35641456e+000  1.35637077e+000 1.27029660e+000 1.27029858e+000  1.27030353e+000
 -7.40728119e-002 -7.40730833e-002  -7.40737619e-002 6.05004878e-001 6.05024669e-001  6.05074148e-001 3.88630661e-001 3.88646152e-001  3.88684877e-001 5.53394355e-002 5.53445227e-002  5.53572405e-002 -2.42075672e-003 -2.41921512e-003  -2.41536112e-003
 -7.86321678e-004 -7.86330262e-004  -7.86351721e-004
 -1.21600104e+000 -1.21600169e+000  -1.21600328e+000 -2.06049297e-001 -2.06079019e-001  -2.06130410e-001 -2.98201459e-001 -2.98256540e-001  -2.98382369e-001 -5.54636948e-001 -5.54647063e-001  -5.54659452e-001 2.60753796e+000 2.60751488e+000  2.60745967e+000
 1.33067932e-001 1.33069739e-001  1.33073933e-001 -1.77255727e+000 -1.77257548e+000  -1.77261142e+000 -8.25610785e-001 -8.25597859e-001  -8.25584043e-001 4.88735823e-001 4.88693579e-001  4.88594624e-001 -8.75351217e-001 -8.75339000e-001  -8.75337218e-001
 -1.65801204e-001 -1.65801284e-001  -1.65801441e-001 -3.60757730e-003 -3.59736677e-003  -3.57627353e-003 9.32790454e-004 9.40327303e-004  9.55878984e-004 -1.98489307e-002 -1.98466098e-002  -1.98418332e-002 -1.27438050e-002 -1.27430882e-002  -1.27416086e-002
 -2.09533299e-003 -2.09533182e-003  -2.09532539e-003
 -7.24471734e-001 -7.24471733e-001  -7.24471732e-001 -7.79479957e-001 -7.79479962e-001  -7.79479975e-001 -4.66231976e-001 -4.66231969e-001  -4.66231950e-001 1.94203506e+000 1.94203506e+000  1.94203505e+000 1.77127522e-001 1.77127521e-001  1.77127518e-001
 8.52008660e-001 8.52008659e-001  8.52008657e-001 -1.50477905e+000 -1.50477906e+000  -1.50477908e+000 -8.27502786e-001 -8.27502789e-001  -8.27502798e-001 1.02345291e+000 1.02345292e+000  1.02345293e+000 4.70808453e-002 4.70808454e-002  4.70808458e-002
 -1.25516966e-001 -1.25516966e-001  -1.25516966e-001 -4.54796922e-001 -4.54796920e-001  -4.54796915e-001 -2.50127638e-001 -2.50127637e-001  -2.50127633e-001 -6.42488534e-002 -6.42488530e-002  -6.42488519e-002 -2.38183380e-002 -2.38183379e-002  -2.38183375e-002
 -3.35275500e-003 -3.35275498e-003  -3.35275493e-003
 -3.29780426e+000 -3.29778811e+000 -3.29774775e+000
 -6.45019705e+000 -6.45022447e+000 -6.45029855e+000
 -6.93048550e+000 -6.93048045e+000 -6.93048132e+000
 -3.34588395e+000 -3.34581657e+000 -3.34565568e+000
 -3.12367667e+000 -3.12368289e+000 -3.12371301e+000
 4.52154016e+000 4.52154857e+000 4.52156953e+000
 -2.89148458e+000 -2.89141988e+000 -2.89126293e+000
 7.22989923e+000 7.22988632e+000 7.22984184e+000
 -5.45912767e+000 -5.45904599e+000 -5.45884312e+000
 7.49213687e+000 7.49221280e+000 7.49239440e+000
 -2.29608910e-002 -2.29503604e-002 -2.29262021e-002
 1.15979197e+000 1.15984061e+000 1.15995376e+000
 8.58653839e-001 8.58700004e-001 8.58807084e-001
 2.74426619e-001 2.74458442e-001 2.74531646e-001
 8.25061232e-002 8.25388909e-002 8.26141553e-002
 -9.41823846e-004 -9.04563264e-004 -8.18962466e-004
