   13      9     50      1  2019    977 
    0.700      0.400   20000  100      0.000      0.000    100     16 
    0.990 	     0.010 
   2 
    9.3787e-002   0.0000e+000  
  1.0000e+000   0.0000e+000  
  1.0000e+000   0.0000e+000  
  1.0000e+000   0.0000e+000  
  1.0000e+000   0.0000e+000  
  1.9875e+000   0.0000e+000  
  5.7000e+001  -8.0000e+000  
  4.4754e+000   0.0000e+000  
  1.8824e+002   1.7540e+002  
  1.0000e+000   0.0000e+000  
  1.0000e+000   0.0000e+000  
  1.0000e+000   0.0000e+000  
  1.0000e+000   0.0000e+000  
   4.6250e+001   0.0000e+000  
  itr    nh   avger[]   r2avg    mare[] 
100  16 6.058e+001   6.450e-001  6.800e+000 1.121e+001 
100  16 6.850e+001   5.500e-001  1.000e+003 6.965e+000 
   1  6.4500e-001   1.1207e+001   2.3972e+004   6.0583e-001 
  1.0634e+000   6.2072e-001 
   1  5.5004e-001   6.9646e+000   1.4898e+004   6.8499e-001 
  1.2558e+000   5.8045e-001 
