  1.9826e+001  5.9973e+000 -1.0761e+001  1.4960e+000 -1.5163e+000
 -3.7309e+000 -1.3227e+001 -1.1249e+000  6.4718e+000  1.1296e+000
  3.1578e-001  8.2055e-001 -6.0568e-001 -2.8724e-001 -7.3851e-001
 -4.2379e-001
 -2.9415e-001
 -1.34982706e+001 -1.34981974e+001  -1.34980145e+001 -2.06040248e+000 -2.06040106e+000  -2.06039271e+000 9.75112675e+000 9.75112838e+000  9.75113254e+000 6.78471669e+000 6.78471669e+000  6.78471669e+000 1.85770416e+001 1.85770305e+001  1.85770304e+001
 -1.64801705e+001 -1.64801169e+001  -1.64799808e+001 9.95579383e+000 9.95575819e+000  9.95566908e+000 8.65957058e+000 8.65957913e+000  8.65957927e+000 -5.25313683e+000 -5.25313216e+000  -5.25312048e+000 2.79851294e+000 2.79851292e+000  2.79851287e+000
 3.76910216e+000 3.76909599e+000  3.76908057e+000 3.54583586e+000 3.54583586e+000  3.54583586e+000 -2.91872451e+000 -2.91872484e+000  -2.91872430e+000 -1.14714371e+000 -1.14714427e+000  -1.14715166e+000 -8.97107868e-001 -8.97116002e-001  -8.97142405e-001
 -2.76039534e-001 -2.76038657e-001  -2.76036030e-001
 -1.12119441e+001 -1.12119441e+001  -1.12119441e+001 -2.07360461e+000 -2.07360461e+000  -2.07360461e+000 6.44072784e+000 6.44072784e+000  6.44072784e+000 3.52079461e+000 3.52079461e+000  3.52079461e+000 -3.58717999e+000 -3.58717999e+000  -3.58717999e+000
 -5.35488172e+000 -5.35488172e+000  -5.35488172e+000 9.84885291e-001 9.84885291e-001  9.84885291e-001 -4.25950990e+000 -4.25950990e+000  -4.25950990e+000 -2.90765732e+000 -2.90765732e+000  -2.90765732e+000 -8.91459338e-002 -8.91459338e-002  -8.91459338e-002
 1.05307499e+000 1.05307499e+000  1.05307499e+000 1.99655729e+000 1.99655729e+000  1.99655729e+000 -7.14561663e-001 -7.14561663e-001  -7.14561663e-001 -1.95991127e+000 -1.95991127e+000  -1.95991127e+000 6.11699694e-001 6.11699694e-001  6.11699694e-001
 -3.71689704e-002 -3.71689704e-002  -3.71689704e-002
 1.32154372e+001 1.32161205e+001  1.32178287e+001 7.78652592e+000 7.78653913e+000  7.78661660e+000 -2.23237082e+000 -2.23235563e+000  -2.23231686e+000 5.08915918e+000 5.08915918e+000  5.08915918e+000 -3.26918686e+000 -3.26928963e+000  -3.26928959e+000
 -3.77050880e+000 -3.77000785e+000  -3.76873545e+000 -9.06444394e+000 -9.06477892e+000  -9.06561636e+000 1.90056906e+000 1.90064845e+000  1.90064970e+000 2.73614903e+000 2.73619247e+000  2.73630110e+000 -4.86285862e+000 -4.86285840e+000  -4.86285786e+000
 -3.40429547e+000 -3.40435287e+000  -3.40449643e+000 3.86558574e-001 3.86558566e-001  3.86558536e-001 -3.51802055e+000 -3.51802113e+000  -3.51801003e+000 -1.52485417e+000 -1.52486419e+000  -1.52494483e+000 -3.57339419e-001 -3.57415625e-001  -3.57662486e-001
 -6.34504888e-001 -6.34496663e-001  -6.34472064e-001
 6.57349699e+000 6.57349699e+000  6.57349699e+000 3.57256627e-001 3.57256627e-001  3.57256627e-001 -4.40891406e+000 -4.40891406e+000  -4.40891406e+000 -5.53295853e-001 -5.53295853e-001  -5.53295853e-001 5.39436403e+000 5.39436403e+000  5.39436403e+000
 2.35274615e-001 2.35274615e-001  2.35274615e-001 8.86589928e+000 8.86589928e+000  8.86589928e+000 -3.51090853e-001 -3.51090853e-001  -3.51090853e-001 1.27382345e+001 1.27382345e+001  1.27382345e+001 5.65992461e+000 5.65992461e+000  5.65992461e+000
 4.31348322e+000 4.31348322e+000  4.31348322e+000 2.09540799e-001 2.09540799e-001  2.09540799e-001 -2.79021764e+000 -2.79021764e+000  -2.79021764e+000 -8.02915658e-001 -8.02915658e-001  -8.02915658e-001 -6.26190587e-001 -6.26190587e-001  -6.26190587e-001
 -2.26486066e-002 -2.26486066e-002  -2.26486066e-002
 6.47483019e+000 6.47482637e+000  6.47481682e+000 4.39348494e-001 4.39348493e-001  4.39348493e-001 -7.68912029e+000 -7.68912034e+000  -7.68912046e+000 -3.22968860e+000 -3.22968860e+000  -3.22968860e+000 -3.80476983e+000 -3.80477002e+000  -3.80477051e+000
 -3.62577445e+000 -3.62577792e+000  -3.62578658e+000 -1.72659125e+001 -1.72659085e+001  -1.72658984e+001 -4.11780468e+000 -4.11780468e+000  -4.11780466e+000 -8.23840197e+000 -8.23840204e+000  -8.23840222e+000 1.02953383e+000 1.02953345e+000  1.02953249e+000
 -1.36622193e+000 -1.36622179e+000  -1.36622142e+000 -3.84216255e-002 -3.84216253e-002  -3.84216247e-002 5.11668825e+000 5.11668581e+000  5.11667970e+000 1.36100062e+000 1.36100544e+000  1.36101748e+000 -3.42740538e-001 -3.42739856e-001  -3.42738152e-001
 -4.91592266e-002 -4.91593098e-002  -4.91595180e-002
 7.99152975e+000 7.99154080e+000  7.99156842e+000 -1.77491012e+000 -1.77492347e+000  -1.77492128e+000 1.50510339e+001 1.50510336e+001  1.50510335e+001 3.60056995e+000 3.60056995e+000  3.60056995e+000 1.24846167e+001 1.24845343e+001  1.24845340e+001
 -5.05563717e+000 -5.05563486e+000  -5.05561306e+000 3.13304679e+001 3.13304623e+001  3.13304483e+001 1.46331723e+001 1.46332357e+001  1.46332365e+001 2.10801923e+001 2.10801941e+001  2.10801984e+001 -2.49001535e+000 -2.49001552e+000  -2.49001592e+000
 -8.21694731e+000 -8.21694818e+000  -8.21695040e+000 1.28264694e+000 1.28264695e+000  1.28264695e+000 2.91046697e+000 2.91046199e+000  2.91045959e+000 1.60060937e+000 1.60062858e+000  1.60063215e+000 3.94785567e-001 3.94801929e-001  3.94797756e-001
 -2.97004026e-002 -2.97015355e-002  -2.97011391e-002
 -5.93621455e+001 -5.93616500e+001  -5.93604111e+001 -2.81866400e+001 -2.81866298e+001  -2.81865769e+001 -7.22662743e+000 -7.22661635e+000  -7.22658815e+000 -5.89725233e+000 -5.89725233e+000  -5.89725233e+000 -3.50676810e+000 -3.50683146e+000  -3.50683172e+000
 2.02280718e+001 2.02284322e+001  2.02293455e+001 8.32871385e-001 8.32630112e-001  8.32026929e-001 -1.06362264e+001 -1.06361775e+001  -1.06361768e+001 -1.26726644e+001 -1.26726341e+001  -1.26725583e+001 -7.57909745e+000 -7.57909755e+000  -7.57909779e+000
 -7.44930582e+000 -7.44934715e+000  -7.44945052e+000 -3.99470649e+000 -3.99470650e+000  -3.99470652e+000 1.39248318e+000 1.39248169e+000  1.39248573e+000 -2.14532652e+000 -2.14533304e+000  -2.14538352e+000 -7.55060488e-001 -7.55117811e-001  -7.55295792e-001
 -4.08804948e-001 -4.08798855e-001  -4.08781141e-001
 5.72214545e+000 5.72262005e+000  5.72380657e+000 -4.21181983e-001 -4.21173887e-001  -4.21121275e-001 1.21197526e+001 1.21197632e+001  1.21197904e+001 -1.44415705e+001 -1.44415705e+001  -1.44415705e+001 -3.87503440e+000 -3.87510933e+000  -3.87510959e+000
 -1.47437229e-001 -1.47091641e-001  -1.46213099e-001 1.74867567e+001 1.74865262e+001  1.74859499e+001 -3.61535661e+000 -3.61529890e+000  -3.61529821e+000 -4.35234567e+000 -4.35231638e+000  -4.35224316e+000 -2.78387564e+000 -2.78387574e+000  -2.78387597e+000
 7.13495528e-001 7.13455628e-001  7.13355819e-001 -8.17189020e+000 -8.17189020e+000  -8.17189022e+000 -2.65530347e+000 -2.65530562e+000  -2.65530182e+000 -8.15477266e-001 -8.15480405e-001  -8.15528713e-001 -4.28938041e-001 -4.28989813e-001  -4.29160267e-001
 -3.39708566e-001 -3.39702955e-001  -3.39685989e-001
 1.02188957e+001 1.02192957e+001  1.02202955e+001 -1.19223000e+000 -1.19222352e+000  -1.19217964e+000 1.49052627e+001 1.49052716e+001  1.49052946e+001 -1.74762932e+001 -1.74762932e+001  -1.74762932e+001 -8.81726569e+000 -8.81732974e+000  -8.81732993e+000
 -5.39495465e-001 -5.39204824e-001  -5.38465765e-001 2.06730477e+001 2.06728536e+001  2.06723684e+001 -7.59804875e+000 -7.59799944e+000  -7.59799892e+000 -8.01863126e+000 -8.01860688e+000  -8.01854594e+000 -5.08782538e+000 -5.08782546e+000  -5.08782564e+000
 -2.72543319e+000 -2.72546679e+000  -2.72555083e+000 -8.17461892e+000 -8.17461892e+000  -8.17461894e+000 -2.80864234e+000 -2.80864415e+000  -2.80864087e+000 -3.29267431e-001 -3.29269927e-001  -3.29310755e-001 -8.61905018e-001 -8.61948349e-001  -8.62091748e-001
 -3.58224285e-001 -3.58219580e-001  -3.58205304e-001
 1.32978694e+001 1.32978694e+001  1.32978694e+001 3.71954200e+000 3.71954200e+000  3.71954200e+000 4.41832918e-001 4.41832918e-001  4.41832918e-001 1.78294974e+000 1.78294974e+000  1.78294974e+000 -5.81336466e+000 -5.81336466e+000  -5.81336466e+000
 -1.39397659e+000 -1.39397659e+000  -1.39397659e+000 -5.40112941e-001 -5.40112941e-001  -5.40112941e-001 -2.59919362e+000 -2.59919362e+000  -2.59919362e+000 1.20132009e+000 1.20132009e+000  1.20132009e+000 -1.40880035e+000 -1.40880035e+000  -1.40880035e+000
 -3.87560345e+000 -3.87560345e+000  -3.87560345e+000 3.00831681e+000 3.00831681e+000  3.00831681e+000 4.63423145e-001 4.63423145e-001  4.63423145e-001 4.18916198e-001 4.18916198e-001  4.18916198e-001 -7.00167598e-001 -7.00167598e-001  -7.00167598e-001
 -1.96408169e-001 -1.96408169e-001  -1.96408169e-001
 1.05370457e+001 1.05370457e+001  1.05370457e+001 7.58001476e-001 7.58001476e-001  7.58001476e-001 -3.27519868e+000 -3.27519868e+000  -3.27519868e+000 -9.90761727e-001 -9.90761727e-001  -9.90761727e-001 -1.35601928e+000 -1.35601928e+000  -1.35601928e+000
 9.75210536e-001 9.75210536e-001  9.75210536e-001 -3.38618995e+000 -3.38618995e+000  -3.38618995e+000 -2.88196475e+000 -2.88196475e+000  -2.88196475e+000 -6.59703961e-001 -6.59703961e-001  -6.59703961e-001 -2.47281671e+000 -2.47281671e+000  -2.47281671e+000
 -5.15996524e+000 -5.15996524e+000  -5.15996524e+000 -6.59011438e-001 -6.59011438e-001  -6.59011438e-001 -7.85263889e-001 -7.85263889e-001  -7.85263889e-001 5.71714328e-001 5.71714328e-001  5.71714328e-001 -9.11220692e-001 -9.11220692e-001  -9.11220692e-001
 -6.37034963e-002 -6.37034963e-002  -6.37034963e-002
 1.00427514e+000 1.00427514e+000  1.00427514e+000 1.65181175e+000 1.65181175e+000  1.65181175e+000 -5.27443374e+000 -5.27443374e+000  -5.27443374e+000 7.01647477e-001 7.01647477e-001  7.01647477e-001 2.72340313e+000 2.72340313e+000  2.72340313e+000
 -3.14410466e+000 -3.14410466e+000  -3.14410466e+000 -6.73601540e+000 -6.73601540e+000  -6.73601540e+000 8.73915285e-001 8.73915285e-001  8.73915285e-001 4.31861604e+000 4.31861604e+000  4.31861604e+000 2.75451099e+000 2.75451099e+000  2.75451099e+000
 4.24537316e+000 4.24537316e+000  4.24537316e+000 6.34266396e-001 6.34266396e-001  6.34266396e-001 -2.94450642e-001 -2.94450642e-001  -2.94450642e-001 -9.60634586e-001 -9.60634586e-001  -9.60634586e-001 7.00315686e-001 7.00315686e-001  7.00315686e-001
 -1.43145119e-001 -1.43145119e-001  -1.43145119e-001
 1.55834319e+000 1.55902267e+000  1.56072137e+000 2.65417805e+000 2.65419125e+000  2.65426873e+000 -5.95557028e+000 -5.95555514e+000  -5.95551649e+000 1.46007773e-001 1.46007772e-001  1.46007774e-001 3.16668982e+000 3.16658686e+000  3.16658641e+000
 -3.13120311e+000 -3.13070562e+000  -3.12944188e+000 -6.26857093e+000 -6.26890187e+000  -6.26972923e+000 2.63911772e+000 2.63919711e+000  2.63919837e+000 3.04258366e+000 3.04262703e+000  3.04273548e+000 2.95370590e+000 2.95370573e+000  2.95370532e+000
 4.33316133e+000 4.33310409e+000  4.33296088e+000 -2.42589402e+000 -2.42589403e+000  -2.42589406e+000 -5.75258550e-001 -5.75261580e-001  -5.75256585e-001 -9.96765151e-001 -9.96770357e-001  -9.96838941e-001 -4.15197940e-001 -4.15273464e-001  -4.15518620e-001
 -3.03055937e-001 -3.03047795e-001  -3.03023404e-001
 -1.24947952e+000 -1.25032589e+000 -1.25346199e+000
 -1.68033928e+000 -1.68034751e+000 -1.68039525e+000
 -1.93703116e+000 -1.93663125e+000 -1.93665124e+000
 -5.50600087e+000 -5.50600087e+000 -5.50600087e+000
 -1.01007309e+000 -1.00987888e+000 -1.00987841e+000
 -1.70969377e+000 -1.71174453e+000 -1.71688326e+000
 1.27680777e+000 1.27692570e+000 1.27620033e+000
 2.06428980e+000 2.06465550e+000 2.06465622e+000
 -1.47283555e+000 -1.47245424e+000 -1.47252115e+000
 -4.93328214e+000 -4.93328210e+000 -4.93328202e+000
 3.52437183e+000 3.52435547e+000 3.52431455e+000
 6.62611154e+000 6.62611154e+000 6.62611154e+000
 -3.06846840e+000 -3.06845625e+000 -3.06843000e+000
 2.47490842e+000 2.47490690e+000 2.47488013e+000
 8.62333973e-001 8.62242318e-001 8.61943003e-001
 -4.16793647e-002 -4.18909416e-002 -4.25275968e-002
