   16      8     50      1  9731   4851 
    0.700      0.400   20000  100      0.000      0.000    100     16 
    0.990 	     0.010 
   2 
    1.0000e+000   0.0000e+000  
  1.0000e+000   0.0000e+000  
  1.0000e+000   0.0000e+000  
  1.0000e+000   0.0000e+000  
  1.0000e+000   0.0000e+000  
  1.0000e+000   0.0000e+000  
  1.0000e+000   0.0000e+000  
  1.0000e+000   0.0000e+000  
  1.9875e+000   0.0000e+000  
  5.7000e+001  -8.0000e+000  
  4.4837e+000   0.0000e+000  
  1.8824e+002   1.7539e+002  
  1.0000e+000   0.0000e+000  
  1.0000e+000   0.0000e+000  
  1.0000e+000   0.0000e+000  
  1.0000e+000   0.0000e+000  
   2.6555e+002   0.0000e+000  
  itr    nh   avger[]   r2avg    mare[] 
100  16 5.574e+001   4.753e-001  1.000e+001 8.003e+002 
100  16 5.583e+001   4.734e-001  1.000e+003 3.992e+002 
   1  4.7531e-001   8.0027e+002   5.6433e+007   5.5738e-001 
  9.8011e+000   3.8522e-001 
   1  4.7340e-001   3.9922e+002   2.8152e+007   5.5831e-001 
  9.7045e+000   3.8392e-001 
