   13     14     50      1  2019    977 
    0.700      0.400   20000  100      0.000      0.000    100     16 
    0.990 	     0.010 
   2 
    9.3787e-002   0.0000e+000  
  1.0000e+000   0.0000e+000  
  1.0000e+000   0.0000e+000  
  1.0000e+000   0.0000e+000  
  1.0000e+000   0.0000e+000  
  1.9875e+000   0.0000e+000  
  5.7000e+001  -8.0000e+000  
  4.4754e+000   0.0000e+000  
  1.8824e+002   1.7540e+002  
  1.0000e+000   0.0000e+000  
  1.0000e+000   0.0000e+000  
  1.0000e+000   0.0000e+000  
  1.0000e+000   0.0000e+000  
   4.6250e+001   0.0000e+000  
  itr    nh   avger[]   r2avg    mare[] 
100  16 6.781e+001   6.044e-001  1.000e+001 1.212e+001 
100  16 7.493e+001   5.691e-001  1.000e+003 6.600e+000 
   1  6.0437e-001   1.2124e+001   2.5935e+004   6.7807e-001 
  1.2489e+000   6.3072e-001 
   1  5.6913e-001   6.6000e+000   1.4118e+004   7.4927e-001 
  1.4600e+000   6.1484e-001 
