  9.2608e+000  3.7145e+000  4.0076e-001 -2.1276e+000  4.1553e-002
 -3.2971e+000 -6.1863e-001 -8.2472e-001 -2.9271e+000 -6.5666e-001
 -3.9062e+000 -1.3123e+000 -8.7269e-001 -8.3728e-001 -1.2590e+000
 -4.4901e-001
 -2.9431e-001
 -1.02364161e+001 -1.02363608e+001  -1.02362236e+001 -8.09255604e+000 -8.09254355e+000  -8.09251503e+000 -3.53394696e+000 -3.53394398e+000  -3.53394171e+000 1.29715024e+000 1.29715025e+000  1.29715025e+000 -3.44845717e+000 -3.44836159e+000  -3.44831280e+000
 -1.76193480e+001 -1.76192940e+001  -1.76192075e+001 -2.21627685e+000 -2.21627674e+000  -2.21627666e+000 -3.50307818e+000 -3.50307777e+000  -3.50307703e+000 1.24754258e+000 1.24754335e+000  1.24754462e+000 -6.85716111e+000 -6.85716597e+000  -6.85717746e+000
 9.45582002e+000 9.45586350e+000  9.45586391e+000 -2.86540655e+000 -2.86541812e+000  -2.86542791e+000 -4.60825133e-001 -4.60822203e-001  -4.60816029e-001 -3.67396550e+000 -3.67402218e+000  -3.67415507e+000 -5.67466931e-002 -5.67550222e-002  -5.67671538e-002
 -3.22454579e-001 -3.22452687e-001  -3.22450121e-001
 -6.74319384e+000 -6.74319384e+000  -6.74319384e+000 -4.85458905e+000 -4.85458905e+000  -4.85458905e+000 1.06918625e+000 1.06918625e+000  1.06918625e+000 3.58786137e-001 3.58786137e-001  3.58786137e-001 -3.15475637e+000 -3.15475637e+000  -3.15475637e+000
 -4.33749572e+000 -4.33749572e+000  -4.33749572e+000 1.92682463e-001 1.92682463e-001  1.92682463e-001 -6.17978064e-001 -6.17978064e-001  -6.17978064e-001 6.33579588e+000 6.33579588e+000  6.33579588e+000 -1.82422118e+000 -1.82422118e+000  -1.82422118e+000
 2.15562058e+000 2.15562058e+000  2.15562058e+000 9.92509758e-001 9.92509758e-001  9.92509758e-001 -2.06144348e+000 -2.06144348e+000  -2.06144348e+000 8.20144182e-001 8.20144182e-001  8.20144182e-001 -4.27382683e-001 -4.27382683e-001  -4.27382683e-001
 -6.05742326e-002 -6.05742326e-002  -6.05742326e-002
 8.12848006e+000 8.12899116e+000  8.13025893e+000 3.02786106e+000 3.02797704e+000  3.02824180e+000 3.02061650e+000 3.02064418e+000  3.02066533e+000 8.51071332e-001 8.51071405e-001  8.51071444e-001 -1.54454638e+000 -1.54366130e+000  -1.54321412e+000
 -5.36435987e+000 -5.36385870e+000  -5.36305607e+000 -2.38905219e+000 -2.38905122e+000  -2.38905045e+000 -2.54056075e+000 -2.54055697e+000  -2.54055017e+000 -2.28323273e+000 -2.28322561e+000  -2.28321384e+000 2.83257501e-001 2.83212308e-001  2.83105694e-001
 -8.00849423e+000 -8.00809116e+000  -8.00808910e+000 -2.76269386e+000 -2.76280087e+000  -2.76289059e+000 8.72803620e-001 8.72830723e-001  8.72887793e-001 -2.85222545e+000 -2.85275139e+000  -2.85398445e+000 -3.93358628e+000 -3.93365670e+000  -3.93375204e+000
 -6.30341739e-001 -6.30324261e-001  -6.30300640e-001
 -8.18093772e-001 -8.18093772e-001  -8.18093772e-001 4.72113935e+000 4.72113935e+000  4.72113935e+000 -1.17355741e+000 -1.17355741e+000  -1.17355741e+000 -6.65257648e-001 -6.65257648e-001  -6.65257648e-001 3.29125400e+000 3.29125400e+000  3.29125400e+000
 1.16413049e+000 1.16413049e+000  1.16413049e+000 2.43132259e+000 2.43132259e+000  2.43132259e+000 1.77074901e+000 1.77074901e+000  1.77074901e+000 2.49895552e-001 2.49895552e-001  2.49895552e-001 1.35190928e+000 1.35190928e+000  1.35190928e+000
 7.47999181e-001 7.47999181e-001  7.47999181e-001 1.83420549e+000 1.83420549e+000  1.83420549e+000 8.91037938e-001 8.91037938e-001  8.91037938e-001 2.47292189e-001 2.47292189e-001  2.47292189e-001 9.30870149e-001 9.30870149e-001  9.30870149e-001
 -1.25957969e-002 -1.25957969e-002  -1.25957969e-002
 6.00908901e+000 6.00909137e+000  6.00909729e+000 -1.90740478e+000 -1.90740478e+000  -1.90740477e+000 -1.46586071e+000 -1.46586071e+000  -1.46586071e+000 -3.27928374e+000 -3.27928374e+000  -3.27928374e+000 -1.61016249e+000 -1.61016012e+000  -1.61015419e+000
 -8.62823826e-001 -8.62823512e-001  -8.62822728e-001 -1.31598327e+000 -1.31598326e+000  -1.31598324e+000 -1.37070167e+000 -1.37070164e+000  -1.37070155e+000 -1.99176651e+000 -1.99176649e+000  -1.99176645e+000 -4.34937880e+000 -4.34937880e+000  -4.34937880e+000
 1.77381327e+000 1.77381394e+000  1.77381563e+000 -2.31444524e+000 -2.31444568e+000  -2.31444680e+000 -3.65885881e+000 -3.65885871e+000  -3.65885845e+000 -9.13884191e-001 -9.13884527e-001  -9.13885367e-001 1.24975504e+000 1.24974812e+000  1.24973082e+000
 -1.05394697e-001 -1.05394614e-001  -1.05394405e-001
 4.43926355e+000 4.43928263e+000  4.43932234e+000 -4.64594958e+000 -4.64593836e+000  -4.64593045e+000 -1.01136190e+000 -1.01134626e+000  -1.01134558e+000 3.14524558e+000 3.14524563e+000  3.14524563e+000 1.68311247e+000 1.68368402e+000  1.68370047e+000
 -2.59495251e+000 -2.59479819e+000  -2.59477262e+000 2.55632185e-001 2.55632729e-001  2.55632763e-001 -1.30472360e+000 -1.30472265e+000  -1.30472240e+000 -2.02294680e+000 -2.02294474e+000  -2.02294441e+000 -5.59362258e+000 -5.59362558e+000  -5.59362800e+000
 6.51526924e+000 6.51559134e+000  6.51559211e+000 8.49655922e-001 8.49597736e-001  8.49594523e-001 9.76456542e+000 9.76456967e+000  9.76457176e+000 4.05907933e+000 4.05903780e+000  4.05899939e+000 -6.20353540e-001 -6.20383408e-001  -6.20393519e-001
 -4.24488439e-002 -4.24420926e-002  -4.24412743e-002
 -2.59698602e+001 -2.59694853e+001  -2.59685541e+001 -1.23305077e+001 -1.23304257e+001  -1.23302360e+001 -1.53999784e+001 -1.53999605e+001  -1.53999455e+001 1.58863093e+000 1.58863098e+000  1.58863101e+000 -8.10623912e+000 -8.10567398e+000  -8.10534759e+000
 1.75032867e+001 1.75036298e+001  1.75042106e+001 -6.60143496e+000 -6.60143432e+000  -6.60143375e+000 -2.20687806e+000 -2.20687540e+000  -2.20687041e+000 -6.32721870e+000 -6.32721379e+000  -6.32720525e+000 -1.03930790e+001 -1.03931113e+001  -1.03931883e+001
 -8.11619647e+000 -8.11594789e+000  -8.11594528e+000 -1.19475990e+000 -1.19483004e+000  -1.19489596e+000 -1.31854151e+001 -1.31853961e+001  -1.31853552e+001 -1.34514518e+000 -1.34552419e+000  -1.34642136e+000 -2.03760716e+000 -2.03765931e+000  -2.03774001e+000
 -4.41430494e-001 -4.41418629e-001  -4.41401319e-001
 6.17196045e-001 6.17550113e-001  6.18428013e-001 -1.23649411e-001 -1.23569442e-001  -1.23387861e-001 2.36001547e+000 2.36003525e+000  2.36004974e+000 -7.76749119e+000 -7.76749113e+000  -7.76749111e+000 2.35225016e+000 2.35288860e+000  2.35319923e+000
 1.73759685e+000 1.73794842e+000  1.73849949e+000 8.19276284e-001 8.19276983e-001  8.19277525e-001 1.37574851e-001 1.37577521e-001  1.37582248e-001 3.49333099e+000 3.49333602e+000  3.49334417e+000 5.89122085e+000 5.89118944e+000  5.89111555e+000
 8.22719322e+000 8.22748709e+000  8.22748958e+000 2.19135033e+000 2.19127359e+000  2.19121120e+000 5.01996846e+000 5.01998723e+000  5.02002637e+000 4.81010938e+000 4.80974644e+000  4.80889865e+000 2.06842325e+000 2.06836903e+000  2.06829225e+000
 -3.41941006e-001 -3.41928616e-001  -3.41912258e-001
 5.42419159e-001 5.42716140e-001  5.43452376e-001 -1.27532907e+000 -1.27526199e+000  -1.27510999e+000 8.31684613e-001 8.31701422e-001  8.31713538e-001 -8.25031913e+000 -8.25031908e+000  -8.25031906e+000 -8.23014428e-002 -8.17578861e-002  -8.14978852e-002
 1.68111969e+000 1.68141633e+000  1.68187766e+000 -8.47858183e-001 -8.47857589e-001  -8.47857136e-001 -8.07816109e-001 -8.07813860e-001  -8.07809901e-001 4.57965869e+000 4.57966293e+000  4.57966977e+000 5.99262938e+000 5.99260296e+000  5.99254086e+000
 7.79587419e+000 7.79612538e+000  7.79612745e+000 -5.65102170e-001 -5.65167340e-001  -5.65219591e-001 2.77780308e+000 2.77781883e+000  2.77785154e+000 3.81726875e+000 3.81696432e+000  3.81625416e+000 3.15951062e+000 3.15946488e+000  3.15940075e+000
 -3.60536308e-001 -3.60525830e-001  -3.60512132e-001
 9.49982631e-002 9.49982631e-002  9.49982631e-002 -2.76526232e-001 -2.76526232e-001  -2.76526232e-001 -2.71036756e+000 -2.71036756e+000  -2.71036756e+000 1.37535744e+000 1.37535744e+000  1.37535744e+000 -1.31099904e+000 -1.31099904e+000  -1.31099904e+000
 -2.01933592e-001 -2.01933592e-001  -2.01933592e-001 1.60057046e-002 1.60057046e-002  1.60057046e-002 1.46284255e+000 1.46284255e+000  1.46284255e+000 4.93173478e+000 4.93173478e+000  4.93173478e+000 1.43620395e+000 1.43620395e+000  1.43620395e+000
 -1.78474368e+000 -1.78474368e+000  -1.78474368e+000 -2.08119350e+000 -2.08119350e+000  -2.08119350e+000 -6.79129815e-001 -6.79129815e-001  -6.79129815e-001 -2.11406656e+000 -2.11406656e+000  -2.11406656e+000 1.63708823e+000 1.63708823e+000  1.63708823e+000
 -2.37842920e-001 -2.37842920e-001  -2.37842920e-001
 1.06353305e+001 1.06353305e+001  1.06353305e+001 3.80600292e+000 3.80600292e+000  3.80600292e+000 2.16182150e+000 2.16182150e+000  2.16182150e+000 1.65158484e+000 1.65158484e+000  1.65158484e+000 -2.14685203e+000 -2.14685203e+000  -2.14685203e+000
 7.13411329e-001 7.13411329e-001  7.13411329e-001 -1.26316298e+000 -1.26316298e+000  -1.26316298e+000 -1.17245263e+000 -1.17245263e+000  -1.17245263e+000 -2.59437072e+000 -2.59437072e+000  -2.59437072e+000 -4.34427176e-002 -4.34427176e-002  -4.34427176e-002
 8.14782862e-001 8.14782862e-001  8.14782862e-001 -1.33509909e+000 -1.33509909e+000  -1.33509909e+000 -1.89607520e+000 -1.89607520e+000  -1.89607520e+000 3.49417701e+000 3.49417701e+000  3.49417701e+000 -1.20583257e+000 -1.20583257e+000  -1.20583257e+000
 -2.70540688e-002 -2.70540688e-002  -2.70540688e-002
 1.21110551e+000 1.21110551e+000  1.21110551e+000 1.34502320e+000 1.34502320e+000  1.34502320e+000 1.45794690e+000 1.45794690e+000  1.45794690e+000 -2.62701634e+000 -2.62701634e+000  -2.62701634e+000 7.57707953e-001 7.57707953e-001  7.57707953e-001
 -2.43343670e+000 -2.43343670e+000  -2.43343670e+000 2.26480278e+000 2.26480278e+000  2.26480278e+000 -3.27700345e-001 -3.27700345e-001  -3.27700345e-001 -3.61579197e+000 -3.61579197e+000  -3.61579197e+000 -5.40859710e-001 -5.40859710e-001  -5.40859710e-001
 -1.61748001e+000 -1.61748001e+000  -1.61748001e+000 1.69097915e+000 1.69097915e+000  1.69097915e+000 1.23855774e+000 1.23855774e+000  1.23855774e+000 -3.63410696e+000 -3.63410696e+000  -3.63410696e+000 -8.13851265e-001 -8.13851265e-001  -8.13851265e-001
 -1.74192329e-001 -1.74192329e-001  -1.74192329e-001
 1.51181007e+000 1.51232354e+000  1.51359723e+000 1.16749797e+000 1.16761395e+000  1.16787872e+000 -2.61167085e-001 -2.61139407e-001  -2.61118260e-001 -3.15972747e+000 -3.15972740e+000  -3.15972736e+000 3.23698992e+000 3.23787737e+000  3.23833047e+000
 -2.67415943e+000 -2.67365794e+000  -2.67285452e+000 -1.75779041e+000 -1.75778943e+000  -1.75778864e+000 -1.50300188e+000 -1.50299806e+000  -1.50299117e+000 -2.07984152e+000 -2.07983438e+000  -2.07982257e+000 -2.83264614e+000 -2.83269133e+000  -2.83279795e+000
 -2.09914039e+000 -2.09873665e+000  -2.09873291e+000 -6.50886458e-001 -6.50993918e-001  -6.51084749e-001 3.74996870e-001 3.75024076e-001  3.75081407e-001 -2.64820944e-001 -2.65347221e-001  -2.66581117e-001 -1.37036548e+000 -1.37044282e+000  -1.37055546e+000
 -3.09242916e-001 -3.09225354e-001  -3.09201524e-001
 -1.69664323e+000 -1.69832545e+000 -1.69974919e+000
 -1.57605712e+000 -1.57613552e+000 -1.57631544e+000
 -3.38663009e+000 -3.38663830e+000 -3.38664456e+000
 -5.65415696e+000 -5.65415697e+000 -5.65415698e+000
 -2.77910125e+000 -2.77956203e+000 -2.77973500e+000
 -1.83331065e+000 -1.83448282e+000 -1.83714124e+000
 -3.92037272e+000 -3.92037297e+000 -3.92037317e+000
 -3.00737718e+000 -3.00737845e+000 -3.00738074e+000
 -3.13412607e+000 -3.13412835e+000 -3.13413212e+000
 2.04760506e+000 2.04758257e+000 2.04752947e+000
 -3.26744904e+000 -3.26759739e+000 -3.26761597e+000
 3.11676895e+000 3.11673388e+000 3.11670446e+000
 -8.61192287e-001 -8.62329587e-001 -8.62397579e-001
 1.57848268e+000 1.57664702e+000 1.57479270e+000
 3.74496443e+000 3.74494185e+000 3.74490713e+000
 -8.00929014e-002 -8.03348275e-002 -8.06621233e-002
