  1.6281e+001 -2.8667e+001  6.0002e+000 -8.6464e+000 -1.9525e+001
  2.7540e+000  6.5944e+000  6.1216e+000 -4.6544e+000 -2.0641e+000
 -1.7223e+000 -2.1965e+001  2.6178e+000 -1.4945e+001 -6.5440e-001
 -4.7475e-001
  2.3531e+000
 -2.53245669e+000 -2.53245669e+000  -2.53245669e+000 -1.09068143e+001 -1.09068143e+001  -1.09068143e+001 -9.55286646e+000 -9.55286646e+000  -9.55286646e+000 2.18871078e+001 2.18871078e+001  2.18871078e+001 -1.44826681e+001 -1.44826681e+001  -1.44826681e+001
 -4.87798759e+000 -4.87798759e+000  -4.87798759e+000 -2.95839189e+001 -2.95839187e+001  -2.95839186e+001 -3.46463633e+000 -3.46448871e+000  -3.46435247e+000 -7.95120078e+000 -7.95120078e+000  -7.95120078e+000 1.33020044e+001 1.33020044e+001  1.33020044e+001
 1.56459990e+001 1.56459990e+001  1.56459990e+001 2.08454562e+000 2.08454561e+000  2.08454561e+000 4.72315839e+000 4.72315839e+000  4.72315839e+000 -6.28604744e+000 -6.28604744e+000  -6.28604745e+000 5.55869487e+000 5.55862108e+000  5.55855341e+000
 -4.70704015e-002 -4.70084555e-002  -4.69515389e-002
 1.45383872e+001 1.45383872e+001  1.45383872e+001 -8.74702122e+000 -8.74702122e+000  -8.74702122e+000 -1.97123433e+001 -1.97123433e+001  -1.97123433e+001 -7.40728209e+000 -7.40728209e+000  -7.40728209e+000 4.91578604e+000 4.91578604e+000  4.91578604e+000
 8.51137758e+000 8.51137758e+000  8.51137758e+000 -5.74414052e+000 -5.74414052e+000  -5.74414052e+000 9.58310111e+000 9.58310111e+000  9.58310111e+000 -7.82233135e+000 -7.82233135e+000  -7.82233135e+000 -1.13802961e-002 -1.13802961e-002  -1.13802961e-002
 -1.26893842e+001 -1.26893842e+001  -1.26893842e+001 -7.54120487e+000 -7.54120487e+000  -7.54120487e+000 -1.14007642e+001 -1.14007642e+001  -1.14007642e+001 -3.61049644e+000 -3.61049644e+000  -3.61049644e+000 -2.15297605e+000 -2.15297605e+000  -2.15297605e+000
 -5.48107764e-002 -5.48107764e-002  -5.48107764e-002
 1.51082988e+001 1.51082988e+001  1.51082988e+001 -2.12610793e+000 -2.12610793e+000  -2.12610793e+000 -1.33874898e+001 -1.33874898e+001  -1.33874898e+001 -2.69553975e+000 -2.69553975e+000  -2.69553975e+000 -4.04236755e+000 -4.04236755e+000  -4.04236755e+000
 7.91883683e+000 7.91883683e+000  7.91883683e+000 7.06579086e+000 7.06579086e+000  7.06579086e+000 1.38211509e+001 1.38211509e+001  1.38211509e+001 -9.84234633e+000 -9.84234633e+000  -9.84234633e+000 3.07097100e+000 3.07097100e+000  3.07097100e+000
 -9.35243807e+000 -9.35243807e+000  -9.35243807e+000 2.82090011e+000 2.82090011e+000  2.82090011e+000 6.77321804e+000 6.77321804e+000  6.77321804e+000 -1.37489169e+000 -1.37489169e+000  -1.37489169e+000 -1.56056831e+000 -1.56056831e+000  -1.56056831e+000
 -4.64059549e-002 -4.64059549e-002  -4.64059549e-002
 9.47369121e+000 9.47369121e+000  9.47369121e+000 3.13683914e+000 3.13683914e+000  3.13683914e+000 -1.02718808e+001 -1.02718808e+001  -1.02718808e+001 -6.31427288e+000 -6.31427288e+000  -6.31427288e+000 4.02638472e+000 4.02638472e+000  4.02638472e+000
 4.44453983e+000 4.44453983e+000  4.44453983e+000 -2.26046532e+001 -2.26046532e+001  -2.26046532e+001 7.51978612e+000 7.51978612e+000  7.51978612e+000 -8.67126539e+000 -8.67126539e+000  -8.67126539e+000 6.34361656e-001 6.34361656e-001  6.34361656e-001
 -7.11599214e+000 -7.11599214e+000  -7.11599214e+000 -1.49092918e+000 -1.49092918e+000  -1.49092918e+000 8.69238850e+000 8.69238850e+000  8.69238850e+000 -3.37458994e-001 -3.37458994e-001  -3.37458994e-001 -4.65819350e-001 -4.65819350e-001  -4.65819350e-001
 -4.08544763e-001 -4.08544763e-001  -4.08544763e-001
 -1.44864112e+001 -1.44864112e+001  -1.44864112e+001 -4.68572837e+000 -4.68572837e+000  -4.68572837e+000 2.95518554e+001 2.95518554e+001  2.95518554e+001 -1.07564955e+001 -1.07564955e+001  -1.07564955e+001 -1.43424135e+001 -1.43424135e+001  -1.43424135e+001
 7.92779509e+000 7.92779509e+000  7.92779509e+000 3.82444881e+001 3.82444881e+001  3.82444881e+001 -8.58837732e+000 -8.58837732e+000  -8.58837732e+000 1.50714932e+000 1.50714932e+000  1.50714932e+000 -1.51988628e+001 -1.51988628e+001  -1.51988628e+001
 -1.04275863e+001 -1.04275863e+001  -1.04275863e+001 -3.86826000e+000 -3.86826000e+000  -3.86826000e+000 -6.17923110e+000 -6.17923110e+000  -6.17923110e+000 -8.13864358e+000 -8.13864358e+000  -8.13864358e+000 -4.16642467e-001 -4.16642467e-001  -4.16642467e-001
 -2.59126280e-001 -2.59126280e-001  -2.59126280e-001
 1.90477794e+001 1.90477794e+001  1.90477794e+001 -8.67804749e+000 -8.67804749e+000  -8.67804749e+000 2.69863879e+001 2.69863879e+001  2.69863879e+001 4.56388561e-001 4.56388561e-001  4.56388561e-001 -8.68602463e+000 -8.68602463e+000  -8.68602463e+000
 -3.02605909e+001 -3.02605909e+001  -3.02605909e+001 -9.15961078e+000 -9.15960997e+000  -9.15960795e+000 1.84335724e+000 1.84335744e+000  1.84335795e+000 1.57724409e+001 1.57724406e+001  1.57724401e+001 -3.39329138e+000 -3.39329138e+000  -3.39329136e+000
 -3.17397201e+000 -3.17397201e+000  -3.17397201e+000 -1.03400451e+001 -1.03400451e+001  -1.03400451e+001 8.70954630e+000 8.70954630e+000  8.70954630e+000 -1.89863359e+000 -1.89863363e+000  -1.89863371e+000 -1.49238416e+000 -1.49238418e+000  -1.49238422e+000
 3.56202515e-002 3.56204498e-002  3.56209456e-002
 -2.68534616e+001 -2.68534616e+001  -2.68534616e+001 -5.31174815e+000 -5.31174815e+000  -5.31174815e+000 1.68775000e+000 1.68775000e+000  1.68775000e+000 -4.75177232e+000 -4.75177232e+000  -4.75177232e+000 8.05484226e+000 8.05484226e+000  8.05484226e+000
 9.06526757e+000 9.06526757e+000  9.06526757e+000 3.34825277e+001 3.34825277e+001  3.34825277e+001 -1.21236299e+001 -1.21236299e+001  -1.21236299e+001 7.91862622e+000 7.91862622e+000  7.91862622e+000 1.22173756e+000 1.22173756e+000  1.22173756e+000
 2.38005443e+001 2.38005443e+001  2.38005443e+001 -7.20779264e+000 -7.20779264e+000  -7.20779264e+000 -9.54114224e+000 -9.54114224e+000  -9.54114224e+000 3.51319037e+000 3.51319037e+000  3.51319037e+000 -6.58466107e-001 -6.58466107e-001  -6.58466107e-001
 -1.08751759e-002 -1.08751759e-002  -1.08751759e-002
 -2.11649578e+001 -2.11649578e+001  -2.11649578e+001 1.97031008e+001 1.97031008e+001  1.97031008e+001 -8.43120519e+000 -8.43120519e+000  -8.43120519e+000 -9.42159743e+000 -9.42159743e+000  -9.42159743e+000 -1.72395094e+001 -1.72395094e+001  -1.72395094e+001
 -1.79400865e+001 -1.79400865e+001  -1.79400865e+001 -2.79574467e+000 -2.79574467e+000  -2.79574467e+000 7.76236347e+000 7.76236347e+000  7.76236347e+000 -6.05474304e+000 -6.05474304e+000  -6.05474304e+000 -5.40949174e+000 -5.40949174e+000  -5.40949174e+000
 1.24186666e+001 1.24186666e+001  1.24186666e+001 -1.00359906e+000 -1.00359906e+000  -1.00359906e+000 -2.35778019e+000 -2.35778019e+000  -2.35778019e+000 -1.64863869e+000 -1.64863869e+000  -1.64863869e+000 -1.23542907e+000 -1.23542907e+000  -1.23542907e+000
 3.80815282e-002 3.80815282e-002  3.80815282e-002
 -5.46823425e+000 -5.46823425e+000  -5.46823425e+000 -9.44520183e+000 -9.44520183e+000  -9.44520183e+000 2.74161508e+000 2.74161508e+000  2.74161508e+000 -9.96259180e+000 -9.96259180e+000  -9.96259180e+000 -2.18431323e+000 -2.18431323e+000  -2.18431323e+000
 1.54079072e+001 1.54079072e+001  1.54079072e+001 -3.60369486e+001 -3.60369478e+001  -3.60369458e+001 -8.54084269e+000 -8.54084249e+000  -8.54084199e+000 -6.52284839e+000 -6.52284861e+000  -6.52284917e+000 -1.53036094e+000 -1.53036093e+000  -1.53036092e+000
 1.59753967e+001 1.59753967e+001  1.59753967e+001 -4.84594503e+000 -4.84594503e+000  -4.84594503e+000 9.28448910e+000 9.28448910e+000  9.28448910e+000 -5.88166567e+000 -5.88166570e+000  -5.88166579e+000 -8.20819516e-001 -8.20819533e-001  -8.20819576e-001
 -1.07149186e+000 -1.07149166e+000  -1.07149116e+000
 -1.68596986e+001 -1.68596986e+001  -1.68596986e+001 -2.75010667e+001 -2.75010667e+001  -2.75010667e+001 1.93034484e+001 1.93034484e+001  1.93034484e+001 9.11774957e-001 9.11774957e-001  9.11774957e-001 -6.10370074e+000 -6.10370074e+000  -6.10370074e+000
 1.39270919e+000 1.39270919e+000  1.39270919e+000 3.46417011e+001 3.46417013e+001  3.46417014e+001 6.59734856e-001 6.59882475e-001  6.60018715e-001 -1.22784716e+001 -1.22784716e+001  -1.22784716e+001 6.04101408e+000 6.04101408e+000  6.04101408e+000
 -1.10981963e+001 -1.10981963e+001  -1.10981963e+001 -1.29431308e+001 -1.29431308e+001  -1.29431308e+001 -2.01541614e+000 -2.01541614e+000  -2.01541614e+000 -5.18558030e+000 -5.18558031e+000  -5.18558032e+000 -3.48449071e+000 -3.48456450e+000  -3.48463218e+000
 4.97977297e-002 4.98596756e-002  4.99165923e-002
 3.64185187e+001 3.64185187e+001  3.64185187e+001 -5.66798776e-001 -5.66798776e-001  -5.66798776e-001 -1.69272874e+001 -1.69272874e+001  -1.69272874e+001 -7.03883929e-001 -7.03883929e-001  -7.03883929e-001 -1.64304793e+001 -1.64304793e+001  -1.64304793e+001
 -1.42226083e+001 -1.42226083e+001  -1.42226083e+001 1.29553026e+001 1.29553026e+001  1.29553026e+001 1.64718596e+001 1.64718596e+001  1.64718596e+001 9.71239253e+000 9.71239253e+000  9.71239253e+000 -4.88511296e+000 -4.88511296e+000  -4.88511296e+000
 -8.19002976e+000 -8.19002976e+000  -8.19002976e+000 -7.75371028e+000 -7.75371028e+000  -7.75371028e+000 -5.49189930e+000 -5.49189930e+000  -5.49189930e+000 -7.06573539e+000 -7.06573539e+000  -7.06573539e+000 3.11714865e+000 3.11714865e+000  3.11714865e+000
 2.30481025e-001 2.30481025e-001  2.30481025e-001
 1.66477371e+001 1.66477371e+001  1.66477371e+001 -3.43110772e+001 -3.43110772e+001  -3.43110772e+001 -9.34094586e+001 -9.34094586e+001  -9.34094586e+001 -2.63907800e+001 -2.63907800e+001  -2.63907800e+001 -5.71211360e+001 -5.71211360e+001  -5.71211360e+001
 2.62107057e+001 2.62107057e+001  2.62107057e+001 1.33417688e+002 1.33417688e+002  1.33417689e+002 2.70647176e+001 2.70647185e+001  2.70647193e+001 2.43338093e+001 2.43338092e+001  2.43338090e+001 3.35105549e-001 3.35105551e-001  3.35105554e-001
 -1.55367781e+001 -1.55367781e+001  -1.55367781e+001 1.08338883e+001 1.08338883e+001  1.08338883e+001 -9.53716597e+000 -9.53716597e+000  -9.53716597e+000 4.63683992e+000 4.63683991e+000  4.63683988e+000 -8.84364376e-001 -8.84364773e-001  -8.84365145e-001
 8.66308979e-003 8.66347788e-003  8.66392870e-003
 1.18178504e+001 1.18178504e+001  1.18178504e+001 -1.64290950e+001 -1.64290950e+001  -1.64290950e+001 2.56500863e+000 2.56500863e+000  2.56500863e+000 3.89593574e+000 3.89593574e+000  3.89593574e+000 -2.81686003e+000 -2.81686003e+000  -2.81686003e+000
 5.79463168e+000 5.79463168e+000  5.79463168e+000 -8.16384734e+000 -8.16384692e+000  -8.16384602e+000 -9.67601592e+000 -9.67596185e+000  -9.67591262e+000 -7.73883511e+000 -7.73883521e+000  -7.73883545e+000 4.66375066e-001 4.66375068e-001  4.66375074e-001
 9.24877056e+000 9.24877056e+000  9.24877056e+000 1.46244647e+001 1.46244647e+001  1.46244647e+001 1.21138569e+001 1.21138569e+001  1.21138569e+001 -1.59433655e+000 -1.59433657e+000  -1.59433661e+000 1.48426340e+000 1.48423640e+000  1.48421202e+000
 -5.47389471e-001 -5.47366733e-001  -5.47346055e-001
 -1.80344527e+001 -1.80344527e+001  -1.80344527e+001 3.94220877e+001 3.94220877e+001  3.94220877e+001 6.64728739e-001 6.64728739e-001  6.64728739e-001 1.09650442e+001 1.09650442e+001  1.09650442e+001 1.17282492e+001 1.17282492e+001  1.17282492e+001
 -1.24128682e+001 -1.24128682e+001  -1.24128682e+001 1.44305768e+000 1.44305840e+000  1.44305993e+000 -9.91175395e-002 -9.90173755e-002  -9.89251333e-002 -6.70088830e-001 -6.70088989e-001  -6.70089387e-001 2.40447720e-001 2.40447724e-001  2.40447733e-001
 -2.77924043e+001 -2.77924043e+001  -2.77924043e+001 1.77987406e+001 1.77987406e+001  1.77987406e+001 -2.38985465e+001 -2.38985465e+001  -2.38985465e+001 1.74362471e+001 1.74362471e+001  1.74362470e+001 -1.96373356e+000 -1.96378357e+000  -1.96382925e+000
 -5.30068845e-001 -5.30026720e-001  -5.29987954e-001
 -8.51139285e+000 -8.51139285e+000  -8.51139285e+000 4.78246744e+001 4.78246744e+001  4.78246744e+001 -7.08927414e-001 -7.08927414e-001  -7.08927414e-001 1.20537010e+001 1.20537010e+001  1.20537010e+001 1.99107260e+001 1.99107260e+001  1.99107260e+001
 -1.42732227e+001 -1.42732227e+001  -1.42732227e+001 1.72505197e+001 1.72505203e+001  1.72505216e+001 -1.56191171e+000 -1.56182804e+000  -1.56175111e+000 6.63794975e+000 6.63794961e+000  6.63794927e+000 3.06746176e+000 3.06746177e+000  3.06746178e+000
 -3.45070566e+001 -3.45070566e+001  -3.45070566e+001 2.30154721e+001 2.30154721e+001  2.30154721e+001 -2.59296012e+001 -2.59296012e+001  -2.59296012e+001 2.25239955e+001 2.25239955e+001  2.25239954e+001 -3.77368108e+000 -3.77372286e+000  -3.77376095e+000
 -2.64247200e-001 -2.64212006e-001  -2.64179663e-001
 2.93521546e+001 2.93521546e+001  2.93521546e+001 -3.72698159e+000 -3.72698159e+000  -3.72698159e+000 2.28375011e+000 2.28375011e+000  2.28375011e+000 -2.14016220e+000 -2.14016220e+000  -2.14016220e+000 1.22412188e+001 1.22412188e+001  1.22412188e+001
 -1.20478962e+001 -1.20478962e+001  -1.20478962e+001 4.66606710e+001 4.66606710e+001  4.66606710e+001 -1.18082307e+001 -1.18082307e+001  -1.18082307e+001 1.70715284e+001 1.70715284e+001  1.70715284e+001 4.61792242e+000 4.61792242e+000  4.61792242e+000
 -1.13540941e+001 -1.13540941e+001  -1.13540941e+001 -3.15408954e+000 -3.15408954e+000  -3.15408954e+000 3.16191631e+000 3.16191631e+000  3.16191631e+000 -3.01343469e+000 -3.01343469e+000  -3.01343469e+000 -3.43893925e+000 -3.43893925e+000  -3.43893925e+000
 7.78228370e-002 7.78228370e-002  7.78228370e-002
 4.25389787e+000 4.25389787e+000  4.25389787e+000 -6.60012761e+000 -6.60012761e+000  -6.60012761e+000 -1.07039775e+000 -1.07039775e+000  -1.07039775e+000 -6.13404615e-001 -6.13404615e-001  -6.13404615e-001 -1.06426908e+001 -1.06426908e+001  -1.06426908e+001
 2.40941189e+001 2.40941189e+001  2.40941189e+001 -1.16752752e+001 -1.16752752e+001  -1.16752752e+001 1.91214636e+001 1.91214636e+001  1.91214636e+001 -9.32621954e+000 -9.32621954e+000  -9.32621954e+000 1.22236525e+000 1.22236525e+000  1.22236525e+000
 6.83615819e+000 6.83615819e+000  6.83615819e+000 -3.44132005e+000 -3.44132005e+000  -3.44132005e+000 5.33090273e-001 5.33090273e-001  5.33090273e-001 8.69233534e-001 8.69233534e-001  8.69233534e-001 -1.77486922e-001 -1.77486922e-001  -1.77486922e-001
 4.12125199e-001 4.12125199e-001  4.12125199e-001
 -9.60393047e+000 -9.60393047e+000  -9.60393047e+000 -1.30400630e+001 -1.30400630e+001  -1.30400630e+001 2.22093625e+000 2.22093625e+000  2.22093625e+000 -3.24514110e+000 -3.24514110e+000  -3.24514110e+000 -1.27632649e+001 -1.27632649e+001  -1.27632649e+001
 -5.04754619e+000 -5.04754619e+000  -5.04754619e+000 -1.12863674e+001 -1.12863674e+001  -1.12863674e+001 5.71772904e-001 5.71772904e-001  5.71772904e-001 -8.38592906e+000 -8.38592906e+000  -8.38592906e+000 -3.11968267e+000 -3.11968267e+000  -3.11968267e+000
 9.28115974e-002 9.28115974e-002  9.28115974e-002 -9.20620291e+000 -9.20620291e+000  -9.20620291e+000 -1.18896134e+000 -1.18896134e+000  -1.18896134e+000 -7.59053838e+000 -7.59053838e+000  -7.59053838e+000 1.05435481e+000 1.05435481e+000  1.05435481e+000
 -7.78651088e-001 -7.78651088e-001  -7.78651088e-001
 -9.62207148e+000 -9.62207148e+000  -9.62207148e+000 -1.38190339e+001 -1.38190339e+001  -1.38190339e+001 2.04774535e+000 2.04774535e+000  2.04774535e+000 -3.35433841e+000 -3.35433841e+000  -3.35433841e+000 -1.31147053e+001 -1.31147053e+001  -1.31147053e+001
 -3.94422078e+000 -3.94422078e+000  -3.94422078e+000 -1.16251291e+001 -1.16251281e+001  -1.16251260e+001 7.05745893e-001 7.05893713e-001  7.06030455e-001 -8.44830726e+000 -8.44830749e+000  -8.44830805e+000 -3.09506482e+000 -3.09506482e+000  -3.09506481e+000
 1.11229487e+000 1.11229487e+000  1.11229487e+000 -9.74117362e+000 -9.74117363e+000  -9.74117363e+000 -7.28871587e-001 -7.28871587e-001  -7.28871587e-001 -8.39824182e+000 -8.39824187e+000  -8.39824196e+000 1.37390978e+000 1.37383598e+000  1.37376826e+000
 -5.02510049e-001 -5.02447905e-001  -5.02390492e-001
 -1.98076304e+000 -1.98076720e+000 -1.98077761e+000
 -3.46971832e+000 -3.46971832e+000 -3.46971832e+000
 -1.73129052e+000 -1.73183644e+000 -1.73234257e+000
 1.94238265e+000 1.94184090e+000 1.94134517e+000
 3.33246911e+000 3.33246911e+000 3.33246911e+000
 -1.16448075e+000 -1.16448075e+000 -1.16448075e+000
 -2.23070897e+000 -2.23125103e+000 -2.23174771e+000
 -1.11994682e+000 -1.12017829e+000 -1.12040423e+000
 2.13722353e+000 2.13721948e+000 2.13720934e+000
 -2.84385696e+000 -2.84439872e+000 -2.84489445e+000
 9.99465142e-001 9.99465142e-001 9.99465142e-001
 9.25501587e-001 9.25501583e-001 9.25501581e-001
 7.40295795e-001 7.40295795e-001 7.40295794e-001
 7.71950436e-001 7.71950378e-001 7.71950253e-001
 5.47033875e-001 5.46781332e-001 5.46549036e-001
 -8.65259550e-001 -8.65344675e-001 -8.65423341e-001
