  1.1871e+000  7.1757e-003  5.3023e-001  1.3121e-001  7.5354e-002
 -7.2871e-001 -3.8454e-001 -3.9801e-001 -3.3695e-001 -9.2015e-001
 -6.5284e-001 -4.6887e-001 -4.5434e-001  1.0073e+000 -5.3734e-001
 -1.2253e-004
  2.8622e-001
 -6.64111171e-001 -6.64111171e-001  -6.64111171e-001 4.09600644e-001 4.09600644e-001  4.09600644e-001 -6.12333545e-001 -6.12333545e-001  -6.12333545e-001 -1.32491128e-001 -1.32491128e-001  -1.32491128e-001 8.66082146e-001 8.66082146e-001  8.66082146e-001
 -1.64262178e-001 -1.64262178e-001  -1.64262178e-001 4.77966355e-001 4.77966355e-001  4.77966355e-001 5.94496857e-002 5.94496857e-002  5.94496857e-002 2.30818240e-001 2.30818240e-001  2.30818240e-001 -1.23785749e+000 -1.23785749e+000  -1.23785749e+000
 -3.65977762e-001 -3.65977762e-001  -3.65977762e-001 -1.18797223e+000 -1.18797223e+000  -1.18797223e+000 1.03897757e-001 1.03897757e-001  1.03897757e-001 -8.62989306e-001 -8.62989306e-001  -8.62989306e-001 -1.08061525e-001 -1.08061525e-001  -1.08061525e-001
 -3.15612485e-005 -3.15612485e-005  -3.15612485e-005
 8.64565527e-001 8.64565527e-001  8.64565527e-001 1.67229417e-001 1.67229417e-001  1.67229417e-001 8.65767222e-001 8.65767222e-001  8.65767222e-001 -2.55050434e-001 -2.55050434e-001  -2.55050434e-001 1.87912433e+000 1.87912433e+000  1.87912433e+000
 -9.90181942e-001 -9.90181942e-001  -9.90181942e-001 -1.69839614e-001 -1.69839614e-001  -1.69839614e-001 1.58203656e+000 1.58203656e+000  1.58203656e+000 -1.80111602e+000 -1.80111602e+000  -1.80111602e+000 -9.10161915e-002 -9.10161915e-002  -9.10161915e-002
 5.84241636e-001 5.84241636e-001  5.84241636e-001 -1.28638631e+000 -1.28638631e+000  -1.28638631e+000 -5.36687308e-002 -5.36687308e-002  -5.36687308e-002 1.89044106e+000 1.89044106e+000  1.89044106e+000 -1.47453010e-001 -1.47453010e-001  -1.47453010e-001
 -3.75025416e-005 -3.75025416e-005  -3.75025416e-005
 1.32345268e+000 1.32345268e+000  1.32345268e+000 -1.17378268e+000 -1.17378268e+000  -1.17378268e+000 -1.71756118e+000 -1.71756118e+000  -1.71756118e+000 1.60057817e-001 1.60057817e-001  1.60057817e-001 -2.36596196e+000 -2.36596196e+000  -2.36596196e+000
 -3.42896056e-001 -3.42896056e-001  -3.42896056e-001 -1.35082744e+000 -1.35082744e+000  -1.35082744e+000 -1.22708116e+000 -1.22708116e+000  -1.22708116e+000 7.38754167e-001 7.38754167e-001  7.38754167e-001 -6.50224788e-001 -6.50224788e-001  -6.50224788e-001
 -1.14150659e+000 -1.14150659e+000  -1.14150659e+000 -1.45848520e-001 -1.45848520e-001  -1.45848520e-001 -7.85191755e-001 -7.85191755e-001  -7.85191755e-001 -5.48232460e-001 -5.48232460e-001  -5.48232460e-001 -5.49090730e-001 -5.49090730e-001  -5.49090730e-001
 -5.64637750e-005 -5.64637750e-005  -5.64637750e-005
 2.55240732e+000 2.55240732e+000  2.55240732e+000 5.77661340e-001 5.77661340e-001  5.77661340e-001 2.27635489e+000 2.27635489e+000  2.27635489e+000 3.05928335e-001 3.05928335e-001  3.05928335e-001 5.32498009e-001 5.32498009e-001  5.32498009e-001
 8.94481505e-001 8.94481505e-001  8.94481505e-001 5.18837078e-001 5.18837078e-001  5.18837078e-001 -1.02301895e+000 -1.02301895e+000  -1.02301895e+000 3.92059936e-002 3.92059936e-002  3.92059936e-002 -2.11322357e-001 -2.11322357e-001  -2.11322357e-001
 8.45202614e-002 8.45202614e-002  8.45202614e-002 2.54597090e+000 2.54597090e+000  2.54597090e+000 1.15616633e-001 1.15616633e-001  1.15616633e-001 2.57722717e+000 2.57722717e+000  2.57722717e+000 -1.51495597e-001 -1.51495597e-001  -1.51495597e-001
 -5.80154123e-005 -5.80154123e-005  -5.80154123e-005
 -2.13743779e+000 -2.13741479e+000  -2.13740025e+000 7.90218862e-003 7.88182081e-003  7.84538313e-003 8.90123326e-002 8.90242149e-002  8.90319757e-002 -1.30884275e-001 -1.30870842e-001  -1.30849178e-001 -6.84822838e-001 -6.84798082e-001  -6.84746365e-001
 -8.20307226e-001 -8.20316913e-001  -8.20339466e-001 -6.28080539e-002 -6.27977196e-002  -6.27842790e-002 -4.34156555e-001 -4.34197235e-001  -4.34287643e-001 3.12880350e-001 3.12902317e-001  3.12935485e-001 2.33004622e-001 2.32966130e-001  2.32893645e-001
 -2.79293932e-002 -2.79020739e-002  -2.78587300e-002 -1.29035818e+000 -1.29038865e+000  -1.29046435e+000 -1.95172377e-002 -1.95015764e-002  -1.94803330e-002 -2.05886227e+000 -2.05890700e+000  -2.05899556e+000 2.69714064e-001 2.69732623e-001  2.69762282e-001
 -2.06848216e-005 -2.07037738e-005  -2.07337191e-005
 -2.32439285e-001 -2.32439285e-001  -2.32439285e-001 -2.49234276e-002 -2.49234276e-002  -2.49234276e-002 -7.05064721e-001 -7.05064721e-001  -7.05064721e-001 3.96690513e-001 3.96690513e-001  3.96690513e-001 -4.39891056e-001 -4.39891056e-001  -4.39891056e-001
 -3.03316082e-001 -3.03316082e-001  -3.03316082e-001 2.39713123e-001 2.39713123e-001  2.39713123e-001 -4.32614955e-001 -4.32614955e-001  -4.32614955e-001 -2.39419850e-001 -2.39419850e-001  -2.39419850e-001 -1.02434596e+000 -1.02434596e+000  -1.02434596e+000
 2.49693591e-001 2.49693591e-001  2.49693591e-001 5.44028205e-001 5.44028205e-001  5.44028205e-001 2.33159819e-001 2.33159819e-001  2.33159819e-001 1.15641424e+000 1.15641424e+000  1.15641424e+000 6.25630453e-001 6.25630453e-001  6.25630453e-001
 6.31142524e-006 6.31142524e-006  6.31142524e-006
 1.91671501e-001 1.91671501e-001  1.91671501e-001 -7.20743626e-001 -7.20743626e-001  -7.20743626e-001 9.93793761e-001 9.93793761e-001  9.93793761e-001 -2.08687499e-001 -2.08687499e-001  -2.08687499e-001 1.01075844e-001 1.01075844e-001  1.01075844e-001
 6.33935601e-001 6.33935601e-001  6.33935601e-001 -4.82542442e-001 -4.82542442e-001  -4.82542442e-001 -1.78213488e-001 -1.78213488e-001  -1.78213488e-001 7.00240311e-002 7.00240311e-002  7.00240311e-002 4.79894456e-001 4.79894456e-001  4.79894456e-001
 -4.26910453e-001 -4.26910453e-001  -4.26910453e-001 4.60695662e-001 4.60695662e-001  4.60695662e-001 -4.42187035e-001 -4.42187035e-001  -4.42187035e-001 8.12690986e-001 8.12690986e-001  8.12690986e-001 -6.95669723e-001 -6.95669723e-001  -6.95669723e-001
 -1.09356137e-006 -1.09356137e-006  -1.09356137e-006
 -3.08405513e-001 -3.08405513e-001  -3.08405513e-001 1.73103204e-001 1.73103204e-001  1.73103204e-001 5.04787861e-001 5.04787861e-001  5.04787861e-001 -1.56727597e-001 -1.56727597e-001  -1.56727597e-001 3.66722572e-001 3.66722572e-001  3.66722572e-001
 1.09701326e+000 1.09701326e+000  1.09701326e+000 -2.11294743e-001 -2.11294743e-001  -2.11294743e-001 -1.15914713e+000 -1.15914713e+000  -1.15914713e+000 2.28694678e-001 2.28694678e-001  2.28694678e-001 9.73178645e-002 9.73178645e-002  9.73178645e-002
 6.48155565e-002 6.48155565e-002  6.48155565e-002 4.24334372e-001 4.24334372e-001  4.24334372e-001 4.93276343e-001 4.93276343e-001  4.93276343e-001 8.21530589e-001 8.21530589e-001  8.21530589e-001 2.93340729e-001 2.93340729e-001  2.93340729e-001
 3.99481472e-006 3.99481472e-006  3.99481472e-006
 -7.05580456e-001 -7.05580456e-001  -7.05580456e-001 2.59746663e-001 2.59746663e-001  2.59746663e-001 1.98564296e-001 1.98564296e-001  1.98564296e-001 2.41737723e-001 2.41737723e-001  2.41737723e-001 9.69059146e-001 9.69059146e-001  9.69059146e-001
 -3.10840829e-001 -3.10840829e-001  -3.10840829e-001 9.05554024e-002 9.05554024e-002  9.05554024e-002 -5.21196660e-001 -5.21196660e-001  -5.21196660e-001 -4.20425408e-001 -4.20425408e-001  -4.20425408e-001 -1.13509819e+000 -1.13509819e+000  -1.13509819e+000
 -2.13454899e-001 -2.13454899e-001  -2.13454899e-001 -8.35294207e-001 -8.35294207e-001  -8.35294207e-001 -1.26859757e-001 -1.26859757e-001  -1.26859757e-001 8.80631242e-001 8.80631242e-001  8.80631242e-001 7.75254399e-001 7.75254399e-001  7.75254399e-001
 2.24743254e-006 2.24743254e-006  2.24743254e-006
 -4.70013722e-001 -4.70013722e-001  -4.70013722e-001 1.54623701e-001 1.54623701e-001  1.54623701e-001 1.10120368e-001 1.10120368e-001  1.10120368e-001 4.79326916e-002 4.79326916e-002  4.79326916e-002 -3.32832278e-001 -3.32832278e-001  -3.32832278e-001
 2.74661409e-001 2.74661409e-001  2.74661409e-001 1.55165931e-001 1.55165931e-001  1.55165931e-001 -8.21605540e-001 -8.21605540e-001  -8.21605540e-001 1.24414535e-001 1.24414535e-001  1.24414535e-001 1.21352291e+000 1.21352291e+000  1.21352291e+000
 9.38444222e-003 9.38444222e-003  9.38444222e-003 6.88260368e-001 6.88260368e-001  6.88260368e-001 1.14028839e-001 1.14028839e-001  1.14028839e-001 6.46091206e-001 6.46091206e-001  6.46091206e-001 -2.28404868e-001 -2.28404868e-001  -2.28404868e-001
 6.02581061e-005 6.02581061e-005  6.02581061e-005
 1.43841668e+000 1.43841668e+000  1.43841668e+000 1.87853560e-001 1.87853560e-001  1.87853560e-001 2.40405443e-002 2.40405443e-002  2.40405443e-002 -3.67068973e-001 -3.67068973e-001  -3.67068973e-001 -1.65055054e+000 -1.65055054e+000  -1.65055054e+000
 3.95968529e-001 3.95968529e-001  3.95968529e-001 -3.69405731e-001 -3.69405731e-001  -3.69405731e-001 -1.88658598e+000 -1.88658598e+000  -1.88658598e+000 -6.11557973e-001 -6.11557973e-001  -6.11557973e-001 2.82408445e-001 2.82408445e-001  2.82408445e-001
 -5.35350027e-001 -5.35350027e-001  -5.35350027e-001 -7.59323141e-001 -7.59323141e-001  -7.59323141e-001 -5.52764303e-001 -5.52764303e-001  -5.52764303e-001 7.18126243e-001 7.18126243e-001  7.18126243e-001 -5.11519778e-001 -5.11519778e-001  -5.11519778e-001
 3.05111365e-006 3.05111365e-006  3.05111365e-006
 -1.02249314e+000 -1.02249314e+000  -1.02249314e+000 1.45514470e-001 1.45514470e-001  1.45514470e-001 7.83573449e-001 7.83573449e-001  7.83573449e-001 -1.03314243e-001 -1.03314243e-001  -1.03314243e-001 1.09131123e+000 1.09131123e+000  1.09131123e+000
 6.15573874e-001 6.15573874e-001  6.15573874e-001 -2.30680591e-001 -2.30680591e-001  -2.30680591e-001 5.26332997e-001 5.26332997e-001  5.26332997e-001 -5.48605840e-001 -5.48605840e-001  -5.48605840e-001 8.11424608e-001 8.11424608e-001  8.11424608e-001
 -3.15907611e-001 -3.15907611e-001  -3.15907611e-001 -8.10498674e-001 -8.10498674e-001  -8.10498674e-001 -7.65126696e-002 -7.65126696e-002  -7.65126696e-002 -1.24793520e+000 -1.24793520e+000  -1.24793520e+000 -1.84576475e-001 -1.84576475e-001  -1.84576475e-001
 -6.21466667e-005 -6.21466667e-005  -6.21466667e-005
 -1.72331096e+000 -1.72331096e+000  -1.72331096e+000 -4.58819417e-002 -4.58819417e-002  -4.58819417e-002 6.14627443e-001 6.14627443e-001  6.14627443e-001 6.54315622e-002 6.54315622e-002  6.54315622e-002 -7.56571332e-002 -7.56571332e-002  -7.56571332e-002
 -8.57703480e-002 -8.57703480e-002  -8.57703480e-002 -8.81014846e-002 -8.81014846e-002  -8.81014846e-002 -1.31828544e+000 -1.31828544e+000  -1.31828544e+000 -4.98418512e-001 -4.98418512e-001  -4.98418512e-001 -1.43366244e+000 -1.43366244e+000  -1.43366244e+000
 -2.24388110e-001 -2.24388110e-001  -2.24388110e-001 -1.22225919e+000 -1.22225919e+000  -1.22225919e+000 -1.78706309e-001 -1.78706309e-001  -1.78706309e-001 4.37044181e-001 4.37044181e-001  4.37044181e-001 -4.07511421e-002 -4.07511421e-002  -4.07511421e-002
 -2.77520801e-005 -2.77520801e-005  -2.77520801e-005
 -5.90026681e-001 -5.90026681e-001  -5.90026681e-001 2.26701648e-001 2.26701648e-001  2.26701648e-001 -2.77357553e-001 -2.77357553e-001  -2.77357553e-001 2.19430636e-001 2.19430636e-001  2.19430636e-001 9.62911104e-001 9.62911104e-001  9.62911104e-001
 3.91532733e-001 3.91532733e-001  3.91532733e-001 2.02086504e-001 2.02086504e-001  2.02086504e-001 5.23383659e-001 5.23383659e-001  5.23383659e-001 4.70114364e-001 4.70114364e-001  4.70114364e-001 -3.79663536e-001 -3.79663536e-001  -3.79663536e-001
 3.52575263e-001 3.52575263e-001  3.52575263e-001 5.92599623e-001 5.92599623e-001  5.92599623e-001 3.93265787e-001 3.93265787e-001  3.93265787e-001 2.80200673e-001 2.80200673e-001  2.80200673e-001 5.41049355e-001 5.41049355e-001  5.41049355e-001
 -4.68623999e-006 -4.68623999e-006  -4.68623999e-006
 7.85720765e-001 7.85720765e-001  7.85720765e-001 -3.08731613e-001 -3.08731613e-001  -3.08731613e-001 -2.33636173e-001 -2.33636173e-001  -2.33636173e-001 -5.46868054e-001 -5.46868054e-001  -5.46868054e-001 -1.23812976e-001 -1.23812976e-001  -1.23812976e-001
 -1.78285572e-002 -1.78285572e-002  -1.78285572e-002 -7.14143188e-001 -7.14143188e-001  -7.14143188e-001 5.90216795e-001 5.90216795e-001  5.90216795e-001 -6.54580993e-001 -6.54580993e-001  -6.54580993e-001 -1.26346112e+000 -1.26346112e+000  -1.26346112e+000
 -9.45454707e-001 -9.45454707e-001  -9.45454707e-001 -6.99491443e-001 -6.99491443e-001  -6.99491443e-001 -6.45673633e-001 -6.45673633e-001  -6.45673633e-001 1.23338045e-001 1.23338045e-001  1.23338045e-001 -8.43172362e-001 -8.43172362e-001  -8.43172362e-001
 -1.67907973e-005 -1.67907973e-005  -1.67907973e-005
 5.49253291e-001 5.49253291e-001  5.49253291e-001 -1.09343626e-001 -1.09343626e-001  -1.09343626e-001 -9.51511979e-001 -9.51511979e-001  -9.51511979e-001 4.71631447e-001 4.71631447e-001  4.71631447e-001 -8.86403069e-002 -8.86403069e-002  -8.86403069e-002
 5.24200031e-002 5.24200031e-002  5.24200031e-002 3.32179649e-001 3.32179649e-001  3.32179649e-001 4.28550315e-001 4.28550315e-001  4.28550315e-001 1.74863507e-001 1.74863507e-001  1.74863507e-001 -7.98280546e-002 -7.98280546e-002  -7.98280546e-002
 9.75604884e-001 9.75604884e-001  9.75604884e-001 -1.19785979e-001 -1.19785979e-001  -1.19785979e-001 3.76624011e-001 3.76624011e-001  3.76624011e-001 8.54435126e-001 8.54435126e-001  8.54435126e-001 5.41871588e-001 5.41871588e-001  5.41871588e-001
 -1.70383978e-006 -1.70383978e-006  -1.70383978e-006
 -1.66088036e+000 -1.66088037e+000  -1.66088040e+000 3.13915788e-001 3.13915813e-001  3.13915876e-001 2.50566665e-001 2.50566554e-001  2.50566277e-001 -1.61560018e-001 -1.61560031e-001  -1.61560064e-001 -1.65667367e-001 -1.65667473e-001  -1.65667738e-001
 -1.08243611e+000 -1.08243610e+000  -1.08243609e+000 2.84569174e-001 2.84569164e-001  2.84569139e-001 1.28908971e-001 1.28909020e-001  1.28909141e-001 -1.01861623e-001 -1.01861686e-001  -1.01861843e-001 -3.87984466e-001 -3.87984452e-001  -3.87984419e-001
 2.29957010e-001 2.29956997e-001  2.29956965e-001 -2.74500900e-002 -2.74499841e-002  -2.74497193e-002 1.45170371e-001 1.45170368e-001  1.45170360e-001 -9.36370351e-001 -9.36370285e-001  -9.36370119e-001 -1.13535245e-001 -1.13535260e-001  -1.13535298e-001
 -3.27484312e-005 -3.27483731e-005  -3.27482279e-005
 2.31761441e+000 2.31762023e+000  2.31763480e+000 8.37042806e-001 8.37028206e-001  8.36991706e-001 2.00727834e+000 2.00728155e+000  2.00728959e+000 3.59865100e-001 3.59873779e-001  3.59895475e-001 1.15822873e+000 1.15824952e+000  1.15830150e+000
 4.60854874e-001 4.60845847e-001  4.60823280e-001 -1.58384898e-001 -1.58379511e-001  -1.58366046e-001 1.30980680e+000 1.30977059e+000  1.30968006e+000 8.91352873e-001 8.91366203e-001  8.91399529e-001 9.90724355e-001 9.90695348e-001  9.90622829e-001
 3.96867886e-001 3.96885236e-001  3.96928612e-001 1.05376568e+000 1.05373529e+000  1.05365933e+000 1.12454736e-001 1.12463236e-001  1.12484487e-001 -5.92280050e-002 -5.92634972e-002  -5.93522275e-002 8.93034746e-001 8.93046625e-001  8.93076322e-001
 7.42920957e-006 7.41717334e-006  7.38708276e-006
 -1.68004293e+000 -1.68002574e+000  -1.68002574e+000 -3.39984892e-001 -3.39990684e-001  -3.39990684e-001 1.77050289e-001 1.77059067e-001  1.77059067e-001 1.01797720e-001 1.01802487e-001  1.01802487e-001 -6.07972076e-001 -6.07968007e-001  -6.07968007e-001
 -1.09549343e+000 -1.09549410e+000  -1.09549410e+000 2.12638848e-002 2.12688428e-002  2.12688428e-002 9.12021420e-002 9.11976252e-002  9.11976252e-002 6.79260065e-001 6.79268765e-001  6.79268765e-001 -8.22521167e-001 -8.22530665e-001  -8.22530665e-001
 -1.51251617e-001 -1.51241635e-001  -1.51241635e-001 -6.07877417e-001 -6.07877601e-001  -6.07877601e-001 -4.77897012e-002 -4.77825372e-002  -4.77825372e-002 -2.11416502e+000 -2.11417432e+000  -2.11417432e+000 -3.78478796e-001 -3.78472101e-001  -3.78472101e-001
 -2.49194944e-006 -2.49892340e-006  -2.49892340e-006
 -9.07475320e-001 -9.07475320e-001  -9.07475320e-001 3.40292559e-001 3.40292559e-001  3.40292559e-001 9.50671180e-001 9.50671180e-001  9.50671180e-001 -4.88459223e-002 -4.88459223e-002  -4.88459223e-002 4.91939971e-001 4.91939971e-001  4.91939971e-001
 6.17809938e-001 6.17809938e-001  6.17809938e-001 6.09454841e-001 6.09454841e-001  6.09454841e-001 1.78029169e-001 1.78029169e-001  1.78029169e-001 1.86613638e+000 1.86613638e+000  1.86613638e+000 3.30841381e-001 3.30841381e-001  3.30841381e-001
 3.53153925e-001 3.53153925e-001  3.53153925e-001 5.07351755e-001 5.07351755e-001  5.07351755e-001 9.33969205e-001 9.33969205e-001  9.33969205e-001 5.42857390e-001 5.42857390e-001  5.42857390e-001 3.73356587e-001 3.73356587e-001  3.73356587e-001
 -1.28300526e-005 -1.28300526e-005  -1.28300526e-005
 -1.15611322e+000 -1.15611322e+000  -1.15611322e+000 1.45096752e-001 1.45096752e-001  1.45096752e-001 -1.85502309e-001 -1.85502309e-001  -1.85502309e-001 -3.44285365e-001 -3.44285365e-001  -3.44285365e-001 -7.17051156e-001 -7.17051156e-001  -7.17051156e-001
 -1.75741350e+000 -1.75741350e+000  -1.75741350e+000 -2.69720479e-001 -2.69720479e-001  -2.69720479e-001 -5.31047530e-001 -5.31047530e-001  -5.31047530e-001 -6.45941760e-001 -6.45941760e-001  -6.45941760e-001 -4.00125035e-001 -4.00125035e-001  -4.00125035e-001
 1.29234241e-001 1.29234241e-001  1.29234241e-001 9.62873483e-001 9.62873483e-001  9.62873483e-001 -1.20433505e-001 -1.20433505e-001  -1.20433505e-001 -3.50251488e-001 -3.50251488e-001  -3.50251488e-001 -3.11754827e-001 -3.11754827e-001  -3.11754827e-001
 -7.48749861e-006 -7.48749861e-006  -7.48749861e-006
 4.18468654e-001 4.18468654e-001  4.18468654e-001 -3.96401855e-002 -3.96401855e-002  -3.96401855e-002 1.04935479e+000 1.04935479e+000  1.04935479e+000 3.65352937e-001 3.65352937e-001  3.65352937e-001 -2.26764795e-001 -2.26764795e-001  -2.26764795e-001
 -2.08839129e-001 -2.08839129e-001  -2.08839129e-001 8.55952393e-002 8.55952393e-002  8.55952393e-002 1.03809281e+000 1.03809281e+000  1.03809281e+000 -1.78499116e-001 -1.78499116e-001  -1.78499116e-001 1.34664734e+000 1.34664734e+000  1.34664734e+000
 2.98130582e-001 2.98130582e-001  2.98130582e-001 -6.00864997e-001 -6.00864997e-001  -6.00864997e-001 -1.04615748e-001 -1.04615748e-001  -1.04615748e-001 3.83942249e-001 3.83942249e-001  3.83942249e-001 -9.49858654e-002 -9.49858654e-002  -9.49858654e-002
 2.66946702e-006 2.66946702e-006  2.66946702e-006
 2.20481596e+000 2.20481596e+000  2.20481596e+000 -3.35731434e-001 -3.35731434e-001  -3.35731434e-001 -9.44718390e-001 -9.44718390e-001  -9.44718390e-001 -2.68441798e-001 -2.68441798e-001  -2.68441798e-001 1.54380288e-001 1.54380288e-001  1.54380288e-001
 -1.29646109e+000 -1.29646109e+000  -1.29646109e+000 -4.40466776e-001 -4.40466776e-001  -4.40466776e-001 -3.64563866e-001 -3.64563866e-001  -3.64563866e-001 -3.07548586e-001 -3.07548586e-001  -3.07548586e-001 -5.48499870e-001 -5.48499870e-001  -5.48499870e-001
 -6.23887153e-001 -6.23887153e-001  -6.23887153e-001 -3.59474959e-001 -3.59474959e-001  -3.59474959e-001 -4.06482805e-001 -4.06482805e-001  -4.06482805e-001 -2.64436679e-001 -2.64436679e-001  -2.64436679e-001 -5.40726581e-001 -5.40726581e-001  -5.40726581e-001
 -5.94290314e-006 -5.94290314e-006  -5.94290314e-006
 2.03129664e+000 2.03129664e+000  2.03129664e+000 4.46894110e-001 4.46894110e-001  4.46894110e-001 -8.53531745e-001 -8.53531745e-001  -8.53531745e-001 4.37396796e-001 4.37396796e-001  4.37396796e-001 4.87730897e-001 4.87730897e-001  4.87730897e-001
 -1.63489385e+000 -1.63489385e+000  -1.63489385e+000 2.47497910e-001 2.47497910e-001  2.47497910e-001 -9.60626179e-002 -9.60626179e-002  -9.60626179e-002 -1.60466350e-001 -1.60466350e-001  -1.60466350e-001 4.45994093e-001 4.45994093e-001  4.45994093e-001
 3.13755942e-001 3.13755942e-001  3.13755942e-001 1.41400672e+000 1.41400672e+000  1.41400672e+000 1.47449862e-001 1.47449862e-001  1.47449862e-001 4.56676996e-001 4.56676996e-001  4.56676996e-001 8.49938126e-002 8.49938126e-002  8.49938126e-002
 -2.04255339e-005 -2.04255339e-005  -2.04255339e-005
 -8.76045809e-001 -8.76045809e-001  -8.76045809e-001 -7.83412730e-001 -7.83412730e-001  -7.83412730e-001 -1.29148620e+000 -1.29148620e+000  -1.29148620e+000 -4.44371311e-001 -4.44371311e-001  -4.44371311e-001 -6.65100553e-002 -6.65100553e-002  -6.65100553e-002
 8.40282660e-002 8.40282660e-002  8.40282660e-002 -1.56984831e-001 -1.56984831e-001  -1.56984831e-001 -1.12150240e+000 -1.12150240e+000  -1.12150240e+000 -5.72193838e-001 -5.72193838e-001  -5.72193838e-001 1.17904977e-001 1.17904977e-001  1.17904977e-001
 -5.63442221e-001 -5.63442221e-001  -5.63442221e-001 -7.82247238e-001 -7.82247238e-001  -7.82247238e-001 -8.83810781e-001 -8.83810781e-001  -8.83810781e-001 -1.28312585e+000 -1.28312585e+000  -1.28312585e+000 -1.49367671e+000 -1.49367671e+000  -1.49367671e+000
 -8.52003266e-006 -8.52003266e-006  -8.52003266e-006
 7.65468599e-001 7.65468599e-001  7.65468599e-001 -2.09206671e-001 -2.09206671e-001  -2.09206671e-001 -8.79094473e-001 -8.79094473e-001  -8.79094473e-001 5.25673796e-001 5.25673796e-001  5.25673796e-001 5.68679312e-001 5.68679312e-001  5.68679312e-001
 1.07567409e+000 1.07567409e+000  1.07567409e+000 5.07739778e-001 5.07739778e-001  5.07739778e-001 -2.70139575e-001 -2.70139575e-001  -2.70139575e-001 1.33640488e-001 1.33640488e-001  1.33640488e-001 6.40156319e-001 6.40156319e-001  6.40156319e-001
 4.50029962e-001 4.50029962e-001  4.50029962e-001 5.14091808e-001 5.14091808e-001  5.14091808e-001 4.74482533e-001 4.74482533e-001  4.74482533e-001 -4.05323782e-001 -4.05323782e-001  -4.05323782e-001 5.28219489e-001 5.28219489e-001  5.28219489e-001
 3.61803899e-006 3.61803899e-006  3.61803899e-006
 -4.11438768e-001 -4.11438768e-001  -4.11438768e-001 -6.82865862e-001 -6.82865862e-001  -6.82865862e-001 -1.62894981e+000 -1.62894981e+000  -1.62894981e+000 -2.14329772e-001 -2.14329772e-001  -2.14329772e-001 4.44162348e-001 4.44162348e-001  4.44162348e-001
 -1.19812533e+000 -1.19812533e+000  -1.19812533e+000 -2.67023217e-001 -2.67023217e-001  -2.67023217e-001 -4.11188875e-002 -4.11188875e-002  -4.11188875e-002 -2.74122536e-001 -2.74122536e-001  -2.74122536e-001 8.48558464e-001 8.48558464e-001  8.48558464e-001
 -4.43984546e-001 -4.43984546e-001  -4.43984546e-001 1.90388148e-001 1.90388148e-001  1.90388148e-001 -7.63192574e-001 -7.63192574e-001  -7.63192574e-001 -9.71179075e-001 -9.71179075e-001  -9.71179075e-001 -5.97399039e-001 -5.97399039e-001  -5.97399039e-001
 -6.35566167e-006 -6.35566167e-006  -6.35566167e-006
 1.94471715e+000 1.94471715e+000  1.94471715e+000 6.43386186e-001 6.43386186e-001  6.43386186e-001 -7.29055572e-002 -7.29055572e-002  -7.29055572e-002 4.57196372e-001 4.57196372e-001  4.57196372e-001 5.63545405e-001 5.63545405e-001  5.63545405e-001
 1.09362856e+000 1.09362856e+000  1.09362856e+000 5.65207786e-001 5.65207786e-001  5.65207786e-001 -4.91991468e-003 -4.91991468e-003  -4.91991468e-003 7.41899153e-002 7.41899153e-002  7.41899153e-002 5.20848650e-001 5.20848650e-001  5.20848650e-001
 9.40030725e-001 9.40030725e-001  9.40030725e-001 -1.18639642e+000 -1.18639642e+000  -1.18639642e+000 1.10012373e+000 1.10012373e+000  1.10012373e+000 9.00431982e-001 9.00431982e-001  9.00431982e-001 1.05647264e+000 1.05647264e+000  1.05647264e+000
 -1.68958125e-005 -1.68958125e-005  -1.68958125e-005
 -1.60557318e+000 -1.60557318e+000  -1.60557318e+000 2.51146847e-001 2.51146847e-001  2.51146847e-001 4.41604270e-001 4.41604270e-001  4.41604270e-001 -5.00365449e-001 -5.00365449e-001  -5.00365449e-001 1.87179003e-001 1.87179003e-001  1.87179003e-001
 -9.47001823e-001 -9.47001823e-001  -9.47001823e-001 2.17294830e-001 2.17294830e-001  2.17294830e-001 -6.86191521e-001 -6.86191521e-001  -6.86191521e-001 -1.00136190e+000 -1.00136190e+000  -1.00136190e+000 -9.52783491e-001 -9.52783491e-001  -9.52783491e-001
 -6.39045191e-002 -6.39045191e-002  -6.39045191e-002 -3.38266326e-002 -3.38266326e-002  -3.38266326e-002 -4.83590384e-001 -4.83590384e-001  -4.83590384e-001 -1.52810725e+000 -1.52810725e+000  -1.52810725e+000 -4.95804364e-001 -4.95804364e-001  -4.95804364e-001
 2.24724354e-005 2.24724354e-005  2.24724354e-005
 4.48986678e-001 4.48986678e-001  4.48986678e-001 3.16052584e-001 3.16052584e-001  3.16052584e-001 7.09804842e-002 7.09804842e-002  7.09804842e-002 1.66865494e-001 1.66865494e-001  1.66865494e-001 -1.17399413e+000 -1.17399413e+000  -1.17399413e+000
 6.94298493e-001 6.94298493e-001  6.94298493e-001 4.85630020e-001 4.85630020e-001  4.85630020e-001 5.62359507e-001 5.62359507e-001  5.62359507e-001 1.22096148e+000 1.22096148e+000  1.22096148e+000 -1.92861255e-001 -1.92861255e-001  -1.92861255e-001
 6.88955612e-001 6.88955612e-001  6.88955612e-001 1.03011810e+000 1.03011810e+000  1.03011810e+000 8.52064982e-001 8.52064982e-001  8.52064982e-001 7.37598901e-001 7.37598901e-001  7.37598901e-001 6.50838982e-001 6.50838982e-001  6.50838982e-001
 -3.01033379e-005 -3.01033379e-005  -3.01033379e-005
 1.50226200e+000 1.50226200e+000  1.50226200e+000 -7.76974658e-001 -7.76974658e-001  -7.76974658e-001 -7.55866430e-001 -7.55866430e-001  -7.55866430e-001 -6.71068660e-001 -6.71068660e-001  -6.71068660e-001 2.20998147e-002 2.20998147e-002  2.20998147e-002
 -3.99950583e-001 -3.99950583e-001  -3.99950583e-001 -5.09962443e-001 -5.09962443e-001  -5.09962443e-001 -2.13842969e-001 -2.13842969e-001  -2.13842969e-001 -8.03387728e-001 -8.03387728e-001  -8.03387728e-001 7.26968011e-002 7.26968011e-002  7.26968011e-002
 -1.06920353e+000 -1.06920353e+000  -1.06920353e+000 -1.05374684e-003 -1.05374684e-003  -1.05374684e-003 -9.77515372e-001 -9.77515372e-001  -9.77515372e-001 2.87150971e-001 2.87150971e-001  2.87150971e-001 -1.13405412e+000 -1.13405412e+000  -1.13405412e+000
 5.93229342e-006 5.93229342e-006  5.93229342e-006
 -5.40226106e-001 -5.40226106e-001  -5.40226106e-001 7.88142498e-001 7.88142498e-001  7.88142498e-001 1.28309223e+000 1.28309223e+000  1.28309223e+000 4.79031596e-001 4.79031596e-001  4.79031596e-001 5.79838257e-001 5.79838257e-001  5.79838257e-001
 1.19011283e+000 1.19011283e+000  1.19011283e+000 8.87409146e-001 8.87409146e-001  8.87409146e-001 1.65465665e+000 1.65465665e+000  1.65465665e+000 1.74354287e+000 1.74354287e+000  1.74354287e+000 -6.06046617e-001 -6.06046617e-001  -6.06046617e-001
 7.49838934e-001 7.49838934e-001  7.49838934e-001 2.35943550e-001 2.35943550e-001  2.35943550e-001 1.14569998e+000 1.14569998e+000  1.14569998e+000 -2.09210446e-001 -2.09210446e-001  -2.09210446e-001 9.31179567e-001 9.31179567e-001  9.31179567e-001
 2.02593342e-005 2.02593342e-005  2.02593342e-005
 -3.13789634e-001 -3.13789634e-001  -3.13789634e-001 -3.09238400e-001 -3.09238400e-001  -3.09238400e-001 5.57431125e-001 5.57431125e-001  5.57431125e-001 -3.47871917e-002 -3.47871917e-002  -3.47871917e-002 -5.10760620e-001 -5.10760620e-001  -5.10760620e-001
 3.72111821e-001 3.72111821e-001  3.72111821e-001 -4.01139688e-001 -4.01139688e-001  -4.01139688e-001 4.10398216e-001 4.10398216e-001  4.10398216e-001 3.63067511e-001 3.63067511e-001  3.63067511e-001 -1.12224298e+000 -1.12224298e+000  -1.12224298e+000
 -2.96297059e-001 -2.96297059e-001  -2.96297059e-001 -1.60068572e+000 -1.60068572e+000  -1.60068572e+000 4.58674902e-002 4.58674902e-002  4.58674902e-002 3.54875999e-001 3.54875999e-001  3.54875999e-001 5.03177070e-001 5.03177070e-001  5.03177070e-001
 1.50786451e-005 1.50786451e-005  1.50786451e-005
 1.60160576e+000 1.60160576e+000  1.60160576e+000 -1.69944603e-001 -1.69944603e-001  -1.69944603e-001 1.21541694e-001 1.21541694e-001  1.21541694e-001 4.86110961e-001 4.86110961e-001  4.86110961e-001 -6.67144842e-001 -6.67144842e-001  -6.67144842e-001
 6.38122213e-001 6.38122213e-001  6.38122213e-001 -7.18644047e-002 -7.18644047e-002  -7.18644047e-002 3.24175733e-001 3.24175733e-001  3.24175733e-001 2.43984191e-001 2.43984191e-001  2.43984191e-001 7.22008304e-001 7.22008304e-001  7.22008304e-001
 -5.16477205e-002 -5.16477205e-002  -5.16477205e-002 6.12848388e-001 6.12848388e-001  6.12848388e-001 -1.88003137e-001 -1.88003137e-001  -1.88003137e-001 1.00892654e+000 1.00892654e+000  1.00892654e+000 -3.38455592e-002 -3.38455592e-002  -3.38455592e-002
 -5.93913084e-005 -5.93913084e-005  -5.93913084e-005
 -1.73805956e-001 -1.73805956e-001  -1.73805956e-001 -4.41565849e-001 -4.41565849e-001  -4.41565849e-001 -1.95466695e-001 -1.95466695e-001  -1.95466695e-001 -5.74403830e-001 -5.74403830e-001  -5.74403830e-001 -5.27366633e-001 -5.27366633e-001  -5.27366633e-001
 -2.56050678e-001 -2.56050678e-001  -2.56050678e-001 -7.74416842e-001 -7.74416842e-001  -7.74416842e-001 5.83790308e-001 5.83790308e-001  5.83790308e-001 -1.15522022e+000 -1.15522022e+000  -1.15522022e+000 1.70948741e-001 1.70948741e-001  1.70948741e-001
 -9.69784529e-001 -9.69784529e-001  -9.69784529e-001 -4.04385327e-001 -4.04385327e-001  -4.04385327e-001 -5.03983776e-001 -5.03983776e-001  -5.03983776e-001 -5.09808473e-001 -5.09808473e-001  -5.09808473e-001 -6.75745705e-001 -6.75745705e-001  -6.75745705e-001
 -1.96129703e-005 -1.96129703e-005  -1.96129703e-005
 3.83532185e-001 3.83532185e-001  3.83532185e-001 3.56083494e-001 3.56083494e-001  3.56083494e-001 6.75531660e-002 6.75531660e-002  6.75531660e-002 1.32344635e-001 1.32344635e-001  1.32344635e-001 -1.54020520e-001 -1.54020520e-001  -1.54020520e-001
 -9.16795491e-002 -9.16795491e-002  -9.16795491e-002 8.44121519e-002 8.44121519e-002  8.44121519e-002 7.42183044e-001 7.42183044e-001  7.42183044e-001 -7.07690882e-002 -7.07690882e-002  -7.07690882e-002 -1.49363142e-001 -1.49363142e-001  -1.49363142e-001
 4.08518659e-001 4.08518659e-001  4.08518659e-001 6.88491216e-002 6.88491216e-002  6.88491216e-002 -5.90416255e-002 -5.90416255e-002  -5.90416255e-002 1.50603940e-001 1.50603940e-001  1.50603940e-001 5.97640380e-001 5.97640380e-001  5.97640380e-001
 -2.05714375e-005 -2.05714375e-005  -2.05714375e-005
 -1.70271799e+000 -1.70271216e+000  -1.70269760e+000 -8.62241877e-001 -8.62256477e-001  -8.62292977e-001 -5.75965069e-001 -5.75961854e-001  -5.75953816e-001 -4.01179168e-001 -4.01170489e-001  -4.01148793e-001 -1.46815801e+000 -1.46813721e+000  -1.46808523e+000
 -1.14572839e-001 -1.14581866e-001  -1.14604433e-001 -8.97120055e-001 -8.97114669e-001  -8.97101203e-001 -5.89216044e-001 -5.89252255e-001  -5.89342784e-001 -5.17711023e-001 -5.17697692e-001  -5.17664367e-001 -1.42592004e-001 -1.42621011e-001  -1.42693530e-001
 -7.41408735e-001 -7.41391385e-001  -7.41348009e-001 2.30908754e-001 2.30878368e-001  2.30802403e-001 -5.32032484e-001 -5.32023984e-001  -5.32002733e-001 2.97252315e-001 2.97216823e-001  2.97128093e-001 -1.12489726e+000 -1.12488538e+000  -1.12485569e+000
 -8.04474062e-005 -8.04594424e-005  -8.04895330e-005
 1.58841444e+000 1.58843163e+000  1.58843163e+000 8.26326128e-001 8.26320335e-001  8.26320335e-001 1.47111064e+000 1.47111941e+000  1.47111941e+000 7.67567730e-001 7.67572497e-001  7.67572497e-001 -3.11750100e-001 -3.11746031e-001  -3.11746031e-001
 -2.34879807e-001 -2.34880472e-001  -2.34880472e-001 3.71583959e-001 3.71588917e-001  3.71588917e-001 4.68095614e-001 4.68091098e-001  4.68091098e-001 2.38150773e-001 2.38159472e-001  2.38159472e-001 1.65600065e+000 1.65599116e+000  1.65599116e+000
 7.44020273e-001 7.44030255e-001  7.44030255e-001 -9.36133805e-001 -9.36133989e-001  -9.36133989e-001 8.97755672e-001 8.97762836e-001  8.97762836e-001 1.27198891e+000 1.27197960e+000  1.27197960e+000 8.71766155e-001 8.71772849e-001  8.71772849e-001
 5.43114588e-007 5.36140629e-007  5.36140629e-007
 1.54501515e+000 1.54501515e+000  1.54501515e+000 -3.51568769e-001 -3.51568769e-001  -3.51568769e-001 -3.98763131e-001 -3.98763131e-001  -3.98763131e-001 -2.54997934e-002 -2.54997934e-002  -2.54997934e-002 6.60533367e-001 6.60533367e-001  6.60533367e-001
 -7.67380835e-001 -7.67380835e-001  -7.67380835e-001 -1.64796999e-001 -1.64796999e-001  -1.64796999e-001 -1.46394367e+000 -1.46394367e+000  -1.46394367e+000 4.30119499e-001 4.30119499e-001  4.30119499e-001 -7.11047432e-001 -7.11047432e-001  -7.11047432e-001
 7.51933541e-002 7.51933541e-002  7.51933541e-002 1.70934818e-001 1.70934818e-001  1.70934818e-001 1.04183102e-001 1.04183102e-001  1.04183102e-001 -1.64618128e-001 -1.64618128e-001  -1.64618128e-001 -4.12939185e-001 -4.12939185e-001  -4.12939185e-001
 -1.01035507e-005 -1.01035507e-005  -1.01035507e-005
 -2.10949737e-002 -2.10949737e-002  -2.10949737e-002 7.09102867e-001 7.09102867e-001  7.09102867e-001 6.10651164e-001 6.10651164e-001  6.10651164e-001 4.18923002e-001 4.18923002e-001  4.18923002e-001 4.52462823e-001 4.52462823e-001  4.52462823e-001
 5.86833055e-001 5.86833055e-001  5.86833055e-001 7.55461262e-001 7.55461262e-001  7.55461262e-001 2.49753409e-003 2.49753409e-003  2.49753409e-003 2.49725775e-002 2.49725775e-002  2.49725775e-002 -1.12675077e+000 -1.12675077e+000  -1.12675077e+000
 1.23602472e-001 1.23602472e-001  1.23602472e-001 -8.49755691e-001 -8.49755691e-001  -8.49755691e-001 8.97366405e-001 8.97366405e-001  8.97366405e-001 4.19240335e-001 4.19240335e-001  4.19240335e-001 3.47935705e-001 3.47935705e-001  3.47935705e-001
 2.32815284e-005 2.32815284e-005  2.32815284e-005
 7.57015965e-001 7.57015965e-001  7.57015965e-001 -4.84810299e-001 -4.84810299e-001  -4.84810299e-001 2.60758055e-001 2.60758055e-001  2.60758055e-001 -6.68810026e-001 -6.68810026e-001  -6.68810026e-001 3.79620449e-001 3.79620449e-001  3.79620449e-001
 -1.34869265e+000 -1.34869265e+000  -1.34869265e+000 -3.35035574e-001 -3.35035574e-001  -3.35035574e-001 -6.80512186e-002 -6.80512186e-002  -6.80512186e-002 -8.15606525e-001 -8.15606525e-001  -8.15606525e-001 -2.21675575e-001 -2.21675575e-001  -2.21675575e-001
 -7.48129163e-001 -7.48129163e-001  -7.48129163e-001 -1.47889589e+000 -1.47889589e+000  -1.47889589e+000 -8.03653894e-001 -8.03653894e-001  -8.03653894e-001 -5.94912152e-001 -5.94912152e-001  -5.94912152e-001 -9.46064819e-001 -9.46064819e-001  -9.46064819e-001
 -9.21510794e-006 -9.21510794e-006  -9.21510794e-006
 1.54436379e+000 1.54436379e+000  1.54436379e+000 -8.01947970e-002 -8.01947970e-002  -8.01947970e-002 -4.55236768e-001 -4.55236768e-001  -4.55236768e-001 -2.12979128e-001 -2.12979128e-001  -2.12979128e-001 -5.32905291e-001 -5.32905291e-001  -5.32905291e-001
 1.36590342e-001 1.36590342e-001  1.36590342e-001 -2.49569102e-001 -2.49569102e-001  -2.49569102e-001 2.99695379e-002 2.99695379e-002  2.99695379e-002 4.07379654e-002 4.07379654e-002  4.07379654e-002 -1.59305127e+000 -1.59305127e+000  -1.59305127e+000
 5.11646621e-001 5.11646621e-001  5.11646621e-001 3.47898117e-001 3.47898117e-001  3.47898117e-001 -4.75510800e-001 -4.75510800e-001  -4.75510800e-001 3.82049402e-001 3.82049402e-001  3.82049402e-001 3.13299892e-001 3.13299892e-001  3.13299892e-001
 -3.86120846e-005 -3.86120846e-005  -3.86120846e-005
 -2.15291478e+000 -2.15291479e+000  -2.15291482e+000 -1.41873753e-001 -1.41873728e-001  -1.41873665e-001 -3.78263043e-001 -3.78263154e-001  -3.78263431e-001 -2.90486625e-001 -2.90486638e-001  -2.90486671e-001 6.94015663e-001 6.94015557e-001  6.94015293e-001
 -2.72403984e-002 -2.72403928e-002  -2.72403788e-002 -4.06448857e-001 -4.06448867e-001  -4.06448892e-001 2.45547681e-001 2.45547730e-001  2.45547851e-001 -2.05527137e-001 -2.05527199e-001  -2.05527356e-001 -1.36782863e-001 -1.36782849e-001  -1.36782815e-001
 -1.14313618e+000 -1.14313619e+000  -1.14313623e+000 8.45813407e-001 8.45813513e-001  8.45813778e-001 -1.02468375e+000 -1.02468376e+000  -1.02468377e+000 -9.04205354e-001 -9.04205288e-001  -9.04205122e-001 -1.93526135e-002 -1.93526288e-002  -1.93526670e-002
 -8.96742926e-005 -8.96742346e-005  -8.96740894e-005
 1.31879753e-001 1.31879753e-001  1.31879753e-001 -1.55834531e-001 -1.55834531e-001  -1.55834531e-001 6.32564815e-001 6.32564815e-001  6.32564815e-001 3.91297033e-001 3.91297033e-001  3.91297033e-001 -1.73593728e-001 -1.73593728e-001  -1.73593728e-001
 6.91536549e-001 6.91536549e-001  6.91536549e-001 -1.06643710e-001 -1.06643710e-001  -1.06643710e-001 1.60022044e+000 1.60022044e+000  1.60022044e+000 -1.14292846e-001 -1.14292846e-001  -1.14292846e-001 1.08319370e+000 1.08319370e+000  1.08319370e+000
 -3.24715275e-002 -3.24715275e-002  -3.24715275e-002 -7.59818090e-001 -7.59818090e-001  -7.59818090e-001 1.38632812e-001 1.38632812e-001  1.38632812e-001 2.82204510e+000 2.82204510e+000  2.82204510e+000 1.84525699e-001 1.84525699e-001  1.84525699e-001
 -1.34567595e-006 -1.34567595e-006  -1.34567595e-006
 -3.68350883e-001 -3.68350892e-001  -3.68350915e-001 -1.11569901e+000 -1.11569898e+000  -1.11569892e+000 -5.52482883e-001 -5.52482994e-001  -5.52483271e-001 -9.71181232e-001 -9.71181245e-001  -9.71181278e-001 -2.00830926e-001 -2.00831032e-001  -2.00831297e-001
 -9.53915847e-001 -9.53915842e-001  -9.53915828e-001 -1.36297673e+000 -1.36297674e+000  -1.36297677e+000 -9.51023625e-001 -9.51023576e-001  -9.51023455e-001 -1.10683492e+000 -1.10683499e+000  -1.10683514e+000 -1.56119623e+000 -1.56119621e+000  -1.56119618e+000
 -1.66385491e+000 -1.66385492e+000  -1.66385496e+000 -1.18471506e-001 -1.18471400e-001  -1.18471135e-001 -1.69750823e+000 -1.69750823e+000  -1.69750824e+000 5.06454371e-001 5.06454438e-001  5.06454603e-001 -1.23624955e+000 -1.23624956e+000  -1.23624960e+000
 -1.88149473e-004 -1.88149415e-004  -1.88149270e-004
 2.79603458e+000 2.79604040e+000  2.79605496e+000 1.26390373e+000 1.26388913e+000  1.26385263e+000 1.78860268e+000 1.78860590e+000  1.78861393e+000 8.31672746e-001 8.31681424e-001  8.31703121e-001 1.25718193e+000 1.25720272e+000  1.25725470e+000
 -1.84083675e-001 -1.84092702e-001  -1.84115269e-001 6.78696834e-001 6.78702221e-001  6.78715687e-001 1.17801131e+000 1.17797510e+000  1.17788457e+000 6.80994142e-001 6.81007472e-001  6.81040797e-001 2.90420386e-001 2.90391378e-001  2.90318860e-001
 5.91757818e-001 5.91775169e-001  5.91818545e-001 7.38755991e-001 7.38725606e-001  7.38649641e-001 7.77082663e-001 7.77091163e-001  7.77112414e-001 4.72364735e-001 4.72329243e-001  4.72240513e-001 5.98117076e-001 5.98128956e-001  5.98158653e-001
 -2.04502452e-005 -2.04622815e-005  -2.04923720e-005
 -9.05394078e-001 -9.05376886e-001  -9.05376886e-001 -5.68606448e-001 -5.68612240e-001  -5.68612240e-001 -7.36318410e-001 -7.36309632e-001  -7.36309632e-001 -3.06795216e-001 -3.06790448e-001  -3.06790448e-001 -1.21572102e+000 -1.21571696e+000  -1.21571696e+000
 -6.63881776e-001 -6.63882442e-001  -6.63882442e-001 -2.73532873e-001 -2.73527915e-001  -2.73527915e-001 -1.63332489e+000 -1.63332941e+000  -1.63332941e+000 -4.09608965e-001 -4.09600266e-001  -4.09600266e-001 -1.03505853e+000 -1.03506803e+000  -1.03506803e+000
 -1.35398618e-001 -1.35388636e-001  -1.35388636e-001 -2.31814837e+000 -2.31814855e+000  -2.31814855e+000 -4.41330157e-002 -4.41258518e-002  -4.41258518e-002 -2.99355843e-001 -2.99365146e-001  -2.99365146e-001 -3.58800956e-001 -3.58794261e-001  -3.58794261e-001
 4.37191894e-006 4.36494498e-006  4.36494498e-006
 9.77785144e-001 9.77791840e-001  9.77793012e-001 6.67545939e-001 6.67542665e-001  6.67539729e-001 1.09713302e+000 1.09713646e+000  1.09713710e+000 6.94865700e-001 6.94868125e-001  6.94869871e-001 1.62385109e+000 1.62385424e+000  1.62385842e+000
 5.75221201e-002 5.75211526e-002  5.75193363e-002 1.00785453e+000 1.00785676e+000  1.00785784e+000 9.53976437e-001 9.53971887e-001  9.53964602e-001 6.42467179e-001 6.42471403e-001  6.42474081e-001 8.84056260e-001 8.84050485e-001  8.84044647e-001
 6.25894285e-001 6.25899298e-001  6.25902789e-001 -1.89893982e-001 -1.89896492e-001  -1.89902601e-001 9.76305257e-001 9.76308536e-001  9.76310247e-001 4.20542500e-001 4.20536275e-001  4.20529136e-001 9.71469566e-001 9.71472948e-001  9.71475337e-001
 7.40296002e-006 7.39946611e-006  7.39704738e-006
 -1.05421143e-002 -1.05317126e-002  -1.05248837e-002 -1.65695535e-001 -1.65704965e-001  -1.65722079e-001 1.42761180e-003 1.43298361e-003  1.43662233e-003 -2.23987737e-001 -2.23981540e-001  -2.23971365e-001 4.10705815e-004 4.22235962e-004  4.46522305e-004
 -5.08875882e-003 -5.09329292e-003  -5.10388625e-003 -2.63211472e-001 -2.63206736e-001  -2.63200424e-001 1.30418132e-003 1.28518049e-003  1.24271642e-003 4.56424363e-002 4.56525480e-002  4.56681242e-002 1.37510103e-002 1.37331536e-002  1.36991062e-002
 2.04955749e-002 2.05081720e-002  2.05285311e-002 4.25205559e-003 4.23775252e-003  4.20220073e-003 1.33241096e-001 1.33248283e-001  1.33258262e-001 -1.22451467e-002 -1.22659360e-002  -1.23075332e-002 -2.20121557e-002 -2.20035965e-002  -2.19896656e-002
 -9.39655488e-005 -9.39742897e-005  -9.39883633e-005
 -5.47210399e-002 -5.47063983e-002  -5.46970805e-002 7.35662533e-002 7.35532349e-002  7.35298831e-002 -3.89644869e-002 -3.89569294e-002  -3.89519677e-002 2.02678076e-001 2.02686656e-001  2.02700540e-001 1.63852807e-002 1.64011186e-002  1.64342543e-002
 6.74169607e-002 6.74107565e-002  6.73963019e-002 -5.52182257e-002 -5.52116328e-002  -5.52030197e-002 7.13266957e-002 7.13006516e-002  7.12427104e-002 2.83563599e-002 2.83703838e-002  2.83916359e-002 1.26375470e-001 1.26350857e-001  1.26304400e-001
 1.37757307e-001 1.37774756e-001  1.37802536e-001 1.06440109e-001 1.06420588e-001  1.06372081e-001 -6.04523940e-002 -6.04423996e-002  -6.04287838e-002 -1.58753361e-002 -1.59039451e-002  -1.59607030e-002 6.46180693e-002 6.46299229e-002  6.46489314e-002
 -8.60307301e-005 -8.60428350e-005  -8.60620283e-005
 1.00950301e+000 1.00952106e+000  1.00953247e+000 -4.79481729e-001 -4.79497710e-001  -4.79526303e-001 2.42609902e-001 2.42619223e-001  2.42625313e-001 -5.07489056e-001 -5.07478517e-001  -5.07461517e-001 -3.01245498e-001 -3.01226073e-001  -3.01185489e-001
 -1.53434346e+000 -1.53435106e+000  -1.53436875e+000 -8.90679748e-001 -8.90671640e-001  -8.90661093e-001 -1.24117168e+000 -1.24120360e+000  -1.24127455e+000 -8.06910906e-001 -8.06893672e-001  -8.06867644e-001 -1.97249170e+000 -1.97252190e+000  -1.97257878e+000
 -1.10457136e+000 -1.10454993e+000  -1.10451591e+000 -1.53042011e+000 -1.53044402e+000  -1.53050342e+000 -9.28844508e-001 -9.28832220e-001  -9.28815550e-001 3.33793136e-001 3.33758039e-001  3.33688540e-001 -9.72006603e-001 -9.71992043e-001  -9.71968768e-001
 -1.59371088e-004 -1.59385957e-004  -1.59409456e-004
 1.62032972e+000 1.62032972e+000  1.62032972e+000 8.03562289e-001 8.03562289e-001  8.03562289e-001 1.33185864e+000 1.33185864e+000  1.33185864e+000 1.65835596e-001 1.65835596e-001  1.65835596e-001 7.63287346e-001 7.63287346e-001  7.63287346e-001
 1.44133130e+000 1.44133130e+000  1.44133130e+000 1.12368020e+000 1.12368020e+000  1.12368020e+000 2.85794226e-001 2.85794226e-001  2.85794226e-001 1.20226199e+000 1.20226199e+000  1.20226199e+000 -1.47227688e+000 -1.47227688e+000  -1.47227688e+000
 2.81697335e-001 2.81697335e-001  2.81697335e-001 -1.58424508e+000 -1.58424508e+000  -1.58424508e+000 2.27300117e-002 2.27300117e-002  2.27300117e-002 1.72270484e+000 1.72270484e+000  1.72270484e+000 -3.48734156e-001 -3.48734156e-001  -3.48734156e-001
 -3.71074858e-005 -3.71074858e-005  -3.71074858e-005
 6.14716312e-001 6.14716312e-001  6.14716312e-001 -8.19892415e-001 -8.19892415e-001  -8.19892415e-001 9.67860477e-001 9.67860477e-001  9.67860477e-001 -4.73427369e-001 -4.73427369e-001  -4.73427369e-001 -9.90027211e-001 -9.90027211e-001  -9.90027211e-001
 -2.66248480e+000 -2.66248480e+000  -2.66248480e+000 -7.34835081e-001 -7.34835081e-001  -7.34835081e-001 -6.67379206e-001 -6.67379206e-001  -6.67379206e-001 -1.25080324e+000 -1.25080324e+000  -1.25080324e+000 -1.28545399e+000 -1.28545399e+000  -1.28545399e+000
 -1.06671282e+000 -1.06671282e+000  -1.06671282e+000 -1.30452967e+000 -1.30452967e+000  -1.30452967e+000 6.96798724e-002 6.96798724e-002  6.96798724e-002 -3.64280871e-001 -3.64280871e-001  -3.64280871e-001 -5.40139598e-001 -5.40139598e-001  -5.40139598e-001
 -5.21994323e-005 -5.21994323e-005  -5.21994323e-005
 -1.76847924e-001 -1.76847924e-001  -1.76847924e-001 9.96419328e-001 9.96419328e-001  9.96419328e-001 -5.76179984e-001 -5.76179984e-001  -5.76179984e-001 9.89673657e-001 9.89673657e-001  9.89673657e-001 4.22070353e-001 4.22070353e-001  4.22070353e-001
 -5.20360427e-002 -5.20360427e-002  -5.20360427e-002 -4.76892475e-001 -4.76892475e-001  -4.76892475e-001 -2.53526231e-001 -2.53526231e-001  -2.53526231e-001 -9.60876480e-001 -9.60876480e-001  -9.60876480e-001 5.61610857e-001 5.61610857e-001  5.61610857e-001
 -6.12440364e-001 -6.12440364e-001  -6.12440364e-001 8.10799130e-001 8.10799130e-001  8.10799130e-001 4.91010099e-001 4.91010099e-001  4.91010099e-001 -6.50330554e-002 -6.50330554e-002  -6.50330554e-002 1.14860559e+000 1.14860559e+000  1.14860559e+000
 -6.47634442e-005 -6.47634442e-005  -6.47634442e-005
 -9.55398367e-002 -9.55168294e-002  -9.55022902e-002 -9.49947154e-001 -9.49967522e-001  -9.50003960e-001 -7.63018864e-001 -7.63006982e-001  -7.62999221e-001 -6.57491587e-001 -6.57478154e-001  -6.57456491e-001 1.26368601e-001 1.26393357e-001  1.26445074e-001
 -3.74475281e-002 -3.74572145e-002  -3.74797675e-002 -3.68346065e-001 -3.68335730e-001  -3.68322290e-001 -2.59631538e-001 -2.59672218e-001  -2.59762625e-001 6.95737563e-001 6.95759530e-001  6.95792698e-001 4.22230324e-001 4.22191832e-001  4.22119347e-001
 7.32079946e-001 7.32107265e-001  7.32150609e-001 9.32406663e-001 9.32376199e-001  9.32300499e-001 -9.85508524e-001 -9.85492862e-001  -9.85471619e-001 -4.12824955e-002 -4.13272239e-002  -4.14157887e-002 -6.73844995e-001 -6.73826437e-001  -6.73796777e-001
 -5.01574369e-005 -5.01763890e-005  -5.02063343e-005
 -4.25692368e+000 -4.25696411e+000 -4.25705112e+000
 1.61302991e+000 1.61300757e+000 1.61296346e+000
 -2.66144360e+000 -2.66149431e+000 -2.66158160e+000
 -9.66208016e-001 -9.66233379e-001 -9.66274472e-001
 -2.37492248e+000 -2.37494572e+000 -2.37499910e+000
 3.81563384e+000 3.81563112e+000 3.81562477e+000
 -1.38319910e+000 -1.38320821e+000 -1.38321929e+000
 4.00006846e+000 4.00004956e+000 4.00000533e+000
 -2.05146990e+000 -2.05151145e+000 -2.05158072e+000
 3.42111100e+000 3.42109413e+000 3.42106030e+000
 -2.00095672e+000 -2.00098089e+000 -2.00101681e+000
 3.35690726e+000 3.35688869e+000 3.35684238e+000
 -1.83166722e+000 -1.83167802e+000 -1.83169168e+000
 3.92915883e+000 3.92913893e+000 3.92909604e+000
 -1.87154037e+000 -1.87155324e+000 -1.87157373e+000
 1.42560947e-003 1.39761300e-003 1.35256625e-003
