    8     13     50      1  9723   4855 
    0.700      0.400   20000  100      0.000      0.000    100     16 
    0.990 	     0.010 
   2 
    1.9875e+000   0.0000e+000  
  5.7000e+001  -8.0000e+000  
  4.4837e+000   0.0000e+000  
  1.8824e+002   1.7539e+002  
  1.0000e+000   0.0000e+000  
  1.0000e+000   0.0000e+000  
  1.0000e+000   0.0000e+000  
  1.0000e+000   0.0000e+000  
   2.6556e+002   0.0000e+000  
  itr    nh   avger[]   r2avg    mare[] 
100  16 1.195e+002   3.212e-001  1.000e+001 7.060e+002 
100  16 1.225e+002   2.337e-002  1.000e+003 8.164e+002 
   1  3.2124e-001   7.0600e+002   4.9787e+007   1.1948e+000 
  4.7811e+001   6.8361e-001 
   1  2.3374e-002   8.1643e+002   5.7574e+007   1.2247e+000 
  1.4883e+001   1.9401e-001 
