  1.3243e+001  3.2987e+001 -5.4405e+000 -1.2388e+001 -8.4209e+000
  1.4636e+000 -8.5957e+000 -6.5102e+000 -5.2941e+000 -3.3183e+000
  3.6391e+000 -1.3725e+001 -3.9944e+000 -5.6830e+000 -5.2358e+000
 -5.7067e-001
  4.2284e+000
 -4.80708283e-001 -4.80708283e-001  -4.80708283e-001 3.79377058e+001 3.79377058e+001  3.79377058e+001 -3.60814582e+000 -3.60814582e+000  -3.60814582e+000 -2.14582524e+000 -2.14529036e+000  -2.14481378e+000 8.86218603e+000 8.86218603e+000  8.86218603e+000
 -8.73240683e-001 -8.73240681e-001  -8.73240680e-001 -7.13438217e+000 -7.13438217e+000  -7.13438217e+000 9.09882327e+000 9.09882569e+000  9.09882761e+000 3.32218604e+000 3.32231650e+000  3.32241710e+000 7.11829991e-001 7.10488899e-001  7.09416474e-001
 1.24044785e+001 1.24044898e+001  1.24044997e+001 1.24262597e+001 1.24262597e+001  1.24262597e+001 5.04485987e+000 5.04485987e+000  5.04485987e+000 1.13816334e+000 1.13875717e+000  1.13925058e+000 3.79064503e+000 3.79172500e+000  3.79267550e+000
 4.17388563e-002 4.18628565e-002  4.19674168e-002
 -5.47572610e-001 -5.47572610e-001  -5.47572610e-001 1.18609442e+001 1.18609442e+001  1.18609442e+001 1.51325544e+000 1.51325544e+000  1.51325544e+000 -7.47299830e+000 -7.47299830e+000  -7.47299830e+000 -8.51204223e+000 -8.51204223e+000  -8.51204223e+000
 1.80179890e+000 1.80179890e+000  1.80179890e+000 -2.80865081e-001 -2.80865081e-001  -2.80865081e-001 -5.19291785e+000 -5.19291785e+000  -5.19291785e+000 -9.06110299e+000 -9.06110299e+000  -9.06110299e+000 -9.16719221e-001 -9.16719221e-001  -9.16719221e-001
 7.65583359e-002 7.65583359e-002  7.65583359e-002 -1.52710281e+001 -1.52710281e+001  -1.52710281e+001 -1.73590218e+000 -1.73590218e+000  -1.73590218e+000 6.71641161e-001 6.71641161e-001  6.71641161e-001 -2.74330645e+000 -2.74330645e+000  -2.74330645e+000
 -5.77976616e-002 -5.77976616e-002  -5.77976616e-002
 -5.27005013e+000 -5.27005122e+000  -5.27005393e+000 5.42376751e+000 5.42376751e+000  5.42376751e+000 -7.97468767e+000 -7.97468767e+000  -7.97468767e+000 -8.48796669e+000 -8.48796669e+000  -8.48796669e+000 1.17148750e+000 1.17148750e+000  1.17148750e+000
 -7.52522828e-001 -7.52522833e-001  -7.52522847e-001 -3.57686142e-001 -3.57686142e-001  -3.57686142e-001 -2.81275012e+000 -2.81275012e+000  -2.81275012e+000 3.77219246e+000 3.77219246e+000  3.77219246e+000 -4.99610018e-001 -4.99610018e-001  -4.99610018e-001
 2.82197132e-001 2.82197132e-001  2.82197132e-001 -2.41938277e+000 -2.41937879e+000  -2.41936884e+000 -4.09069587e+000 -4.09069587e+000  -4.09069587e+000 -7.06510626e+000 -7.06510626e+000  -7.06510626e+000 1.45463735e+000 1.45463705e+000  1.45463629e+000
 2.49592940e-001 2.49591763e-001  2.49588820e-001
 1.48160096e+000 1.48160096e+000  1.48160096e+000 -4.51814267e+000 -4.51814267e+000  -4.51814267e+000 -5.70017559e+000 -5.70017559e+000  -5.70017559e+000 9.37163515e+000 9.37163515e+000  9.37163515e+000 -1.63341376e+001 -1.63341376e+001  -1.63341376e+001
 -8.73145405e-001 -8.73145405e-001  -8.73145405e-001 1.03693737e-001 1.03693737e-001  1.03693737e-001 -1.98210846e+000 -1.98210846e+000  -1.98210846e+000 -1.43886474e+001 -1.43886474e+001  -1.43886474e+001 -9.74835085e+000 -9.74835085e+000  -9.74835085e+000
 -2.30946642e+000 -2.30946642e+000  -2.30946642e+000 -8.26282766e+000 -8.26282766e+000  -8.26282766e+000 -4.28985527e+000 -4.28985527e+000  -4.28985527e+000 -6.96561694e+000 -6.96561694e+000  -6.96561694e+000 -6.84065051e+000 -6.84065051e+000  -6.84065051e+000
 -1.11111121e+000 -1.11111121e+000  -1.11111121e+000
 2.12525592e+001 2.12525592e+001  2.12525592e+001 -9.64816135e+000 -9.64816135e+000  -9.64816135e+000 8.84268393e+000 8.84268393e+000  8.84268393e+000 -9.90511223e+000 -9.90511223e+000  -9.90511223e+000 4.41695419e+000 4.41695419e+000  4.41695419e+000
 1.37271873e+000 1.37271873e+000  1.37271873e+000 -4.68840638e+000 -4.68840638e+000  -4.68840638e+000 -9.35060718e+000 -9.35060718e+000  -9.35060718e+000 7.88942762e+000 7.88942762e+000  7.88942762e+000 4.11129425e+000 4.11129425e+000  4.11129425e+000
 -6.74789387e+000 -6.74789387e+000  -6.74789387e+000 -6.49264066e+000 -6.49264066e+000  -6.49264066e+000 -2.30941065e-001 -2.30941065e-001  -2.30941065e-001 4.53482573e+000 4.53482573e+000  4.53482573e+000 -3.73910985e+000 -3.73910985e+000  -3.73910985e+000
 -7.34635542e-002 -7.34635542e-002  -7.34635542e-002
 -1.57159662e+001 -1.57159662e+001  -1.57159662e+001 2.34016260e+001 2.34016260e+001  2.34016260e+001 -8.11675825e+000 -8.11675825e+000  -8.11675825e+000 5.08109068e-002 5.13457870e-002  5.18223617e-002 9.86887117e+000 9.86887117e+000  9.86887117e+000
 -8.31015343e+000 -8.31015343e+000  -8.31015343e+000 1.40348622e+000 1.40348622e+000  1.40348622e+000 -8.30031311e+000 -8.30031069e+000  -8.30030877e+000 7.48329956e-002 7.49634521e-002  7.50640596e-002 2.64678384e+000 2.64544274e+000  2.64437032e+000
 1.26247891e+001 1.26248004e+001  1.26248103e+001 8.12504539e+000 8.12504538e+000  8.12504538e+000 -9.47838785e+000 -9.47838785e+000  -9.47838785e+000 5.56104811e+000 5.56164194e+000  5.56213535e+000 -1.37347896e+000 -1.37239899e+000  -1.37144849e+000
 -7.95939614e-001 -7.95815613e-001  -7.95711053e-001
 1.70791611e+001 1.70791611e+001  1.70791611e+001 -1.88864696e+000 -1.88864696e+000  -1.88864696e+000 -1.06925879e+001 -1.06925879e+001  -1.06925879e+001 -3.29852978e+000 -3.29852978e+000  -3.29852978e+000 8.90417151e+000 8.90417151e+000  8.90417151e+000
 6.18430308e+000 6.18430308e+000  6.18430308e+000 -1.01995720e+000 -1.01995720e+000  -1.01995720e+000 -5.92900029e+000 -5.92900029e+000  -5.92900029e+000 -8.28185998e+000 -8.28185998e+000  -8.28185998e+000 1.48510227e+000 1.48510227e+000  1.48510227e+000
 -1.36150127e+000 -1.36150127e+000  -1.36150127e+000 -3.46691703e+000 -3.46691703e+000  -3.46691703e+000 -5.46178716e+000 -5.46178716e+000  -5.46178716e+000 -1.60243173e+000 -1.60243173e+000  -1.60243173e+000 -4.87630606e+000 -4.87630606e+000  -4.87630606e+000
 1.81054621e-001 1.81054621e-001  1.81054621e-001
 1.43968853e+001 1.43968853e+001  1.43968853e+001 6.24794475e+000 6.24794475e+000  6.24794475e+000 -7.11993226e+000 -7.11993226e+000  -7.11993226e+000 -2.03192673e+000 -2.03192673e+000  -2.03192673e+000 6.29272498e+000 6.29272498e+000  6.29272498e+000
 1.06269184e+001 1.06269184e+001  1.06269184e+001 -6.05195476e-001 -6.05195476e-001  -6.05195476e-001 -4.83562282e+000 -4.83562282e+000  -4.83562282e+000 1.27416693e+000 1.27416693e+000  1.27416693e+000 1.81003707e+000 1.81003707e+000  1.81003707e+000
 1.69650810e+000 1.69650810e+000  1.69650810e+000 1.03526132e+001 1.03526132e+001  1.03526132e+001 -5.52094576e+000 -5.52094576e+000  -5.52094576e+000 4.24629186e+000 4.24629186e+000  4.24629186e+000 -1.18590830e-001 -1.18590830e-001  -1.18590830e-001
 6.72470154e-001 6.72470154e-001  6.72470154e-001
 1.28182955e+001 1.28182955e+001  1.28182955e+001 9.08967301e+000 9.08967301e+000  9.08967301e+000 9.70720938e+000 9.70720938e+000  9.70720938e+000 -1.14824543e+001 -1.14824543e+001  -1.14824543e+001 -2.42195141e+001 -2.42195141e+001  -2.42195141e+001
 -2.17940309e+000 -2.17940309e+000  -2.17940309e+000 3.33808573e-001 3.33808573e-001  3.33808573e-001 1.22243367e+001 1.22243367e+001  1.22243367e+001 -1.10519082e+001 -1.10519082e+001  -1.10519082e+001 -3.83550435e+000 -3.83550435e+000  -3.83550435e+000
 -5.66153256e+000 -5.66153256e+000  -5.66153256e+000 -2.86240183e+001 -2.86240183e+001  -2.86240183e+001 6.49406985e+000 6.49406985e+000  6.49406985e+000 -1.97785136e+000 -1.97785136e+000  -1.97785136e+000 3.18121969e-001 3.18121969e-001  3.18121969e-001
 -7.17018281e-002 -7.17018281e-002  -7.17018281e-002
 8.31203366e+000 8.31203366e+000  8.31203366e+000 5.77344073e+000 5.77344073e+000  5.77344073e+000 1.33432721e+001 1.33432721e+001  1.33432721e+001 -2.41928760e+000 -2.41928760e+000  -2.41928760e+000 -1.58424410e+001 -1.58424410e+001  -1.58424410e+001
 -3.90290570e+000 -3.90290570e+000  -3.90290570e+000 -4.17736903e+000 -4.17736903e+000  -4.17736903e+000 6.81580206e+000 6.81580206e+000  6.81580206e+000 9.08202723e+000 9.08202723e+000  9.08202723e+000 -2.56611646e+000 -2.56611646e+000  -2.56611646e+000
 7.37794859e+000 7.37794859e+000  7.37794859e+000 3.43377419e+000 3.43377419e+000  3.43377419e+000 7.53637099e+000 7.53637099e+000  7.53637099e+000 -2.23576969e+000 -2.23576969e+000  -2.23576969e+000 2.35244757e+000 2.35244757e+000  2.35244757e+000
 1.66915570e-001 1.66915570e-001  1.66915570e-001
 1.02537053e+001 1.02537042e+001  1.02537015e+001 -9.99760862e+000 -9.99760862e+000  -9.99760862e+000 -1.63096907e+001 -1.63096907e+001  -1.63096907e+001 -3.04647872e+000 -3.04647872e+000  -3.04647872e+000 1.04147311e+001 1.04147311e+001  1.04147311e+001
 2.35953193e+000 2.35953193e+000  2.35953191e+000 -9.50229127e-001 -9.50229127e-001  -9.50229127e-001 -2.08318728e+000 -2.08318728e+000  -2.08318728e+000 -8.82919840e+000 -8.82919840e+000  -8.82919840e+000 -7.06871383e+000 -7.06871383e+000  -7.06871383e+000
 -1.81350918e+001 -1.81350918e+001  -1.81350918e+001 -7.76367851e+000 -7.76367453e+000  -7.76366458e+000 -4.92690541e+000 -4.92690541e+000  -4.92690541e+000 -6.87611679e+000 -6.87611679e+000  -6.87611679e+000 -2.16145548e+000 -2.16145578e+000  -2.16145653e+000
 -2.28628976e-001 -2.28630153e-001  -2.28633097e-001
 -3.03663908e+001 -3.03663908e+001  -3.03663908e+001 8.85053675e+000 8.85053675e+000  8.85053675e+000 1.27612275e+001 1.27612275e+001  1.27612275e+001 4.16636580e+000 4.16636580e+000  4.16636580e+000 -5.15637156e+000 -5.15637156e+000  -5.15637156e+000
 -3.36600079e+000 -3.36600079e+000  -3.36600079e+000 -6.52655090e+000 -6.52655090e+000  -6.52655090e+000 -7.23697907e+000 -7.23697907e+000  -7.23697907e+000 1.02395491e+001 1.02395491e+001  1.02395491e+001 2.23936690e+000 2.23936690e+000  2.23936690e+000
 8.29622222e+000 8.29622222e+000  8.29622222e+000 -8.66012403e-001 -8.66012403e-001  -8.66012403e-001 7.34443428e+000 7.34443428e+000  7.34443428e+000 -4.80126337e+000 -4.80126337e+000  -4.80126337e+000 -2.21852264e+000 -2.21852264e+000  -2.21852264e+000
 -8.75210554e-001 -8.75210554e-001  -8.75210554e-001
 -5.22600436e+000 -5.22600436e+000  -5.22600436e+000 -2.23931043e+000 -2.23931043e+000  -2.23931043e+000 7.86923318e+000 7.86923318e+000  7.86923318e+000 1.16294951e+001 1.16294951e+001  1.16294951e+001 2.50428148e-001 2.50428148e-001  2.50428148e-001
 4.93220407e+000 4.93220407e+000  4.93220407e+000 2.64880705e-001 2.64880705e-001  2.64880705e-001 2.99002474e+000 2.99002474e+000  2.99002474e+000 4.70146669e+000 4.70146669e+000  4.70146669e+000 2.63159101e+000 2.63159101e+000  2.63159101e+000
 -1.07049769e+000 -1.07049769e+000  -1.07049769e+000 -3.00386296e+000 -3.00386296e+000  -3.00386296e+000 1.08655129e+000 1.08655129e+000  1.08655129e+000 -3.61869955e+000 -3.61869955e+000  -3.61869955e+000 -2.49383182e-001 -2.49383182e-001  -2.49383182e-001
 -1.92510790e-001 -1.92510790e-001  -1.92510790e-001
 1.14481704e+001 1.14481701e+001  1.14481693e+001 -4.88971764e+001 -4.88971764e+001  -4.88971764e+001 4.35945325e+001 4.35945325e+001  4.35945325e+001 -1.22097398e+000 -1.22097115e+000  -1.22096864e+000 3.60623916e+001 3.60623916e+001  3.60623916e+001
 -1.49000034e+001 -1.49000035e+001  -1.49000035e+001 -1.23089502e+000 -1.23089502e+000  -1.23089502e+000 -2.24826212e+001 -2.24826212e+001  -2.24826212e+001 -1.90952969e+001 -1.90952962e+001  -1.90952956e+001 -7.99171485e+001 -7.99171555e+001  -7.99171612e+001
 -6.46726978e+000 -6.46726972e+000  -6.46726967e+000 5.59885015e+001 5.59885026e+001  5.59885056e+001 -4.36060848e+000 -4.36060848e+000  -4.36060848e+000 2.22917094e+001 2.22917126e+001  2.22917152e+001 -1.22238186e+000 -1.22237624e+000  -1.22237145e+000
 4.23874714e-001 4.23875016e-001  4.23874687e-001
 8.33491974e+000 8.33491927e+000  8.33491811e+000 1.47099411e+001 1.47099411e+001  1.47099411e+001 4.24215456e-001 4.24215456e-001  4.24215456e-001 -8.83270128e+000 -8.83250436e+000  -8.83232981e+000 1.03177177e+000 1.03177177e+000  1.03177177e+000
 -2.25040077e+000 -2.25040077e+000  -2.25040078e+000 2.72668306e+000 2.72668306e+000  2.72668306e+000 1.78103442e-001 1.78104312e-001  1.78104963e-001 -5.15073963e-001 -5.15027193e-001  -5.14993544e-001 -6.39644670e-001 -6.40128198e-001  -6.40495060e-001
 -1.94658874e+001 -1.94658832e+001  -1.94658795e+001 -1.56296292e-001 -1.56294578e-001  -1.56290286e-001 -1.54386585e+000 -1.54386585e+000  -1.54386585e+000 2.05011301e-001 2.05226349e-001  2.05398003e-001 -7.99413380e-001 -7.99018980e-001  -7.98678919e-001
 -4.39471068e-001 -4.39426565e-001  -4.39391161e-001
 -2.00777746e+001 -2.00777754e+001  -2.00777773e+001 -6.02921906e+001 -6.02921906e+001  -6.02921906e+001 -3.35852465e-001 -3.35852465e-001  -3.35852465e-001 1.40098326e+001 1.40101942e+001  1.40105138e+001 5.46848132e+000 5.46848132e+000  5.46848132e+000
 -2.06557126e+000 -2.06557126e+000  -2.06557127e+000 1.01586361e+000 1.01586361e+000  1.01586361e+000 4.10442165e-001 4.10443840e-001  4.10445223e-001 3.89285796e+000 3.89294859e+000  3.89302205e+000 8.73143824e-001 8.72217176e-001  8.71448498e-001
 -1.02449225e+001 -1.02449148e+001  -1.02449081e+001 4.65123042e+000 4.65123323e+000  4.65124028e+000 -2.39117814e+000 -2.39117814e+000  -2.39117814e+000 -1.12542935e-001 -1.12134172e-001  -1.11785092e-001 2.19562316e+000 2.19636027e+000  2.19701548e+000
 2.90529739e-001 2.90614065e-001  2.90685420e-001
 -2.56816347e+001 -2.56816353e+001  -2.56816370e+001 -5.09546352e+001 -5.09546352e+001  -5.09546352e+001 -3.09885378e-001 -3.09885378e-001  -3.09885378e-001 9.51685491e+000 9.51715680e+000  9.51742297e+000 -7.00419696e+000 -7.00419696e+000  -7.00419696e+000
 -2.73351226e-001 -2.73351228e-001  -2.73351236e-001 5.43083100e-001 5.43083101e-001  5.43083100e-001 -1.70055524e+000 -1.70055383e+000  -1.70055265e+000 -1.06787075e+000 -1.06779433e+000  -1.06773130e+000 -1.71212853e+000 -1.71290848e+000  -1.71356385e+000
 -7.46233910e+000 -7.46233268e+000  -7.46232706e+000 -4.01272749e+000 -4.01272510e+000  -4.01271912e+000 -1.19622967e+000 -1.19622967e+000  -1.19622967e+000 -4.60238859e-001 -4.59895275e-001  -4.59598989e-001 1.66399121e+000 1.66460894e+000  1.66516011e+000
 5.85017471e-001 5.85088284e-001  5.85148689e-001
 1.84706949e+000 1.84706949e+000  1.84706949e+000 3.07319431e+001 3.07319431e+001  3.07319431e+001 4.63855218e-001 4.63855218e-001  4.63855218e-001 -1.11461056e+001 -1.11461056e+001  -1.11461056e+001 -1.63471583e+001 -1.63471583e+001  -1.63471583e+001
 4.26222917e+000 4.26222917e+000  4.26222917e+000 -6.58332134e+000 -6.58332134e+000  -6.58332134e+000 -1.57494402e+000 -1.57494402e+000  -1.57494402e+000 -8.02108593e+000 -8.02108593e+000  -8.02108593e+000 -1.75045860e+000 -1.75045860e+000  -1.75045860e+000
 1.29493291e+001 1.29493291e+001  1.29493291e+001 -1.24940123e+001 -1.24940123e+001  -1.24940123e+001 3.88275111e+000 3.88275111e+000  3.88275111e+000 -1.59803769e+000 -1.59803769e+000  -1.59803769e+000 -2.29387549e+000 -2.29387549e+000  -2.29387549e+000
 -6.09717471e-002 -6.09717471e-002  -6.09717471e-002
 2.56870417e+000 2.56870417e+000  2.56870417e+000 3.77725961e+001 3.77725961e+001  3.77725961e+001 -1.46851618e+000 -1.46851618e+000  -1.46851618e+000 -1.11506175e+001 -1.11506175e+001  -1.11506175e+001 -1.82255696e+001 -1.82255696e+001  -1.82255696e+001
 4.43927562e+000 4.43927562e+000  4.43927562e+000 4.56096964e+000 4.56096964e+000  4.56096964e+000 -6.21962046e+000 -6.21962046e+000  -6.21962046e+000 -5.22982810e+000 -5.22982810e+000  -5.22982810e+000 -4.64381931e+000 -4.64381931e+000  -4.64381931e+000
 8.61405921e-001 8.61405921e-001  8.61405921e-001 -1.67964089e+001 -1.67964089e+001  -1.67964089e+001 1.04112697e+000 1.04112697e+000  1.04112697e+000 -3.51908687e+000 -3.51908687e+000  -3.51908687e+000 -4.28989065e+000 -4.28989065e+000  -4.28989065e+000
 2.49307729e-001 2.49307729e-001  2.49307729e-001
 5.79888383e+000 5.79888383e+000  5.79888383e+000 -1.43621216e+001 -1.43621216e+001  -1.43621216e+001 -2.93205174e+000 -2.93205174e+000  -2.93205174e+000 2.06318135e+000 2.06318135e+000  2.06318135e+000 1.23089270e+001 1.23089270e+001  1.23089270e+001
 -3.92264745e+000 -3.92264745e+000  -3.92264745e+000 -4.94710389e+000 -4.94710389e+000  -4.94710389e+000 -1.02741925e+000 -1.02741925e+000  -1.02741925e+000 2.62629680e+000 2.62629680e+000  2.62629680e+000 3.52208865e-001 3.52208865e-001  3.52208865e-001
 -4.66655832e+000 -4.66655832e+000  -4.66655832e+000 4.92835964e+000 4.92835964e+000  4.92835964e+000 -4.93484440e+000 -4.93484440e+000  -4.93484440e+000 -9.95254660e-001 -9.95254660e-001  -9.95254660e-001 -7.63838647e-001 -7.63838647e-001  -7.63838647e-001
 -5.72414256e-001 -5.72414256e-001  -5.72414256e-001
 6.27069869e+000 6.27069760e+000  6.27069489e+000 -1.29915163e+001 -1.29915163e+001  -1.29915163e+001 -2.85030872e+000 -2.85030872e+000  -2.85030872e+000 1.77858327e+000 1.77911815e+000  1.77959472e+000 1.20988183e+001 1.20988183e+001  1.20988183e+001
 -3.82741848e+000 -3.82741849e+000  -3.82741850e+000 -5.06709969e+000 -5.06709969e+000  -5.06709969e+000 -1.05122524e+000 -1.05122282e+000  -1.05122090e+000 2.57028494e+000 2.57041540e+000  2.57051600e+000 1.57385794e-001 1.56044702e-001  1.54972277e-001
 -4.93616975e+000 -4.93615844e+000  -4.93614855e+000 4.88983595e+000 4.88983991e+000  4.88984985e+000 -4.69891374e+000 -4.69891374e+000  -4.69891375e+000 -1.57371374e+000 -1.57311991e+000  -1.57262650e+000 -7.30179645e-001 -7.29099978e-001  -7.28150229e-001
 -5.66962353e-001 -5.66839530e-001  -5.66737913e-001
 -1.53015073e+000 -1.53014571e+000 -1.53013315e+000
 -2.89242343e+000 -2.89334071e+000 -2.89409767e+000
 -4.23943909e+000 -4.23943909e+000 -4.23943909e+000
 -2.92599333e+000 -2.92623690e+000 -2.92644944e+000
 -3.93416505e+000 -3.93507647e+000 -3.93581878e+000
 -2.34393597e+000 -2.34393597e+000 -2.34393596e+000
 -6.98275405e+000 -6.98275405e+000 -6.98275405e+000
 -4.87851272e+000 -4.87851322e+000 -4.87851361e+000
 -1.95534814e+000 -1.95619352e+000 -1.95689629e+000
 7.06506787e+000 7.06480270e+000 7.06460105e+000
 -2.46782249e+000 -2.46873518e+000 -2.46948812e+000
 4.17920073e+000 4.17828462e+000 4.17753058e+000
 5.43153092e+000 5.43153092e+000 5.43153092e+000
 -2.90866930e+000 -2.90897550e+000 -2.90923090e+000
 -7.22146799e+000 -7.22165459e+000 -7.22181973e+000
 -9.09128454e-001 -9.09292767e-001 -9.09428298e-001
