   13      8     50      1  2019    977 
    0.700      0.400   20000  100      0.000      0.000    100     16 
    0.990 	     0.010 
   2 
    9.3787e-002   0.0000e+000  
  1.0000e+000   0.0000e+000  
  1.0000e+000   0.0000e+000  
  1.0000e+000   0.0000e+000  
  1.0000e+000   0.0000e+000  
  1.9875e+000   0.0000e+000  
  5.7000e+001  -8.0000e+000  
  4.4754e+000   0.0000e+000  
  1.8824e+002   1.7540e+002  
  1.0000e+000   0.0000e+000  
  1.0000e+000   0.0000e+000  
  1.0000e+000   0.0000e+000  
  1.0000e+000   0.0000e+000  
   4.6250e+001   0.0000e+000  
  itr    nh   avger[]   r2avg    mare[] 
100  16 5.752e+001   6.453e-001  7.783e+000 1.175e+001 
100  16 6.342e+001   5.799e-001  7.359e+002 6.691e+000 
   1  6.4525e-001   1.1750e+001   2.5133e+004   5.7515e-001 
  8.6908e-001   6.0309e-001 
   1  5.7994e-001   6.6913e+000   1.4313e+004   6.3421e-001 
  1.0443e+000   5.7084e-001 
