   19      7     50      1  9731   4851 
    0.700      0.400   20000  100      0.000      0.000    100     16 
    0.990 	     0.010 
   2 
    1.0000e+000   0.0000e+000  
  1.0000e+000   0.0000e+000  
  1.0000e+000   0.0000e+000  
  1.0000e+000   0.0000e+000  
  1.0000e+000   0.0000e+000  
  1.0000e+000   0.0000e+000  
  1.0000e+000   0.0000e+000  
  1.0000e+000   0.0000e+000  
  1.0000e+000   0.0000e+000  
  1.0000e+000   0.0000e+000  
  1.0000e+000   0.0000e+000  
  1.9800e+000   0.0000e+000  
  5.7000e+001  -8.0000e+000  
  4.4800e+000   0.0000e+000  
  1.8824e+002   1.7538e+002  
  1.0000e+000   0.0000e+000  
  1.0000e+000   0.0000e+000  
  1.0000e+000   0.0000e+000  
  1.0000e+000   0.0000e+000  
   2.6555e+002   0.0000e+000  
  itr    nh   avger[]   r2avg    mare[] 
100  16 2.706e+001   8.912e-001  1.000e+001 8.118e+001 
100  16 2.638e+001   8.915e-001  1.000e+003 4.033e+001 
   1  8.9117e-001   8.1175e+001   5.7242e+006   2.7060e-001 
  8.5868e-001   9.5440e-001 
   1  8.9149e-001   4.0332e+001   2.8441e+006   2.6377e-001 
  8.3245e-001   9.5567e-001 
