   13      7     50      1  3972      0 
    0.700      0.400   20000  100      0.000      0.000  19900      8 
    0.990 	     0.010 
   2 
    9.3787e-002   0.0000e+000  
  1.0000e+000   0.0000e+000  
  1.0000e+000   0.0000e+000  
  1.0000e+000   0.0000e+000  
  1.0000e+000   0.0000e+000  
  1.9875e+000   0.0000e+000  
  5.7000e+001  -8.0000e+000  
  4.4754e+000   0.0000e+000  
  1.8824e+002   1.7540e+002  
  1.0000e+000   0.0000e+000  
  1.0000e+000   0.0000e+000  
  1.0000e+000   0.0000e+000  
  1.0000e+000   0.0000e+000  
   4.6250e+001   0.0000e+000  
  itr    nh   avger[]   r2avg    mare[] 
19900  8 7.848e+001   6.023e-001  1.000e+001 2.400e+001 
19900  8 0.000e+000   0.000e+000  0.000e+000 0.000e+000 
   1  6.0234e-001   2.3999e+001   5.1336e+004   7.8482e-001 
  1.7753e+000   5.9920e-001 
   1  0.0000e+000   0.0000e+000   0.0000e+000   0.0000e+000 
  0.0000e+000   0.0000e+000 
