  1.1068e+001  3.0967e+000 -4.2648e+000 -4.8472e+000 -4.5075e+000
  2.3212e+000  2.0510e+000 -1.3499e+000
  1.1772e+000
 -1.59968970e+001 -1.59968972e+001  -1.59968975e+001 -1.36471070e+000 -1.36471251e+000  -1.36471743e+000 1.14873372e+001 1.14873372e+001  1.14873372e+001 -2.49085449e+001 -2.49085488e+001  -2.49085578e+001 9.30983499e+000 9.30983499e+000  9.30983499e+000
 -1.58086294e+000 -1.58086534e+000  -1.58086778e+000 -4.38114534e+000 -4.38114712e+000  -4.38115028e+000 -8.61249898e+000 -8.61249567e+000  -8.61248725e+000
 -6.30851972e+000 -6.30851972e+000  -6.30851972e+000 -2.27971954e+000 -2.27971954e+000  -2.27971954e+000 9.74915364e+000 9.74915364e+000  9.74915364e+000 -6.23145904e+000 -6.23145904e+000  -6.23145904e+000 2.94189650e+000 2.94189650e+000  2.94189650e+000
 -3.50583527e+000 -3.50583527e+000  -3.50583527e+000 -1.25481650e-001 -1.25481650e-001  -1.25481650e-001 -2.79598465e+000 -2.79598465e+000  -2.79598465e+000
 1.39343000e+001 1.39342984e+001  1.39342952e+001 4.62232166e+000 4.62230487e+000  4.62225919e+000 -1.36353182e+001 -1.36353184e+001  -1.36353184e+001 -2.30780591e+000 -2.30784289e+000  -2.30792602e+000 9.17801324e-001 9.17801323e-001  9.17801321e-001
 1.47271161e+000 1.47268930e+000  1.47266662e+000 1.17076426e+000 1.17074776e+000  1.17071843e+000 -2.09566706e+000 -2.09563634e+000  -2.09555817e+000
 -5.47645477e+000 -5.47645477e+000  -5.47645477e+000 -1.31976968e+000 -1.31976968e+000  -1.31976968e+000 7.70970019e+000 7.70970019e+000  7.70970019e+000 -7.25793957e+000 -7.25793957e+000  -7.25793957e+000 -3.82886785e+000 -3.82886785e+000  -3.82886785e+000
 1.78228428e+000 1.78228428e+000  1.78228428e+000 4.14302527e+000 4.14302527e+000  4.14302527e+000 -6.58244689e-001 -6.58244689e-001  -6.58244689e-001
 7.72787459e+000 7.72787459e+000  7.72787459e+000 2.31874604e+000 2.31874604e+000  2.31874604e+000 5.43098840e-001 5.43098840e-001  5.43098840e-001 2.75505951e+000 2.75505951e+000  2.75505951e+000 -3.27363004e+000 -3.27363004e+000  -3.27363004e+000
 -1.53250646e+000 -1.53250646e+000  -1.53250646e+000 -2.66981679e+000 -2.66981679e+000  -2.66981679e+000 8.34150196e-001 8.34150196e-001  8.34150196e-001
 3.11863816e+000 3.11863816e+000  3.11863816e+000 3.28212050e+000 3.28212050e+000  3.28212050e+000 7.75503169e+000 7.75503169e+000  7.75503169e+000 -1.59626745e+000 -1.59626745e+000  -1.59626745e+000 -2.62710021e+000 -2.62710021e+000  -2.62710021e+000
 2.76954372e+000 2.76954372e+000  2.76954372e+000 3.33465471e-001 3.33465471e-001  3.33465471e-001 2.55396758e+000 2.55396758e+000  2.55396758e+000
 -3.34884282e+001 -3.34884292e+001  -3.34884311e+001 -1.83939657e+001 -1.83939762e+001  -1.83940044e+001 -1.16610083e+001 -1.16610084e+001  -1.16610084e+001 1.75720068e+001 1.75719835e+001  1.75719323e+001 -6.65461321e+000 -6.65461321e+000  -6.65461321e+000
 8.78805413e+000 8.78804006e+000  8.78802610e+000 -1.31170953e+001 -1.31171057e+001  -1.31171238e+001 -1.56217538e-001 -1.56198183e-001  -1.56150077e-001
 1.17536059e+000 1.17535944e+000  1.17535733e+000 5.06192826e-001 5.06180744e-001  5.06150588e-001 1.34286553e+001 1.34286552e+001  1.34286552e+001 1.68435607e+000 1.68432944e+000  1.68427456e+000 -1.46627628e+000 -1.46627628e+000  -1.46627628e+000
 -6.35497464e+000 -6.35499074e+000  -6.35500571e+000 2.89770750e+000 2.89769561e+000  2.89767624e+000 4.26427009e+000 4.26429220e+000  4.26434381e+000
 4.80445749e+000 4.80445651e+000  4.80445477e+000 -1.71343134e+000 -1.71344162e+000  -1.71346651e+000 1.45606307e+001 1.45606306e+001  1.45606305e+001 2.04742017e+000 2.04739749e+000  2.04735219e+000 -7.12910635e-001 -7.12910636e-001  -7.12910637e-001
 -1.14988532e+001 -1.14988669e+001  -1.14988792e+001 3.70438128e+000 3.70437116e+000  3.70435517e+000 5.32034592e+000 5.32036475e+000  5.32040734e+000
 8.49776982e+000 8.49776982e+000  8.49776982e+000 5.54925103e-002 5.54925103e-002  5.54925103e-002 -1.15025134e+000 -1.15025134e+000  -1.15025134e+000 -6.74251233e-001 -6.74251233e-001  -6.74251233e-001 1.24427753e+000 1.24427753e+000  1.24427753e+000
 -3.74156181e+000 -3.74156181e+000  -3.74156181e+000 3.75924040e+000 3.75924040e+000  3.75924040e+000 -4.26368818e-002 -4.26368818e-002  -4.26368818e-002
 1.06959237e+001 1.06959237e+001  1.06959237e+001 -3.69334863e-001 -3.69334863e-001  -3.69334863e-001 -6.71153409e-001 -6.71153409e-001  -6.71153409e-001 8.34673577e-001 8.34673577e-001  8.34673577e-001 1.25486214e+000 1.25486214e+000  1.25486214e+000
 -1.46865442e+000 -1.46865442e+000  -1.46865442e+000 2.15115673e+000 2.15115673e+000  2.15115673e+000 1.83480075e-001 1.83480075e-001  1.83480075e-001
 -1.48809110e+000 -1.48809110e+000  -1.48809110e+000 3.06101257e+000 3.06101257e+000  3.06101257e+000 -1.36381886e+000 -1.36381886e+000  -1.36381886e+000 -3.29338753e+000 -3.29338753e+000  -3.29338753e+000 -4.19522553e+000 -4.19522553e+000  -4.19522553e+000
 3.55598300e+000 3.55598300e+000  3.55598300e+000 -1.35321427e+000 -1.35321427e+000  -1.35321427e+000 -1.00745212e+000 -1.00745212e+000  -1.00745212e+000
 -1.38611353e+000 -1.38611514e+000  -1.38611833e+000 3.07453003e+000 3.07451323e+000  3.07446756e+000 -1.93026020e+000 -1.93026034e+000  -1.93026040e+000 -3.34405226e+000 -3.34408924e+000  -3.34417236e+000 -4.08830903e+000 -4.08830903e+000  -4.08830903e+000
 3.84365748e+000 3.84363517e+000  3.84361249e+000 -1.37964215e+000 -1.37965865e+000  -1.37968798e+000 -1.05315263e+000 -1.05312191e+000  -1.05304374e+000
 -1.66278073e+000 -1.66268529e+000 -1.66247690e+000
 -1.27092169e+000 -1.27090587e+000 -1.27085987e+000
 -2.19895830e+000 -2.19895823e+000 -2.19895820e+000
 -1.58868322e+000 -1.58862647e+000 -1.58852867e+000
 -1.84541074e+000 -1.84541074e+000 -1.84541074e+000
 -1.43129941e+000 -1.43122266e+000 -1.43102960e+000
 -2.51526197e+000 -2.51525489e+000 -2.51524250e+000
 1.50009387e+000 1.50016053e+000 1.50027579e+000
