   16     10     50      1  9731   4851 
    0.700      0.400   20000  100      0.000      0.000    100     16 
    0.990 	     0.010 
   2 
    1.0000e+000   0.0000e+000  
  1.0000e+000   0.0000e+000  
  1.0000e+000   0.0000e+000  
  1.0000e+000   0.0000e+000  
  1.0000e+000   0.0000e+000  
  1.0000e+000   0.0000e+000  
  1.0000e+000   0.0000e+000  
  1.0000e+000   0.0000e+000  
  1.9875e+000   0.0000e+000  
  5.7000e+001  -8.0000e+000  
  4.4837e+000   0.0000e+000  
  1.8824e+002   1.7539e+002  
  1.0000e+000   0.0000e+000  
  1.0000e+000   0.0000e+000  
  1.0000e+000   0.0000e+000  
  1.0000e+000   0.0000e+000  
   2.6555e+002   0.0000e+000  
  itr    nh   avger[]   r2avg    mare[] 
100  16 5.151e+001   3.637e-001  1.000e+001 7.410e+002 
100  16 5.083e+001   3.606e-001  9.029e+002 3.694e+002 
   1  3.6371e-001   7.4101e+002   5.2254e+007   5.1507e-001 
  1.9812e+001   3.7503e-001 
   1  3.6059e-001   3.6941e+002   2.6050e+007   5.0832e-001 
  1.9824e+001   3.7350e-001 
