 Normalized SSE per output and pattern 
Itr 	 HN 	 MARE-tr 	 MARE-ts 	 R2tr 	 R2ts 	 SSENtr 	 SSENts	 SSENcomb
100 	 15 	      255.435 	      253.629 	   0.72802 	   0.65724 	    0.037621 	     0.043714 	     0.081335 
200 	 15 	      212.374 	      206.172 	   0.76339 	   0.66603 	    0.029003 	     0.037689 	     0.066691 
300 	 15 	      197.906 	      191.104 	   0.77524 	   0.66737 	    0.026279 	     0.035796 	     0.062075 
400 	 15 	      188.570 	      183.417 	   0.78434 	   0.66895 	    0.024626 	     0.034705 	     0.059330 
500 	 15 	      180.477 	      178.031 	   0.79874 	   0.67109 	    0.022560 	     0.033577 	     0.056138 
600 	 15 	      172.435 	      173.380 	   0.81630 	   0.67186 	    0.020038 	     0.032379 	     0.052417 
700 	 15 	      165.802 	      169.847 	   0.83109 	   0.67117 	    0.017914 	     0.031376 	     0.049291 
800 	 15 	      160.734 	      166.772 	   0.84169 	   0.66969 	    0.016431 	     0.030632 	     0.047063 
900 	 15 	      155.651 	      163.163 	   0.84991 	   0.66840 	    0.015262 	     0.029895 	     0.045157 
1000 	 15 	      109.563 	      118.669 	   0.88421 	   0.67611 	    0.007486 	     0.019873 	     0.027359 
1100 	 15 	       84.991 	       92.950 	   0.90555 	   0.67843 	    0.005288 	     0.017915 	     0.023204 
1200 	 15 	       83.063 	       90.775 	   0.90926 	   0.67896 	    0.005005 	     0.017620 	     0.022625 
1300 	 15 	       81.813 	       89.570 	   0.91203 	   0.67919 	    0.004805 	     0.017406 	     0.022211 
1400 	 15 	       80.725 	       88.678 	   0.91440 	   0.67930 	    0.004640 	     0.017239 	     0.021878 
1500 	 15 	       79.725 	       88.012 	   0.91650 	   0.67939 	    0.004495 	     0.017099 	     0.021594 
1600 	 15 	       78.775 	       87.458 	   0.91843 	   0.67952 	    0.004365 	     0.016975 	     0.021340 
1700 	 15 	       77.848 	       86.979 	   0.92022 	   0.67973 	    0.004246 	     0.016858 	     0.021104 
1800 	 15 	       76.932 	       86.556 	   0.92191 	   0.68002 	    0.004135 	     0.016744 	     0.020879 
1900 	 15 	       76.028 	       86.187 	   0.92353 	   0.68040 	    0.004031 	     0.016630 	     0.020660 
2000 	 15 	       66.792 	       76.820 	   0.92964 	   0.67978 	    0.003008 	     0.014788 	     0.017797 
2100 	 15 	       61.203 	       72.086 	   0.93442 	   0.67914 	    0.002681 	     0.014512 	     0.017192 
2200 	 15 	       60.785 	       72.077 	   0.93571 	   0.67962 	    0.002622 	     0.014451 	     0.017073 
2300 	 15 	       60.595 	       72.231 	   0.93678 	   0.68000 	    0.002576 	     0.014399 	     0.016975 
2400 	 15 	       60.445 	       72.392 	   0.93776 	   0.68036 	    0.002535 	     0.014351 	     0.016886 
2500 	 15 	       60.290 	       72.545 	   0.93867 	   0.68071 	    0.002497 	     0.014303 	     0.016800 
2600 	 15 	       60.149 	       72.720 	   0.93953 	   0.68108 	    0.002461 	     0.014256 	     0.016717 
2700 	 15 	       59.988 	       72.872 	   0.94035 	   0.68146 	    0.002426 	     0.014208 	     0.016635 
2800 	 15 	       59.772 	       73.018 	   0.94114 	   0.68186 	    0.002393 	     0.014160 	     0.016553 
2900 	 15 	       59.554 	       73.152 	   0.94190 	   0.68228 	    0.002360 	     0.014111 	     0.016471 
3000 	 15 	       56.352 	       69.905 	   0.94397 	   0.68179 	    0.002073 	     0.013437 	     0.015509 
3100 	 15 	       54.492 	       68.435 	   0.94567 	   0.68131 	    0.001980 	     0.013366 	     0.015346 
3200 	 15 	       54.359 	       68.548 	   0.94632 	   0.68156 	    0.001956 	     0.013340 	     0.015296 
3300 	 15 	       54.283 	       68.694 	   0.94689 	   0.68183 	    0.001935 	     0.013313 	     0.015248 
3400 	 15 	       54.207 	       68.830 	   0.94742 	   0.68208 	    0.001916 	     0.013286 	     0.015201 
3500 	 15 	       54.125 	       68.960 	   0.94793 	   0.68232 	    0.001897 	     0.013259 	     0.015156 
3600 	 15 	       54.036 	       69.089 	   0.94841 	   0.68256 	    0.001879 	     0.013232 	     0.015111 
3700 	 15 	       53.941 	       69.204 	   0.94888 	   0.68278 	    0.001862 	     0.013205 	     0.015067 
3800 	 15 	       53.842 	       69.309 	   0.94934 	   0.68300 	    0.001845 	     0.013179 	     0.015024 
3900 	 15 	       53.738 	       69.405 	   0.94979 	   0.68321 	    0.001828 	     0.013154 	     0.014982 
4000 	 15 	       52.116 	       67.830 	   0.95075 	   0.68280 	    0.001711 	     0.012823 	     0.014534 
4100 	 15 	       51.220 	       67.180 	   0.95156 	   0.68242 	    0.001673 	     0.012799 	     0.014472 
4200 	 15 	       51.146 	       67.271 	   0.95195 	   0.68248 	    0.001659 	     0.012787 	     0.014446 
4300 	 15 	       51.098 	       67.365 	   0.95230 	   0.68256 	    0.001647 	     0.012774 	     0.014421 
4400 	 15 	       51.053 	       67.449 	   0.95264 	   0.68264 	    0.001635 	     0.012761 	     0.014396 
4500 	 15 	       51.009 	       67.525 	   0.95297 	   0.68270 	    0.001624 	     0.012747 	     0.014371 
4600 	 15 	       50.965 	       67.599 	   0.95329 	   0.68276 	    0.001613 	     0.012735 	     0.014347 
4700 	 15 	       50.918 	       67.670 	   0.95360 	   0.68281 	    0.001602 	     0.012722 	     0.014324 
4800 	 15 	       50.869 	       67.736 	   0.95391 	   0.68285 	    0.001591 	     0.012710 	     0.014301 
4900 	 15 	       50.818 	       67.799 	   0.95421 	   0.68288 	    0.001581 	     0.012698 	     0.014279 
5000 	 15 	       49.891 	       66.871 	   0.95475 	   0.68249 	    0.001522 	     0.012511 	     0.014033 
5100 	 15 	       49.393 	       66.510 	   0.95522 	   0.68214 	    0.001502 	     0.012503 	     0.014005 
5200 	 15 	       49.350 	       66.575 	   0.95549 	   0.68209 	    0.001493 	     0.012499 	     0.013992 
5300 	 15 	       49.324 	       66.644 	   0.95574 	   0.68205 	    0.001484 	     0.012494 	     0.013979 
5400 	 15 	       49.299 	       66.707 	   0.95599 	   0.68200 	    0.001476 	     0.012489 	     0.013966 
5500 	 15 	       49.273 	       66.766 	   0.95622 	   0.68195 	    0.001468 	     0.012485 	     0.013953 
5600 	 15 	       49.246 	       66.822 	   0.95646 	   0.68190 	    0.001460 	     0.012480 	     0.013940 
5700 	 15 	       49.217 	       66.875 	   0.95669 	   0.68184 	    0.001453 	     0.012475 	     0.013928 
5800 	 15 	       49.187 	       66.926 	   0.95691 	   0.68177 	    0.001445 	     0.012471 	     0.013916 
5900 	 15 	       49.156 	       66.975 	   0.95714 	   0.68170 	    0.001437 	     0.012467 	     0.013905 
6000 	 15 	       48.569 	       66.356 	   0.95749 	   0.68132 	    0.001404 	     0.012351 	     0.013755 
6100 	 15 	       48.254 	       66.129 	   0.95780 	   0.68100 	    0.001391 	     0.012350 	     0.013741 
6200 	 15 	       48.221 	       66.179 	   0.95800 	   0.68089 	    0.001384 	     0.012350 	     0.013734 
6300 	 15 	       48.200 	       66.234 	   0.95820 	   0.68078 	    0.001378 	     0.012350 	     0.013728 
6400 	 15 	       48.182 	       66.285 	   0.95839 	   0.68066 	    0.001372 	     0.012349 	     0.013721 
6500 	 15 	       48.163 	       66.334 	   0.95857 	   0.68055 	    0.001366 	     0.012349 	     0.013715 
6600 	 15 	       48.148 	       66.381 	   0.95875 	   0.68043 	    0.001360 	     0.012349 	     0.013709 
6700 	 15 	       48.132 	       66.427 	   0.95893 	   0.68031 	    0.001354 	     0.012349 	     0.013703 
6800 	 15 	       48.116 	       66.471 	   0.95911 	   0.68018 	    0.001348 	     0.012349 	     0.013697 
6900 	 15 	       48.099 	       66.514 	   0.95929 	   0.68005 	    0.001342 	     0.012349 	     0.013692 
7000 	 15 	       47.704 	       66.083 	   0.95954 	   0.67969 	    0.001321 	     0.012273 	     0.013594 
7100 	 15 	       47.491 	       65.931 	   0.95976 	   0.67939 	    0.001312 	     0.012274 	     0.013587 
7200 	 15 	       47.469 	       65.973 	   0.95992 	   0.67924 	    0.001307 	     0.012277 	     0.013584 
7300 	 15 	       47.459 	       66.020 	   0.96008 	   0.67909 	    0.001302 	     0.012280 	     0.013581 
7400 	 15 	       47.450 	       66.065 	   0.96023 	   0.67894 	    0.001297 	     0.012282 	     0.013579 
7500 	 15 	       47.441 	       66.109 	   0.96038 	   0.67878 	    0.001292 	     0.012284 	     0.013577 
7600 	 15 	       47.432 	       66.151 	   0.96052 	   0.67863 	    0.001287 	     0.012287 	     0.013574 
7700 	 15 	       47.424 	       66.193 	   0.96067 	   0.67847 	    0.001283 	     0.012289 	     0.013572 
7800 	 15 	       47.415 	       66.234 	   0.96081 	   0.67831 	    0.001278 	     0.012292 	     0.013570 
7900 	 15 	       47.406 	       66.274 	   0.96096 	   0.67815 	    0.001273 	     0.012295 	     0.013568 
8000 	 15 	       47.121 	       65.963 	   0.96115 	   0.67781 	    0.001259 	     0.012243 	     0.013502 
8100 	 15 	       46.965 	       65.858 	   0.96132 	   0.67752 	    0.001252 	     0.012245 	     0.013498 
8200 	 15 	       46.947 	       65.894 	   0.96145 	   0.67735 	    0.001248 	     0.012250 	     0.013497 
8300 	 15 	       46.939 	       65.935 	   0.96158 	   0.67717 	    0.001244 	     0.012254 	     0.013497 
8400 	 15 	       46.934 	       65.975 	   0.96170 	   0.67700 	    0.001240 	     0.012258 	     0.013497 
8500 	 15 	       46.930 	       66.016 	   0.96183 	   0.67683 	    0.001236 	     0.012262 	     0.013497 
8600 	 15 	       46.926 	       66.055 	   0.96195 	   0.67665 	    0.001232 	     0.012266 	     0.013498 
8700 	 15 	       46.922 	       66.093 	   0.96207 	   0.67647 	    0.001228 	     0.012270 	     0.013498 
8800 	 15 	       46.917 	       66.131 	   0.96219 	   0.67629 	    0.001224 	     0.012274 	     0.013498 
8900 	 15 	       46.913 	       66.168 	   0.96231 	   0.67611 	    0.001220 	     0.012278 	     0.013498 
9000 	 15 	       46.707 	       65.938 	   0.96246 	   0.67579 	    0.001210 	     0.012242 	     0.013452 
9100 	 15 	       46.592 	       65.868 	   0.96260 	   0.67552 	    0.001205 	     0.012245 	     0.013450 
9200 	 15 	       46.581 	       65.904 	   0.96271 	   0.67533 	    0.001201 	     0.012250 	     0.013451 
9300 	 15 	       46.578 	       65.944 	   0.96282 	   0.67514 	    0.001198 	     0.012255 	     0.013453 
9400 	 15 	       46.575 	       65.983 	   0.96292 	   0.67496 	    0.001194 	     0.012260 	     0.013454 
9500 	 15 	       46.573 	       66.021 	   0.96302 	   0.67477 	    0.001191 	     0.012265 	     0.013456 
9600 	 15 	       46.571 	       66.059 	   0.96313 	   0.67458 	    0.001188 	     0.012270 	     0.013457 
9700 	 15 	       46.568 	       66.097 	   0.96323 	   0.67440 	    0.001184 	     0.012275 	     0.013459 
9800 	 15 	       46.565 	       66.135 	   0.96333 	   0.67421 	    0.001181 	     0.012280 	     0.013461 
9900 	 15 	       46.562 	       66.172 	   0.96343 	   0.67402 	    0.001178 	     0.012285 	     0.013463 
10000 	 15 	       46.406 	       66.010 	   0.96355 	   0.67371 	    0.001170 	     0.012259 	     0.013429 
10100 	 15 	       46.314 	       65.968 	   0.96367 	   0.67345 	    0.001166 	     0.012263 	     0.013428 
10200 	 15 	       46.303 	       66.006 	   0.96376 	   0.67326 	    0.001163 	     0.012268 	     0.013431 
10300 	 15 	       46.299 	       66.048 	   0.96385 	   0.67307 	    0.001160 	     0.012273 	     0.013433 
10400 	 15 	       46.296 	       66.088 	   0.96394 	   0.67287 	    0.001157 	     0.012279 	     0.013436 
10500 	 15 	       46.293 	       66.129 	   0.96403 	   0.67268 	    0.001154 	     0.012284 	     0.013439 
10600 	 15 	       46.290 	       66.168 	   0.96412 	   0.67249 	    0.001151 	     0.012290 	     0.013441 
10700 	 15 	       46.287 	       66.207 	   0.96421 	   0.67230 	    0.001149 	     0.012295 	     0.013444 
10800 	 15 	       46.285 	       66.246 	   0.96430 	   0.67210 	    0.001146 	     0.012301 	     0.013447 
10900 	 15 	       46.283 	       66.286 	   0.96438 	   0.67191 	    0.001143 	     0.012306 	     0.013449 
11000 	 15 	       46.164 	       66.177 	   0.96448 	   0.67162 	    0.001137 	     0.012287 	     0.013424 
11100 	 15 	       46.091 	       66.145 	   0.96458 	   0.67137 	    0.001133 	     0.012291 	     0.013425 
11200 	 15 	       46.083 	       66.183 	   0.96466 	   0.67118 	    0.001131 	     0.012297 	     0.013428 
11300 	 15 	       46.080 	       66.224 	   0.96474 	   0.67099 	    0.001128 	     0.012303 	     0.013431 
11400 	 15 	       46.078 	       66.265 	   0.96482 	   0.67079 	    0.001126 	     0.012308 	     0.013434 
11500 	 15 	       46.078 	       66.305 	   0.96489 	   0.67060 	    0.001123 	     0.012314 	     0.013437 
11600 	 15 	       46.077 	       66.345 	   0.96497 	   0.67041 	    0.001121 	     0.012320 	     0.013441 
11700 	 15 	       46.076 	       66.384 	   0.96505 	   0.67022 	    0.001118 	     0.012325 	     0.013444 
11800 	 15 	       46.075 	       66.423 	   0.96512 	   0.67002 	    0.001116 	     0.012331 	     0.013447 
11900 	 15 	       46.073 	       66.461 	   0.96520 	   0.66983 	    0.001114 	     0.012337 	     0.013451 
12000 	 15 	       45.978 	       66.375 	   0.96528 	   0.66955 	    0.001109 	     0.012323 	     0.013432 
12100 	 15 	       45.917 	       66.350 	   0.96536 	   0.66932 	    0.001106 	     0.012327 	     0.013433 
12200 	 15 	       45.909 	       66.384 	   0.96544 	   0.66913 	    0.001104 	     0.012332 	     0.013436 
12300 	 15 	       45.906 	       66.420 	   0.96551 	   0.66894 	    0.001101 	     0.012338 	     0.013440 
12400 	 15 	       45.906 	       66.456 	   0.96557 	   0.66875 	    0.001099 	     0.012344 	     0.013443 
12500 	 15 	       45.905 	       66.492 	   0.96564 	   0.66856 	    0.001097 	     0.012350 	     0.013447 
12600 	 15 	       45.904 	       66.527 	   0.96571 	   0.66837 	    0.001095 	     0.012356 	     0.013451 
12700 	 15 	       45.904 	       66.561 	   0.96578 	   0.66818 	    0.001093 	     0.012361 	     0.013454 
12800 	 15 	       45.902 	       66.596 	   0.96584 	   0.66798 	    0.001091 	     0.012367 	     0.013458 
12900 	 15 	       45.901 	       66.630 	   0.96591 	   0.66779 	    0.001089 	     0.012373 	     0.013462 
13000 	 15 	       45.824 	       66.561 	   0.96598 	   0.66753 	    0.001085 	     0.012363 	     0.013447 
13100 	 15 	       45.773 	       66.540 	   0.96605 	   0.66731 	    0.001082 	     0.012366 	     0.013449 
13200 	 15 	       45.768 	       66.569 	   0.96611 	   0.66712 	    0.001080 	     0.012372 	     0.013452 
13300 	 15 	       45.761 	       66.601 	   0.96618 	   0.66694 	    0.001078 	     0.012378 	     0.013456 
13400 	 15 	       45.755 	       66.633 	   0.96624 	   0.66675 	    0.001076 	     0.012383 	     0.013460 
13500 	 15 	       45.748 	       66.664 	   0.96630 	   0.66657 	    0.001074 	     0.012389 	     0.013464 
13600 	 15 	       45.742 	       66.695 	   0.96636 	   0.66638 	    0.001072 	     0.012395 	     0.013467 
13700 	 15 	       45.735 	       66.726 	   0.96642 	   0.66619 	    0.001071 	     0.012401 	     0.013471 
13800 	 15 	       45.728 	       66.756 	   0.96647 	   0.66601 	    0.001069 	     0.012406 	     0.013475 
13900 	 15 	       45.721 	       66.786 	   0.96653 	   0.66582 	    0.001067 	     0.012412 	     0.013479 
14000 	 15 	       45.646 	       66.729 	   0.96660 	   0.66558 	    0.001064 	     0.012404 	     0.013468 
14100 	 15 	       45.595 	       66.711 	   0.96666 	   0.66536 	    0.001061 	     0.012408 	     0.013469 
14200 	 15 	       45.584 	       66.737 	   0.96671 	   0.66518 	    0.001060 	     0.012414 	     0.013473 
14300 	 15 	       45.576 	       66.765 	   0.96677 	   0.66500 	    0.001058 	     0.012419 	     0.013477 
14400 	 15 	       45.570 	       66.792 	   0.96682 	   0.66482 	    0.001056 	     0.012425 	     0.013481 
14500 	 15 	       45.563 	       66.820 	   0.96688 	   0.66464 	    0.001054 	     0.012430 	     0.013485 
14600 	 15 	       45.557 	       66.847 	   0.96693 	   0.66446 	    0.001053 	     0.012436 	     0.013489 
14700 	 15 	       45.550 	       66.874 	   0.96698 	   0.66428 	    0.001051 	     0.012441 	     0.013492 
14800 	 15 	       45.543 	       66.900 	   0.96704 	   0.66410 	    0.001049 	     0.012447 	     0.013496 
14900 	 15 	       45.536 	       66.926 	   0.96709 	   0.66392 	    0.001048 	     0.012452 	     0.013500 
15000 	 15 	       45.471 	       66.879 	   0.96714 	   0.66369 	    0.001045 	     0.012447 	     0.013492 
15100 	 15 	       45.425 	       66.863 	   0.96720 	   0.66349 	    0.001043 	     0.012450 	     0.013493 
15200 	 15 	       45.414 	       66.886 	   0.96725 	   0.66332 	    0.001041 	     0.012456 	     0.013497 
15300 	 15 	       45.406 	       66.911 	   0.96730 	   0.66314 	    0.001040 	     0.012461 	     0.013501 
15400 	 15 	       45.398 	       66.937 	   0.96735 	   0.66297 	    0.001038 	     0.012466 	     0.013505 
15500 	 15 	       45.391 	       66.962 	   0.96739 	   0.66280 	    0.001037 	     0.012472 	     0.013509 
15600 	 15 	       45.384 	       66.986 	   0.96744 	   0.66262 	    0.001035 	     0.012477 	     0.013512 
15700 	 15 	       45.376 	       67.011 	   0.96749 	   0.66245 	    0.001034 	     0.012482 	     0.013516 
15800 	 15 	       45.369 	       67.035 	   0.96754 	   0.66228 	    0.001032 	     0.012488 	     0.013520 
15900 	 15 	       45.361 	       67.058 	   0.96759 	   0.66210 	    0.001031 	     0.012493 	     0.013524 
16000 	 15 	       45.305 	       67.022 	   0.96764 	   0.66189 	    0.001028 	     0.012489 	     0.013517 
16100 	 15 	       45.264 	       67.009 	   0.96768 	   0.66169 	    0.001027 	     0.012493 	     0.013519 
16200 	 15 	       45.253 	       67.029 	   0.96773 	   0.66153 	    0.001025 	     0.012498 	     0.013523 
16300 	 15 	       45.244 	       67.051 	   0.96777 	   0.66136 	    0.001024 	     0.012503 	     0.013526 
16400 	 15 	       45.237 	       67.073 	   0.96782 	   0.66119 	    0.001022 	     0.012508 	     0.013530 
16500 	 15 	       45.229 	       67.095 	   0.96786 	   0.66103 	    0.001021 	     0.012513 	     0.013534 
16600 	 15 	       45.222 	       67.116 	   0.96790 	   0.66086 	    0.001020 	     0.012518 	     0.013538 
16700 	 15 	       45.214 	       67.137 	   0.96795 	   0.66070 	    0.001018 	     0.012523 	     0.013542 
16800 	 15 	       45.206 	       67.158 	   0.96799 	   0.66053 	    0.001017 	     0.012528 	     0.013545 
16900 	 15 	       45.198 	       67.178 	   0.96803 	   0.66037 	    0.001016 	     0.012533 	     0.013549 
17000 	 15 	       45.149 	       67.147 	   0.96808 	   0.66016 	    0.001013 	     0.012530 	     0.013544 
17100 	 15 	       45.111 	       67.135 	   0.96812 	   0.65998 	    0.001012 	     0.012534 	     0.013546 
17200 	 15 	       45.100 	       67.152 	   0.96816 	   0.65982 	    0.001011 	     0.012539 	     0.013549 
17300 	 15 	       45.092 	       67.171 	   0.96820 	   0.65966 	    0.001009 	     0.012543 	     0.013553 
17400 	 15 	       45.084 	       67.190 	   0.96824 	   0.65950 	    0.001008 	     0.012548 	     0.013556 
17500 	 15 	       45.077 	       67.209 	   0.96828 	   0.65934 	    0.001007 	     0.012553 	     0.013560 
17600 	 15 	       45.069 	       67.227 	   0.96832 	   0.65919 	    0.001006 	     0.012558 	     0.013564 
17700 	 15 	       45.062 	       67.245 	   0.96836 	   0.65903 	    0.001004 	     0.012563 	     0.013567 
17800 	 15 	       45.054 	       67.263 	   0.96840 	   0.65887 	    0.001003 	     0.012568 	     0.013571 
17900 	 15 	       45.047 	       67.281 	   0.96844 	   0.65871 	    0.001002 	     0.012573 	     0.013575 
18000 	 15 	       45.003 	       67.254 	   0.96848 	   0.65852 	    0.001000 	     0.012571 	     0.013571 
18100 	 15 	       44.969 	       67.242 	   0.96852 	   0.65835 	    0.000999 	     0.012574 	     0.013572 
18200 	 15 	       44.959 	       67.257 	   0.96856 	   0.65820 	    0.000997 	     0.012578 	     0.013576 
18300 	 15 	       44.950 	       67.273 	   0.96860 	   0.65805 	    0.000996 	     0.012583 	     0.013579 
18400 	 15 	       44.942 	       67.289 	   0.96863 	   0.65789 	    0.000995 	     0.012588 	     0.013583 
18500 	 15 	       44.935 	       67.307 	   0.96867 	   0.65774 	    0.000994 	     0.012592 	     0.013586 
18600 	 15 	       44.928 	       67.327 	   0.96871 	   0.65759 	    0.000993 	     0.012597 	     0.013590 
18700 	 15 	       44.920 	       67.345 	   0.96874 	   0.65744 	    0.000992 	     0.012602 	     0.013593 
18800 	 15 	       44.913 	       67.364 	   0.96878 	   0.65729 	    0.000990 	     0.012606 	     0.013597 
18900 	 15 	       44.905 	       67.382 	   0.96881 	   0.65714 	    0.000989 	     0.012611 	     0.013600 
19000 	 15 	       44.866 	       67.359 	   0.96885 	   0.65696 	    0.000988 	     0.012609 	     0.013597 
19100 	 15 	       44.835 	       67.349 	   0.96889 	   0.65680 	    0.000986 	     0.012612 	     0.013599 
19200 	 15 	       44.826 	       67.364 	   0.96892 	   0.65665 	    0.000985 	     0.012617 	     0.013602 
19300 	 15 	       44.818 	       67.381 	   0.96896 	   0.65651 	    0.000984 	     0.012621 	     0.013605 
19400 	 15 	       44.811 	       67.398 	   0.96899 	   0.65637 	    0.000983 	     0.012626 	     0.013609 
19500 	 15 	       44.805 	       67.414 	   0.96902 	   0.65622 	    0.000982 	     0.012630 	     0.013612 
19600 	 15 	       44.798 	       67.431 	   0.96906 	   0.65608 	    0.000981 	     0.012634 	     0.013615 
19700 	 15 	       44.791 	       67.447 	   0.96909 	   0.65594 	    0.000980 	     0.012639 	     0.013619 
19800 	 15 	       44.784 	       67.463 	   0.96912 	   0.65579 	    0.000979 	     0.012643 	     0.013622 
19900 	 15 	       44.778 	       67.479 	   0.96916 	   0.65565 	    0.000978 	     0.012648 	     0.013625 
20000 	 15 	       44.743 	       67.459 	   0.96919 	   0.65548 	    0.000976 	     0.012647 	     0.013623 
100 	 16 	       92.870 	      113.943 	   0.95062 	   0.66965 	    0.004790 	     0.019866 	     0.024655 
