  1.7162e+001  3.9494e+001  1.2947e+000 -8.1299e+000  6.5169e-001
 -1.2355e+001 -5.8385e+000 -6.7252e+000  3.3863e+000 -6.2462e+000
 -1.8039e+001  6.1076e+000 -1.5219e+001  8.3441e-001 -1.1238e+001
 -7.3204e-001
  7.0616e+000
 2.45349272e+001 2.45349272e+001  2.45349272e+001 7.70204747e+001 7.70204747e+001  7.70204747e+001 4.45600985e+000 4.45539048e+000  4.45474428e+000 1.91207645e+001 1.91187892e+001  1.91161321e+001 -1.48106505e+001 -1.48106505e+001  -1.48106505e+001
 -1.07916071e+001 -1.07916072e+001  -1.07916074e+001 8.74529452e+000 8.74527861e+000  8.74525866e+000 -1.87013971e+001 -1.87013971e+001  -1.87013971e+001 -3.73133615e+000 -3.73133615e+000  -3.73133615e+000 2.76440752e+000 2.76472404e+000  2.76516066e+000
 -9.18236198e+000 -9.18236198e+000  -9.18236198e+000 -8.30550612e+000 -8.30550612e+000  -8.30550612e+000 6.88980639e+000 6.89077891e+000  6.89200820e+000 -3.54835177e+000 -3.54828689e+000  -3.54812672e+000 -3.03514146e-001 -3.03556953e-001  -3.03653396e-001
 5.47939135e-002 5.47417824e-002  5.46759270e-002
 -7.38604133e+000 -7.38604133e+000  -7.38604133e+000 -3.52774734e+001 -3.52774734e+001  -3.52774734e+001 2.31600878e+000 2.31600878e+000  2.31600878e+000 -2.28321828e+001 -2.28321828e+001  -2.28321828e+001 9.91597082e+000 9.91597082e+000  9.91597082e+000
 -1.44986024e+001 -1.44986024e+001  -1.44986024e+001 -7.11490954e+000 -7.11490954e+000  -7.11490954e+000 -1.55219379e+001 -1.55219379e+001  -1.55219379e+001 1.25917178e+001 1.25917178e+001  1.25917178e+001 -1.28268258e+001 -1.28268258e+001  -1.28268258e+001
 -1.16301171e+001 -1.16301171e+001  -1.16301171e+001 -7.22906326e+000 -7.22906326e+000  -7.22906326e+000 -6.92643160e+000 -6.92643160e+000  -6.92643160e+000 6.58238208e+000 6.58238208e+000  6.58238208e+000 3.65801476e+000 3.65801476e+000  3.65801476e+000
 1.91473824e-001 1.91473824e-001  1.91473824e-001
 2.06190696e+001 2.06190696e+001  2.06190696e+001 8.29626568e+000 8.29626568e+000  8.29626568e+000 -9.72065259e+000 -9.72065259e+000  -9.72065259e+000 7.06351470e+000 7.06351470e+000  7.06351470e+000 -1.56179224e+001 -1.56179231e+001  -1.56179249e+001
 6.24950431e+000 6.24950430e+000  6.24950428e+000 2.43608138e+000 2.43608138e+000  2.43608138e+000 -5.52558550e+000 -5.52558550e+000  -5.52558550e+000 8.11473497e+000 8.11473497e+000  8.11473496e+000 9.53983570e-001 9.53983707e-001  9.53984051e-001
 1.97888461e+000 1.97888461e+000  1.97888460e+000 6.40837818e+000 6.40837818e+000  6.40837818e+000 2.52092739e+000 2.52092739e+000  2.52092739e+000 -1.00323788e+001 -1.00323788e+001  -1.00323788e+001 -6.44348338e+000 -6.44348340e+000  -6.44348346e+000
 -5.68864394e-001 -5.68864412e-001  -5.68864457e-001
 -2.94569236e+001 -2.94569236e+001  -2.94569236e+001 3.94584501e+000 3.94584501e+000  3.94584501e+000 -7.13182184e+000 -7.13182184e+000  -7.13182184e+000 -1.77852028e+000 -1.77852028e+000  -1.77852028e+000 7.07524722e+000 7.07524722e+000  7.07524722e+000
 1.55077153e+001 1.55077153e+001  1.55077153e+001 -3.61453533e+000 -3.61453533e+000  -3.61453533e+000 1.22371874e+001 1.22371874e+001  1.22371874e+001 -1.83046911e+001 -1.83046911e+001  -1.83046911e+001 2.82892373e+000 2.82892373e+000  2.82892373e+000
 -1.79959465e+001 -1.79959465e+001  -1.79959465e+001 -5.91769879e+000 -5.91769879e+000  -5.91769879e+000 -1.22177158e+001 -1.22177158e+001  -1.22177158e+001 -2.55474611e+000 -2.55474611e+000  -2.55474611e+000 -6.91942598e+000 -6.91942598e+000  -6.91942598e+000
 -7.17634823e-001 -7.17634823e-001  -7.17634823e-001
 9.56728539e+000 9.56728539e+000  9.56728539e+000 -1.16235518e+001 -1.16235518e+001  -1.16235518e+001 1.11319673e+001 1.11319673e+001  1.11319673e+001 -1.22556443e+001 -1.22556443e+001  -1.22556443e+001 1.39845760e+001 1.39845760e+001  1.39845760e+001
 -1.03672603e+001 -1.03672603e+001  -1.03672603e+001 -9.73921386e+000 -9.73921386e+000  -9.73921386e+000 1.72970289e+001 1.72970289e+001  1.72970289e+001 7.79924040e+000 7.79924040e+000  7.79924040e+000 -5.53215081e+000 -5.53215081e+000  -5.53215081e+000
 1.38283457e+001 1.38283457e+001  1.38283457e+001 2.37303469e+001 2.37303469e+001  2.37303469e+001 -9.37297599e+000 -9.37297599e+000  -9.37297599e+000 1.22799329e+001 1.22799329e+001  1.22799329e+001 -4.26432882e+000 -4.26432882e+000  -4.26432882e+000
 -1.79876158e-001 -1.79876158e-001  -1.79876158e-001
 2.28974567e+001 2.28974567e+001  2.28974567e+001 3.95072736e+001 3.95072736e+001  3.95072736e+001 4.97755099e+000 4.97693162e+000  4.97628542e+000 1.16222081e+001 1.16202328e+001  1.16175757e+001 -1.14052666e+001 -1.14052666e+001  -1.14052666e+001
 9.75107415e+000 9.75107401e+000  9.75107382e+000 -1.23825336e+001 -1.23825495e+001  -1.23825695e+001 -5.47798407e+000 -5.47798407e+000  -5.47798407e+000 -1.10452160e+001 -1.10452160e+001  -1.10452160e+001 3.92284505e+000 3.92316157e+000  3.92359819e+000
 -1.36084746e+001 -1.36084746e+001  -1.36084746e+001 -1.38330353e+001 -1.38330353e+001  -1.38330353e+001 -4.24167044e+000 -4.24069791e+000  -4.23946863e+000 1.16117209e+001 1.16117858e+001  1.16119460e+001 -1.82151246e+000 -1.82155526e+000  -1.82165171e+000
 1.67525134e-002 1.67003823e-002  1.66345268e-002
 7.42410670e+000 7.42410670e+000  7.42410670e+000 -6.94507558e+000 -6.94507558e+000  -6.94507558e+000 -2.50983679e+000 -2.50983679e+000  -2.50983679e+000 -1.07518811e+001 -1.07518811e+001  -1.07518811e+001 8.02306432e-002 8.02306432e-002  8.02306432e-002
 -1.22006193e+001 -1.22006193e+001  -1.22006193e+001 6.17064069e+000 6.17064069e+000  6.17064069e+000 -4.69060933e+000 -4.69060933e+000  -4.69060933e+000 7.40041136e+000 7.40041136e+000  7.40041136e+000 -2.80006987e+000 -2.80006987e+000  -2.80006987e+000
 1.46029988e+001 1.46029988e+001  1.46029988e+001 8.40218611e+000 8.40218611e+000  8.40218611e+000 6.59380158e+000 6.59380158e+000  6.59380158e+000 -2.81448650e-001 -2.81448650e-001  -2.81448650e-001 -4.17170720e+000 -4.17170720e+000  -4.17170720e+000
 -1.07850196e-001 -1.07850196e-001  -1.07850196e-001
 -6.84442763e+000 -6.84442763e+000  -6.84442763e+000 -4.25940612e+000 -4.25940612e+000  -4.25940612e+000 8.74639485e+000 8.74639485e+000  8.74639485e+000 -1.83930515e+000 -1.83930515e+000  -1.83930515e+000 1.68175250e+000 1.68175250e+000  1.68175250e+000
 -9.32862904e+000 -9.32862904e+000  -9.32862904e+000 7.10355248e+000 7.10355248e+000  7.10355248e+000 -3.82387365e+000 -3.82387365e+000  -3.82387365e+000 9.94893999e+000 9.94893999e+000  9.94893999e+000 -2.29504375e-001 -2.29504375e-001  -2.29504375e-001
 -6.20611577e+000 -6.20611577e+000  -6.20611577e+000 -3.05751625e+000 -3.05751625e+000  -3.05751625e+000 -4.19035429e+000 -4.19035429e+000  -4.19035429e+000 -7.75558038e+000 -7.75558038e+000  -7.75558038e+000 -3.11131715e+000 -3.11131715e+000  -3.11131715e+000
 4.06230300e-002 4.06230300e-002  4.06230300e-002
 2.04234518e+001 2.04234518e+001  2.04234518e+001 -4.76394002e+000 -4.76394002e+000  -4.76394002e+000 -2.06807134e+000 -2.06807134e+000  -2.06807134e+000 -1.54783300e+001 -1.54783300e+001  -1.54783300e+001 2.76007892e+000 2.76007892e+000  2.76007892e+000
 -6.77159791e+000 -6.77159791e+000  -6.77159791e+000 2.82263615e+000 2.82263615e+000  2.82263615e+000 -7.09477363e+000 -7.09477363e+000  -7.09477363e+000 8.30009428e+000 8.30009428e+000  8.30009428e+000 -1.08462526e+001 -1.08462526e+001  -1.08462526e+001
 -1.74763745e+001 -1.74763745e+001  -1.74763745e+001 -3.72953499e+000 -3.72953499e+000  -3.72953499e+000 -8.55646275e+000 -8.55646275e+000  -8.55646275e+000 4.99126602e+000 4.99126602e+000  4.99126602e+000 2.08478152e+000 2.08478152e+000  2.08478152e+000
 -5.06193491e-003 -5.06193491e-003  -5.06193491e-003
 -1.49726140e+000 -1.49726140e+000  -1.49726140e+000 1.56662569e+001 1.56662569e+001  1.56662569e+001 8.18125656e+000 8.18125656e+000  8.18125656e+000 -5.86350779e+000 -5.86350779e+000  -5.86350779e+000 3.75947299e-001 3.75947299e-001  3.75947299e-001
 -6.18572506e+000 -6.18572506e+000  -6.18572506e+000 5.28319421e+000 5.28319421e+000  5.28319421e+000 -3.98609343e+000 -3.98609343e+000  -3.98609343e+000 -2.10960144e+000 -2.10960144e+000  -2.10960144e+000 -3.39506457e+000 -3.39506457e+000  -3.39506457e+000
 -4.40547777e+000 -4.40547777e+000  -4.40547777e+000 -4.56514502e+000 -4.56514502e+000  -4.56514502e+000 -5.96576476e+000 -5.96576476e+000  -5.96576476e+000 -2.93045954e+000 -2.93045954e+000  -2.93045954e+000 -8.01131755e-002 -8.01131755e-002  -8.01131755e-002
 -2.82408864e-001 -2.82408864e-001  -2.82408864e-001
 -1.39640341e+001 -1.39640341e+001  -1.39640341e+001 7.64990184e+000 7.64990184e+000  7.64990184e+000 -9.26289983e+000 -9.26289983e+000  -9.26289983e+000 2.98256583e+001 2.98256583e+001  2.98256583e+001 -5.84832702e+000 -5.84832774e+000  -5.84832955e+000
 2.06308044e+001 2.06308044e+001  2.06308044e+001 -9.70463001e+000 -9.70463001e+000  -9.70463001e+000 2.08485843e+001 2.08485843e+001  2.08485843e+001 1.24132237e+001 1.24132237e+001  1.24132237e+001 7.55607451e-001 7.55607589e-001  7.55607933e-001
 -7.82488158e+000 -7.82488158e+000  -7.82488158e+000 1.32346764e+001 1.32346764e+001  1.32346764e+001 -8.55121203e+000 -8.55121203e+000  -8.55121203e+000 -1.14021936e+000 -1.14021936e+000  -1.14021936e+000 -5.61042638e+000 -5.61042641e+000  -5.61042646e+000
 -7.03996118e-001 -7.03996137e-001  -7.03996182e-001
 -1.02190800e+001 -1.02190800e+001  -1.02190800e+001 -4.07259833e+000 -4.07259833e+000  -4.07259833e+000 -6.51307342e+000 -6.51307342e+000  -6.51307342e+000 -1.76181437e+001 -1.76181437e+001  -1.76181437e+001 1.35605297e+001 1.35605297e+001  1.35605297e+001
 -9.05887568e+000 -9.05887568e+000  -9.05887568e+000 -7.76450363e+000 -7.76450363e+000  -7.76450363e+000 -5.09535789e+000 -5.09535789e+000  -5.09535789e+000 -1.74646321e+001 -1.74646321e+001  -1.74646321e+001 1.83328844e+000 1.83328844e+000  1.83328844e+000
 1.19171300e+001 1.19171300e+001  1.19171300e+001 1.22348261e+001 1.22348261e+001  1.22348261e+001 5.80527310e+000 5.80527310e+000  5.80527310e+000 -1.76844062e+000 -1.76844062e+000  -1.76844062e+000 -1.56244271e+000 -1.56244271e+000  -1.56244271e+000
 -1.78166068e-001 -1.78166068e-001  -1.78166068e-001
 -4.34558671e+001 -4.34558671e+001  -4.34558671e+001 -1.13439865e+001 -1.13439865e+001  -1.13439865e+001 5.15287810e-002 5.15287810e-002  5.15287810e-002 -5.41580116e+000 -5.41580116e+000  -5.41580116e+000 1.71087166e+001 1.71087166e+001  1.71087166e+001
 1.57282070e+001 1.57282070e+001  1.57282070e+001 -1.10841871e+001 -1.10841871e+001  -1.10841871e+001 -5.05309829e-001 -5.05309829e-001  -5.05309829e-001 1.85536899e+000 1.85536899e+000  1.85536899e+000 -3.88989361e+000 -3.88989361e+000  -3.88989361e+000
 -2.64289679e+001 -2.64289679e+001  -2.64289679e+001 -2.28572306e+001 -2.28572306e+001  -2.28572306e+001 -1.04406318e+000 -1.04406318e+000  -1.04406318e+000 9.76866201e-001 9.76866201e-001  9.76866201e-001 1.11753941e+001 1.11753941e+001  1.11753941e+001
 -1.15418770e-001 -1.15418770e-001  -1.15418770e-001
 5.04798383e+001 5.04798383e+001  5.04798383e+001 4.57136066e-001 4.57136066e-001  4.57136066e-001 1.30766607e+001 1.30766575e+001  1.30766540e+001 5.69080614e+001 5.69080510e+001  5.69080369e+001 5.44705754e+001 5.44705752e+001  5.44705746e+001
 -8.24764380e+001 -8.24764380e+001  -8.24764380e+001 -1.45407844e+001 -1.45407845e+001  -1.45407846e+001 -6.82293714e+001 -6.82293714e+001  -6.82293714e+001 -3.72577360e+001 -3.72577360e+001  -3.72577360e+001 1.31661423e+001 1.31661440e+001  1.31661464e+001
 -2.40448101e+001 -2.40448101e+001  -2.40448101e+001 1.71199785e+001 1.71199785e+001  1.71199785e+001 -2.33876429e+001 -2.33876378e+001  -2.33876313e+001 3.33147048e+000 3.33147083e+000  3.33147167e+000 -4.66431640e-001 -4.66431873e-001  -4.66432400e-001
 9.07784966e-002 9.07782158e-002  9.07778544e-002
 6.14256037e+000 6.14256037e+000  6.14256037e+000 2.11445166e+001 2.11445166e+001  2.11445166e+001 -2.51544249e+000 -2.51567691e+000  -2.51592984e+000 6.57201616e-001 6.56430573e-001  6.55345278e-001 1.97477525e+000 1.97477493e+000  1.97477413e+000
 2.68535873e-001 2.68535815e-001  2.68535730e-001 -3.06011645e-001 -3.06017793e-001  -3.06025841e-001 -6.62330099e-001 -6.62330099e-001  -6.62330099e-001 2.79493245e+000 2.79493245e+000  2.79493245e+000 7.21559940e-001 7.21684102e-001  7.21863551e-001
 -1.48274838e+001 -1.48274838e+001  -1.48274838e+001 1.18666235e+000 1.18666235e+000  1.18666235e+000 1.07044904e+001 1.07048678e+001  1.07053674e+001 1.57516594e+000 1.57519499e+000  1.57526688e+000 2.97617271e-001 2.97598600e-001  2.97555826e-001
 -5.97659150e-001 -5.97679321e-001  -5.97705942e-001
 -2.32252127e+001 -2.32252127e+001  -2.32252127e+001 -8.34227770e+001 -8.34227770e+001  -8.34227770e+001 -5.89969495e+000 -5.90010852e+000  -5.90052999e+000 -6.12201907e+000 -6.12330441e+000  -6.12496916e+000 -3.95479448e-001 -3.95479957e-001  -3.95481231e-001
 2.24965385e+000 2.24965376e+000  2.24965363e+000 2.54748018e+000 2.54746974e+000  2.54745710e+000 5.50434535e-001 5.50434535e-001  5.50434535e-001 -1.04019077e+001 -1.04019077e+001  -1.04019077e+001 -6.15546824e-001 -6.15341526e-001  -6.15069046e-001
 1.97610560e+001 1.97610560e+001  1.97610560e+001 -1.28986074e+001 -1.28986074e+001  -1.28986074e+001 6.64618243e+000 6.64682106e+000  6.64760166e+000 -1.65987371e+001 -1.65987012e+001  -1.65986127e+001 1.55428558e+001 1.55428310e+001  1.55427761e+001
 -5.22842151e-001 -5.22876358e-001  -5.22918109e-001
 -2.68923608e+001 -2.68923608e+001  -2.68923608e+001 -7.21830948e+001 -7.21830948e+001  -7.21830948e+001 -7.89685967e+000 -7.89720341e+000  -7.89755057e+000 8.07865747e+000 8.07759970e+000  8.07625033e+000 -4.08897888e+000 -4.08897931e+000  -4.08898039e+000
 -4.24941232e+000 -4.24941239e+000  -4.24941250e+000 -1.89114404e+000 -1.89115266e+000  -1.89116296e+000 1.58040702e-001 1.58040702e-001  1.58040702e-001 -2.72742664e+000 -2.72742664e+000  -2.72742665e+000 -1.51864384e+000 -1.51847513e+000  -1.51825471e+000
 1.67630938e+001 1.67630938e+001  1.67630938e+001 -1.07821676e+001 -1.07821676e+001  -1.07821676e+001 3.03528104e+000 3.03580848e+000  3.03644467e+000 -2.43618382e+001 -2.43618106e+001  -2.43617429e+001 1.56486653e+001 1.56486459e+001  1.56486033e+001
 -3.80406167e-001 -3.80434406e-001  -3.80468402e-001
 8.88847323e+000 8.88847323e+000  8.88847323e+000 3.58382737e+001 3.58382737e+001  3.58382737e+001 3.42411905e-001 3.42411905e-001  3.42411905e-001 1.66908163e+001 1.66908163e+001  1.66908163e+001 -2.84172984e+000 -2.84172984e+000  -2.84172984e+000
 -1.14475513e+001 -1.14475513e+001  -1.14475513e+001 -6.47668694e+000 -6.47668694e+000  -6.47668694e+000 -1.52369528e+000 -1.52369528e+000  -1.52369528e+000 8.22295520e+000 8.22295520e+000  8.22295520e+000 -2.23424564e+000 -2.23424564e+000  -2.23424564e+000
 -1.23880902e+001 -1.23880902e+001  -1.23880902e+001 5.99796274e+000 5.99796274e+000  5.99796274e+000 -1.07269701e+001 -1.07269701e+001  -1.07269701e+001 -4.86405088e+000 -4.86405088e+000  -4.86405088e+000 -5.82308940e+000 -5.82308940e+000  -5.82308940e+000
 2.29407522e-002 2.29407522e-002  2.29407522e-002
 3.74010478e-002 3.74010478e-002  3.74010478e-002 4.67911513e+001 4.67911513e+001  4.67911513e+001 1.43807441e-001 1.43807441e-001  1.43807441e-001 1.72911779e+001 1.72911779e+001  1.72911779e+001 -2.46593686e+000 -2.46593686e+000  -2.46593686e+000
 -8.13111799e+000 -8.13111799e+000  -8.13111799e+000 -6.37742535e+000 -6.37742535e+000  -6.37742535e+000 -1.10730132e+000 -1.10730132e+000  -1.10730132e+000 2.43755768e+001 2.43755768e+001  2.43755768e+001 -1.65380324e+000 -1.65380324e+000  -1.65380324e+000
 -1.37383399e+001 -1.37383399e+001  -1.37383399e+001 8.56204252e+000 8.56204252e+000  8.56204252e+000 -9.86133700e+000 -9.86133700e+000  -9.86133700e+000 -7.16471167e+000 -7.16471167e+000  -7.16471167e+000 -6.82354689e+000 -6.82354689e+000  -6.82354689e+000
 -1.57710336e-001 -1.57710336e-001  -1.57710336e-001
 4.33847619e+000 4.33847619e+000  4.33847619e+000 -2.09397379e+001 -2.09397379e+001  -2.09397379e+001 2.84262280e-001 2.84262280e-001  2.84262280e-001 -2.21629185e+001 -2.21629185e+001  -2.21629185e+001 3.08668097e+000 3.08668097e+000  3.08668097e+000
 2.89850984e+000 2.89850984e+000  2.89850984e+000 1.93612796e+000 1.93612796e+000  1.93612796e+000 -3.48695031e+000 -3.48695031e+000  -3.48695031e+000 -1.30605609e+001 -1.30605609e+001  -1.30605609e+001 -3.80098341e+000 -3.80098341e+000  -3.80098341e+000
 1.87221374e+000 1.87221374e+000  1.87221374e+000 -3.22428649e+000 -3.22428649e+000  -3.22428649e+000 9.01732789e-001 9.01732789e-001  9.01732789e-001 7.06333477e+000 7.06333477e+000  7.06333477e+000 -5.25724694e-001 -5.25724694e-001  -5.25724694e-001
 -5.74501246e-001 -5.74501246e-001  -5.74501246e-001
 4.66349392e+000 4.66349392e+000  4.66349392e+000 -1.92333393e+001 -1.92333393e+001  -1.92333393e+001 4.21078167e-001 4.20458793e-001  4.19812590e-001 -2.23158350e+001 -2.23178103e+001  -2.23204674e+001 2.99877640e+000 2.99877568e+000  2.99877387e+000
 3.05573940e+000 3.05573925e+000  3.05573904e+000 1.95179224e+000 1.95177633e+000  1.95175639e+000 -3.73040591e+000 -3.73040591e+000  -3.73040591e+000 -1.26566931e+001 -1.26566931e+001  -1.26566931e+001 -3.66575685e+000 -3.66544019e+000  -3.66500322e+000
 1.25302104e+000 1.25302104e+000  1.25302104e+000 -2.64926180e+000 -2.64926180e+000  -2.64926180e+000 5.80184699e-001 5.81157226e-001  5.82386511e-001 7.69226617e+000 7.69233105e+000  7.69249122e+000 -1.10037658e+000 -1.10041941e+000  -1.10051591e+000
 -5.10836808e-001 -5.10888957e-001  -5.10954858e-001
 -1.97115982e+000 -1.96862576e+000 -1.96539871e+000
 -2.06206973e+000 -2.05953899e+000 -2.05632025e+000
 -2.38511174e+000 -2.38288068e+000 -2.37996987e+000
 -4.27108289e+000 -4.26918179e+000 -4.26685159e+000
 -6.81133997e+000 -6.81133986e+000 -6.81133958e+000
 -5.42704466e+000 -5.42704464e+000 -5.42704460e+000
 -7.42765182e+000 -7.42764968e+000 -7.42764699e+000
 4.81974725e+000 4.81974725e+000 4.81974725e+000
 -9.12042354e-001 -9.12042352e-001 -9.12042348e-001
 7.59490600e+000 7.59494842e+000 7.59500705e+000
 -1.91000473e+000 -1.91000473e+000 -1.91000473e+000
 -1.53226092e+000 -1.53225760e+000 -1.53224930e+000
 3.47374149e+000 3.47406301e+000 3.47447019e+000
 1.76573905e+000 1.76578104e+000 1.76588488e+000
 -5.55363462e-001 -5.52955548e-001 -5.50024628e-001
 -1.92366532e-001 -1.92051866e-001 -1.91648065e-001
