 -2.6911e-001 -3.2888e-001 -2.4773e-001 -1.5770e-001 -2.4549e-001
 -3.0270e-001 -3.7137e-001  5.2846e-002 -6.7208e-002 -8.3865e-001
  8.8227e-001  2.7656e-001  4.5983e-002 -2.4997e+000 -1.1048e-001
 -8.3076e-003
 -6.7906e-001
 -5.73396304e-001 -5.73398917e-001  -5.73397990e-001 -2.31261276e-001 -2.31265351e-001  -2.31263598e-001 -1.03279606e+000 -1.03280220e+000  -1.03279994e+000 1.40749939e-001 1.40739114e-001  1.40744872e-001 -1.78342746e+000 -1.78345103e+000  -1.78343709e+000
 -2.29805886e-001 -2.29807721e-001  -2.29807098e-001 -3.04393730e+000 -3.04398560e+000  -3.04397057e+000 -2.18522427e+000 -2.18521578e+000  -2.18523055e+000 -2.29659840e+000 -2.29660053e+000  -2.29658896e+000 -1.79243090e+000 -1.79241341e+000  -1.79243402e+000
 4.23930460e-001 4.23921760e-001  4.23923343e-001 1.16153228e+000 1.16154987e+000  1.16152682e+000 -1.11614349e+000 -1.11614158e+000  -1.11613651e+000 3.86406274e+000 3.86408478e+000  3.86408197e+000 -4.64448639e-002 -4.64434375e-002  -4.64442080e-002
 -6.21978848e-003 -6.22004514e-003  -6.21988985e-003
 6.23340180e-002 6.23269762e-002  6.23274465e-002 -2.44525804e-001 -2.44537002e-001  -2.44536065e-001 2.01293347e-001 2.01276771e-001  2.01277975e-001 -7.86173201e-001 -7.86203911e-001  -7.86201176e-001 5.80788625e-001 5.80721135e-001  5.80728875e-001
 -1.44549988e-001 -1.44554916e-001  -1.44554615e-001 2.31374941e+000 2.31362058e+000  2.31362747e+000 -2.81179529e+000 -2.81176345e+000  -2.81177100e+000 2.50193133e+000 2.50191659e+000  2.50192065e+000 -3.23849528e+000 -3.23843737e+000  -3.23844846e+000
 5.63670516e+000 5.63668289e+000  5.63668375e+000 2.26600980e+000 2.26606987e+000  2.26605766e+000 -1.89659164e+000 -1.89659115e+000  -1.89658921e+000 7.08191665e+000 7.08197217e+000  7.08197066e+000 -4.64698519e-002 -4.64657299e-002  -4.64659311e-002
 -4.06801536e-003 -4.06876840e-003  -4.06872027e-003
 -2.80524094e-001 -2.80524094e-001  -2.80524094e-001 -3.58404128e-001 -3.58404128e-001  -3.58404128e-001 -7.38679471e-001 -7.38679471e-001  -7.38679471e-001 -6.60082757e-001 -6.60082757e-001  -6.60082757e-001 -1.37569764e+000 -1.37569764e+000  -1.37569764e+000
 -1.29961440e-001 -1.29961440e-001  -1.29961440e-001 -2.14127029e+000 -2.14127029e+000  -2.14127029e+000 1.15451097e-001 1.15451098e-001  1.15451098e-001 -2.04705773e+000 -2.04705773e+000  -2.04705773e+000 7.61997479e-001 7.61997479e-001  7.61997480e-001
 3.13330313e-001 3.13330313e-001  3.13330312e-001 -9.48365141e-001 -9.48365141e-001  -9.48365141e-001 1.53888734e-001 1.53888734e-001  1.53888734e-001 -1.32116322e+000 -1.32116322e+000  -1.32116322e+000 2.05704331e-002 2.05704331e-002  2.05704332e-002
 1.50499215e-004 1.50499213e-004  1.50499209e-004
 -2.63306481e-001 -2.63306481e-001  -2.63306481e-001 -7.64130284e-003 -7.64130284e-003  -7.64130284e-003 -1.88979261e-001 -1.88979261e-001  -1.88979261e-001 2.04939010e-001 2.04939010e-001  2.04939010e-001 2.63415901e-001 2.63415901e-001  2.63415901e-001
 3.91716152e-001 3.91716152e-001  3.91716152e-001 9.92549100e-001 9.92549100e-001  9.92549100e-001 3.78824446e-001 3.78824446e-001  3.78824446e-001 3.45412036e-001 3.45412036e-001  3.45412036e-001 1.04585834e+000 1.04585834e+000  1.04585834e+000
 1.86841059e+000 1.86841059e+000  1.86841059e+000 3.59144149e-001 3.59144149e-001  3.59144149e-001 -1.57203986e-001 -1.57203986e-001  -1.57203986e-001 9.95203083e-001 9.95203083e-001  9.95203083e-001 7.10943003e-003 7.10943003e-003  7.10943003e-003
 -1.68019524e-004 -1.68019524e-004  -1.68019524e-004
 -4.93179915e-001 -4.93177733e-001  -4.93172278e-001 -5.51719586e-001 -5.51715340e-001  -5.51704724e-001 -5.68713307e-001 -5.68707612e-001  -5.68693377e-001 -3.07981438e-001 -3.07969510e-001  -3.07939689e-001 -6.15132704e-001 -6.15095871e-001  -6.15003788e-001
 -7.60672265e-001 -7.60670994e-001  -7.60667817e-001 -7.99080161e-001 -7.99042221e-001  -7.98947370e-001 -2.01241099e+000 -2.01244912e+000  -2.01254446e+000 -7.61954637e-001 -7.61928900e-001  -7.61864556e-001 -7.32949121e-001 -7.33003176e-001  -7.33138312e-001
 -1.23371951e+000 -1.23371800e+000  -1.23371422e+000 -6.35222063e-001 -6.35268583e-001  -6.35384883e-001 -2.65375307e+000 -2.65375179e+000  -2.65374858e+000 -4.38907428e+000 -4.38908124e+000  -4.38909864e+000 -1.62964042e-001 -1.62965075e-001  -1.62967656e-001
 -1.32484666e-002 -1.32482204e-002  -1.32476049e-002
 2.08371992e-001 2.08337914e-001  2.08337918e-001 1.35232475e-001 1.35177923e-001  1.35177927e-001 1.83466953e-001 1.83386552e-001  1.83386560e-001 1.04219365e-001 1.04069452e-001  1.04069457e-001 -1.78587483e-002 -1.81914578e-002  -1.81914269e-002
 1.52482961e-001 1.52459161e-001  1.52459162e-001 -1.71209667e-001 -1.71829917e-001  -1.71829854e-001 7.12739740e-001 7.12904044e-001  7.12904015e-001 5.08602209e-001 5.08525047e-001  5.08525070e-001 -1.09645158e+000 -1.09615769e+000  -1.09615769e+000
 2.11939114e+000 2.11928455e+000  2.11928456e+000 -2.14262140e-001 -2.13955971e-001  -2.13955979e-001 2.46302039e+000 2.46301901e+000  2.46301902e+000 -9.42718943e-001 -9.42454395e-001  -9.42454395e-001 -3.13363720e-002 -3.13165637e-002  -3.13165664e-002
 -3.07578639e-004 -3.11218830e-004  -3.11218454e-004
 -1.87786765e-001 -1.87786765e-001  -1.87786765e-001 -2.27686884e-001 -2.27686884e-001  -2.27686884e-001 -5.63924861e-002 -5.63924861e-002  -5.63924861e-002 -4.23387432e-001 -4.23387432e-001  -4.23387432e-001 1.80050244e-001 1.80050244e-001  1.80050244e-001
 -3.21348647e-001 -3.21348647e-001  -3.21348647e-001 4.14840516e-001 4.14840516e-001  4.14840516e-001 5.88647131e-001 5.88647131e-001  5.88647131e-001 8.11795634e-002 8.11795634e-002  8.11795634e-002 -1.59821237e-001 -1.59821237e-001  -1.59821237e-001
 4.66640318e-001 4.66640318e-001  4.66640318e-001 2.49854393e-001 2.49854393e-001  2.49854393e-001 7.57989932e-001 7.57989932e-001  7.57989932e-001 7.33758447e-001 7.33758447e-001  7.33758447e-001 9.32686007e-003 9.32686007e-003  9.32686007e-003
 -2.92240546e-004 -2.92240546e-004  -2.92240546e-004
 -4.46534150e-001 -4.46565903e-001  -4.46560084e-001 -1.08263281e-001 -1.08313457e-001  -1.08302513e-001 -3.81053238e-001 -3.81127691e-001  -3.81112810e-001 4.16981460e-001 4.16843621e-001  4.16873811e-001 -5.76203927e-001 -5.76498862e-001  -5.76404395e-001
 -1.63470842e-001 -1.63493319e-001  -1.63490009e-001 -7.19079775e-001 -7.19660535e-001  -7.19561748e-001 -1.02479626e+000 -1.02467125e+000  -1.02476951e+000 5.97429709e-001 5.97378487e-001  5.97443362e-001 3.10373766e-001 3.10613494e-001  3.10478094e-001
 2.02394008e+000 2.02383526e+000  2.02383966e+000 9.02800509e-001 9.03058968e-001  9.02939684e-001 1.24351821e+000 1.24351814e+000  1.24352143e+000 -1.76727824e+000 -1.76702093e+000  -1.76703903e+000 -1.79786613e-001 -1.79767910e-001  -1.79770676e-001
 -1.34808375e-002 -1.34842200e-002  -1.34835752e-002
 1.51651216e-001 1.51651073e-001  1.51650714e-001 -2.07443296e-001 -2.07443426e-001  -2.07443752e-001 2.33538907e-001 2.33538653e-001  2.33538015e-001 -5.00228560e-001 -5.00228706e-001  -5.00229070e-001 6.16682820e-001 6.16681879e-001  6.16679526e-001
 -3.48302890e-001 -3.48302942e-001  -3.48303074e-001 3.30834246e-001 3.30832696e-001  3.30828823e-001 8.30465403e-001 8.30466559e-001  8.30469451e-001 -2.52914957e-001 -2.52915160e-001  -2.52915668e-001 -1.54716653e+000 -1.54716642e+000  -1.54716616e+000
 -9.46192381e-001 -9.46192628e-001  -9.46193248e-001 -6.49229042e-001 -6.49227852e-001  -6.49224877e-001 -1.23158076e+000 -1.23158079e+000  -1.23158085e+000 -3.32975520e+000 -3.32975492e+000  -3.32975422e+000 -4.08609042e-003 -4.08601752e-003  -4.08583527e-003
 -2.06689151e-004 -2.06700710e-004  -2.06729607e-004
 1.93264704e-001 1.93264704e-001  1.93264704e-001 1.00688452e-001 1.00688452e-001  1.00688452e-001 1.93210774e-001 1.93210774e-001  1.93210774e-001 1.61228974e-003 1.61228974e-003  1.61228974e-003 1.10274005e-001 1.10274005e-001  1.10274005e-001
 2.44109300e-001 2.44109300e-001  2.44109300e-001 5.52849148e-001 5.52849148e-001  5.52849148e-001 2.61539084e-001 2.61539084e-001  2.61539084e-001 3.19724139e-001 3.19724139e-001  3.19724139e-001 1.42161991e-001 1.42161991e-001  1.42161991e-001
 1.22733482e+000 1.22733482e+000  1.22733482e+000 1.57748716e-001 1.57748716e-001  1.57748716e-001 1.62444920e+000 1.62444920e+000  1.62444920e+000 1.62630748e+000 1.62630748e+000  1.62630748e+000 -1.10085074e-003 -1.10085074e-003  -1.10085074e-003
 -1.60759097e-004 -1.60759097e-004  -1.60759097e-004
 -7.95657823e-001 -7.95657656e-001  -7.95657238e-001 -7.24103596e-001 -7.24103280e-001  -7.24102489e-001 -8.59637374e-001 -8.59636930e-001  -8.59635819e-001 -8.65700411e-001 -8.65699710e-001  -8.65697958e-001 -9.90977927e-001 -9.90975005e-001  -9.90967701e-001
 -5.96907676e-001 -5.96907594e-001  -5.96907390e-001 -1.35531869e+000 -1.35531547e+000  -1.35530740e+000 -1.47341189e+000 -1.47341501e+000  -1.47342282e+000 -5.68258683e-001 -5.68256816e-001  -5.68252147e-001 -3.14268668e+000 -3.14269094e+000  -3.14270159e+000
 -1.20089894e+000 -1.20089893e+000  -1.20089891e+000 1.37394331e+000 1.37394025e+000  1.37393261e+000 -2.13308469e-001 -2.13309638e-001  -2.13312561e-001 -8.61934750e+000 -8.61934802e+000  -8.61934931e+000 -1.02703535e-003 -1.02707928e-003  -1.02718910e-003
 -8.83328489e-004 -8.83314594e-004  -8.83279858e-004
 2.77885566e-002 2.77878886e-002  2.77875046e-002 2.32000268e-002 2.31990369e-002  2.31986210e-002 2.66933714e-001 2.66932229e-001  2.66931549e-001 1.67713896e-001 1.67711111e-001  1.67709805e-001 1.31167014e+000 1.31166406e+000  1.31166142e+000
 3.88126708e-001 3.88126266e-001  3.88126061e-001 4.19802511e+000 4.19801343e+000  4.19800763e+000 9.88843823e-001 9.88848031e-001  9.88852351e-001 -1.73908758e+000 -1.73909065e+000  -1.73909541e+000 1.78666780e+000 1.78667325e+000  1.78667579e+000
 6.95549642e-002 6.95532948e-002  6.95531433e-002 4.51484302e+000 4.51484957e+000  4.51485439e+000 4.45262137e+000 4.45262099e+000  4.45262009e+000 1.46361154e+000 1.46361563e+000  1.46361587e+000 -1.59181727e-002 -1.59176659e-002  -1.59171462e-002
 -9.19059969e-004 -9.19150670e-004  -9.19240049e-004
 -1.86697423e+000 -1.86698911e+000  -1.86698617e+000 -1.69985725e+000 -1.69988068e+000  -1.69987502e+000 -2.20903442e+000 -2.20906924e+000  -2.20906162e+000 -5.22181140e-001 -5.22245505e-001  -5.22229903e-001 -2.77360954e+000 -2.77374661e+000  -2.77369753e+000
 -5.31594013e-001 -5.31604547e-001  -5.31602860e-001 -1.97327853e+000 -1.97355048e+000  -1.97350001e+000 7.72446226e-001 7.72503220e-001  7.72452236e-001 -4.30403476e+000 -4.30405780e+000  -4.30402455e+000 1.54754917e+000 1.54765896e+000  1.54758740e+000
 -1.98592413e+000 -1.98597335e+000  -1.98597089e+000 2.90827922e+000 2.90839850e+000  2.90833621e+000 -4.82319063e-001 -4.82319224e-001  -4.82317991e-001 4.19102610e+000 4.19114697e+000  4.19113765e+000 -1.71247455e-001 -1.71238659e-001  -1.71239992e-001
 -9.14526808e-003 -9.14685391e-003  -9.14653227e-003
 -4.22176272e-001 -4.22199686e-001  -4.22196656e-001 -2.24779167e-001 -2.24816264e-001  -2.24810457e-001 -5.70428231e-001 -5.70483175e-001  -5.70475288e-001 8.67308948e-001 8.67206832e-001  8.67222356e-001 -1.21653858e+000 -1.21675868e+000  -1.21670787e+000
 2.77705466e-001 2.77688945e-001  2.77690638e-001 -4.30872763e-001 -4.31300310e-001  -4.31248681e-001 -6.60675074e-002 -6.59697585e-002  -6.60222154e-002 -8.50290781e-002 -8.50717982e-002  -8.50391920e-002 -2.62022626e-002 -2.60192442e-002  -2.60925944e-002
 -1.15341854e+000 -1.15349454e+000  -1.15349200e+000 -5.93323756e-001 -5.93127599e-001  -5.93190292e-001 4.34573641e+000 4.34573537e+000  4.34573526e+000 2.70606908e+000 2.70625633e+000  2.70624658e+000 -1.57387828e-001 -1.57373989e-001  -1.57375176e-001
 -8.89732186e-003 -8.89983229e-003  -8.89953227e-003
 -1.04000748e+000 -1.04002888e+000  -1.04002654e+000 -1.60344046e+000 -1.60347436e+000  -1.60346976e+000 -9.36402867e-001 -9.36453057e-001  -9.36446836e-001 -2.57761294e+000 -2.57770635e+000  -2.57769434e+000 -6.30482470e-001 -6.30684080e-001  -6.30643130e-001
 -1.02358999e+000 -1.02360507e+000  -1.02360377e+000 4.06161428e-001 4.05771729e-001  4.05813451e-001 -1.18862880e+000 -1.18853810e+000  -1.18858048e+000 -1.28376843e-001 -1.28416871e-001  -1.28390541e-001 -2.19522727e+000 -2.19505888e+000  -2.19511926e+000
 -2.60725177e-001 -2.60794366e-001  -2.60792757e-001 -3.75887013e+000 -3.75868911e+000  -3.75873806e+000 -5.05675293e-001 -5.05677675e-001  -5.05681357e-001 2.83060938e-001 2.83231170e-001  2.83223436e-001 -1.01335777e-001 -1.01323124e-001  -1.01323937e-001
 -7.35023285e-003 -7.35252886e-003  -7.35230627e-003
 4.94342719e-001 4.94325096e-001  4.94328047e-001 6.68757880e-001 6.68730048e-001  6.68735713e-001 7.53696501e-001 7.53655213e-001  7.53662896e-001 1.31989509e+000 1.31981860e+000  1.31983418e+000 9.65254272e-001 9.65090491e-001  9.65139965e-001
 4.41931123e-001 4.41918660e-001  4.41920332e-001 1.80908515e+000 1.80876359e+000  1.80881522e+000 -3.36274758e-001 -3.36204752e-001  -3.36256379e-001 2.60291513e+000 2.60288644e+000  2.60292116e+000 -7.14429578e-001 -7.14296320e-001  -7.14368538e-001
 -3.54811438e+000 -3.54817254e+000  -3.54817092e+000 -5.25789813e-001 -5.25644980e-001  -5.25705205e-001 2.30551309e-001 2.30550473e-001  2.30550300e-001 -3.62953009e+000 -3.62938781e+000  -3.62939700e+000 -1.03673773e-001 -1.03663382e-001  -1.03664727e-001
 -7.25699507e-003 -7.25887394e-003  -7.25854993e-003
 -3.55358539e-001 -3.55382871e-001  -3.55378056e-001 -3.78365210e-001 -3.78403617e-001  -3.78394554e-001 -3.07177620e-001 -3.07234706e-001  -3.07222543e-001 -5.47646919e-001 -5.47751334e-001  -5.47723601e-001 3.22340262e-001 3.22114426e-001  3.22190735e-001
 -7.36380600e-001 -7.36397769e-001  -7.36394847e-001 6.73011367e-001 6.72566836e-001  6.72650305e-001 -1.76134790e-001 -1.76040707e-001  -1.76122009e-001 -3.41967042e-001 -3.42000826e-001  -3.41936634e-001 -7.93677675e-001 -7.93496115e-001  -7.93608315e-001
 4.93163735e-001 4.93082414e-001  4.93084422e-001 5.89708862e-001 5.89905025e-001  5.89805673e-001 -2.33374875e+000 -2.33374483e+000  -2.33373236e+000 1.21958501e+000 1.21978335e+000  1.21976962e+000 -1.33765063e-001 -1.33751111e-001  -1.33754387e-001
 -8.96809333e-003 -8.97062143e-003  -8.96992953e-003
 3.86422156e-001 3.86399874e-001  3.86404702e-001 4.67351246e-001 4.67316121e-001  4.67325210e-001 4.50826176e-001 4.50773913e-001  4.50786075e-001 2.91666497e-001 2.91571262e-001  2.91599460e-001 3.46715533e-001 3.46509595e-001  3.46585751e-001
 2.34416817e-001 2.34401092e-001  2.34404053e-001 -1.37695650e+000 -1.37736374e+000  -1.37728005e+000 1.41162996e+000 1.41171420e+000  1.41163292e+000 4.26919215e-001 4.26890507e-001  4.26955815e-001 1.32626398e+000 1.32642789e+000  1.32631566e+000
 7.47705822e-001 7.47630966e-001  7.47633152e-001 7.17912654e-001 7.18090002e-001  7.17989529e-001 1.02466196e+000 1.02466670e+000  1.02468101e+000 -1.94438382e+000 -1.94420137e+000  -1.94421515e+000 -1.31952730e-001 -1.31940023e-001  -1.31943444e-001
 -8.97731336e-003 -8.97961379e-003  -8.97889866e-003
 -3.02164908e-001 -3.02190319e-001  -3.02185686e-001 -4.35329272e-001 -4.35369434e-001  -4.35360734e-001 -2.94937532e-001 -2.94997202e-001  -2.94985565e-001 -1.04229638e+000 -1.04240531e+000  -1.04237781e+000 6.73447848e-002 6.71076244e-002  6.71801670e-002
 -8.17694468e-001 -8.17712361e-001  -8.17709491e-001 3.40049594e-002 3.35407290e-002  3.36207035e-002 -2.49907538e-002 -2.48902428e-002  -2.49675975e-002 2.59282429e-001 2.59246247e-001  2.59310135e-001 2.58047521e-001 2.58239946e-001  2.58133229e-001
 -2.15944522e+000 -2.15952989e+000  -2.15952839e+000 -2.26080935e+000 -2.26060265e+000  -2.26069825e+000 -4.69598297e-001 -4.69592953e-001  -4.69576814e-001 2.73650018e+000 2.73670663e+000  2.73669368e+000 -1.03372590e-001 -1.03358108e-001  -1.03361521e-001
 -7.40544640e-003 -7.40807728e-003  -7.40737379e-003
 1.37603983e-001 1.37589020e-001  1.37593480e-001 2.08623881e-002 2.08389204e-002  2.08472700e-002 3.39209986e-001 3.39174921e-001  3.39186037e-001 -5.54656553e-001 -5.54719421e-001  -5.54692418e-001 1.28945345e+000 1.28931753e+000  1.28938647e+000
 1.99443938e-001 1.99433367e-001  1.99436179e-001 1.26530503e+000 1.26503115e+000  1.26510845e+000 1.54098026e+000 1.54103135e+000  1.54095720e+000 3.20111026e-001 3.20098476e-001  3.20161908e-001 6.72059500e-001 6.72163103e-001  6.72061065e-001
 9.46394501e-002 9.45877206e-002  9.45893391e-002 8.38722173e-001 8.38835304e-001  8.38741996e-001 2.64702573e+000 2.64703207e+000  2.64704964e+000 1.54459324e+000 1.54471832e+000  1.54470604e+000 -8.77243839e-002 -8.77160730e-002  -8.77196317e-002
 -6.90959513e-003 -6.91109548e-003  -6.91037417e-003
 -4.80021849e-001 -4.80042929e-001  -4.80039139e-001 -4.75428082e-001 -4.75461300e-001  -4.75453920e-001 -4.63051725e-001 -4.63101067e-001  -4.63091146e-001 -5.25821905e-001 -5.25913003e-001  -5.25892257e-001 4.17683651e-002 4.15734300e-002  4.16375991e-002
 -7.61567382e-001 -7.61582283e-001  -7.61580085e-001 5.45029136e-001 5.44644070e-001  5.44709548e-001 -5.96148039e-001 -5.96065467e-001  -5.96131399e-001 -5.66960697e-001 -5.66994119e-001  -5.66949756e-001 -1.33181140e+000 -1.33165400e+000  -1.33174763e+000
 -5.06750566e-001 -5.06820361e-001  -5.06818176e-001 3.93984742e-001 3.94155895e-001  3.94076280e-001 -2.16399511e+000 -2.16399488e+000  -2.16399198e+000 7.43271011e-001 7.43441577e-001  7.43429487e-001 -1.01026601e-001 -1.01014156e-001  -1.01015877e-001
 -7.69689161e-003 -7.69914005e-003  -7.69872705e-003
 3.65668617e-001 3.65650150e-001  3.65653945e-001 4.84832107e-001 4.84803071e-001  4.84810461e-001 3.73114603e-001 3.73071407e-001  3.73081298e-001 3.96957784e-001 3.96878376e-001  3.96899645e-001 -6.83465241e-002 -6.85161249e-002  -6.84523253e-002
 2.96105716e-001 2.96092655e-001  2.96094897e-001 -2.18287581e+000 -2.18321333e+000  -2.18314776e+000 1.20050573e+000 1.20057581e+000  1.20051008e+000 1.94265011e-001 1.94238008e-001  1.94283639e-001 1.10045767e+000 1.10059265e+000  1.10049923e+000
 -4.15504284e-001 -4.15565830e-001  -4.15563430e-001 3.07851088e-001 3.07998321e-001  3.07917528e-001 1.77291680e+000 1.77291807e+000  1.77292326e+000 -3.48133052e+000 -3.48118022e+000  -3.48119234e+000 -9.85180431e-002 -9.85071847e-002  -9.85090810e-002
 -7.68921386e-003 -7.69117236e-003  -7.69073152e-003
 -4.23155628e-001 -4.23178696e-001  -4.23175039e-001 -5.59791360e-001 -5.59827777e-001  -5.59820654e-001 -4.55719999e-001 -4.55774062e-001  -4.55764534e-001 -1.13171814e+000 -1.13181770e+000  -1.13179682e+000 -3.01181613e-001 -3.01396580e-001  -3.01335274e-001
 -8.74354548e-001 -8.74370808e-001  -8.74368628e-001 -2.81664332e-001 -2.82085690e-001  -2.82022920e-001 -4.39994011e-001 -4.39900859e-001  -4.39963660e-001 1.71572358e-001 1.71534682e-001  1.71579359e-001 -1.26480198e-001 -1.26304448e-001  -1.26393917e-001
 -3.67006238e+000 -3.67013842e+000  -3.67013673e+000 -3.11158987e+000 -3.11140032e+000  -3.11147739e+000 2.29247265e-001 2.29249051e-001  2.29256013e-001 2.29414776e+000 2.29433358e+000  2.29432208e+000 -6.83455094e-002 -6.83320038e-002  -6.83338859e-002
 -6.16358708e-003 -6.16603539e-003  -6.16560547e-003
 6.20731708e-002 6.20630633e-002  6.20663378e-002 -5.83755245e-002 -5.83912552e-002  -5.83848914e-002 2.31271286e-001 2.31247731e-001  2.31256186e-001 -5.72399524e-001 -5.72442058e-001  -5.72422832e-001 1.01554625e+000 1.01545643e+000  1.01551056e+000
 2.37233102e-001 2.37225930e-001  2.37227932e-001 1.02297198e+000 1.02278680e+000  1.02284337e+000 1.24026504e+000 1.24029769e+000  1.24024169e+000 1.13922549e-001 1.13913431e-001  1.13955271e-001 1.98217342e-001 1.98283941e-001  1.98204295e-001
 -9.79510871e-001 -9.79545878e-001  -9.79544124e-001 4.49877985e-001 4.49952333e-001  4.49881771e-001 3.57300993e+000 3.57301270e+000  3.57302080e+000 5.60179900e-001 5.60264465e-001  5.60254305e-001 -4.84697182e-002 -4.84638600e-002  -4.84658058e-002
 -5.35828875e-003 -5.35933732e-003  -5.35890980e-003
 -7.07097063e-001 -7.07097406e-001  -7.07098262e-001 -8.65902525e-001 -8.65903003e-001  -8.65904199e-001 -6.77246682e-001 -6.77247259e-001  -6.77248703e-001 -7.54312647e-001 -7.54316224e-001  -7.54325167e-001 -7.91274944e-001 -7.91276974e-001  -7.91282050e-001
 -7.28913184e-001 -7.28913519e-001  -7.28914357e-001 -7.25761111e-001 -7.25767833e-001  -7.25784638e-001 -3.86536905e-001 -3.86532457e-001  -3.86521338e-001 -1.72555698e-001 -1.72567755e-001  -1.72597898e-001 -9.06476043e-001 -9.06471657e-001  -9.06460692e-001
 -3.52219805e+000 -3.52219740e+000  -3.52219580e+000 -1.86757332e+000 -1.86756688e+000  -1.86755080e+000 7.39618701e-002 7.39532951e-002  7.39318575e-002 -5.38397996e+000 -5.38398014e+000  -5.38398058e+000 -2.38051966e-003 -2.37938841e-003  -2.37656029e-003
 -5.88804570e-004 -5.88994029e-004  -5.89467679e-004
 3.68211109e-001 3.68210969e-001  3.68210619e-001 5.48725985e-001 5.48725859e-001  5.48725545e-001 2.12628659e-001 2.12628409e-001  2.12627783e-001 8.25495850e-001 8.25495740e-001  8.25495464e-001 -4.29071053e-001 -4.29071967e-001  -4.29074251e-001
 5.26060744e-001 5.26060694e-001  5.26060571e-001 -4.41900424e-001 -4.41901798e-001  -4.41905235e-001 -1.31845160e+000 -1.31845046e+000  -1.31844760e+000 -5.43969040e-001 -5.43969198e-001  -5.43969593e-001 -1.51485639e+000 -1.51485629e+000  -1.51485603e+000
 3.15451101e+000 3.15451094e+000  3.15451078e+000 1.10575146e+000 1.10575247e+000  1.10575499e+000 2.18949004e+000 2.18949001e+000  2.18948994e+000 1.85802856e+000 1.85802867e+000  1.85802896e+000 3.14268115e-002 3.14268759e-002  3.14270369e-002
 -1.04410108e-003 -1.04411110e-003  -1.04413613e-003
 -4.59642799e-001 -4.59642778e-001  -4.59642726e-001 -8.15703665e-001 -8.15703636e-001  -8.15703565e-001 -6.39212197e-001 -6.39212170e-001  -6.39212101e-001 -1.36721336e+000 -1.36721324e+000  -1.36721294e+000 -6.82797506e-001 -6.82797422e-001  -6.82797212e-001
 -9.73209761e-001 -9.73209746e-001  -9.73209710e-001 -3.05765912e-001 -3.05765839e-001  -3.05765658e-001 -3.14895724e-001 -3.14896321e-001  -3.14897815e-001 -1.13008651e+000 -1.13008622e+000  -1.13008550e+000 -5.94769993e-001 -5.94770618e-001  -5.94772181e-001
 3.10844268e+000 3.10844332e+000  3.10844490e+000 -3.51311211e-001 -3.51312380e-001  -3.51315305e-001 -1.35596028e+000 -1.35595921e+000  -1.35595654e+000 -6.61589929e-001 -6.61589952e-001  -6.61590008e-001 -1.47352777e-001 -1.47352834e-001  -1.47352976e-001
 -9.43346114e-003 -9.43344888e-003  -9.43341825e-003
 4.95476763e-001 4.95445329e-001  4.95451941e-001 6.87908098e-001 6.87858367e-001  6.87870424e-001 8.91052457e-001 8.90978550e-001  8.90994795e-001 9.27400915e-001 9.27266498e-001  9.27305243e-001 1.73838175e+000 1.73808873e+000  1.73818800e+000
 5.64362894e-001 5.64340735e-001  5.64344839e-001 1.26547597e+000 1.26490168e+000  1.26501666e+000 1.68601713e+000 1.68613831e+000  1.68603046e+000 2.08125460e+000 2.08121510e+000  2.08130928e+000 1.46335589e+000 1.46359186e+000  1.46344707e+000
 -9.22309110e-001 -9.22415395e-001  -9.22414640e-001 1.00929704e+000 1.00955041e+000  1.00941842e+000 1.85218588e-001 1.85226025e-001  1.85248091e-001 1.44618706e-001 1.44876384e-001  1.44859205e-001 -6.66670687e-002 -6.66494318e-002  -6.66548629e-002
 -2.78191899e-003 -2.78512577e-003  -2.78404184e-003
 -6.59673406e-001 -6.59619560e-001 -6.59628387e-001
 -9.59751047e-001 -9.59691952e-001 -9.59704052e-001
 -9.80455468e-001 -9.80362991e-001 -9.80379354e-001
 -2.27285245e+000 -2.27278249e+000 -2.27279753e+000
 -2.31570012e+000 -2.31542828e+000 -2.31550910e+000
 -4.27823725e-001 -4.27764519e-001 -4.27772481e-001
 -4.38842686e+000 -4.38818869e+000 -4.38821378e+000
 2.75347166e+000 2.75393849e+000 2.75383317e+000
 -2.93865622e+000 -2.93815403e+000 -2.93827095e+000
 3.40356690e+000 3.40364253e+000 3.40356728e+000
 -3.67382909e+000 -3.67379886e+000 -3.67379988e+000
 3.09118052e+000 3.09127612e+000 3.09119753e+000
 -2.74271894e+000 -2.74218153e+000 -2.74227811e+000
 3.53425758e+000 3.53474372e+000 3.53473870e+000
 1.96515173e-001 1.96639174e-001 1.96623939e-001
 -2.55594215e-002 -2.53012411e-002 -2.53460976e-002
