  1.0385e+000 -4.2177e-002 -2.6740e+000 -1.6646e+000  4.7713e+000
  1.3913e-001  8.4360e-001 -1.1922e+000  1.2172e-002  5.3600e-002
  1.5090e-001  7.3238e-002 -2.8634e-002 -4.9665e-002 -3.1669e-002
 -2.5746e-003
  4.8354e-001
 -1.18153534e+000 -1.18154953e+000  -1.18158504e+000 -3.72439542e+000 -3.72440088e+000  -3.72441480e+000 -1.03613377e+001 -1.03613626e+001  -1.03614249e+001 1.84351651e+000 1.84350123e+000  1.84346299e+000 -7.44568053e+000 -7.44568966e+000  -7.44571250e+000
 -2.35413568e+000 -2.35411448e+000  -2.35406147e+000 1.11457154e+000 1.11456181e+000  1.11453748e+000 1.06104537e+000 1.06102266e+000  1.06096587e+000 -1.14664913e+000 -1.14666071e+000  -1.14668973e+000 -1.12789682e-001 -1.12781900e-001  -1.12762419e-001
 -3.64275235e-001 -3.64263434e-001  -3.64233900e-001 -2.14720048e-001 -2.14711319e-001  -2.14689469e-001 -1.21763417e-001 -1.21758598e-001  -1.21746532e-001 -6.42280798e-002 -6.42254833e-002  -6.42189820e-002 -2.49828237e-002 -2.49818336e-002  -2.49793545e-002
 -1.61695998e-003 -1.61720912e-003  -1.61783294e-003
 2.41259454e+000 2.41258374e+000  2.41255667e+000 2.51722896e+000 2.51722569e+000  2.51721688e+000 8.92731109e-001 8.92716263e-001  8.92679143e-001 -1.02172165e+000 -1.02173102e+000  -1.02175454e+000 -7.06548107e-001 -7.06553598e-001  -7.06567329e-001
 2.68333727e+000 2.68334998e+000  2.68338174e+000 -1.30905558e+000 -1.30906170e+000  -1.30907701e+000 -5.88100270e-001 -5.88115539e-001  -5.88153741e-001 -1.19907832e+000 -1.19908608e+000  -1.19910562e+000 -1.38928386e-001 -1.38923322e-001  -1.38910597e-001
 -3.06853150e-001 -3.06845506e-001  -3.06826317e-001 -1.60300099e-001 -1.60294449e-001  -1.60280255e-001 -8.22223392e-002 -8.22192259e-002  -8.22113989e-002 -4.08636720e-002 -4.08620031e-002  -4.08578065e-002 -1.60755663e-002 -1.60749318e-002  -1.60733364e-002
 -1.24751347e-003 -1.24767269e-003  -1.24807314e-003
 -3.54243893e-001 -3.54243893e-001  -3.54243892e-001 -1.32973311e+000 -1.32973311e+000  -1.32973311e+000 -8.57205303e-001 -8.57205303e-001  -8.57205303e-001 3.15990876e-002 3.15990877e-002  3.15990880e-002 -8.21676840e-001 -8.21676840e-001  -8.21676839e-001
 -1.72320440e+000 -1.72320440e+000  -1.72320440e+000 -7.12914541e-001 -7.12914541e-001  -7.12914541e-001 3.32421218e-001 3.32421219e-001  3.32421219e-001 9.72354864e-002 9.72354865e-002  9.72354865e-002 -3.27354639e-002 -3.27354639e-002  -3.27354641e-002
 -3.93468784e-002 -3.93468785e-002  -3.93468786e-002 -2.50659193e-002 -2.50659193e-002  -2.50659194e-002 -9.52638710e-003 -9.52638712e-003  -9.52638719e-003 -2.40623791e-003 -2.40623793e-003  -2.40623796e-003 9.20365960e-006 9.20365449e-006  9.20364169e-006
 4.09924117e-005 4.09924131e-005  4.09924166e-005
 -1.33483724e+000 -1.33483724e+000  -1.33483724e+000 -4.01256651e-001 -4.01256651e-001  -4.01256651e-001 2.21336710e+000 2.21336710e+000  2.21336710e+000 1.41961667e+000 1.41961667e+000  1.41961667e+000 -1.38874970e+000 -1.38874970e+000  -1.38874970e+000
 3.67815632e-001 3.67815632e-001  3.67815632e-001 -1.50148959e+000 -1.50148959e+000  -1.50148959e+000 -1.22396235e-001 -1.22396235e-001  -1.22396235e-001 -2.63097455e-002 -2.63097455e-002  -2.63097455e-002 -3.81368139e-002 -3.81368139e-002  -3.81368139e-002
 -5.11964576e-002 -5.11964576e-002  -5.11964576e-002 -3.24634062e-002 -3.24634062e-002  -3.24634062e-002 -1.37231006e-002 -1.37231006e-002  -1.37231006e-002 -5.30384432e-003 -5.30384432e-003  -5.30384432e-003 -1.50257810e-003 -1.50257810e-003  -1.50257810e-003
 -3.19429335e-005 -3.19429335e-005  -3.19429335e-005
 1.66176856e+000 1.66166320e+000  1.66139982e+000 -1.96924037e+000 -1.96927838e+000  -1.96937340e+000 -3.07077282e+000 -3.07094389e+000  -3.07137158e+000 -3.83211373e-001 -3.83316840e-001  -3.83580507e-001 1.11526063e-001 1.11463384e-001  1.11306686e-001
 -2.57999809e+000 -2.57985182e+000  -2.57948615e+000 1.39616850e+000 1.39610006e+000  1.39592895e+000 -1.84968781e+000 -1.84984972e+000  -1.85025451e+000 -3.04736681e-001 -3.04819292e-001  -3.05025818e-001 4.05566719e-002 4.06117020e-002  4.07492774e-002
 2.41606630e-001 2.41689928e-001  2.41898173e-001 1.19241800e-001 1.19303392e-001  1.19457370e-001 -2.09347061e-002 -2.09007188e-002  -2.08157504e-002 -5.65242277e-002 -5.65059449e-002  -5.64602381e-002 -4.15769342e-002 -4.15699702e-002  -4.15525599e-002
 -4.02756723e-003 -4.02931877e-003  -4.03369763e-003
 2.00929161e-001 2.00929278e-001  2.00929288e-001 4.86187208e-002 4.86200134e-002  4.86202127e-002 5.74667611e+000 5.74667611e+000  5.74667611e+000 -1.47568895e+000 -1.47568876e+000  -1.47568876e+000 4.09774074e+000 4.09774075e+000  4.09774075e+000
 5.28261709e-001 5.28261679e-001  5.28261679e-001 -4.41876294e-001 -4.41876291e-001  -4.41876287e-001 3.80397200e-004 3.80472118e-004  3.80511439e-004 5.79872130e-002 5.79875150e-002  5.79875696e-002 -9.71009393e-003 -9.71022824e-003  -9.71025676e-003
 -1.13775192e-001 -1.13775357e-001  -1.13775395e-001 -5.96387113e-002 -5.96388526e-002  -5.96388800e-002 -3.04553118e-002 -3.04553999e-002  -3.04554152e-002 -1.65997369e-002 -1.65997860e-002  -1.65997934e-002 -4.65930700e-003 -4.65932554e-003  -4.65932812e-003
 -1.72961252e-004 -1.72956512e-004  -1.72955894e-004
 -5.72404589e-001 -5.72404589e-001  -5.72404589e-001 1.52839515e+000 1.52839515e+000  1.52839515e+000 -5.79423760e+000 -5.79423760e+000  -5.79423760e+000 -7.65782575e-001 -7.65782575e-001  -7.65782575e-001 2.94433685e+000 2.94433685e+000  2.94433685e+000
 1.72814668e+000 1.72814668e+000  1.72814668e+000 -3.06261426e-001 -3.06261426e-001  -3.06261426e-001 2.61219918e-001 2.61219918e-001  2.61219918e-001 1.85014154e-001 1.85014154e-001  1.85014154e-001 -1.94819649e-002 -1.94819649e-002  -1.94819649e-002
 -1.59704492e-003 -1.59704492e-003  -1.59704492e-003 -9.93793078e-003 -9.93793078e-003  -9.93793078e-003 -1.11152289e-002 -1.11152289e-002  -1.11152289e-002 -6.99708584e-003 -6.99708584e-003  -6.99708584e-003 -3.19221021e-003 -3.19221021e-003  -3.19221021e-003
 -9.16871101e-005 -9.16871101e-005  -9.16871101e-005
 1.61283765e+000 1.61274233e+000  1.61250372e+000 -1.96070933e-001 -1.96107868e-001  -1.96203240e-001 -2.08887076e+000 -2.08904179e+000  -2.08946940e+000 1.72651774e+000 1.72641259e+000  1.72614925e+000 1.23726634e+000 1.23720368e+000  1.23704700e+000
 1.96467044e-001 1.96606477e-001  1.96955135e-001 -3.43892336e-001 -3.43953301e-001  -3.44105719e-001 -1.14915287e+000 -1.14930746e+000  -1.14969407e+000 -1.76574676e-001 -1.76653753e-001  -1.76852145e-001 -1.92556178e-001 -1.92503127e-001  -1.92370192e-001
 -2.31587929e-001 -2.31507470e-001  -2.31305950e-001 -1.31308315e-001 -1.31248761e-001  -1.31099550e-001 -1.17225107e-001 -1.17192229e-001  -1.17109828e-001 -9.65641125e-002 -9.65463847e-002  -9.65019500e-002 -5.26473100e-002 -5.26405447e-002  -5.26235878e-002
 -3.78886311e-003 -3.79056587e-003  -3.79483400e-003
 8.48098154e-001 8.48088245e-001  8.48063472e-001 -5.72264913e-001 -5.72264691e-001  -5.72264138e-001 -1.21546800e+000 -1.21546804e+000  -1.21546812e+000 -2.68270250e+000 -2.68270263e+000  -2.68270295e+000 5.81275498e+000 5.81275497e+000  5.81275495e+000
 8.70558352e-001 8.70565159e-001  8.70582177e-001 1.20011822e+000 1.20011075e+000  1.20009207e+000 4.09479901e-001 4.09472648e-001  4.09454515e-001 -1.64977463e-001 -1.64980695e-001  -1.64988774e-001 2.06245368e-001 2.06247213e-001  2.06251825e-001
 3.20513034e-001 3.20515709e-001  3.20522396e-001 1.78422692e-001 1.78424588e-001  1.78429328e-001 5.50532299e-002 5.50542508e-002  5.50568031e-002 1.45621488e-002 1.45626547e-002  1.45639194e-002 2.51766422e-003 2.51784449e-003  2.51829517e-003
 -3.44953261e-004 -3.44997305e-004  -3.45107415e-004
 -7.99666219e-001 -7.99666219e-001  -7.99666219e-001 8.05265212e-001 8.05265212e-001  8.05265212e-001 6.73339730e-001 6.73339730e-001  6.73339730e-001 -1.12298344e+000 -1.12298344e+000  -1.12298344e+000 7.07276445e-001 7.07276445e-001  7.07276445e-001
 -7.28741581e-001 -7.28741581e-001  -7.28741581e-001 -2.08195108e-001 -2.08195108e-001  -2.08195108e-001 -8.48414526e-001 -8.48414526e-001  -8.48414526e-001 2.79816825e-001 2.79816825e-001  2.79816825e-001 -2.32457732e-003 -2.32457732e-003  -2.32457732e-003
 3.73092876e-002 3.73092876e-002  3.73092876e-002 2.55078078e-003 2.55078078e-003  2.55078078e-003 -3.33369299e-004 -3.33369299e-004  -3.33369299e-004 1.88091326e-003 1.88091326e-003  1.88091326e-003 7.01194322e-004 7.01194322e-004  7.01194322e-004
 -1.58399221e-004 -1.58399221e-004  -1.58399221e-004
 7.12318650e-001 7.12311682e-001  7.12294260e-001 1.24090717e+000 1.24090377e+000  1.24089527e+000 -1.31930180e+000 -1.31931489e+000  -1.31934762e+000 1.25318614e+000 1.25317800e+000  1.25315767e+000 7.01849637e+000 7.01849163e+000  7.01847978e+000
 6.93717526e-002 6.93824597e-002  6.94092275e-002 -3.14386699e+000 -3.14387200e+000  -3.14388452e+000 6.94330983e-001 6.94319324e-001  6.94290178e-001 3.10061650e-001 3.10055751e-001  3.10041005e-001 -4.77526867e-002 -4.77486869e-002  -4.77386874e-002
 -8.33904928e-002 -8.33844270e-002  -8.33692625e-002 -5.66231963e-002 -5.66187063e-002  -5.66074813e-002 -2.25114122e-002 -2.25089306e-002  -2.25027265e-002 -6.66857412e-003 -6.66723505e-003  -6.66388739e-003 -1.70035541e-003 -1.69984441e-003  -1.69856690e-003
 -8.56611918e-005 -8.57898670e-005  -8.61115549e-005
 -1.45373476e-001 -1.45384188e-001  -1.45410973e-001 -2.92118860e+000 -2.92118889e+000  -2.92118965e+000 4.95150123e+000 4.95150107e+000  4.95150068e+000 3.38980278e+000 3.38980230e+000  3.38980111e+000 -5.90544576e+000 -5.90544579e+000  -5.90544586e+000
 3.55081625e+000 3.55082106e+000  3.55083309e+000 -3.68883379e+000 -3.68883956e+000  -3.68885399e+000 5.38564473e-001 5.38556393e-001  5.38536190e-001 6.15540365e-001 6.15536685e-001  6.15527476e-001 2.29509200e-001 2.29511270e-001  2.29516449e-001
 3.96700623e-001 3.96703614e-001  3.96711097e-001 2.59101630e-001 2.59103769e-001  2.59109124e-001 1.15141614e-001 1.15142766e-001  1.15145650e-001 4.15183598e-002 4.15189361e-002  4.15203785e-002 9.78635775e-003 9.78656531e-003  9.78708488e-003
 -8.91264852e-005 -8.91774198e-005  -8.93049257e-005
 -1.15056991e+001 -1.15057534e+001  -1.15058894e+001 2.96144772e-002 2.95948429e-002  2.95443291e-002 6.18553488e+000 6.18544467e+000  6.18521915e+000 -2.74526443e+000 -2.74531969e+000  -2.74545807e+000 -4.35494953e+000 -4.35498269e+000  -4.35506558e+000
 3.03291560e+000 3.03299143e+000  3.03318105e+000 4.82506811e+000 4.82503374e+000  4.82494781e+000 6.13012089e-001 6.12927778e-001  6.12716931e-001 -1.82699393e-001 -1.82742500e-001  -1.82850598e-001 -1.00981522e-001 -1.00952800e-001  -1.00880849e-001
 -1.17309111e-001 -1.17265619e-001  -1.17156714e-001 -1.04800645e-001 -1.04768471e-001  -1.04687882e-001 -1.06912770e-001 -1.06895015e-001  -1.06850532e-001 -7.80082684e-002 -7.79987138e-002  -7.79747730e-002 -3.85544727e-002 -3.85508316e-002  -3.85417082e-002
 -2.68573470e-003 -2.68665031e-003  -2.68894464e-003
 -6.50583078e-001 -6.50639340e-001  -6.50780199e-001 -2.94089271e+000 -2.94091284e+000  -2.94096535e+000 5.27810851e+000 5.27801507e+000  5.27778145e+000 4.23791904e+000 4.23786185e+000  4.23771853e+000 1.21592396e+000 1.21588959e+000  1.21580364e+000
 7.08049571e+000 7.08057325e+000  7.08076716e+000 -2.19761823e+000 -2.19765276e+000  -2.19773910e+000 6.89008083e-001 6.88920783e-001  6.88702426e-001 -7.91718425e-002 -7.92165017e-002  -7.93286558e-002 -1.92777182e-001 -1.92747452e-001  -1.92672906e-001
 -2.22481153e-001 -2.22436137e-001  -2.22323327e-001 -1.98740327e-001 -1.98707018e-001  -1.98623513e-001 -1.51945219e-001 -1.51926841e-001  -1.51880747e-001 -9.18841668e-002 -9.18742763e-002  -9.18494665e-002 -4.10302954e-002 -4.10265256e-002  -4.10170697e-002
 -2.71657591e-003 -2.71752381e-003  -2.71990166e-003
 9.11889677e-001 9.11840724e-001  9.11718154e-001 3.87221790e+000 3.87220090e+000  3.87215641e+000 -1.36464189e-002 -1.37230181e-002  -1.39145245e-002 -5.48369271e+000 -5.48373965e+000  -5.48385733e+000 3.46703413e+000 3.46700603e+000  3.46693578e+000
 -6.66406503e+000 -6.66399915e+000  -6.66383440e+000 -4.70140482e+000 -4.70143606e+000  -4.70151417e+000 2.79809789e+000 2.79802415e+000  2.79783969e+000 5.58657743e-001 5.58620322e-001  5.58526309e-001 -2.99702644e-001 -2.99677757e-001  -2.99615338e-001
 -4.64653583e-001 -4.64615931e-001  -4.64521559e-001 -2.95879786e-001 -2.95851961e-001  -2.95782184e-001 -1.57474664e-001 -1.57459318e-001  -1.57420819e-001 -8.07516680e-002 -8.07434229e-002  -8.07227346e-002 -3.39190222e-002 -3.39158838e-002  -3.39080093e-002
 -2.06783182e-003 -2.06862061e-003  -2.07059994e-003
 2.66589022e+000 2.66583702e+000  2.66570386e+000 1.73135478e+000 1.73133552e+000  1.73128571e+000 3.17396103e-001 3.17305360e-001  3.17078495e-001 2.66260549e+000 2.66254988e+000  2.66241060e+000 5.63183249e+000 5.63179921e+000  5.63171601e+000
 3.48094271e+000 3.48101902e+000  3.48120982e+000 -2.51443592e+000 -2.51447054e+000  -2.51455711e+000 1.73233062e-001 1.73149235e-001  1.72939585e-001 3.60380105e-001 3.60337326e-001  3.60229990e-001 -1.07159034e-001 -1.07130421e-001  -1.07058719e-001
 -4.78275979e-002 -4.77842332e-002  -4.76756158e-002 -7.83277252e-002 -7.82956518e-002  -7.82152884e-002 -8.80071267e-002 -8.79894269e-002  -8.79450641e-002 -6.19895758e-002 -6.19800450e-002  -6.19561543e-002 -3.07609485e-002 -3.07573150e-002  -3.07482072e-002
 -2.16957423e-003 -2.17048830e-003  -2.17277966e-003
 -1.86310116e-001 -1.86381885e-001  -1.86561527e-001 -1.39203390e+000 -1.39206026e+000  -1.39212849e+000 1.80050292e+000 1.80036615e+000  1.80002422e+000 3.04610832e+000 3.04602480e+000  3.04581563e+000 -3.81119174e+000 -3.81124185e+000  -3.81136713e+000
 1.75047792e+000 1.75059279e+000  1.75088000e+000 -7.21169587e-001 -7.21220254e-001  -7.21346925e-001 -2.98447437e-001 -2.98567535e-001  -2.98867893e-001 -5.28783348e-001 -5.28844853e-001  -5.28999154e-001 -2.56795591e-001 -2.56754039e-001  -2.56649921e-001
 -3.07451675e-001 -3.07388524e-001  -3.07230359e-001 -2.50278486e-001 -2.50231767e-001  -2.50114718e-001 -1.77700510e-001 -1.77674713e-001  -1.77610062e-001 -1.05537201e-001 -1.05523275e-001  -1.05488374e-001 -4.54432632e-002 -4.54379458e-002  -4.54246186e-002
 -2.71253327e-003 -2.71387257e-003  -2.71722947e-003
 -5.41298222e-002 -5.42012022e-002  -5.43798539e-002 2.18319816e+000 2.18317203e+000  2.18310454e+000 -5.71473135e+000 -5.71486775e+000  -5.71520877e+000 -1.92254346e+000 -1.92262669e+000  -1.92283509e+000 1.10713972e+000 1.10708976e+000  1.10696485e+000
 -1.96104615e+000 -1.96093119e+000  -1.96064374e+000 1.69293999e+000 1.69288915e+000  1.69276206e+000 9.43785519e-001 9.43665892e-001  9.43366718e-001 -1.43622968e-001 -1.43684218e-001  -1.43837841e-001 -2.03909607e-001 -2.03868195e-001  -2.03764448e-001
 -1.01560602e-001 -1.01497657e-001  -1.01340031e-001 -1.49936435e-001 -1.49889873e-001  -1.49773237e-001 -1.35923684e-001 -1.35897974e-001  -1.35833552e-001 -8.65113262e-002 -8.64974475e-002  -8.64626688e-002 -3.97043349e-002 -3.96990353e-002  -3.96857551e-002
 -2.64336441e-003 -2.64469934e-003  -2.64804465e-003
 2.01583094e+000 2.01576424e+000  2.01559724e+000 -8.75111651e-001 -8.75135544e-001  -8.75197700e-001 -6.53373713e-001 -6.53503607e-001  -6.53828353e-001 -3.99900846e-001 -3.99980272e-001  -4.00179228e-001 -2.60236565e+000 -2.60241319e+000  -2.60253203e+000
 -1.99873948e+000 -1.99863009e+000  -1.99835656e+000 -2.51388908e+000 -2.51393732e+000  -2.51405792e+000 6.78818996e-001 6.78705909e-001  6.78423075e-001 -4.45984819e-001 -4.46042691e-001  -4.46187930e-001 -1.89899308e-001 -1.89860106e-001  -1.89761856e-001
 -1.83232736e-001 -1.83173106e-001  -1.83023732e-001 -1.81767147e-001 -1.81723044e-001  -1.81612524e-001 -1.44349192e-001 -1.44324840e-001  -1.44263795e-001 -8.85497545e-002 -8.85366027e-002  -8.85036311e-002 -3.82436908e-002 -3.82386670e-002  -3.82260724e-002
 -2.05277069e-003 -2.05403656e-003  -2.05721023e-003
 -1.26095931e+000 -1.26102057e+000  -1.26117386e+000 -1.87066380e+000 -1.87068645e+000  -1.87074456e+000 5.07397159e+000 5.07384900e+000  5.07354251e+000 -1.50059334e+000 -1.50066819e+000  -1.50085555e+000 1.65167880e+000 1.65163398e+000  1.65152191e+000
 7.22927676e-001 7.23031354e-001  7.23290587e-001 1.10957551e+000 1.10952972e+000  1.10941526e+000 8.98330843e-002 8.97276202e-002  8.94638871e-002 -9.27818119e-001 -9.27872126e-001  -9.28007488e-001 4.18443071e-002 4.18810033e-002  4.19728948e-002
 1.41407813e-001 1.41463659e-001  1.41603458e-001 6.04136345e-002 6.04549419e-002  6.05583704e-002 -2.83590463e-002 -2.83362316e-002  -2.82790939e-002 -4.51933297e-002 -4.51810017e-002  -4.51501249e-002 -2.72903634e-002 -2.72856529e-002  -2.72738553e-002
 -2.09002866e-003 -2.09121590e-003  -2.09418951e-003
 -5.19422077e-001 -5.19496188e-001  -5.19681652e-001 -1.86169166e+000 -1.86171700e+000  -1.86178236e+000 5.08222006e+000 5.08210021e+000  5.08180058e+000 3.42591548e+000 3.42584146e+000  3.42565609e+000 -4.14860871e+000 -4.14865259e+000  -4.14876230e+000
 3.68701790e+000 3.68712013e+000  3.68737578e+000 -1.00368218e+000 -1.00373002e+000  -1.00384964e+000 -2.22396442e-001 -2.22510214e-001  -2.22794740e-001 2.58724696e-001 2.58666837e-001  2.58521726e-001 -2.47830836e-001 -2.47792276e-001  -2.47695672e-001
 -3.94253146e-001 -3.94194748e-001  -3.94048505e-001 -2.55761259e-001 -2.55718097e-001  -2.55609977e-001 -1.50819274e-001 -1.50795466e-001  -1.50735810e-001 -8.58959081e-002 -8.58831023e-002  -8.58510112e-002 -3.75866087e-002 -3.75817305e-002  -3.75695061e-002
 -2.45074148e-003 -2.45196848e-003  -2.45504343e-003
 -4.32183246e-001 -4.32256665e-001  -4.32440379e-001 2.50699374e+000 2.50696875e+000  2.50690450e+000 -4.41936749e+000 -4.41948655e+000  -4.41978420e+000 -2.90892086e+000 -2.90899430e+000  -2.90917819e+000 1.86470543e+000 1.86466186e+000  1.86455291e+000
 -1.10950734e+000 -1.10940526e+000  -1.10915003e+000 2.01034920e+000 2.01030127e+000  2.01018146e+000 1.32590003e+000 1.32578716e+000  1.32550490e+000 7.37841686e-001 7.37784305e-001  7.37640444e-001 -1.80925491e-001 -1.80887213e-001  -1.80791339e-001
 -1.35939941e-001 -1.35881963e-001  -1.35736799e-001 -1.29632639e-001 -1.29589793e-001  -1.29482488e-001 -9.81985819e-002 -9.81749485e-002  -9.81157449e-002 -6.19047954e-002 -6.18920830e-002  -6.18602345e-002 -3.03241995e-002 -3.03193570e-002  -3.03072253e-002
 -2.35831431e-003 -2.35953245e-003  -2.36258439e-003
 2.22793340e+000 2.22786276e+000  2.22768596e+000 -1.19789671e+000 -1.19791993e+000  -1.19798015e+000 1.89215652e+000 1.89204161e+000  1.89175433e+000 -1.00786156e+000 -1.00793274e+000  -1.00811103e+000 -2.14641307e+000 -2.14645508e+000  -2.14656009e+000
 -9.30233217e-001 -9.30134614e-001  -9.29888052e-001 -3.11503751e+000 -3.11508396e+000  -3.11520009e+000 8.90864892e-001 8.90755973e-001  8.90483569e-001 3.81874657e-001 3.81819367e-001  3.81680639e-001 -1.55633002e-001 -1.55596092e-001  -1.55503597e-001
 -2.24970634e-001 -2.24914699e-001  -2.24774593e-001 -1.59925835e-001 -1.59884512e-001  -1.59780968e-001 -1.06313781e-001 -1.06290991e-001  -1.06233868e-001 -6.51381458e-002 -6.51258849e-002  -6.50951497e-002 -2.95818887e-002 -2.95772176e-002  -2.95655082e-002
 -1.76631506e-003 -1.76749041e-003  -1.77043687e-003
 -1.63117594e+000 -1.63123684e+000  -1.63138917e+000 -2.27747744e+000 -2.27749810e+000  -2.27755076e+000 8.09161720e+000 8.09151639e+000  8.09126436e+000 -2.27161439e+000 -2.27167675e+000  -2.27183284e+000 2.82341741e+000 2.82338060e+000  2.82328858e+000
 2.10967867e+000 2.10976579e+000  2.10998360e+000 1.19385718e+000 1.19381588e+000  1.19371264e+000 1.40675631e-001 1.40580873e-001  1.40343930e-001 -1.88381791e-001 -1.88429900e-001  -1.88550406e-001 1.16321440e-001 1.16353638e-001  1.16434238e-001
 1.58120639e-001 1.58169448e-001  1.58291597e-001 1.24630674e-001 1.24666733e-001  1.24756990e-001 3.08827193e-002 3.09026114e-002  3.09524102e-002 -1.28280021e-002 -1.28172966e-002  -1.27904941e-002 -1.58337395e-002 -1.58296604e-002  -1.58194480e-002
 -1.74181312e-003 -1.74283973e-003  -1.74541001e-003
 5.66577881e-001 5.66555099e-001  5.66498143e-001 -2.98612508e-001 -2.98618699e-001  -2.98634178e-001 3.99146989e+000 3.99146964e+000  3.99146903e+000 -2.92505431e+000 -2.92505650e+000  -2.92506197e+000 3.36899607e+000 3.36899598e+000  3.36899577e+000
 2.78907849e+000 2.78907862e+000  2.78907895e+000 -6.25368044e-001 -6.25372310e-001  -6.25382974e-001 4.66600843e-001 4.66583349e-001  4.66539615e-001 9.12219364e-001 9.12211069e-001  9.12190330e-001 2.49581955e-001 2.49586373e-001  2.49597419e-001
 2.66836030e-001 2.66842286e-001  2.66857928e-001 2.17661905e-001 2.17666492e-001  2.17677958e-001 1.12299660e-001 1.12302147e-001  1.12308366e-001 3.97370786e-002 3.97383323e-002  3.97414666e-002 7.65603972e-003 7.65649593e-003  7.65763644e-003
 -4.91842180e-004 -4.91953436e-004  -4.92231574e-004
 -8.02830019e-001 -8.02840023e-001  -8.02865033e-001 -4.21290709e-001 -4.21290798e-001  -4.21291020e-001 -1.03969919e+000 -1.03969940e+000  -1.03969993e+000 9.43801077e-001 9.43801083e-001  9.43801100e-001 2.44644839e+000 2.44644838e+000  2.44644836e+000
 -6.05714333e-001 -6.05707413e-001  -6.05690114e-001 1.24205602e+000 1.24204841e+000  1.24202939e+000 -1.65455190e+000 -1.65455939e+000  -1.65457811e+000 1.11364903e+000 1.11364580e+000  1.11363770e+000 -1.66590143e-001 -1.66588229e-001  -1.66583444e-001
 -3.25758669e-001 -3.25755887e-001  -3.25748933e-001 -1.30425720e-001 -1.30423756e-001  -1.30418847e-001 -2.56535678e-002 -2.56525120e-002  -2.56498725e-002 -2.67631504e-004 -2.67107639e-004  -2.65797975e-004 4.58253497e-005 4.60121607e-005  4.64791883e-005
 -2.55433076e-004 -2.55478845e-004  -2.55593269e-004
 -1.04788968e+000 -1.04788895e+000  -1.04788710e+000 2.18596735e-001 2.18597787e-001  2.18600416e-001 -8.80476359e-001 -8.80474860e-001  -8.80471113e-001 -1.54222630e-001 -1.54219960e-001  -1.54213285e-001 3.08853435e+000 3.08853436e+000  3.08853437e+000
 -1.67771164e+000 -1.67771278e+000  -1.67771561e+000 1.48567926e+000 1.48568224e+000  1.48568968e+000 -1.56972473e+000 -1.56972233e+000  -1.56971635e+000 -1.45560585e+000 -1.45560538e+000  -1.45560421e+000 -5.09369402e-002 -5.09374945e-002  -5.09388801e-002
 1.61244755e-001 1.61243858e-001  1.61241616e-001 -4.47633444e-002 -4.47639544e-002  -4.47654793e-002 -1.27515526e-001 -1.27515857e-001  -1.27516686e-001 -9.28791555e-002 -9.28793390e-002  -9.28797978e-002 -3.99956136e-002 -3.99956841e-002  -3.99958603e-002
 -2.00555951e-003 -2.00554054e-003  -2.00549311e-003
 2.74397765e+000 2.74390446e+000  2.74372121e+000 3.08281866e-001 3.08250380e-001  3.08168634e-001 -4.96076757e+000 -4.96093969e+000  -4.96136998e+000 -2.30686774e-001 -2.30792532e-001  -2.31057416e-001 -1.46219569e+000 -1.46225828e+000  -1.46241476e+000
 -5.11403578e-001 -5.11263255e-001  -5.10912371e-001 -1.45433646e+000 -1.45439600e+000  -1.45454486e+000 1.16958829e+000 1.16944904e+000  1.16910077e+000 -6.31997857e-001 -6.32069101e-001  -6.32247911e-001 -2.06902587e-002 -2.06411410e-002  -2.05180396e-002
 2.39122763e-002 2.39872686e-002  2.41751221e-002 7.19231771e-003 7.24782739e-003  7.38692740e-003 -2.16358130e-002 -2.16051255e-002  -2.15282017e-002 -2.67113421e-002 -2.66947024e-002  -2.66529881e-002 -1.71347029e-002 -1.71283299e-002  -1.71123536e-002
 -1.53938083e-003 -1.54098958e-003  -1.54502268e-003
 -4.39239357e+000 -4.39207640e+000 -4.39128138e+000
 -6.70771457e+000 -6.70770899e+000 -6.70769440e+000
 -3.58536826e+000 -3.58528203e+000 -3.58506429e+000
 -5.00368917e+000 -5.00366666e+000 -5.00361029e+000
 -3.05979713e+000 -3.05947407e+000 -3.05866423e+000
 7.85104998e+000 7.85137520e+000 7.85219040e+000
 -3.70803404e+000 -3.70801503e+000 -3.70796751e+000
 -3.39356700e+000 -3.39327987e+000 -3.39255993e+000
 -1.78485816e+000 -1.78478937e+000 -1.78461690e+000
 9.28655973e-001 9.28732300e-001 9.28923526e-001
 1.26647164e+000 1.26656047e+000 1.26678291e+000
 9.04192299e-001 9.04285958e-001 9.04520561e-001
 5.10403225e-001 5.10493275e-001 5.10718931e-001
 2.45782980e-001 2.45890843e-001 2.46161183e-001
 8.33806650e-002 8.35186508e-002 8.38644989e-002
 -2.08834439e-002 -2.07134658e-002 -2.02874498e-002
