   16     11     50      1  9731   4851 
    0.700      0.400   20000  100      0.000      0.000    100     16 
    0.990 	     0.010 
   2 
    1.0000e+000   0.0000e+000  
  1.0000e+000   0.0000e+000  
  1.0000e+000   0.0000e+000  
  1.0000e+000   0.0000e+000  
  1.0000e+000   0.0000e+000  
  1.0000e+000   0.0000e+000  
  1.0000e+000   0.0000e+000  
  1.0000e+000   0.0000e+000  
  1.9875e+000   0.0000e+000  
  5.7000e+001  -8.0000e+000  
  4.4837e+000   0.0000e+000  
  1.8824e+002   1.7539e+002  
  1.0000e+000   0.0000e+000  
  1.0000e+000   0.0000e+000  
  1.0000e+000   0.0000e+000  
  1.0000e+000   0.0000e+000  
   2.6555e+002   0.0000e+000  
  itr    nh   avger[]   r2avg    mare[] 
100  16 5.500e+001   4.028e-001  1.000e+001 8.224e+002 
100  16 5.457e+001   4.026e-001  1.000e+003 4.089e+002 
   1  4.0284e-001   8.2238e+002   5.7992e+007   5.5002e-001 
  1.1365e+001   3.8127e-001 
   1  4.0264e-001   4.0888e+002   2.8833e+007   5.4570e-001 
  1.1372e+001   3.8145e-001 
