  4.3790e+000 -1.3193e+001  3.9256e+000 -1.2116e+001  3.7418e-001
 -2.9407e+001 -1.3191e+001  5.7693e+000  2.6622e+000 -3.0867e+001
 -4.5219e-001 -1.3605e+000 -9.2750e+000 -5.8081e+000 -1.6205e+001
 -5.9779e-001
  8.6265e-001
 1.86380851e+001 1.86384810e+001  1.86392683e+001 1.26147897e+001 1.26147915e+001  1.26147957e+001 -1.88538829e+000 -1.88538825e+000  -1.88538814e+000 1.49866975e+000 1.49734981e+000  1.49454814e+000 3.96127294e-001 3.88969797e-001  3.82204707e-001
 -9.67504840e+000 -9.67501372e+000  -9.67499016e+000 3.88288015e+000 3.87864980e+000  3.87278638e+000 -1.93373450e+000 -1.93373450e+000  -1.93373450e+000 -1.47307585e+001 -1.47307585e+001  -1.47307585e+001 9.43240897e+000 9.43515025e+000  9.43786831e+000
 1.52504108e+001 1.52504108e+001  1.52504108e+001 1.02767083e+001 1.02758115e+001  1.02744309e+001 -5.15487661e+000 -5.15487661e+000  -5.15487661e+000 7.31200672e+000 7.31207220e+000  7.31219055e+000 1.07365724e+000 1.07863564e+000  1.08298090e+000
 2.40409945e-001 2.37521698e-001  2.34499393e-001
 -7.04085706e+000 -7.04085706e+000  -7.04085706e+000 -8.48755932e+000 -8.48755932e+000  -8.48755932e+000 -8.52737997e+000 -8.52737997e+000  -8.52737997e+000 2.14211615e+001 2.14211615e+001  2.14211615e+001 -6.49105771e-001 -6.49105771e-001  -6.49105771e-001
 7.01205791e+000 7.01205791e+000  7.01205791e+000 -3.35681144e+000 -3.35681144e+000  -3.35681144e+000 1.41768026e+001 1.41768026e+001  1.41768026e+001 -1.58285933e+001 -1.58285933e+001  -1.58285933e+001 7.02831895e-001 7.02831895e-001  7.02831895e-001
 1.01958034e+001 1.01958034e+001  1.01958034e+001 -5.95098747e+000 -5.95098747e+000  -5.95098747e+000 -6.36966105e+000 -6.36966105e+000  -6.36966105e+000 -2.35336130e+000 -2.35336130e+000  -2.35336130e+000 -3.86017865e+000 -3.86017865e+000  -3.86017865e+000
 5.93106819e-001 5.93106819e-001  5.93106819e-001
 1.15000137e+001 1.15000137e+001  1.15000137e+001 5.00460787e+000 5.00460787e+000  5.00460787e+000 4.69825172e+000 4.69825172e+000  4.69825172e+000 1.03741123e+000 1.03741123e+000  1.03741123e+000 2.93091119e-002 2.93091119e-002  2.93091119e-002
 6.18961171e+000 6.18961171e+000  6.18961171e+000 6.72781374e+000 6.72781374e+000  6.72781374e+000 7.91617489e-001 7.91617489e-001  7.91617489e-001 2.08989690e+001 2.08989690e+001  2.08989690e+001 -2.33991939e+001 -2.33991939e+001  -2.33991939e+001
 -3.94349324e+000 -3.94349324e+000  -3.94349324e+000 -4.46823377e+000 -4.46823377e+000  -4.46823377e+000 -2.26629361e+000 -2.26629361e+000  -2.26629361e+000 -3.39181461e+000 -3.39181461e+000  -3.39181461e+000 2.48649707e+000 2.48649707e+000  2.48649707e+000
 8.20317800e-002 8.20317800e-002  8.20317800e-002
 -5.63231090e+000 -5.63231090e+000  -5.63231090e+000 -7.57462139e+000 -7.57462139e+000  -7.57462139e+000 2.03468084e+000 2.03468084e+000  2.03468084e+000 -6.93730585e+000 -6.93730585e+000  -6.93730585e+000 2.04761257e+000 2.04761257e+000  2.04761257e+000
 -1.60399226e+001 -1.60399226e+001  -1.60399226e+001 -8.39070409e+000 -8.39070409e+000  -8.39070409e+000 -1.69706418e+000 -1.69706418e+000  -1.69706418e+000 9.11965611e+000 9.11965611e+000  9.11965611e+000 -3.77362083e-001 -3.77362083e-001  -3.77362083e-001
 -2.33172679e+001 -2.33172679e+001  -2.33172679e+001 7.89280684e+000 7.89280684e+000  7.89280684e+000 5.88227294e+000 5.88227294e+000  5.88227294e+000 -9.37395365e+000 -9.37395365e+000  -9.37395365e+000 -3.46941301e+000 -3.46941301e+000  -3.46941301e+000
 -4.37084515e-001 -4.37084515e-001  -4.37084515e-001
 -7.39573420e+000 -7.39573420e+000  -7.39573420e+000 6.48942174e+000 6.48942174e+000  6.48942174e+000 -6.45749956e+000 -6.45749956e+000  -6.45749956e+000 -7.63713169e+000 -7.63713169e+000  -7.63713169e+000 -1.96642879e+000 -1.96642879e+000  -1.96642879e+000
 9.03984728e+000 9.03984728e+000  9.03984728e+000 1.16757739e+001 1.16757739e+001  1.16757739e+001 -6.24007027e-001 -6.24007027e-001  -6.24007027e-001 6.23326304e+000 6.23326304e+000  6.23326304e+000 -8.58355036e+000 -8.58355036e+000  -8.58355036e+000
 4.75642187e+000 4.75642187e+000  4.75642187e+000 -8.62343298e-001 -8.62343298e-001  -8.62343298e-001 -4.35788640e+000 -4.35788640e+000  -4.35788640e+000 4.28825144e+000 4.28825144e+000  4.28825144e+000 -6.98000102e+000 -6.98000102e+000  -6.98000102e+000
 -8.03947134e-002 -8.03947134e-002  -8.03947134e-002
 -1.18610279e+000 -1.18610279e+000  -1.18610279e+000 -8.53588331e+000 -8.53588331e+000  -8.53588331e+000 -1.84612910e+000 -1.84612910e+000  -1.84612910e+000 -1.21010505e+001 -1.21010505e+001  -1.21010505e+001 4.89311065e-001 4.89312536e-001  4.89316211e-001
 -1.26726195e+001 -1.26726195e+001  -1.26726195e+001 -2.37784857e+001 -2.37784857e+001  -2.37784857e+001 -1.99610593e+000 -1.99610593e+000  -1.99610593e+000 -1.23323059e+001 -1.23323059e+001  -1.23323059e+001 -1.01779420e+001 -1.01779420e+001  -1.01779420e+001
 1.14384134e+001 1.14384134e+001  1.14384134e+001 -1.23760878e+001 -1.23760878e+001  -1.23760878e+001 -1.34126343e+000 -1.34126343e+000  -1.34126343e+000 -8.55114633e+000 -8.55114633e+000  -8.55114633e+000 -9.52359862e+000 -9.52359862e+000  -9.52359862e+000
 -6.72127398e-001 -6.72127265e-001  -6.72126933e-001
 -5.85329313e+000 -5.85329313e+000  -5.85329313e+000 -1.02711738e+001 -1.02711738e+001  -1.02711738e+001 1.91851041e+001 1.91851041e+001  1.91851041e+001 -1.41283649e+001 -1.41283649e+001  -1.41283649e+001 -9.11127262e-001 -9.11127262e-001  -9.11127262e-001
 -1.75301537e+001 -1.75301537e+001  -1.75301537e+001 -2.39165553e+000 -2.39165553e+000  -2.39165553e+000 -4.12527278e+000 -4.12527278e+000  -4.12527278e+000 1.21879818e+001 1.21879818e+001  1.21879818e+001 -6.10360600e+000 -6.10360600e+000  -6.10360600e+000
 -1.49158971e+001 -1.49158971e+001  -1.49158971e+001 4.47865903e+000 4.47865903e+000  4.47865903e+000 4.68370250e-001 4.68370250e-001  4.68370250e-001 4.75590317e+000 4.75590317e+000  4.75590317e+000 7.56387234e-001 7.56387234e-001  7.56387234e-001
 -7.24183166e-001 -7.24183166e-001  -7.24183166e-001
 -2.62220203e+000 -2.62220203e+000  -2.62220203e+000 -2.33880300e+000 -2.33880300e+000  -2.33880300e+000 -1.83706234e+000 -1.83706234e+000  -1.83706234e+000 1.31280181e+001 1.31280181e+001  1.31280181e+001 1.57630112e+000 1.57630112e+000  1.57630112e+000
 1.48961297e+001 1.48961297e+001  1.48961297e+001 1.12113108e+001 1.12113108e+001  1.12113108e+001 1.94204249e+001 1.94204249e+001  1.94204249e+001 -8.95793463e+000 -8.95793463e+000  -8.95793463e+000 1.00787492e+000 1.00787492e+000  1.00787492e+000
 8.47034974e+000 8.47034974e+000  8.47034974e+000 2.78288233e+000 2.78288233e+000  2.78288233e+000 9.01180252e+000 9.01180252e+000  9.01180252e+000 -4.27688783e+000 -4.27688783e+000  -4.27688783e+000 7.51751841e+000 7.51751841e+000  7.51751841e+000
 -2.27040358e-001 -2.27040358e-001  -2.27040358e-001
 -1.31570466e+001 -1.31570445e+001  -1.31570403e+001 -1.91780001e+001 -1.91780001e+001  -1.91780001e+001 -2.21396941e+001 -2.21396941e+001  -2.21396941e+001 -8.75709000e+001 -8.75709070e+001  -8.75709218e+001 3.19116881e-002 3.18743150e-002  3.18396752e-002
 -2.38901588e+001 -2.38901586e+001  -2.38901585e+001 2.69514301e+001 2.69514077e+001  2.69513767e+001 -2.83842962e+000 -2.83842962e+000  -2.83842962e+000 -3.71315405e+001 -3.71315405e+001  -3.71315405e+001 2.46191476e+001 2.46191621e+001  2.46191765e+001
 1.07515514e+002 1.07515514e+002  1.07515514e+002 -1.25718510e+000 -1.25718984e+000  -1.25719713e+000 4.90283852e-002 4.90283852e-002  4.90283852e-002 4.81454668e+000 4.81454702e+000  4.81454765e+000 3.90170013e+000 3.90172643e+000  3.90174939e+000
 -1.49350546e+000 -1.49352068e+000  -1.49353655e+000
 1.52955033e+001 1.52956687e+001  1.52960077e+001 -2.44386391e+001 -2.44386384e+001  -2.44386364e+001 2.57198035e+001 2.57198035e+001  2.57198035e+001 3.20819399e+001 3.20813697e+001  3.20801282e+001 -3.23494928e+000 -3.23759921e+000  -3.24011500e+000
 4.27664449e+000 4.27665720e+000  4.27666565e+000 -2.96855060e+001 -2.96871554e+001  -2.96895390e+001 -1.03297288e+001 -1.03297288e+001  -1.03297288e+001 8.18196869e-001 8.18196869e-001  8.18196869e-001 -4.95615325e+001 -4.95605107e+001  -4.95594831e+001
 -4.10413688e+000 -4.10413688e+000  -4.10413688e+000 -2.51437177e-001 -2.51795694e-001  -2.52373953e-001 -5.84292126e-001 -5.84292126e-001  -5.84292126e-001 7.70668987e+000 7.70671712e+000  7.70676850e+000 2.83784548e+000 2.83967960e+000  2.84127383e+000
 -2.88963671e-001 -2.90047325e-001  -2.91206314e-001
 -2.64612423e+001 -2.64609864e+001  -2.64604840e+001 1.78909867e+001 1.78909876e+001  1.78909900e+001 -1.94549947e+001 -1.94549946e+001  -1.94549946e+001 -7.21329102e+000 -7.21409761e+000  -7.21577590e+000 -2.54936109e-001 -2.59751067e-001  -2.64233989e-001
 2.67759318e+001 2.67759553e+001  2.67759711e+001 1.99547588e+001 1.99519509e+001  1.99481301e+001 -3.10738259e+001 -3.10738259e+001  -3.10738259e+001 -5.91436770e+000 -5.91436770e+000  -5.91436770e+000 3.87988131e+001 3.88006592e+001  3.88024674e+001
 1.16430556e+001 1.16430556e+001  1.16430556e+001 -1.03649029e+001 -1.03654736e+001  -1.03663156e+001 -1.82879096e+000 -1.82879096e+000  -1.82879096e+000 -8.88752907e+000 -8.88748870e+000  -8.88741853e+000 1.43363364e+001 1.43396984e+001  1.43426043e+001
 -1.31656184e+000 -1.31849043e+000  -1.32046195e+000
 -3.09801251e+001 -3.09799151e+001  -3.09795048e+001 1.82473242e+001 1.82473250e+001  1.82473268e+001 -1.28054202e+001 -1.28054202e+001  -1.28054201e+001 -1.87825003e+001 -1.87831473e+001  -1.87844819e+001 5.55506301e+000 5.55104953e+000  5.54733351e+000
 2.81206891e+001 2.81207087e+001  2.81207220e+001 2.51900712e+001 2.51877427e+001  2.51845965e+001 -3.97957128e+001 -3.97957128e+001  -3.97957128e+001 -7.32641783e-002 -7.32641783e-002  -7.32641784e-002 4.79747227e+001 4.79762620e+001  4.79777627e+001
 1.15398643e+001 1.15398643e+001  1.15398643e+001 -8.33530724e+000 -8.33577276e+000  -8.33644757e+000 1.75169643e+000 1.75169643e+000  1.75169643e+000 -8.10690734e+000 -8.10687484e+000  -8.10681930e+000 1.75512552e+001 1.75540614e+001  1.75564780e+001
 -4.89797033e-001 -4.91400026e-001  -4.93024154e-001
 -3.49875175e+000 -3.49875175e+000  -3.49875175e+000 -5.27654020e+000 -5.27654020e+000  -5.27654020e+000 1.49818915e+001 1.49818915e+001  1.49818915e+001 -1.98984257e+001 -1.98984257e+001  -1.98984257e+001 1.01337305e+001 1.01337305e+001  1.01337305e+001
 -1.11652311e+001 -1.11652311e+001  -1.11652311e+001 -2.55950834e-001 -2.55950834e-001  -2.55950834e-001 -7.49094019e+000 -7.49094019e+000  -7.49094019e+000 5.58083575e+000 5.58083575e+000  5.58083575e+000 -4.32790740e+000 -4.32790740e+000  -4.32790740e+000
 -1.04088205e+001 -1.04088205e+001  -1.04088205e+001 1.11640261e+001 1.11640261e+001  1.11640261e+001 6.30111112e+000 6.30111112e+000  6.30111112e+000 7.04298942e+000 7.04298942e+000  7.04298942e+000 -4.21615185e+000 -4.21615185e+000  -4.21615185e+000
 2.10250611e-001 2.10250611e-001  2.10250611e-001
 2.47274319e+000 2.47274319e+000  2.47274319e+000 -8.59525706e+000 -8.59525706e+000  -8.59525706e+000 7.43856103e+000 7.43856103e+000  7.43856103e+000 -1.59438353e+001 -1.59438353e+001  -1.59438353e+001 -1.64228381e+000 -1.64228381e+000  -1.64228381e+000
 -1.62042200e+001 -1.62042200e+001  -1.62042200e+001 -6.60038960e+000 -6.60038960e+000  -6.60038960e+000 -2.81954308e+000 -2.81954308e+000  -2.81954308e+000 1.09031634e+001 1.09031634e+001  1.09031634e+001 -1.21086527e+001 -1.21086527e+001  -1.21086527e+001
 5.09062867e+000 5.09062867e+000  5.09062867e+000 -6.94153509e+000 -6.94153509e+000  -6.94153509e+000 -6.37020579e+000 -6.37020579e+000  -6.37020579e+000 -9.17315319e+000 -9.17315319e+000  -9.17315319e+000 -2.65675217e+000 -2.65675217e+000  -2.65675217e+000
 2.12889160e+000 2.12889160e+000  2.12889160e+000
 1.93367384e+000 1.93367384e+000  1.93367384e+000 1.83488735e+000 1.83488735e+000  1.83488735e+000 -6.96545149e+000 -6.96545149e+000  -6.96545149e+000 9.59294935e+000 9.59294935e+000  9.59294935e+000 -4.28404396e+000 -4.28404396e+000  -4.28404396e+000
 -3.13100140e+000 -3.13100140e+000  -3.13100140e+000 -3.99279041e+000 -3.99279041e+000  -3.99279041e+000 7.51443339e+000 7.51443339e+000  7.51443339e+000 -5.18531410e+000 -5.18531410e+000  -5.18531410e+000 -1.04578374e+001 -1.04578374e+001  -1.04578374e+001
 2.75187102e+000 2.75187102e+000  2.75187102e+000 -2.40375625e+000 -2.40375625e+000  -2.40375625e+000 -6.41283796e+000 -6.41283796e+000  -6.41283796e+000 -2.66280084e+000 -2.66280084e+000  -2.66280084e+000 -6.22146976e+000 -6.22146976e+000  -6.22146976e+000
 -1.98926192e+000 -1.98926192e+000  -1.98926192e+000
 2.28806907e+000 2.28846497e+000  2.28925226e+000 1.49455421e+000 1.49455593e+000  1.49456018e+000 -7.98316941e+000 -7.98316937e+000  -7.98316927e+000 9.72502235e+000 9.72370240e+000  9.72090073e+000 -4.39725428e+000 -4.40441031e+000  -4.41117172e+000
 -2.74919539e+000 -2.74916071e+000  -2.74913714e+000 -4.30334960e+000 -4.30757994e+000  -4.31344336e+000 7.91912324e+000 7.91912324e+000  7.91912324e+000 -5.16750594e+000 -5.16750594e+000  -5.16750594e+000 -1.09769199e+001 -1.09741787e+001  -1.09714606e+001
 2.71793725e+000 2.71793725e+000  2.71793725e+000 -2.82821300e+000 -2.82910975e+000  -2.83049031e+000 -6.65740529e+000 -6.65740529e+000  -6.65740529e+000 -2.52114995e+000 -2.52108448e+000  -2.52096612e+000 -6.42227598e+000 -6.41729758e+000  -6.41295232e+000
 -1.34812154e+000 -1.35100966e+000  -1.35403163e+000
 5.66789574e-001 5.68914120e-001 5.73866246e-001
 1.53473320e+000 1.56118273e+000 1.58878931e+000
 1.14826109e+000 1.14826113e+000 1.14826122e+000
 -2.09099488e+000 -2.08963464e+000 -2.08647396e+000
 -2.49301322e+000 -2.48970884e+000 -2.48660941e+000
 8.42172038e-001 8.42213291e-001 8.42241307e-001
 -3.94392820e+000 -3.92092170e+000 -3.90068080e+000
 3.34426592e+000 3.34426592e+000 3.34426592e+000
 -2.05413855e+000 -2.05413855e+000 -2.05413855e+000
 2.35799519e+000 2.37997938e+000 2.39824640e+000
 -2.15045201e+000 -2.12400713e+000 -2.09641222e+000
 -7.30170822e+000 -7.30158397e+000 -7.30139168e+000
 8.02231575e+000 8.02231575e+000 8.02231575e+000
 7.66724706e+000 7.66725561e+000 7.66727108e+000
 9.65419852e-001 9.72689603e-001 9.78684553e-001
 -2.41820270e+000 -2.41694707e+000 -2.41563136e+000
