 -1.2299e+001 -1.8450e+000 -1.5508e+001  7.6196e+000 -6.8046e+000
 -5.7762e+000  7.2485e+000 -1.7323e+001 -1.5748e+001  5.9814e-001
 -5.0388e+000 -2.4293e+000  8.3061e+000 -3.5465e+000 -3.5214e+000
 -4.6231e-001
  1.3102e+000
 -1.83479936e+001 -1.83479936e+001  -1.83479936e+001 5.17785263e+000 5.17825004e+000  5.17862139e+000 8.53961070e+000 8.53961070e+000  8.53961070e+000 5.30500599e+000 5.30500599e+000  5.30500599e+000 -5.14879036e+001 -5.14879018e+001  -5.14879005e+001
 -1.03173008e+001 -1.03173010e+001  -1.03173011e+001 7.93228531e+000 7.93228546e+000  7.93228560e+000 -1.02958349e+001 -1.02961526e+001  -1.02963983e+001 -1.24048643e+001 -1.24048479e+001  -1.24048351e+001 5.67330429e+000 5.67330426e+000  5.67330423e+000
 -2.08718585e+000 -2.08693118e+000  -2.08666635e+000 9.22105497e+000 9.22091243e+000  9.22078243e+000 5.32635729e+000 5.32635949e+000  5.32636130e+000 3.08399786e+000 3.08399802e+000  3.08399818e+000 -1.46811446e+000 -1.46810458e+000  -1.46809519e+000
 -4.66619821e-001 -4.66458342e-001  -4.66306630e-001
 8.70239113e-001 8.70239113e-001  8.70239113e-001 4.85548037e-001 4.85548037e-001  4.85548037e-001 -7.16455099e+000 -7.16455099e+000  -7.16455099e+000 1.04897690e+001 1.04897690e+001  1.04897690e+001 1.80056184e+001 1.80056184e+001  1.80056184e+001
 -3.07239481e+000 -3.07239481e+000  -3.07239481e+000 -4.62251448e+000 -4.62251448e+000  -4.62251448e+000 -6.51236870e+000 -6.51236870e+000  -6.51236870e+000 -2.05552534e+000 -2.05552534e+000  -2.05552534e+000 1.34528200e+000 1.34528200e+000  1.34528200e+000
 -4.24301208e+000 -4.24301208e+000  -4.24301208e+000 -1.54535490e+000 -1.54535490e+000  -1.54535490e+000 -2.05305055e+000 -2.05305055e+000  -2.05305055e+000 9.05309839e+000 9.05309839e+000  9.05309839e+000 1.60542260e+000 1.60542260e+000  1.60542260e+000
 -4.86330088e-002 -4.86330088e-002  -4.86330088e-002
 -6.72757026e+000 -6.72757026e+000  -6.72757026e+000 5.87063098e+000 5.87063098e+000  5.87063098e+000 1.65900067e+000 1.65900067e+000  1.65900067e+000 7.12061580e-001 7.12061580e-001  7.12061580e-001 1.78823654e+001 1.78823654e+001  1.78823654e+001
 3.81744968e+000 3.81744968e+000  3.81744968e+000 9.69574361e+000 9.69574361e+000  9.69574361e+000 -1.47378183e+000 -1.47378183e+000  -1.47378183e+000 1.92885378e+000 1.92885378e+000  1.92885378e+000 3.44501061e+000 3.44501061e+000  3.44501061e+000
 1.11609471e+001 1.11609471e+001  1.11609471e+001 -3.97658757e+000 -3.97658757e+000  -3.97658757e+000 3.53763125e+000 3.53763125e+000  3.53763125e+000 -6.51132267e+000 -6.51132267e+000  -6.51132267e+000 8.05747769e-001 8.05747769e-001  8.05747769e-001
 3.85174284e-001 3.85174284e-001  3.85174284e-001
 -1.20494408e+001 -1.20494408e+001  -1.20494408e+001 -1.00914170e+001 -1.00914170e+001  -1.00914170e+001 -7.31763233e-001 -7.31763233e-001  -7.31763233e-001 8.58215371e+000 8.58215371e+000  8.58215371e+000 2.58429140e+001 2.58429140e+001  2.58429140e+001
 -1.72276673e+000 -1.72276673e+000  -1.72276673e+000 1.55675787e-001 1.55675787e-001  1.55675787e-001 4.54787358e+000 4.54787358e+000  4.54787358e+000 7.84751870e+000 7.84751870e+000  7.84751870e+000 -5.26581403e+000 -5.26581403e+000  -5.26581403e+000
 -3.61287572e+000 -3.61287572e+000  -3.61287572e+000 -5.55971031e+000 -5.55971031e+000  -5.55971031e+000 3.64796334e+000 3.64796334e+000  3.64796334e+000 -3.53260780e+000 -3.53260780e+000  -3.53260780e+000 -1.42982657e+000 -1.42982657e+000  -1.42982657e+000
 -4.94923986e-001 -4.94923986e-001  -4.94923986e-001
 -2.22877358e+000 -2.22877358e+000  -2.22877358e+000 -3.30767556e+000 -3.30767556e+000  -3.30767556e+000 -6.02298033e+000 -6.02298033e+000  -6.02298033e+000 -9.95984338e+000 -9.95984338e+000  -9.95984338e+000 1.64809660e+001 1.64809660e+001  1.64809660e+001
 9.48118852e+000 9.48118852e+000  9.48118852e+000 -7.89867722e+000 -7.89867722e+000  -7.89867722e+000 6.51834918e+000 6.51834918e+000  6.51834918e+000 9.76422194e+000 9.76422194e+000  9.76422194e+000 -1.22729362e+001 -1.22729362e+001  -1.22729362e+001
 2.62722508e+000 2.62722508e+000  2.62722508e+000 -1.04590979e+001 -1.04590979e+001  -1.04590979e+001 1.27687000e+000 1.27687000e+000  1.27687000e+000 -8.04386297e+000 -8.04386297e+000  -8.04386297e+000 -1.84833845e+000 -1.84833845e+000  -1.84833845e+000
 -5.12608184e-001 -5.12608184e-001  -5.12608184e-001
 1.39533829e+001 1.39533829e+001  1.39533829e+001 1.03265171e+000 1.03265416e+000  1.03266027e+000 -8.49653759e+000 -8.49653759e+000  -8.49653759e+000 -8.98309459e+000 -8.98309459e+000  -8.98309459e+000 -1.51900776e+001 -1.51900776e+001  -1.51900776e+001
 -7.25672296e+000 -7.25672296e+000  -7.25672296e+000 4.37860633e+000 4.37860633e+000  4.37860633e+000 -3.13324443e+000 -3.13324443e+000  -3.13324443e+000 -1.72167707e+001 -1.72167707e+001  -1.72167707e+001 4.41763662e+000 4.41763662e+000  4.41763661e+000
 -5.01541601e+000 -5.01541601e+000  -5.01541601e+000 -5.33021853e+000 -5.33021853e+000  -5.33021854e+000 -1.21706466e+001 -1.21706466e+001  -1.21706466e+001 -3.21145296e+000 -3.21145295e+000  -3.21145295e+000 -3.74985250e+000 -3.74985249e+000  -3.74985246e+000
 5.04541666e-001 5.04542007e-001  5.04542858e-001
 1.00049796e+001 1.00049796e+001  1.00049796e+001 -1.42237018e+000 -1.42237018e+000  -1.42237018e+000 -6.48360779e+000 -6.48360779e+000  -6.48360779e+000 -8.58564037e-001 -8.58564037e-001  -8.58564037e-001 -1.70330658e+001 -1.70330658e+001  -1.70330658e+001
 9.22650040e-001 9.22650040e-001  9.22650040e-001 -1.91403031e+000 -1.91403031e+000  -1.91403031e+000 -7.83649359e+000 -7.83649359e+000  -7.83649359e+000 -1.74960298e+000 -1.74960298e+000  -1.74960298e+000 1.12551866e+000 1.12551866e+000  1.12551866e+000
 -5.33871652e+000 -5.33871652e+000  -5.33871652e+000 1.21931735e+001 1.21931735e+001  1.21931735e+001 8.69685654e+000 8.69685654e+000  8.69685654e+000 4.07356260e+000 4.07356260e+000  4.07356260e+000 1.42990338e+000 1.42990338e+000  1.42990338e+000
 -1.37336932e-001 -1.37336932e-001  -1.37336932e-001
 2.21252073e+000 2.21252073e+000  2.21252073e+000 -5.19594072e+000 -5.19594072e+000  -5.19594072e+000 5.13712188e+000 5.13712188e+000  5.13712188e+000 1.21595537e+000 1.21595537e+000  1.21595537e+000 -2.34921587e+001 -2.34921587e+001  -2.34921587e+001
 5.53213183e+000 5.53213183e+000  5.53213183e+000 -5.83750183e-001 -5.83750183e-001  -5.83750183e-001 1.59756393e+000 1.59756393e+000  1.59756393e+000 7.89776716e+000 7.89776716e+000  7.89776716e+000 -1.48859255e+001 -1.48859255e+001  -1.48859255e+001
 -9.33126863e+000 -9.33126863e+000  -9.33126863e+000 -6.00621754e+000 -6.00621754e+000  -6.00621754e+000 -1.41712016e+001 -1.41712016e+001  -1.41712016e+001 -1.10176705e+001 -1.10176705e+001  -1.10176705e+001 1.05214160e+000 1.05214160e+000  1.05214160e+000
 -3.07508068e-001 -3.07508068e-001  -3.07508068e-001
 -3.35905161e+000 -3.35905161e+000  -3.35905161e+000 -5.92514670e+000 -5.92514426e+000  -5.92513815e+000 -2.91329214e+001 -2.91329214e+001  -2.91329214e+001 -1.62567959e+001 -1.62567959e+001  -1.62567959e+001 -1.44512628e+001 -1.44512628e+001  -1.44512628e+001
 -8.28334309e+000 -8.28334309e+000  -8.28334309e+000 -8.14936242e+000 -8.14936242e+000  -8.14936242e+000 -9.41396388e+000 -9.41396388e+000  -9.41396388e+000 -8.44391199e+000 -8.44391199e+000  -8.44391199e+000 -4.62300236e+000 -4.62300236e+000  -4.62300236e+000
 -3.46743558e+000 -3.46743558e+000  -3.46743558e+000 3.53259726e+000 3.53259725e+000  3.53259724e+000 8.36566561e+000 8.36566561e+000  8.36566561e+000 -3.26254300e+000 -3.26254300e+000  -3.26254300e+000 3.19889952e-001 3.19889964e-001  3.19889995e-001
 -1.39371991e+000 -1.39371957e+000  -1.39371872e+000
 -2.96059661e+000 -2.96059661e+000  -2.96059661e+000 1.03385729e+001 1.03389703e+001  1.03393416e+001 1.16676036e+001 1.16676036e+001  1.16676036e+001 1.84885925e+001 1.84885925e+001  1.84885925e+001 1.85260071e+001 1.85260090e+001  1.85260103e+001
 5.75129572e+000 5.75129558e+000  5.75129544e+000 5.90262607e+000 5.90262623e+000  5.90262636e+000 3.64883280e-001 3.64565649e-001  3.64319905e-001 4.44838988e+000 4.44840629e+000  4.44841907e+000 7.97832662e+000 7.97832659e+000  7.97832656e+000
 4.33223860e+000 4.33249326e+000  4.33275810e+000 2.32077196e+000 2.32062941e+000  2.32049941e+000 9.36426236e+000 9.36426456e+000  9.36426636e+000 5.89050792e+000 5.89050809e+000  5.89050824e+000 -1.72122591e+000 -1.72121604e+000  -1.72120665e+000
 2.25215844e-001 2.25377322e-001  2.25529035e-001
 -8.41076953e+000 -8.41076953e+000  -8.41076953e+000 -6.86264448e+000 -6.86264448e+000  -6.86264448e+000 -1.41914763e+000 -1.41914763e+000  -1.41914763e+000 2.88285696e+000 2.88285696e+000  2.88285696e+000 -9.73595998e+000 -9.73595998e+000  -9.73595998e+000
 -5.76708004e+000 -5.76708004e+000  -5.76708004e+000 9.83339723e+000 9.83339723e+000  9.83339723e+000 -9.26604610e+000 -9.26604610e+000  -9.26604610e+000 -1.00094707e+001 -1.00094707e+001  -1.00094707e+001 -4.99534399e+000 -4.99534399e+000  -4.99534399e+000
 -7.37383702e+000 -7.37383702e+000  -7.37383702e+000 -1.13101100e+001 -1.13101100e+001  -1.13101100e+001 -9.46794671e+000 -9.46794671e+000  -9.46794671e+000 -7.71655247e+000 -7.71655247e+000  -7.71655247e+000 -3.25372226e+000 -3.25372226e+000  -3.25372226e+000
 3.98098088e-001 3.98098088e-001  3.98098088e-001
 1.01721765e+002 1.01721765e+002  1.01721765e+002 6.36287763e+001 6.36287791e+001  6.36287829e+001 -2.39050610e+001 -2.39050610e+001  -2.39050610e+001 1.46349392e+001 1.46349392e+001  1.46349392e+001 -3.76679280e+001 -3.76679280e+001  -3.76679280e+001
 -5.45638874e+000 -5.45638874e+000  -5.45638874e+000 -3.68699478e+001 -3.68699478e+001  -3.68699478e+001 -4.10322024e+001 -4.10322041e+001  -4.10322054e+001 -4.45137521e+001 -4.45137520e+001  -4.45137519e+001 4.24261243e+001 4.24261243e+001  4.24261243e+001
 -1.28837088e+001 -1.28837074e+001  -1.28837060e+001 1.81664974e+001 1.81664966e+001  1.81664959e+001 1.18991915e+001 1.18991915e+001  1.18991915e+001 -3.10830220e+000 -3.10830219e+000  -3.10830219e+000 -5.90278198e-001 -5.90278142e-001  -5.90278083e-001
 -1.72108632e-001 -1.72107673e-001  -1.72106613e-001
 -1.95461866e+000 -1.95461866e+000  -1.95461866e+000 -8.36691277e-001 -8.36544663e-001  -8.36407849e-001 -1.80828957e+001 -1.80828957e+001  -1.80828957e+001 8.75944592e+000 8.75944592e+000  8.75944592e+000 -1.45049161e+001 -1.45049154e+001  -1.45049149e+001
 -3.79024689e-001 -3.79024742e-001  -3.79024791e-001 -7.27539933e+000 -7.27539927e+000  -7.27539922e+000 -5.57753811e+000 -5.57765452e+000  -5.57774308e+000 -2.34140579e+000 -2.34139977e+000  -2.34139515e+000 -3.00208338e+000 -3.00208339e+000  -3.00208340e+000
 -7.11041326e+000 -7.11031900e+000  -7.11022065e+000 9.44077323e-001 9.44024865e-001  9.43977303e-001 -1.72587694e+001 -1.72587686e+001  -1.72587679e+001 4.64315293e+000 4.64315299e+000  4.64315305e+000 -1.42271750e+001 -1.42271713e+001  -1.42271679e+001
 -4.14272394e-001 -4.14213052e-001  -4.14157738e-001
 6.54610191e+000 6.54610191e+000  6.54610191e+000 -3.55552862e+000 -3.55525669e+000  -3.55499956e+000 3.72801270e+001 3.72801270e+001  3.72801270e+001 -1.42496863e+001 -1.42496863e+001  -1.42496863e+001 3.38555723e+001 3.38555736e+001  3.38555745e+001
 3.29908683e+000 3.29908673e+000  3.29908664e+000 -6.34569319e+000 -6.34569308e+000  -6.34569299e+000 2.65932606e+001 2.65930454e+001  2.65928801e+001 1.88478771e+001 1.88478883e+001  1.88478968e+001 9.77483855e-001 9.77483833e-001  9.77483813e-001
 1.00607480e+001 1.00609199e+001  1.00610972e+001 -5.12289674e+000 -5.12299320e+000  -5.12308054e+000 -1.03349406e+001 -1.03349391e+001  -1.03349379e+001 1.81046285e-001 1.81046397e-001  1.81046505e-001 5.51017381e+000 5.51018051e+000  5.51018685e+000
 8.82956203e-002 8.84055447e-002  8.85091612e-002
 2.09977646e+000 2.09977646e+000  2.09977646e+000 3.99021610e+000 3.99044357e+000  3.99065879e+000 3.43816119e+001 3.43816119e+001  3.43816119e+001 -1.52132310e+001 -1.52132310e+001  -1.52132310e+001 4.95398645e+001 4.95398655e+001  4.95398663e+001
 4.60825868e+000 4.60825860e+000  4.60825853e+000 -3.23240842e+000 -3.23240833e+000  -3.23240826e+000 3.20428576e+001 3.20426779e+001  3.20425401e+001 2.20706906e+001 2.20706999e+001  2.20707070e+001 3.27258189e+000 3.27258188e+000  3.27258186e+000
 1.83623074e+001 1.83624509e+001  1.83625983e+001 -1.00053498e+001 -1.00054304e+001  -1.00055031e+001 -1.65092627e+001 -1.65092615e+001  -1.65092605e+001 -3.70775596e+000 -3.70775586e+000  -3.70775577e+000 6.42456244e+000 6.42456803e+000  6.42457331e+000
 2.22522266e-001 2.22614180e-001  2.22700813e-001
 -1.58646859e+001 -1.58646859e+001  -1.58646859e+001 8.92813488e+000 8.92813488e+000  8.92813488e+000 -9.66287092e+000 -9.66287092e+000  -9.66287092e+000 6.39270141e+000 6.39270141e+000  6.39270141e+000 2.75518344e+001 2.75518344e+001  2.75518344e+001
 -7.65844864e-001 -7.65844864e-001  -7.65844864e-001 1.20787053e+001 1.20787053e+001  1.20787053e+001 -3.02436666e-001 -3.02436666e-001  -3.02436666e-001 -5.73617783e-001 -5.73617783e-001  -5.73617783e-001 4.54603093e+000 4.54603093e+000  4.54603093e+000
 3.21049707e+000 3.21049707e+000  3.21049707e+000 -1.68413556e+001 -1.68413556e+001  -1.68413556e+001 -1.26103347e+001 -1.26103347e+001  -1.26103347e+001 -6.81561125e+000 -6.81561125e+000  -6.81561125e+000 -1.78351625e+000 -1.78351625e+000  -1.78351625e+000
 -1.75316461e-001 -1.75316461e-001  -1.75316461e-001
 1.47176594e+000 1.47176594e+000  1.47176594e+000 1.27087564e+001 1.27087564e+001  1.27087564e+001 -1.88414099e+001 -1.88414099e+001  -1.88414099e+001 6.41616451e-001 6.41616451e-001  6.41616451e-001 -8.54447593e+000 -8.54447593e+000  -8.54447593e+000
 2.70910933e+000 2.70910933e+000  2.70910933e+000 3.25471456e+000 3.25471456e+000  3.25471456e+000 -1.46997260e+000 -1.46997260e+000  -1.46997260e+000 -1.46139260e+000 -1.46139260e+000  -1.46139260e+000 3.86131073e+000 3.86131073e+000  3.86131073e+000
 1.18361758e+001 1.18361758e+001  1.18361758e+001 9.54455785e+000 9.54455785e+000  9.54455785e+000 1.02356132e+001 1.02356132e+001  1.02356132e+001 -4.79913116e+000 -4.79913116e+000  -4.79913116e+000 1.22457318e-001 1.22457318e-001  1.22457318e-001
 1.45192934e-001 1.45192934e-001  1.45192934e-001
 -5.82543114e-002 -5.82543114e-002  -5.82543114e-002 -1.18490070e+001 -1.18490070e+001  -1.18490070e+001 5.59376794e+000 5.59376794e+000  5.59376794e+000 -7.98893437e-001 -7.98893437e-001  -7.98893437e-001 -1.17711424e+001 -1.17711424e+001  -1.17711424e+001
 -5.27312950e+000 -5.27312950e+000  -5.27312950e+000 -3.53901755e+000 -3.53901755e+000  -3.53901755e+000 -7.75216464e+000 -7.75216464e+000  -7.75216464e+000 -5.52337631e+000 -5.52337631e+000  -5.52337631e+000 -4.68221173e+000 -4.68221173e+000  -4.68221173e+000
 -1.07941941e+001 -1.07941941e+001  -1.07941941e+001 5.71813614e-001 5.71813614e-001  5.71813614e-001 5.28938888e+000 5.28938888e+000  5.28938888e+000 3.06337511e+000 3.06337511e+000  3.06337511e+000 -1.23525516e+000 -1.23525516e+000  -1.23525516e+000
 -2.43083232e-001 -2.43083232e-001  -2.43083232e-001
 1.02211862e-002 1.02211862e-002  1.02211862e-002 -1.19102413e+001 -1.19098415e+001  -1.19094640e+001 4.39030536e+000 4.39030536e+000  4.39030536e+000 -7.19116382e-001 -7.19116382e-001  -7.19116382e-001 -1.24583807e+001 -1.24583788e+001  -1.24583775e+001
 -4.49281473e+000 -4.49281488e+000  -4.49281501e+000 -3.69389717e+000 -3.69389701e+000  -3.69389687e+000 -8.23931195e+000 -8.23962958e+000  -8.23987533e+000 -5.85796865e+000 -5.85795224e+000  -5.85793946e+000 -4.73911562e+000 -4.73911565e+000  -4.73911568e+000
 -1.07615128e+001 -1.07612581e+001  -1.07609933e+001 1.26824341e+000 1.26810086e+000  1.26797085e+000 5.34731394e+000 5.34731614e+000  5.34731794e+000 3.46277976e+000 3.46277993e+000  3.46278009e+000 -1.75874414e+000 -1.75873426e+000  -1.75872483e+000
 -4.97199223e-001 -4.97037404e-001  -4.96884839e-001
 -2.60343689e+000 -2.60343990e+000 -2.60344744e+000
 -3.24471306e+000 -3.24547221e+000 -3.24618739e+000
 -7.49822545e-001 -7.50726167e-001 -7.51573767e-001
 -1.09585346e+000 -1.09675708e+000 -1.09760468e+000
 -1.79350865e+000 -1.79350968e+000 -1.79351041e+000
 4.15184979e+000 4.15184975e+000 4.15184972e+000
 -7.42578159e-001 -7.43481575e-001 -7.44328988e-001
 2.60675696e+000 2.60661003e+000 2.60649995e+000
 -4.12617907e+000 -4.12618306e+000 -4.12618617e+000
 2.45733418e+000 2.45642756e+000 2.45557243e+000
 -1.35106429e+000 -1.35172281e+000 -1.35233202e+000
 1.19592176e+000 1.19515913e+000 1.19443861e+000
 -7.36311762e-001 -7.37212394e-001 -7.38057542e-001
 -9.84978013e-001 -9.85881471e-001 -9.86728917e-001
 -6.11458173e+000 -6.11458335e+000 -6.11458490e+000
 -9.86240995e-001 -9.86456059e-001 -9.86658807e-001
