   24      9     50      1 19432      0 
    0.700      0.400   20000  100      0.000      0.000  20000     15 
    0.990 	     0.010 
   2 
    1.0000e+000   0.0000e+000  
  1.0000e+000   0.0000e+000  
  1.0000e+000   0.0000e+000  
  1.0000e+000   0.0000e+000  
  1.0000e+000   0.0000e+000  
  1.0000e+000   0.0000e+000  
  1.0000e+000   0.0000e+000  
  1.0000e+000   0.0000e+000  
  1.0000e+000   0.0000e+000  
  1.0000e+000   0.0000e+000  
  1.0000e+000   0.0000e+000  
  1.0000e+000   0.0000e+000  
  1.0000e+000   0.0000e+000  
  1.0000e+000   0.0000e+000  
  1.0000e+000   0.0000e+000  
  1.0000e+000   0.0000e+000  
  1.9800e+000   0.0000e+000  
  5.7000e+001  -8.0000e+000  
  4.4800e+000   0.0000e+000  
  1.8824e+002   1.7538e+002  
  1.0000e+000   0.0000e+000  
  1.0000e+000   0.0000e+000  
  1.0000e+000   0.0000e+000  
  1.0000e+000   0.0000e+000  
   2.6555e+002   0.0000e+000  
  itr    nh   avger[]   r2avg    mare[] 
20000  15 1.213e+001   9.826e-001  1.000e+001 2.629e+001 
20000  15 0.000e+000   0.000e+000  0.000e+000 0.000e+000 
   1  9.8262e-001   2.6286e+001   1.8536e+006   1.2129e-001 
 -1.0637e-001   9.7540e-001 
   1  0.0000e+000   0.0000e+000   0.0000e+000   0.0000e+000 
  0.0000e+000   0.0000e+000 
