   13     15     50      1  2019    977 
    0.700      0.400   20000  100      0.000      0.000    100     16 
    0.990 	     0.010 
   2 
    9.3787e-002   0.0000e+000  
  1.0000e+000   0.0000e+000  
  1.0000e+000   0.0000e+000  
  1.0000e+000   0.0000e+000  
  1.0000e+000   0.0000e+000  
  1.9875e+000   0.0000e+000  
  5.7000e+001  -8.0000e+000  
  4.4754e+000   0.0000e+000  
  1.8824e+002   1.7540e+002  
  1.0000e+000   0.0000e+000  
  1.0000e+000   0.0000e+000  
  1.0000e+000   0.0000e+000  
  1.0000e+000   0.0000e+000  
   4.6250e+001   0.0000e+000  
  itr    nh   avger[]   r2avg    mare[] 
100  16 6.576e+001   6.007e-001  9.855e+000 1.254e+001 
100  16 7.215e+001   5.388e-001  1.000e+003 7.121e+000 
   1  6.0070e-001   1.2539e+001   2.6822e+004   6.5758e-001 
  1.2764e+000   5.7602e-001 
   1  5.3877e-001   7.1205e+000   1.5231e+004   7.2155e-001 
  1.4563e+000   5.4764e-001 
