 -1.6178e+000 -2.2456e+000 -2.7663e+000  1.3512e+001 -7.9846e+000
  3.1328e+000 -2.1854e+001  1.7815e-001  7.3094e+000 -5.8755e+000
  4.8763e+000 -2.4328e+001  2.8055e+000  2.1901e+001  4.3463e+000
 -7.8265e-001
  3.8951e+000
 -2.64186629e+000 -2.64318213e+000  -2.64450347e+000 1.28074641e+001 1.28079965e+001  1.28091917e+001 5.13557915e+000 5.13145915e+000  5.12747192e+000 1.19571749e+001 1.19571749e+001  1.19571749e+001 -9.11328574e+000 -9.11328574e+000  -9.11328574e+000
 -3.25621119e+000 -3.25621119e+000  -3.25621119e+000 5.87592935e+000 5.87568117e+000  5.87511065e+000 -7.16174126e+000 -7.16174126e+000  -7.16174126e+000 -1.45770191e+001 -1.45770192e+001  -1.45770192e+001 1.22782931e+001 1.22839503e+001  1.22898652e+001
 1.29047950e+000 1.29047122e+000  1.29046300e+000 6.96118401e+000 6.96256793e+000  6.96394956e+000 1.83194833e+001 1.83194796e+001  1.83194704e+001 -4.77842361e+000 -4.77842386e+000  -4.77842446e+000 1.99073565e+000 1.98919722e+000  1.98730055e+000
 3.98677233e-001 3.99485045e-001  4.00337562e-001
 -9.24744661e+000 -9.24744661e+000  -9.24744661e+000 -3.18419473e+000 -3.18419473e+000  -3.18419473e+000 3.06781392e+000 3.06781392e+000  3.06781392e+000 -2.10904735e+001 -2.10904735e+001  -2.10904735e+001 9.89268139e-001 9.89268139e-001  9.89268139e-001
 1.00188941e+001 1.00188941e+001  1.00188941e+001 -9.29444363e+000 -9.29444363e+000  -9.29444363e+000 6.98063312e+000 6.98063312e+000  6.98063312e+000 -1.70635247e+001 -1.70635247e+001  -1.70635247e+001 1.61436010e+000 1.61436010e+000  1.61436010e+000
 1.97829561e+000 1.97829561e+000  1.97829561e+000 -6.46981623e+000 -6.46981623e+000  -6.46981623e+000 -1.14973168e+000 -1.14973168e+000  -1.14973168e+000 2.87227275e-001 2.87227275e-001  2.87227275e-001 6.09506660e+000 6.09506660e+000  6.09506660e+000
 -6.47778905e-001 -6.47778905e-001  -6.47778905e-001
 -1.20088585e+001 -1.20088585e+001  -1.20088585e+001 -2.10257179e+000 -2.10257179e+000  -2.10257179e+000 1.53532198e+001 1.53532198e+001  1.53532198e+001 2.92974300e+000 2.92974300e+000  2.92974300e+000 7.68072379e+000 7.68072379e+000  7.68072379e+000
 -2.02190942e-001 -2.02190942e-001  -2.02190942e-001 3.31452273e-001 3.31452273e-001  3.31452273e-001 4.51984428e+000 4.51984428e+000  4.51984428e+000 2.03215597e+001 2.03215597e+001  2.03215597e+001 -6.05695352e+000 -6.05695352e+000  -6.05695352e+000
 3.98171129e+000 3.98171129e+000  3.98171129e+000 -9.30488504e+000 -9.30488504e+000  -9.30488504e+000 -2.58912190e+000 -2.58912190e+000  -2.58912190e+000 -8.86820789e+000 -8.86820789e+000  -8.86820789e+000 -4.41417103e+000 -4.41417103e+000  -4.41417103e+000
 -1.85816825e-002 -1.85816825e-002  -1.85816825e-002
 -7.41749159e+000 -7.41749159e+000  -7.41749159e+000 -2.38343126e+000 -2.38343126e+000  -2.38343126e+000 -3.85035369e+000 -3.85035369e+000  -3.85035369e+000 6.65553533e+000 6.65553533e+000  6.65553533e+000 -7.01449284e-002 -7.01449284e-002  -7.01449284e-002
 -8.93200173e-001 -8.93200173e-001  -8.93200173e-001 4.74022634e+000 4.74022634e+000  4.74022634e+000 -5.62913852e+000 -5.62913852e+000  -5.62913852e+000 6.57192072e+000 6.57192072e+000  6.57192072e+000 1.88915303e+000 1.88915303e+000  1.88915303e+000
 4.59132037e+000 4.59132037e+000  4.59132037e+000 -1.10821304e+001 -1.10821304e+001  -1.10821304e+001 -7.55748309e+000 -7.55748309e+000  -7.55748309e+000 -1.15997506e+001 -1.15997506e+001  -1.15997506e+001 6.15083222e+000 6.15083222e+000  6.15083222e+000
 -1.35068280e-001 -1.35068280e-001  -1.35068280e-001
 1.30072028e+001 1.30072028e+001  1.30072028e+001 1.81626439e-001 1.81626439e-001  1.81626439e-001 -2.13479203e+001 -2.13479203e+001  -2.13479203e+001 1.22559934e+001 1.22559934e+001  1.22559934e+001 1.94161870e+000 1.94161870e+000  1.94161870e+000
 -6.42400847e-001 -6.42400847e-001  -6.42400847e-001 1.17833811e+000 1.17833811e+000  1.17833811e+000 -7.56845900e+000 -7.56845900e+000  -7.56845900e+000 -1.69797616e+000 -1.69797616e+000  -1.69797616e+000 -3.66377522e+000 -3.66377522e+000  -3.66377522e+000
 5.83046618e+000 5.83046618e+000  5.83046618e+000 -1.45569751e+000 -1.45569751e+000  -1.45569751e+000 -1.27712085e+001 -1.27712085e+001  -1.27712085e+001 1.60953581e+001 1.60953581e+001  1.60953581e+001 1.08647976e+001 1.08647976e+001  1.08647976e+001
 -2.27626036e-001 -2.27626036e-001  -2.27626036e-001
 5.01344009e+000 5.01344009e+000  5.01344009e+000 -3.76402250e+000 -3.76402250e+000  -3.76402250e+000 -1.27712422e+000 -1.27712427e+000  -1.27712439e+000 9.44062981e+000 9.44063040e+000  9.44063189e+000 -8.50259616e+000 -8.50259616e+000  -8.50259616e+000
 -6.11175453e-001 -6.11175453e-001  -6.11175453e-001 -2.59673718e+001 -2.59673718e+001  -2.59673718e+001 6.59773901e+000 6.59773900e+000  6.59773899e+000 -8.23698598e+000 -8.23698598e+000  -8.23698598e+000 -7.16182267e+000 -7.16182267e+000  -7.16182267e+000
 3.41825984e-002 3.41825900e-002  3.41825691e-002 -4.34006102e+000 -4.34006084e+000  -4.34006040e+000 -8.27303724e+000 -8.27303724e+000  -8.27303724e+000 1.37032250e+001 1.37032250e+001  1.37032249e+001 -3.38170815e+000 -3.38170857e+000  -3.38170964e+000
 -6.73987995e-001 -6.73987954e-001  -6.73987850e-001
 7.75548480e+000 7.75548480e+000  7.75548480e+000 -3.17058046e+000 -3.17058046e+000  -3.17058046e+000 1.16743664e+000 1.16743664e+000  1.16743664e+000 -1.15386392e+001 -1.15386392e+001  -1.15386392e+001 -5.11590324e+000 -5.11590324e+000  -5.11590324e+000
 -1.67835362e+000 -1.67835362e+000  -1.67835362e+000 -7.96871222e+000 -7.96871222e+000  -7.96871222e+000 -4.15754645e+000 -4.15754645e+000  -4.15754645e+000 2.05587608e+001 2.05587608e+001  2.05587608e+001 -8.95859225e+000 -8.95859225e+000  -8.95859225e+000
 -1.04681076e+001 -1.04681076e+001  -1.04681076e+001 -8.70019646e+000 -8.70019646e+000  -8.70019646e+000 1.51378363e+001 1.51378363e+001  1.51378363e+001 1.81808465e+001 1.81808465e+001  1.81808465e+001 -1.26204208e+001 -1.26204208e+001  -1.26204208e+001
 4.90194286e-004 4.90194286e-004  4.90194286e-004
 -4.73315197e+000 -4.73315197e+000  -4.73315197e+000 -1.27051458e+000 -1.27051458e+000  -1.27051458e+000 -1.52758877e+001 -1.52758877e+001  -1.52758877e+001 2.95573964e+000 2.95573964e+000  2.95573964e+000 -1.69176500e+000 -1.69176500e+000  -1.69176500e+000
 1.49393411e+001 1.49393411e+001  1.49393411e+001 2.54956009e+001 2.54956009e+001  2.54956009e+001 1.05711220e+001 1.05711220e+001  1.05711220e+001 -2.14828967e+000 -2.14828967e+000  -2.14828967e+000 -1.24808361e+001 -1.24808361e+001  -1.24808361e+001
 -7.97014159e-001 -7.97014159e-001  -7.97014159e-001 1.66479388e-001 1.66479388e-001  1.66479388e-001 5.82299868e+000 5.82299868e+000  5.82299868e+000 4.50004843e+000 4.50004843e+000  4.50004843e+000 -6.81895135e+000 -6.81895135e+000  -6.81895135e+000
 -1.78679098e-001 -1.78679098e-001  -1.78679098e-001
 -1.01808831e+002 -1.01808838e+002  -1.01808845e+002 -4.22578947e+001 -4.22578919e+001  -4.22578856e+001 1.57382536e+000 1.57380358e+000  1.57378248e+000 -8.02165143e+001 -8.02165141e+001  -8.02165137e+001 1.93360973e+001 1.93360973e+001  1.93360973e+001
 -2.37117521e+000 -2.37117521e+000  -2.37117521e+000 4.41032261e+001 4.41032248e+001  4.41032218e+001 5.98981599e+000 5.98981599e+000  5.98981599e+000 -2.96820118e+001 -2.96820118e+001  -2.96820118e+001 -5.45212590e+001 -5.45212291e+001  -5.45211979e+001
 -2.78957803e+000 -2.78957808e+000  -2.78957813e+000 1.41498320e+001 1.41498393e+001  1.41498468e+001 -6.34654392e+000 -6.34654394e+000  -6.34654399e+000 -1.91576779e+001 -1.91576779e+001  -1.91576779e+001 2.69040512e+001 2.69040429e+001  2.69040326e+001
 2.77437784e-001 2.77442064e-001  2.77446599e-001
 -1.31644038e-002 -1.36578963e-002  -1.41648914e-002 -4.82065435e+001 -4.82063105e+001  -4.82057782e+001 -2.10443543e+001 -2.10459035e+001  -2.10474455e+001 3.04248438e+000 3.04248461e+000  3.04248517e+000 -7.98923226e-001 -7.98923225e-001  -7.98923224e-001
 -1.22039790e+001 -1.22039790e+001  -1.22039790e+001 -5.99082106e+001 -5.99083181e+001  -5.99085686e+001 1.62015235e+001 1.62015235e+001  1.62015235e+001 -1.15873454e+001 -1.15873454e+001  -1.15873454e+001 8.17516380e-001 8.19648302e-001  8.21940094e-001
 -7.77061241e-001 -7.77064350e-001  -7.77067512e-001 -4.17089671e+001 -4.17084484e+001  -4.17079190e+001 6.36857523e+000 6.36857355e+000  6.36856941e+000 -1.71432842e+000 -1.71432854e+000  -1.71432883e+000 5.10665891e+000 5.10606421e+000  5.10529724e+000
 -6.34959366e-001 -6.34654730e-001  -6.34324038e-001
 3.17804103e+000 3.17716361e+000  3.17630617e+000 8.82668425e+000 8.82700468e+000  8.82771354e+000 8.43104471e+000 8.42828553e+000  8.42567285e+000 -4.24973175e+000 -4.24973132e+000  -4.24973023e+000 2.15018881e+000 2.15018881e+000  2.15018881e+000
 -1.80403567e+001 -1.80403567e+001  -1.80403567e+001 3.92282433e+001 3.92280840e+001  3.92277197e+001 -1.76448477e+001 -1.76448477e+001  -1.76448477e+001 -4.88411600e-001 -4.88411626e-001  -4.88411650e-001 -2.26100794e+000 -2.25724818e+000  -2.25343415e+000
 -9.36688643e-001 -9.36694176e-001  -9.36699532e-001 3.32685700e+001 3.32695012e+001  3.32704183e+001 -2.39046002e+001 -2.39046023e+001  -2.39046074e+001 -2.37710594e+001 -2.37710596e+001  -2.37710600e+001 -8.74644413e+000 -8.74745036e+000  -8.74864261e+000
 -9.71937054e-001 -9.71400658e-001  -9.70851873e-001
 -3.30968404e+000 -3.31041294e+000  -3.31111782e+000 1.08759074e+001 1.08761627e+001  1.08767239e+001 1.31511101e+001 1.31488143e+001  1.31466583e+001 -6.02158903e+000 -6.02158866e+000  -6.02158772e+000 3.68101599e+000 3.68101599e+000  3.68101599e+000
 -1.96909525e+001 -1.96909525e+001  -1.96909525e+001 4.76768666e+001 4.76767362e+001  4.76764385e+001 -2.58993759e+001 -2.58993759e+001  -2.58993759e+001 6.72787780e+000 6.72787777e+000  6.72787775e+000 2.23320684e-002 2.54514904e-002  2.85790845e-002
 -1.00982813e-001 -1.00987411e-001  -1.00991816e-001 4.16656579e+001 4.16664340e+001  4.16671944e+001 -2.06435366e+001 -2.06435382e+001  -2.06435421e+001 -2.09364678e+001 -2.09364679e+001  -2.09364682e+001 -8.25668225e+000 -8.25751190e+000  -8.25847937e+000
 -9.83707665e-001 -9.83262786e-001  -9.82813094e-001
 -1.21803665e+001 -1.21803665e+001  -1.21803665e+001 2.44912488e+000 2.44912488e+000  2.44912488e+000 -6.65453613e+000 -6.65453613e+000  -6.65453613e+000 -2.49631964e+000 -2.49631964e+000  -2.49631964e+000 -1.85734157e+000 -1.85734157e+000  -1.85734157e+000
 4.24747874e+000 4.24747874e+000  4.24747874e+000 -4.51045981e+000 -4.51045981e+000  -4.51045981e+000 -1.18874263e+001 -1.18874263e+001  -1.18874263e+001 8.41762202e+000 8.41762202e+000  8.41762202e+000 -9.72235129e+000 -9.72235129e+000  -9.72235129e+000
 3.74477133e+000 3.74477133e+000  3.74477133e+000 -4.88940266e+000 -4.88940266e+000  -4.88940266e+000 9.92728036e+000 9.92728036e+000  9.92728036e+000 1.19009507e+001 1.19009507e+001  1.19009507e+001 6.09409161e+000 6.09409161e+000  6.09409161e+000
 -1.78618064e-001 -1.78618064e-001  -1.78618064e-001
 -8.83870333e+000 -8.83870333e+000  -8.83870333e+000 -5.34790408e+000 -5.34790408e+000  -5.34790408e+000 1.65358956e+001 1.65358956e+001  1.65358956e+001 3.72640963e+000 3.72640963e+000  3.72640963e+000 -4.92600795e+000 -4.92600795e+000  -4.92600795e+000
 -5.66870423e+000 -5.66870423e+000  -5.66870423e+000 -8.77127051e+000 -8.77127051e+000  -8.77127051e+000 -7.69342942e+000 -7.69342942e+000  -7.69342942e+000 8.58777195e+000 8.58777195e+000  8.58777195e+000 1.15257473e+001 1.15257473e+001  1.15257473e+001
 -3.10494198e+000 -3.10494198e+000  -3.10494198e+000 -9.00152533e+000 -9.00152533e+000  -9.00152533e+000 6.02963606e+000 6.02963606e+000  6.02963606e+000 1.57599345e+001 1.57599345e+001  1.57599345e+001 -9.43804571e-001 -9.43804571e-001  -9.43804571e-001
 -1.73604425e-001 -1.73604425e-001  -1.73604425e-001
 7.72999444e+000 7.72999444e+000  7.72999444e+000 9.15059922e-001 9.15059922e-001  9.15059922e-001 -5.45387774e+000 -5.45387774e+000  -5.45387774e+000 4.74114811e+000 4.74114811e+000  4.74114811e+000 -2.46189974e+000 -2.46189974e+000  -2.46189974e+000
 1.82391612e+000 1.82391612e+000  1.82391612e+000 -8.43982527e+000 -8.43982527e+000  -8.43982527e+000 6.48117694e+000 6.48117694e+000  6.48117694e+000 -5.18874975e+000 -5.18874975e+000  -5.18874975e+000 -5.57639842e+000 -5.57639842e+000  -5.57639842e+000
 3.59844695e+000 3.59844695e+000  3.59844695e+000 -9.61568545e+000 -9.61568545e+000  -9.61568545e+000 -6.87700590e+000 -6.87700590e+000  -6.87700590e+000 -2.71271323e+000 -2.71271323e+000  -2.71271323e+000 -4.66975003e-001 -4.66975003e-001  -4.66975003e-001
 -3.29321447e-001 -3.29321447e-001  -3.29321447e-001
 7.91547380e+000 7.91415797e+000  7.91283663e+000 5.86071821e-001 5.86604228e-001  5.87799426e-001 -5.90863855e+000 -5.91275860e+000  -5.91674595e+000 4.96104670e+000 4.96104730e+000  4.96104879e+000 -2.57061998e+000 -2.57061997e+000  -2.57061997e+000
 2.75925055e+000 2.75925055e+000  2.75925055e+000 -8.90431742e+000 -8.90456560e+000  -8.90513612e+000 7.21184760e+000 7.21184759e+000  7.21184758e+000 -5.35694217e+000 -5.35694220e+000  -5.35694224e+000 -5.65123906e+000 -5.64558193e+000  -5.63966704e+000
 3.68729678e+000 3.68728849e+000  3.68728025e+000 -1.01456350e+001 -1.01442509e+001  -1.01428688e+001 -7.96317330e+000 -7.96317702e+000  -7.96318622e+000 -1.92789727e+000 -1.92789755e+000  -1.92789822e+000 1.82001531e-003 2.81151826e-004  -1.61658855e-003
 -6.22331536e-001 -6.21523682e-001  -6.20671062e-001
 -3.64438886e+000 -3.63325667e+000 -3.62198923e+000
 1.58306075e+000 1.59372607e+000 1.60335197e+000
 -3.20287641e+000 -3.19386545e+000 -3.18618096e+000
 2.67096399e+000 2.68247355e+000 2.69412438e+000
 2.10662721e+000 2.10662721e+000 2.10662721e+000
 2.02429789e+000 2.02429789e+000 2.02429789e+000
 -2.98424563e+000 -2.97405388e+000 -2.96568076e+000
 2.03048551e-001 2.03048511e-001 2.03048412e-001
 -2.79955583e+000 -2.79955581e+000 -2.79955580e+000
 2.19120455e+000 2.19514946e+000 2.19946990e+000
 -5.14639754e+000 -5.13488836e+000 -5.12323606e+000
 3.88915163e+000 3.89892656e+000 3.90679154e+000
 -1.72263848e+000 -1.72263632e+000 -1.72263096e+000
 -6.29675386e-001 -6.29674990e-001 -6.29674022e-001
 -1.33577572e+000 -1.33422617e+000 -1.33196534e+000
 9.34742490e-001 9.35679809e-001 9.36668745e-001
