   16      7     50      1  9731   4851 
    0.700      0.400   20000  100      0.000      0.000    100     16 
    0.990 	     0.010 
   2 
    1.0000e+000   0.0000e+000  
  1.0000e+000   0.0000e+000  
  1.0000e+000   0.0000e+000  
  1.0000e+000   0.0000e+000  
  1.0000e+000   0.0000e+000  
  1.0000e+000   0.0000e+000  
  1.0000e+000   0.0000e+000  
  1.0000e+000   0.0000e+000  
  1.9875e+000   0.0000e+000  
  5.7000e+001  -8.0000e+000  
  4.4837e+000   0.0000e+000  
  1.8824e+002   1.7539e+002  
  1.0000e+000   0.0000e+000  
  1.0000e+000   0.0000e+000  
  1.0000e+000   0.0000e+000  
  1.0000e+000   0.0000e+000  
   2.6555e+002   0.0000e+000  
  itr    nh   avger[]   r2avg    mare[] 
100  16 5.752e+001   4.008e-001  1.000e+001 9.077e+002 
100  16 5.730e+001   4.002e-001  1.000e+003 4.513e+002 
   1  4.0076e-001   9.0773e+002   6.4011e+007   5.7518e-001 
  8.4042e+000   3.5996e-001 
   1  4.0025e-001   4.5131e+002   3.1825e+007   5.7301e-001 
  8.4199e+000   3.6049e-001 
