  1.1231e+001  5.4374e+000 -9.6376e+000  4.8299e+000  9.0315e+000
 -4.3715e+000 -5.6399e+000  6.6621e+000 -2.8163e+000 -1.0429e+000
 -9.7345e-001  1.0542e+000 -2.0245e+000 -4.1300e-001 -6.9475e-001
 -4.2490e-001
  7.4123e-001
 -1.22294828e+001 -1.22294356e+001  -1.22293177e+001 -8.27587495e+000 -8.27584357e+000  -8.27577465e+000 1.58188282e+001 1.58188319e+001  1.58188320e+001 1.54919637e+001 1.54919637e+001  1.54919637e+001 -1.21492488e+001 -1.21492429e+001  -1.21492282e+001
 -2.29749493e+001 -2.29749089e+001  -2.29748491e+001 8.18609256e+000 8.18609338e+000  8.18609542e+000 -3.23208694e+001 -3.23208860e+001  -3.23209267e+001 1.44257466e+001 1.44257460e+001  1.44257459e+001 -6.12004881e-001 -6.12042850e-001  -6.12136022e-001
 3.63229318e-001 3.63229285e-001  3.63229205e-001 8.24637731e+000 8.24638411e+000  8.24638678e+000 6.52165464e-001 6.52169487e-001  6.52179110e-001 2.27402906e+000 2.27399791e+000  2.27394060e+000 -5.78592557e-001 -5.78589717e-001  -5.78583966e-001
 -2.69221941e-001 -2.69221658e-001  -2.69221071e-001
 -6.62759902e+000 -6.62759902e+000  -6.62759902e+000 -3.25115647e+000 -3.25115647e+000  -3.25115647e+000 1.15151632e+001 1.15151632e+001  1.15151632e+001 1.32262030e+000 1.32262030e+000  1.32262030e+000 -1.24080231e+001 -1.24080231e+001  -1.24080231e+001
 -4.16124688e+000 -4.16124688e+000  -4.16124688e+000 7.02179773e+000 7.02179773e+000  7.02179773e+000 -6.54175407e+000 -6.54175407e+000  -6.54175407e+000 6.88943756e+000 6.88943756e+000  6.88943756e+000 -4.47285013e+000 -4.47285013e+000  -4.47285013e+000
 -1.35676809e+000 -1.35676809e+000  -1.35676809e+000 3.41895075e+000 3.41895075e+000  3.41895075e+000 1.17047035e+000 1.17047035e+000  1.17047035e+000 1.86209117e+000 1.86209117e+000  1.86209117e+000 -6.14634949e-002 -6.14634949e-002  -6.14634949e-002
 -3.28581722e-002 -3.28581722e-002  -3.28581722e-002
 1.30801251e+001 1.30805629e+001  1.30816574e+001 3.39975351e+000 3.40004492e+000  3.40068484e+000 -1.69768682e+000 -1.69765287e+000  -1.69765212e+000 -5.55652609e+000 -5.55652609e+000  -5.55652609e+000 1.00442904e+000 1.00448357e+000  1.00461991e+000
 -7.97772655e+000 -7.97735134e+000  -7.97679596e+000 1.16750099e+000 1.16750856e+000  1.16752748e+000 5.08853843e+000 5.08838433e+000  5.08800644e+000 4.82926300e-001 4.82920728e-001  4.82920572e-001 -7.81236205e-001 -7.81588737e-001  -7.82453803e-001
 -1.33241743e+000 -1.33241774e+000  -1.33241848e+000 -6.17725855e-001 -6.17663069e-001  -6.17638993e-001 -8.60835752e-001 -8.60798424e-001  -8.60709126e-001 -1.53869451e+000 -1.53898335e+000  -1.53951451e+000 -1.26959828e+000 -1.26957194e+000  -1.26951861e+000
 -6.10281399e-001 -6.10278771e-001  -6.10273328e-001
 -8.66335118e+000 -8.66335118e+000  -8.66335118e+000 6.77595047e+000 6.77595047e+000  6.77595047e+000 -2.65725045e+000 -2.65725045e+000  -2.65725045e+000 1.01713897e+001 1.01713897e+001  1.01713897e+001 1.30139027e+000 1.30139027e+000  1.30139027e+000
 2.42764409e-002 2.42764409e-002  2.42764409e-002 -3.95579906e-001 -3.95579906e-001  -3.95579906e-001 6.87862680e+000 6.87862680e+000  6.87862680e+000 -4.24205407e+000 -4.24205407e+000  -4.24205407e+000 2.23208809e+000 2.23208809e+000  2.23208809e+000
 2.43706702e-002 2.43706702e-002  2.43706702e-002 9.69965681e-002 9.69965681e-002  9.69965681e-002 -3.04053569e+000 -3.04053569e+000  -3.04053569e+000 -5.73440328e-001 -5.73440328e-001  -5.73440328e-001 1.28599559e-001 1.28599559e-001  1.28599559e-001
 -4.06493448e-002 -4.06493448e-002  -4.06493448e-002
 1.18905841e+001 1.18905842e+001  1.18905842e+001 -5.41686754e-001 -5.41686751e-001  -5.41686744e-001 -7.30959526e+000 -7.30959526e+000  -7.30959526e+000 1.26822851e+000 1.26822851e+000  1.26822851e+000 9.24089494e+000 9.24089506e+000  9.24089536e+000
 -2.70937301e-001 -2.70937300e-001  -2.70937299e-001 -7.53506065e+000 -7.53506065e+000  -7.53506064e+000 -4.83037709e+000 -4.83037709e+000  -4.83037709e+000 -7.18093428e-001 -7.18093428e-001  -7.18093429e-001 -3.01823106e+000 -3.01823107e+000  -3.01823110e+000
 6.00301842e-005 6.00299187e-005  6.00292552e-005 1.42511904e+000 1.42511933e+000  1.42512003e+000 6.19920401e-001 6.19920422e-001  6.19920475e-001 7.49940484e-001 7.49940113e-001  7.49939184e-001 -5.99632335e-002 -5.99632047e-002  -5.99631328e-002
 -5.72358509e-002 -5.72358495e-002  -5.72358459e-002
 1.03610334e+001 1.03610444e+001  1.03610720e+001 -1.92333659e+000 -1.92330042e+000  -1.92328087e+000 4.64667879e+000 4.64670572e+000  4.64670573e+000 -9.72512382e-001 -9.72512382e-001  -9.72512382e-001 -2.99330842e+001 -2.99330828e+001  -2.99330794e+001
 -1.22870492e+000 -1.22857582e+000  -1.22855919e+000 2.26567018e+001 2.26567027e+001  2.26567050e+001 6.05099616e+000 6.05098969e+000  6.05097939e+000 7.48984459e+000 7.48984018e+000  7.48984016e+000 -1.89537406e+000 -1.89538884e+000  -1.89541280e+000
 -2.55955963e+000 -2.55955964e+000  -2.55955966e+000 5.40471959e+000 5.40476281e+000  5.40476456e+000 -2.68085825e+000 -2.68085619e+000  -2.68085425e+000 8.81388476e-001 8.81321504e-001  8.81306830e-001 6.20068959e-003 6.20524877e-003  6.20663903e-003
 -1.32705132e-002 -1.32700947e-002  -1.32699521e-002
 -3.14010428e+001 -3.14007237e+001  -3.13999261e+001 -1.23637859e+001 -1.23635825e+001  -1.23631286e+001 -1.72987219e+001 -1.72987010e+001  -1.72987005e+001 6.74213229e+000 6.74213229e+000  6.74213229e+000 8.77168518e+000 8.77172480e+000  8.77182385e+000
 2.46611382e+001 2.46613898e+001  2.46617832e+001 -1.94418083e+001 -1.94418031e+001  -1.94417901e+001 -2.00789790e+001 -2.00790886e+001  -2.00793581e+001 -9.33448029e+000 -9.33448372e+000  -9.33448383e+000 6.43919756e+000 6.43894194e+000  6.43831290e+000
 -1.26887493e+000 -1.26887515e+000  -1.26887569e+000 -3.25007961e-001 -3.24968192e-001  -3.24950545e-001 -3.27002827e+000 -3.27000144e+000  -3.26993684e+000 1.69594896e-001 1.69393797e-001  1.69008553e-001 -7.81990512e-001 -7.81971973e-001  -7.81933324e-001
 -4.06917783e-001 -4.06915927e-001  -4.06911984e-001
 -3.19074114e+000 -3.19043787e+000  -3.18967976e+000 -2.97369997e+000 -2.97349883e+000  -2.97306052e+000 1.20299628e+001 1.20299876e+001  1.20299881e+001 -1.91179503e+001 -1.91179503e+001  -1.91179503e+001 -1.38739639e+001 -1.38739260e+001  -1.38738311e+001
 2.38343948e+000 2.38370330e+000  2.38408426e+000 1.05095168e+001 1.05095218e+001  1.05095343e+001 2.17311246e+000 2.17300618e+000  2.17274585e+000 -4.31312659e+000 -4.31313065e+000  -4.31313075e+000 -4.46871351e+000 -4.46895660e+000  -4.46955248e+000
 -4.24119089e+000 -4.24119110e+000  -4.24119161e+000 -6.95652254e+000 -6.95647715e+000  -6.95646043e+000 6.15620643e-001 6.15646622e-001  6.15708639e-001 -1.10540048e+000 -1.10560303e+000  -1.10597036e+000 -6.04205578e-001 -6.04187168e-001  -6.04150252e-001
 -3.50924369e-001 -3.50922535e-001  -3.50918772e-001
 -3.94077864e+000 -3.94052385e+000  -3.93988695e+000 -4.70408215e+000 -4.70391339e+000  -4.70354664e+000 1.41179124e+001 1.41179335e+001  1.41179339e+001 -2.31193456e+001 -2.31193456e+001  -2.31193456e+001 -2.80089764e+001 -2.80089445e+001  -2.80088648e+001
 2.30363917e+000 2.30386200e+000  2.30418092e+000 1.51622405e+001 1.51622446e+001  1.51622550e+001 2.85298722e+000 2.85289807e+000  2.85267979e+000 -7.16788239e+000 -7.16788585e+000  -7.16788594e+000 -6.88239944e+000 -6.88260333e+000  -6.88310294e+000
 -3.66605728e+000 -3.66605746e+000  -3.66605789e+000 -1.04346704e+001 -1.04346318e+001  -1.04346179e+001 2.20327492e+000 2.20329678e+000  2.20334892e+000 -1.77850833e+000 -1.77867917e+000  -1.77898740e+000 -6.17637948e-001 -6.17622437e-001  -6.17591445e-001
 -3.38994488e-001 -3.38992944e-001  -3.38989785e-001
 1.27627034e+000 1.27627034e+000  1.27627034e+000 1.14154906e+000 1.14154906e+000  1.14154906e+000 -1.11652231e+000 -1.11652231e+000  -1.11652231e+000 8.09237545e-002 8.09237545e-002  8.09237545e-002 -1.19699985e+001 -1.19699985e+001  -1.19699985e+001
 -1.68951507e+000 -1.68951507e+000  -1.68951507e+000 1.14738264e+001 1.14738264e+001  1.14738264e+001 2.37166138e+000 2.37166138e+000  2.37166138e+000 -1.84758616e+000 -1.84758616e+000  -1.84758616e+000 -2.57238382e+000 -2.57238382e+000  -2.57238382e+000
 2.74360245e+000 2.74360245e+000  2.74360245e+000 -3.03517352e+000 -3.03517352e+000  -3.03517352e+000 1.00330419e+000 1.00330419e+000  1.00330419e+000 -1.49206404e+000 -1.49206404e+000  -1.49206404e+000 -4.04328415e-001 -4.04328415e-001  -4.04328415e-001
 -1.83086026e-001 -1.83086026e-001  -1.83086026e-001
 1.03636831e+001 1.03636831e+001  1.03636831e+001 3.56730808e+000 3.56730808e+000  3.56730808e+000 -1.27984154e+000 -1.27984154e+000  -1.27984154e+000 3.64024271e+000 3.64024271e+000  3.64024271e+000 -7.04557092e+000 -7.04557092e+000  -7.04557092e+000
 5.89583775e-001 5.89583775e-001  5.89583775e-001 -7.29683303e+000 -7.29683303e+000  -7.29683303e+000 2.12106925e+000 2.12106925e+000  2.12106925e+000 -6.89441230e+000 -6.89441230e+000  -6.89441230e+000 -2.48932786e+000 -2.48932786e+000  -2.48932786e+000
 -1.41943851e+000 -1.41943851e+000  -1.41943851e+000 -2.34910931e+000 -2.34910931e+000  -2.34910931e+000 9.00694547e-001 9.00694547e-001  9.00694547e-001 -1.76631075e-001 -1.76631075e-001  -1.76631075e-001 6.72370357e-002 6.72370357e-002  6.72370357e-002
 1.28790669e-002 1.28790669e-002  1.28790669e-002
 2.17199454e+000 2.17199454e+000  2.17199454e+000 2.42614713e+000 2.42614713e+000  2.42614713e+000 -5.57688583e+000 -5.57688583e+000  -5.57688583e+000 4.09143067e-001 4.09143067e-001  4.09143067e-001 1.54114137e+001 1.54114137e+001  1.54114137e+001
 -3.22190329e+000 -3.22190329e+000  -3.22190329e+000 -4.68075726e+000 -4.68075726e+000  -4.68075726e+000 1.90043359e+000 1.90043359e+000  1.90043359e+000 1.36413386e+000 1.36413386e+000  1.36413386e+000 1.64677812e+000 1.64677812e+000  1.64677812e+000
 -2.78975706e-001 -2.78975706e-001  -2.78975706e-001 2.66614705e+000 2.66614705e+000  2.66614705e+000 -3.56002639e+000 -3.56002639e+000  -3.56002639e+000 -2.92721290e-001 -2.92721290e-001  -2.92721290e-001 -1.80571895e-001 -1.80571895e-001  -1.80571895e-001
 -1.50231973e-001 -1.50231973e-001  -1.50231973e-001
 2.62917917e+000 2.62961702e+000  2.63071155e+000 2.69941519e+000 2.69970661e+000  2.70034653e+000 -3.42424747e+000 -3.42421352e+000  -3.42421277e+000 2.08645109e+000 2.08645109e+000  2.08645109e+000 1.55511716e+001 1.55512262e+001  1.55513629e+001
 -3.43561801e+000 -3.43524280e+000  -3.43468742e+000 -5.72580772e+000 -5.72580015e+000  -5.72578123e+000 7.43623919e-001 7.43469821e-001  7.43091931e-001 2.90064340e+000 2.90063783e+000  2.90063767e+000 1.84755439e+000 1.84720184e+000  1.84633675e+000
 -2.35317497e+000 -2.35317528e+000  -2.35317602e+000 3.62252553e+000 3.62258860e+000  3.62261339e+000 -1.62542339e+000 -1.62538604e+000  -1.62529669e+000 5.99222056e-001 5.98932842e-001  5.98400751e-001 -6.83298679e-001 -6.83272314e-001  -6.83218910e-001
 -3.87727663e-001 -3.87725033e-001  -3.87719587e-001
 -1.47045064e+000 -1.47140392e+000 -1.47255417e+000
 -2.75985106e+000 -2.75996353e+000 -2.76021172e+000
 -9.23394371e-001 -9.23434320e-001 -9.23435126e-001
 -1.23350240e+000 -1.23350240e+000 -1.23350240e+000
 -1.37035177e+000 -1.37249691e+000 -1.37785976e+000
 -1.50517402e+000 -1.50731156e+000 -1.51229788e+000
 -2.01147542e+000 -2.01197463e+000 -2.01198964e+000
 7.78742591e-001 7.78014896e-001 7.77419144e-001
 2.11561715e+000 2.11561450e+000 2.11561442e+000
 2.26667799e+000 2.26650895e+000 2.26609356e+000
 5.80449234e+000 5.80449228e+000 5.80449215e+000
 -1.52222994e+000 -1.52227443e+000 -1.52229110e+000
 -2.87088078e+000 -2.87089386e+000 -2.87092517e+000
 1.73989350e+000 1.73971441e+000 1.73938849e+000
 -5.80189599e-001 -5.80235828e-001 -5.80329448e-001
 -9.76176615e-003 -1.00329857e-002 -1.05857434e-002
