  1.4119e+000 -5.3587e-001  9.6131e-001 -6.2319e-001  2.9590e-001
 -4.3910e-001 -9.9038e-002 -4.1603e-001 -2.3706e-001  9.4627e-001
  3.2536e-002 -3.0237e-003 -1.8432e-003 -8.2403e-004 -3.1514e-004
 -1.2290e-005
  3.1465e+000
 2.17706628e+000 2.17706628e+000  2.17706628e+000 3.16149716e-001 3.16149716e-001  3.16149716e-001 -1.23048276e+000 -1.23048276e+000  -1.23048276e+000 6.92575711e-001 6.92575711e-001  6.92575711e-001 9.38794675e-001 9.38794675e-001  9.38794675e-001
 6.18582122e-001 6.18582122e-001  6.18582122e-001 5.41522260e-001 5.41522260e-001  5.41522260e-001 -1.61212073e+000 -1.61212073e+000  -1.61212073e+000 -5.35837268e-001 -5.35837268e-001  -5.35837268e-001 -5.48656631e-002 -5.48656631e-002  -5.48656631e-002
 1.54871588e-001 1.54871588e-001  1.54871588e-001 -1.37241516e-002 -1.37241516e-002  -1.37241516e-002 -4.61020453e-003 -4.61020453e-003  -4.61020453e-003 -8.89587952e-004 -8.89587952e-004  -8.89587952e-004 -7.95270787e-005 -7.95270787e-005  -7.95270787e-005
 -1.35437448e-006 -1.35437448e-006  -1.35437448e-006
 9.19963120e-001 9.19963120e-001  9.19963120e-001 -5.77562837e-001 -5.77562837e-001  -5.77562837e-001 4.18921704e-002 4.18921704e-002  4.18921704e-002 -4.14877994e-001 -4.14877994e-001  -4.14877994e-001 2.70577172e+000 2.70577172e+000  2.70577172e+000
 1.19267817e+000 1.19267817e+000  1.19267817e+000 5.94071889e-002 5.94071889e-002  5.94071889e-002 1.16476546e-001 1.16476546e-001  1.16476546e-001 7.41727565e-001 7.41727565e-001  7.41727565e-001 2.82042712e+000 2.82042712e+000  2.82042712e+000
 1.40844227e-001 1.40844227e-001  1.40844227e-001 -2.92199271e-002 -2.92199271e-002  -2.92199271e-002 -3.73278238e-003 -3.73278238e-003  -3.73278238e-003 7.31491098e-004 7.31491098e-004  7.31491098e-004 4.33915634e-005 4.33915634e-005  4.33915634e-005
 -4.40577380e-006 -4.40577380e-006  -4.40577380e-006
 -1.25042820e-001 -1.25042820e-001  -1.25042820e-001 -1.68103094e+000 -1.68103094e+000  -1.68103094e+000 -1.60917718e+000 -1.60917718e+000  -1.60917718e+000 -2.35141666e+000 -2.35141666e+000  -2.35141666e+000 -2.86311515e+000 -2.86311515e+000  -2.86311515e+000
 -2.79687273e+000 -2.79687273e+000  -2.79687273e+000 -1.08582421e+000 -1.08582421e+000  -1.08582421e+000 1.63412988e+000 1.63412988e+000  1.63412988e+000 3.14266062e+000 3.14266062e+000  3.14266062e+000 -1.72639423e+000 -1.72639423e+000  -1.72639423e+000
 2.35246315e-001 2.35246315e-001  2.35246315e-001 -3.98462179e-002 -3.98462179e-002  -3.98462179e-002 -1.36982261e-002 -1.36982261e-002  -1.36982261e-002 -2.89466962e-003 -2.89466962e-003  -2.89466962e-003 -4.07419317e-004 -4.07419317e-004  -4.07419317e-004
 -9.12130045e-006 -9.12130045e-006  -9.12130045e-006
 9.21504983e-001 9.21504983e-001  9.21504983e-001 1.72380288e+000 1.72380288e+000  1.72380288e+000 3.61690008e+000 3.61690008e+000  3.61690008e+000 1.03534791e+000 1.03534791e+000  1.03534791e+000 5.11104082e-001 5.11104082e-001  5.11104082e-001
 2.19078564e-001 2.19078564e-001  2.19078564e-001 8.65327468e-001 8.65327468e-001  8.65327468e-001 1.17757990e+000 1.17757990e+000  1.17757990e+000 -2.51817286e+000 -2.51817286e+000  -2.51817286e+000 2.31868675e+000 2.31868675e+000  2.31868675e+000
 -3.55537094e-001 -3.55537094e-001  -3.55537094e-001 3.10732235e-002 3.10732235e-002  3.10732235e-002 5.00932611e-003 5.00932611e-003  5.00932611e-003 -6.61849424e-004 -6.61849424e-004  -6.61849424e-004 -2.44332775e-004 -2.44332775e-004  -2.44332775e-004
 -2.16138446e-006 -2.16138446e-006  -2.16138446e-006
 -1.63158714e+000 -1.63158318e+000  -1.63158076e+000 -6.73867351e-001 -6.73860586e-001  -6.73854124e-001 6.81348433e-001 6.81350787e-001  6.81356340e-001 3.69721009e-002 3.69773081e-002  3.69803887e-002 -7.62958771e-001 -7.62942103e-001  -7.62929959e-001
 -1.29521306e-001 -1.29538329e-001  -1.29560384e-001 -4.57567515e-001 -4.57558397e-001  -4.57539872e-001 -2.34957295e+000 -2.34957778e+000  -2.34958936e+000 -1.05397274e+000 -1.05395462e+000  -1.05394031e+000 -2.32841379e+000 -2.32843158e+000  -2.32844361e+000
 -1.62613502e-001 -1.62606168e-001  -1.62597235e-001 4.56279276e-002 4.56261756e-002  4.56241886e-002 1.35802176e-002 1.35795463e-002  1.35787870e-002 2.32972120e-003 2.32950434e-003  2.32925915e-003 1.84936981e-004 1.84873700e-004  1.84802204e-004
 -3.44021068e-006 -3.43953797e-006  -3.43870278e-006
 3.48202566e-001 3.48202566e-001  3.48202566e-001 -2.25253497e-001 -2.25253497e-001  -2.25253497e-001 -8.67072857e-001 -8.67072857e-001  -8.67072857e-001 7.77795876e-001 7.77795876e-001  7.77795876e-001 -2.70220370e-001 -2.70220370e-001  -2.70220370e-001
 8.83575439e-001 8.83575439e-001  8.83575439e-001 -3.64063761e-001 -3.64063761e-001  -3.64063761e-001 -1.53454855e+000 -1.53454855e+000  -1.53454855e+000 -2.38767867e-001 -2.38767867e-001  -2.38767867e-001 1.66395068e+000 1.66395068e+000  1.66395068e+000
 1.20986231e-001 1.20986231e-001  1.20986231e-001 -2.20316299e-002 -2.20316299e-002  -2.20316299e-002 -5.83981228e-003 -5.83981228e-003  -5.83981228e-003 -5.49312662e-004 -5.49312662e-004  -5.49312662e-004 3.78600308e-006 3.78600308e-006  3.78600308e-006
 -3.18488149e-007 -3.18488149e-007  -3.18488149e-007
 -2.69814658e-001 -2.69814658e-001  -2.69814658e-001 -1.45745024e+000 -1.45745024e+000  -1.45745024e+000 5.03411105e-001 5.03411105e-001  5.03411105e-001 -8.67073355e-001 -8.67073355e-001  -8.67073355e-001 -1.68102810e-001 -1.68102810e-001  -1.68102810e-001
 5.69933950e-001 5.69933950e-001  5.69933950e-001 -1.59781131e+000 -1.59781131e+000  -1.59781131e+000 -4.28068152e-001 -4.28068152e-001  -4.28068152e-001 2.49894844e-001 2.49894844e-001  2.49894844e-001 -1.08922182e+000 -1.08922182e+000  -1.08922182e+000
 5.35110964e-002 5.35110964e-002  5.35110964e-002 -2.10091033e-002 -2.10091033e-002  -2.10091033e-002 -9.23054478e-003 -9.23054478e-003  -9.23054478e-003 -2.37127763e-003 -2.37127763e-003  -2.37127763e-003 -3.53798106e-004 -3.53798106e-004  -3.53798106e-004
 -2.05903531e-006 -2.05903531e-006  -2.05903531e-006
 8.44796525e-001 8.44796525e-001  8.44796525e-001 9.05627438e-002 9.05627438e-002  9.05627438e-002 -1.94810670e+000 -1.94810670e+000  -1.94810670e+000 3.24733111e-001 3.24733111e-001  3.24733111e-001 1.10895225e+000 1.10895225e+000  1.10895225e+000
 1.52626105e+000 1.52626105e+000  1.52626105e+000 -4.71361524e-001 -4.71361524e-001  -4.71361524e-001 5.29212529e-001 5.29212529e-001  5.29212529e-001 2.10701118e+000 2.10701118e+000  2.10701118e+000 1.32988408e+000 1.32988408e+000  1.32988408e+000
 -6.02959676e-002 -6.02959676e-002  -6.02959676e-002 1.27368784e-002 1.27368784e-002  1.27368784e-002 2.60587375e-003 2.60587375e-003  2.60587375e-003 -2.09697443e-004 -2.09697443e-004  -2.09697443e-004 -5.06752170e-005 -5.06752170e-005  -5.06752170e-005
 4.38311917e-007 4.38311917e-007  4.38311917e-007
 -1.08217495e+000 -1.08217495e+000  -1.08217495e+000 9.91344468e-002 9.91344468e-002  9.91344468e-002 4.37423780e-002 4.37423780e-002  4.37423780e-002 8.29279514e-001 8.29279514e-001  8.29279514e-001 2.94054786e-001 2.94054786e-001  2.94054786e-001
 -1.41998532e+000 -1.41998532e+000  -1.41998532e+000 -3.13591105e-001 -3.13591105e-001  -3.13591105e-001 -7.72983402e-001 -7.72983402e-001  -7.72983402e-001 -6.45044720e-001 -6.45044720e-001  -6.45044720e-001 -7.36821399e-001 -7.36821399e-001  -7.36821399e-001
 -1.04315406e-001 -1.04315406e-001  -1.04315406e-001 2.28531174e-002 2.28531174e-002  2.28531174e-002 7.87944610e-003 7.87944610e-003  7.87944610e-003 1.81735295e-003 1.81735295e-003  1.81735295e-003 2.37866728e-004 2.37866728e-004  2.37866728e-004
 3.10582064e-006 3.10582064e-006  3.10582064e-006
 -8.05859901e-003 -8.05859901e-003  -8.05859901e-003 8.83299800e-002 8.83299800e-002  8.83299800e-002 1.81257793e+000 1.81257793e+000  1.81257793e+000 1.65173017e+000 1.65173017e+000  1.65173017e+000 -1.34653590e+000 -1.34653590e+000  -1.34653590e+000
 1.78295686e+000 1.78295686e+000  1.78295686e+000 9.45701679e-001 9.45701679e-001  9.45701679e-001 2.10840715e+000 2.10840715e+000  2.10840715e+000 2.82792651e+000 2.82792651e+000  2.82792651e+000 2.69921177e+000 2.69921177e+000  2.69921177e+000
 1.33750839e-001 1.33750839e-001  1.33750839e-001 -1.81511654e-002 -1.81511654e-002  -1.81511654e-002 -3.35823854e-003 -3.35823854e-003  -3.35823854e-003 -3.76034455e-004 -3.76034455e-004  -3.76034455e-004 -4.42493977e-005 -4.42493977e-005  -4.42493977e-005
 -2.49046329e-006 -2.49046329e-006  -2.49046329e-006
 -5.02589132e-001 -5.02589132e-001  -5.02589132e-001 -1.20326906e+000 -1.20326906e+000  -1.20326906e+000 1.09559472e+000 1.09559472e+000  1.09559472e+000 -2.34544346e+000 -2.34544346e+000  -2.34544346e+000 1.12937007e+000 1.12937007e+000  1.12937007e+000
 -2.68012017e+000 -2.68012017e+000  -2.68012017e+000 -8.90631320e-001 -8.90631320e-001  -8.90631320e-001 -6.97946775e-001 -6.97946775e-001  -6.97946775e-001 -3.65967568e-001 -3.65967568e-001  -3.65967568e-001 1.13536624e+000 1.13536624e+000  1.13536624e+000
 2.19364676e-001 2.19364676e-001  2.19364676e-001 -8.58070891e-005 -8.58070891e-005  -8.58070891e-005 8.89500776e-003 8.89500776e-003  8.89500776e-003 3.55606527e-003 3.55606527e-003  3.55606527e-003 3.86314157e-004 3.86314157e-004  3.86314157e-004
 -2.51112960e-006 -2.51112960e-006  -2.51112960e-006
 6.59842639e-001 6.59842639e-001  6.59842639e-001 -1.64713113e+000 -1.64713113e+000  -1.64713113e+000 4.01603087e-001 4.01603087e-001  4.01603087e-001 3.76939416e-001 3.76939416e-001  3.76939416e-001 1.34631545e+000 1.34631545e+000  1.34631545e+000
 2.40284751e+000 2.40284751e+000  2.40284751e+000 1.03123474e+000 1.03123474e+000  1.03123474e+000 -5.90714719e-001 -5.90714719e-001  -5.90714719e-001 -7.02780092e-001 -7.02780092e-001  -7.02780092e-001 -9.36031619e-001 -9.36031619e-001  -9.36031619e-001
 -1.42497865e-001 -1.42497865e-001  -1.42497865e-001 2.06603099e-002 2.06603099e-002  2.06603099e-002 5.27574647e-003 5.27574647e-003  5.27574647e-003 7.88757298e-004 7.88757298e-004  7.88757298e-004 8.36278318e-005 8.36278318e-005  8.36278318e-005
 5.96591582e-006 5.96591582e-006  5.96591582e-006
 -1.10228611e+000 -1.10228611e+000  -1.10228611e+000 -5.28034689e-001 -5.28034689e-001  -5.28034689e-001 -8.84965619e-001 -8.84965619e-001  -8.84965619e-001 -4.04063648e-002 -4.04063648e-002  -4.04063648e-002 1.86678383e-001 1.86678383e-001  1.86678383e-001
 -5.61863302e-001 -5.61863302e-001  -5.61863302e-001 -4.52983003e-001 -4.52983003e-001  -4.52983003e-001 -1.06917748e+000 -1.06917748e+000  -1.06917748e+000 1.41147251e+000 1.41147251e+000  1.41147251e+000 -1.79232294e-001 -1.79232294e-001  -1.79232294e-001
 -3.15073816e-002 -3.15073816e-002  -3.15073816e-002 6.10474825e-003 6.10474825e-003  6.10474825e-003 8.47466539e-004 8.47466539e-004  8.47466539e-004 -3.36397590e-004 -3.36397590e-004  -3.36397590e-004 -1.48531484e-004 -1.48531484e-004  -1.48531484e-004
 -9.37068444e-006 -9.37068444e-006  -9.37068444e-006
 -7.70042733e-001 -7.70042733e-001  -7.70042733e-001 2.99408647e-001 2.99408647e-001  2.99408647e-001 -6.19448433e-001 -6.19448433e-001  -6.19448433e-001 -3.34933504e-001 -3.34933504e-001  -3.34933504e-001 -2.58389881e-001 -2.58389881e-001  -2.58389881e-001
 -7.99030134e-001 -7.99030134e-001  -7.99030134e-001 -5.96875860e-001 -5.96875860e-001  -5.96875860e-001 -1.71734823e+000 -1.71734823e+000  -1.71734823e+000 -1.23292802e-001 -1.23292802e-001  -1.23292802e-001 -6.00055493e-001 -6.00055493e-001  -6.00055493e-001
 2.22746075e-001 2.22746075e-001  2.22746075e-001 -3.48840215e-002 -3.48840215e-002  -3.48840215e-002 -9.70002730e-003 -9.70002730e-003  -9.70002730e-003 -1.63664743e-003 -1.63664743e-003  -1.63664743e-003 -1.66805780e-004 -1.66805780e-004  -1.66805780e-004
 -2.80868372e-006 -2.80868372e-006  -2.80868372e-006
 1.24173004e+000 1.24173004e+000  1.24173004e+000 -5.77821954e-001 -5.77821954e-001  -5.77821954e-001 -3.40480348e-001 -3.40480348e-001  -3.40480348e-001 -5.34479767e-001 -5.34479767e-001  -5.34479767e-001 8.82471114e-002 8.82471114e-002  8.82471114e-002
 7.50236391e-001 7.50236391e-001  7.50236391e-001 -7.13095102e-001 -7.13095102e-001  -7.13095102e-001 -7.47031613e-001 -7.47031613e-001  -7.47031613e-001 -1.62454901e+000 -1.62454901e+000  -1.62454901e+000 -1.07774903e+000 -1.07774903e+000  -1.07774903e+000
 2.05047927e-001 2.05047927e-001  2.05047927e-001 -2.87892426e-002 -2.87892426e-002  -2.87892426e-002 -6.95979489e-003 -6.95979489e-003  -6.95979489e-003 -5.50985684e-004 -5.50985684e-004  -5.50985684e-004 4.48555904e-005 4.48555904e-005  4.48555904e-005
 1.27536773e-006 1.27536773e-006  1.27536773e-006
 2.60953075e-001 2.60953075e-001  2.60953075e-001 1.21968256e-001 1.21968256e-001  1.21968256e-001 -8.26312989e-001 -8.26312989e-001  -8.26312989e-001 -7.76076126e-001 -7.76076126e-001  -7.76076126e-001 -8.14482283e-001 -8.14482283e-001  -8.14482283e-001
 -6.98176534e-001 -6.98176534e-001  -6.98176534e-001 1.65967644e+000 1.65967644e+000  1.65967644e+000 2.22514910e-001 2.22514910e-001  2.22514910e-001 -1.72295289e-001 -1.72295289e-001  -1.72295289e-001 3.53738074e-001 3.53738074e-001  3.53738074e-001
 6.58782770e-002 6.58782770e-002  6.58782770e-002 -1.73507227e-002 -1.73507227e-002  -1.73507227e-002 -5.42760680e-003 -5.42760680e-003  -5.42760680e-003 -1.09501490e-003 -1.09501490e-003  -1.09501490e-003 -1.19283651e-004 -1.19283651e-004  -1.19283651e-004
 4.44639013e-007 4.44639013e-007  4.44639013e-007
 -3.01592924e-001 -3.01592927e-001  -3.01592933e-001 3.38313633e-001 3.38313633e-001  3.38313632e-001 1.67943663e+000 1.67943663e+000  1.67943663e+000 -6.43003490e-001 -6.43003490e-001  -6.43003490e-001 2.16346236e-001 2.16346235e-001  2.16346231e-001
 -4.25942407e-001 -4.25942407e-001  -4.25942405e-001 -5.12867945e-001 -5.12867946e-001  -5.12867949e-001 1.29499123e+000 1.29499123e+000  1.29499124e+000 2.58880795e-002 2.58880793e-002  2.58880788e-002 -5.94569197e-001 -5.94569197e-001  -5.94569195e-001
 -1.36890435e-002 -1.36890454e-002  -1.36890502e-002 -1.92723432e-003 -1.92723389e-003  -1.92723282e-003 -2.06919275e-003 -2.06919259e-003  -2.06919218e-003 -4.18966730e-004 -4.18966677e-004  -4.18966544e-004 -3.76208805e-005 -3.76208650e-005  -3.76208263e-005
 -2.79508379e-006 -2.79508401e-006  -2.79508456e-006
 6.20726682e-001 6.20727649e-001  6.20730066e-001 3.67908024e-001 3.67910609e-001  3.67917072e-001 1.31225357e+000 1.31225579e+000  1.31226134e+000 2.71806005e-001 2.71807237e-001  2.71810318e-001 2.68905745e+000 2.68906231e+000  2.68907446e+000
 4.32213924e-001 4.32205101e-001  4.32183045e-001 1.08015133e-002 1.08089245e-002  1.08274523e-002 1.36882623e+000 1.36882160e+000  1.36881002e+000 2.23169208e-001 2.23174931e-001  2.23189238e-001 8.57273737e-001 8.57268922e-001  8.57256885e-001
 -1.95521032e-001 -1.95517457e-001  -1.95508520e-001 3.27499966e-002 3.27492014e-002  3.27472134e-002 8.82618678e-003 8.82588290e-003  8.82512319e-003 1.28951173e-003 1.28941360e-003  1.28916828e-003 1.30373595e-004 1.30344982e-004  1.30273447e-004
 -4.37625909e-007 -4.37291617e-007  -4.36455886e-007
 -9.00273286e-001 -9.00270288e-001  -9.00270288e-001 1.08154951e+000 1.08155369e+000  1.08155369e+000 1.90566136e+000 1.90566150e+000  1.90566150e+000 4.14097366e-001 4.14101340e-001  4.14101340e-001 -1.03383736e+000 -1.03382555e+000  -1.03382555e+000
 -1.35094812e+000 -1.35095632e+000  -1.35095632e+000 1.11967127e+000 1.11967298e+000  1.11967298e+000 -1.14382819e+000 -1.14382839e+000  -1.14382839e+000 -3.72737979e-001 -3.72725583e-001  -3.72725583e-001 -8.70285597e-001 -8.70298564e-001  -8.70298564e-001
 -1.54938889e-001 -1.54935128e-001  -1.54935128e-001 2.04018121e-002 2.04008549e-002  2.04008549e-002 6.03529440e-003 6.03492683e-003  6.03492683e-003 9.60314388e-004 9.60195609e-004  9.60195609e-004 9.76288626e-005 9.75941803e-005  9.75941803e-005
 9.34589453e-007 9.34928086e-007  9.34928086e-007
 2.02871025e+000 2.02871025e+000  2.02871025e+000 1.83683924e+000 1.83683924e+000  1.83683924e+000 -1.43276073e+000 -1.43276073e+000  -1.43276073e+000 -1.79077035e+000 -1.79077035e+000  -1.79077035e+000 -5.34576296e-002 -5.34576296e-002  -5.34576296e-002
 -1.98602066e-002 -1.98602066e-002  -1.98602066e-002 6.37872844e-001 6.37872844e-001  6.37872844e-001 4.44265697e-001 4.44265697e-001  4.44265697e-001 3.38548673e+000 3.38548673e+000  3.38548673e+000 1.78662281e+000 1.78662281e+000  1.78662281e+000
 -3.94073091e-002 -3.94073091e-002  -3.94073091e-002 2.66391228e-003 2.66391228e-003  2.66391228e-003 -2.15884083e-004 -2.15884083e-004  -2.15884083e-004 -1.72214250e-004 -1.72214250e-004  -1.72214250e-004 -2.42393828e-005 -2.42393828e-005  -2.42393828e-005
 -8.73016182e-007 -8.73016182e-007  -8.73016182e-007
 -1.72327673e+000 -1.72327673e+000  -1.72327673e+000 3.09692460e-001 3.09692460e-001  3.09692460e-001 9.27993590e-001 9.27993590e-001  9.27993590e-001 -1.02311112e+000 -1.02311112e+000  -1.02311112e+000 -4.00174275e-001 -4.00174275e-001  -4.00174275e-001
 -5.10919275e-001 -5.10919275e-001  -5.10919275e-001 -8.62769762e-001 -8.62769762e-001  -8.62769762e-001 -5.12623151e-001 -5.12623151e-001  -5.12623151e-001 -5.92949705e-001 -5.92949705e-001  -5.92949705e-001 2.63097652e-001 2.63097652e-001  2.63097652e-001
 5.10678194e-001 5.10678194e-001  5.10678194e-001 -9.39408584e-002 -9.39408584e-002  -9.39408584e-002 -2.78696652e-002 -2.78696652e-002  -2.78696652e-002 -4.20076234e-003 -4.20076234e-003  -4.20076234e-003 -3.82882573e-004 -3.82882573e-004  -3.82882573e-004
 -8.00192827e-007 -8.00192827e-007  -8.00192827e-007
 -5.25754097e-001 -5.25754097e-001  -5.25754097e-001 -3.33652990e-001 -3.33652990e-001  -3.33652990e-001 3.67379908e-001 3.67379908e-001  3.67379908e-001 -3.91210649e-001 -3.91210649e-001  -3.91210649e-001 -5.75961326e-002 -5.75961326e-002  -5.75961326e-002
 6.32252222e-001 6.32252222e-001  6.32252222e-001 1.79452201e-001 1.79452201e-001  1.79452201e-001 -3.31161360e-001 -3.31161360e-001  -3.31161360e-001 -1.28578576e+000 -1.28578576e+000  -1.28578576e+000 -3.82165403e-001 -3.82165403e-001  -3.82165403e-001
 1.38193608e-001 1.38193608e-001  1.38193608e-001 -4.55237604e-002 -4.55237604e-002  -4.55237604e-002 -1.13347849e-002 -1.13347849e-002  -1.13347849e-002 -1.22365856e-003 -1.22365856e-003  -1.22365856e-003 -1.67387756e-004 -1.67387756e-004  -1.67387756e-004
 -2.49784035e-007 -2.49784035e-007  -2.49784035e-007
 3.05600638e+000 3.05600638e+000  3.05600638e+000 2.89232210e-001 2.89232210e-001  2.89232210e-001 2.92945429e+000 2.92945429e+000  2.92945429e+000 3.18269363e-001 3.18269363e-001  3.18269363e-001 -3.01386258e-001 -3.01386258e-001  -3.01386258e-001
 -1.28740244e+000 -1.28740244e+000  -1.28740244e+000 -2.59948261e-001 -2.59948261e-001  -2.59948261e-001 1.71091597e-001 1.71091597e-001  1.71091597e-001 -1.11242156e+000 -1.11242156e+000  -1.11242156e+000 -2.29985895e-001 -2.29985895e-001  -2.29985895e-001
 9.44154640e-004 9.44154640e-004  9.44154640e-004 -1.66935316e-002 -1.66935316e-002  -1.66935316e-002 -5.71689173e-003 -5.71689173e-003  -5.71689173e-003 -1.27337978e-003 -1.27337978e-003  -1.27337978e-003 -1.91195299e-004 -1.91195299e-004  -1.91195299e-004
 -5.91750661e-007 -5.91750661e-007  -5.91750661e-007
 2.10490389e-001 2.10490389e-001  2.10490389e-001 4.34569910e-001 4.34569910e-001  4.34569910e-001 1.28521078e+000 1.28521078e+000  1.28521078e+000 -6.26716396e-001 -6.26716396e-001  -6.26716396e-001 -2.91771172e-001 -2.91771172e-001  -2.91771172e-001
 -1.45033669e+000 -1.45033669e+000  -1.45033669e+000 -6.71600745e-001 -6.71600745e-001  -6.71600745e-001 6.51570047e-001 6.51570047e-001  6.51570047e-001 -9.34375591e-001 -9.34375591e-001  -9.34375591e-001 -1.04203344e+000 -1.04203344e+000  -1.04203344e+000
 -2.78945203e-001 -2.78945203e-001  -2.78945203e-001 2.67788239e-002 2.67788239e-002  2.67788239e-002 4.02568418e-003 4.02568418e-003  4.02568418e-003 -3.27456107e-004 -3.27456107e-004  -3.27456107e-004 -1.40853434e-004 -1.40853434e-004  -1.40853434e-004
 -1.21013419e-006 -1.21013419e-006  -1.21013419e-006
 1.02375317e+000 1.02375317e+000  1.02375317e+000 -6.13621200e-001 -6.13621200e-001  -6.13621200e-001 -1.49011665e+000 -1.49011665e+000  -1.49011665e+000 1.38135602e+000 1.38135602e+000  1.38135602e+000 9.30908646e-001 9.30908646e-001  9.30908646e-001
 -1.11626591e+000 -1.11626591e+000  -1.11626591e+000 -1.65432675e+000 -1.65432675e+000  -1.65432675e+000 -2.01315068e+000 -2.01315068e+000  -2.01315068e+000 -1.56219258e+000 -1.56219258e+000  -1.56219258e+000 2.58870855e-001 2.58870855e-001  2.58870855e-001
 -1.38017632e-001 -1.38017632e-001  -1.38017632e-001 2.23406049e-002 2.23406049e-002  2.23406049e-002 6.60505014e-003 6.60505014e-003  6.60505014e-003 1.01293310e-003 1.01293310e-003  1.01293310e-003 1.15350497e-004 1.15350497e-004  1.15350497e-004
 3.00396079e-006 3.00396079e-006  3.00396079e-006
 5.58178521e-001 5.58178521e-001  5.58178521e-001 7.19123453e-001 7.19123453e-001  7.19123453e-001 -1.66996793e-001 -1.66996793e-001  -1.66996793e-001 1.09826884e+000 1.09826884e+000  1.09826884e+000 4.21522386e-002 4.21522386e-002  4.21522386e-002
 1.75815127e-001 1.75815127e-001  1.75815127e-001 1.03245748e+000 1.03245748e+000  1.03245748e+000 1.28162207e+000 1.28162207e+000  1.28162207e+000 -9.54345550e-002 -9.54345550e-002  -9.54345550e-002 7.75409037e-002 7.75409037e-002  7.75409037e-002
 5.44507172e-002 5.44507172e-002  5.44507172e-002 -1.52692919e-002 -1.52692919e-002  -1.52692919e-002 -4.24102046e-003 -4.24102046e-003  -4.24102046e-003 -2.87110991e-004 -2.87110991e-004  -2.87110991e-004 2.07581148e-005 2.07581148e-005  2.07581148e-005
 -4.86527774e-009 -4.86527774e-009  -4.86527774e-009
 -2.34704954e+000 -2.34704954e+000  -2.34704954e+000 -3.59477586e-001 -3.59477586e-001  -3.59477586e-001 -9.99284188e-001 -9.99284188e-001  -9.99284188e-001 5.95282075e-001 5.95282075e-001  5.95282075e-001 -4.75229271e-001 -4.75229271e-001  -4.75229271e-001
 3.17392648e-001 3.17392648e-001  3.17392648e-001 1.06922629e+000 1.06922629e+000  1.06922629e+000 -1.01347785e+000 -1.01347785e+000  -1.01347785e+000 -1.35768646e+000 -1.35768646e+000  -1.35768646e+000 -9.48483857e-001 -9.48483857e-001  -9.48483857e-001
 3.27415787e-001 3.27415787e-001  3.27415787e-001 -5.95603030e-002 -5.95603030e-002  -5.95603030e-002 -1.78561881e-002 -1.78561881e-002  -1.78561881e-002 -3.12835579e-003 -3.12835579e-003  -3.12835579e-003 -3.16513268e-004 -3.16513268e-004  -3.16513268e-004
 -3.09624416e-006 -3.09624416e-006  -3.09624416e-006
 1.59101143e+000 1.59101143e+000  1.59101143e+000 1.04657605e-001 1.04657605e-001  1.04657605e-001 -6.74506234e-001 -6.74506234e-001  -6.74506234e-001 9.87062695e-001 9.87062695e-001  9.87062695e-001 1.59194189e-001 1.59194189e-001  1.59194189e-001
 5.25142747e-001 5.25142747e-001  5.25142747e-001 1.37577587e+000 1.37577587e+000  1.37577587e+000 1.31015082e+000 1.31015082e+000  1.31015082e+000 1.65410756e+000 1.65410756e+000  1.65410756e+000 5.89493402e-001 5.89493402e-001  5.89493402e-001
 5.59080266e-002 5.59080266e-002  5.59080266e-002 -8.56397583e-003 -8.56397583e-003  -8.56397583e-003 -4.33277347e-003 -4.33277347e-003  -4.33277347e-003 -1.11376472e-003 -1.11376472e-003  -1.11376472e-003 -1.30556135e-004 -1.30556135e-004  -1.30556135e-004
 -1.31468703e-006 -1.31468703e-006  -1.31468703e-006
 -2.44586521e-001 -2.44586521e-001  -2.44586521e-001 1.73313805e+000 1.73313805e+000  1.73313805e+000 1.19134391e+000 1.19134391e+000  1.19134391e+000 4.63114653e-001 4.63114653e-001  4.63114653e-001 -1.56535375e+000 -1.56535375e+000  -1.56535375e+000
 5.35820620e-002 5.35820620e-002  5.35820620e-002 3.77534927e-001 3.77534927e-001  3.77534927e-001 -6.51225318e-001 -6.51225318e-001  -6.51225318e-001 -8.74697669e-001 -8.74697669e-001  -8.74697669e-001 3.09068162e-001 3.09068162e-001  3.09068162e-001
 -3.20476346e-001 -3.20476346e-001  -3.20476346e-001 1.02748490e-001 1.02748490e-001  1.02748490e-001 2.86151421e-002 2.86151421e-002  2.86151421e-002 3.11917522e-003 3.11917522e-003  3.11917522e-003 1.71174399e-004 1.71174399e-004  1.71174399e-004
 -6.29001030e-007 -6.29001030e-007  -6.29001030e-007
 -1.94677014e+000 -1.94677014e+000  -1.94677014e+000 -7.76784069e-002 -7.76784069e-002  -7.76784069e-002 1.58128819e+000 1.58128819e+000  1.58128819e+000 1.22449376e-001 1.22449376e-001  1.22449376e-001 -1.81741159e-001 -1.81741159e-001  -1.81741159e-001
 6.06574329e-001 6.06574329e-001  6.06574329e-001 -1.76806664e-001 -1.76806664e-001  -1.76806664e-001 2.78411861e-001 2.78411861e-001  2.78411861e-001 1.49317531e+000 1.49317531e+000  1.49317531e+000 2.25338868e+000 2.25338868e+000  2.25338868e+000
 -1.42428053e-001 -1.42428053e-001  -1.42428053e-001 1.26271523e-002 1.26271523e-002  1.26271523e-002 2.32283319e-003 2.32283319e-003  2.32283319e-003 9.33008402e-005 9.33008402e-005  9.33008402e-005 3.59538599e-006 3.59538599e-006  3.59538599e-006
 -5.28357788e-007 -5.28357788e-007  -5.28357788e-007
 6.96059459e-001 6.96059459e-001  6.96059459e-001 2.40127548e-001 2.40127548e-001  2.40127548e-001 -6.80791822e-001 -6.80791822e-001  -6.80791822e-001 -5.72240839e-001 -5.72240839e-001  -5.72240839e-001 -1.17118996e+000 -1.17118996e+000  -1.17118996e+000
 4.46480139e-001 4.46480139e-001  4.46480139e-001 6.67783482e-001 6.67783482e-001  6.67783482e-001 1.60727819e+000 1.60727819e+000  1.60727819e+000 -6.52346832e-001 -6.52346832e-001  -6.52346832e-001 -1.46600973e+000 -1.46600973e+000  -1.46600973e+000
 4.89427405e-002 4.89427405e-002  4.89427405e-002 -1.22838424e-002 -1.22838424e-002  -1.22838424e-002 -4.10326224e-003 -4.10326224e-003  -4.10326224e-003 -7.40954009e-004 -7.40954009e-004  -7.40954009e-004 -1.05162788e-004 -1.05162788e-004  -1.05162788e-004
 -4.06524816e-007 -4.06524816e-007  -4.06524816e-007
 7.23389523e-001 7.23389523e-001  7.23389523e-001 8.47247534e-001 8.47247534e-001  8.47247534e-001 -7.15238020e-001 -7.15238020e-001  -7.15238020e-001 1.02681647e+000 1.02681647e+000  1.02681647e+000 5.57054347e-001 5.57054347e-001  5.57054347e-001
 2.25284068e+000 2.25284068e+000  2.25284068e+000 1.20394500e+000 1.20394500e+000  1.20394500e+000 -1.38241539e-001 -1.38241539e-001  -1.38241539e-001 9.80832829e-001 9.80832829e-001  9.80832829e-001 8.33544943e-001 8.33544943e-001  8.33544943e-001
 -4.93057707e-003 -4.93057707e-003  -4.93057707e-003 2.88220413e-003 2.88220413e-003  2.88220413e-003 1.40890846e-003 1.40890846e-003  1.40890846e-003 4.76089911e-004 4.76089911e-004  4.76089911e-004 6.74957375e-005 6.74957375e-005  6.74957375e-005
 2.51766440e-007 2.51766440e-007  2.51766440e-007
 -5.15214879e-001 -5.15214879e-001  -5.15214879e-001 -9.20928592e-001 -9.20928592e-001  -9.20928592e-001 -1.19962980e+000 -1.19962980e+000  -1.19962980e+000 -1.24899743e+000 -1.24899743e+000  -1.24899743e+000 -2.19563684e-002 -2.19563684e-002  -2.19563684e-002
 -2.01137114e+000 -2.01137114e+000  -2.01137114e+000 -8.81461937e-001 -8.81461937e-001  -8.81461937e-001 -2.32402081e+000 -2.32402081e+000  -2.32402081e+000 -8.40450936e-001 -8.40450936e-001  -8.40450936e-001 -1.49753867e+000 -1.49753867e+000  -1.49753867e+000
 -1.52527852e-001 -1.52527852e-001  -1.52527852e-001 3.11726978e-002 3.11726978e-002  3.11726978e-002 9.34179343e-003 9.34179343e-003  9.34179343e-003 1.81089070e-003 1.81089070e-003  1.81089070e-003 2.39324034e-004 2.39324034e-004  2.39324034e-004
 1.97805435e-006 1.97805435e-006  1.97805435e-006
 1.90086054e+000 1.90086054e+000  1.90086054e+000 -6.73850963e-001 -6.73850963e-001  -6.73850963e-001 -1.19731575e+000 -1.19731575e+000  -1.19731575e+000 -3.39760663e-001 -3.39760663e-001  -3.39760663e-001 1.65327174e+000 1.65327174e+000  1.65327174e+000
 -5.65194751e-001 -5.65194751e-001  -5.65194751e-001 3.32374489e-001 3.32374489e-001  3.32374489e-001 2.79619963e+000 2.79619963e+000  2.79619963e+000 -2.44693799e-001 -2.44693799e-001  -2.44693799e-001 -1.27083490e-001 -1.27083490e-001  -1.27083490e-001
 -1.55589917e-001 -1.55589917e-001  -1.55589917e-001 3.63498708e-002 3.63498708e-002  3.63498708e-002 1.24169683e-002 1.24169683e-002  1.24169683e-002 2.51790750e-003 2.51790750e-003  2.51790750e-003 2.60891562e-004 2.60891562e-004  2.60891562e-004
 -4.27380635e-006 -4.27380635e-006  -4.27380635e-006
 -1.00381960e+000 -1.00381960e+000  -1.00381960e+000 -8.51330793e-001 -8.51330793e-001  -8.51330793e-001 -1.39667355e+000 -1.39667355e+000  -1.39667355e+000 2.13709171e-001 2.13709171e-001  2.13709171e-001 -2.29807706e+000 -2.29807706e+000  -2.29807706e+000
 9.28568517e-001 9.28568517e-001  9.28568517e-001 -1.37793221e+000 -1.37793221e+000  -1.37793221e+000 -5.30173444e-001 -5.30173444e-001  -5.30173444e-001 -9.79405628e-001 -9.79405628e-001  -9.79405628e-001 -2.14274166e+000 -2.14274166e+000  -2.14274166e+000
 -2.55419081e-001 -2.55419081e-001  -2.55419081e-001 3.58972487e-002 3.58972487e-002  3.58972487e-002 9.78520812e-003 9.78520812e-003  9.78520812e-003 1.45360422e-003 1.45360422e-003  1.45360422e-003 1.17266967e-004 1.17266967e-004  1.17266967e-004
 7.13244868e-007 7.13244868e-007  7.13244868e-007
 7.78979658e-003 7.78979658e-003  7.78979658e-003 -1.26014229e-001 -1.26014229e-001  -1.26014229e-001 2.33529970e-001 2.33529970e-001  2.33529970e-001 4.19184388e-002 4.19184388e-002  4.19184388e-002 1.23080303e+000 1.23080303e+000  1.23080303e+000
 1.39499163e-001 1.39499163e-001  1.39499163e-001 5.33799496e-001 5.33799496e-001  5.33799496e-001 1.60549101e+000 1.60549101e+000  1.60549101e+000 7.14639792e-001 7.14639792e-001  7.14639792e-001 1.08922337e+000 1.08922337e+000  1.08922337e+000
 4.55007377e-002 4.55007377e-002  4.55007377e-002 1.00747734e-003 1.00747734e-003  1.00747734e-003 -8.25914723e-005 -8.25914723e-005  -8.25914723e-005 -2.68806747e-004 -2.68806747e-004  -2.68806747e-004 -1.03504940e-004 -1.03504940e-004  -1.03504940e-004
 -1.82515632e-006 -1.82515632e-006  -1.82515632e-006
 -3.32596641e-001 -3.32595674e-001  -3.32593257e-001 -1.16302129e+000 -1.16301870e+000  -1.16301224e+000 -3.00458027e+000 -3.00457804e+000  -3.00457249e+000 -6.42280809e-001 -6.42279577e-001  -6.42276496e-001 -1.88246024e+000 -1.88245538e+000  -1.88244324e+000
 -2.19211807e+000 -2.19212690e+000  -2.19214895e+000 -1.69333267e+000 -1.69332526e+000  -1.69330673e+000 -1.37017543e+000 -1.37018006e+000  -1.37019164e+000 -2.07135604e+000 -2.07135032e+000  -2.07133601e+000 -1.21939874e-001 -1.21944689e-001  -1.21956726e-001
 2.23433977e-001 2.23437552e-001  2.23446490e-001 -3.62915311e-002 -3.62923263e-002  -3.62943144e-002 -9.32233770e-003 -9.32264158e-003  -9.32340129e-003 -1.60246359e-003 -1.60256172e-003  -1.60280704e-003 -3.30537133e-004 -3.30565747e-004  -3.30637281e-004
 -5.17177101e-006 -5.17143672e-006  -5.17060099e-006
 -4.90515100e-001 -4.90512101e-001  -4.90512101e-001 -4.76477257e-002 -4.76435453e-002  -4.76435453e-002 3.82505464e+000 3.82505478e+000  3.82505478e+000 8.82122447e-001 8.82126422e-001  8.82126422e-001 1.40231079e+000 1.40232260e+000  1.40232260e+000
 1.79438462e+000 1.79437642e+000  1.79437642e+000 1.55963994e+000 1.55964164e+000  1.55964164e+000 1.32200383e-001 1.32200181e-001  1.32200181e-001 7.92988702e-001 7.93001098e-001  7.93001098e-001 2.10039537e+000 2.10038240e+000  2.10038240e+000
 -4.12452358e-001 -4.12448597e-001  -4.12448597e-001 8.18866237e-002 8.18856664e-002  8.18856664e-002 2.33590177e-002 2.33586501e-002  2.33586501e-002 3.01839954e-003 3.01828076e-003  3.01828076e-003 2.12352096e-004 2.12317413e-004  2.12317413e-004
 6.00646850e-007 6.00985483e-007  6.00985483e-007
 6.31984324e-001 6.31984324e-001  6.31984324e-001 4.57707048e-001 4.57707048e-001  4.57707048e-001 1.65406634e-001 1.65406634e-001  1.65406634e-001 -2.64620224e-001 -2.64620224e-001  -2.64620224e-001 4.32024402e-001 4.32024402e-001  4.32024402e-001
 -1.83398600e+000 -1.83398600e+000  -1.83398600e+000 -8.38196381e-002 -8.38196381e-002  -8.38196381e-002 7.27782299e-002 7.27782299e-002  7.27782299e-002 4.88878810e-001 4.88878810e-001  4.88878810e-001 -4.15638996e-001 -4.15638996e-001  -4.15638996e-001
 -6.46957005e-002 -6.46957005e-002  -6.46957005e-002 1.04586791e-002 1.04586791e-002  1.04586791e-002 1.84064149e-003 1.84064149e-003  1.84064149e-003 2.35760618e-004 2.35760618e-004  2.35760618e-004 1.01094635e-004 1.01094635e-004  1.01094635e-004
 7.40573777e-006 7.40573777e-006  7.40573777e-006
 1.41953621e-001 1.41953621e-001  1.41953621e-001 7.82300341e-001 7.82300341e-001  7.82300341e-001 1.01450260e+000 1.01450260e+000  1.01450260e+000 1.15939735e+000 1.15939735e+000  1.15939735e+000 8.17228883e-002 8.17228883e-002  8.17228883e-002
 6.28603510e-001 6.28603510e-001  6.28603510e-001 3.77523537e-001 3.77523537e-001  3.77523537e-001 -1.41215118e+000 -1.41215118e+000  -1.41215118e+000 9.07069427e-001 9.07069427e-001  9.07069427e-001 1.06226660e+000 1.06226660e+000  1.06226660e+000
 -2.12997358e-001 -2.12997358e-001  -2.12997358e-001 2.66082537e-002 2.66082537e-002  2.66082537e-002 7.96726597e-003 7.96726597e-003  7.96726597e-003 7.90358011e-004 7.90358011e-004  7.90358011e-004 -4.08743589e-005 -4.08743589e-005  -4.08743589e-005
 -1.43212106e-005 -1.43212106e-005  -1.43212106e-005
 2.50991853e+000 2.50991853e+000  2.50991853e+000 2.67685811e-001 2.67685811e-001  2.67685811e-001 2.31570871e-001 2.31570871e-001  2.31570871e-001 -8.39162458e-001 -8.39162458e-001  -8.39162458e-001 -2.38884950e-002 -2.38884950e-002  -2.38884950e-002
 -6.98991210e-001 -6.98991210e-001  -6.98991210e-001 -1.74485517e-001 -1.74485517e-001  -1.74485517e-001 -3.33513182e-001 -3.33513182e-001  -3.33513182e-001 -1.55219182e+000 -1.55219182e+000  -1.55219182e+000 -1.22092179e+000 -1.22092179e+000  -1.22092179e+000
 6.69489644e-002 6.69489644e-002  6.69489644e-002 -2.80648659e-002 -2.80648659e-002  -2.80648659e-002 -1.01159139e-002 -1.01159139e-002  -1.01159139e-002 -1.55573874e-003 -1.55573874e-003  -1.55573874e-003 -1.24582241e-004 -1.24582241e-004  -1.24582241e-004
 3.10765858e-006 3.10765858e-006  3.10765858e-006
 7.25229813e-001 7.25229813e-001  7.25229813e-001 -9.52119285e-001 -9.52119285e-001  -9.52119285e-001 -1.21625003e+000 -1.21625003e+000  -1.21625003e+000 -8.45902501e-001 -8.45902501e-001  -8.45902501e-001 5.10160682e-001 5.10160682e-001  5.10160682e-001
 1.27053521e-001 1.27053521e-001  1.27053521e-001 2.00784135e-001 2.00784135e-001  2.00784135e-001 1.43014505e+000 1.43014505e+000  1.43014505e+000 1.87471595e+000 1.87471595e+000  1.87471595e+000 1.16703145e-001 1.16703145e-001  1.16703145e-001
 -7.52393746e-002 -7.52393746e-002  -7.52393746e-002 1.45797902e-002 1.45797902e-002  1.45797902e-002 -9.45416434e-004 -9.45416434e-004  -9.45416434e-004 -5.88802714e-004 -5.88802714e-004  -5.88802714e-004 -1.51477248e-004 -1.51477248e-004  -1.51477248e-004
 -5.70799215e-006 -5.70799215e-006  -5.70799215e-006
 -1.30486508e+000 -1.30486508e+000  -1.30486509e+000 -6.11284840e-001 -6.11284840e-001  -6.11284841e-001 1.17828429e-001 1.17828428e-001  1.17828427e-001 -8.10977056e-001 -8.10977056e-001  -8.10977056e-001 -3.43374241e-001 -3.43374242e-001  -3.43374246e-001
 9.32821218e-001 9.32821219e-001  9.32821221e-001 -6.02698275e-001 -6.02698277e-001  -6.02698280e-001 1.14878636e-001 1.14878638e-001  1.14878642e-001 -9.89106315e-001 -9.89106315e-001  -9.89106316e-001 -8.09907330e-001 -8.09907330e-001  -8.09907328e-001
 4.87813382e-001 4.87813381e-001  4.87813376e-001 -7.52660950e-002 -7.52660946e-002  -7.52660935e-002 -1.62349265e-002 -1.62349263e-002  -1.62349259e-002 -1.68240783e-003 -1.68240777e-003  -1.68240764e-003 -1.68926376e-004 -1.68926361e-004  -1.68926322e-004
 -6.39611334e-006 -6.39611355e-006  -6.39611410e-006
 -1.49788148e-001 -1.49788148e-001  -1.49788148e-001 -5.40742666e-001 -5.40742666e-001  -5.40742666e-001 9.50914140e-001 9.50914140e-001  9.50914140e-001 1.57567957e-001 1.57567957e-001  1.57567957e-001 -1.74304800e-001 -1.74304800e-001  -1.74304800e-001
 1.19230462e+000 1.19230462e+000  1.19230462e+000 2.61248927e-001 2.61248927e-001  2.61248927e-001 -5.84484050e-001 -5.84484050e-001  -5.84484050e-001 -2.24862280e-001 -2.24862280e-001  -2.24862280e-001 3.04822483e+000 3.04822483e+000  3.04822483e+000
 1.31556328e-002 1.31556328e-002  1.31556328e-002 -3.22156062e-003 -3.22156062e-003  -3.22156062e-003 -8.28272555e-004 -8.28272555e-004  -8.28272555e-004 -8.72929702e-005 -8.72929702e-005  -8.72929702e-005 -8.37473067e-006 -8.37473067e-006  -8.37473067e-006
 -1.61073844e-007 -1.61073844e-007  -1.61073844e-007
 -8.62172596e-002 -8.62172623e-002  -8.62172689e-002 -1.07946245e+000 -1.07946245e+000  -1.07946245e+000 1.69266562e-001 1.69266561e-001  1.69266560e-001 -1.17484938e+000 -1.17484938e+000  -1.17484938e+000 -1.62264773e+000 -1.62264773e+000  -1.62264773e+000
 -2.45559361e+000 -2.45559361e+000  -2.45559361e+000 -1.34765878e+000 -1.34765878e+000  -1.34765879e+000 -8.31386048e-001 -8.31386047e-001  -8.31386042e-001 -2.52728979e+000 -2.52728979e+000  -2.52728979e+000 -1.00213405e+000 -1.00213405e+000  -1.00213405e+000
 -6.23321573e-002 -6.23321592e-002  -6.23321640e-002 1.96246763e-003 1.96246806e-003  1.96246914e-003 -1.70782699e-003 -1.70782682e-003  -1.70782641e-003 -1.57364108e-003 -1.57364102e-003  -1.57364089e-003 -4.98361208e-004 -4.98361192e-004  -4.98361153e-004
 -1.33269366e-005 -1.33269368e-005  -1.33269374e-005
 3.08851740e+000 3.08851837e+000  3.08852079e+000 6.71405344e-001 6.71407930e-001  6.71414392e-001 2.63481244e+000 2.63481466e+000  2.63482022e+000 3.18018311e-001 3.18019544e-001  3.18022624e-001 1.62312655e+000 1.62313141e+000  1.62314356e+000
 2.08895178e+000 2.08894296e+000  2.08892090e+000 1.41412915e+000 1.41413656e+000  1.41415509e+000 9.73014816e-001 9.73010186e-001  9.72998609e-001 1.39565553e+000 1.39566126e+000  1.39567556e+000 2.29848891e+000 2.29848409e+000  2.29847206e+000
 4.63395367e-002 4.63431117e-002  4.63520491e-002 -7.48068927e-003 -7.48148448e-003  -7.48347251e-003 -1.25617862e-003 -1.25648250e-003  -1.25724221e-003 6.61663646e-004 6.61565518e-004  6.61320198e-004 1.36535027e-004 1.36506413e-004  1.36434879e-004
 1.49827821e-006 1.49861250e-006  1.49944823e-006
 -1.15698266e+000 -1.15697966e+000  -1.15697966e+000 -8.93464053e-001 -8.93459873e-001  -8.93459873e-001 -1.70503658e+000 -1.70503645e+000  -1.70503645e+000 -5.38431870e-001 -5.38427895e-001  -5.38427895e-001 1.42828025e-001 1.42839835e-001  1.42839835e-001
 -9.08128750e-001 -9.08136952e-001  -9.08136952e-001 -5.14746263e-001 -5.14744555e-001  -5.14744555e-001 -1.53870291e+000 -1.53870311e+000  -1.53870311e+000 5.52047092e-001 5.52059488e-001  5.52059488e-001 -6.15332846e-001 -6.15345813e-001  -6.15345813e-001
 2.88041542e-002 2.88079155e-002  2.88079155e-002 -5.70923873e-004 -5.71881113e-004  -5.71881113e-004 -4.87663685e-004 -4.88031263e-004  -4.88031263e-004 -4.72917271e-004 -4.73036050e-004  -4.73036050e-004 -1.41124446e-004 -1.41159128e-004  -1.41159128e-004
 -8.65438547e-006 -8.65404684e-006  -8.65404684e-006
 -1.07565975e-001 -1.07564811e-001  -1.07564616e-001 5.78647342e-001 5.78649065e-001  5.78649585e-001 3.04802990e-001 3.04803217e-001  3.04803664e-001 1.14059566e+000 1.14059720e+000  1.14059745e+000 1.69098607e+000 1.69099074e+000  1.69099171e+000
 1.28434427e+000 1.28434059e+000  1.28433881e+000 1.65301499e+000 1.65301621e+000  1.65301770e+000 -3.19784459e-001 -3.19784905e-001  -3.19785837e-001 -9.12063241e-001 -9.12058290e-001  -9.12057138e-001 8.79215140e-001 8.79210054e-001  8.79209085e-001
 -1.28860756e-001 -1.28859105e-001  -1.28858386e-001 1.55400422e-002 1.55396314e-002  1.55394714e-002 4.11874603e-003 4.11858841e-003  4.11852726e-003 5.15575394e-004 5.15524466e-004  5.15504720e-004 -3.13945056e-005 -3.14093729e-005  -3.14151306e-005
 -6.48370532e-006 -6.48355574e-006  -6.48348847e-006
 -8.89813767e-004 -8.88022981e-004  -8.86890905e-004 -4.78393763e-003 -4.78085849e-003  -4.77782334e-003 1.06610428e-003 1.06720698e-003  1.06981555e-003 5.51756985e-004 5.54109237e-004  5.55556266e-004 7.45778218e-004 7.53329047e-004  7.59033580e-004
 1.18219086e-003 1.17438794e-003  1.16402839e-003 -2.09823877e-003 -2.09399605e-003  -2.08529470e-003 2.79538153e-004 2.77273691e-004  2.71837908e-004 2.17278369e-004 2.25496955e-004  2.32217235e-004 -1.63266794e-003 -1.64071473e-003  -1.64636804e-003
 1.28329531e-003 1.28665175e-003  1.29084755e-003 -1.12248164e-003 -1.12328204e-003  -1.12421534e-003 -1.00733808e-003 -1.00764474e-003  -1.00800139e-003 -1.17260605e-004 -1.17359666e-004  -1.17474836e-004 -1.53933663e-004 -1.53962570e-004  -1.53996154e-004
 -9.27869788e-006 -9.27839028e-006  -9.27799897e-006
 -8.14059053e-002 -8.14033836e-002  -8.14018390e-002 7.61807873e-002 7.61850979e-002  7.61892395e-002 -4.26717130e-002 -4.26702049e-002  -4.26666454e-002 7.73232120e-002 7.73265254e-002  7.73284999e-002 2.27386480e-003 2.28447608e-003  2.29225999e-003
 7.10707856e-002 7.10599244e-002  7.10457886e-002 4.02916374e-002 4.02974712e-002  4.03093444e-002 8.18367321e-002 8.18336370e-002  8.18262198e-002 4.13630149e-002 4.13745527e-002  4.13837226e-002 -2.07719669e-002 -2.07832852e-002  -2.07909992e-002
 -9.37067558e-003 -9.36599757e-003  -9.36027237e-003 -2.12437164e-003 -2.12548876e-003  -2.12676225e-003 -2.10292454e-003 -2.10335256e-003  -2.10383922e-003 -8.40462303e-004 -8.40600572e-004  -8.40757721e-004 -2.62899528e-004 -2.62939877e-004  -2.62985701e-004
 -9.81562635e-006 -9.81519748e-006  -9.81466277e-006
 1.28772965e+000 1.28773276e+000  1.28773465e+000 -1.13409524e+000 -1.13408993e+000  -1.13408486e+000 7.05714835e-001 7.05716682e-001  7.05721040e-001 -1.18313809e+000 -1.18313401e+000  -1.18313159e+000 -4.43576578e-002 -4.43445827e-002  -4.43350525e-002
 -1.13603055e+000 -1.13604391e+000  -1.13606121e+000 -5.90240392e-001 -5.90233238e-001  -5.90218701e-001 -1.29728373e+000 -1.29728752e+000  -1.29729660e+000 -6.48683549e-001 -6.48669336e-001  -6.48658109e-001 3.42820195e-001 3.42806247e-001  3.42796802e-001
 8.42888014e-003 8.43463420e-003  8.44164393e-003 -4.32133187e-003 -4.32270637e-003  -4.32426559e-003 -2.62657933e-003 -2.62710598e-003  -2.62770182e-003 -1.08156486e-003 -1.08173499e-003  -1.08192739e-003 -3.92591777e-004 -3.92641422e-004  -3.92697527e-004
 -1.59652831e-005 -1.59647553e-005  -1.59641000e-005
 3.10578483e+000 3.10578483e+000  3.10578483e+000 -2.85764164e-001 -2.85764164e-001  -2.85764164e-001 2.17009925e+000 2.17009925e+000  2.17009925e+000 1.98234849e+000 1.98234849e+000  1.98234849e+000 1.14344591e+000 1.14344591e+000  1.14344591e+000
 1.08571908e+000 1.08571908e+000  1.08571908e+000 -1.54994172e+000 -1.54994172e+000  -1.54994172e+000 -2.03457426e+000 -2.03457426e+000  -2.03457426e+000 -6.09535806e-001 -6.09535806e-001  -6.09535806e-001 2.09787624e+000 2.09787624e+000  2.09787624e+000
 1.83799166e-001 1.83799166e-001  1.83799166e-001 -2.10290546e-002 -2.10290546e-002  -2.10290546e-002 -5.77812288e-003 -5.77812288e-003  -5.77812288e-003 -1.13082102e-003 -1.13082102e-003  -1.13082102e-003 -1.15361436e-004 -1.15361436e-004  -1.15361436e-004
 -1.06210304e-006 -1.06210304e-006  -1.06210304e-006
 5.24879650e-001 5.24879650e-001  5.24879650e-001 8.56495419e-001 8.56495419e-001  8.56495419e-001 6.51794923e-001 6.51794923e-001  6.51794923e-001 -1.13731397e+000 -1.13731397e+000  -1.13731397e+000 2.18737737e-001 2.18737737e-001  2.18737737e-001
 -1.79137237e+000 -1.79137237e+000  -1.79137237e+000 -1.30818832e+000 -1.30818832e+000  -1.30818832e+000 -6.29040958e-001 -6.29040958e-001  -6.29040958e-001 -2.88912788e-001 -2.88912788e-001  -2.88912788e-001 -1.09660219e+000 -1.09660219e+000  -1.09660219e+000
 -3.06773765e-001 -3.06773765e-001  -3.06773765e-001 5.07240886e-002 5.07240886e-002  5.07240886e-002 1.28747209e-002 1.28747209e-002  1.28747209e-002 1.83514469e-003 1.83514469e-003  1.83514469e-003 8.04635516e-005 8.04635516e-005  8.04635516e-005
 -4.09120836e-006 -4.09120836e-006  -4.09120836e-006
 -7.39627486e-001 -7.39627486e-001  -7.39627486e-001 -1.67754873e+000 -1.67754873e+000  -1.67754873e+000 -5.52985939e-001 -5.52985939e-001  -5.52985939e-001 5.59101284e-002 5.59101284e-002  5.59101284e-002 -4.90021120e-001 -4.90021120e-001  -4.90021120e-001
 1.47984140e-001 1.47984140e-001  1.47984140e-001 1.73797219e+000 1.73797219e+000  1.73797219e+000 8.20355554e-001 8.20355554e-001  8.20355554e-001 2.48834328e-001 2.48834328e-001  2.48834328e-001 2.58843946e-001 2.58843946e-001  2.58843946e-001
 1.87040899e-001 1.87040899e-001  1.87040899e-001 -3.61962993e-002 -3.61962993e-002  -3.61962993e-002 -8.81476626e-003 -8.81476626e-003  -8.81476626e-003 -1.23545909e-003 -1.23545909e-003  -1.23545909e-003 -2.12788005e-004 -2.12788005e-004  -2.12788005e-004
 -6.44880574e-006 -6.44880574e-006  -6.44880574e-006
 -6.05350865e-001 -6.05346902e-001  -6.05344492e-001 2.55840089e-001 2.55846854e-001  2.55853316e-001 -7.09146927e-001 -7.09144572e-001  -7.09139019e-001 -1.82531359e+000 -1.82530838e+000  -1.82530530e+000 -2.47786563e-001 -2.47769895e-001  -2.47757750e-001
 -2.25857187e-001 -2.25874210e-001  -2.25896264e-001 1.17330130e+000 1.17331042e+000  1.17332894e+000 9.57779985e-001 9.57775154e-001  9.57763582e-001 5.91796678e-001 5.91814797e-001  5.91829103e-001 -4.71512939e-002 -4.71690755e-002  -4.71811109e-002
 -5.12547658e-002 -5.12474315e-002  -5.12384988e-002 4.12119714e-004 4.10367693e-004  4.08380743e-004 -1.73350110e-003 -1.73417240e-003  -1.73493169e-003 -8.53759286e-004 -8.53976140e-004  -8.54221328e-004 -2.55264737e-004 -2.55328018e-004  -2.55399514e-004
 -8.88092672e-006 -8.88025401e-006  -8.87941883e-006
 -3.19081271e+000 -3.19082407e+000 -3.19084994e+000
 -2.10291220e+000 -2.10291607e+000 -2.10291962e+000
 -2.79754322e+000 -2.79756585e+000 -2.79759032e+000
 -3.21990958e+000 -3.21991136e+000 -3.21991235e+000
 -3.79492234e+000 -3.79493916e+000 -3.79496208e+000
 4.67278888e+000 4.67278433e+000 4.67277820e+000
 -2.78278967e+000 -2.78280736e+000 -2.78282097e+000
 3.64077526e+000 3.64077373e+000 3.64077004e+000
 -4.13249698e+000 -4.13250336e+000 -4.13250745e+000
 4.08172249e+000 4.08170751e+000 4.08168425e+000
 -1.34624657e+000 -1.34625568e+000 -1.34626822e+000
 2.98547221e-001 2.98534907e-001 2.98521406e-001
 1.14085121e-001 1.14073218e-001 1.14059871e-001
 3.68613479e-002 3.68495669e-002 3.68362547e-002
 1.07714095e-002 1.07596420e-002 1.07463338e-002
 -9.32829550e-005 -1.05055317e-004 -1.18369826e-004
