  1.8445e+001 -1.7897e+000 -6.3699e+000 -4.3603e+000  1.9830e+000
  4.3985e-001 -9.2748e+000 -7.1809e+000 -2.3608e+000 -1.6040e+000
 -2.0132e+000 -4.2835e+000 -3.5457e+000  5.8125e-001 -2.0524e+000
 -3.7170e-001
 -1.0427e+000
 1.29561118e+001 1.29560448e+001  1.29560064e+001 -4.76737268e-001 -4.76781475e-001  -4.76807366e-001 3.80690806e+000 3.80690537e+000  3.80690382e+000 -3.87514547e+000 -3.87514531e+000  -3.87514521e+000 5.06038946e+000 5.06039938e+000  5.06040517e+000
 1.26534933e+000 1.26534932e+000  1.26534931e+000 -2.59636520e+000 -2.59636520e+000  -2.59636520e+000 -2.06081703e+000 -2.06140765e+000  -2.06175509e+000 1.31168121e+000 1.31165340e+000  1.31163693e+000 4.64802481e+000 4.64802690e+000  4.64802812e+000
 2.83989484e+000 2.83989316e+000  2.83989219e+000 -1.36112712e+000 -1.36112659e+000  -1.36112628e+000 2.59651202e+000 2.59651202e+000  2.59651202e+000 7.05502808e-001 7.05478068e-001  7.05463413e-001 1.00105656e+000 1.00106229e+000  1.00106565e+000
 -2.94378943e-002 -2.94361319e-002  -2.94350842e-002
 4.77832028e+000 4.77832028e+000  4.77832028e+000 -4.52450876e+000 -4.52450876e+000  -4.52450876e+000 -2.09975122e+000 -2.09975122e+000  -2.09975122e+000 -1.64473679e+000 -1.64473679e+000  -1.64473679e+000 -1.48577310e+001 -1.48577310e+001  -1.48577310e+001
 -2.51418597e+000 -2.51418597e+000  -2.51418597e+000 -7.31482755e+000 -7.31482755e+000  -7.31482755e+000 -1.44858724e+001 -1.44858724e+001  -1.44858724e+001 -1.01397356e+001 -1.01397356e+001  -1.01397356e+001 -1.62283156e+001 -1.62283156e+001  -1.62283156e+001
 -1.35800514e+001 -1.35800514e+001  -1.35800514e+001 -1.29969429e+001 -1.29969429e+001  -1.29969429e+001 -3.03854167e+000 -3.03854167e+000  -3.03854167e+000 -2.85457286e+000 -2.85457286e+000  -2.85457286e+000 1.16503250e+000 1.16503250e+000  1.16503250e+000
 -5.03829283e-001 -5.03829283e-001  -5.03829283e-001
 -9.25712167e+000 -9.25712167e+000  -9.25712167e+000 -4.11974576e+000 -4.11974579e+000  -4.11974589e+000 1.73044374e+000 1.73044374e+000  1.73044374e+000 1.81273392e+000 1.81273439e+000  1.81273558e+000 3.12419291e+000 3.12419377e+000  3.12419594e+000
 1.03146012e+001 1.03146012e+001  1.03146012e+001 2.26965105e+000 2.26965127e+000  2.26965183e+000 8.74849185e+000 8.74849184e+000  8.74849181e+000 2.38496253e+000 2.38496240e+000  2.38496207e+000 1.16509056e+000 1.16509057e+000  1.16509058e+000
 4.18908883e+000 4.18908869e+000  4.18908833e+000 6.30347759e+000 6.30347759e+000  6.30347761e+000 -8.71226588e+000 -8.71226588e+000  -8.71226588e+000 9.95460429e+000 9.95460427e+000  9.95460423e+000 -2.63410555e+000 -2.63410554e+000  -2.63410551e+000
 2.80466862e-001 2.80466868e-001  2.80466884e-001
 1.62761048e+001 1.62761048e+001  1.62761048e+001 -7.75738078e-001 -7.75738078e-001  -7.75738078e-001 -1.32264504e+001 -1.32264504e+001  -1.32264504e+001 -1.12683271e+000 -1.12683271e+000  -1.12683271e+000 4.75400694e+000 4.75400694e+000  4.75400694e+000
 1.21273641e+000 1.21273641e+000  1.21273641e+000 -1.23874875e+000 -1.23874875e+000  -1.23874875e+000 -2.03276712e+000 -2.03276712e+000  -2.03276712e+000 1.04157854e+000 1.04157854e+000  1.04157854e+000 8.07413385e+000 8.07413385e+000  8.07413385e+000
 1.52700940e+000 1.52700940e+000  1.52700940e+000 -1.15087324e+000 -1.15087324e+000  -1.15087324e+000 8.06328166e+000 8.06328166e+000  8.06328166e+000 -9.61286595e-001 -9.61286595e-001  -9.61286595e-001 -1.68919662e+000 -1.68919662e+000  -1.68919662e+000
 -3.11330738e-001 -3.11330738e-001  -3.11330738e-001
 -3.19411958e+000 -3.19411958e+000  -3.19411958e+000 7.70555452e+000 7.70555452e+000  7.70555452e+000 1.95303566e+000 1.95303566e+000  1.95303566e+000 -1.24178097e+000 -1.24178097e+000  -1.24178097e+000 4.41281659e+000 4.41281659e+000  4.41281659e+000
 -1.03991394e+001 -1.03991394e+001  -1.03991394e+001 -2.52652867e+000 -2.52652867e+000  -2.52652867e+000 -6.15282259e-001 -6.15282259e-001  -6.15282259e-001 1.34756109e+000 1.34756109e+000  1.34756109e+000 -3.99132401e-002 -3.99132401e-002  -3.99132401e-002
 2.07535644e+000 2.07535644e+000  2.07535644e+000 1.95476324e+000 1.95476324e+000  1.95476324e+000 -3.20498642e+000 -3.20498642e+000  -3.20498642e+000 -6.60157713e+000 -6.60157713e+000  -6.60157713e+000 -7.98183241e-001 -7.98183241e-001  -7.98183241e-001
 -5.53726989e-002 -5.53726989e-002  -5.53726989e-002
 -9.22413461e+000 -9.22420163e+000  -9.22424003e+000 3.78521622e+000 3.78517201e+000  3.78514612e+000 -2.26872255e+000 -2.26872524e+000  -2.26872679e+000 1.56956907e-001 1.56957072e-001  1.56957170e-001 -3.21644096e+000 -3.21643105e+000  -3.21642525e+000
 4.83877334e+000 4.83877332e+000  4.83877331e+000 -1.01198178e+001 -1.01198178e+001  -1.01198178e+001 1.30651728e+001 1.30645822e+001  1.30642347e+001 -6.65875294e+000 -6.65878076e+000  -6.65879723e+000 1.50558609e+001 1.50558630e+001  1.50558642e+001
 1.45761878e-003 1.45593573e-003  1.45496945e-003 9.33135040e+000 9.33135093e+000  9.33135125e+000 -8.90450717e+000 -8.90450717e+000  -8.90450717e+000 -2.75785868e+000 -2.75788342e+000  -2.75789808e+000 3.04815563e-001 3.04821296e-001  3.04824653e-001
 -2.79777144e-001 -2.79775382e-001  -2.79774334e-001
 4.47740293e+000 4.47740293e+000  4.47740293e+000 6.45431871e+000 6.45431871e+000  6.45431871e+000 -5.09797347e+000 -5.09797347e+000  -5.09797347e+000 1.24654566e+000 1.24654566e+000  1.24654566e+000 -1.39202992e+000 -1.39202992e+000  -1.39202992e+000
 1.02396000e+001 1.02396000e+001  1.02396000e+001 3.55393067e+000 3.55393067e+000  3.55393067e+000 -3.47378601e+000 -3.47378601e+000  -3.47378601e+000 -6.32150590e-001 -6.32150590e-001  -6.32150590e-001 -1.23869165e+001 -1.23869165e+001  -1.23869165e+001
 -9.23773904e+000 -9.23773904e+000  -9.23773904e+000 -4.52453114e+000 -4.52453114e+000  -4.52453114e+000 -6.28670145e+000 -6.28670145e+000  -6.28670145e+000 -1.31021994e+000 -1.31021994e+000  -1.31021994e+000 -1.98734726e+000 -1.98734726e+000  -1.98734726e+000
 -1.59748193e-001 -1.59748193e-001  -1.59748193e-001
 1.10300541e+001 1.10300541e+001  1.10300541e+001 1.00088739e+000 1.00088739e+000  1.00088739e+000 -3.13243433e-001 -3.13243433e-001  -3.13243433e-001 -2.91496973e+000 -2.91496973e+000  -2.91496973e+000 2.70234582e+000 2.70234582e+000  2.70234582e+000
 -6.57504241e+000 -6.57504241e+000  -6.57504241e+000 -5.33136161e+000 -5.33136161e+000  -5.33136161e+000 4.21325516e+000 4.21325516e+000  4.21325516e+000 -4.39607836e+000 -4.39607836e+000  -4.39607836e+000 5.07005628e-001 5.07005628e-001  5.07005628e-001
 1.14329109e+001 1.14329109e+001  1.14329109e+001 2.26016194e+000 2.26016194e+000  2.26016194e+000 1.20328010e+001 1.20328010e+001  1.20328010e+001 -1.42373334e+000 -1.42373334e+000  -1.42373334e+000 -1.62833478e-001 -1.62833478e-001  -1.62833478e-001
 2.07553586e-002 2.07553586e-002  2.07553586e-002
 1.06619029e+001 1.06619029e+001  1.06619029e+001 -7.64382501e+000 -7.64382501e+000  -7.64382501e+000 4.22357362e+000 4.22357362e+000  4.22357362e+000 3.14264564e+000 3.14264564e+000  3.14264564e+000 7.30741765e+000 7.30741765e+000  7.30741765e+000
 5.21190676e+000 5.21190676e+000  5.21190676e+000 1.98575854e+000 1.98575854e+000  1.98575854e+000 -5.50310067e+000 -5.50310067e+000  -5.50310067e+000 4.83943773e+000 4.83943773e+000  4.83943773e+000 3.80546216e+000 3.80546216e+000  3.80546216e+000
 2.67414673e+000 2.67414673e+000  2.67414673e+000 -6.91736466e+000 -6.91736466e+000  -6.91736466e+000 -7.57779655e+000 -7.57779655e+000  -7.57779655e+000 -3.63211728e+000 -3.63211728e+000  -3.63211728e+000 -1.43101667e+000 -1.43101667e+000  -1.43101667e+000
 -6.60232185e-002 -6.60232185e-002  -6.60232185e-002
 9.55490449e+000 9.55490449e+000  9.55490449e+000 -2.12134533e+000 -2.12134533e+000  -2.12134533e+000 4.72102593e+000 4.72102593e+000  4.72102593e+000 3.63466506e+000 3.63466506e+000  3.63466506e+000 -5.51815333e+000 -5.51815333e+000  -5.51815333e+000
 -1.80044590e+001 -1.80044590e+001  -1.80044590e+001 -4.04625173e+000 -4.04625173e+000  -4.04625173e+000 -1.53130297e+000 -1.53130297e+000  -1.53130297e+000 -3.04683173e+000 -3.04683173e+000  -3.04683173e+000 5.72354992e+000 5.72354992e+000  5.72354992e+000
 -8.36056577e+000 -8.36056577e+000  -8.36056577e+000 -7.93555588e+000 -7.93555588e+000  -7.93555588e+000 4.36753464e+000 4.36753464e+000  4.36753464e+000 5.09943220e+000 5.09943220e+000  5.09943220e+000 5.09861043e-001 5.09861043e-001  5.09861043e-001
 -1.25221013e-001 -1.25221013e-001  -1.25221013e-001
 -9.60858254e+000 -9.60858254e+000  -9.60858254e+000 3.30876420e+000 3.30876416e+000  3.30876407e+000 -1.95039028e+001 -1.95039028e+001  -1.95039028e+001 -4.56273252e+000 -4.56273205e+000  -4.56273087e+000 9.09753802e+000 9.09753889e+000  9.09754105e+000
 -7.53199828e+000 -7.53199828e+000  -7.53199829e+000 7.87609207e+000 7.87609230e+000  7.87609286e+000 -7.45875829e+000 -7.45875830e+000  -7.45875832e+000 -4.88526425e+000 -4.88526438e+000  -4.88526470e+000 -6.67266123e+000 -6.67266122e+000  -6.67266121e+000
 5.51854172e+000 5.51854158e+000  5.51854122e+000 -1.42671372e+001 -1.42671372e+001  -1.42671371e+001 3.62743521e+000 3.62743521e+000  3.62743521e+000 -1.06382642e+000 -1.06382643e+000  -1.06382648e+000 -5.24364557e-001 -5.24364547e-001  -5.24364522e-001
 -1.50188299e-001 -1.50188293e-001  -1.50188278e-001
 4.97753306e+000 4.97753306e+000  4.97753306e+000 -6.59498119e+000 -6.59498119e+000  -6.59498119e+000 1.08540645e+001 1.08540645e+001  1.08540645e+001 -6.25781143e+000 -6.25781143e+000  -6.25781143e+000 -5.89551513e+000 -5.89551513e+000  -5.89551513e+000
 1.23624941e+001 1.23624941e+001  1.23624941e+001 -4.59283074e+000 -4.59283074e+000  -4.59283074e+000 -8.95496281e+000 -8.95496281e+000  -8.95496281e+000 1.15988777e+001 1.15988777e+001  1.15988777e+001 -7.46966501e+000 -7.46966501e+000  -7.46966501e+000
 -3.96341294e+000 -3.96341294e+000  -3.96341294e+000 1.58868407e+001 1.58868407e+001  1.58868407e+001 -3.99873590e-001 -3.99873590e-001  -3.99873590e-001 5.33099398e+000 5.33099398e+000  5.33099398e+000 3.35489017e-001 3.35489017e-001  3.35489017e-001
 1.40698756e-001 1.40698756e-001  1.40698756e-001
 -2.32492258e+001 -2.32492258e+001  -2.32492258e+001 -3.65428278e+000 -3.65428278e+000  -3.65428278e+000 -4.02573547e+000 -4.02573547e+000  -4.02573547e+000 5.24984504e+000 5.24984504e+000  5.24984504e+000 -7.86801849e+000 -7.86801849e+000  -7.86801849e+000
 -7.05876576e+000 -7.05876576e+000  -7.05876576e+000 -3.30673164e+000 -3.30673164e+000  -3.30673164e+000 1.22507728e+000 1.22507728e+000  1.22507728e+000 -6.23895413e+000 -6.23895413e+000  -6.23895413e+000 -7.63182526e-002 -7.63182526e-002  -7.63182526e-002
 -2.93639275e+000 -2.93639275e+000  -2.93639275e+000 5.28625157e+000 5.28625157e+000  5.28625157e+000 2.76746842e+000 2.76746842e+000  2.76746842e+000 -3.25616878e+000 -3.25616878e+000  -3.25616878e+000 2.38194723e+000 2.38194723e+000  2.38194723e+000
 -8.82181722e-003 -8.82181722e-003  -8.82181722e-003
 9.37285096e-001 9.37285096e-001  9.37285096e-001 -1.17343355e+000 -1.17343359e+000  -1.17343368e+000 -8.86395252e+000 -8.86395252e+000  -8.86395252e+000 9.07981604e-001 9.07982077e-001  9.07983258e-001 -6.83234544e-002 -6.83225877e-002  -6.83204209e-002
 9.60790620e+000 9.60790620e+000  9.60790619e+000 1.55865486e-001 1.55865711e-001  1.55866271e-001 1.05217086e+000 1.05217084e+000  1.05217082e+000 -2.35915852e+000 -2.35915865e+000  -2.35915897e+000 8.91056487e+000 8.91056487e+000  8.91056488e+000
 7.33714822e-001 7.33714677e-001  7.33714314e-001 9.53673665e-001 9.53673672e-001  9.53673689e-001 7.13657159e+000 7.13657159e+000  7.13657159e+000 -1.53763049e+000 -1.53763051e+000  -1.53763055e+000 -1.34417758e-001 -1.34417748e-001  -1.34417723e-001
 -5.00453574e-001 -5.00453568e-001  -5.00453553e-001
 -4.30410810e-001 -4.30477836e-001  -4.30516234e-001 1.66281637e+000 1.66277216e+000  1.66274627e+000 -2.11876387e+000 -2.11876656e+000  -2.11876811e+000 -4.36454321e-001 -4.36454156e-001  -4.36454058e-001 4.41262064e+000 4.41263056e+000  4.41263635e+000
 -9.33187512e+000 -9.33187514e+000  -9.33187515e+000 -7.11422697e+000 -7.11422697e+000  -7.11422697e+000 -3.73642776e+000 -3.73701837e+000  -3.73736581e+000 2.88989860e+000 2.88987078e+000  2.88985431e+000 -1.11836282e+001 -1.11836261e+001  -1.11836249e+001
 -6.15322777e-001 -6.15324460e-001  -6.15325426e-001 -1.15148285e+001 -1.15148279e+001  -1.15148276e+001 -4.42252013e+000 -4.42252013e+000  -4.42252013e+000 1.32061212e+000 1.32058738e+000  1.32057272e+000 -2.55852905e+000 -2.55852332e+000  -2.55851996e+000
 -6.24659590e-002 -6.24641966e-002  -6.24631489e-002
 2.14886362e+001 2.14886362e+001  2.14886362e+001 -2.17918565e+000 -2.17918565e+000  -2.17918565e+000 3.71343245e+000 3.71343245e+000  3.71343245e+000 -5.91560136e+000 -5.91560136e+000  -5.91560136e+000 -1.15377663e+000 -1.15377663e+000  -1.15377663e+000
 3.65333922e-001 3.65333922e-001  3.65333922e-001 -3.62129654e+000 -3.62129654e+000  -3.62129654e+000 -6.86967124e+000 -6.86967124e+000  -6.86967124e+000 -3.62721575e+000 -3.62721575e+000  -3.62721575e+000 9.14717968e-001 9.14717968e-001  9.14717968e-001
 -1.97930198e+000 -1.97930198e+000  -1.97930198e+000 4.46340202e+000 4.46340202e+000  4.46340202e+000 -5.79194437e+000 -5.79194437e+000  -5.79194437e+000 4.59688887e-001 4.59688887e-001  4.59688887e-001 -2.62449537e-001 -2.62449537e-001  -2.62449537e-001
 -5.65842187e-002 -5.65842187e-002  -5.65842187e-002
 9.89269851e+000 9.89269816e+000  9.89269796e+000 -3.10137038e+000 -3.10137063e+000  -3.10137079e+000 4.45628478e+001 4.45628478e+001  4.45628478e+001 1.55694539e+001 1.55694540e+001  1.55694543e+001 -3.33122389e+001 -3.33122386e+001  -3.33122379e+001
 3.52280667e+000 3.52280667e+000  3.52280667e+000 -7.26205468e+000 -7.26205462e+000  -7.26205445e+000 -3.57300309e+000 -3.57300622e+000  -3.57300807e+000 9.15169747e+000 9.15169729e+000  9.15169710e+000 -2.37875724e+001 -2.37875724e+001  -2.37875724e+001
 -1.71775584e+001 -1.71775584e+001  -1.71775586e+001 1.61255634e+001 1.61255634e+001  1.61255634e+001 -1.80436943e+001 -1.80436943e+001  -1.80436943e+001 -1.71246975e+000 -1.71246989e+000  -1.71246998e+000 4.49265203e+000 4.49265206e+000  4.49265208e+000
 -1.86540122e-002 -1.86540010e-002  -1.86539908e-002
 6.65480377e+000 6.65477930e+000  6.65476583e+000 2.16821279e-001 2.16805092e-001  2.16795871e-001 -7.70188014e-001 -7.70188995e-001  -7.70189542e-001 1.48999031e-001 1.48999296e-001  1.48999843e-001 -8.02778935e-002 -8.02738904e-002  -8.02708962e-002
 -9.01215706e+000 -9.01215707e+000  -9.01215708e+000 -1.25309992e+000 -1.25309983e+000  -1.25309958e+000 -5.72002658e-001 -5.72218765e-001  -5.72342134e-001 1.41088989e-001 1.41078748e-001  1.41072741e-001 -1.40937106e+000 -1.40937030e+000  -1.40936986e+000
 -7.79946100e-001 -7.79946777e-001  -7.79947274e-001 -7.68035439e-002 -7.68033465e-002  -7.68032276e-002 -8.38262711e+000 -8.38262711e+000  -8.38262711e+000 2.15373654e+000 2.15372745e+000  2.15372217e+000 -7.88392911e-001 -7.88390811e-001  -7.88389612e-001
 -2.70091964e-001 -2.70091316e-001  -2.70090936e-001
 -2.01398972e+001 -2.01399427e+001  -2.01399687e+001 -3.04461256e-001 -3.04491209e-001  -3.04508597e-001 1.27309269e+000 1.27309087e+000  1.27308983e+000 -4.79981896e-001 -4.79981449e-001  -4.79980546e-001 -2.29789415e+000 -2.29788682e+000  -2.29788141e+000
 -4.01722243e+000 -4.01722244e+000  -4.01722245e+000 3.32317934e+000 3.32317950e+000  3.32317990e+000 2.28964292e-001 2.28564543e-001  2.28332268e-001 -2.37464598e-001 -2.37483507e-001  -2.37494719e-001 -1.48118700e-001 -1.48117286e-001  -1.48116468e-001
 -1.82594399e+000 -1.82594523e+000  -1.82594614e+000 -4.51106275e-001 -4.51105911e-001  -4.51105689e-001 -1.36490541e-002 -1.36490541e-002  -1.36490541e-002 -2.21061442e+000 -2.21063114e+000  -2.21064088e+000 -1.12379030e-001 -1.12375140e-001  -1.12372872e-001
 -3.75620670e-001 -3.75619473e-001  -3.75618763e-001
 -1.64732748e+001 -1.64733128e+001  -1.64733345e+001 -8.48771111e-001 -8.48796125e-001  -8.48810584e-001 2.35209271e+000 2.35209119e+000  2.35209032e+000 -3.93731337e-001 -3.93730959e-001  -3.93730194e-001 1.07722242e+000 1.07722855e+000  1.07723307e+000
 -5.51617454e+000 -5.51617455e+000  -5.51617456e+000 1.01985881e+001 1.01985882e+001  1.01985885e+001 8.85634255e-001 8.85300453e-001  8.85107389e-001 -2.36922442e-001 -2.36938229e-001  -2.36947544e-001 5.77244973e-002 5.77256784e-002  5.77263570e-002
 6.31061230e+000 6.31061126e+000  6.31061050e+000 4.45911744e-001 4.45912048e-001  4.45912232e-001 3.60111836e+000 3.60111836e+000  3.60111836e+000 -6.98227932e-002 -6.98367458e-002  -6.98448163e-002 1.95536388e+000 1.95536712e+000  1.95536901e+000
 -3.11277704e-001 -3.11276705e-001  -3.11276115e-001
 1.67686519e+001 1.67686519e+001  1.67686519e+001 -5.15843212e+000 -5.15843212e+000  -5.15843212e+000 -2.28760477e+000 -2.28760477e+000  -2.28760477e+000 -2.91129768e+000 -2.91129768e+000  -2.91129768e+000 3.37459859e+000 3.37459859e+000  3.37459859e+000
 -4.45472274e+000 -4.45472274e+000  -4.45472274e+000 2.97099225e+000 2.97099225e+000  2.97099225e+000 -2.48402765e+000 -2.48402765e+000  -2.48402765e+000 -2.83600333e+000 -2.83600333e+000  -2.83600333e+000 -7.28497928e+000 -7.28497928e+000  -7.28497928e+000
 8.09741504e+000 8.09741504e+000  8.09741504e+000 -2.76672683e+000 -2.76672683e+000  -2.76672683e+000 -4.22651275e+000 -4.22651275e+000  -4.22651275e+000 5.73948775e+000 5.73948775e+000  5.73948775e+000 2.68437410e+000 2.68437410e+000  2.68437410e+000
 1.49019599e-002 1.49019599e-002  1.49019599e-002
 5.18250856e+000 5.18250856e+000  5.18250856e+000 1.78280697e+000 1.78280697e+000  1.78280697e+000 -2.10485872e+000 -2.10485872e+000  -2.10485872e+000 -2.42582696e+000 -2.42582696e+000  -2.42582696e+000 4.15797941e+000 4.15797941e+000  4.15797941e+000
 1.80241276e-001 1.80241276e-001  1.80241276e-001 3.78688376e+000 3.78688376e+000  3.78688376e+000 -5.01816804e+000 -5.01816804e+000  -5.01816804e+000 -2.31435302e+000 -2.31435302e+000  -2.31435302e+000 5.99513054e+000 5.99513054e+000  5.99513054e+000
 6.91531300e+000 6.91531300e+000  6.91531300e+000 -2.07150649e+000 -2.07150649e+000  -2.07150649e+000 1.00048230e+001 1.00048230e+001  1.00048230e+001 -1.11795831e+000 -1.11795831e+000  -1.11795831e+000 3.39535802e-001 3.39535802e-001  3.39535802e-001
 -6.01959284e-002 -6.01959284e-002  -6.01959284e-002
 -3.86918108e-001 -3.86918108e-001  -3.86918108e-001 6.72692185e-001 6.72692185e-001  6.72692185e-001 -1.65039415e+000 -1.65039415e+000  -1.65039415e+000 -3.01389994e-001 -3.01389994e-001  -3.01389994e-001 -2.42626775e+000 -2.42626775e+000  -2.42626775e+000
 2.07594357e+000 2.07594357e+000  2.07594357e+000 -8.71622792e+000 -8.71622792e+000  -8.71622792e+000 -1.25912363e+000 -1.25912363e+000  -1.25912363e+000 7.11665265e-001 7.11665265e-001  7.11665265e-001 -3.62610147e-001 -3.62610147e-001  -3.62610147e-001
 -8.67197723e+000 -8.67197723e+000  -8.67197723e+000 -1.01634402e+000 -1.01634402e+000  -1.01634402e+000 -4.78046206e+000 -4.78046206e+000  -4.78046206e+000 -2.30870018e+000 -2.30870018e+000  -2.30870018e+000 -4.12988456e+000 -4.12988456e+000  -4.12988456e+000
 -2.38863002e-001 -2.38863002e-001  -2.38863002e-001
 8.69444754e-002 8.68774494e-002  8.68390511e-002 6.41486643e-001 6.41442399e-001  6.41416415e-001 -1.62538964e+000 -1.62539233e+000  -1.62539388e+000 -2.31842629e-001 -2.31841991e-001  -2.31840711e-001 -2.36939274e+000 -2.36938195e+000  -2.36937399e+000
 2.35898002e+000 2.35898000e+000  2.35897998e+000 -9.12954885e+000 -9.12954863e+000  -9.12954806e+000 -1.32817140e+000 -1.32876203e+000  -1.32910950e+000 7.79332985e-001 7.79305039e-001  7.79288246e-001 -2.96088739e-001 -2.96086647e-001  -2.96085421e-001
 -8.81918287e+000 -8.81918470e+000  -8.81918603e+000 -8.88017417e-001 -8.88016879e-001  -8.88016548e-001 -4.74790289e+000 -4.74790289e+000  -4.74790289e+000 -2.07015874e+000 -2.07018350e+000  -2.07019820e+000 -1.84942169e+000 -1.84941595e+000  -1.84941256e+000
 -3.35346782e-001 -3.35345013e-001  -3.35343950e-001
 -1.37640855e+000 -1.37617818e+000 -1.37604106e+000
 -4.01939460e+000 -4.01911376e+000 -4.01894793e+000
 -5.70514208e+000 -5.70514161e+000 -5.70514133e+000
 5.35955527e+000 5.35955540e+000 5.35955566e+000
 3.86495618e+000 3.86524658e+000 3.86541932e+000
 -7.48519524e-001 -7.48518475e-001 -7.48515889e-001
 2.68737695e+000 2.68737704e+000 2.68737727e+000
 -9.51435302e+000 -9.51426354e+000 -9.51421098e+000
 -6.75189155e+000 -6.75188735e+000 -6.75188483e+000
 2.64732238e+000 2.64761388e+000 2.64778593e+000
 -4.45818833e+000 -4.45818792e+000 -4.45818762e+000
 1.10482767e+001 1.10482767e+001 1.10482768e+001
 -2.49647503e+000 -2.49647503e+000 -2.49647503e+000
 -1.83162014e+000 -1.83160492e+000 -1.83159395e+000
 1.62079190e+000 1.62079548e+000 1.62079760e+000
 4.33022647e-002 4.33512171e-002 4.33806527e-002
