  5.4441e+000 -4.7488e+000  1.3038e+000 -4.2457e+000  2.2803e+000
 -2.2586e+000 -3.6225e+000 -3.9173e+000 -1.4175e-002 -6.9713e+000
  9.1292e+000 -3.9408e-001 -1.5922e-001 -2.3396e+000 -5.1509e-001
  2.0266e+000
 2.28169908e+001 2.28169908e+001  2.28169908e+001 -5.75302911e+000 -5.75302910e+000  -5.75302910e+000 8.49439778e+000 8.49439778e+000  8.49439778e+000 3.21794368e+001 3.21794368e+001  3.21794368e+001 2.34272248e+000 2.34272249e+000  2.34272250e+000
 1.47561843e+000 1.47561843e+000  1.47561843e+000 -1.68622215e+001 -1.68622215e+001  -1.68622215e+001 3.02840239e-001 3.02836644e-001  3.02834016e-001 1.45554044e+001 1.45554046e+001  1.45554047e+001 -4.07144476e+000 -4.07144476e+000  -4.07144476e+000
 -8.98744749e+000 -8.98744749e+000  -8.98744749e+000 -6.59598330e+000 -6.59598330e+000  -6.59598330e+000 -6.24274315e+000 -6.24274314e+000  -6.24274312e+000 -1.44895397e+000 -1.44895398e+000  -1.44895398e+000 -1.69242029e-001 -1.69242029e-001  -1.69242030e-001
 -3.52928861e+000 -3.52928861e+000  -3.52928861e+000 -2.39047940e+001 -2.39047940e+001  -2.39047940e+001 -2.65548360e+000 -2.65548360e+000  -2.65548360e+000 -1.52556763e+001 -1.52556763e+001  -1.52556763e+001 4.89357450e+000 4.89357450e+000  4.89357450e+000
 -2.26026760e+001 -2.26026760e+001  -2.26026760e+001 2.73025287e+000 2.73025287e+000  2.73025287e+000 -1.06714740e+001 -1.06714740e+001  -1.06714740e+001 3.45936885e+000 3.45936885e+000  3.45936885e+000 -1.63232747e+001 -1.63232747e+001  -1.63232747e+001
 -1.25436313e+001 -1.25436313e+001  -1.25436313e+001 1.88447809e+001 1.88447809e+001  1.88447809e+001 -2.81132521e+000 -2.81132521e+000  -2.81132521e+000 -8.26910032e-001 -8.26910032e-001  -8.26910032e-001 -4.11345931e+000 -4.11345931e+000  -4.11345931e+000
 -1.61855642e+001 -1.61855642e+001  -1.61855642e+001 7.46579804e+000 7.46579804e+000  7.46579804e+000 -4.96682895e-001 -4.96682895e-001  -4.96682895e-001 5.29115458e-002 5.29115458e-002  5.29115458e-002 -2.89913007e+000 -2.89913007e+000  -2.89913007e+000
 1.54576411e+001 1.54576411e+001  1.54576411e+001 -1.59449144e+000 -1.59449144e+000  -1.59449144e+000 -5.28252553e+000 -5.28252553e+000  -5.28252553e+000 -9.95627431e+000 -9.95627431e+000  -9.95627431e+000 -8.68484291e+000 -8.68484291e+000  -8.68484291e+000
 3.77601744e+001 3.77601744e+001  3.77601744e+001 3.47564292e+000 3.47564292e+000  3.47564292e+000 -6.81387566e-001 -6.81387566e-001  -6.81387566e-001 4.76511050e-001 4.76511050e-001  4.76511050e-001 1.81281257e+000 1.81281257e+000  1.81281257e+000
 -1.09281046e+001 -1.09281046e+001  -1.09281046e+001 6.83366941e+000 6.83366941e+000  6.83366941e+000 -5.03269265e+000 -5.03269265e+000  -5.03269265e+000 -2.25295477e+001 -2.25295477e+001  -2.25295477e+001 -7.64328594e-001 -7.64328594e-001  -7.64328594e-001
 -1.51152533e+001 -1.51152533e+001  -1.51152533e+001 1.30703055e+001 1.30703055e+001  1.30703055e+001 1.08755091e+001 1.08755091e+001  1.08755091e+001 -2.09333328e+000 -2.09333328e+000  -2.09333328e+000 1.02342597e+001 1.02342597e+001  1.02342597e+001
 9.37785449e+000 9.37785449e+000  9.37785449e+000 -1.00469418e+001 -1.00469418e+001  -1.00469418e+001 2.65622697e+000 2.65622697e+000  2.65622697e+000 -1.25686070e-001 -1.25686070e-001  -1.25686070e-001 -5.63544919e-001 -5.63544919e-001  -5.63544919e-001
 1.50348674e+001 1.50348674e+001  1.50348674e+001 9.08925872e+000 9.08925872e+000  9.08925872e+000 -2.05352861e+000 -2.05352861e+000  -2.05352861e+000 -9.44768700e-001 -9.44768700e-001  -9.44768700e-001 -1.12177861e+000 -1.12177861e+000  -1.12177861e+000
 1.86317364e+001 1.86317364e+001  1.86317364e+001 -3.17652738e+000 -3.17652738e+000  -3.17652738e+000 -2.27596453e+000 -2.27596453e+000  -2.27596453e+000 -1.28652676e+001 -1.28652676e+001  -1.28652676e+001 1.08498460e+001 1.08498460e+001  1.08498460e+001
 -1.58169073e+001 -1.58169073e+001  -1.58169073e+001 -7.26374295e+000 -7.26374295e+000  -7.26374295e+000 8.62370814e+000 8.62370814e+000  8.62370814e+000 -1.55071397e+000 -1.55071397e+000  -1.55071397e+000 2.15469972e+000 2.15469972e+000  2.15469972e+000
 -1.40561714e+001 -1.40561714e+001  -1.40561714e+001 4.03182316e+000 4.03182316e+000  4.03182317e+000 -1.79500487e+001 -1.79500487e+001  -1.79500487e+001 1.93797390e+001 1.93797390e+001  1.93797390e+001 1.19274341e+001 1.19274341e+001  1.19274341e+001
 1.43380851e+001 1.43380851e+001  1.43380851e+001 -1.00996024e+001 -1.00996024e+001  -1.00996024e+001 2.80622449e+001 2.80622413e+001  2.80622387e+001 1.12587890e+000 1.12587907e+000  1.12587921e+000 -2.47212784e+001 -2.47212784e+001  -2.47212784e+001
 1.45564288e+001 1.45564288e+001  1.45564288e+001 -1.06507021e+001 -1.06507021e+001  -1.06507021e+001 -7.95334493e+000 -7.95334492e+000  -7.95334490e+000 -3.22043383e+000 -3.22043384e+000  -3.22043384e+000 -2.10031629e+000 -2.10031629e+000  -2.10031629e+000
 -1.64326315e+001 -1.64326315e+001  -1.64326315e+001 -1.23572260e+001 -1.23572260e+001  -1.23572260e+001 1.19647505e+001 1.19647505e+001  1.19647505e+001 1.30267266e+001 1.30267266e+001  1.30267266e+001 2.54388526e+000 2.54388526e+000  2.54388526e+000
 -5.72015427e-001 -5.72015427e-001  -5.72015427e-001 4.01830410e+000 4.01830410e+000  4.01830410e+000 -9.89240091e+000 -9.89240091e+000  -9.89240091e+000 -1.17422516e+000 -1.17422516e+000  -1.17422516e+000 -1.61952571e+000 -1.61952571e+000  -1.61952571e+000
 2.00347180e+001 2.00347180e+001  2.00347180e+001 5.06143869e+000 5.06143869e+000  5.06143869e+000 2.15264935e+000 2.15264935e+000  2.15264935e+000 7.15456491e-001 7.15456491e-001  7.15456491e-001 -4.09177122e-001 -4.09177122e-001  -4.09177122e-001
 -3.53720514e+000 -3.53720514e+000  -3.53720514e+000 9.69640936e+000 9.69640936e+000  9.69640936e+000 -4.46657321e+000 -4.46657321e+000  -4.46657321e+000 -5.56200825e+000 -5.56200825e+000  -5.56200825e+000 3.62125265e+000 3.62125265e+000  3.62125265e+000
 2.46298422e+000 2.46298422e+000  2.46298422e+000 -2.67717872e+001 -2.67717872e+001  -2.67717872e+001 -1.14311335e+000 -1.14311335e+000  -1.14311335e+000 1.16473077e+001 1.16473077e+001  1.16473077e+001 1.22115486e+001 1.22115486e+001  1.22115486e+001
 1.21116557e+001 1.21116557e+001  1.21116557e+001 5.05142552e+000 5.05142552e+000  5.05142552e+000 8.96385409e+000 8.96385409e+000  8.96385409e+000 -9.67504804e-001 -9.67504804e-001  -9.67504804e-001 5.94724405e-001 5.94724405e-001  5.94724405e-001
 -4.20084385e+000 -4.20084385e+000  -4.20084385e+000 1.02725350e+001 1.02725350e+001  1.02725350e+001 1.41414305e-001 1.41414305e-001  1.41414305e-001 -7.24138619e+000 -7.24138619e+000  -7.24138619e+000 -4.64684549e+000 -4.64684549e+000  -4.64684549e+000
 -4.12507098e+000 -4.12507098e+000  -4.12507098e+000 2.10912172e+001 2.10912172e+001  2.10912172e+001 3.18721465e+000 3.18721465e+000  3.18721465e+000 7.66216740e+000 7.66216740e+000  7.66216740e+000 2.32318584e+000 2.32318584e+000  2.32318584e+000
 -9.42724415e+000 -9.42724415e+000  -9.42724415e+000 1.25701967e+001 1.25701967e+001  1.25701967e+001 -1.76988932e+000 -1.76988932e+000  -1.76988932e+000 2.63330015e-001 2.63330015e-001  2.63330015e-001 1.96045078e+000 1.96045078e+000  1.96045078e+000
 1.19616349e+001 1.19616349e+001  1.19616349e+001 -2.04027319e+001 -2.04027319e+001  -2.04027319e+001 3.58982182e+000 3.58982182e+000  3.58982182e+000 -8.55513741e+000 -8.55513741e+000  -8.55513741e+000 -2.76535719e+000 -2.76535719e+000  -2.76535719e+000
 -3.41147805e+001 -3.41147805e+001  -3.41147805e+001 8.72458083e+000 8.72458083e+000  8.72458083e+000 -1.40728242e+001 -1.40728242e+001  -1.40728242e+001 -9.54840419e+000 -9.54840419e+000  -9.54840419e+000 1.92256240e+001 1.92256240e+001  1.92256240e+001
 -8.90494165e+000 -8.90494165e+000  -8.90494165e+000 -3.16224058e+000 -3.16224058e+000  -3.16224058e+000 -1.87872135e-001 -1.87872135e-001  -1.87872135e-001 -4.68699762e-001 -4.68699762e-001  -4.68699762e-001 -3.20978821e+000 -3.20978821e+000  -3.20978821e+000
 9.47495523e+000 9.47495523e+000  9.47495523e+000 2.44023585e+000 2.44023585e+000  2.44023585e+000 5.50717225e+000 5.50717225e+000  5.50717225e+000 -1.32354759e+001 -1.32354759e+001  -1.32354759e+001 -1.84188733e+000 -1.84188733e+000  -1.84188733e+000
 9.20925573e+000 9.20925573e+000  9.20925573e+000 4.75393931e+000 4.75393931e+000  4.75393931e+000 -1.70591880e+001 -1.70591880e+001  -1.70591880e+001 -1.60032705e+001 -1.60032705e+001  -1.60032705e+001 -1.77687466e+001 -1.77687466e+001  -1.77687466e+001
 -1.96804143e+001 -1.96804143e+001  -1.96804143e+001 9.91660844e+000 9.91660844e+000  9.91660844e+000 -1.84847207e+000 -1.84847207e+000  -1.84847207e+000 9.59599896e-001 9.59599896e-001  9.59599896e-001 7.31452209e-001 7.31452209e-001  7.31452209e-001
 2.43089471e+001 2.43089471e+001  2.43089471e+001 4.30068009e-001 4.30068009e-001  4.30068009e-001 -7.98909049e-002 -7.98909049e-002  -7.98909049e-002 -3.78904050e+000 -3.78904050e+000  -3.78904050e+000 -5.79593501e+000 -5.79593501e+000  -5.79593501e+000
 1.13105213e+001 1.13105213e+001  1.13105213e+001 -6.81699531e+000 -6.81699531e+000  -6.81699531e+000 4.66921634e+000 4.66921634e+000  4.66921634e+000 2.63633662e-001 2.63633662e-001  2.63633662e-001 2.35373563e+000 2.35373563e+000  2.35373563e+000
 1.09984029e+000 1.09984029e+000  1.09984029e+000 -2.03729708e+001 -2.03729708e+001  -2.03729708e+001 2.18755421e+000 2.18755421e+000  2.18755421e+000 -7.57500995e-001 -7.57500995e-001  -7.57500995e-001 1.55392026e+000 1.55392026e+000  1.55392026e+000
 -1.78784553e+001 -1.78784553e+001  -1.78784553e+001 -1.76883256e+000 -1.76883256e+000  -1.76883256e+000 -1.43358579e+001 -1.43358579e+001  -1.43358579e+001 -9.34905004e+000 -9.34905004e+000  -9.34905004e+000 -5.27074798e+000 -5.27074798e+000  -5.27074798e+000
 -2.30131636e+001 -2.30131636e+001  -2.30131636e+001 -2.23684798e+001 -2.23684798e+001  -2.23684798e+001 9.19397776e+000 9.19397776e+000  9.19397776e+000 -1.60991665e+001 -1.60991665e+001  -1.60991665e+001 1.19835097e+001 1.19835097e+001  1.19835097e+001
 -4.98191419e+000 -4.98191419e+000  -4.98191419e+000 -1.23915234e+001 -1.23915234e+001  -1.23915234e+001 -1.66192495e+001 -1.66192495e+001  -1.66192495e+001 6.60839961e-001 6.60839961e-001  6.60839961e-001 1.60881853e-001 1.60881853e-001  1.60881853e-001
 -1.61242690e+001 -1.61242690e+001  -1.61242690e+001 -2.83071981e+000 -2.83071981e+000  -2.83071981e+000 -8.13626805e+000 -8.13626805e+000  -8.13626805e+000 -2.03042419e+001 -2.03042419e+001  -2.03042419e+001 -5.09259263e+000 -5.09259263e+000  -5.09259263e+000
 -7.66280816e-001 -7.66280816e-001  -7.66280816e-001 1.82181663e+001 1.82181663e+001  1.82181663e+001 -1.70385571e+000 -1.70385571e+000  -1.70385571e+000 3.80082350e+000 3.80082350e+000  3.80082350e+000 -5.91657526e+000 -5.91657526e+000  -5.91657526e+000
 -9.79206794e+000 -9.79206794e+000  -9.79206794e+000 8.00577235e+000 8.00577235e+000  8.00577235e+000 -9.41903134e+000 -9.41903134e+000  -9.41903134e+000 -1.75853336e+000 -1.75853336e+000  -1.75853336e+000 -1.16249592e+000 -1.16249592e+000  -1.16249592e+000
 2.49286159e+000 2.49286159e+000  2.49286159e+000 4.19202031e-001 4.19202035e-001  4.19202039e-001 -4.77440866e+000 -4.77440866e+000  -4.77440866e+000 5.94567640e+000 5.94567640e+000  5.94567640e+000 1.61957477e-001 1.61957485e-001  1.61957490e-001
 -2.29616200e+001 -2.29616200e+001  -2.29616200e+001 -2.03657455e+001 -2.03657455e+001  -2.03657455e+001 -2.82711137e+001 -2.82711173e+001  -2.82711199e+001 -5.18425619e+000 -5.18425602e+000  -5.18425588e+000 -1.97943994e+001 -1.97943994e+001  -1.97943994e+001
 8.15167657e+000 8.15167657e+000  8.15167657e+000 -1.12359444e+001 -1.12359444e+001  -1.12359444e+001 1.08627698e+001 1.08627698e+001  1.08627698e+001 -3.55772822e+000 -3.55772822e+000  -3.55772822e+000 -1.83662603e+000 -1.83662603e+000  -1.83662603e+000
 2.12765229e+001 2.12765229e+001  2.12765229e+001 -3.35620668e+000 -3.35620668e+000  -3.35620668e+000 1.17332170e+001 1.17332170e+001  1.17332170e+001 8.49260915e+000 8.49260915e+000  8.49260915e+000 8.07854052e+000 8.07854052e+000  8.07854052e+000
 2.23369707e+001 2.23369707e+001  2.23369707e+001 -2.85794172e+000 -2.85794172e+000  -2.85794172e+000 2.38156735e+001 2.38156735e+001  2.38156735e+001 -4.55919276e+000 -4.55919276e+000  -4.55919276e+000 1.77155180e+001 1.77155180e+001  1.77155180e+001
 1.14304341e+001 1.14304341e+001  1.14304341e+001 1.64392785e+000 1.64392785e+000  1.64392785e+000 1.00740712e-001 1.00740712e-001  1.00740712e-001 1.84050858e+000 1.84050858e+000  1.84050858e+000 2.12038798e+000 2.12038798e+000  2.12038798e+000
 -2.04329950e+001 -2.04329950e+001  -2.04329950e+001 1.07326605e+002 1.07326605e+002  1.07326605e+002 -1.55803818e+001 -1.55803818e+001  -1.55803818e+001 -1.36609263e+001 -1.36609263e+001  -1.36609263e+001 -4.64132165e-001 -4.64132165e-001  -4.64132165e-001
 5.53293083e+001 5.53293083e+001  5.53293083e+001 -5.66169334e+001 -5.66169334e+001  -5.66169334e+001 -2.87447839e+001 -2.87447839e+001  -2.87447839e+001 -1.97729958e+001 -1.97729958e+001  -1.97729958e+001 4.53188448e+001 4.53188448e+001  4.53188448e+001
 1.41309756e+001 1.41309756e+001  1.41309756e+001 3.28224040e+001 3.28224040e+001  3.28224040e+001 -1.42469266e+001 -1.42469266e+001  -1.42469266e+001 -7.32829306e+000 -7.32829306e+000  -7.32829306e+000 -6.49324899e-001 -6.49324899e-001  -6.49324899e-001
 -5.45925128e+000 -5.45925128e+000  -5.45925128e+000 9.05984437e-001 9.05984438e-001  9.05984440e-001 2.29245223e-001 2.29245223e-001  2.29245223e-001 -3.48305133e+001 -3.48305133e+001  -3.48305133e+001 4.62452479e-001 4.62452481e-001  4.62452483e-001
 -5.05462403e-001 -5.05462403e-001  -5.05462403e-001 2.65886863e-001 2.65886863e-001  2.65886863e-001 4.42501152e-001 4.42499877e-001  4.42498824e-001 -7.58457399e+000 -7.58457393e+000  -7.58457387e+000 -3.30636719e+001 -3.30636719e+001  -3.30636719e+001
 7.67253922e+000 7.67253922e+000  7.67253922e+000 1.08926135e+001 1.08926135e+001  1.08926135e+001 -6.07021552e-001 -6.07021548e-001  -6.07021542e-001 2.99231437e-001 2.99231436e-001  2.99231436e-001 1.54838854e+000 1.54838854e+000  1.54838854e+000
 1.44475800e+001 1.44475800e+001  1.44475800e+001 -1.60605440e+000 -1.60605440e+000  -1.60605439e+000 -3.62354691e-001 -3.62354691e-001  -3.62354690e-001 1.65629483e+001 1.65629483e+001  1.65629483e+001 -4.92351323e+000 -4.92351322e+000  -4.92351322e+000
 -4.19930729e+000 -4.19930729e+000  -4.19930729e+000 -1.38986575e-001 -1.38986575e-001  -1.38986574e-001 2.36735380e+000 2.36735137e+000  2.36734964e+000 -2.66903613e+000 -2.66903602e+000  -2.66903592e+000 2.10163645e+001 2.10163645e+001  2.10163645e+001
 -3.23025746e+001 -3.23025746e+001  -3.23025746e+001 -2.45468714e+001 -2.45468714e+001  -2.45468714e+001 8.66490090e+000 8.66490091e+000  8.66490092e+000 2.07874187e+000 2.07874186e+000  2.07874186e+000 -3.79938987e+000 -3.79938987e+000  -3.79938987e+000
 1.43139394e+001 1.43139394e+001  1.43139394e+001 -3.92316536e-001 -3.92316534e-001  -3.92316532e-001 -1.74241501e+000 -1.74241501e+000  -1.74241501e+000 2.60743187e+001 2.60743187e+001  2.60743187e+001 1.98913167e+000 1.98913168e+000  1.98913168e+000
 2.93594454e+000 2.93594454e+000  2.93594454e+000 -1.22792530e-001 -1.22792530e-001  -1.22792530e-001 -1.67800903e+000 -1.67801106e+000  -1.67801249e+000 -4.64078708e+000 -4.64078699e+000  -4.64078691e+000 1.56597790e+001 1.56597790e+001  1.56597790e+001
 -2.50317514e+001 -2.50317514e+001  -2.50317514e+001 -2.89122225e+001 -2.89122225e+001  -2.89122225e+001 1.39387230e+001 1.39387230e+001  1.39387230e+001 2.93219845e+000 2.93219845e+000  2.93219845e+000 -4.78847059e+000 -4.78847059e+000  -4.78847059e+000
 -3.83578508e+000 -3.83578508e+000  -3.83578508e+000 -6.04164365e-001 -6.04164365e-001  -6.04164365e-001 -2.62863278e+000 -2.62863278e+000  -2.62863278e+000 -4.68218175e+000 -4.68218175e+000  -4.68218175e+000 7.23345576e+000 7.23345576e+000  7.23345576e+000
 9.36672306e+000 9.36672306e+000  9.36672306e+000 -2.86588987e+000 -2.86588987e+000  -2.86588987e+000 -1.40483919e+001 -1.40483919e+001  -1.40483919e+001 -9.08424148e+000 -9.08424148e+000  -9.08424148e+000 -9.47313403e+000 -9.47313403e+000  -9.47313403e+000
 1.44780248e+001 1.44780248e+001  1.44780248e+001 2.04816251e+001 2.04816251e+001  2.04816251e+001 5.29255808e+000 5.29255808e+000  5.29255808e+000 5.98697784e-001 5.98697784e-001  5.98697784e-001 -8.24849938e-001 -8.24849938e-001  -8.24849938e-001
 7.71524173e-001 7.71524173e-001  7.71524173e-001 -1.86217527e+000 -1.86217527e+000  -1.86217527e+000 -4.45321274e+000 -4.45321274e+000  -4.45321274e+000 2.13106538e+001 2.13106538e+001  2.13106538e+001 1.01668542e+001 1.01668542e+001  1.01668542e+001
 4.17575508e+000 4.17575508e+000  4.17575508e+000 -3.12466227e+000 -3.12466227e+000  -3.12466227e+000 -4.50947579e-001 -4.50947579e-001  -4.50947579e-001 4.44924930e-001 4.44924930e-001  4.44924930e-001 -1.61525548e+001 -1.61525548e+001  -1.61525548e+001
 2.04169476e+001 2.04169476e+001  2.04169476e+001 -3.48904188e+001 -3.48904188e+001  -3.48904188e+001 5.20682192e+000 5.20682192e+000  5.20682192e+000 -1.45024349e+000 -1.45024349e+000  -1.45024349e+000 -6.67878900e-001 -6.67878900e-001  -6.67878900e-001
 5.46913090e+000 5.46913090e+000  5.46913090e+000 -1.86114523e+000 -1.86114523e+000  -1.86114523e+000 2.77458004e+000 2.77458004e+000  2.77458004e+000 -1.10380198e+001 -1.10380198e+001  -1.10380198e+001 -7.29792173e+000 -7.29792173e+000  -7.29792173e+000
 -7.71334645e+000 -7.71334645e+000  -7.71334645e+000 1.66909358e-001 1.66909358e-001  1.66909358e-001 3.91344439e+000 3.91344439e+000  3.91344439e+000 1.24258403e+000 1.24258403e+000  1.24258403e+000 9.05079143e+000 9.05079143e+000  9.05079143e+000
 -1.27730670e+001 -1.27730670e+001  -1.27730670e+001 6.07915764e+000 6.07915764e+000  6.07915764e+000 -4.85304387e+000 -4.85304387e+000  -4.85304387e+000 -1.30359339e+000 -1.30359339e+000  -1.30359339e+000 8.31439180e-002 8.31439180e-002  8.31439180e-002
 4.89592189e+000 4.89592189e+000  4.89592189e+000 -1.81188307e+000 -1.81188306e+000  -1.81188306e+000 2.73084239e+000 2.73084239e+000  2.73084239e+000 -1.18826917e+001 -1.18826917e+001  -1.18826917e+001 -7.40808588e+000 -7.40808587e+000  -7.40808587e+000
 -7.70098466e+000 -7.70098466e+000  -7.70098466e+000 3.09879182e-001 3.09879182e-001  3.09879182e-001 3.89103668e+000 3.89103308e+000  3.89103045e+000 8.91224641e-001 8.91224805e-001  8.91224952e-001 8.57944081e+000 8.57944081e+000  8.57944081e+000
 -1.23318627e+001 -1.23318627e+001  -1.23318627e+001 6.74339189e+000 6.74339189e+000  6.74339189e+000 -4.10185694e+000 -4.10185692e+000  -4.10185691e+000 -1.32061390e+000 -1.32061390e+000  -1.32061390e+000 5.30850950e-001 5.30850949e-001  5.30850948e-001
 -1.27375126e+000 -1.27375737e+000 -1.27376185e+000
 -2.58301310e+000 -2.58301310e+000 -2.58301310e+000
 -2.62908955e+000 -2.62908955e+000 -2.62908955e+000
 -1.07697620e+000 -1.07698230e+000 -1.07698679e+000
 -1.78849299e+000 -1.78849909e+000 -1.78850357e+000
 1.77587571e+000 1.77587571e+000 1.77587571e+000
 -1.31599746e+000 -1.31599746e+000 -1.31599746e+000
 2.67998642e+000 2.67998230e+000 2.67997927e+000
 -1.77452403e+000 -1.77453004e+000 -1.77453443e+000
 -1.23967513e+000 -1.23967513e+000 -1.23967513e+000
 -1.45331535e+000 -1.45331535e+000 -1.45331535e+000
 -9.40776230e-001 -9.40776230e-001 -9.40776231e-001
 -6.85170499e-001 -6.85176585e-001 -6.85181044e-001
 2.69629741e+000 2.69629741e+000 2.69629741e+000
 8.95904119e-001 8.95904118e-001 8.95904117e-001
