 Normalized SSE per output and pattern 
Itr 	 HN 	 MARE-tr 	 MARE-ts 	 R2tr 	 R2ts 	 SSENtr 	 SSENts	 SSENcomb
100 	 13 	       71.752 	       70.823 	   0.84888 	   0.73738 	    0.006242 	     0.010417 	     0.016660 
200 	 13 	       71.397 	       68.941 	   0.87716 	   0.77280 	    0.004953 	     0.008873 	     0.013826 
300 	 13 	       69.342 	       60.654 	   0.90420 	   0.82241 	    0.004113 	     0.007136 	     0.011249 
400 	 13 	       66.919 	       53.845 	   0.92392 	   0.84002 	    0.003479 	     0.006514 	     0.009993 
500 	 13 	       66.193 	       55.216 	   0.93133 	   0.84267 	    0.003330 	     0.006517 	     0.009847 
600 	 13 	       65.864 	       56.346 	   0.93490 	   0.84266 	    0.003216 	     0.006536 	     0.009752 
700 	 13 	       65.057 	       57.739 	   0.93800 	   0.84223 	    0.003098 	     0.006561 	     0.009659 
800 	 13 	       64.042 	       59.782 	   0.94111 	   0.84162 	    0.002968 	     0.006590 	     0.009558 
900 	 13 	       62.534 	       62.412 	   0.94420 	   0.84058 	    0.002828 	     0.006629 	     0.009457 
1000 	 13 	       64.661 	       66.652 	   0.94687 	   0.83566 	    0.002893 	     0.006909 	     0.009802 
1100 	 13 	       64.919 	       67.969 	   0.95079 	   0.83125 	    0.002514 	     0.006881 	     0.009394 
1200 	 13 	       63.537 	       67.704 	   0.95248 	   0.83173 	    0.002416 	     0.006830 	     0.009246 
1300 	 13 	       62.305 	       67.531 	   0.95390 	   0.83138 	    0.002334 	     0.006816 	     0.009151 
1400 	 13 	       61.169 	       67.428 	   0.95516 	   0.83038 	    0.002262 	     0.006831 	     0.009093 
1500 	 13 	       60.233 	       67.373 	   0.95632 	   0.82890 	    0.002197 	     0.006866 	     0.009063 
1600 	 13 	       59.395 	       67.538 	   0.95739 	   0.82708 	    0.002137 	     0.006916 	     0.009053 
1700 	 13 	       58.664 	       67.738 	   0.95837 	   0.82500 	    0.002082 	     0.006977 	     0.009059 
1800 	 13 	       58.081 	       67.975 	   0.95928 	   0.82276 	    0.002031 	     0.007045 	     0.009076 
1900 	 13 	       57.578 	       68.209 	   0.96013 	   0.82043 	    0.001984 	     0.007117 	     0.009101 
2000 	 13 	       55.683 	       67.479 	   0.96143 	   0.81915 	    0.001808 	     0.007097 	     0.008905 
2100 	 13 	       55.681 	       67.877 	   0.96242 	   0.81512 	    0.001714 	     0.007216 	     0.008930 
2200 	 13 	       55.344 	       67.892 	   0.96302 	   0.81412 	    0.001677 	     0.007246 	     0.008923 
2300 	 13 	       55.042 	       67.964 	   0.96355 	   0.81310 	    0.001647 	     0.007278 	     0.008925 
2400 	 13 	       54.767 	       68.088 	   0.96404 	   0.81209 	    0.001619 	     0.007312 	     0.008931 
2500 	 13 	       54.519 	       68.226 	   0.96448 	   0.81110 	    0.001594 	     0.007345 	     0.008939 
2600 	 13 	       54.284 	       68.359 	   0.96490 	   0.81015 	    0.001571 	     0.007377 	     0.008948 
2700 	 13 	       54.060 	       68.493 	   0.96529 	   0.80928 	    0.001550 	     0.007407 	     0.008956 
2800 	 13 	       53.846 	       68.635 	   0.96566 	   0.80847 	    0.001529 	     0.007434 	     0.008963 
2900 	 13 	       53.637 	       68.785 	   0.96602 	   0.80775 	    0.001510 	     0.007459 	     0.008969 
3000 	 13 	       52.353 	       68.265 	   0.96661 	   0.80784 	    0.001431 	     0.007462 	     0.008893 
3100 	 13 	       52.291 	       68.496 	   0.96701 	   0.80611 	    0.001402 	     0.007527 	     0.008930 
3200 	 13 	       52.171 	       68.552 	   0.96729 	   0.80583 	    0.001388 	     0.007539 	     0.008927 
3300 	 13 	       52.054 	       68.603 	   0.96755 	   0.80562 	    0.001375 	     0.007547 	     0.008922 
3400 	 13 	       51.947 	       68.653 	   0.96780 	   0.80545 	    0.001363 	     0.007555 	     0.008918 
3500 	 13 	       51.856 	       68.702 	   0.96804 	   0.80530 	    0.001351 	     0.007561 	     0.008912 
3600 	 13 	       51.766 	       68.752 	   0.96827 	   0.80518 	    0.001340 	     0.007566 	     0.008907 
3700 	 13 	       51.674 	       68.803 	   0.96850 	   0.80507 	    0.001329 	     0.007571 	     0.008901 
3800 	 13 	       51.579 	       68.855 	   0.96872 	   0.80499 	    0.001319 	     0.007575 	     0.008894 
3900 	 13 	       51.481 	       68.908 	   0.96894 	   0.80491 	    0.001309 	     0.007579 	     0.008887 
4000 	 13 	       50.801 	       68.540 	   0.96926 	   0.80528 	    0.001274 	     0.007588 	     0.008862 
4100 	 13 	       50.735 	       68.642 	   0.96950 	   0.80462 	    0.001261 	     0.007616 	     0.008877 
4200 	 13 	       50.670 	       68.703 	   0.96968 	   0.80458 	    0.001253 	     0.007618 	     0.008871 
4300 	 13 	       50.599 	       68.782 	   0.96986 	   0.80459 	    0.001245 	     0.007619 	     0.008864 
4400 	 13 	       50.530 	       68.861 	   0.97003 	   0.80461 	    0.001238 	     0.007619 	     0.008856 
4500 	 13 	       50.467 	       68.940 	   0.97020 	   0.80463 	    0.001230 	     0.007619 	     0.008849 
4600 	 13 	       50.410 	       69.019 	   0.97037 	   0.80465 	    0.001223 	     0.007619 	     0.008842 
4700 	 13 	       50.353 	       69.099 	   0.97053 	   0.80466 	    0.001216 	     0.007620 	     0.008836 
4800 	 13 	       50.302 	       69.180 	   0.97069 	   0.80466 	    0.001209 	     0.007620 	     0.008829 
4900 	 13 	       50.253 	       69.262 	   0.97085 	   0.80466 	    0.001202 	     0.007621 	     0.008823 
5000 	 13 	       49.874 	       69.083 	   0.97107 	   0.80492 	    0.001184 	     0.007632 	     0.008816 
5100 	 13 	       49.823 	       69.172 	   0.97123 	   0.80457 	    0.001176 	     0.007646 	     0.008822 
5200 	 13 	       49.781 	       69.243 	   0.97137 	   0.80453 	    0.001170 	     0.007649 	     0.008819 
5300 	 13 	       49.736 	       69.314 	   0.97150 	   0.80451 	    0.001164 	     0.007650 	     0.008814 
5400 	 13 	       49.689 	       69.384 	   0.97164 	   0.80449 	    0.001159 	     0.007651 	     0.008810 
5500 	 13 	       49.640 	       69.455 	   0.97176 	   0.80447 	    0.001154 	     0.007652 	     0.008806 
5600 	 13 	       49.590 	       69.527 	   0.97189 	   0.80444 	    0.001148 	     0.007653 	     0.008802 
5700 	 13 	       49.538 	       69.599 	   0.97202 	   0.80441 	    0.001143 	     0.007655 	     0.008798 
5800 	 13 	       49.484 	       69.671 	   0.97214 	   0.80437 	    0.001138 	     0.007657 	     0.008794 
5900 	 13 	       49.429 	       69.744 	   0.97227 	   0.80433 	    0.001133 	     0.007659 	     0.008791 
6000 	 13 	       49.166 	       69.649 	   0.97242 	   0.80445 	    0.001122 	     0.007670 	     0.008792 
6100 	 13 	       49.108 	       69.716 	   0.97254 	   0.80420 	    0.001116 	     0.007680 	     0.008796 
6200 	 13 	       49.060 	       69.780 	   0.97265 	   0.80412 	    0.001112 	     0.007683 	     0.008795 
6300 	 13 	       49.009 	       69.845 	   0.97276 	   0.80405 	    0.001108 	     0.007685 	     0.008793 
6400 	 13 	       48.958 	       69.910 	   0.97286 	   0.80399 	    0.001103 	     0.007688 	     0.008791 
6500 	 13 	       48.905 	       69.976 	   0.97296 	   0.80393 	    0.001099 	     0.007690 	     0.008789 
6600 	 13 	       48.851 	       70.041 	   0.97306 	   0.80386 	    0.001095 	     0.007693 	     0.008788 
6700 	 13 	       48.796 	       70.107 	   0.97316 	   0.80380 	    0.001091 	     0.007695 	     0.008786 
6800 	 13 	       48.741 	       70.172 	   0.97326 	   0.80373 	    0.001087 	     0.007698 	     0.008785 
6900 	 13 	       48.684 	       70.238 	   0.97335 	   0.80365 	    0.001083 	     0.007700 	     0.008784 
7000 	 13 	       48.485 	       70.185 	   0.97347 	   0.80370 	    0.001076 	     0.007710 	     0.008786 
7100 	 13 	       48.428 	       70.240 	   0.97356 	   0.80350 	    0.001072 	     0.007718 	     0.008790 
7200 	 13 	       48.379 	       70.297 	   0.97365 	   0.80340 	    0.001069 	     0.007722 	     0.008790 
7300 	 13 	       48.330 	       70.353 	   0.97373 	   0.80332 	    0.001065 	     0.007725 	     0.008790 
7400 	 13 	       48.279 	       70.410 	   0.97381 	   0.80324 	    0.001062 	     0.007727 	     0.008789 
7500 	 13 	       48.228 	       70.467 	   0.97389 	   0.80316 	    0.001059 	     0.007730 	     0.008789 
7600 	 13 	       48.177 	       70.523 	   0.97397 	   0.80308 	    0.001055 	     0.007733 	     0.008788 
7700 	 13 	       48.126 	       70.580 	   0.97405 	   0.80301 	    0.001052 	     0.007736 	     0.008788 
7800 	 13 	       48.075 	       70.636 	   0.97413 	   0.80293 	    0.001049 	     0.007739 	     0.008788 
7900 	 13 	       48.024 	       70.692 	   0.97420 	   0.80285 	    0.001046 	     0.007741 	     0.008787 
8000 	 13 	       47.875 	       70.660 	   0.97429 	   0.80286 	    0.001041 	     0.007750 	     0.008791 
8100 	 13 	       47.825 	       70.705 	   0.97437 	   0.80269 	    0.001038 	     0.007756 	     0.008794 
8200 	 13 	       47.782 	       70.754 	   0.97444 	   0.80260 	    0.001035 	     0.007760 	     0.008795 
8300 	 13 	       47.739 	       70.803 	   0.97450 	   0.80251 	    0.001032 	     0.007763 	     0.008795 
8400 	 13 	       47.695 	       70.852 	   0.97457 	   0.80243 	    0.001030 	     0.007765 	     0.008795 
8500 	 13 	       47.651 	       70.901 	   0.97463 	   0.80235 	    0.001027 	     0.007768 	     0.008795 
8600 	 13 	       47.608 	       70.950 	   0.97470 	   0.80228 	    0.001024 	     0.007771 	     0.008795 
8700 	 13 	       47.564 	       70.999 	   0.97476 	   0.80220 	    0.001022 	     0.007773 	     0.008795 
8800 	 13 	       47.520 	       71.047 	   0.97482 	   0.80213 	    0.001019 	     0.007776 	     0.008796 
8900 	 13 	       47.475 	       71.095 	   0.97489 	   0.80205 	    0.001017 	     0.007779 	     0.008796 
9000 	 13 	       47.360 	       71.078 	   0.97496 	   0.80204 	    0.001013 	     0.007786 	     0.008799 
9100 	 13 	       47.314 	       71.117 	   0.97502 	   0.80191 	    0.001010 	     0.007791 	     0.008802 
9200 	 13 	       47.275 	       71.159 	   0.97508 	   0.80181 	    0.001008 	     0.007794 	     0.008803 
9300 	 13 	       47.235 	       71.201 	   0.97513 	   0.80174 	    0.001006 	     0.007797 	     0.008803 
9400 	 13 	       47.196 	       71.243 	   0.97519 	   0.80166 	    0.001004 	     0.007800 	     0.008804 
9500 	 13 	       47.156 	       71.285 	   0.97524 	   0.80159 	    0.001002 	     0.007802 	     0.008804 
9600 	 13 	       47.117 	       71.326 	   0.97529 	   0.80152 	    0.001000 	     0.007805 	     0.008805 
9700 	 13 	       47.078 	       71.367 	   0.97535 	   0.80144 	    0.000997 	     0.007808 	     0.008805 
9800 	 13 	       47.038 	       71.408 	   0.97540 	   0.80137 	    0.000995 	     0.007810 	     0.008805 
9900 	 13 	       46.999 	       71.448 	   0.97545 	   0.80130 	    0.000993 	     0.007813 	     0.008806 
10000 	 13 	       46.905 	       71.391 	   0.97551 	   0.80129 	    0.000990 	     0.007818 	     0.008809 
10100 	 13 	       46.864 	       71.363 	   0.97556 	   0.80117 	    0.000988 	     0.007823 	     0.008811 
10200 	 13 	       46.829 	       71.334 	   0.97561 	   0.80109 	    0.000986 	     0.007826 	     0.008812 
10300 	 13 	       46.794 	       71.304 	   0.97565 	   0.80102 	    0.000984 	     0.007829 	     0.008813 
10400 	 13 	       46.758 	       71.273 	   0.97570 	   0.80095 	    0.000983 	     0.007831 	     0.008814 
10500 	 13 	       46.723 	       71.243 	   0.97574 	   0.80088 	    0.000981 	     0.007833 	     0.008814 
10600 	 13 	       46.688 	       71.213 	   0.97579 	   0.80081 	    0.000979 	     0.007836 	     0.008815 
10700 	 13 	       46.653 	       71.188 	   0.97583 	   0.80075 	    0.000977 	     0.007838 	     0.008815 
10800 	 13 	       46.619 	       71.167 	   0.97588 	   0.80068 	    0.000975 	     0.007840 	     0.008816 
10900 	 13 	       46.584 	       71.147 	   0.97592 	   0.80062 	    0.000974 	     0.007843 	     0.008816 
11000 	 13 	       46.506 	       71.073 	   0.97597 	   0.80060 	    0.000971 	     0.007848 	     0.008819 
11100 	 13 	       46.469 	       71.057 	   0.97601 	   0.80050 	    0.000969 	     0.007852 	     0.008821 
11200 	 13 	       46.438 	       71.044 	   0.97606 	   0.80042 	    0.000968 	     0.007854 	     0.008822 
11300 	 13 	       46.407 	       71.030 	   0.97609 	   0.80036 	    0.000966 	     0.007857 	     0.008823 
11400 	 13 	       46.376 	       71.016 	   0.97613 	   0.80030 	    0.000965 	     0.007859 	     0.008824 
11500 	 13 	       46.345 	       71.002 	   0.97617 	   0.80023 	    0.000963 	     0.007861 	     0.008824 
11600 	 13 	       46.315 	       70.989 	   0.97621 	   0.80017 	    0.000962 	     0.007864 	     0.008825 
11700 	 13 	       46.288 	       70.975 	   0.97625 	   0.80012 	    0.000960 	     0.007866 	     0.008826 
11800 	 13 	       46.261 	       70.963 	   0.97629 	   0.80006 	    0.000958 	     0.007868 	     0.008826 
11900 	 13 	       46.235 	       70.952 	   0.97633 	   0.80000 	    0.000957 	     0.007870 	     0.008827 
12000 	 13 	       46.175 	       70.892 	   0.97637 	   0.79998 	    0.000955 	     0.007874 	     0.008829 
12100 	 13 	       46.146 	       70.883 	   0.97641 	   0.79989 	    0.000953 	     0.007878 	     0.008831 
12200 	 13 	       46.122 	       70.876 	   0.97644 	   0.79982 	    0.000952 	     0.007880 	     0.008832 
12300 	 13 	       46.098 	       70.868 	   0.97648 	   0.79976 	    0.000951 	     0.007882 	     0.008833 
12400 	 13 	       46.074 	       70.860 	   0.97651 	   0.79971 	    0.000949 	     0.007884 	     0.008834 
12500 	 13 	       46.050 	       70.852 	   0.97654 	   0.79965 	    0.000948 	     0.007887 	     0.008834 
12600 	 13 	       46.026 	       70.844 	   0.97658 	   0.79960 	    0.000947 	     0.007889 	     0.008835 
12700 	 13 	       46.004 	       70.836 	   0.97661 	   0.79954 	    0.000945 	     0.007891 	     0.008836 
12800 	 13 	       45.982 	       70.829 	   0.97664 	   0.79949 	    0.000944 	     0.007892 	     0.008836 
12900 	 13 	       45.960 	       70.821 	   0.97668 	   0.79944 	    0.000943 	     0.007894 	     0.008837 
13000 	 13 	       45.912 	       70.775 	   0.97672 	   0.79941 	    0.000941 	     0.007898 	     0.008839 
13100 	 13 	       45.887 	       70.767 	   0.97675 	   0.79934 	    0.000939 	     0.007901 	     0.008841 
13200 	 13 	       45.867 	       70.766 	   0.97678 	   0.79928 	    0.000938 	     0.007903 	     0.008842 
13300 	 13 	       45.847 	       70.763 	   0.97681 	   0.79922 	    0.000937 	     0.007906 	     0.008843 
13400 	 13 	       45.827 	       70.760 	   0.97684 	   0.79917 	    0.000936 	     0.007907 	     0.008843 
13500 	 13 	       45.808 	       70.758 	   0.97687 	   0.79912 	    0.000935 	     0.007909 	     0.008844 
13600 	 13 	       45.788 	       70.755 	   0.97690 	   0.79907 	    0.000933 	     0.007911 	     0.008845 
13700 	 13 	       45.769 	       70.752 	   0.97693 	   0.79902 	    0.000932 	     0.007913 	     0.008845 
13800 	 13 	       45.750 	       70.750 	   0.97696 	   0.79898 	    0.000931 	     0.007915 	     0.008846 
13900 	 13 	       45.731 	       70.748 	   0.97699 	   0.79893 	    0.000930 	     0.007917 	     0.008846 
14000 	 13 	       45.689 	       70.714 	   0.97702 	   0.79890 	    0.000928 	     0.007920 	     0.008848 
14100 	 13 	       45.667 	       70.710 	   0.97705 	   0.79884 	    0.000927 	     0.007923 	     0.008850 
14200 	 13 	       45.649 	       70.710 	   0.97708 	   0.79879 	    0.000926 	     0.007925 	     0.008851 
14300 	 13 	       45.632 	       70.710 	   0.97711 	   0.79874 	    0.000925 	     0.007927 	     0.008852 
14400 	 13 	       45.614 	       70.709 	   0.97713 	   0.79869 	    0.000924 	     0.007928 	     0.008852 
14500 	 13 	       45.597 	       70.709 	   0.97716 	   0.79864 	    0.000923 	     0.007930 	     0.008853 
14600 	 13 	       45.581 	       70.709 	   0.97719 	   0.79860 	    0.000922 	     0.007932 	     0.008854 
14700 	 13 	       45.565 	       70.709 	   0.97721 	   0.79855 	    0.000921 	     0.007933 	     0.008854 
14800 	 13 	       45.549 	       70.709 	   0.97724 	   0.79851 	    0.000920 	     0.007935 	     0.008855 
14900 	 13 	       45.532 	       70.710 	   0.97727 	   0.79847 	    0.000919 	     0.007937 	     0.008855 
15000 	 13 	       45.497 	       70.684 	   0.97730 	   0.79845 	    0.000917 	     0.007940 	     0.008857 
15100 	 13 	       45.478 	       70.682 	   0.97732 	   0.79839 	    0.000916 	     0.007942 	     0.008858 
15200 	 13 	       45.463 	       70.684 	   0.97735 	   0.79834 	    0.000915 	     0.007944 	     0.008859 
15300 	 13 	       45.448 	       70.686 	   0.97737 	   0.79829 	    0.000914 	     0.007946 	     0.008860 
15400 	 13 	       45.432 	       70.688 	   0.97740 	   0.79825 	    0.000913 	     0.007947 	     0.008861 
15500 	 13 	       45.417 	       70.689 	   0.97742 	   0.79821 	    0.000912 	     0.007949 	     0.008861 
15600 	 13 	       45.402 	       70.690 	   0.97745 	   0.79817 	    0.000911 	     0.007951 	     0.008862 
15700 	 13 	       45.387 	       70.692 	   0.97747 	   0.79813 	    0.000910 	     0.007952 	     0.008862 
15800 	 13 	       45.373 	       70.693 	   0.97749 	   0.79809 	    0.000909 	     0.007954 	     0.008863 
15900 	 13 	       45.358 	       70.695 	   0.97752 	   0.79805 	    0.000908 	     0.007955 	     0.008864 
16000 	 13 	       45.327 	       70.675 	   0.97754 	   0.79803 	    0.000907 	     0.007958 	     0.008865 
16100 	 13 	       45.309 	       70.673 	   0.97757 	   0.79798 	    0.000906 	     0.007960 	     0.008866 
16200 	 13 	       45.295 	       70.676 	   0.97759 	   0.79793 	    0.000905 	     0.007962 	     0.008867 
16300 	 13 	       45.281 	       70.680 	   0.97761 	   0.79789 	    0.000904 	     0.007963 	     0.008868 
16400 	 13 	       45.267 	       70.687 	   0.97764 	   0.79785 	    0.000904 	     0.007965 	     0.008868 
16500 	 13 	       45.253 	       70.693 	   0.97766 	   0.79782 	    0.000903 	     0.007966 	     0.008869 
16600 	 13 	       45.239 	       70.700 	   0.97768 	   0.79778 	    0.000902 	     0.007968 	     0.008869 
16700 	 13 	       45.226 	       70.707 	   0.97770 	   0.79774 	    0.000901 	     0.007969 	     0.008870 
16800 	 13 	       45.212 	       70.714 	   0.97772 	   0.79771 	    0.000900 	     0.007971 	     0.008871 
16900 	 13 	       45.198 	       70.720 	   0.97775 	   0.79767 	    0.000899 	     0.007972 	     0.008871 
17000 	 13 	       45.171 	       70.709 	   0.97777 	   0.79765 	    0.000898 	     0.007974 	     0.008872 
17100 	 13 	       45.154 	       70.713 	   0.97779 	   0.79761 	    0.000897 	     0.007976 	     0.008874 
17200 	 13 	       45.141 	       70.721 	   0.97781 	   0.79757 	    0.000896 	     0.007978 	     0.008874 
17300 	 13 	       45.128 	       70.728 	   0.97783 	   0.79753 	    0.000896 	     0.007979 	     0.008875 
17400 	 13 	       45.115 	       70.735 	   0.97785 	   0.79749 	    0.000895 	     0.007981 	     0.008875 
17500 	 13 	       45.102 	       70.742 	   0.97787 	   0.79746 	    0.000894 	     0.007982 	     0.008876 
17600 	 13 	       45.089 	       70.749 	   0.97790 	   0.79742 	    0.000893 	     0.007983 	     0.008877 
17700 	 13 	       45.076 	       70.756 	   0.97792 	   0.79739 	    0.000892 	     0.007985 	     0.008877 
17800 	 13 	       45.063 	       70.763 	   0.97794 	   0.79736 	    0.000891 	     0.007986 	     0.008878 
17900 	 13 	       45.051 	       70.770 	   0.97796 	   0.79733 	    0.000891 	     0.007987 	     0.008878 
18000 	 13 	       45.026 	       70.762 	   0.97798 	   0.79731 	    0.000890 	     0.007989 	     0.008879 
18100 	 13 	       45.010 	       70.766 	   0.97800 	   0.79727 	    0.000889 	     0.007991 	     0.008880 
18200 	 13 	       44.998 	       70.774 	   0.97802 	   0.79723 	    0.000888 	     0.007993 	     0.008881 
18300 	 13 	       44.986 	       70.781 	   0.97804 	   0.79720 	    0.000887 	     0.007994 	     0.008881 
18400 	 13 	       44.974 	       70.788 	   0.97806 	   0.79716 	    0.000887 	     0.007995 	     0.008882 
18500 	 13 	       44.962 	       70.795 	   0.97807 	   0.79713 	    0.000886 	     0.007997 	     0.008882 
18600 	 13 	       44.950 	       70.803 	   0.97809 	   0.79710 	    0.000885 	     0.007998 	     0.008883 
18700 	 13 	       44.938 	       70.810 	   0.97811 	   0.79707 	    0.000884 	     0.007999 	     0.008883 
18800 	 13 	       44.925 	       70.817 	   0.97813 	   0.79704 	    0.000884 	     0.008000 	     0.008884 
18900 	 13 	       44.913 	       70.824 	   0.97815 	   0.79701 	    0.000883 	     0.008002 	     0.008884 
19000 	 13 	       44.891 	       70.817 	   0.97817 	   0.79699 	    0.000882 	     0.008003 	     0.008885 
19100 	 13 	       44.877 	       70.821 	   0.97819 	   0.79696 	    0.000881 	     0.008005 	     0.008886 
19200 	 13 	       44.866 	       70.829 	   0.97821 	   0.79692 	    0.000881 	     0.008006 	     0.008887 
19300 	 13 	       44.855 	       70.836 	   0.97822 	   0.79689 	    0.000880 	     0.008008 	     0.008887 
19400 	 13 	       44.845 	       70.843 	   0.97824 	   0.79686 	    0.000879 	     0.008009 	     0.008888 
19500 	 13 	       44.834 	       70.851 	   0.97826 	   0.79683 	    0.000878 	     0.008010 	     0.008888 
19600 	 13 	       44.823 	       70.858 	   0.97828 	   0.79681 	    0.000878 	     0.008011 	     0.008889 
19700 	 13 	       44.812 	       70.865 	   0.97829 	   0.79678 	    0.000877 	     0.008012 	     0.008889 
19800 	 13 	       44.802 	       70.872 	   0.97831 	   0.79675 	    0.000876 	     0.008013 	     0.008890 
19900 	 13 	       44.791 	       70.879 	   0.97833 	   0.79672 	    0.000876 	     0.008015 	     0.008890 
20000 	 13 	       44.771 	       70.874 	   0.97835 	   0.79671 	    0.000875 	     0.008016 	     0.008891 
100 	 14 	       45.926 	       68.630 	   0.97203 	   0.80676 	    0.001296 	     0.007584 	     0.008880 
200 	 14 	       46.144 	       69.039 	   0.97165 	   0.80051 	    0.001314 	     0.007839 	     0.009153 
300 	 14 	       46.480 	       70.043 	   0.97174 	   0.79618 	    0.001318 	     0.008008 	     0.009326 
400 	 14 	       46.754 	       71.199 	   0.97204 	   0.79380 	    0.001315 	     0.008095 	     0.009410 
500 	 14 	       46.982 	       72.304 	   0.97236 	   0.79272 	    0.001312 	     0.008129 	     0.009441 
600 	 14 	       47.165 	       73.353 	   0.97263 	   0.79231 	    0.001311 	     0.008136 	     0.009447 
700 	 14 	       47.289 	       73.994 	   0.97285 	   0.79216 	    0.001315 	     0.008133 	     0.009448 
800 	 14 	       47.386 	       74.039 	   0.97301 	   0.79201 	    0.001323 	     0.008130 	     0.009453 
900 	 14 	       47.491 	       74.056 	   0.97313 	   0.79175 	    0.001335 	     0.008132 	     0.009467 
1000 	 14 	       49.166 	       76.000 	   0.97309 	   0.78739 	    0.001499 	     0.008310 	     0.009809 
1100 	 14 	       49.055 	       77.073 	   0.97547 	   0.77925 	    0.001261 	     0.008562 	     0.009823 
1200 	 14 	       48.509 	       76.478 	   0.97631 	   0.78192 	    0.001187 	     0.008447 	     0.009634 
1300 	 14 	       48.108 	       75.814 	   0.97686 	   0.78437 	    0.001143 	     0.008350 	     0.009494 
1400 	 14 	       47.777 	       75.185 	   0.97727 	   0.78638 	    0.001114 	     0.008274 	     0.009387 
1500 	 14 	       47.495 	       74.627 	   0.97760 	   0.78800 	    0.001091 	     0.008212 	     0.009304 
1600 	 14 	       47.245 	       74.131 	   0.97788 	   0.78932 	    0.001073 	     0.008163 	     0.009236 
1700 	 14 	       47.015 	       73.686 	   0.97813 	   0.79038 	    0.001057 	     0.008124 	     0.009181 
1800 	 14 	       46.803 	       73.283 	   0.97836 	   0.79123 	    0.001043 	     0.008093 	     0.009136 
1900 	 14 	       46.605 	       72.913 	   0.97858 	   0.79191 	    0.001030 	     0.008068 	     0.009098 
2000 	 14 	       45.456 	       71.974 	   0.97917 	   0.79317 	    0.000940 	     0.008051 	     0.008991 
2100 	 14 	       45.019 	       71.984 	   0.97983 	   0.79021 	    0.000882 	     0.008182 	     0.009064 
2200 	 14 	       44.762 	       71.637 	   0.98019 	   0.79071 	    0.000859 	     0.008171 	     0.009030 
2300 	 14 	       44.565 	       71.302 	   0.98047 	   0.79144 	    0.000843 	     0.008148 	     0.008991 
2400 	 14 	       44.396 	       70.991 	   0.98072 	   0.79216 	    0.000830 	     0.008124 	     0.008954 
2500 	 14 	       44.240 	       70.707 	   0.98093 	   0.79280 	    0.000819 	     0.008103 	     0.008922 
2600 	 14 	       44.093 	       70.476 	   0.98113 	   0.79337 	    0.000809 	     0.008084 	     0.008893 
2700 	 14 	       43.951 	       70.267 	   0.98132 	   0.79385 	    0.000800 	     0.008067 	     0.008867 
2800 	 14 	       43.813 	       70.074 	   0.98149 	   0.79427 	    0.000791 	     0.008053 	     0.008844 
2900 	 14 	       43.677 	       69.895 	   0.98166 	   0.79463 	    0.000783 	     0.008041 	     0.008825 
3000 	 14 	       42.931 	       69.327 	   0.98201 	   0.79559 	    0.000747 	     0.008048 	     0.008795 
3100 	 14 	       42.788 	       69.374 	   0.98232 	   0.79420 	    0.000730 	     0.008108 	     0.008839 
3200 	 14 	       42.683 	       69.260 	   0.98250 	   0.79430 	    0.000722 	     0.008107 	     0.008829 
3300 	 14 	       42.588 	       69.149 	   0.98266 	   0.79457 	    0.000715 	     0.008098 	     0.008814 
3400 	 14 	       42.504 	       69.044 	   0.98280 	   0.79486 	    0.000709 	     0.008088 	     0.008797 
3500 	 14 	       42.423 	       68.946 	   0.98292 	   0.79514 	    0.000704 	     0.008078 	     0.008782 
3600 	 14 	       42.343 	       68.855 	   0.98304 	   0.79539 	    0.000699 	     0.008069 	     0.008768 
3700 	 14 	       42.263 	       68.771 	   0.98315 	   0.79561 	    0.000694 	     0.008061 	     0.008755 
3800 	 14 	       42.183 	       68.693 	   0.98326 	   0.79579 	    0.000689 	     0.008055 	     0.008744 
3900 	 14 	       42.106 	       68.619 	   0.98336 	   0.79594 	    0.000685 	     0.008050 	     0.008735 
4000 	 14 	       41.717 	       68.314 	   0.98354 	   0.79647 	    0.000671 	     0.008058 	     0.008729 
4100 	 14 	       41.636 	       68.367 	   0.98370 	   0.79576 	    0.000664 	     0.008087 	     0.008751 
4200 	 14 	       41.574 	       68.319 	   0.98379 	   0.79574 	    0.000660 	     0.008088 	     0.008748 
4300 	 14 	       41.515 	       68.267 	   0.98388 	   0.79580 	    0.000657 	     0.008086 	     0.008743 
4400 	 14 	       41.456 	       68.216 	   0.98396 	   0.79587 	    0.000653 	     0.008083 	     0.008736 
4500 	 14 	       41.400 	       68.168 	   0.98404 	   0.79595 	    0.000650 	     0.008080 	     0.008730 
4600 	 14 	       41.346 	       68.122 	   0.98411 	   0.79602 	    0.000647 	     0.008078 	     0.008725 
4700 	 14 	       41.292 	       68.079 	   0.98418 	   0.79607 	    0.000644 	     0.008076 	     0.008720 
4800 	 14 	       41.238 	       68.037 	   0.98425 	   0.79611 	    0.000642 	     0.008074 	     0.008716 
4900 	 14 	       41.184 	       67.998 	   0.98431 	   0.79613 	    0.000639 	     0.008073 	     0.008713 
5000 	 14 	       40.954 	       67.822 	   0.98442 	   0.79640 	    0.000633 	     0.008081 	     0.008714 
5100 	 14 	       40.898 	       67.856 	   0.98451 	   0.79596 	    0.000629 	     0.008098 	     0.008727 
5200 	 14 	       40.856 	       67.830 	   0.98457 	   0.79589 	    0.000626 	     0.008101 	     0.008727 
5300 	 14 	       40.815 	       67.801 	   0.98462 	   0.79586 	    0.000624 	     0.008102 	     0.008726 
5400 	 14 	       40.774 	       67.771 	   0.98468 	   0.79584 	    0.000622 	     0.008103 	     0.008725 
5500 	 14 	       40.733 	       67.742 	   0.98473 	   0.79582 	    0.000620 	     0.008103 	     0.008723 
5600 	 14 	       40.692 	       67.714 	   0.98478 	   0.79580 	    0.000618 	     0.008104 	     0.008722 
5700 	 14 	       40.651 	       67.690 	   0.98482 	   0.79577 	    0.000616 	     0.008105 	     0.008721 
5800 	 14 	       40.609 	       67.668 	   0.98487 	   0.79574 	    0.000614 	     0.008106 	     0.008721 
5900 	 14 	       40.567 	       67.647 	   0.98492 	   0.79570 	    0.000612 	     0.008108 	     0.008720 
6000 	 14 	       40.417 	       67.545 	   0.98499 	   0.79583 	    0.000609 	     0.008115 	     0.008724 
6100 	 14 	       40.372 	       67.574 	   0.98504 	   0.79551 	    0.000606 	     0.008127 	     0.008733 
6200 	 14 	       40.339 	       67.562 	   0.98509 	   0.79542 	    0.000605 	     0.008130 	     0.008735 
6300 	 14 	       40.308 	       67.547 	   0.98513 	   0.79535 	    0.000603 	     0.008133 	     0.008736 
6400 	 14 	       40.277 	       67.531 	   0.98516 	   0.79529 	    0.000601 	     0.008135 	     0.008737 
6500 	 14 	       40.245 	       67.515 	   0.98520 	   0.79523 	    0.000600 	     0.008138 	     0.008737 
6600 	 14 	       40.214 	       67.499 	   0.98524 	   0.79517 	    0.000598 	     0.008140 	     0.008738 
6700 	 14 	       40.182 	       67.484 	   0.98527 	   0.79511 	    0.000597 	     0.008142 	     0.008739 
6800 	 14 	       40.150 	       67.469 	   0.98531 	   0.79504 	    0.000596 	     0.008145 	     0.008740 
6900 	 14 	       40.118 	       67.454 	   0.98534 	   0.79498 	    0.000594 	     0.008148 	     0.008742 
7000 	 14 	       40.014 	       67.385 	   0.98539 	   0.79502 	    0.000592 	     0.008154 	     0.008746 
7100 	 14 	       39.979 	       67.404 	   0.98543 	   0.79478 	    0.000590 	     0.008163 	     0.008753 
7200 	 14 	       39.952 	       67.396 	   0.98547 	   0.79468 	    0.000589 	     0.008167 	     0.008756 
7300 	 14 	       39.926 	       67.384 	   0.98550 	   0.79460 	    0.000588 	     0.008170 	     0.008758 
7400 	 14 	       39.899 	       67.372 	   0.98553 	   0.79452 	    0.000586 	     0.008173 	     0.008759 
7500 	 14 	       39.872 	       67.360 	   0.98556 	   0.79444 	    0.000585 	     0.008176 	     0.008761 
7600 	 14 	       39.845 	       67.349 	   0.98558 	   0.79436 	    0.000584 	     0.008179 	     0.008763 
7700 	 14 	       39.818 	       67.337 	   0.98561 	   0.79428 	    0.000583 	     0.008182 	     0.008765 
7800 	 14 	       39.791 	       67.326 	   0.98564 	   0.79420 	    0.000582 	     0.008185 	     0.008767 
7900 	 14 	       39.764 	       67.315 	   0.98567 	   0.79412 	    0.000581 	     0.008188 	     0.008769 
8000 	 14 	       39.687 	       67.265 	   0.98570 	   0.79412 	    0.000579 	     0.008194 	     0.008773 
8100 	 14 	       39.656 	       67.277 	   0.98574 	   0.79392 	    0.000578 	     0.008202 	     0.008780 
8200 	 14 	       39.633 	       67.271 	   0.98576 	   0.79383 	    0.000577 	     0.008206 	     0.008782 
8300 	 14 	       39.610 	       67.262 	   0.98579 	   0.79374 	    0.000576 	     0.008209 	     0.008785 
8400 	 14 	       39.587 	       67.253 	   0.98581 	   0.79365 	    0.000575 	     0.008212 	     0.008787 
8500 	 14 	       39.564 	       67.243 	   0.98583 	   0.79357 	    0.000574 	     0.008216 	     0.008789 
8600 	 14 	       39.541 	       67.234 	   0.98586 	   0.79348 	    0.000573 	     0.008219 	     0.008792 
8700 	 14 	       39.518 	       67.225 	   0.98588 	   0.79340 	    0.000572 	     0.008222 	     0.008794 
8800 	 14 	       39.495 	       67.216 	   0.98590 	   0.79331 	    0.000571 	     0.008225 	     0.008797 
8900 	 14 	       39.472 	       67.207 	   0.98592 	   0.79322 	    0.000570 	     0.008229 	     0.008799 
9000 	 14 	       39.411 	       67.169 	   0.98595 	   0.79320 	    0.000569 	     0.008234 	     0.008803 
9100 	 14 	       39.384 	       67.177 	   0.98598 	   0.79303 	    0.000568 	     0.008241 	     0.008809 
9200 	 14 	       39.364 	       67.172 	   0.98600 	   0.79293 	    0.000567 	     0.008244 	     0.008811 
9300 	 14 	       39.344 	       67.166 	   0.98602 	   0.79284 	    0.000566 	     0.008248 	     0.008814 
9400 	 14 	       39.323 	       67.159 	   0.98604 	   0.79275 	    0.000565 	     0.008251 	     0.008817 
9500 	 14 	       39.303 	       67.152 	   0.98606 	   0.79267 	    0.000565 	     0.008255 	     0.008819 
9600 	 14 	       39.283 	       67.145 	   0.98608 	   0.79258 	    0.000564 	     0.008258 	     0.008822 
9700 	 14 	       39.262 	       67.139 	   0.98610 	   0.79249 	    0.000563 	     0.008261 	     0.008824 
9800 	 14 	       39.242 	       67.132 	   0.98612 	   0.79241 	    0.000562 	     0.008265 	     0.008827 
9900 	 14 	       39.221 	       67.125 	   0.98614 	   0.79232 	    0.000561 	     0.008268 	     0.008830 
10000 	 14 	       39.172 	       67.095 	   0.98616 	   0.79228 	    0.000560 	     0.008273 	     0.008833 
10100 	 14 	       39.149 	       67.101 	   0.98618 	   0.79213 	    0.000560 	     0.008279 	     0.008838 
10200 	 14 	       39.130 	       67.097 	   0.98620 	   0.79204 	    0.000559 	     0.008282 	     0.008841 
10300 	 14 	       39.113 	       67.092 	   0.98622 	   0.79195 	    0.000558 	     0.008286 	     0.008844 
10400 	 14 	       39.095 	       67.086 	   0.98623 	   0.79186 	    0.000558 	     0.008289 	     0.008847 
10500 	 14 	       39.078 	       67.081 	   0.98625 	   0.79178 	    0.000557 	     0.008292 	     0.008849 
10600 	 14 	       39.061 	       67.075 	   0.98627 	   0.79169 	    0.000556 	     0.008296 	     0.008852 
10700 	 14 	       39.044 	       67.069 	   0.98628 	   0.79161 	    0.000556 	     0.008299 	     0.008854 
10800 	 14 	       39.027 	       67.063 	   0.98630 	   0.79152 	    0.000555 	     0.008302 	     0.008857 
10900 	 14 	       39.010 	       67.057 	   0.98632 	   0.79143 	    0.000554 	     0.008306 	     0.008860 
11000 	 14 	       38.971 	       67.034 	   0.98634 	   0.79138 	    0.000553 	     0.008310 	     0.008863 
11100 	 14 	       38.951 	       67.037 	   0.98635 	   0.79125 	    0.000553 	     0.008315 	     0.008868 
11200 	 14 	       38.935 	       67.034 	   0.98637 	   0.79116 	    0.000552 	     0.008319 	     0.008871 
11300 	 14 	       38.920 	       67.029 	   0.98638 	   0.79108 	    0.000551 	     0.008322 	     0.008873 
11400 	 14 	       38.905 	       67.024 	   0.98640 	   0.79099 	    0.000551 	     0.008325 	     0.008876 
11500 	 14 	       38.890 	       67.019 	   0.98641 	   0.79091 	    0.000550 	     0.008328 	     0.008879 
11600 	 14 	       38.875 	       67.014 	   0.98643 	   0.79083 	    0.000550 	     0.008332 	     0.008881 
11700 	 14 	       38.859 	       67.009 	   0.98644 	   0.79074 	    0.000549 	     0.008335 	     0.008884 
11800 	 14 	       38.844 	       67.004 	   0.98646 	   0.79066 	    0.000549 	     0.008338 	     0.008887 
11900 	 14 	       38.829 	       66.999 	   0.98647 	   0.79058 	    0.000548 	     0.008341 	     0.008889 
12000 	 14 	       38.799 	       66.979 	   0.98649 	   0.79052 	    0.000547 	     0.008345 	     0.008893 
12100 	 14 	       38.782 	       66.981 	   0.98650 	   0.79040 	    0.000547 	     0.008350 	     0.008897 
12200 	 14 	       38.769 	       66.978 	   0.98652 	   0.79032 	    0.000546 	     0.008353 	     0.008899 
12300 	 14 	       38.756 	       66.974 	   0.98653 	   0.79024 	    0.000546 	     0.008356 	     0.008902 
12400 	 14 	       38.743 	       66.970 	   0.98654 	   0.79016 	    0.000545 	     0.008360 	     0.008905 
12500 	 14 	       38.730 	       66.966 	   0.98656 	   0.79008 	    0.000545 	     0.008363 	     0.008907 
12600 	 14 	       38.717 	       66.961 	   0.98657 	   0.79000 	    0.000544 	     0.008366 	     0.008910 
12700 	 14 	       38.704 	       66.956 	   0.98658 	   0.78992 	    0.000544 	     0.008369 	     0.008912 
12800 	 14 	       38.691 	       66.952 	   0.98659 	   0.78984 	    0.000543 	     0.008372 	     0.008915 
12900 	 14 	       38.678 	       66.947 	   0.98661 	   0.78976 	    0.000542 	     0.008375 	     0.008918 
13000 	 14 	       38.653 	       66.931 	   0.98662 	   0.78970 	    0.000542 	     0.008379 	     0.008921 
13100 	 14 	       38.637 	       66.932 	   0.98664 	   0.78959 	    0.000541 	     0.008383 	     0.008925 
13200 	 14 	       38.625 	       66.929 	   0.98665 	   0.78951 	    0.000541 	     0.008386 	     0.008927 
13300 	 14 	       38.613 	       66.926 	   0.98666 	   0.78943 	    0.000540 	     0.008389 	     0.008930 
13400 	 14 	       38.601 	       66.922 	   0.98667 	   0.78935 	    0.000540 	     0.008392 	     0.008932 
13500 	 14 	       38.589 	       66.918 	   0.98668 	   0.78928 	    0.000539 	     0.008395 	     0.008935 
13600 	 14 	       38.577 	       66.914 	   0.98669 	   0.78920 	    0.000539 	     0.008398 	     0.008937 
13700 	 14 	       38.565 	       66.909 	   0.98671 	   0.78912 	    0.000539 	     0.008401 	     0.008940 
13800 	 14 	       38.553 	       66.905 	   0.98672 	   0.78905 	    0.000538 	     0.008404 	     0.008942 
13900 	 14 	       38.541 	       66.901 	   0.98673 	   0.78897 	    0.000538 	     0.008407 	     0.008945 
14000 	 14 	       38.520 	       66.888 	   0.98674 	   0.78891 	    0.000537 	     0.008411 	     0.008948 
14100 	 14 	       38.506 	       66.888 	   0.98675 	   0.78881 	    0.000537 	     0.008415 	     0.008951 
14200 	 14 	       38.495 	       66.885 	   0.98676 	   0.78874 	    0.000536 	     0.008418 	     0.008954 
14300 	 14 	       38.484 	       66.882 	   0.98677 	   0.78866 	    0.000536 	     0.008421 	     0.008956 
14400 	 14 	       38.473 	       66.878 	   0.98679 	   0.78859 	    0.000535 	     0.008423 	     0.008959 
14500 	 14 	       38.462 	       66.875 	   0.98680 	   0.78851 	    0.000535 	     0.008426 	     0.008961 
14600 	 14 	       38.451 	       66.871 	   0.98681 	   0.78844 	    0.000535 	     0.008429 	     0.008964 
14700 	 14 	       38.440 	       66.867 	   0.98682 	   0.78837 	    0.000534 	     0.008432 	     0.008966 
14800 	 14 	       38.429 	       66.863 	   0.98683 	   0.78829 	    0.000534 	     0.008435 	     0.008968 
14900 	 14 	       38.418 	       66.859 	   0.98684 	   0.78822 	    0.000533 	     0.008438 	     0.008971 
15000 	 14 	       38.399 	       66.848 	   0.98685 	   0.78816 	    0.000533 	     0.008441 	     0.008974 
15100 	 14 	       38.386 	       66.847 	   0.98686 	   0.78807 	    0.000532 	     0.008445 	     0.008977 
15200 	 14 	       38.376 	       66.845 	   0.98687 	   0.78800 	    0.000532 	     0.008447 	     0.008979 
15300 	 14 	       38.366 	       66.842 	   0.98688 	   0.78792 	    0.000532 	     0.008450 	     0.008982 
15400 	 14 	       38.356 	       66.839 	   0.98689 	   0.78785 	    0.000531 	     0.008453 	     0.008984 
15500 	 14 	       38.346 	       66.835 	   0.98690 	   0.78778 	    0.000531 	     0.008456 	     0.008986 
15600 	 14 	       38.336 	       66.832 	   0.98691 	   0.78771 	    0.000530 	     0.008458 	     0.008989 
15700 	 14 	       38.326 	       66.828 	   0.98692 	   0.78764 	    0.000530 	     0.008461 	     0.008991 
15800 	 14 	       38.316 	       66.825 	   0.98693 	   0.78757 	    0.000530 	     0.008464 	     0.008993 
15900 	 14 	       38.306 	       66.821 	   0.98694 	   0.78750 	    0.000529 	     0.008466 	     0.008996 
16000 	 14 	       38.290 	       66.811 	   0.98695 	   0.78744 	    0.000529 	     0.008469 	     0.008998 
16100 	 14 	       38.278 	       66.810 	   0.98696 	   0.78736 	    0.000529 	     0.008473 	     0.009001 
16200 	 14 	       38.268 	       66.808 	   0.98696 	   0.78729 	    0.000528 	     0.008476 	     0.009004 
16300 	 14 	       38.259 	       66.805 	   0.98697 	   0.78722 	    0.000528 	     0.008478 	     0.009006 
16400 	 14 	       38.250 	       66.802 	   0.98698 	   0.78716 	    0.000527 	     0.008481 	     0.009008 
16500 	 14 	       38.241 	       66.799 	   0.98699 	   0.78709 	    0.000527 	     0.008483 	     0.009011 
16600 	 14 	       38.231 	       66.796 	   0.98700 	   0.78702 	    0.000527 	     0.008486 	     0.009013 
16700 	 14 	       38.222 	       66.792 	   0.98701 	   0.78695 	    0.000526 	     0.008489 	     0.009015 
16800 	 14 	       38.213 	       66.789 	   0.98702 	   0.78689 	    0.000526 	     0.008491 	     0.009017 
16900 	 14 	       38.203 	       66.786 	   0.98702 	   0.78682 	    0.000526 	     0.008494 	     0.009020 
17000 	 14 	       38.189 	       66.777 	   0.98703 	   0.78676 	    0.000525 	     0.008497 	     0.009022 
17100 	 14 	       38.178 	       66.776 	   0.98704 	   0.78668 	    0.000525 	     0.008500 	     0.009025 
17200 	 14 	       38.169 	       66.774 	   0.98705 	   0.78662 	    0.000525 	     0.008502 	     0.009027 
17300 	 14 	       38.160 	       66.771 	   0.98706 	   0.78655 	    0.000524 	     0.008505 	     0.009029 
17400 	 14 	       38.151 	       66.768 	   0.98707 	   0.78649 	    0.000524 	     0.008507 	     0.009031 
17500 	 14 	       38.143 	       66.765 	   0.98708 	   0.78642 	    0.000524 	     0.008510 	     0.009034 
17600 	 14 	       38.134 	       66.762 	   0.98708 	   0.78636 	    0.000523 	     0.008512 	     0.009036 
17700 	 14 	       38.125 	       66.759 	   0.98709 	   0.78630 	    0.000523 	     0.008515 	     0.009038 
17800 	 14 	       38.117 	       66.756 	   0.98710 	   0.78623 	    0.000523 	     0.008517 	     0.009040 
17900 	 14 	       38.108 	       66.753 	   0.98711 	   0.78617 	    0.000522 	     0.008520 	     0.009042 
18000 	 14 	       38.095 	       66.745 	   0.98712 	   0.78611 	    0.000522 	     0.008522 	     0.009045 
18100 	 14 	       38.084 	       66.744 	   0.98712 	   0.78604 	    0.000522 	     0.008526 	     0.009047 
18200 	 14 	       38.076 	       66.742 	   0.98713 	   0.78598 	    0.000521 	     0.008528 	     0.009049 
18300 	 14 	       38.068 	       66.739 	   0.98714 	   0.78591 	    0.000521 	     0.008530 	     0.009052 
18400 	 14 	       38.060 	       66.737 	   0.98715 	   0.78585 	    0.000521 	     0.008533 	     0.009054 
18500 	 14 	       38.051 	       66.734 	   0.98715 	   0.78579 	    0.000521 	     0.008535 	     0.009056 
18600 	 14 	       38.043 	       66.731 	   0.98716 	   0.78573 	    0.000520 	     0.008537 	     0.009058 
18700 	 14 	       38.035 	       66.728 	   0.98717 	   0.78567 	    0.000520 	     0.008540 	     0.009060 
18800 	 14 	       38.027 	       66.725 	   0.98718 	   0.78561 	    0.000520 	     0.008542 	     0.009062 
18900 	 14 	       38.019 	       66.722 	   0.98718 	   0.78555 	    0.000519 	     0.008544 	     0.009064 
19000 	 14 	       38.007 	       66.715 	   0.98719 	   0.78549 	    0.000519 	     0.008547 	     0.009066 
19100 	 14 	       37.997 	       66.714 	   0.98720 	   0.78542 	    0.000519 	     0.008550 	     0.009069 
19200 	 14 	       37.990 	       66.712 	   0.98721 	   0.78536 	    0.000519 	     0.008552 	     0.009071 
19300 	 14 	       37.982 	       66.710 	   0.98721 	   0.78530 	    0.000518 	     0.008554 	     0.009073 
19400 	 14 	       37.974 	       66.707 	   0.98722 	   0.78525 	    0.000518 	     0.008557 	     0.009075 
19500 	 14 	       37.967 	       66.704 	   0.98723 	   0.78519 	    0.000518 	     0.008559 	     0.009077 
19600 	 14 	       37.959 	       66.702 	   0.98723 	   0.78513 	    0.000517 	     0.008561 	     0.009079 
19700 	 14 	       37.951 	       66.699 	   0.98724 	   0.78507 	    0.000517 	     0.008564 	     0.009081 
19800 	 14 	       37.944 	       66.696 	   0.98725 	   0.78501 	    0.000517 	     0.008566 	     0.009083 
19900 	 14 	       37.936 	       66.693 	   0.98725 	   0.78495 	    0.000517 	     0.008568 	     0.009085 
20000 	 14 	       37.925 	       66.687 	   0.98726 	   0.78490 	    0.000516 	     0.008570 	     0.009087 
100 	 15 	       39.104 	       66.183 	   0.98438 	   0.79344 	    0.000659 	     0.008167 	     0.008825 
200 	 15 	       39.185 	       66.845 	   0.98387 	   0.79169 	    0.000689 	     0.008226 	     0.008915 
300 	 15 	       39.333 	       67.344 	   0.98358 	   0.78934 	    0.000708 	     0.008308 	     0.009016 
400 	 15 	       39.479 	       67.691 	   0.98342 	   0.78698 	    0.000720 	     0.008392 	     0.009112 
500 	 15 	       39.584 	       67.950 	   0.98333 	   0.78475 	    0.000729 	     0.008472 	     0.009201 
600 	 15 	       39.647 	       68.149 	   0.98328 	   0.78267 	    0.000735 	     0.008548 	     0.009283 
700 	 15 	       39.673 	       68.311 	   0.98327 	   0.78072 	    0.000740 	     0.008620 	     0.009360 
800 	 15 	       39.669 	       68.437 	   0.98329 	   0.77889 	    0.000743 	     0.008689 	     0.009431 
900 	 15 	       39.644 	       68.545 	   0.98333 	   0.77716 	    0.000744 	     0.008753 	     0.009498 
1000 	 15 	       40.223 	       69.669 	   0.98342 	   0.77264 	    0.000791 	     0.008914 	     0.009706 
1100 	 15 	       40.134 	       69.258 	   0.98498 	   0.76537 	    0.000683 	     0.009175 	     0.009858 
1200 	 15 	       39.709 	       68.730 	   0.98557 	   0.76552 	    0.000641 	     0.009180 	     0.009821 
1300 	 15 	       39.375 	       68.410 	   0.98594 	   0.76575 	    0.000617 	     0.009179 	     0.009796 
1400 	 15 	       39.110 	       68.204 	   0.98622 	   0.76593 	    0.000600 	     0.009177 	     0.009777 
1500 	 15 	       38.892 	       68.086 	   0.98644 	   0.76602 	    0.000588 	     0.009177 	     0.009765 
1600 	 15 	       38.707 	       68.047 	   0.98662 	   0.76603 	    0.000578 	     0.009179 	     0.009757 
1700 	 15 	       38.543 	       68.029 	   0.98678 	   0.76595 	    0.000569 	     0.009184 	     0.009753 
1800 	 15 	       38.392 	       68.022 	   0.98692 	   0.76581 	    0.000561 	     0.009192 	     0.009753 
1900 	 15 	       38.249 	       68.027 	   0.98705 	   0.76560 	    0.000554 	     0.009202 	     0.009756 
2000 	 15 	       37.918 	       68.025 	   0.98724 	   0.76511 	    0.000538 	     0.009232 	     0.009769 
2100 	 15 	       37.606 	       68.008 	   0.98760 	   0.76284 	    0.000514 	     0.009333 	     0.009847 
2200 	 15 	       37.442 	       67.891 	   0.98777 	   0.76311 	    0.000504 	     0.009329 	     0.009834 
2300 	 15 	       37.320 	       67.813 	   0.98790 	   0.76337 	    0.000498 	     0.009323 	     0.009821 
2400 	 15 	       37.215 	       67.773 	   0.98802 	   0.76354 	    0.000492 	     0.009319 	     0.009812 
2500 	 15 	       37.123 	       67.756 	   0.98811 	   0.76362 	    0.000488 	     0.009318 	     0.009806 
2600 	 15 	       37.038 	       67.751 	   0.98820 	   0.76362 	    0.000484 	     0.009320 	     0.009804 
2700 	 15 	       36.958 	       67.754 	   0.98827 	   0.76356 	    0.000481 	     0.009323 	     0.009804 
2800 	 15 	       36.881 	       67.764 	   0.98835 	   0.76344 	    0.000477 	     0.009329 	     0.009807 
2900 	 15 	       36.808 	       67.778 	   0.98841 	   0.76328 	    0.000474 	     0.009337 	     0.009811 
3000 	 15 	       36.596 	       67.737 	   0.98852 	   0.76312 	    0.000468 	     0.009355 	     0.009823 
3100 	 15 	       36.490 	       67.778 	   0.98865 	   0.76199 	    0.000461 	     0.009405 	     0.009866 
3200 	 15 	       36.424 	       67.757 	   0.98872 	   0.76196 	    0.000458 	     0.009408 	     0.009866 
3300 	 15 	       36.366 	       67.744 	   0.98878 	   0.76196 	    0.000456 	     0.009410 	     0.009865 
3400 	 15 	       36.313 	       67.739 	   0.98883 	   0.76192 	    0.000454 	     0.009412 	     0.009866 
3500 	 15 	       36.263 	       67.744 	   0.98888 	   0.76185 	    0.000452 	     0.009415 	     0.009867 
3600 	 15 	       36.215 	       67.754 	   0.98892 	   0.76174 	    0.000450 	     0.009420 	     0.009870 
3700 	 15 	       36.169 	       67.767 	   0.98897 	   0.76160 	    0.000448 	     0.009426 	     0.009874 
3800 	 15 	       36.125 	       67.784 	   0.98900 	   0.76143 	    0.000447 	     0.009433 	     0.009879 
3900 	 15 	       36.082 	       67.802 	   0.98904 	   0.76124 	    0.000445 	     0.009440 	     0.009885 
4000 	 15 	       35.972 	       67.779 	   0.98910 	   0.76109 	    0.000442 	     0.009454 	     0.009896 
4100 	 15 	       35.922 	       67.817 	   0.98916 	   0.76041 	    0.000440 	     0.009483 	     0.009922 
4200 	 15 	       35.886 	       67.822 	   0.98919 	   0.76027 	    0.000438 	     0.009488 	     0.009927 
4300 	 15 	       35.852 	       67.829 	   0.98923 	   0.76016 	    0.000437 	     0.009493 	     0.009930 
4400 	 15 	       35.819 	       67.838 	   0.98926 	   0.76003 	    0.000436 	     0.009498 	     0.009934 
4500 	 15 	       35.787 	       67.850 	   0.98928 	   0.75990 	    0.000435 	     0.009504 	     0.009939 
4600 	 15 	       35.756 	       67.864 	   0.98931 	   0.75974 	    0.000434 	     0.009510 	     0.009944 
4700 	 15 	       35.730 	       67.880 	   0.98933 	   0.75958 	    0.000433 	     0.009516 	     0.009949 
4800 	 15 	       35.707 	       67.897 	   0.98936 	   0.75940 	    0.000432 	     0.009523 	     0.009955 
4900 	 15 	       35.686 	       67.915 	   0.98938 	   0.75921 	    0.000431 	     0.009531 	     0.009962 
5000 	 15 	       35.631 	       67.905 	   0.98942 	   0.75905 	    0.000429 	     0.009542 	     0.009971 
5100 	 15 	       35.603 	       67.938 	   0.98945 	   0.75858 	    0.000428 	     0.009561 	     0.009989 
5200 	 15 	       35.585 	       67.950 	   0.98947 	   0.75842 	    0.000427 	     0.009567 	     0.009994 
5300 	 15 	       35.567 	       67.961 	   0.98949 	   0.75827 	    0.000426 	     0.009573 	     0.009999 
5400 	 15 	       35.550 	       67.974 	   0.98951 	   0.75812 	    0.000426 	     0.009579 	     0.010004 
5500 	 15 	       35.533 	       67.987 	   0.98953 	   0.75797 	    0.000425 	     0.009585 	     0.010009 
5600 	 15 	       35.517 	       68.002 	   0.98955 	   0.75781 	    0.000424 	     0.009591 	     0.010015 
5700 	 15 	       35.500 	       68.017 	   0.98956 	   0.75765 	    0.000423 	     0.009597 	     0.010021 
5800 	 15 	       35.485 	       68.034 	   0.98958 	   0.75747 	    0.000423 	     0.009604 	     0.010026 
5900 	 15 	       35.469 	       68.050 	   0.98960 	   0.75730 	    0.000422 	     0.009611 	     0.010033 
6000 	 15 	       35.434 	       68.055 	   0.98962 	   0.75714 	    0.000421 	     0.009619 	     0.010041 
6100 	 15 	       35.414 	       68.084 	   0.98964 	   0.75679 	    0.000420 	     0.009633 	     0.010054 
6200 	 15 	       35.401 	       68.101 	   0.98966 	   0.75664 	    0.000420 	     0.009640 	     0.010059 
6300 	 15 	       35.388 	       68.118 	   0.98967 	   0.75649 	    0.000419 	     0.009645 	     0.010064 
6400 	 15 	       35.375 	       68.136 	   0.98969 	   0.75634 	    0.000419 	     0.009651 	     0.010070 
6500 	 15 	       35.362 	       68.155 	   0.98970 	   0.75619 	    0.000418 	     0.009657 	     0.010075 
6600 	 15 	       35.350 	       68.174 	   0.98971 	   0.75604 	    0.000418 	     0.009663 	     0.010080 
6700 	 15 	       35.337 	       68.193 	   0.98973 	   0.75589 	    0.000417 	     0.009668 	     0.010085 
6800 	 15 	       35.325 	       68.213 	   0.98974 	   0.75573 	    0.000416 	     0.009675 	     0.010091 
6900 	 15 	       35.313 	       68.233 	   0.98975 	   0.75557 	    0.000416 	     0.009681 	     0.010097 
7000 	 15 	       35.288 	       68.242 	   0.98977 	   0.75543 	    0.000415 	     0.009688 	     0.010103 
7100 	 15 	       35.273 	       68.266 	   0.98978 	   0.75515 	    0.000415 	     0.009699 	     0.010114 
7200 	 15 	       35.263 	       68.283 	   0.98980 	   0.75501 	    0.000414 	     0.009705 	     0.010119 
7300 	 15 	       35.253 	       68.300 	   0.98981 	   0.75487 	    0.000414 	     0.009710 	     0.010124 
7400 	 15 	       35.242 	       68.317 	   0.98982 	   0.75473 	    0.000413 	     0.009715 	     0.010129 
7500 	 15 	       35.232 	       68.334 	   0.98983 	   0.75459 	    0.000413 	     0.009721 	     0.010134 
7600 	 15 	       35.223 	       68.351 	   0.98984 	   0.75445 	    0.000413 	     0.009726 	     0.010139 
7700 	 15 	       35.213 	       68.369 	   0.98985 	   0.75431 	    0.000412 	     0.009732 	     0.010144 
7800 	 15 	       35.203 	       68.387 	   0.98986 	   0.75417 	    0.000412 	     0.009737 	     0.010149 
7900 	 15 	       35.193 	       68.405 	   0.98987 	   0.75403 	    0.000411 	     0.009743 	     0.010154 
8000 	 15 	       35.174 	       68.415 	   0.98988 	   0.75390 	    0.000411 	     0.009749 	     0.010160 
8100 	 15 	       35.162 	       68.437 	   0.98989 	   0.75367 	    0.000410 	     0.009758 	     0.010168 
8200 	 15 	       35.154 	       68.452 	   0.98990 	   0.75354 	    0.000410 	     0.009763 	     0.010173 
8300 	 15 	       35.146 	       68.468 	   0.98991 	   0.75341 	    0.000410 	     0.009768 	     0.010178 
8400 	 15 	       35.138 	       68.484 	   0.98992 	   0.75328 	    0.000409 	     0.009773 	     0.010182 
8500 	 15 	       35.129 	       68.500 	   0.98993 	   0.75316 	    0.000409 	     0.009778 	     0.010187 
8600 	 15 	       35.121 	       68.516 	   0.98994 	   0.75303 	    0.000409 	     0.009783 	     0.010191 
8700 	 15 	       35.113 	       68.532 	   0.98995 	   0.75290 	    0.000408 	     0.009787 	     0.010196 
8800 	 15 	       35.105 	       68.548 	   0.98996 	   0.75278 	    0.000408 	     0.009792 	     0.010200 
8900 	 15 	       35.096 	       68.565 	   0.98997 	   0.75265 	    0.000408 	     0.009797 	     0.010205 
9000 	 15 	       35.081 	       68.575 	   0.98998 	   0.75253 	    0.000407 	     0.009803 	     0.010210 
9100 	 15 	       35.071 	       68.594 	   0.98998 	   0.75234 	    0.000407 	     0.009810 	     0.010217 
9200 	 15 	       35.064 	       68.609 	   0.98999 	   0.75222 	    0.000406 	     0.009815 	     0.010222 
9300 	 15 	       35.057 	       68.623 	   0.99000 	   0.75210 	    0.000406 	     0.009820 	     0.010226 
9400 	 15 	       35.050 	       68.638 	   0.99001 	   0.75198 	    0.000406 	     0.009824 	     0.010230 
9500 	 15 	       35.043 	       68.653 	   0.99002 	   0.75187 	    0.000406 	     0.009828 	     0.010234 
9600 	 15 	       35.036 	       68.667 	   0.99002 	   0.75175 	    0.000405 	     0.009833 	     0.010238 
9700 	 15 	       35.029 	       68.682 	   0.99003 	   0.75164 	    0.000405 	     0.009837 	     0.010242 
9800 	 15 	       35.022 	       68.697 	   0.99004 	   0.75152 	    0.000405 	     0.009842 	     0.010247 
9900 	 15 	       35.014 	       68.712 	   0.99004 	   0.75141 	    0.000404 	     0.009846 	     0.010251 
10000 	 15 	       35.002 	       68.723 	   0.99005 	   0.75130 	    0.000404 	     0.009851 	     0.010255 
10100 	 15 	       34.994 	       68.739 	   0.99006 	   0.75114 	    0.000404 	     0.009858 	     0.010261 
10200 	 15 	       34.988 	       68.753 	   0.99007 	   0.75102 	    0.000403 	     0.009862 	     0.010265 
10300 	 15 	       34.982 	       68.767 	   0.99007 	   0.75092 	    0.000403 	     0.009866 	     0.010269 
10400 	 15 	       34.976 	       68.780 	   0.99008 	   0.75081 	    0.000403 	     0.009870 	     0.010273 
10500 	 15 	       34.969 	       68.794 	   0.99009 	   0.75071 	    0.000403 	     0.009874 	     0.010277 
10600 	 15 	       34.963 	       68.807 	   0.99009 	   0.75060 	    0.000402 	     0.009878 	     0.010281 
10700 	 15 	       34.957 	       68.821 	   0.99010 	   0.75050 	    0.000402 	     0.009882 	     0.010285 
10800 	 15 	       34.951 	       68.835 	   0.99011 	   0.75039 	    0.000402 	     0.009886 	     0.010288 
10900 	 15 	       34.944 	       68.848 	   0.99011 	   0.75029 	    0.000402 	     0.009891 	     0.010292 
11000 	 15 	       34.934 	       68.859 	   0.99012 	   0.75019 	    0.000401 	     0.009895 	     0.010296 
11100 	 15 	       34.927 	       68.874 	   0.99013 	   0.75005 	    0.000401 	     0.009900 	     0.010302 
11200 	 15 	       34.921 	       68.887 	   0.99013 	   0.74994 	    0.000401 	     0.009904 	     0.010305 
11300 	 15 	       34.916 	       68.899 	   0.99014 	   0.74985 	    0.000401 	     0.009908 	     0.010309 
11400 	 15 	       34.910 	       68.912 	   0.99014 	   0.74975 	    0.000400 	     0.009912 	     0.010312 
11500 	 15 	       34.905 	       68.924 	   0.99015 	   0.74965 	    0.000400 	     0.009916 	     0.010316 
11600 	 15 	       34.899 	       68.937 	   0.99015 	   0.74956 	    0.000400 	     0.009919 	     0.010319 
11700 	 15 	       34.894 	       68.949 	   0.99016 	   0.74946 	    0.000400 	     0.009923 	     0.010323 
11800 	 15 	       34.888 	       68.962 	   0.99017 	   0.74937 	    0.000400 	     0.009927 	     0.010326 
11900 	 15 	       34.882 	       68.975 	   0.99017 	   0.74927 	    0.000399 	     0.009931 	     0.010330 
12000 	 15 	       34.874 	       68.985 	   0.99018 	   0.74918 	    0.000399 	     0.009934 	     0.010334 
12100 	 15 	       34.867 	       68.999 	   0.99018 	   0.74905 	    0.000399 	     0.009939 	     0.010338 
12200 	 15 	       34.862 	       69.012 	   0.99019 	   0.74896 	    0.000399 	     0.009943 	     0.010342 
12300 	 15 	       34.857 	       69.024 	   0.99019 	   0.74887 	    0.000398 	     0.009946 	     0.010345 
12400 	 15 	       34.852 	       69.036 	   0.99020 	   0.74878 	    0.000398 	     0.009950 	     0.010348 
12500 	 15 	       34.847 	       69.049 	   0.99020 	   0.74869 	    0.000398 	     0.009953 	     0.010351 
12600 	 15 	       34.842 	       69.061 	   0.99021 	   0.74860 	    0.000398 	     0.009957 	     0.010355 
12700 	 15 	       34.837 	       69.073 	   0.99021 	   0.74852 	    0.000398 	     0.009960 	     0.010358 
12800 	 15 	       34.832 	       69.086 	   0.99022 	   0.74843 	    0.000397 	     0.009964 	     0.010361 
12900 	 15 	       34.827 	       69.098 	   0.99022 	   0.74834 	    0.000397 	     0.009967 	     0.010364 
13000 	 15 	       34.819 	       69.108 	   0.99023 	   0.74825 	    0.000397 	     0.009971 	     0.010368 
13100 	 15 	       34.813 	       69.121 	   0.99023 	   0.74814 	    0.000397 	     0.009975 	     0.010372 
13200 	 15 	       34.809 	       69.133 	   0.99024 	   0.74806 	    0.000397 	     0.009978 	     0.010375 
13300 	 15 	       34.804 	       69.144 	   0.99024 	   0.74798 	    0.000396 	     0.009982 	     0.010378 
13400 	 15 	       34.800 	       69.156 	   0.99025 	   0.74789 	    0.000396 	     0.009985 	     0.010381 
13500 	 15 	       34.795 	       69.167 	   0.99025 	   0.74781 	    0.000396 	     0.009988 	     0.010384 
13600 	 15 	       34.791 	       69.179 	   0.99026 	   0.74773 	    0.000396 	     0.009991 	     0.010387 
13700 	 15 	       34.786 	       69.190 	   0.99026 	   0.74765 	    0.000396 	     0.009994 	     0.010390 
13800 	 15 	       34.782 	       69.202 	   0.99027 	   0.74757 	    0.000396 	     0.009997 	     0.010393 
13900 	 15 	       34.777 	       69.213 	   0.99027 	   0.74749 	    0.000395 	     0.010001 	     0.010396 
14000 	 15 	       34.770 	       69.223 	   0.99028 	   0.74741 	    0.000395 	     0.010004 	     0.010399 
14100 	 15 	       34.765 	       69.235 	   0.99028 	   0.74731 	    0.000395 	     0.010008 	     0.010403 
14200 	 15 	       34.761 	       69.246 	   0.99028 	   0.74723 	    0.000395 	     0.010011 	     0.010406 
14300 	 15 	       34.757 	       69.257 	   0.99029 	   0.74715 	    0.000395 	     0.010014 	     0.010409 
14400 	 15 	       34.753 	       69.267 	   0.99029 	   0.74707 	    0.000394 	     0.010017 	     0.010411 
14500 	 15 	       34.749 	       69.278 	   0.99030 	   0.74700 	    0.000394 	     0.010020 	     0.010414 
14600 	 15 	       34.745 	       69.289 	   0.99030 	   0.74692 	    0.000394 	     0.010023 	     0.010417 
14700 	 15 	       34.740 	       69.299 	   0.99031 	   0.74685 	    0.000394 	     0.010026 	     0.010420 
14800 	 15 	       34.736 	       69.310 	   0.99031 	   0.74677 	    0.000394 	     0.010029 	     0.010422 
14900 	 15 	       34.732 	       69.321 	   0.99031 	   0.74670 	    0.000394 	     0.010032 	     0.010425 
15000 	 15 	       34.726 	       69.330 	   0.99032 	   0.74662 	    0.000393 	     0.010035 	     0.010428 
15100 	 15 	       34.721 	       69.341 	   0.99032 	   0.74653 	    0.000393 	     0.010038 	     0.010432 
15200 	 15 	       34.718 	       69.351 	   0.99033 	   0.74646 	    0.000393 	     0.010041 	     0.010434 
15300 	 15 	       34.714 	       69.361 	   0.99033 	   0.74639 	    0.000393 	     0.010044 	     0.010437 
15400 	 15 	       34.710 	       69.371 	   0.99033 	   0.74632 	    0.000393 	     0.010047 	     0.010439 
15500 	 15 	       34.706 	       69.381 	   0.99034 	   0.74625 	    0.000393 	     0.010049 	     0.010442 
15600 	 15 	       34.702 	       69.392 	   0.99034 	   0.74618 	    0.000393 	     0.010052 	     0.010445 
15700 	 15 	       34.698 	       69.402 	   0.99034 	   0.74611 	    0.000392 	     0.010055 	     0.010447 
15800 	 15 	       34.695 	       69.413 	   0.99035 	   0.74604 	    0.000392 	     0.010058 	     0.010450 
15900 	 15 	       34.691 	       69.424 	   0.99035 	   0.74597 	    0.000392 	     0.010060 	     0.010452 
16000 	 15 	       34.685 	       69.433 	   0.99036 	   0.74590 	    0.000392 	     0.010063 	     0.010455 
16100 	 15 	       34.681 	       69.444 	   0.99036 	   0.74581 	    0.000392 	     0.010066 	     0.010458 
16200 	 15 	       34.678 	       69.454 	   0.99036 	   0.74575 	    0.000392 	     0.010069 	     0.010461 
16300 	 15 	       34.674 	       69.464 	   0.99037 	   0.74568 	    0.000391 	     0.010072 	     0.010463 
16400 	 15 	       34.671 	       69.474 	   0.99037 	   0.74561 	    0.000391 	     0.010074 	     0.010466 
16500 	 15 	       34.667 	       69.484 	   0.99037 	   0.74555 	    0.000391 	     0.010077 	     0.010468 
16600 	 15 	       34.663 	       69.494 	   0.99038 	   0.74548 	    0.000391 	     0.010079 	     0.010470 
16700 	 15 	       34.660 	       69.504 	   0.99038 	   0.74542 	    0.000391 	     0.010082 	     0.010473 
16800 	 15 	       34.656 	       69.514 	   0.99038 	   0.74535 	    0.000391 	     0.010085 	     0.010475 
16900 	 15 	       34.652 	       69.524 	   0.99039 	   0.74528 	    0.000391 	     0.010087 	     0.010478 
17000 	 15 	       34.648 	       69.533 	   0.99039 	   0.74522 	    0.000391 	     0.010090 	     0.010480 
17100 	 15 	       34.644 	       69.543 	   0.99040 	   0.74514 	    0.000390 	     0.010093 	     0.010483 
17200 	 15 	       34.640 	       69.552 	   0.99040 	   0.74508 	    0.000390 	     0.010095 	     0.010485 
17300 	 15 	       34.637 	       69.562 	   0.99040 	   0.74502 	    0.000390 	     0.010098 	     0.010488 
17400 	 15 	       34.634 	       69.571 	   0.99040 	   0.74496 	    0.000390 	     0.010100 	     0.010490 
17500 	 15 	       34.630 	       69.581 	   0.99041 	   0.74489 	    0.000390 	     0.010102 	     0.010492 
17600 	 15 	       34.627 	       69.590 	   0.99041 	   0.74483 	    0.000390 	     0.010105 	     0.010495 
17700 	 15 	       34.623 	       69.599 	   0.99041 	   0.74477 	    0.000390 	     0.010107 	     0.010497 
17800 	 15 	       34.620 	       69.609 	   0.99042 	   0.74471 	    0.000389 	     0.010110 	     0.010499 
17900 	 15 	       34.617 	       69.618 	   0.99042 	   0.74465 	    0.000389 	     0.010112 	     0.010501 
18000 	 15 	       34.612 	       69.626 	   0.99042 	   0.74459 	    0.000389 	     0.010115 	     0.010504 
18100 	 15 	       34.608 	       69.636 	   0.99043 	   0.74452 	    0.000389 	     0.010117 	     0.010506 
18200 	 15 	       34.605 	       69.645 	   0.99043 	   0.74446 	    0.000389 	     0.010120 	     0.010509 
18300 	 15 	       34.602 	       69.654 	   0.99043 	   0.74440 	    0.000389 	     0.010122 	     0.010511 
18400 	 15 	       34.599 	       69.663 	   0.99044 	   0.74434 	    0.000389 	     0.010124 	     0.010513 
18500 	 15 	       34.596 	       69.671 	   0.99044 	   0.74428 	    0.000389 	     0.010127 	     0.010515 
18600 	 15 	       34.593 	       69.680 	   0.99044 	   0.74422 	    0.000388 	     0.010129 	     0.010517 
18700 	 15 	       34.589 	       69.689 	   0.99045 	   0.74417 	    0.000388 	     0.010131 	     0.010519 
18800 	 15 	       34.586 	       69.698 	   0.99045 	   0.74411 	    0.000388 	     0.010133 	     0.010522 
18900 	 15 	       34.583 	       69.707 	   0.99045 	   0.74405 	    0.000388 	     0.010136 	     0.010524 
19000 	 15 	       34.579 	       69.715 	   0.99045 	   0.74400 	    0.000388 	     0.010138 	     0.010526 
19100 	 15 	       34.575 	       69.724 	   0.99046 	   0.74393 	    0.000388 	     0.010140 	     0.010528 
19200 	 15 	       34.572 	       69.732 	   0.99046 	   0.74387 	    0.000388 	     0.010143 	     0.010530 
19300 	 15 	       34.569 	       69.741 	   0.99046 	   0.74382 	    0.000388 	     0.010145 	     0.010532 
19400 	 15 	       34.566 	       69.749 	   0.99047 	   0.74376 	    0.000388 	     0.010147 	     0.010534 
19500 	 15 	       34.563 	       69.757 	   0.99047 	   0.74371 	    0.000387 	     0.010149 	     0.010537 
19600 	 15 	       34.560 	       69.766 	   0.99047 	   0.74365 	    0.000387 	     0.010151 	     0.010539 
19700 	 15 	       34.557 	       69.774 	   0.99047 	   0.74360 	    0.000387 	     0.010153 	     0.010541 
19800 	 15 	       34.554 	       69.782 	   0.99048 	   0.74355 	    0.000387 	     0.010155 	     0.010543 
19900 	 15 	       34.551 	       69.791 	   0.99048 	   0.74349 	    0.000387 	     0.010158 	     0.010545 
20000 	 15 	       34.548 	       69.798 	   0.99048 	   0.74344 	    0.000387 	     0.010160 	     0.010547 
100 	 16 	       35.272 	       69.546 	   0.98830 	   0.75758 	    0.000481 	     0.009581 	     0.010062 
