 -1.7100e-001 -1.2257e-001 -1.1906e-001 -2.0332e-001  1.0618e-001
  4.2850e-001 -7.7101e-001  8.4977e-003  1.9503e-001 -1.7835e-001
  8.8886e-001 -2.2392e+000 -3.9283e-001 -5.9769e-002 -2.2858e-002
 -3.5699e-003
 -3.3224e-001
 -4.78009458e-001 -4.78011486e-001  -4.78008019e-001 2.52345834e-001 2.52342484e-001  2.52352060e-001 -8.84834398e-001 -8.84837495e-001  -8.84831171e-001 7.75999114e-001 7.75993014e-001  7.76005901e-001 -1.93982521e+000 -1.93982818e+000  -1.93979771e+000
 3.17803789e-001 3.17807198e-001  3.17791809e-001 -3.01803708e+000 -3.01805075e+000  -3.01802517e+000 -3.11302473e+000 -3.11301572e+000  -3.11303112e+000 -2.31175482e+000 -2.31176046e+000  -2.31175442e+000 1.58004612e+000 1.58004675e+000  1.58001658e+000
 1.65542603e+000 1.65542563e+000  1.65542482e+000 4.61024917e+000 4.61026235e+000  4.61025913e+000 -9.38832273e-001 -9.38833530e-001  -9.38836547e-001 1.36462230e-002 1.36473871e-002  1.36452802e-002 -3.55474972e-003 -3.55360641e-003  -3.55617033e-003
 -2.75430285e-003 -2.75426685e-003  -2.75433795e-003
 -1.57464325e-001 -1.57471950e-001  -1.57470329e-001 -5.56583284e-001 -5.56598982e-001  -5.56594738e-001 -1.20807923e-001 -1.20820251e-001  -1.20816991e-001 -5.03829089e-001 -5.03854805e-001  -5.03850929e-001 -2.72433503e-001 -2.72463549e-001  -2.72446893e-001
 -1.16657601e+000 -1.16655272e+000  -1.16655245e+000 2.03587702e+000 2.03582356e+000  2.03583475e+000 -5.46529093e+000 -5.46525262e+000  -5.46524870e+000 1.02727231e+000 1.02724840e+000  1.02723740e+000 3.31528456e+000 3.31530915e+000  3.31529373e+000
 7.22025525e+000 7.22025478e+000  7.22025410e+000 7.58838501e+000 7.58841931e+000  7.58841746e+000 -2.24147139e+000 -2.24147364e+000  -2.24147896e+000 -1.62709263e-002 -1.62658163e-002  -1.62651969e-002 -3.95003887e-002 -3.94950205e-002  -3.94947361e-002
 -1.54553804e-003 -1.54537680e-003  -1.54536400e-003
 -2.87589660e-001 -2.87589660e-001  -2.87589660e-001 -3.64731001e-001 -3.64731001e-001  -3.64731001e-001 -6.29342996e-001 -6.29342996e-001  -6.29342996e-001 -2.90335425e-001 -2.90335425e-001  -2.90335425e-001 -1.26533566e+000 -1.26533566e+000  -1.26533566e+000
 5.89706357e-001 5.89706357e-001  5.89706357e-001 -1.93732611e+000 -1.93732611e+000  -1.93732611e+000 8.59310496e-001 8.59310496e-001  8.59310496e-001 -9.91294018e-001 -9.91294018e-001  -9.91294018e-001 -1.09279481e-001 -1.09279481e-001  -1.09279481e-001
 1.17659079e+000 1.17659079e+000  1.17659079e+000 -9.98332710e-001 -9.98332710e-001  -9.98332710e-001 1.00324346e+000 1.00324346e+000  1.00324346e+000 1.55941490e-002 1.55941489e-002  1.55941489e-002 -8.15434912e-003 -8.15434913e-003  -8.15434915e-003
 -3.61383614e-005 -3.61383617e-005  -3.61383626e-005
 -2.54351103e-001 -2.54351103e-001  -2.54351103e-001 -8.37460836e-002 -8.37460836e-002  -8.37460836e-002 -1.82578328e-001 -1.82578328e-001  -1.82578328e-001 -2.21269048e-001 -2.21269048e-001  -2.21269048e-001 2.20467487e-001 2.20467487e-001  2.20467487e-001
 8.21381865e-001 8.21381865e-001  8.21381865e-001 3.99612729e-001 3.99612729e-001  3.99612729e-001 -3.19699858e-001 -3.19699858e-001  -3.19699858e-001 2.04678071e-001 2.04678071e-001  2.04678071e-001 1.89159233e-001 1.89159233e-001  1.89159233e-001
 6.43214751e-001 6.43214751e-001  6.43214751e-001 4.29847370e-001 4.29847370e-001  4.29847370e-001 5.06113705e-001 5.06113705e-001  5.06113705e-001 3.82886383e-002 3.82886383e-002  3.82886383e-002 1.71340264e-002 1.71340264e-002  1.71340264e-002
 -1.92321676e-006 -1.92321676e-006  -1.92321676e-006
 -6.21665126e-001 -6.21656040e-001  -6.21633324e-001 -5.73726713e-001 -5.73701434e-001  -5.73638237e-001 -8.00227441e-001 -8.00210675e-001  -8.00168759e-001 -4.56507110e-001 -4.56471774e-001  -4.56383434e-001 -5.40064993e-001 -5.39983750e-001  -5.39780642e-001
 -7.41762466e-001 -7.41797039e-001  -7.41883470e-001 -1.17542338e+000 -1.17535896e+000  -1.17519791e+000 -1.51607137e+000 -1.51609394e+000  -1.51615035e+000 -5.70287343e-001 -5.70285767e-001  -5.70281828e-001 -1.13008302e+000 -1.13016906e+000  -1.13038416e+000
 -8.93932620e-001 -8.93932968e-001  -8.93933838e-001 -4.51672877e+000 -4.51673776e+000  -4.51676024e+000 -2.84454618e+000 -2.84454804e+000  -2.84455270e+000 -7.69853743e-002 -7.69899014e-002  -7.70012193e-002 -3.44184668e-002 -3.44241729e-002  -3.44384380e-002
 -5.51889457e-003 -5.51905214e-003  -5.51944604e-003
 4.15807494e-001 4.15768500e-001  4.15768505e-001 3.82067879e-001 3.81985886e-001  3.81985892e-001 3.18591257e-001 3.18527004e-001  3.18527011e-001 2.98176573e-001 2.98048052e-001  2.98048059e-001 6.01440392e-002 5.99710117e-002  5.99710305e-002
 -5.51743722e-001 -5.51634500e-001  -5.51634512e-001 -6.63245508e-001 -6.63518577e-001  -6.63518545e-001 -3.50776468e-001 -3.50603241e-001  -3.50603244e-001 -1.98410344e-001 -1.98502295e-001  -1.98502288e-001 -7.49824851e-001 -7.49679886e-001  -7.49679890e-001
 1.38087893e+000 1.38087796e+000  1.38087796e+000 -1.27723440e+000 -1.27706922e+000  -1.27706922e+000 2.28142363e+000 2.28142307e+000  2.28142310e+000 -9.85143529e-002 -9.84914354e-002  -9.84914393e-002 -5.54526253e-002 -5.54278584e-002  -5.54278616e-002
 -4.44379954e-004 -4.43644053e-004  -4.43644146e-004
 -1.39630497e-001 -1.39630497e-001  -1.39630497e-001 -2.14322438e-001 -2.14322438e-001  -2.14322438e-001 1.92808640e-001 1.92808640e-001  1.92808640e-001 -5.50298557e-001 -5.50298557e-001  -5.50298557e-001 4.60983069e-001 4.60983069e-001  4.60983069e-001
 1.08357665e+000 1.08357665e+000  1.08357665e+000 8.12393175e-001 8.12393175e-001  8.12393175e-001 1.00943923e+000 1.00943923e+000  1.00943923e+000 9.34409102e-001 9.34409102e-001  9.34409102e-001 7.82574504e-001 7.82574504e-001  7.82574504e-001
 8.84306401e-001 8.84306401e-001  8.84306401e-001 1.55025418e+000 1.55025418e+000  1.55025418e+000 5.40193645e-001 5.40193645e-001  5.40193645e-001 5.02364135e-002 5.02364135e-002  5.02364135e-002 4.36459207e-002 4.36459207e-002  4.36459207e-002
 1.38120516e-005 1.38120516e-005  1.38120516e-005
 -3.77641534e-001 -3.77671489e-001  -3.77648886e-001 1.89724376e-001 1.89667610e-001  1.89730681e-001 -4.06615986e-001 -4.06663548e-001  -4.06621812e-001 2.49209949e-001 2.49116726e-001  2.49204978e-001 -9.62451701e-001 -9.62543570e-001  -9.62340655e-001
 3.46170735e-001 3.46245562e-001  3.46159561e-001 -9.69409008e-001 -9.69617832e-001  -9.69457191e-001 -4.73019966e-001 -4.72868983e-001  -4.72924595e-001 3.27135604e-001 3.27045100e-001  3.27048726e-001 4.91234681e-001 4.91293803e-001  4.91079194e-001
 1.98318719e+000 1.98318592e+000  1.98318518e+000 -2.11244517e+000 -2.11228898e+000  -2.11231147e+000 1.41106929e+000 1.41106681e+000  1.41106203e+000 -2.44579428e-001 -2.44561002e-001  -2.44572233e-001 -1.27413677e-001 -1.27394586e-001  -1.27408779e-001
 -5.83335455e-003 -5.83277541e-003  -5.83316739e-003
 2.73887704e-001 2.73887751e-001  2.73887870e-001 -8.10461068e-002 -8.10460542e-002  -8.10459228e-002 4.64594218e-001 4.64594293e-001  4.64594480e-001 -2.45680412e-001 -2.45680374e-001  -2.45680279e-001 1.18006770e+000 1.18006778e+000  1.18006800e+000
 -4.26671350e-001 -4.26671526e-001  -4.26671968e-001 3.79784930e-001 3.79785105e-001  3.79785543e-001 1.13437552e+000 1.13437520e+000  1.13437439e+000 7.97380015e-001 7.97380144e-001  7.97380464e-001 -7.91394875e-001 -7.91395074e-001  -7.91395571e-001
 -9.37486879e-001 -9.37486928e-001  -9.37487052e-001 -2.96080624e+000 -2.96080623e+000  -2.96080622e+000 -1.76681427e+000 -1.76681421e+000  -1.76681406e+000 9.33177020e-002 9.33176658e-002  9.33175752e-002 6.70708915e-002 6.70708613e-002  6.70707859e-002
 -5.21822648e-005 -5.21830697e-005  -5.21850819e-005
 1.29242159e-001 1.29242159e-001  1.29242159e-001 -8.55036717e-002 -8.55036717e-002  -8.55036717e-002 1.40529506e-001 1.40529506e-001  1.40529506e-001 -1.66643936e-001 -1.66643936e-001  -1.66643936e-001 3.67140224e-001 3.67140224e-001  3.67140224e-001
 5.32444597e-001 5.32444597e-001  5.32444597e-001 2.83401295e-001 2.83401295e-001  2.83401295e-001 -7.40531824e-001 -7.40531824e-001  -7.40531824e-001 -1.22392449e-001 -1.22392449e-001  -1.22392449e-001 9.74179944e-002 9.74179944e-002  9.74179944e-002
 1.27832298e+000 1.27832298e+000  1.27832298e+000 1.84049241e+000 1.84049241e+000  1.84049241e+000 1.40194547e+000 1.40194547e+000  1.40194547e+000 2.59984127e-002 2.59984127e-002  2.59984127e-002 1.41176143e-002 1.41176143e-002  1.41176143e-002
 -6.39256603e-005 -6.39256603e-005  -6.39256603e-005
 -9.92129425e-001 -9.92128671e-001  -9.92126786e-001 -8.98070740e-001 -8.98068622e-001  -8.98063326e-001 -1.09110373e+000 -1.09110238e+000  -1.09109900e+000 -1.05031879e+000 -1.05031586e+000  -1.05030853e+000 -1.76639015e+000 -1.76638368e+000  -1.76636749e+000
 -1.44740190e+000 -1.44740554e+000  -1.44741465e+000 -1.13478841e+000 -1.13478277e+000  -1.13476868e+000 -3.13302290e+000 -3.13302740e+000  -3.13303864e+000 -5.72535784e-001 -5.72533856e-001  -5.72529036e-001 1.60149646e+000 1.60148962e+000  1.60147252e+000
 -5.71399044e-001 -5.71399047e-001  -5.71399052e-001 -9.49561128e+000 -9.49561196e+000  -9.49561366e+000 -1.01863293e+000 -1.01863400e+000  -1.01863669e+000 2.34025545e-002 2.34020151e-002  2.34006665e-002 -1.84649745e-003 -1.84713284e-003  -1.84872131e-003
 -2.09667104e-004 -2.09684825e-004  -2.09729125e-004
 -5.31794721e-002 -5.31803484e-002  -5.31810676e-002 -2.66745665e-002 -2.66767844e-002  -2.66792349e-002 9.58239899e-002 9.58226914e-002  9.58218698e-002 2.97423568e-001 2.97419332e-001  2.97413595e-001 7.86247308e-001 7.86243571e-001  7.86240757e-001
 2.38359203e-001 2.38367029e-001  2.38382473e-001 3.89800048e+000 3.89799348e+000  3.89798628e+000 4.04490591e-001 4.04502988e-001  4.04527443e-001 -2.58784748e+000 -2.58785870e+000  -2.58788330e+000 4.90312625e+000 4.90312985e+000  4.90313337e+000
 5.42237013e-001 5.42237006e-001  5.42237026e-001 2.26626993e+000 2.26627240e+000  2.26627232e+000 4.25713599e+000 4.25713491e+000  4.25713224e+000 -7.46892313e-002 -7.46876840e-002  -7.46846805e-002 -6.33870049e-002 -6.33854514e-002  -6.33825022e-002
 -1.98738795e-004 -1.98692101e-004  -1.98603138e-004
 -2.03145793e+000 -2.03147154e+000  -2.03145966e+000 -1.60489414e+000 -1.60491955e+000  -1.60488654e+000 -2.37741324e+000 -2.37743470e+000  -2.37741268e+000 -3.51895487e-003 -3.56134358e-003  -3.51598887e-003 -3.03065531e+000 -3.03069394e+000  -3.03058679e+000
 -1.02449725e-001 -1.02415501e-001  -1.02458549e-001 -1.70132350e+000 -1.70141839e+000  -1.70133408e+000 1.40514683e+000 1.40521738e+000  1.40518980e+000 -4.53646585e+000 -4.53650991e+000  -4.53651180e+000 2.27297495e+000 2.27299806e+000  2.27288514e+000
 -2.39508036e+000 -2.39508102e+000  -2.39508154e+000 4.09285629e+000 4.09292934e+000  4.09291748e+000 2.13685151e-001 2.13682971e-001  2.13678188e-001 -2.26583438e-001 -2.26574819e-001  -2.26580255e-001 -1.41703292e-001 -1.41694441e-001  -1.41701477e-001
 -4.18308908e-003 -4.18281950e-003  -4.18301208e-003
 -4.55033062e-001 -4.55056433e-001  -4.55044415e-001 -9.70263196e-002 -9.70722422e-002  -9.70389283e-002 -5.82442781e-001 -5.82480230e-001  -5.82457778e-001 1.27868892e+000 1.27861412e+000  1.27865929e+000 -1.68592542e+000 -1.68600648e+000  -1.68589656e+000
 -4.51302216e-001 -4.51238854e-001  -4.51277765e-001 -1.63863809e-001 -1.64027351e-001  -1.63942899e-001 1.30135942e-001 1.30253574e-001  1.30234726e-001 -8.06011213e-001 -8.06082163e-001  -8.06093427e-001 -3.26313759e-001 -3.26255465e-001  -3.26371606e-001
 -2.85122671e+000 -2.85122753e+000  -2.85122783e+000 2.27564928e+000 2.27576371e+000  2.27575137e+000 4.47569077e+000 4.47568826e+000  4.47568303e+000 -1.98632179e-001 -1.98617435e-001  -1.98621980e-001 -1.10951958e-001 -1.10936549e-001  -1.10942769e-001
 -3.98447356e-003 -3.98400882e-003  -3.98417643e-003
 -1.17495863e+000 -1.17498015e+000  -1.17497007e+000 -2.12994242e+000 -2.12998497e+000  -2.12995705e+000 -1.03972816e+000 -1.03976279e+000  -1.03974410e+000 -2.78600356e+000 -2.78607266e+000  -2.78603490e+000 -5.80778963e-001 -5.80855945e-001  -5.80764981e-001
 -3.10320968e-001 -3.10263516e-001  -3.10298794e-001 1.99230908e+000 1.99215882e+000  1.99223044e+000 -1.85762142e+000 -1.85751773e+000  -1.85754224e+000 2.47996071e-001 2.47934513e-001  2.47931233e-001 -3.51239838e+000 -3.51234184e+000  -3.51243793e+000
 2.79056691e-001 2.79055963e-001  2.79055731e-001 3.32875346e-001 3.32979529e-001  3.32969431e-001 4.67435105e-003 4.67113404e-003  4.66402031e-003 -1.23595778e-001 -1.23582513e-001  -1.23586891e-001 -8.20814689e-002 -8.20675464e-002  -8.20733086e-002
 -3.09086767e-003 -3.09044801e-003  -3.09060429e-003
 3.99808633e-001 3.99792013e-001  3.99804251e-001 6.12831250e-001 6.12799702e-001  6.12833930e-001 6.60471349e-001 6.60444874e-001  6.60467315e-001 1.07257767e+000 1.07252636e+000  1.07257535e+000 6.74660861e-001 6.74608750e-001  6.74717139e-001
 3.40278696e-001 3.40319030e-001  3.40269205e-001 1.75691596e+000 1.75680005e+000  1.75688693e+000 -9.46953852e-001 -9.46871979e-001  -9.46906230e-001 2.44539858e+000 2.44535088e+000  2.44535846e+000 -1.16455098e-001 -1.16421622e-001  -1.16537884e-001
 -4.07186424e+000 -4.07186479e+000  -4.07186485e+000 -4.17329876e+000 -4.17321241e+000  -4.17322437e+000 -4.61814338e-001 -4.61814596e-001  -4.61814458e-001 -3.08978510e-003 -3.07987031e-003  -3.08669589e-003 2.78592411e-002 2.78695650e-002  2.78612118e-002
 -3.16550920e-003 -3.16519648e-003  -3.16542976e-003
 -2.64539591e-001 -2.64561729e-001  -2.64541958e-001 -3.12968092e-001 -3.13008837e-001  -3.12952757e-001 -1.95591933e-001 -1.95627313e-001  -1.95591990e-001 -4.91038526e-001 -4.91102616e-001  -4.91015275e-001 7.69933707e-001 7.69867268e-001  7.70034476e-001
 -1.18647710e+000 -1.18643511e+000  -1.18654055e+000 1.10179372e+000 1.10163999e+000  1.10178168e+000 -7.22143744e-001 -7.22043901e-001  -7.22127968e-001 -1.46308406e-001 -1.46356430e-001  -1.46299366e-001 9.94657920e-001 9.94696507e-001  9.94513737e-001
 2.05722762e-002 2.05715303e-002  2.05715320e-002 1.64264610e+000 1.64276618e+000  1.64274818e+000 -2.22842523e+000 -2.22841742e+000  -2.22839682e+000 -1.59309186e-001 -1.59298057e-001  -1.59314382e-001 -8.01685238e-002 -8.01567735e-002  -8.01751068e-002
 -3.77556947e-003 -3.77521401e-003  -3.77574295e-003
 5.48752140e-001 5.48732370e-001  5.48752213e-001 6.57200349e-001 6.57164621e-001  6.57220947e-001 6.24746768e-001 6.24715263e-001  6.24750635e-001 3.42489948e-001 3.42433937e-001  3.42522201e-001 6.38257556e-001 6.38201464e-001  6.38368589e-001
 7.12159186e-001 7.12193598e-001  7.12085611e-001 -1.92536216e+000 -1.92549923e+000  -1.92535687e+000 1.97596266e+000 1.97605095e+000  1.97596398e+000 2.68361700e-001 2.68320864e-001  2.68382110e-001 9.37497198e-001 9.37527075e-001  9.37344272e-001
 1.26150470e+000 1.26150401e+000  1.26150399e+000 -2.10541425e+000 -2.10530407e+000  -2.10532205e+000 1.10491928e+000 1.10492783e+000  1.10495020e+000 -1.45557748e-001 -1.45548200e-001  -1.45565041e-001 -5.42621967e-002 -5.42521256e-002  -5.42709427e-002
 -3.82284127e-003 -3.82253596e-003  -3.82307991e-003
 -1.92128789e-001 -1.92152387e-001  -1.92133390e-001 -5.29443482e-001 -5.29487440e-001  -5.29433344e-001 -2.19842539e-001 -2.19880438e-001  -2.19846674e-001 -1.37347340e+000 -1.37354164e+000  -1.37345522e+000 2.52449971e-001 2.52375143e-001  2.52534146e-001
 -9.41870578e-001 -9.41825778e-001  -9.41932232e-001 -7.33171381e-002 -7.34812736e-002  -7.33454507e-002 2.77741729e-001 2.77847241e-001  2.77764566e-001 -1.87532259e-001 -1.87580559e-001  -1.87517402e-001 -2.28191008e+000 -2.28186423e+000  -2.28203955e+000
 -2.99557419e+000 -2.99557490e+000  -2.99557475e+000 2.96329114e+000 2.96341645e+000  2.96339936e+000 -2.95244202e-001 -2.95233615e-001  -2.95206012e-001 -1.08279960e-001 -1.08268349e-001  -1.08285159e-001 -5.05663276e-002 -5.05539560e-002  -5.05725635e-002
 -3.06183926e-003 -3.06146665e-003  -3.06200703e-003
 3.63640558e-002 3.63522480e-002  3.63706357e-002 -2.20712562e-001 -2.20731862e-001  -2.20679378e-001 2.39789804e-001 2.39771192e-001  2.39803602e-001 -4.17504144e-001 -4.17533360e-001  -4.17448507e-001 1.15980850e+000 1.15978416e+000  1.15993588e+000
 9.70502894e-001 9.70512676e-001  9.70402947e-001 1.39280721e+000 1.39272604e+000  1.39285860e+000 1.26710023e+000 1.26714840e+000  1.26705601e+000 1.04797183e+000 1.04795640e+000  1.04803079e+000 1.00871040e+000 1.00871475e+000  1.00854751e+000
 4.53236056e-002 4.53231221e-002  4.53231038e-002 1.67482989e+000 1.67490461e+000  1.67488848e+000 2.63841621e+000 2.63842712e+000  2.63845509e+000 -8.51724031e-002 -8.51682053e-002  -8.51858670e-002 -5.03369293e-002 -5.03324841e-002  -5.03517990e-002
 -2.99590795e-003 -2.99577144e-003  -2.99633429e-003
 -3.56465919e-001 -3.56485501e-001  -3.56469818e-001 -2.69322442e-001 -2.69359348e-001  -2.69315701e-001 -3.24173143e-001 -3.24204122e-001  -3.24175065e-001 -3.70028165e-001 -3.70088805e-001  -3.70027368e-001 4.79196300e-001 4.79137991e-001  4.79279035e-001
 -9.40621425e-001 -9.40571853e-001  -9.40628974e-001 1.21050915e+000 1.21037214e+000  1.21048225e+000 -1.17669533e+000 -1.17659243e+000  -1.17662233e+000 -2.18077161e-002 -2.18700199e-002  -2.18733599e-002 7.03914693e-001 7.03950685e-001  7.03800378e-001
 -1.14652319e+000 -1.14652398e+000  -1.14652436e+000 8.20405814e-001 8.20509035e-001  8.20493286e-001 -2.11989119e+000 -2.11989149e+000  -2.11989129e+000 -1.20534530e-001 -1.20522261e-001  -1.20529579e-001 -6.52007088e-002 -6.51880253e-002  -6.51973712e-002
 -3.23015734e-003 -3.22977246e-003  -3.23003012e-003
 5.77994134e-001 5.77977557e-001  5.77993286e-001 8.45473025e-001 8.45442473e-001  8.45486307e-001 5.89283444e-001 5.89257377e-001  5.89286416e-001 5.44869788e-001 5.44819383e-001  5.44881800e-001 1.73170632e-001 1.73125378e-001  1.73265928e-001
 1.27502809e+000 1.27506809e+000  1.27500794e+000 -2.73859373e+000 -2.73870962e+000  -2.73859897e+000 2.00634556e+000 2.00643377e+000  2.00640033e+000 2.95964895e-001 2.95911726e-001  2.95913616e-001 4.14804734e-001 4.14829775e-001  4.14679843e-001
 1.76941207e-001 1.76940477e-001  1.76940071e-001 -4.10268856e+000 -4.10259796e+000  -4.10261364e+000 1.78513992e+000 1.78514055e+000  1.78514295e+000 -1.03019296e-001 -1.03009032e-001  -1.03016974e-001 -3.26860108e-002 -3.26754553e-002  -3.26853790e-002
 -3.28115132e-003 -3.28083001e-003  -3.28110568e-003
 -2.73077784e-001 -2.73099805e-001  -2.73084684e-001 -5.36304521e-001 -5.36346646e-001  -5.36304410e-001 -3.57370748e-001 -3.57405832e-001  -3.57377917e-001 -1.45209299e+000 -1.45216098e+000  -1.45209967e+000 -1.77260059e-001 -1.77330648e-001  -1.77195749e-001
 -6.00319591e-001 -6.00264317e-001  -6.00322683e-001 -3.07123235e-001 -3.07277564e-001  -3.07171987e-001 2.26699259e-002 2.27836271e-002  2.27561625e-002 -5.02197688e-002 -5.02853211e-002  -5.02837337e-002 -3.36215426e+000 -3.36210794e+000  -3.36225298e+000
 -4.73130122e+000 -4.73130201e+000  -4.73130226e+000 2.13228591e+000 2.13239876e+000  2.13238366e+000 3.21155183e-001 3.21157769e-001  3.21165254e-001 -5.85998707e-002 -5.85864900e-002  -5.85942805e-002 -2.84137738e-002 -2.83998005e-002  -2.84094368e-002
 -2.52317949e-003 -2.52275749e-003  -2.52302680e-003
 -3.43733142e-002 -3.43809138e-002  -3.43672517e-002 -1.98825114e-001 -1.98837279e-001  -1.98799019e-001 1.28561871e-001 1.28550330e-001  1.28575296e-001 -3.44281894e-001 -3.44302413e-001  -3.44246067e-001 7.83068520e-001 7.83058479e-001  7.83178301e-001
 1.50773410e+000 1.50774708e+000  1.50768804e+000 1.25636321e+000 1.25631034e+000  1.25640688e+000 1.01902495e+000 1.01906810e+000  1.01903091e+000 1.23327065e+000 1.23324551e+000  1.23325966e+000 4.44575459e-001 4.44572625e-001  4.44444126e-001
 -1.07874792e+000 -1.07874841e+000  -1.07874884e+000 3.26327147e-001 3.26377191e-001  3.26363954e-001 3.44397356e+000 3.44397628e+000  3.44398356e+000 -3.01814458e-002 -3.01771047e-002  -3.01854476e-002 -2.67547154e-002 -2.67503918e-002  -2.67603273e-002
 -2.35162416e-003 -2.35148986e-003  -2.35177050e-003
 -5.52976645e-001 -5.52978304e-001  -5.52982451e-001 -4.20661562e-001 -4.20667103e-001  -4.20680957e-001 -5.82993782e-001 -5.82995681e-001  -5.83000430e-001 -3.09304562e-001 -3.09320208e-001  -3.09359324e-001 -9.19620343e-001 -9.19625573e-001  -9.19638646e-001
 6.83340527e-001 6.83376468e-001  6.83466321e-001 -9.34264973e-001 -9.34278865e-001  -9.34313593e-001 1.77368470e-001 1.77411455e-001  1.77518919e-001 8.90153058e-001 8.90098982e-001  8.89963793e-001 -2.13760822e+000 -2.13759803e+000  -2.13757256e+000
 -3.74674995e+000 -3.74675043e+000  -3.74675164e+000 -6.08858201e+000 -6.08858197e+000  -6.08858187e+000 1.78380046e-001 1.78360214e-001  1.78310634e-001 1.01119727e-002 1.01191237e-002  1.01370012e-002 8.92770136e-003 8.93455263e-003  8.95168082e-003
 -3.46586252e-004 -3.46375907e-004  -3.45850043e-004
 2.67091288e-001 2.67091339e-001  2.67091467e-001 4.12582707e-001 4.12582772e-001  4.12582935e-001 1.95848201e-001 1.95848280e-001  1.95848477e-001 3.07804404e-001 3.07804489e-001  3.07804701e-001 -2.00639928e-001 -2.00639810e-001  -2.00639516e-001
 5.92531767e-002 5.92529360e-002  5.92523341e-002 -1.64554598e-001 -1.64554323e-001  -1.64553637e-001 -2.02576179e+000 -2.02576212e+000  -2.02576294e+000 -1.04320916e+000 -1.04320898e+000  -1.04320853e+000 5.55724139e-001 5.55723840e-001  5.55723094e-001
 3.39166019e+000 3.39166021e+000  3.39166026e+000 1.98493282e+000 1.98493276e+000  1.98493261e+000 1.28506589e+000 1.28506596e+000  1.28506614e+000 9.78909745e-002 9.78909204e-002  9.78907850e-002 4.49934273e-002 4.49933804e-002  4.49932633e-002
 -3.56929220e-004 -3.56930554e-004  -3.56933887e-004
 -4.95460781e-001 -4.95460765e-001  -4.95460726e-001 -1.15587541e+000 -1.15587538e+000  -1.15587531e+000 -6.08486218e-001 -6.08486201e-001  -6.08486160e-001 -1.80896429e+000 -1.80896425e+000  -1.80896413e+000 -9.63205833e-003 -9.63196580e-003  -9.63173447e-003
 -4.42415267e-001 -4.42415652e-001  -4.42416615e-001 -6.63076184e-001 -6.63076157e-001  -6.63076090e-001 -9.65169404e-001 -9.65169880e-001  -9.65171071e-001 -1.22501900e+000 -1.22501885e+000  -1.22501848e+000 -5.02534636e-001 -5.02534967e-001  -5.02535794e-001
 4.02357616e+000 4.02357624e+000  4.02357643e+000 -2.09909319e-001 -2.09909314e-001  -2.09909300e-001 -1.34418287e+000 -1.34418238e+000  -1.34418114e+000 -1.36619028e-001 -1.36619094e-001  -1.36619258e-001 -5.85509036e-002 -5.85509771e-002  -5.85511609e-002
 -3.70726205e-003 -3.70726455e-003  -3.70727082e-003
 6.05400707e-001 6.05372391e-001  6.05399092e-001 9.57174878e-001 9.57123612e-001  9.57200435e-001 9.35665330e-001 9.35619648e-001  9.35666081e-001 1.36035562e+000 1.36027795e+000  1.36040508e+000 1.39913390e+000 1.39904713e+000  1.39926281e+000
 -1.92269328e-001 -1.92229993e-001  -1.92404725e-001 1.08311788e+000 1.08292282e+000  1.08311787e+000 2.33331113e+000 2.33341961e+000  2.33325774e+000 1.95060273e+000 1.95056610e+000  1.95070442e+000 1.42356075e+000 1.42361012e+000  1.42337111e+000
 -1.83109910e+000 -1.83110003e+000  -1.83109994e+000 5.65643299e-001 5.65799503e-001  5.65777059e-001 3.83260997e-001 3.83277842e-001  3.83321372e-001 -9.66472328e-002 -9.66358735e-002  -9.66647730e-002 -4.15953964e-002 -4.15830665e-002  -4.16141621e-002
 -1.53868496e-003 -1.53831312e-003  -1.53922339e-003
 -1.03796199e+000 -1.03792573e+000 -1.03795011e+000
 -1.67410734e+000 -1.67405954e+000 -1.67410684e+000
 -1.35276346e+000 -1.35271417e+000 -1.35275006e+000
 -2.82996663e+000 -2.82992272e+000 -2.82996182e+000
 -2.76612647e+000 -2.76605764e+000 -2.76621568e+000
 2.28046937e+000 2.28051940e+000 2.28048337e+000
 -4.41532366e+000 -4.41523128e+000 -4.41527686e+000
 4.79913733e+000 4.79924629e+000 4.79900068e+000
 -3.54928752e+000 -3.54914832e+000 -3.54935425e+000
 3.06241408e+000 3.06241994e+000 3.06227629e+000
 -4.37413056e+000 -4.37413024e+000 -4.37412997e+000
 3.73847633e+000 3.73866758e+000 3.73866150e+000
 -3.80360216e+000 -3.80341350e+000 -3.80356877e+000
 5.69690065e-001 5.69731455e-001 5.69709132e-001
 4.45069320e-001 4.45134241e-001 4.45088321e-001
 1.16419837e-002 1.17359472e-002 1.16629785e-002
