  1.5443e+000  1.9593e-001  1.0728e+000 -2.7891e-001  1.8387e-001
 -2.3114e-001 -2.5931e-001 -8.0185e-001 -1.6268e-001  6.7604e-001
  2.8552e-002 -3.8532e-003 -1.7966e-003 -7.1433e-004 -2.8582e-004
  3.0211e+000
 2.14921252e-001 2.14921252e-001  2.14921252e-001 9.22368390e-001 9.22368390e-001  9.22368390e-001 -1.99344955e+000 -1.99344955e+000  -1.99344955e+000 2.20906811e-001 2.20906811e-001  2.20906811e-001 8.68845146e-001 8.68845146e-001  8.68845146e-001
 5.76896403e-001 5.76896403e-001  5.76896403e-001 4.48922588e-001 4.48922588e-001  4.48922588e-001 -2.70556170e+000 -2.70556170e+000  -2.70556170e+000 -2.61835672e-001 -2.61835672e-001  -2.61835672e-001 -1.35988057e-001 -1.35988057e-001  -1.35988057e-001
 -2.54315150e-001 -2.54315150e-001  -2.54315150e-001 2.15603607e-002 2.15603607e-002  2.15603607e-002 -2.26135365e-004 -2.26135365e-004  -2.26135365e-004 -1.85720778e-003 -1.85720778e-003  -1.85720778e-003 -5.15844845e-004 -5.15844845e-004  -5.15844845e-004
 2.66596474e+000 2.66596474e+000  2.66596474e+000 2.78141869e-001 2.78141869e-001  2.78141869e-001 -5.56942336e-001 -5.56942336e-001  -5.56942336e-001 3.32598170e-002 3.32598170e-002  3.32598170e-002 3.60226597e+000 3.60226597e+000  3.60226597e+000
 5.62391355e-002 5.62391355e-002  5.62391355e-002 3.18288326e-001 3.18288326e-001  3.18288326e-001 -1.35094583e-001 -1.35094583e-001  -1.35094583e-001 -1.01667937e+000 -1.01667937e+000  -1.01667937e+000 2.66076060e+000 2.66076060e+000  2.66076060e+000
 2.57104344e-002 2.57104344e-002  2.57104344e-002 -9.71249254e-003 -9.71249254e-003  -9.71249254e-003 1.28105230e-004 1.28105230e-004  1.28105230e-004 1.05256465e-003 1.05256465e-003  1.05256465e-003 2.98934610e-004 2.98934610e-004  2.98934610e-004
 1.11023711e+000 1.11023711e+000  1.11023711e+000 -9.06293306e-001 -9.06293306e-001  -9.06293306e-001 -2.04945726e+000 -2.04945726e+000  -2.04945726e+000 -4.89638958e-001 -4.89638958e-001  -4.89638958e-001 -1.94425639e+000 -1.94425639e+000  -1.94425639e+000
 -1.77927197e+000 -1.77927197e+000  -1.77927197e+000 -1.70129713e+000 -1.70129713e+000  -1.70129713e+000 3.43388927e-001 3.43388927e-001  3.43388927e-001 1.84467133e+000 1.84467133e+000  1.84467133e+000 -5.05123448e-001 -5.05123448e-001  -5.05123448e-001
 1.44138574e-001 1.44138574e-001  1.44138574e-001 9.05558664e-003 9.05558664e-003  9.05558664e-003 -1.56291894e-003 -1.56291894e-003  -1.56291894e-003 -1.93667482e-003 -1.93667482e-003  -1.93667482e-003 -5.78473149e-004 -5.78473149e-004  -5.78473149e-004
 4.56257741e-001 4.56257741e-001  4.56257741e-001 2.11523313e-001 2.11523313e-001  2.11523313e-001 5.49028235e+000 5.49028235e+000  5.49028235e+000 -4.13566444e-001 -4.13566444e-001  -4.13566444e-001 -5.28088316e-001 -5.28088316e-001  -5.28088316e-001
 2.76759140e-001 2.76759140e-001  2.76759140e-001 2.33567588e+000 2.33567588e+000  2.33567588e+000 2.30132397e+000 2.30132397e+000  2.30132397e+000 -5.83322412e-001 -5.83322412e-001  -5.83322412e-001 2.46647456e+000 2.46647456e+000  2.46647456e+000
 1.21895759e-001 1.21895759e-001  1.21895759e-001 -1.79741713e-002 -1.79741713e-002  -1.79741713e-002 -8.29626689e-004 -8.29626689e-004  -8.29626689e-004 1.17959486e-003 1.17959486e-003  1.17959486e-003 2.76594643e-004 2.76594643e-004  2.76594643e-004
 -1.96397591e+000 -1.96397528e+000  -1.96397497e+000 -3.65255108e-001 -3.65254939e-001  -3.65254923e-001 7.71840490e-001 7.71840631e-001  7.71840994e-001 6.66215118e-002 6.66221319e-002  6.66225967e-002 -1.61891014e+000 -1.61891010e+000  -1.61890996e+000
 2.36198332e-001 2.36197400e-001  2.36196832e-001 -1.72467952e+000 -1.72467894e+000  -1.72467871e+000 -1.47539834e+000 -1.47539838e+000  -1.47539877e+000 -1.23050085e-001 -1.23049970e-001  -1.23049234e-001 -3.83929646e+000 -3.83929702e+000  -3.83929730e+000
 -5.32459698e-003 -5.32494017e-003  -5.32522167e-003 -8.97343597e-003 -8.97341306e-003  -8.97339461e-003 -3.65092945e-004 -3.65097199e-004  -3.65100624e-004 3.74432792e-004 3.74425912e-004  3.74420375e-004 4.97234745e-005 4.97200866e-005  4.97173596e-005
 -1.59013703e-001 -1.59013703e-001  -1.59013703e-001 -7.50590911e-001 -7.50590911e-001  -7.50590911e-001 -2.67232628e+000 -2.67232628e+000  -2.67232628e+000 -5.73697548e-002 -5.73697548e-002  -5.73697548e-002 -8.03074448e-001 -8.03074448e-001  -8.03074448e-001
 8.85850830e-002 8.85850830e-002  8.85850830e-002 1.57645495e-001 1.57645495e-001  1.57645495e-001 -2.81371354e-001 -2.81371354e-001  -2.81371354e-001 4.79810280e-001 4.79810280e-001  4.79810280e-001 1.66340894e+000 1.66340894e+000  1.66340894e+000
 -2.04426281e-001 -2.04426281e-001  -2.04426281e-001 1.71381241e-002 1.71381241e-002  1.71381241e-002 6.09624485e-004 6.09624485e-004  6.09624485e-004 -7.28961187e-004 -7.28961187e-004  -7.28961187e-004 -1.56661760e-004 -1.56661760e-004  -1.56661760e-004
 2.84884238e+000 2.84884238e+000  2.84884238e+000 -7.81024888e-001 -7.81024888e-001  -7.81024888e-001 -1.27396795e+000 -1.27396795e+000  -1.27396795e+000 -9.34533294e-001 -9.34533294e-001  -9.34533294e-001 1.25977778e+000 1.25977778e+000  1.25977778e+000
 8.24526765e-001 8.24526765e-001  8.24526765e-001 -4.39460370e-001 -4.39460370e-001  -4.39460370e-001 6.79120426e-001 6.79120426e-001  6.79120426e-001 -9.32663630e-003 -9.32663630e-003  -9.32663630e-003 -6.82397048e-001 -6.82397048e-001  -6.82397048e-001
 3.39305627e-001 3.39305627e-001  3.39305627e-001 -2.71168033e-002 -2.71168033e-002  -2.71168033e-002 -7.44366608e-004 -7.44366608e-004  -7.44366608e-004 9.01598681e-004 9.01598681e-004  9.01598681e-004 1.46995591e-004 1.46995591e-004  1.46995591e-004
 -2.48581870e-001 -2.48581870e-001  -2.48581870e-001 1.26665333e+000 1.26665333e+000  1.26665333e+000 -6.33693232e-001 -6.33693232e-001  -6.33693232e-001 3.22453989e-001 3.22453989e-001  3.22453989e-001 -8.14608517e-001 -8.14608517e-001  -8.14608517e-001
 1.23826853e+000 1.23826853e+000  1.23826853e+000 2.79529597e+000 2.79529597e+000  2.79529597e+000 -1.62887727e+000 -1.62887727e+000  -1.62887727e+000 -1.80892525e+000 -1.80892525e+000  -1.80892525e+000 2.17073293e+000 2.17073293e+000  2.17073293e+000
 3.19273002e-001 3.19273002e-001  3.19273002e-001 -1.57521713e-002 -1.57521713e-002  -1.57521713e-002 -1.26503891e-003 -1.26503891e-003  -1.26503891e-003 -4.91013553e-004 -4.91013553e-004  -4.91013553e-004 -1.91013594e-004 -1.91013594e-004  -1.91013594e-004
 -2.45436358e+000 -2.45436358e+000  -2.45436358e+000 1.09727122e-001 1.09727122e-001  1.09727122e-001 -2.00000967e-001 -2.00000967e-001  -2.00000967e-001 1.50479269e-001 1.50479269e-001  1.50479269e-001 7.97117558e-001 7.97117558e-001  7.97117558e-001
 -4.19936178e-001 -4.19936178e-001  -4.19936178e-001 6.20205269e-001 6.20205269e-001  6.20205269e-001 1.64545860e-001 1.64545860e-001  1.64545860e-001 -2.18851485e+000 -2.18851485e+000  -2.18851485e+000 -7.32079420e-001 -7.32079420e-001  -7.32079420e-001
 8.59577166e-002 8.59577166e-002  8.59577166e-002 -5.64322070e-003 -5.64322070e-003  -5.64322070e-003 -1.66994444e-004 -1.66994444e-004  -1.66994444e-004 -1.22074982e-004 -1.22074982e-004  -1.22074982e-004 -2.95794987e-005 -2.95794987e-005  -2.95794987e-005
 -4.25001742e-001 -4.25001742e-001  -4.25001742e-001 -1.55646738e+000 -1.55646738e+000  -1.55646738e+000 1.76863754e+000 1.76863754e+000  1.76863754e+000 -2.45730586e-001 -2.45730586e-001  -2.45730586e-001 -1.27663202e+000 -1.27663202e+000  -1.27663202e+000
 7.71358340e-001 7.71358340e-001  7.71358340e-001 1.17769410e+000 1.17769410e+000  1.17769410e+000 5.56095882e-001 5.56095882e-001  5.56095882e-001 1.80925448e+000 1.80925448e+000  1.80925448e+000 2.22287152e+000 2.22287152e+000  2.22287152e+000
 -1.91288271e-002 -1.91288271e-002  -1.91288271e-002 -6.24007250e-003 -6.24007250e-003  -6.24007250e-003 8.03133835e-004 8.03133835e-004  8.03133835e-004 1.87673915e-003 1.87673915e-003  1.87673915e-003 5.34026563e-004 5.34026563e-004  5.34026563e-004
 2.14251985e+000 2.14251985e+000  2.14251985e+000 1.13359800e+000 1.13359800e+000  1.13359800e+000 -1.74241537e+000 -1.74241537e+000  -1.74241537e+000 3.97067828e-002 3.97067828e-002  3.97067828e-002 -1.43367615e+000 -1.43367615e+000  -1.43367615e+000
 -1.73884816e+000 -1.73884816e+000  -1.73884816e+000 -1.40914332e+000 -1.40914332e+000  -1.40914332e+000 -2.61157244e-001 -2.61157244e-001  -2.61157244e-001 -6.30619389e-001 -6.30619389e-001  -6.30619389e-001 -1.17176227e+000 -1.17176227e+000  -1.17176227e+000
 -2.38025828e-001 -2.38025828e-001  -2.38025828e-001 2.69049451e-003 2.69049451e-003  2.69049451e-003 -3.51123769e-006 -3.51123769e-006  -3.51123769e-006 -1.08517455e-005 -1.08517455e-005  -1.08517455e-005 -7.33761255e-005 -7.33761255e-005  -7.33761255e-005
 -1.31901667e+000 -1.31901667e+000  -1.31901667e+000 -6.03347273e-001 -6.03347273e-001  -6.03347273e-001 -2.56417619e-001 -2.56417619e-001  -2.56417619e-001 2.12481269e-001 2.12481269e-001  2.12481269e-001 2.51498372e-001 2.51498372e-001  2.51498372e-001
 6.77602636e-001 6.77602636e-001  6.77602636e-001 -1.00806270e+000 -1.00806270e+000  -1.00806270e+000 -2.05799297e+000 -2.05799297e+000  -2.05799297e+000 4.39632523e-001 4.39632523e-001  4.39632523e-001 -2.45474532e+000 -2.45474532e+000  -2.45474532e+000
 7.86005875e-002 7.86005875e-002  7.86005875e-002 -5.58889562e-003 -5.58889562e-003  -5.58889562e-003 -4.64195963e-004 -4.64195963e-004  -4.64195963e-004 -1.12103529e-004 -1.12103529e-004  -1.12103529e-004 -7.67549253e-005 -7.67549253e-005  -7.67549253e-005
 -2.53168225e+000 -2.53168225e+000  -2.53168225e+000 -2.78596297e-001 -2.78596297e-001  -2.78596297e-001 1.47483288e-001 1.47483288e-001  1.47483288e-001 4.10963944e-002 4.10963944e-002  4.10963944e-002 -2.02176955e-002 -2.02176955e-002  -2.02176955e-002
 5.75399324e-001 5.75399324e-001  5.75399324e-001 9.84359938e-001 9.84359938e-001  9.84359938e-001 -6.17521123e-001 -6.17521123e-001  -6.17521123e-001 8.88330186e-001 8.88330186e-001  8.88330186e-001 -9.64792282e-001 -9.64792282e-001  -9.64792282e-001
 -2.80691736e-001 -2.80691736e-001  -2.80691736e-001 1.85187956e-002 1.85187956e-002  1.85187956e-002 1.24523436e-004 1.24523436e-004  1.24523436e-004 -1.38501325e-003 -1.38501325e-003  -1.38501325e-003 -3.35257648e-004 -3.35257648e-004  -3.35257648e-004
 -1.82639147e-001 -1.82639147e-001  -1.82639147e-001 5.60153077e-001 5.60153077e-001  5.60153077e-001 -1.46815391e+000 -1.46815391e+000  -1.46815391e+000 8.04549694e-002 8.04549694e-002  8.04549694e-002 6.06488666e-001 6.06488666e-001  6.06488666e-001
 -1.19814248e+000 -1.19814248e+000  -1.19814248e+000 5.19381742e-002 5.19381742e-002  5.19381742e-002 -1.73682876e+000 -1.73682876e+000  -1.73682876e+000 4.16355852e-001 4.16355852e-001  4.16355852e-001 -1.84207254e-001 -1.84207254e-001  -1.84207254e-001
 2.88966106e-001 2.88966106e-001  2.88966106e-001 -1.89804022e-002 -1.89804022e-002  -1.89804022e-002 -3.05569782e-004 -3.05569782e-004  -3.05569782e-004 1.24881105e-003 1.24881105e-003  1.24881105e-003 2.86516389e-004 2.86516389e-004  2.86516389e-004
 1.52268756e+000 1.52268756e+000  1.52268756e+000 4.34465306e-001 4.34465306e-001  4.34465306e-001 -1.68205598e-001 -1.68205598e-001  -1.68205598e-001 2.72552564e-002 2.72552564e-002  2.72552564e-002 5.64333985e-001 5.64333985e-001  5.64333985e-001
 7.04626294e-001 7.04626294e-001  7.04626294e-001 -3.03773485e-001 -3.03773485e-001  -3.03773485e-001 -1.62608282e+000 -1.62608282e+000  -1.62608282e+000 -1.33082274e+000 -1.33082274e+000  -1.33082274e+000 1.57951252e-001 1.57951252e-001  1.57951252e-001
 3.00493009e-001 3.00493009e-001  3.00493009e-001 -3.81506265e-002 -3.81506265e-002  -3.81506265e-002 -1.12235261e-003 -1.12235261e-003  -1.12235261e-003 1.91428681e-003 1.91428681e-003  1.91428681e-003 3.54299504e-004 3.54299504e-004  3.54299504e-004
 1.74122149e+000 1.74122149e+000  1.74122149e+000 9.14512063e-002 9.14512063e-002  9.14512063e-002 -2.96493576e-001 -2.96493576e-001  -2.96493576e-001 1.31011104e-001 1.31011104e-001  1.31011104e-001 -5.37705583e-002 -5.37705583e-002  -5.37705583e-002
 3.53975241e-002 3.53975241e-002  3.53975241e-002 -4.16879639e-001 -4.16879639e-001  -4.16879639e-001 8.59529358e-001 8.59529358e-001  8.59529358e-001 3.60775200e-002 3.60775200e-002  3.60775200e-002 9.18819943e-001 9.18819943e-001  9.18819943e-001
 -1.36500018e-001 -1.36500018e-001  -1.36500018e-001 9.49316750e-003 9.49316750e-003  9.49316750e-003 3.70858730e-004 3.70858730e-004  3.70858730e-004 -3.28191719e-004 -3.28191719e-004  -3.28191719e-004 -4.28568248e-005 -4.28568248e-005  -4.28568248e-005
 -6.57213560e-001 -6.57213560e-001  -6.57213560e-001 1.36507405e-001 1.36507405e-001  1.36507405e-001 7.84424007e-001 7.84424007e-001  7.84424007e-001 -6.57901146e-001 -6.57901146e-001  -6.57901146e-001 -6.70309725e-001 -6.70309725e-001  -6.70309725e-001
 -1.64044174e+000 -1.64044174e+000  -1.64044174e+000 -6.44305381e-001 -6.44305381e-001  -6.44305381e-001 -2.92652926e-001 -2.92652926e-001  -2.92652926e-001 -7.05506147e-001 -7.05506147e-001  -7.05506147e-001 -1.02688360e+000 -1.02688360e+000  -1.02688360e+000
 -2.66968024e-001 -2.66968024e-001  -2.66968024e-001 2.01941355e-002 2.01941355e-002  2.01941355e-002 2.36101805e-004 2.36101805e-004  2.36101805e-004 -1.42412174e-003 -1.42412174e-003  -1.42412174e-003 -3.35428639e-004 -3.35428639e-004  -3.35428639e-004
 1.46077442e+000 1.46077443e+000  1.46077474e+000 1.40125069e+000 1.40125069e+000  1.40125071e+000 9.42517872e-001 9.42517879e-001  9.42518242e-001 7.62555574e-001 7.62555583e-001  7.62556048e-001 2.78970421e+000 2.78970422e+000  2.78970435e+000
 1.90524313e+000 1.90524312e+000  1.90524255e+000 1.01000110e+000 1.01000110e+000  1.01000133e+000 1.70571940e+000 1.70571940e+000  1.70571901e+000 -8.28626072e-002 -8.28625932e-002  -8.28618577e-002 9.42118465e-001 9.42118459e-001  9.42118176e-001
 -1.50407904e-001 -1.50407910e-001  -1.50408191e-001 5.84667305e-003 5.84667341e-003  5.84669186e-003 6.96068803e-004 6.96068738e-004  6.96065313e-004 5.66779000e-004 5.66778895e-004  5.66773357e-004 1.78250689e-004 1.78250637e-004  1.78247911e-004
 -1.00299761e+000 -1.00299699e+000  -1.00299699e+000 -3.14655657e-002 -3.14653970e-002  -3.14653970e-002 1.66076324e+000 1.66076337e+000  1.66076337e+000 -1.74687480e-003 -1.74626356e-003  -1.74626356e-003 -1.82661394e+000 -1.82661389e+000  -1.82661389e+000
 -1.53443349e+000 -1.53443441e+000  -1.53443441e+000 2.35974773e-001 2.35975350e-001  2.35975350e-001 -4.25295150e-001 -4.25295186e-001  -4.25295186e-001 1.82949196e+000 1.82949206e+000  1.82949206e+000 -4.43987432e-001 -4.43987990e-001  -4.43987990e-001
 1.78549065e-001 1.78548728e-001  1.78548728e-001 -1.77309787e-002 -1.77309562e-002  -1.77309562e-002 -3.61405343e-004 -3.61409533e-004  -3.61409533e-004 1.08608024e-003 1.08607346e-003  1.08607346e-003 2.39089372e-004 2.39086036e-004  2.39086036e-004
 1.00595320e+000 1.00595320e+000  1.00595320e+000 -7.85612717e-001 -7.85612717e-001  -7.85612717e-001 2.07961432e-001 2.07961432e-001  2.07961432e-001 -1.34255470e+000 -1.34255470e+000  -1.34255470e+000 -5.87850696e-001 -5.87850696e-001  -5.87850696e-001
 3.81274426e-001 3.81274426e-001  3.81274426e-001 -1.76806379e+000 -1.76806379e+000  -1.76806379e+000 4.65872910e-001 4.65872910e-001  4.65872910e-001 4.59411714e+000 4.59411714e+000  4.59411714e+000 9.01930874e-001 9.01930874e-001  9.01930874e-001
 3.47567908e-002 3.47567908e-002  3.47567908e-002 1.99259355e-005 1.99259355e-005  1.99259355e-005 -2.23379029e-004 -2.23379029e-004  -2.23379029e-004 7.37064508e-005 7.37064508e-005  7.37064508e-005 -1.15213346e-005 -1.15213346e-005  -1.15213346e-005
 -2.47814269e+000 -2.47814269e+000  -2.47814269e+000 -5.81480757e-002 -5.81480757e-002  -5.81480757e-002 6.19557716e-001 6.19557716e-001  6.19557716e-001 6.92625316e-002 6.92625316e-002  6.92625316e-002 -1.87716821e+000 -1.87716821e+000  -1.87716821e+000
 3.29553505e-001 3.29553505e-001  3.29553505e-001 9.77335590e-001 9.77335590e-001  9.77335590e-001 -6.68387454e-001 -6.68387454e-001  -6.68387454e-001 4.00149471e-001 4.00149471e-001  4.00149471e-001 -5.92145121e-001 -5.92145121e-001  -5.92145121e-001
 -1.50607870e-001 -1.50607870e-001  -1.50607870e-001 5.75371051e-003 5.75371051e-003  5.75371051e-003 4.40884897e-004 4.40884897e-004  4.40884897e-004 3.61655033e-004 3.61655033e-004  3.61655033e-004 1.36593960e-004 1.36593960e-004  1.36593960e-004
 -8.20123583e-001 -8.20123583e-001  -8.20123583e-001 -6.85307563e-001 -6.85307563e-001  -6.85307563e-001 1.02048262e+000 1.02048262e+000  1.02048262e+000 -8.36237703e-001 -8.36237703e-001  -8.36237703e-001 1.78019425e+000 1.78019425e+000  1.78019425e+000
 -5.25459626e-001 -5.25459626e-001  -5.25459626e-001 -1.10042168e+000 -1.10042168e+000  -1.10042168e+000 -4.93857142e-001 -4.93857142e-001  -4.93857142e-001 -8.80094960e-001 -8.80094960e-001  -8.80094960e-001 4.67076687e-001 4.67076687e-001  4.67076687e-001
 -2.24991847e-001 -2.24991847e-001  -2.24991847e-001 2.91560995e-002 2.91560995e-002  2.91560995e-002 3.21395513e-004 3.21395513e-004  3.21395513e-004 -2.08376486e-003 -2.08376486e-003  -2.08376486e-003 -4.38689124e-004 -4.38689124e-004  -4.38689124e-004
 2.03320287e+000 2.03320287e+000  2.03320287e+000 -4.66800934e-001 -4.66800934e-001  -4.66800934e-001 2.32910392e+000 2.32910392e+000  2.32910392e+000 -1.00935189e+000 -1.00935189e+000  -1.00935189e+000 2.94723975e-001 2.94723975e-001  2.94723975e-001
 -1.29452936e+000 -1.29452936e+000  -1.29452936e+000 1.67603559e-001 1.67603559e-001  1.67603559e-001 1.60023638e+000 1.60023638e+000  1.60023638e+000 -8.11735078e-001 -8.11735078e-001  -8.11735078e-001 -4.64964446e-001 -4.64964446e-001  -4.64964446e-001
 -1.36820084e-001 -1.36820084e-001  -1.36820084e-001 6.45252188e-003 6.45252188e-003  6.45252188e-003 3.82647918e-004 3.82647918e-004  3.82647918e-004 -3.84442036e-004 -3.84442036e-004  -3.84442036e-004 -8.45182383e-005 -8.45182383e-005  -8.45182383e-005
 -4.07238487e-001 -4.07238487e-001  -4.07238487e-001 1.40350302e+000 1.40350302e+000  1.40350302e+000 7.17197796e-001 7.17197796e-001  7.17197796e-001 1.64299915e+000 1.64299915e+000  1.64299915e+000 2.44886219e+000 2.44886219e+000  2.44886219e+000
 -2.31807816e-001 -2.31807816e-001  -2.31807816e-001 -2.10424213e+000 -2.10424213e+000  -2.10424213e+000 8.98485218e-001 8.98485218e-001  8.98485218e-001 5.32848732e-001 5.32848732e-001  5.32848732e-001 6.07621449e-001 6.07621449e-001  6.07621449e-001
 -1.41133601e-001 -1.41133601e-001  -1.41133601e-001 1.22409689e-002 1.22409689e-002  1.22409689e-002 4.22282421e-004 4.22282421e-004  4.22282421e-004 -7.70264683e-004 -7.70264683e-004  -7.70264683e-004 -1.48164133e-004 -1.48164133e-004  -1.48164133e-004
 -9.31440658e-001 -9.31440658e-001  -9.31440658e-001 -8.01135507e-001 -8.01135507e-001  -8.01135507e-001 -8.07638275e-002 -8.07638275e-002  -8.07638275e-002 -1.39877412e+000 -1.39877412e+000  -1.39877412e+000 -1.31386966e+000 -1.31386966e+000  -1.31386966e+000
 -8.72105576e-001 -8.72105576e-001  -8.72105576e-001 9.80793924e-001 9.80793924e-001  9.80793924e-001 1.50730642e-001 1.50730642e-001  1.50730642e-001 -6.44633789e-001 -6.44633789e-001  -6.44633789e-001 -1.33921400e+000 -1.33921400e+000  -1.33921400e+000
 -3.37277550e-001 -3.37277550e-001  -3.37277550e-001 2.34718747e-002 2.34718747e-002  2.34718747e-002 -3.59403205e-004 -3.59403205e-004  -3.59403205e-004 -1.88597339e-003 -1.88597339e-003  -1.88597339e-003 -4.76022370e-004 -4.76022370e-004  -4.76022370e-004
 4.58673755e-001 4.58673755e-001  4.58673755e-001 3.99900209e-001 3.99900209e-001  3.99900209e-001 -5.97540827e-001 -5.97540827e-001  -5.97540827e-001 5.40182123e-001 5.40182123e-001  5.40182123e-001 1.72633337e+000 1.72633337e+000  1.72633337e+000
 5.59620859e-001 5.59620859e-001  5.59620859e-001 1.24952361e+000 1.24952361e+000  1.24952361e+000 -6.79590942e-001 -6.79590942e-001  -6.79590942e-001 -4.94149737e-001 -4.94149737e-001  -4.94149737e-001 1.02857103e+000 1.02857103e+000  1.02857103e+000
 -9.99261342e-002 -9.99261342e-002  -9.99261342e-002 1.34877622e-002 1.34877622e-002  1.34877622e-002 -1.94748719e-005 -1.94748719e-005  -1.94748719e-005 -9.79292289e-004 -9.79292289e-004  -9.79292289e-004 -2.16717442e-004 -2.16717442e-004  -2.16717442e-004
 6.20357585e-001 6.20357585e-001  6.20357585e-001 -1.39524801e+000 -1.39524801e+000  -1.39524801e+000 3.28791237e+000 3.28791237e+000  3.28791237e+000 -1.37073303e+000 -1.37073303e+000  -1.37073303e+000 1.70025114e+000 1.70025114e+000  1.70025114e+000
 -1.39815733e+000 -1.39815733e+000  -1.39815733e+000 -5.22959172e-001 -5.22959172e-001  -5.22959172e-001 1.83817040e+000 1.83817040e+000  1.83817040e+000 -6.73610726e-001 -6.73610726e-001  -6.73610726e-001 9.10366783e-001 9.10366783e-001  9.10366783e-001
 1.21702352e-001 1.21702352e-001  1.21702352e-001 -1.00310793e-003 -1.00310793e-003  -1.00310793e-003 -1.95853118e-004 -1.95853118e-004  -1.95853118e-004 -6.69422666e-005 -6.69422666e-005  -6.69422666e-005 3.96198227e-005 3.96198227e-005  3.96198227e-005
 2.99404594e-001 2.99404594e-001  2.99404594e-001 6.21484054e-001 6.21484054e-001  6.21484054e-001 1.66953053e+000 1.66953053e+000  1.66953053e+000 6.08984466e-001 6.08984466e-001  6.08984466e-001 1.16912100e+000 1.16912100e+000  1.16912100e+000
 2.65785871e-001 2.65785871e-001  2.65785871e-001 5.20760300e-001 5.20760300e-001  5.20760300e-001 1.00165604e+000 1.00165604e+000  1.00165604e+000 -3.97655189e-001 -3.97655189e-001  -3.97655189e-001 1.10670363e+000 1.10670363e+000  1.10670363e+000
 2.32382110e-001 2.32382110e-001  2.32382110e-001 -1.79141037e-002 -1.79141037e-002  -1.79141037e-002 -5.31706211e-004 -5.31706211e-004  -5.31706211e-004 1.20104304e-003 1.20104304e-003  1.20104304e-003 2.15685284e-004 2.15685284e-004  2.15685284e-004
 4.64782470e-001 4.64782470e-001  4.64782470e-001 2.35132034e+000 2.35132034e+000  2.35132034e+000 -4.31778436e-001 -4.31778436e-001  -4.31778436e-001 2.63709775e+000 2.63709775e+000  2.63709775e+000 7.63461902e-001 7.63461902e-001  7.63461902e-001
 2.09914928e+000 2.09914928e+000  2.09914928e+000 2.15584546e-001 2.15584546e-001  2.15584546e-001 -7.15671495e-001 -7.15671495e-001  -7.15671495e-001 -9.72333676e-001 -9.72333676e-001  -9.72333676e-001 -6.43476195e-001 -6.43476195e-001  -6.43476195e-001
 1.41697564e-001 1.41697564e-001  1.41697564e-001 -1.19577711e-002 -1.19577711e-002  -1.19577711e-002 4.29400271e-004 4.29400271e-004  4.29400271e-004 1.73450788e-003 1.73450788e-003  1.73450788e-003 4.39271284e-004 4.39271284e-004  4.39271284e-004
 -1.90284097e+000 -1.90284097e+000  -1.90284097e+000 -2.21026705e-001 -2.21026705e-001  -2.21026705e-001 -5.97615923e-001 -5.97615923e-001  -5.97615923e-001 -2.17279535e-001 -2.17279535e-001  -2.17279535e-001 -1.40013568e+000 -1.40013568e+000  -1.40013568e+000
 1.32757062e-001 1.32757062e-001  1.32757062e-001 -8.07615909e-001 -8.07615909e-001  -8.07615909e-001 -7.67357036e-001 -7.67357036e-001  -7.67357036e-001 1.67822816e+000 1.67822816e+000  1.67822816e+000 6.03324874e-001 6.03324874e-001  6.03324874e-001
 1.52013418e-001 1.52013418e-001  1.52013418e-001 -9.45466650e-003 -9.45466650e-003  -9.45466650e-003 -4.76257538e-004 -4.76257538e-004  -4.76257538e-004 7.83292396e-005 7.83292396e-005  7.83292396e-005 -7.44195699e-007 -7.44195699e-007  -7.44195699e-007
 1.61814472e+000 1.61814472e+000  1.61814472e+000 6.47649077e-001 6.47649077e-001  6.47649077e-001 -1.84940681e+000 -1.84940681e+000  -1.84940681e+000 1.47957074e-001 1.47957074e-001  1.47957074e-001 1.57831219e-001 1.57831219e-001  1.57831219e-001
 -4.65588643e-001 -4.65588643e-001  -4.65588643e-001 -2.66153187e-001 -2.66153187e-001  -2.66153187e-001 2.97956099e+000 2.97956099e+000  2.97956099e+000 -4.18777716e-001 -4.18777716e-001  -4.18777716e-001 -8.54177610e-001 -8.54177610e-001  -8.54177610e-001
 -5.00293674e-003 -5.00293674e-003  -5.00293674e-003 7.31187311e-003 7.31187311e-003  7.31187311e-003 -3.60990583e-004 -3.60990583e-004  -3.60990583e-004 -1.24121575e-003 -1.24121575e-003  -1.24121575e-003 -3.41690825e-004 -3.41690825e-004  -3.41690825e-004
 -1.85450709e-001 -1.85450709e-001  -1.85450709e-001 6.32878082e-001 6.32878082e-001  6.32878082e-001 1.13433358e+000 1.13433358e+000  1.13433358e+000 -1.02079237e-001 -1.02079237e-001  -1.02079237e-001 -5.37327445e-001 -5.37327445e-001  -5.37327445e-001
 2.30910244e+000 2.30910244e+000  2.30910244e+000 1.81712788e+000 1.81712788e+000  1.81712788e+000 -4.97371739e-001 -4.97371739e-001  -4.97371739e-001 2.18350709e+000 2.18350709e+000  2.18350709e+000 9.17699247e-001 9.17699247e-001  9.17699247e-001
 2.90488616e-001 2.90488616e-001  2.90488616e-001 -1.80633172e-002 -1.80633172e-002  -1.80633172e-002 -4.01319209e-004 -4.01319209e-004  -4.01319209e-004 1.21890342e-003 1.21890342e-003  1.21890342e-003 2.57364117e-004 2.57364117e-004  2.57364117e-004
 -5.09778212e-001 -5.09778212e-001  -5.09778212e-001 6.00053046e-002 6.00053046e-002  6.00053046e-002 -1.80529989e+000 -1.80529989e+000  -1.80529989e+000 3.64383174e-001 3.64383174e-001  3.64383174e-001 -5.08490383e-001 -5.08490383e-001  -5.08490383e-001
 -2.56063170e+000 -2.56063170e+000  -2.56063170e+000 -1.15482545e+000 -1.15482545e+000  -1.15482545e+000 -1.84723496e+000 -1.84723496e+000  -1.84723496e+000 -1.84184388e-002 -1.84184388e-002  -1.84184388e-002 -2.39429266e+000 -2.39429266e+000  -2.39429266e+000
 1.94069168e-001 1.94069168e-001  1.94069168e-001 -1.18322573e-002 -1.18322573e-002  -1.18322573e-002 -1.96869850e-004 -1.96869850e-004  -1.96869850e-004 1.05628128e-003 1.05628128e-003  1.05628128e-003 2.96511289e-004 2.96511289e-004  2.96511289e-004
 2.42692149e+000 2.42692149e+000  2.42692149e+000 -1.38738806e+000 -1.38738806e+000  -1.38738806e+000 -6.61032205e-001 -6.61032205e-001  -6.61032205e-001 -1.29762546e+000 -1.29762546e+000  -1.29762546e+000 4.10270396e-001 4.10270396e-001  4.10270396e-001
 -1.10122787e-001 -1.10122787e-001  -1.10122787e-001 -9.70477210e-002 -9.70477210e-002  -9.70477210e-002 7.05592757e-001 7.05592757e-001  7.05592757e-001 -3.43506962e-002 -3.43506962e-002  -3.43506962e-002 1.08457613e+000 1.08457613e+000  1.08457613e+000
 -7.99295725e-002 -7.99295725e-002  -7.99295725e-002 7.35310654e-003 7.35310654e-003  7.35310654e-003 -9.01673187e-004 -9.01673187e-004  -9.01673187e-004 -1.48653542e-003 -1.48653542e-003  -1.48653542e-003 -4.39775164e-004 -4.39775164e-004  -4.39775164e-004
 4.53953197e-001 4.53953197e-001  4.53953197e-001 -8.89324618e-001 -8.89324618e-001  -8.89324618e-001 -1.08036648e+000 -1.08036648e+000  -1.08036648e+000 1.17693954e+000 1.17693954e+000  1.17693954e+000 -2.48072778e+000 -2.48072778e+000  -2.48072778e+000
 1.26361004e+000 1.26361004e+000  1.26361004e+000 -1.14147569e+000 -1.14147569e+000  -1.14147569e+000 -3.52835102e-001 -3.52835102e-001  -3.52835102e-001 -2.54807172e+000 -2.54807172e+000  -2.54807172e+000 -1.74809351e+000 -1.74809351e+000  -1.74809351e+000
 -1.14865082e-001 -1.14865082e-001  -1.14865082e-001 1.15050530e-002 1.15050530e-002  1.15050530e-002 -5.11648286e-004 -5.11648286e-004  -5.11648286e-004 -1.51230970e-003 -1.51230970e-003  -1.51230970e-003 -4.08492212e-004 -4.08492212e-004  -4.08492212e-004
 -1.31216526e-001 -1.31216526e-001  -1.31216526e-001 -1.19780112e-001 -1.19780112e-001  -1.19780112e-001 1.51814690e+000 1.51814690e+000  1.51814690e+000 2.96003644e-001 2.96003644e-001  2.96003644e-001 -3.42333086e-001 -3.42333086e-001  -3.42333086e-001
 -3.80023654e-001 -3.80023654e-001  -3.80023654e-001 3.55810836e-001 3.55810836e-001  3.55810836e-001 1.61246566e-001 1.61246566e-001  1.61246566e-001 -2.58287440e-001 -2.58287440e-001  -2.58287440e-001 1.19109821e+000 1.19109821e+000  1.19109821e+000
 -1.39446815e-001 -1.39446815e-001  -1.39446815e-001 8.74995574e-003 8.74995574e-003  8.74995574e-003 9.19419160e-004 9.19419160e-004  9.19419160e-004 5.07060522e-004 5.07060522e-004  5.07060522e-004 2.13974922e-004 2.13974922e-004  2.13974922e-004
 -2.38100289e+000 -2.38100289e+000  -2.38100258e+000 -9.64602033e-001 -9.64602033e-001  -9.64602016e-001 -3.09836069e+000 -3.09836068e+000  -3.09836032e+000 -1.02989065e+000 -1.02989065e+000  -1.02989018e+000 -2.17238594e+000 -2.17238593e+000  -2.17238580e+000
 -1.03269084e+000 -1.03269085e+000  -1.03269142e+000 -1.54019119e+000 -1.54019119e+000  -1.54019096e+000 -1.73827260e+000 -1.73827261e+000  -1.73827299e+000 -1.15915503e+000 -1.15915502e+000  -1.15915428e+000 -8.12534736e-001 -8.12534741e-001  -8.12535025e-001
 -2.47605158e-001 -2.47605164e-001  -2.47605445e-001 2.09135486e-002 2.09135489e-002  2.09135674e-002 -8.07019416e-004 -8.07019481e-004  -8.07022905e-004 -2.24949430e-003 -2.24949441e-003  -2.24949994e-003 -6.60666690e-004 -6.60666742e-004  -6.60669469e-004
 1.34277928e+000 1.34277990e+000  1.34277990e+000 9.37185755e-001 9.37185924e-001  9.37185924e-001 2.15604995e+000 2.15605009e+000  2.15605009e+000 1.21107567e+000 1.21107628e+000  1.21107628e+000 9.26493717e-001 9.26493761e-001  9.26493761e-001
 1.38719427e+000 1.38719335e+000  1.38719335e+000 7.21612641e-001 7.21613218e-001  7.21613218e-001 8.13920604e-001 8.13920569e-001  8.13920569e-001 1.43502218e+000 1.43502228e+000  1.43502228e+000 2.95075944e+000 2.95075889e+000  2.95075889e+000
 -2.46865155e-002 -2.46868533e-002  -2.46868533e-002 -7.59546752e-003 -7.59544496e-003  -7.59544496e-003 -8.68203876e-004 -8.68208065e-004  -8.68208065e-004 -1.26929549e-005 -1.26997289e-005  -1.26997289e-005 -4.95532260e-005 -4.95565620e-005  -4.95565620e-005
 1.71316854e+000 1.71316854e+000  1.71316854e+000 2.64161215e-001 2.64161215e-001  2.64161215e-001 4.94774234e-001 4.94774234e-001  4.94774234e-001 -3.84559172e-001 -3.84559172e-001  -3.84559172e-001 -3.93778715e-001 -3.93778715e-001  -3.93778715e-001
 -1.37314537e+000 -1.37314537e+000  -1.37314537e+000 5.36976574e-001 5.36976574e-001  5.36976574e-001 -4.57982568e-001 -4.57982568e-001  -4.57982568e-001 -3.75585937e-002 -3.75585937e-002  -3.75585937e-002 -5.84110955e-001 -5.84110955e-001  -5.84110955e-001
 -1.66447189e-001 -1.66447189e-001  -1.66447189e-001 1.85053240e-002 1.85053240e-002  1.85053240e-002 3.13832477e-004 3.13832477e-004  3.13832477e-004 -7.39935136e-004 -7.39935136e-004  -7.39935136e-004 -1.48116967e-004 -1.48116967e-004  -1.48116967e-004
 -9.51267817e-001 -9.51267817e-001  -9.51267817e-001 6.19600427e-001 6.19600427e-001  6.19600427e-001 2.61562610e-001 2.61562610e-001  2.61562610e-001 1.07521188e+000 1.07521188e+000  1.07521188e+000 -6.03845662e-001 -6.03845662e-001  -6.03845662e-001
 8.22116728e-001 8.22116728e-001  8.22116728e-001 6.87020945e-001 6.87020945e-001  6.87020945e-001 -9.61830516e-001 -9.61830516e-001  -9.61830516e-001 1.18551729e+000 1.18551729e+000  1.18551729e+000 -2.45695957e-001 -2.45695957e-001  -2.45695957e-001
 5.54751533e-001 5.54751533e-001  5.54751533e-001 -1.83207452e-002 -1.83207452e-002  -1.83207452e-002 -3.70875131e-004 -3.70875131e-004  -3.70875131e-004 1.43398502e-004 1.43398502e-004  1.43398502e-004 -1.06386051e-005 -1.06386051e-005  -1.06386051e-005
 2.84091447e-001 2.84091447e-001  2.84091447e-001 -1.14802749e+000 -1.14802749e+000  -1.14802749e+000 9.64854000e-001 9.64854000e-001  9.64854000e-001 -1.49562880e+000 -1.49562880e+000  -1.49562880e+000 1.52015131e+000 1.52015131e+000  1.52015131e+000
 -1.29466276e+000 -1.29466276e+000  -1.29466276e+000 3.87057678e-001 3.87057678e-001  3.87057678e-001 -4.33736016e-001 -4.33736016e-001  -4.33736016e-001 -1.13972807e+000 -1.13972807e+000  -1.13972807e+000 -7.14032192e-001 -7.14032192e-001  -7.14032192e-001
 -5.24432683e-002 -5.24432683e-002  -5.24432683e-002 -1.15736793e-002 -1.15736793e-002  -1.15736793e-002 1.04714472e-003 1.04714472e-003  1.04714472e-003 3.03714590e-003 3.03714590e-003  3.03714590e-003 7.96878712e-004 7.96878712e-004  7.96878712e-004
 3.15875022e+000 3.15875022e+000  3.15875022e+000 -8.56334261e-001 -8.56334261e-001  -8.56334261e-001 1.08836600e+000 1.08836600e+000  1.08836600e+000 -8.84851139e-001 -8.84851139e-001  -8.84851139e-001 -3.07917031e-001 -3.07917031e-001  -3.07917031e-001
 7.04681749e-002 7.04681749e-002  7.04681749e-002 2.59906938e-001 2.59906938e-001  2.59906938e-001 1.76666488e+000 1.76666488e+000  1.76666488e+000 7.00285668e-001 7.00285668e-001  7.00285668e-001 2.27334215e-002 2.27334215e-002  2.27334215e-002
 -8.63148423e-002 -8.63148423e-002  -8.63148423e-002 4.89758063e-003 4.89758063e-003  4.89758063e-003 -5.82937578e-004 -5.82937578e-004  -5.82937578e-004 -1.19485834e-003 -1.19485834e-003  -1.19485834e-003 -2.73188950e-004 -2.73188950e-004  -2.73188950e-004
 -1.06390879e+000 -1.06390879e+000  -1.06390879e+000 9.14630134e-001 9.14630134e-001  9.14630134e-001 -5.71920273e-001 -5.71920273e-001  -5.71920273e-001 5.66200634e-001 5.66200634e-001  5.66200634e-001 1.05803781e+000 1.05803781e+000  1.05803781e+000
 4.41363605e-001 4.41363605e-001  4.41363605e-001 -1.71472714e+000 -1.71472714e+000  -1.71472714e+000 -9.92435647e-001 -9.92435647e-001  -9.92435647e-001 -1.45000625e+000 -1.45000625e+000  -1.45000625e+000 -2.88774881e-001 -2.88774881e-001  -2.88774881e-001
 5.48504611e-002 5.48504611e-002  5.48504611e-002 -1.28707136e-002 -1.28707136e-002  -1.28707136e-002 -1.58760990e-003 -1.58760990e-003  -1.58760990e-003 -1.70853966e-004 -1.70853966e-004  -1.70853966e-004 -1.23779540e-004 -1.23779540e-004  -1.23779540e-004
 -4.44741591e-001 -4.44741591e-001  -4.44741591e-001 -7.09296512e-001 -7.09296512e-001  -7.09296512e-001 3.71313241e-001 3.71313241e-001  3.71313241e-001 -1.89343265e-001 -1.89343265e-001  -1.89343265e-001 -5.05477974e-001 -5.05477974e-001  -5.05477974e-001
 7.89896588e-001 7.89896588e-001  7.89896588e-001 1.07792546e+000 1.07792546e+000  1.07792546e+000 -1.13550247e+000 -1.13550247e+000  -1.13550247e+000 -1.84703133e-001 -1.84703133e-001  -1.84703133e-001 2.95808273e+000 2.95808273e+000  2.95808273e+000
 -3.87456550e-002 -3.87456550e-002  -3.87456550e-002 1.16473307e-003 1.16473307e-003  1.16473307e-003 1.99290329e-004 1.99290329e-004  1.99290329e-004 1.25607494e-004 1.25607494e-004  1.25607494e-004 4.74749648e-005 4.74749648e-005  4.74749648e-005
 1.15113982e-001 1.15113982e-001  1.15113982e-001 -1.41536038e+000 -1.41536038e+000  -1.41536038e+000 7.25522014e-001 7.25522014e-001  7.25522014e-001 -1.26943190e+000 -1.26943190e+000  -1.26943190e+000 -5.04606236e-001 -5.04606236e-001  -5.04606236e-001
 -1.49360949e+000 -1.49360949e+000  -1.49360949e+000 -1.00075254e+000 -1.00075254e+000  -1.00075254e+000 -9.60747739e-001 -9.60747739e-001  -9.60747739e-001 -2.23433220e+000 -2.23433220e+000  -2.23433220e+000 -1.23269714e-001 -1.23269714e-001  -1.23269714e-001
 -2.11358952e-001 -2.11358952e-001  -2.11358952e-001 6.59366942e-003 6.59366942e-003  6.59366942e-003 -1.60888776e-003 -1.60888776e-003  -1.60888776e-003 -1.06323013e-003 -1.06323013e-003  -1.06323013e-003 -3.76682697e-004 -3.76682697e-004  -3.76682697e-004
 3.11743913e+000 3.11743913e+000  3.11743944e+000 2.16317562e+000 2.16317562e+000  2.16317563e+000 2.28526613e+000 2.28526613e+000  2.28526650e+000 3.09384630e-001 3.09384638e-001  3.09385103e-001 3.07508062e+000 3.07508062e+000  3.07508076e+000
 9.86034567e-001 9.86034556e-001  9.86033987e-001 6.07332414e-001 6.07332418e-001  6.07332647e-001 8.52817133e-001 8.52817126e-001  8.52816738e-001 1.21699648e+000 1.21699650e+000  1.21699723e+000 1.15726449e+000 1.15726449e+000  1.15726420e+000
 1.72001291e-001 1.72001286e-001  1.72001004e-001 -8.06441562e-003 -8.06441527e-003  -8.06439682e-003 -8.72765701e-004 -8.72765766e-004  -8.72769191e-004 -2.61250461e-004 -2.61250567e-004  -2.61256104e-004 -1.20260881e-004 -1.20260933e-004  -1.20263660e-004
 -1.16573511e+000 -1.16573449e+000  -1.16573449e+000 -1.01634271e+000 -1.01634254e+000  -1.01634254e+000 -1.74995277e+000 -1.74995263e+000  -1.74995263e+000 -1.62340056e-002 -1.62333943e-002  -1.62333943e-002 -2.57690782e+000 -2.57690777e+000  -2.57690777e+000
 -5.04319431e-001 -5.04320352e-001  -5.04320352e-001 -3.00810830e-001 -3.00810253e-001  -3.00810253e-001 -1.92697790e+000 -1.92697793e+000  -1.92697793e+000 5.21127038e-001 5.21127139e-001  5.21127139e-001 -7.35585746e-001 -7.35586303e-001  -7.35586303e-001
 7.14626805e-002 7.14623427e-002  7.14623427e-002 -4.57340629e-003 -4.57338374e-003  -4.57338374e-003 -3.74015243e-004 -3.74019433e-004  -3.74019433e-004 1.37190289e-004 1.37183515e-004  1.37183515e-004 2.78783113e-005 2.78749753e-005  2.78749753e-005
 -2.70045516e-001 -2.70045291e-001  -2.70045266e-001 5.45913093e-001 5.45913154e-001  5.45913156e-001 -1.24894338e+000 -1.24894334e+000  -1.24894331e+000 1.00961444e+000 1.00961466e+000  1.00961470e+000 2.66827776e+000 2.66827778e+000  2.66827779e+000
 1.57715282e+000 1.57715248e+000  1.57715244e+000 1.48426982e+000 1.48427003e+000  1.48427005e+000 -1.93416553e+000 -1.93416554e+000  -1.93416557e+000 3.10589077e-002 3.10589456e-002  3.10590048e-002 9.45592157e-001 9.45591955e-001  9.45591932e-001
 1.45179277e-001 1.45179155e-001  1.45179132e-001 -5.22612995e-003 -5.22612175e-003  -5.22612027e-003 -7.42213423e-004 -7.42214946e-004  -7.42215222e-004 -4.09604019e-004 -4.09606481e-004  -4.09606927e-004 -1.76873022e-004 -1.76874234e-004  -1.76874454e-004
 4.04154628e-006 4.35051813e-006  4.50316102e-006 -2.69961063e-003 -2.69952743e-003  -2.69951926e-003 -1.00943747e-004 -1.00874184e-004  -1.00696083e-004 2.31738941e-004 2.32044205e-004  2.32272489e-004 -4.27608724e-004 -4.27585761e-004  -4.27518144e-004
 -4.48759583e-005 -4.53345888e-005  -4.56137859e-005 -1.89132515e-004 -1.88846505e-004  -1.88734188e-004 -2.69478580e-005 -2.69690497e-005  -2.71593777e-005 -1.72960015e-004 -1.72903230e-004  -1.72541996e-004 -8.96465782e-005 -8.99238860e-005  -9.00632687e-005
 -1.36898171e-003 -1.36915066e-003  -1.36928892e-003 1.64141002e-003 1.64142130e-003  1.64143036e-003 -1.07274114e-003 -1.07274323e-003  -1.07274491e-003 -5.29726509e-004 -5.29729895e-004  -5.29732615e-004 -1.91389200e-004 -1.91390868e-004  -1.91392208e-004
 -9.24666652e-002 -9.24662606e-002  -9.24660608e-002 2.52786178e-002 2.52787268e-002  2.52787375e-002 -5.35265304e-002 -5.35264393e-002  -5.35262062e-002 5.84349985e-002 5.84353983e-002  5.84356970e-002 1.23255348e-002 1.23255648e-002  1.23256533e-002
 6.00169637e-002 6.00163630e-002  6.00159976e-002 4.52076421e-002 4.52080167e-002  4.52081637e-002 1.14032959e-001 1.14032931e-001  1.14032682e-001 3.69863523e-002 3.69864267e-002  3.69868995e-002 -3.39467673e-003 -3.39503992e-003  -3.39522235e-003
 9.27653953e-004 9.27432682e-004  9.27251723e-004 1.73364570e-003 1.73366047e-003  1.73367233e-003 -1.13735070e-003 -1.13735345e-003  -1.13735565e-003 -7.57805796e-004 -7.57810231e-004  -7.57813791e-004 -2.43281707e-004 -2.43283891e-004  -2.43285644e-004
 1.46504523e+000 1.46504573e+000  1.46504597e+000 -3.67958650e-001 -3.67958517e-001  -3.67958504e-001 8.54112900e-001 8.54113011e-001  8.54113295e-001 -9.38836124e-001 -9.38835638e-001  -9.38835273e-001 -1.84744831e-001 -1.84744795e-001  -1.84744687e-001
 -9.52430816e-001 -9.52431548e-001  -9.52431994e-001 -7.12363073e-001 -7.12362617e-001  -7.12362437e-001 -1.80164930e+000 -1.80164934e+000  -1.80164964e+000 -5.77275924e-001 -5.77275834e-001  -5.77275257e-001 5.28647692e-002 5.28643270e-002  5.28641042e-002
 2.66782215e-002 2.66779521e-002  2.66777312e-002 -4.81035177e-003 -4.81033379e-003  -4.81031931e-003 -2.22855744e-003 -2.22856078e-003  -2.22856346e-003 -9.31154428e-004 -9.31159829e-004  -9.31164175e-004 -3.66269841e-004 -3.66272500e-004  -3.66274641e-004
 3.23050351e+000 3.23050351e+000  3.23050351e+000 -5.54702074e-001 -5.54702074e-001  -5.54702074e-001 2.77448125e+000 2.77448125e+000  2.77448125e+000 -2.63596221e-002 -2.63596221e-002  -2.63596221e-002 1.02270141e+000 1.02270141e+000  1.02270141e+000
 4.27773032e-001 4.27773032e-001  4.27773032e-001 -1.21075572e-001 -1.21075572e-001  -1.21075572e-001 -2.83256744e+000 -2.83256744e+000  -2.83256744e+000 -2.67046968e-001 -2.67046968e-001  -2.67046968e-001 1.69384316e+000 1.69384316e+000  1.69384316e+000
 -2.23849674e-001 -2.23849674e-001  -2.23849674e-001 8.64069703e-004 8.64069703e-004  8.64069703e-004 -1.39176210e-004 -1.39176210e-004  -1.39176210e-004 3.86453478e-004 3.86453478e-004  3.86453478e-004 9.46342081e-005 9.46342081e-005  9.46342081e-005
 1.06314484e+000 1.06314484e+000  1.06314484e+000 1.29913447e+000 1.29913447e+000  1.29913447e+000 1.30881823e+000 1.30881823e+000  1.30881823e+000 -1.71762095e+000 -1.71762095e+000  -1.71762095e+000 -1.22155578e+000 -1.22155578e+000  -1.22155578e+000
 -1.40744693e+000 -1.40744693e+000  -1.40744693e+000 -1.61267597e-001 -1.61267597e-001  -1.61267597e-001 -1.16335730e+000 -1.16335730e+000  -1.16335730e+000 -2.80572813e-001 -2.80572813e-001  -2.80572813e-001 -8.32740685e-001 -8.32740685e-001  -8.32740685e-001
 4.90267494e-001 4.90267494e-001  4.90267494e-001 -2.44146339e-002 -2.44146339e-002  -2.44146339e-002 -1.54494443e-003 -1.54494443e-003  -1.54494443e-003 -5.97513760e-004 -5.97513760e-004  -5.97513760e-004 -2.51901298e-004 -2.51901298e-004  -2.51901298e-004
 -8.70973612e-001 -8.70973612e-001  -8.70973612e-001 -2.21575921e+000 -2.21575921e+000  -2.21575921e+000 -1.09724107e+000 -1.09724107e+000  -1.09724107e+000 1.27337219e+000 1.27337219e+000  1.27337219e+000 5.31795032e-001 5.31795032e-001  5.31795032e-001
 4.10547084e-001 4.10547084e-001  4.10547084e-001 1.36373131e-001 1.36373131e-001  1.36373131e-001 1.21480684e+000 1.21480684e+000  1.21480684e+000 1.22444990e-001 1.22444990e-001  1.22444990e-001 8.73417711e-002 8.73417711e-002  8.73417711e-002
 -2.36807941e-001 -2.36807941e-001  -2.36807941e-001 2.25143259e-002 2.25143259e-002  2.25143259e-002 -7.54251956e-004 -7.54251956e-004  -7.54251956e-004 -1.79582585e-003 -1.79582585e-003  -1.79582585e-003 -4.62758302e-004 -4.62758302e-004  -4.62758302e-004
 -9.15488088e-001 -9.15487461e-001  -9.15487150e-001 1.65334311e+000 1.65334328e+000  1.65334329e+000 -1.26450416e+000 -1.26450402e+000  -1.26450366e+000 -3.47788990e-002 -3.47782789e-002  -3.47778142e-002 1.41695015e-001 1.41695062e-001  1.41695200e-001
 4.84766842e-002 4.84757526e-002  4.84751841e-002 -4.68415753e-002 -4.68409944e-002  -4.68407657e-002 1.25780386e+000 1.25780381e+000  1.25780343e+000 4.50735681e-001 4.50735796e-001  4.50736532e-001 -1.18090524e-001 -1.18091088e-001  -1.18091371e-001
 2.49514170e-003 2.49479852e-003  2.49451701e-003 -5.00791416e-003 -5.00789125e-003  -5.00787280e-003 -4.17296113e-004 -4.17300367e-004  -4.17303792e-004 8.19595831e-004 8.19588951e-004  8.19583414e-004 1.50960125e-004 1.50956737e-004  1.50954010e-004
 -3.77704707e+000 -3.77704730e+000 -3.77704794e+000
 -1.09983592e+000 -1.09983665e+000 -1.09983738e+000
 -2.80843187e+000 -2.80843274e+000 -2.80843332e+000
 -2.94713961e+000 -2.94714021e+000 -2.94714044e+000
 -2.58830319e+000 -2.58830322e+000 -2.58830391e+000
 4.62068082e+000 4.62068051e+000 4.62067992e+000
 -3.91414412e+000 -3.91414431e+000 -3.91414437e+000
 3.97706545e+000 3.97706544e+000 3.97706533e+000
 -4.03725729e+000 -4.03725818e+000 -4.03725850e+000
 3.31956922e+000 3.31956900e+000 3.31956890e+000
 1.52454420e+000 1.52454367e+000 1.52454333e+000
 -9.92179452e-002 -9.92183955e-002 -9.92187672e-002
 1.84177101e-002 1.84172498e-002 1.84168792e-002
 2.97798785e-002 2.97794164e-002 2.97790451e-002
 1.46658834e-002 1.46654215e-002 1.46650498e-002
