  4.1153e+000  1.6046e+001  1.6586e+001 -7.7704e+000 -2.8416e+000
 -4.0914e+001 -1.1865e+001 -1.0302e+001 -3.2354e+001 -1.4199e+001
  7.1107e+000 -7.5758e+000 -8.2772e+000 -1.4023e+001 -9.8156e+000
  7.1758e-001
  5.3293e+000
 5.60306142e+000 5.60306142e+000  5.60306142e+000 4.31825327e+000 4.31825327e+000  4.31825327e+000 -6.95496485e+001 -6.95496485e+001  -6.95496485e+001 -1.85919176e+001 -1.85919176e+001  -1.85919176e+001 2.28841671e+001 2.28841671e+001  2.28841671e+001
 -2.54939531e+001 -2.54939531e+001  -2.54939531e+001 3.61037239e+001 3.61037239e+001  3.61037239e+001 -1.64247117e+001 -1.64247117e+001  -1.64247117e+001 2.87233839e+000 2.87233839e+000  2.87233839e+000 2.71713006e+001 2.71713006e+001  2.71713006e+001
 -3.71523926e+001 -3.71523926e+001  -3.71523926e+001 4.67742174e+001 4.67742174e+001  4.67742174e+001 3.09147157e+001 3.09147157e+001  3.09147157e+001 1.78501522e+001 1.78501522e+001  1.78501522e+001 -8.11548279e+000 -8.11548279e+000  -8.11548279e+000
 2.69805369e-001 2.69805369e-001  2.69805369e-001
 -2.43404392e+001 -2.43404392e+001  -2.43404392e+001 7.98638584e+000 7.98638588e+000  7.98638590e+000 1.20975151e+001 1.20975151e+001  1.20975151e+001 -1.12780774e-001 -1.12780774e-001  -1.12780774e-001 -5.40834452e+000 -5.40834452e+000  -5.40834452e+000
 4.89482583e+001 4.89482583e+001  4.89482583e+001 2.58316887e+000 2.58316887e+000  2.58316887e+000 -8.01058857e+000 -8.01058857e+000  -8.01058857e+000 4.27043726e+001 4.27043726e+001  4.27043726e+001 2.57623461e+000 2.57623461e+000  2.57623461e+000
 -1.39269354e+001 -1.39269269e+001  -1.39269226e+001 -4.74868819e+000 -4.74868810e+000  -4.74868805e+000 -9.30584651e+000 -9.30584651e+000  -9.30584651e+000 2.64158588e-001 2.64063637e-001  2.64015263e-001 1.59438592e+001 1.59438540e+001  1.59438518e+001
 -4.13253245e+000 -4.13285609e+000  -4.13302895e+000
 -4.55743132e+000 -4.55743132e+000  -4.55743132e+000 -5.16028359e+001 -5.16028358e+001  -5.16028358e+001 -3.77189395e+000 -3.77189395e+000  -3.77189395e+000 -2.40641430e+000 -2.40641430e+000  -2.40641430e+000 -1.03756358e+001 -1.03756358e+001  -1.03756358e+001
 1.90078711e+001 1.90078711e+001  1.90078711e+001 8.12703231e-001 8.12703232e-001  8.12703232e-001 4.93967212e+000 4.93967212e+000  4.93967212e+000 1.14066232e+001 1.14066232e+001  1.14066232e+001 7.66086321e-001 7.66086321e-001  7.66086321e-001
 6.95425036e+000 6.95425729e+000  6.95426081e+000 9.74752369e+000 9.74752376e+000  9.74752381e+000 -5.36696980e+000 -5.36696980e+000  -5.36696980e+000 5.46930730e+000 5.46922971e+000  5.46918950e+000 -8.45153807e-001 -8.45158035e-001  -8.45159860e-001
 -1.67858369e+000 -1.67884820e+000  -1.67899188e+000
 -4.45065002e+000 -4.45065001e+000  -4.45065001e+000 -6.34211168e+001 -6.34211168e+001  -6.34211168e+001 -7.21214551e+000 -7.21214551e+000  -7.21214551e+000 1.03936848e+000 1.03936848e+000  1.03936848e+000 -5.11136390e+000 -5.11136390e+000  -5.11136390e+000
 2.28493505e+001 2.28493505e+001  2.28493505e+001 1.54053048e+000 1.54053048e+000  1.54053048e+000 7.13645080e+000 7.13645080e+000  7.13645080e+000 1.21278936e+001 1.21278936e+001  1.21278936e+001 1.42517289e+000 1.42517289e+000  1.42517289e+000
 1.43115474e+001 1.43115526e+001  1.43115552e+001 1.07384594e+001 1.07384594e+001  1.07384594e+001 -2.24527643e+000 -2.24527643e+000  -2.24527643e+000 8.17148345e-002 8.16568857e-002  8.16268828e-002 -4.85772337e-001 -4.85775495e-001  -4.85776857e-001
 -2.53830253e+000 -2.53850008e+000  -2.53860730e+000
 -5.26608463e+000 -5.26608463e+000  -5.26608463e+000 -1.95386601e+000 -1.95386601e+000  -1.95386601e+000 1.77844577e+001 1.77844577e+001  1.77844577e+001 6.77772626e+000 6.77772626e+000  6.77772626e+000 1.70290758e+001 1.70290758e+001  1.70290758e+001
 -2.14788086e+001 -2.14788086e+001  -2.14788086e+001 -7.19035236e+000 -7.19035236e+000  -7.19035236e+000 -5.08977155e+000 -5.08977155e+000  -5.08977155e+000 -1.42565058e+001 -1.42565058e+001  -1.42565058e+001 -3.94820491e+000 -3.94820491e+000  -3.94820491e+000
 1.60218067e+001 1.60218067e+001  1.60218067e+001 -1.26371438e+001 -1.26371438e+001  -1.26371438e+001 1.44626323e+001 1.44626323e+001  1.44626323e+001 -1.04356883e+001 -1.04356883e+001  -1.04356883e+001 1.95472124e+000 1.95472124e+000  1.95472124e+000
 -4.83549744e-001 -4.83549744e-001  -4.83549744e-001
 1.22275781e+001 1.22275781e+001  1.22275781e+001 -2.10591360e+000 -2.10591360e+000  -2.10591360e+000 -2.39643733e+001 -2.39643733e+001  -2.39643733e+001 -1.05051429e+001 -1.05051429e+001  -1.05051429e+001 -1.36813041e+001 -1.36813041e+001  -1.36813041e+001
 -2.22088334e+000 -2.22088334e+000  -2.22088334e+000 -6.03521020e+000 -6.03521020e+000  -6.03521020e+000 -3.36823946e+000 -3.36823946e+000  -3.36823946e+000 -5.66619200e+000 -5.66619200e+000  -5.66619200e+000 -4.28042930e+000 -4.28042930e+000  -4.28042930e+000
 2.06881576e+000 2.06881576e+000  2.06881576e+000 9.92814205e+000 9.92814205e+000  9.92814205e+000 -1.60533627e+001 -1.60533627e+001  -1.60533627e+001 -1.44271908e+001 -1.44271908e+001  -1.44271908e+001 -8.16209855e+000 -8.16209855e+000  -8.16209855e+000
 -3.57017596e-001 -3.57017596e-001  -3.57017596e-001
 -1.87173904e+000 -1.87173904e+000  -1.87173904e+000 1.97195150e+001 1.97195150e+001  1.97195151e+001 2.86010595e+001 2.86010595e+001  2.86010595e+001 -9.26143337e+000 -9.26143337e+000  -9.26143337e+000 -1.00462993e+001 -1.00462993e+001  -1.00462993e+001
 -2.84488189e+001 -2.84488189e+001  -2.84488189e+001 -7.96612206e+000 -7.96612206e+000  -7.96612206e+000 -6.78751557e+000 -6.78751557e+000  -6.78751557e+000 -1.80564469e+001 -1.80564469e+001  -1.80564469e+001 -1.02447991e+001 -1.02447991e+001  -1.02447991e+001
 -6.88565128e+000 -6.88563839e+000  -6.88563183e+000 -9.73238306e+000 -9.73238292e+000  -9.73238285e+000 -7.41002818e+000 -7.41002818e+000  -7.41002818e+000 6.88248622e+000 6.88234199e+000  6.88226712e+000 -4.06163077e+000 -4.06163863e+000  -4.06164203e+000
 2.03621323e+000 2.03572152e+000  2.03545399e+000
 4.66666667e-001 4.66666667e-001  4.66666667e-001 5.33333333e-001 5.33333333e-001  5.33333333e-001 6.00000000e-001 6.00000000e-001  6.00000000e-001 6.66666667e-001 6.66666667e-001  6.66666667e-001 7.33333333e-001 7.33333333e-001  7.33333333e-001
 8.00000000e-001 8.00000000e-001  8.00000000e-001 8.66666667e-001 8.66666667e-001  8.66666667e-001 9.33333333e-001 9.33333333e-001  9.33333333e-001 0.00000000e+000 0.00000000e+000  0.00000000e+000 0.00000000e+000 0.00000000e+000  0.00000000e+000
 0.00000000e+000 0.00000000e+000  0.00000000e+000 0.00000000e+000 0.00000000e+000  0.00000000e+000 0.00000000e+000 0.00000000e+000  0.00000000e+000 0.00000000e+000 0.00000000e+000  0.00000000e+000 0.00000000e+000 0.00000000e+000  0.00000000e+000
 0.00000000e+000 0.00000000e+000  0.00000000e+000
 -1.84015923e+000 -1.84015923e+000 -1.84015923e+000
 -8.27746690e+000 -8.27746690e+000 -8.27746691e+000
 -5.05331246e+000 -5.05460570e+000 -5.05528246e+000
 4.17439505e-001 4.17439505e-001 4.17439505e-001
 -3.57015119e+000 -3.57015119e+000 -3.57015119e+000
 -1.12776205e+000 -1.12776205e+000 -1.12776205e+000
 -1.06206036e+001 -1.06206036e+001 -1.06206036e+001
 6.24766733e+000 6.24766733e+000 6.24766733e+000
 -1.91781549e+000 -1.91781551e+000 -1.91781551e+000
 1.15076827e+001 1.15076827e+001 1.15076827e+001
 -4.20073449e-002 -4.28265384e-002 -4.32782030e-002
 -5.62891111e+000 -5.62891113e+000 -5.62891115e+000
 9.15906016e-001 9.15906016e-001 9.15906016e-001
 6.26790960e+000 6.26788616e+000 6.26787400e+000
 3.52989337e-001 3.52966671e-001 3.52956903e-001
 3.33724219e+000 3.33707258e+000 3.33697965e+000
