  2.3977e+000  3.2770e+001 -1.2478e+001  1.0430e+001 -1.8548e-001
 -8.0925e+000  6.3335e+000 -1.0936e+001 -4.5504e+000  8.5171e-001
 -1.3473e+001 -6.1258e+000 -3.0135e+000 -1.3427e+000  9.5511e-001
 -5.9244e-001
  7.4208e+000
 1.31934233e+001 1.31934233e+001  1.31934233e+001 5.56677470e+001 5.56677470e+001  5.56677470e+001 3.38827137e+001 3.38829652e+001  3.38826491e+001 -1.14422456e+001 -1.14422456e+001  -1.14422456e+001 -8.26638877e+000 -8.26638877e+000  -8.26638877e+000
 4.20666101e+000 4.20643217e+000  4.20643939e+000 -1.55922127e+001 -1.55922127e+001  -1.55922127e+001 3.16790086e+001 3.16790086e+001  3.16790086e+001 -5.39049173e+000 -5.39049173e+000  -5.39049173e+000 -2.66533463e+001 -2.66533464e+001  -2.66533464e+001
 2.32086104e+001 2.32085307e+001  2.32083289e+001 -1.41918600e+001 -1.41918600e+001  -1.41918600e+001 1.90397043e+000 1.90409285e+000  1.90396657e+000 4.90758626e+000 4.90758626e+000  4.90758316e+000 -1.20911241e+000 -1.20911276e+000  -1.20910842e+000
 1.45244544e-001 1.45235027e-001  1.45265227e-001
 -1.25559509e+001 -1.25559509e+001  -1.25559509e+001 -5.52860625e+000 -5.52860625e+000  -5.52860625e+000 -1.68547060e+001 -1.68547060e+001  -1.68547060e+001 -3.78823493e+000 -3.78823493e+000  -3.78823493e+000 2.58190995e+001 2.58190995e+001  2.58190995e+001
 -1.21265571e+001 -1.21265571e+001  -1.21265571e+001 7.67315955e+000 7.67315955e+000  7.67315955e+000 -1.37299439e+001 -1.37299439e+001  -1.37299439e+001 -7.09969065e-001 -7.09969065e-001  -7.09969065e-001 9.02806987e+000 9.02806987e+000  9.02806987e+000
 -6.34438899e+000 -6.34438899e+000  -6.34438899e+000 -6.60505320e+000 -6.60505320e+000  -6.60505320e+000 7.89659969e-001 7.89659969e-001  7.89659969e-001 -3.85230164e-001 -3.85230164e-001  -3.85230164e-001 7.10631938e+000 7.10631938e+000  7.10631938e+000
 -3.12741951e-001 -3.12741951e-001  -3.12741951e-001
 -2.72331389e+000 -2.72331389e+000  -2.72331389e+000 1.76385704e+001 1.76385704e+001  1.76385704e+001 -7.60043290e-001 -7.60042607e-001  -7.60040898e-001 3.43257028e+001 3.43257028e+001  3.43257028e+001 -3.92493497e+001 -3.92493497e+001  -3.92493497e+001
 -1.30671249e+001 -1.30671249e+001  -1.30671249e+001 -8.82584273e+000 -8.82584273e+000  -8.82584273e+000 5.69498716e+000 5.69498715e+000  5.69498711e+000 1.84759137e+001 1.84759138e+001  1.84759140e+001 -6.36467539e+000 -6.36467539e+000  -6.36467539e+000
 -5.57223089e+000 -5.57223089e+000  -5.57223089e+000 -1.22610719e+001 -1.22610719e+001  -1.22610719e+001 -2.53405257e-001 -2.53405201e-001  -2.53405059e-001 -6.26107943e-001 -6.26107943e-001  -6.26107943e-001 -3.94204977e+000 -3.94204977e+000  -3.94204979e+000
 -1.12985950e-003 -1.12993285e-003  -1.13011623e-003
 3.19870965e+000 3.19870965e+000  3.19870965e+000 -1.10185466e+001 -1.10185466e+001  -1.10185466e+001 -3.36435032e+001 -3.36435032e+001  -3.36435032e+001 -3.18402333e+000 -3.18402333e+000  -3.18402333e+000 2.08304278e+000 2.08304278e+000  2.08304278e+000
 -1.22478370e+001 -1.22478370e+001  -1.22478370e+001 3.60403148e+000 3.60403148e+000  3.60403148e+000 -1.97292800e+001 -1.97292800e+001  -1.97292800e+001 -1.21661456e+001 -1.21661456e+001  -1.21661456e+001 1.35382190e+001 1.35382190e+001  1.35382190e+001
 -1.92814973e+001 -1.92814973e+001  -1.92814973e+001 9.89162217e+000 9.89162217e+000  9.89162217e+000 -4.07972676e+000 -4.07972676e+000  -4.07972676e+000 -7.62058146e+000 -7.62058146e+000  -7.62058146e+000 -2.95360896e+000 -2.95360896e+000  -2.95360896e+000
 -7.21978223e-001 -7.21978223e-001  -7.21978223e-001
 -6.17037847e-002 -6.17037847e-002  -6.17037847e-002 -1.81139577e+001 -1.81139577e+001  -1.81139577e+001 3.14263754e-001 3.14263754e-001  3.14263754e-001 -5.50985799e+000 -5.50985799e+000  -5.50985799e+000 1.83604309e+001 1.83604309e+001  1.83604309e+001
 1.75678456e+001 1.75678456e+001  1.75678456e+001 1.85990833e+001 1.85990833e+001  1.85990833e+001 -1.72452730e+001 -1.72452730e+001  -1.72452730e+001 -7.37922741e+000 -7.37922741e+000  -7.37922741e+000 1.14720794e+001 1.14720794e+001  1.14720794e+001
 -1.29310405e+001 -1.29310405e+001  -1.29310405e+001 1.38005023e+001 1.38005023e+001  1.38005023e+001 -6.83559066e+000 -6.83559066e+000  -6.83559066e+000 1.37973766e+000 1.37973766e+000  1.37973766e+000 8.53944698e-001 8.53944698e-001  8.53944698e-001
 -9.68018313e-002 -9.68018313e-002  -9.68018313e-002
 1.90953583e+000 1.90953583e+000  1.90953583e+000 1.27733344e+001 1.27733344e+001  1.27733344e+001 -1.74553950e+001 -1.74551436e+001  -1.74554597e+001 9.16348780e+000 9.16348780e+000  9.16348780e+000 -2.03516736e+001 -2.03516736e+001  -2.03516736e+001
 -5.19089721e+000 -5.19112605e+000  -5.19111883e+000 -9.08161252e+000 -9.08161252e+000  -9.08161252e+000 -3.68318139e-001 -3.68318139e-001  -3.68318139e-001 -2.17212000e+001 -2.17212000e+001  -2.17212000e+001 1.84265136e+001 1.84265136e+001  1.84265135e+001
 -1.27155285e+001 -1.27156082e+001  -1.27158100e+001 4.03529989e+000 4.03529989e+000  4.03529989e+000 -1.28261967e+000 -1.28249725e+000  -1.28262353e+000 3.00599168e+000 3.00599168e+000  3.00598858e+000 1.32292371e-001 1.32292026e-001  1.32296368e-001
 1.67840730e-001 1.67831213e-001  1.67861413e-001
 4.32770957e+000 4.32770957e+000  4.32770957e+000 1.67302433e+001 1.67302433e+001  1.67302433e+001 -6.23297185e+000 -6.23297185e+000  -6.23297185e+000 4.07845130e+000 4.07845130e+000  4.07845130e+000 -5.20848452e+000 -5.20848452e+000  -5.20848452e+000
 -7.67135407e+000 -7.67135407e+000  -7.67135407e+000 2.02270066e+000 2.02270066e+000  2.02270066e+000 -1.12359355e+001 -1.12359355e+001  -1.12359355e+001 1.03499845e+001 1.03499845e+001  1.03499845e+001 -3.90940974e+000 -3.90940974e+000  -3.90940974e+000
 -5.81122762e+000 -5.81122762e+000  -5.81122762e+000 -1.35653134e+000 -1.35653134e+000  -1.35653134e+000 -1.04781862e+000 -1.04781862e+000  -1.04781862e+000 -4.67861778e+000 -4.67861778e+000  -4.67861778e+000 -3.77020313e-001 -3.77020313e-001  -3.77020313e-001
 -3.31506937e-001 -3.31506937e-001  -3.31506937e-001
 3.36062158e+000 3.36062158e+000  3.36062158e+000 1.27519892e+000 1.27519892e+000  1.27519892e+000 -1.48536144e+001 -1.48536144e+001  -1.48536144e+001 7.91148770e+000 7.91148770e+000  7.91148770e+000 -1.74632464e+001 -1.74632464e+001  -1.74632464e+001
 -8.67863035e-001 -8.67863035e-001  -8.67863035e-001 8.87975866e+000 8.87975866e+000  8.87975866e+000 2.25919350e+001 2.25919350e+001  2.25919350e+001 9.26758290e+000 9.26758290e+000  9.26758290e+000 2.23292595e+000 2.23292595e+000  2.23292595e+000
 -7.11413916e+000 -7.11413916e+000  -7.11413916e+000 3.56875370e+000 3.56875370e+000  3.56875370e+000 4.52838923e+000 4.52838923e+000  4.52838923e+000 1.99410819e+000 1.99410819e+000  1.99410819e+000 1.36138933e-001 1.36138933e-001  1.36138933e-001
 -2.68686669e-001 -2.68686669e-001  -2.68686669e-001
 1.35697778e+001 1.35697778e+001  1.35697778e+001 -2.35048386e+001 -2.35048386e+001  -2.35048386e+001 9.85021265e+000 9.85021265e+000  9.85021265e+000 1.61451663e-001 1.61451663e-001  1.61451663e-001 2.73914053e+001 2.73914053e+001  2.73914053e+001
 2.11386812e+001 2.11386812e+001  2.11386812e+001 6.67141753e+000 6.67141753e+000  6.67141753e+000 -3.68369583e+000 -3.68369583e+000  -3.68369583e+000 5.22417647e+000 5.22417647e+000  5.22417647e+000 -6.93432500e+000 -6.93432500e+000  -6.93432500e+000
 1.40740899e+001 1.40740899e+001  1.40740899e+001 -2.96434059e+000 -2.96434059e+000  -2.96434059e+000 -2.13439374e+000 -2.13439374e+000  -2.13439374e+000 -8.74192870e-001 -8.74192870e-001  -8.74192870e-001 -9.14121431e-001 -9.14121431e-001  -9.14121431e-001
 -2.22378396e-001 -2.22378396e-001  -2.22378396e-001
 -7.75452773e+000 -7.75452773e+000  -7.75452773e+000 -4.91133807e+000 -4.91133807e+000  -4.91133807e+000 9.84550876e+000 9.84550876e+000  9.84550876e+000 -4.38526004e+000 -4.38526004e+000  -4.38526004e+000 8.22995992e+000 8.22995992e+000  8.22995992e+000
 -2.02509114e+001 -2.02509114e+001  -2.02509114e+001 1.25036859e+001 1.25036859e+001  1.25036859e+001 -1.15158477e+000 -1.15158477e+000  -1.15158477e+000 -1.30616084e+001 -1.30616084e+001  -1.30616084e+001 1.47418769e+001 1.47418769e+001  1.47418769e+001
 1.97801790e+001 1.97801790e+001  1.97801790e+001 2.50687529e+000 2.50687529e+000  2.50687529e+000 -5.82463226e+000 -5.82463226e+000  -5.82463226e+000 3.38986298e+000 3.38986298e+000  3.38986298e+000 1.01467124e+000 1.01467124e+000  1.01467124e+000
 -3.98737282e-001 -3.98737282e-001  -3.98737282e-001
 1.44328264e+001 1.44328264e+001  1.44328264e+001 4.18171868e+000 4.18171868e+000  4.18171868e+000 -1.49037417e+001 -1.49037410e+001  -1.49037393e+001 -7.37393139e+000 -7.37393139e+000  -7.37393139e+000 -1.87445957e+000 -1.87445957e+000  -1.87445957e+000
 2.87886621e+000 2.87886621e+000  2.87886621e+000 -1.59401966e+001 -1.59401966e+001  -1.59401966e+001 -2.31878306e+001 -2.31878306e+001  -2.31878306e+001 -1.47014344e+000 -1.47014336e+000  -1.47014317e+000 -3.31000945e+000 -3.31000945e+000  -3.31000945e+000
 -1.15344252e+001 -1.15344252e+001  -1.15344252e+001 -2.27915940e+000 -2.27915940e+000  -2.27915940e+000 -3.09128917e+000 -3.09128911e+000  -3.09128897e+000 -3.17875261e+000 -3.17875261e+000  -3.17875261e+000 -2.64978746e-001 -2.64978754e-001  -2.64978774e-001
 -1.06314207e-001 -1.06314280e-001  -1.06314463e-001
 -2.84528843e+001 -2.84528843e+001  -2.84528843e+001 3.25217402e+001 3.25217402e+001  3.25217402e+001 1.71885361e+001 1.71885361e+001  1.71885361e+001 1.42442084e+000 1.42442084e+000  1.42442084e+000 8.68105783e+000 8.68105783e+000  8.68105783e+000
 -4.96685227e+000 -4.96685227e+000  -4.96685227e+000 1.21810429e+000 1.21810429e+000  1.21810429e+000 4.59952508e+000 4.59952508e+000  4.59952508e+000 5.21484176e+000 5.21484176e+000  5.21484176e+000 -2.02272259e+001 -2.02272259e+001  -2.02272259e+001
 -1.75994957e+001 -1.75994957e+001  -1.75994957e+001 -1.28767581e+001 -1.28767581e+001  -1.28767581e+001 3.77271945e-001 3.77271945e-001  3.77271945e-001 -2.00299524e+000 -2.00299524e+000  -2.00299524e+000 1.28510887e-001 1.28510887e-001  1.28510887e-001
 1.72375439e-001 1.72375439e-001  1.72375439e-001
 -2.71239454e+001 -2.71239454e+001  -2.71239454e+001 -2.31988795e+001 -2.31988795e+001  -2.31988795e+001 4.96552152e+000 4.96552152e+000  4.96552152e+000 2.80203422e+001 2.80203422e+001  2.80203422e+001 3.28630880e+000 3.28630880e+000  3.28630880e+000
 -1.54492699e+000 -1.54492699e+000  -1.54492699e+000 2.06050354e+000 2.06050354e+000  2.06050354e+000 -9.70776775e+000 -9.70776775e+000  -9.70776775e+000 3.25534220e-001 3.25534220e-001  3.25534220e-001 7.70512187e+000 7.70512187e+000  7.70512187e+000
 8.83492481e+000 8.83492481e+000  8.83492481e+000 -1.18113437e-001 -1.18113437e-001  -1.18113437e-001 -2.09383287e+000 -2.09383287e+000  -2.09383287e+000 -4.35844515e+000 -4.35844515e+000  -4.35844515e+000 1.11259559e-001 1.11259559e-001  1.11259559e-001
 -1.44782940e-001 -1.44782940e-001  -1.44782940e-001
 5.91589610e+001 5.91589610e+001  5.91589610e+001 -4.75288759e+001 -4.75288759e+001  -4.75288759e+001 1.02985305e+002 1.02985306e+002  1.02985305e+002 -5.81779658e+001 -5.81779658e+001  -5.81779658e+001 5.23286884e+001 5.23286884e+001  5.23286884e+001
 -1.23904201e+001 -1.23904213e+001  -1.23904213e+001 -5.67258637e+001 -5.67258637e+001  -5.67258637e+001 6.91244659e+001 6.91244659e+001  6.91244659e+001 -2.68227359e+001 -2.68227359e+001  -2.68227359e+001 -2.95043432e+001 -2.95043432e+001  -2.95043432e+001
 1.45175521e+001 1.45175517e+001  1.45175506e+001 -5.15886023e+000 -5.15886023e+000  -5.15886023e+000 -2.18101761e+000 -2.18101695e+000  -2.18101757e+000 -8.33045646e+000 -8.33045646e+000  -8.33045648e+000 9.94283224e+000 9.94283223e+000  9.94283225e+000
 -4.47995289e-004 -4.48067528e-004  -4.47962881e-004
 -4.08431418e-001 -4.08431418e-001  -4.08431418e-001 1.94533933e+001 1.94533933e+001  1.94533933e+001 -3.79966359e-002 -3.79375259e-002  -3.81385560e-002 1.33328654e+001 1.33328654e+001  1.33328654e+001 -5.70857825e-002 -5.70857825e-002  -5.70857825e-002
 8.02731021e+000 8.02723940e+000  8.02727629e+000 1.11355290e+000 1.11355290e+000  1.11355290e+000 -1.40116105e+000 -1.40116105e+000  -1.40116107e+000 -1.02896969e+000 -1.02896965e+000  -1.02896957e+000 3.02188399e+000 3.02188398e+000  3.02188395e+000
 5.37955157e-003 5.34365207e-003  5.25292050e-003 3.89440430e+000 3.89440430e+000  3.89440430e+000 -5.12841596e-001 -5.12811434e-001  -5.12895652e-001 -3.62381088e+000 -3.62381107e+000  -3.62381267e+000 4.48299316e-001 4.48299456e-001  4.48301727e-001
 -6.89396396e-001 -6.89397599e-001  -6.89380672e-001
 1.11223615e+000 1.11223615e+000  1.11223615e+000 -6.38710680e+001 -6.38710680e+001  -6.38710680e+001 5.64610322e-001 5.64823977e-001  5.64716838e-001 -3.71741417e+001 -3.71741417e+001  -3.71741417e+001 6.14766619e-001 6.14766619e-001  6.14766619e-001
 7.32039100e+000 7.32022071e+000  7.32018823e+000 -4.78157972e+000 -4.78157972e+000  -4.78157972e+000 4.03492938e+000 4.03492937e+000  4.03492934e+000 1.83690457e+000 1.83690462e+000  1.83690476e+000 -7.64619048e+000 -7.64619049e+000  -7.64619053e+000
 1.32402201e+001 1.32401767e+001  1.32400663e+001 -4.41259326e+000 -4.41259326e+000  -4.41259326e+000 3.83769005e+000 3.83779162e+000  3.83775208e+000 -5.27225110e+000 -5.27225085e+000  -5.27225231e+000 -2.61164913e+000 -2.61164974e+000  -2.61164772e+000
 -7.52557595e-001 -7.52567198e-001  -7.52554553e-001
 8.62445563e-001 8.62445563e-001  8.62445563e-001 -5.63673630e+001 -5.63673630e+001  -5.63673630e+001 6.01130063e-002 6.03047812e-002  6.02479291e-002 -4.97007979e+001 -4.97007979e+001  -4.97007979e+001 -3.88658979e-001 -3.88658979e-001  -3.88658979e-001
 6.92042517e+000 6.92027815e+000  6.92023947e+000 -8.43537350e+000 -8.43537350e+000  -8.43537350e+000 1.75730079e+000 1.75730078e+000  1.75730076e+000 6.58391954e-001 6.58392000e-001  6.58392115e-001 -1.45281876e+001 -1.45281876e+001  -1.45281877e+001
 1.93482757e+001 1.93482426e+001  1.93481585e+001 8.34257725e-001 8.34257725e-001  8.34257725e-001 4.27489595e+000 4.27498657e+000  4.27496772e+000 -1.03372074e+000 -1.03372045e+000  -1.03372147e+000 6.94086961e-002 6.94080762e-002  6.94094810e-002
 -6.60248814e-001 -6.60257798e-001  -6.60249606e-001
 1.03581606e+000 1.03581606e+000  1.03581606e+000 2.74637276e+001 2.74637276e+001  2.74637276e+001 -3.57627550e+000 -3.57627550e+000  -3.57627550e+000 -6.19115095e+000 -6.19115095e+000  -6.19115095e+000 -9.33284304e-002 -9.33284304e-002  -9.33284304e-002
 -3.87189551e+000 -3.87189551e+000  -3.87189551e+000 -1.20991197e+000 -1.20991197e+000  -1.20991197e+000 -4.73652065e+000 -4.73652065e+000  -4.73652065e+000 -1.52271697e+000 -1.52271697e+000  -1.52271697e+000 -7.72044831e+000 -7.72044831e+000  -7.72044831e+000
 -9.07635885e-001 -9.07635885e-001  -9.07635885e-001 7.16744576e+000 7.16744576e+000  7.16744576e+000 -2.23786634e+000 -2.23786634e+000  -2.23786634e+000 5.92998475e+000 5.92998475e+000  5.92998475e+000 3.86953887e+000 3.86953887e+000  3.86953887e+000
 3.97257000e-002 3.97257000e-002  3.97257000e-002
 8.76617805e-001 8.76617805e-001  8.76617805e-001 3.71945382e+001 3.71945382e+001  3.71945382e+001 -3.84395505e+000 -3.84395505e+000  -3.84395505e+000 -1.95185791e+000 -1.95185791e+000  -1.95185791e+000 -7.16600927e-002 -7.16600927e-002  -7.16600927e-002
 -4.48346236e+000 -4.48346236e+000  -4.48346236e+000 7.02043679e-001 7.02043679e-001  7.02043679e-001 -5.48847024e+000 -5.48847024e+000  -5.48847024e+000 -1.88509981e+000 -1.88509981e+000  -1.88509981e+000 -5.15843724e+000 -5.15843724e+000  -5.15843724e+000
 6.84851000e-001 6.84851000e-001  6.84851000e-001 9.50524150e-001 9.50524150e-001  9.50524150e-001 -2.40286290e+000 -2.40286290e+000  -2.40286290e+000 4.67442944e+000 4.67442944e+000  4.67442944e+000 3.31816498e+000 3.31816498e+000  3.31816498e+000
 -8.43008837e-002 -8.43008837e-002  -8.43008837e-002
 -6.04533891e-001 -6.04533891e-001  -6.04533891e-001 -1.37555108e+001 -1.37555108e+001  -1.37555108e+001 -4.73871834e+000 -4.73871834e+000  -4.73871834e+000 8.96150376e+000 8.96150376e+000  8.96150376e+000 -4.03247284e-001 -4.03247284e-001  -4.03247284e-001
 -3.45646423e+000 -3.45646423e+000  -3.45646423e+000 3.14866486e+000 3.14866486e+000  3.14866486e+000 -1.32040651e+000 -1.32040651e+000  -1.32040651e+000 -1.50087754e+000 -1.50087754e+000  -1.50087754e+000 6.83497256e+000 6.83497256e+000  6.83497256e+000
 -1.01781996e+001 -1.01781996e+001  -1.01781996e+001 -8.68854654e+000 -8.68854654e+000  -8.68854654e+000 -1.91624757e+000 -1.91624757e+000  -1.91624757e+000 -6.12573099e+000 -6.12573099e+000  -6.12573099e+000 -3.57740320e+000 -3.57740320e+000  -3.57740320e+000
 -4.55901132e-001 -4.55901132e-001  -4.55901132e-001
 -2.07208467e-001 -2.07208467e-001  -2.07208467e-001 -1.21627605e+001 -1.21627605e+001  -1.21627605e+001 -4.76227778e+000 -4.76202564e+000  -4.76233999e+000 9.76815497e+000 9.76815497e+000  9.76815497e+000 -4.54359951e-001 -4.54359951e-001  -4.54359951e-001
 -3.57936010e+000 -3.57958894e+000  -3.57958172e+000 3.13851305e+000 3.13851305e+000  3.13851305e+000 -1.41875239e+000 -1.41875241e+000  -1.41875244e+000 -1.84961376e+000 -1.84961368e+000  -1.84961349e+000 7.06425947e+000 7.06425944e+000  7.06425937e+000
 -1.05195628e+001 -1.05196425e+001  -1.05198444e+001 -8.79528395e+000 -8.79528395e+000  -8.79528395e+000 -1.91811546e+000 -1.91799299e+000  -1.91811912e+000 -6.82327884e+000 -6.82327885e+000  -6.82328194e+000 -3.75480772e+000 -3.75480807e+000  -3.75480375e+000
 -4.86931005e-001 -4.86940596e-001  -4.86910579e-001
 -5.03243471e+000 -5.03260167e+000 -5.03231890e+000
 -2.72142084e+000 -2.72158647e+000 -2.72130036e+000
 -5.42152158e+000 -5.42165244e+000 -5.42160574e+000
 -1.62534448e+000 -1.62534448e+000 -1.62534448e+000
 -4.56821270e+000 -4.56821270e+000 -4.56821270e+000
 3.96124351e+000 3.96115594e+000 3.96114511e+000
 -2.76237347e+000 -2.76237347e+000 -2.76237347e+000
 3.46546756e+000 3.46530192e+000 3.46558802e+000
 -2.72995960e+000 -2.72996090e+000 -2.72996416e+000
 -1.31229130e+000 -1.31229128e+000 -1.31229123e+000
 -2.66688152e+000 -2.66708432e+000 -2.66689210e+000
 -1.70847687e+000 -1.70847687e+000 -1.70847687e+000
 -2.64130512e+000 -2.64149903e+000 -2.64154444e+000
 -1.46313048e+000 -1.46313048e+000 -1.46312835e+000
 1.64739244e+000 1.64739223e+000 1.64739487e+000
 6.84655578e-001 6.84639452e-001 6.84689720e-001
