 Normalized SSE per output and pattern 
Itr 	 HN 	 MARE-tr 	 MARE-ts 	 R2tr 	 R2ts 	 SSENtr 	 SSENts	 SSENcomb
100 	 13 	      246.593 	      245.783 	   0.73301 	   0.65938 	    0.035917 	     0.042261 	     0.078177 
200 	 13 	      209.144 	      203.261 	   0.76336 	   0.66414 	    0.028606 	     0.037256 	     0.065862 
300 	 13 	      196.984 	      190.888 	   0.77367 	   0.66495 	    0.026352 	     0.035820 	     0.062173 
400 	 13 	      189.044 	      184.777 	   0.78336 	   0.66693 	    0.024746 	     0.034842 	     0.059589 
500 	 13 	      180.853 	      179.178 	   0.79877 	   0.66897 	    0.022462 	     0.033671 	     0.056133 
600 	 13 	      172.519 	      174.241 	   0.81744 	   0.67032 	    0.019778 	     0.032323 	     0.052101 
700 	 13 	      165.325 	      169.907 	   0.83297 	   0.67013 	    0.017522 	     0.031097 	     0.048619 
800 	 13 	      159.212 	      165.345 	   0.84343 	   0.66934 	    0.015909 	     0.030053 	     0.045962 
900 	 13 	      153.005 	      160.490 	   0.85107 	   0.66921 	    0.014671 	     0.029115 	     0.043785 
1000 	 13 	      108.293 	      114.267 	   0.88415 	   0.67835 	    0.007229 	     0.019441 	     0.026671 
1100 	 13 	       84.354 	       89.119 	   0.90511 	   0.68224 	    0.005157 	     0.017559 	     0.022716 
1200 	 13 	       82.378 	       87.011 	   0.90844 	   0.68328 	    0.004900 	     0.017276 	     0.022176 
1300 	 13 	       81.063 	       85.854 	   0.91094 	   0.68431 	    0.004718 	     0.017060 	     0.021778 
1400 	 13 	       79.987 	       85.071 	   0.91310 	   0.68533 	    0.004569 	     0.016887 	     0.021456 
1500 	 13 	       79.057 	       84.519 	   0.91506 	   0.68640 	    0.004439 	     0.016740 	     0.021179 
1600 	 13 	       78.241 	       84.090 	   0.91690 	   0.68752 	    0.004321 	     0.016608 	     0.020929 
1700 	 13 	       77.530 	       83.757 	   0.91865 	   0.68868 	    0.004212 	     0.016485 	     0.020697 
1800 	 13 	       76.881 	       83.461 	   0.92034 	   0.68987 	    0.004109 	     0.016366 	     0.020475 
1900 	 13 	       76.253 	       83.178 	   0.92200 	   0.69106 	    0.004010 	     0.016249 	     0.020260 
2000 	 13 	       67.055 	       73.532 	   0.92848 	   0.69203 	    0.002991 	     0.014359 	     0.017350 
2100 	 13 	       62.070 	       69.034 	   0.93313 	   0.69214 	    0.002693 	     0.014105 	     0.016798 
2200 	 13 	       61.665 	       69.045 	   0.93451 	   0.69293 	    0.002630 	     0.014036 	     0.016666 
2300 	 13 	       61.494 	       69.241 	   0.93567 	   0.69365 	    0.002580 	     0.013977 	     0.016558 
2400 	 13 	       61.377 	       69.470 	   0.93675 	   0.69435 	    0.002536 	     0.013925 	     0.016461 
2500 	 13 	       61.284 	       69.710 	   0.93778 	   0.69501 	    0.002494 	     0.013877 	     0.016371 
2600 	 13 	       61.204 	       69.944 	   0.93876 	   0.69565 	    0.002455 	     0.013831 	     0.016285 
2700 	 13 	       61.128 	       70.166 	   0.93971 	   0.69625 	    0.002416 	     0.013786 	     0.016203 
2800 	 13 	       61.054 	       70.375 	   0.94063 	   0.69683 	    0.002380 	     0.013744 	     0.016123 
2900 	 13 	       61.001 	       70.569 	   0.94152 	   0.69738 	    0.002343 	     0.013702 	     0.016045 
3000 	 13 	       57.682 	       67.328 	   0.94379 	   0.69754 	    0.002055 	     0.013006 	     0.015061 
3100 	 13 	       56.019 	       66.063 	   0.94553 	   0.69724 	    0.001969 	     0.012954 	     0.014923 
3200 	 13 	       55.949 	       66.248 	   0.94627 	   0.69753 	    0.001941 	     0.012934 	     0.014875 
3300 	 13 	       55.956 	       66.473 	   0.94694 	   0.69778 	    0.001918 	     0.012916 	     0.014833 
3400 	 13 	       56.006 	       66.692 	   0.94757 	   0.69800 	    0.001895 	     0.012899 	     0.014794 
3500 	 13 	       56.064 	       66.900 	   0.94819 	   0.69821 	    0.001874 	     0.012883 	     0.014757 
3600 	 13 	       56.116 	       67.097 	   0.94878 	   0.69841 	    0.001853 	     0.012868 	     0.014721 
3700 	 13 	       56.115 	       67.286 	   0.94936 	   0.69860 	    0.001832 	     0.012853 	     0.014685 
3800 	 13 	       56.110 	       67.471 	   0.94992 	   0.69878 	    0.001813 	     0.012838 	     0.014651 
3900 	 13 	       56.101 	       67.646 	   0.95047 	   0.69896 	    0.001793 	     0.012824 	     0.014618 
4000 	 13 	       54.505 	       66.114 	   0.95153 	   0.69888 	    0.001677 	     0.012488 	     0.014166 
4100 	 13 	       53.762 	       65.518 	   0.95241 	   0.69851 	    0.001639 	     0.012478 	     0.014117 
4200 	 13 	       53.746 	       65.659 	   0.95287 	   0.69859 	    0.001623 	     0.012473 	     0.014096 
4300 	 13 	       53.768 	       65.815 	   0.95330 	   0.69862 	    0.001609 	     0.012470 	     0.014078 
4400 	 13 	       53.795 	       65.972 	   0.95372 	   0.69864 	    0.001595 	     0.012466 	     0.014061 
4500 	 13 	       53.823 	       66.120 	   0.95412 	   0.69866 	    0.001582 	     0.012463 	     0.014045 
4600 	 13 	       53.850 	       66.267 	   0.95452 	   0.69867 	    0.001569 	     0.012460 	     0.014029 
4700 	 13 	       53.874 	       66.410 	   0.95491 	   0.69868 	    0.001556 	     0.012457 	     0.014013 
4800 	 13 	       53.895 	       66.545 	   0.95529 	   0.69869 	    0.001544 	     0.012454 	     0.013998 
4900 	 13 	       53.914 	       66.672 	   0.95566 	   0.69869 	    0.001531 	     0.012452 	     0.013983 
5000 	 13 	       53.008 	       65.760 	   0.95626 	   0.69851 	    0.001473 	     0.012261 	     0.013734 
5100 	 13 	       52.566 	       65.394 	   0.95679 	   0.69816 	    0.001451 	     0.012262 	     0.013713 
5200 	 13 	       52.569 	       65.500 	   0.95712 	   0.69813 	    0.001441 	     0.012264 	     0.013704 
5300 	 13 	       52.588 	       65.613 	   0.95742 	   0.69806 	    0.001431 	     0.012266 	     0.013696 
5400 	 13 	       52.612 	       65.721 	   0.95772 	   0.69799 	    0.001421 	     0.012268 	     0.013689 
5500 	 13 	       52.637 	       65.822 	   0.95801 	   0.69791 	    0.001412 	     0.012271 	     0.013683 
5600 	 13 	       52.660 	       65.916 	   0.95830 	   0.69782 	    0.001403 	     0.012273 	     0.013676 
5700 	 13 	       52.682 	       66.008 	   0.95858 	   0.69774 	    0.001394 	     0.012276 	     0.013670 
5800 	 13 	       52.702 	       66.094 	   0.95885 	   0.69765 	    0.001385 	     0.012278 	     0.013663 
5900 	 13 	       52.721 	       66.174 	   0.95912 	   0.69756 	    0.001376 	     0.012281 	     0.013657 
6000 	 13 	       52.131 	       65.548 	   0.95952 	   0.69733 	    0.001342 	     0.012161 	     0.013503 
6100 	 13 	       51.836 	       65.287 	   0.95988 	   0.69699 	    0.001328 	     0.012166 	     0.013494 
6200 	 13 	       51.840 	       65.351 	   0.96012 	   0.69689 	    0.001320 	     0.012170 	     0.013490 
6300 	 13 	       51.855 	       65.421 	   0.96035 	   0.69676 	    0.001313 	     0.012176 	     0.013488 
6400 	 13 	       51.873 	       65.488 	   0.96058 	   0.69662 	    0.001306 	     0.012181 	     0.013486 
6500 	 13 	       51.892 	       65.550 	   0.96080 	   0.69648 	    0.001299 	     0.012186 	     0.013485 
6600 	 13 	       51.910 	       65.610 	   0.96102 	   0.69634 	    0.001292 	     0.012192 	     0.013483 
6700 	 13 	       51.927 	       65.667 	   0.96123 	   0.69619 	    0.001285 	     0.012197 	     0.013482 
6800 	 13 	       51.943 	       65.722 	   0.96145 	   0.69604 	    0.001278 	     0.012203 	     0.013481 
6900 	 13 	       51.958 	       65.774 	   0.96166 	   0.69589 	    0.001271 	     0.012208 	     0.013480 
7000 	 13 	       51.555 	       65.340 	   0.96194 	   0.69563 	    0.001249 	     0.012128 	     0.013377 
7100 	 13 	       51.350 	       65.143 	   0.96220 	   0.69530 	    0.001239 	     0.012134 	     0.013373 
7200 	 13 	       51.352 	       65.183 	   0.96239 	   0.69516 	    0.001233 	     0.012140 	     0.013373 
7300 	 13 	       51.364 	       65.229 	   0.96257 	   0.69499 	    0.001227 	     0.012147 	     0.013374 
7400 	 13 	       51.378 	       65.273 	   0.96275 	   0.69482 	    0.001221 	     0.012154 	     0.013375 
7500 	 13 	       51.392 	       65.317 	   0.96293 	   0.69464 	    0.001216 	     0.012161 	     0.013377 
7600 	 13 	       51.406 	       65.358 	   0.96310 	   0.69446 	    0.001210 	     0.012168 	     0.013378 
7700 	 13 	       51.418 	       65.396 	   0.96327 	   0.69429 	    0.001205 	     0.012175 	     0.013380 
7800 	 13 	       51.430 	       65.430 	   0.96344 	   0.69410 	    0.001199 	     0.012182 	     0.013382 
7900 	 13 	       51.440 	       65.463 	   0.96361 	   0.69392 	    0.001194 	     0.012189 	     0.013383 
8000 	 13 	       51.158 	       65.131 	   0.96382 	   0.69366 	    0.001179 	     0.012133 	     0.013311 
8100 	 13 	       51.005 	       64.966 	   0.96403 	   0.69335 	    0.001171 	     0.012140 	     0.013310 
8200 	 13 	       51.006 	       64.991 	   0.96418 	   0.69318 	    0.001166 	     0.012146 	     0.013312 
8300 	 13 	       51.013 	       65.021 	   0.96433 	   0.69301 	    0.001161 	     0.012154 	     0.013315 
8400 	 13 	       51.021 	       65.051 	   0.96447 	   0.69282 	    0.001157 	     0.012161 	     0.013318 
8500 	 13 	       51.030 	       65.082 	   0.96462 	   0.69264 	    0.001152 	     0.012169 	     0.013321 
8600 	 13 	       51.038 	       65.113 	   0.96476 	   0.69245 	    0.001148 	     0.012176 	     0.013324 
8700 	 13 	       51.044 	       65.141 	   0.96490 	   0.69226 	    0.001143 	     0.012183 	     0.013327 
8800 	 13 	       51.044 	       65.174 	   0.96504 	   0.69207 	    0.001139 	     0.012191 	     0.013330 
8900 	 13 	       51.043 	       65.208 	   0.96518 	   0.69189 	    0.001134 	     0.012198 	     0.013332 
9000 	 13 	       50.805 	       64.956 	   0.96534 	   0.69163 	    0.001123 	     0.012157 	     0.013280 
9100 	 13 	       50.666 	       64.825 	   0.96551 	   0.69135 	    0.001117 	     0.012163 	     0.013280 
9200 	 13 	       50.654 	       64.852 	   0.96563 	   0.69119 	    0.001113 	     0.012170 	     0.013283 
9300 	 13 	       50.648 	       64.885 	   0.96576 	   0.69101 	    0.001109 	     0.012177 	     0.013286 
9400 	 13 	       50.643 	       64.917 	   0.96588 	   0.69084 	    0.001105 	     0.012185 	     0.013290 
9500 	 13 	       50.638 	       64.948 	   0.96600 	   0.69066 	    0.001101 	     0.012192 	     0.013293 
9600 	 13 	       50.633 	       64.978 	   0.96612 	   0.69048 	    0.001097 	     0.012199 	     0.013296 
9700 	 13 	       50.627 	       65.011 	   0.96623 	   0.69030 	    0.001094 	     0.012206 	     0.013300 
9800 	 13 	       50.622 	       65.042 	   0.96635 	   0.69012 	    0.001090 	     0.012213 	     0.013303 
9900 	 13 	       50.619 	       65.072 	   0.96647 	   0.68994 	    0.001086 	     0.012220 	     0.013306 
10000 	 13 	       50.430 	       64.867 	   0.96660 	   0.68971 	    0.001078 	     0.012189 	     0.013266 
10100 	 13 	       50.314 	       64.759 	   0.96674 	   0.68946 	    0.001073 	     0.012194 	     0.013267 
10200 	 13 	       50.302 	       64.783 	   0.96684 	   0.68931 	    0.001069 	     0.012201 	     0.013270 
10300 	 13 	       50.296 	       64.811 	   0.96695 	   0.68915 	    0.001066 	     0.012207 	     0.013273 
10400 	 13 	       50.293 	       64.840 	   0.96705 	   0.68898 	    0.001063 	     0.012214 	     0.013276 
10500 	 13 	       50.290 	       64.868 	   0.96715 	   0.68882 	    0.001060 	     0.012220 	     0.013280 
10600 	 13 	       50.287 	       64.895 	   0.96725 	   0.68865 	    0.001056 	     0.012227 	     0.013283 
10700 	 13 	       50.284 	       64.921 	   0.96735 	   0.68849 	    0.001053 	     0.012233 	     0.013286 
10800 	 13 	       50.280 	       64.946 	   0.96745 	   0.68833 	    0.001050 	     0.012239 	     0.013289 
10900 	 13 	       50.276 	       64.970 	   0.96755 	   0.68817 	    0.001047 	     0.012245 	     0.013292 
11000 	 13 	       50.122 	       64.804 	   0.96767 	   0.68797 	    0.001040 	     0.012221 	     0.013261 
11100 	 13 	       50.024 	       64.719 	   0.96778 	   0.68775 	    0.001036 	     0.012226 	     0.013262 
11200 	 13 	       50.012 	       64.742 	   0.96787 	   0.68761 	    0.001033 	     0.012231 	     0.013264 
11300 	 13 	       50.005 	       64.769 	   0.96796 	   0.68747 	    0.001030 	     0.012237 	     0.013267 
11400 	 13 	       50.000 	       64.797 	   0.96805 	   0.68733 	    0.001027 	     0.012242 	     0.013270 
11500 	 13 	       49.995 	       64.824 	   0.96813 	   0.68718 	    0.001025 	     0.012248 	     0.013273 
11600 	 13 	       49.990 	       64.850 	   0.96822 	   0.68704 	    0.001022 	     0.012254 	     0.013276 
11700 	 13 	       49.986 	       64.876 	   0.96831 	   0.68689 	    0.001019 	     0.012259 	     0.013278 
11800 	 13 	       49.981 	       64.901 	   0.96839 	   0.68675 	    0.001016 	     0.012265 	     0.013281 
11900 	 13 	       49.976 	       64.925 	   0.96848 	   0.68661 	    0.001014 	     0.012270 	     0.013284 
12000 	 13 	       49.852 	       64.798 	   0.96858 	   0.68643 	    0.001008 	     0.012250 	     0.013258 
12100 	 13 	       49.772 	       64.726 	   0.96867 	   0.68624 	    0.001005 	     0.012254 	     0.013259 
12200 	 13 	       49.761 	       64.745 	   0.96875 	   0.68612 	    0.001002 	     0.012259 	     0.013261 
12300 	 13 	       49.754 	       64.769 	   0.96883 	   0.68600 	    0.001000 	     0.012264 	     0.013263 
12400 	 13 	       49.748 	       64.792 	   0.96891 	   0.68587 	    0.000997 	     0.012268 	     0.013266 
12500 	 13 	       49.742 	       64.816 	   0.96898 	   0.68575 	    0.000995 	     0.012273 	     0.013268 
12600 	 13 	       49.736 	       64.839 	   0.96906 	   0.68562 	    0.000992 	     0.012278 	     0.013270 
12700 	 13 	       49.729 	       64.861 	   0.96913 	   0.68550 	    0.000990 	     0.012283 	     0.013273 
12800 	 13 	       49.723 	       64.883 	   0.96921 	   0.68538 	    0.000988 	     0.012287 	     0.013275 
12900 	 13 	       49.716 	       64.905 	   0.96928 	   0.68526 	    0.000985 	     0.012292 	     0.013277 
13000 	 13 	       49.612 	       64.799 	   0.96937 	   0.68510 	    0.000981 	     0.012275 	     0.013256 
13100 	 13 	       49.540 	       64.738 	   0.96945 	   0.68494 	    0.000978 	     0.012278 	     0.013256 
13200 	 13 	       49.528 	       64.755 	   0.96952 	   0.68484 	    0.000975 	     0.012282 	     0.013258 
13300 	 13 	       49.519 	       64.776 	   0.96959 	   0.68473 	    0.000973 	     0.012286 	     0.013259 
13400 	 13 	       49.510 	       64.797 	   0.96965 	   0.68462 	    0.000971 	     0.012290 	     0.013261 
13500 	 13 	       49.503 	       64.818 	   0.96972 	   0.68451 	    0.000969 	     0.012294 	     0.013263 
13600 	 13 	       49.496 	       64.839 	   0.96979 	   0.68441 	    0.000967 	     0.012298 	     0.013265 
13700 	 13 	       49.489 	       64.859 	   0.96986 	   0.68430 	    0.000965 	     0.012302 	     0.013267 
13800 	 13 	       49.481 	       64.879 	   0.96992 	   0.68419 	    0.000963 	     0.012306 	     0.013269 
13900 	 13 	       49.474 	       64.899 	   0.96999 	   0.68409 	    0.000961 	     0.012310 	     0.013271 
14000 	 13 	       49.385 	       64.811 	   0.97006 	   0.68396 	    0.000957 	     0.012296 	     0.013253 
14100 	 13 	       49.321 	       64.758 	   0.97013 	   0.68382 	    0.000954 	     0.012298 	     0.013252 
14200 	 13 	       49.309 	       64.773 	   0.97019 	   0.68373 	    0.000952 	     0.012301 	     0.013254 
14300 	 13 	       49.299 	       64.793 	   0.97025 	   0.68364 	    0.000950 	     0.012305 	     0.013255 
14400 	 13 	       49.290 	       64.812 	   0.97031 	   0.68355 	    0.000948 	     0.012308 	     0.013256 
14500 	 13 	       49.282 	       64.831 	   0.97037 	   0.68345 	    0.000947 	     0.012311 	     0.013258 
14600 	 13 	       49.273 	       64.851 	   0.97043 	   0.68336 	    0.000945 	     0.012315 	     0.013259 
14700 	 13 	       49.264 	       64.870 	   0.97049 	   0.68327 	    0.000943 	     0.012318 	     0.013261 
14800 	 13 	       49.255 	       64.888 	   0.97055 	   0.68318 	    0.000941 	     0.012321 	     0.013262 
14900 	 13 	       49.246 	       64.907 	   0.97061 	   0.68309 	    0.000939 	     0.012324 	     0.013263 
15000 	 13 	       49.169 	       64.833 	   0.97067 	   0.68298 	    0.000936 	     0.012312 	     0.013248 
15100 	 13 	       49.114 	       64.787 	   0.97073 	   0.68286 	    0.000934 	     0.012314 	     0.013247 
15200 	 13 	       49.102 	       64.802 	   0.97079 	   0.68278 	    0.000932 	     0.012316 	     0.013248 
15300 	 13 	       49.092 	       64.819 	   0.97084 	   0.68270 	    0.000930 	     0.012319 	     0.013249 
15400 	 13 	       49.083 	       64.838 	   0.97090 	   0.68262 	    0.000929 	     0.012322 	     0.013250 
15500 	 13 	       49.074 	       64.856 	   0.97095 	   0.68254 	    0.000927 	     0.012325 	     0.013252 
15600 	 13 	       49.065 	       64.874 	   0.97100 	   0.68246 	    0.000925 	     0.012328 	     0.013253 
15700 	 13 	       49.056 	       64.892 	   0.97106 	   0.68239 	    0.000923 	     0.012330 	     0.013254 
15800 	 13 	       49.047 	       64.909 	   0.97111 	   0.68231 	    0.000922 	     0.012333 	     0.013255 
15900 	 13 	       49.037 	       64.927 	   0.97116 	   0.68223 	    0.000920 	     0.012335 	     0.013256 
16000 	 13 	       48.973 	       64.864 	   0.97122 	   0.68213 	    0.000917 	     0.012325 	     0.013242 
16100 	 13 	       48.926 	       64.825 	   0.97127 	   0.68203 	    0.000915 	     0.012326 	     0.013242 
16200 	 13 	       48.916 	       64.839 	   0.97132 	   0.68196 	    0.000914 	     0.012328 	     0.013242 
16300 	 13 	       48.908 	       64.856 	   0.97137 	   0.68190 	    0.000912 	     0.012331 	     0.013243 
16400 	 13 	       48.900 	       64.873 	   0.97142 	   0.68183 	    0.000911 	     0.012333 	     0.013244 
16500 	 13 	       48.893 	       64.890 	   0.97147 	   0.68176 	    0.000909 	     0.012335 	     0.013244 
16600 	 13 	       48.885 	       64.907 	   0.97151 	   0.68169 	    0.000908 	     0.012337 	     0.013245 
16700 	 13 	       48.878 	       64.924 	   0.97156 	   0.68163 	    0.000906 	     0.012340 	     0.013246 
16800 	 13 	       48.870 	       64.941 	   0.97161 	   0.68156 	    0.000905 	     0.012342 	     0.013247 
16900 	 13 	       48.862 	       64.958 	   0.97165 	   0.68149 	    0.000903 	     0.012344 	     0.013247 
17000 	 13 	       48.808 	       64.905 	   0.97170 	   0.68141 	    0.000901 	     0.012335 	     0.013236 
17100 	 13 	       48.766 	       64.871 	   0.97175 	   0.68132 	    0.000899 	     0.012336 	     0.013235 
17200 	 13 	       48.756 	       64.884 	   0.97180 	   0.68126 	    0.000898 	     0.012337 	     0.013235 
17300 	 13 	       48.748 	       64.900 	   0.97184 	   0.68120 	    0.000896 	     0.012339 	     0.013236 
17400 	 13 	       48.741 	       64.917 	   0.97189 	   0.68114 	    0.000895 	     0.012341 	     0.013236 
17500 	 13 	       48.733 	       64.933 	   0.97193 	   0.68109 	    0.000894 	     0.012343 	     0.013237 
17600 	 13 	       48.726 	       64.950 	   0.97197 	   0.68103 	    0.000892 	     0.012345 	     0.013237 
17700 	 13 	       48.718 	       64.966 	   0.97201 	   0.68097 	    0.000891 	     0.012347 	     0.013238 
17800 	 13 	       48.711 	       64.982 	   0.97206 	   0.68091 	    0.000890 	     0.012349 	     0.013238 
17900 	 13 	       48.703 	       64.998 	   0.97210 	   0.68085 	    0.000888 	     0.012351 	     0.013239 
18000 	 13 	       48.653 	       64.953 	   0.97214 	   0.68078 	    0.000886 	     0.012342 	     0.013229 
18100 	 13 	       48.615 	       64.923 	   0.97219 	   0.68070 	    0.000885 	     0.012343 	     0.013227 
18200 	 13 	       48.604 	       64.936 	   0.97223 	   0.68065 	    0.000883 	     0.012344 	     0.013228 
18300 	 13 	       48.596 	       64.952 	   0.97227 	   0.68060 	    0.000882 	     0.012346 	     0.013228 
18400 	 13 	       48.588 	       64.968 	   0.97231 	   0.68055 	    0.000881 	     0.012348 	     0.013228 
18500 	 13 	       48.580 	       64.984 	   0.97235 	   0.68050 	    0.000880 	     0.012349 	     0.013229 
18600 	 13 	       48.572 	       64.999 	   0.97239 	   0.68044 	    0.000878 	     0.012351 	     0.013229 
18700 	 13 	       48.565 	       65.015 	   0.97242 	   0.68039 	    0.000877 	     0.012352 	     0.013230 
18800 	 13 	       48.557 	       65.031 	   0.97246 	   0.68034 	    0.000876 	     0.012354 	     0.013230 
18900 	 13 	       48.550 	       65.046 	   0.97250 	   0.68029 	    0.000875 	     0.012356 	     0.013230 
19000 	 13 	       48.505 	       65.008 	   0.97254 	   0.68023 	    0.000873 	     0.012348 	     0.013221 
19100 	 13 	       48.469 	       64.981 	   0.97258 	   0.68016 	    0.000871 	     0.012349 	     0.013220 
19200 	 13 	       48.459 	       64.994 	   0.97262 	   0.68011 	    0.000870 	     0.012350 	     0.013220 
19300 	 13 	       48.451 	       65.009 	   0.97266 	   0.68007 	    0.000869 	     0.012351 	     0.013220 
19400 	 13 	       48.444 	       65.024 	   0.97269 	   0.68002 	    0.000868 	     0.012353 	     0.013221 
19500 	 13 	       48.437 	       65.040 	   0.97273 	   0.67998 	    0.000867 	     0.012354 	     0.013221 
19600 	 13 	       48.431 	       65.055 	   0.97276 	   0.67993 	    0.000866 	     0.012355 	     0.013221 
19700 	 13 	       48.426 	       65.071 	   0.97280 	   0.67989 	    0.000865 	     0.012357 	     0.013221 
19800 	 13 	       48.420 	       65.088 	   0.97283 	   0.67984 	    0.000863 	     0.012358 	     0.013222 
19900 	 13 	       48.415 	       65.104 	   0.97287 	   0.67980 	    0.000862 	     0.012360 	     0.013222 
20000 	 13 	       48.375 	       65.074 	   0.97291 	   0.67974 	    0.000861 	     0.012353 	     0.013214 
100 	 14 	      100.326 	      123.258 	   0.94774 	   0.67706 	    0.005540 	     0.021528 	     0.027069 
200 	 14 	       98.158 	      124.331 	   0.94742 	   0.67801 	    0.005423 	     0.021404 	     0.026827 
300 	 14 	       95.594 	      124.593 	   0.94792 	   0.67653 	    0.005230 	     0.021241 	     0.026471 
400 	 14 	       93.200 	      124.657 	   0.94875 	   0.67409 	    0.005030 	     0.021103 	     0.026133 
500 	 14 	       90.937 	      124.510 	   0.94972 	   0.67132 	    0.004839 	     0.020988 	     0.025827 
600 	 14 	       88.752 	      124.227 	   0.95077 	   0.66850 	    0.004656 	     0.020886 	     0.025541 
700 	 14 	       86.667 	      123.697 	   0.95186 	   0.66577 	    0.004479 	     0.020785 	     0.025263 
800 	 14 	       84.640 	      122.988 	   0.95297 	   0.66323 	    0.004306 	     0.020677 	     0.024983 
900 	 14 	       82.713 	      122.119 	   0.95411 	   0.66088 	    0.004137 	     0.020557 	     0.024694 
1000 	 14 	       58.959 	       96.719 	   0.96639 	   0.66214 	    0.001559 	     0.015439 	     0.016999 
1100 	 14 	       54.964 	       90.082 	   0.97098 	   0.66735 	    0.001328 	     0.014898 	     0.016225 
1200 	 14 	       54.402 	       88.780 	   0.97182 	   0.66792 	    0.001290 	     0.014816 	     0.016106 
1300 	 14 	       54.106 	       88.014 	   0.97239 	   0.66824 	    0.001265 	     0.014766 	     0.016031 
1400 	 14 	       53.907 	       87.505 	   0.97285 	   0.66843 	    0.001246 	     0.014730 	     0.015977 
1500 	 14 	       53.757 	       87.139 	   0.97325 	   0.66850 	    0.001230 	     0.014705 	     0.015934 
1600 	 14 	       53.630 	       86.862 	   0.97361 	   0.66847 	    0.001215 	     0.014686 	     0.015900 
1700 	 14 	       53.519 	       86.676 	   0.97395 	   0.66838 	    0.001201 	     0.014671 	     0.015872 
1800 	 14 	       53.407 	       86.528 	   0.97427 	   0.66822 	    0.001187 	     0.014660 	     0.015847 
1900 	 14 	       53.290 	       86.409 	   0.97457 	   0.66803 	    0.001174 	     0.014651 	     0.015825 
2000 	 14 	       48.929 	       81.005 	   0.97639 	   0.66809 	    0.000883 	     0.013760 	     0.014644 
2100 	 14 	       48.077 	       79.446 	   0.97745 	   0.66917 	    0.000842 	     0.013668 	     0.014510 
2200 	 14 	       48.008 	       79.167 	   0.97774 	   0.66889 	    0.000832 	     0.013678 	     0.014510 
2300 	 14 	       47.976 	       78.987 	   0.97797 	   0.66870 	    0.000824 	     0.013684 	     0.014508 
2400 	 14 	       47.950 	       78.856 	   0.97818 	   0.66855 	    0.000817 	     0.013687 	     0.014504 
2500 	 14 	       47.926 	       78.756 	   0.97837 	   0.66843 	    0.000810 	     0.013690 	     0.014500 
2600 	 14 	       47.901 	       78.678 	   0.97855 	   0.66831 	    0.000804 	     0.013692 	     0.014495 
2700 	 14 	       47.878 	       78.617 	   0.97873 	   0.66819 	    0.000797 	     0.013693 	     0.014491 
2800 	 14 	       47.857 	       78.568 	   0.97889 	   0.66807 	    0.000792 	     0.013695 	     0.014487 
2900 	 14 	       47.836 	       78.528 	   0.97905 	   0.66794 	    0.000786 	     0.013698 	     0.014483 
3000 	 14 	       46.281 	       76.436 	   0.97968 	   0.66782 	    0.000706 	     0.013382 	     0.014088 
3100 	 14 	       45.865 	       75.718 	   0.98012 	   0.66809 	    0.000688 	     0.013351 	     0.014039 
3200 	 14 	       45.842 	       75.626 	   0.98027 	   0.66782 	    0.000683 	     0.013363 	     0.014046 
3300 	 14 	       45.837 	       75.565 	   0.98040 	   0.66763 	    0.000679 	     0.013371 	     0.014050 
3400 	 14 	       45.833 	       75.517 	   0.98052 	   0.66747 	    0.000675 	     0.013377 	     0.014052 
3500 	 14 	       45.828 	       75.479 	   0.98063 	   0.66735 	    0.000671 	     0.013382 	     0.014053 
3600 	 14 	       45.821 	       75.450 	   0.98074 	   0.66723 	    0.000667 	     0.013387 	     0.014054 
3700 	 14 	       45.813 	       75.428 	   0.98085 	   0.66712 	    0.000664 	     0.013391 	     0.014055 
3800 	 14 	       45.803 	       75.411 	   0.98095 	   0.66702 	    0.000660 	     0.013395 	     0.014055 
3900 	 14 	       45.792 	       75.399 	   0.98105 	   0.66692 	    0.000657 	     0.013398 	     0.014055 
4000 	 14 	       45.028 	       74.339 	   0.98135 	   0.66678 	    0.000624 	     0.013246 	     0.013871 
4100 	 14 	       44.765 	       73.924 	   0.98159 	   0.66685 	    0.000615 	     0.013231 	     0.013847 
4200 	 14 	       44.749 	       73.886 	   0.98168 	   0.66666 	    0.000612 	     0.013240 	     0.013852 
4300 	 14 	       44.744 	       73.862 	   0.98176 	   0.66650 	    0.000609 	     0.013247 	     0.013857 
4400 	 14 	       44.740 	       73.843 	   0.98184 	   0.66638 	    0.000607 	     0.013253 	     0.013860 
4500 	 14 	       44.736 	       73.830 	   0.98192 	   0.66628 	    0.000604 	     0.013258 	     0.013862 
4600 	 14 	       44.732 	       73.821 	   0.98199 	   0.66618 	    0.000602 	     0.013262 	     0.013864 
4700 	 14 	       44.726 	       73.815 	   0.98206 	   0.66610 	    0.000599 	     0.013266 	     0.013865 
4800 	 14 	       44.720 	       73.811 	   0.98213 	   0.66601 	    0.000597 	     0.013269 	     0.013866 
4900 	 14 	       44.714 	       73.811 	   0.98220 	   0.66593 	    0.000595 	     0.013273 	     0.013868 
5000 	 14 	       44.273 	       73.191 	   0.98237 	   0.66581 	    0.000579 	     0.013185 	     0.013763 
5100 	 14 	       44.094 	       72.932 	   0.98252 	   0.66584 	    0.000573 	     0.013176 	     0.013749 
5200 	 14 	       44.081 	       72.919 	   0.98258 	   0.66570 	    0.000571 	     0.013183 	     0.013753 
5300 	 14 	       44.074 	       72.914 	   0.98264 	   0.66559 	    0.000569 	     0.013188 	     0.013757 
5400 	 14 	       44.069 	       72.913 	   0.98270 	   0.66550 	    0.000567 	     0.013192 	     0.013759 
5500 	 14 	       44.064 	       72.914 	   0.98275 	   0.66542 	    0.000565 	     0.013196 	     0.013761 
5600 	 14 	       44.058 	       72.917 	   0.98281 	   0.66535 	    0.000564 	     0.013200 	     0.013763 
5700 	 14 	       44.052 	       72.921 	   0.98286 	   0.66528 	    0.000562 	     0.013203 	     0.013764 
5800 	 14 	       44.045 	       72.927 	   0.98291 	   0.66522 	    0.000560 	     0.013206 	     0.013766 
5900 	 14 	       44.038 	       72.934 	   0.98297 	   0.66516 	    0.000558 	     0.013208 	     0.013767 
6000 	 14 	       43.744 	       72.536 	   0.98308 	   0.66507 	    0.000549 	     0.013151 	     0.013700 
6100 	 14 	       43.612 	       72.379 	   0.98317 	   0.66508 	    0.000545 	     0.013145 	     0.013691 
6200 	 14 	       43.601 	       72.382 	   0.98322 	   0.66499 	    0.000544 	     0.013150 	     0.013694 
6300 	 14 	       43.595 	       72.389 	   0.98327 	   0.66491 	    0.000542 	     0.013154 	     0.013696 
6400 	 14 	       43.589 	       72.398 	   0.98331 	   0.66484 	    0.000541 	     0.013157 	     0.013698 
6500 	 14 	       43.583 	       72.407 	   0.98335 	   0.66478 	    0.000540 	     0.013160 	     0.013700 
6600 	 14 	       43.577 	       72.416 	   0.98339 	   0.66473 	    0.000538 	     0.013163 	     0.013701 
6700 	 14 	       43.571 	       72.427 	   0.98343 	   0.66469 	    0.000537 	     0.013165 	     0.013702 
6800 	 14 	       43.564 	       72.438 	   0.98348 	   0.66465 	    0.000536 	     0.013167 	     0.013703 
6900 	 14 	       43.557 	       72.450 	   0.98352 	   0.66461 	    0.000534 	     0.013169 	     0.013704 
7000 	 14 	       43.350 	       72.195 	   0.98359 	   0.66454 	    0.000528 	     0.013129 	     0.013657 
7100 	 14 	       43.250 	       72.082 	   0.98366 	   0.66455 	    0.000526 	     0.013125 	     0.013650 
7200 	 14 	       43.240 	       72.088 	   0.98370 	   0.66449 	    0.000524 	     0.013128 	     0.013652 
7300 	 14 	       43.232 	       72.097 	   0.98374 	   0.66443 	    0.000523 	     0.013131 	     0.013654 
7400 	 14 	       43.225 	       72.106 	   0.98377 	   0.66439 	    0.000522 	     0.013133 	     0.013655 
7500 	 14 	       43.218 	       72.116 	   0.98381 	   0.66435 	    0.000521 	     0.013135 	     0.013656 
7600 	 14 	       43.210 	       72.126 	   0.98384 	   0.66431 	    0.000520 	     0.013137 	     0.013657 
7700 	 14 	       43.204 	       72.137 	   0.98387 	   0.66428 	    0.000519 	     0.013139 	     0.013658 
7800 	 14 	       43.196 	       72.149 	   0.98390 	   0.66425 	    0.000518 	     0.013140 	     0.013658 
7900 	 14 	       43.189 	       72.161 	   0.98394 	   0.66423 	    0.000517 	     0.013142 	     0.013659 
8000 	 14 	       43.035 	       71.970 	   0.98400 	   0.66418 	    0.000513 	     0.013112 	     0.013625 
8100 	 14 	       42.955 	       71.884 	   0.98405 	   0.66419 	    0.000511 	     0.013108 	     0.013619 
8200 	 14 	       42.945 	       71.891 	   0.98408 	   0.66415 	    0.000510 	     0.013110 	     0.013620 
8300 	 14 	       42.937 	       71.900 	   0.98411 	   0.66411 	    0.000509 	     0.013112 	     0.013621 
8400 	 14 	       42.930 	       71.910 	   0.98414 	   0.66408 	    0.000508 	     0.013114 	     0.013622 
8500 	 14 	       42.923 	       71.920 	   0.98416 	   0.66406 	    0.000507 	     0.013116 	     0.013623 
8600 	 14 	       42.916 	       71.930 	   0.98419 	   0.66404 	    0.000506 	     0.013117 	     0.013623 
8700 	 14 	       42.908 	       71.940 	   0.98422 	   0.66402 	    0.000505 	     0.013118 	     0.013623 
8800 	 14 	       42.901 	       71.951 	   0.98425 	   0.66400 	    0.000505 	     0.013119 	     0.013624 
8900 	 14 	       42.893 	       71.962 	   0.98427 	   0.66399 	    0.000504 	     0.013120 	     0.013624 
9000 	 14 	       42.774 	       71.815 	   0.98432 	   0.66395 	    0.000501 	     0.013097 	     0.013597 
9100 	 14 	       42.710 	       71.747 	   0.98436 	   0.66397 	    0.000499 	     0.013094 	     0.013593 
9200 	 14 	       42.700 	       71.754 	   0.98439 	   0.66394 	    0.000498 	     0.013095 	     0.013594 
9300 	 14 	       42.692 	       71.763 	   0.98441 	   0.66392 	    0.000498 	     0.013097 	     0.013594 
9400 	 14 	       42.684 	       71.772 	   0.98443 	   0.66390 	    0.000497 	     0.013098 	     0.013595 
9500 	 14 	       42.676 	       71.781 	   0.98446 	   0.66388 	    0.000496 	     0.013099 	     0.013595 
9600 	 14 	       42.668 	       71.790 	   0.98448 	   0.66387 	    0.000495 	     0.013099 	     0.013595 
9700 	 14 	       42.660 	       71.799 	   0.98450 	   0.66386 	    0.000495 	     0.013100 	     0.013595 
9800 	 14 	       42.654 	       71.809 	   0.98453 	   0.66385 	    0.000494 	     0.013101 	     0.013595 
9900 	 14 	       42.647 	       71.818 	   0.98455 	   0.66384 	    0.000493 	     0.013101 	     0.013595 
10000 	 14 	       42.557 	       71.702 	   0.98459 	   0.66381 	    0.000491 	     0.013083 	     0.013574 
10100 	 14 	       42.506 	       71.648 	   0.98462 	   0.66383 	    0.000490 	     0.013080 	     0.013570 
10200 	 14 	       42.497 	       71.654 	   0.98464 	   0.66382 	    0.000489 	     0.013081 	     0.013570 
10300 	 14 	       42.490 	       71.662 	   0.98466 	   0.66380 	    0.000488 	     0.013082 	     0.013570 
10400 	 14 	       42.484 	       71.670 	   0.98468 	   0.66379 	    0.000488 	     0.013083 	     0.013571 
10500 	 14 	       42.477 	       71.678 	   0.98470 	   0.66378 	    0.000487 	     0.013083 	     0.013571 
10600 	 14 	       42.471 	       71.686 	   0.98472 	   0.66378 	    0.000487 	     0.013084 	     0.013570 
10700 	 14 	       42.464 	       71.695 	   0.98474 	   0.66377 	    0.000486 	     0.013084 	     0.013570 
10800 	 14 	       42.457 	       71.703 	   0.98476 	   0.66377 	    0.000485 	     0.013085 	     0.013570 
10900 	 14 	       42.451 	       71.712 	   0.98478 	   0.66376 	    0.000485 	     0.013085 	     0.013569 
11000 	 14 	       42.376 	       71.618 	   0.98481 	   0.66375 	    0.000483 	     0.013070 	     0.013553 
11100 	 14 	       42.332 	       71.573 	   0.98484 	   0.66377 	    0.000482 	     0.013067 	     0.013549 
11200 	 14 	       42.323 	       71.579 	   0.98486 	   0.66376 	    0.000481 	     0.013068 	     0.013549 
11300 	 14 	       42.316 	       71.586 	   0.98488 	   0.66375 	    0.000481 	     0.013068 	     0.013549 
11400 	 14 	       42.309 	       71.593 	   0.98490 	   0.66374 	    0.000480 	     0.013069 	     0.013549 
11500 	 14 	       42.303 	       71.600 	   0.98491 	   0.66374 	    0.000480 	     0.013069 	     0.013549 
11600 	 14 	       42.296 	       71.608 	   0.98493 	   0.66374 	    0.000479 	     0.013070 	     0.013549 
11700 	 14 	       42.290 	       71.615 	   0.98495 	   0.66374 	    0.000478 	     0.013070 	     0.013548 
11800 	 14 	       42.283 	       71.623 	   0.98497 	   0.66374 	    0.000478 	     0.013070 	     0.013548 
11900 	 14 	       42.276 	       71.630 	   0.98498 	   0.66374 	    0.000477 	     0.013070 	     0.013547 
12000 	 14 	       42.216 	       71.553 	   0.98501 	   0.66373 	    0.000476 	     0.013057 	     0.013533 
12100 	 14 	       42.179 	       71.515 	   0.98503 	   0.66375 	    0.000475 	     0.013055 	     0.013530 
12200 	 14 	       42.171 	       71.520 	   0.98505 	   0.66374 	    0.000475 	     0.013055 	     0.013530 
12300 	 14 	       42.164 	       71.526 	   0.98507 	   0.66374 	    0.000474 	     0.013056 	     0.013530 
12400 	 14 	       42.157 	       71.533 	   0.98508 	   0.66374 	    0.000474 	     0.013056 	     0.013530 
12500 	 14 	       42.150 	       71.540 	   0.98510 	   0.66374 	    0.000473 	     0.013056 	     0.013529 
12600 	 14 	       42.144 	       71.546 	   0.98511 	   0.66374 	    0.000473 	     0.013056 	     0.013529 
12700 	 14 	       42.137 	       71.553 	   0.98513 	   0.66374 	    0.000472 	     0.013056 	     0.013528 
12800 	 14 	       42.130 	       71.560 	   0.98514 	   0.66375 	    0.000472 	     0.013056 	     0.013528 
12900 	 14 	       42.124 	       71.566 	   0.98516 	   0.66375 	    0.000471 	     0.013056 	     0.013527 
13000 	 14 	       42.072 	       71.502 	   0.98518 	   0.66374 	    0.000470 	     0.013046 	     0.013516 
13100 	 14 	       42.039 	       71.470 	   0.98520 	   0.66376 	    0.000469 	     0.013043 	     0.013513 
13200 	 14 	       42.031 	       71.474 	   0.98522 	   0.66376 	    0.000469 	     0.013044 	     0.013512 
13300 	 14 	       42.024 	       71.480 	   0.98523 	   0.66376 	    0.000468 	     0.013044 	     0.013512 
13400 	 14 	       42.018 	       71.486 	   0.98525 	   0.66376 	    0.000468 	     0.013044 	     0.013512 
13500 	 14 	       42.012 	       71.491 	   0.98526 	   0.66377 	    0.000468 	     0.013044 	     0.013511 
13600 	 14 	       42.005 	       71.497 	   0.98527 	   0.66377 	    0.000467 	     0.013044 	     0.013511 
13700 	 14 	       41.999 	       71.503 	   0.98529 	   0.66378 	    0.000467 	     0.013044 	     0.013510 
13800 	 14 	       41.992 	       71.510 	   0.98530 	   0.66378 	    0.000466 	     0.013044 	     0.013510 
13900 	 14 	       41.986 	       71.516 	   0.98531 	   0.66379 	    0.000466 	     0.013043 	     0.013509 
14000 	 14 	       41.941 	       71.462 	   0.98533 	   0.66378 	    0.000465 	     0.013034 	     0.013499 
14100 	 14 	       41.911 	       71.433 	   0.98535 	   0.66380 	    0.000464 	     0.013032 	     0.013497 
14200 	 14 	       41.905 	       71.437 	   0.98536 	   0.66380 	    0.000464 	     0.013032 	     0.013496 
14300 	 14 	       41.899 	       71.442 	   0.98538 	   0.66381 	    0.000463 	     0.013032 	     0.013496 
14400 	 14 	       41.893 	       71.448 	   0.98539 	   0.66381 	    0.000463 	     0.013032 	     0.013495 
14500 	 14 	       41.887 	       71.453 	   0.98540 	   0.66381 	    0.000463 	     0.013032 	     0.013495 
14600 	 14 	       41.882 	       71.459 	   0.98542 	   0.66382 	    0.000462 	     0.013032 	     0.013494 
14700 	 14 	       41.876 	       71.464 	   0.98543 	   0.66383 	    0.000462 	     0.013032 	     0.013494 
14800 	 14 	       41.870 	       71.469 	   0.98544 	   0.66383 	    0.000461 	     0.013032 	     0.013493 
14900 	 14 	       41.865 	       71.475 	   0.98545 	   0.66384 	    0.000461 	     0.013032 	     0.013493 
15000 	 14 	       41.827 	       71.431 	   0.98547 	   0.66384 	    0.000460 	     0.013024 	     0.013484 
15100 	 14 	       41.800 	       71.407 	   0.98549 	   0.66386 	    0.000460 	     0.013022 	     0.013481 
15200 	 14 	       41.794 	       71.412 	   0.98550 	   0.66386 	    0.000459 	     0.013022 	     0.013481 
15300 	 14 	       41.788 	       71.417 	   0.98551 	   0.66387 	    0.000459 	     0.013022 	     0.013481 
15400 	 14 	       41.782 	       71.423 	   0.98552 	   0.66387 	    0.000459 	     0.013021 	     0.013480 
15500 	 14 	       41.777 	       71.429 	   0.98553 	   0.66388 	    0.000458 	     0.013021 	     0.013480 
15600 	 14 	       41.771 	       71.435 	   0.98554 	   0.66388 	    0.000458 	     0.013021 	     0.013479 
15700 	 14 	       41.766 	       71.441 	   0.98556 	   0.66389 	    0.000458 	     0.013021 	     0.013478 
15800 	 14 	       41.760 	       71.447 	   0.98557 	   0.66390 	    0.000457 	     0.013021 	     0.013478 
15900 	 14 	       41.755 	       71.453 	   0.98558 	   0.66390 	    0.000457 	     0.013020 	     0.013477 
16000 	 14 	       41.721 	       71.415 	   0.98559 	   0.66390 	    0.000456 	     0.013014 	     0.013470 
16100 	 14 	       41.698 	       71.395 	   0.98561 	   0.66392 	    0.000456 	     0.013012 	     0.013467 
16200 	 14 	       41.691 	       71.399 	   0.98562 	   0.66393 	    0.000455 	     0.013012 	     0.013467 
16300 	 14 	       41.686 	       71.404 	   0.98563 	   0.66393 	    0.000455 	     0.013011 	     0.013466 
16400 	 14 	       41.680 	       71.409 	   0.98564 	   0.66394 	    0.000455 	     0.013011 	     0.013466 
16500 	 14 	       41.674 	       71.415 	   0.98565 	   0.66395 	    0.000454 	     0.013011 	     0.013465 
16600 	 14 	       41.669 	       71.420 	   0.98566 	   0.66395 	    0.000454 	     0.013011 	     0.013465 
16700 	 14 	       41.663 	       71.426 	   0.98567 	   0.66396 	    0.000454 	     0.013011 	     0.013464 
16800 	 14 	       41.658 	       71.431 	   0.98568 	   0.66397 	    0.000453 	     0.013010 	     0.013464 
16900 	 14 	       41.652 	       71.437 	   0.98569 	   0.66398 	    0.000453 	     0.013010 	     0.013463 
17000 	 14 	       41.622 	       71.404 	   0.98570 	   0.66398 	    0.000452 	     0.013004 	     0.013456 
17100 	 14 	       41.601 	       71.386 	   0.98572 	   0.66400 	    0.000452 	     0.013002 	     0.013454 
17200 	 14 	       41.595 	       71.390 	   0.98573 	   0.66400 	    0.000452 	     0.013002 	     0.013454 
17300 	 14 	       41.589 	       71.395 	   0.98574 	   0.66401 	    0.000451 	     0.013002 	     0.013453 
17400 	 14 	       41.583 	       71.400 	   0.98575 	   0.66402 	    0.000451 	     0.013002 	     0.013453 
17500 	 14 	       41.578 	       71.405 	   0.98576 	   0.66402 	    0.000451 	     0.013001 	     0.013452 
17600 	 14 	       41.572 	       71.410 	   0.98577 	   0.66403 	    0.000450 	     0.013001 	     0.013452 
17700 	 14 	       41.567 	       71.415 	   0.98578 	   0.66404 	    0.000450 	     0.013001 	     0.013451 
17800 	 14 	       41.561 	       71.420 	   0.98579 	   0.66405 	    0.000450 	     0.013001 	     0.013450 
17900 	 14 	       41.556 	       71.425 	   0.98579 	   0.66406 	    0.000450 	     0.013000 	     0.013450 
18000 	 14 	       41.529 	       71.397 	   0.98581 	   0.66406 	    0.000449 	     0.012995 	     0.013444 
18100 	 14 	       41.509 	       71.380 	   0.98582 	   0.66408 	    0.000449 	     0.012993 	     0.013442 
18200 	 14 	       41.504 	       71.384 	   0.98583 	   0.66408 	    0.000448 	     0.012993 	     0.013441 
18300 	 14 	       41.498 	       71.388 	   0.98584 	   0.66409 	    0.000448 	     0.012993 	     0.013441 
18400 	 14 	       41.492 	       71.393 	   0.98585 	   0.66410 	    0.000448 	     0.012993 	     0.013440 
18500 	 14 	       41.487 	       71.398 	   0.98586 	   0.66411 	    0.000447 	     0.012992 	     0.013440 
18600 	 14 	       41.482 	       71.402 	   0.98586 	   0.66411 	    0.000447 	     0.012992 	     0.013439 
18700 	 14 	       41.476 	       71.407 	   0.98587 	   0.66412 	    0.000447 	     0.012992 	     0.013439 
18800 	 14 	       41.471 	       71.412 	   0.98588 	   0.66413 	    0.000447 	     0.012991 	     0.013438 
18900 	 14 	       41.465 	       71.417 	   0.98589 	   0.66414 	    0.000446 	     0.012991 	     0.013437 
19000 	 14 	       41.442 	       71.392 	   0.98590 	   0.66414 	    0.000446 	     0.012986 	     0.013432 
19100 	 14 	       41.424 	       71.377 	   0.98591 	   0.66416 	    0.000446 	     0.012985 	     0.013430 
19200 	 14 	       41.418 	       71.381 	   0.98592 	   0.66417 	    0.000445 	     0.012984 	     0.013430 
19300 	 14 	       41.412 	       71.385 	   0.98593 	   0.66417 	    0.000445 	     0.012984 	     0.013429 
19400 	 14 	       41.407 	       71.389 	   0.98594 	   0.66418 	    0.000445 	     0.012984 	     0.013429 
19500 	 14 	       41.401 	       71.393 	   0.98595 	   0.66419 	    0.000444 	     0.012984 	     0.013428 
19600 	 14 	       41.396 	       71.398 	   0.98595 	   0.66420 	    0.000444 	     0.012983 	     0.013428 
19700 	 14 	       41.391 	       71.402 	   0.98596 	   0.66420 	    0.000444 	     0.012983 	     0.013427 
19800 	 14 	       41.385 	       71.407 	   0.98597 	   0.66421 	    0.000444 	     0.012983 	     0.013426 
19900 	 14 	       41.380 	       71.411 	   0.98598 	   0.66422 	    0.000443 	     0.012982 	     0.013426 
20000 	 14 	       41.359 	       71.390 	   0.98599 	   0.66423 	    0.000443 	     0.012978 	     0.013421 
100 	 15 	       68.526 	      107.301 	   0.97541 	   0.65460 	    0.002237 	     0.017700 	     0.019937 
200 	 15 	       68.764 	      109.377 	   0.97450 	   0.65129 	    0.002278 	     0.017760 	     0.020038 
300 	 15 	       68.335 	      110.243 	   0.97434 	   0.64832 	    0.002249 	     0.017742 	     0.019991 
400 	 15 	       67.645 	      110.550 	   0.97444 	   0.64538 	    0.002199 	     0.017733 	     0.019933 
500 	 15 	       66.845 	      110.627 	   0.97466 	   0.64235 	    0.002141 	     0.017739 	     0.019880 
600 	 15 	       66.032 	      110.625 	   0.97495 	   0.63928 	    0.002079 	     0.017754 	     0.019832 
700 	 15 	       65.283 	      110.620 	   0.97527 	   0.63623 	    0.002017 	     0.017772 	     0.019789 
800 	 15 	       64.577 	      110.658 	   0.97559 	   0.63326 	    0.001957 	     0.017791 	     0.019749 
900 	 15 	       63.925 	      110.708 	   0.97592 	   0.63038 	    0.001900 	     0.017812 	     0.019712 
1000 	 15 	       52.233 	       97.836 	   0.98042 	   0.62969 	    0.000934 	     0.015687 	     0.016622 
1100 	 15 	       47.655 	       90.337 	   0.98342 	   0.63468 	    0.000725 	     0.015173 	     0.015898 
1200 	 15 	       46.779 	       89.141 	   0.98397 	   0.63442 	    0.000687 	     0.015144 	     0.015831 
1300 	 15 	       46.396 	       88.684 	   0.98425 	   0.63405 	    0.000668 	     0.015145 	     0.015813 
1400 	 15 	       46.199 	       88.520 	   0.98445 	   0.63377 	    0.000657 	     0.015148 	     0.015806 
1500 	 15 	       46.079 	       88.482 	   0.98460 	   0.63359 	    0.000650 	     0.015150 	     0.015800 
1600 	 15 	       45.992 	       88.503 	   0.98473 	   0.63350 	    0.000644 	     0.015149 	     0.015793 
1700 	 15 	       45.924 	       88.546 	   0.98485 	   0.63347 	    0.000639 	     0.015146 	     0.015785 
1800 	 15 	       45.862 	       88.596 	   0.98496 	   0.63349 	    0.000635 	     0.015140 	     0.015775 
1900 	 15 	       45.801 	       88.646 	   0.98506 	   0.63353 	    0.000631 	     0.015132 	     0.015763 
2000 	 15 	       43.234 	       85.486 	   0.98567 	   0.63367 	    0.000510 	     0.014601 	     0.015111 
2100 	 15 	       42.725 	       84.307 	   0.98613 	   0.63618 	    0.000492 	     0.014471 	     0.014964 
2200 	 15 	       42.577 	       84.024 	   0.98627 	   0.63676 	    0.000487 	     0.014453 	     0.014940 
2300 	 15 	       42.484 	       83.874 	   0.98638 	   0.63728 	    0.000483 	     0.014437 	     0.014920 
2400 	 15 	       42.417 	       83.775 	   0.98646 	   0.63777 	    0.000480 	     0.014421 	     0.014901 
2500 	 15 	       42.363 	       83.710 	   0.98654 	   0.63821 	    0.000478 	     0.014406 	     0.014884 
2600 	 15 	       42.316 	       83.663 	   0.98661 	   0.63862 	    0.000476 	     0.014392 	     0.014868 
2700 	 15 	       42.274 	       83.630 	   0.98668 	   0.63898 	    0.000473 	     0.014379 	     0.014853 
2800 	 15 	       42.234 	       83.605 	   0.98675 	   0.63931 	    0.000472 	     0.014367 	     0.014838 
2900 	 15 	       42.197 	       83.587 	   0.98681 	   0.63962 	    0.000470 	     0.014355 	     0.014825 
3000 	 15 	       41.154 	       82.193 	   0.98703 	   0.63986 	    0.000434 	     0.014122 	     0.014556 
3100 	 15 	       40.951 	       81.753 	   0.98720 	   0.64134 	    0.000429 	     0.014062 	     0.014492 
3200 	 15 	       40.859 	       81.604 	   0.98727 	   0.64177 	    0.000427 	     0.014052 	     0.014480 
3300 	 15 	       40.791 	       81.514 	   0.98733 	   0.64213 	    0.000425 	     0.014044 	     0.014469 
3400 	 15 	       40.735 	       81.452 	   0.98738 	   0.64246 	    0.000424 	     0.014035 	     0.014459 
3500 	 15 	       40.690 	       81.403 	   0.98743 	   0.64276 	    0.000422 	     0.014027 	     0.014449 
3600 	 15 	       40.648 	       81.364 	   0.98748 	   0.64303 	    0.000421 	     0.014019 	     0.014440 
3700 	 15 	       40.610 	       81.332 	   0.98752 	   0.64328 	    0.000420 	     0.014012 	     0.014431 
3800 	 15 	       40.574 	       81.306 	   0.98756 	   0.64350 	    0.000418 	     0.014005 	     0.014423 
3900 	 15 	       40.539 	       81.285 	   0.98760 	   0.64371 	    0.000417 	     0.013998 	     0.014415 
4000 	 15 	       39.971 	       80.538 	   0.98772 	   0.64388 	    0.000402 	     0.013878 	     0.014280 
4100 	 15 	       39.811 	       80.272 	   0.98781 	   0.64474 	    0.000399 	     0.013844 	     0.014243 
4200 	 15 	       39.742 	       80.193 	   0.98786 	   0.64499 	    0.000398 	     0.013839 	     0.014237 
4300 	 15 	       39.689 	       80.140 	   0.98789 	   0.64520 	    0.000397 	     0.013835 	     0.014231 
4400 	 15 	       39.645 	       80.099 	   0.98793 	   0.64539 	    0.000396 	     0.013830 	     0.014226 
4500 	 15 	       39.606 	       80.066 	   0.98796 	   0.64557 	    0.000395 	     0.013826 	     0.014221 
4600 	 15 	       39.570 	       80.038 	   0.98799 	   0.64574 	    0.000394 	     0.013822 	     0.014215 
4700 	 15 	       39.537 	       80.015 	   0.98802 	   0.64589 	    0.000393 	     0.013818 	     0.014210 
4800 	 15 	       39.505 	       79.996 	   0.98805 	   0.64604 	    0.000392 	     0.013814 	     0.014206 
4900 	 15 	       39.474 	       79.979 	   0.98808 	   0.64617 	    0.000391 	     0.013810 	     0.014201 
5000 	 15 	       39.141 	       79.522 	   0.98815 	   0.64628 	    0.000383 	     0.013740 	     0.014123 
5100 	 15 	       39.016 	       79.330 	   0.98821 	   0.64681 	    0.000381 	     0.013718 	     0.014099 
5200 	 15 	       38.964 	       79.278 	   0.98824 	   0.64696 	    0.000381 	     0.013715 	     0.014096 
5300 	 15 	       38.922 	       79.244 	   0.98827 	   0.64709 	    0.000380 	     0.013713 	     0.014093 
5400 	 15 	       38.887 	       79.217 	   0.98830 	   0.64721 	    0.000379 	     0.013711 	     0.014089 
5500 	 15 	       38.854 	       79.194 	   0.98832 	   0.64732 	    0.000378 	     0.013708 	     0.014086 
5600 	 15 	       38.824 	       79.176 	   0.98834 	   0.64743 	    0.000377 	     0.013706 	     0.014083 
5700 	 15 	       38.797 	       79.160 	   0.98837 	   0.64753 	    0.000377 	     0.013703 	     0.014080 
5800 	 15 	       38.770 	       79.146 	   0.98839 	   0.64763 	    0.000376 	     0.013701 	     0.014077 
5900 	 15 	       38.745 	       79.134 	   0.98841 	   0.64772 	    0.000375 	     0.013699 	     0.014074 
6000 	 15 	       38.532 	       78.831 	   0.98846 	   0.64779 	    0.000371 	     0.013654 	     0.014025 
6100 	 15 	       38.427 	       78.684 	   0.98850 	   0.64814 	    0.000369 	     0.013639 	     0.014008 
6200 	 15 	       38.387 	       78.649 	   0.98852 	   0.64824 	    0.000369 	     0.013637 	     0.014006 
6300 	 15 	       38.355 	       78.625 	   0.98854 	   0.64832 	    0.000368 	     0.013636 	     0.014004 
6400 	 15 	       38.327 	       78.607 	   0.98856 	   0.64840 	    0.000367 	     0.013635 	     0.014002 
6500 	 15 	       38.301 	       78.592 	   0.98858 	   0.64848 	    0.000367 	     0.013633 	     0.014000 
6600 	 15 	       38.277 	       78.579 	   0.98860 	   0.64855 	    0.000366 	     0.013632 	     0.013998 
6700 	 15 	       38.254 	       78.567 	   0.98861 	   0.64862 	    0.000366 	     0.013630 	     0.013996 
6800 	 15 	       38.233 	       78.558 	   0.98863 	   0.64869 	    0.000365 	     0.013629 	     0.013994 
6900 	 15 	       38.212 	       78.549 	   0.98865 	   0.64876 	    0.000365 	     0.013628 	     0.013992 
7000 	 15 	       38.060 	       78.335 	   0.98868 	   0.64881 	    0.000362 	     0.013597 	     0.013958 
7100 	 15 	       37.972 	       78.220 	   0.98871 	   0.64905 	    0.000361 	     0.013585 	     0.013946 
7200 	 15 	       37.940 	       78.195 	   0.98873 	   0.64912 	    0.000360 	     0.013585 	     0.013945 
7300 	 15 	       37.914 	       78.178 	   0.98875 	   0.64918 	    0.000360 	     0.013584 	     0.013943 
7400 	 15 	       37.891 	       78.165 	   0.98876 	   0.64924 	    0.000359 	     0.013583 	     0.013942 
7500 	 15 	       37.869 	       78.154 	   0.98878 	   0.64929 	    0.000359 	     0.013582 	     0.013941 
7600 	 15 	       37.849 	       78.145 	   0.98879 	   0.64935 	    0.000358 	     0.013581 	     0.013940 
7700 	 15 	       37.830 	       78.137 	   0.98881 	   0.64940 	    0.000358 	     0.013580 	     0.013938 
7800 	 15 	       37.812 	       78.130 	   0.98882 	   0.64945 	    0.000357 	     0.013580 	     0.013937 
7900 	 15 	       37.794 	       78.123 	   0.98883 	   0.64949 	    0.000357 	     0.013579 	     0.013936 
8000 	 15 	       37.680 	       77.965 	   0.98886 	   0.64953 	    0.000355 	     0.013556 	     0.013911 
8100 	 15 	       37.606 	       77.872 	   0.98888 	   0.64971 	    0.000354 	     0.013548 	     0.013902 
8200 	 15 	       37.581 	       77.854 	   0.98890 	   0.64976 	    0.000354 	     0.013547 	     0.013901 
8300 	 15 	       37.559 	       77.841 	   0.98891 	   0.64981 	    0.000353 	     0.013547 	     0.013900 
8400 	 15 	       37.540 	       77.832 	   0.98892 	   0.64985 	    0.000353 	     0.013546 	     0.013899 
8500 	 15 	       37.522 	       77.824 	   0.98894 	   0.64989 	    0.000352 	     0.013546 	     0.013898 
8600 	 15 	       37.505 	       77.817 	   0.98895 	   0.64993 	    0.000352 	     0.013545 	     0.013897 
8700 	 15 	       37.488 	       77.811 	   0.98896 	   0.64996 	    0.000352 	     0.013545 	     0.013896 
8800 	 15 	       37.472 	       77.805 	   0.98897 	   0.65000 	    0.000351 	     0.013544 	     0.013896 
8900 	 15 	       37.457 	       77.800 	   0.98898 	   0.65004 	    0.000351 	     0.013544 	     0.013895 
9000 	 15 	       37.370 	       77.679 	   0.98900 	   0.65007 	    0.000350 	     0.013527 	     0.013876 
9100 	 15 	       37.308 	       77.603 	   0.98902 	   0.65021 	    0.000349 	     0.013520 	     0.013869 
9200 	 15 	       37.287 	       77.589 	   0.98904 	   0.65024 	    0.000349 	     0.013520 	     0.013868 
9300 	 15 	       37.268 	       77.579 	   0.98905 	   0.65028 	    0.000348 	     0.013520 	     0.013868 
9400 	 15 	       37.252 	       77.572 	   0.98906 	   0.65031 	    0.000348 	     0.013519 	     0.013867 
9500 	 15 	       37.236 	       77.566 	   0.98907 	   0.65034 	    0.000347 	     0.013519 	     0.013867 
9600 	 15 	       37.221 	       77.560 	   0.98908 	   0.65037 	    0.000347 	     0.013519 	     0.013866 
9700 	 15 	       37.207 	       77.556 	   0.98909 	   0.65040 	    0.000347 	     0.013518 	     0.013865 
9800 	 15 	       37.193 	       77.553 	   0.98910 	   0.65043 	    0.000346 	     0.013518 	     0.013865 
9900 	 15 	       37.179 	       77.552 	   0.98911 	   0.65045 	    0.000346 	     0.013518 	     0.013864 
10000 	 15 	       37.109 	       77.456 	   0.98913 	   0.65048 	    0.000345 	     0.013505 	     0.013850 
10100 	 15 	       37.056 	       77.393 	   0.98914 	   0.65059 	    0.000345 	     0.013499 	     0.013844 
10200 	 15 	       37.038 	       77.385 	   0.98915 	   0.65062 	    0.000344 	     0.013499 	     0.013843 
10300 	 15 	       37.022 	       77.380 	   0.98916 	   0.65064 	    0.000344 	     0.013499 	     0.013843 
10400 	 15 	       37.007 	       77.377 	   0.98917 	   0.65067 	    0.000344 	     0.013499 	     0.013843 
10500 	 15 	       36.993 	       77.375 	   0.98918 	   0.65069 	    0.000343 	     0.013499 	     0.013842 
10600 	 15 	       36.980 	       77.374 	   0.98919 	   0.65071 	    0.000343 	     0.013499 	     0.013842 
10700 	 15 	       36.967 	       77.373 	   0.98920 	   0.65074 	    0.000343 	     0.013498 	     0.013841 
10800 	 15 	       36.955 	       77.373 	   0.98921 	   0.65076 	    0.000343 	     0.013498 	     0.013841 
10900 	 15 	       36.943 	       77.373 	   0.98921 	   0.65078 	    0.000342 	     0.013498 	     0.013840 
11000 	 15 	       36.886 	       77.296 	   0.98923 	   0.65080 	    0.000341 	     0.013488 	     0.013829 
11100 	 15 	       36.840 	       77.243 	   0.98924 	   0.65089 	    0.000341 	     0.013483 	     0.013824 
11200 	 15 	       36.824 	       77.236 	   0.98925 	   0.65091 	    0.000341 	     0.013483 	     0.013824 
11300 	 15 	       36.811 	       77.233 	   0.98926 	   0.65093 	    0.000340 	     0.013483 	     0.013824 
11400 	 15 	       36.798 	       77.231 	   0.98927 	   0.65095 	    0.000340 	     0.013483 	     0.013823 
11500 	 15 	       36.786 	       77.229 	   0.98927 	   0.65097 	    0.000340 	     0.013483 	     0.013823 
11600 	 15 	       36.774 	       77.229 	   0.98928 	   0.65099 	    0.000340 	     0.013483 	     0.013823 
11700 	 15 	       36.763 	       77.229 	   0.98929 	   0.65101 	    0.000339 	     0.013483 	     0.013822 
11800 	 15 	       36.752 	       77.229 	   0.98930 	   0.65103 	    0.000339 	     0.013483 	     0.013822 
11900 	 15 	       36.741 	       77.229 	   0.98931 	   0.65104 	    0.000339 	     0.013483 	     0.013822 
12000 	 15 	       36.694 	       77.166 	   0.98932 	   0.65106 	    0.000338 	     0.013474 	     0.013813 
12100 	 15 	       36.653 	       77.120 	   0.98933 	   0.65113 	    0.000338 	     0.013471 	     0.013808 
12200 	 15 	       36.640 	       77.115 	   0.98934 	   0.65115 	    0.000338 	     0.013471 	     0.013808 
12300 	 15 	       36.627 	       77.113 	   0.98934 	   0.65116 	    0.000337 	     0.013471 	     0.013808 
12400 	 15 	       36.616 	       77.111 	   0.98935 	   0.65118 	    0.000337 	     0.013471 	     0.013808 
12500 	 15 	       36.605 	       77.111 	   0.98936 	   0.65120 	    0.000337 	     0.013471 	     0.013808 
12600 	 15 	       36.595 	       77.111 	   0.98937 	   0.65121 	    0.000337 	     0.013471 	     0.013807 
12700 	 15 	       36.585 	       77.111 	   0.98937 	   0.65123 	    0.000337 	     0.013471 	     0.013807 
12800 	 15 	       36.576 	       77.111 	   0.98938 	   0.65124 	    0.000336 	     0.013471 	     0.013807 
12900 	 15 	       36.566 	       77.112 	   0.98939 	   0.65126 	    0.000336 	     0.013471 	     0.013807 
13000 	 15 	       36.527 	       77.059 	   0.98940 	   0.65127 	    0.000336 	     0.013464 	     0.013799 
13100 	 15 	       36.492 	       77.020 	   0.98941 	   0.65133 	    0.000335 	     0.013461 	     0.013796 
13200 	 15 	       36.481 	       77.016 	   0.98941 	   0.65134 	    0.000335 	     0.013461 	     0.013796 
13300 	 15 	       36.470 	       77.014 	   0.98942 	   0.65136 	    0.000335 	     0.013461 	     0.013796 
13400 	 15 	       36.460 	       77.013 	   0.98943 	   0.65137 	    0.000335 	     0.013461 	     0.013795 
13500 	 15 	       36.450 	       77.013 	   0.98943 	   0.65138 	    0.000334 	     0.013461 	     0.013795 
13600 	 15 	       36.441 	       77.013 	   0.98944 	   0.65139 	    0.000334 	     0.013461 	     0.013795 
13700 	 15 	       36.432 	       77.013 	   0.98945 	   0.65141 	    0.000334 	     0.013461 	     0.013795 
13800 	 15 	       36.423 	       77.014 	   0.98945 	   0.65142 	    0.000334 	     0.013461 	     0.013795 
13900 	 15 	       36.415 	       77.014 	   0.98946 	   0.65143 	    0.000334 	     0.013461 	     0.013795 
14000 	 15 	       36.382 	       76.970 	   0.98947 	   0.65144 	    0.000333 	     0.013455 	     0.013788 
14100 	 15 	       36.352 	       76.936 	   0.98948 	   0.65149 	    0.000333 	     0.013453 	     0.013785 
14200 	 15 	       36.341 	       76.932 	   0.98948 	   0.65150 	    0.000333 	     0.013453 	     0.013785 
14300 	 15 	       36.332 	       76.931 	   0.98949 	   0.65151 	    0.000333 	     0.013453 	     0.013785 
14400 	 15 	       36.323 	       76.931 	   0.98949 	   0.65152 	    0.000332 	     0.013453 	     0.013785 
14500 	 15 	       36.314 	       76.931 	   0.98950 	   0.65153 	    0.000332 	     0.013453 	     0.013785 
14600 	 15 	       36.306 	       76.931 	   0.98951 	   0.65154 	    0.000332 	     0.013453 	     0.013785 
14700 	 15 	       36.298 	       76.931 	   0.98951 	   0.65155 	    0.000332 	     0.013453 	     0.013785 
14800 	 15 	       36.290 	       76.932 	   0.98952 	   0.65156 	    0.000332 	     0.013453 	     0.013785 
14900 	 15 	       36.282 	       76.933 	   0.98952 	   0.65157 	    0.000331 	     0.013453 	     0.013785 
15000 	 15 	       36.253 	       76.895 	   0.98953 	   0.65158 	    0.000331 	     0.013448 	     0.013780 
15100 	 15 	       36.226 	       76.867 	   0.98954 	   0.65163 	    0.000331 	     0.013446 	     0.013777 
15200 	 15 	       36.217 	       76.865 	   0.98954 	   0.65164 	    0.000331 	     0.013446 	     0.013777 
15300 	 15 	       36.208 	       76.866 	   0.98955 	   0.65165 	    0.000330 	     0.013446 	     0.013777 
15400 	 15 	       36.200 	       76.867 	   0.98956 	   0.65165 	    0.000330 	     0.013447 	     0.013777 
15500 	 15 	       36.192 	       76.868 	   0.98956 	   0.65166 	    0.000330 	     0.013447 	     0.013777 
15600 	 15 	       36.184 	       76.869 	   0.98957 	   0.65167 	    0.000330 	     0.013447 	     0.013777 
15700 	 15 	       36.176 	       76.871 	   0.98957 	   0.65168 	    0.000330 	     0.013447 	     0.013777 
15800 	 15 	       36.169 	       76.873 	   0.98958 	   0.65169 	    0.000330 	     0.013447 	     0.013777 
15900 	 15 	       36.162 	       76.875 	   0.98958 	   0.65170 	    0.000329 	     0.013447 	     0.013777 
16000 	 15 	       36.137 	       76.845 	   0.98959 	   0.65170 	    0.000329 	     0.013443 	     0.013772 
16100 	 15 	       36.113 	       76.820 	   0.98960 	   0.65174 	    0.000329 	     0.013441 	     0.013770 
16200 	 15 	       36.104 	       76.819 	   0.98960 	   0.65175 	    0.000329 	     0.013441 	     0.013770 
16300 	 15 	       36.096 	       76.819 	   0.98961 	   0.65175 	    0.000329 	     0.013441 	     0.013770 
16400 	 15 	       36.088 	       76.820 	   0.98961 	   0.65176 	    0.000328 	     0.013442 	     0.013770 
16500 	 15 	       36.081 	       76.822 	   0.98962 	   0.65177 	    0.000328 	     0.013442 	     0.013770 
16600 	 15 	       36.073 	       76.823 	   0.98962 	   0.65178 	    0.000328 	     0.013442 	     0.013770 
16700 	 15 	       36.066 	       76.825 	   0.98963 	   0.65178 	    0.000328 	     0.013442 	     0.013770 
16800 	 15 	       36.059 	       76.827 	   0.98963 	   0.65179 	    0.000328 	     0.013442 	     0.013770 
16900 	 15 	       36.052 	       76.828 	   0.98964 	   0.65180 	    0.000328 	     0.013442 	     0.013770 
17000 	 15 	       36.030 	       76.802 	   0.98964 	   0.65180 	    0.000327 	     0.013439 	     0.013766 
17100 	 15 	       36.009 	       76.780 	   0.98965 	   0.65183 	    0.000327 	     0.013437 	     0.013764 
17200 	 15 	       36.000 	       76.779 	   0.98965 	   0.65184 	    0.000327 	     0.013437 	     0.013764 
17300 	 15 	       35.993 	       76.780 	   0.98966 	   0.65185 	    0.000327 	     0.013437 	     0.013764 
17400 	 15 	       35.986 	       76.781 	   0.98966 	   0.65185 	    0.000327 	     0.013438 	     0.013764 
17500 	 15 	       35.979 	       76.782 	   0.98967 	   0.65186 	    0.000327 	     0.013438 	     0.013764 
17600 	 15 	       35.972 	       76.784 	   0.98967 	   0.65186 	    0.000326 	     0.013438 	     0.013764 
17700 	 15 	       35.966 	       76.785 	   0.98968 	   0.65187 	    0.000326 	     0.013438 	     0.013764 
17800 	 15 	       35.959 	       76.787 	   0.98968 	   0.65188 	    0.000326 	     0.013438 	     0.013764 
17900 	 15 	       35.953 	       76.789 	   0.98969 	   0.65188 	    0.000326 	     0.013438 	     0.013764 
18000 	 15 	       35.933 	       76.766 	   0.98969 	   0.65188 	    0.000326 	     0.013435 	     0.013761 
18100 	 15 	       35.913 	       76.746 	   0.98970 	   0.65191 	    0.000326 	     0.013434 	     0.013759 
18200 	 15 	       35.905 	       76.745 	   0.98970 	   0.65192 	    0.000325 	     0.013434 	     0.013759 
18300 	 15 	       35.898 	       76.746 	   0.98971 	   0.65192 	    0.000325 	     0.013434 	     0.013759 
18400 	 15 	       35.892 	       76.747 	   0.98971 	   0.65193 	    0.000325 	     0.013434 	     0.013759 
18500 	 15 	       35.885 	       76.748 	   0.98971 	   0.65193 	    0.000325 	     0.013435 	     0.013760 
18600 	 15 	       35.879 	       76.750 	   0.98972 	   0.65194 	    0.000325 	     0.013435 	     0.013760 
18700 	 15 	       35.872 	       76.751 	   0.98972 	   0.65194 	    0.000325 	     0.013435 	     0.013760 
18800 	 15 	       35.866 	       76.753 	   0.98973 	   0.65195 	    0.000325 	     0.013435 	     0.013760 
18900 	 15 	       35.860 	       76.755 	   0.98973 	   0.65195 	    0.000324 	     0.013435 	     0.013760 
19000 	 15 	       35.842 	       76.734 	   0.98974 	   0.65195 	    0.000324 	     0.013433 	     0.013757 
19100 	 15 	       35.824 	       76.716 	   0.98974 	   0.65198 	    0.000324 	     0.013431 	     0.013755 
19200 	 15 	       35.817 	       76.716 	   0.98975 	   0.65198 	    0.000324 	     0.013431 	     0.013755 
19300 	 15 	       35.810 	       76.716 	   0.98975 	   0.65199 	    0.000324 	     0.013432 	     0.013755 
19400 	 15 	       35.804 	       76.717 	   0.98975 	   0.65199 	    0.000324 	     0.013432 	     0.013755 
19500 	 15 	       35.798 	       76.719 	   0.98976 	   0.65200 	    0.000324 	     0.013432 	     0.013756 
19600 	 15 	       35.792 	       76.720 	   0.98976 	   0.65200 	    0.000323 	     0.013432 	     0.013756 
19700 	 15 	       35.786 	       76.722 	   0.98977 	   0.65200 	    0.000323 	     0.013432 	     0.013756 
19800 	 15 	       35.780 	       76.723 	   0.98977 	   0.65201 	    0.000323 	     0.013433 	     0.013756 
19900 	 15 	       35.775 	       76.725 	   0.98977 	   0.65201 	    0.000323 	     0.013433 	     0.013756 
20000 	 15 	       35.758 	       76.707 	   0.98978 	   0.65201 	    0.000323 	     0.013430 	     0.013753 
100 	 16 	       57.772 	      105.041 	   0.98422 	   0.64373 	    0.001230 	     0.016111 	     0.017341 
