  1.6639e-001 -1.5815e+000  3.5329e-001 -7.2218e-001 -3.5611e-001
 -9.8611e-001 -5.1209e-001 -2.2349e+000  7.4970e-001 -1.1683e+000
 -5.9286e-001  2.4823e+000  1.3439e+000 -6.6406e-002 -5.9843e-002
 -4.2546e-003
  1.6676e-001
 7.90940541e-001 7.91029540e-001  7.91251504e-001 1.64922524e+000 1.65024572e+000  1.65278065e+000 7.72108070e-001 7.72215967e-001  7.72485209e-001 1.70286805e+000 1.70369524e+000  1.70575359e+000 4.09555495e-001 4.10190585e-001  4.11773221e-001
 6.29804717e-001 6.29517348e-001  6.28800546e-001 3.34541181e+000 3.34650306e+000  3.34921734e+000 6.18553484e+000 6.18501832e+000  6.18373195e+000 -4.73674477e+000 -4.73641113e+000  -4.73557964e+000 -4.29541468e-001 -4.29596174e-001  -4.29732462e-001
 -6.17385120e+000 -6.17310635e+000  -6.17125317e+000 -2.12221631e+000 -2.12348194e+000  -2.12663451e+000 -1.90365109e+000 -1.90345230e+000  -1.90295980e+000 -1.29063382e-001 -1.29222820e-001  -1.29619557e-001 -4.34494707e-002 -4.35224462e-002  -4.37040317e-002
 -2.62968030e-003 -2.63057622e-003  -2.63279641e-003
 -3.44899296e-001 -3.44840345e-001  -3.44693426e-001 8.65530497e-001 8.66157298e-001  8.67710316e-001 -1.87887065e-001 -1.87815183e-001  -1.87635910e-001 2.07415940e+000 2.07463986e+000  2.07583273e+000 1.86912338e+000 1.86949153e+000  1.87040754e+000
 1.37287105e+000 1.37268358e+000  1.37221629e+000 2.45295159e+000 2.45358777e+000  2.45516629e+000 6.21725091e+000 6.21693693e+000  6.21615624e+000 2.69761719e+000 2.69781370e+000  2.69830274e+000 -5.36450622e-001 -5.36481456e-001  -5.36558131e-001
 -2.01442356e+000 -2.01401018e+000  -2.01298440e+000 3.47007230e+000 3.46933942e+000  3.46751713e+000 1.16265583e+000 1.16277706e+000  1.16307629e+000 -2.39622016e-001 -2.39714182e-001  -2.39942997e-001 -7.04785059e-002 -7.05211157e-002  -7.06269060e-002
 -1.79626568e-003 -1.79676808e-003  -1.79800717e-003
 -1.59805236e-001 -1.59805236e-001  -1.59805236e-001 -1.02825313e+000 -1.02825313e+000  -1.02825313e+000 4.58783441e-001 4.58783441e-001  4.58783441e-001 -7.32688699e-001 -7.32688699e-001  -7.32688699e-001 1.08803457e+000 1.08803457e+000  1.08803457e+000
 7.89667996e-001 7.89667996e-001  7.89667996e-001 3.22142049e-003 3.22142049e-003  3.22142049e-003 -1.25076571e+000 -1.25076571e+000  -1.25076571e+000 -3.03586456e+000 -3.03586456e+000  -3.03586456e+000 -6.93032288e-001 -6.93032288e-001  -6.93032288e-001
 -5.44663752e-001 -5.44663752e-001  -5.44663752e-001 -1.30403248e+000 -1.30403248e+000  -1.30403248e+000 -4.38563796e-001 -4.38563796e-001  -4.38563796e-001 2.68851309e-002 2.68851309e-002  2.68851309e-002 -2.33400852e-003 -2.33400852e-003  -2.33400852e-003
 -2.83605427e-004 -2.83605427e-004  -2.83605427e-004
 -1.05906404e+000 -1.05906404e+000  -1.05906404e+000 -7.24135261e-001 -7.24135261e-001  -7.24135261e-001 -1.06568514e+000 -1.06568514e+000  -1.06568514e+000 6.79380126e-001 6.79380126e-001  6.79380126e-001 -3.19774081e-001 -3.19774081e-001  -3.19774081e-001
 4.27144664e-001 4.27144664e-001  4.27144664e-001 -1.33283525e+000 -1.33283525e+000  -1.33283525e+000 -1.80114708e-001 -1.80114708e-001  -1.80114708e-001 4.07727760e-001 4.07727760e-001  4.07727760e-001 -5.05494185e-001 -5.05494185e-001  -5.05494185e-001
 4.51740032e-001 4.51740032e-001  4.51740032e-001 -5.40826469e-001 -5.40826469e-001  -5.40826469e-001 -1.34320213e+000 -1.34320213e+000  -1.34320213e+000 -4.97343855e-002 -4.97343855e-002  -4.97343855e-002 -1.28973613e-002 -1.28973613e-002  -1.28973613e-002
 -1.74405708e-004 -1.74405708e-004  -1.74405708e-004
 1.98823658e-001 1.98839846e-001  1.98880316e-001 -1.10658928e+000 -1.10649117e+000  -1.10624588e+000 1.46322911e-001 1.46343826e-001  1.46396112e-001 -7.30159383e-001 -7.30113567e-001  -7.29999029e-001 2.26763726e+000 2.26766913e+000  2.26774881e+000
 -3.21968358e-002 -3.22453210e-002  -3.23665341e-002 2.58970525e+000 2.58976315e+000  2.58990792e+000 -2.25117133e+000 -2.25122936e+000  -2.25137445e+000 -1.02923251e+000 -1.02921056e+000  -1.02915567e+000 -1.08449554e+000 -1.08449749e+000  -1.08450236e+000
 -2.61893795e+000 -2.61892538e+000  -2.61889394e+000 -1.19798019e+000 -1.19804677e+000  -1.19821321e+000 -3.56862667e+000 -3.56861127e+000  -3.56857278e+000 7.33686179e-002 7.33603951e-002  7.33398379e-002 3.20806512e-002 3.20762389e-002  3.20652082e-002
 -2.92575283e-004 -2.92618588e-004  -2.92726850e-004
 -1.25261505e+000 -1.25261579e+000  -1.25261764e+000 -8.23299743e-001 -8.23302678e-001  -8.23310016e-001 -8.88877461e-001 -8.88878832e-001  -8.88882259e-001 -7.32551400e-001 -7.32551912e-001  -7.32553192e-001 -4.59605658e-001 -4.59607084e-001  -4.59610648e-001
 3.04617422e-001 3.04620370e-001  3.04627741e-001 4.12355027e-002 4.12353058e-002  4.12348135e-002 -7.30788176e-001 -7.30783882e-001  -7.30773147e-001 -8.72008645e-001 -8.72009021e-001  -8.72009962e-001 1.38858449e-001 1.38858444e-001  1.38858430e-001
 7.56765094e-002 7.56778884e-002  7.56813359e-002 -1.12242203e+000 -1.12241969e+000  -1.12241386e+000 1.61822674e+000 1.61822695e+000  1.61822749e+000 -2.17949509e-001 -2.17949366e-001  -2.17949006e-001 -8.33862869e-002 -8.33861590e-002  -8.33858392e-002
 -2.90033622e-004 -2.90027690e-004  -2.90012858e-004
 -1.18832673e+000 -1.18823201e+000  -1.18799575e+000 2.42443998e+000 2.42551529e+000  2.42818666e+000 -2.66330164e+000 -2.66318649e+000  -2.66289916e+000 1.27278440e+000 1.27365260e+000  1.27581312e+000 -6.09745933e+000 -6.09679292e+000  -6.09513220e+000
 -1.67584945e-001 -1.67890755e-001  -1.68653593e-001 -4.72101689e+000 -4.71987210e+000  -4.71702453e+000 -5.06968335e+000 -5.07023043e+000  -5.07159299e+000 -2.42377140e+000 -2.42342094e+000  -2.42254750e+000 4.41650201e+000 4.41644466e+000  4.41630179e+000
 1.36674968e+000 1.36752834e+000  1.36946569e+000 3.46722899e+000 3.46589971e+000  3.46258850e+000 -1.33678962e+000 -1.33658080e+000  -1.33606342e+000 -9.08987124e-002 -9.10660468e-002  -9.14824483e-002 -5.24926373e-002 -5.25693039e-002  -5.27600830e-002
 -4.01078220e-003 -4.01172487e-003  -4.01406114e-003
 -7.35776318e-001 -7.35686430e-001  -7.35462250e-001 2.59394182e+000 2.59498406e+000  2.59757319e+000 -1.64711619e+000 -1.64700724e+000  -1.64673538e+000 -2.38066374e-002 -2.29544949e-002  -2.08338760e-002 -3.68114621e+000 -3.68049183e+000  -3.67886103e+000
 -3.15573996e-001 -3.15865141e-001  -3.16591364e-001 1.18242816e+000 1.18355166e+000  1.18634638e+000 -1.15586733e+000 -1.15639708e+000  -1.15771646e+000 2.84845754e-001 2.85188574e-001  2.86042970e-001 -9.87507041e-001 -9.87563689e-001  -9.87704828e-001
 1.17614194e+000 1.17691439e+000  1.17883648e+000 1.04138387e+000 1.04007833e+000  1.03682614e+000 1.61754415e+000 1.61774738e+000  1.61825091e+000 -1.19506185e-001 -1.19670584e-001  -1.20079699e-001 -6.24903684e-002 -6.25655040e-002  -6.27524794e-002
 -3.87577956e-003 -3.87670839e-003  -3.87901059e-003
 -3.19296332e-001 -3.19228630e-001  -3.19059781e-001 1.62940420e+000 1.63017785e+000  1.63209954e+000 -3.08443561e-001 -3.08361497e-001  -3.08156719e-001 -1.67792905e+000 -1.67730356e+000  -1.67574718e+000 1.74614782e-001 1.75094723e-001  1.76290688e-001
 -1.97509596e+000 -1.97531430e+000  -1.97585890e+000 -2.97115335e+000 -2.97032843e+000  -2.96827673e+000 -2.83144671e+000 -2.83183756e+000  -2.83281093e+000 5.40348331e-001 5.40600943e-001  5.41230469e-001 4.94461201e-001 4.94419935e-001  4.94317134e-001
 7.39545016e-001 7.40106712e-001  7.41504127e-001 -2.04173970e+000 -2.04269519e+000  -2.04507510e+000 1.05915717e+000 1.05930768e+000  1.05968053e+000 -2.31490212e-001 -2.31610718e-001  -2.31910561e-001 -9.22713686e-002 -9.23265547e-002  -9.24638677e-002
 -3.29443031e-003 -3.29510777e-003  -3.29678641e-003
 -9.75854961e-001 -9.75788391e-001  -9.75622327e-001 -1.31120245e+000 -1.31043974e+000  -1.30854394e+000 -1.21356345e+000 -1.21348286e+000  -1.21328174e+000 -1.07947711e+000 -1.07885744e+000  -1.07731476e+000 -1.71787002e+000 -1.71739550e+000  -1.71621264e+000
 8.82357372e-001 8.82142682e-001  8.81607050e-001 -9.69632066e-001 -9.68815674e-001  -9.66784051e-001 -1.70146324e+000 -1.70184997e+000  -1.70281346e+000 7.51336078e-001 7.51586002e-001  7.52209043e-001 4.47951062e+000 4.47946962e+000  4.47936744e+000
 9.68896832e+000 9.68952658e+000  9.69091620e+000 5.22979772e-001 5.22033477e-001  5.19675519e-001 -3.49866716e-001 -3.49718385e-001  -3.49350583e-001 -4.58688448e-002 -4.59882548e-002  -4.62855241e-002 -3.72547847e-002 -3.73094244e-002  -3.74454478e-002
 -3.49491358e-003 -3.49558632e-003  -3.49725491e-003
 -8.15780093e-001 -8.15683133e-001  -8.15441261e-001 -2.21997046e+000 -2.21883155e+000  -2.21600032e+000 -4.29797269e-001 -4.29680298e-001  -4.29388364e-001 -1.52285083e+000 -1.52191124e+000  -1.51957175e+000 9.33232608e-001 9.33952782e-001  9.35748196e-001
 -1.07734471e+000 -1.07765860e+000  -1.07844174e+000 5.03678752e-001 5.04916593e-001  5.07997516e-001 6.59446317e-001 6.58869067e-001  6.57430806e-001 2.26159703e+000 2.26197438e+000  2.26291515e+000 9.99841651e-001 9.99778985e-001  9.99622791e-001
 -1.28669077e+000 -1.28583348e+000  -1.28369906e+000 -5.01228153e-001 -5.02664874e-001  -5.06245303e-001 -8.77230821e-001 -8.77008104e-001  -8.76455734e-001 -1.15385885e-001 -1.15567144e-001  -1.16018455e-001 -5.40657477e-002 -5.41484459e-002  -5.43543496e-002
 -3.18155321e-003 -3.18257712e-003  -3.18511751e-003
 -8.94507625e-002 -8.93541184e-002  -8.91129559e-002 -1.40993121e+000 -1.40879840e+000  -1.40598001e+000 3.21674429e-001 3.21791322e-001  3.22083134e-001 5.74131687e-001 5.75067055e-001  5.77397399e-001 1.39579164e+000 1.39650909e+000  1.39829843e+000
 8.33663246e-001 8.33349845e-001  8.32567705e-001 6.36625440e-001 6.37856929e-001  6.40924014e-001 1.87055500e+000 1.86997793e+000  1.86853939e+000 -1.72056535e+000 -1.72018972e+000  -1.71925285e+000 -2.22156597e-001 -2.22219049e-001  -2.22374780e-001
 1.36311288e+000 1.36396619e+000  1.36609195e+000 -1.45368134e+000 -1.45511290e+000  -1.45868211e+000 1.53424387e+000 1.53446475e+000  1.53501317e+000 -1.68314429e-001 -1.68494941e-001  -1.68944660e-001 -7.21413786e-002 -7.22237511e-002  -7.24289661e-002
 -2.96852810e-003 -2.96955259e-003  -2.97209732e-003
 -3.35461861e-001 -3.35385230e-001  -3.35194102e-001 -3.51285069e-001 -3.50360857e-001  -3.48063966e-001 1.24951205e-001 1.25043248e-001  1.25272936e-001 -9.97860903e-001 -9.97088713e-001  -9.95166306e-001 1.55853085e+000 1.55912308e+000  1.56059937e+000
 -1.34923574e+000 -1.34948472e+000  -1.35010580e+000 -1.14425435e-001 -1.13407959e-001  -1.10875900e-001 -2.63916339e+000 -2.63962974e+000  -2.64079149e+000 -4.30544736e+000 -4.30513819e+000  -4.30436747e+000 1.05428101e+000 1.05422922e+000  1.05410016e+000
 -5.06514466e-001 -5.05802214e-001  -5.04029076e-001 -3.54402784e+000 -3.54520849e+000  -3.54815043e+000 -1.51985657e+000 -1.51967495e+000  -1.51922466e+000 -1.26226536e-001 -1.26375640e-001  -1.26746841e-001 -4.97884622e-002 -4.98563137e-002  -5.00252264e-002
 -2.53947783e-003 -2.54032193e-003  -2.54241571e-003
 3.21292205e-001 3.21377346e-001  3.21589840e-001 1.69803648e+000 1.69905619e+000  1.70159457e+000 4.02372267e-001 4.02474794e-001  4.02730775e-001 1.01117289e+000 1.01202467e+000  1.01414768e+000 -5.27215471e-001 -5.26562277e-001  -5.24932699e-001
 7.95984300e-001 7.95707530e-001  7.95016688e-001 -6.75163604e-001 -6.74042300e-001  -6.71248320e-001 2.13698769e+000 2.13646987e+000  2.13517861e+000 2.29315025e+000 2.29349141e+000  2.29434255e+000 1.23232710e+000 1.23226994e+000  1.23212735e+000
 -8.99588860e-001 -8.98804340e-001  -8.96849020e-001 1.83833109e+000 1.83702788e+000  1.83377755e+000 1.26251052e+000 1.26271018e+000  1.26320632e+000 -1.04683233e-001 -1.04847727e-001  -1.05257715e-001 -4.41903925e-002 -4.42652797e-002  -4.44519264e-002
 -2.45006949e-003 -2.45100378e-003  -2.45332637e-003
 -1.06058742e+000 -1.06050854e+000  -1.06031175e+000 -3.10729231e+000 -3.10636764e+000  -3.10406888e+000 -8.22194045e-001 -8.22099017e-001  -8.21861844e-001 -1.49117664e+000 -1.49041385e+000  -1.48851451e+000 1.12281744e+000 1.12340128e+000  1.12485684e+000
 -6.16663784e-001 -6.16918725e-001  -6.17554788e-001 6.18643111e-001 6.19647808e-001  6.22148543e-001 9.63078482e-001 9.62610017e-001  9.61442766e-001 3.01983697e+000 3.02014330e+000  3.02090703e+000 -7.98891519e-002 -7.99400167e-002  -8.00668006e-002
 -2.93192896e+000 -2.93123323e+000  -2.92950099e+000 -1.17041919e+000 -1.17158466e+000  -1.17448918e+000 -4.22427535e-001 -4.22246592e-001  -4.21797794e-001 -6.73476065e-002 -6.74947070e-002  -6.78609815e-002 -5.44413430e-002 -5.45084544e-002  -5.46755554e-002
 -4.31507325e-003 -4.31590252e-003  -4.31796011e-003
 -1.63193701e-001 -1.63115408e-001  -1.62919999e-001 -2.12135388e+000 -2.12043913e+000  -2.11816216e+000 6.17348446e-002 6.18295369e-002  6.20659630e-002 1.04950635e+000 1.05026196e+000  1.05214514e+000 1.59432570e+000 1.59490468e+000  1.59634902e+000
 1.64434752e+000 1.64409384e+000  1.64346061e+000 6.37178830e-001 6.38173084e-001  6.40650285e-001 2.29983220e+000 2.29936513e+000  2.29820047e+000 -2.14381091e+000 -2.14350749e+000  -2.14275054e+000 -1.81553075e+000 -1.81558122e+000  -1.81570710e+000
 1.50143086e-001 1.50832098e-001  1.52549194e-001 -2.60595170e+000 -2.60710780e+000  -2.60999105e+000 2.31087498e+000 2.31105317e+000  2.31149592e+000 -1.33189484e-001 -1.33335285e-001  -1.33698654e-001 -7.68418359e-002 -7.69083726e-002  -7.70741953e-002
 -4.03822760e-003 -4.03905551e-003  -4.04111336e-003
 -4.32890258e-001 -4.32832684e-001  -4.32689094e-001 -8.63424373e-001 -8.62720745e-001  -8.60972238e-001 -1.11401580e-001 -1.11332724e-001  -1.11160910e-001 -8.55437766e-001 -8.54845636e-001  -8.53371560e-001 1.82278756e+000 1.82324116e+000  1.82437184e+000
 -9.89665788e-001 -9.89852885e-001  -9.90319576e-001 -1.71268848e-001 -1.70488737e-001  -1.68547468e-001 -3.25553533e+000 -3.25588929e+000  -3.25677098e+000 -4.95411562e+000 -4.95387896e+000  -4.95328903e+000 -1.95812477e-001 -1.95852304e-001  -1.95951562e-001
 -1.96110595e+000 -1.96055664e+000  -1.95918916e+000 -4.71582455e+000 -4.71672909e+000  -4.71898293e+000 -1.03574225e+000 -1.03560349e+000  -1.03525948e+000 -8.36074480e-002 -8.37218016e-002  -8.40064771e-002 -5.23500570e-002 -5.24020157e-002  -5.25313579e-002
 -3.78927904e-003 -3.78992578e-003  -3.79152986e-003
 3.51438766e-001 3.51503733e-001  3.51665919e-001 1.46940814e+000 1.47019161e+000  1.47214324e+000 1.96656856e-001 1.96734925e-001  1.96929881e-001 1.41456223e+000 1.41522026e+000  1.41686116e+000 -7.07382157e-001 -7.06878037e-001  -7.05619939e-001
 1.40661178e+000 1.40640051e+000  1.40587304e+000 -8.70983723e-001 -8.70117941e-001  -8.67959485e-001 2.20474988e+000 2.20435180e+000  2.20335873e+000 2.73813114e+000 2.73839438e+000  2.73905133e+000 -1.38785900e-001 -1.38830170e-001  -1.38940641e-001
 -2.39899694e+000 -2.39838857e+000  -2.39687150e+000 1.56296878e+000 1.56196239e+000  1.55945143e+000 2.03799546e+000 2.03814903e+000  2.03853102e+000 -5.55203280e-002 -5.56474261e-002  -5.59643662e-002 -4.36935959e-002 -4.37514019e-002  -4.38955477e-002
 -3.51549005e-003 -3.51621245e-003  -3.51800997e-003
 -9.17227669e-001 -9.17227669e-001  -9.17227669e-001 -1.23289490e+000 -1.23289490e+000  -1.23289490e+000 -1.33787305e+000 -1.33787305e+000  -1.33787305e+000 1.97202945e-001 1.97202945e-001  1.97202945e-001 1.25141527e-001 1.25141527e-001  1.25141527e-001
 -6.44937465e-001 -6.44937465e-001  -6.44937465e-001 -1.25472896e+000 -1.25472896e+000  -1.25472896e+000 -4.18191931e-001 -4.18191931e-001  -4.18191931e-001 -5.06757640e-001 -5.06757640e-001  -5.06757640e-001 -3.49202945e+000 -3.49202945e+000  -3.49202945e+000
 -2.38860275e+000 -2.38860275e+000  -2.38860275e+000 -6.52300261e-001 -6.52300261e-001  -6.52300261e-001 1.93549145e+000 1.93549145e+000  1.93549145e+000 1.30377007e-002 1.30377007e-002  1.30377007e-002 -3.38318768e-002 -3.38318768e-002  -3.38318768e-002
 -2.84574445e-003 -2.84574445e-003  -2.84574445e-003
 1.19735527e+000 1.19735527e+000  1.19735527e+000 -1.05607931e+000 -1.05607931e+000  -1.05607931e+000 1.28118969e+000 1.28118969e+000  1.28118969e+000 -4.70197271e-001 -4.70197271e-001  -4.70197271e-001 -9.99907006e-001 -9.99907006e-001  -9.99907006e-001
 1.21549215e+000 1.21549215e+000  1.21549215e+000 1.19142334e+000 1.19142334e+000  1.19142334e+000 -2.44457860e+000 -2.44457860e+000  -2.44457860e+000 2.10813331e+000 2.10813331e+000  2.10813331e+000 -9.44786401e-001 -9.44786401e-001  -9.44786401e-001
 -7.26611865e-001 -7.26611865e-001  -7.26611865e-001 1.08579796e+000 1.08579796e+000  1.08579796e+000 5.19940134e-001 5.19940134e-001  5.19940134e-001 6.77786464e-002 6.77786464e-002  6.77786464e-002 4.19432879e-003 4.19432879e-003  4.19432879e-003
 -2.59536536e-003 -2.59536536e-003  -2.59536536e-003
 -1.01263578e+000 -1.01254675e+000  -1.01232494e+000 -3.49133874e-001 -3.47799476e-001  -3.44486883e-001 -9.13656347e-001 -9.13550916e-001  -9.13288059e-001 4.40223108e-001 4.41436903e-001  4.44457544e-001 3.35545032e-001 3.36488810e-001  3.38840934e-001
 -2.04760252e+000 -2.04790742e+000  -2.04866735e+000 5.92749657e-001 5.94347949e-001  5.98323726e-001 1.37759143e+000 1.37692806e+000  1.37527672e+000 5.30605201e-002 5.35380163e-002  5.47279822e-002 9.01394807e-001 9.01310606e-001  9.01100791e-001
 2.37490120e+000 2.37609716e+000  2.37907421e+000 1.39425363e+000 1.39239203e+000  1.38775461e+000 -8.78290262e-002 -8.75626623e-002  -8.69032047e-002 4.45333312e-002 4.42969528e-002  4.37086840e-002 -1.40657294e-002 -1.41717018e-002  -1.44354049e-002
 -1.42490238e-003 -1.42630144e-003  -1.42977081e-003
 9.28661526e-001 9.28711930e-001  9.28837941e-001 5.97946856e-001 5.98251838e-001  5.99014293e-001 1.41960809e+000 1.41967136e+000  1.41982955e+000 -1.30220124e+000 -1.30206430e+000  -1.30172195e+000 2.27785001e-001 2.27879028e-001  2.28114094e-001
 -9.26807886e-002 -9.28284629e-002  -9.31976487e-002 -7.56241596e-001 -7.56059637e-001  -7.55604741e-001 -1.98656066e+000 -1.98672908e+000  -1.98715011e+000 4.01160736e-003 4.07678605e-003  4.23973279e-003 1.26291900e+000 1.26291313e+000  1.26289848e+000
 7.18665397e-001 7.18701184e-001  7.18790652e-001 9.23254143e-001 9.23047421e-001  9.22530618e-001 4.31053885e-001 4.31107613e-001  4.31241934e-001 -2.78089903e-001 -2.78114231e-001  -2.78175052e-001 -5.62294964e-002 -5.62425096e-002  -5.62750425e-002
 -2.25946582e-004 -2.26024713e-004  -2.26220041e-004
 -1.98891762e+000 -1.98899277e+000 -1.98918026e+000
 -5.37815871e+000 -5.37856193e+000 -5.37956358e+000
 -2.51940371e+000 -2.51947559e+000 -2.51965502e+000
 -2.94450162e+000 -2.94562821e+000 -2.94843228e+000
 -4.42961199e+000 -4.42988424e+000 -4.43056306e+000
 2.81713351e+000 2.81692956e+000 2.81642056e+000
 -4.01168534e+000 -4.01237146e+000 -4.01407740e+000
 3.56956208e+000 3.56797460e+000 3.56402363e+000
 -5.68575509e+000 -5.68585572e+000 -5.68610663e+000
 4.14044251e+000 4.13851334e+000 4.13371022e+000
 -3.15077067e+000 -3.15134596e+000 -3.15277844e+000
 4.33992510e+000 4.33883963e+000 4.33614076e+000
 -3.28042873e+000 -3.28227702e+000 -3.28687997e+000
 6.81696712e-001 6.81170152e-001 6.79859133e-001
 2.63937904e-001 2.63213365e-001 2.61409450e-001
 6.62004660e-003 5.65971893e-003 3.26873016e-003
