  5.9360e-001 -1.9683e+000  3.6556e-001  4.9470e-001  4.0595e-002
  6.3549e-001 -7.0874e-001 -6.5831e-001  2.1589e+000 -2.0688e+000
  4.4137e-001 -3.2108e-002 -1.1016e-001 -6.7139e-002 -2.9145e-002
 -2.0535e-003
  3.5367e-001
 -5.41650274e-001 -5.41644384e-001  -5.41613594e-001 1.40861820e+000 1.40862137e+000  1.40864716e+000 -7.75074246e-002 -7.74992098e-002  -7.74770611e-002 -1.02451307e+000 -1.02451324e+000  -1.02451221e+000 -6.32927149e+000 -6.32926331e+000  -6.32924251e+000
 -4.65028033e+000 -4.65029324e+000  -4.65032895e+000 -3.00930619e+000 -3.00930497e+000  -3.00928530e+000 4.58754382e+000 4.58752556e+000  4.58747455e+000 -5.31617085e+000 -5.31617044e+000  -5.31616878e+000 8.23722328e-002 8.23734493e-002  8.23627813e-002
 -1.28396389e+000 -1.28396734e+000  -1.28398570e+000 -4.70800273e-001 -4.70801903e-001  -4.70808709e-001 -1.07226417e-001 -1.07226501e-001  -1.07226876e-001 -2.37217313e-002 -2.37216127e-002  -2.37211037e-002 -9.60913348e-003 -9.60900266e-003  -9.60845191e-003
 -1.63033821e-003 -1.63026881e-003  -1.62997827e-003
 -1.03607939e-001 -1.03616199e-001  -1.03597929e-001 -1.77426392e-001 -1.77437969e-001  -1.77423651e-001 -1.48080210e+000 -1.48079839e+000  -1.48078523e+000 1.16954877e+000 1.16954761e+000  1.16954824e+000 3.75933836e+000 3.75934248e+000  3.75935361e+000
 -5.24525220e+000 -5.24525708e+000  -5.24527763e+000 -5.95742712e-001 -5.95754781e-001  -5.95744740e-001 -6.26590702e+000 -6.26591404e+000  -6.26594458e+000 -4.45586651e+000 -4.45586668e+000  -4.45586551e+000 9.83458453e+000 9.83459521e+000  9.83458869e+000
 -2.31028824e-001 -2.31023499e-001  -2.31033772e-001 -1.94258869e-002 -1.94247856e-002  -1.94286516e-002 -4.59786116e-002 -4.59785368e-002  -4.59787480e-002 -2.92317675e-002 -2.92318585e-002  -2.92315712e-002 -1.38722367e-002 -1.38723290e-002  -1.38720177e-002
 -1.23057790e-003 -1.23062560e-003  -1.23046134e-003
 -3.02069702e-001 -3.02069702e-001  -3.02069702e-001 -7.21449714e-001 -7.21449714e-001  -7.21449714e-001 -1.99591445e+000 -1.99591445e+000  -1.99591445e+000 -8.50606716e-002 -8.50606715e-002  -8.50606713e-002 -3.77013344e+000 -3.77013344e+000  -3.77013344e+000
 -2.29003310e-001 -2.29003310e-001  -2.29003310e-001 -2.30118432e-001 -2.30118432e-001  -2.30118432e-001 2.69265729e+000 2.69265729e+000  2.69265729e+000 9.06618383e-001 9.06618383e-001  9.06618383e-001 -3.20460346e+000 -3.20460346e+000  -3.20460346e+000
 -6.19028509e-001 -6.19028509e-001  -6.19028509e-001 -1.54105772e-001 -1.54105772e-001  -1.54105772e-001 -1.16105674e-002 -1.16105674e-002  -1.16105674e-002 4.57792340e-003 4.57792340e-003  4.57792341e-003 2.59098734e-003 2.59098734e-003  2.59098735e-003
 -1.25497832e-004 -1.25497830e-004  -1.25497826e-004
 -1.81552670e+000 -1.81552670e+000  -1.81552670e+000 1.44726683e-001 1.44726683e-001  1.44726683e-001 -2.23523636e+000 -2.23523636e+000  -2.23523636e+000 -1.43771732e+000 -1.43771732e+000  -1.43771732e+000 -1.12980206e+000 -1.12980206e+000  -1.12980206e+000
 -1.18806950e+000 -1.18806950e+000  -1.18806950e+000 1.33449330e+000 1.33449330e+000  1.33449330e+000 6.59672635e-001 6.59672635e-001  6.59672635e-001 1.24127008e+000 1.24127008e+000  1.24127008e+000 2.12999664e-002 2.12999664e-002  2.12999664e-002
 4.95482852e-001 4.95482852e-001  4.95482852e-001 1.04175421e-001 1.04175421e-001  1.04175421e-001 6.27086525e-003 6.27086525e-003  6.27086525e-003 -1.73061206e-003 -1.73061206e-003  -1.73061206e-003 -2.09789806e-004 -2.09789806e-004  -2.09789806e-004
 -1.22193290e-006 -1.22193290e-006  -1.22193290e-006
 -5.11532663e-001 -5.11448654e-001  -5.11238630e-001 -8.63871043e-002 -8.63210824e-002  -8.61560277e-002 -3.33624588e-001 -3.33564608e-001  -3.33414660e-001 3.11288579e-002 3.11305942e-002  3.11349349e-002 -4.30705322e-001 -4.30650123e-001  -4.30512125e-001
 -1.30364288e+000 -1.30373916e+000  -1.30397985e+000 -1.58935409e+000 -1.58930571e+000  -1.58918478e+000 -4.63250648e-001 -4.63390012e-001  -4.63738421e-001 -6.77990869e-002 -6.77948484e-002  -6.77842521e-002 -3.13661708e+000 -3.13664199e+000  -3.13670426e+000
 5.02870959e-001 5.02825357e-001  5.02711352e-001 -3.04056986e-002 -3.04233222e-002  -3.04673814e-002 -1.56076063e-001 -1.56077013e-001  -1.56079388e-001 -9.19546418e-002 -9.19533447e-002  -9.19501021e-002 -3.80221329e-002 -3.80207242e-002  -3.80172025e-002
 -3.48433385e-003 -3.48358994e-003  -3.48173016e-003
 1.01472163e+000 1.01464830e+000  1.01464845e+000 -1.07866746e+000 -1.07874888e+000  -1.07874852e+000 -6.32589476e-001 -6.32596799e-001  -6.32596700e-001 1.21139424e+000 1.21138764e+000  1.21138766e+000 1.31679954e+000 1.31679795e+000  1.31679796e+000
 2.09689883e+000 2.09691437e+000  2.09691393e+000 1.05338676e-001 1.05262918e-001  1.05263078e-001 -2.06558964e+000 -2.06556516e+000  -2.06556516e+000 2.50691270e+000 2.50690980e+000  2.50691006e+000 -7.93156748e-001 -7.93094131e-001  -7.93094147e-001
 3.60566474e-001 3.60610864e-001  3.60610667e-001 9.09119493e-004 9.21571140e-004  9.21499111e-004 -1.00989003e-002 -1.00981518e-002  -1.00981566e-002 -8.61394005e-003 -8.61490847e-003  -8.61490290e-003 -3.88220223e-003 -3.88322198e-003  -3.88321649e-003
 -1.22228192e-004 -1.22761650e-004  -1.22758824e-004
 6.03598925e-002 6.03598925e-002  6.03598925e-002 -1.47724454e+000 -1.47724454e+000  -1.47724454e+000 1.27318636e+000 1.27318636e+000  1.27318636e+000 -1.00611873e+000 -1.00611873e+000  -1.00611873e+000 -8.76674605e-001 -8.76674605e-001  -8.76674605e-001
 -5.80338993e-001 -5.80338993e-001  -5.80338993e-001 9.14581829e-001 9.14581829e-001  9.14581829e-001 8.65095731e-001 8.65095731e-001  8.65095731e-001 9.72260026e-001 9.72260026e-001  9.72260026e-001 1.31645488e-001 1.31645488e-001  1.31645488e-001
 -4.14089982e-001 -4.14089982e-001  -4.14089982e-001 -7.88174599e-002 -7.88174599e-002  -7.88174599e-002 -8.11913661e-003 -8.11913661e-003  -8.11913661e-003 -4.30418172e-003 -4.30418172e-003  -4.30418172e-003 -3.45347367e-003 -3.45347367e-003  -3.45347367e-003
 1.84163706e-004 1.84163706e-004  1.84163706e-004
 -1.28139494e+000 -1.28138429e+000  -1.28117422e+000 -1.32824836e+000 -1.32826404e+000  -1.32809931e+000 -1.31378351e+000 -1.31373090e+000  -1.31358099e+000 1.96649098e+000 1.96648609e+000  1.96649038e+000 -6.01688141e-001 -6.01634504e-001  -6.01496451e-001
 -1.03555062e+000 -1.03563120e+000  -1.03587196e+000 5.04271308e-001 5.04243620e-001  5.04363957e-001 -7.45460532e-001 -7.45575247e-001  -7.45923229e-001 3.01772126e+000 3.01772248e+000  3.01773305e+000 -1.65689976e+000 -1.65686200e+000  -1.65692416e+000
 -3.90936057e-001 -3.90937191e-001  -3.91051197e-001 -2.97523669e-001 -2.97528766e-001  -2.97572710e-001 -1.88231937e-001 -1.88232134e-001  -1.88234502e-001 -9.59438800e-002 -9.59435569e-002  -9.59403223e-002 -4.12253651e-002 -4.12249817e-002  -4.12214682e-002
 -3.23141730e-003 -3.23120970e-003  -3.22935421e-003
 1.83597114e+000 1.83597118e+000  1.83597127e+000 -6.98282542e-001 -6.98282268e-001  -6.98281583e-001 1.35982314e+000 1.35982320e+000  1.35982333e+000 -8.50462717e-001 -8.50462690e-001  -8.50462624e-001 3.69174067e-001 3.69174047e-001  3.69173998e-001
 2.20807947e+000 2.20807932e+000  2.20807895e+000 6.46508702e-002 6.46511732e-002  6.46519308e-002 -3.33640066e-001 -3.33640237e-001  -3.33640666e-001 -1.07633330e+000 -1.07633318e+000  -1.07633290e+000 -3.20812375e+000 -3.20812380e+000  -3.20812393e+000
 1.28863260e-001 1.28863182e-001  1.28862987e-001 7.15455439e-002 7.15454687e-002  7.15452808e-002 2.81836380e-003 2.81835914e-003  2.81834749e-003 -3.01590343e-003 -3.01589797e-003  -3.01588433e-003 -1.61243228e-003 -1.61242679e-003  -1.61241307e-003
 -1.42336679e-004 -1.42333832e-004  -1.42326714e-004
 3.79949114e-001 3.79949114e-001  3.79949114e-001 -1.86612321e-001 -1.86612321e-001  -1.86612321e-001 7.48267945e-001 7.48267945e-001  7.48267945e-001 -3.34109204e-001 -3.34109204e-001  -3.34109204e-001 8.45627790e-001 8.45627790e-001  8.45627790e-001
 -2.97738382e-001 -2.97738382e-001  -2.97738382e-001 -4.18302830e-001 -4.18302830e-001  -4.18302830e-001 1.93588385e-001 1.93588385e-001  1.93588385e-001 2.30639743e+000 2.30639743e+000  2.30639743e+000 1.96148634e+000 1.96148634e+000  1.96148634e+000
 7.11420249e-001 7.11420249e-001  7.11420249e-001 1.17664087e-001 1.17664087e-001  1.17664087e-001 1.11194736e-002 1.11194736e-002  1.11194736e-002 -5.91298011e-003 -5.91298011e-003  -5.91298011e-003 -2.52001141e-003 -2.52001141e-003  -2.52001141e-003
 -4.86443553e-005 -4.86443553e-005  -4.86443553e-005
 -5.64961407e-001 -5.64954976e-001  -5.64938898e-001 -2.50076739e+000 -2.50076210e+000  -2.50074886e+000 -2.01030812e+000 -2.01030354e+000  -2.01029207e+000 -6.76138620e-001 -6.76138527e-001  -6.76138294e-001 1.63696397e+000 1.63696833e+000  1.63697922e+000
 2.72636626e-001 2.72629071e-001  2.72610185e-001 -1.98680571e+000 -1.98680173e+000  -1.98679176e+000 -2.85844040e+000 -2.85845098e+000  -2.85847744e+000 -1.15905405e+000 -1.15905368e+000  -1.15905275e+000 -9.75177702e+000 -9.75177886e+000  -9.75178345e+000
 6.05654747e-001 6.05651274e-001  6.05642591e-001 2.07244338e-001 2.07242979e-001  2.07239582e-001 1.09028672e-002 1.09027943e-002  1.09026120e-002 -1.38716059e-002 -1.38715062e-002  -1.38712570e-002 -7.88592592e-003 -7.88581754e-003  -7.88554661e-003
 -2.20894513e-004 -2.20837273e-004  -2.20694173e-004
 7.29145050e-001 7.29143844e-001  7.29143596e-001 -3.88204731e+000 -3.88204959e+000  -3.88205222e+000 6.68475890e+000 6.68475864e+000  6.68475827e+000 3.26282578e-001 3.26282471e-001  3.26282454e-001 -1.13651855e+000 -1.13651943e+000  -1.13652156e+000
 8.58662185e-001 8.58663114e-001  8.58664841e-001 -1.30580884e+000 -1.30581116e+000  -1.30581410e+000 3.30851628e-001 3.30851951e-001  3.30851835e-001 3.87551953e+000 3.87551948e+000  3.87551948e+000 1.44715068e+000 1.44715160e+000  1.44715154e+000
 -1.11714435e-001 -1.11713213e-001  -1.11711836e-001 5.19296598e-002 5.19299911e-002  5.19303484e-002 -7.63883494e-003 -7.63881453e-003  -7.63879182e-003 4.25264280e-003 4.25261585e-003  4.25258512e-003 3.59095106e-003 3.59092264e-003  3.59089017e-003
 1.09344047e-004 1.09329176e-004  1.09312172e-004
 -4.73562362e+000 -4.73561380e+000  -4.73550285e+000 -3.88398246e+000 -3.88398600e+000  -3.88389884e+000 -4.51669591e-001 -4.51641328e-001  -4.51562003e-001 -1.64201526e+000 -1.64201745e+000  -1.64201515e+000 -3.92477571e+000 -3.92474747e+000  -3.92467501e+000
 3.40841900e-002 3.40408937e-002  3.39141448e-002 8.93292287e-001 8.93281938e-001  8.93345340e-001 -6.85306095e-001 -6.85368201e-001  -6.85552288e-001 -1.51811883e+000 -1.51811806e+000  -1.51811260e+000 6.45279196e+000 6.45280827e+000  6.45277532e+000
 -2.38823539e-001 -2.38826521e-001  -2.38886334e-001 -3.42754131e-001 -3.42757523e-001  -3.42780698e-001 -1.42962314e-001 -1.42962460e-001  -1.42963708e-001 -6.21750336e-002 -6.21748090e-002  -6.21731048e-002 -2.60702461e-002 -2.60699870e-002  -2.60681358e-002
 -2.18021174e-003 -2.18007246e-003  -2.17909483e-003
 -3.56943101e+000 -3.56943808e+000  -3.56932320e+000 2.52276463e+000 2.52274131e+000  2.52283036e+000 -2.87614287e+000 -2.87611536e+000  -2.87603330e+000 6.89073868e-001 6.89069994e-001  6.89072249e-001 7.58900050e-001 7.58928589e-001  7.59002796e-001
 -1.65064188e+000 -1.65068277e+000  -1.65081339e+000 -2.61239204e-001 -2.61268399e-001  -2.61204420e-001 2.55882662e+000 2.55876806e+000  2.55857745e+000 3.21593048e+000 3.21593055e+000  3.21593614e+000 1.49638464e+000 1.49641643e+000  1.49638277e+000
 -1.02813167e+000 -1.02812393e+000  -1.02818493e+000 -3.54810938e-001 -3.54811420e-001  -3.54835171e-001 -1.35145744e-001 -1.35145712e-001  -1.35146988e-001 -5.99364059e-002 -5.99364102e-002  -5.99346674e-002 -2.56287401e-002 -2.56287210e-002  -2.56268270e-002
 -2.25275822e-003 -2.25274434e-003  -2.25174395e-003
 -2.09586627e+000 -2.09587670e+000  -2.09578258e+000 -2.98160733e+000 -2.98163124e+000  -2.98155743e+000 -2.25073993e+000 -2.25071787e+000  -2.25065067e+000 -1.65356456e+000 -1.65356818e+000  -1.65356641e+000 2.98442845e+000 2.98445191e+000  2.98451313e+000
 -1.79918424e-001 -1.79951148e-001  -1.80058708e-001 1.55289432e+000 1.55286610e+000  1.55291977e+000 -2.61510397e+000 -2.61515036e+000  -2.61530644e+000 -8.74917564e-001 -8.74917656e-001  -8.74912964e-001 -3.40495407e+000 -3.40492405e+000  -3.40495157e+000
 -8.58143013e-001 -8.58133885e-001  -8.58183902e-001 -2.37729233e-001 -2.37728877e-001  -2.37748429e-001 -1.06354705e-001 -1.06354633e-001  -1.06355683e-001 -4.96599882e-002 -4.96600505e-002  -4.96586165e-002 -2.17408373e-002 -2.17408835e-002  -2.17393250e-002
 -1.68301638e-003 -1.68303734e-003  -1.68221413e-003
 3.64802868e-001 3.64807020e-001  3.64918620e-001 8.78882324e-001 8.78872447e-001  8.78960261e-001 5.12884411e-001 5.12912218e-001  5.12991890e-001 -1.34320807e+000 -1.34321087e+000  -1.34320877e+000 5.65556223e+000 5.65559080e+000  5.65566441e+000
 3.84026908e-002 3.83600768e-002  3.82318599e-002 -8.08147798e+000 -8.08149415e+000  -8.08143001e+000 1.82004669e-001 1.81944230e-001  1.81759372e-001 -2.23510505e+000 -2.23510445e+000  -2.23509880e+000 -6.90310486e+000 -6.90308317e+000  -6.90311530e+000
 1.15157516e-001 1.15158016e-001  1.15097929e-001 -7.65665327e-002 -7.65689826e-002  -7.65923219e-002 -9.22556086e-002 -9.22556969e-002  -9.22569525e-002 -5.36922166e-002 -5.36920663e-002  -5.36903517e-002 -2.27385493e-002 -2.27383681e-002  -2.27365055e-002
 -1.76102461e-003 -1.76092607e-003  -1.75994237e-003
 7.82008576e-001 7.82019463e-001  7.82188036e-001 1.33174188e+000 1.33173333e+000  1.33186906e+000 1.39161112e-002 1.39586206e-002  1.40790746e-002 -2.22032747e+000 -2.22033118e+000  -2.22032771e+000 5.79569800e-001 5.79614619e-001  5.79729714e-001
 5.74737885e-001 5.74671519e-001  5.74475325e-001 1.71000670e+000 1.70998893e+000  1.71009055e+000 -2.88422056e-001 -2.88514715e-001  -2.88793514e-001 -5.44617449e+000 -5.44617338e+000  -5.44616481e+000 2.92836475e+000 2.92839366e+000  2.92834531e+000
 -3.16559570e-001 -3.16563004e-001  -3.16657244e-001 -7.24337568e-002 -7.24385765e-002  -7.24746660e-002 -1.14125710e-001 -1.14125913e-001  -1.14127867e-001 -7.02370895e-002 -7.02367716e-002  -7.02341070e-002 -2.85529083e-002 -2.85525393e-002  -2.85496483e-002
 -2.43371201e-003 -2.43351340e-003  -2.43198715e-003
 1.62102580e+000 1.62104092e+000  1.62120908e+000 -1.11746276e+000 -1.11746642e+000  -1.11733070e+000 2.99890272e-001 2.99933099e-001  3.00053244e-001 3.79374280e-001 3.79370996e-001  3.79374530e-001 -1.65845699e-001 -1.65800749e-001  -1.65685562e-001
 3.35615190e+000 3.35608471e+000  3.35588881e+000 1.17352952e+000 1.17351644e+000  1.17361842e+000 -1.47692283e+000 -1.47701665e+000  -1.47729468e+000 3.67512286e+000 3.67512412e+000  3.67513264e+000 8.83733585e-001 8.83758720e-001  8.83710321e-001
 5.79860966e-001 5.79854776e-001  5.79760312e-001 4.98618049e-002 4.98562307e-002  4.98201264e-002 -1.01037713e-001 -1.01037963e-001  -1.01039919e-001 -7.55656474e-002 -7.55652700e-002  -7.55626023e-002 -3.29134280e-002 -3.29129966e-002  -3.29101028e-002
 -2.30412491e-003 -2.30389369e-003  -2.30236606e-003
 2.17438158e+000 2.17438689e+000  2.17454695e+000 1.45609034e+000 1.45607667e+000  1.45620564e+000 -1.57941836e+000 -1.57937853e+000  -1.57926424e+000 -1.80687515e+000 -1.80687910e+000  -1.80687575e+000 -1.31772673e+000 -1.31768394e+000  -1.31757382e+000
 -5.62594786e-001 -5.62656966e-001  -5.62843854e-001 2.04168459e-001 2.04146609e-001  2.04243628e-001 1.82230630e+000 1.82222005e+000  1.82195545e+000 -3.03844572e+000 -3.03844481e+000  -3.03843653e+000 -8.80608961e-001 -8.80577117e-001  -8.80622752e-001
 5.45301692e-001 5.45301129e-001  5.45210785e-001 1.71809761e-001 1.71805966e-001  1.71771517e-001 -7.76329906e-002 -7.76331374e-002  -7.76350054e-002 -7.35656127e-002 -7.35653705e-002  -7.35628239e-002 -3.19290167e-002 -3.19287294e-002  -3.19259673e-002
 -1.93546356e-003 -1.93530800e-003  -1.93384994e-003
 -5.47294474e-001 -5.47270050e-001  -5.47118835e-001 2.47204931e-001 2.47214229e-001  2.47337682e-001 1.07656825e+000 1.07660785e+000  1.07671590e+000 -1.27620820e+000 -1.27621013e+000  -1.27620683e+000 -4.07329675e-001 -4.07288340e-001  -4.07183058e-001
 4.86870709e-002 4.86238213e-002  4.84463859e-002 8.44223406e-001 8.44223706e-001  8.44317605e-001 1.64472384e+000 1.64463596e+000  1.64438618e+000 2.77807462e+000 2.77807628e+000  2.77808412e+000 8.93409934e-001 8.93423294e-001  8.93379762e-001
 -1.70742952e-001 -1.70755728e-001  -1.70842298e-001 -3.25775705e-003 -3.26476751e-003  -3.29762599e-003 -8.64841928e-002 -8.64845384e-002  -8.64863244e-002 -5.84661831e-002 -5.84656865e-002  -5.84632527e-002 -2.46664047e-002 -2.46658515e-002  -2.46632130e-002
 -1.88583955e-003 -1.88554521e-003  -1.88415262e-003
 3.97906774e-001 3.97916923e-001  3.98063938e-001 2.52943802e+000 2.52942970e+000  2.52954409e+000 2.23224076e-001 2.23261125e-001  2.23365950e-001 -2.36551397e+000 -2.36551717e+000  -2.36551421e+000 4.36595531e-001 4.36632929e-001  4.36729049e-001
 1.25694454e-001 1.25637540e-001  1.25469201e-001 2.33498142e+000 2.33496445e+000  2.33504771e+000 -8.83588041e-001 -8.83669345e-001  -8.83913177e-001 -4.64390717e+000 -4.64390611e+000  -4.64389847e+000 3.55871035e+000 3.55873464e+000  3.55869157e+000
 -1.19614432e-001 -1.19616734e-001  -1.19696196e-001 -7.44922251e-002 -7.44962420e-002  -7.45269712e-002 -9.96550960e-002 -9.96552605e-002  -9.96569159e-002 -5.94737004e-002 -5.94734400e-002  -5.94711800e-002 -2.44797307e-002 -2.44794263e-002  -2.44769717e-002
 -2.19221416e-003 -2.19205008e-003  -2.19075376e-003
 1.36221016e+000 1.36222556e+000  1.36237165e+000 -6.31265706e-001 -6.31267914e-001  -6.31153847e-001 4.68831883e-001 4.68869225e-001  4.68973374e-001 7.59738958e-001 7.59736294e-001  7.59739324e-001 -6.34379890e-001 -6.34342432e-001  -6.34246465e-001
 3.43806725e+000 3.43800947e+000  3.43784196e+000 1.48693995e+000 1.48692887e+000  1.48701234e+000 -2.54767520e+000 -2.54775772e+000  -2.54799992e+000 6.54876423e+000 6.54876549e+000  6.54877303e+000 7.78648429e-001 7.78667949e-001  7.78624938e-001
 9.98751931e-001 9.98746200e-001  9.98666680e-001 7.81770162e-002 7.81720702e-002  7.81414077e-002 -8.30864022e-002 -8.30866237e-002  -8.30882777e-002 -6.59669148e-002 -6.59665811e-002  -6.59643236e-002 -2.98559569e-002 -2.98555756e-002  -2.98531243e-002
 -2.02479368e-003 -2.02458940e-003  -2.02329496e-003
 2.08540489e+000 2.08540840e+000  2.08554923e+000 2.49699686e+000 2.49698187e+000  2.49709117e+000 -1.68725011e+000 -1.68721529e+000  -1.68711498e+000 -1.75770431e+000 -1.75770791e+000  -1.75770501e+000 -1.88255405e+000 -1.88251815e+000  -1.88242553e+000
 -1.26260919e+000 -1.26266255e+000  -1.26282424e+000 4.18820001e-001 4.18797363e-001  4.18877210e-001 1.60134370e+000 1.60126791e+000  1.60103439e+000 -1.31209316e+000 -1.31209232e+000  -1.31208482e+000 -1.36914462e+000 -1.36911598e+000  -1.36915706e+000
 9.63044750e-001 9.63046011e-001  9.62969144e-001 2.18810755e-001 2.18807907e-001  2.18778328e-001 -5.99169928e-002 -5.99170911e-002  -5.99186872e-002 -6.61428747e-002 -6.61427020e-002  -6.61405238e-002 -2.97894283e-002 -2.97892178e-002  -2.97868527e-002
 -1.66900027e-003 -1.66888551e-003  -1.66763664e-003
 -1.15012660e+000 -1.15010172e+000  -1.14997804e+000 8.74684879e-001 8.74696567e-001  8.74794104e-001 1.37266251e+000 1.37269530e+000  1.37278345e+000 -1.09164797e+000 -1.09164911e+000  -1.09164641e+000 -7.93732681e-001 -7.93700245e-001  -7.93617830e-001
 -5.61998848e-001 -5.62050689e-001  -5.62193456e-001 1.00766214e+000 1.00766565e+000  1.00773793e+000 1.15920701e+000 1.15913325e+000  1.15892836e+000 5.25880149e+000 5.25880313e+000  5.25880975e+000 5.48190191e-001 5.48196521e-001  5.48159898e-001
 9.45904306e-002 9.45778579e-002  9.45091822e-002 4.50726935e-003 4.50094091e-003  4.47466688e-003 -6.80312772e-002 -6.80315947e-002  -6.80330168e-002 -4.58736272e-002 -4.58731765e-002  -4.58712368e-002 -2.01138558e-002 -2.01133562e-002  -2.01112514e-002
 -1.54126553e-003 -1.54100013e-003  -1.53988889e-003
 -7.37890184e-001 -7.37890699e-001  -7.37891985e-001 -2.27668877e-001 -2.27673105e-001  -2.27683675e-001 -4.11434967e-001 -4.11435508e-001  -4.11436861e-001 -1.29787506e+000 -1.29787512e+000  -1.29787528e+000 5.96078324e-001 5.96073638e-001  5.96061924e-001
 -5.62047770e-001 -5.62044371e-001  -5.62035875e-001 -3.75450290e-001 -3.75455966e-001  -3.75470157e-001 -1.87793483e+000 -1.87793462e+000  -1.87793409e+000 1.75992030e+000 1.75992042e+000  1.75992073e+000 -3.61548302e+000 -3.61548393e+000  -3.61548620e+000
 2.20396923e-001 2.20399962e-001  2.20407557e-001 -1.25054707e-001 -1.25053828e-001  -1.25051629e-001 -2.15575828e-002 -2.15575268e-002  -2.15573869e-002 -2.72220737e-003 -2.72228102e-003  -2.72246512e-003 -2.94040013e-003 -2.94047719e-003  -2.94066983e-003
 -2.70311037e-004 -2.70351288e-004  -2.70451913e-004
 -2.14364830e-001 -2.14364766e-001  -2.14364606e-001 2.60593640e-001 2.60593773e-001  2.60594105e-001 1.20834242e+000 1.20834243e+000  1.20834248e+000 3.09134580e+000 3.09134582e+000  3.09134587e+000 -1.96385988e+000 -1.96385985e+000  -1.96385976e+000
 -8.45237910e-001 -8.45237980e-001  -8.45238155e-001 4.33636903e-001 4.33637224e-001  4.33638027e-001 -2.57899084e-001 -2.57899256e-001  -2.57899688e-001 5.98426642e+000 5.98426643e+000  5.98426646e+000 1.74415593e+000 1.74415584e+000  1.74415562e+000
 8.06759460e-001 8.06759398e-001  8.06759245e-001 1.42765307e-001 1.42765246e-001  1.42765094e-001 5.01905176e-003 5.01904810e-003  5.01903898e-003 -5.68487415e-003 -5.68486974e-003  -5.68485871e-003 -2.60985228e-003 -2.60984777e-003  -2.60983648e-003
 -1.05179441e-004 -1.05177094e-004  -1.05171225e-004
 1.28281065e+000 1.28281034e+000  1.28280956e+000 -4.18834922e+000 -4.18834924e+000  -4.18834930e+000 -2.60481679e+000 -2.60481679e+000  -2.60481680e+000 -1.88141515e+000 -1.88141516e+000  -1.88141517e+000 -1.21401042e+000 -1.21401088e+000  -1.21401205e+000
 1.30222263e+000 1.30222358e+000  1.30222595e+000 2.68734892e+000 2.68734845e+000  2.68734729e+000 -5.76436819e-001 -5.76436461e-001  -5.76435566e-001 -3.04401030e+000 -3.04401078e+000  -3.04401196e+000 -1.14326010e+000 -1.14325978e+000  -1.14325897e+000
 -8.15523046e-001 -8.15522266e-001  -8.15520315e-001 -1.63641509e-001 -1.63641348e-001  -1.63640946e-001 -1.24224300e-001 -1.24224290e-001  -1.24224264e-001 -6.77871810e-002 -6.77871953e-002  -6.77872310e-002 -2.42844727e-002 -2.42844881e-002  -2.42845267e-002
 -1.46759236e-003 -1.46760040e-003  -1.46762048e-003
 4.02535916e-001 4.02547363e-001  4.02759446e-001 1.71232725e+000 1.71231596e+000  1.71249167e+000 2.34374271e+000 2.34379590e+000  2.34394726e+000 5.82869047e-001 5.82864229e-001  5.82868710e-001 2.87939104e+000 2.87944978e+000  2.87960056e+000
 6.35818648e-001 6.35733638e-001  6.35481815e-001 -2.96747128e+000 -2.96749284e+000  -2.96735720e+000 1.42568320e+000 1.42556792e+000  1.42521852e+000 -8.81986569e-001 -8.81984891e-001  -8.81973180e-001 -3.47065751e-001 -3.47027367e-001  -3.47087964e-001
 2.37714114e-001 2.37709145e-001  2.37585551e-001 3.76168694e-002 3.76107184e-002  3.75641398e-002 -3.35312692e-002 -3.35315332e-002  -3.35340694e-002 -2.86785010e-002 -2.86780889e-002  -2.86746319e-002 -1.55230837e-002 -1.55226068e-002  -1.55188597e-002
 -1.57931549e-003 -1.57905910e-003  -1.57708166e-003
 -4.09481691e+000 -4.09480775e+000 -4.09487881e+000
 -5.31741196e+000 -5.31745165e+000 -5.31767499e+000
 -4.70497804e+000 -4.70499161e+000 -4.70502954e+000
 -4.95842661e+000 -4.95842561e+000 -4.95842649e+000
 -3.34097285e+000 -3.34098079e+000 -3.34117906e+000
 4.65237769e+000 4.65237182e+000 4.65218644e+000
 -5.12977405e+000 -5.12976248e+000 -5.12978559e+000
 5.28579504e+000 5.28574876e+000 5.28562062e+000
 -2.81959012e+000 -2.81961757e+000 -2.81986310e+000
 3.48787143e+000 3.48789884e+000 3.48787920e+000
 2.99107622e+000 2.99104594e+000 2.99084317e+000
 7.78517789e-001 7.78507089e-001 7.78419969e-001
 5.55285672e-002 5.55245868e-002 5.54695082e-002
 -6.05248906e-002 -6.05319206e-002 -6.06098962e-002
 -5.81451416e-002 -5.81559413e-002 -5.82595448e-002
 -2.97551251e-002 -2.97687857e-002 -2.98917299e-002
