  5.1066e+000 -9.8535e+000  1.7427e+001 -7.6150e+000 -9.4016e+000
 -3.4355e+001 -1.4079e+001 -6.1522e+000 -3.7282e+000 -6.4459e+000
 -1.5843e+001 -2.2065e+001 -1.8335e+001 -1.8310e+001 -7.9610e-001
 -1.1370e+000
 -1.0031e+000
 2.39621848e+001 2.39621848e+001  2.39621848e+001 1.56127410e+001 1.56045347e+001  1.55956847e+001 9.34380035e+000 9.34378833e+000  9.34375871e+000 -4.55734427e+000 -4.55734066e+000  -4.55733631e+000 -1.63260244e+001 -1.63263049e+001  -1.63269887e+001
 1.40315275e+001 1.40323609e+001  1.40341110e+001 1.60610753e+001 1.60610753e+001  1.60610753e+001 7.57873763e+000 7.58105501e+000  7.58322385e+000 4.30621087e+000 4.30621088e+000  4.30621091e+000 9.32960426e+000 9.32960428e+000  9.32960433e+000
 1.60912702e+000 1.60912704e+000  1.60912705e+000 -1.01442190e+001 -1.01442190e+001  -1.01442190e+001 -1.03095558e-001 -1.03096064e-001  -1.03097106e-001 -2.21545276e+000 -2.21545245e+000  -2.21545170e+000 -5.41026203e+000 -5.41026202e+000  -5.41026200e+000
 5.94358666e-001 5.95741654e-001  5.97413065e-001
 -2.11561210e+001 -2.11561210e+001  -2.11561210e+001 -1.67787321e+001 -1.67787321e+001  -1.67787321e+001 4.00103599e+001 4.00103599e+001  4.00103599e+001 4.98413032e+000 4.98413032e+000  4.98413032e+000 -2.96958341e+001 -2.96958341e+001  -2.96958341e+001
 -7.53770859e+000 -7.53770859e+000  -7.53770859e+000 7.31642051e+000 7.31642051e+000  7.31642051e+000 2.84335494e+001 2.84335494e+001  2.84335494e+001 -7.83292287e+000 -7.83292287e+000  -7.83292287e+000 -7.71217231e+000 -7.71217231e+000  -7.71217231e+000
 -9.00363946e+000 -9.00363946e+000  -9.00363946e+000 -5.31898518e+000 -5.31898518e+000  -5.31898518e+000 -7.58850299e+000 -7.58850299e+000  -7.58850299e+000 -6.42677370e+000 -6.42677370e+000  -6.42677370e+000 3.94036223e+000 3.94036223e+000  3.94036223e+000
 -6.93126859e-001 -6.93126859e-001  -6.93126859e-001
 1.11797167e+001 1.11797167e+001  1.11797167e+001 -1.78770814e+001 -1.78770814e+001  -1.78770814e+001 -1.97053482e+001 -1.97053482e+001  -1.97053482e+001 2.04922932e+000 2.04922932e+000  2.04922932e+000 3.47751509e+001 3.47751509e+001  3.47751509e+001
 -1.81548320e+001 -1.81548320e+001  -1.81548320e+001 7.08749651e+000 7.08749651e+000  7.08749651e+000 -1.23735771e+001 -1.23735771e+001  -1.23735771e+001 -4.68512955e+000 -4.68512955e+000  -4.68512955e+000 -1.13381050e+001 -1.13381050e+001  -1.13381050e+001
 1.42222884e+001 1.42222884e+001  1.42222884e+001 -1.10867017e+001 -1.10867017e+001  -1.10867017e+001 -3.04999932e+000 -3.04999932e+000  -3.04999932e+000 -8.56967398e+000 -8.56967398e+000  -8.56967398e+000 -4.19113689e-001 -4.19113689e-001  -4.19113689e-001
 -7.93431980e-002 -7.93431980e-002  -7.93431980e-002
 5.85763687e+000 5.85763687e+000  5.85763687e+000 1.01399606e+001 1.01399606e+001  1.01399606e+001 2.30896341e+001 2.30896341e+001  2.30896341e+001 -4.23507410e+000 -4.23507410e+000  -4.23507410e+000 3.87113588e+001 3.87113588e+001  3.87113588e+001
 -9.49323134e+000 -9.49323134e+000  -9.49323134e+000 -3.57025843e+001 -3.57025843e+001  -3.57025843e+001 -3.01290858e+000 -3.01290858e+000  -3.01290858e+000 2.04522416e+001 2.04522416e+001  2.04522416e+001 -1.00717447e+001 -1.00717447e+001  -1.00717447e+001
 -9.51451785e+000 -9.51451785e+000  -9.51451785e+000 -5.22277001e+000 -5.22277001e+000  -5.22277001e+000 -8.51848258e-001 -8.51848258e-001  -8.51848258e-001 5.38777563e+000 5.38777563e+000  5.38777563e+000 -3.16358170e+000 -3.16358170e+000  -3.16358170e+000
 2.70513751e-001 2.70513751e-001  2.70513751e-001
 1.24269964e+001 1.24269964e+001  1.24269964e+001 9.87072756e+000 9.87072756e+000  9.87072756e+000 -3.93211035e+001 -3.93211035e+001  -3.93211035e+001 -5.15711987e+000 -5.15711987e+000  -5.15711987e+000 4.44711475e+001 4.44711475e+001  4.44711475e+001
 -9.22596629e+000 -9.22596629e+000  -9.22596629e+000 1.66648942e+001 1.66648942e+001  1.66648942e+001 -5.19503755e-001 -5.19503755e-001  -5.19503755e-001 -3.82744883e+000 -3.82744883e+000  -3.82744883e+000 -1.12203666e+001 -1.12203666e+001  -1.12203666e+001
 7.81782192e+000 7.81782192e+000  7.81782192e+000 1.17446326e+001 1.17446326e+001  1.17446326e+001 8.36203535e-001 8.36203535e-001  8.36203535e-001 -1.99750316e+000 -1.99750316e+000  -1.99750316e+000 -2.90420489e+000 -2.90420489e+000  -2.90420489e+000
 -5.73922579e-001 -5.73922579e-001  -5.73922579e-001
 -1.88154511e+001 -1.88154511e+001  -1.88154511e+001 -1.62066823e+001 -1.62066823e+001  -1.62066823e+001 -2.58317303e+001 -2.58317303e+001  -2.58317303e+001 -5.28737788e+000 -5.28737788e+000  -5.28737788e+000 -5.27358990e+001 -5.27358990e+001  -5.27358990e+001
 -8.10237967e+000 -8.10237967e+000  -8.10237967e+000 1.59610708e+001 1.59610708e+001  1.59610708e+001 -1.46200003e+001 -1.46200003e+001  -1.46200003e+001 -1.24940317e+000 -1.24940317e+000  -1.24940317e+000 2.24980957e+001 2.24980957e+001  2.24980957e+001
 -1.59129502e+001 -1.59129502e+001  -1.59129502e+001 -3.26646210e+000 -3.26646210e+000  -3.26646211e+000 -8.11987485e+000 -8.11987485e+000  -8.11987485e+000 -6.13453851e+000 -6.13453851e+000  -6.13453851e+000 -4.43861621e-001 -4.43861622e-001  -4.43861623e-001
 -1.41210214e+000 -1.41210217e+000  -1.41210224e+000
 -8.26451940e+000 -8.26451940e+000  -8.26451940e+000 2.12861078e+000 2.12861078e+000  2.12861078e+000 2.25901036e+001 2.25901036e+001  2.25901036e+001 -9.67701063e-001 -9.67701063e-001  -9.67701063e-001 -3.05384707e+001 -3.05384707e+001  -3.05384707e+001
 -6.68088877e+000 -6.68088877e+000  -6.68088877e+000 -3.32585762e+001 -3.32585762e+001  -3.32585762e+001 -1.01586173e+001 -1.01586173e+001  -1.01586173e+001 -1.28401764e+001 -1.28401764e+001  -1.28401764e+001 -1.06941759e+000 -1.06941759e+000  -1.06941759e+000
 -7.64841254e+000 -7.64841254e+000  -7.64841254e+000 -3.86435213e+000 -3.86435213e+000  -3.86435213e+000 -3.88586198e+000 -3.88586198e+000  -3.88586198e+000 9.42210926e-001 9.42210926e-001  9.42210926e-001 7.11515964e+000 7.11515964e+000  7.11515964e+000
 -4.63014690e-004 -4.63014690e-004  -4.63014690e-004
 3.96231186e+000 3.96231186e+000  3.96231186e+000 -1.66116888e+001 -1.66116888e+001  -1.66116888e+001 -3.81872154e+001 -3.81872154e+001  -3.81872154e+001 5.35686875e+000 5.35686875e+000  5.35686875e+000 2.63182085e+001 2.63182085e+001  2.63182085e+001
 1.95254128e+000 1.95254128e+000  1.95254128e+000 1.96274281e+001 1.96274281e+001  1.96274281e+001 3.77814253e+000 3.77814253e+000  3.77814253e+000 6.65446203e+000 6.65446203e+000  6.65446203e+000 -6.25247662e+000 -6.25247662e+000  -6.25247662e+000
 -2.41704310e+000 -2.41704310e+000  -2.41704310e+000 -1.82686021e+000 -1.82686021e+000  -1.82686021e+000 -3.88864188e+000 -3.88864188e+000  -3.88864188e+000 -6.07186155e+000 -6.07186155e+000  -6.07186155e+000 -2.15313914e-001 -2.15313914e-001  -2.15313914e-001
 -4.90864955e-001 -4.90864955e-001  -4.90864955e-001
 -9.38214385e+001 -9.38214385e+001  -9.38214385e+001 -1.01917284e+002 -1.01917327e+002  -1.01917374e+002 -5.24605347e+001 -5.24605347e+001  -5.24605349e+001 2.17163145e+000 2.17163147e+000  2.17163150e+000 4.95950632e+001 4.95950617e+001  4.95950581e+001
 2.10529533e+001 2.10529578e+001  2.10529670e+001 -2.68066930e+001 -2.68066930e+001  -2.68066930e+001 -7.85667370e+001 -7.85667247e+001  -7.85667133e+001 -6.15426143e+000 -6.15426143e+000  -6.15426143e+000 -2.76626310e+001 -2.76626310e+001  -2.76626310e+001
 1.83950006e+001 1.83950006e+001  1.83950006e+001 1.70319587e+000 1.70319587e+000  1.70319586e+000 -2.71494103e+000 -2.71494103e+000  -2.71494104e+000 1.03179667e+001 1.03179667e+001  1.03179667e+001 4.04478353e+000 4.04478353e+000  4.04478353e+000
 1.14994237e+000 1.14994967e+000  1.14995848e+000
 2.46083988e+000 2.46083988e+000  2.46083988e+000 1.46522431e+001 1.46492232e+001  1.46459808e+001 8.96861951e+000 8.96861410e+000  8.96860071e+000 2.78078262e+000 2.78078398e+000  2.78078567e+000 -7.12311155e+001 -7.12312354e+001  -7.12315288e+001
 -5.57608653e+001 -5.57605360e+001  -5.57598358e+001 -3.74896796e+001 -3.74896796e+001  -3.74896796e+001 3.88026949e+001 3.88035466e+001  3.88043375e+001 5.39354287e+000 5.39354288e+000  5.39354289e+000 -1.09553874e+001 -1.09553874e+001  -1.09553873e+001
 1.16226599e+001 1.16226599e+001  1.16226599e+001 1.79573763e+000 1.79573763e+000  1.79573763e+000 2.86542194e+001 2.86542192e+001  2.86542188e+001 3.80681274e+001 3.80681275e+001  3.80681278e+001 -1.53629516e-001 -1.53629512e-001  -1.53629506e-001
 -1.29778867e+000 -1.29726889e+000  -1.29662890e+000
 2.99725452e-001 2.99725452e-001  2.99725452e-001 -3.17220052e+000 -3.17773033e+000  -3.18363577e+000 -2.62215291e+001 -2.62215358e+001  -2.62215523e+001 1.16842467e+000 1.16842707e+000  1.16842989e+000 4.72064930e+001 4.72063125e+001  4.72058729e+001
 4.32451827e+001 4.32457327e+001  4.32468814e+001 5.13627967e+001 5.13627967e+001  5.13627967e+001 -1.04527807e+001 -1.04512149e+001  -1.04497609e+001 -9.18745963e+000 -9.18745962e+000  -9.18745960e+000 8.13274444e+000 8.13274446e+000  8.13274449e+000
 1.83839399e+000 1.83839400e+000  1.83839401e+000 1.68961578e+001 1.68961578e+001  1.68961578e+001 -1.58721790e+000 -1.58721821e+000  -1.58721882e+000 -4.26648806e+000 -4.26648789e+000  -4.26648747e+000 -5.26020925e+000 -5.26020924e+000  -5.26020923e+000
 -6.59521803e-001 -6.58601776e-001  -6.57514139e-001
 6.12139353e-001 6.12139353e-001  6.12139353e-001 -4.32964878e+000 -4.33426066e+000  -4.33916777e+000 -1.66579755e+001 -1.66579807e+001  -1.66579933e+001 -1.23488775e+000 -1.23488577e+000  -1.23488344e+000 5.61915821e+001 5.61914342e+001  5.61910742e+001
 5.32055887e+001 5.32060438e+001  5.32069923e+001 6.73135984e+001 6.73135984e+001  6.73135984e+001 -1.69931139e+001 -1.69918067e+001  -1.69905964e+001 -5.22901622e+000 -5.22901621e+000  -5.22901620e+000 -1.64521942e+000 -1.64521940e+000  -1.64521938e+000
 3.65433701e+000 3.65433702e+000  3.65433702e+000 2.09719535e+001 2.09719535e+001  2.09719535e+001 -4.50366066e+000 -4.50366090e+000  -4.50366138e+000 -1.09544976e+001 -1.09544974e+001  -1.09544971e+001 -3.80272651e+000 -3.80272650e+000  -3.80272649e+000
 -1.05629686e+000 -1.05553325e+000  -1.05463814e+000
 -2.97026969e-001 -2.97026969e-001  -2.97026969e-001 -2.12007648e+001 -2.12007648e+001  -2.12007648e+001 1.10470874e+001 1.10470874e+001  1.10470874e+001 -6.32294369e+000 -6.32294369e+000  -6.32294369e+000 -5.41186476e-001 -5.41186476e-001  -5.41186476e-001
 -6.49854353e+000 -6.49854353e+000  -6.49854353e+000 1.01476991e+001 1.01476991e+001  1.01476991e+001 -2.42379873e+001 -2.42379873e+001  -2.42379873e+001 3.05621321e+000 3.05621321e+000  3.05621321e+000 -1.64015156e+001 -1.64015156e+001  -1.64015156e+001
 -8.31143209e+000 -8.31143209e+000  -8.31143209e+000 4.21232668e+000 4.21232668e+000  4.21232668e+000 -9.29595643e+000 -9.29595643e+000  -9.29595643e+000 -1.33357493e+001 -1.33357493e+001  -1.33357493e+001 2.66801566e+000 2.66801566e+000  2.66801566e+000
 -9.06837099e-001 -9.06837099e-001  -9.06837099e-001
 1.92406649e+000 1.92406649e+000  1.92406649e+000 1.88468374e+001 1.88468374e+001  1.88468374e+001 2.72093791e+001 2.72093791e+001  2.72093791e+001 -1.00607079e+001 -1.00607079e+001  -1.00607079e+001 -3.50402717e+000 -3.50402717e+000  -3.50402717e+000
 -1.17279121e+001 -1.17279121e+001  -1.17279121e+001 2.63344474e+000 2.63344474e+000  2.63344474e+000 1.86544295e+001 1.86544295e+001  1.86544295e+001 7.77817910e+000 7.77817910e+000  7.77817910e+000 -1.45066420e+001 -1.45066420e+001  -1.45066420e+001
 5.52944361e+000 5.52944361e+000  5.52944361e+000 -1.89406781e+001 -1.89406781e+001  -1.89406781e+001 -8.67880452e+000 -8.67880452e+000  -8.67880452e+000 -1.03927030e+001 -1.03927030e+001  -1.03927030e+001 1.84939352e+000 1.84939352e+000  1.84939352e+000
 -7.49413505e-001 -7.49413505e-001  -7.49413505e-001
 2.15222194e+000 2.15222194e+000  2.15222194e+000 -5.35829894e+000 -5.35829894e+000  -5.35829894e+000 -1.36287928e+001 -1.36287928e+001  -1.36287928e+001 1.93753453e+000 1.93753453e+000  1.93753453e+000 -3.01899085e+000 -3.01899085e+000  -3.01899085e+000
 -1.30338272e+001 -1.30338272e+001  -1.30338272e+001 -8.52541368e+000 -8.52541368e+000  -8.52541368e+000 2.20809766e-001 2.20809766e-001  2.20809766e-001 -8.23960858e+000 -8.23960858e+000  -8.23960858e+000 1.06138159e+001 1.06138159e+001  1.06138159e+001
 -7.89230721e+000 -7.89230721e+000  -7.89230721e+000 -5.61475752e+000 -5.61475752e+000  -5.61475752e+000 -3.35627404e+000 -3.35627404e+000  -3.35627404e+000 2.36234484e+000 2.36234484e+000  2.36234484e+000 -3.23460953e+000 -3.23460953e+000  -3.23460953e+000
 2.59216011e-001 2.59216011e-001  2.59216011e-001
 1.57711543e+000 1.57711543e+000  1.57711543e+000 -5.18016688e+000 -5.18837317e+000  -5.19722312e+000 -1.41817659e+001 -1.41817779e+001  -1.41818075e+001 1.59718061e+000 1.59718422e+000  1.59718857e+000 -3.89991640e+000 -3.90019691e+000  -3.90088073e+000
 -1.34766170e+001 -1.34757835e+001  -1.34740334e+001 -9.64722493e+000 -9.64722493e+000  -9.64722493e+000 6.90428012e-001 6.92745395e-001  6.94914233e-001 -8.27141210e+000 -8.27141208e+000  -8.27141205e+000 1.07102355e+001 1.07102355e+001  1.07102355e+001
 -7.75598706e+000 -7.75598705e+000  -7.75598703e+000 -6.81574855e+000 -6.81574855e+000  -6.81574855e+000 -1.43194444e+000 -1.43194495e+000  -1.43194599e+000 2.35215195e+000 2.35215226e+000  2.35215300e+000 -2.56830169e+000 -2.56830167e+000  -2.56830166e+000
 -4.97050783e-001 -4.95667823e-001  -4.93996482e-001
 1.55007738e+000 1.56789008e+000 1.58883906e+000
 -2.33479253e+000 -2.32217230e+000 -2.30694803e+000
 -2.00821929e+000 -2.00821327e+000 -2.00819843e+000
 2.50681234e+000 2.50681378e+000 2.50681551e+000
 -2.93001408e+000 -2.91390979e+000 -2.89722583e+000
 2.80558000e+000 2.82133233e+000 2.83724919e+000
 -2.11269350e+000 -2.09488253e+000 -2.07393787e+000
 6.87391062e-001 6.94477671e-001 7.04396985e-001
 1.64359588e+000 1.64359589e+000 1.64359591e+000
 1.26799655e+000 1.28580750e+000 1.30675212e+000
 1.18365586e+000 1.18365588e+000 1.18365589e+000
 8.41215144e-001 8.41215146e-001 8.41215143e-001
 -3.88814960e+000 -3.88814947e+000 -3.88814921e+000
 5.91319249e-001 5.91319770e-001 5.91321027e-001
 1.15421113e+000 1.15421114e+000 1.15421115e+000
 1.13127674e+000 1.13259177e+000 1.13417991e+000
