  2.8565e-001  4.3710e-001 -2.7029e-001  1.5387e+000 -1.7208e+000
 -5.5546e-001  3.4382e+000  2.3052e+000  1.0033e-001 -1.4108e-001
  3.0210e-002  2.6279e-002 -7.6848e-002 -5.7344e-002 -2.8601e-002
 -1.5821e-003
  2.1561e-001
 2.19336348e-001 2.19337730e-001  2.19341344e-001 -6.10239002e+000 -6.10239012e+000  -6.10239035e+000 -4.37904058e+000 -4.37903291e+000  -4.37901372e+000 1.08604415e+000 1.08604707e+000  1.08605462e+000 -8.77173687e+000 -8.77173288e+000  -8.77172259e+000
 1.39424163e+000 1.39422864e+000  1.39419340e+000 8.53893612e-001 8.53901817e-001  8.53923754e-001 -2.78862500e+000 -2.78863863e+000  -2.78867507e+000 6.45670723e-001 6.45672498e-001  6.45678690e-001 -2.27503607e-002 -2.27501102e-002  -2.27491532e-002
 -2.67180766e-001 -2.67184463e-001  -2.67196590e-001 -2.46236466e-001 -2.46240036e-001  -2.46251744e-001 -1.14041778e-001 -1.14042504e-001  -1.14044922e-001 -3.43781444e-002 -3.43779781e-002  -3.43774144e-002 -1.71439363e-002 -1.71437874e-002  -1.71432880e-002
 -1.22517103e-003 -1.22517956e-003  -1.22520864e-003
 3.17953919e+000 3.17953988e+000  3.17954198e+000 3.16007126e+000 3.16007075e+000  3.16006959e+000 1.15237566e+000 1.15238011e+000  1.15239126e+000 -3.37967489e+000 -3.37967366e+000  -3.37966992e+000 2.44685111e+000 2.44685326e+000  2.44685939e+000
 6.64505057e+000 6.64504569e+000  6.64502675e+000 -7.32808911e+000 -7.32808614e+000  -7.32807525e+000 -2.58427072e+000 -2.58427417e+000  -2.58428853e+000 -1.15342518e+000 -1.15342565e+000  -1.15342258e+000 4.91097149e-003 4.91076002e-003  4.91103282e-003
 -6.21874333e-001 -6.21873678e-001  -6.21879029e-001 -6.03100315e-001 -6.03099665e-001  -6.03104783e-001 -1.72694131e-001 -1.72693936e-001  -1.72694912e-001 -1.73720348e-002 -1.73720930e-002  -1.73718799e-002 -8.61291899e-003 -8.61296536e-003  -8.61277312e-003
 -9.74097126e-004 -9.74093813e-004  -9.74104331e-004
 -1.61484657e+000 -1.61484657e+000  -1.61484657e+000 1.28927666e-002 1.28927666e-002  1.28927667e-002 -1.86846459e+000 -1.86846459e+000  -1.86846459e+000 1.96513242e+000 1.96513242e+000  1.96513242e+000 -4.57207498e+000 -4.57207498e+000  -4.57207498e+000
 -2.17243423e+000 -2.17243423e+000  -2.17243423e+000 1.13791826e+000 1.13791826e+000  1.13791826e+000 1.68390756e-001 1.68390756e-001  1.68390755e-001 9.35229907e-001 9.35229907e-001  9.35229907e-001 -1.05745222e-002 -1.05745222e-002  -1.05745221e-002
 1.10223503e-001 1.10223503e-001  1.10223503e-001 1.10076476e-001 1.10076476e-001  1.10076476e-001 2.34416734e-002 2.34416734e-002  2.34416734e-002 -3.85511630e-003 -3.85511629e-003  -3.85511628e-003 -2.01642694e-003 -2.01642693e-003  -2.01642692e-003
 -5.47608938e-005 -5.47608940e-005  -5.47608943e-005
 -2.82958346e+000 -2.82958346e+000  -2.82958346e+000 -1.57679567e+000 -1.57679567e+000  -1.57679567e+000 -3.00396548e-001 -3.00396548e-001  -3.00396548e-001 -8.62803832e-001 -8.62803832e-001  -8.62803832e-001 1.74704875e+000 1.74704875e+000  1.74704875e+000
 -2.78607553e-001 -2.78607553e-001  -2.78607553e-001 -8.25443951e-001 -8.25443951e-001  -8.25443951e-001 5.62355982e-002 5.62355982e-002  5.62355982e-002 2.12523072e-001 2.12523072e-001  2.12523072e-001 -8.98602173e-003 -8.98602173e-003  -8.98602173e-003
 2.23638091e-002 2.23638091e-002  2.23638091e-002 1.99136948e-002 1.99136948e-002  1.99136948e-002 5.12322388e-003 5.12322388e-003  5.12322388e-003 -1.35727413e-003 -1.35727413e-003  -1.35727413e-003 -5.90191535e-004 -5.90191535e-004  -5.90191535e-004
 -1.56247455e-005 -1.56247455e-005  -1.56247455e-005
 2.28190268e-001 2.28199794e-001  2.28223609e-001 -3.20510931e-001 -3.20513369e-001  -3.20519466e-001 -2.04050607e+000 -2.04045392e+000  -2.04032353e+000 1.79805554e+000 1.79807564e+000  1.79812588e+000 -5.14466879e+000 -5.14464109e+000  -5.14457184e+000
 -2.34270123e+000 -2.34279458e+000  -2.34302796e+000 9.63706737e-001 9.63763054e-001  9.63903847e-001 -1.13273906e+000 -1.13282690e+000  -1.13304652e+000 -9.70995432e-001 -9.70979541e-001  -9.70939813e-001 -2.61028544e-001 -2.61026391e-001  -2.61021010e-001
 5.74946646e-002 5.74644553e-002  5.73889319e-002 7.68615617e-002 7.68324712e-002  7.67597450e-002 -7.37434236e-002 -7.37493053e-002  -7.37640097e-002 -8.99110341e-002 -8.99096850e-002  -8.99063123e-002 -4.46461414e-002 -4.46449408e-002  -4.46419391e-002
 -2.53403085e-003 -2.53409978e-003  -2.53427212e-003
 2.91411106e-001 2.91410402e-001  2.91410433e-001 1.08307280e+000 1.08307264e+000  1.08307269e+000 1.28640296e+000 1.28640290e+000  1.28640291e+000 -1.32351602e-001 -1.32352840e-001  -1.32352832e-001 3.39039813e+000 3.39039669e+000  3.39039669e+000
 1.05624772e+000 1.05626046e+000  1.05626045e+000 3.32977776e+000 3.32977126e+000  3.32977126e+000 2.80826610e+000 2.80827689e+000  2.80827687e+000 6.07505559e-001 6.07497551e-001  6.07497556e-001 3.86228247e-002 3.86213147e-002  3.86213176e-002
 -2.25960145e-001 -2.25946970e-001  -2.25946979e-001 -2.35138820e-001 -2.35126110e-001  -2.35126119e-001 -7.90386602e-002 -7.90359030e-002  -7.90359065e-002 4.42673394e-003 4.42605805e-003  4.42605896e-003 1.85791433e-003 1.85733365e-003  1.85733440e-003
 -6.47774449e-005 -6.47420149e-005  -6.47420618e-005
 -2.97580700e-001 -2.97580700e-001  -2.97580700e-001 -4.08537106e-001 -4.08537106e-001  -4.08537106e-001 6.53727352e-001 6.53727352e-001  6.53727352e-001 -1.34055713e-001 -1.34055713e-001  -1.34055713e-001 -1.46400254e-001 -1.46400254e-001  -1.46400254e-001
 -1.22021211e-001 -1.22021211e-001  -1.22021211e-001 9.15632414e-001 9.15632414e-001  9.15632414e-001 1.26528485e+000 1.26528485e+000  1.26528485e+000 2.90961952e-001 2.90961952e-001  2.90961952e-001 -6.56176565e-003 -6.56176565e-003  -6.56176565e-003
 1.64574374e-001 1.64574374e-001  1.64574374e-001 1.57211613e-001 1.57211613e-001  1.57211613e-001 3.22866156e-002 3.22866156e-002  3.22866156e-002 -3.42626248e-003 -3.42626248e-003  -3.42626248e-003 -1.48185413e-003 -1.48185413e-003  -1.48185413e-003
 -3.80078072e-005 -3.80078072e-005  -3.80078072e-005
 -2.48985424e+000 -2.48984395e+000  -2.48981642e+000 3.15133981e+000 3.15133934e+000  3.15133861e+000 1.15713576e+000 1.15718793e+000  1.15731853e+000 5.97370000e-001 5.97389513e-001  5.97441398e-001 2.55524742e+000 2.55527439e+000  2.55534542e+000
 -1.69488861e-001 -1.69573337e-001  -1.69816356e-001 6.36534311e-001 6.36584197e-001  6.36725172e-001 1.24539240e+000 1.24531120e+000  1.24508121e+000 1.32467531e+000 1.32468403e+000  1.32472586e+000 -2.42488264e-001 -2.42487423e-001  -2.42481545e-001
 1.03411669e-001 1.03393068e-001  1.03313618e-001 1.06376849e-001 1.06358951e-001  1.06282424e-001 -9.07491378e-002 -9.07526260e-002  -9.07682428e-002 -9.05915412e-002 -9.05907860e-002  -9.05872073e-002 -4.52843136e-002 -4.52836242e-002  -4.52804481e-002
 -2.40527001e-003 -2.40530770e-003  -2.40549055e-003
 2.29055514e+000 2.29055367e+000  2.29054999e+000 -3.39279438e+000 -3.39279651e+000  -3.39280183e+000 -2.76966076e-001 -2.76966156e-001  -2.76966356e-001 1.74594080e+000 1.74594015e+000  1.74593852e+000 -3.19118468e+000 -3.19118539e+000  -3.19118717e+000
 -1.36886430e+000 -1.36886044e+000  -1.36885080e+000 3.47431421e+000 3.47431414e+000  3.47431396e+000 8.77832624e-001 8.77836766e-001  8.77847122e-001 -6.84029852e-001 -6.84030688e-001  -6.84032779e-001 4.33562712e-002 4.33560736e-002  4.33555797e-002
 -2.00486012e-001 -2.00484444e-001  -2.00480527e-001 -1.96474987e-001 -1.96473470e-001  -1.96469677e-001 -5.68882261e-002 -5.68878625e-002  -5.68869535e-002 4.96335054e-003 4.96326852e-003  4.96306348e-003 2.40845333e-003 2.40838387e-003  2.40821023e-003
 -2.11931100e-004 -2.11926910e-004  -2.11916436e-004
 7.92296233e-001 7.92296233e-001  7.92296233e-001 1.02463520e+000 1.02463520e+000  1.02463520e+000 -4.93210160e-001 -4.93210160e-001  -4.93210160e-001 -2.66147884e-001 -2.66147884e-001  -2.66147884e-001 -6.61039550e-001 -6.61039550e-001  -6.61039550e-001
 7.91751962e-001 7.91751962e-001  7.91751962e-001 1.81832132e+000 1.81832132e+000  1.81832132e+000 8.17586869e-001 8.17586869e-001  8.17586869e-001 -7.13173383e-001 -7.13173383e-001  -7.13173383e-001 -2.98354922e-002 -2.98354922e-002  -2.98354922e-002
 9.31832355e-002 9.31832355e-002  9.31832355e-002 8.90324928e-002 8.90324928e-002  8.90324928e-002 2.71418957e-002 2.71418957e-002  2.71418957e-002 -3.28237197e-003 -3.28237197e-003  -3.28237197e-003 -1.39422098e-003 -1.39422098e-003  -1.39422098e-003
 -1.96149952e-005 -1.96149952e-005  -1.96149952e-005
 -1.15113628e+000 -1.15113545e+000  -1.15113337e+000 8.24063350e-001 8.24063297e-001  8.24063165e-001 2.02477591e+000 2.02477990e+000  2.02478987e+000 -6.02497599e-001 -6.02496216e-001  -6.02492760e-001 -6.68417028e-001 -6.68415048e-001  -6.68410099e-001
 1.38065801e+000 1.38065048e+000  1.38063165e+000 4.95404612e+000 4.95405093e+000  4.95406295e+000 7.29617322e-001 7.29609042e-001  7.29588341e-001 2.12466014e+000 2.12466137e+000  2.12466442e+000 -2.29650663e-002 -2.29648436e-002  -2.29642867e-002
 -1.67650248e-002 -1.67677163e-002  -1.67744449e-002 -2.06176072e-002 -2.06202087e-002  -2.06267124e-002 8.05639721e-003 8.05585416e-003  8.05449652e-003 -3.00774216e-003 -3.00761473e-003  -3.00729616e-003 -1.48559717e-003 -1.48548457e-003  -1.48520306e-003
 -1.27070414e-004 -1.27077041e-004  -1.27093607e-004
 4.92576678e-001 4.92575600e-001  4.92572932e-001 -2.55588182e+000 -2.55588396e+000  -2.55588931e+000 2.92189069e-001 2.92188768e-001  2.92188019e-001 -3.35933969e+000 -3.35934052e+000  -3.35934256e+000 6.23368011e+000 6.23367956e+000  6.23367827e+000
 7.80451767e+000 7.80452201e+000  7.80453240e+000 -1.71987268e+000 -1.71987460e+000  -1.71987916e+000 -8.86991838e-001 -8.86983201e-001  -8.86962016e-001 1.62715942e+000 1.62715826e+000  1.62715569e+000 -3.76456228e-002 -3.76460018e-002  -3.76468923e-002
 6.52057081e-003 6.52326105e-003  6.52948935e-003 3.72408572e-002 3.72434930e-002  3.72496027e-002 2.19045801e-002 2.19052196e-002  2.19067140e-002 -7.07958032e-003 -7.07973883e-003  -7.08010958e-003 -3.47700373e-003 -3.47713924e-003  -3.47745611e-003
 -1.39822871e-004 -1.39814364e-004  -1.39794434e-004
 -2.80505632e+000 -2.80505133e+000  -2.80503802e+000 -8.03440996e+000 -8.03441095e+000  -8.03441320e+000 -8.17255591e+000 -8.17252836e+000  -8.17245942e+000 -4.49754048e+000 -4.49753040e+000  -4.49750373e+000 3.54793818e+000 3.54795262e+000  3.54799042e+000
 5.16723086e+000 5.16718677e+000  5.16706157e+000 -3.91162609e+000 -3.91159948e+000  -3.91152530e+000 2.08393383e+000 2.08389186e+000  2.08377422e+000 1.51249879e+000 1.51250381e+000  1.51252581e+000 -1.07326058e-001 -1.07325606e-001  -1.07322697e-001
 -3.42142502e-001 -3.42152542e-001  -3.42193160e-001 -3.26967145e-001 -3.26976801e-001  -3.27015908e-001 -1.45243426e-001 -1.45245294e-001  -1.45253211e-001 -5.41575286e-002 -5.41571220e-002  -5.41553093e-002 -2.77665486e-002 -2.77661773e-002  -2.77645651e-002
 -1.79424811e-003 -1.79426837e-003  -1.79436075e-003
 -5.20551186e+000 -5.20550666e+000  -5.20549235e+000 1.81570856e+000 1.81570759e+000  1.81570550e+000 -9.40172210e-001 -9.40143749e-001  -9.40072483e-001 8.94507888e-001 8.94518032e-001  8.94545635e-001 4.38950029e+000 4.38951513e+000  4.38955485e+000
 6.80019962e+000 6.80015684e+000  6.80002690e+000 2.33673752e+000 2.33676290e+000  2.33683808e+000 -1.51364518e+000 -1.51368471e+000  -1.51380303e+000 -1.94844087e+000 -1.94843747e+000  -1.94841451e+000 -9.92944613e-002 -9.92943987e-002  -9.92915122e-002
 -1.70917913e-001 -1.70924962e-001  -1.70966390e-001 -1.64100290e-001 -1.64107045e-001  -1.64146898e-001 -1.20365373e-001 -1.20366591e-001  -1.20374619e-001 -5.65405076e-002 -5.65402659e-002  -5.65384400e-002 -2.91985907e-002 -2.91983604e-002  -2.91967351e-002
 -1.76078801e-003 -1.76079945e-003  -1.76089207e-003
 -2.01763372e-001 -2.01759663e-001  -2.01749217e-001 -2.19150184e+000 -2.19150339e+000  -2.19150698e+000 6.04744918e+000 6.04747246e+000  6.04753076e+000 -4.46842099e+000 -4.46841321e+000  -4.46839173e+000 -1.37927462e+000 -1.37926303e+000  -1.37923171e+000
 -7.26082548e+000 -7.26085856e+000  -7.26096210e+000 3.29427470e+000 3.29429568e+000  3.29435876e+000 -2.07019720e+000 -2.07022908e+000  -2.07032647e+000 -1.27882725e+000 -1.27882534e+000  -1.27880742e+000 -5.34096129e-002 -5.34096690e-002  -5.34073341e-002
 -2.34933810e-001 -2.34938555e-001  -2.34972005e-001 -2.35466667e-001 -2.35471217e-001  -2.35503417e-001 -1.24317502e-001 -1.24318286e-001  -1.24324764e-001 -3.35306365e-002 -3.35304861e-002  -3.35290023e-002 -1.62952217e-002 -1.62950735e-002  -1.62937515e-002
 -1.27276171e-003 -1.27276874e-003  -1.27284437e-003
 -1.88892758e+000 -1.88892263e+000  -1.88890928e+000 1.51062394e+000 1.51062310e+000  1.51062125e+000 8.83511203e+000 8.83513976e+000  8.83520918e+000 -3.23091091e-002 -3.22988513e-002  -3.22714949e-002 1.14034915e+000 1.14036329e+000  1.14040065e+000
 3.95195872e+000 3.95191510e+000  3.95178850e+000 3.14605577e+000 3.14608239e+000  3.14615790e+000 2.72791412e-001 2.72748867e-001  2.72627608e-001 2.48450198e-001 2.48454554e-001  2.48476492e-001 -1.48986305e-001 -1.48985916e-001  -1.48982857e-001
 2.07041536e-001 2.07032181e-001  2.06990616e-001 2.01032543e-001 2.01023538e-001  2.00983491e-001 -2.99474689e-003 -2.99648638e-003  -3.00464000e-003 -5.06594557e-002 -5.06590788e-002  -5.06572038e-002 -2.55394071e-002 -2.55390614e-002  -2.55373957e-002
 -1.25417514e-003 -1.25419395e-003  -1.25428989e-003
 7.41792966e-001 7.41800552e-001  7.41820898e-001 -9.34448004e-001 -9.34447747e-001  -9.34446760e-001 -1.56662652e+000 -1.56658427e+000  -1.56647853e+000 1.89079466e+000 1.89081180e+000  1.89085703e+000 3.00324730e+000 3.00326852e+000  3.00332436e+000
 1.87303483e+000 1.87296576e+000  1.87276855e+000 -2.46184839e+000 -2.46180579e+000  -2.46168674e+000 1.27680474e-001 1.27608217e-001  1.27406770e-001 -1.39005779e+000 -1.39005022e+000  -1.39001587e+000 -1.71538244e-001 -1.71537237e-001  -1.71531806e-001
 8.60937732e-002 8.60768846e-002  8.60092771e-002 8.55907857e-002 8.55744678e-002  8.55091852e-002 -4.84117366e-002 -4.84150298e-002  -4.84285763e-002 -5.53554458e-002 -5.53547037e-002  -5.53515460e-002 -2.67996467e-002 -2.67989766e-002  -2.67961822e-002
 -1.58348863e-003 -1.58352659e-003  -1.58368976e-003
 -6.15252238e-001 -6.15244713e-001  -6.15224628e-001 3.38836292e+000 3.38836322e+000  3.38836428e+000 -2.03780734e+000 -2.03776517e+000  -2.03765964e+000 -1.78132657e-001 -1.78115370e-001  -1.78069950e-001 -5.02150363e+000 -5.02148241e+000  -5.02142680e+000
 -5.31409974e+000 -5.31416937e+000  -5.31436608e+000 1.36715001e+000 1.36719307e+000  1.36731226e+000 7.59961600e-001 7.59888432e-001  7.59686329e-001 2.99721503e-001 2.99729540e-001  2.99763861e-001 -1.50234091e-001 -1.50232978e-001  -1.50227511e-001
 5.03490772e-002 5.03313707e-002  5.02636948e-002 5.70256323e-002 5.70085205e-002  5.69431593e-002 -6.28084920e-002 -6.28119634e-002  -6.28255417e-002 -5.85734770e-002 -5.85726897e-002  -5.85695204e-002 -2.90508467e-002 -2.90501378e-002  -2.90473336e-002
 -1.62185475e-003 -1.62189513e-003  -1.62205903e-003
 -9.53666217e-001 -9.53659132e-001  -9.53639983e-001 -9.26424361e-001 -9.26423921e-001  -9.26422464e-001 2.55800466e+000 2.55804482e+000  2.55814535e+000 -2.36411704e+000 -2.36410037e+000  -2.36405623e+000 -4.11866734e+000 -4.11864756e+000  -4.11859521e+000
 -3.08909924e+000 -3.08916408e+000  -3.08935164e+000 -2.60139095e+000 -2.60135087e+000  -2.60123765e+000 -1.95207416e+000 -1.95214238e+000  -1.95233452e+000 1.37773958e-001 1.37780459e-001  1.37812734e-001 -1.48177590e-001 -1.48176707e-001  -1.48171479e-001
 1.58587305e-001 1.58572079e-001  1.58507655e-001 1.53812085e-001 1.53797365e-001  1.53735139e-001 -1.50035323e-002 -1.50065034e-002  -1.50194482e-002 -4.79239051e-002 -4.79232372e-002  -4.79202147e-002 -2.37966874e-002 -2.37960828e-002  -2.37934095e-002
 -1.31341687e-003 -1.31345109e-003  -1.31360755e-003
 2.99999201e+000 2.99999881e+000  3.00001671e+000 -1.15261325e+000 -1.15261252e+000  -1.15261047e+000 7.06221766e-001 7.06259809e-001  7.06354994e-001 -2.43585354e+000 -2.43583727e+000  -2.43579506e+000 4.48335087e+000 4.48336982e+000  4.48341899e+000
 3.38556124e+000 3.38549611e+000  3.38531765e+000 -7.08998062e-002 -7.08592708e-002  -7.07499417e-002 -2.84408070e-001 -2.84478189e-001  -2.84666753e-001 1.12755957e+000 1.12756797e+000  1.12759880e+000 -1.42145776e-001 -1.42144432e-001  -1.42139214e-001
 1.98636457e-001 1.98617925e-001  1.98555405e-001 1.86415981e-001 1.86398053e-001  1.86337614e-001 -2.51051007e-002 -2.51088048e-002  -2.51214540e-002 -5.04653549e-002 -5.04644994e-002  -5.04615299e-002 -2.54789280e-002 -2.54781641e-002  -2.54755404e-002
 -1.27871550e-003 -1.27875978e-003  -1.27891403e-003
 7.45455008e-001 7.45461233e-001  7.45477985e-001 -1.05810036e-001 -1.05811942e-001  -1.05816410e-001 -2.99768996e+000 -2.99765355e+000  -2.99756242e+000 2.26812778e+000 2.26814114e+000  2.26817660e+000 5.88660467e+000 5.88662296e+000  5.88667107e+000
 3.04328147e+000 3.04322493e+000  3.04306248e+000 -3.20559102e+000 -3.20555664e+000  -3.20545991e+000 3.05123569e-002 3.04601098e-002  3.03115904e-002 -2.43224261e+000 -2.43223705e+000  -2.43220986e+000 -1.29195998e-001 -1.29195564e-001  -1.29191976e-001
 -1.01090782e-001 -1.01102700e-001  -1.01154342e-001 -1.02844402e-001 -1.02855851e-001  -1.02905547e-001 -9.86818337e-002 -9.86840057e-002  -9.86940080e-002 -4.48646123e-002 -4.48641474e-002  -4.48618641e-002 -2.13646153e-002 -2.13641869e-002  -2.13621530e-002
 -1.40194865e-003 -1.40197171e-003  -1.40208810e-003
 -1.02964928e+000 -1.02964315e+000  -1.02962677e+000 5.18861687e+000 5.18861502e+000  5.18861066e+000 -3.68379691e+000 -3.68376070e+000  -3.68367008e+000 -4.43933582e-001 -4.43920069e-001  -4.43884468e-001 -4.28207656e+000 -4.28205832e+000  -4.28201062e+000
 -6.08456154e+000 -6.08461862e+000  -6.08477999e+000 1.41478168e+000 1.41481652e+000  1.41491317e+000 8.20936994e-001 8.20883755e-001  8.20734824e-001 -3.16219585e-001 -3.16213452e-001  -3.16186375e-001 -1.02312011e-001 -1.02311448e-001  -1.02307825e-001
 -1.45262520e-001 -1.45275426e-001  -1.45327010e-001 -1.38056525e-001 -1.38068932e-001  -1.38118589e-001 -1.16339750e-001 -1.16342138e-001  -1.16352152e-001 -4.87710954e-002 -4.87705754e-002  -4.87682839e-002 -2.41224665e-002 -2.41219910e-002  -2.41199504e-002
 -1.44637589e-003 -1.44640190e-003  -1.44651889e-003
 -1.32472762e+000 -1.32472185e+000  -1.32470613e+000 -3.05931418e-002 -3.05949862e-002  -3.05992762e-002 2.05715912e+000 2.05719401e+000  2.05728134e+000 -2.87927153e+000 -2.87925846e+000  -2.87922355e+000 -2.94877956e+000 -2.94876250e+000  -2.94871727e+000
 -3.11126177e+000 -3.11131456e+000  -3.11146945e+000 -2.99761508e+000 -2.99758290e+000  -2.99749076e+000 -2.34088272e+000 -2.34093109e+000  -2.34107145e+000 -5.33315301e-001 -5.33310932e-001  -5.33285594e-001 -1.05777512e-001 -1.05777241e-001  -1.05773844e-001
 -1.79897881e-002 -1.79998776e-002  -1.80488168e-002 -2.47599169e-002 -2.47696046e-002  -2.48167002e-002 -6.28801544e-002 -6.28819609e-002  -6.28914411e-002 -3.82507529e-002 -3.82503739e-002  -3.82482095e-002 -1.89466618e-002 -1.89463087e-002  -1.89443805e-002
 -1.14869177e-003 -1.14871044e-003  -1.14882092e-003
 3.18513278e+000 3.18513794e+000  3.18515144e+000 -3.20062144e-001 -3.20063564e-001  -3.20066964e-001 -2.28007982e-001 -2.27977265e-001  -2.27900418e-001 -2.78921017e+000 -2.78919822e+000  -2.78916730e+000 6.83315825e+000 6.83317351e+000  6.83321288e+000
 4.28948083e+000 4.28943040e+000  4.28929364e+000 4.97545266e-002 4.97855890e-002  4.98686925e-002 -2.52797707e-001 -2.52845808e-001  -2.52975107e-001 6.16836908e-001 6.16843202e-001  6.16865647e-001 -9.46144948e-002 -9.46137149e-002  -9.46104995e-002
 2.82717748e-002 2.82584590e-002  2.82141315e-002 1.36716223e-002 1.36587979e-002  1.36160893e-002 -7.13962806e-002 -7.13988245e-002  -7.14074945e-002 -3.96102547e-002 -3.96096829e-002  -3.96076869e-002 -2.00991913e-002 -2.00986759e-002  -2.00969006e-002
 -1.06427635e-003 -1.06430545e-003  -1.06440789e-003
 -3.10844850e-001 -3.10845007e-001  -3.10845399e-001 1.89785798e-001 1.89781681e-001  1.89771389e-001 -8.58723318e-001 -8.58724688e-001  -8.58728113e-001 -4.65010733e-001 -4.65014754e-001  -4.65024805e-001 3.32102423e+000 3.32102403e+000  3.32102352e+000
 3.86179466e-001 3.86187262e-001  3.86206754e-001 1.21837922e+000 1.21837205e+000  1.21835412e+000 8.89308756e-001 8.89333519e-001  8.89395426e-001 -1.04458789e+000 -1.04459015e+000  -1.04459579e+000 1.06785859e-001 1.06784825e-001  1.06782239e-001
 -8.02017733e-001 -8.02011258e-001  -8.01995070e-001 -7.81301252e-001 -7.81294833e-001  -7.81278785e-001 -2.28347758e-001 -2.28346145e-001  -2.28342114e-001 4.71563877e-003 4.71521363e-003  4.71415077e-003 1.43020868e-003 1.42984402e-003  1.42893237e-003
 -2.68801760e-004 -2.68778173e-004  -2.68719205e-004
 -5.88062279e-002 -5.88077028e-002  -5.88113901e-002 2.71705676e+000 2.71705462e+000  2.71704927e+000 -1.91922580e+000 -1.91922587e+000  -1.91922603e+000 1.50076699e+000 1.50076641e+000  1.50076496e+000 -9.61850093e-001 -9.61850766e-001  -9.61852450e-001
 -9.30045123e-002 -9.30006823e-002  -9.29911074e-002 1.98731542e+000 1.98731535e+000  1.98731517e+000 7.70886923e-001 7.70891010e-001  7.70901228e-001 -3.71880655e-001 -3.71881479e-001  -3.71883538e-001 -1.17822338e-001 -1.17822534e-001  -1.17823024e-001
 6.39095183e-001 6.39096730e-001  6.39100599e-001 6.07028792e-001 6.07030290e-001  6.07034035e-001 1.40363459e-001 1.40363818e-001  1.40364717e-001 -1.45183477e-002 -1.45184289e-002  -1.45186318e-002 -5.75954221e-003 -5.75961091e-003  -5.75978266e-003
 -2.08933166e-004 -2.08929005e-004  -2.08918604e-004
 -1.64117477e-002 -1.64117508e-002  -1.64117585e-002 -4.26551093e+000 -4.26551032e+000  -4.26550881e+000 -1.30364600e+000 -1.30364596e+000  -1.30364587e+000 -1.98005123e-001 -1.98004726e-001  -1.98003733e-001 -7.97631139e-001 -7.97629266e-001  -7.97624584e-001
 -2.40188313e+000 -2.40188409e+000  -2.40188647e+000 2.95523378e+000 2.95523380e+000  2.95523385e+000 6.00608160e-001 6.00606288e-001  6.00601608e-001 2.37326302e+000 2.37326467e+000  2.37326881e+000 -5.34555183e-002 -5.34554530e-002  -5.34552899e-002
 8.82042338e-002 8.82035883e-002  8.82019745e-002 1.15559483e-001 1.15558858e-001  1.15557294e-001 -1.94854211e-002 -1.94855528e-002  -1.94858820e-002 -4.54195852e-002 -4.54195536e-002  -4.54194748e-002 -2.18908752e-002 -2.18908474e-002  -2.18907779e-002
 -1.27492495e-003 -1.27492631e-003  -1.27492970e-003
 7.77626198e-001 7.77636654e-001  7.77664588e-001 1.91189502e+000 1.91189807e+000  1.91190615e+000 4.21008044e+000 4.21013393e+000  4.21026782e+000 9.52417357e-001 9.52440422e-001  9.52501188e-001 -3.17403446e+000 -3.17400920e+000  -3.17394243e+000
 1.01807211e+000 1.01798082e+000  1.01772075e+000 -6.04313671e-001 -6.04256633e-001  -6.04097778e-001 6.80008051e-001 6.79904020e-001  6.79616942e-001 -1.02932239e+000 -1.02931308e+000  -1.02926979e+000 -1.64475488e-001 -1.64473680e-001  -1.64465382e-001
 7.08272095e-002 7.08027985e-002  7.07088233e-002 5.76473322e-002 5.76236594e-002  5.75326949e-002 -1.30257480e-002 -1.30307130e-002  -1.30500218e-002 -3.36882685e-002 -3.36871206e-002  -3.36825600e-002 -1.80498725e-002 -1.80488470e-002  -1.80448307e-002
 -8.84156231e-004 -8.84216122e-004  -8.84454473e-004
 -5.77364348e+000 -5.77364045e+000 -5.77363319e+000
 -3.84380097e+000 -3.84385048e+000 -3.84408164e+000
 -2.80300541e+000 -2.80305776e+000 -2.80329606e+000
 -8.30344382e+000 -8.30344614e+000 -8.30345230e+000
 -3.67286383e+000 -3.67280297e+000 -3.67275731e+000
 3.50579127e+000 3.50580165e+000 3.50573011e+000
 -2.26494439e+000 -2.26495299e+000 -2.26507426e+000
 3.84682178e+000 3.84681943e+000 3.84671361e+000
 -3.22904421e+000 -3.22904718e+000 -3.22906122e+000
 -2.25714103e-001 -2.25716347e-001 -2.25742693e-001
 1.25972561e+000 1.25968960e+000 1.25955462e+000
 1.21944683e+000 1.21941080e+000 1.21927631e+000
 3.06268117e-001 3.06253222e-001 3.06183874e-001
 -6.77136672e-002 -6.77275498e-002 -6.78016661e-002
 -5.50464935e-002 -5.50649276e-002 -5.51574468e-002
 3.32078658e-003 3.29775326e-003 3.18684723e-003
