   16     14     50      1  9731   4851 
    0.700      0.400   20000  100      0.000      0.000    100     16 
    0.990 	     0.010 
   2 
    1.0000e+000   0.0000e+000  
  1.0000e+000   0.0000e+000  
  1.0000e+000   0.0000e+000  
  1.0000e+000   0.0000e+000  
  1.0000e+000   0.0000e+000  
  1.0000e+000   0.0000e+000  
  1.0000e+000   0.0000e+000  
  1.0000e+000   0.0000e+000  
  1.9875e+000   0.0000e+000  
  5.7000e+001  -8.0000e+000  
  4.4837e+000   0.0000e+000  
  1.8824e+002   1.7539e+002  
  1.0000e+000   0.0000e+000  
  1.0000e+000   0.0000e+000  
  1.0000e+000   0.0000e+000  
  1.0000e+000   0.0000e+000  
   2.6555e+002   0.0000e+000  
  itr    nh   avger[]   r2avg    mare[] 
100  16 4.964e+001   5.066e-001  1.000e+001 6.417e+002 
100  16 4.956e+001   5.046e-001  1.000e+003 3.198e+002 
   1  5.0661e-001   6.4169e+002   4.5250e+007   4.9637e-001 
  1.2891e+001   4.4395e-001 
   1  5.0462e-001   3.1977e+002   2.2549e+007   4.9557e-001 
  1.2866e+001   4.4329e-001 
