 Normalized SSE per output and pattern 
Itr 	 HN 	 MARE-tr 	 MARE-ts 	 R2tr 	 R2ts 	 SSENtr 	 SSENts	 SSENcomb
100 	 14 	       55.149 	       54.949 	   0.36720 	   0.36703 	    0.082375 	     0.082253 	     0.164629 
200 	 14 	       58.991 	       58.918 	   0.28664 	   0.28660 	    0.103623 	     0.103488 	     0.207111 
300 	 14 	       61.627 	       61.651 	   0.23731 	   0.23751 	    0.109666 	     0.109474 	     0.219141 
400 	 14 	       61.998 	       62.041 	   0.22395 	   0.22303 	    0.115545 	     0.115370 	     0.230916 
500 	 14 	       61.336 	       61.387 	   0.24178 	   0.24077 	    0.112652 	     0.112458 	     0.225110 
600 	 14 	       61.795 	       61.801 	   0.20500 	   0.20391 	    0.118180 	     0.117979 	     0.236160 
700 	 14 	       61.701 	       61.773 	   0.22217 	   0.22104 	    0.115285 	     0.115093 	     0.230377 
800 	 14 	       59.275 	       59.368 	   0.28597 	   0.28558 	    0.098492 	     0.098341 	     0.196833 
900 	 14 	       59.494 	       59.581 	   0.28179 	   0.28170 	    0.098165 	     0.097995 	     0.196159 
1000 	 14 	       47.960 	       47.901 	   0.55084 	   0.55079 	    0.051248 	     0.051171 	     0.102420 
1100 	 14 	       45.750 	       45.432 	   0.61945 	   0.61937 	    0.044139 	     0.044070 	     0.088209 
1200 	 14 	       45.314 	       44.988 	   0.63383 	   0.63365 	    0.043134 	     0.043067 	     0.086202 
1300 	 14 	       45.437 	       45.153 	   0.63169 	   0.63135 	    0.043830 	     0.043766 	     0.087596 
1400 	 14 	       45.915 	       45.722 	   0.62162 	   0.62119 	    0.045672 	     0.045607 	     0.091280 
1500 	 14 	       46.671 	       46.537 	   0.61193 	   0.61146 	    0.047997 	     0.047927 	     0.095924 
1600 	 14 	       46.723 	       46.572 	   0.61993 	   0.61941 	    0.048028 	     0.047960 	     0.095988 
1700 	 14 	       46.645 	       46.468 	   0.63687 	   0.63636 	    0.047927 	     0.047858 	     0.095785 
1800 	 14 	       46.551 	       46.286 	   0.63629 	   0.63591 	    0.049751 	     0.049666 	     0.099417 
1900 	 14 	       46.788 	       46.467 	   0.61547 	   0.61517 	    0.052375 	     0.052274 	     0.104649 
2000 	 14 	       41.946 	       41.445 	   0.72861 	   0.72803 	    0.033402 	     0.033349 	     0.066751 
2100 	 14 	       42.859 	       42.344 	   0.71752 	   0.71684 	    0.035031 	     0.034980 	     0.070012 
2200 	 14 	       43.620 	       43.068 	   0.70308 	   0.70218 	    0.036534 	     0.036496 	     0.073030 
2300 	 14 	       44.170 	       43.523 	   0.68709 	   0.68574 	    0.037562 	     0.037556 	     0.075118 
2400 	 14 	       44.382 	       43.709 	   0.67550 	   0.67379 	    0.038379 	     0.038391 	     0.076770 
2500 	 14 	       44.452 	       43.813 	   0.66470 	   0.66276 	    0.038925 	     0.038952 	     0.077877 
2600 	 14 	       44.367 	       43.693 	   0.65272 	   0.65052 	    0.037913 	     0.037970 	     0.075883 
2700 	 14 	       43.951 	       43.263 	   0.66109 	   0.65877 	    0.036070 	     0.036136 	     0.072206 
2800 	 14 	       43.481 	       42.787 	   0.67469 	   0.67233 	    0.034576 	     0.034644 	     0.069220 
2900 	 14 	       43.009 	       42.316 	   0.68777 	   0.68536 	    0.033323 	     0.033393 	     0.066716 
3000 	 14 	       39.810 	       39.048 	   0.76426 	   0.76148 	    0.022543 	     0.022656 	     0.045199 
3100 	 14 	       39.703 	       38.938 	   0.76930 	   0.76661 	    0.022519 	     0.022626 	     0.045145 
3200 	 14 	       39.167 	       38.407 	   0.78319 	   0.78058 	    0.021736 	     0.021839 	     0.043575 
3300 	 14 	       38.754 	       37.990 	   0.79297 	   0.79034 	    0.021162 	     0.021263 	     0.042425 
3400 	 14 	       38.564 	       37.837 	   0.79613 	   0.79332 	    0.021029 	     0.021137 	     0.042165 
3500 	 14 	       38.450 	       37.787 	   0.79746 	   0.79446 	    0.021163 	     0.021281 	     0.042443 
3600 	 14 	       38.446 	       37.802 	   0.79660 	   0.79337 	    0.021304 	     0.021434 	     0.042739 
3700 	 14 	       38.398 	       37.767 	   0.79779 	   0.79446 	    0.021202 	     0.021337 	     0.042539 
3800 	 14 	       38.372 	       37.758 	   0.79869 	   0.79530 	    0.021133 	     0.021270 	     0.042403 
3900 	 14 	       38.329 	       37.737 	   0.79948 	   0.79604 	    0.021055 	     0.021195 	     0.042250 
4000 	 14 	       36.655 	       36.051 	   0.82111 	   0.81755 	    0.016599 	     0.016767 	     0.033366 
4100 	 14 	       36.491 	       35.939 	   0.82231 	   0.81876 	    0.016403 	     0.016575 	     0.032978 
4200 	 14 	       36.320 	       35.792 	   0.82353 	   0.81991 	    0.016114 	     0.016295 	     0.032409 
4300 	 14 	       36.185 	       35.676 	   0.82458 	   0.82088 	    0.015863 	     0.016051 	     0.031914 
4400 	 14 	       36.077 	       35.584 	   0.82544 	   0.82167 	    0.015657 	     0.015851 	     0.031508 
4500 	 14 	       35.988 	       35.507 	   0.82615 	   0.82232 	    0.015490 	     0.015690 	     0.031180 
4600 	 14 	       35.907 	       35.432 	   0.82682 	   0.82293 	    0.015348 	     0.015554 	     0.030902 
4700 	 14 	       35.818 	       35.352 	   0.82761 	   0.82366 	    0.015207 	     0.015420 	     0.030627 
4800 	 14 	       35.740 	       35.273 	   0.82832 	   0.82430 	    0.015068 	     0.015286 	     0.030354 
4900 	 14 	       35.678 	       35.205 	   0.82866 	   0.82459 	    0.014975 	     0.015198 	     0.030173 
5000 	 14 	       35.035 	       34.532 	   0.83648 	   0.83240 	    0.013449 	     0.013683 	     0.027131 
5100 	 14 	       34.948 	       34.456 	   0.83720 	   0.83315 	    0.013397 	     0.013631 	     0.027028 
5200 	 14 	       34.913 	       34.420 	   0.83743 	   0.83336 	    0.013364 	     0.013600 	     0.026964 
5300 	 14 	       34.871 	       34.378 	   0.83761 	   0.83351 	    0.013339 	     0.013578 	     0.026917 
5400 	 14 	       34.822 	       34.331 	   0.83776 	   0.83365 	    0.013317 	     0.013558 	     0.026875 
5500 	 14 	       34.766 	       34.280 	   0.83791 	   0.83377 	    0.013297 	     0.013540 	     0.026837 
5600 	 14 	       34.705 	       34.224 	   0.83807 	   0.83390 	    0.013277 	     0.013522 	     0.026799 
5700 	 14 	       34.638 	       34.165 	   0.83823 	   0.83405 	    0.013256 	     0.013503 	     0.026759 
5800 	 14 	       34.568 	       34.103 	   0.83842 	   0.83422 	    0.013231 	     0.013481 	     0.026712 
5900 	 14 	       34.499 	       34.037 	   0.83864 	   0.83442 	    0.013201 	     0.013452 	     0.026654 
6000 	 14 	       34.124 	       33.650 	   0.84278 	   0.83856 	    0.012481 	     0.012737 	     0.025218 
6100 	 14 	       33.987 	       33.500 	   0.84392 	   0.83973 	    0.012370 	     0.012626 	     0.024996 
6200 	 14 	       33.921 	       33.430 	   0.84428 	   0.84008 	    0.012332 	     0.012589 	     0.024921 
6300 	 14 	       33.859 	       33.365 	   0.84454 	   0.84032 	    0.012301 	     0.012560 	     0.024860 
6400 	 14 	       33.807 	       33.309 	   0.84477 	   0.84052 	    0.012271 	     0.012532 	     0.024802 
6500 	 14 	       33.761 	       33.256 	   0.84498 	   0.84071 	    0.012241 	     0.012504 	     0.024745 
6600 	 14 	       33.720 	       33.207 	   0.84518 	   0.84089 	    0.012211 	     0.012476 	     0.024687 
6700 	 14 	       33.683 	       33.162 	   0.84538 	   0.84107 	    0.012181 	     0.012447 	     0.024628 
6800 	 14 	       33.651 	       33.122 	   0.84557 	   0.84124 	    0.012150 	     0.012419 	     0.024569 
6900 	 14 	       33.623 	       33.085 	   0.84576 	   0.84140 	    0.012120 	     0.012391 	     0.024511 
7000 	 14 	       33.435 	       32.876 	   0.84795 	   0.84358 	    0.011768 	     0.012043 	     0.023811 
7100 	 14 	       33.320 	       32.740 	   0.84894 	   0.84458 	    0.011671 	     0.011946 	     0.023617 
7200 	 14 	       33.296 	       32.706 	   0.84921 	   0.84483 	    0.011641 	     0.011918 	     0.023559 
7300 	 14 	       33.281 	       32.681 	   0.84941 	   0.84501 	    0.011617 	     0.011896 	     0.023513 
7400 	 14 	       33.271 	       32.662 	   0.84958 	   0.84516 	    0.011595 	     0.011875 	     0.023470 
7500 	 14 	       33.264 	       32.645 	   0.84974 	   0.84530 	    0.011574 	     0.011855 	     0.023428 
7600 	 14 	       33.260 	       32.632 	   0.84989 	   0.84543 	    0.011553 	     0.011835 	     0.023388 
7700 	 14 	       33.260 	       32.623 	   0.85003 	   0.84556 	    0.011532 	     0.011816 	     0.023348 
7800 	 14 	       33.267 	       32.623 	   0.85017 	   0.84567 	    0.011512 	     0.011798 	     0.023311 
7900 	 14 	       33.280 	       32.631 	   0.85029 	   0.84578 	    0.011494 	     0.011781 	     0.023275 
8000 	 14 	       33.202 	       32.546 	   0.85156 	   0.84704 	    0.011314 	     0.011603 	     0.022917 
8100 	 14 	       33.156 	       32.494 	   0.85235 	   0.84783 	    0.011243 	     0.011533 	     0.022776 
8200 	 14 	       33.187 	       32.520 	   0.85251 	   0.84797 	    0.011223 	     0.011515 	     0.022738 
8300 	 14 	       33.228 	       32.560 	   0.85258 	   0.84802 	    0.011210 	     0.011503 	     0.022712 
8400 	 14 	       33.271 	       32.606 	   0.85260 	   0.84803 	    0.011198 	     0.011492 	     0.022690 
8500 	 14 	       33.316 	       32.653 	   0.85258 	   0.84800 	    0.011188 	     0.011483 	     0.022671 
8600 	 14 	       33.353 	       32.695 	   0.85255 	   0.84797 	    0.011178 	     0.011474 	     0.022653 
8700 	 14 	       33.381 	       32.731 	   0.85254 	   0.84795 	    0.011169 	     0.011465 	     0.022635 
8800 	 14 	       33.394 	       32.755 	   0.85256 	   0.84796 	    0.011160 	     0.011457 	     0.022616 
8900 	 14 	       33.401 	       32.768 	   0.85260 	   0.84801 	    0.011151 	     0.011448 	     0.022599 
9000 	 14 	       33.323 	       32.698 	   0.85347 	   0.84889 	    0.011066 	     0.011363 	     0.022429 
9100 	 14 	       33.249 	       32.633 	   0.85425 	   0.84967 	    0.011003 	     0.011301 	     0.022304 
9200 	 14 	       33.236 	       32.627 	   0.85447 	   0.84989 	    0.010986 	     0.011284 	     0.022270 
9300 	 14 	       33.228 	       32.625 	   0.85464 	   0.85006 	    0.010974 	     0.011272 	     0.022246 
9400 	 14 	       33.222 	       32.622 	   0.85480 	   0.85022 	    0.010963 	     0.011261 	     0.022225 
9500 	 14 	       33.217 	       32.621 	   0.85496 	   0.85037 	    0.010953 	     0.011251 	     0.022204 
9600 	 14 	       33.214 	       32.621 	   0.85511 	   0.85052 	    0.010943 	     0.011242 	     0.022185 
9700 	 14 	       33.212 	       32.621 	   0.85525 	   0.85066 	    0.010934 	     0.011233 	     0.022167 
9800 	 14 	       33.209 	       32.620 	   0.85539 	   0.85079 	    0.010925 	     0.011224 	     0.022149 
9900 	 14 	       33.208 	       32.621 	   0.85552 	   0.85092 	    0.010916 	     0.011216 	     0.022132 
10000 	 14 	       33.140 	       32.555 	   0.85619 	   0.85160 	    0.010882 	     0.011181 	     0.022063 
10100 	 14 	       33.075 	       32.491 	   0.85695 	   0.85235 	    0.010819 	     0.011118 	     0.021937 
10200 	 14 	       33.064 	       32.481 	   0.85717 	   0.85256 	    0.010803 	     0.011103 	     0.021906 
10300 	 14 	       33.060 	       32.481 	   0.85733 	   0.85271 	    0.010792 	     0.011093 	     0.021885 
10400 	 14 	       33.059 	       32.486 	   0.85746 	   0.85283 	    0.010784 	     0.011085 	     0.021868 
10500 	 14 	       33.058 	       32.491 	   0.85757 	   0.85293 	    0.010776 	     0.011078 	     0.021854 
10600 	 14 	       33.058 	       32.498 	   0.85767 	   0.85302 	    0.010770 	     0.011072 	     0.021842 
10700 	 14 	       33.059 	       32.505 	   0.85776 	   0.85310 	    0.010764 	     0.011067 	     0.021831 
10800 	 14 	       33.060 	       32.512 	   0.85784 	   0.85317 	    0.010759 	     0.011062 	     0.021821 
10900 	 14 	       33.061 	       32.520 	   0.85791 	   0.85324 	    0.010754 	     0.011058 	     0.021812 
11000 	 14 	       33.008 	       32.474 	   0.85837 	   0.85370 	    0.010753 	     0.011058 	     0.021811 
11100 	 14 	       32.954 	       32.426 	   0.85901 	   0.85431 	    0.010696 	     0.011002 	     0.021698 
11200 	 14 	       32.946 	       32.422 	   0.85918 	   0.85446 	    0.010683 	     0.010990 	     0.021674 
11300 	 14 	       32.944 	       32.424 	   0.85930 	   0.85457 	    0.010676 	     0.010984 	     0.021661 
11400 	 14 	       32.944 	       32.428 	   0.85939 	   0.85465 	    0.010671 	     0.010980 	     0.021651 
11500 	 14 	       32.944 	       32.433 	   0.85948 	   0.85473 	    0.010668 	     0.010977 	     0.021645 
11600 	 14 	       32.945 	       32.438 	   0.85956 	   0.85480 	    0.010665 	     0.010975 	     0.021640 
11700 	 14 	       32.945 	       32.443 	   0.85964 	   0.85487 	    0.010663 	     0.010974 	     0.021637 
11800 	 14 	       32.945 	       32.447 	   0.85971 	   0.85493 	    0.010662 	     0.010973 	     0.021635 
11900 	 14 	       32.945 	       32.451 	   0.85978 	   0.85499 	    0.010661 	     0.010973 	     0.021634 
12000 	 14 	       32.900 	       32.411 	   0.86015 	   0.85536 	    0.010681 	     0.010993 	     0.021674 
12100 	 14 	       32.850 	       32.363 	   0.86071 	   0.85590 	    0.010630 	     0.010944 	     0.021574 
12200 	 14 	       32.839 	       32.354 	   0.86087 	   0.85605 	    0.010622 	     0.010936 	     0.021558 
12300 	 14 	       32.834 	       32.351 	   0.86098 	   0.85615 	    0.010619 	     0.010933 	     0.021552 
12400 	 14 	       32.830 	       32.350 	   0.86108 	   0.85624 	    0.010618 	     0.010933 	     0.021551 
12500 	 14 	       32.828 	       32.350 	   0.86116 	   0.85631 	    0.010618 	     0.010934 	     0.021552 
12600 	 14 	       32.826 	       32.350 	   0.86123 	   0.85638 	    0.010620 	     0.010935 	     0.021555 
12700 	 14 	       32.825 	       32.351 	   0.86130 	   0.85644 	    0.010622 	     0.010938 	     0.021559 
12800 	 14 	       32.823 	       32.352 	   0.86137 	   0.85650 	    0.010624 	     0.010941 	     0.021565 
12900 	 14 	       32.822 	       32.353 	   0.86143 	   0.85656 	    0.010627 	     0.010944 	     0.021572 
13000 	 14 	       32.783 	       32.318 	   0.86172 	   0.85686 	    0.010659 	     0.010975 	     0.021635 
13100 	 14 	       32.733 	       32.269 	   0.86222 	   0.85733 	    0.010614 	     0.010932 	     0.021546 
13200 	 14 	       32.720 	       32.257 	   0.86236 	   0.85747 	    0.010608 	     0.010927 	     0.021535 
13300 	 14 	       32.713 	       32.252 	   0.86246 	   0.85756 	    0.010607 	     0.010926 	     0.021534 
13400 	 14 	       32.708 	       32.248 	   0.86255 	   0.85764 	    0.010609 	     0.010928 	     0.021536 
13500 	 14 	       32.704 	       32.246 	   0.86262 	   0.85771 	    0.010611 	     0.010931 	     0.021542 
13600 	 14 	       32.701 	       32.245 	   0.86269 	   0.85777 	    0.010614 	     0.010934 	     0.021548 
13700 	 14 	       32.699 	       32.245 	   0.86275 	   0.85782 	    0.010618 	     0.010938 	     0.021556 
13800 	 14 	       32.697 	       32.245 	   0.86281 	   0.85788 	    0.010622 	     0.010942 	     0.021564 
13900 	 14 	       32.695 	       32.246 	   0.86286 	   0.85793 	    0.010626 	     0.010947 	     0.021573 
14000 	 14 	       32.666 	       32.221 	   0.86311 	   0.85817 	    0.010663 	     0.010983 	     0.021646 
14100 	 14 	       32.617 	       32.174 	   0.86354 	   0.85859 	    0.010621 	     0.010943 	     0.021564 
14200 	 14 	       32.605 	       32.164 	   0.86367 	   0.85871 	    0.010616 	     0.010939 	     0.021556 
14300 	 14 	       32.598 	       32.159 	   0.86377 	   0.85879 	    0.010616 	     0.010940 	     0.021556 
14400 	 14 	       32.593 	       32.156 	   0.86384 	   0.85886 	    0.010618 	     0.010942 	     0.021560 
14500 	 14 	       32.589 	       32.154 	   0.86391 	   0.85892 	    0.010621 	     0.010946 	     0.021567 
14600 	 14 	       32.586 	       32.153 	   0.86397 	   0.85897 	    0.010625 	     0.010950 	     0.021575 
14700 	 14 	       32.583 	       32.152 	   0.86402 	   0.85902 	    0.010629 	     0.010954 	     0.021583 
14800 	 14 	       32.581 	       32.152 	   0.86407 	   0.85907 	    0.010634 	     0.010959 	     0.021593 
14900 	 14 	       32.579 	       32.151 	   0.86412 	   0.85911 	    0.010639 	     0.010964 	     0.021603 
15000 	 14 	       32.555 	       32.132 	   0.86433 	   0.85931 	    0.010676 	     0.011001 	     0.021677 
15100 	 14 	       32.512 	       32.092 	   0.86471 	   0.85968 	    0.010638 	     0.010965 	     0.021602 
15200 	 14 	       32.501 	       32.084 	   0.86483 	   0.85978 	    0.010634 	     0.010961 	     0.021595 
15300 	 14 	       32.495 	       32.080 	   0.86491 	   0.85986 	    0.010634 	     0.010962 	     0.021596 
15400 	 14 	       32.491 	       32.079 	   0.86497 	   0.85992 	    0.010636 	     0.010965 	     0.021601 
15500 	 14 	       32.488 	       32.078 	   0.86503 	   0.85997 	    0.010639 	     0.010969 	     0.021608 
15600 	 14 	       32.486 	       32.078 	   0.86508 	   0.86001 	    0.010643 	     0.010973 	     0.021616 
15700 	 14 	       32.484 	       32.078 	   0.86513 	   0.86006 	    0.010647 	     0.010978 	     0.021625 
15800 	 14 	       32.481 	       32.078 	   0.86518 	   0.86010 	    0.010652 	     0.010982 	     0.021634 
15900 	 14 	       32.479 	       32.078 	   0.86522 	   0.86013 	    0.010657 	     0.010988 	     0.021644 
16000 	 14 	       32.464 	       32.064 	   0.86539 	   0.86030 	    0.010691 	     0.011022 	     0.021713 
16100 	 14 	       32.426 	       32.029 	   0.86573 	   0.86062 	    0.010656 	     0.010988 	     0.021645 
16200 	 14 	       32.417 	       32.020 	   0.86583 	   0.86071 	    0.010653 	     0.010986 	     0.021639 
16300 	 14 	       32.411 	       32.016 	   0.86590 	   0.86077 	    0.010654 	     0.010987 	     0.021640 
16400 	 14 	       32.407 	       32.014 	   0.86596 	   0.86082 	    0.010656 	     0.010989 	     0.021645 
16500 	 14 	       32.404 	       32.012 	   0.86601 	   0.86087 	    0.010658 	     0.010993 	     0.021651 
16600 	 14 	       32.402 	       32.010 	   0.86605 	   0.86091 	    0.010662 	     0.010996 	     0.021658 
16700 	 14 	       32.399 	       32.008 	   0.86609 	   0.86095 	    0.010666 	     0.011000 	     0.021666 
16800 	 14 	       32.397 	       32.008 	   0.86613 	   0.86098 	    0.010669 	     0.011004 	     0.021674 
16900 	 14 	       32.394 	       32.007 	   0.86617 	   0.86102 	    0.010674 	     0.011009 	     0.021682 
17000 	 14 	       32.380 	       31.995 	   0.86630 	   0.86115 	    0.010704 	     0.011039 	     0.021743 
17100 	 14 	       32.346 	       31.961 	   0.86660 	   0.86144 	    0.010672 	     0.011008 	     0.021679 
17200 	 14 	       32.335 	       31.953 	   0.86669 	   0.86152 	    0.010669 	     0.011005 	     0.021674 
17300 	 14 	       32.328 	       31.949 	   0.86675 	   0.86157 	    0.010669 	     0.011005 	     0.021674 
17400 	 14 	       32.323 	       31.946 	   0.86680 	   0.86162 	    0.010670 	     0.011007 	     0.021677 
17500 	 14 	       32.318 	       31.943 	   0.86684 	   0.86166 	    0.010672 	     0.011009 	     0.021682 
17600 	 14 	       32.313 	       31.940 	   0.86688 	   0.86170 	    0.010675 	     0.011012 	     0.021687 
17700 	 14 	       32.308 	       31.937 	   0.86691 	   0.86174 	    0.010678 	     0.011014 	     0.021692 
17800 	 14 	       32.303 	       31.934 	   0.86695 	   0.86177 	    0.010681 	     0.011017 	     0.021697 
17900 	 14 	       32.298 	       31.931 	   0.86698 	   0.86181 	    0.010683 	     0.011019 	     0.021703 
18000 	 14 	       32.282 	       31.918 	   0.86708 	   0.86192 	    0.010709 	     0.011044 	     0.021752 
18100 	 14 	       32.249 	       31.885 	   0.86735 	   0.86220 	    0.010678 	     0.011013 	     0.021690 
18200 	 14 	       32.235 	       31.873 	   0.86743 	   0.86228 	    0.010674 	     0.011009 	     0.021683 
18300 	 14 	       32.222 	       31.863 	   0.86748 	   0.86235 	    0.010673 	     0.011006 	     0.021680 
18400 	 14 	       32.210 	       31.852 	   0.86752 	   0.86241 	    0.010673 	     0.011005 	     0.021678 
18500 	 14 	       32.197 	       31.840 	   0.86756 	   0.86247 	    0.010673 	     0.011004 	     0.021677 
18600 	 14 	       32.183 	       31.827 	   0.86760 	   0.86253 	    0.010674 	     0.011003 	     0.021677 
18700 	 14 	       32.168 	       31.812 	   0.86764 	   0.86259 	    0.010675 	     0.011002 	     0.021676 
18800 	 14 	       32.153 	       31.797 	   0.86767 	   0.86265 	    0.010676 	     0.011001 	     0.021677 
18900 	 14 	       32.137 	       31.783 	   0.86770 	   0.86270 	    0.010677 	     0.011001 	     0.021678 
19000 	 14 	       32.114 	       31.762 	   0.86776 	   0.86277 	    0.010698 	     0.011020 	     0.021718 
19100 	 14 	       32.077 	       31.725 	   0.86802 	   0.86304 	    0.010669 	     0.010991 	     0.021660 
19200 	 14 	       32.059 	       31.709 	   0.86807 	   0.86310 	    0.010667 	     0.010988 	     0.021656 
19300 	 14 	       32.045 	       31.697 	   0.86811 	   0.86314 	    0.010668 	     0.010989 	     0.021657 
19400 	 14 	       32.033 	       31.687 	   0.86814 	   0.86317 	    0.010670 	     0.010991 	     0.021660 
19500 	 14 	       32.022 	       31.680 	   0.86816 	   0.86318 	    0.010673 	     0.010993 	     0.021666 
19600 	 14 	       32.013 	       31.675 	   0.86817 	   0.86320 	    0.010676 	     0.010997 	     0.021672 
19700 	 14 	       32.004 	       31.671 	   0.86819 	   0.86320 	    0.010679 	     0.011001 	     0.021680 
19800 	 14 	       31.995 	       31.667 	   0.86820 	   0.86321 	    0.010683 	     0.011005 	     0.021688 
19900 	 14 	       31.987 	       31.664 	   0.86821 	   0.86321 	    0.010687 	     0.011009 	     0.021696 
20000 	 14 	       31.971 	       31.653 	   0.86823 	   0.86322 	    0.010705 	     0.011028 	     0.021734 
100 	 15 	       49.292 	       49.369 	   0.49882 	   0.49661 	    0.066152 	     0.066135 	     0.132287 
200 	 15 	       50.906 	       51.046 	   0.53199 	   0.53006 	    0.066753 	     0.066701 	     0.133455 
300 	 15 	       51.426 	       51.487 	   0.53674 	   0.53497 	    0.067731 	     0.067666 	     0.135397 
400 	 15 	       52.158 	       52.193 	   0.52217 	   0.52065 	    0.070383 	     0.070309 	     0.140692 
500 	 15 	       53.258 	       53.321 	   0.50018 	   0.49881 	    0.073876 	     0.073810 	     0.147685 
600 	 15 	       53.828 	       53.893 	   0.47785 	   0.47673 	    0.077264 	     0.077193 	     0.154456 
700 	 15 	       53.900 	       53.973 	   0.47642 	   0.47534 	    0.077204 	     0.077133 	     0.154337 
800 	 15 	       54.018 	       54.120 	   0.47698 	   0.47593 	    0.077350 	     0.077281 	     0.154631 
900 	 15 	       54.209 	       54.335 	   0.47581 	   0.47478 	    0.077793 	     0.077725 	     0.155517 
1000 	 15 	       41.248 	       40.882 	   0.74754 	   0.74544 	    0.030714 	     0.030771 	     0.061486 
1100 	 15 	       40.819 	       40.628 	   0.75497 	   0.75198 	    0.029400 	     0.029518 	     0.058919 
1200 	 15 	       40.820 	       40.672 	   0.75156 	   0.74846 	    0.029953 	     0.030074 	     0.060027 
1300 	 15 	       40.760 	       40.619 	   0.75002 	   0.74696 	    0.029826 	     0.029945 	     0.059771 
1400 	 15 	       40.735 	       40.552 	   0.74873 	   0.74571 	    0.029554 	     0.029672 	     0.059227 
1500 	 15 	       40.774 	       40.529 	   0.74768 	   0.74466 	    0.029378 	     0.029496 	     0.058874 
1600 	 15 	       40.781 	       40.506 	   0.74754 	   0.74451 	    0.029208 	     0.029326 	     0.058533 
1700 	 15 	       40.712 	       40.424 	   0.74904 	   0.74597 	    0.028907 	     0.029027 	     0.057934 
1800 	 15 	       40.623 	       40.327 	   0.75047 	   0.74734 	    0.028649 	     0.028774 	     0.057423 
1900 	 15 	       40.619 	       40.324 	   0.75020 	   0.74702 	    0.028675 	     0.028802 	     0.057476 
2000 	 15 	       36.991 	       36.615 	   0.80966 	   0.80619 	    0.017958 	     0.018129 	     0.036087 
2100 	 15 	       36.853 	       36.560 	   0.80893 	   0.80525 	    0.017887 	     0.018076 	     0.035962 
2200 	 15 	       36.752 	       36.462 	   0.80874 	   0.80496 	    0.017941 	     0.018137 	     0.036078 
2300 	 15 	       36.681 	       36.382 	   0.80844 	   0.80461 	    0.017956 	     0.018155 	     0.036110 
2400 	 15 	       36.635 	       36.325 	   0.80817 	   0.80431 	    0.017971 	     0.018172 	     0.036143 
2500 	 15 	       36.605 	       36.281 	   0.80799 	   0.80412 	    0.017988 	     0.018191 	     0.036178 
2600 	 15 	       36.585 	       36.251 	   0.80787 	   0.80399 	    0.018011 	     0.018215 	     0.036226 
2700 	 15 	       36.570 	       36.235 	   0.80780 	   0.80391 	    0.018042 	     0.018246 	     0.036288 
2800 	 15 	       36.560 	       36.224 	   0.80774 	   0.80386 	    0.018082 	     0.018285 	     0.036367 
2900 	 15 	       36.555 	       36.217 	   0.80770 	   0.80383 	    0.018131 	     0.018334 	     0.036465 
3000 	 15 	       34.999 	       34.654 	   0.82915 	   0.82528 	    0.014520 	     0.014735 	     0.029255 
3100 	 15 	       34.948 	       34.647 	   0.83035 	   0.82643 	    0.014582 	     0.014804 	     0.029386 
3200 	 15 	       34.927 	       34.624 	   0.83075 	   0.82678 	    0.014722 	     0.014947 	     0.029669 
3300 	 15 	       34.912 	       34.597 	   0.83108 	   0.82707 	    0.014792 	     0.015019 	     0.029811 
3400 	 15 	       34.892 	       34.563 	   0.83138 	   0.82737 	    0.014821 	     0.015049 	     0.029870 
3500 	 15 	       34.871 	       34.528 	   0.83165 	   0.82763 	    0.014835 	     0.015064 	     0.029899 
3600 	 15 	       34.851 	       34.494 	   0.83188 	   0.82785 	    0.014844 	     0.015073 	     0.029917 
3700 	 15 	       34.833 	       34.465 	   0.83206 	   0.82804 	    0.014849 	     0.015080 	     0.029929 
3800 	 15 	       34.818 	       34.438 	   0.83223 	   0.82820 	    0.014851 	     0.015083 	     0.029933 
3900 	 15 	       34.805 	       34.414 	   0.83239 	   0.82835 	    0.014848 	     0.015081 	     0.029929 
4000 	 15 	       34.001 	       33.607 	   0.84175 	   0.83768 	    0.013335 	     0.013576 	     0.026911 
4100 	 15 	       33.889 	       33.524 	   0.84361 	   0.83944 	    0.013234 	     0.013485 	     0.026718 
4200 	 15 	       33.864 	       33.502 	   0.84409 	   0.83981 	    0.013184 	     0.013444 	     0.026628 
4300 	 15 	       33.850 	       33.487 	   0.84442 	   0.84005 	    0.013146 	     0.013413 	     0.026559 
4400 	 15 	       33.839 	       33.475 	   0.84469 	   0.84024 	    0.013115 	     0.013388 	     0.026503 
4500 	 15 	       33.829 	       33.464 	   0.84492 	   0.84041 	    0.013087 	     0.013364 	     0.026451 
4600 	 15 	       33.818 	       33.454 	   0.84514 	   0.84058 	    0.013059 	     0.013341 	     0.026400 
4700 	 15 	       33.807 	       33.443 	   0.84535 	   0.84075 	    0.013033 	     0.013317 	     0.026350 
4800 	 15 	       33.796 	       33.432 	   0.84554 	   0.84092 	    0.013008 	     0.013294 	     0.026301 
4900 	 15 	       33.786 	       33.421 	   0.84572 	   0.84108 	    0.012983 	     0.013271 	     0.026254 
5000 	 15 	       33.318 	       32.973 	   0.85061 	   0.84593 	    0.012300 	     0.012593 	     0.024893 
5100 	 15 	       33.200 	       32.887 	   0.85224 	   0.84751 	    0.012206 	     0.012504 	     0.024710 
5200 	 15 	       33.168 	       32.865 	   0.85264 	   0.84787 	    0.012159 	     0.012459 	     0.024618 
5300 	 15 	       33.150 	       32.850 	   0.85292 	   0.84811 	    0.012124 	     0.012427 	     0.024551 
5400 	 15 	       33.137 	       32.838 	   0.85313 	   0.84830 	    0.012097 	     0.012401 	     0.024498 
5500 	 15 	       33.128 	       32.828 	   0.85331 	   0.84846 	    0.012074 	     0.012380 	     0.024453 
5600 	 15 	       33.119 	       32.818 	   0.85346 	   0.84859 	    0.012054 	     0.012361 	     0.024415 
5700 	 15 	       33.112 	       32.808 	   0.85359 	   0.84871 	    0.012037 	     0.012345 	     0.024382 
5800 	 15 	       33.106 	       32.800 	   0.85371 	   0.84881 	    0.012023 	     0.012332 	     0.024355 
5900 	 15 	       33.101 	       32.793 	   0.85381 	   0.84890 	    0.012012 	     0.012321 	     0.024334 
6000 	 15 	       32.826 	       32.527 	   0.85661 	   0.85169 	    0.011690 	     0.012002 	     0.023692 
6100 	 15 	       32.711 	       32.427 	   0.85796 	   0.85302 	    0.011616 	     0.011929 	     0.023546 
6200 	 15 	       32.683 	       32.401 	   0.85825 	   0.85330 	    0.011591 	     0.011906 	     0.023497 
6300 	 15 	       32.668 	       32.384 	   0.85845 	   0.85348 	    0.011578 	     0.011892 	     0.023470 
6400 	 15 	       32.657 	       32.371 	   0.85860 	   0.85363 	    0.011569 	     0.011884 	     0.023454 
6500 	 15 	       32.649 	       32.359 	   0.85872 	   0.85376 	    0.011565 	     0.011880 	     0.023444 
6600 	 15 	       32.641 	       32.348 	   0.85883 	   0.85387 	    0.011562 	     0.011877 	     0.023439 
6700 	 15 	       32.633 	       32.337 	   0.85893 	   0.85396 	    0.011561 	     0.011876 	     0.023437 
6800 	 15 	       32.626 	       32.326 	   0.85901 	   0.85405 	    0.011562 	     0.011876 	     0.023437 
6900 	 15 	       32.619 	       32.317 	   0.85908 	   0.85413 	    0.011563 	     0.011876 	     0.023439 
7000 	 15 	       32.438 	       32.141 	   0.86084 	   0.85589 	    0.011403 	     0.011717 	     0.023120 
7100 	 15 	       32.321 	       32.035 	   0.86199 	   0.85702 	    0.011335 	     0.011651 	     0.022986 
7200 	 15 	       32.297 	       32.014 	   0.86221 	   0.85724 	    0.011320 	     0.011636 	     0.022955 
7300 	 15 	       32.284 	       32.001 	   0.86237 	   0.85739 	    0.011310 	     0.011627 	     0.022937 
7400 	 15 	       32.275 	       31.990 	   0.86249 	   0.85750 	    0.011304 	     0.011621 	     0.022925 
7500 	 15 	       32.270 	       31.983 	   0.86259 	   0.85760 	    0.011299 	     0.011616 	     0.022915 
7600 	 15 	       32.265 	       31.976 	   0.86268 	   0.85769 	    0.011296 	     0.011613 	     0.022908 
7700 	 15 	       32.262 	       31.971 	   0.86276 	   0.85777 	    0.011293 	     0.011610 	     0.022903 
7800 	 15 	       32.260 	       31.966 	   0.86283 	   0.85784 	    0.011291 	     0.011608 	     0.022898 
7900 	 15 	       32.259 	       31.963 	   0.86290 	   0.85790 	    0.011289 	     0.011606 	     0.022895 
8000 	 15 	       32.141 	       31.848 	   0.86408 	   0.85907 	    0.011205 	     0.011524 	     0.022729 
8100 	 15 	       32.052 	       31.763 	   0.86504 	   0.86001 	    0.011139 	     0.011459 	     0.022598 
8200 	 15 	       32.040 	       31.751 	   0.86522 	   0.86017 	    0.011126 	     0.011447 	     0.022573 
8300 	 15 	       32.035 	       31.744 	   0.86535 	   0.86028 	    0.011117 	     0.011439 	     0.022556 
8400 	 15 	       32.032 	       31.740 	   0.86545 	   0.86038 	    0.011111 	     0.011433 	     0.022544 
8500 	 15 	       32.031 	       31.736 	   0.86553 	   0.86046 	    0.011106 	     0.011429 	     0.022535 
8600 	 15 	       32.030 	       31.734 	   0.86561 	   0.86053 	    0.011102 	     0.011425 	     0.022527 
8700 	 15 	       32.029 	       31.731 	   0.86569 	   0.86059 	    0.011098 	     0.011422 	     0.022520 
8800 	 15 	       32.028 	       31.728 	   0.86575 	   0.86065 	    0.011095 	     0.011420 	     0.022515 
8900 	 15 	       32.028 	       31.726 	   0.86582 	   0.86071 	    0.011093 	     0.011418 	     0.022511 
9000 	 15 	       31.956 	       31.658 	   0.86667 	   0.86154 	    0.011052 	     0.011378 	     0.022429 
9100 	 15 	       31.889 	       31.600 	   0.86748 	   0.86232 	    0.010989 	     0.011317 	     0.022306 
9200 	 15 	       31.881 	       31.592 	   0.86763 	   0.86246 	    0.010980 	     0.011308 	     0.022288 
9300 	 15 	       31.877 	       31.587 	   0.86774 	   0.86256 	    0.010973 	     0.011302 	     0.022276 
9400 	 15 	       31.875 	       31.585 	   0.86783 	   0.86264 	    0.010969 	     0.011298 	     0.022267 
9500 	 15 	       31.874 	       31.583 	   0.86792 	   0.86272 	    0.010965 	     0.011296 	     0.022261 
9600 	 15 	       31.874 	       31.583 	   0.86799 	   0.86279 	    0.010963 	     0.011294 	     0.022257 
9700 	 15 	       31.874 	       31.584 	   0.86806 	   0.86285 	    0.010962 	     0.011293 	     0.022255 
9800 	 15 	       31.874 	       31.585 	   0.86813 	   0.86291 	    0.010961 	     0.011293 	     0.022255 
9900 	 15 	       31.874 	       31.587 	   0.86819 	   0.86296 	    0.010962 	     0.011294 	     0.022256 
10000 	 15 	       31.826 	       31.544 	   0.86882 	   0.86357 	    0.010945 	     0.011278 	     0.022223 
10100 	 15 	       31.778 	       31.498 	   0.86951 	   0.86422 	    0.010888 	     0.011223 	     0.022111 
10200 	 15 	       31.771 	       31.495 	   0.86963 	   0.86433 	    0.010882 	     0.011219 	     0.022101 
10300 	 15 	       31.768 	       31.495 	   0.86972 	   0.86442 	    0.010879 	     0.011216 	     0.022095 
10400 	 15 	       31.765 	       31.497 	   0.86980 	   0.86449 	    0.010876 	     0.011214 	     0.022090 
10500 	 15 	       31.763 	       31.499 	   0.86987 	   0.86455 	    0.010875 	     0.011213 	     0.022088 
10600 	 15 	       31.761 	       31.502 	   0.86993 	   0.86461 	    0.010874 	     0.011212 	     0.022086 
10700 	 15 	       31.759 	       31.504 	   0.86999 	   0.86466 	    0.010873 	     0.011212 	     0.022084 
10800 	 15 	       31.757 	       31.507 	   0.87005 	   0.86471 	    0.010872 	     0.011212 	     0.022083 
10900 	 15 	       31.755 	       31.508 	   0.87010 	   0.86475 	    0.010871 	     0.011211 	     0.022082 
11000 	 15 	       31.722 	       31.483 	   0.87057 	   0.86520 	    0.010864 	     0.011205 	     0.022068 
11100 	 15 	       31.680 	       31.445 	   0.87115 	   0.86575 	    0.010808 	     0.011152 	     0.021960 
11200 	 15 	       31.672 	       31.440 	   0.87125 	   0.86584 	    0.010802 	     0.011146 	     0.021948 
11300 	 15 	       31.665 	       31.437 	   0.87133 	   0.86591 	    0.010797 	     0.011142 	     0.021939 
11400 	 15 	       31.660 	       31.434 	   0.87139 	   0.86598 	    0.010793 	     0.011138 	     0.021931 
11500 	 15 	       31.655 	       31.432 	   0.87145 	   0.86603 	    0.010789 	     0.011134 	     0.021924 
11600 	 15 	       31.651 	       31.430 	   0.87151 	   0.86609 	    0.010786 	     0.011131 	     0.021917 
11700 	 15 	       31.647 	       31.427 	   0.87156 	   0.86614 	    0.010783 	     0.011129 	     0.021912 
11800 	 15 	       31.644 	       31.424 	   0.87162 	   0.86618 	    0.010780 	     0.011126 	     0.021906 
11900 	 15 	       31.640 	       31.422 	   0.87166 	   0.86623 	    0.010778 	     0.011124 	     0.021901 
12000 	 15 	       31.617 	       31.404 	   0.87201 	   0.86656 	    0.010774 	     0.011121 	     0.021895 
12100 	 15 	       31.575 	       31.366 	   0.87251 	   0.86704 	    0.010722 	     0.011070 	     0.021791 
12200 	 15 	       31.566 	       31.359 	   0.87260 	   0.86713 	    0.010715 	     0.011063 	     0.021778 
12300 	 15 	       31.557 	       31.353 	   0.87267 	   0.86720 	    0.010709 	     0.011058 	     0.021767 
12400 	 15 	       31.550 	       31.348 	   0.87273 	   0.86726 	    0.010704 	     0.011053 	     0.021757 
12500 	 15 	       31.543 	       31.343 	   0.87279 	   0.86732 	    0.010700 	     0.011048 	     0.021748 
12600 	 15 	       31.536 	       31.338 	   0.87285 	   0.86738 	    0.010696 	     0.011044 	     0.021740 
12700 	 15 	       31.530 	       31.334 	   0.87290 	   0.86743 	    0.010692 	     0.011040 	     0.021732 
12800 	 15 	       31.523 	       31.329 	   0.87295 	   0.86748 	    0.010688 	     0.011036 	     0.021724 
12900 	 15 	       31.517 	       31.324 	   0.87299 	   0.86754 	    0.010685 	     0.011031 	     0.021716 
13000 	 15 	       31.496 	       31.308 	   0.87326 	   0.86780 	    0.010681 	     0.011028 	     0.021709 
13100 	 15 	       31.454 	       31.269 	   0.87370 	   0.86823 	    0.010630 	     0.010978 	     0.021608 
13200 	 15 	       31.443 	       31.259 	   0.87379 	   0.86832 	    0.010622 	     0.010969 	     0.021591 
13300 	 15 	       31.433 	       31.251 	   0.87386 	   0.86840 	    0.010615 	     0.010961 	     0.021576 
13400 	 15 	       31.424 	       31.243 	   0.87392 	   0.86847 	    0.010608 	     0.010954 	     0.021562 
13500 	 15 	       31.415 	       31.236 	   0.87397 	   0.86854 	    0.010601 	     0.010946 	     0.021547 
13600 	 15 	       31.406 	       31.229 	   0.87402 	   0.86861 	    0.010594 	     0.010938 	     0.021532 
13700 	 15 	       31.397 	       31.222 	   0.87407 	   0.86868 	    0.010587 	     0.010929 	     0.021516 
13800 	 15 	       31.388 	       31.214 	   0.87412 	   0.86874 	    0.010579 	     0.010920 	     0.021500 
13900 	 15 	       31.379 	       31.206 	   0.87416 	   0.86881 	    0.010572 	     0.010911 	     0.021483 
14000 	 15 	       31.358 	       31.188 	   0.87437 	   0.86903 	    0.010563 	     0.010901 	     0.021463 
14100 	 15 	       31.318 	       31.147 	   0.87476 	   0.86942 	    0.010512 	     0.010850 	     0.021363 
14200 	 15 	       31.303 	       31.134 	   0.87483 	   0.86953 	    0.010501 	     0.010837 	     0.021337 
14300 	 15 	       31.289 	       31.121 	   0.87489 	   0.86961 	    0.010490 	     0.010824 	     0.021315 
14400 	 15 	       31.276 	       31.109 	   0.87493 	   0.86968 	    0.010480 	     0.010813 	     0.021293 
14500 	 15 	       31.263 	       31.098 	   0.87497 	   0.86974 	    0.010471 	     0.010802 	     0.021273 
14600 	 15 	       31.251 	       31.087 	   0.87500 	   0.86980 	    0.010463 	     0.010792 	     0.021255 
14700 	 15 	       31.240 	       31.078 	   0.87502 	   0.86984 	    0.010456 	     0.010783 	     0.021239 
14800 	 15 	       31.230 	       31.069 	   0.87504 	   0.86988 	    0.010450 	     0.010776 	     0.021226 
14900 	 15 	       31.222 	       31.063 	   0.87505 	   0.86991 	    0.010445 	     0.010770 	     0.021215 
15000 	 15 	       31.203 	       31.049 	   0.87519 	   0.87006 	    0.010437 	     0.010761 	     0.021198 
15100 	 15 	       31.168 	       31.018 	   0.87551 	   0.87036 	    0.010398 	     0.010724 	     0.021122 
15200 	 15 	       31.163 	       31.014 	   0.87556 	   0.87042 	    0.010394 	     0.010719 	     0.021112 
15300 	 15 	       31.159 	       31.013 	   0.87560 	   0.87045 	    0.010390 	     0.010715 	     0.021105 
15400 	 15 	       31.157 	       31.013 	   0.87562 	   0.87048 	    0.010388 	     0.010713 	     0.021100 
15500 	 15 	       31.155 	       31.014 	   0.87564 	   0.87050 	    0.010386 	     0.010711 	     0.021097 
15600 	 15 	       31.153 	       31.016 	   0.87565 	   0.87052 	    0.010385 	     0.010710 	     0.021095 
15700 	 15 	       31.152 	       31.017 	   0.87567 	   0.87053 	    0.010384 	     0.010709 	     0.021093 
15800 	 15 	       31.152 	       31.019 	   0.87568 	   0.87054 	    0.010384 	     0.010709 	     0.021093 
15900 	 15 	       31.151 	       31.022 	   0.87569 	   0.87055 	    0.010385 	     0.010709 	     0.021094 
16000 	 15 	       31.137 	       31.011 	   0.87581 	   0.87066 	    0.010379 	     0.010704 	     0.021083 
16100 	 15 	       31.106 	       30.986 	   0.87610 	   0.87092 	    0.010347 	     0.010674 	     0.021021 
16200 	 15 	       31.103 	       30.985 	   0.87615 	   0.87097 	    0.010345 	     0.010673 	     0.021018 
16300 	 15 	       31.101 	       30.986 	   0.87618 	   0.87099 	    0.010344 	     0.010672 	     0.021016 
16400 	 15 	       31.100 	       30.988 	   0.87620 	   0.87102 	    0.010344 	     0.010671 	     0.021015 
16500 	 15 	       31.099 	       30.989 	   0.87622 	   0.87103 	    0.010343 	     0.010672 	     0.021015 
16600 	 15 	       31.099 	       30.991 	   0.87624 	   0.87105 	    0.010344 	     0.010672 	     0.021016 
16700 	 15 	       31.098 	       30.993 	   0.87626 	   0.87106 	    0.010344 	     0.010673 	     0.021017 
16800 	 15 	       31.098 	       30.994 	   0.87627 	   0.87107 	    0.010345 	     0.010674 	     0.021019 
16900 	 15 	       31.098 	       30.996 	   0.87628 	   0.87108 	    0.010346 	     0.010675 	     0.021021 
17000 	 15 	       31.085 	       30.987 	   0.87638 	   0.87117 	    0.010340 	     0.010670 	     0.021010 
17100 	 15 	       31.057 	       30.964 	   0.87665 	   0.87141 	    0.010310 	     0.010642 	     0.020952 
17200 	 15 	       31.054 	       30.963 	   0.87669 	   0.87145 	    0.010309 	     0.010641 	     0.020950 
17300 	 15 	       31.053 	       30.964 	   0.87672 	   0.87147 	    0.010308 	     0.010641 	     0.020949 
17400 	 15 	       31.052 	       30.965 	   0.87675 	   0.87149 	    0.010308 	     0.010641 	     0.020949 
17500 	 15 	       31.052 	       30.966 	   0.87677 	   0.87151 	    0.010308 	     0.010641 	     0.020949 
17600 	 15 	       31.051 	       30.967 	   0.87679 	   0.87152 	    0.010309 	     0.010642 	     0.020951 
17700 	 15 	       31.051 	       30.969 	   0.87680 	   0.87154 	    0.010310 	     0.010643 	     0.020952 
17800 	 15 	       31.051 	       30.971 	   0.87682 	   0.87155 	    0.010310 	     0.010644 	     0.020954 
17900 	 15 	       31.051 	       30.972 	   0.87683 	   0.87156 	    0.010312 	     0.010645 	     0.020956 
18000 	 15 	       31.040 	       30.964 	   0.87692 	   0.87163 	    0.010305 	     0.010639 	     0.020943 
18100 	 15 	       31.014 	       30.942 	   0.87716 	   0.87185 	    0.010276 	     0.010612 	     0.020888 
18200 	 15 	       31.011 	       30.941 	   0.87720 	   0.87189 	    0.010275 	     0.010611 	     0.020886 
18300 	 15 	       31.011 	       30.941 	   0.87724 	   0.87191 	    0.010274 	     0.010611 	     0.020885 
18400 	 15 	       31.010 	       30.942 	   0.87726 	   0.87193 	    0.010274 	     0.010611 	     0.020885 
18500 	 15 	       31.010 	       30.944 	   0.87728 	   0.87195 	    0.010274 	     0.010611 	     0.020885 
18600 	 15 	       31.010 	       30.945 	   0.87730 	   0.87197 	    0.010274 	     0.010612 	     0.020886 
18700 	 15 	       31.010 	       30.947 	   0.87732 	   0.87198 	    0.010275 	     0.010612 	     0.020887 
18800 	 15 	       31.011 	       30.948 	   0.87734 	   0.87200 	    0.010276 	     0.010613 	     0.020889 
18900 	 15 	       31.011 	       30.950 	   0.87736 	   0.87201 	    0.010276 	     0.010614 	     0.020891 
19000 	 15 	       31.002 	       30.942 	   0.87743 	   0.87207 	    0.010268 	     0.010607 	     0.020875 
19100 	 15 	       30.979 	       30.923 	   0.87766 	   0.87227 	    0.010240 	     0.010581 	     0.020822 
19200 	 15 	       30.977 	       30.922 	   0.87770 	   0.87231 	    0.010239 	     0.010580 	     0.020819 
19300 	 15 	       30.978 	       30.923 	   0.87773 	   0.87234 	    0.010238 	     0.010579 	     0.020817 
19400 	 15 	       30.978 	       30.924 	   0.87776 	   0.87236 	    0.010237 	     0.010579 	     0.020816 
19500 	 15 	       30.979 	       30.926 	   0.87778 	   0.87238 	    0.010237 	     0.010579 	     0.020816 
19600 	 15 	       30.980 	       30.928 	   0.87781 	   0.87240 	    0.010237 	     0.010579 	     0.020816 
19700 	 15 	       30.981 	       30.930 	   0.87783 	   0.87242 	    0.010237 	     0.010579 	     0.020816 
19800 	 15 	       30.982 	       30.932 	   0.87785 	   0.87244 	    0.010237 	     0.010579 	     0.020816 
19900 	 15 	       30.983 	       30.935 	   0.87787 	   0.87245 	    0.010237 	     0.010580 	     0.020817 
20000 	 15 	       30.974 	       30.927 	   0.87794 	   0.87251 	    0.010227 	     0.010570 	     0.020797 
100 	 16 	       49.637 	       49.557 	   0.50661 	   0.50462 	    0.065943 	     0.065918 	     0.131860 
