 -9.1289e+000 -1.7289e+001  2.0820e+001  6.2253e+000 -3.3992e+001
  3.5893e+000 -1.7328e+001 -1.3231e+001 -6.5416e+000 -3.2238e+000
 -1.7122e+001 -2.0928e+001 -1.9387e-001 -1.9532e+001  8.0015e-001
 -9.0178e-001
  6.9906e+000
 -9.08292347e-001 -9.10502146e-001  -9.13166229e-001 -4.31663016e+000 -4.31663016e+000  -4.31663016e+000 7.92142350e+000 7.92104167e+000  7.92009124e+000 -4.63641315e+000 -4.63642717e+000  -4.63644697e+000 -1.67269529e+000 -1.67279004e+000  -1.67285651e+000
 4.15114769e-002 4.15094561e-002  4.15048711e-002 3.02824513e+000 3.02717352e+000  3.02469747e+000 4.73939120e+000 4.73939961e+000  4.73941972e+000 3.19965582e+000 3.19893956e+000  3.19787781e+000 -5.48595693e+000 -5.48595511e+000  -5.48595127e+000
 -8.71752201e+000 -8.71752485e+000  -8.71752730e+000 -7.13233006e-001 -7.09669356e-001  -7.06689180e-001 1.23864580e+000 1.23561394e+000  1.23090151e+000 1.21718564e+001 1.21718626e+001  1.21718782e+001 -2.41211608e+000 -2.41222567e+000  -2.41240655e+000
 -2.96741020e-001 -2.96213484e-001  -2.95358978e-001
 -5.92586971e+000 -5.92586971e+000  -5.92586971e+000 -8.84400678e-002 -8.84400678e-002  -8.84400678e-002 5.48591518e-001 5.48591518e-001  5.48591518e-001 6.06340014e+000 6.06340014e+000  6.06340014e+000 -1.47249253e+001 -1.47249253e+001  -1.47249253e+001
 -4.13221191e+000 -4.13221191e+000  -4.13221191e+000 -9.55906368e+000 -9.55906368e+000  -9.55906368e+000 -7.17616194e+000 -7.17616194e+000  -7.17616194e+000 -1.61397010e+000 -1.61397010e+000  -1.61397010e+000 -1.21276610e+000 -1.21276610e+000  -1.21276610e+000
 -8.69200325e+000 -8.69200325e+000  -8.69200325e+000 -7.98392732e+000 -7.98392732e+000  -7.98392732e+000 2.80449794e+000 2.80449794e+000  2.80449794e+000 -1.44490914e+001 -1.44490914e+001  -1.44490914e+001 -2.93629389e+000 -2.93629389e+000  -2.93629389e+000
 2.79851646e-001 2.79851646e-001  2.79851646e-001
 -2.79772920e+000 -2.79772920e+000  -2.79772920e+000 3.82806451e+000 3.82806451e+000  3.82806451e+000 -1.79082244e+000 -1.79082244e+000  -1.79082244e+000 3.16897579e+000 3.16897579e+000  3.16897579e+000 2.52374698e-001 2.52374698e-001  2.52374698e-001
 -5.67615197e+000 -5.67615197e+000  -5.67615197e+000 5.33721263e+000 5.33721263e+000  5.33721263e+000 4.94592089e-001 4.94592089e-001  4.94592089e-001 -1.50156533e+000 -1.50156533e+000  -1.50156533e+000 6.10370212e+000 6.10370212e+000  6.10370212e+000
 -1.42354547e+000 -1.42354547e+000  -1.42354547e+000 3.67631752e-002 3.67631752e-002  3.67631752e-002 4.64174176e+000 4.64174176e+000  4.64174176e+000 -3.61679614e+000 -3.61679614e+000  -3.61679614e+000 1.14182632e+001 1.14182632e+001  1.14182632e+001
 6.93701108e-002 6.93701108e-002  6.93701108e-002
 9.76916505e-003 9.76916505e-003  9.76916505e-003 -9.60775413e+000 -9.60775413e+000  -9.60775413e+000 3.41175281e+000 3.41175281e+000  3.41175281e+000 -1.98807279e+000 -1.98807279e+000  -1.98807279e+000 -9.02238824e+000 -9.02238824e+000  -9.02238824e+000
 4.20483751e+000 4.20483751e+000  4.20483751e+000 6.81969924e-001 6.81969924e-001  6.81969924e-001 -7.64527231e+000 -7.64527231e+000  -7.64527231e+000 -4.37271954e+000 -4.37271954e+000  -4.37271954e+000 1.39095113e+000 1.39095113e+000  1.39095113e+000
 8.58675751e+000 8.58675751e+000  8.58675751e+000 -6.16525519e+000 -6.16525519e+000  -6.16525519e+000 2.02205977e+000 2.02205977e+000  2.02205977e+000 7.22395046e-001 7.22395046e-001  7.22395046e-001 -6.12205163e+000 -6.12205163e+000  -6.12205163e+000
 -5.90941334e-001 -5.90941334e-001  -5.90941334e-001
 -2.77532295e+000 -2.77532295e+000  -2.77532295e+000 -9.71010639e-001 -9.71010639e-001  -9.71010639e-001 1.33540119e+001 1.33540119e+001  1.33540119e+001 2.62825544e+000 2.62825544e+000  2.62825544e+000 -8.35583854e+000 -8.35583854e+000  -8.35583854e+000
 3.95557426e+000 3.95557426e+000  3.95557426e+000 5.38379907e+000 5.38379907e+000  5.38379907e+000 -7.05693755e-002 -7.05693755e-002  -7.05693755e-002 1.87867690e+000 1.87867690e+000  1.87867690e+000 -4.94996215e+000 -4.94996215e+000  -4.94996215e+000
 -7.14452956e+000 -7.14452956e+000  -7.14452956e+000 -6.00857903e+000 -6.00857903e+000  -6.00857903e+000 1.42787857e+000 1.42787857e+000  1.42787857e+000 -3.05401166e+000 -3.05401166e+000  -3.05401166e+000 -2.59204263e+000 -2.59204263e+000  -2.59204263e+000
 1.05804188e+000 1.05804188e+000  1.05804188e+000
 -8.96885400e+000 -8.96885400e+000  -8.96885400e+000 -2.68524079e+001 -2.68524079e+001  -2.68524079e+001 4.11313575e+000 4.11313575e+000  4.11313575e+000 -5.20188563e+000 -5.20188563e+000  -5.20188563e+000 -5.75141228e+000 -5.75141203e+000  -5.75141140e+000
 -8.86980844e+000 -8.86980844e+000  -8.86980844e+000 -2.19165917e+001 -2.19165917e+001  -2.19165917e+001 -2.03018940e+000 -2.03018940e+000  -2.03018941e+000 -5.72522284e+000 -5.72522284e+000  -5.72522284e+000 1.92832375e+000 1.92832309e+000  1.92832144e+000
 -4.76008345e+000 -4.76008345e+000  -4.76008344e+000 -4.68425660e+000 -4.68425727e+000  -4.68425894e+000 3.16558142e+000 3.16558142e+000  3.16558142e+000 -7.44026764e+000 -7.44026775e+000  -7.44026801e+000 -3.57861601e+000 -3.57861601e+000  -3.57861600e+000
 -1.77182683e+000 -1.77182697e+000  -1.77182731e+000
 8.01694396e+000 8.01694396e+000  8.01694396e+000 1.73748720e+001 1.73748720e+001  1.73748720e+001 -1.66474123e+000 -1.66474123e+000  -1.66474123e+000 4.64248152e+000 4.64248152e+000  4.64248152e+000 -1.83230367e+000 -1.83230367e+000  -1.83230367e+000
 1.30157356e+001 1.30157356e+001  1.30157356e+001 -6.95822297e+000 -6.95822297e+000  -6.95822297e+000 -4.93083069e+000 -4.93083069e+000  -4.93083069e+000 -3.77447538e+000 -3.77447538e+000  -3.77447538e+000 -4.83730723e+000 -4.83730723e+000  -4.83730723e+000
 7.77149341e-001 7.77149341e-001  7.77149341e-001 -2.63230516e+000 -2.63230516e+000  -2.63230516e+000 -1.44221405e+001 -1.44221405e+001  -1.44221405e+001 -7.82341969e+000 -7.82341969e+000  -7.82341969e+000 6.28662358e+000 6.28662358e+000  6.28662358e+000
 -2.50361328e-001 -2.50361328e-001  -2.50361328e-001
 -8.14257980e+000 -8.14257980e+000  -8.14257980e+000 -3.36977878e+000 -3.36977878e+000  -3.36977878e+000 -7.43925276e+000 -7.43925276e+000  -7.43925276e+000 -8.25900270e+000 -8.25900270e+000  -8.25900270e+000 1.92215095e+001 1.92215095e+001  1.92215095e+001
 -1.33394392e+000 -1.33394392e+000  -1.33394392e+000 1.81768647e+001 1.81768647e+001  1.81768647e+001 -1.97120915e+000 -1.97120915e+000  -1.97120915e+000 -1.48118831e+000 -1.48118831e+000  -1.48118831e+000 1.09529173e+001 1.09529173e+001  1.09529173e+001
 -5.73865210e+000 -5.73865210e+000  -5.73865210e+000 -5.97527040e-002 -5.97527040e-002  -5.97527040e-002 3.14186849e+000 3.14186849e+000  3.14186849e+000 1.08268033e+001 1.08268033e+001  1.08268033e+001 -3.42349228e+000 -3.42349228e+000  -3.42349228e+000
 2.75865700e-001 2.75865700e-001  2.75865700e-001
 -5.10963108e+001 -5.10963225e+001  -5.10963365e+001 5.37077253e+001 5.37077253e+001  5.37077253e+001 -2.12759615e+001 -2.12759635e+001  -2.12759686e+001 -2.34362478e+001 -2.34362478e+001  -2.34362480e+001 7.96490469e+000 7.96490427e+000  7.96490410e+000
 4.56118649e+000 4.56118648e+000  4.56118646e+000 2.98531576e+001 2.98531519e+001  2.98531388e+001 1.76284631e+001 1.76284631e+001  1.76284632e+001 1.49224608e+000 1.49224229e+000  1.49223668e+000 -2.32679529e+000 -2.32679548e+000  -2.32679596e+000
 -1.61324676e+001 -1.61324676e+001  -1.61324677e+001 1.69380404e+000 1.69382267e+000  1.69383791e+000 3.16453722e+001 3.16453562e+001  3.16453313e+001 9.32925964e-001 9.32925966e-001  9.32925970e-001 -7.33334159e+000 -7.33334217e+000  -7.33334313e+000
 1.08127220e-002 1.08154680e-002  1.08198796e-002
 2.20303905e+000 2.20219265e+000  2.20113280e+000 3.97183029e+000 3.97183029e+000  3.97183029e+000 1.08770135e+001 1.08768400e+001  1.08764078e+001 -1.49051983e+001 -1.49052038e+001  -1.49052117e+001 -3.62210682e+000 -3.62214146e+000  -3.62216513e+000
 -1.21701985e-001 -1.21702873e-001  -1.21704918e-001 -3.45014588e+001 -3.45019192e+001  -3.45029953e+001 2.71339353e+001 2.71339390e+001  2.71339481e+001 1.30443493e+000 1.30415129e+000  1.30371132e+000 4.69680567e+000 4.69680615e+000  4.69680709e+000
 -2.30469112e+001 -2.30469122e+001  -2.30469131e+001 -8.27704297e+000 -8.27573352e+000  -8.27464903e+000 4.05852157e+000 4.05731400e+000  4.05535373e+000 -2.37148672e+000 -2.37148393e+000  -2.37147697e+000 -1.34186904e+000 -1.34191330e+000  -1.34198958e+000
 -5.96362920e-001 -5.96150658e-001  -5.95791450e-001
 8.60256904e+000 8.60109797e+000  8.59936201e+000 8.06366557e-001 8.06366557e-001  8.06366557e-001 -3.25280514e+001 -3.25282672e+001  -3.25288039e+001 -3.37863082e+000 -3.37864000e+000  -3.37865261e+000 3.20382597e+001 3.20381958e+001  3.20381515e+001
 -1.04894281e+001 -1.04894293e+001  -1.04894320e+001 2.79675589e+001 2.79668703e+001  2.79652866e+001 -4.89972851e+000 -4.89972355e+000  -4.89971177e+000 1.83034753e-001 1.82568012e-001  1.81895968e-001 -3.99710772e+000 -3.99710709e+000  -3.99710597e+000
 2.48974283e+001 2.48974264e+001  2.48974248e+001 2.20033220e+001 2.20057305e+001  2.20077270e+001 -1.04499264e+000 -1.04695238e+000  -1.04990538e+000 2.07021331e+001 2.07021365e+001  2.07021450e+001 -2.19514136e+000 -2.19521152e+000  -2.19532375e+000
 -6.88437232e-001 -6.88098237e-001  -6.87565954e-001
 1.10302381e+001 1.10290168e+001  1.10275874e+001 2.10018070e+000 2.10018070e+000  2.10018070e+000 -2.90280791e+001 -2.90282462e+001  -2.90286616e+001 -3.64529214e+000 -3.64529972e+000  -3.64531000e+000 4.09992534e+001 4.09991999e+001  4.09991631e+001
 -1.10465910e+001 -1.10465919e+001  -1.10465940e+001 3.53318218e+001 3.53312579e+001  3.53299634e+001 -3.70672328e+000 -3.70671936e+000  -3.70671009e+000 2.54705563e+000 2.54667131e+000  2.54612430e+000 -8.03775363e+000 -8.03775314e+000  -8.03775232e+000
 3.37623056e+001 3.37623040e+001  3.37623027e+001 2.91249741e+001 2.91269852e+001  2.91286469e+001 5.56512039e-001 5.54903460e-001  5.52509720e-001 2.87881926e+001 2.87881952e+001  2.87882017e+001 -1.91424996e+000 -1.91430733e+000  -1.91439793e+000
 -9.21883180e-001 -9.21605547e-001  -9.21175063e-001
 -3.61264429e+000 -3.61264429e+000  -3.61264429e+000 -5.08715643e+000 -5.08715643e+000  -5.08715643e+000 1.45001169e+001 1.45001169e+001  1.45001169e+001 2.56811099e-001 2.56811099e-001  2.56811099e-001 -5.65469069e+000 -5.65469069e+000  -5.65469069e+000
 -4.47319014e+000 -4.47319014e+000  -4.47319014e+000 -1.06416850e+000 -1.06416850e+000  -1.06416850e+000 -4.21001135e+000 -4.21001135e+000  -4.21001135e+000 1.14537848e+000 1.14537848e+000  1.14537848e+000 -1.01438894e+001 -1.01438894e+001  -1.01438894e+001
 5.83027067e-001 5.83027067e-001  5.83027067e-001 -3.65387555e+000 -3.65387555e+000  -3.65387555e+000 3.47098948e-001 3.47098948e-001  3.47098948e-001 -1.58175309e+000 -1.58175309e+000  -1.58175309e+000 -1.69321750e-001 -1.69321750e-001  -1.69321750e-001
 -4.42345315e-001 -4.42345315e-001  -4.42345315e-001
 -2.17477425e+000 -2.17477425e+000  -2.17477425e+000 -4.87339491e+000 -4.87339491e+000  -4.87339491e+000 1.63650062e+001 1.63650062e+001  1.63650062e+001 -9.47503581e-002 -9.47503581e-002  -9.47503581e-002 -8.27985851e+000 -8.27985851e+000  -8.27985851e+000
 7.52516462e+000 7.52516462e+000  7.52516462e+000 -7.80123160e+000 -7.80123160e+000  -7.80123160e+000 -2.81443369e+000 -2.81443369e+000  -2.81443369e+000 -6.85891831e+000 -6.85891831e+000  -6.85891831e+000 -4.39731888e+000 -4.39731888e+000  -4.39731888e+000
 -3.62712473e+000 -3.62712473e+000  -3.62712473e+000 -5.79334435e+000 -5.79334435e+000  -5.79334435e+000 -1.00203243e-001 -1.00203243e-001  -1.00203243e-001 -2.90531927e+000 -2.90531927e+000  -2.90531927e+000 2.11911940e+000 2.11911940e+000  2.11911940e+000
 -6.97103035e-001 -6.97103035e-001  -6.97103035e-001
 -3.51712057e+000 -3.51712057e+000  -3.51712057e+000 -5.15136537e+000 -5.15136537e+000  -5.15136537e+000 -2.72647752e+000 -2.72647752e+000  -2.72647752e+000 2.46390991e+000 2.46390991e+000  2.46390991e+000 -1.29601661e+001 -1.29601661e+001  -1.29601661e+001
 -2.07230015e-001 -2.07230015e-001  -2.07230015e-001 -7.05898255e+000 -7.05898255e+000  -7.05898255e+000 -4.80075477e+000 -4.80075477e+000  -4.80075477e+000 -3.41325147e+000 -3.41325147e+000  -3.41325147e+000 4.12180703e+000 4.12180703e+000  4.12180703e+000
 -8.70699352e+000 -8.70699352e+000  -8.70699352e+000 -8.73483914e+000 -8.73483914e+000  -8.73483914e+000 6.83408118e-001 6.83408118e-001  6.83408118e-001 -8.87406105e+000 -8.87406105e+000  -8.87406105e+000 -1.07637833e+000 -1.07637833e+000  -1.07637833e+000
 1.06786904e-001 1.06786904e-001  1.06786904e-001
 -3.87888236e+000 -3.88109215e+000  -3.88375624e+000 -5.30332694e+000 -5.30332694e+000  -5.30332694e+000 -1.97510180e+000 -1.97548363e+000  -1.97643406e+000 2.37309172e+000 2.37307770e+000  2.37305790e+000 -1.38380231e+001 -1.38381176e+001  -1.38381835e+001
 1.21321458e-001 1.21319437e-001  1.21314852e-001 -7.59956046e+000 -7.60063208e+000  -7.60310813e+000 -4.26300295e+000 -4.26299454e+000  -4.26297444e+000 -2.19986237e+000 -2.20057863e+000  -2.20164038e+000 3.99148181e+000 3.99148297e+000  3.99148516e+000
 -8.93546061e+000 -8.93546344e+000  -8.93546589e+000 -9.22937984e+000 -9.22581686e+000  -9.22283836e+000 7.39444303e-001 7.36412438e-001  7.31700009e-001 -9.28458919e+000 -9.28458303e+000  -9.28456766e+000 -8.09652821e-001 -8.09762404e-001  -8.09943276e-001
 -4.69945435e-001 -4.69418036e-001  -4.68563872e-001
 -2.21809176e+000 -2.21686362e+000 -2.21544282e+000
 -2.72108725e+000 -2.72108725e+000 -2.72108725e+000
 -1.46668705e+000 -1.46572980e+000 -1.46333950e+000
 -8.39651171e-001 -8.39634431e-001 -8.39610788e-001
 -7.29163592e+000 -7.29162292e+000 -7.29161387e+000
 -9.67642411e-001 -9.67640320e-001 -9.67635576e-001
 -2.61737948e+000 -2.61212998e+000 -2.60650190e+000
 3.94483873e-001 3.94505236e-001 3.94556285e-001
 -3.33337869e+000 -3.33315748e+000 -3.33282986e+000
 2.66536816e+000 2.66536858e+000 2.66536939e+000
 -9.09365043e-001 -9.09361927e-001 -9.09359240e-001
 1.05674947e+001 1.05678594e+001 1.05681608e+001
 -8.74878255e+000 -8.74111532e+000 -8.72917785e+000
 1.52761113e+000 1.53565216e+000 1.54818053e+000
 -3.13279226e+000 -3.13275711e+000 -3.13269908e+000
 1.21505350e+000 1.21551071e+000 1.21625023e+000
