 -1.8805e+001 -6.8464e+000  6.0710e+000 -1.6504e+001 -3.7531e+000
  9.1517e+000 -2.1921e+001 -1.6254e+000 -7.5656e+000 -1.7498e+001
  9.0883e-001
 8.76698845e+001 8.76698845e+001  8.76698846e+001 7.13288979e+000 7.13290031e+000  7.13290504e+000 -1.30144268e+001 -1.30144268e+001  -1.30144268e+001 9.93272795e-001 9.93272390e-001  9.93272283e-001 1.66965807e+000 1.66964207e+000  1.66962798e+000
 -1.03121969e+001 -1.03121969e+001  -1.03121969e+001 3.98178210e-001 3.98178209e-001  3.98178209e-001 1.95438729e+001 1.95438729e+001  1.95438729e+001 3.03403990e+001 3.03403460e+001  3.03403032e+001 6.55559440e+000 6.55559973e+000  6.55560423e+000
 2.56539587e+000 2.56539589e+000  2.56539591e+000 1.34894445e+001 1.34894588e+001  1.34894646e+001 6.26311203e+000 6.26311203e+000  6.26311203e+000 2.07550586e+001 2.07550580e+001  2.07550579e+001 -1.32535196e+001 -1.32535413e+001  -1.32535588e+001
 -2.66014338e+001 -2.66014338e+001  -2.66014338e+001 2.43183082e+001 2.43183082e+001  2.43183082e+001 -6.80529777e+000 -6.80529777e+000  -6.80529777e+000 1.70490440e+000 1.70483247e+000  1.70477979e+000 -9.70665644e+000 -9.70664921e+000  -9.70664366e+000
 1.19276170e+000 1.19276173e+000  1.19276176e+000 -1.66003364e+000 -1.66001492e+000  -1.66000661e+000 -1.75829680e+001 -1.75829680e+001  -1.75829680e+001 2.77610898e+000 2.77610826e+000  2.77610807e+000 6.82802544e+000 6.82799697e+000  6.82797212e+000
 -1.41273504e+001 -1.41273504e+001  -1.41273504e+001 4.90363038e+000 4.90363038e+000  4.90363038e+000 1.22731607e+001 1.22731607e+001  1.22731607e+001 -2.61960653e-001 -2.62054975e-001  -2.62130019e-001 1.27644527e+001 1.27644622e+001  1.27644701e+001
 -1.70287664e+000 -1.70287661e+000  -1.70287659e+000 -1.37693086e+000 -1.37691551e+000  -1.37690874e+000 -1.70993611e+001 -1.70993611e+001  -1.70993611e+001 6.04869801e+000 6.04869741e+000  6.04869726e+000 9.53626936e+000 9.53624601e+000  9.53622576e+000
 -1.09005652e+001 -1.09005652e+001  -1.09005652e+001 8.02267129e+000 8.02267129e+000  8.02267129e+000 1.09229120e+001 1.09229120e+001  1.09229120e+001 1.20034069e+000 1.20026335e+000  1.20020219e+000 1.43230027e+001 1.43230105e+001  1.43230170e+001
 -1.74395629e+001 -1.74395629e+001  -1.74395629e+001 -5.13533878e+000 -5.13533878e+000  -5.13533878e+000 9.49641606e+000 9.49641606e+000  9.49641606e+000 -5.56637317e+000 -5.56637317e+000  -5.56637317e+000 2.61746978e+000 2.61746978e+000  2.61746978e+000
 -4.08862381e-001 -4.08862381e-001  -4.08862381e-001 -8.13262240e+000 -8.13262240e+000  -8.13262240e+000 -8.20842305e+000 -8.20842305e+000  -8.20842305e+000 -5.92339614e+000 -5.92339614e+000  -5.92339614e+000 -9.29396828e+000 -9.29396828e+000  -9.29396828e+000
 -1.58646961e+000 -1.58646961e+000  -1.58646961e+000 -1.08460875e-001 -1.08460875e-001  -1.08460875e-001 -4.49045529e+000 -4.49045529e+000  -4.49045529e+000 -1.05744383e+000 -1.05744383e+000  -1.05744383e+000 -7.75782869e+000 -7.75782869e+000  -7.75782869e+000
 1.77942649e+001 1.77942649e+001  1.77942649e+001 -3.48446237e+000 -3.48446237e+000  -3.48446237e+000 -7.40691658e+000 -7.40691658e+000  -7.40691658e+000 -5.35541357e-001 -5.35541357e-001  -5.35541357e-001 -1.11135991e+001 -1.11135991e+001  -1.11135991e+001
 -3.81275875e+000 -3.81275875e+000  -3.81275875e+000 -2.92157287e+000 -2.92157287e+000  -2.92157287e+000 6.20620050e-001 6.20620050e-001  6.20620050e-001 -1.02805974e+001 -1.02805974e+001  -1.02805974e+001 -1.28081521e+000 -1.28081521e+000  -1.28081521e+000
 -3.86215238e+000 -3.86215238e+000  -3.86215238e+000 -5.36224833e+000 -5.36224833e+000  -5.36224833e+000 4.67857468e+000 4.67857468e+000  4.67857468e+000 -2.25098892e+000 -2.25098892e+000  -2.25098892e+000 -7.59450263e+000 -7.59450263e+000  -7.59450263e+000
 -3.78188543e+000 -3.78188538e+000  -3.78188534e+000 -2.95879517e+000 -2.95876612e+000  -2.95875304e+000 3.13047860e-001 3.13047860e-001  3.13047860e-001 -5.69185703e+000 -5.69185815e+000  -5.69185845e+000 -7.65083532e-001 -7.65127703e-001  -7.65166844e-001
 -3.95451992e+000 -3.95451992e+000  -3.95451992e+000 -1.02796071e+001 -1.02796071e+001  -1.02796071e+001 4.66025061e+000 4.66025061e+000  4.66025061e+000 -2.31092258e+000 -2.31106890e+000  -2.31118709e+000 2.16744132e+000 2.16745603e+000  2.16746848e+000
 1.21963679e+001 1.21964905e+001 1.21965825e+001
 3.06840141e+000 3.06841175e+000 3.06841623e+000
 -2.28052076e+000 -2.28052076e+000 -2.28052076e+000
 -6.98605677e+000 -6.98605661e+000 -6.98605657e+000
 -1.82168113e+000 -1.82164782e+000 -1.82161397e+000
 -3.05516956e+000 -3.05516956e+000 -3.05516956e+000
 -7.44313916e+000 -7.44313916e+000 -7.44313916e+000
 -1.02854244e+000 -1.02841978e+000 -1.02832682e+000
 -1.58837055e+001 -1.58835929e+001 -1.58835091e+001
 1.08257171e+000 1.08258729e+000 1.08260075e+000
