 Normalized SSE per output and pattern 
Itr 	 HN 	 MARE-tr 	 MARE-ts 	 R2tr 	 R2ts 	 SSENtr 	 SSENts	 SSENcomb
100 	 12 	       46.399 	       45.044 	   0.85138 	   0.85075 	    0.014753 	     0.014755 	     0.029508 
200 	 12 	       39.516 	       38.261 	   0.85475 	   0.85446 	    0.012720 	     0.012703 	     0.025424 
300 	 12 	       41.636 	       40.338 	   0.84481 	   0.84392 	    0.013743 	     0.013770 	     0.027513 
400 	 12 	       36.224 	       35.074 	   0.83928 	   0.83884 	    0.011899 	     0.011910 	     0.023810 
500 	 12 	       36.189 	       35.180 	   0.84240 	   0.84266 	    0.011417 	     0.011376 	     0.022793 
600 	 12 	       36.448 	       35.710 	   0.84618 	   0.84665 	    0.011233 	     0.011178 	     0.022411 
700 	 12 	       38.023 	       37.278 	   0.84262 	   0.84331 	    0.012020 	     0.011949 	     0.023970 
800 	 12 	       39.460 	       38.621 	   0.84307 	   0.84337 	    0.013588 	     0.013542 	     0.027130 
900 	 12 	       40.633 	       39.643 	   0.84240 	   0.84242 	    0.014626 	     0.014606 	     0.029233 
1000 	 12 	       36.206 	       35.238 	   0.84994 	   0.85034 	    0.012705 	     0.012658 	     0.025363 
1100 	 12 	       35.176 	       34.264 	   0.85479 	   0.85546 	    0.012260 	     0.012196 	     0.024456 
1200 	 12 	       36.333 	       35.358 	   0.85636 	   0.85688 	    0.013274 	     0.013223 	     0.026497 
1300 	 12 	       36.278 	       35.327 	   0.85474 	   0.85508 	    0.013282 	     0.013245 	     0.026528 
1400 	 12 	       36.255 	       35.347 	   0.85386 	   0.85411 	    0.013304 	     0.013274 	     0.026578 
1500 	 12 	       36.100 	       35.181 	   0.85557 	   0.85578 	    0.013211 	     0.013185 	     0.026396 
1600 	 12 	       35.758 	       34.797 	   0.85818 	   0.85836 	    0.012951 	     0.012928 	     0.025880 
1700 	 12 	       35.685 	       34.672 	   0.85983 	   0.85999 	    0.012806 	     0.012785 	     0.025591 
1800 	 12 	       35.818 	       34.718 	   0.85925 	   0.85943 	    0.012775 	     0.012754 	     0.025529 
1900 	 12 	       36.383 	       35.296 	   0.86003 	   0.86012 	    0.013269 	     0.013255 	     0.026524 
2000 	 12 	       33.318 	       32.272 	   0.86815 	   0.86845 	    0.011357 	     0.011332 	     0.022689 
2100 	 12 	       33.219 	       32.196 	   0.87338 	   0.87356 	    0.010969 	     0.010954 	     0.021923 
2200 	 12 	       33.035 	       32.031 	   0.87534 	   0.87547 	    0.010797 	     0.010786 	     0.021583 
2300 	 12 	       33.195 	       32.146 	   0.87761 	   0.87771 	    0.010863 	     0.010855 	     0.021718 
2400 	 12 	       33.376 	       32.317 	   0.87925 	   0.87934 	    0.011043 	     0.011034 	     0.022078 
2500 	 12 	       33.308 	       32.286 	   0.88056 	   0.88067 	    0.011069 	     0.011057 	     0.022126 
2600 	 12 	       33.105 	       32.132 	   0.88186 	   0.88200 	    0.010993 	     0.010978 	     0.021971 
2700 	 12 	       32.861 	       31.921 	   0.88294 	   0.88311 	    0.010879 	     0.010862 	     0.021741 
2800 	 12 	       32.533 	       31.613 	   0.88381 	   0.88399 	    0.010709 	     0.010690 	     0.021399 
2900 	 12 	       32.139 	       31.224 	   0.88431 	   0.88450 	    0.010482 	     0.010462 	     0.020944 
3000 	 12 	       30.511 	       29.618 	   0.88727 	   0.88762 	    0.009420 	     0.009389 	     0.018809 
3100 	 12 	       30.886 	       30.003 	   0.88767 	   0.88792 	    0.009634 	     0.009610 	     0.019244 
3200 	 12 	       30.758 	       29.892 	   0.88782 	   0.88806 	    0.009622 	     0.009600 	     0.019222 
3300 	 12 	       30.631 	       29.773 	   0.88801 	   0.88825 	    0.009612 	     0.009590 	     0.019201 
3400 	 12 	       30.520 	       29.664 	   0.88820 	   0.88843 	    0.009611 	     0.009590 	     0.019201 
3500 	 12 	       30.444 	       29.580 	   0.88832 	   0.88856 	    0.009624 	     0.009602 	     0.019225 
3600 	 12 	       30.395 	       29.516 	   0.88840 	   0.88865 	    0.009646 	     0.009623 	     0.019268 
3700 	 12 	       30.355 	       29.456 	   0.88849 	   0.88876 	    0.009670 	     0.009645 	     0.019315 
3800 	 12 	       30.325 	       29.403 	   0.88865 	   0.88893 	    0.009684 	     0.009659 	     0.019344 
3900 	 12 	       30.303 	       29.380 	   0.88883 	   0.88909 	    0.009659 	     0.009636 	     0.019296 
4000 	 12 	       29.222 	       28.295 	   0.89103 	   0.89136 	    0.008920 	     0.008892 	     0.017812 
4100 	 12 	       29.293 	       28.378 	   0.89229 	   0.89260 	    0.008904 	     0.008878 	     0.017782 
4200 	 12 	       29.228 	       28.308 	   0.89236 	   0.89266 	    0.008853 	     0.008828 	     0.017682 
4300 	 12 	       29.185 	       28.264 	   0.89215 	   0.89245 	    0.008826 	     0.008801 	     0.017628 
4400 	 12 	       29.119 	       28.197 	   0.89188 	   0.89218 	    0.008802 	     0.008777 	     0.017579 
4500 	 12 	       29.020 	       28.097 	   0.89168 	   0.89198 	    0.008770 	     0.008744 	     0.017514 
4600 	 12 	       28.902 	       27.981 	   0.89156 	   0.89187 	    0.008728 	     0.008702 	     0.017429 
4700 	 12 	       28.775 	       27.853 	   0.89152 	   0.89184 	    0.008678 	     0.008652 	     0.017329 
4800 	 12 	       28.639 	       27.720 	   0.89157 	   0.89189 	    0.008623 	     0.008596 	     0.017219 
4900 	 12 	       28.498 	       27.584 	   0.89170 	   0.89202 	    0.008565 	     0.008539 	     0.017104 
5000 	 12 	       27.855 	       26.945 	   0.89279 	   0.89316 	    0.008242 	     0.008211 	     0.016453 
5100 	 12 	       27.735 	       26.820 	   0.89464 	   0.89500 	    0.008126 	     0.008096 	     0.016223 
5200 	 12 	       27.595 	       26.689 	   0.89496 	   0.89531 	    0.008076 	     0.008047 	     0.016123 
5300 	 12 	       27.469 	       26.573 	   0.89526 	   0.89560 	    0.008034 	     0.008005 	     0.016039 
5400 	 12 	       27.352 	       26.467 	   0.89554 	   0.89587 	    0.007996 	     0.007968 	     0.015964 
5500 	 12 	       27.245 	       26.369 	   0.89580 	   0.89613 	    0.007964 	     0.007935 	     0.015899 
5600 	 12 	       27.150 	       26.279 	   0.89603 	   0.89636 	    0.007936 	     0.007908 	     0.015844 
5700 	 12 	       27.064 	       26.195 	   0.89623 	   0.89656 	    0.007914 	     0.007885 	     0.015799 
5800 	 12 	       26.985 	       26.119 	   0.89640 	   0.89673 	    0.007896 	     0.007867 	     0.015763 
5900 	 12 	       26.916 	       26.050 	   0.89653 	   0.89686 	    0.007882 	     0.007854 	     0.015736 
6000 	 12 	       26.617 	       25.745 	   0.89692 	   0.89729 	    0.007768 	     0.007736 	     0.015504 
6100 	 12 	       26.525 	       25.656 	   0.89855 	   0.89892 	    0.007661 	     0.007629 	     0.015289 
6200 	 12 	       26.468 	       25.606 	   0.89864 	   0.89901 	    0.007655 	     0.007623 	     0.015279 
6300 	 12 	       26.420 	       25.563 	   0.89871 	   0.89907 	    0.007654 	     0.007622 	     0.015275 
6400 	 12 	       26.379 	       25.526 	   0.89876 	   0.89912 	    0.007653 	     0.007622 	     0.015275 
6500 	 12 	       26.343 	       25.496 	   0.89880 	   0.89916 	    0.007653 	     0.007622 	     0.015275 
6600 	 12 	       26.310 	       25.471 	   0.89885 	   0.89920 	    0.007653 	     0.007622 	     0.015275 
6700 	 12 	       26.279 	       25.448 	   0.89890 	   0.89924 	    0.007653 	     0.007622 	     0.015274 
6800 	 12 	       26.249 	       25.425 	   0.89896 	   0.89930 	    0.007651 	     0.007620 	     0.015271 
6900 	 12 	       26.219 	       25.403 	   0.89904 	   0.89937 	    0.007648 	     0.007618 	     0.015265 
7000 	 12 	       26.074 	       25.261 	   0.89921 	   0.89957 	    0.007577 	     0.007545 	     0.015122 
7100 	 12 	       25.992 	       25.186 	   0.90073 	   0.90107 	    0.007481 	     0.007450 	     0.014931 
7200 	 12 	       25.967 	       25.171 	   0.90086 	   0.90118 	    0.007473 	     0.007443 	     0.014916 
7300 	 12 	       25.948 	       25.161 	   0.90099 	   0.90130 	    0.007465 	     0.007436 	     0.014901 
7400 	 12 	       25.930 	       25.152 	   0.90112 	   0.90142 	    0.007457 	     0.007429 	     0.014885 
7500 	 12 	       25.915 	       25.144 	   0.90125 	   0.90154 	    0.007448 	     0.007421 	     0.014869 
7600 	 12 	       25.903 	       25.138 	   0.90138 	   0.90166 	    0.007439 	     0.007413 	     0.014852 
7700 	 12 	       25.891 	       25.132 	   0.90151 	   0.90177 	    0.007430 	     0.007404 	     0.014834 
7800 	 12 	       25.880 	       25.126 	   0.90164 	   0.90189 	    0.007420 	     0.007396 	     0.014816 
7900 	 12 	       25.869 	       25.121 	   0.90176 	   0.90200 	    0.007411 	     0.007387 	     0.014798 
8000 	 12 	       25.794 	       25.043 	   0.90200 	   0.90224 	    0.007344 	     0.007319 	     0.014664 
8100 	 12 	       25.721 	       24.974 	   0.90322 	   0.90346 	    0.007272 	     0.007248 	     0.014519 
8200 	 12 	       25.714 	       24.973 	   0.90333 	   0.90356 	    0.007263 	     0.007239 	     0.014502 
8300 	 12 	       25.708 	       24.973 	   0.90344 	   0.90365 	    0.007254 	     0.007232 	     0.014486 
8400 	 12 	       25.705 	       24.976 	   0.90353 	   0.90374 	    0.007247 	     0.007225 	     0.014472 
8500 	 12 	       25.706 	       24.982 	   0.90362 	   0.90382 	    0.007240 	     0.007219 	     0.014458 
8600 	 12 	       25.708 	       24.989 	   0.90370 	   0.90390 	    0.007234 	     0.007213 	     0.014446 
8700 	 12 	       25.709 	       24.995 	   0.90378 	   0.90396 	    0.007228 	     0.007208 	     0.014435 
8800 	 12 	       25.711 	       25.002 	   0.90384 	   0.90402 	    0.007223 	     0.007203 	     0.014426 
8900 	 12 	       25.713 	       25.010 	   0.90390 	   0.90407 	    0.007218 	     0.007199 	     0.014417 
9000 	 12 	       25.674 	       24.972 	   0.90410 	   0.90428 	    0.007163 	     0.007143 	     0.014306 
9100 	 12 	       25.599 	       24.907 	   0.90506 	   0.90523 	    0.007108 	     0.007089 	     0.014197 
9200 	 12 	       25.601 	       24.916 	   0.90510 	   0.90527 	    0.007104 	     0.007085 	     0.014189 
9300 	 12 	       25.604 	       24.925 	   0.90514 	   0.90530 	    0.007101 	     0.007082 	     0.014183 
9400 	 12 	       25.607 	       24.934 	   0.90518 	   0.90533 	    0.007097 	     0.007079 	     0.014177 
9500 	 12 	       25.611 	       24.943 	   0.90522 	   0.90536 	    0.007095 	     0.007077 	     0.014172 
9600 	 12 	       25.614 	       24.953 	   0.90524 	   0.90538 	    0.007092 	     0.007075 	     0.014167 
9700 	 12 	       25.618 	       24.962 	   0.90527 	   0.90540 	    0.007090 	     0.007073 	     0.014164 
9800 	 12 	       25.621 	       24.970 	   0.90529 	   0.90542 	    0.007089 	     0.007072 	     0.014161 
9900 	 12 	       25.624 	       24.978 	   0.90531 	   0.90543 	    0.007087 	     0.007071 	     0.014158 
10000 	 12 	       25.596 	       24.952 	   0.90550 	   0.90563 	    0.007040 	     0.007023 	     0.014062 
10100 	 12 	       25.520 	       24.881 	   0.90630 	   0.90642 	    0.006993 	     0.006976 	     0.013969 
10200 	 12 	       25.522 	       24.890 	   0.90631 	   0.90643 	    0.006991 	     0.006975 	     0.013966 
10300 	 12 	       25.523 	       24.897 	   0.90633 	   0.90645 	    0.006989 	     0.006973 	     0.013963 
10400 	 12 	       25.523 	       24.904 	   0.90635 	   0.90646 	    0.006988 	     0.006972 	     0.013960 
10500 	 12 	       25.522 	       24.910 	   0.90636 	   0.90647 	    0.006987 	     0.006971 	     0.013958 
10600 	 12 	       25.521 	       24.916 	   0.90638 	   0.90648 	    0.006985 	     0.006970 	     0.013956 
10700 	 12 	       25.520 	       24.921 	   0.90638 	   0.90648 	    0.006985 	     0.006970 	     0.013954 
10800 	 12 	       25.519 	       24.926 	   0.90639 	   0.90649 	    0.006984 	     0.006969 	     0.013953 
10900 	 12 	       25.518 	       24.930 	   0.90640 	   0.90649 	    0.006983 	     0.006969 	     0.013952 
11000 	 12 	       25.487 	       24.904 	   0.90661 	   0.90671 	    0.006939 	     0.006923 	     0.013862 
11100 	 12 	       25.407 	       24.831 	   0.90732 	   0.90741 	    0.006895 	     0.006880 	     0.013776 
11200 	 12 	       25.404 	       24.835 	   0.90734 	   0.90743 	    0.006894 	     0.006879 	     0.013773 
11300 	 12 	       25.402 	       24.840 	   0.90735 	   0.90744 	    0.006893 	     0.006878 	     0.013771 
11400 	 12 	       25.401 	       24.844 	   0.90736 	   0.90745 	    0.006891 	     0.006877 	     0.013769 
11500 	 12 	       25.400 	       24.848 	   0.90738 	   0.90746 	    0.006890 	     0.006876 	     0.013767 
11600 	 12 	       25.398 	       24.851 	   0.90738 	   0.90746 	    0.006890 	     0.006876 	     0.013765 
11700 	 12 	       25.397 	       24.854 	   0.90739 	   0.90747 	    0.006889 	     0.006875 	     0.013764 
11800 	 12 	       25.395 	       24.857 	   0.90740 	   0.90748 	    0.006888 	     0.006875 	     0.013763 
11900 	 12 	       25.393 	       24.859 	   0.90741 	   0.90748 	    0.006888 	     0.006874 	     0.013762 
12000 	 12 	       25.361 	       24.830 	   0.90765 	   0.90772 	    0.006844 	     0.006830 	     0.013675 
12100 	 12 	       25.281 	       24.755 	   0.90829 	   0.90836 	    0.006803 	     0.006790 	     0.013593 
12200 	 12 	       25.277 	       24.756 	   0.90831 	   0.90838 	    0.006802 	     0.006789 	     0.013591 
12300 	 12 	       25.275 	       24.758 	   0.90832 	   0.90839 	    0.006801 	     0.006788 	     0.013588 
12400 	 12 	       25.273 	       24.760 	   0.90833 	   0.90840 	    0.006800 	     0.006787 	     0.013586 
12500 	 12 	       25.272 	       24.762 	   0.90835 	   0.90841 	    0.006799 	     0.006786 	     0.013585 
12600 	 12 	       25.272 	       24.764 	   0.90835 	   0.90842 	    0.006798 	     0.006785 	     0.013584 
12700 	 12 	       25.271 	       24.766 	   0.90836 	   0.90842 	    0.006798 	     0.006785 	     0.013583 
12800 	 12 	       25.270 	       24.767 	   0.90837 	   0.90843 	    0.006797 	     0.006785 	     0.013582 
12900 	 12 	       25.270 	       24.769 	   0.90837 	   0.90843 	    0.006797 	     0.006784 	     0.013581 
13000 	 12 	       25.237 	       24.738 	   0.90864 	   0.90870 	    0.006754 	     0.006742 	     0.013496 
13100 	 12 	       25.162 	       24.665 	   0.90922 	   0.90928 	    0.006716 	     0.006703 	     0.013419 
13200 	 12 	       25.158 	       24.664 	   0.90924 	   0.90930 	    0.006715 	     0.006702 	     0.013417 
13300 	 12 	       25.156 	       24.665 	   0.90925 	   0.90931 	    0.006714 	     0.006701 	     0.013415 
13400 	 12 	       25.155 	       24.666 	   0.90926 	   0.90932 	    0.006713 	     0.006701 	     0.013414 
13500 	 12 	       25.155 	       24.668 	   0.90927 	   0.90932 	    0.006712 	     0.006700 	     0.013413 
13600 	 12 	       25.155 	       24.670 	   0.90928 	   0.90933 	    0.006712 	     0.006700 	     0.013412 
13700 	 12 	       25.155 	       24.672 	   0.90928 	   0.90933 	    0.006712 	     0.006700 	     0.013412 
13800 	 12 	       25.155 	       24.674 	   0.90928 	   0.90933 	    0.006712 	     0.006700 	     0.013412 
13900 	 12 	       25.155 	       24.675 	   0.90928 	   0.90933 	    0.006712 	     0.006700 	     0.013412 
14000 	 12 	       25.121 	       24.643 	   0.90956 	   0.90961 	    0.006671 	     0.006659 	     0.013329 
14100 	 12 	       25.050 	       24.574 	   0.91010 	   0.91014 	    0.006634 	     0.006622 	     0.013257 
14200 	 12 	       25.046 	       24.573 	   0.91011 	   0.91016 	    0.006633 	     0.006622 	     0.013255 
14300 	 12 	       25.045 	       24.575 	   0.91012 	   0.91017 	    0.006633 	     0.006621 	     0.013254 
14400 	 12 	       25.045 	       24.577 	   0.91013 	   0.91017 	    0.006632 	     0.006621 	     0.013253 
14500 	 12 	       25.046 	       24.579 	   0.91013 	   0.91017 	    0.006632 	     0.006621 	     0.013253 
14600 	 12 	       25.047 	       24.582 	   0.91013 	   0.91017 	    0.006632 	     0.006621 	     0.013254 
14700 	 12 	       25.048 	       24.584 	   0.91013 	   0.91017 	    0.006633 	     0.006621 	     0.013254 
14800 	 12 	       25.048 	       24.587 	   0.91013 	   0.91017 	    0.006633 	     0.006622 	     0.013255 
14900 	 12 	       25.049 	       24.589 	   0.91012 	   0.91016 	    0.006633 	     0.006622 	     0.013256 
15000 	 12 	       25.014 	       24.556 	   0.91041 	   0.91044 	    0.006594 	     0.006583 	     0.013176 
15100 	 12 	       24.947 	       24.490 	   0.91090 	   0.91094 	    0.006560 	     0.006549 	     0.013108 
15200 	 12 	       24.944 	       24.490 	   0.91091 	   0.91095 	    0.006559 	     0.006548 	     0.013107 
15300 	 12 	       24.944 	       24.491 	   0.91092 	   0.91095 	    0.006559 	     0.006548 	     0.013107 
15400 	 12 	       24.945 	       24.494 	   0.91092 	   0.91095 	    0.006559 	     0.006548 	     0.013107 
15500 	 12 	       24.946 	       24.497 	   0.91092 	   0.91095 	    0.006559 	     0.006549 	     0.013108 
15600 	 12 	       24.948 	       24.500 	   0.91091 	   0.91094 	    0.006560 	     0.006549 	     0.013109 
15700 	 12 	       24.950 	       24.503 	   0.91091 	   0.91093 	    0.006561 	     0.006550 	     0.013111 
15800 	 12 	       24.952 	       24.506 	   0.91090 	   0.91092 	    0.006561 	     0.006551 	     0.013112 
15900 	 12 	       24.954 	       24.508 	   0.91089 	   0.91091 	    0.006562 	     0.006552 	     0.013114 
16000 	 12 	       24.919 	       24.475 	   0.91117 	   0.91120 	    0.006524 	     0.006514 	     0.013038 
16100 	 12 	       24.854 	       24.411 	   0.91163 	   0.91165 	    0.006492 	     0.006482 	     0.012974 
16200 	 12 	       24.852 	       24.411 	   0.91164 	   0.91166 	    0.006492 	     0.006482 	     0.012974 
16300 	 12 	       24.853 	       24.413 	   0.91164 	   0.91166 	    0.006492 	     0.006482 	     0.012974 
16400 	 12 	       24.855 	       24.416 	   0.91163 	   0.91165 	    0.006493 	     0.006483 	     0.012976 
16500 	 12 	       24.857 	       24.419 	   0.91162 	   0.91164 	    0.006494 	     0.006484 	     0.012977 
16600 	 12 	       24.859 	       24.423 	   0.91161 	   0.91163 	    0.006495 	     0.006485 	     0.012979 
16700 	 12 	       24.862 	       24.426 	   0.91160 	   0.91162 	    0.006496 	     0.006486 	     0.012982 
16800 	 12 	       24.865 	       24.429 	   0.91159 	   0.91160 	    0.006497 	     0.006487 	     0.012984 
16900 	 12 	       24.867 	       24.433 	   0.91157 	   0.91159 	    0.006498 	     0.006489 	     0.012987 
17000 	 12 	       24.831 	       24.398 	   0.91185 	   0.91187 	    0.006462 	     0.006453 	     0.012915 
17100 	 12 	       24.770 	       24.338 	   0.91228 	   0.91229 	    0.006432 	     0.006423 	     0.012855 
17200 	 12 	       24.769 	       24.338 	   0.91228 	   0.91229 	    0.006432 	     0.006423 	     0.012855 
17300 	 12 	       24.770 	       24.341 	   0.91228 	   0.91229 	    0.006433 	     0.006424 	     0.012856 
17400 	 12 	       24.772 	       24.344 	   0.91227 	   0.91228 	    0.006434 	     0.006425 	     0.012859 
17500 	 12 	       24.775 	       24.347 	   0.91226 	   0.91226 	    0.006435 	     0.006426 	     0.012861 
17600 	 12 	       24.778 	       24.351 	   0.91224 	   0.91225 	    0.006437 	     0.006427 	     0.012864 
17700 	 12 	       24.781 	       24.354 	   0.91222 	   0.91223 	    0.006438 	     0.006429 	     0.012867 
17800 	 12 	       24.785 	       24.358 	   0.91220 	   0.91221 	    0.006440 	     0.006431 	     0.012870 
17900 	 12 	       24.788 	       24.362 	   0.91218 	   0.91219 	    0.006441 	     0.006432 	     0.012874 
18000 	 12 	       24.753 	       24.327 	   0.91246 	   0.91246 	    0.006408 	     0.006399 	     0.012806 
18100 	 12 	       24.696 	       24.270 	   0.91286 	   0.91286 	    0.006379 	     0.006370 	     0.012749 
18200 	 12 	       24.696 	       24.271 	   0.91286 	   0.91286 	    0.006379 	     0.006371 	     0.012750 
18300 	 12 	       24.697 	       24.273 	   0.91285 	   0.91285 	    0.006380 	     0.006372 	     0.012752 
18400 	 12 	       24.700 	       24.277 	   0.91283 	   0.91283 	    0.006382 	     0.006373 	     0.012755 
18500 	 12 	       24.704 	       24.280 	   0.91282 	   0.91281 	    0.006383 	     0.006375 	     0.012758 
18600 	 12 	       24.707 	       24.284 	   0.91280 	   0.91279 	    0.006385 	     0.006377 	     0.012762 
18700 	 12 	       24.711 	       24.288 	   0.91277 	   0.91277 	    0.006387 	     0.006379 	     0.012766 
18800 	 12 	       24.715 	       24.292 	   0.91275 	   0.91275 	    0.006389 	     0.006381 	     0.012769 
18900 	 12 	       24.719 	       24.296 	   0.91273 	   0.91272 	    0.006391 	     0.006383 	     0.012774 
19000 	 12 	       24.685 	       24.262 	   0.91299 	   0.91298 	    0.006359 	     0.006351 	     0.012710 
19100 	 12 	       24.631 	       24.208 	   0.91337 	   0.91336 	    0.006332 	     0.006324 	     0.012656 
19200 	 12 	       24.631 	       24.209 	   0.91337 	   0.91335 	    0.006333 	     0.006325 	     0.012658 
19300 	 12 	       24.633 	       24.212 	   0.91335 	   0.91334 	    0.006334 	     0.006326 	     0.012661 
19400 	 12 	       24.636 	       24.216 	   0.91333 	   0.91332 	    0.006336 	     0.006328 	     0.012664 
19500 	 12 	       24.640 	       24.220 	   0.91331 	   0.91330 	    0.006338 	     0.006330 	     0.012668 
19600 	 12 	       24.644 	       24.224 	   0.91329 	   0.91327 	    0.006340 	     0.006332 	     0.012672 
19700 	 12 	       24.648 	       24.228 	   0.91326 	   0.91325 	    0.006342 	     0.006334 	     0.012677 
19800 	 12 	       24.652 	       24.232 	   0.91323 	   0.91322 	    0.006344 	     0.006337 	     0.012681 
19900 	 12 	       24.656 	       24.237 	   0.91320 	   0.91319 	    0.006347 	     0.006339 	     0.012686 
20000 	 12 	       24.624 	       24.204 	   0.91346 	   0.91344 	    0.006317 	     0.006310 	     0.012627 
100 	 13 	       30.767 	       30.062 	   0.87249 	   0.87228 	    0.011149 	     0.011161 	     0.022310 
200 	 13 	       31.812 	       30.937 	   0.87248 	   0.87229 	    0.010764 	     0.010769 	     0.021533 
300 	 13 	       31.799 	       30.873 	   0.87369 	   0.87356 	    0.010646 	     0.010648 	     0.021293 
400 	 13 	       31.958 	       30.971 	   0.87387 	   0.87377 	    0.010677 	     0.010676 	     0.021353 
500 	 13 	       32.082 	       31.070 	   0.87448 	   0.87444 	    0.010693 	     0.010687 	     0.021380 
600 	 13 	       32.164 	       31.161 	   0.87498 	   0.87499 	    0.010722 	     0.010713 	     0.021435 
700 	 13 	       32.237 	       31.246 	   0.87472 	   0.87475 	    0.010807 	     0.010795 	     0.021602 
800 	 13 	       32.163 	       31.123 	   0.87369 	   0.87379 	    0.010715 	     0.010697 	     0.021412 
900 	 13 	       32.092 	       31.017 	   0.87307 	   0.87322 	    0.010629 	     0.010608 	     0.021237 
1000 	 13 	       27.978 	       26.879 	   0.88353 	   0.88392 	    0.008765 	     0.008727 	     0.017492 
1100 	 13 	       27.225 	       26.287 	   0.89335 	   0.89392 	    0.008160 	     0.008108 	     0.016268 
1200 	 13 	       27.234 	       26.358 	   0.89241 	   0.89293 	    0.008244 	     0.008196 	     0.016440 
1300 	 13 	       27.297 	       26.483 	   0.89168 	   0.89215 	    0.008352 	     0.008307 	     0.016660 
1400 	 13 	       27.464 	       26.712 	   0.89123 	   0.89167 	    0.008457 	     0.008416 	     0.016873 
1500 	 13 	       27.643 	       26.935 	   0.89081 	   0.89122 	    0.008529 	     0.008490 	     0.017018 
1600 	 13 	       27.741 	       27.073 	   0.89042 	   0.89081 	    0.008566 	     0.008529 	     0.017095 
1700 	 13 	       27.782 	       27.160 	   0.88997 	   0.89034 	    0.008587 	     0.008550 	     0.017136 
1800 	 13 	       27.792 	       27.219 	   0.88926 	   0.88963 	    0.008603 	     0.008568 	     0.017171 
1900 	 13 	       27.802 	       27.274 	   0.88821 	   0.88856 	    0.008639 	     0.008604 	     0.017243 
2000 	 13 	       27.122 	       26.585 	   0.89086 	   0.89126 	    0.008272 	     0.008234 	     0.016506 
2100 	 13 	       27.107 	       26.627 	   0.89283 	   0.89318 	    0.008141 	     0.008108 	     0.016249 
2200 	 13 	       26.989 	       26.527 	   0.89357 	   0.89381 	    0.008104 	     0.008079 	     0.016183 
2300 	 13 	       26.901 	       26.453 	   0.89420 	   0.89436 	    0.008077 	     0.008058 	     0.016135 
2400 	 13 	       26.847 	       26.417 	   0.89468 	   0.89480 	    0.008056 	     0.008041 	     0.016097 
2500 	 13 	       26.827 	       26.415 	   0.89504 	   0.89512 	    0.008042 	     0.008029 	     0.016071 
2600 	 13 	       26.831 	       26.436 	   0.89528 	   0.89533 	    0.008033 	     0.008022 	     0.016055 
2700 	 13 	       26.853 	       26.474 	   0.89543 	   0.89546 	    0.008029 	     0.008020 	     0.016049 
2800 	 13 	       26.883 	       26.518 	   0.89553 	   0.89553 	    0.008029 	     0.008022 	     0.016050 
2900 	 13 	       26.920 	       26.570 	   0.89562 	   0.89561 	    0.008031 	     0.008025 	     0.016055 
3000 	 13 	       26.588 	       26.253 	   0.89789 	   0.89790 	    0.007768 	     0.007761 	     0.015529 
3100 	 13 	       26.488 	       26.170 	   0.90005 	   0.90002 	    0.007657 	     0.007653 	     0.015309 
3200 	 13 	       26.424 	       26.119 	   0.90048 	   0.90043 	    0.007622 	     0.007619 	     0.015241 
3300 	 13 	       26.386 	       26.086 	   0.90068 	   0.90063 	    0.007607 	     0.007605 	     0.015212 
3400 	 13 	       26.365 	       26.063 	   0.90077 	   0.90072 	    0.007603 	     0.007601 	     0.015204 
3500 	 13 	       26.353 	       26.047 	   0.90079 	   0.90074 	    0.007604 	     0.007602 	     0.015206 
3600 	 13 	       26.348 	       26.038 	   0.90077 	   0.90073 	    0.007607 	     0.007605 	     0.015213 
3700 	 13 	       26.345 	       26.030 	   0.90073 	   0.90069 	    0.007612 	     0.007610 	     0.015221 
3800 	 13 	       26.343 	       26.022 	   0.90068 	   0.90064 	    0.007616 	     0.007614 	     0.015230 
3900 	 13 	       26.343 	       26.016 	   0.90063 	   0.90059 	    0.007621 	     0.007618 	     0.015239 
4000 	 13 	       26.143 	       25.801 	   0.90197 	   0.90196 	    0.007445 	     0.007440 	     0.014886 
4100 	 13 	       25.940 	       25.593 	   0.90384 	   0.90381 	    0.007331 	     0.007328 	     0.014659 
4200 	 13 	       25.892 	       25.538 	   0.90408 	   0.90406 	    0.007306 	     0.007303 	     0.014609 
4300 	 13 	       25.863 	       25.504 	   0.90420 	   0.90417 	    0.007293 	     0.007290 	     0.014583 
4400 	 13 	       25.842 	       25.479 	   0.90425 	   0.90423 	    0.007285 	     0.007282 	     0.014567 
4500 	 13 	       25.825 	       25.457 	   0.90428 	   0.90425 	    0.007280 	     0.007277 	     0.014556 
4600 	 13 	       25.810 	       25.437 	   0.90429 	   0.90426 	    0.007276 	     0.007273 	     0.014550 
4700 	 13 	       25.798 	       25.420 	   0.90429 	   0.90426 	    0.007274 	     0.007271 	     0.014545 
4800 	 13 	       25.786 	       25.404 	   0.90429 	   0.90426 	    0.007273 	     0.007269 	     0.014542 
4900 	 13 	       25.776 	       25.389 	   0.90427 	   0.90425 	    0.007272 	     0.007269 	     0.014540 
5000 	 13 	       25.639 	       25.243 	   0.90529 	   0.90528 	    0.007139 	     0.007134 	     0.014272 
5100 	 13 	       25.405 	       25.002 	   0.90706 	   0.90703 	    0.007021 	     0.007018 	     0.014040 
5200 	 13 	       25.369 	       24.959 	   0.90725 	   0.90722 	    0.007003 	     0.007000 	     0.014003 
5300 	 13 	       25.349 	       24.933 	   0.90734 	   0.90731 	    0.006993 	     0.006990 	     0.013982 
5400 	 13 	       25.333 	       24.914 	   0.90740 	   0.90736 	    0.006986 	     0.006983 	     0.013969 
5500 	 13 	       25.321 	       24.897 	   0.90743 	   0.90739 	    0.006982 	     0.006979 	     0.013960 
5600 	 13 	       25.310 	       24.883 	   0.90745 	   0.90741 	    0.006978 	     0.006976 	     0.013954 
5700 	 13 	       25.301 	       24.869 	   0.90746 	   0.90742 	    0.006976 	     0.006973 	     0.013949 
5800 	 13 	       25.292 	       24.858 	   0.90746 	   0.90742 	    0.006974 	     0.006972 	     0.013946 
5900 	 13 	       25.284 	       24.847 	   0.90747 	   0.90743 	    0.006973 	     0.006970 	     0.013943 
6000 	 13 	       25.176 	       24.733 	   0.90834 	   0.90831 	    0.006863 	     0.006859 	     0.013722 
6100 	 13 	       24.951 	       24.507 	   0.90987 	   0.90982 	    0.006757 	     0.006755 	     0.013512 
6200 	 13 	       24.925 	       24.476 	   0.91001 	   0.90996 	    0.006744 	     0.006742 	     0.013486 
6300 	 13 	       24.911 	       24.458 	   0.91009 	   0.91004 	    0.006736 	     0.006734 	     0.013471 
6400 	 13 	       24.902 	       24.445 	   0.91014 	   0.91009 	    0.006731 	     0.006729 	     0.013460 
6500 	 13 	       24.894 	       24.434 	   0.91018 	   0.91012 	    0.006727 	     0.006726 	     0.013453 
6600 	 13 	       24.887 	       24.424 	   0.91020 	   0.91014 	    0.006724 	     0.006723 	     0.013447 
6700 	 13 	       24.881 	       24.414 	   0.91022 	   0.91016 	    0.006721 	     0.006720 	     0.013442 
6800 	 13 	       24.874 	       24.405 	   0.91024 	   0.91017 	    0.006719 	     0.006718 	     0.013437 
6900 	 13 	       24.868 	       24.396 	   0.91025 	   0.91018 	    0.006717 	     0.006717 	     0.013434 
7000 	 13 	       24.767 	       24.289 	   0.91106 	   0.91100 	    0.006620 	     0.006619 	     0.013239 
7100 	 13 	       24.563 	       24.085 	   0.91232 	   0.91224 	    0.006530 	     0.006529 	     0.013059 
7200 	 13 	       24.542 	       24.059 	   0.91244 	   0.91236 	    0.006520 	     0.006520 	     0.013040 
7300 	 13 	       24.532 	       24.045 	   0.91251 	   0.91242 	    0.006514 	     0.006514 	     0.013028 
7400 	 13 	       24.524 	       24.034 	   0.91256 	   0.91247 	    0.006509 	     0.006509 	     0.013019 
7500 	 13 	       24.518 	       24.025 	   0.91260 	   0.91250 	    0.006505 	     0.006506 	     0.013011 
7600 	 13 	       24.511 	       24.016 	   0.91263 	   0.91253 	    0.006502 	     0.006503 	     0.013006 
7700 	 13 	       24.505 	       24.008 	   0.91265 	   0.91256 	    0.006500 	     0.006501 	     0.013000 
7800 	 13 	       24.499 	       24.000 	   0.91268 	   0.91258 	    0.006497 	     0.006498 	     0.012996 
7900 	 13 	       24.494 	       23.993 	   0.91270 	   0.91260 	    0.006495 	     0.006496 	     0.012991 
8000 	 13 	       24.396 	       23.889 	   0.91347 	   0.91338 	    0.006408 	     0.006408 	     0.012816 
8100 	 13 	       24.214 	       23.708 	   0.91450 	   0.91439 	    0.006331 	     0.006333 	     0.012664 
8200 	 13 	       24.197 	       23.689 	   0.91460 	   0.91448 	    0.006323 	     0.006326 	     0.012649 
8300 	 13 	       24.189 	       23.678 	   0.91467 	   0.91455 	    0.006318 	     0.006320 	     0.012638 
8400 	 13 	       24.183 	       23.671 	   0.91472 	   0.91460 	    0.006313 	     0.006316 	     0.012630 
8500 	 13 	       24.178 	       23.665 	   0.91476 	   0.91464 	    0.006310 	     0.006312 	     0.012622 
8600 	 13 	       24.174 	       23.659 	   0.91480 	   0.91467 	    0.006306 	     0.006309 	     0.012616 
8700 	 13 	       24.171 	       23.655 	   0.91484 	   0.91471 	    0.006303 	     0.006306 	     0.012610 
8800 	 13 	       24.168 	       23.651 	   0.91487 	   0.91474 	    0.006301 	     0.006304 	     0.012604 
8900 	 13 	       24.166 	       23.648 	   0.91490 	   0.91477 	    0.006298 	     0.006301 	     0.012599 
9000 	 13 	       24.074 	       23.551 	   0.91563 	   0.91550 	    0.006219 	     0.006222 	     0.012441 
9100 	 13 	       23.916 	       23.395 	   0.91648 	   0.91634 	    0.006154 	     0.006158 	     0.012312 
9200 	 13 	       23.904 	       23.381 	   0.91656 	   0.91642 	    0.006148 	     0.006152 	     0.012299 
9300 	 13 	       23.900 	       23.375 	   0.91663 	   0.91648 	    0.006143 	     0.006147 	     0.012289 
9400 	 13 	       23.897 	       23.372 	   0.91668 	   0.91653 	    0.006138 	     0.006143 	     0.012281 
9500 	 13 	       23.896 	       23.370 	   0.91672 	   0.91657 	    0.006135 	     0.006139 	     0.012274 
9600 	 13 	       23.896 	       23.369 	   0.91676 	   0.91661 	    0.006131 	     0.006136 	     0.012267 
9700 	 13 	       23.896 	       23.368 	   0.91680 	   0.91664 	    0.006128 	     0.006133 	     0.012261 
9800 	 13 	       23.896 	       23.367 	   0.91683 	   0.91668 	    0.006125 	     0.006130 	     0.012256 
9900 	 13 	       23.896 	       23.367 	   0.91686 	   0.91671 	    0.006123 	     0.006128 	     0.012250 
10000 	 13 	       23.816 	       23.282 	   0.91754 	   0.91739 	    0.006053 	     0.006058 	     0.012110 
10100 	 13 	       23.674 	       23.143 	   0.91826 	   0.91809 	    0.005997 	     0.006003 	     0.012000 
10200 	 13 	       23.666 	       23.133 	   0.91833 	   0.91816 	    0.005992 	     0.005998 	     0.011990 
10300 	 13 	       23.664 	       23.129 	   0.91839 	   0.91821 	    0.005987 	     0.005994 	     0.011981 
10400 	 13 	       23.664 	       23.126 	   0.91843 	   0.91825 	    0.005984 	     0.005990 	     0.011974 
10500 	 13 	       23.665 	       23.126 	   0.91847 	   0.91829 	    0.005981 	     0.005987 	     0.011967 
10600 	 13 	       23.667 	       23.126 	   0.91851 	   0.91833 	    0.005978 	     0.005984 	     0.011962 
10700 	 13 	       23.669 	       23.126 	   0.91854 	   0.91836 	    0.005975 	     0.005981 	     0.011956 
10800 	 13 	       23.671 	       23.126 	   0.91857 	   0.91839 	    0.005972 	     0.005979 	     0.011951 
10900 	 13 	       23.673 	       23.127 	   0.91860 	   0.91842 	    0.005970 	     0.005977 	     0.011947 
11000 	 13 	       23.603 	       23.057 	   0.91922 	   0.91904 	    0.005909 	     0.005916 	     0.011825 
11100 	 13 	       23.476 	       22.929 	   0.91983 	   0.91964 	    0.005861 	     0.005868 	     0.011729 
11200 	 13 	       23.470 	       22.921 	   0.91989 	   0.91970 	    0.005857 	     0.005864 	     0.011721 
11300 	 13 	       23.469 	       22.918 	   0.91994 	   0.91974 	    0.005853 	     0.005861 	     0.011714 
11400 	 13 	       23.471 	       22.918 	   0.91998 	   0.91978 	    0.005850 	     0.005858 	     0.011708 
11500 	 13 	       23.473 	       22.918 	   0.92001 	   0.91981 	    0.005848 	     0.005855 	     0.011703 
11600 	 13 	       23.476 	       22.919 	   0.92004 	   0.91984 	    0.005845 	     0.005853 	     0.011699 
11700 	 13 	       23.480 	       22.920 	   0.92006 	   0.91986 	    0.005843 	     0.005851 	     0.011695 
11800 	 13 	       23.484 	       22.922 	   0.92009 	   0.91989 	    0.005842 	     0.005849 	     0.011691 
11900 	 13 	       23.489 	       22.924 	   0.92011 	   0.91991 	    0.005840 	     0.005848 	     0.011688 
12000 	 13 	       23.433 	       22.867 	   0.92066 	   0.92046 	    0.005788 	     0.005796 	     0.011584 
12100 	 13 	       23.315 	       22.750 	   0.92120 	   0.92099 	    0.005745 	     0.005754 	     0.011499 
12200 	 13 	       23.313 	       22.745 	   0.92125 	   0.92104 	    0.005742 	     0.005751 	     0.011493 
12300 	 13 	       23.315 	       22.745 	   0.92128 	   0.92107 	    0.005740 	     0.005749 	     0.011488 
12400 	 13 	       23.320 	       22.746 	   0.92131 	   0.92109 	    0.005738 	     0.005747 	     0.011485 
12500 	 13 	       23.325 	       22.748 	   0.92133 	   0.92111 	    0.005737 	     0.005745 	     0.011482 
12600 	 13 	       23.331 	       22.751 	   0.92134 	   0.92112 	    0.005736 	     0.005744 	     0.011480 
12700 	 13 	       23.337 	       22.754 	   0.92135 	   0.92114 	    0.005735 	     0.005744 	     0.011478 
12800 	 13 	       23.343 	       22.757 	   0.92136 	   0.92114 	    0.005734 	     0.005743 	     0.011477 
12900 	 13 	       23.350 	       22.761 	   0.92136 	   0.92115 	    0.005734 	     0.005743 	     0.011477 
13000 	 13 	       23.307 	       22.718 	   0.92184 	   0.92163 	    0.005690 	     0.005699 	     0.011389 
13100 	 13 	       23.198 	       22.607 	   0.92234 	   0.92212 	    0.005651 	     0.005661 	     0.011312 
13200 	 13 	       23.197 	       22.604 	   0.92237 	   0.92214 	    0.005649 	     0.005659 	     0.011308 
13300 	 13 	       23.200 	       22.604 	   0.92239 	   0.92216 	    0.005648 	     0.005657 	     0.011305 
13400 	 13 	       23.204 	       22.606 	   0.92240 	   0.92218 	    0.005647 	     0.005657 	     0.011304 
13500 	 13 	       23.208 	       22.607 	   0.92242 	   0.92219 	    0.005646 	     0.005656 	     0.011302 
13600 	 13 	       23.211 	       22.609 	   0.92242 	   0.92220 	    0.005646 	     0.005655 	     0.011301 
13700 	 13 	       23.214 	       22.611 	   0.92243 	   0.92221 	    0.005645 	     0.005655 	     0.011300 
13800 	 13 	       23.216 	       22.613 	   0.92244 	   0.92221 	    0.005645 	     0.005654 	     0.011299 
13900 	 13 	       23.219 	       22.614 	   0.92245 	   0.92222 	    0.005644 	     0.005654 	     0.011298 
14000 	 13 	       23.184 	       22.579 	   0.92287 	   0.92265 	    0.005606 	     0.005615 	     0.011221 
14100 	 13 	       23.076 	       22.472 	   0.92335 	   0.92312 	    0.005569 	     0.005579 	     0.011148 
14200 	 13 	       23.071 	       22.467 	   0.92338 	   0.92315 	    0.005567 	     0.005577 	     0.011144 
14300 	 13 	       23.069 	       22.464 	   0.92341 	   0.92317 	    0.005565 	     0.005575 	     0.011140 
14400 	 13 	       23.068 	       22.463 	   0.92343 	   0.92319 	    0.005564 	     0.005574 	     0.011137 
14500 	 13 	       23.068 	       22.462 	   0.92345 	   0.92321 	    0.005562 	     0.005572 	     0.011135 
14600 	 13 	       23.068 	       22.460 	   0.92347 	   0.92323 	    0.005561 	     0.005571 	     0.011132 
14700 	 13 	       23.068 	       22.459 	   0.92348 	   0.92325 	    0.005560 	     0.005570 	     0.011129 
14800 	 13 	       23.067 	       22.458 	   0.92350 	   0.92327 	    0.005559 	     0.005568 	     0.011127 
14900 	 13 	       23.067 	       22.457 	   0.92352 	   0.92328 	    0.005557 	     0.005567 	     0.011124 
15000 	 13 	       23.039 	       22.428 	   0.92390 	   0.92367 	    0.005523 	     0.005533 	     0.011056 
15100 	 13 	       22.935 	       22.326 	   0.92435 	   0.92411 	    0.005489 	     0.005499 	     0.010988 
15200 	 13 	       22.929 	       22.319 	   0.92439 	   0.92414 	    0.005487 	     0.005497 	     0.010983 
15300 	 13 	       22.925 	       22.315 	   0.92441 	   0.92417 	    0.005484 	     0.005495 	     0.010979 
15400 	 13 	       22.922 	       22.312 	   0.92444 	   0.92420 	    0.005483 	     0.005493 	     0.010975 
15500 	 13 	       22.920 	       22.309 	   0.92446 	   0.92422 	    0.005481 	     0.005491 	     0.010972 
15600 	 13 	       22.918 	       22.306 	   0.92448 	   0.92424 	    0.005479 	     0.005489 	     0.010969 
15700 	 13 	       22.917 	       22.304 	   0.92450 	   0.92426 	    0.005478 	     0.005488 	     0.010965 
15800 	 13 	       22.915 	       22.302 	   0.92452 	   0.92429 	    0.005476 	     0.005486 	     0.010962 
15900 	 13 	       22.913 	       22.300 	   0.92454 	   0.92431 	    0.005475 	     0.005485 	     0.010959 
16000 	 13 	       22.890 	       22.277 	   0.92489 	   0.92465 	    0.005445 	     0.005455 	     0.010899 
16100 	 13 	       22.793 	       22.183 	   0.92530 	   0.92505 	    0.005413 	     0.005424 	     0.010837 
16200 	 13 	       22.786 	       22.176 	   0.92533 	   0.92509 	    0.005411 	     0.005421 	     0.010832 
16300 	 13 	       22.781 	       22.171 	   0.92536 	   0.92511 	    0.005409 	     0.005419 	     0.010828 
16400 	 13 	       22.777 	       22.167 	   0.92539 	   0.92514 	    0.005407 	     0.005417 	     0.010824 
16500 	 13 	       22.774 	       22.164 	   0.92541 	   0.92516 	    0.005405 	     0.005416 	     0.010821 
16600 	 13 	       22.771 	       22.160 	   0.92543 	   0.92519 	    0.005404 	     0.005414 	     0.010817 
16700 	 13 	       22.768 	       22.157 	   0.92545 	   0.92521 	    0.005402 	     0.005412 	     0.010814 
16800 	 13 	       22.766 	       22.154 	   0.92548 	   0.92523 	    0.005400 	     0.005411 	     0.010811 
16900 	 13 	       22.764 	       22.152 	   0.92550 	   0.92525 	    0.005399 	     0.005409 	     0.010808 
17000 	 13 	       22.748 	       22.136 	   0.92580 	   0.92556 	    0.005372 	     0.005382 	     0.010754 
17100 	 13 	       22.659 	       22.047 	   0.92617 	   0.92592 	    0.005344 	     0.005355 	     0.010699 
17200 	 13 	       22.651 	       22.038 	   0.92621 	   0.92595 	    0.005342 	     0.005353 	     0.010694 
17300 	 13 	       22.646 	       22.032 	   0.92623 	   0.92598 	    0.005340 	     0.005351 	     0.010690 
17400 	 13 	       22.642 	       22.027 	   0.92626 	   0.92601 	    0.005338 	     0.005349 	     0.010687 
17500 	 13 	       22.639 	       22.023 	   0.92628 	   0.92603 	    0.005336 	     0.005347 	     0.010683 
17600 	 13 	       22.636 	       22.018 	   0.92630 	   0.92605 	    0.005335 	     0.005345 	     0.010680 
17700 	 13 	       22.633 	       22.014 	   0.92633 	   0.92607 	    0.005333 	     0.005344 	     0.010676 
17800 	 13 	       22.630 	       22.011 	   0.92635 	   0.92610 	    0.005331 	     0.005342 	     0.010673 
17900 	 13 	       22.627 	       22.007 	   0.92637 	   0.92612 	    0.005330 	     0.005340 	     0.010670 
18000 	 13 	       22.618 	       21.997 	   0.92664 	   0.92639 	    0.005306 	     0.005317 	     0.010623 
18100 	 13 	       22.535 	       21.916 	   0.92697 	   0.92672 	    0.005281 	     0.005292 	     0.010573 
18200 	 13 	       22.527 	       21.907 	   0.92701 	   0.92675 	    0.005279 	     0.005290 	     0.010569 
18300 	 13 	       22.521 	       21.901 	   0.92703 	   0.92677 	    0.005277 	     0.005288 	     0.010565 
18400 	 13 	       22.517 	       21.895 	   0.92705 	   0.92680 	    0.005275 	     0.005286 	     0.010562 
18500 	 13 	       22.513 	       21.891 	   0.92708 	   0.92682 	    0.005274 	     0.005285 	     0.010558 
18600 	 13 	       22.510 	       21.887 	   0.92710 	   0.92684 	    0.005272 	     0.005283 	     0.010555 
18700 	 13 	       22.507 	       21.883 	   0.92712 	   0.92686 	    0.005270 	     0.005281 	     0.010552 
18800 	 13 	       22.504 	       21.880 	   0.92714 	   0.92688 	    0.005269 	     0.005280 	     0.010549 
18900 	 13 	       22.502 	       21.876 	   0.92716 	   0.92691 	    0.005267 	     0.005278 	     0.010546 
19000 	 13 	       22.498 	       21.872 	   0.92740 	   0.92714 	    0.005247 	     0.005258 	     0.010504 
19100 	 13 	       22.424 	       21.799 	   0.92770 	   0.92744 	    0.005224 	     0.005235 	     0.010459 
19200 	 13 	       22.416 	       21.791 	   0.92773 	   0.92747 	    0.005222 	     0.005233 	     0.010455 
19300 	 13 	       22.412 	       21.786 	   0.92776 	   0.92749 	    0.005220 	     0.005232 	     0.010452 
19400 	 13 	       22.409 	       21.782 	   0.92778 	   0.92752 	    0.005219 	     0.005230 	     0.010449 
19500 	 13 	       22.406 	       21.779 	   0.92780 	   0.92754 	    0.005217 	     0.005228 	     0.010445 
19600 	 13 	       22.405 	       21.777 	   0.92782 	   0.92756 	    0.005215 	     0.005227 	     0.010442 
19700 	 13 	       22.403 	       21.776 	   0.92784 	   0.92758 	    0.005214 	     0.005225 	     0.010439 
19800 	 13 	       22.401 	       21.774 	   0.92786 	   0.92760 	    0.005213 	     0.005224 	     0.010436 
19900 	 13 	       22.400 	       21.772 	   0.92788 	   0.92762 	    0.005211 	     0.005222 	     0.010434 
20000 	 13 	       22.401 	       21.773 	   0.92810 	   0.92783 	    0.005193 	     0.005204 	     0.010397 
100 	 14 	       29.367 	       28.676 	   0.88230 	   0.88193 	    0.009678 	     0.009702 	     0.019380 
200 	 14 	       29.120 	       28.343 	   0.87850 	   0.87834 	    0.009749 	     0.009756 	     0.019505 
300 	 14 	       28.804 	       27.974 	   0.87671 	   0.87660 	    0.009684 	     0.009686 	     0.019370 
400 	 14 	       28.874 	       28.060 	   0.87589 	   0.87573 	    0.009734 	     0.009740 	     0.019474 
500 	 14 	       28.612 	       27.798 	   0.87728 	   0.87703 	    0.009599 	     0.009613 	     0.019212 
600 	 14 	       28.494 	       27.670 	   0.87759 	   0.87737 	    0.009552 	     0.009564 	     0.019115 
700 	 14 	       28.414 	       27.582 	   0.87767 	   0.87746 	    0.009529 	     0.009540 	     0.019069 
800 	 14 	       28.332 	       27.501 	   0.87760 	   0.87738 	    0.009519 	     0.009531 	     0.019050 
900 	 14 	       28.273 	       27.461 	   0.87730 	   0.87702 	    0.009551 	     0.009568 	     0.019118 
1000 	 14 	       26.862 	       26.038 	   0.88290 	   0.88298 	    0.009095 	     0.009084 	     0.018179 
1100 	 14 	       27.283 	       26.659 	   0.88838 	   0.88829 	    0.008673 	     0.008676 	     0.017348 
1200 	 14 	       27.142 	       26.534 	   0.88926 	   0.88914 	    0.008602 	     0.008608 	     0.017210 
1300 	 14 	       27.106 	       26.506 	   0.88942 	   0.88930 	    0.008610 	     0.008617 	     0.017228 
1400 	 14 	       27.132 	       26.530 	   0.88927 	   0.88914 	    0.008647 	     0.008655 	     0.017302 
1500 	 14 	       27.192 	       26.590 	   0.88892 	   0.88880 	    0.008698 	     0.008706 	     0.017404 
1600 	 14 	       27.273 	       26.672 	   0.88844 	   0.88832 	    0.008757 	     0.008765 	     0.017521 
1700 	 14 	       27.363 	       26.762 	   0.88789 	   0.88778 	    0.008819 	     0.008827 	     0.017645 
1800 	 14 	       27.454 	       26.854 	   0.88732 	   0.88722 	    0.008881 	     0.008888 	     0.017769 
1900 	 14 	       27.546 	       26.950 	   0.88675 	   0.88666 	    0.008940 	     0.008946 	     0.017886 
2000 	 14 	       26.960 	       26.342 	   0.88918 	   0.88919 	    0.008639 	     0.008638 	     0.017277 
2100 	 14 	       26.856 	       26.294 	   0.89225 	   0.89203 	    0.008449 	     0.008467 	     0.016916 
2200 	 14 	       26.834 	       26.286 	   0.89267 	   0.89241 	    0.008432 	     0.008453 	     0.016885 
2300 	 14 	       26.837 	       26.299 	   0.89277 	   0.89249 	    0.008435 	     0.008458 	     0.016892 
2400 	 14 	       26.842 	       26.303 	   0.89278 	   0.89249 	    0.008442 	     0.008466 	     0.016908 
2500 	 14 	       26.845 	       26.308 	   0.89277 	   0.89247 	    0.008450 	     0.008475 	     0.016924 
2600 	 14 	       26.845 	       26.309 	   0.89276 	   0.89245 	    0.008455 	     0.008481 	     0.016937 
2700 	 14 	       26.841 	       26.307 	   0.89275 	   0.89245 	    0.008459 	     0.008485 	     0.016944 
2800 	 14 	       26.834 	       26.302 	   0.89276 	   0.89245 	    0.008460 	     0.008487 	     0.016948 
2900 	 14 	       26.823 	       26.292 	   0.89278 	   0.89246 	    0.008460 	     0.008487 	     0.016947 
3000 	 14 	       26.327 	       25.773 	   0.89531 	   0.89505 	    0.008145 	     0.008167 	     0.016311 
3100 	 14 	       26.201 	       25.671 	   0.89747 	   0.89710 	    0.008035 	     0.008066 	     0.016102 
3200 	 14 	       26.141 	       25.612 	   0.89800 	   0.89762 	    0.007994 	     0.008026 	     0.016019 
3300 	 14 	       26.100 	       25.564 	   0.89830 	   0.89791 	    0.007965 	     0.007998 	     0.015963 
3400 	 14 	       26.069 	       25.522 	   0.89849 	   0.89810 	    0.007944 	     0.007977 	     0.015921 
3500 	 14 	       26.042 	       25.489 	   0.89863 	   0.89823 	    0.007926 	     0.007959 	     0.015885 
3600 	 14 	       26.019 	       25.460 	   0.89873 	   0.89833 	    0.007909 	     0.007943 	     0.015853 
3700 	 14 	       26.003 	       25.437 	   0.89882 	   0.89841 	    0.007894 	     0.007929 	     0.015823 
3800 	 14 	       25.990 	       25.419 	   0.89890 	   0.89849 	    0.007880 	     0.007915 	     0.015795 
3900 	 14 	       25.976 	       25.401 	   0.89898 	   0.89856 	    0.007867 	     0.007902 	     0.015768 
4000 	 14 	       25.661 	       25.062 	   0.90098 	   0.90060 	    0.007622 	     0.007653 	     0.015276 
4100 	 14 	       25.504 	       24.924 	   0.90273 	   0.90230 	    0.007513 	     0.007548 	     0.015061 
4200 	 14 	       25.456 	       24.879 	   0.90312 	   0.90267 	    0.007481 	     0.007517 	     0.014998 
4300 	 14 	       25.415 	       24.837 	   0.90340 	   0.90295 	    0.007455 	     0.007490 	     0.014945 
4400 	 14 	       25.382 	       24.801 	   0.90362 	   0.90317 	    0.007432 	     0.007468 	     0.014900 
4500 	 14 	       25.354 	       24.770 	   0.90380 	   0.90336 	    0.007413 	     0.007449 	     0.014862 
4600 	 14 	       25.329 	       24.744 	   0.90396 	   0.90352 	    0.007396 	     0.007432 	     0.014828 
4700 	 14 	       25.307 	       24.721 	   0.90411 	   0.90366 	    0.007381 	     0.007416 	     0.014797 
4800 	 14 	       25.288 	       24.701 	   0.90423 	   0.90379 	    0.007367 	     0.007402 	     0.014770 
4900 	 14 	       25.271 	       24.684 	   0.90435 	   0.90391 	    0.007355 	     0.007390 	     0.014744 
5000 	 14 	       25.050 	       24.445 	   0.90594 	   0.90553 	    0.007172 	     0.007203 	     0.014376 
5100 	 14 	       24.859 	       24.269 	   0.90750 	   0.90708 	    0.007061 	     0.007093 	     0.014154 
5200 	 14 	       24.827 	       24.240 	   0.90779 	   0.90737 	    0.007039 	     0.007071 	     0.014110 
5300 	 14 	       24.800 	       24.214 	   0.90801 	   0.90760 	    0.007020 	     0.007051 	     0.014071 
5400 	 14 	       24.778 	       24.192 	   0.90819 	   0.90779 	    0.007004 	     0.007035 	     0.014038 
5500 	 14 	       24.761 	       24.175 	   0.90835 	   0.90795 	    0.006990 	     0.007020 	     0.014010 
5600 	 14 	       24.746 	       24.162 	   0.90848 	   0.90809 	    0.006977 	     0.007007 	     0.013985 
5700 	 14 	       24.733 	       24.151 	   0.90859 	   0.90821 	    0.006966 	     0.006996 	     0.013962 
5800 	 14 	       24.722 	       24.141 	   0.90870 	   0.90832 	    0.006956 	     0.006985 	     0.013941 
5900 	 14 	       24.712 	       24.133 	   0.90879 	   0.90842 	    0.006947 	     0.006975 	     0.013922 
6000 	 14 	       24.541 	       23.955 	   0.91009 	   0.90975 	    0.006801 	     0.006826 	     0.013627 
6100 	 14 	       24.333 	       23.766 	   0.91139 	   0.91103 	    0.006697 	     0.006723 	     0.013419 
6200 	 14 	       24.312 	       23.751 	   0.91159 	   0.91124 	    0.006682 	     0.006708 	     0.013389 
6300 	 14 	       24.294 	       23.737 	   0.91175 	   0.91141 	    0.006668 	     0.006694 	     0.013362 
6400 	 14 	       24.278 	       23.723 	   0.91189 	   0.91155 	    0.006656 	     0.006681 	     0.013338 
6500 	 14 	       24.262 	       23.710 	   0.91201 	   0.91168 	    0.006645 	     0.006670 	     0.013315 
6600 	 14 	       24.247 	       23.696 	   0.91213 	   0.91180 	    0.006635 	     0.006659 	     0.013295 
6700 	 14 	       24.228 	       23.681 	   0.91224 	   0.91191 	    0.006625 	     0.006649 	     0.013274 
6800 	 14 	       24.204 	       23.662 	   0.91235 	   0.91203 	    0.006615 	     0.006638 	     0.013253 
6900 	 14 	       24.172 	       23.636 	   0.91248 	   0.91217 	    0.006603 	     0.006626 	     0.013229 
7000 	 14 	       23.990 	       23.446 	   0.91368 	   0.91339 	    0.006473 	     0.006494 	     0.012967 
7100 	 14 	       23.714 	       23.194 	   0.91499 	   0.91468 	    0.006365 	     0.006386 	     0.012751 
7200 	 14 	       23.645 	       23.123 	   0.91539 	   0.91509 	    0.006337 	     0.006358 	     0.012695 
7300 	 14 	       23.625 	       23.081 	   0.91558 	   0.91528 	    0.006321 	     0.006342 	     0.012663 
7400 	 14 	       23.617 	       23.050 	   0.91573 	   0.91543 	    0.006306 	     0.006327 	     0.012633 
7500 	 14 	       23.607 	       23.023 	   0.91586 	   0.91557 	    0.006292 	     0.006313 	     0.012605 
7600 	 14 	       23.594 	       22.997 	   0.91598 	   0.91569 	    0.006280 	     0.006300 	     0.012580 
7700 	 14 	       23.579 	       22.971 	   0.91608 	   0.91580 	    0.006269 	     0.006288 	     0.012557 
7800 	 14 	       23.563 	       22.946 	   0.91618 	   0.91590 	    0.006259 	     0.006278 	     0.012537 
7900 	 14 	       23.547 	       22.923 	   0.91626 	   0.91599 	    0.006250 	     0.006269 	     0.012519 
8000 	 14 	       23.408 	       22.764 	   0.91718 	   0.91693 	    0.006147 	     0.006163 	     0.012310 
8100 	 14 	       23.224 	       22.584 	   0.91800 	   0.91773 	    0.006076 	     0.006094 	     0.012169 
8200 	 14 	       23.209 	       22.565 	   0.91811 	   0.91784 	    0.006067 	     0.006085 	     0.012152 
8300 	 14 	       23.197 	       22.547 	   0.91820 	   0.91794 	    0.006059 	     0.006077 	     0.012136 
8400 	 14 	       23.187 	       22.531 	   0.91829 	   0.91802 	    0.006052 	     0.006070 	     0.012122 
8500 	 14 	       23.179 	       22.516 	   0.91836 	   0.91809 	    0.006046 	     0.006063 	     0.012109 
8600 	 14 	       23.172 	       22.503 	   0.91842 	   0.91816 	    0.006040 	     0.006057 	     0.012097 
8700 	 14 	       23.166 	       22.493 	   0.91848 	   0.91821 	    0.006034 	     0.006052 	     0.012086 
8800 	 14 	       23.162 	       22.483 	   0.91854 	   0.91827 	    0.006029 	     0.006047 	     0.012076 
8900 	 14 	       23.158 	       22.475 	   0.91859 	   0.91832 	    0.006025 	     0.006043 	     0.012067 
9000 	 14 	       23.046 	       22.350 	   0.91938 	   0.91912 	    0.005939 	     0.005956 	     0.011895 
9100 	 14 	       22.886 	       22.195 	   0.92003 	   0.91974 	    0.005883 	     0.005901 	     0.011784 
9200 	 14 	       22.880 	       22.188 	   0.92011 	   0.91982 	    0.005876 	     0.005896 	     0.011772 
9300 	 14 	       22.876 	       22.181 	   0.92018 	   0.91988 	    0.005871 	     0.005891 	     0.011762 
9400 	 14 	       22.873 	       22.175 	   0.92024 	   0.91994 	    0.005866 	     0.005886 	     0.011752 
9500 	 14 	       22.869 	       22.170 	   0.92029 	   0.91999 	    0.005861 	     0.005881 	     0.011743 
9600 	 14 	       22.866 	       22.165 	   0.92034 	   0.92004 	    0.005857 	     0.005877 	     0.011734 
9700 	 14 	       22.862 	       22.161 	   0.92039 	   0.92008 	    0.005853 	     0.005873 	     0.011726 
9800 	 14 	       22.858 	       22.156 	   0.92044 	   0.92012 	    0.005849 	     0.005869 	     0.011718 
9900 	 14 	       22.855 	       22.152 	   0.92048 	   0.92016 	    0.005845 	     0.005866 	     0.011711 
10000 	 14 	       22.760 	       22.051 	   0.92118 	   0.92087 	    0.005773 	     0.005793 	     0.011566 
10100 	 14 	       22.617 	       21.915 	   0.92172 	   0.92139 	    0.005727 	     0.005748 	     0.011475 
10200 	 14 	       22.608 	       21.908 	   0.92179 	   0.92146 	    0.005722 	     0.005744 	     0.011465 
10300 	 14 	       22.601 	       21.902 	   0.92184 	   0.92151 	    0.005718 	     0.005740 	     0.011457 
10400 	 14 	       22.594 	       21.896 	   0.92189 	   0.92155 	    0.005714 	     0.005736 	     0.011449 
10500 	 14 	       22.588 	       21.890 	   0.92194 	   0.92160 	    0.005710 	     0.005732 	     0.011442 
10600 	 14 	       22.582 	       21.885 	   0.92198 	   0.92164 	    0.005706 	     0.005729 	     0.011436 
10700 	 14 	       22.576 	       21.879 	   0.92202 	   0.92167 	    0.005703 	     0.005726 	     0.011429 
10800 	 14 	       22.571 	       21.874 	   0.92206 	   0.92171 	    0.005700 	     0.005723 	     0.011423 
10900 	 14 	       22.565 	       21.868 	   0.92209 	   0.92174 	    0.005697 	     0.005720 	     0.011418 
11000 	 14 	       22.486 	       21.784 	   0.92271 	   0.92236 	    0.005637 	     0.005659 	     0.011296 
11100 	 14 	       22.355 	       21.663 	   0.92317 	   0.92280 	    0.005599 	     0.005622 	     0.011221 
11200 	 14 	       22.344 	       21.654 	   0.92322 	   0.92286 	    0.005595 	     0.005619 	     0.011213 
11300 	 14 	       22.335 	       21.647 	   0.92327 	   0.92290 	    0.005591 	     0.005615 	     0.011207 
11400 	 14 	       22.327 	       21.641 	   0.92331 	   0.92293 	    0.005588 	     0.005613 	     0.011201 
11500 	 14 	       22.320 	       21.635 	   0.92334 	   0.92297 	    0.005585 	     0.005610 	     0.011195 
11600 	 14 	       22.313 	       21.630 	   0.92337 	   0.92300 	    0.005583 	     0.005607 	     0.011190 
11700 	 14 	       22.307 	       21.624 	   0.92340 	   0.92303 	    0.005580 	     0.005605 	     0.011186 
11800 	 14 	       22.300 	       21.619 	   0.92343 	   0.92306 	    0.005578 	     0.005603 	     0.011181 
11900 	 14 	       22.294 	       21.614 	   0.92346 	   0.92308 	    0.005576 	     0.005601 	     0.011177 
12000 	 14 	       22.234 	       21.549 	   0.92400 	   0.92362 	    0.005525 	     0.005550 	     0.011076 
12100 	 14 	       22.114 	       21.437 	   0.92440 	   0.92401 	    0.005493 	     0.005519 	     0.011012 
12200 	 14 	       22.104 	       21.430 	   0.92445 	   0.92405 	    0.005490 	     0.005516 	     0.011005 
12300 	 14 	       22.096 	       21.424 	   0.92448 	   0.92408 	    0.005487 	     0.005513 	     0.011000 
12400 	 14 	       22.089 	       21.419 	   0.92452 	   0.92411 	    0.005485 	     0.005511 	     0.010996 
12500 	 14 	       22.083 	       21.414 	   0.92454 	   0.92414 	    0.005482 	     0.005509 	     0.010991 
12600 	 14 	       22.077 	       21.410 	   0.92457 	   0.92417 	    0.005480 	     0.005507 	     0.010987 
12700 	 14 	       22.072 	       21.406 	   0.92460 	   0.92419 	    0.005478 	     0.005505 	     0.010984 
12800 	 14 	       22.067 	       21.402 	   0.92462 	   0.92421 	    0.005477 	     0.005503 	     0.010980 
12900 	 14 	       22.062 	       21.398 	   0.92464 	   0.92423 	    0.005475 	     0.005502 	     0.010977 
13000 	 14 	       22.019 	       21.351 	   0.92511 	   0.92470 	    0.005432 	     0.005459 	     0.010891 
13100 	 14 	       21.911 	       21.254 	   0.92547 	   0.92504 	    0.005404 	     0.005432 	     0.010836 
13200 	 14 	       21.901 	       21.246 	   0.92551 	   0.92508 	    0.005401 	     0.005429 	     0.010830 
13300 	 14 	       21.894 	       21.240 	   0.92554 	   0.92511 	    0.005399 	     0.005427 	     0.010826 
13400 	 14 	       21.887 	       21.235 	   0.92557 	   0.92514 	    0.005397 	     0.005425 	     0.010822 
13500 	 14 	       21.881 	       21.230 	   0.92559 	   0.92516 	    0.005395 	     0.005423 	     0.010818 
13600 	 14 	       21.876 	       21.226 	   0.92562 	   0.92519 	    0.005393 	     0.005421 	     0.010815 
13700 	 14 	       21.871 	       21.221 	   0.92564 	   0.92521 	    0.005392 	     0.005420 	     0.010811 
13800 	 14 	       21.866 	       21.217 	   0.92566 	   0.92523 	    0.005390 	     0.005418 	     0.010808 
13900 	 14 	       21.861 	       21.213 	   0.92568 	   0.92524 	    0.005389 	     0.005417 	     0.010805 
14000 	 14 	       21.829 	       21.178 	   0.92609 	   0.92566 	    0.005352 	     0.005380 	     0.010732 
14100 	 14 	       21.735 	       21.092 	   0.92641 	   0.92596 	    0.005327 	     0.005356 	     0.010684 
14200 	 14 	       21.726 	       21.085 	   0.92645 	   0.92600 	    0.005325 	     0.005354 	     0.010678 
14300 	 14 	       21.719 	       21.080 	   0.92648 	   0.92602 	    0.005323 	     0.005352 	     0.010674 
14400 	 14 	       21.713 	       21.075 	   0.92650 	   0.92605 	    0.005321 	     0.005350 	     0.010671 
14500 	 14 	       21.708 	       21.071 	   0.92652 	   0.92607 	    0.005319 	     0.005349 	     0.010668 
14600 	 14 	       21.703 	       21.068 	   0.92654 	   0.92609 	    0.005318 	     0.005347 	     0.010665 
14700 	 14 	       21.699 	       21.064 	   0.92656 	   0.92611 	    0.005316 	     0.005346 	     0.010662 
14800 	 14 	       21.694 	       21.061 	   0.92658 	   0.92613 	    0.005315 	     0.005344 	     0.010659 
14900 	 14 	       21.690 	       21.058 	   0.92660 	   0.92614 	    0.005313 	     0.005343 	     0.010656 
15000 	 14 	       21.668 	       21.031 	   0.92696 	   0.92650 	    0.005282 	     0.005311 	     0.010593 
15100 	 14 	       21.584 	       20.954 	   0.92725 	   0.92678 	    0.005260 	     0.005290 	     0.010550 
15200 	 14 	       21.576 	       20.947 	   0.92728 	   0.92681 	    0.005257 	     0.005288 	     0.010545 
15300 	 14 	       21.569 	       20.942 	   0.92731 	   0.92684 	    0.005255 	     0.005286 	     0.010541 
15400 	 14 	       21.564 	       20.938 	   0.92733 	   0.92686 	    0.005254 	     0.005284 	     0.010538 
15500 	 14 	       21.559 	       20.933 	   0.92735 	   0.92688 	    0.005252 	     0.005283 	     0.010535 
15600 	 14 	       21.554 	       20.930 	   0.92737 	   0.92690 	    0.005251 	     0.005281 	     0.010532 
15700 	 14 	       21.550 	       20.926 	   0.92739 	   0.92692 	    0.005249 	     0.005280 	     0.010529 
15800 	 14 	       21.546 	       20.922 	   0.92741 	   0.92693 	    0.005248 	     0.005279 	     0.010527 
15900 	 14 	       21.541 	       20.917 	   0.92743 	   0.92695 	    0.005247 	     0.005277 	     0.010524 
16000 	 14 	       21.527 	       20.899 	   0.92774 	   0.92727 	    0.005219 	     0.005250 	     0.010470 
16100 	 14 	       21.453 	       20.829 	   0.92800 	   0.92751 	    0.005200 	     0.005231 	     0.010431 
16200 	 14 	       21.445 	       20.821 	   0.92804 	   0.92754 	    0.005197 	     0.005229 	     0.010427 
16300 	 14 	       21.439 	       20.816 	   0.92806 	   0.92757 	    0.005196 	     0.005227 	     0.010423 
16400 	 14 	       21.434 	       20.811 	   0.92808 	   0.92759 	    0.005194 	     0.005226 	     0.010420 
16500 	 14 	       21.429 	       20.807 	   0.92810 	   0.92761 	    0.005193 	     0.005224 	     0.010417 
16600 	 14 	       21.425 	       20.803 	   0.92812 	   0.92762 	    0.005191 	     0.005223 	     0.010414 
16700 	 14 	       21.420 	       20.799 	   0.92814 	   0.92764 	    0.005190 	     0.005222 	     0.010412 
16800 	 14 	       21.416 	       20.795 	   0.92815 	   0.92766 	    0.005189 	     0.005220 	     0.010409 
16900 	 14 	       21.413 	       20.791 	   0.92817 	   0.92767 	    0.005187 	     0.005219 	     0.010407 
17000 	 14 	       21.403 	       20.778 	   0.92845 	   0.92795 	    0.005164 	     0.005195 	     0.010359 
17100 	 14 	       21.339 	       20.716 	   0.92868 	   0.92817 	    0.005146 	     0.005179 	     0.010325 
17200 	 14 	       21.331 	       20.709 	   0.92871 	   0.92820 	    0.005144 	     0.005177 	     0.010320 
17300 	 14 	       21.325 	       20.704 	   0.92873 	   0.92822 	    0.005142 	     0.005175 	     0.010317 
17400 	 14 	       21.321 	       20.700 	   0.92875 	   0.92824 	    0.005141 	     0.005173 	     0.010314 
17500 	 14 	       21.317 	       20.696 	   0.92877 	   0.92826 	    0.005139 	     0.005172 	     0.010311 
17600 	 14 	       21.313 	       20.692 	   0.92879 	   0.92828 	    0.005138 	     0.005171 	     0.010309 
17700 	 14 	       21.309 	       20.689 	   0.92881 	   0.92830 	    0.005137 	     0.005170 	     0.010306 
17800 	 14 	       21.306 	       20.685 	   0.92882 	   0.92831 	    0.005136 	     0.005168 	     0.010304 
17900 	 14 	       21.302 	       20.682 	   0.92884 	   0.92833 	    0.005134 	     0.005167 	     0.010301 
18000 	 14 	       21.296 	       20.673 	   0.92908 	   0.92857 	    0.005114 	     0.005146 	     0.010260 
18100 	 14 	       21.241 	       20.620 	   0.92929 	   0.92877 	    0.005098 	     0.005131 	     0.010229 
18200 	 14 	       21.234 	       20.614 	   0.92932 	   0.92879 	    0.005096 	     0.005129 	     0.010225 
18300 	 14 	       21.229 	       20.609 	   0.92934 	   0.92882 	    0.005094 	     0.005128 	     0.010222 
18400 	 14 	       21.226 	       20.605 	   0.92936 	   0.92883 	    0.005093 	     0.005126 	     0.010219 
18500 	 14 	       21.223 	       20.602 	   0.92938 	   0.92885 	    0.005092 	     0.005125 	     0.010217 
18600 	 14 	       21.220 	       20.598 	   0.92940 	   0.92887 	    0.005090 	     0.005124 	     0.010214 
18700 	 14 	       21.217 	       20.595 	   0.92941 	   0.92889 	    0.005089 	     0.005123 	     0.010212 
18800 	 14 	       21.215 	       20.591 	   0.92943 	   0.92890 	    0.005088 	     0.005121 	     0.010209 
18900 	 14 	       21.213 	       20.588 	   0.92944 	   0.92892 	    0.005087 	     0.005120 	     0.010207 
19000 	 14 	       21.211 	       20.583 	   0.92966 	   0.92913 	    0.005068 	     0.005102 	     0.010170 
19100 	 14 	       21.167 	       20.539 	   0.92984 	   0.92931 	    0.005055 	     0.005089 	     0.010143 
19200 	 14 	       21.161 	       20.534 	   0.92987 	   0.92933 	    0.005053 	     0.005087 	     0.010139 
19300 	 14 	       21.158 	       20.531 	   0.92989 	   0.92935 	    0.005051 	     0.005085 	     0.010136 
19400 	 14 	       21.156 	       20.528 	   0.92991 	   0.92937 	    0.005050 	     0.005084 	     0.010134 
19500 	 14 	       21.153 	       20.525 	   0.92993 	   0.92939 	    0.005048 	     0.005083 	     0.010131 
19600 	 14 	       21.151 	       20.522 	   0.92994 	   0.92940 	    0.005047 	     0.005081 	     0.010129 
19700 	 14 	       21.150 	       20.519 	   0.92996 	   0.92942 	    0.005046 	     0.005080 	     0.010126 
19800 	 14 	       21.148 	       20.517 	   0.92997 	   0.92943 	    0.005045 	     0.005079 	     0.010124 
19900 	 14 	       21.146 	       20.514 	   0.92999 	   0.92945 	    0.005044 	     0.005078 	     0.010122 
20000 	 14 	       21.147 	       20.512 	   0.93018 	   0.92964 	    0.005028 	     0.005062 	     0.010089 
100 	 15 	       27.747 	       27.117 	   0.88902 	   0.88891 	    0.008706 	     0.008711 	     0.017417 
200 	 15 	       28.914 	       28.325 	   0.88123 	   0.88122 	    0.009494 	     0.009490 	     0.018984 
300 	 15 	       28.687 	       28.122 	   0.87907 	   0.87921 	    0.009556 	     0.009542 	     0.019097 
400 	 15 	       28.545 	       27.991 	   0.87788 	   0.87811 	    0.009626 	     0.009606 	     0.019232 
500 	 15 	       28.587 	       28.042 	   0.87675 	   0.87702 	    0.009703 	     0.009680 	     0.019383 
600 	 15 	       28.801 	       28.263 	   0.87506 	   0.87537 	    0.009802 	     0.009776 	     0.019578 
700 	 15 	       28.969 	       28.445 	   0.87382 	   0.87414 	    0.009866 	     0.009839 	     0.019705 
800 	 15 	       29.022 	       28.509 	   0.87340 	   0.87373 	    0.009882 	     0.009854 	     0.019736 
900 	 15 	       29.039 	       28.533 	   0.87314 	   0.87348 	    0.009893 	     0.009864 	     0.019758 
1000 	 15 	       28.291 	       27.804 	   0.87550 	   0.87613 	    0.009734 	     0.009682 	     0.019416 
1100 	 15 	       27.792 	       27.417 	   0.88206 	   0.88246 	    0.009175 	     0.009144 	     0.018319 
1200 	 15 	       27.572 	       27.210 	   0.88370 	   0.88402 	    0.009078 	     0.009055 	     0.018134 
1300 	 15 	       27.457 	       27.101 	   0.88453 	   0.88482 	    0.009031 	     0.009011 	     0.018042 
1400 	 15 	       27.405 	       27.055 	   0.88488 	   0.88516 	    0.009013 	     0.008993 	     0.018006 
1500 	 15 	       27.388 	       27.039 	   0.88498 	   0.88524 	    0.009010 	     0.008992 	     0.018002 
1600 	 15 	       27.395 	       27.044 	   0.88494 	   0.88520 	    0.009017 	     0.009000 	     0.018017 
1700 	 15 	       27.419 	       27.060 	   0.88483 	   0.88507 	    0.009031 	     0.009014 	     0.018045 
1800 	 15 	       27.447 	       27.079 	   0.88469 	   0.88492 	    0.009047 	     0.009032 	     0.018078 
1900 	 15 	       27.472 	       27.096 	   0.88454 	   0.88476 	    0.009064 	     0.009050 	     0.018114 
2000 	 15 	       27.048 	       26.642 	   0.88663 	   0.88692 	    0.008800 	     0.008779 	     0.017578 
2100 	 15 	       26.594 	       26.188 	   0.89075 	   0.89082 	    0.008484 	     0.008482 	     0.016966 
2200 	 15 	       26.558 	       26.141 	   0.89103 	   0.89108 	    0.008476 	     0.008475 	     0.016951 
2300 	 15 	       26.545 	       26.123 	   0.89106 	   0.89110 	    0.008482 	     0.008483 	     0.016965 
2400 	 15 	       26.540 	       26.115 	   0.89103 	   0.89106 	    0.008492 	     0.008494 	     0.016986 
2500 	 15 	       26.537 	       26.113 	   0.89096 	   0.89099 	    0.008503 	     0.008506 	     0.017009 
2600 	 15 	       26.537 	       26.113 	   0.89088 	   0.89090 	    0.008515 	     0.008518 	     0.017032 
2700 	 15 	       26.537 	       26.113 	   0.89079 	   0.89081 	    0.008527 	     0.008529 	     0.017056 
2800 	 15 	       26.536 	       26.114 	   0.89069 	   0.89072 	    0.008538 	     0.008541 	     0.017079 
2900 	 15 	       26.538 	       26.115 	   0.89059 	   0.89062 	    0.008550 	     0.008552 	     0.017102 
3000 	 15 	       26.181 	       25.745 	   0.89263 	   0.89269 	    0.008303 	     0.008302 	     0.016605 
3100 	 15 	       25.885 	       25.455 	   0.89544 	   0.89537 	    0.008086 	     0.008095 	     0.016180 
3200 	 15 	       25.850 	       25.417 	   0.89576 	   0.89568 	    0.008063 	     0.008074 	     0.016137 
3300 	 15 	       25.836 	       25.401 	   0.89588 	   0.89579 	    0.008057 	     0.008068 	     0.016125 
3400 	 15 	       25.828 	       25.393 	   0.89592 	   0.89584 	    0.008056 	     0.008067 	     0.016122 
3500 	 15 	       25.824 	       25.387 	   0.89594 	   0.89586 	    0.008056 	     0.008067 	     0.016123 
3600 	 15 	       25.819 	       25.382 	   0.89595 	   0.89586 	    0.008058 	     0.008069 	     0.016126 
3700 	 15 	       25.814 	       25.377 	   0.89595 	   0.89586 	    0.008060 	     0.008070 	     0.016130 
3800 	 15 	       25.810 	       25.372 	   0.89595 	   0.89586 	    0.008062 	     0.008073 	     0.016135 
3900 	 15 	       25.807 	       25.368 	   0.89593 	   0.89584 	    0.008065 	     0.008076 	     0.016142 
4000 	 15 	       25.492 	       25.026 	   0.89791 	   0.89783 	    0.007840 	     0.007849 	     0.015689 
4100 	 15 	       25.227 	       24.767 	   0.90021 	   0.90004 	    0.007652 	     0.007668 	     0.015321 
4200 	 15 	       25.193 	       24.728 	   0.90061 	   0.90042 	    0.007621 	     0.007638 	     0.015258 
4300 	 15 	       25.171 	       24.704 	   0.90083 	   0.90063 	    0.007604 	     0.007622 	     0.015227 
4400 	 15 	       25.153 	       24.685 	   0.90098 	   0.90077 	    0.007594 	     0.007613 	     0.015207 
4500 	 15 	       25.133 	       24.665 	   0.90110 	   0.90089 	    0.007586 	     0.007605 	     0.015192 
4600 	 15 	       25.107 	       24.641 	   0.90123 	   0.90101 	    0.007578 	     0.007597 	     0.015175 
4700 	 15 	       25.074 	       24.610 	   0.90137 	   0.90115 	    0.007567 	     0.007587 	     0.015154 
4800 	 15 	       25.034 	       24.575 	   0.90153 	   0.90130 	    0.007555 	     0.007575 	     0.015129 
4900 	 15 	       24.992 	       24.538 	   0.90168 	   0.90144 	    0.007542 	     0.007563 	     0.015105 
5000 	 15 	       24.691 	       24.222 	   0.90360 	   0.90335 	    0.007335 	     0.007355 	     0.014690 
5100 	 15 	       24.423 	       23.966 	   0.90545 	   0.90516 	    0.007172 	     0.007195 	     0.014366 
5200 	 15 	       24.376 	       23.929 	   0.90585 	   0.90555 	    0.007138 	     0.007162 	     0.014301 
5300 	 15 	       24.337 	       23.902 	   0.90610 	   0.90579 	    0.007118 	     0.007143 	     0.014261 
5400 	 15 	       24.305 	       23.880 	   0.90628 	   0.90595 	    0.007104 	     0.007130 	     0.014234 
5500 	 15 	       24.274 	       23.861 	   0.90641 	   0.90607 	    0.007093 	     0.007120 	     0.014213 
5600 	 15 	       24.244 	       23.843 	   0.90652 	   0.90617 	    0.007085 	     0.007112 	     0.014197 
5700 	 15 	       24.213 	       23.826 	   0.90661 	   0.90625 	    0.007078 	     0.007106 	     0.014184 
5800 	 15 	       24.183 	       23.807 	   0.90669 	   0.90632 	    0.007071 	     0.007101 	     0.014172 
5900 	 15 	       24.153 	       23.788 	   0.90675 	   0.90637 	    0.007066 	     0.007096 	     0.014162 
6000 	 15 	       23.935 	       23.562 	   0.90833 	   0.90794 	    0.006900 	     0.006930 	     0.013830 
6100 	 15 	       23.690 	       23.339 	   0.90970 	   0.90931 	    0.006778 	     0.006808 	     0.013586 
6200 	 15 	       23.664 	       23.319 	   0.90994 	   0.90955 	    0.006757 	     0.006786 	     0.013543 
6300 	 15 	       23.642 	       23.306 	   0.91009 	   0.90970 	    0.006744 	     0.006773 	     0.013517 
6400 	 15 	       23.624 	       23.295 	   0.91019 	   0.90979 	    0.006735 	     0.006764 	     0.013499 
6500 	 15 	       23.610 	       23.288 	   0.91024 	   0.90984 	    0.006729 	     0.006759 	     0.013488 
6600 	 15 	       23.597 	       23.284 	   0.91026 	   0.90986 	    0.006726 	     0.006756 	     0.013482 
6700 	 15 	       23.586 	       23.282 	   0.91024 	   0.90984 	    0.006725 	     0.006755 	     0.013480 
6800 	 15 	       23.578 	       23.282 	   0.91020 	   0.90980 	    0.006726 	     0.006756 	     0.013483 
6900 	 15 	       23.572 	       23.284 	   0.91013 	   0.90973 	    0.006729 	     0.006759 	     0.013489 
7000 	 15 	       23.435 	       23.139 	   0.91128 	   0.91088 	    0.006610 	     0.006639 	     0.013249 
7100 	 15 	       23.234 	       22.956 	   0.91228 	   0.91190 	    0.006523 	     0.006551 	     0.013074 
7200 	 15 	       23.227 	       22.952 	   0.91233 	   0.91196 	    0.006517 	     0.006543 	     0.013060 
7300 	 15 	       23.222 	       22.949 	   0.91233 	   0.91196 	    0.006514 	     0.006541 	     0.013056 
7400 	 15 	       23.219 	       22.946 	   0.91231 	   0.91195 	    0.006514 	     0.006541 	     0.013055 
7500 	 15 	       23.215 	       22.942 	   0.91229 	   0.91192 	    0.006515 	     0.006541 	     0.013056 
7600 	 15 	       23.212 	       22.938 	   0.91227 	   0.91190 	    0.006516 	     0.006542 	     0.013058 
7700 	 15 	       23.208 	       22.933 	   0.91225 	   0.91188 	    0.006517 	     0.006543 	     0.013059 
7800 	 15 	       23.205 	       22.928 	   0.91223 	   0.91187 	    0.006517 	     0.006543 	     0.013060 
7900 	 15 	       23.201 	       22.922 	   0.91223 	   0.91186 	    0.006517 	     0.006544 	     0.013061 
8000 	 15 	       23.105 	       22.809 	   0.91324 	   0.91287 	    0.006421 	     0.006447 	     0.012868 
8100 	 15 	       22.915 	       22.631 	   0.91427 	   0.91392 	    0.006339 	     0.006363 	     0.012702 
8200 	 15 	       22.906 	       22.621 	   0.91440 	   0.91407 	    0.006328 	     0.006351 	     0.012680 
8300 	 15 	       22.899 	       22.610 	   0.91449 	   0.91417 	    0.006320 	     0.006343 	     0.012664 
8400 	 15 	       22.891 	       22.599 	   0.91457 	   0.91425 	    0.006314 	     0.006337 	     0.012651 
8500 	 15 	       22.884 	       22.588 	   0.91463 	   0.91431 	    0.006309 	     0.006331 	     0.012640 
8600 	 15 	       22.877 	       22.577 	   0.91469 	   0.91437 	    0.006304 	     0.006326 	     0.012630 
8700 	 15 	       22.870 	       22.567 	   0.91474 	   0.91443 	    0.006300 	     0.006321 	     0.012622 
8800 	 15 	       22.863 	       22.557 	   0.91478 	   0.91448 	    0.006296 	     0.006317 	     0.012614 
8900 	 15 	       22.856 	       22.547 	   0.91483 	   0.91453 	    0.006293 	     0.006313 	     0.012606 
9000 	 15 	       22.785 	       22.465 	   0.91573 	   0.91544 	    0.006210 	     0.006230 	     0.012440 
9100 	 15 	       22.603 	       22.292 	   0.91671 	   0.91643 	    0.006135 	     0.006153 	     0.012288 
9200 	 15 	       22.591 	       22.278 	   0.91685 	   0.91659 	    0.006124 	     0.006141 	     0.012265 
9300 	 15 	       22.582 	       22.265 	   0.91696 	   0.91671 	    0.006115 	     0.006132 	     0.012247 
9400 	 15 	       22.573 	       22.253 	   0.91704 	   0.91680 	    0.006109 	     0.006124 	     0.012233 
9500 	 15 	       22.565 	       22.242 	   0.91712 	   0.91688 	    0.006103 	     0.006117 	     0.012220 
9600 	 15 	       22.557 	       22.231 	   0.91718 	   0.91696 	    0.006097 	     0.006111 	     0.012208 
9700 	 15 	       22.550 	       22.220 	   0.91725 	   0.91703 	    0.006092 	     0.006106 	     0.012198 
9800 	 15 	       22.543 	       22.209 	   0.91731 	   0.91710 	    0.006087 	     0.006101 	     0.012188 
9900 	 15 	       22.536 	       22.199 	   0.91736 	   0.91716 	    0.006083 	     0.006096 	     0.012179 
10000 	 15 	       22.486 	       22.139 	   0.91814 	   0.91794 	    0.006013 	     0.006025 	     0.012038 
10100 	 15 	       22.316 	       21.971 	   0.91905 	   0.91885 	    0.005945 	     0.005956 	     0.011900 
10200 	 15 	       22.305 	       21.956 	   0.91917 	   0.91899 	    0.005935 	     0.005945 	     0.011880 
10300 	 15 	       22.297 	       21.943 	   0.91927 	   0.91910 	    0.005928 	     0.005937 	     0.011865 
10400 	 15 	       22.290 	       21.932 	   0.91935 	   0.91919 	    0.005921 	     0.005930 	     0.011852 
10500 	 15 	       22.283 	       21.920 	   0.91942 	   0.91927 	    0.005916 	     0.005924 	     0.011840 
10600 	 15 	       22.277 	       21.909 	   0.91949 	   0.91934 	    0.005911 	     0.005919 	     0.011829 
10700 	 15 	       22.270 	       21.899 	   0.91955 	   0.91940 	    0.005906 	     0.005914 	     0.011820 
10800 	 15 	       22.264 	       21.888 	   0.91960 	   0.91946 	    0.005901 	     0.005909 	     0.011810 
10900 	 15 	       22.257 	       21.878 	   0.91966 	   0.91952 	    0.005897 	     0.005904 	     0.011802 
11000 	 15 	       22.223 	       21.830 	   0.92032 	   0.92019 	    0.005837 	     0.005844 	     0.011682 
11100 	 15 	       22.061 	       21.669 	   0.92114 	   0.92101 	    0.005776 	     0.005783 	     0.011559 
11200 	 15 	       22.049 	       21.655 	   0.92125 	   0.92112 	    0.005768 	     0.005775 	     0.011543 
11300 	 15 	       22.040 	       21.643 	   0.92134 	   0.92121 	    0.005762 	     0.005768 	     0.011530 
11400 	 15 	       22.031 	       21.632 	   0.92141 	   0.92128 	    0.005756 	     0.005762 	     0.011519 
11500 	 15 	       22.023 	       21.621 	   0.92147 	   0.92135 	    0.005751 	     0.005757 	     0.011508 
11600 	 15 	       22.014 	       21.610 	   0.92153 	   0.92142 	    0.005747 	     0.005752 	     0.011499 
11700 	 15 	       22.005 	       21.598 	   0.92159 	   0.92148 	    0.005742 	     0.005748 	     0.011490 
11800 	 15 	       21.996 	       21.586 	   0.92165 	   0.92154 	    0.005738 	     0.005743 	     0.011482 
11900 	 15 	       21.987 	       21.576 	   0.92171 	   0.92160 	    0.005734 	     0.005739 	     0.011473 
12000 	 15 	       21.959 	       21.541 	   0.92229 	   0.92218 	    0.005682 	     0.005687 	     0.011369 
12100 	 15 	       21.806 	       21.394 	   0.92305 	   0.92293 	    0.005626 	     0.005632 	     0.011257 
12200 	 15 	       21.795 	       21.388 	   0.92321 	   0.92309 	    0.005615 	     0.005621 	     0.011237 
12300 	 15 	       21.781 	       21.389 	   0.92344 	   0.92332 	    0.005601 	     0.005606 	     0.011207 
12400 	 15 	       21.773 	       21.401 	   0.92366 	   0.92355 	    0.005585 	     0.005590 	     0.011175 
12500 	 15 	       21.772 	       21.399 	   0.92374 	   0.92363 	    0.005580 	     0.005585 	     0.011166 
12600 	 15 	       21.767 	       21.380 	   0.92379 	   0.92368 	    0.005577 	     0.005582 	     0.011160 
12700 	 15 	       21.758 	       21.359 	   0.92383 	   0.92372 	    0.005574 	     0.005579 	     0.011153 
12800 	 15 	       21.749 	       21.338 	   0.92388 	   0.92377 	    0.005570 	     0.005575 	     0.011145 
12900 	 15 	       21.739 	       21.318 	   0.92393 	   0.92382 	    0.005566 	     0.005571 	     0.011138 
13000 	 15 	       21.716 	       21.282 	   0.92443 	   0.92431 	    0.005522 	     0.005527 	     0.011050 
13100 	 15 	       21.578 	       21.146 	   0.92506 	   0.92493 	    0.005474 	     0.005480 	     0.010955 
13200 	 15 	       21.568 	       21.131 	   0.92514 	   0.92501 	    0.005468 	     0.005474 	     0.010942 
13300 	 15 	       21.562 	       21.119 	   0.92520 	   0.92507 	    0.005463 	     0.005469 	     0.010933 
13400 	 15 	       21.556 	       21.110 	   0.92526 	   0.92513 	    0.005459 	     0.005465 	     0.010924 
13500 	 15 	       21.552 	       21.104 	   0.92530 	   0.92518 	    0.005455 	     0.005461 	     0.010917 
13600 	 15 	       21.548 	       21.099 	   0.92535 	   0.92522 	    0.005452 	     0.005458 	     0.010910 
13700 	 15 	       21.545 	       21.094 	   0.92539 	   0.92526 	    0.005449 	     0.005454 	     0.010903 
13800 	 15 	       21.542 	       21.088 	   0.92544 	   0.92530 	    0.005445 	     0.005451 	     0.010897 
13900 	 15 	       21.538 	       21.082 	   0.92548 	   0.92534 	    0.005442 	     0.005448 	     0.010891 
14000 	 15 	       21.524 	       21.059 	   0.92590 	   0.92577 	    0.005405 	     0.005411 	     0.010815 
14100 	 15 	       21.400 	       20.939 	   0.92645 	   0.92629 	    0.005363 	     0.005370 	     0.010733 
14200 	 15 	       21.389 	       20.928 	   0.92652 	   0.92636 	    0.005358 	     0.005365 	     0.010723 
14300 	 15 	       21.383 	       20.922 	   0.92657 	   0.92641 	    0.005353 	     0.005361 	     0.010715 
14400 	 15 	       21.378 	       20.917 	   0.92662 	   0.92646 	    0.005350 	     0.005358 	     0.010707 
14500 	 15 	       21.374 	       20.912 	   0.92667 	   0.92650 	    0.005346 	     0.005354 	     0.010701 
14600 	 15 	       21.370 	       20.909 	   0.92671 	   0.92654 	    0.005343 	     0.005351 	     0.010694 
14700 	 15 	       21.366 	       20.905 	   0.92675 	   0.92658 	    0.005340 	     0.005348 	     0.010688 
14800 	 15 	       21.362 	       20.901 	   0.92680 	   0.92662 	    0.005336 	     0.005345 	     0.010682 
14900 	 15 	       21.357 	       20.897 	   0.92684 	   0.92666 	    0.005333 	     0.005343 	     0.010676 
15000 	 15 	       21.347 	       20.882 	   0.92721 	   0.92702 	    0.005300 	     0.005310 	     0.010610 
15100 	 15 	       21.233 	       20.774 	   0.92768 	   0.92747 	    0.005264 	     0.005275 	     0.010540 
15200 	 15 	       21.223 	       20.765 	   0.92774 	   0.92753 	    0.005259 	     0.005271 	     0.010530 
15300 	 15 	       21.216 	       20.759 	   0.92779 	   0.92757 	    0.005255 	     0.005267 	     0.010523 
15400 	 15 	       21.211 	       20.753 	   0.92784 	   0.92762 	    0.005252 	     0.005264 	     0.010516 
15500 	 15 	       21.206 	       20.748 	   0.92788 	   0.92765 	    0.005249 	     0.005261 	     0.010510 
15600 	 15 	       21.201 	       20.744 	   0.92792 	   0.92769 	    0.005246 	     0.005258 	     0.010504 
15700 	 15 	       21.197 	       20.740 	   0.92795 	   0.92772 	    0.005243 	     0.005256 	     0.010499 
15800 	 15 	       21.193 	       20.736 	   0.92799 	   0.92775 	    0.005240 	     0.005253 	     0.010494 
15900 	 15 	       21.189 	       20.732 	   0.92802 	   0.92778 	    0.005238 	     0.005251 	     0.010489 
16000 	 15 	       21.183 	       20.722 	   0.92834 	   0.92809 	    0.005209 	     0.005223 	     0.010432 
16100 	 15 	       21.085 	       20.629 	   0.92872 	   0.92846 	    0.005179 	     0.005194 	     0.010373 
16200 	 15 	       21.077 	       20.621 	   0.92878 	   0.92851 	    0.005175 	     0.005190 	     0.010365 
16300 	 15 	       21.073 	       20.617 	   0.92881 	   0.92855 	    0.005172 	     0.005187 	     0.010359 
16400 	 15 	       21.070 	       20.613 	   0.92885 	   0.92858 	    0.005169 	     0.005185 	     0.010354 
16500 	 15 	       21.067 	       20.611 	   0.92888 	   0.92861 	    0.005167 	     0.005183 	     0.010350 
16600 	 15 	       21.065 	       20.608 	   0.92891 	   0.92863 	    0.005165 	     0.005180 	     0.010345 
16700 	 15 	       21.063 	       20.607 	   0.92894 	   0.92866 	    0.005163 	     0.005178 	     0.010341 
16800 	 15 	       21.062 	       20.605 	   0.92896 	   0.92868 	    0.005161 	     0.005177 	     0.010337 
16900 	 15 	       21.060 	       20.604 	   0.92898 	   0.92870 	    0.005159 	     0.005175 	     0.010333 
17000 	 15 	       21.059 	       20.599 	   0.92925 	   0.92896 	    0.005134 	     0.005150 	     0.010284 
17100 	 15 	       20.978 	       20.523 	   0.92958 	   0.92927 	    0.005109 	     0.005126 	     0.010235 
17200 	 15 	       20.973 	       20.518 	   0.92962 	   0.92931 	    0.005106 	     0.005123 	     0.010229 
17300 	 15 	       20.970 	       20.515 	   0.92965 	   0.92934 	    0.005103 	     0.005121 	     0.010225 
17400 	 15 	       20.968 	       20.514 	   0.92967 	   0.92936 	    0.005101 	     0.005119 	     0.010221 
17500 	 15 	       20.967 	       20.513 	   0.92969 	   0.92939 	    0.005100 	     0.005117 	     0.010217 
17600 	 15 	       20.966 	       20.512 	   0.92972 	   0.92941 	    0.005098 	     0.005116 	     0.010214 
17700 	 15 	       20.965 	       20.511 	   0.92974 	   0.92942 	    0.005096 	     0.005114 	     0.010211 
17800 	 15 	       20.964 	       20.510 	   0.92975 	   0.92944 	    0.005095 	     0.005113 	     0.010208 
17900 	 15 	       20.963 	       20.510 	   0.92977 	   0.92946 	    0.005093 	     0.005111 	     0.010205 
18000 	 15 	       20.965 	       20.508 	   0.93000 	   0.92968 	    0.005072 	     0.005090 	     0.010162 
18100 	 15 	       20.895 	       20.442 	   0.93028 	   0.92994 	    0.005051 	     0.005070 	     0.010121 
18200 	 15 	       20.891 	       20.438 	   0.93031 	   0.92997 	    0.005048 	     0.005068 	     0.010116 
18300 	 15 	       20.889 	       20.436 	   0.93033 	   0.93000 	    0.005047 	     0.005066 	     0.010113 
18400 	 15 	       20.888 	       20.435 	   0.93035 	   0.93001 	    0.005045 	     0.005064 	     0.010109 
18500 	 15 	       20.887 	       20.434 	   0.93037 	   0.93003 	    0.005044 	     0.005063 	     0.010107 
18600 	 15 	       20.886 	       20.433 	   0.93038 	   0.93005 	    0.005042 	     0.005062 	     0.010104 
18700 	 15 	       20.886 	       20.432 	   0.93040 	   0.93006 	    0.005041 	     0.005061 	     0.010102 
18800 	 15 	       20.885 	       20.432 	   0.93041 	   0.93008 	    0.005040 	     0.005060 	     0.010099 
18900 	 15 	       20.885 	       20.431 	   0.93043 	   0.93009 	    0.005039 	     0.005059 	     0.010097 
19000 	 15 	       20.889 	       20.431 	   0.93062 	   0.93028 	    0.005020 	     0.005040 	     0.010060 
19100 	 15 	       20.828 	       20.375 	   0.93086 	   0.93051 	    0.005002 	     0.005023 	     0.010025 
19200 	 15 	       20.824 	       20.371 	   0.93089 	   0.93053 	    0.005000 	     0.005021 	     0.010021 
19300 	 15 	       20.822 	       20.370 	   0.93090 	   0.93055 	    0.004999 	     0.005020 	     0.010018 
19400 	 15 	       20.821 	       20.369 	   0.93092 	   0.93056 	    0.004998 	     0.005018 	     0.010016 
19500 	 15 	       20.821 	       20.368 	   0.93093 	   0.93058 	    0.004996 	     0.005017 	     0.010014 
19600 	 15 	       20.820 	       20.368 	   0.93095 	   0.93059 	    0.004995 	     0.005016 	     0.010012 
19700 	 15 	       20.820 	       20.367 	   0.93096 	   0.93060 	    0.004994 	     0.005015 	     0.010010 
19800 	 15 	       20.820 	       20.367 	   0.93097 	   0.93061 	    0.004993 	     0.005014 	     0.010008 
19900 	 15 	       20.819 	       20.367 	   0.93098 	   0.93062 	    0.004992 	     0.005014 	     0.010006 
20000 	 15 	       20.825 	       20.369 	   0.93115 	   0.93079 	    0.004976 	     0.004997 	     0.009974 
100 	 16 	       27.024 	       26.408 	   0.88907 	   0.88929 	    0.008340 	     0.008315 	     0.016655 
