 -9.9569e+000 -1.2925e+000 -6.9065e+000 -1.1206e+001 -8.1419e+000
 -6.1542e+000  2.1965e+000 -5.1897e+000 -2.0170e+000 -4.1990e+000
 -4.7624e+000 -9.2825e+000 -3.4470e+000 -4.0332e+000 -4.0745e+000
 -6.0566e-001
  1.1447e+000
 7.96382600e+000 7.96380606e+000  7.96378670e+000 1.17550819e+001 1.17550799e+001  1.17550775e+001 -8.27466411e+000 -8.27466411e+000  -8.27466411e+000 9.76636043e+000 9.76636012e+000  9.76635980e+000 -1.49661855e+001 -1.49661855e+001  -1.49661855e+001
 9.14835520e+000 9.14835520e+000  9.14835520e+000 -1.05471550e+001 -1.05471804e+001  -1.05472062e+001 8.74661119e+000 8.74674406e+000  8.74687704e+000 -2.01685410e+000 -2.01691369e+000  -2.01697408e+000 3.09281020e+000 3.09281053e+000  3.09281087e+000
 -4.32398220e+000 -4.32397637e+000  -4.32397052e+000 7.75197908e-001 7.75197774e-001  7.75197504e-001 -1.39331898e+000 -1.39332070e+000  -1.39332235e+000 -3.45132648e+000 -3.45132651e+000  -3.45132653e+000 -1.13345331e-001 -1.13345340e-001  -1.13345349e-001
 -1.86903717e-001 -1.86897828e-001  -1.86891845e-001
 -6.57031486e+000 -6.57031486e+000  -6.57031486e+000 -5.03730672e+000 -5.03730672e+000  -5.03730672e+000 -7.61611324e+000 -7.61611324e+000  -7.61611324e+000 -9.46733703e+000 -9.46733703e+000  -9.46733703e+000 4.23694643e+000 4.23694643e+000  4.23694643e+000
 -8.40534304e+000 -8.40534304e+000  -8.40534304e+000 1.64591173e+001 1.64591173e+001  1.64591173e+001 -6.52873561e+000 -6.52873561e+000  -6.52873561e+000 3.99334945e+000 3.99334945e+000  3.99334945e+000 -4.42179236e+000 -4.42179236e+000  -4.42179236e+000
 5.08818940e+000 5.08818940e+000  5.08818940e+000 -9.82937219e+000 -9.82937219e+000  -9.82937219e+000 -1.02362030e+000 -1.02362030e+000  -1.02362030e+000 -3.61581079e-001 -3.61581079e-001  -3.61581079e-001 -2.41220943e+000 -2.41220943e+000  -2.41220943e+000
 -2.62463614e-001 -2.62463614e-001  -2.62463614e-001
 -3.86291032e+000 -3.86291032e+000  -3.86291032e+000 -8.29495035e+000 -8.29495035e+000  -8.29495035e+000 -2.75452295e+000 -2.75452295e+000  -2.75452295e+000 -4.70577716e+000 -4.70577716e+000  -4.70577716e+000 7.77509651e+000 7.77509651e+000  7.77509651e+000
 -1.26505604e+000 -1.26505604e+000  -1.26505604e+000 1.18738431e+001 1.18738431e+001  1.18738431e+001 -4.54273270e+000 -4.54273270e+000  -4.54273270e+000 -4.02974103e-002 -4.02974103e-002  -4.02974103e-002 -8.14075083e+000 -8.14075083e+000  -8.14075083e+000
 -6.22216465e-001 -6.22216465e-001  -6.22216465e-001 3.96775136e+000 3.96775136e+000  3.96775136e+000 -2.67273579e-001 -2.67273579e-001  -2.67273579e-001 2.92030177e+000 2.92030177e+000  2.92030177e+000 2.09509090e+000 2.09509090e+000  2.09509090e+000
 -1.05022634e-001 -1.05022634e-001  -1.05022634e-001
 -1.02716434e+001 -1.02716434e+001  -1.02716434e+001 -6.25009306e+000 -6.25009306e+000  -6.25009306e+000 -4.54624299e+000 -4.54624299e+000  -4.54624299e+000 4.17667132e+000 4.17667132e+000  4.17667132e+000 1.89876132e+000 1.89876132e+000  1.89876132e+000
 -4.86819136e+000 -4.86819136e+000  -4.86819136e+000 1.05902489e+001 1.05902489e+001  1.05902489e+001 -7.18168254e-001 -7.18168254e-001  -7.18168254e-001 2.26376625e+000 2.26376625e+000  2.26376625e+000 2.87977503e+000 2.87977503e+000  2.87977503e+000
 2.42251088e+000 2.42251088e+000  2.42251088e+000 1.53978534e+001 1.53978534e+001  1.53978534e+001 -3.44073340e+000 -3.44073340e+000  -3.44073340e+000 1.10430146e+000 1.10430146e+000  1.10430146e+000 9.32854880e-001 9.32854880e-001  9.32854880e-001
 -2.57571897e-001 -2.57571897e-001  -2.57571897e-001
 -2.81083961e+000 -2.81083961e+000  -2.81083961e+000 -1.78301588e+001 -1.78301588e+001  -1.78301588e+001 2.75855695e+001 2.75855695e+001  2.75855695e+001 -1.00775869e+001 -1.00775869e+001  -1.00775869e+001 -9.22411356e+000 -9.22411356e+000  -9.22411356e+000
 2.74443577e+000 2.74443577e+000  2.74443577e+000 -1.55186910e+001 -1.55186910e+001  -1.55186910e+001 -7.54771255e+000 -7.54771255e+000  -7.54771255e+000 -3.96141306e+000 -3.96141306e+000  -3.96141306e+000 9.27586514e+000 9.27586514e+000  9.27586514e+000
 -1.25570920e+001 -1.25570920e+001  -1.25570920e+001 -1.05435875e+001 -1.05435875e+001  -1.05435875e+001 1.26011997e+000 1.26011997e+000  1.26011997e+000 -4.04634666e+000 -4.04634666e+000  -4.04634666e+000 -2.71875500e+000 -2.71875500e+000  -2.71875500e+000
 -4.78574758e-001 -4.78574758e-001  -4.78574758e-001
 6.74666765e+000 6.74666785e+000  6.74666836e+000 2.01482382e+001 2.01482382e+001  2.01482382e+001 -8.72477116e+000 -8.72477116e+000  -8.72477116e+000 -1.17089751e+001 -1.17089737e+001  -1.17089700e+001 4.94654176e+000 4.94654176e+000  4.94654176e+000
 -2.58824505e+000 -2.58824505e+000  -2.58824505e+000 -1.32486875e+001 -1.32486856e+001  -1.32486808e+001 -6.22761511e+000 -6.22761519e+000  -6.22761539e+000 -6.43755424e+000 -6.43755424e+000  -6.43755424e+000 -2.60256067e+000 -2.60256068e+000  -2.60256070e+000
 -8.46959821e-001 -8.46959821e-001  -8.46959822e-001 -7.22023690e+000 -7.22023690e+000  -7.22023690e+000 1.16582389e+000 1.16582408e+000  1.16582455e+000 -3.42177415e+000 -3.42177414e+000  -3.42177413e+000 -4.13115071e+000 -4.13115071e+000  -4.13115071e+000
 2.24827860e-002 2.24827576e-002  2.24826865e-002
 -3.58984711e+000 -3.58984711e+000  -3.58984711e+000 2.33253959e+000 2.33253959e+000  2.33253959e+000 -3.00998875e+000 -3.00998875e+000  -3.00998875e+000 6.83847531e+000 6.83847531e+000  6.83847531e+000 -2.18163508e+000 -2.18163508e+000  -2.18163508e+000
 -2.88200429e+000 -2.88200429e+000  -2.88200429e+000 3.63132063e+000 3.63132063e+000  3.63132063e+000 1.02106412e+001 1.02106412e+001  1.02106412e+001 2.52310308e+000 2.52310308e+000  2.52310308e+000 -4.37623530e+000 -4.37623530e+000  -4.37623530e+000
 4.30643804e+000 4.30643804e+000  4.30643804e+000 -4.93394112e+000 -4.93394112e+000  -4.93394112e+000 -1.50554611e+000 -1.50554611e+000  -1.50554611e+000 2.30999306e+000 2.30999306e+000  2.30999306e+000 1.12027069e+000 1.12027069e+000  1.12027069e+000
 2.58628910e-001 2.58628910e-001  2.58628910e-001
 -9.67857845e+000 -9.67857845e+000  -9.67857845e+000 -7.14971527e+000 -7.14971527e+000  -7.14971527e+000 1.47265687e+001 1.47265687e+001  1.47265687e+001 -3.47591844e+000 -3.47591844e+000  -3.47591844e+000 4.33334116e+000 4.33334116e+000  4.33334116e+000
 -4.73449671e+000 -4.73449671e+000  -4.73449671e+000 -2.96245816e+001 -2.96245816e+001  -2.96245816e+001 -5.14297250e+000 -5.14297250e+000  -5.14297250e+000 -3.92013969e+000 -3.92013969e+000  -3.92013969e+000 -4.54667028e+000 -4.54667028e+000  -4.54667028e+000
 -5.58295145e+000 -5.58295145e+000  -5.58295145e+000 2.23792311e+000 2.23792311e+000  2.23792311e+000 -4.01517187e+000 -4.01517187e+000  -4.01517187e+000 -9.09589827e-001 -9.09589827e-001  -9.09589827e-001 3.74712898e+000 3.74712898e+000  3.74712898e+000
 -8.64409616e-002 -8.64409616e-002  -8.64409616e-002
 -2.88313684e+000 -2.88313664e+000  -2.88313614e+000 1.35708097e+001 1.35708097e+001  1.35708097e+001 -2.44166436e+001 -2.44166436e+001  -2.44166436e+001 6.48593303e+000 6.48593450e+000  6.48593816e+000 -1.44571772e+001 -1.44571772e+001  -1.44571772e+001
 -1.10581710e+001 -1.10581710e+001  -1.10581710e+001 1.60386071e+000 1.60386263e+000  1.60386741e+000 5.07436182e+000 5.07436174e+000  5.07436154e+000 -2.62064937e+000 -2.62064937e+000  -2.62064936e+000 1.58665376e+000 1.58665375e+000  1.58665373e+000
 -3.72556124e+000 -3.72556125e+000  -3.72556125e+000 -4.25037809e+000 -4.25037809e+000  -4.25037809e+000 3.05667868e-001 3.05668056e-001  3.05668528e-001 1.32643073e+000 1.32643074e+000  1.32643075e+000 1.71650033e+000 1.71650033e+000  1.71650033e+000
 -1.03581519e+000 -1.03581522e+000  -1.03581529e+000
 -9.43596682e-001 -9.43616618e-001  -9.43635987e-001 -4.22261208e+000 -4.22261412e+000  -4.22261651e+000 1.06527334e+001 1.06527334e+001  1.06527334e+001 -3.31736891e+000 -3.31736923e+000  -3.31736954e+000 -1.14967929e+000 -1.14967928e+000  -1.14967927e+000
 1.91481831e+000 1.91481831e+000  1.91481831e+000 1.78476855e+001 1.78476601e+001  1.78476343e+001 -1.22325806e+000 -1.22312519e+000  -1.22299221e+000 2.63286993e+000 2.63281034e+000  2.63274996e+000 -4.60271121e+000 -4.60271088e+000  -4.60271054e+000
 8.04291182e+000 8.04291765e+000  8.04292350e+000 1.40530510e+000 1.40530497e+000  1.40530470e+000 -5.72726271e+000 -5.72726442e+000  -5.72726608e+000 -1.05463706e+000 -1.05463709e+000  -1.05463711e+000 -2.95035692e+000 -2.95035693e+000  -2.95035694e+000
 -1.85796666e-002 -1.85737778e-002  -1.85677954e-002
 -8.77356931e+000 -8.77356931e+000  -8.77356931e+000 -1.27192858e+001 -1.27192858e+001  -1.27192858e+001 6.23953970e+000 6.23953970e+000  6.23953970e+000 -1.85195680e+001 -1.85195680e+001  -1.85195680e+001 7.93023589e+000 7.93023589e+000  7.93023589e+000
 8.76073560e-001 8.76073560e-001  8.76073560e-001 -1.63519778e+001 -1.63519778e+001  -1.63519778e+001 -1.05884416e+001 -1.05884416e+001  -1.05884416e+001 -3.80694440e+000 -3.80694440e+000  -3.80694440e+000 -1.38485299e+000 -1.38485299e+000  -1.38485299e+000
 -1.09476823e+001 -1.09476823e+001  -1.09476823e+001 -9.62767934e+000 -9.62767934e+000  -9.62767934e+000 2.17046333e-001 2.17046333e-001  2.17046333e-001 -5.21822576e+000 -5.21822576e+000  -5.21822576e+000 -3.99338741e+000 -3.99338741e+000  -3.99338741e+000
 4.49699358e-002 4.49699358e-002  4.49699358e-002
 1.35256995e+001 1.35256995e+001  1.35256995e+001 -3.25917970e+001 -3.25917970e+001  -3.25917970e+001 -1.69567975e+001 -1.69567975e+001  -1.69567975e+001 6.28600367e+001 6.28600371e+001  6.28600382e+001 -2.03821432e+001 -2.03821432e+001  -2.03821432e+001
 -1.23008925e+001 -1.23008925e+001  -1.23008925e+001 5.23774362e+001 5.23774366e+001  5.23774379e+001 6.92762617e+000 6.92762686e+000  6.92762750e+000 1.10087150e+001 1.10087146e+001  1.10087143e+001 4.69855333e+001 4.69855332e+001  4.69855332e+001
 1.04993509e+001 1.04993509e+001  1.04993510e+001 -4.61000303e+001 -4.61000303e+001  -4.61000303e+001 -2.02408997e+001 -2.02408996e+001  -2.02408995e+001 1.80515540e+000 1.80515540e+000  1.80515540e+000 1.69820645e+000 1.69820645e+000  1.69820645e+000
 -1.81518288e-002 -1.81518061e-002  -1.81517957e-002
 2.30266782e+001 2.30266709e+001  2.30266640e+001 7.95288470e-001 7.95287710e-001  7.95286811e-001 -7.67379470e+000 -7.67379470e+000  -7.67379470e+000 -1.74915259e+000 -1.74915207e+000  -1.74915059e+000 1.51567739e+000 1.51567739e+000  1.51567740e+000
 -5.15542882e+000 -5.15542882e+000  -5.15542881e+000 1.74220494e-001 1.74211971e-001  1.74204613e-001 8.06374252e-001 8.06423045e-001  8.06471477e-001 -9.87807739e-001 -9.87829648e-001  -9.87851700e-001 -3.93476604e-001 -3.93476485e-001  -3.93476370e-001
 -2.38929963e+000 -2.38929749e+000  -2.38929536e+000 -1.41384936e+001 -1.41384937e+001  -1.41384938e+001 -1.29690811e+001 -1.29690817e+001  -1.29690821e+001 1.64933564e+000 1.64933563e+000  1.64933563e+000 2.54178465e-001 2.54178462e-001  2.54178459e-001
 -6.57249258e-001 -6.57247105e-001  -6.57244949e-001
 -1.12338774e+000 -1.12340106e+000  -1.12341364e+000 -7.97237106e+000 -7.97237242e+000  -7.97237399e+000 2.67386394e+001 2.67386394e+001  2.67386394e+001 1.61671754e+000 1.61671836e+000  1.61672075e+000 1.21892987e+001 1.21892987e+001  1.21892987e+001
 1.00203901e+001 1.00203901e+001  1.00203901e+001 -2.00618308e+000 -2.00619890e+000  -2.00621281e+000 3.56805888e-001 3.56895610e-001  3.56984576e-001 3.84627360e-001 3.84587103e-001  3.84546665e-001 3.15398565e-001 3.15398785e-001  3.15398997e-001
 3.08348472e-001 3.08352412e-001  3.08356338e-001 1.87316143e+001 1.87316142e+001  1.87316141e+001 9.75523575e+000 9.75523472e+000  9.75523394e+000 -3.40085036e-001 -3.40085049e-001  -3.40085056e-001 -7.38266576e-001 -7.38266582e-001  -7.38266587e-001
 -4.58275880e-001 -4.58271923e-001  -4.58267968e-001
 -4.04876672e+000 -4.04877783e+000  -4.04878828e+000 -9.46274553e+000 -9.46274666e+000  -9.46274796e+000 3.30957337e+001 3.30957337e+001  3.30957337e+001 1.59061091e+000 1.59061161e+000  1.59061364e+000 1.45344770e+001 1.45344770e+001  1.45344770e+001
 1.02619050e+001 1.02619050e+001  1.02619050e+001 2.41715195e+000 2.41713876e+000  2.41712726e+000 -2.60624766e+000 -2.60617279e+000  -2.60609878e+000 -4.50879940e-001 -4.50913531e-001  -4.50947166e-001 -2.21424249e-001 -2.21424066e-001  -2.21423890e-001
 1.76538019e+000 1.76538348e+000  1.76538675e+000 1.68398838e+001 1.68398837e+001  1.68398836e+001 1.30108411e+001 1.30108402e+001  1.30108396e+001 1.49801112e+000 1.49801111e+000  1.49801110e+000 3.36609159e-001 3.36609154e-001  3.36609149e-001
 -3.80616799e-001 -3.80613498e-001  -3.80610209e-001
 -1.68748780e+001 -1.68748780e+001  -1.68748780e+001 1.23696202e+000 1.23696202e+000  1.23696202e+000 3.97252850e+000 3.97252850e+000  3.97252850e+000 -1.61849824e+000 -1.61849824e+000  -1.61849824e+000 7.67942962e-001 7.67942962e-001  7.67942962e-001
 -2.63764344e+000 -2.63764344e+000  -2.63764344e+000 7.85113599e+000 7.85113599e+000  7.85113599e+000 -3.91993326e+000 -3.91993326e+000  -3.91993326e+000 2.78998700e-001 2.78998700e-001  2.78998700e-001 1.35738104e+000 1.35738104e+000  1.35738104e+000
 5.92629056e+000 5.92629056e+000  5.92629056e+000 -9.94413229e+000 -9.94413229e+000  -9.94413229e+000 1.57183699e+000 1.57183699e+000  1.57183699e+000 3.60247715e+000 3.60247715e+000  3.60247715e+000 -1.69207051e-001 -1.69207051e-001  -1.69207051e-001
 -6.04412789e-002 -6.04412789e-002  -6.04412789e-002
 1.23534797e+001 1.23534797e+001  1.23534797e+001 -1.75845554e+000 -1.75845554e+000  -1.75845554e+000 4.37221530e-001 4.37221530e-001  4.37221530e-001 -4.32839689e+000 -4.32839689e+000  -4.32839689e+000 -1.81711869e-001 -1.81711869e-001  -1.81711869e-001
 -5.91980265e-001 -5.91980265e-001  -5.91980265e-001 8.92491936e+000 8.92491936e+000  8.92491936e+000 -2.72765351e+000 -2.72765351e+000  -2.72765351e+000 -5.32132359e-001 -5.32132359e-001  -5.32132359e-001 -1.38456755e+000 -1.38456755e+000  -1.38456755e+000
 -3.47071887e+000 -3.47071887e+000  -3.47071887e+000 -9.92004906e-001 -9.92004906e-001  -9.92004906e-001 -6.69185193e-002 -6.69185193e-002  -6.69185193e-002 -2.93200659e+000 -2.93200659e+000  -2.93200659e+000 5.14589629e-001 5.14589629e-001  5.14589629e-001
 -1.19221093e-001 -1.19221093e-001  -1.19221093e-001
 -4.17488674e+000 -4.17488674e+000  -4.17488674e+000 -1.21200517e+000 -1.21200517e+000  -1.21200517e+000 -5.55221728e+000 -5.55221728e+000  -5.55221728e+000 -4.44032159e+000 -4.44032159e+000  -4.44032159e+000 -3.91637959e+000 -3.91637959e+000  -3.91637959e+000
 -2.44342443e+000 -2.44342443e+000  -2.44342443e+000 -6.63111076e+000 -6.63111076e+000  -6.63111076e+000 1.40315425e-001 1.40315425e-001  1.40315425e-001 -1.40832136e+000 -1.40832136e+000  -1.40832136e+000 -1.66217838e+000 -1.66217838e+000  -1.66217838e+000
 -4.08667083e+000 -4.08667083e+000  -4.08667083e+000 -2.19627556e-001 -2.19627556e-001  -2.19627556e-001 -3.20104501e+000 -3.20104501e+000  -3.20104501e+000 -3.33019569e+000 -3.33019569e+000  -3.33019569e+000 -1.65699792e+000 -1.65699792e+000  -1.65699792e+000
 -3.79793609e-001 -3.79793609e-001  -3.79793609e-001
 -3.61455318e+000 -3.61457291e+000  -3.61459178e+000 -1.31072822e+000 -1.31073026e+000  -1.31073264e+000 -6.01764541e+000 -6.01764541e+000  -6.01764541e+000 -4.56213269e+000 -4.56213154e+000  -4.56212819e+000 -3.90742104e+000 -3.90742103e+000  -3.90742102e+000
 -2.11778335e+000 -2.11778335e+000  -2.11778335e+000 -6.53153194e+000 -6.53155547e+000  -6.53157651e+000 3.21174347e-001 3.21307141e-001  3.21439921e-001 -1.54463138e+000 -1.54469098e+000  -1.54475136e+000 -2.08551154e+000 -2.08551121e+000  -2.08551089e+000
 -4.33580192e+000 -4.33579609e+000  -4.33579024e+000 -6.16160347e-001 -6.16160481e-001  -6.16160751e-001 -3.50842197e+000 -3.50842349e+000  -3.50842468e+000 -2.28670696e+000 -2.28670698e+000  -2.28670699e+000 -3.91562867e+000 -3.91562867e+000  -3.91562868e+000
 -4.49968943e-001 -4.49963083e-001  -4.49957172e-001
 -3.28545871e-001 -3.28463334e-001 -3.28382521e-001
 -1.76649909e+000 -1.76650123e+000 -1.76650809e+000
 -5.09529262e+000 -5.09496972e+000 -5.09464343e+000
 -2.03800005e+000 -2.03800095e+000 -2.03800345e+000
 2.85147910e+000 2.85147910e+000 2.85147910e+000
 2.29045319e+000 2.29077608e+000 2.29110238e+000
 -2.32796644e+000 -2.32765644e+000 -2.32734554e+000
 3.28753976e+000 3.28781526e+000 3.28809418e+000
 -5.11365582e+000 -5.11364371e+000 -5.11363144e+000
 2.07136008e+000 2.07135696e+000 2.07134890e+000
 2.71070631e+000 2.71070848e+000 2.71071065e+000
 -1.25966726e+000 -1.25934448e+000 -1.25901841e+000
 -7.86626303e-001 -7.86624368e-001 -7.86622904e-001
 -1.15738987e+000 -1.15738985e+000 -1.15738984e+000
 -2.13924775e+000 -2.13924775e+000 -2.13924774e+000
 1.77253994e-001 1.77291413e-001 1.77329199e-001
