 -2.7755e+000 -3.7489e+000 -4.6440e+000 -1.0329e+000  1.4778e+000
 -2.0193e+000  2.6752e+000 -1.9434e+001 -3.4616e+000 -7.0941e+000
 -2.3823e+000 -1.7114e+000 -5.0344e+000  5.5564e+000 -2.3367e+000
 -6.5223e-001
  6.9305e+000
 -9.62155359e-001 -9.62155371e-001  -9.62155388e-001 1.44357973e+001 1.44347408e+001  1.44335101e+001 4.73545683e+000 4.73403745e+000  4.73235545e+000 5.66591562e+000 5.66758701e+000  5.66979287e+000 -3.00791414e-002 -3.00791439e-002  -3.00791471e-002
 -7.74482723e-001 -7.74482726e-001  -7.74482729e-001 8.60994319e-001 8.60994308e-001  8.60994281e-001 1.86100081e+000 1.86097246e+000  1.86090412e+000 3.22555779e+000 3.22555777e+000  3.22555775e+000 3.01171334e+000 3.01363944e+000  3.01615124e+000
 -1.01365924e-002 -1.01366109e-002  -1.01366349e-002 6.73651270e+000 6.73648341e+000  6.73644698e+000 -6.00480223e+000 -6.00509038e+000  -6.00545787e+000 5.82425693e-001 5.82444715e-001  5.82466198e-001 -8.75835385e+000 -8.75835386e+000  -8.75835388e+000
 -7.34642522e-002 -7.35385491e-002  -7.36344071e-002
 -1.02209479e+001 -1.02209479e+001  -1.02209479e+001 -1.53794843e+001 -1.53794843e+001  -1.53794843e+001 3.01445981e-001 3.01445981e-001  3.01445981e-001 -9.58650497e+000 -9.58650497e+000  -9.58650497e+000 7.84846456e+000 7.84846456e+000  7.84846456e+000
 8.91047278e+000 8.91047278e+000  8.91047278e+000 -1.63018890e+001 -1.63018890e+001  -1.63018890e+001 4.34929496e+000 4.34929496e+000  4.34929496e+000 -4.69691922e+000 -4.69691922e+000  -4.69691922e+000 -1.48668060e+001 -1.48668060e+001  -1.48668060e+001
 -1.32657399e+001 -1.32657399e+001  -1.32657399e+001 -1.63044184e+000 -1.63044184e+000  -1.63044184e+000 7.87704770e+000 7.87704770e+000  7.87704770e+000 1.24416007e+001 1.24416007e+001  1.24416007e+001 4.47413025e+000 4.47413025e+000  4.47413025e+000
 -2.75275587e-001 -2.75275587e-001  -2.75275587e-001
 -1.20272817e+000 -1.20272816e+000  -1.20272816e+000 6.46761880e+000 6.46761880e+000  6.46761880e+000 -1.00184894e+001 -1.00184894e+001  -1.00184894e+001 5.35218121e+000 5.35218121e+000  5.35218121e+000 -2.81183005e+000 -2.81183005e+000  -2.81183005e+000
 -7.10262601e+000 -7.10262601e+000  -7.10262601e+000 1.17908703e+001 1.17908703e+001  1.17908703e+001 -4.96951074e+000 -4.96951074e+000  -4.96951074e+000 6.30568527e+000 6.30568534e+000  6.30568551e+000 1.20748989e+000 1.20748989e+000  1.20748989e+000
 6.46000226e+000 6.46000320e+000  6.46000553e+000 3.10939203e+000 3.10939203e+000  3.10939203e+000 -1.27794221e+001 -1.27794221e+001  -1.27794221e+001 -1.73114960e+000 -1.73114960e+000  -1.73114960e+000 -7.08523986e+000 -7.08523986e+000  -7.08523986e+000
 -1.80043661e-001 -1.80043644e-001  -1.80043600e-001
 -3.36080671e+000 -3.36080671e+000  -3.36080671e+000 -7.06149936e-001 -7.06149936e-001  -7.06149936e-001 -8.15843118e+000 -8.15843118e+000  -8.15843118e+000 -1.15681683e+000 -1.15681683e+000  -1.15681683e+000 -1.89886186e+000 -1.89886186e+000  -1.89886186e+000
 -1.22378197e+000 -1.22378197e+000  -1.22378197e+000 3.62536130e+000 3.62536130e+000  3.62536130e+000 -1.13597917e+001 -1.13597917e+001  -1.13597917e+001 -1.14409941e+000 -1.14409941e+000  -1.14409941e+000 -6.57487064e+000 -6.57487064e+000  -6.57487064e+000
 8.28963146e+000 8.28963146e+000  8.28963146e+000 -5.46152981e+000 -5.46152981e+000  -5.46152981e+000 7.37756428e-001 7.37756428e-001  7.37756428e-001 7.87049037e+000 7.87049037e+000  7.87049037e+000 2.18921658e+000 2.18921658e+000  2.18921658e+000
 -3.70823137e-001 -3.70823137e-001  -3.70823137e-001
 1.18865913e+001 1.18865913e+001  1.18865913e+001 -6.46970502e+000 -6.46970502e+000  -6.46970502e+000 6.79955059e+000 6.79955059e+000  6.79955059e+000 -3.49433198e+000 -3.49433198e+000  -3.49433198e+000 1.29645331e-001 1.29645331e-001  1.29645331e-001
 -2.49274176e+000 -2.49274176e+000  -2.49274176e+000 1.33897184e+000 1.33897184e+000  1.33897184e+000 -1.55920827e+001 -1.55920827e+001  -1.55920827e+001 -9.83072508e+000 -9.83072508e+000  -9.83072508e+000 8.71839444e+000 8.71839444e+000  8.71839444e+000
 -4.91789028e+000 -4.91789028e+000  -4.91789028e+000 -5.83666119e+000 -5.83666119e+000  -5.83666119e+000 1.34287331e+000 1.34287331e+000  1.34287331e+000 -1.28904152e+001 -1.28904152e+001  -1.28904152e+001 5.66108406e+000 5.66108406e+000  5.66108406e+000
 -1.87497899e-001 -1.87497899e-001  -1.87497899e-001
 -7.99585058e+000 -7.99585059e+000  -7.99585060e+000 6.36112369e+000 6.36006714e+000  6.35883643e+000 -4.78160823e-001 -4.79580205e-001  -4.81262206e-001 1.38939108e+000 1.39106247e+000  1.39326832e+000 -1.77401584e+001 -1.77401584e+001  -1.77401584e+001
 -6.19883116e+000 -6.19883116e+000  -6.19883116e+000 1.73608446e+001 1.73608446e+001  1.73608446e+001 5.91912003e-001 5.91883645e-001  5.91815314e-001 -7.62884554e+000 -7.62884556e+000  -7.62884558e+000 2.46431534e-001 2.48357629e-001  2.50869430e-001
 1.44959795e+001 1.44959794e+001  1.44959794e+001 5.59937295e+000 5.59934367e+000  5.59930723e+000 6.51234255e+000 6.51205440e+000  6.51168690e+000 1.05889497e+001 1.05889687e+001  1.05889902e+001 6.52893366e+000 6.52893365e+000  6.52893363e+000
 -1.37455078e-001 -1.37529375e-001  -1.37625233e-001
 -1.49124822e+000 -1.49124822e+000  -1.49124822e+000 2.59516218e+000 2.59516218e+000  2.59516218e+000 -4.45327392e+000 -4.45327392e+000  -4.45327392e+000 -3.84020318e+000 -3.84020318e+000  -3.84020318e+000 3.59525277e+000 3.59525277e+000  3.59525277e+000
 6.14990004e-001 6.14990004e-001  6.14990004e-001 -1.11549880e+001 -1.11549880e+001  -1.11549880e+001 -9.82620470e+000 -9.82620470e+000  -9.82620470e+000 7.25298816e+000 7.25298816e+000  7.25298816e+000 -4.97385647e+000 -4.97385647e+000  -4.97385647e+000
 -6.19115122e+000 -6.19115122e+000  -6.19115122e+000 3.80649730e-001 3.80649730e-001  3.80649730e-001 3.17744628e+000 3.17744628e+000  3.17744628e+000 1.49258193e+001 1.49258193e+001  1.49258193e+001 2.55027441e+000 2.55027441e+000  2.55027441e+000
 -8.41932462e-002 -8.41932462e-002  -8.41932462e-002
 4.65138623e+000 4.65138623e+000  4.65138623e+000 3.54060247e-001 3.54060247e-001  3.54060247e-001 -3.55533646e+000 -3.55533646e+000  -3.55533646e+000 -8.95743011e-001 -8.95743011e-001  -8.95743011e-001 6.28580320e+000 6.28580320e+000  6.28580320e+000
 1.67246793e+001 1.67246793e+001  1.67246793e+001 -4.90558627e+000 -4.90558627e+000  -4.90558627e+000 -3.38847284e-001 -3.38847284e-001  -3.38847284e-001 -1.77275915e+000 -1.77275915e+000  -1.77275915e+000 -7.66787868e-001 -7.66787868e-001  -7.66787868e-001
 -7.67536417e+000 -7.67536417e+000  -7.67536417e+000 -2.28696475e-001 -2.28696475e-001  -2.28696475e-001 -5.19258744e-001 -5.19258744e-001  -5.19258744e-001 2.51898769e+000 2.51898769e+000  2.51898769e+000 -1.35016548e+000 -1.35016548e+000  -1.35016548e+000
 1.10818252e-001 1.10818252e-001  1.10818252e-001
 1.09062750e+001 1.09062750e+001  1.09062750e+001 -3.26285893e+000 -3.26285893e+000  -3.26285893e+000 2.18038463e+000 2.18038463e+000  2.18038463e+000 -1.97384946e+000 -1.97384946e+000  -1.97384946e+000 7.17929937e+000 7.17929937e+000  7.17929937e+000
 -1.74141842e+000 -1.74141842e+000  -1.74141842e+000 -1.00618627e+001 -1.00618627e+001  -1.00618627e+001 -6.06292664e+000 -6.06292664e+000  -6.06292664e+000 -4.96376589e+000 -4.96376589e+000  -4.96376589e+000 1.29832191e+001 1.29832191e+001  1.29832191e+001
 -2.84947112e+000 -2.84947112e+000  -2.84947112e+000 2.59896722e-001 2.59896722e-001  2.59896722e-001 -2.78562792e+000 -2.78562792e+000  -2.78562792e+000 -7.24896623e+000 -7.24896623e+000  -7.24896623e+000 5.27056341e+000 5.27056341e+000  5.27056341e+000
 -1.38591400e-001 -1.38591400e-001  -1.38591400e-001
 3.46917977e+000 3.46917977e+000  3.46917977e+000 -1.31391731e+000 -1.31391731e+000  -1.31391731e+000 1.01217677e+001 1.01217677e+001  1.01217677e+001 -3.82700378e+000 -3.82700378e+000  -3.82700378e+000 4.53303020e+000 4.53303020e+000  4.53303020e+000
 -1.25019421e+000 -1.25019421e+000  -1.25019421e+000 6.69753421e+000 6.69753421e+000  6.69753421e+000 1.54346729e+001 1.54346729e+001  1.54346729e+001 -5.48906059e+000 -5.48906059e+000  -5.48906059e+000 -2.75141744e+000 -2.75141744e+000  -2.75141744e+000
 -5.33810809e+000 -5.33810809e+000  -5.33810809e+000 -1.52382713e+000 -1.52382713e+000  -1.52382713e+000 -9.71250185e+000 -9.71250185e+000  -9.71250185e+000 1.94079198e+000 1.94079198e+000  1.94079198e+000 1.59929958e+000 1.59929958e+000  1.59929958e+000
 -1.12540918e-001 -1.12540918e-001  -1.12540918e-001
 -5.72018680e+000 -5.72018679e+000  -5.72018679e+000 -3.50573677e+000 -3.50573677e+000  -3.50573677e+000 -1.13108706e+001 -1.13108706e+001  -1.13108706e+001 7.97493059e-001 7.97493058e-001  7.97493058e-001 1.16286240e+000 1.16286240e+000  1.16286240e+000
 1.35625338e+000 1.35625338e+000  1.35625338e+000 -1.42539511e+001 -1.42539511e+001  -1.42539511e+001 -1.29383424e+001 -1.29383424e+001  -1.29383424e+001 7.84447965e-001 7.84448035e-001  7.84448209e-001 -1.04163494e+001 -1.04163494e+001  -1.04163494e+001
 3.24416930e+000 3.24417023e+000  3.24417256e+000 -1.29984766e+000 -1.29984766e+000  -1.29984766e+000 -8.64765528e+000 -8.64765528e+000  -8.64765528e+000 -1.80028649e+001 -1.80028649e+001  -1.80028649e+001 -7.57973277e+000 -7.57973277e+000  -7.57973277e+000
 -2.16000665e-001 -2.16000647e-001  -2.16000604e-001
 -7.33770755e+000 -7.33770755e+000  -7.33770755e+000 -2.45890414e+000 -2.45890414e+000  -2.45890414e+000 1.65483172e+000 1.65483172e+000  1.65483172e+000 5.70912527e+000 5.70912527e+000  5.70912527e+000 -1.12102642e+000 -1.12102642e+000  -1.12102642e+000
 -1.14519568e+001 -1.14519568e+001  -1.14519568e+001 1.84479571e+001 1.84479571e+001  1.84479571e+001 -1.16767568e+001 -1.16767568e+001  -1.16767568e+001 6.65004827e+000 6.65004827e+000  6.65004827e+000 -1.77280721e+000 -1.77280721e+000  -1.77280721e+000
 2.00128151e+000 2.00128151e+000  2.00128151e+000 -5.05985018e+000 -5.05985018e+000  -5.05985018e+000 4.43809159e+000 4.43809159e+000  4.43809159e+000 2.91857515e+000 2.91857515e+000  2.91857515e+000 -1.05383356e+001 -1.05383356e+001  -1.05383356e+001
 -5.09141481e-001 -5.09141481e-001  -5.09141481e-001
 -1.82459794e+000 -1.82459794e+000  -1.82459794e+000 -4.31511371e+000 -4.31511371e+000  -4.31511371e+000 1.15370203e+000 1.15370203e+000  1.15370203e+000 4.26569376e+000 4.26569376e+000  4.26569376e+000 5.68848705e+000 5.68848705e+000  5.68848705e+000
 2.97810820e+000 2.97810820e+000  2.97810820e+000 -4.26041829e+000 -4.26041829e+000  -4.26041829e+000 1.00892313e+001 1.00892313e+001  1.00892313e+001 4.50179433e+000 4.50179433e+000  4.50179433e+000 3.66704088e+000 3.66704088e+000  3.66704088e+000
 -3.02196262e+000 -3.02196262e+000  -3.02196262e+000 -8.42191015e+000 -8.42191015e+000  -8.42191015e+000 -2.08644909e+000 -2.08644909e+000  -2.08644909e+000 -8.14252365e+000 -8.14252365e+000  -8.14252365e+000 -1.03768334e+000 -1.03768334e+000  -1.03768334e+000
 -3.65261401e-002 -3.65261401e-002  -3.65261401e-002
 1.50733097e+001 1.50733097e+001  1.50733097e+001 -2.56433531e+001 -2.56433587e+001  -2.56433652e+001 1.27884212e+001 1.27884137e+001  1.27884048e+001 -2.87170651e+001 -2.87170563e+001  -2.87170446e+001 4.31287478e+001 4.31287478e+001  4.31287478e+001
 -3.93646456e+000 -3.93646456e+000  -3.93646456e+000 -1.53276528e+001 -1.53276528e+001  -1.53276528e+001 -1.59950955e+001 -1.59950956e+001  -1.59950960e+001 -5.29434717e+000 -5.29434715e+000  -5.29434710e+000 -6.35231446e+001 -6.35231344e+001  -6.35231212e+001
 -2.82467689e+001 -2.82467686e+001  -2.82467679e+001 -4.17475995e+001 -4.17475997e+001  -4.17475999e+001 -5.99781236e+000 -5.99781388e+000  -5.99781582e+000 1.20238379e+001 1.20238380e+001  1.20238382e+001 -2.09676825e+000 -2.09676825e+000  -2.09676825e+000
 -9.43267961e-003 -9.43306692e-003  -9.43356033e-003
 1.10594935e+000 1.10594935e+000  1.10594935e+000 2.92833866e+001 2.92830017e+001  2.92825602e+001 -2.59690740e+000 -2.59742945e+000  -2.59804544e+000 -6.27636006e+000 -6.27573682e+000  -6.27490707e+000 2.27974307e-001 2.27974306e-001  2.27974305e-001
 -1.38125718e+000 -1.38125718e+000  -1.38125718e+000 1.16684238e+001 1.16684238e+001  1.16684238e+001 6.53655818e-001 6.53643210e-001  6.53612636e-001 -2.02444524e+000 -2.02444521e+000  -2.02444514e+000 6.38794844e+000 6.38867219e+000  6.38963106e+000
 -3.82156195e-002 -3.82152194e-002  -3.82142112e-002 -3.34789948e+000 -3.34791039e+000  -3.34792408e+000 -1.62602992e-001 -1.62710276e-001  -1.62848191e-001 8.26373476e+000 8.26374169e+000  8.26374941e+000 4.60524080e+000 4.60524080e+000  4.60524079e+000
 -2.55890454e-001 -2.55918161e-001  -2.55954239e-001
 -1.06146154e+000 -1.06146154e+000  -1.06146155e+000 -1.34499574e+001 -1.34506715e+001  -1.34514993e+001 3.11857688e+000 3.11762121e+000  3.11649903e+000 -2.21496641e+000 -2.21385251e+000  -2.21240683e+000 1.04525239e-001 1.04525237e-001  1.04525235e-001
 -3.03764749e+000 -3.03764749e+000  -3.03764749e+000 -3.41190765e+001 -3.41190765e+001  -3.41190766e+001 2.17930754e+001 2.17930594e+001  2.17930212e+001 -1.92330645e+000 -1.92330641e+000  -1.92330630e+000 2.15324841e+000 2.15452798e+000  2.15616327e+000
 2.07783800e+000 2.07783865e+000  2.07784028e+000 -1.16589454e+000 -1.16591411e+000  -1.16593808e+000 2.30693447e+000 2.30674201e+000  2.30650041e+000 -1.09194429e+001 -1.09194300e+001  -1.09194156e+001 -5.12210700e+000 -5.12210701e+000  -5.12210701e+000
 -4.78861600e-001 -4.78911144e-001  -4.78973988e-001
 -2.45225107e+000 -2.45225107e+000  -2.45225108e+000 -6.12247872e+000 -6.12307499e+000  -6.12376485e+000 8.35123218e+000 8.35043539e+000  8.34950299e+000 -2.43879428e+000 -2.43786912e+000  -2.43667607e+000 -9.69552179e-001 -9.69552180e-001  -9.69552182e-001
 -4.52692431e+000 -4.52692431e+000  -4.52692431e+000 -4.12959276e+001 -4.12959276e+001  -4.12959276e+001 1.99664220e+001 1.99664097e+001  1.99663803e+001 -2.78126445e+000 -2.78126442e+000  -2.78126433e+000 2.03596035e-001 2.04657513e-001  2.06003561e-001
 -9.99614338e-001 -9.99613790e-001  -9.99612405e-001 -2.60253934e+000 -2.60255562e+000  -2.60257544e+000 -1.40124902e+000 -1.40140899e+000  -1.40160861e+000 -1.39511360e+001 -1.39511253e+001  -1.39511132e+001 -2.33552418e+000 -2.33552418e+000  -2.33552419e+000
 -2.95695041e-001 -2.95736202e-001  -2.95788080e-001
 -1.59157410e+000 -1.59157410e+000  -1.59157410e+000 5.93941249e+000 5.93941249e+000  5.93941249e+000 1.16381793e+001 1.16381793e+001  1.16381793e+001 2.30436756e+000 2.30436756e+000  2.30436756e+000 8.72515877e-001 8.72515877e-001  8.72515877e-001
 -2.51976922e+000 -2.51976922e+000  -2.51976922e+000 -1.04856211e+001 -1.04856211e+001  -1.04856211e+001 -8.97617311e+000 -8.97617311e+000  -8.97617311e+000 1.71144949e+000 1.71144949e+000  1.71144949e+000 -4.57841837e+000 -4.57841837e+000  -4.57841837e+000
 -5.51050998e+000 -5.51050998e+000  -5.51050998e+000 1.19127233e+000 1.19127233e+000  1.19127233e+000 -6.32294515e+000 -6.32294515e+000  -6.32294515e+000 -3.16034861e+000 -3.16034861e+000  -3.16034861e+000 1.50372155e+000 1.50372155e+000  1.50372155e+000
 4.07464359e-002 4.07464359e-002  4.07464359e-002
 -7.94441961e-001 -7.94441961e-001  -7.94441961e-001 2.13636088e+001 2.13636088e+001  2.13636088e+001 -3.80476280e+000 -3.80476280e+000  -3.80476280e+000 -1.60002349e+000 -1.60002349e+000  -1.60002349e+000 1.35550319e+000 1.35550319e+000  1.35550319e+000
 3.05685247e+000 3.05685247e+000  3.05685247e+000 1.43571967e+001 1.43571967e+001  1.43571967e+001 -1.34353026e+001 -1.34353026e+001  -1.34353026e+001 -3.52696346e+000 -3.52696346e+000  -3.52696346e+000 -3.50220150e-001 -3.50220150e-001  -3.50220150e-001
 1.15200208e+000 1.15200208e+000  1.15200208e+000 -2.19589701e+000 -2.19589701e+000  -2.19589701e+000 -2.65508621e+000 -2.65508621e+000  -2.65508621e+000 1.03442965e+001 1.03442965e+001  1.03442965e+001 6.18045122e+000 6.18045122e+000  6.18045122e+000
 5.61817893e-003 5.61817893e-003  5.61817893e-003
 -7.37000258e-001 -7.37000258e-001  -7.37000258e-001 -1.43976560e+001 -1.43976560e+001  -1.43976560e+001 -7.03639101e+000 -7.03639101e+000  -7.03639101e+000 -1.87097165e+000 -1.87097165e+000  -1.87097165e+000 5.31920727e-001 5.31920727e-001  5.31920727e-001
 -1.59779998e+000 -1.59779998e+000  -1.59779998e+000 -1.82328504e+000 -1.82328504e+000  -1.82328504e+000 -1.30397002e+000 -1.30397002e+000  -1.30397002e+000 -1.83001980e+000 -1.83001980e+000  -1.83001980e+000 -1.55333449e+000 -1.55333449e+000  -1.55333449e+000
 6.89330588e-001 6.89330588e-001  6.89330588e-001 -7.86490531e-001 -7.86490531e-001  -7.86490531e-001 3.36323103e-001 3.36323103e-001  3.36323103e-001 -5.94624239e-001 -5.94624239e-001  -5.94624239e-001 -5.50301622e+000 -5.50301622e+000  -5.50301622e+000
 -5.91491461e-001 -5.91491461e-001  -5.91491461e-001
 -6.87503466e-001 -6.87503476e-001  -6.87503487e-001 -1.44625008e+001 -1.44635573e+001  -1.44647880e+001 -6.99744441e+000 -6.99886379e+000  -7.00054579e+000 -1.86762046e+000 -1.86594907e+000  -1.86374322e+000 7.07968563e-001 7.07968560e-001  7.07968557e-001
 -1.34661281e+000 -1.34661281e+000  -1.34661281e+000 -4.12891032e-001 -4.12891042e-001  -4.12891069e-001 -1.62929226e+000 -1.62932062e+000  -1.62938895e+000 -2.08335490e+000 -2.08335485e+000  -2.08335470e+000 -1.56523336e+000 -1.56330726e+000  -1.56079546e+000
 7.27177525e-001 7.27178439e-001  7.27180746e-001 -7.44219058e-001 -7.44248342e-001  -7.44284779e-001 4.07815869e-001 4.07527719e-001  4.07160220e-001 3.21543292e-001 3.21562314e-001  3.21583796e-001 -5.70031938e+000 -5.70031939e+000  -5.70031940e+000
 -5.41977691e-001 -5.42051970e-001  -5.42147785e-001
 -4.29220927e+000 -4.29220927e+000 -4.29220927e+000
 -1.54098092e+000 -1.53872405e+000 -1.53575787e+000
 -2.93227186e+000 -2.93167674e+000 -2.93097890e+000
 2.71623912e+000 2.71705141e+000 2.71813638e+000
 -5.06180803e+000 -5.06180903e+000 -5.06181154e+000
 -3.42379253e+000 -3.42379252e+000 -3.42379252e+000
 -2.05810701e+000 -2.05810701e+000 -2.05810699e+000
 -1.36022630e+000 -1.35689312e+000 -1.35262879e+000
 -3.73536953e+000 -3.73536954e+000 -3.73536959e+000
 4.62321941e+000 4.62370838e+000 4.62434964e+000
 -4.01315283e+000 -4.00979556e+000 -4.00547290e+000
 -4.27536507e+000 -4.27201406e+000 -4.26769843e+000
 -2.88405577e+000 -2.88395269e+000 -2.88382124e+000
 8.12920658e-001 8.16255126e-001 8.20552975e-001
 -1.41666152e+000 -1.41666151e+000 -1.41666151e+000
 -2.09590953e-001 -2.09185393e-001 -2.08659745e-001
