    8     12     50      1  9723   4855 
    0.700      0.400   20000  100      0.000      0.000    100     16 
    0.990 	     0.010 
   2 
    1.9875e+000   0.0000e+000  
  5.7000e+001  -8.0000e+000  
  4.4837e+000   0.0000e+000  
  1.8824e+002   1.7539e+002  
  1.0000e+000   0.0000e+000  
  1.0000e+000   0.0000e+000  
  1.0000e+000   0.0000e+000  
  1.0000e+000   0.0000e+000  
   2.6556e+002   0.0000e+000  
  itr    nh   avger[]   r2avg    mare[] 
100  16 1.137e+002   3.468e-001  1.000e+001 6.550e+002 
100  16 1.210e+002   2.290e-002  1.000e+003 8.668e+002 
   1  3.4679e-001   6.5497e+002   4.6188e+007   1.1369e+000 
  4.5908e+001   6.9769e-001 
   1  2.2895e-002   8.6676e+002   6.1124e+007   1.2101e+000 
  7.1128e+000   1.9716e-001 
