  7.1437e+000 -3.0826e+000 -3.1450e+000 -3.9418e+000 -1.5127e+000
 -3.4787e+000  1.5500e+000 -2.2868e+000  2.0686e+000 -1.5127e+000
 -7.3629e+000 -1.0767e+000 -2.1746e+000 -2.5068e+000 -1.4606e+000
 -3.8222e-001
 -5.6456e-001
 5.82680511e+000 5.82680636e+000  5.82680778e+000 1.02843164e+000 1.02843181e+000  1.02843201e+000 9.77534357e+000 9.77534366e+000  9.77534378e+000 -2.76864259e+000 -2.76864259e+000  -2.76864259e+000 -5.13325582e+000 -5.13322640e+000  -5.13319142e+000
 8.34078308e+000 8.34078312e+000  8.34078316e+000 -6.41157148e+000 -6.41157148e+000  -6.41157148e+000 3.19432094e+000 3.19422484e+000  3.19411814e+000 -6.60754938e+000 -6.60754938e+000  -6.60754938e+000 -3.44405542e+000 -3.44405546e+000  -3.44405550e+000
 -9.55044307e+000 -9.55044307e+000  -9.55044307e+000 2.63612542e-001 2.63612542e-001  2.63612542e-001 -1.16238398e+000 -1.16238397e+000  -1.16238397e+000 4.74061852e+000 4.74065020e+000  4.74068892e+000 3.85210862e-001 3.85211149e-001  3.85211479e-001
 1.67437747e-001 1.67448773e-001  1.67460945e-001
 1.20516289e+001 1.20516289e+001  1.20516289e+001 -2.03624248e+001 -2.03624248e+001  -2.03624248e+001 -1.29608803e+001 -1.29608803e+001  -1.29608803e+001 -2.74948483e+000 -2.74948483e+000  -2.74948483e+000 -2.44556963e+000 -2.44556963e+000  -2.44556963e+000
 3.45444333e+000 3.45444333e+000  3.45444333e+000 3.93021964e+000 3.93021964e+000  3.93021964e+000 -1.09884371e+001 -1.09884371e+001  -1.09884371e+001 3.87790997e+000 3.87790997e+000  3.87790997e+000 -1.04264709e+001 -1.04264709e+001  -1.04264709e+001
 -1.39186245e+000 -1.39186245e+000  -1.39186245e+000 4.55695045e+000 4.55695045e+000  4.55695045e+000 -1.77872748e+000 -1.77872748e+000  -1.77872748e+000 -4.65663858e+000 -4.65663858e+000  -4.65663858e+000 -2.21015117e+000 -2.21015117e+000  -2.21015117e+000
 -3.48126061e-001 -3.48126061e-001  -3.48126061e-001
 1.70032708e+000 1.70032708e+000  1.70032708e+000 6.30116814e-002 6.30116814e-002  6.30116814e-002 2.37527908e+000 2.37527908e+000  2.37527908e+000 -1.92911954e+000 -1.92911954e+000  -1.92911954e+000 -3.15631930e+000 -3.15631930e+000  -3.15631930e+000
 7.36004145e+000 7.36004145e+000  7.36004145e+000 -1.46078883e+001 -1.46078883e+001  -1.46078883e+001 3.71743567e+000 3.71743568e+000  3.71743570e+000 8.63772494e+000 8.63772494e+000  8.63772494e+000 -5.26394603e+000 -5.26394603e+000  -5.26394603e+000
 -2.79098272e+000 -2.79098272e+000  -2.79098272e+000 -3.09008044e+000 -3.09008044e+000  -3.09008044e+000 4.54498812e-001 4.54498608e-001  4.54498096e-001 -1.33873919e+000 -1.33873919e+000  -1.33873920e+000 -1.61878612e+000 -1.61878613e+000  -1.61878613e+000
 -2.00504621e-001 -2.00504676e-001  -2.00504813e-001
 -3.92929720e+000 -3.92929720e+000  -3.92929720e+000 1.05475930e+001 1.05475930e+001  1.05475930e+001 -7.05857728e+000 -7.05857728e+000  -7.05857728e+000 -1.58715282e-001 -1.58715282e-001  -1.58715282e-001 -2.39708674e+000 -2.39708674e+000  -2.39708674e+000
 -1.02835926e+001 -1.02835926e+001  -1.02835926e+001 7.44616014e+000 7.44616014e+000  7.44616014e+000 -7.49501566e-001 -7.49501566e-001  -7.49501566e-001 -8.79175154e+000 -8.79175154e+000  -8.79175154e+000 5.29293134e+000 5.29293134e+000  5.29293134e+000
 2.50017122e+000 2.50017122e+000  2.50017122e+000 -2.02036780e+000 -2.02036780e+000  -2.02036780e+000 -9.04240544e+000 -9.04240544e+000  -9.04240544e+000 -4.47385968e+000 -4.47385968e+000  -4.47385968e+000 1.61914205e+000 1.61914205e+000  1.61914205e+000
 -3.41966157e-001 -3.41966157e-001  -3.41966157e-001
 -7.51473117e+000 -7.51473117e+000  -7.51473117e+000 4.97646042e+000 4.97646042e+000  4.97646042e+000 4.80482030e+000 4.80482030e+000  4.80482030e+000 1.91109290e+000 1.91109290e+000  1.91109290e+000 1.10032642e+001 1.10032642e+001  1.10032642e+001
 -1.44480402e+001 -1.44480402e+001  -1.44480402e+001 8.98970937e+000 8.98970937e+000  8.98970937e+000 -1.50829166e-001 -1.50829166e-001  -1.50829166e-001 3.15134542e+000 3.15134542e+000  3.15134542e+000 1.11804982e+001 1.11804982e+001  1.11804982e+001
 2.38857948e+000 2.38857948e+000  2.38857948e+000 -2.83765507e+000 -2.83765507e+000  -2.83765507e+000 8.78786930e+000 8.78786930e+000  8.78786930e+000 2.14753557e+000 2.14753557e+000  2.14753557e+000 -4.85452434e-001 -4.85452434e-001  -4.85452434e-001
 8.61284089e-002 8.61284089e-002  8.61284089e-002
 8.77931263e+000 8.77931388e+000  8.77931530e+000 -1.29770446e+001 -1.29770444e+001  -1.29770442e+001 -5.81285334e-001 -5.81285241e-001  -5.81285118e-001 -6.39838135e+000 -6.39838135e+000  -6.39838135e+000 8.68728543e+000 8.68731484e+000  8.68734983e+000
 1.47005590e+001 1.47005590e+001  1.47005590e+001 2.50823293e+000 2.50823293e+000  2.50823293e+000 1.30997027e+001 1.30996066e+001  1.30994999e+001 -5.20741422e+000 -5.20741422e+000  -5.20741422e+000 2.85310302e+001 2.85310302e+001  2.85310301e+001
 1.63243723e+000 1.63243723e+000  1.63243723e+000 -1.08134970e+000 -1.08134970e+000  -1.08134970e+000 1.38796466e+000 1.38796467e+000  1.38796467e+000 -8.87052244e-001 -8.87020558e-001  -8.86981841e-001 -2.15413854e+000 -2.15413825e+000  -2.15413792e+000
 -3.67461092e-001 -3.67450066e-001  -3.67437894e-001
 5.12820049e+000 5.12820049e+000  5.12820049e+000 -9.19224643e-001 -9.19224643e-001  -9.19224643e-001 1.42431562e+001 1.42431562e+001  1.42431562e+001 -3.57427514e+000 -3.57427514e+000  -3.57427514e+000 -2.27123485e+000 -2.27123485e+000  -2.27123485e+000
 -1.29210743e+000 -1.29210743e+000  -1.29210743e+000 -6.35601738e+000 -6.35601738e+000  -6.35601738e+000 -4.80612414e+000 -4.80612414e+000  -4.80612414e+000 5.90371684e+000 5.90371684e+000  5.90371684e+000 -1.30675580e+001 -1.30675580e+001  -1.30675580e+001
 -9.85035032e+000 -9.85035032e+000  -9.85035032e+000 5.66580801e-001 5.66580801e-001  5.66580801e-001 5.55138456e+000 5.55138456e+000  5.55138456e+000 -5.12597581e-001 -5.12597581e-001  -5.12597581e-001 -1.12171940e+000 -1.12171940e+000  -1.12171940e+000
 -8.37901704e-002 -8.37901704e-002  -8.37901704e-002
 6.39382033e+000 6.39382033e+000  6.39382033e+000 -1.14247500e+001 -1.14247500e+001  -1.14247500e+001 6.33074904e+000 6.33074904e+000  6.33074904e+000 -3.56502553e+000 -3.56502553e+000  -3.56502553e+000 -1.99952752e+000 -1.99952752e+000  -1.99952752e+000
 7.93546172e+000 7.93546172e+000  7.93546172e+000 1.05911779e-001 1.05911779e-001  1.05911779e-001 -5.61808606e+000 -5.61808606e+000  -5.61808606e+000 -2.96689150e+000 -2.96689150e+000  -2.96689150e+000 -1.03651274e+001 -1.03651274e+001  -1.03651274e+001
 -6.76257507e+000 -6.76257507e+000  -6.76257507e+000 2.21188515e+000 2.21188515e+000  2.21188515e+000 -6.43585758e+000 -6.43585758e+000  -6.43585758e+000 -1.89967620e+000 -1.89967620e+000  -1.89967620e+000 -1.54795991e+000 -1.54795991e+000  -1.54795991e+000
 -5.05301870e-002 -5.05301870e-002  -5.05301870e-002
 -5.40168673e+000 -5.40168673e+000  -5.40168673e+000 1.59133732e+001 1.59133732e+001  1.59133732e+001 -4.48894546e+000 -4.48894546e+000  -4.48894546e+000 2.73943305e+000 2.73943305e+000  2.73943305e+000 -8.53404615e+000 -8.53404615e+000  -8.53404615e+000
 -9.33395228e+000 -9.33395228e+000  -9.33395228e+000 -8.93362704e+000 -8.93362704e+000  -8.93362704e+000 -1.38947356e+000 -1.38947356e+000  -1.38947356e+000 5.53963688e-001 5.53963688e-001  5.53963688e-001 7.66438912e+000 7.66438912e+000  7.66438912e+000
 1.39190325e+001 1.39190325e+001  1.39190325e+001 -5.80492860e+000 -5.80492860e+000  -5.80492860e+000 3.40893928e+000 3.40893928e+000  3.40893928e+000 -2.54254475e+000 -2.54254475e+000  -2.54254475e+000 1.06859541e-001 1.06859541e-001  1.06859541e-001
 -1.27416581e-001 -1.27416581e-001  -1.27416581e-001
 -4.99356336e+000 -4.99356336e+000  -4.99356336e+000 -1.70921148e+001 -1.70921148e+001  -1.70921148e+001 3.76554300e+000 3.76554300e+000  3.76554300e+000 5.18793331e-001 5.18793331e-001  5.18793331e-001 -1.35925140e-001 -1.35925140e-001  -1.35925140e-001
 -1.22327547e+001 -1.22327547e+001  -1.22327547e+001 9.75325421e+000 9.75325421e+000  9.75325421e+000 -1.61645980e+001 -1.61645980e+001  -1.61645980e+001 -5.04843589e+000 -5.04843589e+000  -5.04843589e+000 -7.59301303e+000 -7.59301303e+000  -7.59301303e+000
 -6.60405260e+000 -6.60405260e+000  -6.60405260e+000 -1.37185494e+000 -1.37185494e+000  -1.37185494e+000 -5.73150098e+000 -5.73150098e+000  -5.73150098e+000 2.61273421e+000 2.61273421e+000  2.61273421e+000 1.68383173e+000 1.68383173e+000  1.68383173e+000
 -2.26349544e-001 -2.26349544e-001  -2.26349544e-001
 -2.33380337e+000 -2.33380337e+000  -2.33380337e+000 1.45148126e+001 1.45148126e+001  1.45148126e+001 -1.57250318e+001 -1.57250318e+001  -1.57250318e+001 1.22477936e+000 1.22477936e+000  1.22477936e+000 1.27765597e+000 1.27765597e+000  1.27765597e+000
 -9.65967918e+000 -9.65967918e+000  -9.65967918e+000 -9.22319870e+000 -9.22319870e+000  -9.22319870e+000 3.11409371e-001 3.11409380e-001  3.11409402e-001 -4.56392113e+000 -4.56392113e+000  -4.56392113e+000 -1.16914657e+001 -1.16914657e+001  -1.16914657e+001
 -3.58190712e-001 -3.58190712e-001  -3.58190712e-001 -1.19148075e+000 -1.19148075e+000  -1.19148075e+000 2.13998182e+000 2.13998162e+000  2.13998111e+000 -1.03535503e+000 -1.03535503e+000  -1.03535503e+000 4.50719308e-001 4.50719305e-001  4.50719298e-001
 -1.72600643e-001 -1.72600698e-001  -1.72600835e-001
 8.72237418e-001 8.72237418e-001  8.72237418e-001 8.61823054e+000 8.61823054e+000  8.61823054e+000 -6.15756439e+000 -6.15756439e+000  -6.15756439e+000 3.88086854e+000 3.88086854e+000  3.88086854e+000 1.43831219e+000 1.43831219e+000  1.43831219e+000
 4.96802085e+000 4.96802085e+000  4.96802085e+000 1.22244120e+001 1.22244120e+001  1.22244120e+001 1.03929226e+001 1.03929226e+001  1.03929226e+001 1.24698514e+001 1.24698514e+001  1.24698514e+001 4.80431740e+000 4.80431740e+000  4.80431740e+000
 1.93202461e-001 1.93202461e-001  1.93202461e-001 3.54360772e+000 3.54360772e+000  3.54360772e+000 -3.06206053e+000 -3.06206053e+000  -3.06206053e+000 6.83408225e-001 6.83408225e-001  6.83408225e-001 2.72370463e-001 2.72370463e-001  2.72370463e-001
 3.91117534e-001 3.91117534e-001  3.91117534e-001
 1.90593486e+000 1.90593486e+000  1.90593486e+000 -3.12020694e+000 -3.12020694e+000  -3.12020694e+000 -5.58332900e-001 -5.58332900e-001  -5.58332900e-001 5.05844469e-001 5.05844469e-001  5.05844469e-001 -5.42219628e+000 -5.42219628e+000  -5.42219628e+000
 -4.51162145e+000 -4.51162145e+000  -4.51162145e+000 -2.59825887e+000 -2.59825887e+000  -2.59825887e+000 1.01694128e+000 1.01694128e+000  1.01694128e+000 -2.04131236e+001 -2.04131236e+001  -2.04131236e+001 1.33878149e-001 1.33878149e-001  1.33878149e-001
 -3.50613610e+000 -3.50613610e+000  -3.50613610e+000 -6.54949766e-001 -6.54949766e-001  -6.54949766e-001 -7.92716882e-002 -7.92716882e-002  -7.92716882e-002 -9.34923558e-001 -9.34923558e-001  -9.34923558e-001 -1.03574852e+000 -1.03574852e+000  -1.03574852e+000
 -5.04760161e-003 -5.04760161e-003  -5.04760161e-003
 3.47357306e+000 3.47357306e+000  3.47357306e+000 -8.65906804e+000 -8.65906804e+000  -8.65906804e+000 -5.01150796e+000 -5.01150796e+000  -5.01150796e+000 -1.66196577e+000 -1.66196577e+000  -1.66196577e+000 -1.94431242e+000 -1.94431242e+000  -1.94431242e+000
 6.59587378e+000 6.59587378e+000  6.59587378e+000 -1.40635934e+000 -1.40635934e+000  -1.40635934e+000 6.04456514e+000 6.04456514e+000  6.04456517e+000 -2.97155385e+000 -2.97155385e+000  -2.97155385e+000 9.89548973e-001 9.89548973e-001  9.89548973e-001
 2.81763980e+000 2.81763980e+000  2.81763980e+000 -4.89029396e-001 -4.89029396e-001  -4.89029396e-001 3.15683851e+000 3.15683831e+000  3.15683779e+000 -5.39423650e+000 -5.39423650e+000  -5.39423650e+000 -1.81237903e+000 -1.81237904e+000  -1.81237904e+000
 -6.88594498e-001 -6.88594553e-001  -6.88594690e-001
 -8.68502582e-001 -8.68501328e-001  -8.68499914e-001 6.22472769e+000 6.22472787e+000  6.22472806e+000 -3.36676819e+000 -3.36676810e+000  -3.36676798e+000 -4.89588628e+000 -4.89588628e+000  -4.89588628e+000 1.64832356e+000 1.64835298e+000  1.64838796e+000
 -6.34870069e+000 -6.34870065e+000  -6.34870061e+000 -1.88597975e+001 -1.88597975e+001  -1.88597975e+001 -1.09745999e+001 -1.09746959e+001  -1.09748026e+001 1.39357112e+001 1.39357112e+001  1.39357112e+001 -1.48946911e+001 -1.48946911e+001  -1.48946912e+001
 -7.58821098e+000 -7.58821098e+000  -7.58821098e+000 -9.20889100e-001 -9.20889099e-001  -9.20889099e-001 -2.79627579e+000 -2.79627579e+000  -2.79627578e+000 -4.38792170e-002 -4.38475309e-002  -4.38088148e-002 -1.87803837e+000 -1.87803808e+000  -1.87803775e+000
 -9.71687231e-003 -9.70584598e-003  -9.69367405e-003
 5.96587704e+000 5.96587704e+000  5.96587704e+000 -8.11215180e-001 -8.11215180e-001  -8.11215180e-001 5.88079173e+000 5.88079173e+000  5.88079173e+000 1.49467065e+000 1.49467065e+000  1.49467065e+000 -1.13613279e+000 -1.13613279e+000  -1.13613279e+000
 -5.06153468e+000 -5.06153468e+000  -5.06153468e+000 2.04399473e+001 2.04399473e+001  2.04399473e+001 8.45342295e-001 8.45342295e-001  8.45342295e-001 -9.73900145e+000 -9.73900145e+000  -9.73900145e+000 1.22667335e+001 1.22667335e+001  1.22667335e+001
 -2.98617439e+000 -2.98617439e+000  -2.98617439e+000 -1.71762182e+000 -1.71762182e+000  -1.71762182e+000 -3.10171150e+000 -3.10171150e+000  -3.10171150e+000 1.85703235e+000 1.85703235e+000  1.85703235e+000 1.38038059e+000 1.38038059e+000  1.38038059e+000
 6.12806872e-002 6.12806872e-002  6.12806872e-002
 -1.61862793e+001 -1.61862793e+001  -1.61862793e+001 6.96270654e+001 6.96270654e+001  6.96270654e+001 -5.60628172e-001 -5.60628171e-001  -5.60628171e-001 -4.17452707e+000 -4.17452707e+000  -4.17452707e+000 -1.02691533e+001 -1.02691531e+001  -1.02691530e+001
 -5.39933335e+001 -5.39933335e+001  -5.39933335e+001 -7.24792940e+000 -7.24792940e+000  -7.24792940e+000 -1.07078917e-001 -1.07079424e-001  -1.07079983e-001 -1.42048194e+000 -1.42048194e+000  -1.42048194e+000 -2.68638470e+001 -2.68638470e+001  -2.68638470e+001
 -1.63808767e+001 -1.63808767e+001  -1.63808767e+001 3.39018776e+000 3.39018776e+000  3.39018776e+000 4.13590334e+000 4.13590328e+000  4.13590313e+000 1.03847867e+000 1.03847884e+000  1.03847904e+000 -2.61041437e+000 -2.61041437e+000  -2.61041437e+000
 -1.62196634e-001 -1.62196592e-001  -1.62196569e-001
 -1.02899874e+001 -1.02899869e+001  -1.02899864e+001 1.62536323e-001 1.62536389e-001  1.62536463e-001 -3.31519187e+000 -3.31519183e+000  -3.31519178e+000 1.43412400e+000 1.43412400e+000  1.43412400e+000 7.15371078e+000 7.15372184e+000  7.15373526e+000
 8.52454417e-001 8.52454431e-001  8.52454447e-001 -1.17136600e+001 -1.17136600e+001  -1.17136600e+001 1.51117642e-001 1.51081788e-001  1.51041460e-001 7.32408683e+000 7.32408683e+000  7.32408683e+000 -6.18588546e-002 -6.18588683e-002  -6.18588827e-002
 -4.01105216e-001 -4.01105216e-001  -4.01105216e-001 -1.80208682e-001 -1.80208682e-001  -1.80208682e-001 6.58181139e-001 6.58181051e-001  6.58180829e-001 -5.43292541e+000 -5.43291346e+000  -5.43289853e+000 3.63457223e+000 3.63457234e+000  3.63457246e+000
 -2.41252432e-001 -2.41248343e-001  -2.41243804e-001
 -7.23764479e+000 -7.23764395e+000  -7.23764302e+000 -3.23296517e-001 -3.23296398e-001  -3.23296269e-001 6.13922497e+000 6.13922504e+000  6.13922512e+000 -3.01488679e+000 -3.01488679e+000  -3.01488679e+000 -5.55459306e+000 -5.55457332e+000  -5.55455016e+000
 -1.97197775e+000 -1.97197772e+000  -1.97197769e+000 1.04442283e+000 1.04442283e+000  1.04442283e+000 -1.94962888e-001 -1.95027544e-001  -1.95098457e-001 -2.26477870e+001 -2.26477870e+001  -2.26477870e+001 -7.94923000e-001 -7.94923025e-001  -7.94923050e-001
 1.81856888e+000 1.81856888e+000  1.81856888e+000 -6.70891634e+000 -6.70891634e+000  -6.70891634e+000 -3.25837326e+000 -3.25837341e+000  -3.25837377e+000 3.66604733e+000 3.66606856e+000  3.66609413e+000 -1.62571291e+000 -1.62571272e+000  -1.62571251e+000
 -2.20914711e-001 -2.20907329e-001  -2.20899333e-001
 1.92586636e+000 1.92586706e+000  1.92586784e+000 4.94446227e-001 4.94446326e-001  4.94446434e-001 9.57532459e+000 9.57532464e+000  9.57532470e+000 8.95788396e-001 8.95788396e-001  8.95788396e-001 -3.78778305e+000 -3.78776662e+000  -3.78774744e+000
 -1.54979868e+000 -1.54979866e+000  -1.54979864e+000 -5.76106594e-001 -5.76106594e-001  -5.76106594e-001 1.06223458e+000 1.06218070e+000  1.06212188e+000 -2.42224655e+001 -2.42224655e+001  -2.42224655e+001 -4.58723688e+000 -4.58723690e+000  -4.58723692e+000
 7.47873182e+000 7.47873182e+000  7.47873182e+000 -5.03977618e+000 -5.03977618e+000  -5.03977618e+000 -2.85512153e+000 -2.85512165e+000  -2.85512196e+000 4.92408828e+000 4.92410594e+000  4.92412710e+000 -5.50483887e-001 -5.50483728e-001  -5.50483551e-001
 -1.35064429e-001 -1.35058278e-001  -1.35051647e-001
 1.34281993e+001 1.34281993e+001  1.34281993e+001 -1.41947787e+000 -1.41947787e+000  -1.41947787e+000 -8.55899435e-001 -8.55899435e-001  -8.55899435e-001 4.12674313e+000 4.12674313e+000  4.12674313e+000 1.08464742e+000 1.08464742e+000  1.08464742e+000
 -2.44879860e+000 -2.44879860e+000  -2.44879860e+000 -6.59154678e+000 -6.59154678e+000  -6.59154678e+000 -1.33319885e+000 -1.33319885e+000  -1.33319885e+000 -6.75955977e-001 -6.75955977e-001  -6.75955977e-001 -1.35935536e+001 -1.35935536e+001  -1.35935536e+001
 5.89506997e+000 5.89506997e+000  5.89506997e+000 1.61373963e+000 1.61373963e+000  1.61373963e+000 -1.77460495e+000 -1.77460495e+000  -1.77460495e+000 6.73049425e-001 6.73049425e-001  6.73049425e-001 1.97393930e+000 1.97393930e+000  1.97393930e+000
 1.11053299e-002 1.11053299e-002  1.11053299e-002
 1.27924985e+001 1.27924985e+001  1.27924985e+001 -7.64080201e-001 -7.64080201e-001  -7.64080201e-001 3.84069897e+000 3.84069897e+000  3.84069897e+000 -1.74280339e-001 -1.74280339e-001  -1.74280339e-001 1.20200258e+000 1.20200258e+000  1.20200258e+000
 -1.41891937e+000 -1.41891937e+000  -1.41891937e+000 3.85877154e-001 3.85877154e-001  3.85877154e-001 -1.24867248e+000 -1.24867248e+000  -1.24867248e+000 2.11803248e+000 2.11803248e+000  2.11803248e+000 3.53979830e+000 3.53979830e+000  3.53979830e+000
 -2.64448640e+000 -2.64448640e+000  -2.64448640e+000 3.55483214e+000 3.55483214e+000  3.55483214e+000 3.59528824e+000 3.59528824e+000  3.59528824e+000 -1.09068114e+000 -1.09068114e+000  -1.09068114e+000 -5.17630002e-001 -5.17630002e-001  -5.17630002e-001
 -6.92523660e-002 -6.92523660e-002  -6.92523660e-002
 -9.08947919e+000 -9.08947919e+000  -9.08947919e+000 -7.58338438e-001 -7.58338438e-001  -7.58338438e-001 -2.76454984e+000 -2.76454984e+000  -2.76454984e+000 -5.54500570e+000 -5.54500570e+000  -5.54500570e+000 -2.07551169e+000 -2.07551169e+000  -2.07551169e+000
 -7.12114457e-001 -7.12114457e-001  -7.12114457e-001 3.01220410e+000 3.01220410e+000  3.01220410e+000 -1.06878584e+000 -1.06878584e+000  -1.06878584e+000 -9.70056126e-001 -9.70056126e-001  -9.70056126e-001 3.84003762e+000 3.84003762e+000  3.84003762e+000
 -5.77431563e+000 -5.77431563e+000  -5.77431563e+000 -2.94336357e+000 -2.94336357e+000  -2.94336357e+000 -2.33185354e+000 -2.33185354e+000  -2.33185354e+000 -1.63369220e+000 -1.63369220e+000  -1.63369220e+000 -2.34640080e+000 -2.34640080e+000  -2.34640080e+000
 -3.64196549e-001 -3.64196549e-001  -3.64196549e-001
 -8.90459475e+000 -8.90459350e+000  -8.90459208e+000 -6.75302514e-001 -6.75302337e-001  -6.75302142e-001 -3.11669745e+000 -3.11669736e+000  -3.11669723e+000 -3.89692168e+000 -3.89692168e+000  -3.89692168e+000 -2.09686300e+000 -2.09683358e+000  -2.09679860e+000
 -7.15452033e-001 -7.15451994e-001  -7.15451953e-001 2.85901322e+000 2.85901322e+000  2.85901322e+000 -9.69597827e-001 -9.69693913e-001  -9.69800589e-001 1.90253140e-001 1.90253140e-001  1.90253140e-001 3.98510682e+000 3.98510678e+000  3.98510674e+000
 -5.85053564e+000 -5.85053564e+000  -5.85053564e+000 -5.35274851e+000 -5.35274851e+000  -5.35274851e+000 -2.22997853e+000 -2.22997873e+000  -2.22997924e+000 -1.52975946e+000 -1.52972777e+000  -1.52968906e+000 -1.41994531e+000 -1.41994503e+000  -1.41994471e+000
 -2.14687098e-001 -2.14676126e-001  -2.14664092e-001
 -4.91725569e-001 -4.91906817e-001 -4.92106604e-001
 -7.73561767e+000 -7.73561602e+000 -7.73561184e+000
 -1.20816524e+000 -1.20834900e+000 -1.20855160e+000
 3.62868683e+000 3.62868683e+000 3.62868684e+000
 -1.18620435e+000 -1.18623435e+000 -1.18627118e+000
 -6.51017990e+000 -6.51036373e+000 -6.51056643e+000
 -1.10887664e+000 -1.10887664e+000 -1.10887664e+000
 7.99994595e+000 7.99977671e+000 7.99959256e+000
 -1.63891857e+000 -1.63891857e+000 -1.63891857e+000
 2.38259853e+000 2.38241471e+000 2.38221202e+000
 -1.60272137e+000 -1.60272137e+000 -1.60272137e+000
 -1.86003306e+000 -1.86003306e+000 -1.86003306e+000
 -6.66993282e-001 -6.66992882e-001 -6.66991873e-001
 -3.68763764e+000 -3.68781240e+000 -3.68800392e+000
 -1.13240300e+000 -1.13240325e+000 -1.13240353e+000
 -3.23573320e-001 -3.23618292e-001 -3.23667686e-001
