 Normalized SSE per output and pattern 
Itr 	 HN 	 MARE-tr 	 MARE-ts 	 R2tr 	 R2ts 	 SSENtr 	 SSENts	 SSENcomb
100 	 13 	       11.011 	       10.000 	   0.98829 	   0.98808 	    0.000901 	     0.000910 	     0.001811 
200 	 13 	        7.918 	        7.111 	   0.99511 	   0.99502 	    0.000390 	     0.000393 	     0.000782 
300 	 13 	        6.669 	        5.939 	   0.99648 	   0.99642 	    0.000268 	     0.000270 	     0.000538 
400 	 13 	        5.994 	        5.304 	   0.99710 	   0.99705 	    0.000212 	     0.000213 	     0.000425 
500 	 13 	        5.440 	        4.772 	   0.99770 	   0.99767 	    0.000167 	     0.000168 	     0.000335 
600 	 13 	        4.971 	        4.330 	   0.99825 	   0.99823 	    0.000128 	     0.000128 	     0.000256 
700 	 13 	        4.650 	        4.034 	   0.99858 	   0.99856 	    0.000105 	     0.000105 	     0.000211 
800 	 13 	        4.421 	        3.827 	   0.99878 	   0.99877 	    0.000091 	     0.000091 	     0.000182 
900 	 13 	        4.208 	        3.636 	   0.99894 	   0.99893 	    0.000078 	     0.000078 	     0.000157 
1000 	 13 	        4.009 	        3.455 	   0.99910 	   0.99909 	    0.000065 	     0.000065 	     0.000130 
1100 	 13 	        3.594 	        3.043 	   0.99941 	   0.99941 	    0.000043 	     0.000042 	     0.000085 
1200 	 13 	        3.495 	        2.951 	   0.99948 	   0.99948 	    0.000039 	     0.000039 	     0.000078 
1300 	 13 	        3.464 	        2.930 	   0.99951 	   0.99951 	    0.000038 	     0.000038 	     0.000076 
1400 	 13 	        3.455 	        2.931 	   0.99953 	   0.99953 	    0.000038 	     0.000038 	     0.000076 
1500 	 13 	        3.443 	        2.930 	   0.99954 	   0.99954 	    0.000038 	     0.000038 	     0.000076 
1600 	 13 	        3.425 	        2.920 	   0.99955 	   0.99955 	    0.000038 	     0.000038 	     0.000076 
1700 	 13 	        3.398 	        2.899 	   0.99956 	   0.99956 	    0.000038 	     0.000038 	     0.000076 
1800 	 13 	        3.366 	        2.872 	   0.99957 	   0.99957 	    0.000038 	     0.000038 	     0.000076 
1900 	 13 	        3.333 	        2.843 	   0.99958 	   0.99958 	    0.000037 	     0.000037 	     0.000075 
2000 	 13 	        3.302 	        2.815 	   0.99959 	   0.99959 	    0.000037 	     0.000037 	     0.000075 
2100 	 13 	        3.176 	        2.691 	   0.99961 	   0.99961 	    0.000034 	     0.000034 	     0.000067 
2200 	 13 	        3.123 	        2.640 	   0.99963 	   0.99963 	    0.000032 	     0.000032 	     0.000063 
2300 	 13 	        3.070 	        2.589 	   0.99964 	   0.99964 	    0.000030 	     0.000030 	     0.000060 
2400 	 13 	        3.020 	        2.541 	   0.99966 	   0.99966 	    0.000028 	     0.000028 	     0.000056 
2500 	 13 	        2.973 	        2.495 	   0.99967 	   0.99967 	    0.000027 	     0.000027 	     0.000053 
2600 	 13 	        2.927 	        2.452 	   0.99969 	   0.99969 	    0.000025 	     0.000025 	     0.000051 
2700 	 13 	        2.883 	        2.410 	   0.99970 	   0.99970 	    0.000024 	     0.000024 	     0.000048 
2800 	 13 	        2.840 	        2.369 	   0.99971 	   0.99971 	    0.000023 	     0.000023 	     0.000046 
2900 	 13 	        2.799 	        2.330 	   0.99973 	   0.99973 	    0.000022 	     0.000022 	     0.000044 
3000 	 13 	        2.759 	        2.292 	   0.99973 	   0.99973 	    0.000021 	     0.000021 	     0.000042 
3100 	 13 	        2.690 	        2.224 	   0.99974 	   0.99974 	    0.000020 	     0.000020 	     0.000039 
3200 	 13 	        2.645 	        2.181 	   0.99976 	   0.99976 	    0.000018 	     0.000018 	     0.000037 
3300 	 13 	        2.604 	        2.141 	   0.99977 	   0.99977 	    0.000017 	     0.000017 	     0.000034 
3400 	 13 	        2.566 	        2.105 	   0.99978 	   0.99978 	    0.000016 	     0.000016 	     0.000032 
3500 	 13 	        2.531 	        2.071 	   0.99979 	   0.99979 	    0.000015 	     0.000015 	     0.000030 
3600 	 13 	        2.498 	        2.041 	   0.99980 	   0.99980 	    0.000014 	     0.000014 	     0.000029 
3700 	 13 	        2.468 	        2.012 	   0.99981 	   0.99981 	    0.000014 	     0.000014 	     0.000027 
3800 	 13 	        2.439 	        1.985 	   0.99982 	   0.99982 	    0.000013 	     0.000013 	     0.000026 
3900 	 13 	        2.410 	        1.958 	   0.99983 	   0.99983 	    0.000012 	     0.000012 	     0.000025 
4000 	 13 	        2.383 	        1.933 	   0.99984 	   0.99984 	    0.000012 	     0.000012 	     0.000023 
4100 	 13 	        2.345 	        1.897 	   0.99985 	   0.99985 	    0.000011 	     0.000011 	     0.000022 
4200 	 13 	        2.318 	        1.872 	   0.99986 	   0.99986 	    0.000010 	     0.000010 	     0.000021 
4300 	 13 	        2.293 	        1.848 	   0.99986 	   0.99986 	    0.000010 	     0.000010 	     0.000019 
4400 	 13 	        2.269 	        1.826 	   0.99987 	   0.99987 	    0.000009 	     0.000009 	     0.000018 
4500 	 13 	        2.245 	        1.804 	   0.99988 	   0.99988 	    0.000009 	     0.000009 	     0.000017 
4600 	 13 	        2.222 	        1.783 	   0.99988 	   0.99989 	    0.000008 	     0.000008 	     0.000017 
4700 	 13 	        2.200 	        1.762 	   0.99989 	   0.99989 	    0.000008 	     0.000008 	     0.000016 
4800 	 13 	        2.178 	        1.743 	   0.99989 	   0.99990 	    0.000008 	     0.000007 	     0.000015 
4900 	 13 	        2.156 	        1.723 	   0.99990 	   0.99990 	    0.000007 	     0.000007 	     0.000014 
5000 	 13 	        2.135 	        1.704 	   0.99990 	   0.99991 	    0.000007 	     0.000007 	     0.000014 
5100 	 13 	        2.107 	        1.677 	   0.99991 	   0.99991 	    0.000006 	     0.000006 	     0.000013 
5200 	 13 	        2.087 	        1.659 	   0.99991 	   0.99992 	    0.000006 	     0.000006 	     0.000012 
5300 	 13 	        2.069 	        1.642 	   0.99992 	   0.99992 	    0.000006 	     0.000006 	     0.000012 
5400 	 13 	        2.050 	        1.625 	   0.99992 	   0.99992 	    0.000006 	     0.000005 	     0.000011 
5500 	 13 	        2.032 	        1.609 	   0.99993 	   0.99993 	    0.000005 	     0.000005 	     0.000011 
5600 	 13 	        2.015 	        1.593 	   0.99993 	   0.99993 	    0.000005 	     0.000005 	     0.000010 
5700 	 13 	        1.998 	        1.577 	   0.99993 	   0.99993 	    0.000005 	     0.000005 	     0.000010 
5800 	 13 	        1.981 	        1.562 	   0.99993 	   0.99994 	    0.000005 	     0.000005 	     0.000009 
5900 	 13 	        1.965 	        1.548 	   0.99994 	   0.99994 	    0.000005 	     0.000004 	     0.000009 
6000 	 13 	        1.950 	        1.534 	   0.99994 	   0.99994 	    0.000004 	     0.000004 	     0.000009 
6100 	 13 	        1.926 	        1.511 	   0.99994 	   0.99994 	    0.000004 	     0.000004 	     0.000008 
6200 	 13 	        1.911 	        1.498 	   0.99994 	   0.99995 	    0.000004 	     0.000004 	     0.000008 
6300 	 13 	        1.896 	        1.485 	   0.99995 	   0.99995 	    0.000004 	     0.000004 	     0.000008 
6400 	 13 	        1.883 	        1.473 	   0.99995 	   0.99995 	    0.000004 	     0.000004 	     0.000008 
6500 	 13 	        1.870 	        1.461 	   0.99995 	   0.99995 	    0.000004 	     0.000004 	     0.000007 
6600 	 13 	        1.857 	        1.450 	   0.99995 	   0.99995 	    0.000004 	     0.000003 	     0.000007 
6700 	 13 	        1.845 	        1.439 	   0.99995 	   0.99995 	    0.000004 	     0.000003 	     0.000007 
6800 	 13 	        1.833 	        1.428 	   0.99995 	   0.99995 	    0.000004 	     0.000003 	     0.000007 
6900 	 13 	        1.822 	        1.418 	   0.99995 	   0.99995 	    0.000003 	     0.000003 	     0.000007 
7000 	 13 	        1.811 	        1.409 	   0.99995 	   0.99996 	    0.000003 	     0.000003 	     0.000007 
7100 	 13 	        1.794 	        1.393 	   0.99996 	   0.99996 	    0.000003 	     0.000003 	     0.000006 
7200 	 13 	        1.783 	        1.383 	   0.99996 	   0.99996 	    0.000003 	     0.000003 	     0.000006 
7300 	 13 	        1.774 	        1.375 	   0.99996 	   0.99996 	    0.000003 	     0.000003 	     0.000006 
7400 	 13 	        1.764 	        1.367 	   0.99996 	   0.99996 	    0.000003 	     0.000003 	     0.000006 
7500 	 13 	        1.755 	        1.359 	   0.99996 	   0.99996 	    0.000003 	     0.000003 	     0.000006 
7600 	 13 	        1.747 	        1.351 	   0.99996 	   0.99996 	    0.000003 	     0.000003 	     0.000006 
7700 	 13 	        1.738 	        1.344 	   0.99996 	   0.99996 	    0.000003 	     0.000003 	     0.000006 
7800 	 13 	        1.730 	        1.337 	   0.99996 	   0.99996 	    0.000003 	     0.000003 	     0.000006 
7900 	 13 	        1.723 	        1.330 	   0.99996 	   0.99996 	    0.000003 	     0.000003 	     0.000006 
8000 	 13 	        1.715 	        1.324 	   0.99996 	   0.99996 	    0.000003 	     0.000003 	     0.000005 
8100 	 13 	        1.703 	        1.313 	   0.99996 	   0.99996 	    0.000003 	     0.000003 	     0.000005 
8200 	 13 	        1.696 	        1.306 	   0.99996 	   0.99996 	    0.000003 	     0.000003 	     0.000005 
8300 	 13 	        1.689 	        1.301 	   0.99996 	   0.99996 	    0.000003 	     0.000003 	     0.000005 
8400 	 13 	        1.683 	        1.295 	   0.99996 	   0.99996 	    0.000003 	     0.000003 	     0.000005 
8500 	 13 	        1.677 	        1.290 	   0.99996 	   0.99996 	    0.000003 	     0.000003 	     0.000005 
8600 	 13 	        1.671 	        1.284 	   0.99996 	   0.99997 	    0.000003 	     0.000002 	     0.000005 
8700 	 13 	        1.665 	        1.279 	   0.99996 	   0.99997 	    0.000003 	     0.000002 	     0.000005 
8800 	 13 	        1.659 	        1.275 	   0.99996 	   0.99997 	    0.000003 	     0.000002 	     0.000005 
8900 	 13 	        1.653 	        1.270 	   0.99996 	   0.99997 	    0.000003 	     0.000002 	     0.000005 
9000 	 13 	        1.647 	        1.265 	   0.99996 	   0.99997 	    0.000003 	     0.000002 	     0.000005 
9100 	 13 	        1.639 	        1.257 	   0.99997 	   0.99997 	    0.000003 	     0.000002 	     0.000005 
9200 	 13 	        1.633 	        1.252 	   0.99997 	   0.99997 	    0.000002 	     0.000002 	     0.000005 
9300 	 13 	        1.628 	        1.248 	   0.99997 	   0.99997 	    0.000002 	     0.000002 	     0.000005 
9400 	 13 	        1.623 	        1.244 	   0.99997 	   0.99997 	    0.000002 	     0.000002 	     0.000005 
9500 	 13 	        1.618 	        1.240 	   0.99997 	   0.99997 	    0.000002 	     0.000002 	     0.000005 
9600 	 13 	        1.614 	        1.236 	   0.99997 	   0.99997 	    0.000002 	     0.000002 	     0.000005 
9700 	 13 	        1.609 	        1.232 	   0.99997 	   0.99997 	    0.000002 	     0.000002 	     0.000005 
9800 	 13 	        1.605 	        1.229 	   0.99997 	   0.99997 	    0.000002 	     0.000002 	     0.000005 
9900 	 13 	        1.600 	        1.225 	   0.99997 	   0.99997 	    0.000002 	     0.000002 	     0.000005 
10000 	 13 	        1.596 	        1.221 	   0.99997 	   0.99997 	    0.000002 	     0.000002 	     0.000005 
10100 	 13 	        1.589 	        1.215 	   0.99997 	   0.99997 	    0.000002 	     0.000002 	     0.000005 
10200 	 13 	        1.585 	        1.211 	   0.99997 	   0.99997 	    0.000002 	     0.000002 	     0.000005 
10300 	 13 	        1.581 	        1.208 	   0.99997 	   0.99997 	    0.000002 	     0.000002 	     0.000004 
10400 	 13 	        1.577 	        1.205 	   0.99997 	   0.99997 	    0.000002 	     0.000002 	     0.000004 
10500 	 13 	        1.573 	        1.202 	   0.99997 	   0.99997 	    0.000002 	     0.000002 	     0.000004 
10600 	 13 	        1.569 	        1.198 	   0.99997 	   0.99997 	    0.000002 	     0.000002 	     0.000004 
10700 	 13 	        1.565 	        1.195 	   0.99997 	   0.99997 	    0.000002 	     0.000002 	     0.000004 
10800 	 13 	        1.562 	        1.192 	   0.99997 	   0.99997 	    0.000002 	     0.000002 	     0.000004 
10900 	 13 	        1.558 	        1.189 	   0.99997 	   0.99997 	    0.000002 	     0.000002 	     0.000004 
11000 	 13 	        1.554 	        1.186 	   0.99997 	   0.99997 	    0.000002 	     0.000002 	     0.000004 
11100 	 13 	        1.549 	        1.181 	   0.99997 	   0.99997 	    0.000002 	     0.000002 	     0.000004 
11200 	 13 	        1.545 	        1.178 	   0.99997 	   0.99997 	    0.000002 	     0.000002 	     0.000004 
11300 	 13 	        1.542 	        1.175 	   0.99997 	   0.99997 	    0.000002 	     0.000002 	     0.000004 
11400 	 13 	        1.538 	        1.173 	   0.99997 	   0.99997 	    0.000002 	     0.000002 	     0.000004 
11500 	 13 	        1.535 	        1.170 	   0.99997 	   0.99997 	    0.000002 	     0.000002 	     0.000004 
11600 	 13 	        1.532 	        1.167 	   0.99997 	   0.99997 	    0.000002 	     0.000002 	     0.000004 
11700 	 13 	        1.528 	        1.165 	   0.99997 	   0.99997 	    0.000002 	     0.000002 	     0.000004 
11800 	 13 	        1.525 	        1.162 	   0.99997 	   0.99997 	    0.000002 	     0.000002 	     0.000004 
11900 	 13 	        1.522 	        1.159 	   0.99997 	   0.99997 	    0.000002 	     0.000002 	     0.000004 
12000 	 13 	        1.519 	        1.157 	   0.99997 	   0.99997 	    0.000002 	     0.000002 	     0.000004 
12100 	 13 	        1.514 	        1.153 	   0.99997 	   0.99997 	    0.000002 	     0.000002 	     0.000004 
12200 	 13 	        1.511 	        1.150 	   0.99997 	   0.99997 	    0.000002 	     0.000002 	     0.000004 
12300 	 13 	        1.508 	        1.148 	   0.99997 	   0.99997 	    0.000002 	     0.000002 	     0.000004 
12400 	 13 	        1.505 	        1.145 	   0.99997 	   0.99997 	    0.000002 	     0.000002 	     0.000004 
12500 	 13 	        1.502 	        1.143 	   0.99997 	   0.99997 	    0.000002 	     0.000002 	     0.000004 
12600 	 13 	        1.499 	        1.140 	   0.99997 	   0.99997 	    0.000002 	     0.000002 	     0.000004 
12700 	 13 	        1.496 	        1.138 	   0.99997 	   0.99997 	    0.000002 	     0.000002 	     0.000004 
12800 	 13 	        1.493 	        1.136 	   0.99997 	   0.99997 	    0.000002 	     0.000002 	     0.000004 
12900 	 13 	        1.490 	        1.134 	   0.99997 	   0.99997 	    0.000002 	     0.000002 	     0.000004 
13000 	 13 	        1.487 	        1.131 	   0.99997 	   0.99997 	    0.000002 	     0.000002 	     0.000004 
13100 	 13 	        1.483 	        1.128 	   0.99997 	   0.99997 	    0.000002 	     0.000002 	     0.000004 
13200 	 13 	        1.480 	        1.125 	   0.99997 	   0.99997 	    0.000002 	     0.000002 	     0.000004 
13300 	 13 	        1.478 	        1.123 	   0.99997 	   0.99997 	    0.000002 	     0.000002 	     0.000004 
13400 	 13 	        1.475 	        1.121 	   0.99997 	   0.99997 	    0.000002 	     0.000002 	     0.000004 
13500 	 13 	        1.472 	        1.119 	   0.99997 	   0.99997 	    0.000002 	     0.000002 	     0.000004 
13600 	 13 	        1.470 	        1.117 	   0.99997 	   0.99997 	    0.000002 	     0.000002 	     0.000004 
13700 	 13 	        1.467 	        1.115 	   0.99997 	   0.99997 	    0.000002 	     0.000002 	     0.000004 
13800 	 13 	        1.465 	        1.113 	   0.99997 	   0.99997 	    0.000002 	     0.000002 	     0.000004 
13900 	 13 	        1.462 	        1.111 	   0.99997 	   0.99997 	    0.000002 	     0.000002 	     0.000004 
14000 	 13 	        1.459 	        1.109 	   0.99997 	   0.99997 	    0.000002 	     0.000002 	     0.000004 
14100 	 13 	        1.456 	        1.106 	   0.99997 	   0.99997 	    0.000002 	     0.000002 	     0.000004 
14200 	 13 	        1.453 	        1.103 	   0.99997 	   0.99997 	    0.000002 	     0.000002 	     0.000004 
14300 	 13 	        1.451 	        1.102 	   0.99997 	   0.99997 	    0.000002 	     0.000002 	     0.000004 
14400 	 13 	        1.448 	        1.100 	   0.99997 	   0.99997 	    0.000002 	     0.000002 	     0.000004 
14500 	 13 	        1.446 	        1.098 	   0.99997 	   0.99997 	    0.000002 	     0.000002 	     0.000004 
14600 	 13 	        1.444 	        1.096 	   0.99997 	   0.99997 	    0.000002 	     0.000002 	     0.000004 
14700 	 13 	        1.441 	        1.094 	   0.99997 	   0.99997 	    0.000002 	     0.000002 	     0.000004 
14800 	 13 	        1.439 	        1.092 	   0.99997 	   0.99997 	    0.000002 	     0.000002 	     0.000004 
14900 	 13 	        1.437 	        1.090 	   0.99997 	   0.99997 	    0.000002 	     0.000002 	     0.000004 
15000 	 13 	        1.434 	        1.088 	   0.99997 	   0.99997 	    0.000002 	     0.000002 	     0.000004 
15100 	 13 	        1.431 	        1.086 	   0.99997 	   0.99997 	    0.000002 	     0.000002 	     0.000004 
15200 	 13 	        1.429 	        1.084 	   0.99997 	   0.99997 	    0.000002 	     0.000002 	     0.000004 
15300 	 13 	        1.426 	        1.082 	   0.99997 	   0.99997 	    0.000002 	     0.000002 	     0.000004 
15400 	 13 	        1.424 	        1.080 	   0.99997 	   0.99997 	    0.000002 	     0.000002 	     0.000004 
15500 	 13 	        1.422 	        1.078 	   0.99997 	   0.99997 	    0.000002 	     0.000002 	     0.000004 
15600 	 13 	        1.420 	        1.077 	   0.99997 	   0.99997 	    0.000002 	     0.000002 	     0.000004 
15700 	 13 	        1.418 	        1.075 	   0.99997 	   0.99997 	    0.000002 	     0.000002 	     0.000004 
15800 	 13 	        1.416 	        1.073 	   0.99998 	   0.99997 	    0.000002 	     0.000002 	     0.000004 
15900 	 13 	        1.413 	        1.072 	   0.99998 	   0.99997 	    0.000002 	     0.000002 	     0.000004 
16000 	 13 	        1.411 	        1.070 	   0.99998 	   0.99998 	    0.000002 	     0.000002 	     0.000004 
16100 	 13 	        1.408 	        1.067 	   0.99998 	   0.99998 	    0.000002 	     0.000002 	     0.000004 
16200 	 13 	        1.406 	        1.066 	   0.99998 	   0.99998 	    0.000002 	     0.000002 	     0.000004 
16300 	 13 	        1.404 	        1.064 	   0.99998 	   0.99998 	    0.000002 	     0.000002 	     0.000004 
16400 	 13 	        1.402 	        1.062 	   0.99998 	   0.99998 	    0.000002 	     0.000002 	     0.000004 
16500 	 13 	        1.400 	        1.061 	   0.99998 	   0.99998 	    0.000002 	     0.000002 	     0.000003 
16600 	 13 	        1.398 	        1.059 	   0.99998 	   0.99998 	    0.000002 	     0.000002 	     0.000003 
16700 	 13 	        1.396 	        1.058 	   0.99998 	   0.99998 	    0.000002 	     0.000002 	     0.000003 
16800 	 13 	        1.394 	        1.056 	   0.99998 	   0.99998 	    0.000002 	     0.000002 	     0.000003 
16900 	 13 	        1.392 	        1.054 	   0.99998 	   0.99998 	    0.000002 	     0.000002 	     0.000003 
17000 	 13 	        1.390 	        1.053 	   0.99998 	   0.99998 	    0.000002 	     0.000002 	     0.000003 
17100 	 13 	        1.387 	        1.051 	   0.99998 	   0.99998 	    0.000002 	     0.000002 	     0.000003 
17200 	 13 	        1.385 	        1.049 	   0.99998 	   0.99998 	    0.000002 	     0.000002 	     0.000003 
17300 	 13 	        1.383 	        1.048 	   0.99998 	   0.99998 	    0.000002 	     0.000002 	     0.000003 
17400 	 13 	        1.381 	        1.046 	   0.99998 	   0.99998 	    0.000002 	     0.000002 	     0.000003 
17500 	 13 	        1.380 	        1.045 	   0.99998 	   0.99998 	    0.000002 	     0.000002 	     0.000003 
17600 	 13 	        1.378 	        1.043 	   0.99998 	   0.99998 	    0.000002 	     0.000002 	     0.000003 
17700 	 13 	        1.376 	        1.042 	   0.99998 	   0.99998 	    0.000002 	     0.000002 	     0.000003 
17800 	 13 	        1.374 	        1.040 	   0.99998 	   0.99998 	    0.000002 	     0.000002 	     0.000003 
17900 	 13 	        1.372 	        1.039 	   0.99998 	   0.99998 	    0.000002 	     0.000002 	     0.000003 
18000 	 13 	        1.370 	        1.037 	   0.99998 	   0.99998 	    0.000002 	     0.000002 	     0.000003 
18100 	 13 	        1.368 	        1.035 	   0.99998 	   0.99998 	    0.000002 	     0.000002 	     0.000003 
18200 	 13 	        1.366 	        1.034 	   0.99998 	   0.99998 	    0.000002 	     0.000002 	     0.000003 
18300 	 13 	        1.364 	        1.032 	   0.99998 	   0.99998 	    0.000002 	     0.000002 	     0.000003 
18400 	 13 	        1.362 	        1.031 	   0.99998 	   0.99998 	    0.000002 	     0.000002 	     0.000003 
18500 	 13 	        1.361 	        1.030 	   0.99998 	   0.99998 	    0.000002 	     0.000002 	     0.000003 
18600 	 13 	        1.359 	        1.028 	   0.99998 	   0.99998 	    0.000002 	     0.000002 	     0.000003 
18700 	 13 	        1.357 	        1.027 	   0.99998 	   0.99998 	    0.000002 	     0.000002 	     0.000003 
18800 	 13 	        1.355 	        1.026 	   0.99998 	   0.99998 	    0.000002 	     0.000002 	     0.000003 
18900 	 13 	        1.354 	        1.024 	   0.99998 	   0.99998 	    0.000002 	     0.000002 	     0.000003 
19000 	 13 	        1.352 	        1.023 	   0.99998 	   0.99998 	    0.000002 	     0.000002 	     0.000003 
19100 	 13 	        1.350 	        1.021 	   0.99998 	   0.99998 	    0.000002 	     0.000002 	     0.000003 
19200 	 13 	        1.348 	        1.020 	   0.99998 	   0.99998 	    0.000002 	     0.000002 	     0.000003 
19300 	 13 	        1.346 	        1.018 	   0.99998 	   0.99998 	    0.000002 	     0.000002 	     0.000003 
19400 	 13 	        1.345 	        1.017 	   0.99998 	   0.99998 	    0.000002 	     0.000002 	     0.000003 
19500 	 13 	        1.343 	        1.016 	   0.99998 	   0.99998 	    0.000002 	     0.000002 	     0.000003 
19600 	 13 	        1.341 	        1.015 	   0.99998 	   0.99998 	    0.000002 	     0.000002 	     0.000003 
19700 	 13 	        1.340 	        1.013 	   0.99998 	   0.99998 	    0.000002 	     0.000002 	     0.000003 
19800 	 13 	        1.338 	        1.012 	   0.99998 	   0.99998 	    0.000002 	     0.000002 	     0.000003 
19900 	 13 	        1.336 	        1.011 	   0.99998 	   0.99998 	    0.000002 	     0.000002 	     0.000003 
20000 	 13 	        1.335 	        1.010 	   0.99998 	   0.99998 	    0.000002 	     0.000002 	     0.000003 
100 	 14 	        1.577 	        1.274 	   0.99995 	   0.99994 	    0.000004 	     0.000004 	     0.000008 
200 	 14 	        1.583 	        1.290 	   0.99994 	   0.99994 	    0.000005 	     0.000005 	     0.000010 
300 	 14 	        1.557 	        1.277 	   0.99994 	   0.99994 	    0.000005 	     0.000005 	     0.000011 
400 	 14 	        1.526 	        1.256 	   0.99994 	   0.99994 	    0.000005 	     0.000006 	     0.000011 
500 	 14 	        1.491 	        1.232 	   0.99994 	   0.99994 	    0.000005 	     0.000006 	     0.000011 
600 	 14 	        1.457 	        1.209 	   0.99994 	   0.99994 	    0.000005 	     0.000006 	     0.000011 
700 	 14 	        1.423 	        1.184 	   0.99995 	   0.99994 	    0.000005 	     0.000005 	     0.000010 
800 	 14 	        1.387 	        1.159 	   0.99995 	   0.99994 	    0.000005 	     0.000005 	     0.000010 
900 	 14 	        1.351 	        1.132 	   0.99995 	   0.99995 	    0.000005 	     0.000005 	     0.000009 
1000 	 14 	        1.325 	        1.113 	   0.99995 	   0.99995 	    0.000004 	     0.000005 	     0.000009 
1100 	 14 	        1.208 	        0.998 	   0.99997 	   0.99996 	    0.000003 	     0.000003 	     0.000006 
1200 	 14 	        1.151 	        0.944 	   0.99997 	   0.99997 	    0.000002 	     0.000003 	     0.000005 
1300 	 14 	        1.121 	        0.917 	   0.99997 	   0.99997 	    0.000002 	     0.000002 	     0.000005 
1400 	 14 	        1.098 	        0.897 	   0.99998 	   0.99997 	    0.000002 	     0.000002 	     0.000004 
1500 	 14 	        1.077 	        0.879 	   0.99998 	   0.99997 	    0.000002 	     0.000002 	     0.000004 
1600 	 14 	        1.058 	        0.863 	   0.99998 	   0.99997 	    0.000002 	     0.000002 	     0.000004 
1700 	 14 	        1.041 	        0.848 	   0.99998 	   0.99997 	    0.000001 	     0.000002 	     0.000003 
1800 	 14 	        1.025 	        0.835 	   0.99998 	   0.99998 	    0.000001 	     0.000002 	     0.000003 
1900 	 14 	        1.010 	        0.822 	   0.99998 	   0.99998 	    0.000001 	     0.000002 	     0.000003 
2000 	 14 	        0.994 	        0.809 	   0.99998 	   0.99998 	    0.000001 	     0.000002 	     0.000003 
2100 	 14 	        0.964 	        0.780 	   0.99999 	   0.99998 	    0.000001 	     0.000001 	     0.000003 
2200 	 14 	        0.950 	        0.768 	   0.99999 	   0.99998 	    0.000001 	     0.000001 	     0.000002 
2300 	 14 	        0.940 	        0.760 	   0.99999 	   0.99998 	    0.000001 	     0.000001 	     0.000002 
2400 	 14 	        0.931 	        0.752 	   0.99999 	   0.99998 	    0.000001 	     0.000001 	     0.000002 
2500 	 14 	        0.923 	        0.745 	   0.99999 	   0.99998 	    0.000001 	     0.000001 	     0.000002 
2600 	 14 	        0.915 	        0.739 	   0.99999 	   0.99998 	    0.000001 	     0.000001 	     0.000002 
2700 	 14 	        0.907 	        0.732 	   0.99999 	   0.99998 	    0.000001 	     0.000001 	     0.000002 
2800 	 14 	        0.899 	        0.727 	   0.99999 	   0.99998 	    0.000001 	     0.000001 	     0.000002 
2900 	 14 	        0.892 	        0.721 	   0.99999 	   0.99998 	    0.000001 	     0.000001 	     0.000002 
3000 	 14 	        0.885 	        0.715 	   0.99999 	   0.99998 	    0.000001 	     0.000001 	     0.000002 
3100 	 14 	        0.874 	        0.705 	   0.99999 	   0.99998 	    0.000001 	     0.000001 	     0.000002 
3200 	 14 	        0.867 	        0.700 	   0.99999 	   0.99998 	    0.000001 	     0.000001 	     0.000002 
3300 	 14 	        0.862 	        0.695 	   0.99999 	   0.99998 	    0.000001 	     0.000001 	     0.000002 
3400 	 14 	        0.857 	        0.691 	   0.99999 	   0.99998 	    0.000001 	     0.000001 	     0.000002 
3500 	 14 	        0.852 	        0.687 	   0.99999 	   0.99998 	    0.000001 	     0.000001 	     0.000002 
3600 	 14 	        0.847 	        0.683 	   0.99999 	   0.99998 	    0.000001 	     0.000001 	     0.000002 
3700 	 14 	        0.843 	        0.680 	   0.99999 	   0.99998 	    0.000001 	     0.000001 	     0.000002 
3800 	 14 	        0.838 	        0.677 	   0.99999 	   0.99998 	    0.000001 	     0.000001 	     0.000002 
3900 	 14 	        0.834 	        0.673 	   0.99999 	   0.99998 	    0.000001 	     0.000001 	     0.000002 
4000 	 14 	        0.830 	        0.670 	   0.99999 	   0.99998 	    0.000001 	     0.000001 	     0.000002 
4100 	 14 	        0.824 	        0.665 	   0.99999 	   0.99998 	    0.000001 	     0.000001 	     0.000002 
4200 	 14 	        0.820 	        0.661 	   0.99999 	   0.99998 	    0.000001 	     0.000001 	     0.000002 
4300 	 14 	        0.816 	        0.658 	   0.99999 	   0.99998 	    0.000001 	     0.000001 	     0.000002 
4400 	 14 	        0.813 	        0.656 	   0.99999 	   0.99998 	    0.000001 	     0.000001 	     0.000002 
4500 	 14 	        0.810 	        0.654 	   0.99999 	   0.99998 	    0.000001 	     0.000001 	     0.000002 
4600 	 14 	        0.807 	        0.652 	   0.99999 	   0.99998 	    0.000001 	     0.000001 	     0.000002 
4700 	 14 	        0.804 	        0.650 	   0.99999 	   0.99998 	    0.000001 	     0.000001 	     0.000002 
4800 	 14 	        0.801 	        0.648 	   0.99999 	   0.99998 	    0.000001 	     0.000001 	     0.000002 
4900 	 14 	        0.799 	        0.646 	   0.99999 	   0.99998 	    0.000001 	     0.000001 	     0.000002 
5000 	 14 	        0.796 	        0.644 	   0.99999 	   0.99998 	    0.000001 	     0.000001 	     0.000002 
5100 	 14 	        0.792 	        0.640 	   0.99999 	   0.99998 	    0.000001 	     0.000001 	     0.000002 
5200 	 14 	        0.789 	        0.638 	   0.99999 	   0.99998 	    0.000001 	     0.000001 	     0.000002 
5300 	 14 	        0.787 	        0.636 	   0.99999 	   0.99998 	    0.000001 	     0.000001 	     0.000002 
5400 	 14 	        0.785 	        0.635 	   0.99999 	   0.99998 	    0.000001 	     0.000001 	     0.000002 
5500 	 14 	        0.783 	        0.633 	   0.99999 	   0.99998 	    0.000001 	     0.000001 	     0.000002 
5600 	 14 	        0.781 	        0.632 	   0.99999 	   0.99998 	    0.000001 	     0.000001 	     0.000002 
5700 	 14 	        0.779 	        0.631 	   0.99999 	   0.99998 	    0.000001 	     0.000001 	     0.000002 
5800 	 14 	        0.777 	        0.629 	   0.99999 	   0.99998 	    0.000001 	     0.000001 	     0.000002 
5900 	 14 	        0.775 	        0.628 	   0.99999 	   0.99998 	    0.000001 	     0.000001 	     0.000002 
6000 	 14 	        0.773 	        0.627 	   0.99999 	   0.99998 	    0.000001 	     0.000001 	     0.000002 
6100 	 14 	        0.770 	        0.624 	   0.99999 	   0.99998 	    0.000001 	     0.000001 	     0.000002 
6200 	 14 	        0.768 	        0.623 	   0.99999 	   0.99998 	    0.000001 	     0.000001 	     0.000002 
6300 	 14 	        0.767 	        0.622 	   0.99999 	   0.99998 	    0.000001 	     0.000001 	     0.000002 
6400 	 14 	        0.765 	        0.621 	   0.99999 	   0.99998 	    0.000001 	     0.000001 	     0.000002 
6500 	 14 	        0.764 	        0.620 	   0.99999 	   0.99999 	    0.000001 	     0.000001 	     0.000002 
6600 	 14 	        0.762 	        0.619 	   0.99999 	   0.99999 	    0.000001 	     0.000001 	     0.000002 
6700 	 14 	        0.761 	        0.618 	   0.99999 	   0.99999 	    0.000001 	     0.000001 	     0.000002 
6800 	 14 	        0.759 	        0.617 	   0.99999 	   0.99999 	    0.000001 	     0.000001 	     0.000002 
6900 	 14 	        0.758 	        0.616 	   0.99999 	   0.99999 	    0.000001 	     0.000001 	     0.000002 
7000 	 14 	        0.756 	        0.615 	   0.99999 	   0.99999 	    0.000001 	     0.000001 	     0.000002 
7100 	 14 	        0.754 	        0.613 	   0.99999 	   0.99999 	    0.000000 	     0.000001 	     0.000002 
7200 	 14 	        0.753 	        0.612 	   0.99999 	   0.99999 	    0.000000 	     0.000001 	     0.000002 
7300 	 14 	        0.751 	        0.611 	   0.99999 	   0.99999 	    0.000000 	     0.000001 	     0.000002 
7400 	 14 	        0.750 	        0.610 	   0.99999 	   0.99999 	    0.000000 	     0.000001 	     0.000002 
7500 	 14 	        0.749 	        0.609 	   0.99999 	   0.99999 	    0.000000 	     0.000001 	     0.000002 
7600 	 14 	        0.748 	        0.609 	   0.99999 	   0.99999 	    0.000000 	     0.000001 	     0.000002 
7700 	 14 	        0.746 	        0.608 	   0.99999 	   0.99999 	    0.000000 	     0.000001 	     0.000002 
7800 	 14 	        0.745 	        0.607 	   0.99999 	   0.99999 	    0.000000 	     0.000001 	     0.000002 
7900 	 14 	        0.744 	        0.606 	   0.99999 	   0.99999 	    0.000000 	     0.000001 	     0.000002 
8000 	 14 	        0.743 	        0.605 	   0.99999 	   0.99999 	    0.000000 	     0.000001 	     0.000002 
8100 	 14 	        0.741 	        0.604 	   0.99999 	   0.99999 	    0.000000 	     0.000001 	     0.000002 
8200 	 14 	        0.740 	        0.603 	   0.99999 	   0.99999 	    0.000000 	     0.000001 	     0.000002 
8300 	 14 	        0.739 	        0.602 	   0.99999 	   0.99999 	    0.000000 	     0.000001 	     0.000002 
8400 	 14 	        0.738 	        0.602 	   0.99999 	   0.99999 	    0.000000 	     0.000001 	     0.000002 
8500 	 14 	        0.737 	        0.601 	   0.99999 	   0.99999 	    0.000000 	     0.000001 	     0.000002 
8600 	 14 	        0.736 	        0.600 	   0.99999 	   0.99999 	    0.000000 	     0.000001 	     0.000002 
8700 	 14 	        0.735 	        0.600 	   0.99999 	   0.99999 	    0.000000 	     0.000001 	     0.000002 
8800 	 14 	        0.734 	        0.599 	   0.99999 	   0.99999 	    0.000000 	     0.000001 	     0.000002 
8900 	 14 	        0.733 	        0.598 	   0.99999 	   0.99999 	    0.000000 	     0.000001 	     0.000002 
9000 	 14 	        0.732 	        0.598 	   0.99999 	   0.99999 	    0.000000 	     0.000001 	     0.000002 
9100 	 14 	        0.730 	        0.597 	   0.99999 	   0.99999 	    0.000000 	     0.000001 	     0.000002 
9200 	 14 	        0.729 	        0.596 	   0.99999 	   0.99999 	    0.000000 	     0.000001 	     0.000002 
9300 	 14 	        0.728 	        0.595 	   0.99999 	   0.99999 	    0.000000 	     0.000001 	     0.000002 
9400 	 14 	        0.727 	        0.595 	   0.99999 	   0.99999 	    0.000000 	     0.000001 	     0.000002 
9500 	 14 	        0.726 	        0.594 	   0.99999 	   0.99999 	    0.000000 	     0.000001 	     0.000002 
9600 	 14 	        0.726 	        0.594 	   0.99999 	   0.99999 	    0.000000 	     0.000001 	     0.000002 
9700 	 14 	        0.725 	        0.593 	   0.99999 	   0.99999 	    0.000000 	     0.000001 	     0.000002 
9800 	 14 	        0.724 	        0.593 	   0.99999 	   0.99999 	    0.000000 	     0.000001 	     0.000002 
9900 	 14 	        0.723 	        0.592 	   0.99999 	   0.99999 	    0.000000 	     0.000001 	     0.000002 
10000 	 14 	        0.722 	        0.591 	   0.99999 	   0.99999 	    0.000000 	     0.000001 	     0.000002 
10100 	 14 	        0.721 	        0.590 	   0.99999 	   0.99999 	    0.000000 	     0.000001 	     0.000002 
10200 	 14 	        0.720 	        0.590 	   0.99999 	   0.99999 	    0.000000 	     0.000001 	     0.000002 
10300 	 14 	        0.719 	        0.589 	   0.99999 	   0.99999 	    0.000000 	     0.000001 	     0.000002 
10400 	 14 	        0.718 	        0.589 	   0.99999 	   0.99999 	    0.000000 	     0.000001 	     0.000002 
10500 	 14 	        0.718 	        0.588 	   0.99999 	   0.99999 	    0.000000 	     0.000001 	     0.000002 
10600 	 14 	        0.717 	        0.588 	   0.99999 	   0.99999 	    0.000000 	     0.000001 	     0.000002 
10700 	 14 	        0.716 	        0.588 	   0.99999 	   0.99999 	    0.000000 	     0.000001 	     0.000002 
10800 	 14 	        0.715 	        0.587 	   0.99999 	   0.99999 	    0.000000 	     0.000001 	     0.000002 
10900 	 14 	        0.715 	        0.587 	   0.99999 	   0.99999 	    0.000000 	     0.000001 	     0.000002 
11000 	 14 	        0.714 	        0.586 	   0.99999 	   0.99999 	    0.000000 	     0.000001 	     0.000002 
11100 	 14 	        0.713 	        0.585 	   0.99999 	   0.99999 	    0.000000 	     0.000001 	     0.000002 
11200 	 14 	        0.712 	        0.585 	   0.99999 	   0.99999 	    0.000000 	     0.000001 	     0.000002 
11300 	 14 	        0.711 	        0.584 	   0.99999 	   0.99999 	    0.000000 	     0.000001 	     0.000002 
11400 	 14 	        0.711 	        0.584 	   0.99999 	   0.99999 	    0.000000 	     0.000001 	     0.000002 
11500 	 14 	        0.710 	        0.584 	   0.99999 	   0.99999 	    0.000000 	     0.000001 	     0.000002 
11600 	 14 	        0.709 	        0.583 	   0.99999 	   0.99999 	    0.000000 	     0.000001 	     0.000002 
11700 	 14 	        0.709 	        0.583 	   0.99999 	   0.99999 	    0.000000 	     0.000001 	     0.000002 
11800 	 14 	        0.708 	        0.582 	   0.99999 	   0.99999 	    0.000000 	     0.000001 	     0.000002 
11900 	 14 	        0.707 	        0.582 	   0.99999 	   0.99999 	    0.000000 	     0.000001 	     0.000002 
12000 	 14 	        0.707 	        0.582 	   0.99999 	   0.99999 	    0.000000 	     0.000001 	     0.000002 
12100 	 14 	        0.706 	        0.581 	   0.99999 	   0.99999 	    0.000000 	     0.000001 	     0.000002 
12200 	 14 	        0.705 	        0.580 	   0.99999 	   0.99999 	    0.000000 	     0.000001 	     0.000002 
12300 	 14 	        0.705 	        0.580 	   0.99999 	   0.99999 	    0.000000 	     0.000001 	     0.000002 
12400 	 14 	        0.704 	        0.580 	   0.99999 	   0.99999 	    0.000000 	     0.000001 	     0.000002 
12500 	 14 	        0.703 	        0.579 	   0.99999 	   0.99999 	    0.000000 	     0.000001 	     0.000002 
12600 	 14 	        0.703 	        0.579 	   0.99999 	   0.99999 	    0.000000 	     0.000001 	     0.000002 
12700 	 14 	        0.702 	        0.579 	   0.99999 	   0.99999 	    0.000000 	     0.000001 	     0.000002 
12800 	 14 	        0.702 	        0.578 	   0.99999 	   0.99999 	    0.000000 	     0.000001 	     0.000002 
12900 	 14 	        0.701 	        0.578 	   0.99999 	   0.99999 	    0.000000 	     0.000001 	     0.000002 
13000 	 14 	        0.700 	        0.578 	   0.99999 	   0.99999 	    0.000000 	     0.000001 	     0.000002 
13100 	 14 	        0.700 	        0.577 	   0.99999 	   0.99999 	    0.000000 	     0.000001 	     0.000002 
13200 	 14 	        0.699 	        0.577 	   0.99999 	   0.99999 	    0.000000 	     0.000001 	     0.000002 
13300 	 14 	        0.699 	        0.576 	   0.99999 	   0.99999 	    0.000000 	     0.000001 	     0.000002 
13400 	 14 	        0.698 	        0.576 	   0.99999 	   0.99999 	    0.000000 	     0.000001 	     0.000001 
13500 	 14 	        0.697 	        0.576 	   0.99999 	   0.99999 	    0.000000 	     0.000001 	     0.000001 
13600 	 14 	        0.697 	        0.575 	   0.99999 	   0.99999 	    0.000000 	     0.000001 	     0.000001 
13700 	 14 	        0.696 	        0.575 	   0.99999 	   0.99999 	    0.000000 	     0.000001 	     0.000001 
13800 	 14 	        0.696 	        0.575 	   0.99999 	   0.99999 	    0.000000 	     0.000001 	     0.000001 
13900 	 14 	        0.695 	        0.574 	   0.99999 	   0.99999 	    0.000000 	     0.000001 	     0.000001 
14000 	 14 	        0.695 	        0.574 	   0.99999 	   0.99999 	    0.000000 	     0.000001 	     0.000001 
14100 	 14 	        0.694 	        0.573 	   0.99999 	   0.99999 	    0.000000 	     0.000001 	     0.000001 
14200 	 14 	        0.694 	        0.573 	   0.99999 	   0.99999 	    0.000000 	     0.000001 	     0.000001 
14300 	 14 	        0.693 	        0.573 	   0.99999 	   0.99999 	    0.000000 	     0.000001 	     0.000001 
14400 	 14 	        0.693 	        0.573 	   0.99999 	   0.99999 	    0.000000 	     0.000001 	     0.000001 
14500 	 14 	        0.692 	        0.572 	   0.99999 	   0.99999 	    0.000000 	     0.000001 	     0.000001 
14600 	 14 	        0.692 	        0.572 	   0.99999 	   0.99999 	    0.000000 	     0.000001 	     0.000001 
14700 	 14 	        0.691 	        0.572 	   0.99999 	   0.99999 	    0.000000 	     0.000001 	     0.000001 
14800 	 14 	        0.691 	        0.571 	   0.99999 	   0.99999 	    0.000000 	     0.000001 	     0.000001 
14900 	 14 	        0.690 	        0.571 	   0.99999 	   0.99999 	    0.000000 	     0.000001 	     0.000001 
15000 	 14 	        0.690 	        0.571 	   0.99999 	   0.99999 	    0.000000 	     0.000001 	     0.000001 
15100 	 14 	        0.689 	        0.570 	   0.99999 	   0.99999 	    0.000000 	     0.000001 	     0.000001 
15200 	 14 	        0.689 	        0.570 	   0.99999 	   0.99999 	    0.000000 	     0.000001 	     0.000001 
15300 	 14 	        0.688 	        0.570 	   0.99999 	   0.99999 	    0.000000 	     0.000001 	     0.000001 
15400 	 14 	        0.688 	        0.570 	   0.99999 	   0.99999 	    0.000000 	     0.000001 	     0.000001 
15500 	 14 	        0.687 	        0.569 	   0.99999 	   0.99999 	    0.000000 	     0.000001 	     0.000001 
15600 	 14 	        0.687 	        0.569 	   0.99999 	   0.99999 	    0.000000 	     0.000001 	     0.000001 
15700 	 14 	        0.686 	        0.569 	   0.99999 	   0.99999 	    0.000000 	     0.000001 	     0.000001 
15800 	 14 	        0.686 	        0.569 	   0.99999 	   0.99999 	    0.000000 	     0.000001 	     0.000001 
15900 	 14 	        0.686 	        0.568 	   0.99999 	   0.99999 	    0.000000 	     0.000001 	     0.000001 
16000 	 14 	        0.685 	        0.568 	   0.99999 	   0.99999 	    0.000000 	     0.000001 	     0.000001 
16100 	 14 	        0.685 	        0.568 	   0.99999 	   0.99999 	    0.000000 	     0.000001 	     0.000001 
16200 	 14 	        0.684 	        0.567 	   0.99999 	   0.99999 	    0.000000 	     0.000001 	     0.000001 
16300 	 14 	        0.684 	        0.567 	   0.99999 	   0.99999 	    0.000000 	     0.000001 	     0.000001 
16400 	 14 	        0.683 	        0.567 	   0.99999 	   0.99999 	    0.000000 	     0.000001 	     0.000001 
16500 	 14 	        0.683 	        0.567 	   0.99999 	   0.99999 	    0.000000 	     0.000001 	     0.000001 
16600 	 14 	        0.683 	        0.566 	   0.99999 	   0.99999 	    0.000000 	     0.000001 	     0.000001 
16700 	 14 	        0.682 	        0.566 	   0.99999 	   0.99999 	    0.000000 	     0.000001 	     0.000001 
16800 	 14 	        0.682 	        0.566 	   0.99999 	   0.99999 	    0.000000 	     0.000001 	     0.000001 
16900 	 14 	        0.681 	        0.566 	   0.99999 	   0.99999 	    0.000000 	     0.000001 	     0.000001 
17000 	 14 	        0.681 	        0.566 	   0.99999 	   0.99999 	    0.000000 	     0.000001 	     0.000001 
17100 	 14 	        0.680 	        0.565 	   0.99999 	   0.99999 	    0.000000 	     0.000001 	     0.000001 
17200 	 14 	        0.680 	        0.565 	   0.99999 	   0.99999 	    0.000000 	     0.000001 	     0.000001 
17300 	 14 	        0.680 	        0.565 	   0.99999 	   0.99999 	    0.000000 	     0.000001 	     0.000001 
17400 	 14 	        0.679 	        0.565 	   0.99999 	   0.99999 	    0.000000 	     0.000001 	     0.000001 
17500 	 14 	        0.679 	        0.564 	   0.99999 	   0.99999 	    0.000000 	     0.000001 	     0.000001 
17600 	 14 	        0.679 	        0.564 	   0.99999 	   0.99999 	    0.000000 	     0.000001 	     0.000001 
17700 	 14 	        0.678 	        0.564 	   0.99999 	   0.99999 	    0.000000 	     0.000001 	     0.000001 
17800 	 14 	        0.678 	        0.564 	   0.99999 	   0.99999 	    0.000000 	     0.000001 	     0.000001 
17900 	 14 	        0.678 	        0.563 	   0.99999 	   0.99999 	    0.000000 	     0.000001 	     0.000001 
18000 	 14 	        0.677 	        0.563 	   0.99999 	   0.99999 	    0.000000 	     0.000001 	     0.000001 
18100 	 14 	        0.677 	        0.563 	   0.99999 	   0.99999 	    0.000000 	     0.000001 	     0.000001 
18200 	 14 	        0.676 	        0.563 	   0.99999 	   0.99999 	    0.000000 	     0.000001 	     0.000001 
18300 	 14 	        0.676 	        0.563 	   0.99999 	   0.99999 	    0.000000 	     0.000001 	     0.000001 
18400 	 14 	        0.676 	        0.562 	   0.99999 	   0.99999 	    0.000000 	     0.000001 	     0.000001 
18500 	 14 	        0.675 	        0.562 	   0.99999 	   0.99999 	    0.000000 	     0.000001 	     0.000001 
18600 	 14 	        0.675 	        0.562 	   0.99999 	   0.99998 	    0.000000 	     0.000001 	     0.000001 
18700 	 14 	        0.675 	        0.562 	   0.99999 	   0.99998 	    0.000000 	     0.000001 	     0.000001 
18800 	 14 	        0.674 	        0.562 	   0.99999 	   0.99998 	    0.000000 	     0.000001 	     0.000001 
18900 	 14 	        0.674 	        0.561 	   0.99999 	   0.99998 	    0.000000 	     0.000001 	     0.000001 
19000 	 14 	        0.674 	        0.561 	   0.99999 	   0.99998 	    0.000000 	     0.000001 	     0.000001 
19100 	 14 	        0.673 	        0.561 	   0.99999 	   0.99998 	    0.000000 	     0.000001 	     0.000001 
19200 	 14 	        0.673 	        0.561 	   0.99999 	   0.99998 	    0.000000 	     0.000001 	     0.000001 
19300 	 14 	        0.673 	        0.560 	   0.99999 	   0.99998 	    0.000000 	     0.000001 	     0.000001 
19400 	 14 	        0.672 	        0.560 	   0.99999 	   0.99998 	    0.000000 	     0.000001 	     0.000001 
19500 	 14 	        0.672 	        0.560 	   0.99999 	   0.99998 	    0.000000 	     0.000001 	     0.000001 
19600 	 14 	        0.672 	        0.560 	   0.99999 	   0.99998 	    0.000000 	     0.000001 	     0.000001 
19700 	 14 	        0.671 	        0.560 	   0.99999 	   0.99998 	    0.000000 	     0.000001 	     0.000001 
19800 	 14 	        0.671 	        0.560 	   0.99999 	   0.99998 	    0.000000 	     0.000001 	     0.000001 
19900 	 14 	        0.671 	        0.559 	   0.99999 	   0.99998 	    0.000000 	     0.000001 	     0.000001 
20000 	 14 	        0.670 	        0.559 	   0.99999 	   0.99998 	    0.000000 	     0.000001 	     0.000001 
100 	 15 	        0.753 	        0.648 	   0.99999 	   0.99998 	    0.000001 	     0.000001 	     0.000002 
200 	 15 	        0.760 	        0.659 	   0.99999 	   0.99998 	    0.000001 	     0.000001 	     0.000002 
300 	 15 	        0.757 	        0.661 	   0.99999 	   0.99998 	    0.000001 	     0.000001 	     0.000002 
400 	 15 	        0.751 	        0.659 	   0.99999 	   0.99998 	    0.000001 	     0.000001 	     0.000002 
500 	 15 	        0.744 	        0.656 	   0.99999 	   0.99998 	    0.000001 	     0.000001 	     0.000002 
600 	 15 	        0.737 	        0.652 	   0.99999 	   0.99998 	    0.000001 	     0.000001 	     0.000002 
700 	 15 	        0.729 	        0.648 	   0.99999 	   0.99998 	    0.000001 	     0.000002 	     0.000002 
800 	 15 	        0.721 	        0.644 	   0.99999 	   0.99998 	    0.000001 	     0.000002 	     0.000002 
900 	 15 	        0.713 	        0.639 	   0.99999 	   0.99998 	    0.000001 	     0.000002 	     0.000002 
1000 	 15 	        0.701 	        0.631 	   0.99999 	   0.99998 	    0.000001 	     0.000002 	     0.000002 
1100 	 15 	        0.658 	        0.589 	   0.99999 	   0.99998 	    0.000000 	     0.000001 	     0.000002 
1200 	 15 	        0.643 	        0.574 	   0.99999 	   0.99998 	    0.000000 	     0.000001 	     0.000002 
1300 	 15 	        0.635 	        0.568 	   0.99999 	   0.99998 	    0.000000 	     0.000001 	     0.000002 
1400 	 15 	        0.630 	        0.563 	   0.99999 	   0.99998 	    0.000000 	     0.000001 	     0.000002 
1500 	 15 	        0.625 	        0.560 	   0.99999 	   0.99998 	    0.000000 	     0.000001 	     0.000002 
1600 	 15 	        0.621 	        0.557 	   0.99999 	   0.99998 	    0.000000 	     0.000001 	     0.000002 
1700 	 15 	        0.617 	        0.554 	   0.99999 	   0.99998 	    0.000000 	     0.000001 	     0.000002 
1800 	 15 	        0.613 	        0.551 	   0.99999 	   0.99998 	    0.000000 	     0.000001 	     0.000002 
1900 	 15 	        0.610 	        0.549 	   0.99999 	   0.99998 	    0.000000 	     0.000001 	     0.000002 
2000 	 15 	        0.607 	        0.547 	   0.99999 	   0.99998 	    0.000000 	     0.000001 	     0.000002 
2100 	 15 	        0.593 	        0.534 	   1.00000 	   0.99998 	    0.000000 	     0.000001 	     0.000002 
2200 	 15 	        0.589 	        0.530 	   1.00000 	   0.99998 	    0.000000 	     0.000001 	     0.000002 
2300 	 15 	        0.586 	        0.528 	   1.00000 	   0.99998 	    0.000000 	     0.000001 	     0.000001 
2400 	 15 	        0.584 	        0.526 	   1.00000 	   0.99998 	    0.000000 	     0.000001 	     0.000001 
2500 	 15 	        0.582 	        0.524 	   1.00000 	   0.99998 	    0.000000 	     0.000001 	     0.000001 
2600 	 15 	        0.580 	        0.523 	   1.00000 	   0.99998 	    0.000000 	     0.000001 	     0.000001 
2700 	 15 	        0.578 	        0.521 	   1.00000 	   0.99998 	    0.000000 	     0.000001 	     0.000001 
2800 	 15 	        0.576 	        0.520 	   1.00000 	   0.99998 	    0.000000 	     0.000001 	     0.000001 
2900 	 15 	        0.574 	        0.519 	   1.00000 	   0.99998 	    0.000000 	     0.000001 	     0.000001 
3000 	 15 	        0.572 	        0.518 	   1.00000 	   0.99998 	    0.000000 	     0.000001 	     0.000001 
3100 	 15 	        0.566 	        0.512 	   1.00000 	   0.99998 	    0.000000 	     0.000001 	     0.000001 
3200 	 15 	        0.564 	        0.510 	   1.00000 	   0.99998 	    0.000000 	     0.000001 	     0.000001 
3300 	 15 	        0.563 	        0.509 	   1.00000 	   0.99998 	    0.000000 	     0.000001 	     0.000001 
3400 	 15 	        0.561 	        0.508 	   1.00000 	   0.99998 	    0.000000 	     0.000001 	     0.000001 
3500 	 15 	        0.560 	        0.507 	   1.00000 	   0.99998 	    0.000000 	     0.000001 	     0.000001 
3600 	 15 	        0.558 	        0.506 	   1.00000 	   0.99998 	    0.000000 	     0.000001 	     0.000001 
3700 	 15 	        0.557 	        0.505 	   1.00000 	   0.99998 	    0.000000 	     0.000001 	     0.000001 
3800 	 15 	        0.556 	        0.505 	   1.00000 	   0.99998 	    0.000000 	     0.000001 	     0.000001 
3900 	 15 	        0.555 	        0.504 	   1.00000 	   0.99998 	    0.000000 	     0.000001 	     0.000001 
4000 	 15 	        0.553 	        0.503 	   1.00000 	   0.99998 	    0.000000 	     0.000001 	     0.000001 
4100 	 15 	        0.550 	        0.500 	   1.00000 	   0.99998 	    0.000000 	     0.000001 	     0.000001 
4200 	 15 	        0.549 	        0.499 	   1.00000 	   0.99998 	    0.000000 	     0.000001 	     0.000001 
4300 	 15 	        0.548 	        0.498 	   1.00000 	   0.99998 	    0.000000 	     0.000001 	     0.000001 
4400 	 15 	        0.547 	        0.497 	   1.00000 	   0.99998 	    0.000000 	     0.000001 	     0.000001 
4500 	 15 	        0.546 	        0.497 	   1.00000 	   0.99998 	    0.000000 	     0.000001 	     0.000001 
4600 	 15 	        0.545 	        0.496 	   1.00000 	   0.99998 	    0.000000 	     0.000001 	     0.000001 
4700 	 15 	        0.544 	        0.495 	   1.00000 	   0.99998 	    0.000000 	     0.000001 	     0.000001 
4800 	 15 	        0.543 	        0.495 	   1.00000 	   0.99998 	    0.000000 	     0.000001 	     0.000001 
4900 	 15 	        0.542 	        0.494 	   1.00000 	   0.99998 	    0.000000 	     0.000001 	     0.000001 
5000 	 15 	        0.541 	        0.494 	   1.00000 	   0.99998 	    0.000000 	     0.000001 	     0.000001 
5100 	 15 	        0.539 	        0.492 	   1.00000 	   0.99998 	    0.000000 	     0.000001 	     0.000001 
5200 	 15 	        0.538 	        0.491 	   1.00000 	   0.99998 	    0.000000 	     0.000001 	     0.000001 
5300 	 15 	        0.537 	        0.490 	   1.00000 	   0.99998 	    0.000000 	     0.000001 	     0.000001 
5400 	 15 	        0.536 	        0.490 	   1.00000 	   0.99998 	    0.000000 	     0.000001 	     0.000001 
5500 	 15 	        0.536 	        0.489 	   1.00000 	   0.99998 	    0.000000 	     0.000001 	     0.000001 
5600 	 15 	        0.535 	        0.489 	   1.00000 	   0.99998 	    0.000000 	     0.000001 	     0.000001 
5700 	 15 	        0.534 	        0.489 	   1.00000 	   0.99998 	    0.000000 	     0.000001 	     0.000001 
5800 	 15 	        0.534 	        0.488 	   1.00000 	   0.99998 	    0.000000 	     0.000001 	     0.000001 
5900 	 15 	        0.533 	        0.488 	   1.00000 	   0.99998 	    0.000000 	     0.000001 	     0.000001 
6000 	 15 	        0.532 	        0.487 	   1.00000 	   0.99998 	    0.000000 	     0.000001 	     0.000001 
6100 	 15 	        0.530 	        0.486 	   1.00000 	   0.99998 	    0.000000 	     0.000001 	     0.000001 
6200 	 15 	        0.530 	        0.485 	   1.00000 	   0.99998 	    0.000000 	     0.000001 	     0.000001 
6300 	 15 	        0.529 	        0.485 	   1.00000 	   0.99998 	    0.000000 	     0.000001 	     0.000001 
6400 	 15 	        0.529 	        0.484 	   1.00000 	   0.99998 	    0.000000 	     0.000001 	     0.000001 
6500 	 15 	        0.528 	        0.484 	   1.00000 	   0.99998 	    0.000000 	     0.000001 	     0.000001 
6600 	 15 	        0.527 	        0.484 	   1.00000 	   0.99998 	    0.000000 	     0.000001 	     0.000001 
6700 	 15 	        0.527 	        0.483 	   1.00000 	   0.99998 	    0.000000 	     0.000001 	     0.000001 
6800 	 15 	        0.526 	        0.483 	   1.00000 	   0.99998 	    0.000000 	     0.000001 	     0.000001 
6900 	 15 	        0.526 	        0.483 	   1.00000 	   0.99998 	    0.000000 	     0.000001 	     0.000001 
7000 	 15 	        0.525 	        0.482 	   1.00000 	   0.99998 	    0.000000 	     0.000001 	     0.000001 
7100 	 15 	        0.524 	        0.481 	   1.00000 	   0.99998 	    0.000000 	     0.000001 	     0.000001 
7200 	 15 	        0.523 	        0.481 	   1.00000 	   0.99998 	    0.000000 	     0.000001 	     0.000001 
7300 	 15 	        0.523 	        0.481 	   1.00000 	   0.99998 	    0.000000 	     0.000001 	     0.000001 
7400 	 15 	        0.522 	        0.480 	   1.00000 	   0.99998 	    0.000000 	     0.000001 	     0.000001 
7500 	 15 	        0.522 	        0.480 	   1.00000 	   0.99998 	    0.000000 	     0.000001 	     0.000001 
7600 	 15 	        0.521 	        0.480 	   1.00000 	   0.99998 	    0.000000 	     0.000001 	     0.000001 
7700 	 15 	        0.521 	        0.479 	   1.00000 	   0.99998 	    0.000000 	     0.000001 	     0.000001 
7800 	 15 	        0.520 	        0.479 	   1.00000 	   0.99998 	    0.000000 	     0.000001 	     0.000001 
7900 	 15 	        0.520 	        0.479 	   1.00000 	   0.99998 	    0.000000 	     0.000001 	     0.000001 
8000 	 15 	        0.520 	        0.479 	   1.00000 	   0.99998 	    0.000000 	     0.000001 	     0.000001 
8100 	 15 	        0.519 	        0.478 	   1.00000 	   0.99998 	    0.000000 	     0.000001 	     0.000001 
8200 	 15 	        0.518 	        0.477 	   1.00000 	   0.99998 	    0.000000 	     0.000001 	     0.000001 
8300 	 15 	        0.518 	        0.477 	   1.00000 	   0.99998 	    0.000000 	     0.000001 	     0.000001 
8400 	 15 	        0.517 	        0.477 	   1.00000 	   0.99998 	    0.000000 	     0.000001 	     0.000001 
8500 	 15 	        0.517 	        0.477 	   1.00000 	   0.99998 	    0.000000 	     0.000001 	     0.000001 
8600 	 15 	        0.516 	        0.476 	   1.00000 	   0.99998 	    0.000000 	     0.000001 	     0.000001 
8700 	 15 	        0.516 	        0.476 	   1.00000 	   0.99998 	    0.000000 	     0.000001 	     0.000001 
8800 	 15 	        0.516 	        0.476 	   1.00000 	   0.99998 	    0.000000 	     0.000001 	     0.000001 
8900 	 15 	        0.515 	        0.476 	   1.00000 	   0.99998 	    0.000000 	     0.000001 	     0.000001 
9000 	 15 	        0.515 	        0.475 	   1.00000 	   0.99998 	    0.000000 	     0.000001 	     0.000001 
9100 	 15 	        0.514 	        0.475 	   1.00000 	   0.99998 	    0.000000 	     0.000001 	     0.000001 
9200 	 15 	        0.514 	        0.475 	   1.00000 	   0.99998 	    0.000000 	     0.000001 	     0.000001 
9300 	 15 	        0.513 	        0.474 	   1.00000 	   0.99998 	    0.000000 	     0.000001 	     0.000001 
9400 	 15 	        0.513 	        0.474 	   1.00000 	   0.99998 	    0.000000 	     0.000001 	     0.000001 
9500 	 15 	        0.513 	        0.474 	   1.00000 	   0.99998 	    0.000000 	     0.000001 	     0.000001 
9600 	 15 	        0.512 	        0.474 	   1.00000 	   0.99998 	    0.000000 	     0.000001 	     0.000001 
9700 	 15 	        0.512 	        0.473 	   1.00000 	   0.99998 	    0.000000 	     0.000001 	     0.000001 
9800 	 15 	        0.512 	        0.473 	   1.00000 	   0.99998 	    0.000000 	     0.000001 	     0.000001 
9900 	 15 	        0.511 	        0.473 	   1.00000 	   0.99998 	    0.000000 	     0.000001 	     0.000001 
10000 	 15 	        0.511 	        0.473 	   1.00000 	   0.99998 	    0.000000 	     0.000001 	     0.000001 
10100 	 15 	        0.510 	        0.472 	   1.00000 	   0.99998 	    0.000000 	     0.000001 	     0.000001 
10200 	 15 	        0.510 	        0.472 	   1.00000 	   0.99998 	    0.000000 	     0.000001 	     0.000001 
10300 	 15 	        0.510 	        0.472 	   1.00000 	   0.99998 	    0.000000 	     0.000001 	     0.000001 
10400 	 15 	        0.509 	        0.472 	   1.00000 	   0.99998 	    0.000000 	     0.000001 	     0.000001 
10500 	 15 	        0.509 	        0.472 	   1.00000 	   0.99998 	    0.000000 	     0.000001 	     0.000001 
10600 	 15 	        0.509 	        0.471 	   1.00000 	   0.99998 	    0.000000 	     0.000001 	     0.000001 
10700 	 15 	        0.508 	        0.471 	   1.00000 	   0.99998 	    0.000000 	     0.000001 	     0.000001 
10800 	 15 	        0.508 	        0.471 	   1.00000 	   0.99998 	    0.000000 	     0.000001 	     0.000001 
10900 	 15 	        0.508 	        0.471 	   1.00000 	   0.99998 	    0.000000 	     0.000001 	     0.000001 
11000 	 15 	        0.507 	        0.471 	   1.00000 	   0.99998 	    0.000000 	     0.000001 	     0.000001 
11100 	 15 	        0.507 	        0.470 	   1.00000 	   0.99998 	    0.000000 	     0.000001 	     0.000001 
11200 	 15 	        0.507 	        0.470 	   1.00000 	   0.99998 	    0.000000 	     0.000001 	     0.000001 
11300 	 15 	        0.506 	        0.470 	   1.00000 	   0.99998 	    0.000000 	     0.000001 	     0.000001 
11400 	 15 	        0.506 	        0.470 	   1.00000 	   0.99998 	    0.000000 	     0.000001 	     0.000001 
11500 	 15 	        0.506 	        0.469 	   1.00000 	   0.99998 	    0.000000 	     0.000001 	     0.000001 
11600 	 15 	        0.505 	        0.469 	   1.00000 	   0.99998 	    0.000000 	     0.000001 	     0.000001 
11700 	 15 	        0.505 	        0.469 	   1.00000 	   0.99998 	    0.000000 	     0.000001 	     0.000001 
11800 	 15 	        0.505 	        0.469 	   1.00000 	   0.99998 	    0.000000 	     0.000001 	     0.000001 
11900 	 15 	        0.505 	        0.469 	   1.00000 	   0.99998 	    0.000000 	     0.000001 	     0.000001 
12000 	 15 	        0.504 	        0.469 	   1.00000 	   0.99998 	    0.000000 	     0.000001 	     0.000001 
12100 	 15 	        0.504 	        0.468 	   1.00000 	   0.99998 	    0.000000 	     0.000001 	     0.000001 
12200 	 15 	        0.504 	        0.468 	   1.00000 	   0.99998 	    0.000000 	     0.000001 	     0.000001 
12300 	 15 	        0.503 	        0.468 	   1.00000 	   0.99998 	    0.000000 	     0.000001 	     0.000001 
12400 	 15 	        0.503 	        0.468 	   1.00000 	   0.99998 	    0.000000 	     0.000001 	     0.000001 
12500 	 15 	        0.503 	        0.468 	   1.00000 	   0.99998 	    0.000000 	     0.000001 	     0.000001 
12600 	 15 	        0.502 	        0.467 	   1.00000 	   0.99998 	    0.000000 	     0.000001 	     0.000001 
12700 	 15 	        0.502 	        0.467 	   1.00000 	   0.99998 	    0.000000 	     0.000001 	     0.000001 
12800 	 15 	        0.502 	        0.467 	   1.00000 	   0.99998 	    0.000000 	     0.000001 	     0.000001 
12900 	 15 	        0.502 	        0.467 	   1.00000 	   0.99998 	    0.000000 	     0.000001 	     0.000001 
13000 	 15 	        0.501 	        0.467 	   1.00000 	   0.99998 	    0.000000 	     0.000001 	     0.000001 
13100 	 15 	        0.501 	        0.467 	   1.00000 	   0.99998 	    0.000000 	     0.000001 	     0.000001 
13200 	 15 	        0.501 	        0.466 	   1.00000 	   0.99998 	    0.000000 	     0.000001 	     0.000001 
13300 	 15 	        0.501 	        0.466 	   1.00000 	   0.99998 	    0.000000 	     0.000001 	     0.000001 
13400 	 15 	        0.500 	        0.466 	   1.00000 	   0.99998 	    0.000000 	     0.000001 	     0.000001 
13500 	 15 	        0.500 	        0.466 	   1.00000 	   0.99998 	    0.000000 	     0.000001 	     0.000001 
13600 	 15 	        0.500 	        0.466 	   1.00000 	   0.99998 	    0.000000 	     0.000001 	     0.000001 
13700 	 15 	        0.500 	        0.466 	   1.00000 	   0.99998 	    0.000000 	     0.000001 	     0.000001 
13800 	 15 	        0.499 	        0.466 	   1.00000 	   0.99998 	    0.000000 	     0.000001 	     0.000001 
13900 	 15 	        0.499 	        0.465 	   1.00000 	   0.99998 	    0.000000 	     0.000001 	     0.000001 
14000 	 15 	        0.499 	        0.465 	   1.00000 	   0.99998 	    0.000000 	     0.000001 	     0.000001 
14100 	 15 	        0.499 	        0.465 	   1.00000 	   0.99998 	    0.000000 	     0.000001 	     0.000001 
14200 	 15 	        0.498 	        0.465 	   1.00000 	   0.99998 	    0.000000 	     0.000001 	     0.000001 
14300 	 15 	        0.498 	        0.465 	   1.00000 	   0.99998 	    0.000000 	     0.000001 	     0.000001 
14400 	 15 	        0.498 	        0.465 	   1.00000 	   0.99998 	    0.000000 	     0.000001 	     0.000001 
14500 	 15 	        0.498 	        0.464 	   1.00000 	   0.99998 	    0.000000 	     0.000001 	     0.000001 
14600 	 15 	        0.497 	        0.464 	   1.00000 	   0.99998 	    0.000000 	     0.000001 	     0.000001 
14700 	 15 	        0.497 	        0.464 	   1.00000 	   0.99998 	    0.000000 	     0.000001 	     0.000001 
14800 	 15 	        0.497 	        0.464 	   1.00000 	   0.99998 	    0.000000 	     0.000001 	     0.000001 
14900 	 15 	        0.497 	        0.464 	   1.00000 	   0.99998 	    0.000000 	     0.000001 	     0.000001 
15000 	 15 	        0.497 	        0.464 	   1.00000 	   0.99998 	    0.000000 	     0.000001 	     0.000001 
15100 	 15 	        0.496 	        0.464 	   1.00000 	   0.99998 	    0.000000 	     0.000001 	     0.000001 
15200 	 15 	        0.496 	        0.463 	   1.00000 	   0.99998 	    0.000000 	     0.000001 	     0.000001 
15300 	 15 	        0.496 	        0.463 	   1.00000 	   0.99998 	    0.000000 	     0.000001 	     0.000001 
15400 	 15 	        0.496 	        0.463 	   1.00000 	   0.99998 	    0.000000 	     0.000001 	     0.000001 
15500 	 15 	        0.495 	        0.463 	   1.00000 	   0.99998 	    0.000000 	     0.000001 	     0.000001 
15600 	 15 	        0.495 	        0.463 	   1.00000 	   0.99998 	    0.000000 	     0.000001 	     0.000001 
15700 	 15 	        0.495 	        0.463 	   1.00000 	   0.99998 	    0.000000 	     0.000001 	     0.000001 
15800 	 15 	        0.495 	        0.463 	   1.00000 	   0.99998 	    0.000000 	     0.000001 	     0.000001 
15900 	 15 	        0.495 	        0.463 	   1.00000 	   0.99998 	    0.000000 	     0.000001 	     0.000001 
16000 	 15 	        0.494 	        0.463 	   1.00000 	   0.99998 	    0.000000 	     0.000001 	     0.000001 
16100 	 15 	        0.494 	        0.462 	   1.00000 	   0.99998 	    0.000000 	     0.000001 	     0.000001 
16200 	 15 	        0.494 	        0.462 	   1.00000 	   0.99998 	    0.000000 	     0.000001 	     0.000001 
16300 	 15 	        0.494 	        0.462 	   1.00000 	   0.99998 	    0.000000 	     0.000001 	     0.000001 
16400 	 15 	        0.494 	        0.462 	   1.00000 	   0.99998 	    0.000000 	     0.000001 	     0.000001 
16500 	 15 	        0.493 	        0.462 	   1.00000 	   0.99998 	    0.000000 	     0.000001 	     0.000001 
16600 	 15 	        0.493 	        0.462 	   1.00000 	   0.99998 	    0.000000 	     0.000001 	     0.000001 
16700 	 15 	        0.493 	        0.462 	   1.00000 	   0.99998 	    0.000000 	     0.000001 	     0.000001 
16800 	 15 	        0.493 	        0.462 	   1.00000 	   0.99998 	    0.000000 	     0.000001 	     0.000001 
16900 	 15 	        0.493 	        0.461 	   1.00000 	   0.99998 	    0.000000 	     0.000001 	     0.000001 
17000 	 15 	        0.493 	        0.461 	   1.00000 	   0.99998 	    0.000000 	     0.000001 	     0.000001 
17100 	 15 	        0.492 	        0.461 	   1.00000 	   0.99998 	    0.000000 	     0.000001 	     0.000001 
17200 	 15 	        0.492 	        0.461 	   1.00000 	   0.99998 	    0.000000 	     0.000001 	     0.000001 
17300 	 15 	        0.492 	        0.461 	   1.00000 	   0.99998 	    0.000000 	     0.000001 	     0.000001 
17400 	 15 	        0.492 	        0.461 	   1.00000 	   0.99998 	    0.000000 	     0.000001 	     0.000001 
17500 	 15 	        0.492 	        0.461 	   1.00000 	   0.99998 	    0.000000 	     0.000001 	     0.000001 
17600 	 15 	        0.491 	        0.461 	   1.00000 	   0.99998 	    0.000000 	     0.000001 	     0.000001 
17700 	 15 	        0.491 	        0.461 	   1.00000 	   0.99998 	    0.000000 	     0.000001 	     0.000001 
17800 	 15 	        0.491 	        0.460 	   1.00000 	   0.99998 	    0.000000 	     0.000001 	     0.000001 
17900 	 15 	        0.491 	        0.460 	   1.00000 	   0.99998 	    0.000000 	     0.000001 	     0.000001 
18000 	 15 	        0.491 	        0.460 	   1.00000 	   0.99998 	    0.000000 	     0.000001 	     0.000001 
18100 	 15 	        0.490 	        0.460 	   1.00000 	   0.99998 	    0.000000 	     0.000001 	     0.000001 
18200 	 15 	        0.490 	        0.460 	   1.00000 	   0.99998 	    0.000000 	     0.000001 	     0.000001 
18300 	 15 	        0.490 	        0.460 	   1.00000 	   0.99998 	    0.000000 	     0.000001 	     0.000001 
18400 	 15 	        0.490 	        0.460 	   1.00000 	   0.99998 	    0.000000 	     0.000001 	     0.000001 
18500 	 15 	        0.490 	        0.460 	   1.00000 	   0.99998 	    0.000000 	     0.000001 	     0.000001 
18600 	 15 	        0.490 	        0.460 	   1.00000 	   0.99998 	    0.000000 	     0.000001 	     0.000001 
18700 	 15 	        0.489 	        0.459 	   1.00000 	   0.99998 	    0.000000 	     0.000001 	     0.000001 
18800 	 15 	        0.489 	        0.459 	   1.00000 	   0.99998 	    0.000000 	     0.000001 	     0.000001 
18900 	 15 	        0.489 	        0.459 	   1.00000 	   0.99998 	    0.000000 	     0.000001 	     0.000001 
19000 	 15 	        0.489 	        0.459 	   1.00000 	   0.99998 	    0.000000 	     0.000001 	     0.000001 
19100 	 15 	        0.489 	        0.459 	   1.00000 	   0.99998 	    0.000000 	     0.000001 	     0.000001 
19200 	 15 	        0.489 	        0.459 	   1.00000 	   0.99998 	    0.000000 	     0.000001 	     0.000001 
19300 	 15 	        0.488 	        0.459 	   1.00000 	   0.99998 	    0.000000 	     0.000001 	     0.000001 
19400 	 15 	        0.488 	        0.459 	   1.00000 	   0.99998 	    0.000000 	     0.000001 	     0.000001 
19500 	 15 	        0.488 	        0.459 	   1.00000 	   0.99998 	    0.000000 	     0.000001 	     0.000001 
19600 	 15 	        0.488 	        0.459 	   1.00000 	   0.99998 	    0.000000 	     0.000001 	     0.000001 
19700 	 15 	        0.488 	        0.458 	   1.00000 	   0.99998 	    0.000000 	     0.000001 	     0.000001 
19800 	 15 	        0.488 	        0.458 	   1.00000 	   0.99998 	    0.000000 	     0.000001 	     0.000001 
19900 	 15 	        0.488 	        0.458 	   1.00000 	   0.99998 	    0.000000 	     0.000001 	     0.000001 
20000 	 15 	        0.487 	        0.458 	   1.00000 	   0.99998 	    0.000000 	     0.000001 	     0.000001 
100 	 16 	        0.543 	        0.517 	   1.00000 	   0.99998 	    0.000000 	     0.000001 	     0.000002 
