  1.1445e+001  3.3527e+000  9.1392e-001 -2.2443e-001 -3.7838e-001
 -1.7719e+000 -5.4439e-001  2.1783e+000 -8.3813e-001 -1.9178e+000
 -5.0980e+000 -4.0123e-001 -2.9089e+000 -1.6017e+000 -1.1568e-001
 -4.0946e-001
  3.9839e+000
 -3.66370234e+001 -3.66370094e+001  -3.66369743e+001 3.67888391e-001 3.67897107e-001  3.67902994e-001 5.55595861e+000 5.55598751e+000  5.55598813e+000 3.28667048e+000 3.28667077e+000  3.28667094e+000 2.81643399e+000 2.81644586e+000  2.81647039e+000
 -2.15126103e+001 -2.15125886e+001  -2.15125620e+001 -2.51597440e+000 -2.51597436e+000  -2.51597430e+000 -1.10213564e+001 -1.10212931e+001  -1.10211446e+001 1.46702166e+000 1.46702802e+000  1.46703952e+000 7.87428159e+000 7.87428116e+000  7.87428009e+000
 2.23432028e+001 2.23432356e+001  2.23433104e+001 1.52848414e+001 1.52848402e+001  1.52848402e+001 6.60231550e+000 6.60231598e+000  6.60231716e+000 -2.84583997e+000 -2.84586210e+000  -2.84587580e+000 -9.86799715e-001 -9.86805600e-001  -9.86818643e-001
 -2.10193660e-001 -2.10184702e-001  -2.10166729e-001
 -1.12239529e+001 -1.12239529e+001  -1.12239529e+001 -2.41019141e+000 -2.41019141e+000  -2.41019141e+000 7.10750725e+000 7.10750725e+000  7.10750725e+000 4.90405588e-001 4.90405588e-001  4.90405588e-001 -3.22454440e+000 -3.22454440e+000  -3.22454440e+000
 -7.42247946e+000 -7.42247946e+000  -7.42247946e+000 2.34438728e+000 2.34438728e+000  2.34438728e+000 -8.20519125e-001 -8.20519125e-001  -8.20519125e-001 -6.12304876e-001 -6.12304876e-001  -6.12304876e-001 3.48017702e+000 3.48017702e+000  3.48017702e+000
 5.06395412e+000 5.06395412e+000  5.06395412e+000 5.32786955e+000 5.32786955e+000  5.32786955e+000 6.02992265e-001 6.02992265e-001  6.02992265e-001 -2.24664472e-001 -2.24664472e-001  -2.24664472e-001 2.90068484e-001 2.90068484e-001  2.90068484e-001
 -1.81067605e-002 -1.81067605e-002  -1.81067605e-002
 5.74316622e+000 5.74329671e+000  5.74362226e+000 7.39483498e+000 7.39491590e+000  7.39497056e+000 -4.01040679e-002 -3.98363626e-002  -3.98323652e-002 1.60350851e+000 1.60351121e+000  1.60351283e+000 -2.51332543e+000 -2.51321838e+000  -2.51299877e+000
 1.50826009e+000 1.50845902e+000  1.50869941e+000 -2.34590299e+000 -2.34590262e+000  -2.34590201e+000 6.93559957e-001 6.94146763e-001  6.95526159e-001 -2.88187639e+000 -2.88181742e+000  -2.88171079e+000 -5.50580803e+000 -5.50581201e+000  -5.50582196e+000
 -9.06509937e-001 -9.06205301e-001  -9.05510848e-001 8.87875139e-001 8.87863561e-001  8.87863530e-001 -6.81022695e+000 -6.81022251e+000  -6.81021157e+000 -1.94932246e+000 -1.94952687e+000  -1.94965122e+000 -1.23489094e+000 -1.23494484e+000  -1.23506409e+000
 -5.48044386e-001 -5.47961526e-001  -5.47795427e-001
 -1.99673361e+000 -1.99673361e+000  -1.99673361e+000 -5.40256020e-001 -5.40256020e-001  -5.40256020e-001 -1.19840177e+000 -1.19840177e+000  -1.19840177e+000 7.47203018e-001 7.47203018e-001  7.47203018e-001 2.42511088e+000 2.42511088e+000  2.42511088e+000
 -6.14534261e+000 -6.14534261e+000  -6.14534261e+000 2.16753582e+000 2.16753582e+000  2.16753582e+000 2.28658798e+000 2.28658798e+000  2.28658798e+000 4.68214002e+000 4.68214002e+000  4.68214002e+000 3.70861139e+000 3.70861139e+000  3.70861139e+000
 2.32594696e+000 2.32594696e+000  2.32594696e+000 3.35753444e-001 3.35753444e-001  3.35753444e-001 1.97505795e+000 1.97505795e+000  1.97505795e+000 1.29072297e+000 1.29072297e+000  1.29072297e+000 2.08012566e-001 2.08012566e-001  2.08012566e-001
 -1.98077786e-002 -1.98077786e-002  -1.98077786e-002
 1.27011935e+001 1.27011935e+001  1.27011935e+001 -2.02064425e+000 -2.02064425e+000  -2.02064425e+000 1.64244698e+000 1.64244766e+000  1.64244938e+000 -2.81244829e+000 -2.81244829e+000  -2.81244829e+000 -6.37314077e-002 -6.37281802e-002  -6.37201116e-002
 1.58375963e+000 1.58376246e+000  1.58376952e+000 -1.19660084e+000 -1.19660084e+000  -1.19660083e+000 -2.38788803e+000 -2.38788798e+000  -2.38788786e+000 -3.61073070e+000 -3.61073062e+000  -3.61073041e+000 -2.61218197e+000 -2.61218198e+000  -2.61218200e+000
 -7.23411581e+000 -7.23411580e+000  -7.23411580e+000 -3.96326476e+000 -3.96326476e+000  -3.96326476e+000 -1.32783214e-001 -1.32783198e-001  -1.32783159e-001 -1.18962491e+000 -1.18962605e+000  -1.18962888e+000 4.96316625e-001 4.96315884e-001  4.96314029e-001
 -1.14530156e-001 -1.14529842e-001  -1.14529058e-001
 4.36034874e+000 4.36035187e+000  4.36035917e+000 6.65028980e-002 6.65509858e-002  6.65530936e-002 6.47387403e+000 6.47408727e+000  6.47408817e+000 5.07547998e+000 5.07548166e+000  5.07548177e+000 -2.49504968e-001 -2.49486103e-001  -2.49477338e-001
 -5.42261251e+000 -5.42252630e+000  -5.42251633e+000 -3.15894858e-001 -3.15894750e-001  -3.15894733e-001 -2.10733213e+000 -2.10729240e+000  -2.10726316e+000 -9.93152631e-003 -9.91749180e-003  -9.91504136e-003 -8.19033898e+000 -8.19033905e+000  -8.19033920e+000
 -1.31127800e+000 -1.31125004e+000  -1.31123383e+000 1.19868335e+001 1.19868243e+001  1.19868242e+001 1.93014343e+001 1.93014351e+001  1.93014369e+001 3.23501709e+000 3.23489163e+000  3.23488734e+000 -7.34399966e-001 -7.34406350e-001  -7.34409914e-001
 -6.39135655e-002 -6.38987946e-002  -6.38947081e-002
 -1.07829795e+001 -1.07828842e+001  -1.07826464e+001 -2.55192521e+001 -2.55192007e+001  -2.55191630e+001 -2.04531406e+001 -2.04529753e+001  -2.04529713e+001 2.06436717e+000 2.06436890e+000  2.06437006e+000 -1.74600727e+000 -1.74592952e+000  -1.74576467e+000
 1.52953550e+001 1.52954891e+001  1.52956661e+001 -7.97569756e+000 -7.97569731e+000  -7.97569686e+000 3.84982682e-001 3.85405601e-001  3.86408979e-001 -3.62607805e+000 -3.62603700e+000  -3.62595949e+000 -7.49610988e+000 -7.49611277e+000  -7.49611999e+000
 -1.70470587e+000 -1.70448755e+000  -1.70398308e+000 -1.01126167e+001 -1.01126238e+001  -1.01126239e+001 -1.19859661e+001 -1.19859630e+001  -1.19859555e+001 -5.84314781e-001 -5.84446870e-001  -5.84539132e-001 -1.20541253e-001 -1.20580243e-001  -1.20668181e-001
 -4.27455658e-001 -4.27397037e-001  -4.27275745e-001
 1.67600002e-001 1.67690299e-001  1.67915556e-001 2.25352860e-001 2.25410688e-001  2.25447765e-001 3.56073461e+000 3.56092989e+000  3.56093372e+000 -1.01743457e+001 -1.01743438e+001  -1.01743427e+001 -3.28210540e-001 -3.28133711e-001  -3.27976582e-001
 -2.47016869e+000 -2.47002563e+000  -2.46985504e+000 1.70369353e+000 1.70369379e+000  1.70369422e+000 -4.39062692e-001 -4.38653964e-001  -4.37695937e-001 4.98087559e-001 4.98129091e-001  4.98203220e-001 4.06555859e+000 4.06555579e+000  4.06554882e+000
 8.03702254e-001 8.03914124e-001  8.04394919e-001 -6.91638006e+000 -6.91638848e+000  -6.91638850e+000 9.75561179e+000 9.75561473e+000  9.75562193e+000 2.82952295e-001 2.82804485e-001  2.82716497e-001 -1.74794809e+000 -1.74798612e+000  -1.74806990e+000
 -3.41408433e-001 -3.41350195e-001  -3.41234489e-001
 5.67746346e+000 5.67753929e+000  5.67772847e+000 -3.36585649e+000 -3.36580736e+000  -3.36577645e+000 5.28112887e+000 5.28129577e+000  5.28129895e+000 -1.36975656e+001 -1.36975640e+001  -1.36975631e+001 -3.45878194e+000 -3.45871725e+000  -3.45858542e+000
 -4.18853328e+000 -4.18841208e+000  -4.18826902e+000 6.82325179e-001 6.82325403e-001  6.82325765e-001 6.29785090e-001 6.30129152e-001  6.30934772e-001 1.19485914e-001 1.19520997e-001  1.19583313e-001 1.95048295e+000 1.95048060e+000  1.95047472e+000
 -4.89768416e+000 -4.89750590e+000  -4.89710204e+000 -1.13262632e+001 -1.13262704e+001  -1.13262704e+001 9.46501763e+000 9.46502004e+000  9.46502598e+000 1.52494054e+000 1.52481471e+000  1.52474082e+000 -1.52611568e+000 -1.52614768e+000  -1.52621804e+000
 -3.24381465e-001 -3.24332348e-001  -3.24235106e-001
 8.42101882e+000 8.42101882e+000  8.42101882e+000 -4.62323160e+000 -4.62323160e+000  -4.62323160e+000 5.21026151e+000 5.21026151e+000  5.21026151e+000 -1.34842153e+000 -1.34842153e+000  -1.34842153e+000 -4.31168927e+000 -4.31168927e+000  -4.31168927e+000
 -1.35253129e+000 -1.35253129e+000  -1.35253129e+000 1.97075786e-001 1.97075786e-001  1.97075786e-001 2.15429305e+000 2.15429305e+000  2.15429305e+000 2.46254370e+000 2.46254370e+000  2.46254370e+000 -2.39019052e+000 -2.39019052e+000  -2.39019052e+000
 -4.10251036e+000 -4.10251036e+000  -4.10251036e+000 -2.30263018e+000 -2.30263018e+000  -2.30263018e+000 2.43993450e-001 2.43993450e-001  2.43993450e-001 1.13689089e+000 1.13689089e+000  1.13689089e+000 5.26765980e-001 5.26765980e-001  5.26765980e-001
 -1.44012546e-001 -1.44012546e-001  -1.44012546e-001
 1.71501955e+001 1.71501955e+001  1.71501955e+001 2.20857999e+000 2.20857999e+000  2.20857999e+000 -5.79752801e-001 -5.79752801e-001  -5.79752801e-001 -7.02530632e-001 -7.02530632e-001  -7.02530632e-001 1.31218021e+000 1.31218021e+000  1.31218021e+000
 5.31320451e-001 5.31320451e-001  5.31320451e-001 -1.46075724e-002 -1.46075724e-002  -1.46075724e-002 5.91306940e+000 5.91306940e+000  5.91306940e+000 -5.65192916e-001 -5.65192916e-001  -5.65192916e-001 -1.26825373e+000 -1.26825373e+000  -1.26825373e+000
 -8.66969846e+000 -8.66969846e+000  -8.66969846e+000 -1.76437915e+000 -1.76437915e+000  -1.76437915e+000 -1.40372962e+000 -1.40372962e+000  -1.40372962e+000 7.31723108e-001 7.31723108e-001  7.31723108e-001 2.92922948e-001 2.92922948e-001  2.92922948e-001
 -1.76719536e-002 -1.76719536e-002  -1.76719536e-002
 -4.24877769e+000 -4.24877769e+000  -4.24877769e+000 3.65396733e+000 3.65396733e+000  3.65396733e+000 -3.58188250e+000 -3.58188250e+000  -3.58188250e+000 9.78993050e-001 9.78993050e-001  9.78993050e-001 1.62077947e+000 1.62077947e+000  1.62077947e+000
 -1.41825951e+000 -1.41825951e+000  -1.41825951e+000 2.18098652e+000 2.18098652e+000  2.18098652e+000 -3.30115938e+000 -3.30115938e+000  -3.30115938e+000 -3.28754707e+000 -3.28754707e+000  -3.28754707e+000 -9.27320919e-002 -9.27320919e-002  -9.27320919e-002
 4.09848694e+000 4.09848694e+000  4.09848694e+000 5.05721128e-001 5.05721128e-001  5.05721128e-001 -5.04794381e-001 -5.04794381e-001  -5.04794381e-001 -1.65341377e+000 -1.65341377e+000  -1.65341377e+000 -4.58694428e-001 -4.58694428e-001  -4.58694428e-001
 -6.74235964e-002 -6.74235964e-002  -6.74235964e-002
 -4.74104146e+000 -4.74091098e+000  -4.74058543e+000 3.79502121e+000 3.79510213e+000  3.79515680e+000 -3.77649689e-001 -3.77381298e-001  -3.77375586e-001 9.43890877e-001 9.43893575e-001  9.43895196e-001 1.62708531e+000 1.62719559e+000  1.62742327e+000
 -3.46917709e-001 -3.46715952e-001  -3.46468502e-001 -3.20485478e+000 -3.20485440e+000  -3.20485378e+000 -3.57374205e+000 -3.57315519e+000  -3.57177567e+000 2.46563478e-001 2.46622531e-001  2.46729368e-001 7.52651341e-002 7.52611417e-002  7.52511721e-002
 3.65914367e+000 3.65944830e+000  3.66014276e+000 1.68838574e+000 1.68837416e+000  1.68837413e+000 -2.37005480e+000 -2.37005034e+000  -2.37003937e+000 -2.06342462e+000 -2.06363017e+000  -2.06375734e+000 -8.91556251e-001 -8.91610890e-001  -8.91731991e-001
 -4.53274225e-001 -4.53191051e-001  -4.53024167e-001
 -3.72001457e+000 -3.72289027e+000 -3.72861229e+000
 -2.22559824e+000 -2.22563616e+000 -2.22566133e+000
 -1.89917225e+000 -1.89940453e+000 -1.89940758e+000
 -9.67314274e+000 -9.67314301e+000 -9.67314318e+000
 -3.40779151e+000 -3.40782438e+000 -3.40789233e+000
 -2.04029499e+000 -2.04262472e+000 -2.04831011e+000
 -4.15650297e+000 -4.15650306e+000 -4.15650321e+000
 -1.68219163e+000 -1.68260850e+000 -1.68359660e+000
 -4.69656939e+000 -4.69658202e+000 -4.69660486e+000
 5.73436775e+000 5.73436705e+000 5.73436531e+000
 -4.20712707e+000 -4.20720156e+000 -4.20737165e+000
 2.67983909e+000 2.67983474e+000 2.67983473e+000
 -1.84690446e+000 -1.84750168e+000 -1.84752744e+000
 3.88348586e+000 3.88342970e+000 3.88339674e+000
 1.99932892e+000 1.99930130e+000 1.99924004e+000
 -3.10674270e-001 -3.10971449e-001 -3.11567728e-001
