 -1.0384e+001 -9.4768e+000  2.0691e+001 -1.2403e+001 -6.3109e-001
 -1.3376e+001 -9.2606e+000 -1.5682e+001 -3.6511e+001  7.2381e+000
 -2.0256e+001 -1.3732e+001 -5.0515e+000  1.9955e+001 -5.3605e+000
 -7.3527e-001
  3.3254e+000
 2.77207950e+001 2.77207950e+001  2.77207950e+001 3.30203086e+000 3.30203086e+000  3.30203086e+000 3.17973193e+000 3.17973193e+000  3.17973193e+000 -3.39198630e+001 -3.39198630e+001  -3.39198630e+001 -5.55140795e+001 -5.55140795e+001  -5.55140795e+001
 -2.52998335e+001 -2.52998335e+001  -2.52998335e+001 3.04174391e+001 3.04174391e+001  3.04174391e+001 7.80619228e-001 7.80619228e-001  7.80619228e-001 9.39577165e+000 9.39577165e+000  9.39577165e+000 -6.37521974e+001 -6.37521974e+001  -6.37521974e+001
 6.61607452e+001 6.61607452e+001  6.61607452e+001 2.45861647e+001 2.45861647e+001  2.45861647e+001 -2.09990129e+001 -2.09990129e+001  -2.09990129e+001 -1.23671173e+001 -1.23671173e+001  -1.23671173e+001 1.42283825e+001 1.42283825e+001  1.42283825e+001
 1.73202278e-001 1.73202278e-001  1.73202278e-001
 -1.63366819e+001 -1.63366819e+001  -1.63366819e+001 1.05294285e+001 1.05294278e+001  1.05294272e+001 -2.37666243e-001 -2.37666215e-001  -2.37666186e-001 -9.46645190e+000 -9.46645190e+000  -9.46645190e+000 -1.12318540e+000 -1.12318010e+000  -1.12317493e+000
 1.16375346e+001 1.16375345e+001  1.16375344e+001 3.22299550e+000 3.22299550e+000  3.22299551e+000 1.57356881e+001 1.57356885e+001  1.57356888e+001 5.29280566e+001 5.29280566e+001  5.29280566e+001 2.31347759e+000 2.31347759e+000  2.31347759e+000
 -1.32063938e+001 -1.32063938e+001  -1.32063938e+001 7.98444283e+000 7.98444263e+000  7.98444246e+000 -1.01325832e+001 -1.01325832e+001  -1.01325832e+001 -2.47157908e+001 -2.47157908e+001  -2.47157908e+001 -1.37654991e+000 -1.37654992e+000  -1.37654994e+000
 -1.85402769e+000 -1.85403370e+000  -1.85403963e+000
 5.20549069e-001 5.20549069e-001  5.20549069e-001 2.23859879e+000 2.23859822e+000  2.23859772e+000 -3.99771041e+001 -3.99771041e+001  -3.99771040e+001 1.21168143e+001 1.21168143e+001  1.21168143e+001 3.46841271e+000 3.46841706e+000  3.46842136e+000
 9.86747746e+000 9.86747736e+000  9.86747727e+000 1.07691520e+000 1.07691520e+000  1.07691521e+000 8.07911620e+000 8.07911648e+000  8.07911672e+000 7.97849551e+000 7.97849551e+000  7.97849551e+000 6.03485349e+000 6.03485349e+000  6.03485349e+000
 1.83565262e+001 1.83565262e+001  1.83565262e+001 8.19838245e+000 8.19838229e+000  8.19838215e+000 1.11166760e+001 1.11166760e+001  1.11166760e+001 -1.57421182e+001 -1.57421182e+001  -1.57421183e+001 -1.45356781e+000 -1.45356782e+000  -1.45356784e+000
 -6.09714119e-001 -6.09719047e-001  -6.09723979e-001
 1.55592940e+000 1.55592940e+000  1.55592940e+000 1.68752383e+000 1.68752340e+000  1.68752303e+000 -3.81498368e+001 -3.81498368e+001  -3.81498368e+001 1.73927190e+001 1.73927190e+001  1.73927190e+001 5.87850670e+000 5.87850994e+000  5.87851315e+000
 1.33345165e+001 1.33345164e+001  1.33345164e+001 2.27185233e+000 2.27185234e+000  2.27185234e+000 1.06059277e+001 1.06059280e+001  1.06059281e+001 9.64741752e+000 9.64741752e+000  9.64741752e+000 5.91593621e+000 5.91593621e+000  5.91593621e+000
 2.13098043e+001 2.13098043e+001  2.13098043e+001 9.11659395e+000 9.11659383e+000  9.11659372e+000 1.77729119e+001 1.77729119e+001  1.77729119e+001 -1.15048375e+001 -1.15048376e+001  -1.15048376e+001 -1.26738962e+000 -1.26738963e+000  -1.26738964e+000
 -5.25869394e-001 -5.25873074e-001  -5.25876754e-001
 -1.22175504e+001 -1.22175504e+001  -1.22175504e+001 -9.52316704e+000 -9.52316704e+000  -9.52316704e+000 3.24170423e+001 3.24170423e+001  3.24170423e+001 4.81349502e+000 4.81349502e+000  4.81349502e+000 -7.34966092e+000 -7.34966092e+000  -7.34966092e+000
 -7.47098679e+000 -7.47098679e+000  -7.47098679e+000 -5.56808538e+000 -5.56808538e+000  -5.56808538e+000 -7.92319318e+000 -7.92319318e+000  -7.92319318e+000 -1.98826056e+001 -1.98826056e+001  -1.98826056e+001 -1.92499374e+001 -1.92499374e+001  -1.92499374e+001
 -4.52083767e+000 -4.52083767e+000  -4.52083767e+000 -5.43447043e+000 -5.43447043e+000  -5.43447043e+000 1.12915712e+001 1.12915712e+001  1.12915712e+001 2.17247599e+001 2.17247599e+001  2.17247599e+001 4.13343592e-001 4.13343592e-001  4.13343592e-001
 1.59344424e-001 1.59344424e-001  1.59344424e-001
 1.56642230e+001 1.56642230e+001  1.56642230e+001 -5.66315403e-001 -5.66315403e-001  -5.66315403e-001 -1.21392146e+001 -1.21392146e+001  -1.21392146e+001 -1.21870720e+001 -1.21870720e+001  -1.21870720e+001 9.84244043e+000 9.84244043e+000  9.84244043e+000
 6.23857294e-001 6.23857294e-001  6.23857294e-001 -3.93891811e+000 -3.93891811e+000  -3.93891811e+000 -5.03930814e+000 -5.03930814e+000  -5.03930814e+000 -5.83763408e+000 -5.83763408e+000  -5.83763408e+000 2.59823366e+001 2.59823366e+001  2.59823366e+001
 -1.99945013e+001 -1.99945013e+001  -1.99945013e+001 -1.46724935e+000 -1.46724935e+000  -1.46724935e+000 -9.00843675e+000 -9.00843675e+000  -9.00843675e+000 2.43936293e+000 2.43936293e+000  2.43936293e+000 -4.25955924e+000 -4.25955924e+000  -4.25955924e+000
 -5.15270655e-001 -5.15270655e-001  -5.15270655e-001
 -1.03156197e+001 -1.03156197e+001  -1.03156197e+001 -5.99262841e+000 -5.99262946e+000  -5.99263039e+000 5.77711487e+000 5.77711492e+000  5.77711496e+000 -1.15840323e+001 -1.15840323e+001  -1.15840323e+001 -7.50348124e+000 -7.50347315e+000  -7.50346515e+000
 -1.23600348e+001 -1.23600349e+001  -1.23600351e+001 -6.63134179e+000 -6.63134178e+000  -6.63134178e+000 -1.09571729e+001 -1.09571723e+001  -1.09571719e+001 -2.26775183e+001 -2.26775183e+001  -2.26775183e+001 3.55657453e+000 3.55657453e+000  3.55657453e+000
 -6.68982435e+000 -6.68982435e+000  -6.68982435e+000 -6.91138495e+000 -6.91138524e+000  -6.91138551e+000 -1.32462092e+001 -1.32462092e+001  -1.32462092e+001 2.91040226e-001 2.91040192e-001  2.91040151e-001 -3.61845858e+000 -3.61845860e+000  -3.61845863e+000
 -8.69526637e-001 -8.69535802e-001  -8.69544984e-001
 4.66666667e-001 4.66666667e-001  4.66666667e-001 5.33333333e-001 5.33333333e-001  5.33333333e-001 6.00000000e-001 6.00000000e-001  6.00000000e-001 6.66666667e-001 6.66666667e-001  6.66666667e-001 7.33333333e-001 7.33333333e-001  7.33333333e-001
 8.00000000e-001 8.00000000e-001  8.00000000e-001 8.66666667e-001 8.66666667e-001  8.66666667e-001 9.33333333e-001 9.33333333e-001  9.33333333e-001 1.00000000e+000 1.00000000e+000  1.00000000e+000 1.06666667e+000 1.06666667e+000  1.06666667e+000
 1.13333333e+000 1.13333333e+000  1.13333333e+000 0.00000000e+000 0.00000000e+000  0.00000000e+000 0.00000000e+000 0.00000000e+000  0.00000000e+000 0.00000000e+000 0.00000000e+000  0.00000000e+000 0.00000000e+000 0.00000000e+000  0.00000000e+000
 0.00000000e+000 0.00000000e+000  0.00000000e+000
 -2.33309945e+000 -2.33309945e+000 -2.33309945e+000
 4.26826365e+000 4.26826340e+000 4.26826318e+000
 -7.95956801e+000 -7.95956802e+000 -7.95956803e+000
 -5.09765063e-001 -5.09765063e-001 -5.09765063e-001
 -4.36417885e+000 -4.36418072e+000 -4.36418257e+000
 1.57818987e+000 1.57818976e+000 1.57818966e+000
 -6.88578238e+000 -6.88578238e+000 -6.88578238e+000
 -6.02698324e+000 -6.02698333e+000 -6.02698340e+000
 -2.15731886e+000 -2.15731886e+000 -2.15731886e+000
 -2.50906547e+000 -2.50926209e+000 -2.50945582e+000
 -2.87031145e+000 -2.87031145e+000 -2.87031145e+000
 2.32102146e+000 2.32102133e+000 2.32102122e+000
 5.57024979e-001 5.57024977e-001 5.57024976e-001
 1.41314907e+000 1.41314905e+000 1.41314902e+000
 8.54583105e+000 8.54583105e+000 8.54583104e+000
 1.43541596e+000 1.43540936e+000 1.43540273e+000
