  1.0862e+001 -2.5839e+000 -3.5903e+000 -5.8274e-001  1.0855e+000
 -8.3349e-001 -1.2332e-001 -5.1669e+000 -5.1117e-001 -3.3516e+000
  1.0550e+001 -2.7320e+000 -2.4240e+000  4.9811e-001 -1.6744e+000
 -2.4031e-001
  5.0162e+000
 8.37857794e+000 8.37857523e+000  8.37857254e+000 -1.35937301e+000 -1.35937301e+000  -1.35937302e+000 2.90153459e+000 2.90153452e+000  2.90153444e+000 -8.83554338e-001 -8.83554338e-001  -8.83554338e-001 -9.31086417e+000 -9.31086417e+000  -9.31086417e+000
 -1.03479181e+001 -1.03479181e+001  -1.03479181e+001 2.09392094e+000 2.09391673e+000  2.09391242e+000 2.92186560e+000 2.92196196e+000  2.92205884e+000 -7.11659284e-001 -7.11785312e-001  -7.11913108e-001 -3.63447126e+000 -3.63451491e+000  -3.63455960e+000
 1.06237930e+001 1.06237930e+001  1.06237930e+001 -1.74513946e+000 -1.74513947e+000  -1.74513948e+000 4.56228806e+000 4.56227788e+000  4.56226645e+000 -2.14660776e+000 -2.14660950e+000  -2.14661131e+000 2.37712211e+000 2.37711867e+000  2.37711519e+000
 4.54789367e-001 4.54708863e-001  4.54627479e-001
 2.52874366e+000 2.52874366e+000  2.52874366e+000 -6.59539115e+000 -6.59539115e+000  -6.59539115e+000 6.86223206e+000 6.86223206e+000  6.86223206e+000 8.51285080e+000 8.51285080e+000  8.51285080e+000 -9.20112582e+000 -9.20112582e+000  -9.20112582e+000
 -1.91438164e+001 -1.91438164e+001  -1.91438164e+001 3.90793179e+000 3.90793179e+000  3.90793179e+000 -2.65512420e+001 -2.65512420e+001  -2.65512420e+001 -5.93497498e+000 -5.93497498e+000  -5.93497498e+000 -2.40660831e+000 -2.40660831e+000  -2.40660831e+000
 7.48248614e+000 7.48248614e+000  7.48248614e+000 -8.06005274e+000 -8.06005274e+000  -8.06005274e+000 -4.01150390e+000 -4.01150390e+000  -4.01150390e+000 -2.25441940e+000 -2.25441940e+000  -2.25441940e+000 -2.64941602e+000 -2.64941602e+000  -2.64941602e+000
 -2.78223459e-001 -2.78223459e-001  -2.78223459e-001
 5.62599781e+000 5.62599781e+000  5.62599781e+000 5.61826436e+000 5.61826436e+000  5.61826436e+000 4.77995612e+000 4.77995612e+000  4.77995612e+000 5.64835823e+000 5.64835823e+000  5.64835823e+000 6.66792169e+000 6.66792169e+000  6.66792169e+000
 1.37362484e+001 1.37362484e+001  1.37362484e+001 -7.59490669e+000 -7.59490669e+000  -7.59490669e+000 8.44531244e+000 8.44531244e+000  8.44531244e+000 6.55215564e-001 6.55215564e-001  6.55215564e-001 -4.43737306e+000 -4.43737306e+000  -4.43737306e+000
 1.47788337e+001 1.47788337e+001  1.47788337e+001 8.42740481e+000 8.42740481e+000  8.42740481e+000 -3.07073388e-001 -3.07073389e-001  -3.07073391e-001 7.59856135e+000 7.59856135e+000  7.59856135e+000 -1.66909530e+000 -1.66909530e+000  -1.66909531e+000
 -1.96631857e-001 -1.96631877e-001  -1.96631929e-001
 1.01012207e+001 1.01012207e+001  1.01012207e+001 6.37107074e+000 6.37107074e+000  6.37107074e+000 -1.14139893e+001 -1.14139893e+001  -1.14139893e+001 -1.35789531e+001 -1.35789531e+001  -1.35789531e+001 6.26725632e+000 6.26725632e+000  6.26725632e+000
 1.40582576e+001 1.40582576e+001  1.40582576e+001 -1.61381468e+001 -1.61381468e+001  -1.61381468e+001 7.25004772e-001 7.25004772e-001  7.25004772e-001 8.09880479e+000 8.09880479e+000  8.09880479e+000 7.40584966e+000 7.40584966e+000  7.40584966e+000
 -1.45186869e+001 -1.45186869e+001  -1.45186869e+001 -1.36787129e+000 -1.36787129e+000  -1.36787129e+000 -4.02441611e+000 -4.02441611e+000  -4.02441611e+000 -1.26716165e+000 -1.26716165e+000  -1.26716165e+000 1.34592099e+000 1.34592099e+000  1.34592099e+000
 -2.74825229e-001 -2.74825229e-001  -2.74825229e-001
 -1.53614907e+001 -1.53614907e+001  -1.53614907e+001 -8.08126482e+000 -8.08126482e+000  -8.08126482e+000 -8.56893355e+000 -8.56893355e+000  -8.56893355e+000 -2.45318619e+000 -2.45318619e+000  -2.45318619e+000 7.99826844e+000 7.99826844e+000  7.99826844e+000
 -7.48992445e-001 -7.48992445e-001  -7.48992445e-001 1.65082080e+001 1.65082080e+001  1.65082080e+001 7.26128578e+000 7.26128578e+000  7.26128578e+000 -3.07528390e+000 -3.07528390e+000  -3.07528390e+000 -1.70757963e+000 -1.70757963e+000  -1.70757963e+000
 -7.79614986e+000 -7.79614986e+000  -7.79614986e+000 -1.01478866e+000 -1.01478866e+000  -1.01478866e+000 2.59415091e-001 2.59415091e-001  2.59415091e-001 -1.27928674e+000 -1.27928674e+000  -1.27928674e+000 -1.49465983e+000 -1.49465983e+000  -1.49465983e+000
 -1.05685515e-001 -1.05685515e-001  -1.05685515e-001
 -1.06827103e+001 -1.06827131e+001  -1.06827157e+001 -4.83962409e+000 -4.83962409e+000  -4.83962409e+000 -8.27801056e+000 -8.27801063e+000  -8.27801070e+000 5.33698922e+000 5.33698922e+000  5.33698922e+000 1.33287016e+000 1.33287016e+000  1.33287016e+000
 2.51340813e+001 2.51340813e+001  2.51340813e+001 -1.78438957e+000 -1.78439378e+000  -1.78439808e+000 2.43145333e+001 2.43146297e+001  2.43147266e+001 2.12584653e+000 2.12572051e+000  2.12559271e+000 5.90835184e+000 5.90830818e+000  5.90826349e+000
 -5.47317360e+000 -5.47317360e+000  -5.47317360e+000 -1.89163120e+000 -1.89163121e+000  -1.89163122e+000 -7.98989874e-001 -7.99000053e-001  -7.99011482e-001 -2.72126390e-001 -2.72128126e-001  -2.72129943e-001 -3.18340993e+000 -3.18341337e+000  -3.18341685e+000
 -4.12077428e-001 -4.12157933e-001  -4.12239316e-001
 -2.81060289e+000 -2.81060289e+000  -2.81060289e+000 -9.47380550e+000 -9.47380550e+000  -9.47380550e+000 -3.85569182e+000 -3.85569182e+000  -3.85569182e+000 -5.10254919e-001 -5.10254919e-001  -5.10254919e-001 5.30384115e+000 5.30384115e+000  5.30384115e+000
 -3.96029073e+000 -3.96029073e+000  -3.96029073e+000 7.42470372e+000 7.42470372e+000  7.42470372e+000 -7.91697574e+000 -7.91697574e+000  -7.91697574e+000 -1.24038686e+000 -1.24038686e+000  -1.24038686e+000 5.79432845e+000 5.79432845e+000  5.79432845e+000
 -4.59446310e+000 -4.59446310e+000  -4.59446310e+000 -6.06776032e+000 -6.06776032e+000  -6.06776032e+000 -2.74835507e+000 -2.74835507e+000  -2.74835507e+000 -3.04180485e+000 -3.04180485e+000  -3.04180485e+000 -3.82516947e+000 -3.82516947e+000  -3.82516947e+000
 7.92733352e-003 7.92733352e-003  7.92733352e-003
 9.70916293e+000 9.70916293e+000  9.70916293e+000 1.34806673e+001 1.34806673e+001  1.34806673e+001 -5.35461128e+000 -5.35461128e+000  -5.35461128e+000 -3.96977497e+000 -3.96977497e+000  -3.96977497e+000 -5.97470858e+000 -5.97470858e+000  -5.97470858e+000
 5.22693029e+000 5.22693029e+000  5.22693029e+000 2.17834844e+001 2.17834844e+001  2.17834844e+001 -1.12479512e+001 -1.12479512e+001  -1.12479512e+001 -1.07478496e+001 -1.07478496e+001  -1.07478496e+001 -4.40578564e+000 -4.40578564e+000  -4.40578564e+000
 -2.05119333e+000 -2.05119333e+000  -2.05119333e+000 -8.47142559e+000 -8.47142559e+000  -8.47142559e+000 3.82586476e+000 3.82586476e+000  3.82586476e+000 -5.75343674e+000 -5.75343674e+000  -5.75343674e+000 -6.23600234e-002 -6.23600234e-002  -6.23600234e-002
 6.05470411e-002 6.05470411e-002  6.05470411e-002
 -6.19805257e+000 -6.19805257e+000  -6.19805257e+000 4.87761723e+000 4.87761723e+000  4.87761723e+000 1.76874193e+001 1.76874193e+001  1.76874193e+001 -9.09489119e+000 -9.09489119e+000  -9.09489119e+000 2.29287133e-001 2.29287133e-001  2.29287133e-001
 -1.27030712e+001 -1.27030712e+001  -1.27030712e+001 -7.36608678e+000 -7.36608678e+000  -7.36608678e+000 3.27954561e-001 3.27954561e-001  3.27954561e-001 6.43407240e-001 6.43407240e-001  6.43407240e-001 6.38827469e+000 6.38827469e+000  6.38827469e+000
 1.73200570e+001 1.73200570e+001  1.73200570e+001 -2.82597769e+000 -2.82597769e+000  -2.82597769e+000 7.72059975e+000 7.72059975e+000  7.72059975e+000 -5.82760848e+000 -5.82760848e+000  -5.82760848e+000 1.92757705e+000 1.92757705e+000  1.92757705e+000
 -1.76070382e-001 -1.76070382e-001  -1.76070382e-001
 8.33670987e+000 8.33670987e+000  8.33670987e+000 -5.46950727e+000 -5.46950727e+000  -5.46950727e+000 -2.72297644e+000 -2.72297644e+000  -2.72297644e+000 -7.40406167e+000 -7.40406167e+000  -7.40406167e+000 -7.78200345e-001 -7.78200345e-001  -7.78200345e-001
 -2.53166515e+001 -2.53166515e+001  -2.53166515e+001 1.37843985e+000 1.37843985e+000  1.37843985e+000 -5.15740132e-002 -5.15740132e-002  -5.15740132e-002 -3.23541374e-001 -3.23541374e-001  -3.23541374e-001 -9.51681625e+000 -9.51681625e+000  -9.51681625e+000
 6.91491567e+000 6.91491567e+000  6.91491567e+000 8.85986584e+000 8.85986584e+000  8.85986584e+000 -8.55382271e+000 -8.55382271e+000  -8.55382271e+000 5.97659707e+000 5.97659707e+000  5.97659707e+000 -4.50699851e-002 -4.50699851e-002  -4.50699851e-002
 1.93288447e-001 1.93288447e-001  1.93288447e-001
 1.42195450e+001 1.42195450e+001  1.42195450e+001 -3.78246874e+000 -3.78246874e+000  -3.78246874e+000 -9.06887915e+000 -9.06887915e+000  -9.06887915e+000 2.68488729e+000 2.68488729e+000  2.68488729e+000 8.35781971e+000 8.35781971e+000  8.35781971e+000
 1.28280160e+000 1.28280160e+000  1.28280160e+000 -5.66185490e+000 -5.66185490e+000  -5.66185490e+000 -6.54528118e+000 -6.54528118e+000  -6.54528118e+000 2.58146708e+000 2.58146708e+000  2.58146708e+000 -1.98037392e+000 -1.98037392e+000  -1.98037392e+000
 2.56675465e+000 2.56675465e+000  2.56675464e+000 1.91807328e+000 1.91807328e+000  1.91807328e+000 -2.61391741e+000 -2.61391741e+000  -2.61391741e+000 -2.95083444e-001 -2.95083444e-001  -2.95083446e-001 1.88901127e+000 1.88901126e+000  1.88901125e+000
 -7.67489936e-002 -7.67490142e-002  -7.67490658e-002
 -9.91217925e-001 -9.91217925e-001  -9.91217925e-001 1.54063753e+000 1.54063753e+000  1.54063753e+000 6.60418582e+000 6.60418582e+000  6.60418582e+000 1.07236833e+001 1.07236833e+001  1.07236833e+001 -5.45796552e+000 -5.45796552e+000  -5.45796552e+000
 8.55189220e+000 8.55189220e+000  8.55189220e+000 -1.62649510e+001 -1.62649510e+001  -1.62649510e+001 -5.27571504e+000 -5.27571504e+000  -5.27571504e+000 6.86634902e+000 6.86634902e+000  6.86634902e+000 -6.96816176e+000 -6.96816176e+000  -6.96816176e+000
 -4.11262129e+000 -4.11262129e+000  -4.11262129e+000 4.71840834e+000 4.71840834e+000  4.71840834e+000 -3.52669694e-001 -3.52669694e-001  -3.52669694e-001 9.86454863e+000 9.86454863e+000  9.86454863e+000 1.20929305e+000 1.20929305e+000  1.20929305e+000
 2.55729000e-003 2.55729000e-003  2.55729000e-003
 -7.98179301e+000 -7.98179301e+000  -7.98179301e+000 -8.45727133e+000 -8.45727133e+000  -8.45727133e+000 6.09006555e+000 6.09006555e+000  6.09006555e+000 -7.84999925e+000 -7.84999925e+000  -7.84999925e+000 -7.02180004e+000 -7.02180004e+000  -7.02180004e+000
 -1.17768331e+001 -1.17768331e+001  -1.17768331e+001 -2.44934345e+000 -2.44934345e+000  -2.44934345e+000 3.26695378e+000 3.26695378e+000  3.26695378e+000 -5.68063066e+000 -5.68063066e+000  -5.68063066e+000 1.57221593e+000 1.57221593e+000  1.57221593e+000
 -7.04374096e+000 -7.04374096e+000  -7.04374096e+000 -5.30236960e-001 -5.30236960e-001  -5.30236960e-001 -1.11685819e+000 -1.11685819e+000  -1.11685819e+000 -4.68780338e-001 -4.68780338e-001  -4.68780338e-001 4.09297148e-002 4.09297148e-002  4.09297148e-002
 1.01349330e-001 1.01349330e-001  1.01349330e-001
 9.25292999e+000 9.25292999e+000  9.25292999e+000 1.76495489e+000 1.76495489e+000  1.76495489e+000 -1.12480623e+001 -1.12480623e+001  -1.12480623e+001 7.89298269e+000 7.89298269e+000  7.89298269e+000 -6.06719492e+000 -6.06719492e+000  -6.06719493e+000
 4.39871420e+000 4.39871420e+000  4.39871420e+000 2.43812869e+000 2.43812869e+000  2.43812869e+000 7.04325924e+000 7.04325924e+000  7.04325924e+000 2.99198067e+000 2.99198067e+000  2.99198067e+000 -4.68336765e+000 -4.68336765e+000  -4.68336765e+000
 5.31686967e+000 5.31686967e+000  5.31686967e+000 -2.62165170e+000 -2.62165170e+000  -2.62165170e+000 2.89700540e-001 2.89700539e-001  2.89700537e-001 1.50763022e+000 1.50763022e+000  1.50763022e+000 -7.88427470e-001 -7.88427473e-001  -7.88427480e-001
 -2.54489566e-001 -2.54489586e-001  -2.54489638e-001
 3.27240088e+000 3.27239818e+000  3.27239549e+000 -7.11724564e+000 -7.11724564e+000  -7.11724564e+000 -3.00654833e+000 -3.00654840e+000  -3.00654847e+000 -1.07587437e+000 -1.07587437e+000  -1.07587437e+000 -6.92144938e+000 -6.92144938e+000  -6.92144938e+000
 -2.45191079e+001 -2.45191079e+001  -2.45191079e+001 6.05906387e+000 6.05905966e+000  6.05905535e+000 -2.26782378e+001 -2.26781415e+001  -2.26780446e+001 -2.75989768e+000 -2.76002371e+000  -2.76015150e+000 1.12924171e+000 1.12919806e+000  1.12915337e+000
 -1.22877580e+001 -1.22877580e+001  -1.22877580e+001 -4.40960231e+000 -4.40960232e+000  -4.40960233e+000 2.11786864e+000 2.11785846e+000  2.11784703e+000 2.48271930e-001 2.48270195e-001  2.48268378e-001 -1.36455227e+000 -1.36455571e+000  -1.36455919e+000
 -1.24858316e-001 -1.24938821e-001  -1.25020205e-001
 -8.16066697e-001 -8.16066697e-001  -8.16066697e-001 1.80696938e+000 1.80696938e+000  1.80696938e+000 9.38194075e+000 9.38194075e+000  9.38194075e+000 -8.93990495e+000 -8.93990495e+000  -8.93990495e+000 1.61069464e+001 1.61069464e+001  1.61069464e+001
 1.84361762e+001 1.84361762e+001  1.84361762e+001 -8.89302423e+000 -8.89302423e+000  -8.89302423e+000 9.32952398e+000 9.32952398e+000  9.32952398e+000 -2.42504270e-001 -2.42504270e-001  -2.42504270e-001 -1.22605666e+000 -1.22605666e+000  -1.22605666e+000
 1.75411644e+001 1.75411644e+001  1.75411644e+001 3.27080666e+000 3.27080666e+000  3.27080666e+000 -5.92885943e+000 -5.92885943e+000  -5.92885943e+000 -1.10481635e+000 -1.10481635e+000  -1.10481635e+000 6.28516971e-002 6.28516971e-002  6.28516971e-002
 -2.12288099e-002 -2.12288099e-002  -2.12288099e-002
 -1.81193225e+001 -1.81193225e+001  -1.81193225e+001 3.07029975e+001 3.07029975e+001  3.07029975e+001 1.94300688e+001 1.94300688e+001  1.94300688e+001 -5.84238404e+000 -5.84238404e+000  -5.84238404e+000 -8.50021580e+000 -8.50021580e+000  -8.50021580e+000
 1.19906588e+000 1.19906588e+000  1.19906588e+000 -2.89209999e+001 -2.89210000e+001  -2.89210000e+001 -8.38015602e+001 -8.38015597e+001  -8.38015592e+001 -4.83882149e+001 -4.83882155e+001  -4.83882162e+001 1.11420300e+001 1.11420298e+001  1.11420296e+001
 2.09546181e+001 2.09546181e+001  2.09546181e+001 9.75814020e+000 9.75814020e+000  9.75814020e+000 -3.17723332e+000 -3.17723338e+000  -3.17723344e+000 2.35609614e-001 2.35609605e-001  2.35609595e-001 -2.47422938e+000 -2.47422940e+000  -2.47422942e+000
 -1.08322874e-001 -1.08323307e-001  -1.08323754e-001
 -1.18738013e+001 -1.18738023e+001  -1.18738034e+001 4.39154266e-002 4.39154262e-002  4.39154258e-002 7.94123276e-002 7.94122999e-002  7.94122726e-002 6.36721185e+000 6.36721185e+000  6.36721185e+000 9.54197525e-001 9.54197524e-001  9.54197524e-001
 2.36840799e+001 2.36840799e+001  2.36840799e+001 -4.92816641e-001 -4.92818209e-001  -4.92819830e-001 -3.18897410e-001 -3.18861601e-001  -3.18825264e-001 5.66683032e-001 5.66636147e-001  5.66588082e-001 -4.42737784e-001 -4.42754024e-001  -4.42770833e-001
 9.29749439e+000 9.29749438e+000  9.29749438e+000 -2.16857552e-001 -2.16857557e-001  -2.16857562e-001 -3.32294999e-001 -3.32298819e-001  -3.32303193e-001 -5.67138313e+000 -5.67138377e+000  -5.67138445e+000 1.23274967e+000 1.23274839e+000  1.23274708e+000
 -5.11203660e-001 -5.11233597e-001  -5.11264176e-001
 -4.35376783e+000 -4.35376965e+000  -4.35377143e+000 1.86283482e+000 1.86283482e+000  1.86283482e+000 1.73452283e+000 1.73452278e+000  1.73452273e+000 -2.24219865e+001 -2.24219865e+001  -2.24219865e+001 -1.14386606e+000 -1.14386606e+000  -1.14386606e+000
 -1.04352638e+001 -1.04352638e+001  -1.04352638e+001 -2.97819476e-004 -3.00653621e-004  -3.03511461e-004 -6.72725267e-001 -6.72660359e-001  -6.72595950e-001 -9.71121817e-001 -9.71206661e-001  -9.71291539e-001 -1.23981058e+000 -1.23983996e+000  -1.23986964e+000
 -2.87001532e+001 -2.87001532e+001  -2.87001532e+001 8.97912395e-002 8.97912308e-002  8.97912217e-002 2.81805072e+000 2.81804391e+000  2.81803639e+000 -2.27352421e+000 -2.27352538e+000  -2.27352659e+000 -2.86434807e-001 -2.86437126e-001  -2.86439442e-001
 -2.15906094e-001 -2.15960319e-001  -2.16014439e-001
 -3.70216618e+000 -3.70216770e+000  -3.70216917e+000 3.43695285e+000 3.43695285e+000  3.43695285e+000 2.26942911e+000 2.26942907e+000  2.26942903e+000 -2.06620629e+001 -2.06620629e+001  -2.06620629e+001 1.16219238e+000 1.16219238e+000  1.16219238e+000
 -1.22099374e+001 -1.22099374e+001  -1.22099374e+001 9.54874189e-001 9.54871827e-001  9.54869458e-001 1.08152972e+000 1.08158382e+000  1.08163725e+000 6.02524957e-001 6.02454250e-001  6.02383873e-001 -4.49736040e-001 -4.49760525e-001  -4.49785129e-001
 -2.74356490e+001 -2.74356490e+001  -2.74356490e+001 2.53538978e-001 2.53538971e-001  2.53538964e-001 7.08357771e+000 7.08357204e+000  7.08356583e+000 -3.50707690e+000 -3.50707787e+000  -3.50707888e+000 7.06833224e-001 7.06831291e-001  7.06829371e-001
 -2.21199608e-001 -2.21244803e-001  -2.21289688e-001
 5.30292215e+000 5.30292215e+000  5.30292215e+000 -9.11147060e-001 -9.11147060e-001  -9.11147060e-001 -3.39616144e+000 -3.39616144e+000  -3.39616144e+000 2.29831519e+000 2.29831519e+000  2.29831519e+000 2.58481697e+000 2.58481697e+000  2.58481697e+000
 -3.04284653e+000 -3.04284653e+000  -3.04284653e+000 -7.32898157e-001 -7.32898157e-001  -7.32898157e-001 -9.46530582e-001 -9.46530582e-001  -9.46530582e-001 2.62918784e-001 2.62918784e-001  2.62918784e-001 -1.51133675e+000 -1.51133675e+000  -1.51133675e+000
 1.33202934e+001 1.33202934e+001  1.33202934e+001 -8.83925899e-001 -8.83925899e-001  -8.83925899e-001 4.18526609e+000 4.18526609e+000  4.18526609e+000 8.66383374e-001 8.66383374e-001  8.66383374e-001 1.01728098e-001 1.01728098e-001  1.01728098e-001
 -4.43014331e-002 -4.43014331e-002  -4.43014331e-002
 1.42357261e-002 1.42357261e-002  1.42357261e-002 -3.77221930e-001 -3.77221930e-001  -3.77221930e-001 -7.32220606e-001 -7.32220606e-001  -7.32220606e-001 6.40986250e+000 6.40986250e+000  6.40986250e+000 1.55806222e+000 1.55806222e+000  1.55806222e+000
 -1.51338559e+000 -1.51338559e+000  -1.51338559e+000 -6.18306892e-001 -6.18306892e-001  -6.18306892e-001 -1.54225021e+000 -1.54225021e+000  -1.54225021e+000 5.32137810e-002 5.32137810e-002  5.32137810e-002 2.18476382e+000 2.18476382e+000  2.18476382e+000
 2.81176838e+000 2.81176838e+000  2.81176838e+000 -6.07839280e-001 -6.07839280e-001  -6.07839280e-001 3.12297002e+000 3.12297002e+000  3.12297002e+000 -3.67730597e+000 -3.67730597e+000  -3.67730597e+000 1.65299957e+000 1.65299957e+000  1.65299957e+000
 -1.11612110e-001 -1.11612110e-001  -1.11612110e-001
 3.06977585e+000 3.06977585e+000  3.06977585e+000 -1.18849216e+000 -1.18849216e+000  -1.18849216e+000 -5.20011557e-001 -5.20011557e-001  -5.20011557e-001 -6.00593254e+000 -6.00593254e+000  -6.00593254e+000 -6.45205801e-001 -6.45205801e-001  -6.45205801e-001
 9.88627470e-001 9.88627470e-001  9.88627470e-001 1.64709900e-001 1.64709900e-001  1.64709900e-001 -2.24219516e+000 -2.24219516e+000  -2.24219516e+000 -3.73667681e-001 -3.73667681e-001  -3.73667681e-001 -2.69910067e+000 -2.69910067e+000  -2.69910067e+000
 -3.01709098e+000 -3.01709098e+000  -3.01709098e+000 -1.25841105e+000 -1.25841105e+000  -1.25841105e+000 -5.41300836e+000 -5.41300836e+000  -5.41300836e+000 1.41803521e+000 1.41803521e+000  1.41803521e+000 -2.00401450e+000 -2.00401450e+000  -2.00401450e+000
 -1.14619654e-001 -1.14619654e-001  -1.14619654e-001
 2.97800681e+000 2.97800411e+000  2.97800142e+000 -1.44010370e+000 -1.44010370e+000  -1.44010370e+000 -6.23239585e-001 -6.23239659e-001  -6.23239732e-001 -5.25132497e+000 -5.25132497e+000  -5.25132497e+000 -8.32974292e-001 -8.32974293e-001  -8.32974295e-001
 1.40246425e+000 1.40246425e+000  1.40246426e+000 2.82420753e-001 2.82416542e-001  2.82412237e-001 -2.11004124e+000 -2.10994487e+000  -2.10984799e+000 -5.15768583e-001 -5.15894612e-001  -5.16022408e-001 -2.75450899e+000 -2.75455264e+000  -2.75459734e+000
 -2.54469483e+000 -2.54469483e+000  -2.54469483e+000 -1.01027112e+000 -1.01027113e+000  -1.01027114e+000 -5.41651800e+000 -5.41652818e+000  -5.41653961e+000 2.04397319e+000 2.04397145e+000  2.04396963e+000 -1.84084121e+000 -1.84084466e+000  -1.84084815e+000
 -1.30043495e-001 -1.30124020e-001  -1.30205456e-001
 -8.65596355e-001 -8.64979722e-001 -8.64356285e-001
 -1.96436125e+000 -1.96436104e+000 -1.96436052e+000
 -2.71265623e+000 -2.71265620e+000 -2.71265617e+000
 -6.42179700e-001 -6.42179700e-001 -6.42179700e-001
 -1.82644404e+000 -1.82644383e+000 -1.82644330e+000
 2.64373735e+000 2.64373757e+000 2.64373809e+000
 -5.68460006e+000 -5.68398124e+000 -5.68335595e+000
 3.86418721e+000 3.86421325e+000 3.86423941e+000
 -3.55600099e+000 -3.55596325e+000 -3.55592497e+000
 -3.60914726e+000 -3.60913492e+000 -3.60912228e+000
 -6.55940857e-001 -6.55940651e-001 -6.55940135e-001
 -2.23743439e+000 -2.23743417e+000 -2.23743364e+000
 -7.37790091e-001 -7.37184684e-001 -7.36574630e-001
 -5.30280894e-001 -5.30277396e-001 -5.30273428e-001
 -8.66701113e-001 -8.66697112e-001 -8.66693063e-001
 -6.36201472e-001 -6.36024046e-001 -6.35844479e-001
