 -5.2888e+000  8.6943e+000 -8.2400e+000 -2.8614e+001 -1.4875e+001
 -1.5032e+001 -3.0352e+001 -2.1132e+001 -3.1813e+000 -9.9994e+000
  1.1537e+000 -5.8999e+000  6.1255e+000 -2.7840e+000  4.1913e+000
 -5.8909e-001
 -2.0939e+000
 7.82023335e+001 7.82023335e+001  7.82023335e+001 -5.79434688e+001 -5.79434688e+001  -5.79434688e+001 1.38724406e+001 1.38724406e+001  1.38724406e+001 -5.88420621e+000 -5.88420621e+000  -5.88420621e+000 3.41590935e+001 3.41590935e+001  3.41590935e+001
 3.28689805e+001 3.28689805e+001  3.28689805e+001 5.80731204e+001 5.80731204e+001  5.80731204e+001 -2.53680693e+001 -2.53680693e+001  -2.53680693e+001 1.59654566e+001 1.59654566e+001  1.59654566e+001 8.91485736e+000 8.91485736e+000  8.91485736e+000
 -4.19755760e+001 -4.19755760e+001  -4.19755760e+001 7.08387695e+000 7.08387695e+000  7.08387695e+000 5.64608265e+000 5.64608265e+000  5.64608265e+000 -3.00125581e+000 -3.00125581e+000  -3.00125581e+000 -7.22199721e+000 -7.22199721e+000  -7.22199721e+000
 1.18745269e-002 1.18745269e-002  1.18745269e-002
 7.29444695e+000 7.29444743e+000  7.29444732e+000 4.20705689e+000 4.20705689e+000  4.20705689e+000 -2.26568856e+000 -2.26568856e+000  -2.26568856e+000 4.52432001e+001 4.52432001e+001  4.52432001e+001 -3.21507816e+000 -3.21507816e+000  -3.21507816e+000
 -2.46844098e-001 -2.46844098e-001  -2.46844098e-001 -5.96405406e+000 -5.96405406e+000  -5.96405406e+000 2.69553789e+001 2.69553791e+001  2.69553791e+001 5.74259604e+000 5.74260288e+000  5.74260161e+000 -3.30963508e+001 -3.30963508e+001  -3.30963508e+001
 -1.03943093e+001 -1.03943093e+001  -1.03943093e+001 2.83885592e-003 2.83885769e-003  2.83885733e-003 1.40078321e+000 1.40078307e+000  1.40078310e+000 -6.49507172e+000 -6.49507172e+000  -6.49507172e+000 -1.88251810e+001 -1.88251809e+001  -1.88251809e+001
 -1.45300591e+000 -1.45299934e+000  -1.45300070e+000
 -3.77683727e+000 -3.77683689e+000  -3.77683698e+000 1.55066868e+001 1.55066868e+001  1.55066868e+001 -3.86039016e+000 -3.86039016e+000  -3.86039016e+000 5.65598523e+000 5.65598521e+000  5.65598521e+000 4.53449985e+000 4.53449985e+000  4.53449985e+000
 1.33037920e+000 1.33037920e+000  1.33037920e+000 1.82960139e+001 1.82960139e+001  1.82960139e+001 1.99856345e+000 1.99856359e+000  1.99856357e+000 -7.17921674e-001 -7.17916125e-001  -7.17917178e-001 1.75497532e+001 1.75497532e+001  1.75497532e+001
 -1.91238352e-001 -1.91238348e-001  -1.91238349e-001 -1.52324862e+000 -1.52324862e+000  -1.52324862e+000 -2.24105205e+001 -2.24105206e+001  -2.24105206e+001 -1.73744702e+000 -1.73744702e+000  -1.73744702e+000 -5.95986267e+000 -5.95986256e+000  -5.95986259e+000
 -9.23148664e-001 -9.23143330e-001  -9.23144461e-001
 -4.04481568e+000 -4.04481539e+000  -4.04481546e+000 1.07855494e+001 1.07855494e+001  1.07855494e+001 4.02710737e+000 4.02710737e+000  4.02710737e+000 6.07354364e+000 6.07354362e+000  6.07354362e+000 6.59507136e+000 6.59507136e+000  6.59507136e+000
 6.70515995e+000 6.70515995e+000  6.70515995e+000 1.11957924e+001 1.11957924e+001  1.11957924e+001 1.33660524e+000 1.33660536e+000  1.33660534e+000 -8.40608473e-001 -8.40604327e-001  -8.40605113e-001 2.71450041e+001 2.71450041e+001  2.71450041e+001
 3.31322627e+000 3.31322627e+000  3.31322627e+000 -9.44722051e-001 -9.44722050e-001  -9.44722050e-001 -2.79564802e+001 -2.79564803e+001  -2.79564803e+001 -2.14649631e+000 -2.14649631e+000  -2.14649631e+000 -8.13665157e+000 -8.13665149e+000  -8.13665151e+000
 -1.02891279e+000 -1.02890880e+000  -1.02890965e+000
 1.24395630e+001 1.24395630e+001  1.24395630e+001 -1.86596006e+001 -1.86596006e+001  -1.86596006e+001 1.06698238e+001 1.06698238e+001  1.06698238e+001 -1.44527979e+001 -1.44527979e+001  -1.44527979e+001 4.31023410e+000 4.31023410e+000  4.31023410e+000
 8.12734715e+000 8.12734715e+000  8.12734715e+000 -2.40881594e+001 -2.40881594e+001  -2.40881594e+001 -5.42301054e+000 -5.42301054e+000  -5.42301054e+000 -2.74973093e+000 -2.74973093e+000  -2.74973093e+000 1.54585983e+001 1.54585983e+001  1.54585983e+001
 8.49865627e+000 8.49865627e+000  8.49865627e+000 1.10764719e+000 1.10764719e+000  1.10764719e+000 -2.29214461e+000 -2.29214461e+000  -2.29214461e+000 -8.89782759e-001 -8.89782759e-001  -8.89782759e-001 5.49537125e-001 5.49537125e-001  5.49537125e-001
 -3.13217097e-002 -3.13217097e-002  -3.13217097e-002
 -1.29145019e+001 -1.29145019e+001  -1.29145019e+001 1.45624484e+001 1.45624484e+001  1.45624484e+001 5.50841481e+000 5.50841481e+000  5.50841481e+000 -6.89667394e+000 -6.89667394e+000  -6.89667394e+000 -2.03940177e+001 -2.03940177e+001  -2.03940177e+001
 -1.31196254e+001 -1.31196254e+001  -1.31196254e+001 -2.58682151e+001 -2.58682151e+001  -2.58682151e+001 -7.51999378e+000 -7.51999378e+000  -7.51999378e+000 8.01841154e-001 8.01841154e-001  8.01841154e-001 -1.04236096e+001 -1.04236096e+001  -1.04236096e+001
 -1.19585744e+000 -1.19585744e+000  -1.19585744e+000 -3.61258537e+000 -3.61258537e+000  -3.61258537e+000 -2.20160162e-001 -2.20160162e-001  -2.20160162e-001 -1.47231070e+000 -1.47231070e+000  -1.47231070e+000 -9.83912091e-001 -9.83912091e-001  -9.83912091e-001
 -5.03877405e-001 -5.03877405e-001  -5.03877405e-001
 1.06456350e+001 1.06456357e+001  1.06456355e+001 1.83604870e+001 1.83604870e+001  1.83604870e+001 -1.79591473e+001 -1.79591473e+001  -1.79591473e+001 -1.64222710e+001 -1.64222711e+001  -1.64222711e+001 -5.87539422e+000 -5.87539422e+000  -5.87539422e+000
 -1.34376232e+001 -1.34376232e+001  -1.34376232e+001 6.74433918e+000 6.74433918e+000  6.74433918e+000 -7.00062099e+000 -7.00062071e+000  -7.00062075e+000 -3.19536234e+000 -3.19535203e+000  -3.19535399e+000 -1.77741440e+001 -1.77741440e+001  -1.77741440e+001
 -5.66395959e+000 -5.66395959e+000  -5.66395959e+000 -4.20695627e+000 -4.20695626e+000  -4.20695626e+000 7.56819665e+000 7.56819643e+000  7.56819648e+000 -1.26934903e+000 -1.26934902e+000  -1.26934903e+000 6.35797411e+000 6.35797430e+000  6.35797425e+000
 -4.46606137e-001 -4.46596227e-001  -4.46598331e-001
 4.66666667e-001 4.66666667e-001  4.66666667e-001 5.33333333e-001 5.33333333e-001  5.33333333e-001 6.00000000e-001 6.00000000e-001  6.00000000e-001 6.66666667e-001 6.66666667e-001  6.66666667e-001 7.33333333e-001 7.33333333e-001  7.33333333e-001
 8.00000000e-001 8.00000000e-001  8.00000000e-001 8.66666667e-001 8.66666667e-001  8.66666667e-001 0.00000000e+000 0.00000000e+000  0.00000000e+000 0.00000000e+000 0.00000000e+000  0.00000000e+000 0.00000000e+000 0.00000000e+000  0.00000000e+000
 0.00000000e+000 0.00000000e+000  0.00000000e+000 0.00000000e+000 0.00000000e+000  0.00000000e+000 0.00000000e+000 0.00000000e+000  0.00000000e+000 0.00000000e+000 0.00000000e+000  0.00000000e+000 0.00000000e+000 0.00000000e+000  0.00000000e+000
 0.00000000e+000 0.00000000e+000  0.00000000e+000
 3.69174906e+000 3.69188387e+000 3.69185590e+000
 -9.14799769e-001 -9.14664769e-001 -9.14692779e-001
 -6.71512142e+000 -6.71512142e+000 -6.71512142e+000
 -3.73617578e+000 -3.73617577e+000 -3.73617577e+000
 -1.99189399e+000 -1.99189399e+000 -1.99189399e+000
 1.59647298e+000 1.59647298e+000 1.59647298e+000
 -1.42512884e+000 -1.42512884e+000 -1.42512884e+000
 1.17604711e+001 1.17604711e+001 1.17604711e+001
 2.21589187e+000 2.21589670e+000 2.21589578e+000
 5.92331466e-001 5.92331466e-001 5.92331466e-001
 1.66685221e+000 1.66685221e+000 1.66685221e+000
 1.60715474e+000 1.60715474e+000 1.60715474e+000
 -9.26334297e+000 -9.26334295e+000 -9.26334295e+000
 1.17077006e+000 1.17077007e+000 1.17077006e+000
 6.57181955e+000 6.57181958e+000 6.57181957e+000
 1.49758757e+000 1.49759455e+000 1.49759306e+000
