 -3.1825e+001 -4.1067e+001 -7.1390e+000 -3.7572e+001  9.6479e+000
  1.7888e+001 -3.1926e+001 -1.0351e+001 -2.1341e+001 -9.3603e+000
 -2.9657e+001 -6.4832e+000 -7.1788e+000 -1.1287e+001 -7.0165e+000
 -9.5650e-001
  6.8173e-001
 3.23224927e+000 3.23297575e+000  3.23475446e+000 -1.96753869e+001 -1.96753869e+001  -1.96753869e+001 -2.08938637e+001 -2.08938637e+001  -2.08938637e+001 1.49035687e+001 1.49031416e+001  1.49020758e+001 1.68013042e+001 1.68013042e+001  1.68013042e+001
 -6.89474814e+000 -6.89474829e+000  -6.89474867e+000 4.00793461e+001 4.00807913e+001  4.00824344e+001 -1.00942422e+001 -1.00942421e+001  -1.00942420e+001 -3.30243233e+000 -3.30243233e+000  -3.30243233e+000 8.55483408e+000 8.55483410e+000  8.55483412e+000
 -9.70420947e+000 -9.70420947e+000  -9.70420947e+000 4.25794209e+000 4.26919474e+000  4.28303054e+000 -3.03622098e-001 -3.03546818e-001  -3.03462832e-001 5.86482415e+000 5.86482941e+000  5.86484203e+000 3.27151527e+000 3.27755488e+000  3.28451475e+000
 3.82091811e-002 3.94330694e-002  4.09138661e-002
 -1.08664170e+001 -1.08664170e+001  -1.08664170e+001 -2.73567124e+001 -2.73567124e+001  -2.73567124e+001 2.45595362e+001 2.45595362e+001  2.45595362e+001 -7.16377742e-001 -7.16377742e-001  -7.16377742e-001 -9.85972708e+000 -9.85972708e+000  -9.85972708e+000
 2.47552893e+001 2.47552893e+001  2.47552893e+001 -1.06712106e+001 -1.06712106e+001  -1.06712106e+001 1.34509954e+001 1.34509954e+001  1.34509954e+001 -1.07284146e+001 -1.07284146e+001  -1.07284146e+001 -3.30948652e+000 -3.30948652e+000  -3.30948652e+000
 -9.40650382e+000 -9.40650382e+000  -9.40650382e+000 -6.35408746e-001 -6.35408746e-001  -6.35408746e-001 2.72726210e+000 2.72726210e+000  2.72726210e+000 2.51522388e+000 2.51522388e+000  2.51522388e+000 4.96665486e-001 4.96665486e-001  4.96665486e-001
 1.09474544e-001 1.09474544e-001  1.09474544e-001
 7.40906034e+000 7.40906034e+000  7.40906034e+000 -3.61812259e-001 -3.61812259e-001  -3.61812259e-001 2.02768796e+001 2.02768796e+001  2.02768796e+001 2.09447130e+001 2.09447130e+001  2.09447130e+001 -3.37791525e+000 -3.37791525e+000  -3.37791525e+000
 -2.22060069e+001 -2.22060069e+001  -2.22060069e+001 -3.66126302e+001 -3.66126302e+001  -3.66126302e+001 -9.53157349e+000 -9.53157349e+000  -9.53157349e+000 -6.88613675e+000 -6.88613675e+000  -6.88613675e+000 -1.98520791e+000 -1.98520791e+000  -1.98520791e+000
 -8.44594230e+000 -8.44594230e+000  -8.44594230e+000 -4.33944206e+000 -4.33944206e+000  -4.33944206e+000 3.34355559e+000 3.34355559e+000  3.34355559e+000 -5.47822634e+000 -5.47822634e+000  -5.47822634e+000 -3.72973563e+000 -3.72973563e+000  -3.72973563e+000
 -1.11080522e+000 -1.11080522e+000  -1.11080522e+000
 -1.75164793e+001 -1.75164793e+001  -1.75164793e+001 7.99577081e+000 7.99577081e+000  7.99577081e+000 -3.80368465e+001 -3.80368465e+001  -3.80368465e+001 -4.00324798e+001 -4.00324798e+001  -4.00324798e+001 -5.76091130e+000 -5.76091130e+000  -5.76091130e+000
 2.98907813e+001 2.98907813e+001  2.98907813e+001 -4.49252722e+001 -4.49252722e+001  -4.49252722e+001 -7.38861021e+000 -7.38861021e+000  -7.38861021e+000 -1.27280243e+001 -1.27280243e+001  -1.27280243e+001 -4.59487304e+000 -4.59487304e+000  -4.59487304e+000
 8.05077046e+000 8.05077046e+000  8.05077046e+000 -4.88978847e+000 -4.88978847e+000  -4.88978847e+000 -1.88171470e+000 -1.88171470e+000  -1.88171470e+000 -1.69252693e+001 -1.69252693e+001  -1.69252693e+001 -4.00642457e+000 -4.00642457e+000  -4.00642457e+000
 -1.58880837e+000 -1.58880837e+000  -1.58880837e+000
 2.62277922e+000 2.62277922e+000  2.62277922e+000 -1.02267813e+001 -1.02267813e+001  -1.02267813e+001 1.80839663e+001 1.80839663e+001  1.80839663e+001 1.60049898e+001 1.60049898e+001  1.60049898e+001 7.75778746e+000 7.75778746e+000  7.75778746e+000
 -7.78110958e+000 -7.78110958e+000  -7.78110958e+000 -5.66446635e+000 -5.66446635e+000  -5.66446635e+000 1.52784051e+000 1.52784051e+000  1.52784051e+000 1.93548497e+000 1.93548497e+000  1.93548497e+000 -7.74662027e-001 -7.74662027e-001  -7.74662027e-001
 -1.09792685e+001 -1.09792685e+001  -1.09792685e+001 -2.02519727e+000 -2.02519727e+000  -2.02519727e+000 -1.64689714e+000 -1.64689714e+000  -1.64689714e+000 -4.73950123e+000 -4.73950123e+000  -4.73950123e+000 -2.91603129e+000 -2.91603129e+000  -2.91603129e+000
 -1.97970067e-001 -1.97970067e-001  -1.97970067e-001
 -1.94665787e+001 -1.94665787e+001  -1.94665787e+001 -1.23222763e+000 -1.23222760e+000  -1.23222753e+000 -2.74720628e+001 -2.74720622e+001  -2.74720608e+001 -3.05376200e+001 -3.05376200e+001  -3.05376200e+001 -1.08518006e+001 -1.08518006e+001  -1.08518006e+001
 3.29499240e+001 3.29499240e+001  3.29499240e+001 -5.04296389e+000 -5.04296389e+000  -5.04296389e+000 -7.68787749e+000 -7.68787749e+000  -7.68787750e+000 -3.81102744e+000 -3.81102744e+000  -3.81102744e+000 -4.13561560e+000 -4.13561560e+000  -4.13561560e+000
 4.27127975e+000 4.27127975e+000  4.27127974e+000 -5.23612355e+000 -5.23612355e+000  -5.23612355e+000 -5.37406499e+000 -5.37406499e+000  -5.37406499e+000 4.95753289e+000 4.95753198e+000  4.95752969e+000 -3.47093678e+000 -3.47093678e+000  -3.47093679e+000
 1.21025300e+000 1.21025204e+000  1.21024965e+000
 -1.41618511e+001 -1.41618511e+001  -1.41618511e+001 5.57393679e+000 5.57393679e+000  5.57393679e+000 1.37465822e+001 1.37465822e+001  1.37465822e+001 -3.27413333e+001 -3.27413333e+001  -3.27413333e+001 1.62291094e+001 1.62291094e+001  1.62291094e+001
 -2.82327114e+001 -2.82327114e+001  -2.82327114e+001 2.54608531e+001 2.54608531e+001  2.54608531e+001 4.06195440e+000 4.06195440e+000  4.06195440e+000 9.10616279e+000 9.10616279e+000  9.10616279e+000 -4.68288242e+000 -4.68288242e+000  -4.68288242e+000
 -9.02485164e+000 -9.02485164e+000  -9.02485164e+000 2.64566621e+000 2.64566621e+000  2.64566621e+000 -7.33112762e+000 -7.33112762e+000  -7.33112762e+000 6.70071477e-002 6.70071477e-002  6.70071477e-002 8.37282225e-001 8.37282225e-001  8.37282225e-001
 -5.37086598e-002 -5.37086598e-002  -5.37086598e-002
 -1.46714615e+000 -1.46714615e+000  -1.46714615e+000 2.41883862e+001 2.41883862e+001  2.41883862e+001 7.78746612e+000 7.78746612e+000  7.78746612e+000 3.22436240e+001 3.22436240e+001  3.22436240e+001 -1.79111746e+001 -1.79111746e+001  -1.79111746e+001
 1.30902097e+001 1.30902097e+001  1.30902097e+001 -1.27224245e+001 -1.27224245e+001  -1.27224245e+001 -3.13106566e+000 -3.13106566e+000  -3.13106566e+000 -1.66528970e+001 -1.66528970e+001  -1.66528970e+001 -3.59599402e+000 -3.59599402e+000  -3.59599402e+000
 -4.87702010e+000 -4.87702010e+000  -4.87702010e+000 -2.28436338e+000 -2.28436338e+000  -2.28436338e+000 9.27617512e+000 9.27617512e+000  9.27617512e+000 1.12874144e+001 1.12874144e+001  1.12874144e+001 6.66682773e+000 6.66682773e+000  6.66682773e+000
 -3.12356466e-001 -3.12356466e-001  -3.12356466e-001
 2.22852199e+001 2.22852237e+001  2.22852331e+001 1.50099238e+001 1.50099238e+001  1.50099238e+001 1.26000023e+002 1.26000023e+002  1.26000024e+002 6.19243852e+001 6.19243830e+001  6.19243774e+001 -2.23546103e+001 -2.23546103e+001  -2.23546103e+001
 -1.04050451e+001 -1.04050451e+001  -1.04050451e+001 1.12279099e+002 1.12279106e+002  1.12279115e+002 7.98847838e+000 7.98847838e+000  7.98847838e+000 -1.41950808e+001 -1.41950808e+001  -1.41950808e+001 -2.42843170e+001 -2.42843170e+001  -2.42843170e+001
 -6.79730927e-001 -6.79730929e-001  -6.79730932e-001 -7.24266262e+001 -7.24265667e+001  -7.24264937e+001 -1.27001308e+001 -1.27001304e+001  -1.27001300e+001 3.38561729e+001 3.38561726e+001  3.38561720e+001 -4.33808671e+000 -4.33805480e+000  -4.33801804e+000
 -5.86161770e-002 -5.86099983e-002  -5.86028932e-002
 -7.61139676e+001 -7.61136741e+001  -7.61129544e+001 -3.50611046e+000 -3.50611044e+000  -3.50611041e+000 -6.00051776e+000 -6.00051752e+000  -6.00051691e+000 -9.35682808e+001 -9.35684681e+001  -9.35689355e+001 -1.69852235e+000 -1.69852235e+000  -1.69852235e+000
 8.20542657e+000 8.20542650e+000  8.20542633e+000 3.20279437e-001 3.20819446e-001  3.21442090e-001 -9.01355753e-001 -9.01355724e-001  -9.01355696e-001 -4.22195897e+000 -4.22195897e+000  -4.22195897e+000 -1.10843181e+001 -1.10843181e+001  -1.10843181e+001
 6.91008876e+000 6.91008876e+000  6.91008875e+000 -3.44600043e+000 -3.44177217e+000  -3.43647997e+000 5.49713978e+000 5.49716799e+000  5.49720003e+000 3.12390541e+001 3.12390561e+001  3.12390608e+001 -1.04341973e+000 -1.04116292e+000  -1.03852612e+000
 -9.44820097e-001 -9.44360011e-001  -9.43792784e-001
 5.82825788e+001 5.82830536e+001  5.82842151e+001 3.79204603e+001 3.79204603e+001  3.79204604e+001 5.60290961e-001 5.60291358e-001  5.60292350e-001 6.12258027e+001 6.12255301e+001  6.12248496e+001 -2.27435346e+000 -2.27435346e+000  -2.27435346e+000
 -2.95927203e+001 -2.95927204e+001  -2.95927206e+001 -1.53190352e+000 -1.53093533e+000  -1.52985216e+000 5.87615151e+000 5.87615156e+000  5.87615161e+000 1.48646221e+001 1.48646221e+001  1.48646221e+001 -2.56201595e+000 -2.56201594e+000  -2.56201593e+000
 2.05391408e+001 2.05391408e+001  2.05391408e+001 1.03645276e+000 1.04395234e+000  1.05299687e+000 2.57949407e+000 2.57954449e+000  2.57959979e+000 -9.81691590e+000 -9.81691354e+000  -9.81690799e+000 2.69084173e+000 2.69488638e+000  2.69947290e+000
 -1.11666215e+000 -1.11584700e+000  -1.11488097e+000
 6.95399830e+001 6.95403744e+001  6.95413316e+001 6.01964129e+001 6.01964129e+001  6.01964130e+001 1.39599237e+001 1.39599241e+001  1.39599249e+001 7.23474951e+001 7.23472724e+001  7.23467166e+001 6.91008171e+000 6.91008171e+000  6.91008171e+000
 -4.30431814e+001 -4.30431815e+001  -4.30431817e+001 4.55265758e+000 4.55346328e+000  4.55435919e+000 1.06665357e+000 1.06665361e+000  1.06665365e+000 2.62201904e+001 2.62201904e+001  2.62201904e+001 -4.34154614e+000 -4.34154613e+000  -4.34154612e+000
 2.95723374e+001 2.95723374e+001  2.95723374e+001 -9.18220134e-001 -9.11991229e-001  -9.04534605e-001 4.20346729e+000 4.20350925e+000  4.20355497e+000 -1.15521417e+001 -1.15521399e+001  -1.15521357e+001 1.49107957e+000 1.49444502e+000  1.49823808e+000
 -1.29710165e+000 -1.29642459e+000  -1.29562828e+000
 -8.66304835e+000 -8.66304835e+000  -8.66304835e+000 1.08239802e+001 1.08239802e+001  1.08239802e+001 2.89367754e+001 2.89367754e+001  2.89367754e+001 -1.09517277e+001 -1.09517277e+001  -1.09517277e+001 1.74585499e+001 1.74585499e+001  1.74585499e+001
 -3.19853363e+001 -3.19853363e+001  -3.19853363e+001 1.00142844e+001 1.00142844e+001  1.00142844e+001 -1.05072704e+001 -1.05072704e+001  -1.05072704e+001 4.80439741e+000 4.80439741e+000  4.80439741e+000 -5.28105402e+000 -5.28105402e+000  -5.28105402e+000
 -3.25645433e+000 -3.25645433e+000  -3.25645433e+000 -4.76026769e+000 -4.76026769e+000  -4.76026769e+000 -3.67057132e+000 -3.67057132e+000  -3.67057132e+000 -4.60371762e+000 -4.60371762e+000  -4.60371762e+000 -3.09399122e+000 -3.09399122e+000  -3.09399122e+000
 -1.44513140e-001 -1.44513140e-001  -1.44513140e-001
 -1.22392625e+001 -1.22392625e+001  -1.22392625e+001 2.54284652e+000 2.54284652e+000  2.54284652e+000 -1.30267654e+001 -1.30267654e+001  -1.30267654e+001 -1.33567724e+001 -1.33567724e+001  -1.33567724e+001 5.75739579e+000 5.75739579e+000  5.75739579e+000
 3.15179568e+001 3.15179568e+001  3.15179568e+001 -2.01587385e+001 -2.01587385e+001  -2.01587385e+001 -1.12911154e+001 -1.12911154e+001  -1.12911154e+001 3.69557500e+000 3.69557500e+000  3.69557500e+000 -3.19411503e+000 -3.19411503e+000  -3.19411503e+000
 7.47179762e-001 7.47179762e-001  7.47179762e-001 -5.73237359e+000 -5.73237359e+000  -5.73237359e+000 2.67038841e+000 2.67038841e+000  2.67038841e+000 -2.78847974e+000 -2.78847974e+000  -2.78847974e+000 -6.24705395e+000 -6.24705395e+000  -6.24705395e+000
 -8.62076803e-001 -8.62076803e-001  -8.62076803e-001
 -1.32737464e+001 -1.32737464e+001  -1.32737464e+001 -2.86930452e+001 -2.86930452e+001  -2.86930452e+001 -1.26611691e+001 -1.26611691e+001  -1.26611691e+001 -1.31450320e+001 -1.31450320e+001  -1.31450320e+001 -5.88417546e+000 -5.88417546e+000  -5.88417546e+000
 1.30295091e+001 1.30295091e+001  1.30295091e+001 -1.35885496e+001 -1.35885496e+001  -1.35885496e+001 3.05646497e+000 3.05646497e+000  3.05646497e+000 -1.73092814e+001 -1.73092814e+001  -1.73092814e+001 4.43562842e+000 4.43562842e+000  4.43562842e+000
 -1.57509465e+001 -1.57509465e+001  -1.57509465e+001 9.25548208e-002 9.25548208e-002  9.25548208e-002 -4.60845360e+000 -4.60845360e+000  -4.60845360e+000 -2.95300034e+000 -2.95300034e+000  -2.95300034e+000 6.91960046e-002 6.91960046e-002  6.91960046e-002
 -1.37362046e-001 -1.37362046e-001  -1.37362046e-001
 -1.44052464e+001 -1.44045199e+001  -1.44027412e+001 -2.97389317e+001 -2.97389317e+001  -2.97389316e+001 -1.27144576e+001 -1.27144571e+001  -1.27144557e+001 -1.43986864e+001 -1.43991134e+001  -1.44001793e+001 -6.01947324e+000 -6.01947324e+000  -6.01947324e+000
 1.03458683e+001 1.03458682e+001  1.03458678e+001 -1.36433405e+001 -1.36418953e+001  -1.36402522e+001 3.08040773e+000 3.08040781e+000  3.08040789e+000 -1.76050787e+001 -1.76050787e+001  -1.76050787e+001 -6.88835280e+000 -6.88835279e+000  -6.88835277e+000
 -1.69785044e+001 -1.69785044e+001  -1.69785044e+001 1.77734649e-001 1.88987290e-001  2.02823091e-001 -4.85797236e+000 -4.85789708e+000  -4.85781309e+000 -3.39321108e+000 -3.39320674e+000  -3.39319641e+000 -2.45816138e-001 -2.39776527e-001  -2.32816665e-001
 -4.49403597e-001 -4.48180668e-001  -4.46702270e-001
 3.34315336e+000 3.36734061e+000 3.39258404e+000
 -1.33307896e+000 -1.33307898e+000 -1.33307904e+000
 -2.14373918e+000 -2.14373945e+000 -2.14374013e+000
 -4.12870410e+000 -4.10425005e+000 -4.07835033e+000
 -2.21269865e+000 -2.18618520e+000 -2.15513741e+000
 -2.05581397e+000 -2.05582214e+000 -2.05584257e+000
 1.52502944e+000 1.52601241e+000 1.52712777e+000
 1.52369725e+000 1.52369730e+000 1.52369735e+000
 1.17076006e+000 1.17076006e+000 1.17076006e+000
 5.88867203e+000 5.88867203e+000 5.88867204e+000
 7.28578648e-001 7.28578642e-001 7.28578627e-001
 1.40166722e+001 1.40175011e+001 1.40185221e+001
 1.52305530e+000 1.52310481e+000 1.52316005e+000
 4.61912952e-001 4.61920329e-001 4.61937615e-001
 1.77082653e+000 1.77482704e+000 1.77940888e+000
 1.19746742e+000 1.19852873e+000 1.19981130e+000
