   13     11     50      1  2019    977 
    0.700      0.400   20000  100      0.000      0.000    100     16 
    0.990 	     0.010 
   2 
    9.3787e-002   0.0000e+000  
  1.0000e+000   0.0000e+000  
  1.0000e+000   0.0000e+000  
  1.0000e+000   0.0000e+000  
  1.0000e+000   0.0000e+000  
  1.9875e+000   0.0000e+000  
  5.7000e+001  -8.0000e+000  
  4.4754e+000   0.0000e+000  
  1.8824e+002   1.7540e+002  
  1.0000e+000   0.0000e+000  
  1.0000e+000   0.0000e+000  
  1.0000e+000   0.0000e+000  
  1.0000e+000   0.0000e+000  
   4.6250e+001   0.0000e+000  
  itr    nh   avger[]   r2avg    mare[] 
100  16 6.167e+001   6.373e-001  9.198e+000 1.151e+001 
100  16 6.851e+001   5.710e-001  1.000e+003 6.694e+000 
   1  6.3730e-001   1.1514e+001   2.4629e+004   6.1668e-001 
  9.4175e-001   6.3202e-001 
   1  5.7100e-001   6.6942e+000   1.4319e+004   6.8512e-001 
  1.1107e+000   5.9742e-001 
