  1.6650e+001  5.0840e+000  9.2522e-002 -5.3445e-003 -8.8600e+000
 -2.7680e+000 -4.1993e-001 -6.2899e+000 -2.6922e+000 -1.0027e+000
 -6.9912e+000 -7.1045e+000  5.7104e+000 -1.5277e+000 -6.6264e-001
 -4.0952e-001
  3.4333e+000
 -4.19699490e+001 -4.19699335e+001  -4.19698946e+001 -1.03004248e-001 -1.03003528e-001  -1.03000301e-001 1.45361924e+000 1.45361940e+000  1.45362005e+000 3.62947389e-001 3.62947557e-001  3.62948038e-001 2.61643771e+001 2.61644397e+001  2.61645972e+001
 -3.24823878e+001 -3.24823834e+001  -3.24823561e+001 1.31365817e+000 1.31366058e+000  1.31368657e+000 1.53124893e+000 1.53123142e+000  1.53118759e+000 1.03975386e+000 1.03975374e+000  1.03975376e+000 1.47075278e+001 1.47075279e+001  1.47075279e+001
 8.33497632e+000 8.33497688e+000  8.33497828e+000 9.00881528e-001 9.00871677e-001  9.00846691e-001 -1.10694751e+001 -1.10693877e+001  -1.10691545e+001 1.01951269e-001 1.01954047e-001  1.01961359e-001 -2.58914717e-001 -2.58918397e-001  -2.58928225e-001
 -2.92187112e-001 -2.92180891e-001  -2.92164260e-001
 -1.05661757e+001 -1.05661757e+001  -1.05661757e+001 -3.54811443e+000 -3.54811443e+000  -3.54811443e+000 6.33657426e+000 6.33657426e+000  6.33657426e+000 -3.83508212e-001 -3.83508212e-001  -3.83508212e-001 4.82625889e+000 4.82625889e+000  4.82625889e+000
 -6.89967623e+000 -6.89967623e+000  -6.89967623e+000 -2.61497924e+000 -2.61497924e+000  -2.61497924e+000 -6.08164563e-001 -6.08164563e-001  -6.08164563e-001 -1.53920095e+000 -1.53920095e+000  -1.53920095e+000 4.64628400e+000 4.64628400e+000  4.64628400e+000
 2.17766796e+000 2.17766796e+000  2.17766796e+000 -1.74069273e+000 -1.74069273e+000  -1.74069273e+000 -5.25735157e+000 -5.25735157e+000  -5.25735157e+000 -2.10006101e+000 -2.10006101e+000  -2.10006101e+000 1.03618252e-001 1.03618252e-001  1.03618252e-001
 -7.06287843e-002 -7.06287843e-002  -7.06287843e-002
 7.74997519e+000 7.75011948e+000  7.75048023e+000 8.97935639e+000 8.97936308e+000  8.97939304e+000 1.88890647e+000 1.88890799e+000  1.88891401e+000 2.60569283e+000 2.60569439e+000  2.60569886e+000 -1.65941098e+000 -1.65883005e+000  -1.65736719e+000
 -2.97637359e+000 -2.97633263e+000  -2.97607919e+000 -8.99446351e-001 -8.99426412e-001  -8.99191404e-001 -2.73987161e+000 -2.74003250e+000  -2.74043498e+000 -5.03326856e+000 -5.03326965e+000  -5.03326947e+000 1.16592070e+000 1.16592190e+000  1.16592188e+000
 -9.54296324e+000 -9.54295806e+000  -9.54294510e+000 -6.93544140e+000 -6.93553229e+000  -6.93576284e+000 -4.12467720e-001 -4.11656481e-001  -4.09491109e-001 -1.33097114e+000 -1.33094556e+000  -1.33087820e+000 -7.78184092e-001 -7.78218167e-001  -7.78309189e-001
 -5.60552697e-001 -5.60495088e-001  -5.60341051e-001
 -1.11413584e-001 -1.11413584e-001  -1.11413584e-001 -7.60863713e-001 -7.60863713e-001  -7.60863713e-001 -3.33101920e+000 -3.33101920e+000  -3.33101920e+000 4.95355902e-001 4.95355902e-001  4.95355902e-001 1.92254251e+000 1.92254251e+000  1.92254251e+000
 -5.01585685e+000 -5.01585685e+000  -5.01585685e+000 5.44934944e-001 5.44934944e-001  5.44934944e-001 1.03941560e-001 1.03941560e-001  1.03941560e-001 4.45697532e+000 4.45697532e+000  4.45697532e+000 -5.60642672e-001 -5.60642672e-001  -5.60642672e-001
 -2.47981211e+000 -2.47981211e+000  -2.47981211e+000 -5.65869064e+000 -5.65869064e+000  -5.65869064e+000 1.26142703e+000 1.26142703e+000  1.26142703e+000 -1.23785524e+000 -1.23785524e+000  -1.23785524e+000 -7.27392322e-002 -7.27392322e-002  -7.27392322e-002
 -5.87402706e-002 -5.87402706e-002  -5.87402706e-002
 1.62362518e+001 1.62362518e+001  1.62362518e+001 -1.36869011e+000 -1.36869011e+000  -1.36869011e+000 1.22684614e+000 1.22684614e+000  1.22684615e+000 -2.96403563e+000 -2.96403563e+000  -2.96403563e+000 -9.38527033e+000 -9.38527033e+000  -9.38527033e+000
 1.90480055e+000 1.90480056e+000  1.90480058e+000 2.39990936e-001 2.39993433e-001  2.39999674e-001 -5.60822043e+000 -5.60822219e+000  -5.60822660e+000 -2.76040122e+000 -2.76040121e+000  -2.76040116e+000 -4.20760462e+000 -4.20760462e+000  -4.20760462e+000
 1.73034299e+000 1.73034299e+000  1.73034299e+000 3.16776594e+000 3.16776537e+000  3.16776392e+000 4.82812042e+000 4.82812047e+000  4.82812059e+000 3.30995222e-001 3.30995434e-001  3.30995964e-001 -4.18770408e-001 -4.18770500e-001  -4.18770731e-001
 -6.32041924e-002 -6.32040406e-002  -6.32036612e-002
 6.60705105e+000 6.60705386e+000  6.60706091e+000 -8.31221355e-001 -8.31225018e-001  -8.31223580e-001 -1.26747542e+000 -1.26747608e+000  -1.26747597e+000 2.67667856e+000 2.67667847e+000  2.67667869e+000 -2.44562308e+000 -2.44561399e+000  -2.44558283e+000
 -1.19905936e+000 -1.19910465e+000  -1.19909704e+000 3.45271053e+000 3.45265533e+000  3.45266546e+000 1.45317124e+001 1.45317070e+001  1.45316934e+001 6.24035470e+000 6.24035378e+000  6.24035380e+000 1.06881776e+001 1.06881785e+001  1.06881785e+001
 2.70517042e+001 2.70517054e+001  2.70517084e+001 -3.40650648e+000 -3.40650657e+000  -3.40650947e+000 -9.12384970e-001 -9.12410543e-001  -9.12364656e-001 -5.00858883e-001 -5.00859305e-001  -5.00857636e-001 -8.48701748e-002 -8.48691461e-002  -8.48712416e-002
 -6.23801453e-002 -6.23819533e-002  -6.23784621e-002
 -1.60384553e+001 -1.60383500e+001  -1.60380867e+001 -3.19392973e+001 -3.19392926e+001  -3.19392728e+001 -2.20112905e+001 -2.20112893e+001  -2.20112850e+001 2.01365610e+000 2.01365724e+000  2.01366046e+000 2.61836359e+000 2.61878629e+000  2.61984954e+000
 2.09463416e+001 2.09463758e+001  2.09465542e+001 -3.07279292e+000 -3.07276901e+000  -3.07259530e+000 -1.59557943e+000 -1.59569727e+000  -1.59599203e+000 -5.52903463e+000 -5.52903529e+000  -5.52903513e+000 -1.07138086e+001 -1.07138079e+001  -1.07138079e+001
 -1.07388110e+001 -1.07388075e+001  -1.07387988e+001 -3.19506757e+000 -3.19513399e+000  -3.19530212e+000 -4.10096265e+000 -4.10036787e+000  -4.09879642e+000 -1.30647798e+000 -1.30645914e+000  -1.30640994e+000 -6.84820246e-001 -6.84845283e-001  -6.84911466e-001
 -4.46220587e-001 -4.46178240e-001  -4.46066211e-001
 -2.65781476e+000 -2.65771459e+000  -2.65746414e+000 -6.67957586e-002 -6.67916339e-002  -6.67716789e-002 5.14604945e+000 5.14605047e+000  5.14605465e+000 -1.14167369e+001 -1.14167359e+001  -1.14167329e+001 1.75776255e+000 1.75816536e+000  1.75918006e+000
 5.50047217e-001 5.50072753e-001  5.50246564e-001 -1.44598192e+000 -1.44596959e+000  -1.44580397e+000 6.88607324e+000 6.88596071e+000  6.88567921e+000 1.40980134e+000 1.40980055e+000  1.40980071e+000 -7.05677967e+000 -7.05677879e+000  -7.05677881e+000
 1.43547210e+001 1.43547243e+001  1.43547326e+001 1.09034293e+001 1.09033651e+001  1.09032020e+001 -7.71375766e-001 -7.70814244e-001  -7.69310490e-001 -3.47227937e-001 -3.47210094e-001  -3.47163006e-001 -7.85304315e-001 -7.85327932e-001  -7.85391221e-001
 -3.15103045e-001 -3.15063102e-001  -3.14955954e-001
 5.17272992e+000 5.17281415e+000  5.17302473e+000 -4.52274287e+000 -4.52273956e+000  -4.52272304e+000 6.74105532e+000 6.74105618e+000  6.74105969e+000 -1.44376546e+001 -1.44376537e+001  -1.44376512e+001 -5.22794974e+000 -5.22761120e+000  -5.22675829e+000
 3.79887797e-001 3.79908391e-001  3.80053884e-001 -5.57349765e+000 -5.57348827e+000  -5.57334957e+000 6.74889082e+000 6.74879632e+000  6.74855993e+000 6.12965259e-001 6.12964583e-001  6.12964710e-001 -1.27406708e+001 -1.27406700e+001  -1.27406700e+001
 1.54574352e+001 1.54574379e+001  1.54574446e+001 1.40770234e+001 1.40769691e+001  1.40768314e+001 1.80093854e+000 1.80141016e+000  1.80267466e+000 -4.45958050e-001 -4.45943066e-001  -4.45903486e-001 -5.40241964e-001 -5.40261790e-001  -5.40314986e-001
 -2.94923973e-001 -2.94890436e-001  -2.94800361e-001
 1.62618007e+001 1.62618007e+001  1.62618007e+001 -5.92524966e+000 -5.92524966e+000  -5.92524966e+000 5.25134167e+000 5.25134167e+000  5.25134167e+000 -4.25986517e-001 -4.25986517e-001  -4.25986517e-001 -9.07909699e+000 -9.07909699e+000  -9.07909699e+000
 -8.94017910e-001 -8.94017910e-001  -8.94017910e-001 -3.25534044e+000 -3.25534044e+000  -3.25534044e+000 -1.71099678e+000 -1.71099678e+000  -1.71099678e+000 3.99781934e-001 3.99781934e-001  3.99781934e-001 -3.55402151e+000 -3.55402151e+000  -3.55402151e+000
 -9.97083162e-001 -9.97083162e-001  -9.97083162e-001 4.94164920e-001 4.94164920e-001  4.94164920e-001 3.92180910e+000 3.92180910e+000  3.92180910e+000 -2.28621622e+000 -2.28621622e+000  -2.28621622e+000 -9.17790780e-002 -9.17790780e-002  -9.17790780e-002
 -1.68830784e-001 -1.68830784e-001  -1.68830784e-001
 1.82743424e+001 1.82743424e+001  1.82743424e+001 2.99161082e+000 2.99161082e+000  2.99161082e+000 -2.09326312e+000 -2.09326312e+000  -2.09326312e+000 3.14715949e-001 3.14715949e-001  3.14715949e-001 -9.84773856e+000 -9.84773856e+000  -9.84773856e+000
 1.27440061e+000 1.27440061e+000  1.27440061e+000 -2.05400943e+000 -2.05400943e+000  -2.05400943e+000 -7.56781382e-001 -7.56781382e-001  -7.56781382e-001 -5.36361196e-002 -5.36361196e-002  -5.36361196e-002 -5.00086737e+000 -5.00086737e+000  -5.00086737e+000
 -1.48408558e+000 -1.48408558e+000  -1.48408558e+000 -1.92989185e+000 -1.92989185e+000  -1.92989185e+000 5.84567114e+000 5.84567114e+000  5.84567114e+000 1.89625454e+000 1.89625454e+000  1.89625454e+000 4.10627449e-001 4.10627449e-001  4.10627449e-001
 1.72894193e-002 1.72894193e-002  1.72894193e-002
 -5.08998453e+000 -5.08998453e+000  -5.08998453e+000 4.86798829e+000 4.86798829e+000  4.86798829e+000 -1.67630457e+000 -1.67630457e+000  -1.67630457e+000 -1.91997978e+000 -1.91997978e+000  -1.91997978e+000 5.15227322e+000 5.15227322e+000  5.15227322e+000
 -3.20999900e+000 -3.20999900e+000  -3.20999900e+000 2.84908202e+000 2.84908202e+000  2.84908202e+000 -2.54821237e+000 -2.54821237e+000  -2.54821237e+000 -1.91443939e+000 -1.91443939e+000  -1.91443939e+000 2.08438065e+000 2.08438065e+000  2.08438065e+000
 -2.89490357e+000 -2.89490357e+000  -2.89490357e+000 -4.05713308e+000 -4.05713308e+000  -4.05713308e+000 -2.14982914e+000 -2.14982914e+000  -2.14982914e+000 -7.94331496e-001 -7.94331496e-001  -7.94331496e-001 -6.10009243e-001 -6.10009243e-001  -6.10009243e-001
 -1.41438791e-001 -1.41438791e-001  -1.41438791e-001
 -5.43757612e+000 -5.43743182e+000  -5.43707107e+000 5.11585536e+000 5.11586204e+000  5.11589200e+000 -1.43000518e+000 -1.43000366e+000  -1.42999764e+000 2.50193198e+000 2.50193354e+000  2.50193801e+000 5.05272522e+000 5.05330614e+000  5.05476901e+000
 -2.79087875e+000 -2.79083779e+000  -2.79058433e+000 2.87931534e+000 2.87933778e+000  2.87957903e+000 -2.62795883e+000 -2.62812149e+000  -2.62852837e+000 -1.10156662e+000 -1.10156770e+000  -1.10156747e+000 3.60164905e+000 3.60165025e+000  3.60165022e+000
 -4.11625950e+000 -4.11625431e+000  -4.11624135e+000 -3.93350609e+000 -3.93359755e+000  -3.93382955e+000 -1.94057138e+000 -1.93976009e+000  -1.93759460e+000 -1.05353799e+000 -1.05351219e+000  -1.05344431e+000 -9.78532861e-001 -9.78567028e-001  -9.78658281e-001
 -3.89517004e-001 -3.89459243e-001  -3.89304827e-001
 -3.48155085e+000 -3.48385811e+000 -3.49004347e+000
 -1.82435708e+000 -1.82436053e+000 -1.82437654e+000
 -1.97142074e+000 -1.97142151e+000 -1.97142457e+000
 -8.88335126e+000 -8.88335143e+000 -8.88335194e+000
 -3.67805935e+000 -3.67822893e+000 -3.67865576e+000
 -1.55147763e+000 -1.55381922e+000 -1.55993623e+000
 -4.06763448e+000 -4.06763780e+000 -4.06769810e+000
 2.47117429e+000 2.47127174e+000 2.47109822e+000
 -2.14180940e+000 -2.14180890e+000 -2.14180900e+000
 2.31779548e+000 2.31779600e+000 2.31779599e+000
 -2.65434874e+000 -2.65418901e+000 -2.65420692e+000
 2.84935284e+000 2.84931645e+000 2.84922429e+000
 -1.40843067e+000 -1.40944253e+000 -1.41212711e+000
 -2.30462623e+000 -2.30463748e+000 -2.30466708e+000
 6.81964446e-001 6.81913205e-001 6.81776363e-001
 -2.52250295e-001 -2.52505858e-001 -2.53189145e-001
