  2.8773e-001  1.7558e-001  4.3413e-001  1.4451e-002  6.6857e-001
 -1.8826e-001  1.0036e+000 -6.8269e-001  2.0123e+000 -6.8874e-001
  6.5108e-001
 -1.04013554e+000 -1.04018745e+000  -1.04025920e+000 -7.27829307e-001 -7.27868434e-001  -7.27928015e-001 -1.63445663e+000 -1.63451727e+000  -1.63460038e+000 -4.44308625e-001 -4.44329635e-001  -4.44366133e-001 -2.24049179e+000 -2.24056670e+000  -2.24066877e+000
 -2.82248054e-001 -2.82243323e-001  -2.82234021e-001 -2.31309371e+000 -2.31316411e+000  -2.31326919e+000 7.03505409e-001 7.03589496e-001  7.03757801e-001 -3.27858520e+000 -3.27877061e+000  -3.27921316e+000 1.79100794e+000 1.79106242e+000  1.79109718e+000
 4.40204490e-001 4.40089903e-001  4.39995865e-001 2.95191865e-001 2.95110922e-001  2.95035371e-001 6.66499869e-001 6.66363219e-001  6.66248773e-001 1.15295304e-001 1.15256316e-001  1.15211997e-001 8.89277295e-001 8.89105153e-001  8.88957294e-001
 -1.09709792e-002 -1.09634137e-002  -1.09528803e-002 8.43780256e-001 8.43625639e-001  8.43474285e-001 2.81293730e-001 2.81424923e-001  2.81613909e-001 -8.62484515e-001 -8.62704465e-001  -8.63184761e-001 6.86178754e-001 6.86366627e-001  6.86499922e-001
 -4.76091892e-001 -4.76091892e-001  -4.76091892e-001 -4.62242378e-001 -4.62242378e-001  -4.62242378e-001 -4.74585220e-001 -4.74585220e-001  -4.74585220e-001 -3.60770560e-001 -3.60770560e-001  -3.60770560e-001 -4.85158028e-001 -4.85158028e-001  -4.85158028e-001
 -7.54537726e-002 -7.54537726e-002  -7.54537726e-002 -9.39773667e-001 -9.39773667e-001  -9.39773667e-001 3.46661622e-001 3.46661622e-001  3.46661622e-001 -1.40643855e+000 -1.40643855e+000  -1.40643855e+000 -1.88929165e-001 -1.88929165e-001  -1.88929165e-001
 -6.96161127e-002 -6.96161127e-002  -6.96161127e-002 6.63395764e-002 6.63395764e-002  6.63395764e-002 3.95769548e-001 3.95769548e-001  3.95769548e-001 2.07522481e-001 2.07522481e-001  2.07522481e-001 8.77133132e-001 8.77133132e-001  8.77133132e-001
 3.12956477e-001 3.12956477e-001  3.12956477e-001 6.78066663e-001 6.78066663e-001  6.78066663e-001 8.34191653e-001 8.34191653e-001  8.34191653e-001 -3.34301930e-001 -3.34301930e-001  -3.34301930e-001 1.66570079e+000 1.66570079e+000  1.66570079e+000
 8.94200193e-002 8.93744579e-002  8.92605545e-002 -1.11049924e-001 -1.11086012e-001  -1.11176232e-001 5.98847584e-002 5.98287368e-002  5.96886828e-002 -3.98148776e-001 -3.98169582e-001  -3.98221598e-001 -4.62264578e-001 -4.62330835e-001  -4.62496476e-001
 -6.56657131e-001 -6.56652069e-001  -6.56639413e-001 -5.62069574e-001 -5.62129404e-001  -5.62278978e-001 -1.15388907e+000 -1.15380385e+000  -1.15359080e+000 -1.96489477e-001 -1.96700958e-001  -1.97229661e-001 -1.83631275e+000 -1.83629872e+000  -1.83626364e+000
 3.59972367e-001 3.59972924e-001  3.59974316e-001 3.29636437e-001 3.29636921e-001  3.29638133e-001 6.30082291e-001 6.30083045e-001  6.30084928e-001 2.89792336e-001 2.89792664e-001  2.89793485e-001 1.44441768e+000 1.44441805e+000  1.44441898e+000
 2.38278457e-001 2.38278391e-001  2.38278227e-001 1.90950916e+000 1.90950909e+000  1.90950891e+000 -8.07340133e-003 -8.07367161e-003  -8.07434731e-003 2.14353160e+000 2.14353157e+000  2.14353147e+000 6.99128926e-003 6.99124540e-003  6.99113575e-003
 -1.19905858e-001 -1.20015377e-001  -1.20015659e-001 -1.39675453e-001 -1.39747648e-001  -1.39747894e-001 -1.10544694e-001 -1.10674010e-001  -1.10674391e-001 -2.08623226e-001 -2.08653509e-001  -2.08653667e-001 -6.07678733e-003 -6.23769049e-003  -6.23841682e-003
 -3.63795651e-001 -3.63790873e-001  -3.63790837e-001 1.92941171e-001 1.92807166e-001  1.92806447e-001 -5.71536718e-001 -5.71457498e-001  -5.71457012e-001 1.28046709e+000 1.28042732e+000  1.28042681e+000 -4.16236525e-002 -4.14323392e-002  -4.14321903e-002
 -1.83999893e-001 -1.84045010e-001  -1.84157803e-001 -9.75749067e-002 -9.76106086e-002  -9.76998634e-002 1.69479851e-001 1.69424430e-001  1.69285878e-001 -3.57785144e-002 -3.57990553e-002  -3.58504078e-002 6.71978037e-001 6.71911862e-001  6.71746422e-001
 -9.82043800e-002 -9.81993692e-002  -9.81868424e-002 1.16200932e+000 1.16194913e+000  1.16179866e+000 -5.42709153e-001 -5.42624009e-001  -5.42411150e-001 1.79716825e+000 1.79695652e+000  1.79642721e+000 4.60576153e-001 4.60590199e-001  4.60625315e-001
 3.86503254e-001 3.86393847e-001  3.86393848e-001 1.54540443e-001 1.54468348e-001  1.54468348e-001 2.05801823e-001 2.05672660e-001  2.05672660e-001 -1.30637675e-001 -1.30667895e-001  -1.30667895e-001 -5.78581612e-002 -5.80187737e-002  -5.80187734e-002
 -3.55133648e-001 -3.55128884e-001  -3.55128884e-001 -2.45623934e-002 -2.46961102e-002  -2.46961099e-002 -5.21395800e-001 -5.21316776e-001  -5.21316776e-001 7.14493945e-001 7.14454386e-001  7.14454386e-001 -1.51091381e+000 -1.51072256e+000  -1.51072256e+000
 4.97959625e-001 4.97959625e-001  4.97959625e-001 4.51101393e-001 4.51101393e-001  4.51101393e-001 6.91475963e-001 6.91475963e-001  6.91475963e-001 3.94951218e-001 3.94951218e-001  3.94951218e-001 9.65650544e-001 9.65650544e-001  9.65650544e-001
 3.33037221e-001 3.33037221e-001  3.33037221e-001 1.12298676e+000 1.12298676e+000  1.12298676e+000 1.08838105e-001 1.08838105e-001  1.08838105e-001 1.55225878e+000 1.55225878e+000  1.55225878e+000 7.39837150e-002 7.39837150e-002  7.39837150e-002
 -1.78285996e-001 -1.78337910e-001  -1.78368607e-001 -1.86053587e-001 -1.86088161e-001  -1.86109301e-001 -2.11724957e-001 -2.11789849e-001  -2.11835100e-001 -2.62793457e-001 -2.62808355e-001  -2.62818232e-001 -2.05767724e-001 -2.05849733e-001  -2.05909293e-001
 -4.60380764e-001 -4.60378353e-001  -4.60376640e-001 -2.47496266e-001 -2.47564201e-001  -2.47612936e-001 -9.33741790e-001 -9.33705219e-001  -9.33685359e-001 5.29222863e-001 5.29205034e-001  5.29196288e-001 -7.66444048e-001 -7.66346183e-001  -7.66274729e-001
 -1.11636808e-001 -1.11644906e-001  -1.11643132e-001 2.93654031e-002 2.93601881e-002  2.93616602e-002 -2.93674969e-001 -2.93684302e-001  -2.93681641e-001 2.46842357e-001 2.46840295e-001  2.46841222e-001 -2.64360079e-001 -2.64372052e-001  -2.64369662e-001
 4.44284763e-001 4.44285070e-001  4.44284879e-001 3.41220389e-001 3.41209993e-001  3.41210914e-001 5.74746893e-001 5.74752576e-001  5.74750878e-001 5.80940738e-001 5.80937662e-001  5.80937933e-001 5.17165557e-001 5.17180431e-001  5.17179124e-001
 -1.74672332e+000 -1.74680301e+000  -1.74688929e+000 -1.46590511e+000 -1.46596284e+000  -1.46603274e+000 -2.24412608e+000 -2.24422039e+000  -2.24432285e+000 -1.01923823e+000 -1.01926724e+000  -1.01930855e+000 -2.66873642e+000 -2.66885234e+000  -2.66897634e+000
 -4.25417183e-001 -4.25411145e-001  -4.25400967e-001 -2.70186301e+000 -2.70196676e+000  -2.70208813e+000 8.44776981e-001 8.44881958e-001  8.45062827e-001 -2.84734139e+000 -2.84754726e+000  -2.84802109e+000 2.03696544e+000 2.03706250e+000  2.03710773e+000
 -1.05435026e-001 -1.05515890e-001  -1.05605114e-001 4.18067026e-004 3.60093306e-004  2.89580281e-004 -9.01386111e-002 -9.02359211e-002  -9.03458665e-002 1.33616521e-001 1.33587860e-001  1.33547400e-001 -2.29755478e-002 -2.30951216e-002  -2.32282623e-002
 2.84088228e-001 2.84094089e-001  2.84103823e-001 1.57124011e-001 1.57019510e-001  1.56896286e-001 5.28340619e-001 5.28439812e-001  5.28606222e-001 4.17975414e-001 4.17793298e-001  4.17378846e-001 1.05298976e+000 1.05308878e+000  1.05313888e+000
 3.92269932e-002 3.91480386e-002  3.90845806e-002 -1.46432166e-001 -1.46487195e-001  -1.46536514e-001 2.57622943e-001 2.57527685e-001  2.57447655e-001 -4.08167859e-001 -4.08193726e-001  -4.08221402e-001 5.60281447e-001 5.60163946e-001  5.60066805e-001
 -6.72928990e-001 -6.72924054e-001  -6.72917546e-001 4.54643692e-001 4.54543382e-001  4.54456295e-001 -1.05261980e+000 -1.05253779e+000  -1.05242950e+000 6.52337614e-001 6.52214360e-001  6.51954651e-001 -9.58074881e-001 -9.57964743e-001  -9.57923520e-001
 3.27201248e-001 3.27126638e-001  3.27074042e-001 3.32027595e-001 3.31975950e-001  3.31935092e-001 3.82436906e-001 3.82347147e-001  3.82280863e-001 3.34939695e-001 3.34915722e-001  3.34892782e-001 5.20672438e-001 5.20562051e-001  5.20482694e-001
 3.10034329e-001 3.10038849e-001  3.10044315e-001 7.74141239e-001 7.74047927e-001  7.73978336e-001 3.64022992e-001 3.64097773e-001  3.64187990e-001 1.04212722e+000 1.04202176e+000  1.04180654e+000 2.42528770e-001 2.42630791e-001  2.42651723e-001
 -5.70431122e-001 -5.70530613e-001  -5.70602983e-001 -6.14912146e-001 -6.14981504e-001  -6.15038683e-001 -5.36026312e-001 -5.36145220e-001  -5.36234285e-001 -6.82085184e-001 -6.82117804e-001  -6.82150640e-001 -4.55771874e-001 -4.55917920e-001  -4.56024132e-001
 -7.13953435e-001 -7.13947158e-001  -7.13939148e-001 -7.62977220e-001 -7.63101874e-001  -7.63197963e-001 -1.57757923e-001 -1.57652691e-001  -1.57516997e-001 -1.43608733e+000 -1.43624732e+000  -1.43658351e+000 1.62183373e-001 1.62314991e-001  1.62335742e-001
 7.84419748e-002 7.83401145e-002  7.82622496e-002 8.35039214e-002 8.34330040e-002  8.33722071e-002 1.62509526e-001 1.62387063e-001  1.62289614e-001 1.41422796e-001 1.41389521e-001  1.41355164e-001 2.97228170e-001 2.97077309e-001  2.96959685e-001
 2.73467639e-001 2.73474000e-001  2.73482202e-001 2.20834240e-001 2.20705598e-001  2.20600062e-001 6.40474196e-001 6.40580186e-001  6.40717468e-001 8.15430403e-001 8.15271858e-001  8.14939419e-001 6.11187609e-001 6.11326638e-001  6.11365168e-001
 -2.30115293e-001 -2.30204230e-001  -2.30246275e-001 -3.70147054e-001 -3.70207725e-001  -3.70240593e-001 -8.55890533e-002 -8.56950833e-002  -8.57473032e-002 -5.75695490e-001 -5.75722874e-001  -5.75741533e-001 3.25471146e-002 3.24182213e-002  3.23606703e-002
 -7.73547417e-001 -7.73542395e-001  -7.73537693e-001 -2.05035585e-001 -2.05141704e-001  -2.05186642e-001 -6.72393353e-001 -6.72311207e-001  -6.72236070e-001 -2.87319114e-001 -2.87417100e-001  -2.87596873e-001 -1.09685928e+000 -1.09674632e+000  -1.09677909e+000
 -6.03076601e-002 -6.03962966e-002  -6.04457466e-002 -1.31194950e-002 -1.31804840e-002  -1.32195204e-002 -1.11898536e-001 -1.12004104e-001  -1.12064795e-001 1.23332559e-001 1.23304565e-001  1.23282127e-001 -1.08528766e-001 -1.08657968e-001  -1.08728265e-001
 3.82373832e-001 3.82379073e-001  3.82384679e-001 -1.45486807e-001 -1.45595291e-001  -1.45656109e-001 9.16685568e-001 9.16772695e-001  9.16866175e-001 -1.05127855e-001 -1.05244728e-001  -1.05474669e-001 6.60507821e-001 6.60623924e-001  6.60613261e-001
 -6.51575439e-001 -6.51653402e-001  -6.51709993e-001 -6.02132399e-001 -6.02186726e-001  -6.02231397e-001 -7.23223078e-001 -7.23316286e-001  -7.23386012e-001 -6.09337670e-001 -6.09363202e-001  -6.09388827e-001 -7.14695273e-001 -7.14809729e-001  -7.14892814e-001
 -6.97441392e-001 -6.97436482e-001  -6.97430231e-001 -6.91947963e-001 -6.92045552e-001  -6.92120477e-001 -2.04960171e-001 -2.04877930e-001  -2.04772234e-001 -1.11178098e+000 -1.11190550e+000  -1.11216679e+000 4.97930257e-001 4.98033129e-001  4.98048520e-001
 7.95806355e-002 7.94999027e-002  7.94365928e-002 1.75546942e-001 1.75490798e-001  1.75441721e-001 4.06126294e-002 4.05152091e-002  4.04351949e-002 2.94304089e-001 2.94277800e-001  2.94250340e-001 8.76081706e-002 8.74879811e-002  8.73908634e-002
 3.80821273e-001 3.80826276e-001  3.80832752e-001 3.68747104e-001 3.68644772e-001  3.68558244e-001 6.05080282e-001 6.05163276e-001  6.05270707e-001 1.50257902e+000 1.50245658e+000  1.50220058e+000 8.40045601e-001 8.40157471e-001  8.40194995e-001
 -1.95158900e-001 -1.95228078e-001  -1.95250844e-001 -2.72164116e-001 -2.72210712e-001  -2.72228238e-001 -1.21465272e-001 -1.21547655e-001  -1.21576315e-001 -4.64394000e-001 -4.64414504e-001  -4.64424284e-001 -4.90736119e-002 -4.91731587e-002  -4.92015571e-002
 -7.76766802e-001 -7.76763159e-001  -7.76760590e-001 1.02965055e-001 1.02884895e-001  1.02868044e-001 -9.08685782e-001 -9.08627248e-001  -9.08589389e-001 5.18181747e-001 5.18125796e-001  5.18040220e-001 -1.12573114e+000 -1.12564553e+000  -1.12569405e+000
 -1.82268391e-002 -1.82928817e-002  -1.83239531e-002 1.07366019e-001 1.07320896e-001  1.07296414e-001 -1.86138121e-001 -1.86216660e-001  -1.86254769e-001 2.88213042e-001 2.88192609e-001  2.88178548e-001 -2.61697020e-001 -2.61792953e-001  -2.61836017e-001
 4.85792029e-001 4.85795795e-001  4.85799374e-001 9.34256180e-002 9.33458255e-002  9.33101623e-002 8.16853708e-001 8.16915960e-001  8.16974775e-001 6.21274717e-001 6.21197959e-001  6.21054527e-001 7.83276990e-001 7.83362870e-001  7.83343262e-001
 -1.67777519e-001 -1.67777519e-001  -1.67777519e-001 -1.82551387e-001 -1.82551387e-001  -1.82551387e-001 -2.52127851e-001 -2.52127851e-001  -2.52127851e-001 -2.91475384e-001 -2.91475384e-001  -2.91475384e-001 -2.83323164e-001 -2.83323164e-001  -2.83323164e-001
 -5.20822007e-001 -5.20822007e-001  -5.20822007e-001 4.33486649e-001 4.33486649e-001  4.33486649e-001 -1.35402921e+000 -1.35402921e+000  -1.35402921e+000 1.80619079e+000 1.80619079e+000  1.80619079e+000 -1.37151222e+000 -1.37151222e+000  -1.37151222e+000
 4.99927889e-001 4.99927889e-001  4.99927889e-001 5.97095807e-001 5.97095807e-001  5.97095807e-001 5.10262555e-001 5.10262555e-001  5.10262555e-001 6.28945570e-001 6.28945570e-001  6.28945570e-001 6.26737794e-001 6.26737794e-001  6.26737794e-001
 4.36675252e-001 4.36675252e-001  4.36675252e-001 1.13514715e+000 1.13514715e+000  1.13514715e+000 3.28251826e-001 3.28251826e-001  3.28251826e-001 1.63168245e+000 1.63168245e+000  1.63168245e+000 1.07349294e+000 1.07349294e+000  1.07349294e+000
 -1.06223900e-001 -1.06223900e-001  -1.06223900e-001 -2.83505987e-001 -2.83505987e-001  -2.83505987e-001 1.58244132e-001 1.58244132e-001  1.58244132e-001 -5.52892293e-001 -5.52892293e-001  -5.52892293e-001 3.89427044e-001 3.89427044e-001  3.89427044e-001
 -7.45002456e-001 -7.45002456e-001  -7.45002456e-001 2.28599756e-001 2.28599756e-001  2.28599756e-001 -4.59654840e-001 -4.59654840e-001  -4.59654840e-001 3.03318115e-002 3.03318115e-002  3.03318115e-002 -5.89001225e-001 -5.89001225e-001  -5.89001225e-001
 2.73102756e-001 2.72948233e-001  2.72835440e-001 1.47074514e-001 1.46966716e-001  1.46877462e-001 3.91904595e-001 3.91720011e-001  3.91581459e-001 1.56962707e-001 1.56911947e-001  1.56860594e-001 5.31414094e-001 5.31187306e-001  5.31021867e-001
 3.64813529e-001 3.64823305e-001  3.64835831e-001 9.06450314e-002 9.04511251e-002  9.03006519e-002 1.29090052e-001 1.29254221e-001  1.29467080e-001 1.66120375e-001 1.65869091e-001  1.65339778e-001 -5.47449208e-001 -5.47243908e-001  -5.47208792e-001
 -1.26754852e+000 -1.26737544e+000 -1.26727060e+000
 -1.00101483e+000 -1.00087765e+000 -1.00077495e+000
 -1.46258400e+000 -1.46239700e+000 -1.46227405e+000
 -5.56609062e-001 -5.56501404e-001 -5.56395942e-001
 -1.67446057e+000 -1.67420755e+000 -1.67405131e+000
 1.07840215e-001 1.07942687e-001 1.08071644e-001
 -1.41040061e+000 -1.41011340e+000 -1.40992671e+000
 9.66219948e-001 9.66510562e-001 9.66941794e-001
 -2.42764195e+000 -2.42719973e+000 -2.42701091e+000
 2.17766575e+000 2.17813312e+000 2.17896149e+000
