   16      9     50      1  9731   4851 
    0.700      0.400   20000  100      0.000      0.000    100     16 
    0.990 	     0.010 
   2 
    1.0000e+000   0.0000e+000  
  1.0000e+000   0.0000e+000  
  1.0000e+000   0.0000e+000  
  1.0000e+000   0.0000e+000  
  1.0000e+000   0.0000e+000  
  1.0000e+000   0.0000e+000  
  1.0000e+000   0.0000e+000  
  1.0000e+000   0.0000e+000  
  1.9875e+000   0.0000e+000  
  5.7000e+001  -8.0000e+000  
  4.4837e+000   0.0000e+000  
  1.8824e+002   1.7539e+002  
  1.0000e+000   0.0000e+000  
  1.0000e+000   0.0000e+000  
  1.0000e+000   0.0000e+000  
  1.0000e+000   0.0000e+000  
   2.6555e+002   0.0000e+000  
  itr    nh   avger[]   r2avg    mare[] 
100  16 4.910e+001   5.153e-001  1.000e+001 6.171e+002 
100  16 4.899e+001   5.139e-001  1.000e+003 3.073e+002 
   1  5.1535e-001   6.1714e+002   4.3519e+007   4.9103e-001 
  1.4534e+001   4.4358e-001 
   1  5.1389e-001   3.0730e+002   2.1670e+007   4.8989e-001 
  1.4530e+001   4.4262e-001 
