   22     11     50      1   225     96 
    0.700      0.400   20000  100      0.000      0.000    100     16 
    0.990 	     0.010 
   2 
    4.5755e-001   0.0000e+000  
  4.5755e-001   0.0000e+000  
  1.0000e+000   0.0000e+000  
  1.0000e+000   0.0000e+000  
  1.9875e+000   0.0000e+000  
  1.9875e+000   0.0000e+000  
  5.4333e+001   2.6667e+000  
  5.4333e+001   2.6667e+000  
  4.3667e+001  -4.6667e+000  
  4.3667e+001  -4.6667e+000  
  4.4837e+000   0.0000e+000  
  4.4837e+000   0.0000e+000  
  4.3183e+000   0.0000e+000  
  4.3183e+000   0.0000e+000  
  1.8799e+002   1.7624e+002  
  1.8803e+002   1.7623e+002  
  1.8731e+002   1.7562e+002  
  1.8805e+002   1.7544e+002  
  1.0000e+000   0.0000e+000  
  1.0000e+000   0.0000e+000  
  1.0000e+000   0.0000e+000  
  1.0000e+000   0.0000e+000  
   2.9875e+002   0.0000e+000  
  itr    nh   avger[]   r2avg    mare[] 
100  16 3.963e+001   9.893e-001  6.061e+000 1.544e-001 
100  16 1.148e+002   6.311e-001  1.000e+003 1.659e+000 
   1  9.8928e-001   1.5437e-001   1.3778e+004   3.9626e-001 
  2.8923e+000   1.0421e+000 
   1  6.3108e-001   1.6587e+000   1.4804e+005   1.1478e+000 
  8.8346e+000   9.1733e-001 
