 -6.6691e-001 -1.2624e+000  4.6173e-001 -3.3243e+000  1.2296e+000
 -3.0337e+000  1.1601e+000 -4.6116e-001 -5.6949e-001  1.5090e+000
  3.5725e-001  1.6893e-001 -1.1126e-001 -9.3089e-002 -4.6894e-002
 -2.8047e-003
  5.7007e-001
 -1.30056449e+000 -1.29937275e+000  -1.29820829e+000 5.26548032e+000 5.26782165e+000  5.27054350e+000 -1.13951879e+000 -1.13945535e+000  -1.13930913e+000 1.55517573e+000 1.55703207e+000  1.55948556e+000 -2.63497098e+000 -2.63469333e+000  -2.63420239e+000
 5.87243893e+000 5.87077134e+000  5.86813017e+000 1.81288455e+000 1.81388236e+000  1.81511356e+000 2.05202607e+000 2.05149162e+000  2.05109191e+000 -5.55628376e+000 -5.55485217e+000  -5.55287346e+000 -3.42106725e+000 -3.42232278e+000  -3.42366074e+000
 -3.62014953e+000 -3.61947048e+000  -3.61884852e+000 -2.65497955e-001 -2.66044831e-001  -2.66734282e-001 -1.10645099e-001 -1.10829236e-001  -1.11045320e-001 -6.23826218e-002 -6.24713456e-002  -6.25750335e-002 -2.50808960e-002 -2.51122304e-002  -2.51483780e-002
 -1.55829672e-003 -1.56734914e-003  -1.57716063e-003
 1.29012027e+000 1.29100998e+000  1.29167287e+000 3.72569160e+000 3.72733357e+000  3.72874446e+000 -1.92329027e-001 -1.92291576e-001  -1.92208593e-001 2.56849238e+000 2.56975657e+000  2.57103523e+000 3.63420670e-001 3.63590780e-001  3.63841240e-001
 8.47803170e+000 8.47692115e+000  8.47545915e+000 -5.80859586e-001 -5.80157243e-001  -5.79488249e-001 -4.30498971e+000 -4.30539953e+000  -4.30561846e+000 -1.49642929e+000 -1.49547489e+000  -1.49446561e+000 3.29264138e+000 3.29172894e+000  3.29099715e+000
 1.58165571e+000 1.58216958e+000  1.58252886e+000 -4.03393684e-001 -4.03775300e-001  -4.04146269e-001 -6.22572345e-002 -6.23872190e-002  -6.25020418e-002 -3.89219868e-002 -3.89846344e-002  -3.90396315e-002 -1.83883507e-002 -1.84105327e-002  -1.84296922e-002
 -1.10069908e-003 -1.10718452e-003  -1.11236924e-003
 -7.55559285e-001 -7.55559285e-001  -7.55559285e-001 -3.10894651e+000 -3.10894651e+000  -3.10894651e+000 9.53465184e-001 9.53465184e-001  9.53465184e-001 1.64298841e-001 1.64298841e-001  1.64298841e-001 1.40467112e+000 1.40467112e+000  1.40467112e+000
 -1.33220008e-001 -1.33220008e-001  -1.33220008e-001 2.09157350e+000 2.09157350e+000  2.09157350e+000 4.65427978e-001 4.65427978e-001  4.65427978e-001 -1.76368766e+000 -1.76368766e+000  -1.76368766e+000 -2.85977516e-001 -2.85977516e-001  -2.85977516e-001
 -6.33419563e-001 -6.33419563e-001  -6.33419563e-001 4.92783920e-002 4.92783920e-002  4.92783920e-002 7.65763827e-003 7.65763827e-003  7.65763827e-003 -6.12927064e-003 -6.12927064e-003  -6.12927064e-003 -2.21612741e-003 -2.21612741e-003  -2.21612741e-003
 -1.13670512e-004 -1.13670512e-004  -1.13670512e-004
 -1.02519425e+000 -1.02519425e+000  -1.02519425e+000 -8.04112184e-001 -8.04112184e-001  -8.04112184e-001 -7.66186368e-001 -7.66186368e-001  -7.66186368e-001 8.38059089e-001 8.38059089e-001  8.38059089e-001 -4.06134678e-002 -4.06134678e-002  -4.06134678e-002
 4.84165765e-003 4.84165765e-003  4.84165765e-003 -1.03681378e+000 -1.03681378e+000  -1.03681378e+000 2.12944987e-001 2.12944987e-001  2.12944987e-001 2.50839859e-001 2.50839859e-001  2.50839859e-001 -1.82609304e+000 -1.82609304e+000  -1.82609304e+000
 -2.02360028e+000 -2.02360028e+000  -2.02360028e+000 1.33939212e-001 1.33939212e-001  1.33939212e-001 2.93391484e-002 2.93391484e-002  2.93391484e-002 1.09197401e-002 1.09197401e-002  1.09197401e-002 2.01787466e-003 2.01787466e-003  2.01787466e-003
 -6.42433938e-005 -6.42433938e-005  -6.42433938e-005
 -1.09627226e+000 -1.09623415e+000  -1.09613887e+000 3.02853013e-001 3.02866115e-001  3.02898871e-001 5.38964250e-002 5.38991549e-002  5.39059797e-002 -2.39995542e+000 -2.39993959e+000  -2.39990002e+000 3.60594797e+000 3.60594799e+000  3.60594804e+000
 -6.75716882e+000 -6.75720409e+000  -6.75729228e+000 3.63238268e+000 3.63240297e+000  3.63245369e+000 1.76598185e+000 1.76597010e+000  1.76594071e+000 -2.92751493e+000 -2.92751139e+000  -2.92750253e+000 -4.72334960e-001 -4.72359753e-001  -4.72421736e-001
 -2.44613111e+000 -2.44610990e+000  -2.44605690e+000 3.79916901e-001 3.79907688e-001  3.79884657e-001 1.33874656e-001 1.33872131e-001  1.33865818e-001 3.80814287e-002 3.80802503e-002  3.80773042e-002 3.91313612e-003 3.91272590e-003  3.91170035e-003
 -1.20286579e-004 -1.20397585e-004  -1.20675099e-004
 -1.55080243e+000 -1.55080304e+000  -1.55080457e+000 -3.33585089e+000 -3.33585337e+000  -3.33585958e+000 -2.44443954e+000 -2.44443941e+000  -2.44443908e+000 9.29526129e-002 9.29507002e-002  9.29459183e-002 -9.11971241e-001 -9.11971922e-001  -9.11973623e-001
 -8.12494787e-001 -8.12495215e-001  -8.12496286e-001 2.82125512e-001 2.82124372e-001  2.82121522e-001 1.46952236e+000 1.46952280e+000  1.46952389e+000 2.53478213e+000 2.53477948e+000  2.53477284e+000 -7.35655739e-001 -7.35655398e-001  -7.35654545e-001
 1.53055117e+000 1.53055077e+000  1.53054977e+000 -4.08852242e-001 -4.08851806e-001  -4.08850714e-001 -1.64717016e-001 -1.64716811e-001  -1.64716298e-001 -4.70384107e-002 -4.70383117e-002  -4.70380641e-002 -1.11162335e-002 -1.11161987e-002  -1.11161117e-002
 -5.14296973e-004 -5.14286685e-004  -5.14260964e-004
 1.14675846e-001 1.15926113e-001  1.17164029e-001 -1.30858465e+000 -1.30613379e+000  -1.30326381e+000 -3.89793456e+000 -3.89786789e+000  -3.89771408e+000 1.48610848e+000 1.48805362e+000  1.49064128e+000 -6.19823754e+000 -6.19794624e+000  -6.19742935e+000
 -3.89157683e+000 -3.89332343e+000  -3.89610084e+000 -8.54487621e+000 -8.54382968e+000  -8.54252740e+000 1.49675975e+000 1.49619982e+000  1.49577401e+000 -1.39277157e-001 -1.37776959e-001  -1.35690971e-001 4.17942292e+000 4.17810730e+000  4.17669141e+000
 -1.79482239e+000 -1.79411048e+000  -1.79344956e+000 -2.95939780e-001 -2.96512963e-001  -2.97240975e-001 -1.82996304e-001 -1.83189242e-001  -1.83417523e-001 -1.03278554e-001 -1.03371516e-001  -1.03481060e-001 -4.36265174e-002 -4.36593473e-002  -4.36975398e-002
 -2.86356091e-003 -2.87304275e-003  -2.88341317e-003
 2.36933895e+000 2.37056102e+000  2.37177901e+000 -1.02042650e+000 -1.01800862e+000  -1.01513387e+000 -3.34584756e+000 -3.34578181e+000  -3.34562995e+000 1.40841486e+000 1.41033633e+000  1.41292578e+000 -2.76827846e+000 -2.76798855e+000  -2.76746945e+000
 -8.81883833e-001 -8.83603949e-001  -8.86357694e-001 1.89614518e+000 1.89717406e+000  1.89846739e+000 -2.11179679e+000 -2.11234445e+000  -2.11276570e+000 -2.76253887e+000 -2.76105298e+000  -2.75895818e+000 1.07484582e+000 1.07355469e+000  1.07214986e+000
 3.25956107e+000 3.26025606e+000  3.26090468e+000 -1.77841774e-001 -1.78405994e-001  -1.79130480e-001 -1.44846407e-001 -1.45036351e-001  -1.45263953e-001 -9.40554088e-002 -9.41469384e-002  -9.42561897e-002 -4.29728270e-002 -4.30051476e-002  -4.30432421e-002
 -2.64852431e-003 -2.65785422e-003  -2.66820195e-003
 4.40483699e+000 4.40573900e+000  4.40660668e+000 -2.28558871e+000 -2.28381986e+000  -2.28179148e+000 -1.86400716e+000 -1.86395949e+000  -1.86384979e+000 -3.62807995e+000 -3.62667959e+000  -3.62485075e+000 1.57280497e+000 1.57301352e+000  1.57337959e+000
 -1.45792537e+000 -1.45918428e+000  -1.46116369e+000 -1.36548669e-001 -1.35795228e-001  -1.34877335e-001 -2.90864682e-001 -2.91269915e-001  -2.91567191e-001 -2.43408447e-001 -2.42329842e-001  -2.40856601e-001 -3.75724116e+000 -3.75819076e+000  -3.75918814e+000
 2.15023891e+000 2.15075341e+000  2.15121740e+000 -4.19973992e-001 -4.20386994e-001  -4.20901426e-001 -1.48316985e-001 -1.48456100e-001  -1.48617172e-001 -7.74545103e-002 -7.75215396e-002  -7.75988186e-002 -3.53272055e-002 -3.53508805e-002  -3.53778184e-002
 -2.18293540e-003 -2.18977871e-003  -2.19708751e-003
 -1.34062339e+000 -1.33978434e+000  -1.33891189e+000 -4.78811331e-001 -4.77148259e-001  -4.75104540e-001 -7.81515709e-001 -7.81468594e-001  -7.81359158e-001 -6.48461320e-001 -6.47133558e-001  -6.45290775e-001 -1.55386861e+000 -1.55366628e+000  -1.55329763e+000
 1.38162885e+000 1.38042541e+000  1.37844817e+000 1.38701950e-001 1.39412085e-001  1.40334589e-001 3.41762312e+000 3.41724997e+000  3.41694922e+000 1.05450902e+001 1.05461166e+001  1.05476023e+001 2.16606381e+000 2.16517617e+000  2.16417279e+000
 -1.03725744e+000 -1.03678089e+000  -1.03631568e+000 4.15150578e-001 4.14760737e-001  4.14243655e-001 -1.34836571e-002 -1.36144655e-002  -1.37765963e-002 -4.94411169e-002 -4.95041346e-002  -4.95819385e-002 -3.33784446e-002 -3.34006868e-002  -3.34278119e-002
 -2.28452579e-003 -2.29093298e-003  -2.29829687e-003
 -4.81165471e-001 -4.79916187e-001  -4.78583956e-001 -1.03594439e+000 -1.03343468e+000  -1.03025063e+000 -1.51969318e+000 -1.51962128e+000  -1.51945376e+000 -1.17680673e+000 -1.17479625e+000  -1.17192862e+000 1.07594339e-001 1.07904868e-001  1.08480672e-001
 -1.23192429e+000 -1.23374426e+000  -1.23678655e+000 1.29555865e+000 1.29662659e+000  1.29804976e+000 -1.91676103e+000 -1.91731541e+000  -1.91777730e+000 -4.81896799e-001 -4.80336211e-001  -4.78013922e-001 -1.07433774e+000 -1.07566705e+000  -1.07721320e+000
 -1.44364704e+000 -1.44293923e+000  -1.44223117e+000 -1.38447296e-001 -1.39034626e-001  -1.39834145e-001 -1.39221454e-001 -1.39418374e-001  -1.39669636e-001 -7.93258945e-002 -7.94207692e-002  -7.95413910e-002 -3.57119784e-002 -3.57454549e-002  -3.57875136e-002
 -2.37328549e-003 -2.38291529e-003  -2.39433916e-003
 -2.15690632e+000 -2.15576256e+000  -2.15442678e+000 1.64992616e+000 1.65225675e+000  1.65545429e+000 1.58471591e+000 1.58478686e+000  1.58495386e+000 1.00798252e+000 1.00986872e+000  1.01274789e+000 1.54727282e+000 1.54757251e+000  1.54815116e+000
 2.03990006e+000 2.03817179e+000  2.03513370e+000 -4.88371597e-002 -4.78417864e-002  -4.64139445e-002 2.17177228e+000 2.17127184e+000  2.17080689e+000 1.13127774e+000 1.13274895e+000  1.13508352e+000 2.79887635e-001 2.78662901e-001  2.77112930e-001
 1.71429371e+000 1.71493862e+000  1.71564784e+000 -1.64447268e-002 -1.69930199e-002  -1.77947782e-002 -9.68889018e-002 -9.70718274e-002  -9.73240829e-002 -6.69375569e-002 -6.70256678e-002  -6.71467797e-002 -3.46493513e-002 -3.46804117e-002  -3.47226447e-002
 -2.30427385e-003 -2.31316904e-003  -2.32464473e-003
 -2.04623816e+000 -2.04519585e+000  -2.04411280e+000 -2.13042639e+000 -2.12831763e+000  -2.12567308e+000 -7.76316160e-001 -7.76256901e-001  -7.76119137e-001 1.90959117e+000 1.91127698e+000  1.91365627e+000 -9.08005387e-001 -9.07745215e-001  -9.07265270e-001
 -2.61146134e+000 -2.61297869e+000  -2.61549024e+000 -3.67649916e-001 -3.66757416e-001  -3.65586125e-001 4.02771858e+000 4.02725360e+000  4.02687681e+000 9.24969118e-001 9.26279321e-001  9.28212173e-001 -4.18835954e+000 -4.18947223e+000  -4.19074300e+000
 -2.10915465e-001 -2.10324550e-001  -2.09749764e-001 -2.26496878e-001 -2.26988273e-001  -2.27648126e-001 -1.22295209e-001 -1.22460230e-001  -1.22667846e-001 -6.54295745e-002 -6.55090936e-002  -6.56087852e-002 -2.95842419e-002 -2.96123050e-002  -2.96470657e-002
 -1.83956266e-003 -1.84764170e-003  -1.85708343e-003
 2.32927238e+000 2.33024235e+000  2.33145225e+000 8.41307352e-001 8.43324122e-001  8.46269587e-001 2.87802373e+000 2.87808804e+000  2.87824053e+000 7.78467369e-002 7.94925993e-002  8.21428558e-002 -9.60083069e-001 -9.59814928e-001  -9.59280610e-001
 2.09379303e+000 2.09227084e+000  2.08948819e+000 -9.59953617e-001 -9.59093196e-001  -9.57787919e-001 -1.21006741e-001 -1.21426525e-001  -1.21849076e-001 -7.49308293e-001 -7.48018137e-001  -7.45864096e-001 2.70133928e+000 2.70029057e+000  2.69887445e+000
 1.31241321e+000 1.31295777e+000  1.31359904e+000 -1.29476706e-001 -1.29952070e-001  -1.30686747e-001 -1.46138738e-001 -1.46296703e-001  -1.46528090e-001 -7.42816094e-002 -7.43576877e-002  -7.44688033e-002 -3.06659691e-002 -3.06927661e-002  -3.07315142e-002
 -1.89965764e-003 -1.90730244e-003  -1.91783198e-003
 -1.00563847e+000 -1.00462787e+000  -1.00354241e+000 -6.23222714e-001 -6.21193861e-001  -6.18608156e-001 -2.06899308e+000 -2.06893463e+000  -2.06879835e+000 -1.18829923e+000 -1.18667268e+000  -1.18434309e+000 6.70931446e-001 6.71182800e-001  6.71649844e-001
 -1.14894220e+000 -1.15041632e+000  -1.15288854e+000 8.54110270e-001 8.54974145e-001  8.56130731e-001 -4.04245924e+000 -4.04290716e+000  -4.04328343e+000 -1.67330284e+000 -1.67204062e+000  -1.67015572e+000 -1.18634007e+000 -1.18741518e+000  -1.18867306e+000
 -1.56282294e+000 -1.56225067e+000  -1.56167410e+000 3.05712942e-002 3.00961152e-002  2.94463003e-002 -1.23249335e-001 -1.23408575e-001  -1.23612732e-001 -8.59575327e-002 -8.60342517e-002  -8.61322592e-002 -3.97216465e-002 -3.97487154e-002  -3.97828893e-002
 -2.58082140e-003 -2.58860591e-003  -2.59788827e-003
 -3.10374275e+000 -3.10286622e+000  -3.10177908e+000 2.69204529e+000 2.69384578e+000  2.69644180e+000 1.75318337e+000 1.75324049e+000  1.75337577e+000 1.45823738e+000 1.45970494e+000  1.46204303e+000 2.36372441e+000 2.36396163e+000  2.36443104e+000
 2.80842323e+000 2.80706713e+000  2.80460636e+000 -9.68090767e-001 -9.67319519e-001  -9.66160015e-001 9.02815193e-001 9.02435649e-001  9.02056505e-001 1.55795739e-001 1.56943370e-001  1.58838839e-001 2.97073550e-001 2.96131500e-001  2.94872033e-001
 2.14879577e+000 2.14928818e+000  2.14986475e+000 1.82620392e-001 1.82195068e-001  1.81544098e-001 -7.01420250e-002 -7.02834206e-002  -7.04883027e-002 -7.02923267e-002 -7.03604217e-002  -7.04587935e-002 -3.82990886e-002 -3.83230778e-002  -3.83573831e-002
 -2.48838871e-003 -2.49523794e-003  -2.50456155e-003
 -2.91836448e+000 -2.91756128e+000  -2.91673259e+000 -1.98297768e+000 -1.98134749e+000  -1.97930682e+000 -1.08383246e+000 -1.08378688e+000  -1.08368096e+000 2.37272787e+000 2.37403066e+000  2.37586628e+000 -4.89491284e-001 -4.89290224e-001  -4.88919610e-001
 -3.01175502e+000 -3.01292526e+000  -3.01485813e+000 -1.10524135e+000 -1.10455301e+000  -1.10365306e+000 3.15867023e+000 3.15831132e+000  3.15802252e+000 4.41368164e-002 4.51497142e-002  4.66421122e-002 -4.84798405e+000 -4.84884283e+000  -4.84981960e+000
 6.63534068e-002 6.68086517e-002  6.72478037e-002 -6.48188716e-002 -6.51981604e-002  -6.57059910e-002 -1.07006395e-001 -1.07133819e-001  -1.07293661e-001 -7.36489856e-002 -7.37103918e-002  -7.37871523e-002 -3.47250269e-002 -3.47466987e-002  -3.47734642e-002
 -2.08642861e-003 -2.09266873e-003  -2.09993894e-003
 2.21386980e+000 2.21455942e+000  2.21549794e+000 1.47632916e+000 1.47778990e+000  1.48008635e+000 3.09059329e+000 3.09064272e+000  3.09076096e+000 4.50977917e-002 4.63029223e-002  4.83689943e-002 -5.39652890e-001 -5.39451021e-001  -5.39034299e-001
 2.36733806e+000 2.36620954e+000  2.36404951e+000 -1.73542706e+000 -1.73480251e+000  -1.73378793e+000 -1.84480916e+000 -1.84510280e+000  -1.84543157e+000 -1.94623685e+000 -1.94528755e+000  -1.94360694e+000 3.14780405e+000 3.14705183e+000  3.14595076e+000
 1.65982249e+000 1.66020736e+000  1.66070395e+000 5.02533503e-002 4.99073911e-002  4.93358380e-002 -1.28747098e-001 -1.28861442e-001  -1.29041581e-001 -8.03456986e-002 -8.04007559e-002  -8.04872725e-002 -3.44684127e-002 -3.44877856e-002  -3.45179574e-002
 -2.06991261e-003 -2.07541238e-003  -2.08361312e-003
 -7.02825292e-001 -7.02825292e-001  -7.02825292e-001 6.76386925e-001 6.76386925e-001  6.76386925e-001 -1.05395982e+000 -1.05395982e+000  -1.05395982e+000 -1.73838852e+000 -1.73838852e+000  -1.73838852e+000 1.56110556e+000 1.56110556e+000  1.56110556e+000
 -1.22608833e+000 -1.22608833e+000  -1.22608833e+000 -9.64848394e-001 -9.64848394e-001  -9.64848394e-001 -2.73367400e+000 -2.73367400e+000  -2.73367400e+000 -2.43088386e+000 -2.43088386e+000  -2.43088386e+000 -2.72834842e-001 -2.72834842e-001  -2.72834842e-001
 5.45131804e-001 5.45131804e-001  5.45131804e-001 2.26868355e-001 2.26868355e-001  2.26868355e-001 1.07281146e-002 1.07281146e-002  1.07281146e-002 -3.45068660e-002 -3.45068660e-002  -3.45068660e-002 -1.89310438e-002 -1.89310438e-002  -1.89310438e-002
 -1.05316068e-003 -1.05316068e-003  -1.05316068e-003
 -8.67515799e-001 -8.67515799e-001  -8.67515799e-001 -7.05343430e-001 -7.05343430e-001  -7.05343430e-001 1.21271286e+000 1.21271286e+000  1.21271286e+000 -5.20076779e-001 -5.20076779e-001  -5.20076779e-001 -6.37026196e-002 -6.37026196e-002  -6.37026196e-002
 -1.23337145e+000 -1.23337145e+000  -1.23337145e+000 7.58491705e-001 7.58491705e-001  7.58491705e-001 -1.92285217e+000 -1.92285217e+000  -1.92285217e+000 3.27893499e-001 3.27893499e-001  3.27893499e-001 1.59321189e+000 1.59321189e+000  1.59321189e+000
 6.61719013e-001 6.61719013e-001  6.61719013e-001 2.94068872e-001 2.94068872e-001  2.94068872e-001 -3.50961562e-002 -3.50961562e-002  -3.50961562e-002 -3.38504898e-002 -3.38504898e-002  -3.38504898e-002 -1.90829922e-002 -1.90829922e-002  -1.90829922e-002
 -1.27952167e-003 -1.27952167e-003  -1.27952167e-003
 -2.89684531e-001 -2.88043354e-001  -2.86552925e-001 -9.57317021e-001 -9.53761034e-001  -9.49378776e-001 -8.59758563e-001 -8.59667453e-001  -8.59457489e-001 3.44820295e-001 3.47642700e-001  3.51550033e-001 1.34567194e+000 1.34611829e+000  1.34694166e+000
 -3.45106597e-001 -3.47577947e-001  -3.51557109e-001 1.10867346e+000 1.11012526e+000  1.11193623e+000 1.94342856e+000 1.94267519e+000  1.94213971e+000 1.58148317e+000 1.58371015e+000  1.58697403e+000 1.12086275e+000 1.11905712e+000  1.11713538e+000
 6.81279703e-001 6.82213296e-001  6.82998879e-001 -4.55079567e-001 -4.55886142e-001  -4.56926983e-001 -1.11511460e-001 -1.11784537e-001  -1.12115624e-001 -4.72312634e-002 -4.73629588e-002  -4.75221631e-002 -2.47554185e-002 -2.48019098e-002  -2.48574081e-002
 -1.72164254e-003 -1.73505365e-003  -1.75012784e-003
 1.19645326e+000 1.19661954e+000  1.19703523e+000 -4.98961091e-001 -4.98885925e-001  -4.98698011e-001 1.19305261e+000 1.19306463e+000  1.19309468e+000 -2.35018854e+000 -2.35010591e+000  -2.34989933e+000 -1.39449256e+000 -1.39449079e+000  -1.39448638e+000
 -1.61893271e+000 -1.61908696e+000  -1.61947257e+000 1.38256123e+000 1.38265379e+000  1.38288518e+000 1.57003839e+000 1.56998828e+000  1.56986301e+000 7.45214094e-001 7.45242687e-001  7.45314170e-001 -8.31099842e-001 -8.31217211e-001  -8.31510635e-001
 -1.24176001e-001 -1.24084527e-001  -1.23855842e-001 2.38763100e-002 2.38339323e-002  2.37279882e-002 -5.35904817e-002 -5.36022547e-002  -5.36316872e-002 -3.03450663e-002 -3.03506132e-002  -3.03644806e-002 -1.01661277e-002 -1.01680666e-002  -1.01729137e-002
 -6.29480384e-004 -6.30006918e-004  -6.31323254e-004
 -5.01949837e+000 -5.01991923e+000 -5.02036782e+000
 -4.22537039e+000 -4.22740904e+000 -4.22995721e+000
 -4.56340963e+000 -4.56343248e+000 -4.56348570e+000
 -4.70203592e+000 -4.70468038e+000 -4.70773400e+000
 -5.40105902e+000 -5.40114466e+000 -5.40130392e+000
 4.42614589e+000 4.42338600e+000 4.42029639e+000
 -5.52542194e+000 -5.52572812e+000 -5.52613514e+000
 4.95812971e+000 4.95474469e+000 4.95037259e+000
 -4.50571626e+000 -4.50633282e+000 -4.50728337e+000
 3.91287262e+000 3.90991738e+000 3.90609680e+000
 -3.92708330e+000 -3.93035163e+000 -3.93457824e+000
 1.32428867e+000 1.32344351e+000 1.32226851e+000
 4.36452593e-001 4.35587233e-001 4.34490861e-001
 1.76985922e-001 1.75819096e-001 1.74342962e-001
 5.85047977e-002 5.70245966e-002 5.51494918e-002
 1.86064437e-002 1.68472752e-002 1.46167703e-002
