   16      6     50      1  9731   4851 
    0.700      0.400   20000  100      0.000      0.000    100     16 
    0.990 	     0.010 
   2 
    1.0000e+000   0.0000e+000  
  1.0000e+000   0.0000e+000  
  1.0000e+000   0.0000e+000  
  1.0000e+000   0.0000e+000  
  1.0000e+000   0.0000e+000  
  1.0000e+000   0.0000e+000  
  1.0000e+000   0.0000e+000  
  1.0000e+000   0.0000e+000  
  1.9875e+000   0.0000e+000  
  5.7000e+001  -8.0000e+000  
  4.4837e+000   0.0000e+000  
  1.8824e+002   1.7539e+002  
  1.0000e+000   0.0000e+000  
  1.0000e+000   0.0000e+000  
  1.0000e+000   0.0000e+000  
  1.0000e+000   0.0000e+000  
   2.6555e+002   0.0000e+000  
  itr    nh   avger[]   r2avg    mare[] 
100  16 4.804e+001   6.124e-001  1.000e+001 5.795e+002 
100  16 4.791e+001   6.115e-001  1.000e+003 2.882e+002 
   1  6.1238e-001   5.7950e+002   4.0864e+007   4.8043e-001 
  9.7135e+000   4.7688e-001 
   1  6.1151e-001   2.8819e+002   2.0322e+007   4.7914e-001 
  9.7108e+000   4.7767e-001 
