    8     10     50      1  9723   4855 
    0.700      0.400   20000  100      0.000      0.000    100     16 
    0.990 	     0.010 
   2 
    1.9875e+000   0.0000e+000  
  5.7000e+001  -8.0000e+000  
  4.4837e+000   0.0000e+000  
  1.8824e+002   1.7539e+002  
  1.0000e+000   0.0000e+000  
  1.0000e+000   0.0000e+000  
  1.0000e+000   0.0000e+000  
  1.0000e+000   0.0000e+000  
   2.6556e+002   0.0000e+000  
  itr    nh   avger[]   r2avg    mare[] 
100  16 1.127e+002   3.592e-001  1.000e+001 6.178e+002 
100  16 1.182e+002   2.576e-002  1.000e+003 6.202e+002 
   1  3.5921e-001   6.1783e+002   4.3569e+007   1.1275e+000 
  4.5291e+001   6.9458e-001 
   1  2.5760e-002   6.2022e+002   4.3738e+007   1.1820e+000 
  2.9156e+001   1.6770e-001 
